COMMAND:
 /data/chodera/schrodinger/schrodinger2017-4-advanced/epik-v4.2/bin/Linux-x86_64/epik_app -imae SM24.2.2.mae -omae SM24.epik.2.2.mae -p 0.0000453999298 -ph 2.2
SCHRODINGER: /data/chodera/schrodinger/schrodinger2017-4-advanced

Running Epik version     4.2011
Epik. Copyright Schrodinger, LLC. All rights reserved.

Input file name:                        SM24.2.2.mae
Output file name:                       SM24.epik.2.2.mae
Minimum probability set to 4.539993e-05
Structure adjustment calculation requested.
  Target pH set to 2.200

Adjusting structures for pH 2.200000e+00 and minimum probability 4.539993e-05
Solvent model name:                     water
WARNING The connections on two versions (2 and 3) of base atom differ in acid_pattern: [#1]-[NX2-1,NX3+1](~[CX3](~[OX1-1,OX1+0]))~[cX3]1[nX2][cX3][nX3-0,nX3+1][nX2-1,nX2+0]1
WARNING The charge on two versions (-1 and 1) of base atom do not differ by 1 acid_pattern: [#1]-[NX2-1,NX3+1](~[CX3](~[OX1-1,OX1+0]))~[cX3]1[nX2][cX3][nX3-0,nX3+1][nX2-1,nX2+0]1
Jobcontrol is not being used for this specific Epik calculation.
---------------------------
Processing Input Structure #1
        Title: SM24
                                              Calculated pKas
                                                 Conjugate
                                          Atom   Acid/Base  pKa
. . . . . . . . . . . . . . . . . . . . . . .
Variation: 1
                                            50   Conj_Acid 15.64
                                            51   Conj_Acid  6.20
                                            45   Conj_Acid 11.01
                                            29   Conj_Base  0.94
 pKa penalty:                                 0.03 kcal/mol
     Charging penalty:                        0.00 kcal/mol
     Neutralization penalty:                  0.03 kcal/mol
 Overall Penalty (tautomerization included):  0.03 kcal/mol
 Total Charge: 1
. . . . . . . . . . . . . . . . . . . . . . .
Variation: 2
                                            51   Conj_Acid  5.92
                                            45   Conj_Acid 11.37
                                            50   Conj_Acid  0.94
                                            52   Conj_Acid  0.94
 pKa penalty:                                 1.75 kcal/mol
     Charging penalty:                        1.75 kcal/mol
     Neutralization penalty:                  0.00 kcal/mol
 Overall Penalty (tautomerization included):  1.86 kcal/mol
 Total Charge: 2
. . . . . . . . . . . . . . . . . . . . . . .
Variation: 3
                                            50   Conj_Acid 15.64
                                            51   Conj_Acid  3.99
                                            45   Conj_Acid 10.54
                                            29   Conj_Base  0.94
 pKa penalty:                                 0.04 kcal/mol
     Charging penalty:                        0.01 kcal/mol
     Neutralization penalty:                  0.03 kcal/mol
 Overall Penalty (tautomerization included):  3.24 kcal/mol
 Total Charge: 1
. . . . . . . . . . . . . . . . . . . . . . .
Variation: 4
                                            51   Conj_Acid  3.75
                                            45   Conj_Acid 10.99
                                            50   Conj_Acid  0.94
                                            52   Conj_Acid  0.94
 pKa penalty:                                 1.76 kcal/mol
     Charging penalty:                        1.76 kcal/mol
     Neutralization penalty:                  0.00 kcal/mol
 Overall Penalty (tautomerization included):  5.07 kcal/mol
 Total Charge: 2
. . . . . . . . . . . . . . . . . . . . . . .
Variation: 5
                                            50   Conj_Acid 15.64
                                            26   Conj_Base -1.15
                                            12   Conj_Base  3.99
                                            14   Conj_Base  6.20
                                            45   Conj_Acid 13.37
                                            29   Conj_Base  0.94
 pKa penalty:                                 7.95 kcal/mol
     Charging penalty:                        0.00 kcal/mol
     Neutralization penalty:                  7.95 kcal/mol
 Overall Penalty (tautomerization included):  5.85 kcal/mol
 Total Charge: 0
---------------------------
