Command:    jaguar run pka.py -jobname jag_SM03_micro021_SM03_micro001 -PARALLEL 10 -n -csrch SM03_micro021_SM03_micro001.in
Release:    2017-4
Exec:       /data/chodera/schrodinger/schrodinger2017-4-advanced/jaguar-v9.8/bin/Linux-x86_64
Host:       ls06
JobId:      lilac-0-5b0d6d6d
JobDir:     /lila/data/chodera/schrodinger/tmpdir/rustenburg/jag_SM03_micro021_SM03_micro001
Date:       Tue May 29 11:10:42 2018

Contents of /lila/data/chodera/schrodinger/tmpdir/rustenburg/jag_SM03_micro021_SM03_micro001:
/lila/data/chodera/schrodinger/tmpdir/rustenburg/jag_SM03_micro021_SM03_micro001/jag_SM03_micro021_SM03_micro001.recover
/lila/data/chodera/schrodinger/tmpdir/rustenburg/jag_SM03_micro021_SM03_micro001/lilac-0-5b0d6d6d.hosts
/lila/data/chodera/schrodinger/tmpdir/rustenburg/jag_SM03_micro021_SM03_micro001/jag_SM03_micro021_SM03_micro001.log
/lila/data/chodera/schrodinger/tmpdir/rustenburg/jag_SM03_micro021_SM03_micro001/lilac-0-5b0d6d6d.mpinodes
/lila/data/chodera/schrodinger/tmpdir/rustenburg/jag_SM03_micro021_SM03_micro001/SM03_micro021_SM03_micro001.in
/lila/data/chodera/schrodinger/tmpdir/rustenburg/jag_SM03_micro021_SM03_micro001/lilac-0-5b0d6d6d.jlog
/lila/data/chodera/schrodinger/tmpdir/rustenburg/jag_SM03_micro021_SM03_micro001/lilac-0-5b0d6d6d.recover
/lila/data/chodera/schrodinger/tmpdir/rustenburg/jag_SM03_micro021_SM03_micro001/SM03_micro001.mae
/lila/data/chodera/schrodinger/tmpdir/rustenburg/jag_SM03_micro021_SM03_micro001/lilac-0-5b0d6d6d
/lila/data/chodera/schrodinger/tmpdir/rustenburg/jag_SM03_micro021_SM03_micro001/lilac-0-5b0d6d6d.nodes

=====================
 Jaguar pKa workflow
=====================

Creating protonated and deprotonated files for:  SM03_micro021_SM03_micro001.in
WARNING mmlewis warning: Wrong Lewis structure in structure input file
mmlewis warning: with title: SM03_micro001
mmlewis warning: Problems were identified with the following atoms:
mmlewis warning:  12 
mmlewis warning: Now attempting to fix the lewis structure.
WARNING mmlewis warning: A valid lewis structure was successfully generated.
  mmlewis_apply(): charge not conserved; try again
WARNING mmlewis warning: Wrong Lewis structure in structure input file
mmlewis warning: with title: SM03_micro001
mmlewis warning: Problems were identified with the following atoms:
mmlewis warning:  12 
mmlewis warning: Now attempting to fix the lewis structure.
WARNING mmlewis warning: A valid lewis structure was successfully generated.
  mmlewis_apply(): charge not conserved; revert to original structure
  mmlewis_apply(): no changes made to deprotonated SM03_micro021_SM03_micro001
WARNING mmlewis warning: Wrong Lewis structure in structure input file
mmlewis warning: with title: SM03_micro001
mmlewis warning: Problems were identified with the following atoms:
mmlewis warning:  12 
mmlewis warning: Now attempting to fix the lewis structure.
FATAL mmlewis error: Problems remain with the following atoms:
mmlewis error:  8
WARNING mmlewis warning: Wrong Lewis structure in structure input file
mmlewis warning: with title: SM03_micro001
mmlewis warning: Problems were identified with the following atoms:
mmlewis warning:  12 
mmlewis warning: Now attempting to fix the lewis structure.
FATAL mmlewis error: Problems remain with the following atoms:
mmlewis error:  8
WARNING mmlewis warning: Wrong Lewis structure in structure input file
mmlewis warning: with title: SM03_micro001
mmlewis warning: Problems were identified with the following atoms:
mmlewis warning:  12 
mmlewis warning: Now attempting to fix the lewis structure.
WARNING mmlewis warning: A valid lewis structure was successfully generated.
  mmlewis_apply(): charge not conserved; try again
WARNING mmlewis warning: Wrong Lewis structure in structure input file
mmlewis warning: with title: SM03_micro001
mmlewis warning: Problems were identified with the following atoms:
mmlewis warning:  12 
mmlewis warning: Now attempting to fix the lewis structure.
WARNING mmlewis warning: A valid lewis structure was successfully generated.
  mmlewis_apply(): charge not conserved; revert to original structure
  mmlewis_apply(): no changes made to deprotonated SM03_micro021_SM03_micro001
Timer (mkpkain.py) : 0.51 secs

Identifying pKa functional group for pair:
(SM03_micro021_SM03_micro001_prot, SM03_micro021_SM03_micro001_deprot)

Executing subprocess:
/data/chodera/schrodinger/schrodinger2017-4-advanced/jaguar-v9.8/bin/Linux-x86_64/pka -i -j SM03_micro021_SM03_micro001_prot.tmp.jres -n

Taking protonated structures from:
SM03_micro021_SM03_micro001_prot.mae
Taking deprotonated structures from:
SM03_micro021_SM03_micro001_deprot.mae

This molecule from 'SM03_micro021_SM03_micro001_prot.mae' in water was recognized as:

 # 	                  Shell                   
---	------------------------------------------
1: 	Protonation of sp3-like aliphatic nitrogen
2: 	Protonation of generic atom               


Executing conformational search...

Executing 2 distributed subjobs:
---------------------------------

No more than 8 cpu(s) will be used per subjob.
No more than 10 cpu(s) will be used simultaneously.

Processing the following subjobs:
(1) jaguar run csrch.py SM03_micro021_SM03_micro001_prot.mae -jobname SM03_micro021_SM03_micro001_prot -max_conf 5 -erg_window 50.208 -acc_level 1 -TPP 5
(2) jaguar run csrch.py SM03_micro021_SM03_micro001_deprot.mae -jobname SM03_micro021_SM03_micro001_deprot -max_conf 5 -erg_window 50.208 -acc_level 1 -TPP 5

Running subjobs on hosts:
  lsf-cpu (Max: 2)
Number of jobs:       2
Max retries per job:  3
Max allowed failures: unlimited
Run with -LOCAL:      False
Verbosity:            normal

Starting JobDJ...

Keep one job on driver host: False
JobDJ columns:
  C: Number of completed subjobs
  A: Number of active subjobs (e.g., submitted, running)
  W: Number of waiting/pending subjobs

C A W | Activity  JobId  JobName  JobHost
- - - | --------- -----------------------
0 1 1 | launched  ls06-0-5b0d6d80 SM03_micro021_SM03_micro001_prot lsf-cpu
0 2 0 | launched  ls06-0-5b0d6d86 SM03_micro021_SM03_micro001_deprot lsf-cpu
1 1 0 | finished  ls06-0-5b0d6d80 SM03_micro021_SM03_micro001_prot lsf-cpu
2 0 0 | finished  ls06-0-5b0d6d86 SM03_micro021_SM03_micro001_deprot lsf-cpu [lt09]

All jobs have completed.

2 of 2 job(s) succeeded; 0 job(s) failed.

Timer (distribute subjobs) : 876.76 secs (0 hrs, 14 mins, 36 secs)

Setting up QM workflow for (protonated, deprotonated) pair:
(1) (SM03_micro021_SM03_micro001_prot, SM03_micro021_SM03_micro001_deprot)

Executing Jaguar quantum-mechanical subjobs...

Executing 6 distributed subjobs:
---------------------------------

No more than 8 cpu(s) will be used per subjob.
No more than 10 cpu(s) will be used simultaneously.

Processing the following subjobs:
(1) jaguar run pka_prot.bat -jobname SM03_micro021_SM03_micro001_prot_conf SM03_micro021_SM03_micro001_prot_conf.in -TPP 2
(2) jaguar run pka_deprot.bat -jobname SM03_micro021_SM03_micro001_deprot_conf_1 SM03_micro021_SM03_micro001_deprot_conf_1.in -TPP 2
(3) jaguar run pka_deprot.bat -jobname SM03_micro021_SM03_micro001_deprot_conf_2 SM03_micro021_SM03_micro001_deprot_conf_2.in -TPP 2
(4) jaguar run pka_deprot.bat -jobname SM03_micro021_SM03_micro001_deprot_conf_3 SM03_micro021_SM03_micro001_deprot_conf_3.in -TPP 2
(5) jaguar run pka_deprot.bat -jobname SM03_micro021_SM03_micro001_deprot_conf_4 SM03_micro021_SM03_micro001_deprot_conf_4.in
(6) jaguar run pka_deprot.bat -jobname SM03_micro021_SM03_micro001_deprot_conf_5 SM03_micro021_SM03_micro001_deprot_conf_5.in

Running subjobs on hosts:
  lsf-cpu (Max: 6)
Number of jobs:       6
Max retries per job:  3
Max allowed failures: unlimited
Run with -LOCAL:      False
Verbosity:            normal

Starting JobDJ...

Keep one job on driver host: False
JobDJ columns:
  C: Number of completed subjobs
  A: Number of active subjobs (e.g., submitted, running)
  W: Number of waiting/pending subjobs

C A W | Activity  JobId  JobName  JobHost
- - - | --------- -----------------------
0 1 5 | launched  ls06-0-5b0d70f5 SM03_micro021_SM03_micro001_prot_conf lsf-cpu
0 2 4 | launched  ls06-0-5b0d70f9 SM03_micro021_SM03_micro001_deprot_conf_1 lsf-cpu
0 3 3 | launched  ls06-0-5b0d70fd SM03_micro021_SM03_micro001_deprot_conf_2 lsf-cpu
0 4 2 | launched  ls06-0-5b0d7101 SM03_micro021_SM03_micro001_deprot_conf_3 lsf-cpu
0 5 1 | launched  ls06-0-5b0d7105 SM03_micro021_SM03_micro001_deprot_conf_4 lsf-cpu
0 6 0 | launched  ls06-0-5b0d7109 SM03_micro021_SM03_micro001_deprot_conf_5 lsf-cpu
1 5 0 | finished  ls06-0-5b0d70fd SM03_micro021_SM03_micro001_deprot_conf_2 lsf-cpu [lt19]
2 4 0 | finished  ls06-0-5b0d7101 SM03_micro021_SM03_micro001_deprot_conf_3 lsf-cpu [lt19]
3 3 0 | finished  ls06-0-5b0d70f5 SM03_micro021_SM03_micro001_prot_conf lsf-cpu [ls06]
4 2 0 | finished  ls06-0-5b0d7105 SM03_micro021_SM03_micro001_deprot_conf_4 lsf-cpu [lt19]
5 1 0 | finished  ls06-0-5b0d70f9 SM03_micro021_SM03_micro001_deprot_conf_1 lsf-cpu [ls06]
6 0 0 | finished  ls06-0-5b0d7109 SM03_micro021_SM03_micro001_deprot_conf_5 lsf-cpu [lt19]

All jobs have completed.

6 of 6 job(s) succeeded; 0 job(s) failed.

Timer (distribute subjobs) : 2583.24 secs (0 hrs, 43 mins, 03 secs)

Processing QM output files...

Executing subprocess:
/data/chodera/schrodinger/schrodinger2017-4-advanced/jaguar results -energy SM03_micro021_SM03_micro001_prot_conf.nrg_h.out

Executing subprocess:
/data/chodera/schrodinger/schrodinger2017-4-advanced/jaguar results -esolv SM03_micro021_SM03_micro001_prot_conf.sol_h.out

Executing subprocess:
/data/chodera/schrodinger/schrodinger2017-4-advanced/jaguar results -energy SM03_micro021_SM03_micro001_deprot_conf_1.nrg.out

Executing subprocess:
/data/chodera/schrodinger/schrodinger2017-4-advanced/jaguar results -esolv SM03_micro021_SM03_micro001_deprot_conf_1.sol.out

Executing subprocess:
/data/chodera/schrodinger/schrodinger2017-4-advanced/jaguar results -energy SM03_micro021_SM03_micro001_deprot_conf_2.nrg.out

Executing subprocess:
/data/chodera/schrodinger/schrodinger2017-4-advanced/jaguar results -esolv SM03_micro021_SM03_micro001_deprot_conf_2.sol.out

Executing subprocess:
/data/chodera/schrodinger/schrodinger2017-4-advanced/jaguar results -energy SM03_micro021_SM03_micro001_deprot_conf_3.nrg.out

Executing subprocess:
/data/chodera/schrodinger/schrodinger2017-4-advanced/jaguar results -esolv SM03_micro021_SM03_micro001_deprot_conf_3.sol.out

Executing subprocess:
/data/chodera/schrodinger/schrodinger2017-4-advanced/jaguar results -energy SM03_micro021_SM03_micro001_deprot_conf_4.nrg.out

Executing subprocess:
/data/chodera/schrodinger/schrodinger2017-4-advanced/jaguar results -esolv SM03_micro021_SM03_micro001_deprot_conf_4.sol.out

Executing subprocess:
/data/chodera/schrodinger/schrodinger2017-4-advanced/jaguar results -energy SM03_micro021_SM03_micro001_deprot_conf_5.nrg.out

Executing subprocess:
/data/chodera/schrodinger/schrodinger2017-4-advanced/jaguar results -esolv SM03_micro021_SM03_micro001_deprot_conf_5.sol.out

WARNING mmlewis warning: Wrong Lewis structure in structure input file
mmlewis warning: with title: SM03_micro021_SM03_micro001_prot_csrch
mmlewis warning: Problems were identified with the following atoms:
mmlewis warning:  12 
mmlewis warning: Now attempting to fix the lewis structure.
FATAL mmlewis error: Problems remain with the following atoms:
mmlewis error:  8
An error has occurred.  Information about the error has been written to 
/home/rustenburg/.schrodinger/exceptions/error20180529-120911.txt 

Please contact help@schrodinger.com for assistance. Include error20180529-120911.txt and a description of what you were doing when the error occurred.
