COMMAND:
 /data/chodera/schrodinger/schrodinger2017-4-advanced/epik-v4.2/bin/Linux-x86_64/epik_app -imae SM22.10.5.mae -omae SM22.epik.10.5.mae -p 0.0000453999298 -ph 10.5
SCHRODINGER: /data/chodera/schrodinger/schrodinger2017-4-advanced

Running Epik version     4.2011
Epik. Copyright Schrodinger, LLC. All rights reserved.

Input file name:                        SM22.10.5.mae
Output file name:                       SM22.epik.10.5.mae
Minimum probability set to 4.539993e-05
Structure adjustment calculation requested.
  Target pH set to 10.500

Adjusting structures for pH 1.050000e+01 and minimum probability 4.539993e-05
Solvent model name:                     water
WARNING The connections on two versions (2 and 3) of base atom differ in acid_pattern: [#1]-[NX2-1,NX3+1](~[CX3](~[OX1-1,OX1+0]))~[cX3]1[nX2][cX3][nX3-0,nX3+1][nX2-1,nX2+0]1
WARNING The charge on two versions (-1 and 1) of base atom do not differ by 1 acid_pattern: [#1]-[NX2-1,NX3+1](~[CX3](~[OX1-1,OX1+0]))~[cX3]1[nX2][cX3][nX3-0,nX3+1][nX2-1,nX2+0]1
Jobcontrol is not being used for this specific Epik calculation.
---------------------------
Processing Input Structure #1
        Title: SM22
                                              Calculated pKas
                                                 Conjugate
                                          Atom   Acid/Base  pKa
. . . . . . . . . . . . . . . . . . . . . . .
Variation: 1
                                            11   Conj_Base  6.79
                                             9   Conj_Base  3.56
 pKa penalty:                                 0.00 kcal/mol
     Charging penalty:                        0.00 kcal/mol
     Neutralization penalty:                  0.00 kcal/mol
 Overall Penalty (tautomerization included):  0.00 kcal/mol
 Total Charge: -1
. . . . . . . . . . . . . . . . . . . . . . .
Variation: 2
                                            18   Conj_Acid  6.79
                                             9   Conj_Base  3.51
 pKa penalty:                                 5.06 kcal/mol
     Charging penalty:                        0.00 kcal/mol
     Neutralization penalty:                  5.06 kcal/mol
 Overall Penalty (tautomerization included):  5.39 kcal/mol
 Total Charge: 0
---------------------------
