COMMAND:
 /data/chodera/schrodinger/schrodinger2017-4-advanced/epik-v4.2/bin/Linux-x86_64/epik_app -imae SM01.11.7.mae -omae SM01.epik.11.7.mae -p 0.0000453999298 -ph 11.7
SCHRODINGER: /data/chodera/schrodinger/schrodinger2017-4-advanced

Running Epik version     4.2011
Epik. Copyright Schrodinger, LLC. All rights reserved.

Input file name:                        SM01.11.7.mae
Output file name:                       SM01.epik.11.7.mae
Minimum probability set to 4.539993e-05
Structure adjustment calculation requested.
  Target pH set to 11.700

Adjusting structures for pH 1.170000e+01 and minimum probability 4.539993e-05
Solvent model name:                     water
WARNING The connections on two versions (2 and 3) of base atom differ in acid_pattern: [#1]-[NX2-1,NX3+1](~[CX3](~[OX1-1,OX1+0]))~[cX3]1[nX2][cX3][nX3-0,nX3+1][nX2-1,nX2+0]1
WARNING The charge on two versions (-1 and 1) of base atom do not differ by 1 acid_pattern: [#1]-[NX2-1,NX3+1](~[CX3](~[OX1-1,OX1+0]))~[cX3]1[nX2][cX3][nX3-0,nX3+1][nX2-1,nX2+0]1
Jobcontrol is not being used for this specific Epik calculation.
---------------------------
Processing Input Structure #1
        Title: SM01
                                              Calculated pKas
                                                 Conjugate
                                          Atom   Acid/Base  pKa
. . . . . . . . . . . . . . . . . . . . . . .
Variation: 1
                                            20   Conj_Acid 13.29
                                             7   Conj_Base  9.12
                                            12   Conj_Base -0.48
 pKa penalty:                                 0.02 kcal/mol
     Charging penalty:                        0.00 kcal/mol
     Neutralization penalty:                  0.01 kcal/mol
 Overall Penalty (tautomerization included):  0.01 kcal/mol
 Total Charge: -1
. . . . . . . . . . . . . . . . . . . . . . .
Variation: 2
                                            13   Conj_Base 13.29
                                             7   Conj_Base  9.40
 pKa penalty:                                 2.19 kcal/mol
     Charging penalty:                        2.19 kcal/mol
     Neutralization penalty:                  0.00 kcal/mol
 Overall Penalty (tautomerization included):  2.30 kcal/mol
 Total Charge: -2
. . . . . . . . . . . . . . . . . . . . . . .
Variation: 3
                                            21   Conj_Acid 12.93
                                            20   Conj_Acid  9.12
                                            12   Conj_Base -0.48
 pKa penalty:                                 3.56 kcal/mol
     Charging penalty:                        0.00 kcal/mol
     Neutralization penalty:                  3.56 kcal/mol
 Overall Penalty (tautomerization included):  3.80 kcal/mol
 Total Charge: 0
. . . . . . . . . . . . . . . . . . . . . . .
Variation: 4
                                            13   Conj_Base 12.93
                                            20   Conj_Acid  9.40
 pKa penalty:                                 4.85 kcal/mol
     Charging penalty:                        1.71 kcal/mol
     Neutralization penalty:                  3.14 kcal/mol
 Overall Penalty (tautomerization included):  5.62 kcal/mol
 Total Charge: -1
---------------------------
