COMMAND:
 /data/chodera/schrodinger/schrodinger2017-4-advanced/epik-v4.2/bin/Linux-x86_64/epik_app -imae SM12.5.2.mae -omae SM12.epik.5.2.mae -p 0.0000453999298 -ph 5.2
SCHRODINGER: /data/chodera/schrodinger/schrodinger2017-4-advanced

Running Epik version     4.2011
Epik. Copyright Schrodinger, LLC. All rights reserved.

Input file name:                        SM12.5.2.mae
Output file name:                       SM12.epik.5.2.mae
Minimum probability set to 4.539993e-05
Structure adjustment calculation requested.
  Target pH set to 5.200

Adjusting structures for pH 5.200000e+00 and minimum probability 4.539993e-05
Solvent model name:                     water
WARNING The connections on two versions (2 and 3) of base atom differ in acid_pattern: [#1]-[NX2-1,NX3+1](~[CX3](~[OX1-1,OX1+0]))~[cX3]1[nX2][cX3][nX3-0,nX3+1][nX2-1,nX2+0]1
WARNING The charge on two versions (-1 and 1) of base atom do not differ by 1 acid_pattern: [#1]-[NX2-1,NX3+1](~[CX3](~[OX1-1,OX1+0]))~[cX3]1[nX2][cX3][nX3-0,nX3+1][nX2-1,nX2+0]1
Jobcontrol is not being used for this specific Epik calculation.
---------------------------
Processing Input Structure #1
        Title: SM12
                                              Calculated pKas
                                                 Conjugate
                                          Atom   Acid/Base  pKa
. . . . . . . . . . . . . . . . . . . . . . .
Variation: 1
                                             8   Conj_Base  3.51
                                            10   Conj_Base  4.05
                                            24   Conj_Acid 12.77
 pKa penalty:                                 0.05 kcal/mol
     Charging penalty:                        0.00 kcal/mol
     Neutralization penalty:                  0.05 kcal/mol
 Overall Penalty (tautomerization included):  0.13 kcal/mol
 Total Charge: 0
. . . . . . . . . . . . . . . . . . . . . . .
Variation: 2
                                            29   Conj_Acid  4.05
                                            24   Conj_Acid 10.57
 pKa penalty:                                 1.61 kcal/mol
     Charging penalty:                        1.61 kcal/mol
     Neutralization penalty:                  0.00 kcal/mol
 Overall Penalty (tautomerization included):  0.97 kcal/mol
 Total Charge: 1
. . . . . . . . . . . . . . . . . . . . . . .
Variation: 3
                                            29   Conj_Acid  3.51
                                            10   Conj_Base -1.76
                                            24   Conj_Acid  7.59
 pKa penalty:                                 2.32 kcal/mol
     Charging penalty:                        2.32 kcal/mol
     Neutralization penalty:                  0.00 kcal/mol
 Overall Penalty (tautomerization included):  3.32 kcal/mol
 Total Charge: 1
---------------------------
