COMMAND:
 /data/chodera/schrodinger/schrodinger2017-4-advanced/epik-v4.2/bin/Linux-x86_64/epik_app -imae SM23.mae -omae SM23.epik.7.0.mae -scan -ph 7.0 -highest_pka 14.0 -lowest_pka 0.0
SCHRODINGER: /data/chodera/schrodinger/schrodinger2017-4-advanced

Running Epik version     4.2011
Epik. Copyright Schrodinger, LLC. All rights reserved.

Input file name:                        SM23.mae
Output file name:                       SM23.epik.7.0.mae
Scan of protonation states requested.
  atom will be labeled using pKa values from sequential ionizations.
Structure adjustment calculation requested.
  Target pH set to 7.000
Highest pKa set to: 1.400000e+01
Lowest pKa set to: 0.000000e+00

Scanning protonation states starting from most important form for pH 7.000000e+00
Solvent model name:                     water
WARNING The connections on two versions (2 and 3) of base atom differ in acid_pattern: [#1]-[NX2-1,NX3+1](~[CX3](~[OX1-1,OX1+0]))~[cX3]1[nX2][cX3][nX3-0,nX3+1][nX2-1,nX2+0]1
WARNING The charge on two versions (-1 and 1) of base atom do not differ by 1 acid_pattern: [#1]-[NX2-1,NX3+1](~[CX3](~[OX1-1,OX1+0]))~[cX3]1[nX2][cX3][nX3-0,nX3+1][nX2-1,nX2+0]1
Jobcontrol is not being used for this specific Epik calculation.
---------------------------
Processing Input Structure #1
        Title: SM23
. . . . . . . . . . . . . . . . . . . . . . .
 Chemistry Notes:   This compound has an ester and may undergo hydrolysis at high or low pH.
    pKa  type            base   Description
                        atom #
   5.99  conjugate base   16   Pyrimidinium ions, 2-amino
  13.34  conjugate acid   12   4-amino_pyridine
---------------------------
