COMMAND:
 /data/chodera/schrodinger/schrodinger2017-4-advanced/epik-v4.2/bin/Linux-x86_64/epik_app -imae SM15.2.4.mae -omae SM15.epik.2.4.mae -p 0.0000453999298 -ph 2.4
SCHRODINGER: /data/chodera/schrodinger/schrodinger2017-4-advanced

Running Epik version     4.2011
Epik. Copyright Schrodinger, LLC. All rights reserved.

Input file name:                        SM15.2.4.mae
Output file name:                       SM15.epik.2.4.mae
Minimum probability set to 4.539993e-05
Structure adjustment calculation requested.
  Target pH set to 2.400

Adjusting structures for pH 2.400000e+00 and minimum probability 4.539993e-05
Solvent model name:                     water
WARNING The connections on two versions (2 and 3) of base atom differ in acid_pattern: [#1]-[NX2-1,NX3+1](~[CX3](~[OX1-1,OX1+0]))~[cX3]1[nX2][cX3][nX3-0,nX3+1][nX2-1,nX2+0]1
WARNING The charge on two versions (-1 and 1) of base atom do not differ by 1 acid_pattern: [#1]-[NX2-1,NX3+1](~[CX3](~[OX1-1,OX1+0]))~[cX3]1[nX2][cX3][nX3-0,nX3+1][nX2-1,nX2+0]1
Jobcontrol is not being used for this specific Epik calculation.
---------------------------
Processing Input Structure #1
        Title: SM15
                                              Calculated pKas
                                                 Conjugate
                                          Atom   Acid/Base  pKa
. . . . . . . . . . . . . . . . . . . . . . .
Variation: 1
                                            26   Conj_Acid  8.54
                                            27   Conj_Acid  5.82
 pKa penalty:                                 0.00 kcal/mol
     Charging penalty:                        0.00 kcal/mol
     Neutralization penalty:                  0.00 kcal/mol
 Overall Penalty (tautomerization included):  0.00 kcal/mol
 Total Charge: 1
. . . . . . . . . . . . . . . . . . . . . . .
Variation: 2
                                            26   Conj_Acid  8.71
                                             7   Conj_Base  5.82
 pKa penalty:                                 4.67 kcal/mol
     Charging penalty:                        0.00 kcal/mol
     Neutralization penalty:                  4.67 kcal/mol
 Overall Penalty (tautomerization included):  4.98 kcal/mol
 Total Charge: 0
---------------------------
