COMMAND:
 /data/chodera/schrodinger/schrodinger2017-4-advanced/epik-v4.2/bin/Linux-x86_64/epik_app -imae SM18.9.4.mae -omae SM18.epik.9.4.mae -p 0.0000453999298 -ph 9.4
SCHRODINGER: /data/chodera/schrodinger/schrodinger2017-4-advanced

Running Epik version     4.2011
Epik. Copyright Schrodinger, LLC. All rights reserved.

Input file name:                        SM18.9.4.mae
Output file name:                       SM18.epik.9.4.mae
Minimum probability set to 4.539993e-05
Structure adjustment calculation requested.
  Target pH set to 9.400

Adjusting structures for pH 9.400000e+00 and minimum probability 4.539993e-05
Solvent model name:                     water
WARNING The connections on two versions (2 and 3) of base atom differ in acid_pattern: [#1]-[NX2-1,NX3+1](~[CX3](~[OX1-1,OX1+0]))~[cX3]1[nX2][cX3][nX3-0,nX3+1][nX2-1,nX2+0]1
WARNING The charge on two versions (-1 and 1) of base atom do not differ by 1 acid_pattern: [#1]-[NX2-1,NX3+1](~[CX3](~[OX1-1,OX1+0]))~[cX3]1[nX2][cX3][nX3-0,nX3+1][nX2-1,nX2+0]1
Jobcontrol is not being used for this specific Epik calculation.
---------------------------
Processing Input Structure #1
        Title: SM18
Adding general crowding pattern: count 1
number of matches for crowding type: deprotonated_amide_ortho_to_aromatic_nX2: abs type: General aromatic protonated n (formally charged): 1
Adding general crowding pattern: count 1
number of matches for crowding type: deprotonated_amide_ortho_to_aromatic_nX2: abs type: General aromatic protonated n (formally charged): 1
Adding general crowding pattern: count 1
number of matches for crowding type: deprotonated_amide_ortho_to_aromatic_nX2: abs type: General aromatic protonated n (formally charged): 1
Adding general crowding pattern: count 1
number of matches for crowding type: deprotonated_amide_ortho_to_aromatic_nX2: abs type: General aromatic protonated n (formally charged): 1
Adding general crowding pattern: count 1
number of matches for crowding type: deprotonated_amide_ortho_to_aromatic_nX2: abs type: General aromatic protonated n (formally charged): 1
Adding general crowding pattern: count 1
number of matches for crowding type: deprotonated_amide_ortho_to_aromatic_nX2: abs type: General aromatic protonated n (formally charged): 1
                                              Calculated pKas
                                                 Conjugate
                                          Atom   Acid/Base  pKa
. . . . . . . . . . . . . . . . . . . . . . .
Variation: 1
                                            39   Conj_Acid 10.77
                                            11   Conj_Base  7.94
                                            18   Conj_Base  2.70
                                             9   Conj_Base  9.38
                                             8   Conj_Base -0.93
                                            15   Conj_Base  0.19
 pKa penalty:                                 0.44 kcal/mol
     Charging penalty:                        0.00 kcal/mol
     Neutralization penalty:                  0.44 kcal/mol
 Overall Penalty (tautomerization included):  0.44 kcal/mol
 Total Charge: -1
. . . . . . . . . . . . . . . . . . . . . . .
Variation: 2
                                            40   Conj_Acid 10.50
                                            18   Conj_Base  2.47
                                            31   Conj_Acid  9.38
                                            11   Conj_Base  1.40
                                             8   Conj_Base -1.90
                                            15   Conj_Base -0.22
 pKa penalty:                                 0.47 kcal/mol
     Charging penalty:                        0.42 kcal/mol
     Neutralization penalty:                  0.05 kcal/mol
 Overall Penalty (tautomerization included):  0.54 kcal/mol
 Total Charge: 0
. . . . . . . . . . . . . . . . . . . . . . .
Variation: 3
                                            16   Conj_Base 10.50
                                            18   Conj_Base  7.03
                                            31   Conj_Acid  9.65
                                            11   Conj_Base  1.58
                                             8   Conj_Base -1.79
 pKa penalty:                                 1.81 kcal/mol
     Charging penalty:                        1.81 kcal/mol
     Neutralization penalty:                  0.00 kcal/mol
 Overall Penalty (tautomerization included):  1.97 kcal/mol
 Total Charge: -1
. . . . . . . . . . . . . . . . . . . . . . .
Variation: 4
                                            16   Conj_Base 10.50
                                            18   Conj_Base  7.03
                                            31   Conj_Acid  9.65
                                            11   Conj_Base  1.58
                                             8   Conj_Base -1.79
 pKa penalty:                                 1.81 kcal/mol
     Charging penalty:                        1.81 kcal/mol
     Neutralization penalty:                  0.00 kcal/mol
 Overall Penalty (tautomerization included):  1.97 kcal/mol
 Total Charge: -1
. . . . . . . . . . . . . . . . . . . . . . .
Variation: 5
                                            40   Conj_Acid 10.50
                                            31   Conj_Acid  7.94
                                            18   Conj_Base  2.47
                                             9   Conj_Base  2.32
                                             8   Conj_Base -2.13
                                            15   Conj_Base -0.22
 pKa penalty:                                 2.06 kcal/mol
     Charging penalty:                        2.01 kcal/mol
     Neutralization penalty:                  0.05 kcal/mol
 Overall Penalty (tautomerization included):  2.15 kcal/mol
 Total Charge: 0
. . . . . . . . . . . . . . . . . . . . . . .
Variation: 6
                                            16   Conj_Base 10.77
                                            11   Conj_Base  8.03
                                            18   Conj_Base  7.23
                                             9   Conj_Base  9.65
                                             8   Conj_Base -0.79
 pKa penalty:                                 2.53 kcal/mol
     Charging penalty:                        1.90 kcal/mol
     Neutralization penalty:                  0.63 kcal/mol
 Overall Penalty (tautomerization included):  2.26 kcal/mol
 Total Charge: -2
. . . . . . . . . . . . . . . . . . . . . . .
Variation: 7
                                            16   Conj_Base 10.50
                                            31   Conj_Acid  8.03
                                            18   Conj_Base  7.03
                                             9   Conj_Base  2.63
                                             8   Conj_Base -2.04
 pKa penalty:                                 3.43 kcal/mol
     Charging penalty:                        3.43 kcal/mol
     Neutralization penalty:                  0.00 kcal/mol
 Overall Penalty (tautomerization included):  4.00 kcal/mol
 Total Charge: -1
. . . . . . . . . . . . . . . . . . . . . . .
Variation: 8
                                            16   Conj_Base 10.50
                                            31   Conj_Acid  8.03
                                            18   Conj_Base  7.03
                                             9   Conj_Base  2.63
                                             8   Conj_Base -2.04
 pKa penalty:                                 3.43 kcal/mol
     Charging penalty:                        3.43 kcal/mol
     Neutralization penalty:                  0.00 kcal/mol
 Overall Penalty (tautomerization included):  4.00 kcal/mol
 Total Charge: -1
. . . . . . . . . . . . . . . . . . . . . . .
Variation: 9
                                            16   Conj_Base  3.32
                                            40   Conj_Acid  7.03
                                            18   Conj_Base  3.92
                                            31   Conj_Acid  9.62
                                            11   Conj_Base  1.56
                                             8   Conj_Base -1.80
 pKa penalty:                                 3.51 kcal/mol
     Charging penalty:                        3.51 kcal/mol
     Neutralization penalty:                  0.00 kcal/mol
 Overall Penalty (tautomerization included):  5.37 kcal/mol
 Total Charge: 0
. . . . . . . . . . . . . . . . . . . . . . .
Variation: 10
                                            16   Conj_Base  3.32
                                            40   Conj_Acid  7.03
                                            18   Conj_Base  3.92
                                            31   Conj_Acid  9.62
                                            11   Conj_Base  1.56
                                             8   Conj_Base -1.80
 pKa penalty:                                 3.51 kcal/mol
     Charging penalty:                        3.51 kcal/mol
     Neutralization penalty:                  0.00 kcal/mol
 Overall Penalty (tautomerization included):  5.37 kcal/mol
 Total Charge: 0
. . . . . . . . . . . . . . . . . . . . . . .
Variation: 11
                                            16   Conj_Base  3.68
                                            11   Conj_Base  8.02
                                            39   Conj_Acid  7.23
                                            18   Conj_Base  3.93
                                             9   Conj_Base  9.62
                                             8   Conj_Base -0.80
 pKa penalty:                                 3.57 kcal/mol
     Charging penalty:                        2.97 kcal/mol
     Neutralization penalty:                  0.61 kcal/mol
 Overall Penalty (tautomerization included):  5.52 kcal/mol
 Total Charge: -1
. . . . . . . . . . . . . . . . . . . . . . .
Variation: 12
                                            16   Conj_Base  3.68
                                            11   Conj_Base  8.02
                                            39   Conj_Acid  7.23
                                            18   Conj_Base  3.93
                                             9   Conj_Base  9.62
                                             8   Conj_Base -0.80
 pKa penalty:                                 3.57 kcal/mol
     Charging penalty:                        2.97 kcal/mol
     Neutralization penalty:                  0.61 kcal/mol
 Overall Penalty (tautomerization included):  5.52 kcal/mol
 Total Charge: -1
---------------------------
