Command:    jaguar run pka.py -jobname jag_SM07_micro016_SM07_micro014 -PARALLEL 10 -n -csrch -prot SM07_micro016.in -deprot SM07_micro014.in
Release:    2017-4
Exec:       /data/chodera/schrodinger/schrodinger2017-4-advanced/jaguar-v9.8/bin/Linux-x86_64
Host:       lt21
JobId:      lilac-0-5aec7b3e
JobDir:     /lila/data/chodera/schrodinger/tmpdir/rustenburg/jag_SM07_micro016_SM07_micro014
Date:       Fri May  4 11:26:11 2018

Contents of /lila/data/chodera/schrodinger/tmpdir/rustenburg/jag_SM07_micro016_SM07_micro014:
/lila/data/chodera/schrodinger/tmpdir/rustenburg/jag_SM07_micro016_SM07_micro014/jag_SM07_micro016_SM07_micro014.log
/lila/data/chodera/schrodinger/tmpdir/rustenburg/jag_SM07_micro016_SM07_micro014/lilac-0-5aec7b3e.recover
/lila/data/chodera/schrodinger/tmpdir/rustenburg/jag_SM07_micro016_SM07_micro014/SM07_micro016.mae
/lila/data/chodera/schrodinger/tmpdir/rustenburg/jag_SM07_micro016_SM07_micro014/lilac-0-5aec7b3e.jlog
/lila/data/chodera/schrodinger/tmpdir/rustenburg/jag_SM07_micro016_SM07_micro014/SM07_micro014.in
/lila/data/chodera/schrodinger/tmpdir/rustenburg/jag_SM07_micro016_SM07_micro014/lilac-0-5aec7b3e.nodes
/lila/data/chodera/schrodinger/tmpdir/rustenburg/jag_SM07_micro016_SM07_micro014/lilac-0-5aec7b3e.hosts
/lila/data/chodera/schrodinger/tmpdir/rustenburg/jag_SM07_micro016_SM07_micro014/SM07_micro014.mae
/lila/data/chodera/schrodinger/tmpdir/rustenburg/jag_SM07_micro016_SM07_micro014/jag_SM07_micro016_SM07_micro014.recover
/lila/data/chodera/schrodinger/tmpdir/rustenburg/jag_SM07_micro016_SM07_micro014/lilac-0-5aec7b3e
/lila/data/chodera/schrodinger/tmpdir/rustenburg/jag_SM07_micro016_SM07_micro014/SM07_micro016.in
/lila/data/chodera/schrodinger/tmpdir/rustenburg/jag_SM07_micro016_SM07_micro014/lilac-0-5aec7b3e.mpinodes

=====================
 Jaguar pKa workflow
=====================

Analysing user-provided (prot, deprot) pair:
(SM07_micro016.in, SM07_micro014.in)
Found labile hydrogen 19 in SM07_micro016.in
Found labile hydrogen at atom 8 in SM07_micro014.in
Adding 'ipkat' keyword to input files.

Identifying pKa functional group for pair:
(SM07_micro016, SM07_micro014)

Executing subprocess:
/data/chodera/schrodinger/schrodinger2017-4-advanced/jaguar-v9.8/bin/Linux-x86_64/pka -i -j SM07_micro016.tmp.jres -n

Taking protonated structures from:
SM07_micro016.mae
Taking deprotonated structures from:
SM07_micro014.mae

This molecule from 'SM07_micro016.mae' in water was recognized as:

 # 	                  Shell                   
---	------------------------------------------
1: 	Protonation of sp3-like aliphatic nitrogen
2: 	Protonation of generic atom               


Executing conformational search...

Executing 2 distributed subjobs:
---------------------------------

No more than 8 cpu(s) will be used per subjob.
No more than 10 cpu(s) will be used simultaneously.

Processing the following subjobs:
(1) jaguar run csrch.py SM07_micro016.mae -jobname SM07_micro016 -max_conf 5 -erg_window 50.208 -acc_level 1 -TPP 5
(2) jaguar run csrch.py SM07_micro014.mae -jobname SM07_micro014 -max_conf 5 -erg_window 50.208 -acc_level 1 -TPP 5

Running subjobs on hosts:
  lsf-cpu (Max: 2)
Number of jobs:       2
Max retries per job:  3
Max allowed failures: unlimited
Run with -LOCAL:      False
Verbosity:            normal

Starting JobDJ...

Keep one job on driver host: False
JobDJ columns:
  C: Number of completed subjobs
  A: Number of active subjobs (e.g., submitted, running)
  W: Number of waiting/pending subjobs

C A W | Activity  JobId  JobName  JobHost
- - - | --------- -----------------------
0 1 1 | launched  lt21-0-5aec7b9e SM07_micro016 lsf-cpu
0 2 0 | launched  lt21-0-5aec7ba2 SM07_micro014 lsf-cpu
1 1 0 | finished  lt21-0-5aec7ba2 SM07_micro014 lsf-cpu
2 0 0 | finished  lt21-0-5aec7b9e SM07_micro016 lsf-cpu

All jobs have completed.

2 of 2 job(s) succeeded; 0 job(s) failed.

Timer (distribute subjobs) : 959.48 secs (0 hrs, 15 mins, 59 secs)

Setting up QM workflow for (protonated, deprotonated) pair:
(1) (SM07_micro016, SM07_micro014)

Executing Jaguar quantum-mechanical subjobs...

Executing 8 distributed subjobs:
---------------------------------

No more than 8 cpu(s) will be used per subjob.
No more than 10 cpu(s) will be used simultaneously.

Processing the following subjobs:
(1) jaguar run pka_prot.bat -jobname SM07_micro016_conf_1 SM07_micro016_conf_1.in -TPP 2
(2) jaguar run pka_prot.bat -jobname SM07_micro016_conf_2 SM07_micro016_conf_2.in -TPP 2
(3) jaguar run pka_prot.bat -jobname SM07_micro016_conf_3 SM07_micro016_conf_3.in
(4) jaguar run pka_deprot.bat -jobname SM07_micro014_conf_1 SM07_micro014_conf_1.in
(5) jaguar run pka_deprot.bat -jobname SM07_micro014_conf_2 SM07_micro014_conf_2.in
(6) jaguar run pka_deprot.bat -jobname SM07_micro014_conf_3 SM07_micro014_conf_3.in
(7) jaguar run pka_deprot.bat -jobname SM07_micro014_conf_4 SM07_micro014_conf_4.in
(8) jaguar run pka_deprot.bat -jobname SM07_micro014_conf_5 SM07_micro014_conf_5.in

Running subjobs on hosts:
  lsf-cpu (Max: 8)
Number of jobs:       8
Max retries per job:  3
Max allowed failures: unlimited
Run with -LOCAL:      False
Verbosity:            normal

Starting JobDJ...

Keep one job on driver host: False
JobDJ columns:
  C: Number of completed subjobs
  A: Number of active subjobs (e.g., submitted, running)
  W: Number of waiting/pending subjobs

C A W | Activity  JobId  JobName  JobHost
- - - | --------- -----------------------
0 1 7 | launched  lt21-0-5aec7f5a SM07_micro016_conf_1 lsf-cpu
0 2 6 | launched  lt21-0-5aec7f5d SM07_micro016_conf_2 lsf-cpu
0 3 5 | launched  lt21-0-5aec7f61 SM07_micro016_conf_3 lsf-cpu
0 4 4 | launched  lt21-0-5aec7f64 SM07_micro014_conf_1 lsf-cpu
0 5 3 | launched  lt21-0-5aec7f68 SM07_micro014_conf_2 lsf-cpu
0 6 2 | launched  lt21-0-5aec7f6c SM07_micro014_conf_3 lsf-cpu
0 7 1 | launched  lt21-0-5aec7f6f SM07_micro014_conf_4 lsf-cpu
0 8 0 | launched  lt21-0-5aec7f72 SM07_micro014_conf_5 lsf-cpu
1 7 0 | finished  lt21-0-5aec7f64 SM07_micro014_conf_1 lsf-cpu [lt08]
2 6 0 | finished  lt21-0-5aec7f6c SM07_micro014_conf_3 lsf-cpu [lt08]
3 5 0 | finished  lt21-0-5aec7f68 SM07_micro014_conf_2 lsf-cpu [lt08]
4 4 0 | finished  lt21-0-5aec7f72 SM07_micro014_conf_5 lsf-cpu [ls13]
5 3 0 | finished  lt21-0-5aec7f6f SM07_micro014_conf_4 lsf-cpu [lt08]
6 2 0 | finished  lt21-0-5aec7f5d SM07_micro016_conf_2 lsf-cpu [lt12]
7 1 0 | finished  lt21-0-5aec7f61 SM07_micro016_conf_3 lsf-cpu [lt08]
8 0 0 | finished  lt21-0-5aec7f5a SM07_micro016_conf_1 lsf-cpu [lt02]

All jobs have completed.

8 of 8 job(s) succeeded; 0 job(s) failed.

Timer (distribute subjobs) : 6886.68 secs (1 hrs, 54 mins, 46 secs)

Processing QM output files...

Executing subprocess:
/data/chodera/schrodinger/schrodinger2017-4-advanced/jaguar results -energy SM07_micro016_conf_1.nrg_h.out

Executing subprocess:
/data/chodera/schrodinger/schrodinger2017-4-advanced/jaguar results -esolv SM07_micro016_conf_1.sol_h.out

Executing subprocess:
/data/chodera/schrodinger/schrodinger2017-4-advanced/jaguar results -energy SM07_micro016_conf_2.nrg_h.out

Executing subprocess:
/data/chodera/schrodinger/schrodinger2017-4-advanced/jaguar results -esolv SM07_micro016_conf_2.sol_h.out

Executing subprocess:
/data/chodera/schrodinger/schrodinger2017-4-advanced/jaguar results -energy SM07_micro016_conf_3.nrg_h.out

Executing subprocess:
/data/chodera/schrodinger/schrodinger2017-4-advanced/jaguar results -esolv SM07_micro016_conf_3.sol_h.out

Executing subprocess:
/data/chodera/schrodinger/schrodinger2017-4-advanced/jaguar results -energy SM07_micro014_conf_1.nrg.out

Executing subprocess:
/data/chodera/schrodinger/schrodinger2017-4-advanced/jaguar results -esolv SM07_micro014_conf_1.sol.out

Executing subprocess:
/data/chodera/schrodinger/schrodinger2017-4-advanced/jaguar results -energy SM07_micro014_conf_2.nrg.out

Executing subprocess:
/data/chodera/schrodinger/schrodinger2017-4-advanced/jaguar results -esolv SM07_micro014_conf_2.sol.out

Executing subprocess:
/data/chodera/schrodinger/schrodinger2017-4-advanced/jaguar results -energy SM07_micro014_conf_3.nrg.out

Executing subprocess:
/data/chodera/schrodinger/schrodinger2017-4-advanced/jaguar results -esolv SM07_micro014_conf_3.sol.out

Executing subprocess:
/data/chodera/schrodinger/schrodinger2017-4-advanced/jaguar results -energy SM07_micro014_conf_4.nrg.out

Executing subprocess:
/data/chodera/schrodinger/schrodinger2017-4-advanced/jaguar results -esolv SM07_micro014_conf_4.sol.out

Executing subprocess:
/data/chodera/schrodinger/schrodinger2017-4-advanced/jaguar results -energy SM07_micro014_conf_5.nrg.out

Executing subprocess:
/data/chodera/schrodinger/schrodinger2017-4-advanced/jaguar results -esolv SM07_micro014_conf_5.sol.out

Executing subprocess:
/data/chodera/schrodinger/schrodinger2017-4-advanced/jaguar-v9.8/bin/Linux-x86_64/pka -o SM07_micro016_deprot-out.mae -j SM07_micro016.jres -n -d

Executing subprocess:
/data/chodera/schrodinger/schrodinger2017-4-advanced/jaguar-v9.8/bin/Linux-x86_64/pka -o SM07_micro016_prot-out.mae -j SM07_micro016.jres -n

pKa calculation for SM07_micro016 completed.

pKa workflow jag_SM07_micro016_SM07_micro014 completed.

Timer (Jaguar pKa) : 7921.65 secs (2 hrs, 12 mins, 01 secs)
Timer (jaguar_backend.py) : 7921.65 secs (2 hrs, 12 mins, 01 secs)
Finished:   Fri May  4 13:38:13 2018
