Command:    jaguar run pka.py -jobname jag_SM11_micro027_SM11_micro026 -PARALLEL 10 -n -csrch -prot SM11_micro027.in -deprot SM11_micro026.in
Release:    2017-4
Exec:       /data/chodera/schrodinger/schrodinger2017-4-advanced/jaguar-v9.8/bin/Linux-x86_64
Host:       ls18
JobId:      lilac-0-5aec9b35
JobDir:     /lila/data/chodera/schrodinger/tmpdir/rustenburg/jag_SM11_micro027_SM11_micro026
Date:       Fri May  4 13:42:54 2018

Contents of /lila/data/chodera/schrodinger/tmpdir/rustenburg/jag_SM11_micro027_SM11_micro026:
/lila/data/chodera/schrodinger/tmpdir/rustenburg/jag_SM11_micro027_SM11_micro026/SM11_micro026.mae
/lila/data/chodera/schrodinger/tmpdir/rustenburg/jag_SM11_micro027_SM11_micro026/lilac-0-5aec9b35
/lila/data/chodera/schrodinger/tmpdir/rustenburg/jag_SM11_micro027_SM11_micro026/lilac-0-5aec9b35.hosts
/lila/data/chodera/schrodinger/tmpdir/rustenburg/jag_SM11_micro027_SM11_micro026/SM11_micro027.in
/lila/data/chodera/schrodinger/tmpdir/rustenburg/jag_SM11_micro027_SM11_micro026/jag_SM11_micro027_SM11_micro026.recover
/lila/data/chodera/schrodinger/tmpdir/rustenburg/jag_SM11_micro027_SM11_micro026/lilac-0-5aec9b35.recover
/lila/data/chodera/schrodinger/tmpdir/rustenburg/jag_SM11_micro027_SM11_micro026/lilac-0-5aec9b35.nodes
/lila/data/chodera/schrodinger/tmpdir/rustenburg/jag_SM11_micro027_SM11_micro026/SM11_micro026.in
/lila/data/chodera/schrodinger/tmpdir/rustenburg/jag_SM11_micro027_SM11_micro026/lilac-0-5aec9b35.jlog
/lila/data/chodera/schrodinger/tmpdir/rustenburg/jag_SM11_micro027_SM11_micro026/SM11_micro027.mae
/lila/data/chodera/schrodinger/tmpdir/rustenburg/jag_SM11_micro027_SM11_micro026/lilac-0-5aec9b35.mpinodes
/lila/data/chodera/schrodinger/tmpdir/rustenburg/jag_SM11_micro027_SM11_micro026/jag_SM11_micro027_SM11_micro026.log

=====================
 Jaguar pKa workflow
=====================

Analysing user-provided (prot, deprot) pair:
(SM11_micro027.in, SM11_micro026.in)
Found labile hydrogen 17 in SM11_micro027.in
Found labile hydrogen at atom 8 in SM11_micro026.in
Adding 'ipkat' keyword to input files.

Identifying pKa functional group for pair:
(SM11_micro027, SM11_micro026)

Executing subprocess:
/data/chodera/schrodinger/schrodinger2017-4-advanced/jaguar-v9.8/bin/Linux-x86_64/pka -i -j SM11_micro027.tmp.jres -n

Taking protonated structures from:
SM11_micro027.mae
Taking deprotonated structures from:
SM11_micro026.mae

This molecule from 'SM11_micro027.mae' in water was recognized as:

 # 	           Shell           
---	---------------------------
1: 	pyrazole as base           
2: 	heterocycle custom 1       
3: 	heterocycle                
4: 	Protonation of generic atom


Executing conformational search...

Executing 2 distributed subjobs:
---------------------------------

No more than 8 cpu(s) will be used per subjob.
No more than 10 cpu(s) will be used simultaneously.

Processing the following subjobs:
(1) jaguar run csrch.py SM11_micro027.mae -jobname SM11_micro027 -max_conf 5 -erg_window 50.208 -acc_level 1 -TPP 5
(2) jaguar run csrch.py SM11_micro026.mae -jobname SM11_micro026 -max_conf 5 -erg_window 50.208 -acc_level 1 -TPP 5

Running subjobs on hosts:
  lsf-cpu (Max: 2)
Number of jobs:       2
Max retries per job:  3
Max allowed failures: unlimited
Run with -LOCAL:      False
Verbosity:            normal

Starting JobDJ...

Keep one job on driver host: False
JobDJ columns:
  C: Number of completed subjobs
  A: Number of active subjobs (e.g., submitted, running)
  W: Number of waiting/pending subjobs

C A W | Activity  JobId  JobName  JobHost
- - - | --------- -----------------------
0 1 1 | launched  ls18-0-5aec9ba3 SM11_micro027 lsf-cpu
0 2 0 | launched  ls18-0-5aec9ba5 SM11_micro026 lsf-cpu
1 1 0 | finished  ls18-0-5aec9ba3 SM11_micro027 lsf-cpu
2 0 0 | finished  ls18-0-5aec9ba5 SM11_micro026 lsf-cpu [lt12]

All jobs have completed.

2 of 2 job(s) succeeded; 0 job(s) failed.

Timer (distribute subjobs) : 1265.99 secs (0 hrs, 21 mins, 05 secs)

Setting up QM workflow for (protonated, deprotonated) pair:
(1) (SM11_micro027, SM11_micro026)

Executing Jaguar quantum-mechanical subjobs...

Executing 4 distributed subjobs:
---------------------------------

No more than 8 cpu(s) will be used per subjob.
No more than 10 cpu(s) will be used simultaneously.

Processing the following subjobs:
(1) jaguar run pka_prot.bat -jobname SM11_micro027_conf SM11_micro027_conf.in -TPP 3
(2) jaguar run pka_deprot.bat -jobname SM11_micro026_conf_1 SM11_micro026_conf_1.in -TPP 3
(3) jaguar run pka_deprot.bat -jobname SM11_micro026_conf_2 SM11_micro026_conf_2.in -TPP 2
(4) jaguar run pka_deprot.bat -jobname SM11_micro026_conf_3 SM11_micro026_conf_3.in -TPP 2

Running subjobs on hosts:
  lsf-cpu (Max: 4)
Number of jobs:       4
Max retries per job:  3
Max allowed failures: unlimited
Run with -LOCAL:      False
Verbosity:            normal

Starting JobDJ...

Keep one job on driver host: False
JobDJ columns:
  C: Number of completed subjobs
  A: Number of active subjobs (e.g., submitted, running)
  W: Number of waiting/pending subjobs

C A W | Activity  JobId  JobName  JobHost
- - - | --------- -----------------------
0 1 3 | launched  ls18-0-5aeca095 SM11_micro027_conf lsf-cpu
0 2 2 | launched  ls18-0-5aeca098 SM11_micro026_conf_1 lsf-cpu
0 3 1 | launched  ls18-0-5aeca09b SM11_micro026_conf_2 lsf-cpu
0 4 0 | launched  ls18-0-5aeca09e SM11_micro026_conf_3 lsf-cpu
1 3 0 | finished  ls18-0-5aeca098 SM11_micro026_conf_1 lsf-cpu [ls11]
2 2 0 | finished  ls18-0-5aeca095 SM11_micro027_conf lsf-cpu [ls10]
3 1 0 | finished  ls18-0-5aeca09b SM11_micro026_conf_2 lsf-cpu [lt02]
4 0 0 | finished  ls18-0-5aeca09e SM11_micro026_conf_3 lsf-cpu [lt02]

All jobs have completed.

4 of 4 job(s) succeeded; 0 job(s) failed.

Timer (distribute subjobs) : 1891.89 secs (0 hrs, 31 mins, 31 secs)

Processing QM output files...

Executing subprocess:
/data/chodera/schrodinger/schrodinger2017-4-advanced/jaguar results -energy SM11_micro027_conf.nrg_h.out

Executing subprocess:
/data/chodera/schrodinger/schrodinger2017-4-advanced/jaguar results -esolv SM11_micro027_conf.sol_h.out

Executing subprocess:
/data/chodera/schrodinger/schrodinger2017-4-advanced/jaguar results -energy SM11_micro026_conf_1.nrg.out

Executing subprocess:
/data/chodera/schrodinger/schrodinger2017-4-advanced/jaguar results -esolv SM11_micro026_conf_1.sol.out

Executing subprocess:
/data/chodera/schrodinger/schrodinger2017-4-advanced/jaguar results -energy SM11_micro026_conf_2.nrg.out

Executing subprocess:
/data/chodera/schrodinger/schrodinger2017-4-advanced/jaguar results -esolv SM11_micro026_conf_2.sol.out

Executing subprocess:
/data/chodera/schrodinger/schrodinger2017-4-advanced/jaguar results -energy SM11_micro026_conf_3.nrg.out

Executing subprocess:
/data/chodera/schrodinger/schrodinger2017-4-advanced/jaguar results -esolv SM11_micro026_conf_3.sol.out

Executing subprocess:
/data/chodera/schrodinger/schrodinger2017-4-advanced/jaguar-v9.8/bin/Linux-x86_64/pka -o SM11_micro027_deprot-out.mae -j SM11_micro027.jres -n -d

Executing subprocess:
/data/chodera/schrodinger/schrodinger2017-4-advanced/jaguar-v9.8/bin/Linux-x86_64/pka -o SM11_micro027_prot-out.mae -j SM11_micro027.jres -n

pKa calculation for SM11_micro027 completed.

pKa workflow jag_SM11_micro027_SM11_micro026 completed.

Timer (Jaguar pKa) : 3203.20 secs (0 hrs, 53 mins, 23 secs)
Timer (jaguar_backend.py) : 3203.20 secs (0 hrs, 53 mins, 23 secs)
Finished:   Fri May  4 14:36:17 2018
