Taking protonated structures from:
SM18_micro032_conf_1.dft_h.01.mae
SM18_micro032_conf_2.dft_h.01.mae
SM18_micro032_conf_3.dft_h.01.mae
SM18_micro032_conf_4.dft_h.01.mae
SM18_micro032_conf_5.dft_h.01.mae
Taking deprotonated structures from:
SM18_micro064_conf_1.dft.01.mae
SM18_micro064_conf_2.dft.01.mae
SM18_micro064_conf_3.dft.01.mae
SM18_micro064_conf_4.dft.01.mae
SM18_micro064_conf_5.dft.01.mae

Corrected results for 'protonated' structure in water:
pKa atom: 38

 # 	                 Shell                  	 pKa 	RMSD	 Contribution
---	----------------------------------------	-----	-----	--------------
1: 	mono keto CH acid                       	20.93	0.641	     1.29%
2: 	Protonation of generic atom             	18.16	2.264	    90.56%
3: 	aliphatic CH acid in water              	16.50	2.584	     4.05%
4: 	Protonation of sp2-like aliphatic carbon	16.61	2.605	     4.10%

 Final weighted pKa value is 18.07



