Command:    jaguar run pka.py -jobname jag_SM18_micro003_SM18_micro020 -PARALLEL 10 -WAIT -n -csrch -prot SM18_micro003.in -deprot SM18_micro020.in
Release:    2017-4
Exec:       /data/chodera/schrodinger/schrodinger2017-4-advanced/jaguar-v9.8/bin/Linux-x86_64
Host:       ls18
JobId:      ls18-0-5af455f6
JobDir:     /lila/data/chodera/schrodinger/tmpdir/rustenburg/jag_SM18_micro003_SM18_micro020.2
Date:       Thu May 10 10:23:52 2018

Contents of /lila/data/chodera/schrodinger/tmpdir/rustenburg/jag_SM18_micro003_SM18_micro020.2:
/lila/data/chodera/schrodinger/tmpdir/rustenburg/jag_SM18_micro003_SM18_micro020.2/ls18-0-5af455f6
/lila/data/chodera/schrodinger/tmpdir/rustenburg/jag_SM18_micro003_SM18_micro020.2/SM18_micro020.mae
/lila/data/chodera/schrodinger/tmpdir/rustenburg/jag_SM18_micro003_SM18_micro020.2/SM18_micro020.in
/lila/data/chodera/schrodinger/tmpdir/rustenburg/jag_SM18_micro003_SM18_micro020.2/ls18-0-5af455f6.mpinodes
/lila/data/chodera/schrodinger/tmpdir/rustenburg/jag_SM18_micro003_SM18_micro020.2/ls18-0-5af455f6.recover
/lila/data/chodera/schrodinger/tmpdir/rustenburg/jag_SM18_micro003_SM18_micro020.2/jag_SM18_micro003_SM18_micro020.log
/lila/data/chodera/schrodinger/tmpdir/rustenburg/jag_SM18_micro003_SM18_micro020.2/SM18_micro003.mae
/lila/data/chodera/schrodinger/tmpdir/rustenburg/jag_SM18_micro003_SM18_micro020.2/jag_SM18_micro003_SM18_micro020.recover
/lila/data/chodera/schrodinger/tmpdir/rustenburg/jag_SM18_micro003_SM18_micro020.2/SM18_micro003.in

=====================
 Jaguar pKa workflow
=====================

Analysing user-provided (prot, deprot) pair:
(SM18_micro003.in, SM18_micro020.in)
Found labile hydrogen 32 in SM18_micro003.in
Found labile hydrogen at atom 18 in SM18_micro020.in
Adding 'ipkat' keyword to input files.

Identifying pKa functional group for pair:
(SM18_micro003, SM18_micro020)

Executing subprocess:
/data/chodera/schrodinger/schrodinger2017-4-advanced/jaguar-v9.8/bin/Linux-x86_64/pka -i -j SM18_micro003.tmp.jres -n

Taking protonated structures from:
SM18_micro003.mae
Taking deprotonated structures from:
SM18_micro020.mae

This molecule from 'SM18_micro003.mae' in water was recognized as:

 # 	           Shell           
---	---------------------------
1: 	thiazole/benzothiazole     
2: 	heterocycle                
3: 	Protonation of generic atom


Executing conformational search...

Executing 2 distributed subjobs:
---------------------------------

No more than 8 cpu(s) will be used per subjob.
No more than 10 cpu(s) will be used simultaneously.

Processing the following subjobs:
(1) jaguar run csrch.py SM18_micro003.mae -jobname SM18_micro003 -max_conf 5 -erg_window 50.208 -acc_level 1 -TPP 5
(2) jaguar run csrch.py SM18_micro020.mae -jobname SM18_micro020 -max_conf 5 -erg_window 50.208 -acc_level 1 -TPP 5

Running subjobs on hosts:
  localhost (Max: 2)
Number of jobs:       2
Max retries per job:  3
Max allowed failures: unlimited
Run with -LOCAL:      False
Verbosity:            normal

Starting JobDJ...

Keep one job on driver host: False
JobDJ columns:
  C: Number of completed subjobs
  A: Number of active subjobs (e.g., submitted, running)
  W: Number of waiting/pending subjobs

C A W | Activity  JobId  JobName  JobHost
- - - | --------- -----------------------
0 1 1 | launched  ls18-2-5af455fd SM18_micro003 localhost [ls18]
0 2 0 | launched  ls18-1-5af45601 SM18_micro020 localhost [ls18]
1 1 0 | finished  ls18-2-5af455fd SM18_micro003 localhost [ls18]
2 0 0 | finished  ls18-1-5af45601 SM18_micro020 localhost [ls18]

All jobs have completed.

2 of 2 job(s) succeeded; 0 job(s) failed.

Timer (distribute subjobs) : 1635.19 secs (0 hrs, 27 mins, 15 secs)

Setting up QM workflow for (protonated, deprotonated) pair:
(1) (SM18_micro003, SM18_micro020)

Executing Jaguar quantum-mechanical subjobs...

Executing 10 distributed subjobs:
----------------------------------

No more than 8 cpu(s) will be used per subjob.
No more than 10 cpu(s) will be used simultaneously.

Processing the following subjobs:
(1) jaguar run pka_prot.bat -jobname SM18_micro003_conf_1 SM18_micro003_conf_1.in
(2) jaguar run pka_prot.bat -jobname SM18_micro003_conf_2 SM18_micro003_conf_2.in
(3) jaguar run pka_prot.bat -jobname SM18_micro003_conf_3 SM18_micro003_conf_3.in
(4) jaguar run pka_prot.bat -jobname SM18_micro003_conf_4 SM18_micro003_conf_4.in
(5) jaguar run pka_prot.bat -jobname SM18_micro003_conf_5 SM18_micro003_conf_5.in
(6) jaguar run pka_deprot.bat -jobname SM18_micro020_conf_1 SM18_micro020_conf_1.in
(7) jaguar run pka_deprot.bat -jobname SM18_micro020_conf_2 SM18_micro020_conf_2.in
(8) jaguar run pka_deprot.bat -jobname SM18_micro020_conf_3 SM18_micro020_conf_3.in
(9) jaguar run pka_deprot.bat -jobname SM18_micro020_conf_4 SM18_micro020_conf_4.in
(10) jaguar run pka_deprot.bat -jobname SM18_micro020_conf_5 SM18_micro020_conf_5.in

Running subjobs on hosts:
  localhost (Max: 10)
Number of jobs:       10
Max retries per job:  3
Max allowed failures: unlimited
Run with -LOCAL:      False
Verbosity:            normal

Starting JobDJ...

Keep one job on driver host: False
JobDJ columns:
  C: Number of completed subjobs
  A: Number of active subjobs (e.g., submitted, running)
  W: Number of waiting/pending subjobs

 C  A  W | Activity  JobId  JobName  JobHost
-- -- -- | --------- -----------------------
 0  1  9 | launched  ls18-0-5af45c6a SM18_micro003_conf_1 localhost [ls18]
 0  2  8 | launched  ls18-0-5af45c6d SM18_micro003_conf_2 localhost [ls18]
 0  3  7 | launched  ls18-1-5af45c6f SM18_micro003_conf_3 localhost [ls18]
 0  4  6 | launched  ls18-0-5af45c72 SM18_micro003_conf_4 localhost [ls18]
 0  5  5 | launched  ls18-0-5af45c75 SM18_micro003_conf_5 localhost [ls18]
 0  6  4 | launched  ls18-0-5af45c77 SM18_micro020_conf_1 localhost [ls18]
 0  7  3 | launched  ls18-0-5af45c7b SM18_micro020_conf_2 localhost [ls18]
 0  8  2 | launched  ls18-0-5af45c7d SM18_micro020_conf_3 localhost [ls18]
 0  9  1 | launched  ls18-0-5af45c80 SM18_micro020_conf_4 localhost [ls18]
 0 10  0 | launched  ls18-0-5af45c84 SM18_micro020_conf_5 localhost [ls18]
 1  9  0 | finished  ls18-0-5af45c80 SM18_micro020_conf_4 localhost [ls18]
 2  8  0 | finished  ls18-0-5af45c84 SM18_micro020_conf_5 localhost [ls18]
 3  7  0 | finished  ls18-0-5af45c6a SM18_micro003_conf_1 localhost [ls18]
 4  6  0 | finished  ls18-0-5af45c6d SM18_micro003_conf_2 localhost [ls18]
 5  5  0 | finished  ls18-0-5af45c7d SM18_micro020_conf_3 localhost [ls18]
 6  4  0 | finished  ls18-0-5af45c75 SM18_micro003_conf_5 localhost [ls18]
 7  3  0 | finished  ls18-0-5af45c77 SM18_micro020_conf_1 localhost [ls18]
 8  2  0 | finished  ls18-0-5af45c7b SM18_micro020_conf_2 localhost [ls18]
 9  1  0 | finished  ls18-0-5af45c72 SM18_micro003_conf_4 localhost [ls18]
10  0  0 | finished  ls18-1-5af45c6f SM18_micro003_conf_3 localhost [ls18]

All jobs have completed.

10 of 10 job(s) succeeded; 0 job(s) failed.

Timer (distribute subjobs) : 17550.34 secs (4 hrs, 52 mins, 30 secs)

Processing QM output files...

Executing subprocess:
/data/chodera/schrodinger/schrodinger2017-4-advanced/jaguar results -energy SM18_micro003_conf_1.nrg_h.out

Executing subprocess:
/data/chodera/schrodinger/schrodinger2017-4-advanced/jaguar results -esolv SM18_micro003_conf_1.sol_h.out

Executing subprocess:
/data/chodera/schrodinger/schrodinger2017-4-advanced/jaguar results -energy SM18_micro003_conf_2.nrg_h.out

Executing subprocess:
/data/chodera/schrodinger/schrodinger2017-4-advanced/jaguar results -esolv SM18_micro003_conf_2.sol_h.out

Executing subprocess:
/data/chodera/schrodinger/schrodinger2017-4-advanced/jaguar results -energy SM18_micro003_conf_3.nrg_h.out

Executing subprocess:
/data/chodera/schrodinger/schrodinger2017-4-advanced/jaguar results -esolv SM18_micro003_conf_3.sol_h.out

Executing subprocess:
/data/chodera/schrodinger/schrodinger2017-4-advanced/jaguar results -energy SM18_micro003_conf_4.nrg_h.out

Executing subprocess:
/data/chodera/schrodinger/schrodinger2017-4-advanced/jaguar results -esolv SM18_micro003_conf_4.sol_h.out

Executing subprocess:
/data/chodera/schrodinger/schrodinger2017-4-advanced/jaguar results -energy SM18_micro003_conf_5.nrg_h.out

Executing subprocess:
/data/chodera/schrodinger/schrodinger2017-4-advanced/jaguar results -esolv SM18_micro003_conf_5.sol_h.out

Executing subprocess:
/data/chodera/schrodinger/schrodinger2017-4-advanced/jaguar results -energy SM18_micro020_conf_1.nrg.out

Executing subprocess:
/data/chodera/schrodinger/schrodinger2017-4-advanced/jaguar results -esolv SM18_micro020_conf_1.sol.out

Executing subprocess:
/data/chodera/schrodinger/schrodinger2017-4-advanced/jaguar results -energy SM18_micro020_conf_2.nrg.out

Executing subprocess:
/data/chodera/schrodinger/schrodinger2017-4-advanced/jaguar results -esolv SM18_micro020_conf_2.sol.out

Executing subprocess:
/data/chodera/schrodinger/schrodinger2017-4-advanced/jaguar results -energy SM18_micro020_conf_3.nrg.out

Executing subprocess:
/data/chodera/schrodinger/schrodinger2017-4-advanced/jaguar results -esolv SM18_micro020_conf_3.sol.out

Executing subprocess:
/data/chodera/schrodinger/schrodinger2017-4-advanced/jaguar results -energy SM18_micro020_conf_4.nrg.out

Executing subprocess:
/data/chodera/schrodinger/schrodinger2017-4-advanced/jaguar results -esolv SM18_micro020_conf_4.sol.out

Executing subprocess:
/data/chodera/schrodinger/schrodinger2017-4-advanced/jaguar results -energy SM18_micro020_conf_5.nrg.out

Executing subprocess:
/data/chodera/schrodinger/schrodinger2017-4-advanced/jaguar results -esolv SM18_micro020_conf_5.sol.out

Executing subprocess:
/data/chodera/schrodinger/schrodinger2017-4-advanced/jaguar-v9.8/bin/Linux-x86_64/pka -o SM18_micro003_deprot-out.mae -j SM18_micro003.jres -n -d

Executing subprocess:
/data/chodera/schrodinger/schrodinger2017-4-advanced/jaguar-v9.8/bin/Linux-x86_64/pka -o SM18_micro003_prot-out.mae -j SM18_micro003.jres -n

pKa calculation for SM18_micro003 completed.

pKa workflow jag_SM18_micro003_SM18_micro020 completed.

Timer (Jaguar pKa) : 19260.75 secs (5 hrs, 21 mins, 00 secs)
Timer (jaguar_backend.py) : 19260.75 secs (5 hrs, 21 mins, 00 secs)
Finished:   Thu May 10 15:44:52 2018
