Taking protonated structures from:
SM05_micro005_conf_1.dft_h.01.mae
SM05_micro005_conf_2.dft_h.01.mae
SM05_micro005_conf_3.dft_h.01.mae
SM05_micro005_conf_4.dft_h.01.mae
SM05_micro005_conf_5.dft_h.01.mae
Taking deprotonated structures from:
SM05_micro010_conf_1.dft.01.mae
SM05_micro010_conf_2.dft.01.mae
SM05_micro010_conf_3.dft.01.mae
SM05_micro010_conf_4.dft.01.mae
SM05_micro010_conf_5.dft.01.mae

Corrected results for 'protonated' structure in water:
pKa atom: 23

 # 	            Shell             	 pKa 	RMSD	 Contribution
---	------------------------------	-----	-----	--------------
1: 	amide as base                 	-7.26	0.577	    99.77%
2: 	Protonation of generic atom   	-1.00	2.264	     0.08%
3: 	Protonation of sp2-like oxygen	-0.09	2.568	     0.15%

 Final weighted pKa value is -7.24



