Command:    jaguar run pka.py -jobname jag_SM18_micro030_SM18_micro062 -PARALLEL 10 -n -csrch -prot SM18_micro030.in -deprot SM18_micro062.in
Release:    2017-4
Exec:       /data/chodera/schrodinger/schrodinger2017-4-advanced/jaguar-v9.8/bin/Linux-x86_64
Host:       ls16
JobId:      lilac-0-5aecaf5f
JobDir:     /lila/data/chodera/schrodinger/tmpdir/rustenburg/jag_SM18_micro030_SM18_micro062
Date:       Fri May  4 15:17:02 2018

Contents of /lila/data/chodera/schrodinger/tmpdir/rustenburg/jag_SM18_micro030_SM18_micro062:
/lila/data/chodera/schrodinger/tmpdir/rustenburg/jag_SM18_micro030_SM18_micro062/lilac-0-5aecaf5f.recover
/lila/data/chodera/schrodinger/tmpdir/rustenburg/jag_SM18_micro030_SM18_micro062/lilac-0-5aecaf5f
/lila/data/chodera/schrodinger/tmpdir/rustenburg/jag_SM18_micro030_SM18_micro062/jag_SM18_micro030_SM18_micro062.log
/lila/data/chodera/schrodinger/tmpdir/rustenburg/jag_SM18_micro030_SM18_micro062/SM18_micro030.mae
/lila/data/chodera/schrodinger/tmpdir/rustenburg/jag_SM18_micro030_SM18_micro062/lilac-0-5aecaf5f.mpinodes
/lila/data/chodera/schrodinger/tmpdir/rustenburg/jag_SM18_micro030_SM18_micro062/SM18_micro062.in
/lila/data/chodera/schrodinger/tmpdir/rustenburg/jag_SM18_micro030_SM18_micro062/jag_SM18_micro030_SM18_micro062.recover
/lila/data/chodera/schrodinger/tmpdir/rustenburg/jag_SM18_micro030_SM18_micro062/lilac-0-5aecaf5f.nodes
/lila/data/chodera/schrodinger/tmpdir/rustenburg/jag_SM18_micro030_SM18_micro062/SM18_micro030.in
/lila/data/chodera/schrodinger/tmpdir/rustenburg/jag_SM18_micro030_SM18_micro062/lilac-0-5aecaf5f.hosts
/lila/data/chodera/schrodinger/tmpdir/rustenburg/jag_SM18_micro030_SM18_micro062/SM18_micro062.mae
/lila/data/chodera/schrodinger/tmpdir/rustenburg/jag_SM18_micro030_SM18_micro062/lilac-0-5aecaf5f.jlog

=====================
 Jaguar pKa workflow
=====================

Analysing user-provided (prot, deprot) pair:
(SM18_micro030.in, SM18_micro062.in)
Found labile hydrogen 40 in SM18_micro030.in
Found labile hydrogen at atom 16 in SM18_micro062.in
Adding 'ipkat' keyword to input files.

Identifying pKa functional group for pair:
(SM18_micro030, SM18_micro062)

Executing subprocess:
/data/chodera/schrodinger/schrodinger2017-4-advanced/jaguar-v9.8/bin/Linux-x86_64/pka -i -j SM18_micro030.tmp.jres -n

Taking protonated structures from:
SM18_micro030.mae
Taking deprotonated structures from:
SM18_micro062.mae

This molecule from 'SM18_micro030.mae' in water was recognized as:

 # 	                  Shell                   
---	------------------------------------------
1: 	RN=Het                                    
2: 	Protonation of sp2-like aliphatic nitrogen
3: 	Protonation of generic atom               


Executing conformational search...

Executing 2 distributed subjobs:
---------------------------------

No more than 8 cpu(s) will be used per subjob.
No more than 10 cpu(s) will be used simultaneously.

Processing the following subjobs:
(1) jaguar run csrch.py SM18_micro030.mae -jobname SM18_micro030 -max_conf 5 -erg_window 50.208 -acc_level 1 -TPP 5
(2) jaguar run csrch.py SM18_micro062.mae -jobname SM18_micro062 -max_conf 5 -erg_window 50.208 -acc_level 1 -TPP 5

Running subjobs on hosts:
  lsf-cpu (Max: 2)
Number of jobs:       2
Max retries per job:  3
Max allowed failures: unlimited
Run with -LOCAL:      False
Verbosity:            normal

Starting JobDJ...

Keep one job on driver host: False
JobDJ columns:
  C: Number of completed subjobs
  A: Number of active subjobs (e.g., submitted, running)
  W: Number of waiting/pending subjobs

C A W | Activity  JobId  JobName  JobHost
- - - | --------- -----------------------
0 1 1 | launched  ls16-0-5aecb1b2 SM18_micro030 lsf-cpu
0 2 0 | launched  ls16-0-5aecb1b6 SM18_micro062 lsf-cpu
1 1 0 | finished  ls16-0-5aecb1b6 SM18_micro062 lsf-cpu [lt04]
2 0 0 | finished  ls16-0-5aecb1b2 SM18_micro030 lsf-cpu [lt04]

All jobs have completed.

2 of 2 job(s) succeeded; 0 job(s) failed.

Timer (distribute subjobs) : 3923.01 secs (1 hrs, 05 mins, 23 secs)

Setting up QM workflow for (protonated, deprotonated) pair:
(1) (SM18_micro030, SM18_micro062)

Executing Jaguar quantum-mechanical subjobs...

Executing 10 distributed subjobs:
----------------------------------

No more than 8 cpu(s) will be used per subjob.
No more than 10 cpu(s) will be used simultaneously.

Processing the following subjobs:
(1) jaguar run pka_prot.bat -jobname SM18_micro030_conf_1 SM18_micro030_conf_1.in
(2) jaguar run pka_prot.bat -jobname SM18_micro030_conf_2 SM18_micro030_conf_2.in
(3) jaguar run pka_prot.bat -jobname SM18_micro030_conf_3 SM18_micro030_conf_3.in
(4) jaguar run pka_prot.bat -jobname SM18_micro030_conf_4 SM18_micro030_conf_4.in
(5) jaguar run pka_prot.bat -jobname SM18_micro030_conf_5 SM18_micro030_conf_5.in
(6) jaguar run pka_deprot.bat -jobname SM18_micro062_conf_1 SM18_micro062_conf_1.in
(7) jaguar run pka_deprot.bat -jobname SM18_micro062_conf_2 SM18_micro062_conf_2.in
(8) jaguar run pka_deprot.bat -jobname SM18_micro062_conf_3 SM18_micro062_conf_3.in
(9) jaguar run pka_deprot.bat -jobname SM18_micro062_conf_4 SM18_micro062_conf_4.in
(10) jaguar run pka_deprot.bat -jobname SM18_micro062_conf_5 SM18_micro062_conf_5.in

Running subjobs on hosts:
  lsf-cpu (Max: 10)
Number of jobs:       10
Max retries per job:  3
Max allowed failures: unlimited
Run with -LOCAL:      False
Verbosity:            normal

Starting JobDJ...

Keep one job on driver host: True
JobDJ columns:
  C: Number of completed subjobs
  A: Number of active subjobs (e.g., submitted, running)
  W: Number of waiting/pending subjobs

 C  A  W | Activity  JobId  JobName  JobHost
-- -- -- | --------- -----------------------
 0  1  9 | launched  ls16-0-5aecc108 SM18_micro030_conf_1 localhost [ls16]
 0  2  8 | launched  ls16-0-5aecc10b SM18_micro030_conf_2 lsf-cpu
 0  3  7 | launched  ls16-0-5aecc10f SM18_micro030_conf_3 lsf-cpu
 0  4  6 | launched  ls16-0-5aecc112 SM18_micro030_conf_4 lsf-cpu
 0  5  5 | launched  ls16-0-5aecc116 SM18_micro030_conf_5 lsf-cpu
 0  6  4 | launched  ls16-0-5aecc11a SM18_micro062_conf_1 lsf-cpu
 0  7  3 | launched  ls16-0-5aecc11e SM18_micro062_conf_2 lsf-cpu
 0  8  2 | launched  ls16-0-5aecc122 SM18_micro062_conf_3 lsf-cpu
 0  9  1 | launched  ls16-0-5aecc126 SM18_micro062_conf_4 lsf-cpu
 0 10  0 | launched  ls16-0-5aecc12a SM18_micro062_conf_5 lsf-cpu
 1  9  0 | finished  ls16-0-5aecc108 SM18_micro030_conf_1 localhost [ls16]
 2  8  0 | finished  ls16-0-5aecc11e SM18_micro062_conf_2 lsf-cpu [lt17]
 3  7  0 | finished  ls16-0-5aecc10b SM18_micro030_conf_2 lsf-cpu [lt17]
 4  6  0 | finished  ls16-0-5aecc116 SM18_micro030_conf_5 lsf-cpu [lt17]
 5  5  0 | finished  ls16-0-5aecc112 SM18_micro030_conf_4 lsf-cpu [lt17]
 6  4  0 | finished  ls16-0-5aecc10f SM18_micro030_conf_3 lsf-cpu [lt17]
 7  3  0 | finished  ls16-0-5aecc126 SM18_micro062_conf_4 lsf-cpu [lt17]
 8  2  0 | finished  ls16-0-5aecc12a SM18_micro062_conf_5 lsf-cpu [lt17]
 9  1  0 | finished  ls16-0-5aecc122 SM18_micro062_conf_3 lsf-cpu [lt17]
10  0  0 | finished  ls16-0-5aecc11a SM18_micro062_conf_1 lsf-cpu [lt17]

All jobs have completed.

10 of 10 job(s) succeeded; 0 job(s) failed.

Timer (distribute subjobs) : 13484.18 secs (3 hrs, 44 mins, 44 secs)

Processing QM output files...

Executing subprocess:
/data/chodera/schrodinger/schrodinger2017-4-advanced/jaguar results -energy SM18_micro030_conf_1.nrg_h.out

Executing subprocess:
/data/chodera/schrodinger/schrodinger2017-4-advanced/jaguar results -esolv SM18_micro030_conf_1.sol_h.out

Executing subprocess:
/data/chodera/schrodinger/schrodinger2017-4-advanced/jaguar results -energy SM18_micro030_conf_2.nrg_h.out

Executing subprocess:
/data/chodera/schrodinger/schrodinger2017-4-advanced/jaguar results -esolv SM18_micro030_conf_2.sol_h.out

Executing subprocess:
/data/chodera/schrodinger/schrodinger2017-4-advanced/jaguar results -energy SM18_micro030_conf_3.nrg_h.out

Executing subprocess:
/data/chodera/schrodinger/schrodinger2017-4-advanced/jaguar results -esolv SM18_micro030_conf_3.sol_h.out

Executing subprocess:
/data/chodera/schrodinger/schrodinger2017-4-advanced/jaguar results -energy SM18_micro030_conf_4.nrg_h.out

Executing subprocess:
/data/chodera/schrodinger/schrodinger2017-4-advanced/jaguar results -esolv SM18_micro030_conf_4.sol_h.out

Executing subprocess:
/data/chodera/schrodinger/schrodinger2017-4-advanced/jaguar results -energy SM18_micro030_conf_5.nrg_h.out

Executing subprocess:
/data/chodera/schrodinger/schrodinger2017-4-advanced/jaguar results -esolv SM18_micro030_conf_5.sol_h.out

Executing subprocess:
/data/chodera/schrodinger/schrodinger2017-4-advanced/jaguar results -energy SM18_micro062_conf_1.nrg.out

Executing subprocess:
/data/chodera/schrodinger/schrodinger2017-4-advanced/jaguar results -esolv SM18_micro062_conf_1.sol.out

Executing subprocess:
/data/chodera/schrodinger/schrodinger2017-4-advanced/jaguar results -energy SM18_micro062_conf_2.nrg.out

Executing subprocess:
/data/chodera/schrodinger/schrodinger2017-4-advanced/jaguar results -esolv SM18_micro062_conf_2.sol.out

Executing subprocess:
/data/chodera/schrodinger/schrodinger2017-4-advanced/jaguar results -energy SM18_micro062_conf_3.nrg.out

Executing subprocess:
/data/chodera/schrodinger/schrodinger2017-4-advanced/jaguar results -esolv SM18_micro062_conf_3.sol.out

Executing subprocess:
/data/chodera/schrodinger/schrodinger2017-4-advanced/jaguar results -energy SM18_micro062_conf_4.nrg.out

Executing subprocess:
/data/chodera/schrodinger/schrodinger2017-4-advanced/jaguar results -esolv SM18_micro062_conf_4.sol.out

Executing subprocess:
/data/chodera/schrodinger/schrodinger2017-4-advanced/jaguar results -energy SM18_micro062_conf_5.nrg.out

Executing subprocess:
/data/chodera/schrodinger/schrodinger2017-4-advanced/jaguar results -esolv SM18_micro062_conf_5.sol.out

Executing subprocess:
/data/chodera/schrodinger/schrodinger2017-4-advanced/jaguar-v9.8/bin/Linux-x86_64/pka -o SM18_micro030_deprot-out.mae -j SM18_micro030.jres -n -d

Executing subprocess:
/data/chodera/schrodinger/schrodinger2017-4-advanced/jaguar-v9.8/bin/Linux-x86_64/pka -o SM18_micro030_prot-out.mae -j SM18_micro030.jres -n

pKa calculation for SM18_micro030 completed.

pKa workflow jag_SM18_micro030_SM18_micro062 completed.

Timer (Jaguar pKa) : 17532.41 secs (4 hrs, 52 mins, 12 secs)
Timer (jaguar_backend.py) : 17532.41 secs (4 hrs, 52 mins, 12 secs)
Finished:   Fri May  4 20:09:15 2018
