Command:    jaguar run pka.py -jobname jag_SM10_micro023_SM10_micro027 -PARALLEL 10 -n -csrch -prot SM10_micro023.in -deprot SM10_micro027.in
Release:    2017-4
Exec:       /data/chodera/schrodinger/schrodinger2017-4-advanced/jaguar-v9.8/bin/Linux-x86_64
Host:       lt22
JobId:      lilac-0-5aec8227
JobDir:     /lila/data/chodera/schrodinger/tmpdir/rustenburg/jag_SM10_micro023_SM10_micro027
Date:       Fri May  4 12:10:16 2018

Contents of /lila/data/chodera/schrodinger/tmpdir/rustenburg/jag_SM10_micro023_SM10_micro027:
/lila/data/chodera/schrodinger/tmpdir/rustenburg/jag_SM10_micro023_SM10_micro027/lilac-0-5aec8227.recover
/lila/data/chodera/schrodinger/tmpdir/rustenburg/jag_SM10_micro023_SM10_micro027/SM10_micro023.in
/lila/data/chodera/schrodinger/tmpdir/rustenburg/jag_SM10_micro023_SM10_micro027/lilac-0-5aec8227
/lila/data/chodera/schrodinger/tmpdir/rustenburg/jag_SM10_micro023_SM10_micro027/SM10_micro027.mae
/lila/data/chodera/schrodinger/tmpdir/rustenburg/jag_SM10_micro023_SM10_micro027/lilac-0-5aec8227.hosts
/lila/data/chodera/schrodinger/tmpdir/rustenburg/jag_SM10_micro023_SM10_micro027/jag_SM10_micro023_SM10_micro027.log
/lila/data/chodera/schrodinger/tmpdir/rustenburg/jag_SM10_micro023_SM10_micro027/lilac-0-5aec8227.jlog
/lila/data/chodera/schrodinger/tmpdir/rustenburg/jag_SM10_micro023_SM10_micro027/SM10_micro023.mae
/lila/data/chodera/schrodinger/tmpdir/rustenburg/jag_SM10_micro023_SM10_micro027/lilac-0-5aec8227.nodes
/lila/data/chodera/schrodinger/tmpdir/rustenburg/jag_SM10_micro023_SM10_micro027/jag_SM10_micro023_SM10_micro027.recover
/lila/data/chodera/schrodinger/tmpdir/rustenburg/jag_SM10_micro023_SM10_micro027/SM10_micro027.in
/lila/data/chodera/schrodinger/tmpdir/rustenburg/jag_SM10_micro023_SM10_micro027/lilac-0-5aec8227.mpinodes

=====================
 Jaguar pKa workflow
=====================

Analysing user-provided (prot, deprot) pair:
(SM10_micro023.in, SM10_micro027.in)
Found labile hydrogen 29 in SM10_micro023.in
Found labile hydrogen at atom 10 in SM10_micro027.in
Adding 'ipkat' keyword to input files.

Identifying pKa functional group for pair:
(SM10_micro023, SM10_micro027)

Executing subprocess:
/data/chodera/schrodinger/schrodinger2017-4-advanced/jaguar-v9.8/bin/Linux-x86_64/pka -i -j SM10_micro023.tmp.jres -n

Taking protonated structures from:
SM10_micro023.mae
Taking deprotonated structures from:
SM10_micro027.mae

This molecule from 'SM10_micro023.mae' in water was recognized as:

 # 	                 Shell                  
---	----------------------------------------
1: 	Protonation of generic atom             
2: 	aliphatic CH acid in water              
3: 	Protonation of sp2-like aliphatic carbon


Executing conformational search...

Executing 2 distributed subjobs:
---------------------------------

No more than 8 cpu(s) will be used per subjob.
No more than 10 cpu(s) will be used simultaneously.

Processing the following subjobs:
(1) jaguar run csrch.py SM10_micro023.mae -jobname SM10_micro023 -max_conf 5 -erg_window 50.208 -acc_level 1 -TPP 5
(2) jaguar run csrch.py SM10_micro027.mae -jobname SM10_micro027 -max_conf 5 -erg_window 50.208 -acc_level 1 -TPP 5

Running subjobs on hosts:
  lsf-cpu (Max: 2)
Number of jobs:       2
Max retries per job:  3
Max allowed failures: unlimited
Run with -LOCAL:      False
Verbosity:            normal

Starting JobDJ...

Keep one job on driver host: False
JobDJ columns:
  C: Number of completed subjobs
  A: Number of active subjobs (e.g., submitted, running)
  W: Number of waiting/pending subjobs

C A W | Activity  JobId  JobName  JobHost
- - - | --------- -----------------------
0 1 1 | launched  lt22-7-5aec85f1 SM10_micro023 lsf-cpu
0 2 0 | launched  lt22-1-5aec85f9 SM10_micro027 lsf-cpu
1 1 0 | finished  lt22-7-5aec85f1 SM10_micro023 lsf-cpu [ls02]
2 0 0 | finished  lt22-1-5aec85f9 SM10_micro027 lsf-cpu [lt01]

All jobs have completed.

2 of 2 job(s) succeeded; 0 job(s) failed.

Timer (distribute subjobs) : 1686.72 secs (0 hrs, 28 mins, 06 secs)

Setting up QM workflow for (protonated, deprotonated) pair:
(1) (SM10_micro023, SM10_micro027)

Executing Jaguar quantum-mechanical subjobs...

Executing 10 distributed subjobs:
----------------------------------

No more than 8 cpu(s) will be used per subjob.
No more than 10 cpu(s) will be used simultaneously.

Processing the following subjobs:
(1) jaguar run pka_prot.bat -jobname SM10_micro023_conf_1 SM10_micro023_conf_1.in
(2) jaguar run pka_prot.bat -jobname SM10_micro023_conf_2 SM10_micro023_conf_2.in
(3) jaguar run pka_prot.bat -jobname SM10_micro023_conf_3 SM10_micro023_conf_3.in
(4) jaguar run pka_prot.bat -jobname SM10_micro023_conf_4 SM10_micro023_conf_4.in
(5) jaguar run pka_prot.bat -jobname SM10_micro023_conf_5 SM10_micro023_conf_5.in
(6) jaguar run pka_deprot.bat -jobname SM10_micro027_conf_1 SM10_micro027_conf_1.in
(7) jaguar run pka_deprot.bat -jobname SM10_micro027_conf_2 SM10_micro027_conf_2.in
(8) jaguar run pka_deprot.bat -jobname SM10_micro027_conf_3 SM10_micro027_conf_3.in
(9) jaguar run pka_deprot.bat -jobname SM10_micro027_conf_4 SM10_micro027_conf_4.in
(10) jaguar run pka_deprot.bat -jobname SM10_micro027_conf_5 SM10_micro027_conf_5.in

Running subjobs on hosts:
  lsf-cpu (Max: 10)
Number of jobs:       10
Max retries per job:  3
Max allowed failures: unlimited
Run with -LOCAL:      False
Verbosity:            normal

Starting JobDJ...

Keep one job on driver host: True
JobDJ columns:
  C: Number of completed subjobs
  A: Number of active subjobs (e.g., submitted, running)
  W: Number of waiting/pending subjobs

 C  A  W | Activity  JobId  JobName  JobHost
-- -- -- | --------- -----------------------
 0  1  9 | launched  lt22-0-5aec8c89 SM10_micro023_conf_1 localhost [lt22]
 0  2  8 | launched  lt22-4-5aec8c94 SM10_micro023_conf_2 lsf-cpu
 0  3  7 | launched  lt22-3-5aec8c9e SM10_micro023_conf_3 lsf-cpu
 0  4  6 | launched  lt22-1-5aec8cac SM10_micro023_conf_4 lsf-cpu
 0  5  5 | launched  lt22-0-5aec8cba SM10_micro023_conf_5 lsf-cpu
 0  6  4 | launched  lt22-1-5aec8cca SM10_micro027_conf_1 lsf-cpu
 0  7  3 | launched  lt22-1-5aec8cd8 SM10_micro027_conf_2 lsf-cpu
 0  8  2 | launched  lt22-0-5aec8ce1 SM10_micro027_conf_3 lsf-cpu
 0  9  1 | launched  lt22-0-5aec8cee SM10_micro027_conf_4 lsf-cpu
 0 10  0 | launched  lt22-0-5aec8cfb SM10_micro027_conf_5 lsf-cpu
 1  9  0 | finished  lt22-0-5aec8c89 SM10_micro023_conf_1 localhost [lt22]
 2  8  0 | finished  lt22-4-5aec8c94 SM10_micro023_conf_2 lsf-cpu [ls01]
 3  7  0 | finished  lt22-1-5aec8cd8 SM10_micro027_conf_2 lsf-cpu [ls04]
 4  6  0 | finished  lt22-0-5aec8cee SM10_micro027_conf_4 lsf-cpu [ls18]
 5  5  0 | finished  lt22-1-5aec8cca SM10_micro027_conf_1 lsf-cpu [ls15]
 6  4  0 | finished  lt22-0-5aec8cfb SM10_micro027_conf_5 lsf-cpu [lt17]
 7  3  0 | finished  lt22-0-5aec8ce1 SM10_micro027_conf_3 lsf-cpu [lt17]
 8  2  0 | finished  lt22-3-5aec8c9e SM10_micro023_conf_3 lsf-cpu [ls15]
 9  1  0 | finished  lt22-0-5aec8cba SM10_micro023_conf_5 lsf-cpu [ls15]
10  0  0 | finished  lt22-1-5aec8cac SM10_micro023_conf_4 lsf-cpu [ls15]

All jobs have completed.

10 of 10 job(s) succeeded; 0 job(s) failed.

Timer (distribute subjobs) : 6228.88 secs (1 hrs, 43 mins, 48 secs)

Processing QM output files...

Executing subprocess:
/data/chodera/schrodinger/schrodinger2017-4-advanced/jaguar results -energy SM10_micro023_conf_1.nrg_h.out

Executing subprocess:
/data/chodera/schrodinger/schrodinger2017-4-advanced/jaguar results -esolv SM10_micro023_conf_1.sol_h.out

Executing subprocess:
/data/chodera/schrodinger/schrodinger2017-4-advanced/jaguar results -energy SM10_micro023_conf_2.nrg_h.out

Executing subprocess:
/data/chodera/schrodinger/schrodinger2017-4-advanced/jaguar results -esolv SM10_micro023_conf_2.sol_h.out

Executing subprocess:
/data/chodera/schrodinger/schrodinger2017-4-advanced/jaguar results -energy SM10_micro023_conf_3.nrg_h.out

Executing subprocess:
/data/chodera/schrodinger/schrodinger2017-4-advanced/jaguar results -esolv SM10_micro023_conf_3.sol_h.out

Executing subprocess:
/data/chodera/schrodinger/schrodinger2017-4-advanced/jaguar results -energy SM10_micro023_conf_4.nrg_h.out

Executing subprocess:
/data/chodera/schrodinger/schrodinger2017-4-advanced/jaguar results -esolv SM10_micro023_conf_4.sol_h.out

Executing subprocess:
/data/chodera/schrodinger/schrodinger2017-4-advanced/jaguar results -energy SM10_micro023_conf_5.nrg_h.out

Executing subprocess:
/data/chodera/schrodinger/schrodinger2017-4-advanced/jaguar results -esolv SM10_micro023_conf_5.sol_h.out

Executing subprocess:
/data/chodera/schrodinger/schrodinger2017-4-advanced/jaguar results -energy SM10_micro027_conf_1.nrg.out

Executing subprocess:
/data/chodera/schrodinger/schrodinger2017-4-advanced/jaguar results -esolv SM10_micro027_conf_1.sol.out

Executing subprocess:
/data/chodera/schrodinger/schrodinger2017-4-advanced/jaguar results -energy SM10_micro027_conf_2.nrg.out

Executing subprocess:
/data/chodera/schrodinger/schrodinger2017-4-advanced/jaguar results -esolv SM10_micro027_conf_2.sol.out

Executing subprocess:
/data/chodera/schrodinger/schrodinger2017-4-advanced/jaguar results -energy SM10_micro027_conf_3.nrg.out

Executing subprocess:
/data/chodera/schrodinger/schrodinger2017-4-advanced/jaguar results -esolv SM10_micro027_conf_3.sol.out

Executing subprocess:
/data/chodera/schrodinger/schrodinger2017-4-advanced/jaguar results -energy SM10_micro027_conf_4.nrg.out

Executing subprocess:
/data/chodera/schrodinger/schrodinger2017-4-advanced/jaguar results -esolv SM10_micro027_conf_4.sol.out

Executing subprocess:
/data/chodera/schrodinger/schrodinger2017-4-advanced/jaguar results -energy SM10_micro027_conf_5.nrg.out

Executing subprocess:
/data/chodera/schrodinger/schrodinger2017-4-advanced/jaguar results -esolv SM10_micro027_conf_5.sol.out

Executing subprocess:
/data/chodera/schrodinger/schrodinger2017-4-advanced/jaguar-v9.8/bin/Linux-x86_64/pka -o SM10_micro023_deprot-out.mae -j SM10_micro023.jres -n -d

Executing subprocess:
/data/chodera/schrodinger/schrodinger2017-4-advanced/jaguar-v9.8/bin/Linux-x86_64/pka -o SM10_micro023_prot-out.mae -j SM10_micro023.jres -n

pKa calculation for SM10_micro023 completed.

pKa workflow jag_SM10_micro023_SM10_micro027 completed.

Timer (Jaguar pKa) : 8000.67 secs (2 hrs, 13 mins, 20 secs)
Timer (jaguar_backend.py) : 8000.67 secs (2 hrs, 13 mins, 20 secs)
Finished:   Fri May  4 14:23:37 2018
