Command:    jaguar run pka.py -jobname jag_SM10_micro036_SM10_micro004 -PARALLEL 10 -n -csrch -prot SM10_micro036.in -deprot SM10_micro004.in
Release:    2017-4
Exec:       /data/chodera/schrodinger/schrodinger2017-4-advanced/jaguar-v9.8/bin/Linux-x86_64
Host:       ls11
JobId:      lilac-0-5aec8099
JobDir:     /lila/data/chodera/schrodinger/tmpdir/rustenburg/jag_SM10_micro036_SM10_micro004
Date:       Fri May  4 11:51:34 2018

Contents of /lila/data/chodera/schrodinger/tmpdir/rustenburg/jag_SM10_micro036_SM10_micro004:
/lila/data/chodera/schrodinger/tmpdir/rustenburg/jag_SM10_micro036_SM10_micro004/jag_SM10_micro036_SM10_micro004.recover
/lila/data/chodera/schrodinger/tmpdir/rustenburg/jag_SM10_micro036_SM10_micro004/SM10_micro036.in
/lila/data/chodera/schrodinger/tmpdir/rustenburg/jag_SM10_micro036_SM10_micro004/SM10_micro004.in
/lila/data/chodera/schrodinger/tmpdir/rustenburg/jag_SM10_micro036_SM10_micro004/SM10_micro004.mae
/lila/data/chodera/schrodinger/tmpdir/rustenburg/jag_SM10_micro036_SM10_micro004/lilac-0-5aec8099.nodes
/lila/data/chodera/schrodinger/tmpdir/rustenburg/jag_SM10_micro036_SM10_micro004/jag_SM10_micro036_SM10_micro004.log
/lila/data/chodera/schrodinger/tmpdir/rustenburg/jag_SM10_micro036_SM10_micro004/lilac-0-5aec8099.recover
/lila/data/chodera/schrodinger/tmpdir/rustenburg/jag_SM10_micro036_SM10_micro004/lilac-0-5aec8099.hosts
/lila/data/chodera/schrodinger/tmpdir/rustenburg/jag_SM10_micro036_SM10_micro004/lilac-0-5aec8099.jlog
/lila/data/chodera/schrodinger/tmpdir/rustenburg/jag_SM10_micro036_SM10_micro004/SM10_micro036.mae
/lila/data/chodera/schrodinger/tmpdir/rustenburg/jag_SM10_micro036_SM10_micro004/lilac-0-5aec8099
/lila/data/chodera/schrodinger/tmpdir/rustenburg/jag_SM10_micro036_SM10_micro004/lilac-0-5aec8099.mpinodes

=====================
 Jaguar pKa workflow
=====================

Analysing user-provided (prot, deprot) pair:
(SM10_micro036.in, SM10_micro004.in)
Found labile hydrogen 28 in SM10_micro036.in
Found labile hydrogen at atom 9 in SM10_micro004.in
Adding 'ipkat' keyword to input files.

Identifying pKa functional group for pair:
(SM10_micro036, SM10_micro004)

Executing subprocess:
/data/chodera/schrodinger/schrodinger2017-4-advanced/jaguar-v9.8/bin/Linux-x86_64/pka -i -j SM10_micro036.tmp.jres -n

Taking protonated structures from:
SM10_micro036.mae
Taking deprotonated structures from:
SM10_micro004.mae

This molecule from 'SM10_micro036.mae' in water was recognized as:

 # 	                  Shell                   
---	------------------------------------------
1: 	amide as acid                             
2: 	Protonation of sp2-like aliphatic nitrogen
3: 	Protonation of generic atom               


Executing conformational search...

Executing 2 distributed subjobs:
---------------------------------

No more than 8 cpu(s) will be used per subjob.
No more than 10 cpu(s) will be used simultaneously.

Processing the following subjobs:
(1) jaguar run csrch.py SM10_micro036.mae -jobname SM10_micro036 -max_conf 5 -erg_window 50.208 -acc_level 1 -TPP 5
(2) jaguar run csrch.py SM10_micro004.mae -jobname SM10_micro004 -max_conf 5 -erg_window 50.208 -acc_level 1 -TPP 5

Running subjobs on hosts:
  lsf-cpu (Max: 2)
Number of jobs:       2
Max retries per job:  3
Max allowed failures: unlimited
Run with -LOCAL:      False
Verbosity:            normal

Starting JobDJ...

Keep one job on driver host: False
JobDJ columns:
  C: Number of completed subjobs
  A: Number of active subjobs (e.g., submitted, running)
  W: Number of waiting/pending subjobs

C A W | Activity  JobId  JobName  JobHost
- - - | --------- -----------------------
0 1 1 | launched  ls11-3-5aec8192 SM10_micro036 lsf-cpu
0 2 0 | launched  ls11-11-5aec819c SM10_micro004 lsf-cpu
1 1 0 | finished  ls11-3-5aec8192 SM10_micro036 lsf-cpu [ls10]
2 0 0 | finished  ls11-11-5aec819c SM10_micro004 lsf-cpu

All jobs have completed.

2 of 2 job(s) succeeded; 0 job(s) failed.

Timer (distribute subjobs) : 1506.52 secs (0 hrs, 25 mins, 06 secs)

Setting up QM workflow for (protonated, deprotonated) pair:
(1) (SM10_micro036, SM10_micro004)

Executing Jaguar quantum-mechanical subjobs...

Executing 10 distributed subjobs:
----------------------------------

No more than 8 cpu(s) will be used per subjob.
No more than 10 cpu(s) will be used simultaneously.

Processing the following subjobs:
(1) jaguar run pka_prot.bat -jobname SM10_micro036_conf_1 SM10_micro036_conf_1.in
(2) jaguar run pka_prot.bat -jobname SM10_micro036_conf_2 SM10_micro036_conf_2.in
(3) jaguar run pka_prot.bat -jobname SM10_micro036_conf_3 SM10_micro036_conf_3.in
(4) jaguar run pka_prot.bat -jobname SM10_micro036_conf_4 SM10_micro036_conf_4.in
(5) jaguar run pka_prot.bat -jobname SM10_micro036_conf_5 SM10_micro036_conf_5.in
(6) jaguar run pka_deprot.bat -jobname SM10_micro004_conf_1 SM10_micro004_conf_1.in
(7) jaguar run pka_deprot.bat -jobname SM10_micro004_conf_2 SM10_micro004_conf_2.in
(8) jaguar run pka_deprot.bat -jobname SM10_micro004_conf_3 SM10_micro004_conf_3.in
(9) jaguar run pka_deprot.bat -jobname SM10_micro004_conf_4 SM10_micro004_conf_4.in
(10) jaguar run pka_deprot.bat -jobname SM10_micro004_conf_5 SM10_micro004_conf_5.in

Running subjobs on hosts:
  lsf-cpu (Max: 10)
Number of jobs:       10
Max retries per job:  3
Max allowed failures: unlimited
Run with -LOCAL:      False
Verbosity:            normal

Starting JobDJ...

Keep one job on driver host: True
JobDJ columns:
  C: Number of completed subjobs
  A: Number of active subjobs (e.g., submitted, running)
  W: Number of waiting/pending subjobs

 C  A  W | Activity  JobId  JobName  JobHost
-- -- -- | --------- -----------------------
 0  1  9 | launched  ls11-0-5aec8772 SM10_micro036_conf_1 localhost [ls11]
 0  2  8 | launched  ls11-0-5aec8775 SM10_micro036_conf_2 lsf-cpu
 0  3  7 | launched  ls11-0-5aec8778 SM10_micro036_conf_3 lsf-cpu
 0  4  6 | launched  ls11-0-5aec877b SM10_micro036_conf_4 lsf-cpu
 0  5  5 | launched  ls11-0-5aec877f SM10_micro036_conf_5 lsf-cpu
 0  6  4 | launched  ls11-0-5aec8782 SM10_micro004_conf_1 lsf-cpu
 0  7  3 | launched  ls11-0-5aec8785 SM10_micro004_conf_2 lsf-cpu
 0  8  2 | launched  ls11-0-5aec8788 SM10_micro004_conf_3 lsf-cpu
 0  9  1 | launched  ls11-0-5aec878c SM10_micro004_conf_4 lsf-cpu
 0 10  0 | launched  ls11-0-5aec878f SM10_micro004_conf_5 lsf-cpu
 1  9  0 | finished  ls11-0-5aec8788 SM10_micro004_conf_3 lsf-cpu [ls12]
 2  8  0 | finished  ls11-0-5aec8785 SM10_micro004_conf_2 lsf-cpu [ls12]
 3  7  0 | finished  ls11-0-5aec8772 SM10_micro036_conf_1 localhost [ls11]
 4  6  0 | finished  ls11-0-5aec8782 SM10_micro004_conf_1 lsf-cpu [ls12]
 5  5  0 | finished  ls11-0-5aec8778 SM10_micro036_conf_3 lsf-cpu [lt12]
 6  4  0 | finished  ls11-0-5aec878f SM10_micro004_conf_5 lsf-cpu [ls12]
 7  3  0 | finished  ls11-0-5aec878c SM10_micro004_conf_4 lsf-cpu [ls12]
 8  2  0 | finished  ls11-0-5aec877b SM10_micro036_conf_4 lsf-cpu [lt12]
 9  1  0 | finished  ls11-0-5aec877f SM10_micro036_conf_5 lsf-cpu [lt12]
10  0  0 | finished  ls11-0-5aec8775 SM10_micro036_conf_2 lsf-cpu [lt12]

All jobs have completed.

10 of 10 job(s) succeeded; 0 job(s) failed.

Timer (distribute subjobs) : 4609.44 secs (1 hrs, 16 mins, 49 secs)

Processing QM output files...

Executing subprocess:
/data/chodera/schrodinger/schrodinger2017-4-advanced/jaguar results -energy SM10_micro036_conf_1.nrg_h.out

Executing subprocess:
/data/chodera/schrodinger/schrodinger2017-4-advanced/jaguar results -esolv SM10_micro036_conf_1.sol_h.out

Executing subprocess:
/data/chodera/schrodinger/schrodinger2017-4-advanced/jaguar results -energy SM10_micro036_conf_2.nrg_h.out

Executing subprocess:
/data/chodera/schrodinger/schrodinger2017-4-advanced/jaguar results -esolv SM10_micro036_conf_2.sol_h.out

Executing subprocess:
/data/chodera/schrodinger/schrodinger2017-4-advanced/jaguar results -energy SM10_micro036_conf_3.nrg_h.out

Executing subprocess:
/data/chodera/schrodinger/schrodinger2017-4-advanced/jaguar results -esolv SM10_micro036_conf_3.sol_h.out

Executing subprocess:
/data/chodera/schrodinger/schrodinger2017-4-advanced/jaguar results -energy SM10_micro036_conf_4.nrg_h.out

Executing subprocess:
/data/chodera/schrodinger/schrodinger2017-4-advanced/jaguar results -esolv SM10_micro036_conf_4.sol_h.out

Executing subprocess:
/data/chodera/schrodinger/schrodinger2017-4-advanced/jaguar results -energy SM10_micro036_conf_5.nrg_h.out

Executing subprocess:
/data/chodera/schrodinger/schrodinger2017-4-advanced/jaguar results -esolv SM10_micro036_conf_5.sol_h.out

Executing subprocess:
/data/chodera/schrodinger/schrodinger2017-4-advanced/jaguar results -energy SM10_micro004_conf_1.nrg.out

Executing subprocess:
/data/chodera/schrodinger/schrodinger2017-4-advanced/jaguar results -esolv SM10_micro004_conf_1.sol.out

Executing subprocess:
/data/chodera/schrodinger/schrodinger2017-4-advanced/jaguar results -energy SM10_micro004_conf_2.nrg.out

Executing subprocess:
/data/chodera/schrodinger/schrodinger2017-4-advanced/jaguar results -esolv SM10_micro004_conf_2.sol.out

Executing subprocess:
/data/chodera/schrodinger/schrodinger2017-4-advanced/jaguar results -energy SM10_micro004_conf_3.nrg.out

Executing subprocess:
/data/chodera/schrodinger/schrodinger2017-4-advanced/jaguar results -esolv SM10_micro004_conf_3.sol.out

Executing subprocess:
/data/chodera/schrodinger/schrodinger2017-4-advanced/jaguar results -energy SM10_micro004_conf_4.nrg.out

Executing subprocess:
/data/chodera/schrodinger/schrodinger2017-4-advanced/jaguar results -esolv SM10_micro004_conf_4.sol.out

Executing subprocess:
/data/chodera/schrodinger/schrodinger2017-4-advanced/jaguar results -energy SM10_micro004_conf_5.nrg.out

Executing subprocess:
/data/chodera/schrodinger/schrodinger2017-4-advanced/jaguar results -esolv SM10_micro004_conf_5.sol.out

Executing subprocess:
/data/chodera/schrodinger/schrodinger2017-4-advanced/jaguar-v9.8/bin/Linux-x86_64/pka -o SM10_micro036_deprot-out.mae -j SM10_micro036.jres -n -d

Executing subprocess:
/data/chodera/schrodinger/schrodinger2017-4-advanced/jaguar-v9.8/bin/Linux-x86_64/pka -o SM10_micro036_prot-out.mae -j SM10_micro036.jres -n

pKa calculation for SM10_micro036 completed.

pKa workflow jag_SM10_micro036_SM10_micro004 completed.

Timer (Jaguar pKa) : 6233.85 secs (1 hrs, 43 mins, 53 secs)
Timer (jaguar_backend.py) : 6233.85 secs (1 hrs, 43 mins, 53 secs)
Finished:   Fri May  4 13:35:28 2018
