Taking protonated structures from:
SM06_micro004_conf_1.dft_h.01.mae
SM06_micro004_conf_2.dft_h.01.mae
SM06_micro004_conf_3.dft_h.01.mae
SM06_micro004_conf_4.dft_h.01.mae
SM06_micro004_conf_5.dft_h.01.mae
Taking deprotonated structures from:
SM06_micro009_conf_1.dft.01.mae
SM06_micro009_conf_2.dft.01.mae
SM06_micro009_conf_3.dft.01.mae
SM06_micro009_conf_4.dft.01.mae
SM06_micro009_conf_5.dft.01.mae

Corrected results for 'protonated' structure in water:
pKa atom: 22

 # 	           Shell           	 pKa 	RMSD	 Contribution
---	---------------------------	-----	-----	--------------
1: 	pyridine                   	 4.07	0.493	    58.80%
2: 	heterocycle custom 1       	 3.71	0.617	    28.98%
3: 	heterocycle                	 3.93	0.837	    11.50%
4: 	Protonation of generic atom	 4.47	2.264	     0.73%

 Final weighted pKa value is 3.95



