Taking protonated structures from:
SM18_micro076_conf_1.dft_h.01.mae
SM18_micro076_conf_2.dft_h.01.mae
SM18_micro076_conf_3.dft_h.01.mae
SM18_micro076_conf_4.dft_h.01.mae
SM18_micro076_conf_5.dft_h.01.mae
Taking deprotonated structures from:
SM18_micro031_conf_1.dft.01.mae
SM18_micro031_conf_2.dft.01.mae
SM18_micro031_conf_3.dft.01.mae
SM18_micro031_conf_4.dft.01.mae
SM18_micro031_conf_5.dft.01.mae

Corrected results for 'protonated' structure in water:
pKa atom: 33

 # 	           Shell           	 pKa 	RMSD	 Contribution
---	---------------------------	-----	-----	--------------
1: 	thiazole/benzothiazole     	 2.17	0.647	    95.27%
2: 	heterocycle                	 2.81	0.837	     4.29%
3: 	Protonation of generic atom	 3.59	2.264	     0.44%

 Final weighted pKa value is 2.21



