Taking protonated structures from:
SM10_micro036_conf_1.dft_h.01.mae
SM10_micro036_conf_2.dft_h.01.mae
SM10_micro036_conf_3.dft_h.01.mae
SM10_micro036_conf_4.dft_h.01.mae
SM10_micro036_conf_5.dft_h.01.mae
Taking deprotonated structures from:
SM10_micro023_conf_1.dft.01.mae
SM10_micro023_conf_2.dft.01.mae
SM10_micro023_conf_3.dft.01.mae
SM10_micro023_conf_4.dft.01.mae
SM10_micro023_conf_5.dft.01.mae

Corrected results for 'protonated' structure in water:
pKa atom: 31

 # 	                  Shell                   	 pKa 	RMSD	 Contribution
---	------------------------------------------	-----	-----	--------------
1: 	amide as acid                             	 9.47	0.903	    20.79%
2: 	Protonation of sp2-like aliphatic nitrogen	 8.78	1.751	    57.93%
3: 	Protonation of generic atom               	 8.89	2.264	    21.28%

 Final weighted pKa value is 8.95



