Taking protonated structures from:
SM10_micro028_conf_1.dft_h.01.mae
SM10_micro028_conf_2.dft_h.01.mae
SM10_micro028_conf_3.dft_h.01.mae
SM10_micro028_conf_4.dft_h.01.mae
SM10_micro028_conf_5.dft_h.01.mae
Taking deprotonated structures from:
SM10_micro037_conf_1.dft.01.mae
SM10_micro037_conf_2.dft.01.mae
SM10_micro037_conf_3.dft.01.mae
SM10_micro037_conf_4.dft.01.mae
SM10_micro037_conf_5.dft.01.mae

Corrected results for 'protonated' structure in water:
pKa atom: 29

 # 	                  Shell                   	 pKa 	RMSD	 Contribution
---	------------------------------------------	-----	-----	--------------
1: 	amide as acid                             	 3.61	0.903	    96.58%
2: 	Protonation of sp2-like aliphatic nitrogen	 3.55	1.751	     2.40%
3: 	Protonation of generic atom               	 4.18	2.264	     1.02%

 Final weighted pKa value is 3.62



