Command:    jaguar run pka.py -jobname jag_SM13_micro008_SM13_micro005 -PARALLEL 10 -n -csrch -prot SM13_micro008.in -deprot SM13_micro005.in
Release:    2017-4
Exec:       /data/chodera/schrodinger/schrodinger2017-4-advanced/jaguar-v9.8/bin/Linux-x86_64
Host:       ls18
JobId:      lilac-0-5aeca2b1
JobDir:     /lila/data/chodera/schrodinger/tmpdir/rustenburg/jag_SM13_micro008_SM13_micro005
Date:       Fri May  4 14:13:22 2018

Contents of /lila/data/chodera/schrodinger/tmpdir/rustenburg/jag_SM13_micro008_SM13_micro005:
/lila/data/chodera/schrodinger/tmpdir/rustenburg/jag_SM13_micro008_SM13_micro005/SM13_micro005.in
/lila/data/chodera/schrodinger/tmpdir/rustenburg/jag_SM13_micro008_SM13_micro005/SM13_micro005.mae
/lila/data/chodera/schrodinger/tmpdir/rustenburg/jag_SM13_micro008_SM13_micro005/lilac-0-5aeca2b1.hosts
/lila/data/chodera/schrodinger/tmpdir/rustenburg/jag_SM13_micro008_SM13_micro005/SM13_micro008.in
/lila/data/chodera/schrodinger/tmpdir/rustenburg/jag_SM13_micro008_SM13_micro005/lilac-0-5aeca2b1.jlog
/lila/data/chodera/schrodinger/tmpdir/rustenburg/jag_SM13_micro008_SM13_micro005/SM13_micro008.mae
/lila/data/chodera/schrodinger/tmpdir/rustenburg/jag_SM13_micro008_SM13_micro005/lilac-0-5aeca2b1.nodes
/lila/data/chodera/schrodinger/tmpdir/rustenburg/jag_SM13_micro008_SM13_micro005/lilac-0-5aeca2b1.recover
/lila/data/chodera/schrodinger/tmpdir/rustenburg/jag_SM13_micro008_SM13_micro005/lilac-0-5aeca2b1
/lila/data/chodera/schrodinger/tmpdir/rustenburg/jag_SM13_micro008_SM13_micro005/jag_SM13_micro008_SM13_micro005.log
/lila/data/chodera/schrodinger/tmpdir/rustenburg/jag_SM13_micro008_SM13_micro005/jag_SM13_micro008_SM13_micro005.recover
/lila/data/chodera/schrodinger/tmpdir/rustenburg/jag_SM13_micro008_SM13_micro005/lilac-0-5aeca2b1.mpinodes

=====================
 Jaguar pKa workflow
=====================

Analysing user-provided (prot, deprot) pair:
(SM13_micro008.in, SM13_micro005.in)
Found labile hydrogen 23 in SM13_micro008.in
Found labile hydrogen at atom 8 in SM13_micro005.in
Adding 'ipkat' keyword to input files.

Identifying pKa functional group for pair:
(SM13_micro008, SM13_micro005)

Executing subprocess:
/data/chodera/schrodinger/schrodinger2017-4-advanced/jaguar-v9.8/bin/Linux-x86_64/pka -i -j SM13_micro008.tmp.jres -n

Taking protonated structures from:
SM13_micro008.mae
Taking deprotonated structures from:
SM13_micro005.mae

This molecule from 'SM13_micro008.mae' in water was recognized as:

 # 	                  Shell                   
---	------------------------------------------
1: 	secondary aniline                         
2: 	Protonation of sp3-like aliphatic nitrogen
3: 	Protonation of generic atom               


Executing conformational search...

Executing 2 distributed subjobs:
---------------------------------

No more than 8 cpu(s) will be used per subjob.
No more than 10 cpu(s) will be used simultaneously.

Processing the following subjobs:
(1) jaguar run csrch.py SM13_micro008.mae -jobname SM13_micro008 -max_conf 5 -erg_window 50.208 -acc_level 1 -TPP 5
(2) jaguar run csrch.py SM13_micro005.mae -jobname SM13_micro005 -max_conf 5 -erg_window 50.208 -acc_level 1 -TPP 5

Running subjobs on hosts:
  lsf-cpu (Max: 2)
Number of jobs:       2
Max retries per job:  3
Max allowed failures: unlimited
Run with -LOCAL:      False
Verbosity:            normal

Starting JobDJ...

Keep one job on driver host: False
JobDJ columns:
  C: Number of completed subjobs
  A: Number of active subjobs (e.g., submitted, running)
  W: Number of waiting/pending subjobs

C A W | Activity  JobId  JobName  JobHost
- - - | --------- -----------------------
0 1 1 | launched  ls18-0-5aeca2c7 SM13_micro008 lsf-cpu
0 2 0 | launched  ls18-0-5aeca2ca SM13_micro005 lsf-cpu
1 1 0 | finished  ls18-0-5aeca2ca SM13_micro005 lsf-cpu [lt12]
2 0 0 | finished  ls18-0-5aeca2c7 SM13_micro008 lsf-cpu [lt02]

All jobs have completed.

2 of 2 job(s) succeeded; 0 job(s) failed.

Timer (distribute subjobs) : 988.15 secs (0 hrs, 16 mins, 28 secs)

Setting up QM workflow for (protonated, deprotonated) pair:
(1) (SM13_micro008, SM13_micro005)

Executing Jaguar quantum-mechanical subjobs...

Executing 10 distributed subjobs:
----------------------------------

No more than 8 cpu(s) will be used per subjob.
No more than 10 cpu(s) will be used simultaneously.

Processing the following subjobs:
(1) jaguar run pka_prot.bat -jobname SM13_micro008_conf_1 SM13_micro008_conf_1.in
(2) jaguar run pka_prot.bat -jobname SM13_micro008_conf_2 SM13_micro008_conf_2.in
(3) jaguar run pka_prot.bat -jobname SM13_micro008_conf_3 SM13_micro008_conf_3.in
(4) jaguar run pka_prot.bat -jobname SM13_micro008_conf_4 SM13_micro008_conf_4.in
(5) jaguar run pka_prot.bat -jobname SM13_micro008_conf_5 SM13_micro008_conf_5.in
(6) jaguar run pka_deprot.bat -jobname SM13_micro005_conf_1 SM13_micro005_conf_1.in
(7) jaguar run pka_deprot.bat -jobname SM13_micro005_conf_2 SM13_micro005_conf_2.in
(8) jaguar run pka_deprot.bat -jobname SM13_micro005_conf_3 SM13_micro005_conf_3.in
(9) jaguar run pka_deprot.bat -jobname SM13_micro005_conf_4 SM13_micro005_conf_4.in
(10) jaguar run pka_deprot.bat -jobname SM13_micro005_conf_5 SM13_micro005_conf_5.in

Running subjobs on hosts:
  lsf-cpu (Max: 10)
Number of jobs:       10
Max retries per job:  3
Max allowed failures: unlimited
Run with -LOCAL:      False
Verbosity:            normal

Starting JobDJ...

Keep one job on driver host: True
JobDJ columns:
  C: Number of completed subjobs
  A: Number of active subjobs (e.g., submitted, running)
  W: Number of waiting/pending subjobs

 C  A  W | Activity  JobId  JobName  JobHost
-- -- -- | --------- -----------------------
 0  1  9 | launched  ls18-0-5aeca6a4 SM13_micro008_conf_1 localhost [ls18]
 0  2  8 | launched  ls18-0-5aeca6a9 SM13_micro008_conf_2 lsf-cpu
 0  3  7 | launched  ls18-0-5aeca6b0 SM13_micro008_conf_3 lsf-cpu
 0  4  6 | launched  ls18-0-5aeca6b5 SM13_micro008_conf_4 lsf-cpu
 0  5  5 | launched  ls18-0-5aeca6bb SM13_micro008_conf_5 lsf-cpu
 0  6  4 | launched  ls18-0-5aeca6c0 SM13_micro005_conf_1 lsf-cpu
 0  7  3 | launched  ls18-0-5aeca6c7 SM13_micro005_conf_2 lsf-cpu
 0  8  2 | launched  ls18-0-5aeca6cc SM13_micro005_conf_3 lsf-cpu
 0  9  1 | launched  ls18-0-5aeca6d2 SM13_micro005_conf_4 lsf-cpu
 0 10  0 | launched  ls18-0-5aeca6d8 SM13_micro005_conf_5 lsf-cpu
 1  9  0 | finished  ls18-0-5aeca6c0 SM13_micro005_conf_1 lsf-cpu [ls07]
 2  8  0 | finished  ls18-0-5aeca6c7 SM13_micro005_conf_2 lsf-cpu [lt04]
 3  7  0 | finished  ls18-0-5aeca6cc SM13_micro005_conf_3 lsf-cpu [ls18]
 4  6  0 | finished  ls18-0-5aeca6d2 SM13_micro005_conf_4 lsf-cpu [lt02]
 5  5  0 | finished  ls18-0-5aeca6b0 SM13_micro008_conf_3 lsf-cpu [ls12]
 6  4  0 | finished  ls18-0-5aeca6d8 SM13_micro005_conf_5 lsf-cpu [lt02]
 7  3  0 | finished  ls18-0-5aeca6b5 SM13_micro008_conf_4 lsf-cpu [ls12]
 8  2  0 | finished  ls18-0-5aeca6a9 SM13_micro008_conf_2 lsf-cpu [ls12]
 9  1  0 | finished  ls18-0-5aeca6a4 SM13_micro008_conf_1 localhost [ls18]
10  0  0 | finished  ls18-0-5aeca6bb SM13_micro008_conf_5 lsf-cpu [ls07]

All jobs have completed.

10 of 10 job(s) succeeded; 0 job(s) failed.

Timer (distribute subjobs) : 4514.61 secs (1 hrs, 15 mins, 14 secs)

Processing QM output files...

Executing subprocess:
/data/chodera/schrodinger/schrodinger2017-4-advanced/jaguar results -energy SM13_micro008_conf_1.nrg_h.out

Executing subprocess:
/data/chodera/schrodinger/schrodinger2017-4-advanced/jaguar results -esolv SM13_micro008_conf_1.sol_h.out

Executing subprocess:
/data/chodera/schrodinger/schrodinger2017-4-advanced/jaguar results -energy SM13_micro008_conf_2.nrg_h.out

Executing subprocess:
/data/chodera/schrodinger/schrodinger2017-4-advanced/jaguar results -esolv SM13_micro008_conf_2.sol_h.out

Executing subprocess:
/data/chodera/schrodinger/schrodinger2017-4-advanced/jaguar results -energy SM13_micro008_conf_3.nrg_h.out

Executing subprocess:
/data/chodera/schrodinger/schrodinger2017-4-advanced/jaguar results -esolv SM13_micro008_conf_3.sol_h.out

Executing subprocess:
/data/chodera/schrodinger/schrodinger2017-4-advanced/jaguar results -energy SM13_micro008_conf_4.nrg_h.out

Executing subprocess:
/data/chodera/schrodinger/schrodinger2017-4-advanced/jaguar results -esolv SM13_micro008_conf_4.sol_h.out

Executing subprocess:
/data/chodera/schrodinger/schrodinger2017-4-advanced/jaguar results -energy SM13_micro008_conf_5.nrg_h.out

Executing subprocess:
/data/chodera/schrodinger/schrodinger2017-4-advanced/jaguar results -esolv SM13_micro008_conf_5.sol_h.out

Executing subprocess:
/data/chodera/schrodinger/schrodinger2017-4-advanced/jaguar results -energy SM13_micro005_conf_1.nrg.out

Executing subprocess:
/data/chodera/schrodinger/schrodinger2017-4-advanced/jaguar results -esolv SM13_micro005_conf_1.sol.out

Executing subprocess:
/data/chodera/schrodinger/schrodinger2017-4-advanced/jaguar results -energy SM13_micro005_conf_2.nrg.out

Executing subprocess:
/data/chodera/schrodinger/schrodinger2017-4-advanced/jaguar results -esolv SM13_micro005_conf_2.sol.out

Executing subprocess:
/data/chodera/schrodinger/schrodinger2017-4-advanced/jaguar results -energy SM13_micro005_conf_3.nrg.out

Executing subprocess:
/data/chodera/schrodinger/schrodinger2017-4-advanced/jaguar results -esolv SM13_micro005_conf_3.sol.out

Executing subprocess:
/data/chodera/schrodinger/schrodinger2017-4-advanced/jaguar results -energy SM13_micro005_conf_4.nrg.out

Executing subprocess:
/data/chodera/schrodinger/schrodinger2017-4-advanced/jaguar results -esolv SM13_micro005_conf_4.sol.out

Executing subprocess:
/data/chodera/schrodinger/schrodinger2017-4-advanced/jaguar results -energy SM13_micro005_conf_5.nrg.out

Executing subprocess:
/data/chodera/schrodinger/schrodinger2017-4-advanced/jaguar results -esolv SM13_micro005_conf_5.sol.out

Executing subprocess:
/data/chodera/schrodinger/schrodinger2017-4-advanced/jaguar-v9.8/bin/Linux-x86_64/pka -o SM13_micro008_deprot-out.mae -j SM13_micro008.jres -n -d

Executing subprocess:
/data/chodera/schrodinger/schrodinger2017-4-advanced/jaguar-v9.8/bin/Linux-x86_64/pka -o SM13_micro008_prot-out.mae -j SM13_micro008.jres -n

pKa calculation for SM13_micro008 completed.

pKa workflow jag_SM13_micro008_SM13_micro005 completed.

Timer (Jaguar pKa) : 5581.27 secs (1 hrs, 33 mins, 01 secs)
Timer (jaguar_backend.py) : 5581.27 secs (1 hrs, 33 mins, 01 secs)
Finished:   Fri May  4 15:46:23 2018
