Taking protonated structures from:
SM21_micro033_conf_1.dft_h.01.mae
SM21_micro033_conf_2.dft_h.01.mae
SM21_micro033_conf_3.dft_h.01.mae
SM21_micro033_conf_4.dft_h.01.mae
SM21_micro033_conf_5.dft_h.01.mae
Taking deprotonated structures from:
SM21_micro031_conf_1.dft.01.mae
SM21_micro031_conf_2.dft.01.mae
SM21_micro031_conf_3.dft.01.mae
SM21_micro031_conf_4.dft.01.mae
SM21_micro031_conf_5.dft.01.mae

Corrected results for 'protonated' structure in water:
pKa atom: 26

 # 	           Shell           	 pKa 	RMSD	 Contribution
---	---------------------------	-----	-----	--------------
1: 	pyrimidine                 	-15.91	0.242	    29.71%
2: 	heterocycle custom 1       	-27.79	0.617	    37.86%
3: 	heterocycle                	-26.25	0.837	    20.96%
4: 	Protonation of generic atom	-19.08	2.264	    11.47%

 Final weighted pKa value is -22.94



