Command:    jaguar run pka.py -jobname jag_SM10_micro009_SM10_micro034 -PARALLEL 10 -WAIT -n -csrch -prot SM10_micro009.in -deprot SM10_micro034.in
Release:    2017-4
Exec:       /data/chodera/schrodinger/schrodinger2017-4-advanced/jaguar-v9.8/bin/Linux-x86_64
Host:       lt09
JobId:      lt09-0-5af455f7
JobDir:     /lila/data/chodera/schrodinger/tmpdir/rustenburg/jag_SM10_micro009_SM10_micro034
Date:       Thu May 10 10:23:53 2018

Contents of /lila/data/chodera/schrodinger/tmpdir/rustenburg/jag_SM10_micro009_SM10_micro034:
/lila/data/chodera/schrodinger/tmpdir/rustenburg/jag_SM10_micro009_SM10_micro034/lt09-0-5af455f7.recover
/lila/data/chodera/schrodinger/tmpdir/rustenburg/jag_SM10_micro009_SM10_micro034/jag_SM10_micro009_SM10_micro034.recover
/lila/data/chodera/schrodinger/tmpdir/rustenburg/jag_SM10_micro009_SM10_micro034/SM10_micro009.mae
/lila/data/chodera/schrodinger/tmpdir/rustenburg/jag_SM10_micro009_SM10_micro034/SM10_micro034.in
/lila/data/chodera/schrodinger/tmpdir/rustenburg/jag_SM10_micro009_SM10_micro034/lt09-0-5af455f7
/lila/data/chodera/schrodinger/tmpdir/rustenburg/jag_SM10_micro009_SM10_micro034/SM10_micro034.mae
/lila/data/chodera/schrodinger/tmpdir/rustenburg/jag_SM10_micro009_SM10_micro034/lt09-0-5af455f7.mpinodes
/lila/data/chodera/schrodinger/tmpdir/rustenburg/jag_SM10_micro009_SM10_micro034/SM10_micro009.in
/lila/data/chodera/schrodinger/tmpdir/rustenburg/jag_SM10_micro009_SM10_micro034/jag_SM10_micro009_SM10_micro034.log

=====================
 Jaguar pKa workflow
=====================

Analysing user-provided (prot, deprot) pair:
(SM10_micro009.in, SM10_micro034.in)
Found labile hydrogen 23 in SM10_micro009.in
Found labile hydrogen at atom 15 in SM10_micro034.in
Adding 'ipkat' keyword to input files.

Identifying pKa functional group for pair:
(SM10_micro009, SM10_micro034)

Executing subprocess:
/data/chodera/schrodinger/schrodinger2017-4-advanced/jaguar-v9.8/bin/Linux-x86_64/pka -i -j SM10_micro009.tmp.jres -n

Taking protonated structures from:
SM10_micro009.mae
Taking deprotonated structures from:
SM10_micro034.mae

This molecule from 'SM10_micro009.mae' in water was recognized as:

 # 	           Shell           
---	---------------------------
1: 	Protonation of generic atom


Executing conformational search...

Executing 2 distributed subjobs:
---------------------------------

No more than 8 cpu(s) will be used per subjob.
No more than 10 cpu(s) will be used simultaneously.

Processing the following subjobs:
(1) jaguar run csrch.py SM10_micro009.mae -jobname SM10_micro009 -max_conf 5 -erg_window 50.208 -acc_level 1 -TPP 5
(2) jaguar run csrch.py SM10_micro034.mae -jobname SM10_micro034 -max_conf 5 -erg_window 50.208 -acc_level 1 -TPP 5

Running subjobs on hosts:
  localhost (Max: 2)
Number of jobs:       2
Max retries per job:  3
Max allowed failures: unlimited
Run with -LOCAL:      False
Verbosity:            normal

Starting JobDJ...

Keep one job on driver host: False
JobDJ columns:
  C: Number of completed subjobs
  A: Number of active subjobs (e.g., submitted, running)
  W: Number of waiting/pending subjobs

C A W | Activity  JobId  JobName  JobHost
- - - | --------- -----------------------
0 1 1 | launched  lt09-0-5af455fe SM10_micro009 localhost [lt09]
0 2 0 | launched  lt09-0-5af45600 SM10_micro034 localhost [lt09]
1 1 0 | finished  lt09-0-5af45600 SM10_micro034 localhost [lt09]
2 0 0 | finished  lt09-0-5af455fe SM10_micro009 localhost [lt09]

All jobs have completed.

2 of 2 job(s) succeeded; 0 job(s) failed.

Timer (distribute subjobs) : 670.86 secs (0 hrs, 11 mins, 10 secs)

Setting up QM workflow for (protonated, deprotonated) pair:
(1) (SM10_micro009, SM10_micro034)

Executing Jaguar quantum-mechanical subjobs...

Executing 10 distributed subjobs:
----------------------------------

No more than 8 cpu(s) will be used per subjob.
No more than 10 cpu(s) will be used simultaneously.

Processing the following subjobs:
(1) jaguar run pka_prot.bat -jobname SM10_micro009_conf_1 SM10_micro009_conf_1.in
(2) jaguar run pka_prot.bat -jobname SM10_micro009_conf_2 SM10_micro009_conf_2.in
(3) jaguar run pka_prot.bat -jobname SM10_micro009_conf_3 SM10_micro009_conf_3.in
(4) jaguar run pka_prot.bat -jobname SM10_micro009_conf_4 SM10_micro009_conf_4.in
(5) jaguar run pka_prot.bat -jobname SM10_micro009_conf_5 SM10_micro009_conf_5.in
(6) jaguar run pka_deprot.bat -jobname SM10_micro034_conf_1 SM10_micro034_conf_1.in
(7) jaguar run pka_deprot.bat -jobname SM10_micro034_conf_2 SM10_micro034_conf_2.in
(8) jaguar run pka_deprot.bat -jobname SM10_micro034_conf_3 SM10_micro034_conf_3.in
(9) jaguar run pka_deprot.bat -jobname SM10_micro034_conf_4 SM10_micro034_conf_4.in
(10) jaguar run pka_deprot.bat -jobname SM10_micro034_conf_5 SM10_micro034_conf_5.in

Running subjobs on hosts:
  localhost (Max: 10)
Number of jobs:       10
Max retries per job:  3
Max allowed failures: unlimited
Run with -LOCAL:      False
Verbosity:            normal

Starting JobDJ...

Keep one job on driver host: False
JobDJ columns:
  C: Number of completed subjobs
  A: Number of active subjobs (e.g., submitted, running)
  W: Number of waiting/pending subjobs

 C  A  W | Activity  JobId  JobName  JobHost
-- -- -- | --------- -----------------------
 0  1  9 | launched  lt09-0-5af458a2 SM10_micro009_conf_1 localhost [lt09]
 0  2  8 | launched  lt09-0-5af458a4 SM10_micro009_conf_2 localhost [lt09]
 0  3  7 | launched  lt09-1-5af458a6 SM10_micro009_conf_3 localhost [lt09]
 0  4  6 | launched  lt09-0-5af458a9 SM10_micro009_conf_4 localhost [lt09]
 0  5  5 | launched  lt09-1-5af458ab SM10_micro009_conf_5 localhost [lt09]
 0  6  4 | launched  lt09-0-5af458ae SM10_micro034_conf_1 localhost [lt09]
 0  7  3 | launched  lt09-0-5af458b1 SM10_micro034_conf_2 localhost [lt09]
 0  8  2 | launched  lt09-0-5af458b5 SM10_micro034_conf_3 localhost [lt09]
 0  9  1 | launched  lt09-0-5af458b8 SM10_micro034_conf_4 localhost [lt09]
 0 10  0 | launched  lt09-0-5af458bc SM10_micro034_conf_5 localhost [lt09]
 1  9  0 | finished  lt09-0-5af458b5 SM10_micro034_conf_3 localhost [lt09]
 2  8  0 | finished  lt09-1-5af458a6 SM10_micro009_conf_3 localhost [lt09]
 3  7  0 | finished  lt09-1-5af458ab SM10_micro009_conf_5 localhost [lt09]
 4  6  0 | finished  lt09-0-5af458b8 SM10_micro034_conf_4 localhost [lt09]
 5  5  0 | finished  lt09-0-5af458a9 SM10_micro009_conf_4 localhost [lt09]
 6  4  0 | finished  lt09-0-5af458b1 SM10_micro034_conf_2 localhost [lt09]
 7  3  0 | finished  lt09-0-5af458ae SM10_micro034_conf_1 localhost [lt09]
 8  2  0 | finished  lt09-0-5af458a4 SM10_micro009_conf_2 localhost [lt09]
 9  1  0 | finished  lt09-0-5af458bc SM10_micro034_conf_5 localhost [lt09]
10  0  0 | finished  lt09-0-5af458a2 SM10_micro009_conf_1 localhost [lt09]

All jobs have completed.

10 of 10 job(s) succeeded; 0 job(s) failed.

Timer (distribute subjobs) : 6235.00 secs (1 hrs, 43 mins, 55 secs)

Processing QM output files...

Executing subprocess:
/data/chodera/schrodinger/schrodinger2017-4-advanced/jaguar results -energy SM10_micro009_conf_1.nrg_h.out

Executing subprocess:
/data/chodera/schrodinger/schrodinger2017-4-advanced/jaguar results -esolv SM10_micro009_conf_1.sol_h.out

Executing subprocess:
/data/chodera/schrodinger/schrodinger2017-4-advanced/jaguar results -energy SM10_micro009_conf_2.nrg_h.out

Executing subprocess:
/data/chodera/schrodinger/schrodinger2017-4-advanced/jaguar results -esolv SM10_micro009_conf_2.sol_h.out

Executing subprocess:
/data/chodera/schrodinger/schrodinger2017-4-advanced/jaguar results -energy SM10_micro009_conf_3.nrg_h.out

Executing subprocess:
/data/chodera/schrodinger/schrodinger2017-4-advanced/jaguar results -esolv SM10_micro009_conf_3.sol_h.out

Executing subprocess:
/data/chodera/schrodinger/schrodinger2017-4-advanced/jaguar results -energy SM10_micro009_conf_4.nrg_h.out

Executing subprocess:
/data/chodera/schrodinger/schrodinger2017-4-advanced/jaguar results -esolv SM10_micro009_conf_4.sol_h.out

Executing subprocess:
/data/chodera/schrodinger/schrodinger2017-4-advanced/jaguar results -energy SM10_micro009_conf_5.nrg_h.out

Executing subprocess:
/data/chodera/schrodinger/schrodinger2017-4-advanced/jaguar results -esolv SM10_micro009_conf_5.sol_h.out

Executing subprocess:
/data/chodera/schrodinger/schrodinger2017-4-advanced/jaguar results -energy SM10_micro034_conf_1.nrg.out

Executing subprocess:
/data/chodera/schrodinger/schrodinger2017-4-advanced/jaguar results -esolv SM10_micro034_conf_1.sol.out

Executing subprocess:
/data/chodera/schrodinger/schrodinger2017-4-advanced/jaguar results -energy SM10_micro034_conf_2.nrg.out

Executing subprocess:
/data/chodera/schrodinger/schrodinger2017-4-advanced/jaguar results -esolv SM10_micro034_conf_2.sol.out

Executing subprocess:
/data/chodera/schrodinger/schrodinger2017-4-advanced/jaguar results -energy SM10_micro034_conf_3.nrg.out

Executing subprocess:
/data/chodera/schrodinger/schrodinger2017-4-advanced/jaguar results -esolv SM10_micro034_conf_3.sol.out

Executing subprocess:
/data/chodera/schrodinger/schrodinger2017-4-advanced/jaguar results -energy SM10_micro034_conf_4.nrg.out

Executing subprocess:
/data/chodera/schrodinger/schrodinger2017-4-advanced/jaguar results -esolv SM10_micro034_conf_4.sol.out

Executing subprocess:
/data/chodera/schrodinger/schrodinger2017-4-advanced/jaguar results -energy SM10_micro034_conf_5.nrg.out

Executing subprocess:
/data/chodera/schrodinger/schrodinger2017-4-advanced/jaguar results -esolv SM10_micro034_conf_5.sol.out

Executing subprocess:
/data/chodera/schrodinger/schrodinger2017-4-advanced/jaguar-v9.8/bin/Linux-x86_64/pka -o SM10_micro009_deprot-out.mae -j SM10_micro009.jres -n -d

Executing subprocess:
/data/chodera/schrodinger/schrodinger2017-4-advanced/jaguar-v9.8/bin/Linux-x86_64/pka -o SM10_micro009_prot-out.mae -j SM10_micro009.jres -n

pKa calculation for SM10_micro009 completed.

pKa workflow jag_SM10_micro009_SM10_micro034 completed.

Timer (Jaguar pKa) : 6977.67 secs (1 hrs, 56 mins, 17 secs)
Timer (jaguar_backend.py) : 6977.67 secs (1 hrs, 56 mins, 17 secs)
Finished:   Thu May 10 12:20:10 2018
