Command:    jaguar run pka.py -jobname jag_SM06_micro012_SM06_micro003 -PARALLEL 10 -n -csrch -prot SM06_micro012.in -deprot SM06_micro003.in
Release:    2017-4
Exec:       /data/chodera/schrodinger/schrodinger2017-4-advanced/jaguar-v9.8/bin/Linux-x86_64
Host:       ls17
JobId:      lilac-0-5aec7342
JobDir:     /lila/data/chodera/schrodinger/tmpdir/rustenburg/jag_SM06_micro012_SM06_micro003
Date:       Fri May  4 10:52:01 2018

Contents of /lila/data/chodera/schrodinger/tmpdir/rustenburg/jag_SM06_micro012_SM06_micro003:
/lila/data/chodera/schrodinger/tmpdir/rustenburg/jag_SM06_micro012_SM06_micro003/SM06_micro003.mae
/lila/data/chodera/schrodinger/tmpdir/rustenburg/jag_SM06_micro012_SM06_micro003/lilac-0-5aec7342.jlog
/lila/data/chodera/schrodinger/tmpdir/rustenburg/jag_SM06_micro012_SM06_micro003/SM06_micro012.mae
/lila/data/chodera/schrodinger/tmpdir/rustenburg/jag_SM06_micro012_SM06_micro003/jag_SM06_micro012_SM06_micro003.log
/lila/data/chodera/schrodinger/tmpdir/rustenburg/jag_SM06_micro012_SM06_micro003/SM06_micro003.in
/lila/data/chodera/schrodinger/tmpdir/rustenburg/jag_SM06_micro012_SM06_micro003/jag_SM06_micro012_SM06_micro003.recover
/lila/data/chodera/schrodinger/tmpdir/rustenburg/jag_SM06_micro012_SM06_micro003/lilac-0-5aec7342
/lila/data/chodera/schrodinger/tmpdir/rustenburg/jag_SM06_micro012_SM06_micro003/lilac-0-5aec7342.nodes
/lila/data/chodera/schrodinger/tmpdir/rustenburg/jag_SM06_micro012_SM06_micro003/lilac-0-5aec7342.mpinodes
/lila/data/chodera/schrodinger/tmpdir/rustenburg/jag_SM06_micro012_SM06_micro003/lilac-0-5aec7342.hosts
/lila/data/chodera/schrodinger/tmpdir/rustenburg/jag_SM06_micro012_SM06_micro003/SM06_micro012.in
/lila/data/chodera/schrodinger/tmpdir/rustenburg/jag_SM06_micro012_SM06_micro003/lilac-0-5aec7342.recover

=====================
 Jaguar pKa workflow
=====================

Analysing user-provided (prot, deprot) pair:
(SM06_micro012.in, SM06_micro003.in)
Found labile hydrogen 29 in SM06_micro012.in
Found labile hydrogen at atom 11 in SM06_micro003.in
Adding 'ipkat' keyword to input files.

Identifying pKa functional group for pair:
(SM06_micro012, SM06_micro003)

Executing subprocess:
/data/chodera/schrodinger/schrodinger2017-4-advanced/jaguar-v9.8/bin/Linux-x86_64/pka -i -j SM06_micro012.tmp.jres -n

Taking protonated structures from:
SM06_micro012.mae
Taking deprotonated structures from:
SM06_micro003.mae

This molecule from 'SM06_micro012.mae' in water was recognized as:

 # 	                  Shell                   
---	------------------------------------------
1: 	Protonation of sp2-like aliphatic nitrogen
2: 	Protonation of generic atom               


Executing conformational search...

Executing 2 distributed subjobs:
---------------------------------

No more than 8 cpu(s) will be used per subjob.
No more than 10 cpu(s) will be used simultaneously.

Processing the following subjobs:
(1) jaguar run csrch.py SM06_micro012.mae -jobname SM06_micro012 -max_conf 5 -erg_window 50.208 -acc_level 1 -TPP 5
(2) jaguar run csrch.py SM06_micro003.mae -jobname SM06_micro003 -max_conf 5 -erg_window 50.208 -acc_level 1 -TPP 5

Running subjobs on hosts:
  lsf-cpu (Max: 2)
Number of jobs:       2
Max retries per job:  3
Max allowed failures: unlimited
Run with -LOCAL:      False
Verbosity:            normal

Starting JobDJ...

Keep one job on driver host: False
JobDJ columns:
  C: Number of completed subjobs
  A: Number of active subjobs (e.g., submitted, running)
  W: Number of waiting/pending subjobs

C A W | Activity  JobId  JobName  JobHost
- - - | --------- -----------------------
0 1 1 | launched  ls17-0-5aec7396 SM06_micro012 lsf-cpu
0 2 0 | launched  ls17-0-5aec7399 SM06_micro003 lsf-cpu
1 1 0 | finished  ls17-0-5aec7396 SM06_micro012 lsf-cpu
2 0 0 | finished  ls17-0-5aec7399 SM06_micro003 lsf-cpu

All jobs have completed.

2 of 2 job(s) succeeded; 0 job(s) failed.

Timer (distribute subjobs) : 491.15 secs (0 hrs, 08 mins, 11 secs)

Setting up QM workflow for (protonated, deprotonated) pair:
(1) (SM06_micro012, SM06_micro003)

Executing Jaguar quantum-mechanical subjobs...

Executing 10 distributed subjobs:
----------------------------------

No more than 8 cpu(s) will be used per subjob.
No more than 10 cpu(s) will be used simultaneously.

Processing the following subjobs:
(1) jaguar run pka_prot.bat -jobname SM06_micro012_conf_1 SM06_micro012_conf_1.in
(2) jaguar run pka_prot.bat -jobname SM06_micro012_conf_2 SM06_micro012_conf_2.in
(3) jaguar run pka_prot.bat -jobname SM06_micro012_conf_3 SM06_micro012_conf_3.in
(4) jaguar run pka_prot.bat -jobname SM06_micro012_conf_4 SM06_micro012_conf_4.in
(5) jaguar run pka_prot.bat -jobname SM06_micro012_conf_5 SM06_micro012_conf_5.in
(6) jaguar run pka_deprot.bat -jobname SM06_micro003_conf_1 SM06_micro003_conf_1.in
(7) jaguar run pka_deprot.bat -jobname SM06_micro003_conf_2 SM06_micro003_conf_2.in
(8) jaguar run pka_deprot.bat -jobname SM06_micro003_conf_3 SM06_micro003_conf_3.in
(9) jaguar run pka_deprot.bat -jobname SM06_micro003_conf_4 SM06_micro003_conf_4.in
(10) jaguar run pka_deprot.bat -jobname SM06_micro003_conf_5 SM06_micro003_conf_5.in

Running subjobs on hosts:
  lsf-cpu (Max: 10)
Number of jobs:       10
Max retries per job:  3
Max allowed failures: unlimited
Run with -LOCAL:      False
Verbosity:            normal

Starting JobDJ...

Keep one job on driver host: True
JobDJ columns:
  C: Number of completed subjobs
  A: Number of active subjobs (e.g., submitted, running)
  W: Number of waiting/pending subjobs

 C  A  W | Activity  JobId  JobName  JobHost
-- -- -- | --------- -----------------------
 0  1  9 | launched  ls17-0-5aec7584 SM06_micro012_conf_1 localhost [ls17]
 0  2  8 | launched  ls17-0-5aec7587 SM06_micro012_conf_2 lsf-cpu
 0  3  7 | launched  ls17-0-5aec758b SM06_micro012_conf_3 lsf-cpu
 0  4  6 | launched  ls17-0-5aec758e SM06_micro012_conf_4 lsf-cpu
 0  5  5 | launched  ls17-0-5aec7592 SM06_micro012_conf_5 lsf-cpu
 0  6  4 | launched  ls17-0-5aec7595 SM06_micro003_conf_1 lsf-cpu
 0  7  3 | launched  ls17-0-5aec7599 SM06_micro003_conf_2 lsf-cpu
 0  8  2 | launched  ls17-0-5aec759d SM06_micro003_conf_3 lsf-cpu
 0  9  1 | launched  ls17-0-5aec75a1 SM06_micro003_conf_4 lsf-cpu
 0 10  0 | launched  ls17-0-5aec75a5 SM06_micro003_conf_5 lsf-cpu
 1  9  0 | finished  ls17-0-5aec7584 SM06_micro012_conf_1 localhost [ls17]
 2  8  0 | finished  ls17-0-5aec7587 SM06_micro012_conf_2 lsf-cpu [ls01]
 3  7  0 | finished  ls17-0-5aec75a1 SM06_micro003_conf_4 lsf-cpu [lt01]
 4  6  0 | finished  ls17-0-5aec758b SM06_micro012_conf_3 lsf-cpu [lt01]
 5  5  0 | finished  ls17-0-5aec7592 SM06_micro012_conf_5 lsf-cpu [lt01]
 6  4  0 | finished  ls17-0-5aec758e SM06_micro012_conf_4 lsf-cpu [lt01]
 7  3  0 | finished  ls17-0-5aec7595 SM06_micro003_conf_1 lsf-cpu [lt01]
 8  2  0 | finished  ls17-0-5aec75a5 SM06_micro003_conf_5 lsf-cpu [lt01]
 9  1  0 | finished  ls17-0-5aec759d SM06_micro003_conf_3 lsf-cpu [lt01]
10  0  0 | finished  ls17-0-5aec7599 SM06_micro003_conf_2 lsf-cpu [lt01]

All jobs have completed.

10 of 10 job(s) succeeded; 0 job(s) failed.

Timer (distribute subjobs) : 4674.65 secs (1 hrs, 17 mins, 54 secs)

Processing QM output files...

Executing subprocess:
/data/chodera/schrodinger/schrodinger2017-4-advanced/jaguar results -energy SM06_micro012_conf_1.nrg_h.out

Executing subprocess:
/data/chodera/schrodinger/schrodinger2017-4-advanced/jaguar results -esolv SM06_micro012_conf_1.sol_h.out

Executing subprocess:
/data/chodera/schrodinger/schrodinger2017-4-advanced/jaguar results -energy SM06_micro012_conf_2.nrg_h.out

Executing subprocess:
/data/chodera/schrodinger/schrodinger2017-4-advanced/jaguar results -esolv SM06_micro012_conf_2.sol_h.out

Executing subprocess:
/data/chodera/schrodinger/schrodinger2017-4-advanced/jaguar results -energy SM06_micro012_conf_3.nrg_h.out

Executing subprocess:
/data/chodera/schrodinger/schrodinger2017-4-advanced/jaguar results -esolv SM06_micro012_conf_3.sol_h.out

Executing subprocess:
/data/chodera/schrodinger/schrodinger2017-4-advanced/jaguar results -energy SM06_micro012_conf_4.nrg_h.out

Executing subprocess:
/data/chodera/schrodinger/schrodinger2017-4-advanced/jaguar results -esolv SM06_micro012_conf_4.sol_h.out

Executing subprocess:
/data/chodera/schrodinger/schrodinger2017-4-advanced/jaguar results -energy SM06_micro012_conf_5.nrg_h.out

Executing subprocess:
/data/chodera/schrodinger/schrodinger2017-4-advanced/jaguar results -esolv SM06_micro012_conf_5.sol_h.out

Executing subprocess:
/data/chodera/schrodinger/schrodinger2017-4-advanced/jaguar results -energy SM06_micro003_conf_1.nrg.out

Executing subprocess:
/data/chodera/schrodinger/schrodinger2017-4-advanced/jaguar results -esolv SM06_micro003_conf_1.sol.out

Executing subprocess:
/data/chodera/schrodinger/schrodinger2017-4-advanced/jaguar results -energy SM06_micro003_conf_2.nrg.out

Executing subprocess:
/data/chodera/schrodinger/schrodinger2017-4-advanced/jaguar results -esolv SM06_micro003_conf_2.sol.out

Executing subprocess:
/data/chodera/schrodinger/schrodinger2017-4-advanced/jaguar results -energy SM06_micro003_conf_3.nrg.out

Executing subprocess:
/data/chodera/schrodinger/schrodinger2017-4-advanced/jaguar results -esolv SM06_micro003_conf_3.sol.out

Executing subprocess:
/data/chodera/schrodinger/schrodinger2017-4-advanced/jaguar results -energy SM06_micro003_conf_4.nrg.out

Executing subprocess:
/data/chodera/schrodinger/schrodinger2017-4-advanced/jaguar results -esolv SM06_micro003_conf_4.sol.out

Executing subprocess:
/data/chodera/schrodinger/schrodinger2017-4-advanced/jaguar results -energy SM06_micro003_conf_5.nrg.out

Executing subprocess:
/data/chodera/schrodinger/schrodinger2017-4-advanced/jaguar results -esolv SM06_micro003_conf_5.sol.out

Executing subprocess:
/data/chodera/schrodinger/schrodinger2017-4-advanced/jaguar-v9.8/bin/Linux-x86_64/pka -o SM06_micro012_deprot-out.mae -j SM06_micro012.jres -n -d

Executing subprocess:
/data/chodera/schrodinger/schrodinger2017-4-advanced/jaguar-v9.8/bin/Linux-x86_64/pka -o SM06_micro012_prot-out.mae -j SM06_micro012.jres -n

pKa calculation for SM06_micro012 completed.

pKa workflow jag_SM06_micro012_SM06_micro003 completed.

Timer (Jaguar pKa) : 5264.78 secs (1 hrs, 27 mins, 44 secs)
Timer (jaguar_backend.py) : 5264.78 secs (1 hrs, 27 mins, 44 secs)
Finished:   Fri May  4 12:19:46 2018
