Taking protonated structures from:
SM19_micro012_conf_1.dft_h.01.mae
SM19_micro012_conf_2.dft_h.01.mae
SM19_micro012_conf_3.dft_h.01.mae
SM19_micro012_conf_4.dft_h.01.mae
SM19_micro012_conf_5.dft_h.01.mae
Taking deprotonated structures from:
SM19_micro010_conf_1.dft.01.mae
SM19_micro010_conf_2.dft.01.mae
SM19_micro010_conf_3.dft.01.mae
SM19_micro010_conf_4.dft.01.mae
SM19_micro010_conf_5.dft.01.mae

Corrected results for 'protonated' structure in water:
pKa atom: 33

 # 	                 Shell                  	 pKa 	RMSD	 Contribution
---	----------------------------------------	-----	-----	--------------
1: 	mono keto CH acid                       	18.43	0.641	    58.22%
2: 	Protonation of generic atom             	15.55	2.264	    36.07%
3: 	aliphatic CH acid in water              	13.90	2.584	     2.89%
4: 	Protonation of sp2-like aliphatic carbon	14.05	2.605	     2.81%

 Final weighted pKa value is 17.14



