Command:    jaguar run pka.py -jobname jag_SM11_micro013_SM11_micro005 -PARALLEL 10 -n -csrch -prot SM11_micro013.in -deprot SM11_micro005.in
Release:    2017-4
Exec:       /data/chodera/schrodinger/schrodinger2017-4-advanced/jaguar-v9.8/bin/Linux-x86_64
Host:       lt02
JobId:      lilac-0-5aec99e9
JobDir:     /lila/data/chodera/schrodinger/tmpdir/rustenburg/jag_SM11_micro013_SM11_micro005
Date:       Fri May  4 13:35:46 2018

Contents of /lila/data/chodera/schrodinger/tmpdir/rustenburg/jag_SM11_micro013_SM11_micro005:
/lila/data/chodera/schrodinger/tmpdir/rustenburg/jag_SM11_micro013_SM11_micro005/SM11_micro005.in
/lila/data/chodera/schrodinger/tmpdir/rustenburg/jag_SM11_micro013_SM11_micro005/SM11_micro013.mae
/lila/data/chodera/schrodinger/tmpdir/rustenburg/jag_SM11_micro013_SM11_micro005/SM11_micro005.mae
/lila/data/chodera/schrodinger/tmpdir/rustenburg/jag_SM11_micro013_SM11_micro005/lilac-0-5aec99e9.mpinodes
/lila/data/chodera/schrodinger/tmpdir/rustenburg/jag_SM11_micro013_SM11_micro005/jag_SM11_micro013_SM11_micro005.log
/lila/data/chodera/schrodinger/tmpdir/rustenburg/jag_SM11_micro013_SM11_micro005/lilac-0-5aec99e9.nodes
/lila/data/chodera/schrodinger/tmpdir/rustenburg/jag_SM11_micro013_SM11_micro005/lilac-0-5aec99e9.recover
/lila/data/chodera/schrodinger/tmpdir/rustenburg/jag_SM11_micro013_SM11_micro005/lilac-0-5aec99e9.hosts
/lila/data/chodera/schrodinger/tmpdir/rustenburg/jag_SM11_micro013_SM11_micro005/jag_SM11_micro013_SM11_micro005.recover
/lila/data/chodera/schrodinger/tmpdir/rustenburg/jag_SM11_micro013_SM11_micro005/lilac-0-5aec99e9.jlog
/lila/data/chodera/schrodinger/tmpdir/rustenburg/jag_SM11_micro013_SM11_micro005/SM11_micro013.in
/lila/data/chodera/schrodinger/tmpdir/rustenburg/jag_SM11_micro013_SM11_micro005/lilac-0-5aec99e9

=====================
 Jaguar pKa workflow
=====================

Analysing user-provided (prot, deprot) pair:
(SM11_micro013.in, SM11_micro005.in)
Found labile hydrogen 17 in SM11_micro013.in
Found labile hydrogen at atom 13 in SM11_micro005.in
Adding 'ipkat' keyword to input files.

Identifying pKa functional group for pair:
(SM11_micro013, SM11_micro005)

Executing subprocess:
/data/chodera/schrodinger/schrodinger2017-4-advanced/jaguar-v9.8/bin/Linux-x86_64/pka -i -j SM11_micro013.tmp.jres -n

Taking protonated structures from:
SM11_micro013.mae
Taking deprotonated structures from:
SM11_micro005.mae

This molecule from 'SM11_micro013.mae' in water was recognized as:

 # 	                  Shell                   
---	------------------------------------------
1: 	NR2 attached to heterocycle               
2: 	Protonation of sp3-like aliphatic nitrogen
3: 	Protonation of generic atom               


Executing conformational search...

Executing 2 distributed subjobs:
---------------------------------

No more than 8 cpu(s) will be used per subjob.
No more than 10 cpu(s) will be used simultaneously.

Processing the following subjobs:
(1) jaguar run csrch.py SM11_micro013.mae -jobname SM11_micro013 -max_conf 5 -erg_window 50.208 -acc_level 1 -TPP 5
(2) jaguar run csrch.py SM11_micro005.mae -jobname SM11_micro005 -max_conf 5 -erg_window 50.208 -acc_level 1 -TPP 5

Running subjobs on hosts:
  lsf-cpu (Max: 2)
Number of jobs:       2
Max retries per job:  3
Max allowed failures: unlimited
Run with -LOCAL:      False
Verbosity:            normal

Starting JobDJ...

Keep one job on driver host: False
JobDJ columns:
  C: Number of completed subjobs
  A: Number of active subjobs (e.g., submitted, running)
  W: Number of waiting/pending subjobs

C A W | Activity  JobId  JobName  JobHost
- - - | --------- -----------------------
0 1 1 | launched  lt02-0-5aec99fa SM11_micro013 lsf-cpu
0 2 0 | launched  lt02-1-5aec99ff SM11_micro005 lsf-cpu
1 1 0 | finished  lt02-1-5aec99ff SM11_micro005 lsf-cpu
2 0 0 | finished  lt02-0-5aec99fa SM11_micro013 lsf-cpu

All jobs have completed.

2 of 2 job(s) succeeded; 0 job(s) failed.

Timer (distribute subjobs) : 259.94 secs (0 hrs, 04 mins, 19 secs)

Setting up QM workflow for (protonated, deprotonated) pair:
(1) (SM11_micro013, SM11_micro005)

Executing Jaguar quantum-mechanical subjobs...

Executing 5 distributed subjobs:
---------------------------------

No more than 8 cpu(s) will be used per subjob.
No more than 10 cpu(s) will be used simultaneously.

Processing the following subjobs:
(1) jaguar run pka_prot.bat -jobname SM11_micro013_conf_1 SM11_micro013_conf_1.in -TPP 2
(2) jaguar run pka_prot.bat -jobname SM11_micro013_conf_2 SM11_micro013_conf_2.in -TPP 2
(3) jaguar run pka_deprot.bat -jobname SM11_micro005_conf_1 SM11_micro005_conf_1.in -TPP 2
(4) jaguar run pka_deprot.bat -jobname SM11_micro005_conf_2 SM11_micro005_conf_2.in -TPP 2
(5) jaguar run pka_deprot.bat -jobname SM11_micro005_conf_3 SM11_micro005_conf_3.in -TPP 2

Running subjobs on hosts:
  lsf-cpu (Max: 5)
Number of jobs:       5
Max retries per job:  3
Max allowed failures: unlimited
Run with -LOCAL:      False
Verbosity:            normal

Starting JobDJ...

Keep one job on driver host: False
JobDJ columns:
  C: Number of completed subjobs
  A: Number of active subjobs (e.g., submitted, running)
  W: Number of waiting/pending subjobs

C A W | Activity  JobId  JobName  JobHost
- - - | --------- -----------------------
0 1 4 | launched  lt02-0-5aec9b03 SM11_micro013_conf_1 lsf-cpu
0 2 3 | launched  lt02-0-5aec9b06 SM11_micro013_conf_2 lsf-cpu
0 3 2 | launched  lt02-0-5aec9b0a SM11_micro005_conf_1 lsf-cpu
0 4 1 | launched  lt02-1-5aec9b0d SM11_micro005_conf_2 lsf-cpu
0 5 0 | launched  lt02-0-5aec9b13 SM11_micro005_conf_3 lsf-cpu
1 4 0 | finished  lt02-0-5aec9b03 SM11_micro013_conf_1 lsf-cpu [lt14]
2 3 0 | finished  lt02-0-5aec9b06 SM11_micro013_conf_2 lsf-cpu
3 2 0 | finished  lt02-1-5aec9b0d SM11_micro005_conf_2 lsf-cpu
4 1 0 | finished  lt02-0-5aec9b0a SM11_micro005_conf_1 lsf-cpu [lt14]
5 0 0 | finished  lt02-0-5aec9b13 SM11_micro005_conf_3 lsf-cpu [ls12]

All jobs have completed.

5 of 5 job(s) succeeded; 0 job(s) failed.

Timer (distribute subjobs) : 1320.03 secs (0 hrs, 22 mins, 00 secs)

Processing QM output files...

Executing subprocess:
/data/chodera/schrodinger/schrodinger2017-4-advanced/jaguar results -energy SM11_micro013_conf_1.nrg_h.out

Executing subprocess:
/data/chodera/schrodinger/schrodinger2017-4-advanced/jaguar results -esolv SM11_micro013_conf_1.sol_h.out

Executing subprocess:
/data/chodera/schrodinger/schrodinger2017-4-advanced/jaguar results -energy SM11_micro013_conf_2.nrg_h.out

Executing subprocess:
/data/chodera/schrodinger/schrodinger2017-4-advanced/jaguar results -esolv SM11_micro013_conf_2.sol_h.out

Executing subprocess:
/data/chodera/schrodinger/schrodinger2017-4-advanced/jaguar results -energy SM11_micro005_conf_1.nrg.out

Executing subprocess:
/data/chodera/schrodinger/schrodinger2017-4-advanced/jaguar results -esolv SM11_micro005_conf_1.sol.out

Executing subprocess:
/data/chodera/schrodinger/schrodinger2017-4-advanced/jaguar results -energy SM11_micro005_conf_2.nrg.out

Executing subprocess:
/data/chodera/schrodinger/schrodinger2017-4-advanced/jaguar results -esolv SM11_micro005_conf_2.sol.out

Executing subprocess:
/data/chodera/schrodinger/schrodinger2017-4-advanced/jaguar results -energy SM11_micro005_conf_3.nrg.out

Executing subprocess:
/data/chodera/schrodinger/schrodinger2017-4-advanced/jaguar results -esolv SM11_micro005_conf_3.sol.out

Executing subprocess:
/data/chodera/schrodinger/schrodinger2017-4-advanced/jaguar-v9.8/bin/Linux-x86_64/pka -o SM11_micro013_deprot-out.mae -j SM11_micro013.jres -n -d

Executing subprocess:
/data/chodera/schrodinger/schrodinger2017-4-advanced/jaguar-v9.8/bin/Linux-x86_64/pka -o SM11_micro013_prot-out.mae -j SM11_micro013.jres -n

pKa calculation for SM11_micro013 completed.

pKa workflow jag_SM11_micro013_SM11_micro005 completed.

Timer (Jaguar pKa) : 1642.13 secs (0 hrs, 27 mins, 22 secs)
Timer (jaguar_backend.py) : 1642.13 secs (0 hrs, 27 mins, 22 secs)
Finished:   Fri May  4 14:03:08 2018
