Taking protonated structures from:
SM23_micro043_conf_1.dft_h.01.mae
SM23_micro043_conf_2.dft_h.01.mae
SM23_micro043_conf_3.dft_h.01.mae
SM23_micro043_conf_4.dft_h.01.mae
SM23_micro043_conf_5.dft_h.01.mae
Taking deprotonated structures from:
SM23_micro024_conf_1.dft.01.mae
SM23_micro024_conf_2.dft.01.mae
SM23_micro024_conf_3.dft.01.mae
SM23_micro024_conf_4.dft.01.mae
SM23_micro024_conf_5.dft.01.mae

Corrected results for 'protonated' structure in water:
pKa atom: 32

 # 	                  Shell                   	 pKa 	RMSD	 Contribution
---	------------------------------------------	-----	-----	--------------
1: 	secondary aniline                         	-8.60	0.275	    94.29%
2: 	Protonation of sp3-like aliphatic nitrogen	-7.45	1.715	     5.33%
3: 	Protonation of generic atom               	-7.30	2.264	     0.38%

 Final weighted pKa value is -8.53



