Taking protonated structures from:
SM18_micro028_conf_1.dft_h.01.mae
SM18_micro028_conf_2.dft_h.01.mae
SM18_micro028_conf_3.dft_h.01.mae
SM18_micro028_conf_4.dft_h.01.mae
SM18_micro028_conf_5.dft_h.01.mae
Taking deprotonated structures from:
SM18_micro071_conf_1.dft.01.mae
SM18_micro071_conf_2.dft.01.mae
SM18_micro071_conf_3.dft.01.mae
SM18_micro071_conf_4.dft.01.mae
SM18_micro071_conf_5.dft.01.mae

Corrected results for 'protonated' structure in water:
pKa atom: 35

 # 	            Shell             	 pKa 	RMSD	 Contribution
---	------------------------------	-----	-----	--------------
1: 	OH attached to heterocycle    	 7.24	0.570	    96.21%
2: 	Protonation of generic atom   	 5.50	2.264	     1.29%
3: 	Protonation of sp2-like oxygen	 5.51	2.568	     2.50%

 Final weighted pKa value is 7.18



