Taking protonated structures from:
SM10_micro021_conf_1.dft_h.01.mae
SM10_micro021_conf_2.dft_h.01.mae
SM10_micro021_conf_3.dft_h.01.mae
SM10_micro021_conf_4.dft_h.01.mae
SM10_micro021_conf_5.dft_h.01.mae
Taking deprotonated structures from:
SM10_micro002_conf_1.dft.01.mae
SM10_micro002_conf_2.dft.01.mae
SM10_micro002_conf_3.dft.01.mae
SM10_micro002_conf_4.dft.01.mae
SM10_micro002_conf_5.dft.01.mae

Corrected results for 'protonated' structure in water:
pKa atom: 23

 # 	           Shell           	 pKa 	RMSD	 Contribution
---	---------------------------	-----	-----	--------------
1: 	thiazole/benzothiazole     	11.94	0.647	    93.40%
2: 	heterocycle                	13.55	0.837	     4.83%
3: 	Protonation of generic atom	11.95	2.264	     1.77%

 Final weighted pKa value is 12.02



