Taking protonated structures from:
SM10_micro031_conf_1.dft_h.01.mae
SM10_micro031_conf_2.dft_h.01.mae
SM10_micro031_conf_3.dft_h.01.mae
SM10_micro031_conf_4.dft_h.01.mae
SM10_micro031_conf_5.dft_h.01.mae
Taking deprotonated structures from:
SM10_micro013_conf_1.dft.01.mae
SM10_micro013_conf_2.dft.01.mae
SM10_micro013_conf_3.dft.01.mae
SM10_micro013_conf_4.dft.01.mae
SM10_micro013_conf_5.dft.01.mae

Corrected results for 'protonated' structure in water:
pKa atom: 31

 # 	                  Shell                   	 pKa 	RMSD	 Contribution
---	------------------------------------------	-----	-----	--------------
1: 	RN=Het                                    	 9.69	0.551	    78.41%
2: 	Protonation of sp2-like aliphatic nitrogen	 6.84	1.751	    14.31%
3: 	Protonation of generic atom               	 7.15	2.264	     7.28%

 Final weighted pKa value is 9.10



