Command:    jaguar run pka.py -jobname jag_SM08_micro009_SM08_micro004 -PARALLEL 10 -WAIT -n -csrch -prot SM08_micro009.in -deprot SM08_micro004.in
Release:    2017-4
Exec:       /data/chodera/schrodinger/schrodinger2017-4-advanced/jaguar-v9.8/bin/Linux-x86_64
Host:       lt07
JobId:      lt02-5-5af3624d
JobDir:     /lila/data/chodera/schrodinger/tmpdir/rustenburg/jag_SM08_micro009_SM08_micro004.1
Date:       Wed May  9 17:04:44 2018

Contents of /lila/data/chodera/schrodinger/tmpdir/rustenburg/jag_SM08_micro009_SM08_micro004.1:
/lila/data/chodera/schrodinger/tmpdir/rustenburg/jag_SM08_micro009_SM08_micro004.1/lt02-5-5af3624d
/lila/data/chodera/schrodinger/tmpdir/rustenburg/jag_SM08_micro009_SM08_micro004.1/lt02-5-5af3624d.jlog
/lila/data/chodera/schrodinger/tmpdir/rustenburg/jag_SM08_micro009_SM08_micro004.1/SM08_micro009.in
/lila/data/chodera/schrodinger/tmpdir/rustenburg/jag_SM08_micro009_SM08_micro004.1/lt02-5-5af3624d.nodes
/lila/data/chodera/schrodinger/tmpdir/rustenburg/jag_SM08_micro009_SM08_micro004.1/lt02-5-5af3624d.mpinodes
/lila/data/chodera/schrodinger/tmpdir/rustenburg/jag_SM08_micro009_SM08_micro004.1/SM08_micro009.mae
/lila/data/chodera/schrodinger/tmpdir/rustenburg/jag_SM08_micro009_SM08_micro004.1/SM08_micro004.in
/lila/data/chodera/schrodinger/tmpdir/rustenburg/jag_SM08_micro009_SM08_micro004.1/lt02-5-5af3624d.recover
/lila/data/chodera/schrodinger/tmpdir/rustenburg/jag_SM08_micro009_SM08_micro004.1/SM08_micro004.mae
/lila/data/chodera/schrodinger/tmpdir/rustenburg/jag_SM08_micro009_SM08_micro004.1/jag_SM08_micro009_SM08_micro004.recover
/lila/data/chodera/schrodinger/tmpdir/rustenburg/jag_SM08_micro009_SM08_micro004.1/lt02-5-5af3624d.hosts
/lila/data/chodera/schrodinger/tmpdir/rustenburg/jag_SM08_micro009_SM08_micro004.1/jag_SM08_micro009_SM08_micro004.log

=====================
 Jaguar pKa workflow
=====================

Analysing user-provided (prot, deprot) pair:
(SM08_micro009.in, SM08_micro004.in)
Found labile hydrogen 23 in SM08_micro009.in
Found labile hydrogen at atom 11 in SM08_micro004.in
Adding 'ipkat' keyword to input files.

Identifying pKa functional group for pair:
(SM08_micro009, SM08_micro004)

Executing subprocess:
/data/chodera/schrodinger/schrodinger2017-4-advanced/jaguar-v9.8/bin/Linux-x86_64/pka -i -j SM08_micro009.tmp.jres -n

Taking protonated structures from:
SM08_micro009.mae
Taking deprotonated structures from:
SM08_micro004.mae

This molecule from 'SM08_micro009.mae' in water was recognized as:

 # 	                 Shell                 
---	---------------------------------------
1: 	OH attached to heterocycle (with one N)
2: 	Protonation of generic atom            
3: 	Protonation of sp2-like oxygen         


Executing conformational search...

Executing 2 distributed subjobs:
---------------------------------

No more than 8 cpu(s) will be used per subjob.
No more than 10 cpu(s) will be used simultaneously.

Processing the following subjobs:
(1) jaguar run csrch.py SM08_micro009.mae -jobname SM08_micro009 -max_conf 5 -erg_window 50.208 -acc_level 1 -TPP 5
(2) jaguar run csrch.py SM08_micro004.mae -jobname SM08_micro004 -max_conf 5 -erg_window 50.208 -acc_level 1 -TPP 5

Running subjobs on hosts:
  lsf-cpu (Max: 2)
Number of jobs:       2
Max retries per job:  3
Max allowed failures: unlimited
Run with -LOCAL:      False
Verbosity:            normal

Starting JobDJ...

Keep one job on driver host: False
JobDJ columns:
  C: Number of completed subjobs
  A: Number of active subjobs (e.g., submitted, running)
  W: Number of waiting/pending subjobs

C A W | Activity  JobId  JobName  JobHost
- - - | --------- -----------------------
0 1 1 | launched  lt07-0-5af36277 SM08_micro009 lsf-cpu
0 2 0 | launched  lt07-3-5af3627e SM08_micro004 lsf-cpu
1 1 0 | finished  lt07-3-5af3627e SM08_micro004 lsf-cpu
2 0 0 | finished  lt07-0-5af36277 SM08_micro009 lsf-cpu

All jobs have completed.

2 of 2 job(s) succeeded; 0 job(s) failed.

Timer (distribute subjobs) : 607.97 secs (0 hrs, 10 mins, 07 secs)

Setting up QM workflow for (protonated, deprotonated) pair:
(1) (SM08_micro009, SM08_micro004)

Executing Jaguar quantum-mechanical subjobs...

Executing 3 distributed subjobs:
---------------------------------

No more than 8 cpu(s) will be used per subjob.
No more than 10 cpu(s) will be used simultaneously.

Processing the following subjobs:
(1) jaguar run pka_prot.bat -jobname SM08_micro009_conf_1 SM08_micro009_conf_1.in -TPP 4
(2) jaguar run pka_prot.bat -jobname SM08_micro009_conf_2 SM08_micro009_conf_2.in -TPP 3
(3) jaguar run pka_deprot.bat -jobname SM08_micro004_conf SM08_micro004_conf.in -TPP 3

Running subjobs on hosts:
  lsf-cpu (Max: 3)
Number of jobs:       3
Max retries per job:  3
Max allowed failures: unlimited
Run with -LOCAL:      False
Verbosity:            normal

Starting JobDJ...

Keep one job on driver host: False
JobDJ columns:
  C: Number of completed subjobs
  A: Number of active subjobs (e.g., submitted, running)
  W: Number of waiting/pending subjobs

C A W | Activity  JobId  JobName  JobHost
- - - | --------- -----------------------
0 1 2 | launched  lt07-3-5af36515 SM08_micro009_conf_1 lsf-cpu
0 2 1 | launched  lt07-1-5af36586 SM08_micro009_conf_2 lsf-cpu
0 3 0 | launched  lt07-0-5af365a1 SM08_micro004_conf lsf-cpu
1 2 0 | finished  lt07-3-5af36515 SM08_micro009_conf_1 lsf-cpu [lt02]
2 1 0 | finished  lt07-0-5af365a1 SM08_micro004_conf lsf-cpu [ls01]
3 0 0 | finished  lt07-1-5af36586 SM08_micro009_conf_2 lsf-cpu [lt09]

All jobs have completed.

3 of 3 job(s) succeeded; 0 job(s) failed.

Timer (distribute subjobs) : 2381.96 secs (0 hrs, 39 mins, 41 secs)

Processing QM output files...

Executing subprocess:
/data/chodera/schrodinger/schrodinger2017-4-advanced/jaguar results -energy SM08_micro009_conf_1.nrg_h.out

Executing subprocess:
/data/chodera/schrodinger/schrodinger2017-4-advanced/jaguar results -esolv SM08_micro009_conf_1.sol_h.out

Executing subprocess:
/data/chodera/schrodinger/schrodinger2017-4-advanced/jaguar results -energy SM08_micro009_conf_2.nrg_h.out

Executing subprocess:
/data/chodera/schrodinger/schrodinger2017-4-advanced/jaguar results -esolv SM08_micro009_conf_2.sol_h.out

Executing subprocess:
/data/chodera/schrodinger/schrodinger2017-4-advanced/jaguar results -energy SM08_micro004_conf.nrg.out

Executing subprocess:
/data/chodera/schrodinger/schrodinger2017-4-advanced/jaguar results -esolv SM08_micro004_conf.sol.out

Executing subprocess:
/data/chodera/schrodinger/schrodinger2017-4-advanced/jaguar-v9.8/bin/Linux-x86_64/pka -o SM08_micro009_deprot-out.mae -j SM08_micro009.jres -n -d

Executing subprocess:
/data/chodera/schrodinger/schrodinger2017-4-advanced/jaguar-v9.8/bin/Linux-x86_64/pka -o SM08_micro009_prot-out.mae -j SM08_micro009.jres -n

pKa calculation for SM08_micro009 completed.

pKa workflow jag_SM08_micro009_SM08_micro004 completed.

Timer (Jaguar pKa) : 3061.49 secs (0 hrs, 51 mins, 01 secs)
Timer (jaguar_backend.py) : 3061.49 secs (0 hrs, 51 mins, 01 secs)
Finished:   Wed May  9 17:55:46 2018
