Taking protonated structures from:
SM21_micro029_conf_1.dft_h.01.mae
SM21_micro029_conf_2.dft_h.01.mae
SM21_micro029_conf_3.dft_h.01.mae
SM21_micro029_conf_4.dft_h.01.mae
SM21_micro029_conf_5.dft_h.01.mae
Taking deprotonated structures from:
SM21_micro024_conf_1.dft.01.mae
SM21_micro024_conf_2.dft.01.mae
SM21_micro024_conf_3.dft.01.mae
SM21_micro024_conf_4.dft.01.mae
SM21_micro024_conf_5.dft.01.mae

Corrected results for 'protonated' structure in water:
pKa atom: 34

 # 	                  Shell                   	 pKa 	RMSD	 Contribution
---	------------------------------------------	-----	-----	--------------
1: 	secondary aniline                         	-10.87	0.275	    14.67%
2: 	Protonation of sp3-like aliphatic nitrogen	-9.46	1.715	    80.12%
3: 	Protonation of generic atom               	-9.19	2.264	     5.21%

 Final weighted pKa value is -9.65



