Taking protonated structures from:
SM06_micro004_conf_1.dft_h.01.mae
SM06_micro004_conf_2.dft_h.01.mae
SM06_micro004_conf_3.dft_h.01.mae
SM06_micro004_conf_4.dft_h.01.mae
SM06_micro004_conf_5.dft_h.01.mae
Taking deprotonated structures from:
SM06_micro010_conf_1.dft.01.mae
SM06_micro010_conf_2.dft.01.mae
SM06_micro010_conf_3.dft.01.mae
SM06_micro010_conf_4.dft.01.mae
SM06_micro010_conf_5.dft.01.mae

Corrected results for 'protonated' structure in water:
pKa atom: 21

 # 	           Shell           	 pKa 	RMSD	 Contribution
---	---------------------------	-----	-----	--------------
1: 	quinoline                  	 8.02	0.374	    57.85%
2: 	pyridine                   	 9.42	0.493	    25.18%
3: 	heterocycle custom 1       	 9.84	0.617	    12.07%
4: 	heterocycle                	 9.81	0.837	     4.64%
5: 	Protonation of generic atom	 9.07	2.264	     0.25%

 Final weighted pKa value is 8.68



