Command:    jaguar run pka.py -jobname jag_SM01_micro004_SM01_micro002 -PARALLEL 10 -n -csrch -prot SM01_micro004.in -deprot SM01_micro002.in
Release:    2017-4
Exec:       /data/chodera/schrodinger/schrodinger2017-4-advanced/jaguar-v9.8/bin/Linux-x86_64
Host:       ls14
JobId:      lilac-0-5aec6611
JobDir:     /lila/data/chodera/schrodinger/tmpdir/rustenburg/jag_SM01_micro004_SM01_micro002
Date:       Fri May  4 09:54:29 2018

Contents of /lila/data/chodera/schrodinger/tmpdir/rustenburg/jag_SM01_micro004_SM01_micro002:
/lila/data/chodera/schrodinger/tmpdir/rustenburg/jag_SM01_micro004_SM01_micro002/lilac-0-5aec6611.mpinodes
/lila/data/chodera/schrodinger/tmpdir/rustenburg/jag_SM01_micro004_SM01_micro002/lilac-0-5aec6611.hosts
/lila/data/chodera/schrodinger/tmpdir/rustenburg/jag_SM01_micro004_SM01_micro002/lilac-0-5aec6611.nodes
/lila/data/chodera/schrodinger/tmpdir/rustenburg/jag_SM01_micro004_SM01_micro002/jag_SM01_micro004_SM01_micro002.recover
/lila/data/chodera/schrodinger/tmpdir/rustenburg/jag_SM01_micro004_SM01_micro002/SM01_micro004.mae
/lila/data/chodera/schrodinger/tmpdir/rustenburg/jag_SM01_micro004_SM01_micro002/SM01_micro002.mae
/lila/data/chodera/schrodinger/tmpdir/rustenburg/jag_SM01_micro004_SM01_micro002/SM01_micro004.in
/lila/data/chodera/schrodinger/tmpdir/rustenburg/jag_SM01_micro004_SM01_micro002/jag_SM01_micro004_SM01_micro002.log
/lila/data/chodera/schrodinger/tmpdir/rustenburg/jag_SM01_micro004_SM01_micro002/SM01_micro002.in
/lila/data/chodera/schrodinger/tmpdir/rustenburg/jag_SM01_micro004_SM01_micro002/lilac-0-5aec6611.jlog
/lila/data/chodera/schrodinger/tmpdir/rustenburg/jag_SM01_micro004_SM01_micro002/lilac-0-5aec6611
/lila/data/chodera/schrodinger/tmpdir/rustenburg/jag_SM01_micro004_SM01_micro002/lilac-0-5aec6611.recover

=====================
 Jaguar pKa workflow
=====================

Analysing user-provided (prot, deprot) pair:
(SM01_micro004.in, SM01_micro002.in)
Found labile hydrogen 20 in SM01_micro004.in
Found labile hydrogen at atom 13 in SM01_micro002.in
Adding 'ipkat' keyword to input files.

Identifying pKa functional group for pair:
(SM01_micro004, SM01_micro002)

Executing subprocess:
/data/chodera/schrodinger/schrodinger2017-4-advanced/jaguar-v9.8/bin/Linux-x86_64/pka -i -j SM01_micro004.tmp.jres -n

Taking protonated structures from:
SM01_micro004.mae
Taking deprotonated structures from:
SM01_micro002.mae

This molecule from 'SM01_micro004.mae' in water was recognized as:

 # 	                  Shell                   
---	------------------------------------------
1: 	amide as acid                             
2: 	Protonation of sp2-like aliphatic nitrogen
3: 	Protonation of generic atom               


Executing conformational search...

Executing 2 distributed subjobs:
---------------------------------

No more than 8 cpu(s) will be used per subjob.
No more than 10 cpu(s) will be used simultaneously.

Processing the following subjobs:
(1) jaguar run csrch.py SM01_micro004.mae -jobname SM01_micro004 -max_conf 5 -erg_window 50.208 -acc_level 1 -TPP 5
(2) jaguar run csrch.py SM01_micro002.mae -jobname SM01_micro002 -max_conf 5 -erg_window 50.208 -acc_level 1 -TPP 5

Running subjobs on hosts:
  lsf-cpu (Max: 2)
Number of jobs:       2
Max retries per job:  3
Max allowed failures: unlimited
Run with -LOCAL:      False
Verbosity:            normal

Starting JobDJ...

Keep one job on driver host: False
JobDJ columns:
  C: Number of completed subjobs
  A: Number of active subjobs (e.g., submitted, running)
  W: Number of waiting/pending subjobs

C A W | Activity  JobId  JobName  JobHost
- - - | --------- -----------------------
0 1 1 | launched  ls14-0-5aec6623 SM01_micro004 lsf-cpu
0 2 0 | launched  ls14-2-5aec662c SM01_micro002 lsf-cpu
1 1 0 | finished  ls14-0-5aec6623 SM01_micro004 lsf-cpu
2 0 0 | finished  ls14-2-5aec662c SM01_micro002 lsf-cpu

All jobs have completed.

2 of 2 job(s) succeeded; 0 job(s) failed.

Timer (distribute subjobs) : 228.17 secs (0 hrs, 03 mins, 48 secs)

Setting up QM workflow for (protonated, deprotonated) pair:
(1) (SM01_micro004, SM01_micro002)

Executing Jaguar quantum-mechanical subjobs...

Executing 4 distributed subjobs:
---------------------------------

No more than 8 cpu(s) will be used per subjob.
No more than 10 cpu(s) will be used simultaneously.

Processing the following subjobs:
(1) jaguar run pka_prot.bat -jobname SM01_micro004_conf_1 SM01_micro004_conf_1.in -TPP 3
(2) jaguar run pka_prot.bat -jobname SM01_micro004_conf_2 SM01_micro004_conf_2.in -TPP 3
(3) jaguar run pka_deprot.bat -jobname SM01_micro002_conf_1 SM01_micro002_conf_1.in -TPP 2
(4) jaguar run pka_deprot.bat -jobname SM01_micro002_conf_2 SM01_micro002_conf_2.in -TPP 2

Running subjobs on hosts:
  lsf-cpu (Max: 4)
Number of jobs:       4
Max retries per job:  3
Max allowed failures: unlimited
Run with -LOCAL:      False
Verbosity:            normal

Starting JobDJ...

Keep one job on driver host: False
JobDJ columns:
  C: Number of completed subjobs
  A: Number of active subjobs (e.g., submitted, running)
  W: Number of waiting/pending subjobs

C A W | Activity  JobId  JobName  JobHost
- - - | --------- -----------------------
0 1 3 | launched  ls14-0-5aec6702 SM01_micro004_conf_1 lsf-cpu
0 2 2 | launched  ls14-0-5aec6705 SM01_micro004_conf_2 lsf-cpu
0 3 1 | launched  ls14-0-5aec6708 SM01_micro002_conf_1 lsf-cpu
0 4 0 | launched  ls14-0-5aec670b SM01_micro002_conf_2 lsf-cpu
1 3 0 | finished  ls14-0-5aec6705 SM01_micro004_conf_2 lsf-cpu [lt16]
2 2 0 | finished  ls14-0-5aec670b SM01_micro002_conf_2 lsf-cpu [ls07]
3 1 0 | finished  ls14-0-5aec6708 SM01_micro002_conf_1 lsf-cpu [ls07]
4 0 0 | finished  ls14-0-5aec6702 SM01_micro004_conf_1 lsf-cpu [lt22]

All jobs have completed.

4 of 4 job(s) succeeded; 0 job(s) failed.

Timer (distribute subjobs) : 1441.49 secs (0 hrs, 24 mins, 01 secs)

Processing QM output files...

Executing subprocess:
/data/chodera/schrodinger/schrodinger2017-4-advanced/jaguar results -energy SM01_micro004_conf_1.nrg_h.out

Executing subprocess:
/data/chodera/schrodinger/schrodinger2017-4-advanced/jaguar results -esolv SM01_micro004_conf_1.sol_h.out

Executing subprocess:
/data/chodera/schrodinger/schrodinger2017-4-advanced/jaguar results -energy SM01_micro004_conf_2.nrg_h.out

Executing subprocess:
/data/chodera/schrodinger/schrodinger2017-4-advanced/jaguar results -esolv SM01_micro004_conf_2.sol_h.out

Executing subprocess:
/data/chodera/schrodinger/schrodinger2017-4-advanced/jaguar results -energy SM01_micro002_conf_1.nrg.out

Executing subprocess:
/data/chodera/schrodinger/schrodinger2017-4-advanced/jaguar results -esolv SM01_micro002_conf_1.sol.out

Executing subprocess:
/data/chodera/schrodinger/schrodinger2017-4-advanced/jaguar results -energy SM01_micro002_conf_2.nrg.out

Executing subprocess:
/data/chodera/schrodinger/schrodinger2017-4-advanced/jaguar results -esolv SM01_micro002_conf_2.sol.out

Executing subprocess:
/data/chodera/schrodinger/schrodinger2017-4-advanced/jaguar-v9.8/bin/Linux-x86_64/pka -o SM01_micro004_deprot-out.mae -j SM01_micro004.jres -n -d

Executing subprocess:
/data/chodera/schrodinger/schrodinger2017-4-advanced/jaguar-v9.8/bin/Linux-x86_64/pka -o SM01_micro004_prot-out.mae -j SM01_micro004.jres -n

pKa calculation for SM01_micro004 completed.

pKa workflow jag_SM01_micro004_SM01_micro002 completed.

Timer (Jaguar pKa) : 1726.94 secs (0 hrs, 28 mins, 46 secs)
Timer (jaguar_backend.py) : 1726.94 secs (0 hrs, 28 mins, 46 secs)
Finished:   Fri May  4 10:23:16 2018
