Taking protonated structures from:
SM18_micro030_conf_1.dft_h.01.mae
SM18_micro030_conf_2.dft_h.01.mae
SM18_micro030_conf_3.dft_h.01.mae
SM18_micro030_conf_4.dft_h.01.mae
SM18_micro030_conf_5.dft_h.01.mae
Taking deprotonated structures from:
SM18_micro070_conf_1.dft.01.mae
SM18_micro070_conf_2.dft.01.mae
SM18_micro070_conf_3.dft.01.mae
SM18_micro070_conf_4.dft.01.mae
SM18_micro070_conf_5.dft.01.mae

Corrected results for 'protonated' structure in water:
pKa atom: 32

 # 	           Shell           	 pKa 	RMSD	 Contribution
---	---------------------------	-----	-----	--------------
1: 	thiazole/benzothiazole     	 3.06	0.647	    95.32%
2: 	heterocycle                	 3.77	0.837	     4.25%
3: 	Protonation of generic atom	 4.36	2.264	     0.43%

 Final weighted pKa value is 3.09



