Taking protonated structures from:
SM18_micro057_conf_1.dft_h.01.mae
SM18_micro057_conf_2.dft_h.01.mae
SM18_micro057_conf_3.dft_h.01.mae
SM18_micro057_conf_4.dft_h.01.mae
SM18_micro057_conf_5.dft_h.01.mae
Taking deprotonated structures from:
SM18_micro075_conf_1.dft.01.mae
SM18_micro075_conf_2.dft.01.mae
SM18_micro075_conf_3.dft.01.mae
SM18_micro075_conf_4.dft.01.mae
SM18_micro075_conf_5.dft.01.mae

Corrected results for 'protonated' structure in water:
pKa atom: 39

 # 	                 Shell                  	 pKa 	RMSD	 Contribution
---	----------------------------------------	-----	-----	--------------
1: 	mono keto CH acid                       	20.45	0.641	     3.56%
2: 	Protonation of generic atom             	17.66	2.264	    78.15%
3: 	aliphatic CH acid in water              	16.00	2.584	     9.42%
4: 	Protonation of sp2-like aliphatic carbon	16.12	2.605	     8.87%

 Final weighted pKa value is 17.47



