Taking protonated structures from:
SM12_micro014_conf_1.dft_h.01.mae
SM12_micro014_conf_2.dft_h.01.mae
SM12_micro014_conf_3.dft_h.01.mae
SM12_micro014_conf_4.dft_h.01.mae
SM12_micro014_conf_5.dft_h.01.mae
Taking deprotonated structures from:
SM12_micro001_conf_1.dft.01.mae
SM12_micro001_conf_2.dft.01.mae
SM12_micro001_conf_3.dft.01.mae
SM12_micro001_conf_4.dft.01.mae
SM12_micro001_conf_5.dft.01.mae

Corrected results for 'protonated' structure in water:
pKa atom: 20

 # 	                  Shell                   	 pKa 	RMSD	 Contribution
---	------------------------------------------	-----	-----	--------------
1: 	secondary aniline                         	-15.59	0.275	    94.66%
2: 	Protonation of sp3-like aliphatic nitrogen	-13.64	1.715	     5.00%
3: 	Protonation of generic atom               	-13.14	2.264	     0.34%

 Final weighted pKa value is -15.49



