Taking protonated structures from:
SM10_micro028_conf_1.dft_h.01.mae
SM10_micro028_conf_2.dft_h.01.mae
SM10_micro028_conf_3.dft_h.01.mae
SM10_micro028_conf_4.dft_h.01.mae
SM10_micro028_conf_5.dft_h.01.mae
Taking deprotonated structures from:
SM10_micro036_conf_1.dft.01.mae
SM10_micro036_conf_2.dft.01.mae
SM10_micro036_conf_3.dft.01.mae
SM10_micro036_conf_4.dft.01.mae
SM10_micro036_conf_5.dft.01.mae

Corrected results for 'protonated' structure in water:
pKa atom: 23

 # 	           Shell           	 pKa 	RMSD	 Contribution
---	---------------------------	-----	-----	--------------
1: 	thiazole/benzothiazole     	 0.53	0.647	    94.54%
2: 	heterocycle                	 1.00	0.837	     4.38%
3: 	Protonation of generic atom	 2.17	2.264	     1.08%

 Final weighted pKa value is 0.57



