Taking protonated structures from:
SM12_micro014_conf_1.dft_h.01.mae
SM12_micro014_conf_2.dft_h.01.mae
SM12_micro014_conf_3.dft_h.01.mae
SM12_micro014_conf_4.dft_h.01.mae
SM12_micro014_conf_5.dft_h.01.mae
Taking deprotonated structures from:
SM12_micro008_conf_1.dft.01.mae
SM12_micro008_conf_2.dft.01.mae
SM12_micro008_conf_3.dft.01.mae
SM12_micro008_conf_4.dft.01.mae
SM12_micro008_conf_5.dft.01.mae

Corrected results for 'protonated' structure in water:
pKa atom: 19

 # 	           Shell           	 pKa 	RMSD	 Contribution
---	---------------------------	-----	-----	--------------
1: 	pyrimidine                 	-4.33	0.242	    51.66%
2: 	heterocycle custom 1       	-8.18	0.617	    25.17%
3: 	heterocycle                	-7.47	0.837	    19.43%
4: 	Protonation of generic atom	-4.46	2.264	     3.74%

 Final weighted pKa value is -5.91



