Taking protonated structures from:
SM04_micro014_conf_1.dft_h.01.mae
SM04_micro014_conf_2.dft_h.01.mae
SM04_micro014_conf_3.dft_h.01.mae
SM04_micro014_conf_4.dft_h.01.mae
SM04_micro014_conf_5.dft_h.01.mae
Taking deprotonated structures from:
SM04_micro002_conf_1.dft.01.mae
SM04_micro002_conf_2.dft.01.mae
SM04_micro002_conf_3.dft.01.mae
SM04_micro002_conf_4.dft.01.mae
SM04_micro002_conf_5.dft.01.mae

Corrected results for 'protonated' structure in water:
pKa atom: 20

 # 	           Shell           	 pKa 	RMSD	 Contribution
---	---------------------------	-----	-----	--------------
1: 	heterocycle custom 1       	-4.22	0.617	    64.74%
2: 	heterocycle                	-3.66	0.837	    32.93%
3: 	Protonation of generic atom	-1.43	2.264	     2.32%

 Final weighted pKa value is -3.97



