Taking protonated structures from:
SM18_micro004_conf_1.dft_h.01.mae
SM18_micro004_conf_2.dft_h.01.mae
SM18_micro004_conf_3.dft_h.01.mae
SM18_micro004_conf_4.dft_h.01.mae
SM18_micro004_conf_5.dft_h.01.mae
Taking deprotonated structures from:
SM18_micro003_conf_1.dft.01.mae
SM18_micro003_conf_2.dft.01.mae
SM18_micro003_conf_3.dft.01.mae
SM18_micro003_conf_4.dft.01.mae
SM18_micro003_conf_5.dft.01.mae

Corrected results for 'protonated' structure in water:
pKa atom: 40

 # 	                 Shell                  	 pKa 	RMSD	 Contribution
---	----------------------------------------	-----	-----	--------------
1: 	mono keto CH acid                       	12.17	0.641	     2.67%
2: 	Protonation of generic atom             	 9.05	2.264	    85.62%
3: 	aliphatic CH acid in water              	 7.42	2.584	     6.02%
4: 	Protonation of sp2-like aliphatic carbon	 7.66	2.605	     5.69%

 Final weighted pKa value is 8.96



