Taking protonated structures from:
SM24_micro022_conf_1.dft_h.01.mae
SM24_micro022_conf_2.dft_h.01.mae
SM24_micro022_conf_3.dft_h.01.mae
SM24_micro022_conf_4.dft_h.01.mae
SM24_micro022_conf_5.dft_h.01.mae
Taking deprotonated structures from:
SM24_micro004_conf_1.dft.01.mae
SM24_micro004_conf_2.dft.01.mae
SM24_micro004_conf_3.dft.01.mae
SM24_micro004_conf_4.dft.01.mae
SM24_micro004_conf_5.dft.01.mae

Corrected results for 'protonated' structure in water:
pKa atom: 30

 # 	           Shell           	 pKa 	RMSD	 Contribution
---	---------------------------	-----	-----	--------------
1: 	pyrimidine                 	-1.99	0.242	    79.58%
2: 	heterocycle custom 1       	-4.31	0.617	    11.41%
3: 	heterocycle                	-3.75	0.837	     6.11%
4: 	Protonation of generic atom	-1.53	2.264	     2.90%

 Final weighted pKa value is -2.35



