Taking protonated structures from:
SM05_micro006_conf_1.dft_h.01.mae
SM05_micro006_conf_2.dft_h.01.mae
SM05_micro006_conf_3.dft_h.01.mae
SM05_micro006_conf_4.dft_h.01.mae
SM05_micro006_conf_5.dft_h.01.mae
Taking deprotonated structures from:
SM05_micro002_conf_1.dft.01.mae
SM05_micro002_conf_2.dft.01.mae
SM05_micro002_conf_3.dft.01.mae
SM05_micro002_conf_4.dft.01.mae
SM05_micro002_conf_5.dft.01.mae

Corrected results for 'protonated' structure in water:
pKa atom: 22

 # 	                  Shell                   	 pKa 	RMSD	 Contribution
---	------------------------------------------	-----	-----	--------------
1: 	tertiary aniline                          	17.50	0.448	    95.54%
2: 	Protonation of sp3-like aliphatic nitrogen	16.06	1.715	     3.20%
3: 	Protonation of generic atom               	14.91	2.264	     1.26%

 Final weighted pKa value is 17.42



