Taking protonated structures from:
SM23_micro047_conf_1.dft_h.01.mae
SM23_micro047_conf_2.dft_h.01.mae
SM23_micro047_conf_3.dft_h.01.mae
SM23_micro047_conf_4.dft_h.01.mae
SM23_micro047_conf_5.dft_h.01.mae
Taking deprotonated structures from:
SM23_micro042_conf_1.dft.01.mae
SM23_micro042_conf_2.dft.01.mae
SM23_micro042_conf_3.dft.01.mae
SM23_micro042_conf_4.dft.01.mae
SM23_micro042_conf_5.dft.01.mae

Corrected results for 'protonated' structure in water:
pKa atom: 32

 # 	                  Shell                   	 pKa 	RMSD	 Contribution
---	------------------------------------------	-----	-----	--------------
1: 	secondary aniline                         	-18.98	0.275	    93.83%
2: 	Protonation of sp3-like aliphatic nitrogen	-16.60	1.715	     5.79%
3: 	Protonation of generic atom               	-15.93	2.264	     0.38%

 Final weighted pKa value is -18.83



