Command:    jaguar run pka.py -jobname jag_SM14_micro005_SM14_micro006 -PARALLEL 10 -n -csrch -prot SM14_micro005.in -deprot SM14_micro006.in
Release:    2017-4
Exec:       /data/chodera/schrodinger/schrodinger2017-4-advanced/jaguar-v9.8/bin/Linux-x86_64
Host:       ls15
JobId:      lilac-0-5aeca4d0
JobDir:     /lila/data/chodera/schrodinger/tmpdir/rustenburg/jag_SM14_micro005_SM14_micro006
Date:       Fri May  4 14:22:57 2018

Contents of /lila/data/chodera/schrodinger/tmpdir/rustenburg/jag_SM14_micro005_SM14_micro006:
/lila/data/chodera/schrodinger/tmpdir/rustenburg/jag_SM14_micro005_SM14_micro006/SM14_micro005.in
/lila/data/chodera/schrodinger/tmpdir/rustenburg/jag_SM14_micro005_SM14_micro006/lilac-0-5aeca4d0
/lila/data/chodera/schrodinger/tmpdir/rustenburg/jag_SM14_micro005_SM14_micro006/SM14_micro006.in
/lila/data/chodera/schrodinger/tmpdir/rustenburg/jag_SM14_micro005_SM14_micro006/lilac-0-5aeca4d0.hosts
/lila/data/chodera/schrodinger/tmpdir/rustenburg/jag_SM14_micro005_SM14_micro006/lilac-0-5aeca4d0.jlog
/lila/data/chodera/schrodinger/tmpdir/rustenburg/jag_SM14_micro005_SM14_micro006/lilac-0-5aeca4d0.mpinodes
/lila/data/chodera/schrodinger/tmpdir/rustenburg/jag_SM14_micro005_SM14_micro006/lilac-0-5aeca4d0.recover
/lila/data/chodera/schrodinger/tmpdir/rustenburg/jag_SM14_micro005_SM14_micro006/lilac-0-5aeca4d0.nodes
/lila/data/chodera/schrodinger/tmpdir/rustenburg/jag_SM14_micro005_SM14_micro006/jag_SM14_micro005_SM14_micro006.recover
/lila/data/chodera/schrodinger/tmpdir/rustenburg/jag_SM14_micro005_SM14_micro006/jag_SM14_micro005_SM14_micro006.log
/lila/data/chodera/schrodinger/tmpdir/rustenburg/jag_SM14_micro005_SM14_micro006/SM14_micro005.mae
/lila/data/chodera/schrodinger/tmpdir/rustenburg/jag_SM14_micro005_SM14_micro006/SM14_micro006.mae

=====================
 Jaguar pKa workflow
=====================

Analysing user-provided (prot, deprot) pair:
(SM14_micro005.in, SM14_micro006.in)
Found labile hydrogen 17 in SM14_micro005.in
Found labile hydrogen at atom 9 in SM14_micro006.in
Adding 'ipkat' keyword to input files.

Identifying pKa functional group for pair:
(SM14_micro005, SM14_micro006)

Executing subprocess:
/data/chodera/schrodinger/schrodinger2017-4-advanced/jaguar-v9.8/bin/Linux-x86_64/pka -i -j SM14_micro005.tmp.jres -n

Taking protonated structures from:
SM14_micro005.mae
Taking deprotonated structures from:
SM14_micro006.mae

This molecule from 'SM14_micro005.mae' in water was recognized as:

 # 	           Shell           
---	---------------------------
1: 	imidazole as base          
2: 	benzimidazole as base      
3: 	heterocycle                
4: 	Protonation of generic atom


Executing conformational search...

Executing 2 distributed subjobs:
---------------------------------

No more than 8 cpu(s) will be used per subjob.
No more than 10 cpu(s) will be used simultaneously.

Processing the following subjobs:
(1) jaguar run csrch.py SM14_micro005.mae -jobname SM14_micro005 -max_conf 5 -erg_window 50.208 -acc_level 1 -TPP 5
(2) jaguar run csrch.py SM14_micro006.mae -jobname SM14_micro006 -max_conf 5 -erg_window 50.208 -acc_level 1 -TPP 5

Running subjobs on hosts:
  lsf-cpu (Max: 2)
Number of jobs:       2
Max retries per job:  3
Max allowed failures: unlimited
Run with -LOCAL:      False
Verbosity:            normal

Starting JobDJ...

Keep one job on driver host: False
JobDJ columns:
  C: Number of completed subjobs
  A: Number of active subjobs (e.g., submitted, running)
  W: Number of waiting/pending subjobs

C A W | Activity  JobId  JobName  JobHost
- - - | --------- -----------------------
0 1 1 | launched  ls15-0-5aeca50c SM14_micro005 lsf-cpu
0 2 0 | launched  ls15-0-5aeca510 SM14_micro006 lsf-cpu
1 1 0 | finished  ls15-0-5aeca510 SM14_micro006 lsf-cpu
2 0 0 | finished  ls15-0-5aeca50c SM14_micro005 lsf-cpu

All jobs have completed.

2 of 2 job(s) succeeded; 0 job(s) failed.

Timer (distribute subjobs) : 524.08 secs (0 hrs, 08 mins, 44 secs)

Setting up QM workflow for (protonated, deprotonated) pair:
(1) (SM14_micro005, SM14_micro006)

Executing Jaguar quantum-mechanical subjobs...

Executing 4 distributed subjobs:
---------------------------------

No more than 8 cpu(s) will be used per subjob.
No more than 10 cpu(s) will be used simultaneously.

Processing the following subjobs:
(1) jaguar run pka_prot.bat -jobname SM14_micro005_conf_1 SM14_micro005_conf_1.in -TPP 3
(2) jaguar run pka_prot.bat -jobname SM14_micro005_conf_2 SM14_micro005_conf_2.in -TPP 3
(3) jaguar run pka_deprot.bat -jobname SM14_micro006_conf_1 SM14_micro006_conf_1.in -TPP 2
(4) jaguar run pka_deprot.bat -jobname SM14_micro006_conf_2 SM14_micro006_conf_2.in -TPP 2

Running subjobs on hosts:
  lsf-cpu (Max: 4)
Number of jobs:       4
Max retries per job:  3
Max allowed failures: unlimited
Run with -LOCAL:      False
Verbosity:            normal

Starting JobDJ...

Keep one job on driver host: False
JobDJ columns:
  C: Number of completed subjobs
  A: Number of active subjobs (e.g., submitted, running)
  W: Number of waiting/pending subjobs

C A W | Activity  JobId  JobName  JobHost
- - - | --------- -----------------------
0 1 3 | launched  ls15-0-5aeca714 SM14_micro005_conf_1 lsf-cpu
0 2 2 | launched  ls15-0-5aeca716 SM14_micro005_conf_2 lsf-cpu
0 3 1 | launched  ls15-0-5aeca719 SM14_micro006_conf_1 lsf-cpu
0 4 0 | launched  ls15-0-5aeca71c SM14_micro006_conf_2 lsf-cpu
1 3 0 | finished  ls15-0-5aeca716 SM14_micro005_conf_2 lsf-cpu [lt04]
2 2 0 | finished  ls15-0-5aeca719 SM14_micro006_conf_1 lsf-cpu [lt04]
3 1 0 | finished  ls15-0-5aeca714 SM14_micro005_conf_1 lsf-cpu [lt04]
4 0 0 | finished  ls15-0-5aeca71c SM14_micro006_conf_2 lsf-cpu [lt16]

All jobs have completed.

4 of 4 job(s) succeeded; 0 job(s) failed.

Timer (distribute subjobs) : 1256.51 secs (0 hrs, 20 mins, 56 secs)

Processing QM output files...

Executing subprocess:
/data/chodera/schrodinger/schrodinger2017-4-advanced/jaguar results -energy SM14_micro005_conf_1.nrg_h.out

Executing subprocess:
/data/chodera/schrodinger/schrodinger2017-4-advanced/jaguar results -esolv SM14_micro005_conf_1.sol_h.out

Executing subprocess:
/data/chodera/schrodinger/schrodinger2017-4-advanced/jaguar results -energy SM14_micro005_conf_2.nrg_h.out

Executing subprocess:
/data/chodera/schrodinger/schrodinger2017-4-advanced/jaguar results -esolv SM14_micro005_conf_2.sol_h.out

Executing subprocess:
/data/chodera/schrodinger/schrodinger2017-4-advanced/jaguar results -energy SM14_micro006_conf_1.nrg.out

Executing subprocess:
/data/chodera/schrodinger/schrodinger2017-4-advanced/jaguar results -esolv SM14_micro006_conf_1.sol.out

Executing subprocess:
/data/chodera/schrodinger/schrodinger2017-4-advanced/jaguar results -energy SM14_micro006_conf_2.nrg.out

Executing subprocess:
/data/chodera/schrodinger/schrodinger2017-4-advanced/jaguar results -esolv SM14_micro006_conf_2.sol.out

Executing subprocess:
/data/chodera/schrodinger/schrodinger2017-4-advanced/jaguar-v9.8/bin/Linux-x86_64/pka -o SM14_micro005_deprot-out.mae -j SM14_micro005.jres -n -d

Executing subprocess:
/data/chodera/schrodinger/schrodinger2017-4-advanced/jaguar-v9.8/bin/Linux-x86_64/pka -o SM14_micro005_prot-out.mae -j SM14_micro005.jres -n

pKa calculation for SM14_micro005 completed.

pKa workflow jag_SM14_micro005_SM14_micro006 completed.

Timer (Jaguar pKa) : 1819.31 secs (0 hrs, 30 mins, 19 secs)
Timer (jaguar_backend.py) : 1819.31 secs (0 hrs, 30 mins, 19 secs)
Finished:   Fri May  4 14:53:17 2018
