Taking protonated structures from:
SM13_micro014_conf_1.dft_h.01.mae
SM13_micro014_conf_2.dft_h.01.mae
SM13_micro014_conf_3.dft_h.01.mae
SM13_micro014_conf_4.dft_h.01.mae
SM13_micro014_conf_5.dft_h.01.mae
Taking deprotonated structures from:
SM13_micro012_conf_1.dft.01.mae
SM13_micro012_conf_2.dft.01.mae
SM13_micro012_conf_3.dft.01.mae
SM13_micro012_conf_4.dft.01.mae
SM13_micro012_conf_5.dft.01.mae

Corrected results for 'protonated' structure in water:
pKa atom: 23

 # 	                  Shell                   	 pKa 	RMSD	 Contribution
---	------------------------------------------	-----	-----	--------------
1: 	secondary aniline                         	-12.68	0.275	    95.01%
2: 	Protonation of sp3-like aliphatic nitrogen	-11.05	1.715	     4.66%
3: 	Protonation of generic atom               	-10.69	2.264	     0.32%

 Final weighted pKa value is -12.60



