Command:    jaguar run pka.py -jobname jag_SM22_micro002_SM22_micro001 -PARALLEL 10 -n -csrch -prot SM22_micro002.in -deprot SM22_micro001.in
Release:    2017-4
Exec:       /data/chodera/schrodinger/schrodinger2017-4-advanced/jaguar-v9.8/bin/Linux-x86_64
Host:       ls11
JobId:      lilac-0-5aecd15a
JobDir:     /lila/data/chodera/schrodinger/tmpdir/rustenburg/jag_SM22_micro002_SM22_micro001
Date:       Fri May  4 19:19:14 2018

Contents of /lila/data/chodera/schrodinger/tmpdir/rustenburg/jag_SM22_micro002_SM22_micro001:
/lila/data/chodera/schrodinger/tmpdir/rustenburg/jag_SM22_micro002_SM22_micro001/lilac-0-5aecd15a.hosts
/lila/data/chodera/schrodinger/tmpdir/rustenburg/jag_SM22_micro002_SM22_micro001/SM22_micro002.mae
/lila/data/chodera/schrodinger/tmpdir/rustenburg/jag_SM22_micro002_SM22_micro001/jag_SM22_micro002_SM22_micro001.recover
/lila/data/chodera/schrodinger/tmpdir/rustenburg/jag_SM22_micro002_SM22_micro001/SM22_micro001.in
/lila/data/chodera/schrodinger/tmpdir/rustenburg/jag_SM22_micro002_SM22_micro001/lilac-0-5aecd15a
/lila/data/chodera/schrodinger/tmpdir/rustenburg/jag_SM22_micro002_SM22_micro001/SM22_micro002.in
/lila/data/chodera/schrodinger/tmpdir/rustenburg/jag_SM22_micro002_SM22_micro001/SM22_micro001.mae
/lila/data/chodera/schrodinger/tmpdir/rustenburg/jag_SM22_micro002_SM22_micro001/lilac-0-5aecd15a.nodes
/lila/data/chodera/schrodinger/tmpdir/rustenburg/jag_SM22_micro002_SM22_micro001/lilac-0-5aecd15a.mpinodes
/lila/data/chodera/schrodinger/tmpdir/rustenburg/jag_SM22_micro002_SM22_micro001/lilac-0-5aecd15a.jlog
/lila/data/chodera/schrodinger/tmpdir/rustenburg/jag_SM22_micro002_SM22_micro001/lilac-0-5aecd15a.recover
/lila/data/chodera/schrodinger/tmpdir/rustenburg/jag_SM22_micro002_SM22_micro001/jag_SM22_micro002_SM22_micro001.log

=====================
 Jaguar pKa workflow
=====================

Analysing user-provided (prot, deprot) pair:
(SM22_micro002.in, SM22_micro001.in)
Found labile hydrogen 14 in SM22_micro002.in
Found labile hydrogen at atom 4 in SM22_micro001.in
Adding 'ipkat' keyword to input files.

Identifying pKa functional group for pair:
(SM22_micro002, SM22_micro001)

Executing subprocess:
/data/chodera/schrodinger/schrodinger2017-4-advanced/jaguar-v9.8/bin/Linux-x86_64/pka -i -j SM22_micro002.tmp.jres -n

Taking protonated structures from:
SM22_micro002.mae
Taking deprotonated structures from:
SM22_micro001.mae

This molecule from 'SM22_micro002.mae' in water was recognized as:

 # 	           Shell           
---	---------------------------
1: 	quinoline                  
2: 	pyridine                   
3: 	heterocycle custom 1       
4: 	heterocycle                
5: 	Protonation of generic atom


Executing conformational search...

Executing 2 distributed subjobs:
---------------------------------

No more than 8 cpu(s) will be used per subjob.
No more than 10 cpu(s) will be used simultaneously.

Processing the following subjobs:
(1) jaguar run csrch.py SM22_micro002.mae -jobname SM22_micro002 -max_conf 5 -erg_window 50.208 -acc_level 1 -TPP 5
(2) jaguar run csrch.py SM22_micro001.mae -jobname SM22_micro001 -max_conf 5 -erg_window 50.208 -acc_level 1 -TPP 5

Running subjobs on hosts:
  lsf-cpu (Max: 2)
Number of jobs:       2
Max retries per job:  3
Max allowed failures: unlimited
Run with -LOCAL:      False
Verbosity:            normal

Starting JobDJ...

Keep one job on driver host: False
JobDJ columns:
  C: Number of completed subjobs
  A: Number of active subjobs (e.g., submitted, running)
  W: Number of waiting/pending subjobs

C A W | Activity  JobId  JobName  JobHost
- - - | --------- -----------------------
0 1 1 | launched  ls11-0-5aecea76 SM22_micro002 lsf-cpu
0 2 0 | launched  ls11-0-5aecea79 SM22_micro001 lsf-cpu
1 1 0 | finished  ls11-0-5aecea76 SM22_micro002 lsf-cpu
2 0 0 | finished  ls11-0-5aecea79 SM22_micro001 lsf-cpu

All jobs have completed.

2 of 2 job(s) succeeded; 0 job(s) failed.

Timer (distribute subjobs) : 1605.74 secs (0 hrs, 26 mins, 45 secs)

Setting up QM workflow for (protonated, deprotonated) pair:
(1) (SM22_micro002, SM22_micro001)

Executing Jaguar quantum-mechanical subjobs...

Executing 4 distributed subjobs:
---------------------------------

No more than 8 cpu(s) will be used per subjob.
No more than 10 cpu(s) will be used simultaneously.

Processing the following subjobs:
(1) jaguar run pka_prot.bat -jobname SM22_micro002_conf_1 SM22_micro002_conf_1.in -TPP 3
(2) jaguar run pka_prot.bat -jobname SM22_micro002_conf_2 SM22_micro002_conf_2.in -TPP 3
(3) jaguar run pka_deprot.bat -jobname SM22_micro001_conf_1 SM22_micro001_conf_1.in -TPP 2
(4) jaguar run pka_deprot.bat -jobname SM22_micro001_conf_2 SM22_micro001_conf_2.in -TPP 2

Running subjobs on hosts:
  lsf-cpu (Max: 4)
Number of jobs:       4
Max retries per job:  3
Max allowed failures: unlimited
Run with -LOCAL:      False
Verbosity:            normal

Starting JobDJ...

Keep one job on driver host: False
JobDJ columns:
  C: Number of completed subjobs
  A: Number of active subjobs (e.g., submitted, running)
  W: Number of waiting/pending subjobs

C A W | Activity  JobId  JobName  JobHost
- - - | --------- -----------------------
0 1 3 | launched  ls11-0-5aecf0cd SM22_micro002_conf_1 lsf-cpu
0 2 2 | launched  ls11-0-5aecf0d1 SM22_micro002_conf_2 lsf-cpu
0 3 1 | launched  ls11-0-5aecf0d3 SM22_micro001_conf_1 lsf-cpu
0 4 0 | launched  ls11-0-5aecf0d5 SM22_micro001_conf_2 lsf-cpu
1 3 0 | finished  ls11-0-5aecf0cd SM22_micro002_conf_1 lsf-cpu
2 2 0 | finished  ls11-0-5aecf0d1 SM22_micro002_conf_2 lsf-cpu
3 1 0 | finished  ls11-0-5aecf0d3 SM22_micro001_conf_1 lsf-cpu [ls12]
4 0 0 | finished  ls11-0-5aecf0d5 SM22_micro001_conf_2 lsf-cpu

All jobs have completed.

4 of 4 job(s) succeeded; 0 job(s) failed.

Timer (distribute subjobs) : 6989.56 secs (1 hrs, 56 mins, 29 secs)

Processing QM output files...

Executing subprocess:
/data/chodera/schrodinger/schrodinger2017-4-advanced/jaguar results -energy SM22_micro002_conf_1.nrg_h.out

Executing subprocess:
/data/chodera/schrodinger/schrodinger2017-4-advanced/jaguar results -esolv SM22_micro002_conf_1.sol_h.out

Executing subprocess:
/data/chodera/schrodinger/schrodinger2017-4-advanced/jaguar results -energy SM22_micro002_conf_2.nrg_h.out

Executing subprocess:
/data/chodera/schrodinger/schrodinger2017-4-advanced/jaguar results -esolv SM22_micro002_conf_2.sol_h.out

Executing subprocess:
/data/chodera/schrodinger/schrodinger2017-4-advanced/jaguar results -energy SM22_micro001_conf_1.nrg.out

Executing subprocess:
/data/chodera/schrodinger/schrodinger2017-4-advanced/jaguar results -esolv SM22_micro001_conf_1.sol.out

Executing subprocess:
/data/chodera/schrodinger/schrodinger2017-4-advanced/jaguar results -energy SM22_micro001_conf_2.nrg.out

Executing subprocess:
/data/chodera/schrodinger/schrodinger2017-4-advanced/jaguar results -esolv SM22_micro001_conf_2.sol.out

Executing subprocess:
/data/chodera/schrodinger/schrodinger2017-4-advanced/jaguar-v9.8/bin/Linux-x86_64/pka -o SM22_micro002_deprot-out.mae -j SM22_micro002.jres -n -d

Executing subprocess:
/data/chodera/schrodinger/schrodinger2017-4-advanced/jaguar-v9.8/bin/Linux-x86_64/pka -o SM22_micro002_prot-out.mae -j SM22_micro002.jres -n

pKa calculation for SM22_micro002 completed.

pKa workflow jag_SM22_micro002_SM22_micro001 completed.

Timer (Jaguar pKa) : 8638.50 secs (2 hrs, 23 mins, 58 secs)
Timer (jaguar_backend.py) : 8638.50 secs (2 hrs, 23 mins, 58 secs)
Finished:   Fri May  4 21:43:13 2018
