Taking protonated structures from:
SM10_micro036_conf_1.dft_h.01.mae
SM10_micro036_conf_2.dft_h.01.mae
SM10_micro036_conf_3.dft_h.01.mae
SM10_micro036_conf_4.dft_h.01.mae
SM10_micro036_conf_5.dft_h.01.mae
Taking deprotonated structures from:
SM10_micro004_conf_1.dft.01.mae
SM10_micro004_conf_2.dft.01.mae
SM10_micro004_conf_3.dft.01.mae
SM10_micro004_conf_4.dft.01.mae
SM10_micro004_conf_5.dft.01.mae

Corrected results for 'protonated' structure in water:
pKa atom: 28

 # 	                  Shell                   	 pKa 	RMSD	 Contribution
---	------------------------------------------	-----	-----	--------------
1: 	amide as acid                             	14.46	0.903	    95.97%
2: 	Protonation of sp2-like aliphatic nitrogen	13.25	1.751	     2.72%
3: 	Protonation of generic atom               	12.93	2.264	     1.31%

 Final weighted pKa value is 14.40



