Command:    jaguar run pka.py -jobname jag_SM24_micro022_SM24_micro004 -PARALLEL 10 -WAIT -n -csrch -prot SM24_micro022.in -deprot SM24_micro004.in
Release:    2017-4
Exec:       /data/chodera/schrodinger/schrodinger2017-4-advanced/jaguar-v9.8/bin/Linux-x86_64
Host:       lt18
JobId:      lt18-0-5af4766c
JobDir:     /lila/data/chodera/schrodinger/tmpdir/rustenburg/jag_SM24_micro022_SM24_micro004.1
Date:       Thu May 10 12:42:22 2018

Contents of /lila/data/chodera/schrodinger/tmpdir/rustenburg/jag_SM24_micro022_SM24_micro004.1:
/lila/data/chodera/schrodinger/tmpdir/rustenburg/jag_SM24_micro022_SM24_micro004.1/SM24_micro022.in
/lila/data/chodera/schrodinger/tmpdir/rustenburg/jag_SM24_micro022_SM24_micro004.1/jag_SM24_micro022_SM24_micro004.log
/lila/data/chodera/schrodinger/tmpdir/rustenburg/jag_SM24_micro022_SM24_micro004.1/lt18-0-5af4766c.recover
/lila/data/chodera/schrodinger/tmpdir/rustenburg/jag_SM24_micro022_SM24_micro004.1/lt18-0-5af4766c
/lila/data/chodera/schrodinger/tmpdir/rustenburg/jag_SM24_micro022_SM24_micro004.1/jag_SM24_micro022_SM24_micro004.recover
/lila/data/chodera/schrodinger/tmpdir/rustenburg/jag_SM24_micro022_SM24_micro004.1/SM24_micro004.mae
/lila/data/chodera/schrodinger/tmpdir/rustenburg/jag_SM24_micro022_SM24_micro004.1/lt18-0-5af4766c.mpinodes
/lila/data/chodera/schrodinger/tmpdir/rustenburg/jag_SM24_micro022_SM24_micro004.1/SM24_micro004.in
/lila/data/chodera/schrodinger/tmpdir/rustenburg/jag_SM24_micro022_SM24_micro004.1/SM24_micro022.mae

=====================
 Jaguar pKa workflow
=====================

Analysing user-provided (prot, deprot) pair:
(SM24_micro022.in, SM24_micro004.in)
Found labile hydrogen 30 in SM24_micro022.in
Found labile hydrogen at atom 24 in SM24_micro004.in
Adding 'ipkat' keyword to input files.

Identifying pKa functional group for pair:
(SM24_micro022, SM24_micro004)

Executing subprocess:
/data/chodera/schrodinger/schrodinger2017-4-advanced/jaguar-v9.8/bin/Linux-x86_64/pka -i -j SM24_micro022.tmp.jres -n

Taking protonated structures from:
SM24_micro022.mae
Taking deprotonated structures from:
SM24_micro004.mae

This molecule from 'SM24_micro022.mae' in water was recognized as:

 # 	           Shell           
---	---------------------------
1: 	pyrimidine                 
2: 	heterocycle custom 1       
3: 	heterocycle                
4: 	Protonation of generic atom


Executing conformational search...

Executing 2 distributed subjobs:
---------------------------------

No more than 8 cpu(s) will be used per subjob.
No more than 10 cpu(s) will be used simultaneously.

Processing the following subjobs:
(1) jaguar run csrch.py SM24_micro022.mae -jobname SM24_micro022 -max_conf 5 -erg_window 50.208 -acc_level 1 -TPP 5
(2) jaguar run csrch.py SM24_micro004.mae -jobname SM24_micro004 -max_conf 5 -erg_window 50.208 -acc_level 1 -TPP 5

Running subjobs on hosts:
  localhost (Max: 2)
Number of jobs:       2
Max retries per job:  3
Max allowed failures: unlimited
Run with -LOCAL:      False
Verbosity:            normal

Starting JobDJ...

Keep one job on driver host: False
JobDJ columns:
  C: Number of completed subjobs
  A: Number of active subjobs (e.g., submitted, running)
  W: Number of waiting/pending subjobs

C A W | Activity  JobId  JobName  JobHost
- - - | --------- -----------------------
0 1 1 | launched  lt18-0-5af47673 SM24_micro022 localhost [lt18]
0 2 0 | launched  lt18-0-5af47676 SM24_micro004 localhost [lt18]
1 1 0 | finished  lt18-0-5af47676 SM24_micro004 localhost [lt18]
2 0 0 | finished  lt18-0-5af47673 SM24_micro022 localhost [lt18]

All jobs have completed.

2 of 2 job(s) succeeded; 0 job(s) failed.

Timer (distribute subjobs) : 851.14 secs (0 hrs, 14 mins, 11 secs)

Setting up QM workflow for (protonated, deprotonated) pair:
(1) (SM24_micro022, SM24_micro004)

Executing Jaguar quantum-mechanical subjobs...

Executing 10 distributed subjobs:
----------------------------------

No more than 8 cpu(s) will be used per subjob.
No more than 10 cpu(s) will be used simultaneously.

Processing the following subjobs:
(1) jaguar run pka_prot.bat -jobname SM24_micro022_conf_1 SM24_micro022_conf_1.in
(2) jaguar run pka_prot.bat -jobname SM24_micro022_conf_2 SM24_micro022_conf_2.in
(3) jaguar run pka_prot.bat -jobname SM24_micro022_conf_3 SM24_micro022_conf_3.in
(4) jaguar run pka_prot.bat -jobname SM24_micro022_conf_4 SM24_micro022_conf_4.in
(5) jaguar run pka_prot.bat -jobname SM24_micro022_conf_5 SM24_micro022_conf_5.in
(6) jaguar run pka_deprot.bat -jobname SM24_micro004_conf_1 SM24_micro004_conf_1.in
(7) jaguar run pka_deprot.bat -jobname SM24_micro004_conf_2 SM24_micro004_conf_2.in
(8) jaguar run pka_deprot.bat -jobname SM24_micro004_conf_3 SM24_micro004_conf_3.in
(9) jaguar run pka_deprot.bat -jobname SM24_micro004_conf_4 SM24_micro004_conf_4.in
(10) jaguar run pka_deprot.bat -jobname SM24_micro004_conf_5 SM24_micro004_conf_5.in

Running subjobs on hosts:
  localhost (Max: 10)
Number of jobs:       10
Max retries per job:  3
Max allowed failures: unlimited
Run with -LOCAL:      False
Verbosity:            normal

Starting JobDJ...

Keep one job on driver host: False
JobDJ columns:
  C: Number of completed subjobs
  A: Number of active subjobs (e.g., submitted, running)
  W: Number of waiting/pending subjobs

 C  A  W | Activity  JobId  JobName  JobHost
-- -- -- | --------- -----------------------
 0  1  9 | launched  lt18-0-5af479d2 SM24_micro022_conf_1 localhost [lt18]
 0  2  8 | launched  lt18-0-5af479d5 SM24_micro022_conf_2 localhost [lt18]
 0  3  7 | launched  lt18-0-5af479d7 SM24_micro022_conf_3 localhost [lt18]
 0  4  6 | launched  lt18-0-5af479d9 SM24_micro022_conf_4 localhost [lt18]
 0  5  5 | launched  lt18-1-5af479db SM24_micro022_conf_5 localhost [lt18]
 0  6  4 | launched  lt18-1-5af479dd SM24_micro004_conf_1 localhost [lt18]
 0  7  3 | launched  lt18-0-5af479e0 SM24_micro004_conf_2 localhost [lt18]
 0  8  2 | launched  lt18-0-5af479e2 SM24_micro004_conf_3 localhost [lt18]
 0  9  1 | launched  lt18-0-5af479e5 SM24_micro004_conf_4 localhost [lt18]
 0 10  0 | launched  lt18-0-5af479e7 SM24_micro004_conf_5 localhost [lt18]
 1  9  0 | finished  lt18-1-5af479db SM24_micro022_conf_5 localhost [lt18]
 2  8  0 | finished  lt18-0-5af479d2 SM24_micro022_conf_1 localhost [lt18]
 3  7  0 | finished  lt18-0-5af479e2 SM24_micro004_conf_3 localhost [lt18]
 4  6  0 | finished  lt18-0-5af479d9 SM24_micro022_conf_4 localhost [lt18]
 5  5  0 | finished  lt18-0-5af479d7 SM24_micro022_conf_3 localhost [lt18]
 6  4  0 | finished  lt18-0-5af479e5 SM24_micro004_conf_4 localhost [lt18]
 7  3  0 | finished  lt18-0-5af479d5 SM24_micro022_conf_2 localhost [lt18]
 8  2  0 | finished  lt18-0-5af479e0 SM24_micro004_conf_2 localhost [lt18]
 9  1  0 | finished  lt18-1-5af479dd SM24_micro004_conf_1 localhost [lt18]
10  0  0 | finished  lt18-0-5af479e7 SM24_micro004_conf_5 localhost [lt18]

All jobs have completed.

10 of 10 job(s) succeeded; 0 job(s) failed.

Timer (distribute subjobs) : 10199.52 secs (2 hrs, 49 mins, 59 secs)

Processing QM output files...

Executing subprocess:
/data/chodera/schrodinger/schrodinger2017-4-advanced/jaguar results -energy SM24_micro022_conf_1.nrg_h.out

Executing subprocess:
/data/chodera/schrodinger/schrodinger2017-4-advanced/jaguar results -esolv SM24_micro022_conf_1.sol_h.out

Executing subprocess:
/data/chodera/schrodinger/schrodinger2017-4-advanced/jaguar results -energy SM24_micro022_conf_2.nrg_h.out

Executing subprocess:
/data/chodera/schrodinger/schrodinger2017-4-advanced/jaguar results -esolv SM24_micro022_conf_2.sol_h.out

Executing subprocess:
/data/chodera/schrodinger/schrodinger2017-4-advanced/jaguar results -energy SM24_micro022_conf_3.nrg_h.out

Executing subprocess:
/data/chodera/schrodinger/schrodinger2017-4-advanced/jaguar results -esolv SM24_micro022_conf_3.sol_h.out

Executing subprocess:
/data/chodera/schrodinger/schrodinger2017-4-advanced/jaguar results -energy SM24_micro022_conf_4.nrg_h.out

Executing subprocess:
/data/chodera/schrodinger/schrodinger2017-4-advanced/jaguar results -esolv SM24_micro022_conf_4.sol_h.out

Executing subprocess:
/data/chodera/schrodinger/schrodinger2017-4-advanced/jaguar results -energy SM24_micro022_conf_5.nrg_h.out

Executing subprocess:
/data/chodera/schrodinger/schrodinger2017-4-advanced/jaguar results -esolv SM24_micro022_conf_5.sol_h.out

Executing subprocess:
/data/chodera/schrodinger/schrodinger2017-4-advanced/jaguar results -energy SM24_micro004_conf_1.nrg.out

Executing subprocess:
/data/chodera/schrodinger/schrodinger2017-4-advanced/jaguar results -esolv SM24_micro004_conf_1.sol.out

Executing subprocess:
/data/chodera/schrodinger/schrodinger2017-4-advanced/jaguar results -energy SM24_micro004_conf_2.nrg.out

Executing subprocess:
/data/chodera/schrodinger/schrodinger2017-4-advanced/jaguar results -esolv SM24_micro004_conf_2.sol.out

Executing subprocess:
/data/chodera/schrodinger/schrodinger2017-4-advanced/jaguar results -energy SM24_micro004_conf_3.nrg.out

Executing subprocess:
/data/chodera/schrodinger/schrodinger2017-4-advanced/jaguar results -esolv SM24_micro004_conf_3.sol.out

Executing subprocess:
/data/chodera/schrodinger/schrodinger2017-4-advanced/jaguar results -energy SM24_micro004_conf_4.nrg.out

Executing subprocess:
/data/chodera/schrodinger/schrodinger2017-4-advanced/jaguar results -esolv SM24_micro004_conf_4.sol.out

Executing subprocess:
/data/chodera/schrodinger/schrodinger2017-4-advanced/jaguar results -energy SM24_micro004_conf_5.nrg.out

Executing subprocess:
/data/chodera/schrodinger/schrodinger2017-4-advanced/jaguar results -esolv SM24_micro004_conf_5.sol.out

Executing subprocess:
/data/chodera/schrodinger/schrodinger2017-4-advanced/jaguar-v9.8/bin/Linux-x86_64/pka -o SM24_micro022_deprot-out.mae -j SM24_micro022.jres -n -d

Executing subprocess:
/data/chodera/schrodinger/schrodinger2017-4-advanced/jaguar-v9.8/bin/Linux-x86_64/pka -o SM24_micro022_prot-out.mae -j SM24_micro022.jres -n

pKa calculation for SM24_micro022 completed.

pKa workflow jag_SM24_micro022_SM24_micro004 completed.

Timer (Jaguar pKa) : 11131.12 secs (3 hrs, 05 mins, 31 secs)
Timer (jaguar_backend.py) : 11131.12 secs (3 hrs, 05 mins, 31 secs)
Finished:   Thu May 10 15:47:53 2018
