Taking protonated structures from:
SM18_micro002_conf_1.dft_h.01.mae
SM18_micro002_conf_2.dft_h.01.mae
SM18_micro002_conf_3.dft_h.01.mae
SM18_micro002_conf_4.dft_h.01.mae
SM18_micro002_conf_5.dft_h.01.mae
Taking deprotonated structures from:
SM18_micro020_conf_1.dft.01.mae
SM18_micro020_conf_2.dft.01.mae
SM18_micro020_conf_3.dft.01.mae
SM18_micro020_conf_4.dft.01.mae
SM18_micro020_conf_5.dft.01.mae

Corrected results for 'protonated' structure in water:
pKa atom: 38

 # 	                 Shell                  	 pKa 	RMSD	 Contribution
---	----------------------------------------	-----	-----	--------------
1: 	mono keto CH acid                       	17.10	0.641	     1.69%
2: 	Protonation of generic atom             	14.18	2.264	    88.22%
3: 	aliphatic CH acid in water              	12.53	2.584	     5.05%
4: 	Protonation of sp2-like aliphatic carbon	12.70	2.605	     5.04%

 Final weighted pKa value is 14.07



