Command:    jaguar run pka.py -jobname jag_SM04_micro006_SM04_micro003 -PARALLEL 10 -n -csrch -prot SM04_micro006.in -deprot SM04_micro003.in
Release:    2017-4
Exec:       /data/chodera/schrodinger/schrodinger2017-4-advanced/jaguar-v9.8/bin/Linux-x86_64
Host:       ls13
JobId:      lilac-0-5aec6fff
JobDir:     /lila/data/chodera/schrodinger/tmpdir/rustenburg/jag_SM04_micro006_SM04_micro003
Date:       Fri May  4 10:36:52 2018

Contents of /lila/data/chodera/schrodinger/tmpdir/rustenburg/jag_SM04_micro006_SM04_micro003:
/lila/data/chodera/schrodinger/tmpdir/rustenburg/jag_SM04_micro006_SM04_micro003/lilac-0-5aec6fff.mpinodes
/lila/data/chodera/schrodinger/tmpdir/rustenburg/jag_SM04_micro006_SM04_micro003/lilac-0-5aec6fff.nodes
/lila/data/chodera/schrodinger/tmpdir/rustenburg/jag_SM04_micro006_SM04_micro003/SM04_micro003.in
/lila/data/chodera/schrodinger/tmpdir/rustenburg/jag_SM04_micro006_SM04_micro003/lilac-0-5aec6fff.jlog
/lila/data/chodera/schrodinger/tmpdir/rustenburg/jag_SM04_micro006_SM04_micro003/jag_SM04_micro006_SM04_micro003.recover
/lila/data/chodera/schrodinger/tmpdir/rustenburg/jag_SM04_micro006_SM04_micro003/lilac-0-5aec6fff.hosts
/lila/data/chodera/schrodinger/tmpdir/rustenburg/jag_SM04_micro006_SM04_micro003/SM04_micro003.mae
/lila/data/chodera/schrodinger/tmpdir/rustenburg/jag_SM04_micro006_SM04_micro003/jag_SM04_micro006_SM04_micro003.log
/lila/data/chodera/schrodinger/tmpdir/rustenburg/jag_SM04_micro006_SM04_micro003/SM04_micro006.in
/lila/data/chodera/schrodinger/tmpdir/rustenburg/jag_SM04_micro006_SM04_micro003/lilac-0-5aec6fff.recover
/lila/data/chodera/schrodinger/tmpdir/rustenburg/jag_SM04_micro006_SM04_micro003/lilac-0-5aec6fff
/lila/data/chodera/schrodinger/tmpdir/rustenburg/jag_SM04_micro006_SM04_micro003/SM04_micro006.mae

=====================
 Jaguar pKa workflow
=====================

Analysing user-provided (prot, deprot) pair:
(SM04_micro006.in, SM04_micro003.in)
Found labile hydrogen 20 in SM04_micro006.in
Found labile hydrogen at atom 8 in SM04_micro003.in
Adding 'ipkat' keyword to input files.

Identifying pKa functional group for pair:
(SM04_micro006, SM04_micro003)

Executing subprocess:
/data/chodera/schrodinger/schrodinger2017-4-advanced/jaguar-v9.8/bin/Linux-x86_64/pka -i -j SM04_micro006.tmp.jres -n

Taking protonated structures from:
SM04_micro006.mae
Taking deprotonated structures from:
SM04_micro003.mae

This molecule from 'SM04_micro006.mae' in water was recognized as:

 # 	           Shell           
---	---------------------------
1: 	pyrimidine                 
2: 	heterocycle custom 1       
3: 	heterocycle                
4: 	Protonation of generic atom


Executing conformational search...

Executing 2 distributed subjobs:
---------------------------------

No more than 8 cpu(s) will be used per subjob.
No more than 10 cpu(s) will be used simultaneously.

Processing the following subjobs:
(1) jaguar run csrch.py SM04_micro006.mae -jobname SM04_micro006 -max_conf 5 -erg_window 50.208 -acc_level 1 -TPP 5
(2) jaguar run csrch.py SM04_micro003.mae -jobname SM04_micro003 -max_conf 5 -erg_window 50.208 -acc_level 1 -TPP 5

Running subjobs on hosts:
  lsf-cpu (Max: 2)
Number of jobs:       2
Max retries per job:  3
Max allowed failures: unlimited
Run with -LOCAL:      False
Verbosity:            normal

Starting JobDJ...

Keep one job on driver host: False
JobDJ columns:
  C: Number of completed subjobs
  A: Number of active subjobs (e.g., submitted, running)
  W: Number of waiting/pending subjobs

C A W | Activity  JobId  JobName  JobHost
- - - | --------- -----------------------
0 1 1 | launched  ls13-0-5aec700a SM04_micro006 lsf-cpu
0 2 0 | launched  ls13-0-5aec700d SM04_micro003 lsf-cpu
1 1 0 | finished  ls13-0-5aec700d SM04_micro003 lsf-cpu
2 0 0 | finished  ls13-0-5aec700a SM04_micro006 lsf-cpu [ls13]

All jobs have completed.

2 of 2 job(s) succeeded; 0 job(s) failed.

Timer (distribute subjobs) : 612.91 secs (0 hrs, 10 mins, 12 secs)

Setting up QM workflow for (protonated, deprotonated) pair:
(1) (SM04_micro006, SM04_micro003)

Executing Jaguar quantum-mechanical subjobs...

Executing 10 distributed subjobs:
----------------------------------

No more than 8 cpu(s) will be used per subjob.
No more than 10 cpu(s) will be used simultaneously.

Processing the following subjobs:
(1) jaguar run pka_prot.bat -jobname SM04_micro006_conf_1 SM04_micro006_conf_1.in
(2) jaguar run pka_prot.bat -jobname SM04_micro006_conf_2 SM04_micro006_conf_2.in
(3) jaguar run pka_prot.bat -jobname SM04_micro006_conf_3 SM04_micro006_conf_3.in
(4) jaguar run pka_prot.bat -jobname SM04_micro006_conf_4 SM04_micro006_conf_4.in
(5) jaguar run pka_prot.bat -jobname SM04_micro006_conf_5 SM04_micro006_conf_5.in
(6) jaguar run pka_deprot.bat -jobname SM04_micro003_conf_1 SM04_micro003_conf_1.in
(7) jaguar run pka_deprot.bat -jobname SM04_micro003_conf_2 SM04_micro003_conf_2.in
(8) jaguar run pka_deprot.bat -jobname SM04_micro003_conf_3 SM04_micro003_conf_3.in
(9) jaguar run pka_deprot.bat -jobname SM04_micro003_conf_4 SM04_micro003_conf_4.in
(10) jaguar run pka_deprot.bat -jobname SM04_micro003_conf_5 SM04_micro003_conf_5.in

Running subjobs on hosts:
  lsf-cpu (Max: 10)
Number of jobs:       10
Max retries per job:  3
Max allowed failures: unlimited
Run with -LOCAL:      False
Verbosity:            normal

Starting JobDJ...

Keep one job on driver host: True
JobDJ columns:
  C: Number of completed subjobs
  A: Number of active subjobs (e.g., submitted, running)
  W: Number of waiting/pending subjobs

 C  A  W | Activity  JobId  JobName  JobHost
-- -- -- | --------- -----------------------
 0  1  9 | launched  ls13-0-5aec7271 SM04_micro006_conf_1 localhost [ls13]
 0  2  8 | launched  ls13-0-5aec7279 SM04_micro006_conf_2 lsf-cpu
 0  3  7 | launched  ls13-0-5aec727f SM04_micro006_conf_3 lsf-cpu
 0  4  6 | launched  ls13-0-5aec7284 SM04_micro006_conf_4 lsf-cpu
 0  5  5 | launched  ls13-0-5aec728a SM04_micro006_conf_5 lsf-cpu
 0  6  4 | launched  ls13-0-5aec7298 SM04_micro003_conf_1 lsf-cpu
 0  7  3 | launched  ls13-0-5aec72c1 SM04_micro003_conf_2 lsf-cpu
 0  8  2 | launched  ls13-0-5aec72d8 SM04_micro003_conf_3 lsf-cpu
 0  9  1 | launched  ls13-0-5aec72f0 SM04_micro003_conf_4 lsf-cpu
 0 10  0 | launched  ls13-0-5aec7303 SM04_micro003_conf_5 lsf-cpu
 1  9  0 | finished  ls13-0-5aec728a SM04_micro006_conf_5 lsf-cpu [ls01]
 2  8  0 | finished  ls13-0-5aec72c1 SM04_micro003_conf_2 lsf-cpu [ls15]
 3  7  0 | finished  ls13-0-5aec7271 SM04_micro006_conf_1 localhost [ls13]
 4  6  0 | finished  ls13-0-5aec7279 SM04_micro006_conf_2 lsf-cpu [ls07]
 5  5  0 | finished  ls13-0-5aec727f SM04_micro006_conf_3 lsf-cpu [ls07]
 6  4  0 | finished  ls13-0-5aec72d8 SM04_micro003_conf_3 lsf-cpu [ls13]
 7  3  0 | finished  ls13-0-5aec7284 SM04_micro006_conf_4 lsf-cpu [ls07]
 8  2  0 | finished  ls13-0-5aec7298 SM04_micro003_conf_1 lsf-cpu [ls07]
 9  1  0 | finished  ls13-0-5aec72f0 SM04_micro003_conf_4 lsf-cpu [ls13]
10  0  0 | finished  ls13-0-5aec7303 SM04_micro003_conf_5 lsf-cpu [ls13]

All jobs have completed.

10 of 10 job(s) succeeded; 0 job(s) failed.

Timer (distribute subjobs) : 2972.63 secs (0 hrs, 49 mins, 32 secs)

Processing QM output files...

Executing subprocess:
/data/chodera/schrodinger/schrodinger2017-4-advanced/jaguar results -energy SM04_micro006_conf_1.nrg_h.out

Executing subprocess:
/data/chodera/schrodinger/schrodinger2017-4-advanced/jaguar results -esolv SM04_micro006_conf_1.sol_h.out

Executing subprocess:
/data/chodera/schrodinger/schrodinger2017-4-advanced/jaguar results -energy SM04_micro006_conf_2.nrg_h.out

Executing subprocess:
/data/chodera/schrodinger/schrodinger2017-4-advanced/jaguar results -esolv SM04_micro006_conf_2.sol_h.out

Executing subprocess:
/data/chodera/schrodinger/schrodinger2017-4-advanced/jaguar results -energy SM04_micro006_conf_3.nrg_h.out

Executing subprocess:
/data/chodera/schrodinger/schrodinger2017-4-advanced/jaguar results -esolv SM04_micro006_conf_3.sol_h.out

Executing subprocess:
/data/chodera/schrodinger/schrodinger2017-4-advanced/jaguar results -energy SM04_micro006_conf_4.nrg_h.out

Executing subprocess:
/data/chodera/schrodinger/schrodinger2017-4-advanced/jaguar results -esolv SM04_micro006_conf_4.sol_h.out

Executing subprocess:
/data/chodera/schrodinger/schrodinger2017-4-advanced/jaguar results -energy SM04_micro006_conf_5.nrg_h.out

Executing subprocess:
/data/chodera/schrodinger/schrodinger2017-4-advanced/jaguar results -esolv SM04_micro006_conf_5.sol_h.out

Executing subprocess:
/data/chodera/schrodinger/schrodinger2017-4-advanced/jaguar results -energy SM04_micro003_conf_1.nrg.out

Executing subprocess:
/data/chodera/schrodinger/schrodinger2017-4-advanced/jaguar results -esolv SM04_micro003_conf_1.sol.out

Executing subprocess:
/data/chodera/schrodinger/schrodinger2017-4-advanced/jaguar results -energy SM04_micro003_conf_2.nrg.out

Executing subprocess:
/data/chodera/schrodinger/schrodinger2017-4-advanced/jaguar results -esolv SM04_micro003_conf_2.sol.out

Executing subprocess:
/data/chodera/schrodinger/schrodinger2017-4-advanced/jaguar results -energy SM04_micro003_conf_3.nrg.out

Executing subprocess:
/data/chodera/schrodinger/schrodinger2017-4-advanced/jaguar results -esolv SM04_micro003_conf_3.sol.out

Executing subprocess:
/data/chodera/schrodinger/schrodinger2017-4-advanced/jaguar results -energy SM04_micro003_conf_4.nrg.out

Executing subprocess:
/data/chodera/schrodinger/schrodinger2017-4-advanced/jaguar results -esolv SM04_micro003_conf_4.sol.out

Executing subprocess:
/data/chodera/schrodinger/schrodinger2017-4-advanced/jaguar results -energy SM04_micro003_conf_5.nrg.out

Executing subprocess:
/data/chodera/schrodinger/schrodinger2017-4-advanced/jaguar results -esolv SM04_micro003_conf_5.sol.out

Executing subprocess:
/data/chodera/schrodinger/schrodinger2017-4-advanced/jaguar-v9.8/bin/Linux-x86_64/pka -o SM04_micro006_deprot-out.mae -j SM04_micro006.jres -n -d

Executing subprocess:
/data/chodera/schrodinger/schrodinger2017-4-advanced/jaguar-v9.8/bin/Linux-x86_64/pka -o SM04_micro006_prot-out.mae -j SM04_micro006.jres -n

pKa calculation for SM04_micro006 completed.

pKa workflow jag_SM04_micro006_SM04_micro003 completed.

Timer (Jaguar pKa) : 3677.35 secs (1 hrs, 01 mins, 17 secs)
Timer (jaguar_backend.py) : 3677.35 secs (1 hrs, 01 mins, 17 secs)
Finished:   Fri May  4 11:38:09 2018
