Taking protonated structures from:
SM21_micro031_conf_1.dft_h.01.mae
SM21_micro031_conf_2.dft_h.01.mae
SM21_micro031_conf_3.dft_h.01.mae
SM21_micro031_conf_4.dft_h.01.mae
SM21_micro031_conf_5.dft_h.01.mae
Taking deprotonated structures from:
SM21_micro002_conf_1.dft.01.mae
SM21_micro002_conf_2.dft.01.mae
SM21_micro002_conf_3.dft.01.mae
SM21_micro002_conf_4.dft.01.mae
SM21_micro002_conf_5.dft.01.mae

Corrected results for 'protonated' structure in water:
pKa atom: 24

 # 	                  Shell                   	 pKa 	RMSD	 Contribution
---	------------------------------------------	-----	-----	--------------
1: 	secondary aniline                         	-8.24	0.275	    94.77%
2: 	Protonation of sp3-like aliphatic nitrogen	-7.15	1.715	     4.89%
3: 	Protonation of generic atom               	-7.03	2.264	     0.34%

 Final weighted pKa value is -8.19



