Command:    jaguar run pka.py -jobname jag_SM11_micro024_SM11_micro021 -PARALLEL 10 -n -csrch -prot SM11_micro024.in -deprot SM11_micro021.in
Release:    2017-4
Exec:       /data/chodera/schrodinger/schrodinger2017-4-advanced/jaguar-v9.8/bin/Linux-x86_64
Host:       lt12
JobId:      lilac-0-5aec9ab7
JobDir:     /lila/data/chodera/schrodinger/tmpdir/rustenburg/jag_SM11_micro024_SM11_micro021
Date:       Fri May  4 13:39:54 2018

Contents of /lila/data/chodera/schrodinger/tmpdir/rustenburg/jag_SM11_micro024_SM11_micro021:
/lila/data/chodera/schrodinger/tmpdir/rustenburg/jag_SM11_micro024_SM11_micro021/lilac-0-5aec9ab7.hosts
/lila/data/chodera/schrodinger/tmpdir/rustenburg/jag_SM11_micro024_SM11_micro021/lilac-0-5aec9ab7.jlog
/lila/data/chodera/schrodinger/tmpdir/rustenburg/jag_SM11_micro024_SM11_micro021/lilac-0-5aec9ab7.mpinodes
/lila/data/chodera/schrodinger/tmpdir/rustenburg/jag_SM11_micro024_SM11_micro021/lilac-0-5aec9ab7.recover
/lila/data/chodera/schrodinger/tmpdir/rustenburg/jag_SM11_micro024_SM11_micro021/jag_SM11_micro024_SM11_micro021.recover
/lila/data/chodera/schrodinger/tmpdir/rustenburg/jag_SM11_micro024_SM11_micro021/lilac-0-5aec9ab7
/lila/data/chodera/schrodinger/tmpdir/rustenburg/jag_SM11_micro024_SM11_micro021/jag_SM11_micro024_SM11_micro021.log
/lila/data/chodera/schrodinger/tmpdir/rustenburg/jag_SM11_micro024_SM11_micro021/lilac-0-5aec9ab7.nodes
/lila/data/chodera/schrodinger/tmpdir/rustenburg/jag_SM11_micro024_SM11_micro021/SM11_micro024.mae
/lila/data/chodera/schrodinger/tmpdir/rustenburg/jag_SM11_micro024_SM11_micro021/SM11_micro021.mae
/lila/data/chodera/schrodinger/tmpdir/rustenburg/jag_SM11_micro024_SM11_micro021/SM11_micro021.in
/lila/data/chodera/schrodinger/tmpdir/rustenburg/jag_SM11_micro024_SM11_micro021/SM11_micro024.in

=====================
 Jaguar pKa workflow
=====================

Analysing user-provided (prot, deprot) pair:
(SM11_micro024.in, SM11_micro021.in)
Found labile hydrogen 18 in SM11_micro024.in
Found labile hydrogen at atom 13 in SM11_micro021.in
Adding 'ipkat' keyword to input files.

Identifying pKa functional group for pair:
(SM11_micro024, SM11_micro021)

Executing subprocess:
/data/chodera/schrodinger/schrodinger2017-4-advanced/jaguar-v9.8/bin/Linux-x86_64/pka -i -j SM11_micro024.tmp.jres -n

Taking protonated structures from:
SM11_micro024.mae
Taking deprotonated structures from:
SM11_micro021.mae

This molecule from 'SM11_micro024.mae' in water was recognized as:

 # 	                  Shell                   
---	------------------------------------------
1: 	Protonation of sp3-like aliphatic nitrogen
2: 	Protonation of generic atom               


Executing conformational search...

Executing 2 distributed subjobs:
---------------------------------

No more than 8 cpu(s) will be used per subjob.
No more than 10 cpu(s) will be used simultaneously.

Processing the following subjobs:
(1) jaguar run csrch.py SM11_micro024.mae -jobname SM11_micro024 -max_conf 5 -erg_window 50.208 -acc_level 1 -TPP 5
(2) jaguar run csrch.py SM11_micro021.mae -jobname SM11_micro021 -max_conf 5 -erg_window 50.208 -acc_level 1 -TPP 5

Running subjobs on hosts:
  lsf-cpu (Max: 2)
Number of jobs:       2
Max retries per job:  3
Max allowed failures: unlimited
Run with -LOCAL:      False
Verbosity:            normal

Starting JobDJ...

Keep one job on driver host: False
JobDJ columns:
  C: Number of completed subjobs
  A: Number of active subjobs (e.g., submitted, running)
  W: Number of waiting/pending subjobs

C A W | Activity  JobId  JobName  JobHost
- - - | --------- -----------------------
0 1 1 | launched  lt12-0-5aec9af0 SM11_micro024 lsf-cpu
0 2 0 | launched  lt12-0-5aec9af4 SM11_micro021 lsf-cpu
1 1 0 | finished  lt12-0-5aec9af4 SM11_micro021 lsf-cpu
2 0 0 | finished  lt12-0-5aec9af0 SM11_micro024 lsf-cpu [lt02]

All jobs have completed.

2 of 2 job(s) succeeded; 0 job(s) failed.

Timer (distribute subjobs) : 822.80 secs (0 hrs, 13 mins, 42 secs)

Setting up QM workflow for (protonated, deprotonated) pair:
(1) (SM11_micro024, SM11_micro021)

Executing Jaguar quantum-mechanical subjobs...

Executing 5 distributed subjobs:
---------------------------------

No more than 8 cpu(s) will be used per subjob.
No more than 10 cpu(s) will be used simultaneously.

Processing the following subjobs:
(1) jaguar run pka_prot.bat -jobname SM11_micro024_conf_1 SM11_micro024_conf_1.in -TPP 2
(2) jaguar run pka_prot.bat -jobname SM11_micro024_conf_2 SM11_micro024_conf_2.in -TPP 2
(3) jaguar run pka_prot.bat -jobname SM11_micro024_conf_3 SM11_micro024_conf_3.in -TPP 2
(4) jaguar run pka_deprot.bat -jobname SM11_micro021_conf_1 SM11_micro021_conf_1.in -TPP 2
(5) jaguar run pka_deprot.bat -jobname SM11_micro021_conf_2 SM11_micro021_conf_2.in -TPP 2

Running subjobs on hosts:
  lsf-cpu (Max: 5)
Number of jobs:       5
Max retries per job:  3
Max allowed failures: unlimited
Run with -LOCAL:      False
Verbosity:            normal

Starting JobDJ...

Keep one job on driver host: False
JobDJ columns:
  C: Number of completed subjobs
  A: Number of active subjobs (e.g., submitted, running)
  W: Number of waiting/pending subjobs

C A W | Activity  JobId  JobName  JobHost
- - - | --------- -----------------------
0 1 4 | launched  lt12-0-5aec9e30 SM11_micro024_conf_1 lsf-cpu
0 2 3 | launched  lt12-0-5aec9e37 SM11_micro024_conf_2 lsf-cpu
0 3 2 | launched  lt12-0-5aec9e3a SM11_micro024_conf_3 lsf-cpu
0 4 1 | launched  lt12-0-5aec9e3c SM11_micro021_conf_1 lsf-cpu
0 5 0 | launched  lt12-0-5aec9e3f SM11_micro021_conf_2 lsf-cpu
1 4 0 | finished  lt12-0-5aec9e37 SM11_micro024_conf_2 lsf-cpu [ls15]
2 3 0 | finished  lt12-0-5aec9e30 SM11_micro024_conf_1 lsf-cpu [ls15]
3 2 0 | finished  lt12-0-5aec9e3f SM11_micro021_conf_2 lsf-cpu [ls15]
4 1 0 | finished  lt12-0-5aec9e3c SM11_micro021_conf_1 lsf-cpu [ls15]
5 0 0 | finished  lt12-0-5aec9e3a SM11_micro024_conf_3 lsf-cpu [ls15]

All jobs have completed.

5 of 5 job(s) succeeded; 0 job(s) failed.

Timer (distribute subjobs) : 1620.90 secs (0 hrs, 27 mins, 00 secs)

Processing QM output files...

Executing subprocess:
/data/chodera/schrodinger/schrodinger2017-4-advanced/jaguar results -energy SM11_micro024_conf_1.nrg_h.out

Executing subprocess:
/data/chodera/schrodinger/schrodinger2017-4-advanced/jaguar results -esolv SM11_micro024_conf_1.sol_h.out

Executing subprocess:
/data/chodera/schrodinger/schrodinger2017-4-advanced/jaguar results -energy SM11_micro024_conf_2.nrg_h.out

Executing subprocess:
/data/chodera/schrodinger/schrodinger2017-4-advanced/jaguar results -esolv SM11_micro024_conf_2.sol_h.out

Executing subprocess:
/data/chodera/schrodinger/schrodinger2017-4-advanced/jaguar results -energy SM11_micro024_conf_3.nrg_h.out

Executing subprocess:
/data/chodera/schrodinger/schrodinger2017-4-advanced/jaguar results -esolv SM11_micro024_conf_3.sol_h.out

Executing subprocess:
/data/chodera/schrodinger/schrodinger2017-4-advanced/jaguar results -energy SM11_micro021_conf_1.nrg.out

Executing subprocess:
/data/chodera/schrodinger/schrodinger2017-4-advanced/jaguar results -esolv SM11_micro021_conf_1.sol.out

Executing subprocess:
/data/chodera/schrodinger/schrodinger2017-4-advanced/jaguar results -energy SM11_micro021_conf_2.nrg.out

Executing subprocess:
/data/chodera/schrodinger/schrodinger2017-4-advanced/jaguar results -esolv SM11_micro021_conf_2.sol.out

Executing subprocess:
/data/chodera/schrodinger/schrodinger2017-4-advanced/jaguar-v9.8/bin/Linux-x86_64/pka -o SM11_micro024_deprot-out.mae -j SM11_micro024.jres -n -d

Executing subprocess:
/data/chodera/schrodinger/schrodinger2017-4-advanced/jaguar-v9.8/bin/Linux-x86_64/pka -o SM11_micro024_prot-out.mae -j SM11_micro024.jres -n

pKa calculation for SM11_micro024 completed.

pKa workflow jag_SM11_micro024_SM11_micro021 completed.

Timer (Jaguar pKa) : 2493.06 secs (0 hrs, 41 mins, 33 secs)
Timer (jaguar_backend.py) : 2493.06 secs (0 hrs, 41 mins, 33 secs)
Finished:   Fri May  4 14:21:27 2018
