Command:    jaguar run pka.py -jobname jag_SM18_micro037_SM18_micro038 -PARALLEL 10 -WAIT -n -csrch -prot SM18_micro037.in -deprot SM18_micro038.in
Release:    2017-4
Exec:       /data/chodera/schrodinger/schrodinger2017-4-advanced/jaguar-v9.8/bin/Linux-x86_64
Host:       ls09
JobId:      ls09-1-5af456de
JobDir:     /lila/data/chodera/schrodinger/tmpdir/rustenburg/jag_SM18_micro037_SM18_micro038.1
Date:       Thu May 10 10:27:45 2018

Contents of /lila/data/chodera/schrodinger/tmpdir/rustenburg/jag_SM18_micro037_SM18_micro038.1:
/lila/data/chodera/schrodinger/tmpdir/rustenburg/jag_SM18_micro037_SM18_micro038.1/SM18_micro037.mae
/lila/data/chodera/schrodinger/tmpdir/rustenburg/jag_SM18_micro037_SM18_micro038.1/SM18_micro037.in
/lila/data/chodera/schrodinger/tmpdir/rustenburg/jag_SM18_micro037_SM18_micro038.1/SM18_micro038.mae
/lila/data/chodera/schrodinger/tmpdir/rustenburg/jag_SM18_micro037_SM18_micro038.1/ls09-1-5af456de.mpinodes
/lila/data/chodera/schrodinger/tmpdir/rustenburg/jag_SM18_micro037_SM18_micro038.1/SM18_micro038.in
/lila/data/chodera/schrodinger/tmpdir/rustenburg/jag_SM18_micro037_SM18_micro038.1/ls09-1-5af456de.recover
/lila/data/chodera/schrodinger/tmpdir/rustenburg/jag_SM18_micro037_SM18_micro038.1/jag_SM18_micro037_SM18_micro038.log
/lila/data/chodera/schrodinger/tmpdir/rustenburg/jag_SM18_micro037_SM18_micro038.1/ls09-1-5af456de
/lila/data/chodera/schrodinger/tmpdir/rustenburg/jag_SM18_micro037_SM18_micro038.1/jag_SM18_micro037_SM18_micro038.recover

=====================
 Jaguar pKa workflow
=====================

Analysing user-provided (prot, deprot) pair:
(SM18_micro037.in, SM18_micro038.in)
Found labile hydrogen 31 in SM18_micro037.in
Found labile hydrogen at atom 11 in SM18_micro038.in
Adding 'ipkat' keyword to input files.

Identifying pKa functional group for pair:
(SM18_micro037, SM18_micro038)

Executing subprocess:
/data/chodera/schrodinger/schrodinger2017-4-advanced/jaguar-v9.8/bin/Linux-x86_64/pka -i -j SM18_micro037.tmp.jres -n

Taking protonated structures from:
SM18_micro037.mae
Taking deprotonated structures from:
SM18_micro038.mae

This molecule from 'SM18_micro037.mae' in water was recognized as:

 # 	           Shell           
---	---------------------------
1: 	Protonation of generic atom


Executing conformational search...

Executing 2 distributed subjobs:
---------------------------------

No more than 8 cpu(s) will be used per subjob.
No more than 10 cpu(s) will be used simultaneously.

Processing the following subjobs:
(1) jaguar run csrch.py SM18_micro037.mae -jobname SM18_micro037 -max_conf 5 -erg_window 50.208 -acc_level 1 -TPP 5
(2) jaguar run csrch.py SM18_micro038.mae -jobname SM18_micro038 -max_conf 5 -erg_window 50.208 -acc_level 1 -TPP 5

Running subjobs on hosts:
  localhost (Max: 2)
Number of jobs:       2
Max retries per job:  3
Max allowed failures: unlimited
Run with -LOCAL:      False
Verbosity:            normal

Starting JobDJ...

Keep one job on driver host: False
JobDJ columns:
  C: Number of completed subjobs
  A: Number of active subjobs (e.g., submitted, running)
  W: Number of waiting/pending subjobs

C A W | Activity  JobId  JobName  JobHost
- - - | --------- -----------------------
0 1 1 | launched  ls09-1-5af456e7 SM18_micro037 localhost [ls09]
0 2 0 | launched  ls09-1-5af456e9 SM18_micro038 localhost [ls09]
1 1 0 | finished  ls09-1-5af456e9 SM18_micro038 localhost [ls09]
2 0 0 | finished  ls09-1-5af456e7 SM18_micro037 localhost [ls09]

All jobs have completed.

2 of 2 job(s) succeeded; 0 job(s) failed.

Timer (distribute subjobs) : 1451.90 secs (0 hrs, 24 mins, 11 secs)

Setting up QM workflow for (protonated, deprotonated) pair:
(1) (SM18_micro037, SM18_micro038)

Executing Jaguar quantum-mechanical subjobs...

Executing 10 distributed subjobs:
----------------------------------

No more than 8 cpu(s) will be used per subjob.
No more than 10 cpu(s) will be used simultaneously.

Processing the following subjobs:
(1) jaguar run pka_prot.bat -jobname SM18_micro037_conf_1 SM18_micro037_conf_1.in
(2) jaguar run pka_prot.bat -jobname SM18_micro037_conf_2 SM18_micro037_conf_2.in
(3) jaguar run pka_prot.bat -jobname SM18_micro037_conf_3 SM18_micro037_conf_3.in
(4) jaguar run pka_prot.bat -jobname SM18_micro037_conf_4 SM18_micro037_conf_4.in
(5) jaguar run pka_prot.bat -jobname SM18_micro037_conf_5 SM18_micro037_conf_5.in
(6) jaguar run pka_deprot.bat -jobname SM18_micro038_conf_1 SM18_micro038_conf_1.in
(7) jaguar run pka_deprot.bat -jobname SM18_micro038_conf_2 SM18_micro038_conf_2.in
(8) jaguar run pka_deprot.bat -jobname SM18_micro038_conf_3 SM18_micro038_conf_3.in
(9) jaguar run pka_deprot.bat -jobname SM18_micro038_conf_4 SM18_micro038_conf_4.in
(10) jaguar run pka_deprot.bat -jobname SM18_micro038_conf_5 SM18_micro038_conf_5.in

Running subjobs on hosts:
  localhost (Max: 10)
Number of jobs:       10
Max retries per job:  3
Max allowed failures: unlimited
Run with -LOCAL:      False
Verbosity:            normal

Starting JobDJ...

Keep one job on driver host: False
JobDJ columns:
  C: Number of completed subjobs
  A: Number of active subjobs (e.g., submitted, running)
  W: Number of waiting/pending subjobs

 C  A  W | Activity  JobId  JobName  JobHost
-- -- -- | --------- -----------------------
 0  1  9 | launched  ls09-0-5af45c95 SM18_micro037_conf_1 localhost [ls09]
 0  2  8 | launched  ls09-0-5af45c97 SM18_micro037_conf_2 localhost [ls09]
 0  3  7 | launched  ls09-2-5af45c99 SM18_micro037_conf_3 localhost [ls09]
 0  4  6 | launched  ls09-1-5af45c9c SM18_micro037_conf_4 localhost [ls09]
 0  5  5 | launched  ls09-0-5af45c9f SM18_micro037_conf_5 localhost [ls09]
 0  6  4 | launched  ls09-0-5af45ca2 SM18_micro038_conf_1 localhost [ls09]
 0  7  3 | launched  ls09-0-5af45ca5 SM18_micro038_conf_2 localhost [ls09]
 0  8  2 | launched  ls09-0-5af45ca8 SM18_micro038_conf_3 localhost [ls09]
 0  9  1 | launched  ls09-1-5af45cab SM18_micro038_conf_4 localhost [ls09]
 0 10  0 | launched  ls09-1-5af45cb0 SM18_micro038_conf_5 localhost [ls09]
 1  9  0 | finished  ls09-0-5af45c9f SM18_micro037_conf_5 localhost [ls09]
 2  8  0 | finished  ls09-1-5af45cb0 SM18_micro038_conf_5 localhost [ls09]
 3  7  0 | finished  ls09-0-5af45c97 SM18_micro037_conf_2 localhost [ls09]
 4  6  0 | finished  ls09-0-5af45ca2 SM18_micro038_conf_1 localhost [ls09]
 5  5  0 | finished  ls09-1-5af45c9c SM18_micro037_conf_4 localhost [ls09]
 6  4  0 | finished  ls09-2-5af45c99 SM18_micro037_conf_3 localhost [ls09]
 7  3  0 | finished  ls09-1-5af45cab SM18_micro038_conf_4 localhost [ls09]
 8  2  0 | finished  ls09-0-5af45ca8 SM18_micro038_conf_3 localhost [ls09]
 9  1  0 | finished  ls09-0-5af45c95 SM18_micro037_conf_1 localhost [ls09]
10  0  0 | finished  ls09-0-5af45ca5 SM18_micro038_conf_2 localhost [ls09]

All jobs have completed.

10 of 10 job(s) succeeded; 0 job(s) failed.

Timer (distribute subjobs) : 25015.70 secs (6 hrs, 56 mins, 55 secs)

Processing QM output files...

Executing subprocess:
/data/chodera/schrodinger/schrodinger2017-4-advanced/jaguar results -energy SM18_micro037_conf_1.nrg_h.out

Executing subprocess:
/data/chodera/schrodinger/schrodinger2017-4-advanced/jaguar results -esolv SM18_micro037_conf_1.sol_h.out

Executing subprocess:
/data/chodera/schrodinger/schrodinger2017-4-advanced/jaguar results -energy SM18_micro037_conf_2.nrg_h.out

Executing subprocess:
/data/chodera/schrodinger/schrodinger2017-4-advanced/jaguar results -esolv SM18_micro037_conf_2.sol_h.out

Executing subprocess:
/data/chodera/schrodinger/schrodinger2017-4-advanced/jaguar results -energy SM18_micro037_conf_3.nrg_h.out

Executing subprocess:
/data/chodera/schrodinger/schrodinger2017-4-advanced/jaguar results -esolv SM18_micro037_conf_3.sol_h.out

Executing subprocess:
/data/chodera/schrodinger/schrodinger2017-4-advanced/jaguar results -energy SM18_micro037_conf_4.nrg_h.out

Executing subprocess:
/data/chodera/schrodinger/schrodinger2017-4-advanced/jaguar results -esolv SM18_micro037_conf_4.sol_h.out

Executing subprocess:
/data/chodera/schrodinger/schrodinger2017-4-advanced/jaguar results -energy SM18_micro037_conf_5.nrg_h.out

Executing subprocess:
/data/chodera/schrodinger/schrodinger2017-4-advanced/jaguar results -esolv SM18_micro037_conf_5.sol_h.out

Executing subprocess:
/data/chodera/schrodinger/schrodinger2017-4-advanced/jaguar results -energy SM18_micro038_conf_1.nrg.out

Executing subprocess:
/data/chodera/schrodinger/schrodinger2017-4-advanced/jaguar results -esolv SM18_micro038_conf_1.sol.out

Executing subprocess:
/data/chodera/schrodinger/schrodinger2017-4-advanced/jaguar results -energy SM18_micro038_conf_2.nrg.out

Executing subprocess:
/data/chodera/schrodinger/schrodinger2017-4-advanced/jaguar results -esolv SM18_micro038_conf_2.sol.out

Executing subprocess:
/data/chodera/schrodinger/schrodinger2017-4-advanced/jaguar results -energy SM18_micro038_conf_3.nrg.out

Executing subprocess:
/data/chodera/schrodinger/schrodinger2017-4-advanced/jaguar results -esolv SM18_micro038_conf_3.sol.out

Executing subprocess:
/data/chodera/schrodinger/schrodinger2017-4-advanced/jaguar results -energy SM18_micro038_conf_4.nrg.out

Executing subprocess:
/data/chodera/schrodinger/schrodinger2017-4-advanced/jaguar results -esolv SM18_micro038_conf_4.sol.out

Executing subprocess:
/data/chodera/schrodinger/schrodinger2017-4-advanced/jaguar results -energy SM18_micro038_conf_5.nrg.out

Executing subprocess:
/data/chodera/schrodinger/schrodinger2017-4-advanced/jaguar results -esolv SM18_micro038_conf_5.sol.out

Executing subprocess:
/data/chodera/schrodinger/schrodinger2017-4-advanced/jaguar-v9.8/bin/Linux-x86_64/pka -o SM18_micro037_deprot-out.mae -j SM18_micro037.jres -n -d

Executing subprocess:
/data/chodera/schrodinger/schrodinger2017-4-advanced/jaguar-v9.8/bin/Linux-x86_64/pka -o SM18_micro037_prot-out.mae -j SM18_micro037.jres -n

pKa calculation for SM18_micro037 completed.

pKa workflow jag_SM18_micro037_SM18_micro038 completed.

Timer (Jaguar pKa) : 26537.91 secs (7 hrs, 22 mins, 17 secs)
Timer (jaguar_backend.py) : 26537.91 secs (7 hrs, 22 mins, 17 secs)
Finished:   Thu May 10 17:50:03 2018
