Command:    jaguar run pka.py -jobname jag_SM18_micro005_SM18_micro049 -PARALLEL 10 -WAIT -n -csrch -prot SM18_micro005.in -deprot SM18_micro049.in
Release:    2017-4
Exec:       /data/chodera/schrodinger/schrodinger2017-4-advanced/jaguar-v9.8/bin/Linux-x86_64
Host:       lt11
JobId:      lt11-0-5af5cfe5
JobDir:     /lila/data/chodera/schrodinger/tmpdir/rustenburg/jag_SM18_micro005_SM18_micro049.1
Date:       Fri May 11 13:16:23 2018

Contents of /lila/data/chodera/schrodinger/tmpdir/rustenburg/jag_SM18_micro005_SM18_micro049.1:
/lila/data/chodera/schrodinger/tmpdir/rustenburg/jag_SM18_micro005_SM18_micro049.1/SM18_micro005.mae
/lila/data/chodera/schrodinger/tmpdir/rustenburg/jag_SM18_micro005_SM18_micro049.1/lt11-0-5af5cfe5.recover
/lila/data/chodera/schrodinger/tmpdir/rustenburg/jag_SM18_micro005_SM18_micro049.1/lt11-0-5af5cfe5.mpinodes
/lila/data/chodera/schrodinger/tmpdir/rustenburg/jag_SM18_micro005_SM18_micro049.1/SM18_micro049.mae
/lila/data/chodera/schrodinger/tmpdir/rustenburg/jag_SM18_micro005_SM18_micro049.1/jag_SM18_micro005_SM18_micro049.recover
/lila/data/chodera/schrodinger/tmpdir/rustenburg/jag_SM18_micro005_SM18_micro049.1/jag_SM18_micro005_SM18_micro049.log
/lila/data/chodera/schrodinger/tmpdir/rustenburg/jag_SM18_micro005_SM18_micro049.1/lt11-0-5af5cfe5
/lila/data/chodera/schrodinger/tmpdir/rustenburg/jag_SM18_micro005_SM18_micro049.1/SM18_micro005.in
/lila/data/chodera/schrodinger/tmpdir/rustenburg/jag_SM18_micro005_SM18_micro049.1/SM18_micro049.in

=====================
 Jaguar pKa workflow
=====================

Analysing user-provided (prot, deprot) pair:
(SM18_micro005.in, SM18_micro049.in)
Found labile hydrogen 31 in SM18_micro005.in
Found labile hydrogen at atom 11 in SM18_micro049.in
Adding 'ipkat' keyword to input files.

Identifying pKa functional group for pair:
(SM18_micro005, SM18_micro049)

Executing subprocess:
/data/chodera/schrodinger/schrodinger2017-4-advanced/jaguar-v9.8/bin/Linux-x86_64/pka -i -j SM18_micro005.tmp.jres -n

Taking protonated structures from:
SM18_micro005.mae
Taking deprotonated structures from:
SM18_micro049.mae

This molecule from 'SM18_micro005.mae' in water was recognized as:

 # 	           Shell           
---	---------------------------
1: 	Protonation of generic atom


Executing conformational search...

Executing 2 distributed subjobs:
---------------------------------

No more than 8 cpu(s) will be used per subjob.
No more than 10 cpu(s) will be used simultaneously.

Processing the following subjobs:
(1) jaguar run csrch.py SM18_micro005.mae -jobname SM18_micro005 -max_conf 5 -erg_window 50.208 -acc_level 1 -TPP 5
(2) jaguar run csrch.py SM18_micro049.mae -jobname SM18_micro049 -max_conf 5 -erg_window 50.208 -acc_level 1 -TPP 5

Running subjobs on hosts:
  localhost (Max: 2)
Number of jobs:       2
Max retries per job:  3
Max allowed failures: unlimited
Run with -LOCAL:      False
Verbosity:            normal

Starting JobDJ...

Keep one job on driver host: False
JobDJ columns:
  C: Number of completed subjobs
  A: Number of active subjobs (e.g., submitted, running)
  W: Number of waiting/pending subjobs

C A W | Activity  JobId  JobName  JobHost
- - - | --------- -----------------------
0 1 1 | launched  lt11-0-5af5cfed SM18_micro005 localhost [lt11]
0 2 0 | launched  lt11-0-5af5cfef SM18_micro049 localhost [lt11]
1 1 0 | finished  lt11-0-5af5cfef SM18_micro049 localhost [lt11]
2 0 0 | finished  lt11-0-5af5cfed SM18_micro005 localhost [lt11]

All jobs have completed.

2 of 2 job(s) succeeded; 0 job(s) failed.

Timer (distribute subjobs) : 4331.36 secs (1 hrs, 12 mins, 11 secs)

Setting up QM workflow for (protonated, deprotonated) pair:
(1) (SM18_micro005, SM18_micro049)

Executing Jaguar quantum-mechanical subjobs...

Executing 10 distributed subjobs:
----------------------------------

No more than 8 cpu(s) will be used per subjob.
No more than 10 cpu(s) will be used simultaneously.

Processing the following subjobs:
(1) jaguar run pka_prot.bat -jobname SM18_micro005_conf_1 SM18_micro005_conf_1.in
(2) jaguar run pka_prot.bat -jobname SM18_micro005_conf_2 SM18_micro005_conf_2.in
(3) jaguar run pka_prot.bat -jobname SM18_micro005_conf_3 SM18_micro005_conf_3.in
(4) jaguar run pka_prot.bat -jobname SM18_micro005_conf_4 SM18_micro005_conf_4.in
(5) jaguar run pka_prot.bat -jobname SM18_micro005_conf_5 SM18_micro005_conf_5.in
(6) jaguar run pka_deprot.bat -jobname SM18_micro049_conf_1 SM18_micro049_conf_1.in
(7) jaguar run pka_deprot.bat -jobname SM18_micro049_conf_2 SM18_micro049_conf_2.in
(8) jaguar run pka_deprot.bat -jobname SM18_micro049_conf_3 SM18_micro049_conf_3.in
(9) jaguar run pka_deprot.bat -jobname SM18_micro049_conf_4 SM18_micro049_conf_4.in
(10) jaguar run pka_deprot.bat -jobname SM18_micro049_conf_5 SM18_micro049_conf_5.in

Running subjobs on hosts:
  localhost (Max: 10)
Number of jobs:       10
Max retries per job:  3
Max allowed failures: unlimited
Run with -LOCAL:      False
Verbosity:            normal

Starting JobDJ...

Keep one job on driver host: False
JobDJ columns:
  C: Number of completed subjobs
  A: Number of active subjobs (e.g., submitted, running)
  W: Number of waiting/pending subjobs

 C  A  W | Activity  JobId  JobName  JobHost
-- -- -- | --------- -----------------------
 0  1  9 | launched  lt11-0-5af5e0e4 SM18_micro005_conf_1 localhost [lt11]
 0  2  8 | launched  lt11-0-5af5e0e7 SM18_micro005_conf_2 localhost [lt11]
 0  3  7 | launched  lt11-1-5af5e0e9 SM18_micro005_conf_3 localhost [lt11]
 0  4  6 | launched  lt11-0-5af5e0ec SM18_micro005_conf_4 localhost [lt11]
 0  5  5 | launched  lt11-0-5af5e0f0 SM18_micro005_conf_5 localhost [lt11]
 0  6  4 | launched  lt11-0-5af5e0f4 SM18_micro049_conf_1 localhost [lt11]
 0  7  3 | launched  lt11-0-5af5e0fa SM18_micro049_conf_2 localhost [lt11]
 0  8  2 | launched  lt11-0-5af5e100 SM18_micro049_conf_3 localhost [lt11]
 0  9  1 | launched  lt11-0-5af5e106 SM18_micro049_conf_4 localhost [lt11]
 0 10  0 | launched  lt11-0-5af5e10d SM18_micro049_conf_5 localhost [lt11]
 1  9  0 | finished  lt11-0-5af5e0e7 SM18_micro005_conf_2 localhost [lt11]
 2  8  0 | finished  lt11-0-5af5e0f0 SM18_micro005_conf_5 localhost [lt11]
 3  7  0 | finished  lt11-0-5af5e0e4 SM18_micro005_conf_1 localhost [lt11]
 4  6  0 | finished  lt11-0-5af5e0ec SM18_micro005_conf_4 localhost [lt11]
 5  5  0 | finished  lt11-0-5af5e0fa SM18_micro049_conf_2 localhost [lt11]
 6  4  0 | finished  lt11-0-5af5e0f4 SM18_micro049_conf_1 localhost [lt11]
 7  3  0 | finished  lt11-1-5af5e0e9 SM18_micro005_conf_3 localhost [lt11]
 8  2  0 | finished  lt11-0-5af5e10d SM18_micro049_conf_5 localhost [lt11]
 9  1  0 | finished  lt11-0-5af5e100 SM18_micro049_conf_3 localhost [lt11]
10  0  0 | finished  lt11-0-5af5e106 SM18_micro049_conf_4 localhost [lt11]

All jobs have completed.

10 of 10 job(s) succeeded; 0 job(s) failed.

Timer (distribute subjobs) : 28386.18 secs (7 hrs, 53 mins, 06 secs)

Processing QM output files...

Executing subprocess:
/data/chodera/schrodinger/schrodinger2017-4-advanced/jaguar results -energy SM18_micro005_conf_1.nrg_h.out

Executing subprocess:
/data/chodera/schrodinger/schrodinger2017-4-advanced/jaguar results -esolv SM18_micro005_conf_1.sol_h.out

Executing subprocess:
/data/chodera/schrodinger/schrodinger2017-4-advanced/jaguar results -energy SM18_micro005_conf_2.nrg_h.out

Executing subprocess:
/data/chodera/schrodinger/schrodinger2017-4-advanced/jaguar results -esolv SM18_micro005_conf_2.sol_h.out

Executing subprocess:
/data/chodera/schrodinger/schrodinger2017-4-advanced/jaguar results -energy SM18_micro005_conf_3.nrg_h.out

Executing subprocess:
/data/chodera/schrodinger/schrodinger2017-4-advanced/jaguar results -esolv SM18_micro005_conf_3.sol_h.out

Executing subprocess:
/data/chodera/schrodinger/schrodinger2017-4-advanced/jaguar results -energy SM18_micro005_conf_4.nrg_h.out

Executing subprocess:
/data/chodera/schrodinger/schrodinger2017-4-advanced/jaguar results -esolv SM18_micro005_conf_4.sol_h.out

Executing subprocess:
/data/chodera/schrodinger/schrodinger2017-4-advanced/jaguar results -energy SM18_micro005_conf_5.nrg_h.out

Executing subprocess:
/data/chodera/schrodinger/schrodinger2017-4-advanced/jaguar results -esolv SM18_micro005_conf_5.sol_h.out

Executing subprocess:
/data/chodera/schrodinger/schrodinger2017-4-advanced/jaguar results -energy SM18_micro049_conf_1.nrg.out

Executing subprocess:
/data/chodera/schrodinger/schrodinger2017-4-advanced/jaguar results -esolv SM18_micro049_conf_1.sol.out

Executing subprocess:
/data/chodera/schrodinger/schrodinger2017-4-advanced/jaguar results -energy SM18_micro049_conf_2.nrg.out

Executing subprocess:
/data/chodera/schrodinger/schrodinger2017-4-advanced/jaguar results -esolv SM18_micro049_conf_2.sol.out

Executing subprocess:
/data/chodera/schrodinger/schrodinger2017-4-advanced/jaguar results -energy SM18_micro049_conf_3.nrg.out

Executing subprocess:
/data/chodera/schrodinger/schrodinger2017-4-advanced/jaguar results -esolv SM18_micro049_conf_3.sol.out

Executing subprocess:
/data/chodera/schrodinger/schrodinger2017-4-advanced/jaguar results -energy SM18_micro049_conf_4.nrg.out

Executing subprocess:
/data/chodera/schrodinger/schrodinger2017-4-advanced/jaguar results -esolv SM18_micro049_conf_4.sol.out

Executing subprocess:
/data/chodera/schrodinger/schrodinger2017-4-advanced/jaguar results -energy SM18_micro049_conf_5.nrg.out

Executing subprocess:
/data/chodera/schrodinger/schrodinger2017-4-advanced/jaguar results -esolv SM18_micro049_conf_5.sol.out

Executing subprocess:
/data/chodera/schrodinger/schrodinger2017-4-advanced/jaguar-v9.8/bin/Linux-x86_64/pka -o SM18_micro005_deprot-out.mae -j SM18_micro005.jres -n -d

Executing subprocess:
/data/chodera/schrodinger/schrodinger2017-4-advanced/jaguar-v9.8/bin/Linux-x86_64/pka -o SM18_micro005_prot-out.mae -j SM18_micro005.jres -n

pKa calculation for SM18_micro005 completed.

pKa workflow jag_SM18_micro005_SM18_micro049 completed.

Timer (Jaguar pKa) : 32772.51 secs (9 hrs, 06 mins, 12 secs)
Timer (jaguar_backend.py) : 32772.51 secs (9 hrs, 06 mins, 12 secs)
Finished:   Fri May 11 22:22:36 2018
