Command:    jaguar run pka.py -jobname jag_SM06_micro007_SM06_micro009 -PARALLEL 10 -n -csrch -prot SM06_micro007.in -deprot SM06_micro009.in
Release:    2017-4
Exec:       /data/chodera/schrodinger/schrodinger2017-4-advanced/jaguar-v9.8/bin/Linux-x86_64
Host:       ls10
JobId:      lilac-0-5aec739b
JobDir:     /lila/data/chodera/schrodinger/tmpdir/rustenburg/jag_SM06_micro007_SM06_micro009
Date:       Fri May  4 10:54:05 2018

Contents of /lila/data/chodera/schrodinger/tmpdir/rustenburg/jag_SM06_micro007_SM06_micro009:
/lila/data/chodera/schrodinger/tmpdir/rustenburg/jag_SM06_micro007_SM06_micro009/SM06_micro009.mae
/lila/data/chodera/schrodinger/tmpdir/rustenburg/jag_SM06_micro007_SM06_micro009/jag_SM06_micro007_SM06_micro009.recover
/lila/data/chodera/schrodinger/tmpdir/rustenburg/jag_SM06_micro007_SM06_micro009/lilac-0-5aec739b.hosts
/lila/data/chodera/schrodinger/tmpdir/rustenburg/jag_SM06_micro007_SM06_micro009/lilac-0-5aec739b
/lila/data/chodera/schrodinger/tmpdir/rustenburg/jag_SM06_micro007_SM06_micro009/jag_SM06_micro007_SM06_micro009.log
/lila/data/chodera/schrodinger/tmpdir/rustenburg/jag_SM06_micro007_SM06_micro009/lilac-0-5aec739b.recover
/lila/data/chodera/schrodinger/tmpdir/rustenburg/jag_SM06_micro007_SM06_micro009/lilac-0-5aec739b.mpinodes
/lila/data/chodera/schrodinger/tmpdir/rustenburg/jag_SM06_micro007_SM06_micro009/SM06_micro009.in
/lila/data/chodera/schrodinger/tmpdir/rustenburg/jag_SM06_micro007_SM06_micro009/SM06_micro007.mae
/lila/data/chodera/schrodinger/tmpdir/rustenburg/jag_SM06_micro007_SM06_micro009/SM06_micro007.in
/lila/data/chodera/schrodinger/tmpdir/rustenburg/jag_SM06_micro007_SM06_micro009/lilac-0-5aec739b.jlog
/lila/data/chodera/schrodinger/tmpdir/rustenburg/jag_SM06_micro007_SM06_micro009/lilac-0-5aec739b.nodes

=====================
 Jaguar pKa workflow
=====================

Analysing user-provided (prot, deprot) pair:
(SM06_micro007.in, SM06_micro009.in)
Found labile hydrogen 28 in SM06_micro007.in
Found labile hydrogen at atom 11 in SM06_micro009.in
Adding 'ipkat' keyword to input files.

Identifying pKa functional group for pair:
(SM06_micro007, SM06_micro009)

Executing subprocess:
/data/chodera/schrodinger/schrodinger2017-4-advanced/jaguar-v9.8/bin/Linux-x86_64/pka -i -j SM06_micro007.tmp.jres -n

Taking protonated structures from:
SM06_micro007.mae
Taking deprotonated structures from:
SM06_micro009.mae

This molecule from 'SM06_micro007.mae' in water was recognized as:

 # 	                  Shell                   
---	------------------------------------------
1: 	amide as acid                             
2: 	Protonation of sp2-like aliphatic nitrogen
3: 	Protonation of generic atom               


Executing conformational search...

Executing 2 distributed subjobs:
---------------------------------

No more than 8 cpu(s) will be used per subjob.
No more than 10 cpu(s) will be used simultaneously.

Processing the following subjobs:
(1) jaguar run csrch.py SM06_micro007.mae -jobname SM06_micro007 -max_conf 5 -erg_window 50.208 -acc_level 1 -TPP 5
(2) jaguar run csrch.py SM06_micro009.mae -jobname SM06_micro009 -max_conf 5 -erg_window 50.208 -acc_level 1 -TPP 5

Running subjobs on hosts:
  lsf-cpu (Max: 2)
Number of jobs:       2
Max retries per job:  3
Max allowed failures: unlimited
Run with -LOCAL:      False
Verbosity:            normal

Starting JobDJ...

Keep one job on driver host: False
JobDJ columns:
  C: Number of completed subjobs
  A: Number of active subjobs (e.g., submitted, running)
  W: Number of waiting/pending subjobs

C A W | Activity  JobId  JobName  JobHost
- - - | --------- -----------------------
0 1 1 | launched  ls10-0-5aec7412 SM06_micro007 lsf-cpu
0 2 0 | launched  ls10-0-5aec7414 SM06_micro009 lsf-cpu
1 1 0 | finished  ls10-0-5aec7414 SM06_micro009 lsf-cpu
2 0 0 | finished  ls10-0-5aec7412 SM06_micro007 lsf-cpu

All jobs have completed.

2 of 2 job(s) succeeded; 0 job(s) failed.

Timer (distribute subjobs) : 540.19 secs (0 hrs, 09 mins, 00 secs)

Setting up QM workflow for (protonated, deprotonated) pair:
(1) (SM06_micro007, SM06_micro009)

Executing Jaguar quantum-mechanical subjobs...

Executing 10 distributed subjobs:
----------------------------------

No more than 8 cpu(s) will be used per subjob.
No more than 10 cpu(s) will be used simultaneously.

Processing the following subjobs:
(1) jaguar run pka_prot.bat -jobname SM06_micro007_conf_1 SM06_micro007_conf_1.in
(2) jaguar run pka_prot.bat -jobname SM06_micro007_conf_2 SM06_micro007_conf_2.in
(3) jaguar run pka_prot.bat -jobname SM06_micro007_conf_3 SM06_micro007_conf_3.in
(4) jaguar run pka_prot.bat -jobname SM06_micro007_conf_4 SM06_micro007_conf_4.in
(5) jaguar run pka_prot.bat -jobname SM06_micro007_conf_5 SM06_micro007_conf_5.in
(6) jaguar run pka_deprot.bat -jobname SM06_micro009_conf_1 SM06_micro009_conf_1.in
(7) jaguar run pka_deprot.bat -jobname SM06_micro009_conf_2 SM06_micro009_conf_2.in
(8) jaguar run pka_deprot.bat -jobname SM06_micro009_conf_3 SM06_micro009_conf_3.in
(9) jaguar run pka_deprot.bat -jobname SM06_micro009_conf_4 SM06_micro009_conf_4.in
(10) jaguar run pka_deprot.bat -jobname SM06_micro009_conf_5 SM06_micro009_conf_5.in

Running subjobs on hosts:
  lsf-cpu (Max: 10)
Number of jobs:       10
Max retries per job:  3
Max allowed failures: unlimited
Run with -LOCAL:      False
Verbosity:            normal

Starting JobDJ...

Keep one job on driver host: True
JobDJ columns:
  C: Number of completed subjobs
  A: Number of active subjobs (e.g., submitted, running)
  W: Number of waiting/pending subjobs

 C  A  W | Activity  JobId  JobName  JobHost
-- -- -- | --------- -----------------------
 0  1  9 | launched  ls10-0-5aec7634 SM06_micro007_conf_1 localhost [ls10]
 0  2  8 | launched  ls10-0-5aec7639 SM06_micro007_conf_2 lsf-cpu
 0  3  7 | launched  ls10-0-5aec763f SM06_micro007_conf_3 lsf-cpu
 0  4  6 | launched  ls10-0-5aec7644 SM06_micro007_conf_4 lsf-cpu
 0  5  5 | launched  ls10-0-5aec7649 SM06_micro007_conf_5 lsf-cpu
 0  6  4 | launched  ls10-0-5aec764f SM06_micro009_conf_1 lsf-cpu
 0  7  3 | launched  ls10-0-5aec7658 SM06_micro009_conf_2 lsf-cpu
 0  8  2 | launched  ls10-1-5aec765f SM06_micro009_conf_3 lsf-cpu
 0  9  1 | launched  ls10-0-5aec7665 SM06_micro009_conf_4 lsf-cpu
 0 10  0 | launched  ls10-0-5aec766a SM06_micro009_conf_5 lsf-cpu
 1  9  0 | finished  ls10-0-5aec763f SM06_micro007_conf_3 lsf-cpu [ls14]
 2  8  0 | finished  ls10-0-5aec766a SM06_micro009_conf_5 lsf-cpu [lt17]
 3  7  0 | finished  ls10-0-5aec7639 SM06_micro007_conf_2 lsf-cpu [ls15]
 4  6  0 | finished  ls10-0-5aec764f SM06_micro009_conf_1 lsf-cpu [ls10]
 5  5  0 | finished  ls10-0-5aec7649 SM06_micro007_conf_5 lsf-cpu [ls14]
 6  4  0 | finished  ls10-1-5aec765f SM06_micro009_conf_3 lsf-cpu [lt17]
 7  3  0 | finished  ls10-0-5aec7665 SM06_micro009_conf_4 lsf-cpu [lt17]
 8  2  0 | finished  ls10-0-5aec7634 SM06_micro007_conf_1 localhost [ls10]
 9  1  0 | finished  ls10-0-5aec7658 SM06_micro009_conf_2 lsf-cpu [lt17]
10  0  0 | finished  ls10-0-5aec7644 SM06_micro007_conf_4 lsf-cpu [ls14]

All jobs have completed.

10 of 10 job(s) succeeded; 0 job(s) failed.

Timer (distribute subjobs) : 8362.23 secs (2 hrs, 19 mins, 22 secs)

Processing QM output files...

Executing subprocess:
/data/chodera/schrodinger/schrodinger2017-4-advanced/jaguar results -energy SM06_micro007_conf_1.nrg_h.out

Executing subprocess:
/data/chodera/schrodinger/schrodinger2017-4-advanced/jaguar results -esolv SM06_micro007_conf_1.sol_h.out

Executing subprocess:
/data/chodera/schrodinger/schrodinger2017-4-advanced/jaguar results -energy SM06_micro007_conf_2.nrg_h.out

Executing subprocess:
/data/chodera/schrodinger/schrodinger2017-4-advanced/jaguar results -esolv SM06_micro007_conf_2.sol_h.out

Executing subprocess:
/data/chodera/schrodinger/schrodinger2017-4-advanced/jaguar results -energy SM06_micro007_conf_3.nrg_h.out

Executing subprocess:
/data/chodera/schrodinger/schrodinger2017-4-advanced/jaguar results -esolv SM06_micro007_conf_3.sol_h.out

Executing subprocess:
/data/chodera/schrodinger/schrodinger2017-4-advanced/jaguar results -energy SM06_micro007_conf_4.nrg_h.out

Executing subprocess:
/data/chodera/schrodinger/schrodinger2017-4-advanced/jaguar results -esolv SM06_micro007_conf_4.sol_h.out

Executing subprocess:
/data/chodera/schrodinger/schrodinger2017-4-advanced/jaguar results -energy SM06_micro007_conf_5.nrg_h.out

Executing subprocess:
/data/chodera/schrodinger/schrodinger2017-4-advanced/jaguar results -esolv SM06_micro007_conf_5.sol_h.out

Executing subprocess:
/data/chodera/schrodinger/schrodinger2017-4-advanced/jaguar results -energy SM06_micro009_conf_1.nrg.out

Executing subprocess:
/data/chodera/schrodinger/schrodinger2017-4-advanced/jaguar results -esolv SM06_micro009_conf_1.sol.out

Executing subprocess:
/data/chodera/schrodinger/schrodinger2017-4-advanced/jaguar results -energy SM06_micro009_conf_2.nrg.out

Executing subprocess:
/data/chodera/schrodinger/schrodinger2017-4-advanced/jaguar results -esolv SM06_micro009_conf_2.sol.out

Executing subprocess:
/data/chodera/schrodinger/schrodinger2017-4-advanced/jaguar results -energy SM06_micro009_conf_3.nrg.out

Executing subprocess:
/data/chodera/schrodinger/schrodinger2017-4-advanced/jaguar results -esolv SM06_micro009_conf_3.sol.out

Executing subprocess:
/data/chodera/schrodinger/schrodinger2017-4-advanced/jaguar results -energy SM06_micro009_conf_4.nrg.out

Executing subprocess:
/data/chodera/schrodinger/schrodinger2017-4-advanced/jaguar results -esolv SM06_micro009_conf_4.sol.out

Executing subprocess:
/data/chodera/schrodinger/schrodinger2017-4-advanced/jaguar results -energy SM06_micro009_conf_5.nrg.out

Executing subprocess:
/data/chodera/schrodinger/schrodinger2017-4-advanced/jaguar results -esolv SM06_micro009_conf_5.sol.out

Executing subprocess:
/data/chodera/schrodinger/schrodinger2017-4-advanced/jaguar-v9.8/bin/Linux-x86_64/pka -o SM06_micro007_deprot-out.mae -j SM06_micro007.jres -n -d

Executing subprocess:
/data/chodera/schrodinger/schrodinger2017-4-advanced/jaguar-v9.8/bin/Linux-x86_64/pka -o SM06_micro007_prot-out.mae -j SM06_micro007.jres -n

pKa calculation for SM06_micro007 completed.

pKa workflow jag_SM06_micro007_SM06_micro009 completed.

Timer (Jaguar pKa) : 9034.86 secs (2 hrs, 30 mins, 34 secs)
Timer (jaguar_backend.py) : 9034.86 secs (2 hrs, 30 mins, 34 secs)
Finished:   Fri May  4 13:24:40 2018
