Command:    jaguar run pka.py -jobname jag_SM18_micro004_SM18_micro003 -PARALLEL 10 -WAIT -n -csrch -prot SM18_micro004.in -deprot SM18_micro003.in
Release:    2017-4
Exec:       /data/chodera/schrodinger/schrodinger2017-4-advanced/jaguar-v9.8/bin/Linux-x86_64
Host:       lt16
JobId:      lt16-1-5af455f7
JobDir:     /lila/data/chodera/schrodinger/tmpdir/rustenburg/jag_SM18_micro004_SM18_micro003.1
Date:       Thu May 10 10:23:53 2018

Contents of /lila/data/chodera/schrodinger/tmpdir/rustenburg/jag_SM18_micro004_SM18_micro003.1:
/lila/data/chodera/schrodinger/tmpdir/rustenburg/jag_SM18_micro004_SM18_micro003.1/lt16-1-5af455f7.recover
/lila/data/chodera/schrodinger/tmpdir/rustenburg/jag_SM18_micro004_SM18_micro003.1/SM18_micro004.in
/lila/data/chodera/schrodinger/tmpdir/rustenburg/jag_SM18_micro004_SM18_micro003.1/SM18_micro003.mae
/lila/data/chodera/schrodinger/tmpdir/rustenburg/jag_SM18_micro004_SM18_micro003.1/SM18_micro004.mae
/lila/data/chodera/schrodinger/tmpdir/rustenburg/jag_SM18_micro004_SM18_micro003.1/lt16-1-5af455f7
/lila/data/chodera/schrodinger/tmpdir/rustenburg/jag_SM18_micro004_SM18_micro003.1/jag_SM18_micro004_SM18_micro003.log
/lila/data/chodera/schrodinger/tmpdir/rustenburg/jag_SM18_micro004_SM18_micro003.1/jag_SM18_micro004_SM18_micro003.recover
/lila/data/chodera/schrodinger/tmpdir/rustenburg/jag_SM18_micro004_SM18_micro003.1/lt16-1-5af455f7.mpinodes
/lila/data/chodera/schrodinger/tmpdir/rustenburg/jag_SM18_micro004_SM18_micro003.1/SM18_micro003.in

=====================
 Jaguar pKa workflow
=====================

Analysing user-provided (prot, deprot) pair:
(SM18_micro004.in, SM18_micro003.in)
Found labile hydrogen 40 in SM18_micro004.in
Found labile hydrogen at atom 13 in SM18_micro003.in
Adding 'ipkat' keyword to input files.

Identifying pKa functional group for pair:
(SM18_micro004, SM18_micro003)

Executing subprocess:
/data/chodera/schrodinger/schrodinger2017-4-advanced/jaguar-v9.8/bin/Linux-x86_64/pka -i -j SM18_micro004.tmp.jres -n

Taking protonated structures from:
SM18_micro004.mae
Taking deprotonated structures from:
SM18_micro003.mae

This molecule from 'SM18_micro004.mae' in water was recognized as:

 # 	                 Shell                  
---	----------------------------------------
1: 	mono keto CH acid                       
2: 	Protonation of generic atom             
3: 	aliphatic CH acid in water              
4: 	Protonation of sp2-like aliphatic carbon


Executing conformational search...

Executing 2 distributed subjobs:
---------------------------------

No more than 8 cpu(s) will be used per subjob.
No more than 10 cpu(s) will be used simultaneously.

Processing the following subjobs:
(1) jaguar run csrch.py SM18_micro004.mae -jobname SM18_micro004 -max_conf 5 -erg_window 50.208 -acc_level 1 -TPP 5
(2) jaguar run csrch.py SM18_micro003.mae -jobname SM18_micro003 -max_conf 5 -erg_window 50.208 -acc_level 1 -TPP 5

Running subjobs on hosts:
  localhost (Max: 2)
Number of jobs:       2
Max retries per job:  3
Max allowed failures: unlimited
Run with -LOCAL:      False
Verbosity:            normal

Starting JobDJ...

Keep one job on driver host: False
JobDJ columns:
  C: Number of completed subjobs
  A: Number of active subjobs (e.g., submitted, running)
  W: Number of waiting/pending subjobs

C A W | Activity  JobId  JobName  JobHost
- - - | --------- -----------------------
0 1 1 | launched  lt16-0-5af455fd SM18_micro004 localhost [lt16]
0 2 0 | launched  lt16-1-5af45600 SM18_micro003 localhost [lt16]
1 1 0 | finished  lt16-0-5af455fd SM18_micro004 localhost [lt16]
2 0 0 | finished  lt16-1-5af45600 SM18_micro003 localhost [lt16]

All jobs have completed.

2 of 2 job(s) succeeded; 0 job(s) failed.

Timer (distribute subjobs) : 1453.80 secs (0 hrs, 24 mins, 13 secs)

Setting up QM workflow for (protonated, deprotonated) pair:
(1) (SM18_micro004, SM18_micro003)

Executing Jaguar quantum-mechanical subjobs...

Executing 10 distributed subjobs:
----------------------------------

No more than 8 cpu(s) will be used per subjob.
No more than 10 cpu(s) will be used simultaneously.

Processing the following subjobs:
(1) jaguar run pka_prot.bat -jobname SM18_micro004_conf_1 SM18_micro004_conf_1.in
(2) jaguar run pka_prot.bat -jobname SM18_micro004_conf_2 SM18_micro004_conf_2.in
(3) jaguar run pka_prot.bat -jobname SM18_micro004_conf_3 SM18_micro004_conf_3.in
(4) jaguar run pka_prot.bat -jobname SM18_micro004_conf_4 SM18_micro004_conf_4.in
(5) jaguar run pka_prot.bat -jobname SM18_micro004_conf_5 SM18_micro004_conf_5.in
(6) jaguar run pka_deprot.bat -jobname SM18_micro003_conf_1 SM18_micro003_conf_1.in
(7) jaguar run pka_deprot.bat -jobname SM18_micro003_conf_2 SM18_micro003_conf_2.in
(8) jaguar run pka_deprot.bat -jobname SM18_micro003_conf_3 SM18_micro003_conf_3.in
(9) jaguar run pka_deprot.bat -jobname SM18_micro003_conf_4 SM18_micro003_conf_4.in
(10) jaguar run pka_deprot.bat -jobname SM18_micro003_conf_5 SM18_micro003_conf_5.in

Running subjobs on hosts:
  localhost (Max: 10)
Number of jobs:       10
Max retries per job:  3
Max allowed failures: unlimited
Run with -LOCAL:      False
Verbosity:            normal

Starting JobDJ...

Keep one job on driver host: False
JobDJ columns:
  C: Number of completed subjobs
  A: Number of active subjobs (e.g., submitted, running)
  W: Number of waiting/pending subjobs

 C  A  W | Activity  JobId  JobName  JobHost
-- -- -- | --------- -----------------------
 0  1  9 | launched  lt16-0-5af45bb2 SM18_micro004_conf_1 localhost [lt16]
 0  2  8 | launched  lt16-0-5af45bb5 SM18_micro004_conf_2 localhost [lt16]
 0  3  7 | launched  lt16-1-5af45bb7 SM18_micro004_conf_3 localhost [lt16]
 0  4  6 | launched  lt16-0-5af45bba SM18_micro004_conf_4 localhost [lt16]
 0  5  5 | launched  lt16-1-5af45bbc SM18_micro004_conf_5 localhost [lt16]
 0  6  4 | launched  lt16-1-5af45bbe SM18_micro003_conf_1 localhost [lt16]
 0  7  3 | launched  lt16-0-5af45bc1 SM18_micro003_conf_2 localhost [lt16]
 0  8  2 | launched  lt16-0-5af45bc3 SM18_micro003_conf_3 localhost [lt16]
 0  9  1 | launched  lt16-0-5af45bc6 SM18_micro003_conf_4 localhost [lt16]
 0 10  0 | launched  lt16-0-5af45bc8 SM18_micro003_conf_5 localhost [lt16]
 1  9  0 | finished  lt16-0-5af45bc6 SM18_micro003_conf_4 localhost [lt16]
 2  8  0 | finished  lt16-0-5af45bb5 SM18_micro004_conf_2 localhost [lt16]
 3  7  0 | finished  lt16-0-5af45bba SM18_micro004_conf_4 localhost [lt16]
 4  6  0 | finished  lt16-1-5af45bbe SM18_micro003_conf_1 localhost [lt16]
 5  5  0 | finished  lt16-0-5af45bb2 SM18_micro004_conf_1 localhost [lt16]
 6  4  0 | finished  lt16-0-5af45bc3 SM18_micro003_conf_3 localhost [lt16]
 7  3  0 | finished  lt16-0-5af45bc1 SM18_micro003_conf_2 localhost [lt16]
 8  2  0 | finished  lt16-1-5af45bbc SM18_micro004_conf_5 localhost [lt16]
 9  1  0 | finished  lt16-0-5af45bc8 SM18_micro003_conf_5 localhost [lt16]
10  0  0 | finished  lt16-1-5af45bb7 SM18_micro004_conf_3 localhost [lt16]

All jobs have completed.

10 of 10 job(s) succeeded; 0 job(s) failed.

Timer (distribute subjobs) : 21020.07 secs (5 hrs, 50 mins, 20 secs)

Processing QM output files...

Executing subprocess:
/data/chodera/schrodinger/schrodinger2017-4-advanced/jaguar results -energy SM18_micro004_conf_1.nrg_h.out

Executing subprocess:
/data/chodera/schrodinger/schrodinger2017-4-advanced/jaguar results -esolv SM18_micro004_conf_1.sol_h.out

Executing subprocess:
/data/chodera/schrodinger/schrodinger2017-4-advanced/jaguar results -energy SM18_micro004_conf_2.nrg_h.out

Executing subprocess:
/data/chodera/schrodinger/schrodinger2017-4-advanced/jaguar results -esolv SM18_micro004_conf_2.sol_h.out

Executing subprocess:
/data/chodera/schrodinger/schrodinger2017-4-advanced/jaguar results -energy SM18_micro004_conf_3.nrg_h.out

Executing subprocess:
/data/chodera/schrodinger/schrodinger2017-4-advanced/jaguar results -esolv SM18_micro004_conf_3.sol_h.out

Executing subprocess:
/data/chodera/schrodinger/schrodinger2017-4-advanced/jaguar results -energy SM18_micro004_conf_4.nrg_h.out

Executing subprocess:
/data/chodera/schrodinger/schrodinger2017-4-advanced/jaguar results -esolv SM18_micro004_conf_4.sol_h.out

Executing subprocess:
/data/chodera/schrodinger/schrodinger2017-4-advanced/jaguar results -energy SM18_micro004_conf_5.nrg_h.out

Executing subprocess:
/data/chodera/schrodinger/schrodinger2017-4-advanced/jaguar results -esolv SM18_micro004_conf_5.sol_h.out

Executing subprocess:
/data/chodera/schrodinger/schrodinger2017-4-advanced/jaguar results -energy SM18_micro003_conf_1.nrg.out

Executing subprocess:
/data/chodera/schrodinger/schrodinger2017-4-advanced/jaguar results -esolv SM18_micro003_conf_1.sol.out

Executing subprocess:
/data/chodera/schrodinger/schrodinger2017-4-advanced/jaguar results -energy SM18_micro003_conf_2.nrg.out

Executing subprocess:
/data/chodera/schrodinger/schrodinger2017-4-advanced/jaguar results -esolv SM18_micro003_conf_2.sol.out

Executing subprocess:
/data/chodera/schrodinger/schrodinger2017-4-advanced/jaguar results -energy SM18_micro003_conf_3.nrg.out

Executing subprocess:
/data/chodera/schrodinger/schrodinger2017-4-advanced/jaguar results -esolv SM18_micro003_conf_3.sol.out

Executing subprocess:
/data/chodera/schrodinger/schrodinger2017-4-advanced/jaguar results -energy SM18_micro003_conf_4.nrg.out

Executing subprocess:
/data/chodera/schrodinger/schrodinger2017-4-advanced/jaguar results -esolv SM18_micro003_conf_4.sol.out

Executing subprocess:
/data/chodera/schrodinger/schrodinger2017-4-advanced/jaguar results -energy SM18_micro003_conf_5.nrg.out

Executing subprocess:
/data/chodera/schrodinger/schrodinger2017-4-advanced/jaguar results -esolv SM18_micro003_conf_5.sol.out

Executing subprocess:
/data/chodera/schrodinger/schrodinger2017-4-advanced/jaguar-v9.8/bin/Linux-x86_64/pka -o SM18_micro004_deprot-out.mae -j SM18_micro004.jres -n -d

Executing subprocess:
/data/chodera/schrodinger/schrodinger2017-4-advanced/jaguar-v9.8/bin/Linux-x86_64/pka -o SM18_micro004_prot-out.mae -j SM18_micro004.jres -n

pKa calculation for SM18_micro004 completed.

pKa workflow jag_SM18_micro004_SM18_micro003 completed.

Timer (Jaguar pKa) : 22552.47 secs (6 hrs, 15 mins, 52 secs)
Timer (jaguar_backend.py) : 22552.47 secs (6 hrs, 15 mins, 52 secs)
Finished:   Thu May 10 16:39:45 2018
