Taking protonated structures from:
SM18_micro029_conf_1.dft_h.01.mae
SM18_micro029_conf_2.dft_h.01.mae
SM18_micro029_conf_3.dft_h.01.mae
SM18_micro029_conf_4.dft_h.01.mae
SM18_micro029_conf_5.dft_h.01.mae
Taking deprotonated structures from:
SM18_micro037_conf_1.dft.01.mae
SM18_micro037_conf_2.dft.01.mae
SM18_micro037_conf_3.dft.01.mae
SM18_micro037_conf_4.dft.01.mae
SM18_micro037_conf_5.dft.01.mae

Corrected results for 'protonated' structure in water:
pKa atom: 31

 # 	           Shell           	 pKa 	RMSD	 Contribution
---	---------------------------	-----	-----	--------------
1: 	heterocycle custom 1       	 5.44	0.617	    33.17%
2: 	heterocycle                	 5.59	0.837	    61.85%
3: 	Protonation of generic atom	 5.77	2.264	     4.98%

 Final weighted pKa value is 5.55



