Taking protonated structures from:
SM10_micro036_conf_1.dft_h.01.mae
SM10_micro036_conf_2.dft_h.01.mae
SM10_micro036_conf_3.dft_h.01.mae
SM10_micro036_conf_4.dft_h.01.mae
SM10_micro036_conf_5.dft_h.01.mae
Taking deprotonated structures from:
SM10_micro017_conf_1.dft.01.mae
SM10_micro017_conf_2.dft.01.mae
SM10_micro017_conf_3.dft.01.mae
SM10_micro017_conf_4.dft.01.mae
SM10_micro017_conf_5.dft.01.mae

Corrected results for 'protonated' structure in water:
pKa atom: 29

 # 	                 Shell                  	 pKa 	RMSD	 Contribution
---	----------------------------------------	-----	-----	--------------
1: 	Protonation of generic atom             	12.65	2.264	    99.79%
2: 	aliphatic CH acid in water              	11.01	2.584	     0.11%
3: 	Protonation of sp2-like aliphatic carbon	11.20	2.605	     0.10%

 Final weighted pKa value is 12.65



