Taking protonated structures from:
SM19_micro014_conf_1.dft_h.01.mae
SM19_micro014_conf_2.dft_h.01.mae
SM19_micro014_conf_3.dft_h.01.mae
SM19_micro014_conf_4.dft_h.01.mae
SM19_micro014_conf_5.dft_h.01.mae
Taking deprotonated structures from:
SM19_micro013_conf_1.dft.01.mae
SM19_micro013_conf_2.dft.01.mae
SM19_micro013_conf_3.dft.01.mae
SM19_micro013_conf_4.dft.01.mae
SM19_micro013_conf_5.dft.01.mae

Corrected results for 'protonated' structure in water:
pKa atom: 34

 # 	            Shell             	 pKa 	RMSD	 Contribution
---	------------------------------	-----	-----	--------------
1: 	enol                          	 4.53	0.533	    91.62%
2: 	Protonation of generic atom   	 2.36	2.264	     2.89%
3: 	Protonation of sp2-like oxygen	 2.80	2.568	     5.49%

 Final weighted pKa value is 4.37



