Taking protonated structures from:
SM09_micro014_conf_1.dft_h.01.mae
SM09_micro014_conf_2.dft_h.01.mae
SM09_micro014_conf_3.dft_h.01.mae
SM09_micro014_conf_4.dft_h.01.mae
SM09_micro014_conf_5.dft_h.01.mae
Taking deprotonated structures from:
SM09_micro005_conf_1.dft.01.mae
SM09_micro005_conf_2.dft.01.mae
SM09_micro005_conf_3.dft.01.mae
SM09_micro005_conf_4.dft.01.mae
SM09_micro005_conf_5.dft.01.mae

Corrected results for 'protonated' structure in water:
pKa atom: 20

 # 	                  Shell                   	 pKa 	RMSD	 Contribution
---	------------------------------------------	-----	-----	--------------
1: 	secondary aniline                         	-14.93	0.275	    94.86%
2: 	Protonation of sp3-like aliphatic nitrogen	-13.06	1.715	     4.81%
3: 	Protonation of generic atom               	-12.60	2.264	     0.33%

 Final weighted pKa value is -14.83



