Command:    jaguar run pka.py -jobname jag_SM11_micro017_SM11_micro013 -PARALLEL 10 -n -csrch -prot SM11_micro017.in -deprot SM11_micro013.in
Release:    2017-4
Exec:       /data/chodera/schrodinger/schrodinger2017-4-advanced/jaguar-v9.8/bin/Linux-x86_64
Host:       lt14
JobId:      lilac-0-5aec9a6f
JobDir:     /lila/data/chodera/schrodinger/tmpdir/rustenburg/jag_SM11_micro017_SM11_micro013
Date:       Fri May  4 13:37:57 2018

Contents of /lila/data/chodera/schrodinger/tmpdir/rustenburg/jag_SM11_micro017_SM11_micro013:
/lila/data/chodera/schrodinger/tmpdir/rustenburg/jag_SM11_micro017_SM11_micro013/lilac-0-5aec9a6f.nodes
/lila/data/chodera/schrodinger/tmpdir/rustenburg/jag_SM11_micro017_SM11_micro013/lilac-0-5aec9a6f
/lila/data/chodera/schrodinger/tmpdir/rustenburg/jag_SM11_micro017_SM11_micro013/lilac-0-5aec9a6f.recover
/lila/data/chodera/schrodinger/tmpdir/rustenburg/jag_SM11_micro017_SM11_micro013/lilac-0-5aec9a6f.mpinodes
/lila/data/chodera/schrodinger/tmpdir/rustenburg/jag_SM11_micro017_SM11_micro013/SM11_micro013.mae
/lila/data/chodera/schrodinger/tmpdir/rustenburg/jag_SM11_micro017_SM11_micro013/SM11_micro017.in
/lila/data/chodera/schrodinger/tmpdir/rustenburg/jag_SM11_micro017_SM11_micro013/SM11_micro017.mae
/lila/data/chodera/schrodinger/tmpdir/rustenburg/jag_SM11_micro017_SM11_micro013/jag_SM11_micro017_SM11_micro013.recover
/lila/data/chodera/schrodinger/tmpdir/rustenburg/jag_SM11_micro017_SM11_micro013/lilac-0-5aec9a6f.jlog
/lila/data/chodera/schrodinger/tmpdir/rustenburg/jag_SM11_micro017_SM11_micro013/lilac-0-5aec9a6f.hosts
/lila/data/chodera/schrodinger/tmpdir/rustenburg/jag_SM11_micro017_SM11_micro013/SM11_micro013.in
/lila/data/chodera/schrodinger/tmpdir/rustenburg/jag_SM11_micro017_SM11_micro013/jag_SM11_micro017_SM11_micro013.log

=====================
 Jaguar pKa workflow
=====================

Analysing user-provided (prot, deprot) pair:
(SM11_micro017.in, SM11_micro013.in)
Found labile hydrogen 20 in SM11_micro017.in
Found labile hydrogen at atom 16 in SM11_micro013.in
Adding 'ipkat' keyword to input files.

Identifying pKa functional group for pair:
(SM11_micro017, SM11_micro013)

Executing subprocess:
/data/chodera/schrodinger/schrodinger2017-4-advanced/jaguar-v9.8/bin/Linux-x86_64/pka -i -j SM11_micro017.tmp.jres -n

Taking protonated structures from:
SM11_micro017.mae
Taking deprotonated structures from:
SM11_micro013.mae

This molecule from 'SM11_micro017.mae' in water was recognized as:

 # 	           Shell           
---	---------------------------
1: 	pyrimidine                 
2: 	heterocycle custom 1       
3: 	heterocycle                
4: 	Protonation of generic atom


Executing conformational search...

Executing 2 distributed subjobs:
---------------------------------

No more than 8 cpu(s) will be used per subjob.
No more than 10 cpu(s) will be used simultaneously.

Processing the following subjobs:
(1) jaguar run csrch.py SM11_micro017.mae -jobname SM11_micro017 -max_conf 5 -erg_window 50.208 -acc_level 1 -TPP 5
(2) jaguar run csrch.py SM11_micro013.mae -jobname SM11_micro013 -max_conf 5 -erg_window 50.208 -acc_level 1 -TPP 5

Running subjobs on hosts:
  lsf-cpu (Max: 2)
Number of jobs:       2
Max retries per job:  3
Max allowed failures: unlimited
Run with -LOCAL:      False
Verbosity:            normal

Starting JobDJ...

Keep one job on driver host: False
JobDJ columns:
  C: Number of completed subjobs
  A: Number of active subjobs (e.g., submitted, running)
  W: Number of waiting/pending subjobs

C A W | Activity  JobId  JobName  JobHost
- - - | --------- -----------------------
0 1 1 | launched  lt14-0-5aec9a7c SM11_micro017 lsf-cpu
0 2 0 | launched  lt14-0-5aec9a7f SM11_micro013 lsf-cpu
1 1 0 | finished  lt14-0-5aec9a7c SM11_micro017 lsf-cpu
2 0 0 | finished  lt14-0-5aec9a7f SM11_micro013 lsf-cpu

All jobs have completed.

2 of 2 job(s) succeeded; 0 job(s) failed.

Timer (distribute subjobs) : 395.48 secs (0 hrs, 06 mins, 35 secs)

Setting up QM workflow for (protonated, deprotonated) pair:
(1) (SM11_micro017, SM11_micro013)

Executing Jaguar quantum-mechanical subjobs...

Executing 4 distributed subjobs:
---------------------------------

No more than 8 cpu(s) will be used per subjob.
No more than 10 cpu(s) will be used simultaneously.

Processing the following subjobs:
(1) jaguar run pka_prot.bat -jobname SM11_micro017_conf_1 SM11_micro017_conf_1.in -TPP 3
(2) jaguar run pka_prot.bat -jobname SM11_micro017_conf_2 SM11_micro017_conf_2.in -TPP 3
(3) jaguar run pka_deprot.bat -jobname SM11_micro013_conf_1 SM11_micro013_conf_1.in -TPP 2
(4) jaguar run pka_deprot.bat -jobname SM11_micro013_conf_2 SM11_micro013_conf_2.in -TPP 2

Running subjobs on hosts:
  lsf-cpu (Max: 4)
Number of jobs:       4
Max retries per job:  3
Max allowed failures: unlimited
Run with -LOCAL:      False
Verbosity:            normal

Starting JobDJ...

Keep one job on driver host: False
JobDJ columns:
  C: Number of completed subjobs
  A: Number of active subjobs (e.g., submitted, running)
  W: Number of waiting/pending subjobs

C A W | Activity  JobId  JobName  JobHost
- - - | --------- -----------------------
0 1 3 | launched  lt14-0-5aec9c0a SM11_micro017_conf_1 lsf-cpu
0 2 2 | launched  lt14-0-5aec9c0d SM11_micro017_conf_2 lsf-cpu
0 3 1 | launched  lt14-0-5aec9c10 SM11_micro013_conf_1 lsf-cpu
0 4 0 | launched  lt14-0-5aec9c13 SM11_micro013_conf_2 lsf-cpu
1 3 0 | finished  lt14-0-5aec9c13 SM11_micro013_conf_2 lsf-cpu [ls01]
2 2 0 | finished  lt14-0-5aec9c10 SM11_micro013_conf_1 lsf-cpu [lt17]
3 1 0 | finished  lt14-0-5aec9c0a SM11_micro017_conf_1 lsf-cpu [ls01]
4 0 0 | finished  lt14-0-5aec9c0d SM11_micro017_conf_2 lsf-cpu [ls10]

All jobs have completed.

4 of 4 job(s) succeeded; 0 job(s) failed.

Timer (distribute subjobs) : 1575.45 secs (0 hrs, 26 mins, 15 secs)

Processing QM output files...

Executing subprocess:
/data/chodera/schrodinger/schrodinger2017-4-advanced/jaguar results -energy SM11_micro017_conf_1.nrg_h.out

Executing subprocess:
/data/chodera/schrodinger/schrodinger2017-4-advanced/jaguar results -esolv SM11_micro017_conf_1.sol_h.out

Executing subprocess:
/data/chodera/schrodinger/schrodinger2017-4-advanced/jaguar results -energy SM11_micro017_conf_2.nrg_h.out

Executing subprocess:
/data/chodera/schrodinger/schrodinger2017-4-advanced/jaguar results -esolv SM11_micro017_conf_2.sol_h.out

Executing subprocess:
/data/chodera/schrodinger/schrodinger2017-4-advanced/jaguar results -energy SM11_micro013_conf_1.nrg.out

Executing subprocess:
/data/chodera/schrodinger/schrodinger2017-4-advanced/jaguar results -esolv SM11_micro013_conf_1.sol.out

Executing subprocess:
/data/chodera/schrodinger/schrodinger2017-4-advanced/jaguar results -energy SM11_micro013_conf_2.nrg.out

Executing subprocess:
/data/chodera/schrodinger/schrodinger2017-4-advanced/jaguar results -esolv SM11_micro013_conf_2.sol.out

Executing subprocess:
/data/chodera/schrodinger/schrodinger2017-4-advanced/jaguar-v9.8/bin/Linux-x86_64/pka -o SM11_micro017_deprot-out.mae -j SM11_micro017.jres -n -d

Executing subprocess:
/data/chodera/schrodinger/schrodinger2017-4-advanced/jaguar-v9.8/bin/Linux-x86_64/pka -o SM11_micro017_prot-out.mae -j SM11_micro017.jres -n

pKa calculation for SM11_micro017 completed.

pKa workflow jag_SM11_micro017_SM11_micro013 completed.

Timer (Jaguar pKa) : 2029.33 secs (0 hrs, 33 mins, 49 secs)
Timer (jaguar_backend.py) : 2029.33 secs (0 hrs, 33 mins, 49 secs)
Finished:   Fri May  4 14:11:47 2018
