Taking protonated structures from:
SM23_micro021_conf_1.dft_h.01.mae
SM23_micro021_conf_2.dft_h.01.mae
SM23_micro021_conf_3.dft_h.01.mae
SM23_micro021_conf_4.dft_h.01.mae
SM23_micro021_conf_5.dft_h.01.mae
Taking deprotonated structures from:
SM23_micro012_conf_1.dft.01.mae
SM23_micro012_conf_2.dft.01.mae
SM23_micro012_conf_3.dft.01.mae
SM23_micro012_conf_4.dft.01.mae
SM23_micro012_conf_5.dft.01.mae

Corrected results for 'protonated' structure in water:
pKa atom: 32

 # 	                  Shell                   	 pKa 	RMSD	 Contribution
---	------------------------------------------	-----	-----	--------------
1: 	secondary aniline                         	-5.28	0.275	    94.61%
2: 	Protonation of sp3-like aliphatic nitrogen	-4.51	1.715	     5.01%
3: 	Protonation of generic atom               	-4.52	2.264	     0.38%

 Final weighted pKa value is -5.24



