Taking protonated structures from:
SM24_micro013_conf_1.dft_h.01.mae
SM24_micro013_conf_2.dft_h.01.mae
SM24_micro013_conf_3.dft_h.01.mae
SM24_micro013_conf_4.dft_h.01.mae
SM24_micro013_conf_5.dft_h.01.mae
Taking deprotonated structures from:
SM24_micro027_conf_1.dft.01.mae
SM24_micro027_conf_2.dft.01.mae
SM24_micro027_conf_3.dft.01.mae
SM24_micro027_conf_4.dft.01.mae
SM24_micro027_conf_5.dft.01.mae

Corrected results for 'protonated' structure in water:
pKa atom: 30

 # 	           Shell           	 pKa 	RMSD	 Contribution
---	---------------------------	-----	-----	--------------
1: 	pyrimidine                 	11.86	0.242	    67.24%
2: 	heterocycle custom 1       	19.09	0.617	    11.37%
3: 	heterocycle                	18.67	0.837	     8.03%
4: 	Protonation of generic atom	15.94	2.264	    13.36%

 Final weighted pKa value is 13.78



