Taking protonated structures from:
SM18_micro068_conf_1.dft_h.01.mae
SM18_micro068_conf_2.dft_h.01.mae
SM18_micro068_conf_3.dft_h.01.mae
SM18_micro068_conf_4.dft_h.01.mae
SM18_micro068_conf_5.dft_h.01.mae
Taking deprotonated structures from:
SM18_micro048_conf_1.dft.01.mae
SM18_micro048_conf_2.dft.01.mae
SM18_micro048_conf_3.dft.01.mae
SM18_micro048_conf_4.dft.01.mae
SM18_micro048_conf_5.dft.01.mae

Corrected results for 'protonated' structure in water:
pKa atom: 31

 # 	           Shell           	 pKa 	RMSD	 Contribution
---	---------------------------	-----	-----	--------------
1: 	heterocycle custom 1       	22.45	0.617	    31.12%
2: 	heterocycle                	21.89	0.837	    64.47%
3: 	Protonation of generic atom	18.45	2.264	     4.41%

 Final weighted pKa value is 21.91



