Command:    jaguar run pka.py -jobname jag_SM05_micro005_SM05_micro009 -PARALLEL 10 -n -csrch -prot SM05_micro005.in -deprot SM05_micro009.in
Release:    2017-4
Exec:       /data/chodera/schrodinger/schrodinger2017-4-advanced/jaguar-v9.8/bin/Linux-x86_64
Host:       ls04
JobId:      lilac-0-5aec70d7
JobDir:     /lila/data/chodera/schrodinger/tmpdir/rustenburg/jag_SM05_micro005_SM05_micro009
Date:       Fri May  4 10:40:28 2018

Contents of /lila/data/chodera/schrodinger/tmpdir/rustenburg/jag_SM05_micro005_SM05_micro009:
/lila/data/chodera/schrodinger/tmpdir/rustenburg/jag_SM05_micro005_SM05_micro009/lilac-0-5aec70d7.nodes
/lila/data/chodera/schrodinger/tmpdir/rustenburg/jag_SM05_micro005_SM05_micro009/lilac-0-5aec70d7.jlog
/lila/data/chodera/schrodinger/tmpdir/rustenburg/jag_SM05_micro005_SM05_micro009/lilac-0-5aec70d7.recover
/lila/data/chodera/schrodinger/tmpdir/rustenburg/jag_SM05_micro005_SM05_micro009/SM05_micro009.mae
/lila/data/chodera/schrodinger/tmpdir/rustenburg/jag_SM05_micro005_SM05_micro009/SM05_micro005.in
/lila/data/chodera/schrodinger/tmpdir/rustenburg/jag_SM05_micro005_SM05_micro009/jag_SM05_micro005_SM05_micro009.recover
/lila/data/chodera/schrodinger/tmpdir/rustenburg/jag_SM05_micro005_SM05_micro009/lilac-0-5aec70d7
/lila/data/chodera/schrodinger/tmpdir/rustenburg/jag_SM05_micro005_SM05_micro009/lilac-0-5aec70d7.mpinodes
/lila/data/chodera/schrodinger/tmpdir/rustenburg/jag_SM05_micro005_SM05_micro009/SM05_micro009.in
/lila/data/chodera/schrodinger/tmpdir/rustenburg/jag_SM05_micro005_SM05_micro009/SM05_micro005.mae
/lila/data/chodera/schrodinger/tmpdir/rustenburg/jag_SM05_micro005_SM05_micro009/jag_SM05_micro005_SM05_micro009.log
/lila/data/chodera/schrodinger/tmpdir/rustenburg/jag_SM05_micro005_SM05_micro009/lilac-0-5aec70d7.hosts

=====================
 Jaguar pKa workflow
=====================

Analysing user-provided (prot, deprot) pair:
(SM05_micro005.in, SM05_micro009.in)
Found labile hydrogen 22 in SM05_micro005.in
Found labile hydrogen at atom 6 in SM05_micro009.in
Adding 'ipkat' keyword to input files.

Identifying pKa functional group for pair:
(SM05_micro005, SM05_micro009)

Executing subprocess:
/data/chodera/schrodinger/schrodinger2017-4-advanced/jaguar-v9.8/bin/Linux-x86_64/pka -i -j SM05_micro005.tmp.jres -n

Taking protonated structures from:
SM05_micro005.mae
Taking deprotonated structures from:
SM05_micro009.mae

This molecule from 'SM05_micro005.mae' in water was recognized as:

 # 	                  Shell                   
---	------------------------------------------
1: 	tertiary aniline                          
2: 	Protonation of sp3-like aliphatic nitrogen
3: 	Protonation of generic atom               


Executing conformational search...

Executing 2 distributed subjobs:
---------------------------------

No more than 8 cpu(s) will be used per subjob.
No more than 10 cpu(s) will be used simultaneously.

Processing the following subjobs:
(1) jaguar run csrch.py SM05_micro005.mae -jobname SM05_micro005 -max_conf 5 -erg_window 50.208 -acc_level 1 -TPP 5
(2) jaguar run csrch.py SM05_micro009.mae -jobname SM05_micro009 -max_conf 5 -erg_window 50.208 -acc_level 1 -TPP 5

Running subjobs on hosts:
  lsf-cpu (Max: 2)
Number of jobs:       2
Max retries per job:  3
Max allowed failures: unlimited
Run with -LOCAL:      False
Verbosity:            normal

Starting JobDJ...

Keep one job on driver host: False
JobDJ columns:
  C: Number of completed subjobs
  A: Number of active subjobs (e.g., submitted, running)
  W: Number of waiting/pending subjobs

C A W | Activity  JobId  JobName  JobHost
- - - | --------- -----------------------
0 1 1 | launched  ls04-3-5aec70e6 SM05_micro005 lsf-cpu
0 2 0 | launched  ls04-0-5aec70ef SM05_micro009 lsf-cpu
1 1 0 | finished  ls04-3-5aec70e6 SM05_micro005 lsf-cpu
2 0 0 | finished  ls04-0-5aec70ef SM05_micro009 lsf-cpu [lt22]

All jobs have completed.

2 of 2 job(s) succeeded; 0 job(s) failed.

Timer (distribute subjobs) : 874.09 secs (0 hrs, 14 mins, 34 secs)

Setting up QM workflow for (protonated, deprotonated) pair:
(1) (SM05_micro005, SM05_micro009)

Executing Jaguar quantum-mechanical subjobs...

Executing 10 distributed subjobs:
----------------------------------

No more than 8 cpu(s) will be used per subjob.
No more than 10 cpu(s) will be used simultaneously.

Processing the following subjobs:
(1) jaguar run pka_prot.bat -jobname SM05_micro005_conf_1 SM05_micro005_conf_1.in
(2) jaguar run pka_prot.bat -jobname SM05_micro005_conf_2 SM05_micro005_conf_2.in
(3) jaguar run pka_prot.bat -jobname SM05_micro005_conf_3 SM05_micro005_conf_3.in
(4) jaguar run pka_prot.bat -jobname SM05_micro005_conf_4 SM05_micro005_conf_4.in
(5) jaguar run pka_prot.bat -jobname SM05_micro005_conf_5 SM05_micro005_conf_5.in
(6) jaguar run pka_deprot.bat -jobname SM05_micro009_conf_1 SM05_micro009_conf_1.in
(7) jaguar run pka_deprot.bat -jobname SM05_micro009_conf_2 SM05_micro009_conf_2.in
(8) jaguar run pka_deprot.bat -jobname SM05_micro009_conf_3 SM05_micro009_conf_3.in
(9) jaguar run pka_deprot.bat -jobname SM05_micro009_conf_4 SM05_micro009_conf_4.in
(10) jaguar run pka_deprot.bat -jobname SM05_micro009_conf_5 SM05_micro009_conf_5.in

Running subjobs on hosts:
  lsf-cpu (Max: 10)
Number of jobs:       10
Max retries per job:  3
Max allowed failures: unlimited
Run with -LOCAL:      False
Verbosity:            normal

Starting JobDJ...

Keep one job on driver host: True
JobDJ columns:
  C: Number of completed subjobs
  A: Number of active subjobs (e.g., submitted, running)
  W: Number of waiting/pending subjobs

 C  A  W | Activity  JobId  JobName  JobHost
-- -- -- | --------- -----------------------
 0  1  9 | launched  ls04-0-5aec7456 SM05_micro005_conf_1 localhost [ls04]
 0  2  8 | launched  ls04-0-5aec7463 SM05_micro005_conf_2 lsf-cpu
 0  3  7 | launched  ls04-0-5aec746d SM05_micro005_conf_3 lsf-cpu
 0  4  6 | launched  ls04-0-5aec7477 SM05_micro005_conf_4 lsf-cpu
 0  5  5 | launched  ls04-0-5aec7481 SM05_micro005_conf_5 lsf-cpu
 0  6  4 | launched  ls04-1-5aec7486 SM05_micro009_conf_1 lsf-cpu
 0  7  3 | launched  ls04-0-5aec748c SM05_micro009_conf_2 lsf-cpu
 0  8  2 | launched  ls04-1-5aec7491 SM05_micro009_conf_3 lsf-cpu
 0  9  1 | launched  ls04-0-5aec7497 SM05_micro009_conf_4 lsf-cpu
 0 10  0 | launched  ls04-0-5aec749d SM05_micro009_conf_5 lsf-cpu
 1  9  0 | finished  ls04-0-5aec7477 SM05_micro005_conf_4 lsf-cpu [ls01]
 2  8  0 | finished  ls04-0-5aec746d SM05_micro005_conf_3 lsf-cpu [ls02]
 3  7  0 | finished  ls04-0-5aec749d SM05_micro009_conf_5 lsf-cpu [lt22]
 4  6  0 | finished  ls04-0-5aec7456 SM05_micro005_conf_1 localhost [ls04]
 5  5  0 | finished  ls04-0-5aec7497 SM05_micro009_conf_4 lsf-cpu [lt22]
 6  4  0 | finished  ls04-0-5aec7463 SM05_micro005_conf_2 lsf-cpu [ls02]
 7  3  0 | finished  ls04-0-5aec7481 SM05_micro005_conf_5 lsf-cpu [ls07]
 8  2  0 | finished  ls04-1-5aec7486 SM05_micro009_conf_1 lsf-cpu [ls07]
 9  1  0 | finished  ls04-0-5aec748c SM05_micro009_conf_2 lsf-cpu [ls07]
10  0  0 | finished  ls04-1-5aec7491 SM05_micro009_conf_3 lsf-cpu [lt22]

All jobs have completed.

10 of 10 job(s) succeeded; 0 job(s) failed.

Timer (distribute subjobs) : 5106.06 secs (1 hrs, 25 mins, 06 secs)

Processing QM output files...

Executing subprocess:
/data/chodera/schrodinger/schrodinger2017-4-advanced/jaguar results -energy SM05_micro005_conf_1.nrg_h.out

Executing subprocess:
/data/chodera/schrodinger/schrodinger2017-4-advanced/jaguar results -esolv SM05_micro005_conf_1.sol_h.out

Executing subprocess:
/data/chodera/schrodinger/schrodinger2017-4-advanced/jaguar results -energy SM05_micro005_conf_2.nrg_h.out

Executing subprocess:
/data/chodera/schrodinger/schrodinger2017-4-advanced/jaguar results -esolv SM05_micro005_conf_2.sol_h.out

Executing subprocess:
/data/chodera/schrodinger/schrodinger2017-4-advanced/jaguar results -energy SM05_micro005_conf_3.nrg_h.out

Executing subprocess:
/data/chodera/schrodinger/schrodinger2017-4-advanced/jaguar results -esolv SM05_micro005_conf_3.sol_h.out

Executing subprocess:
/data/chodera/schrodinger/schrodinger2017-4-advanced/jaguar results -energy SM05_micro005_conf_4.nrg_h.out

Executing subprocess:
/data/chodera/schrodinger/schrodinger2017-4-advanced/jaguar results -esolv SM05_micro005_conf_4.sol_h.out

Executing subprocess:
/data/chodera/schrodinger/schrodinger2017-4-advanced/jaguar results -energy SM05_micro005_conf_5.nrg_h.out

Executing subprocess:
/data/chodera/schrodinger/schrodinger2017-4-advanced/jaguar results -esolv SM05_micro005_conf_5.sol_h.out

Executing subprocess:
/data/chodera/schrodinger/schrodinger2017-4-advanced/jaguar results -energy SM05_micro009_conf_1.nrg.out

Executing subprocess:
/data/chodera/schrodinger/schrodinger2017-4-advanced/jaguar results -esolv SM05_micro009_conf_1.sol.out

Executing subprocess:
/data/chodera/schrodinger/schrodinger2017-4-advanced/jaguar results -energy SM05_micro009_conf_2.nrg.out

Executing subprocess:
/data/chodera/schrodinger/schrodinger2017-4-advanced/jaguar results -esolv SM05_micro009_conf_2.sol.out

Executing subprocess:
/data/chodera/schrodinger/schrodinger2017-4-advanced/jaguar results -energy SM05_micro009_conf_3.nrg.out

Executing subprocess:
/data/chodera/schrodinger/schrodinger2017-4-advanced/jaguar results -esolv SM05_micro009_conf_3.sol.out

Executing subprocess:
/data/chodera/schrodinger/schrodinger2017-4-advanced/jaguar results -energy SM05_micro009_conf_4.nrg.out

Executing subprocess:
/data/chodera/schrodinger/schrodinger2017-4-advanced/jaguar results -esolv SM05_micro009_conf_4.sol.out

Executing subprocess:
/data/chodera/schrodinger/schrodinger2017-4-advanced/jaguar results -energy SM05_micro009_conf_5.nrg.out

Executing subprocess:
/data/chodera/schrodinger/schrodinger2017-4-advanced/jaguar results -esolv SM05_micro009_conf_5.sol.out

Executing subprocess:
/data/chodera/schrodinger/schrodinger2017-4-advanced/jaguar-v9.8/bin/Linux-x86_64/pka -o SM05_micro005_deprot-out.mae -j SM05_micro005.jres -n -d

Executing subprocess:
/data/chodera/schrodinger/schrodinger2017-4-advanced/jaguar-v9.8/bin/Linux-x86_64/pka -o SM05_micro005_prot-out.mae -j SM05_micro005.jres -n

pKa calculation for SM05_micro005 completed.

pKa workflow jag_SM05_micro005_SM05_micro009 completed.

Timer (Jaguar pKa) : 6056.17 secs (1 hrs, 40 mins, 56 secs)
Timer (jaguar_backend.py) : 6056.17 secs (1 hrs, 40 mins, 56 secs)
Finished:   Fri May  4 12:21:24 2018
