Taking protonated structures from:
SM06_micro010_conf_1.dft_h.01.mae
SM06_micro010_conf_2.dft_h.01.mae
SM06_micro010_conf_3.dft_h.01.mae
SM06_micro010_conf_4.dft_h.01.mae
SM06_micro010_conf_5.dft_h.01.mae
Taking deprotonated structures from:
SM06_micro008_conf_1.dft.01.mae
SM06_micro008_conf_2.dft.01.mae
SM06_micro008_conf_3.dft.01.mae
SM06_micro008_conf_4.dft.01.mae
SM06_micro008_conf_5.dft.01.mae

Corrected results for 'protonated' structure in water:
pKa atom: 21

 # 	           Shell           	 pKa 	RMSD	 Contribution
---	---------------------------	-----	-----	--------------
1: 	pyridine                   	 3.72	0.493	    58.80%
2: 	heterocycle custom 1       	 3.32	0.617	    28.97%
3: 	heterocycle                	 3.56	0.837	    11.51%
4: 	Protonation of generic atom	 4.17	2.264	     0.72%

 Final weighted pKa value is 3.59



