Command:    jaguar run pka.py -jobname jag_SM18_micro016_SM18_micro065 -PARALLEL 10 -WAIT -n -csrch -prot SM18_micro016.in -deprot SM18_micro065.in
Release:    2017-4
Exec:       /data/chodera/schrodinger/schrodinger2017-4-advanced/jaguar-v9.8/bin/Linux-x86_64
Host:       lt01
JobId:      lt01-0-5b031449
JobDir:     /lila/data/chodera/schrodinger/tmpdir/rustenburg/jag_SM18_micro016_SM18_micro065
Date:       Mon May 21 14:47:40 2018

Contents of /lila/data/chodera/schrodinger/tmpdir/rustenburg/jag_SM18_micro016_SM18_micro065:
/lila/data/chodera/schrodinger/tmpdir/rustenburg/jag_SM18_micro016_SM18_micro065/jag_SM18_micro016_SM18_micro065.log
/lila/data/chodera/schrodinger/tmpdir/rustenburg/jag_SM18_micro016_SM18_micro065/jag_SM18_micro016_SM18_micro065.recover
/lila/data/chodera/schrodinger/tmpdir/rustenburg/jag_SM18_micro016_SM18_micro065/lt01-0-5b031449.mpinodes
/lila/data/chodera/schrodinger/tmpdir/rustenburg/jag_SM18_micro016_SM18_micro065/lt01-0-5b031449.recover
/lila/data/chodera/schrodinger/tmpdir/rustenburg/jag_SM18_micro016_SM18_micro065/lt01-0-5b031449
/lila/data/chodera/schrodinger/tmpdir/rustenburg/jag_SM18_micro016_SM18_micro065/SM18_micro065.in
/lila/data/chodera/schrodinger/tmpdir/rustenburg/jag_SM18_micro016_SM18_micro065/SM18_micro016.mae
/lila/data/chodera/schrodinger/tmpdir/rustenburg/jag_SM18_micro016_SM18_micro065/SM18_micro016.in
/lila/data/chodera/schrodinger/tmpdir/rustenburg/jag_SM18_micro016_SM18_micro065/SM18_micro065.mae

=====================
 Jaguar pKa workflow
=====================

Analysing user-provided (prot, deprot) pair:
(SM18_micro016.in, SM18_micro065.in)
Found labile hydrogen 40 in SM18_micro016.in
Found labile hydrogen at atom 16 in SM18_micro065.in
Adding 'ipkat' keyword to input files.

Identifying pKa functional group for pair:
(SM18_micro016, SM18_micro065)

Executing subprocess:
/data/chodera/schrodinger/schrodinger2017-4-advanced/jaguar-v9.8/bin/Linux-x86_64/pka -i -j SM18_micro016.tmp.jres -n

Taking protonated structures from:
SM18_micro016.mae
Taking deprotonated structures from:
SM18_micro065.mae

This molecule from 'SM18_micro016.mae' in water was recognized as:

 # 	                  Shell                   
---	------------------------------------------
1: 	amide as acid                             
2: 	Protonation of sp2-like aliphatic nitrogen
3: 	Protonation of generic atom               


Executing conformational search...

Executing 2 distributed subjobs:
---------------------------------

No more than 8 cpu(s) will be used per subjob.
No more than 10 cpu(s) will be used simultaneously.

Processing the following subjobs:
(1) jaguar run csrch.py SM18_micro016.mae -jobname SM18_micro016 -max_conf 5 -erg_window 50.208 -acc_level 1 -TPP 5
(2) jaguar run csrch.py SM18_micro065.mae -jobname SM18_micro065 -max_conf 5 -erg_window 50.208 -acc_level 1 -TPP 5

Running subjobs on hosts:
  localhost (Max: 2)
Number of jobs:       2
Max retries per job:  3
Max allowed failures: unlimited
Run with -LOCAL:      False
Verbosity:            normal

Starting JobDJ...

Keep one job on driver host: False
JobDJ columns:
  C: Number of completed subjobs
  A: Number of active subjobs (e.g., submitted, running)
  W: Number of waiting/pending subjobs

C A W | Activity  JobId  JobName  JobHost
- - - | --------- -----------------------
0 1 1 | launched  lt01-0-5b031452 SM18_micro016 localhost [lt01]
0 2 0 | launched  lt01-0-5b031455 SM18_micro065 localhost [lt01]
1 1 0 | finished  lt01-0-5b031455 SM18_micro065 localhost [lt01]
2 0 0 | finished  lt01-0-5b031452 SM18_micro016 localhost [lt01]

All jobs have completed.

2 of 2 job(s) succeeded; 0 job(s) failed.

Timer (distribute subjobs) : 6492.95 secs (1 hrs, 48 mins, 12 secs)

Setting up QM workflow for (protonated, deprotonated) pair:
(1) (SM18_micro016, SM18_micro065)

Executing Jaguar quantum-mechanical subjobs...

Executing 10 distributed subjobs:
----------------------------------

No more than 8 cpu(s) will be used per subjob.
No more than 10 cpu(s) will be used simultaneously.

Processing the following subjobs:
(1) jaguar run pka_prot.bat -jobname SM18_micro016_conf_1 SM18_micro016_conf_1.in
(2) jaguar run pka_prot.bat -jobname SM18_micro016_conf_2 SM18_micro016_conf_2.in
(3) jaguar run pka_prot.bat -jobname SM18_micro016_conf_3 SM18_micro016_conf_3.in
(4) jaguar run pka_prot.bat -jobname SM18_micro016_conf_4 SM18_micro016_conf_4.in
(5) jaguar run pka_prot.bat -jobname SM18_micro016_conf_5 SM18_micro016_conf_5.in
(6) jaguar run pka_deprot.bat -jobname SM18_micro065_conf_1 SM18_micro065_conf_1.in
(7) jaguar run pka_deprot.bat -jobname SM18_micro065_conf_2 SM18_micro065_conf_2.in
(8) jaguar run pka_deprot.bat -jobname SM18_micro065_conf_3 SM18_micro065_conf_3.in
(9) jaguar run pka_deprot.bat -jobname SM18_micro065_conf_4 SM18_micro065_conf_4.in
(10) jaguar run pka_deprot.bat -jobname SM18_micro065_conf_5 SM18_micro065_conf_5.in

Running subjobs on hosts:
  localhost (Max: 10)
Number of jobs:       10
Max retries per job:  3
Max allowed failures: unlimited
Run with -LOCAL:      False
Verbosity:            normal

Starting JobDJ...

Keep one job on driver host: False
JobDJ columns:
  C: Number of completed subjobs
  A: Number of active subjobs (e.g., submitted, running)
  W: Number of waiting/pending subjobs

 C  A  W | Activity  JobId  JobName  JobHost
-- -- -- | --------- -----------------------
 0  1  9 | launched  lt01-0-5b032db5 SM18_micro016_conf_1 localhost [lt01]
 0  2  8 | launched  lt01-0-5b032db8 SM18_micro016_conf_2 localhost [lt01]
 0  3  7 | launched  lt01-0-5b032dbb SM18_micro016_conf_3 localhost [lt01]
 0  4  6 | launched  lt01-0-5b032dbf SM18_micro016_conf_4 localhost [lt01]
 0  5  5 | launched  lt01-0-5b032dc5 SM18_micro016_conf_5 localhost [lt01]
 0  6  4 | launched  lt01-0-5b032dcb SM18_micro065_conf_1 localhost [lt01]
 0  7  3 | launched  lt01-0-5b032dd2 SM18_micro065_conf_2 localhost [lt01]
 0  8  2 | launched  lt01-0-5b032ddd SM18_micro065_conf_3 localhost [lt01]
 0  9  1 | launched  lt01-0-5b032de5 SM18_micro065_conf_4 localhost [lt01]
 0 10  0 | launched  lt01-0-5b032df0 SM18_micro065_conf_5 localhost [lt01]
 1  9  0 | finished  lt01-0-5b032dc5 SM18_micro016_conf_5 localhost [lt01]
 2  8  0 | finished  lt01-0-5b032df0 SM18_micro065_conf_5 localhost [lt01]
 3  7  0 | finished  lt01-0-5b032dd2 SM18_micro065_conf_2 localhost [lt01]
 4  6  0 | finished  lt01-0-5b032dcb SM18_micro065_conf_1 localhost [lt01]
 5  5  0 | finished  lt01-0-5b032dbb SM18_micro016_conf_3 localhost [lt01]
 6  4  0 | finished  lt01-0-5b032de5 SM18_micro065_conf_4 localhost [lt01]
 7  3  0 | finished  lt01-0-5b032ddd SM18_micro065_conf_3 localhost [lt01]
 8  2  0 | finished  lt01-0-5b032dbf SM18_micro016_conf_4 localhost [lt01]
 9  1  0 | finished  lt01-0-5b032db8 SM18_micro016_conf_2 localhost [lt01]
10  0  0 | finished  lt01-0-5b032db5 SM18_micro016_conf_1 localhost [lt01]

All jobs have completed.

10 of 10 job(s) succeeded; 0 job(s) failed.

Timer (distribute subjobs) : 32314.09 secs (8 hrs, 58 mins, 34 secs)

Processing QM output files...

Executing subprocess:
/data/chodera/schrodinger/schrodinger2017-4-advanced/jaguar results -energy SM18_micro016_conf_1.nrg_h.out

Executing subprocess:
/data/chodera/schrodinger/schrodinger2017-4-advanced/jaguar results -esolv SM18_micro016_conf_1.sol_h.out

Executing subprocess:
/data/chodera/schrodinger/schrodinger2017-4-advanced/jaguar results -energy SM18_micro016_conf_2.nrg_h.out

Executing subprocess:
/data/chodera/schrodinger/schrodinger2017-4-advanced/jaguar results -esolv SM18_micro016_conf_2.sol_h.out

Executing subprocess:
/data/chodera/schrodinger/schrodinger2017-4-advanced/jaguar results -energy SM18_micro016_conf_3.nrg_h.out

Executing subprocess:
/data/chodera/schrodinger/schrodinger2017-4-advanced/jaguar results -esolv SM18_micro016_conf_3.sol_h.out

Executing subprocess:
/data/chodera/schrodinger/schrodinger2017-4-advanced/jaguar results -energy SM18_micro016_conf_4.nrg_h.out

Executing subprocess:
/data/chodera/schrodinger/schrodinger2017-4-advanced/jaguar results -esolv SM18_micro016_conf_4.sol_h.out

Executing subprocess:
/data/chodera/schrodinger/schrodinger2017-4-advanced/jaguar results -energy SM18_micro016_conf_5.nrg_h.out

Executing subprocess:
/data/chodera/schrodinger/schrodinger2017-4-advanced/jaguar results -esolv SM18_micro016_conf_5.sol_h.out

Executing subprocess:
/data/chodera/schrodinger/schrodinger2017-4-advanced/jaguar results -energy SM18_micro065_conf_1.nrg.out

Executing subprocess:
/data/chodera/schrodinger/schrodinger2017-4-advanced/jaguar results -esolv SM18_micro065_conf_1.sol.out

Executing subprocess:
/data/chodera/schrodinger/schrodinger2017-4-advanced/jaguar results -energy SM18_micro065_conf_2.nrg.out

Executing subprocess:
/data/chodera/schrodinger/schrodinger2017-4-advanced/jaguar results -esolv SM18_micro065_conf_2.sol.out

Executing subprocess:
/data/chodera/schrodinger/schrodinger2017-4-advanced/jaguar results -energy SM18_micro065_conf_3.nrg.out

Executing subprocess:
/data/chodera/schrodinger/schrodinger2017-4-advanced/jaguar results -esolv SM18_micro065_conf_3.sol.out

Executing subprocess:
/data/chodera/schrodinger/schrodinger2017-4-advanced/jaguar results -energy SM18_micro065_conf_4.nrg.out

Executing subprocess:
/data/chodera/schrodinger/schrodinger2017-4-advanced/jaguar results -esolv SM18_micro065_conf_4.sol.out

Executing subprocess:
/data/chodera/schrodinger/schrodinger2017-4-advanced/jaguar results -energy SM18_micro065_conf_5.nrg.out

Executing subprocess:
/data/chodera/schrodinger/schrodinger2017-4-advanced/jaguar results -esolv SM18_micro065_conf_5.sol.out

Executing subprocess:
/data/chodera/schrodinger/schrodinger2017-4-advanced/jaguar-v9.8/bin/Linux-x86_64/pka -o SM18_micro016_deprot-out.mae -j SM18_micro016.jres -n -d

Executing subprocess:
/data/chodera/schrodinger/schrodinger2017-4-advanced/jaguar-v9.8/bin/Linux-x86_64/pka -o SM18_micro016_prot-out.mae -j SM18_micro016.jres -n

pKa calculation for SM18_micro016 completed.

pKa workflow jag_SM18_micro016_SM18_micro065 completed.

Timer (Jaguar pKa) : 38883.45 secs (10 hrs, 48 mins, 03 secs)
Timer (jaguar_backend.py) : 38883.45 secs (10 hrs, 48 mins, 03 secs)
Finished:   Tue May 22 01:35:43 2018
