Taking protonated structures from:
SM18_micro034_conf_1.dft_h.01.mae
SM18_micro034_conf_2.dft_h.01.mae
SM18_micro034_conf_3.dft_h.01.mae
SM18_micro034_conf_4.dft_h.01.mae
SM18_micro034_conf_5.dft_h.01.mae
Taking deprotonated structures from:
SM18_micro002_conf_1.dft.01.mae
SM18_micro002_conf_2.dft.01.mae
SM18_micro002_conf_3.dft.01.mae
SM18_micro002_conf_4.dft.01.mae
SM18_micro002_conf_5.dft.01.mae

Corrected results for 'protonated' structure in water:
pKa atom: 31

 # 	           Shell           	 pKa 	RMSD	 Contribution
---	---------------------------	-----	-----	--------------
1: 	heterocycle custom 1       	 2.33	0.617	    35.20%
2: 	heterocycle                	 2.62	0.837	    59.92%
3: 	Protonation of generic atom	 3.46	2.264	     4.88%

 Final weighted pKa value is 2.56



