Taking protonated structures from:
SM19_micro006_conf_1.dft_h.01.mae
SM19_micro006_conf_2.dft_h.01.mae
SM19_micro006_conf_3.dft_h.01.mae
SM19_micro006_conf_4.dft_h.01.mae
SM19_micro006_conf_5.dft_h.01.mae
Taking deprotonated structures from:
SM19_micro007_conf_1.dft.01.mae
SM19_micro007_conf_2.dft.01.mae
SM19_micro007_conf_3.dft.01.mae
SM19_micro007_conf_4.dft.01.mae
SM19_micro007_conf_5.dft.01.mae

Corrected results for 'protonated' structure in water:
pKa atom: 25

 # 	           Shell           	 pKa 	RMSD	 Contribution
---	---------------------------	-----	-----	--------------
1: 	thiazole/benzothiazole     	 0.91	0.647	    94.75%
2: 	heterocycle                	 1.45	0.837	     4.29%
3: 	Protonation of generic atom	 2.47	2.264	     0.97%

 Final weighted pKa value is 0.95



