Taking protonated structures from:
SM21_micro035_conf_1.dft_h.01.mae
SM21_micro035_conf_2.dft_h.01.mae
SM21_micro035_conf_3.dft_h.01.mae
SM21_micro035_conf_4.dft_h.01.mae
SM21_micro035_conf_5.dft_h.01.mae
Taking deprotonated structures from:
SM21_micro031_conf_1.dft.01.mae
SM21_micro031_conf_2.dft.01.mae
SM21_micro031_conf_3.dft.01.mae
SM21_micro031_conf_4.dft.01.mae
SM21_micro031_conf_5.dft.01.mae

Corrected results for 'protonated' structure in water:
pKa atom: 26

 # 	           Shell           	 pKa 	RMSD	 Contribution
---	---------------------------	-----	-----	--------------
1: 	pyrimidine                 	-8.71	0.242	    58.90%
2: 	heterocycle custom 1       	-15.65	0.617	    17.21%
3: 	heterocycle                	-14.62	0.837	    19.58%
4: 	Protonation of generic atom	-10.00	2.264	     4.31%

 Final weighted pKa value is -11.11



