Taking protonated structures from:
SM02_micro005_conf_1.dft_h.01.mae
SM02_micro005_conf_2.dft_h.01.mae
SM02_micro005_conf_3.dft_h.01.mae
SM02_micro005_conf_4.dft_h.01.mae
SM02_micro005_conf_5.dft_h.01.mae
Taking deprotonated structures from:
SM02_micro002_conf_1.dft.01.mae
SM02_micro002_conf_2.dft.01.mae
SM02_micro002_conf_3.dft.01.mae
SM02_micro002_conf_4.dft.01.mae
SM02_micro002_conf_5.dft.01.mae

Corrected results for 'protonated' structure in water:
pKa atom: 22

 # 	           Shell           	 pKa 	RMSD	 Contribution
---	---------------------------	-----	-----	--------------
1: 	pyrimidine                 	 1.57	0.242	    72.86%
2: 	heterocycle custom 1       	 1.69	0.617	    10.49%
3: 	heterocycle                	 1.99	0.837	     7.48%
4: 	Protonation of generic atom	 2.95	2.264	     9.17%

 Final weighted pKa value is 1.74



