Command:    jaguar run pka.py -jobname jag_SM24_micro010_SM24_micro006 -PARALLEL 10 -WAIT -n -csrch -prot SM24_micro010.in -deprot SM24_micro006.in
Release:    2017-4
Exec:       /data/chodera/schrodinger/schrodinger2017-4-advanced/jaguar-v9.8/bin/Linux-x86_64
Host:       lt19
JobId:      lt19-6-5af5cfe4
JobDir:     /lila/data/chodera/schrodinger/tmpdir/rustenburg/jag_SM24_micro010_SM24_micro006.1
Date:       Fri May 11 13:16:24 2018

Contents of /lila/data/chodera/schrodinger/tmpdir/rustenburg/jag_SM24_micro010_SM24_micro006.1:
/lila/data/chodera/schrodinger/tmpdir/rustenburg/jag_SM24_micro010_SM24_micro006.1/jag_SM24_micro010_SM24_micro006.recover
/lila/data/chodera/schrodinger/tmpdir/rustenburg/jag_SM24_micro010_SM24_micro006.1/lt19-6-5af5cfe4
/lila/data/chodera/schrodinger/tmpdir/rustenburg/jag_SM24_micro010_SM24_micro006.1/lt19-6-5af5cfe4.recover
/lila/data/chodera/schrodinger/tmpdir/rustenburg/jag_SM24_micro010_SM24_micro006.1/SM24_micro010.mae
/lila/data/chodera/schrodinger/tmpdir/rustenburg/jag_SM24_micro010_SM24_micro006.1/SM24_micro006.in
/lila/data/chodera/schrodinger/tmpdir/rustenburg/jag_SM24_micro010_SM24_micro006.1/SM24_micro010.in
/lila/data/chodera/schrodinger/tmpdir/rustenburg/jag_SM24_micro010_SM24_micro006.1/lt19-6-5af5cfe4.mpinodes
/lila/data/chodera/schrodinger/tmpdir/rustenburg/jag_SM24_micro010_SM24_micro006.1/SM24_micro006.mae
/lila/data/chodera/schrodinger/tmpdir/rustenburg/jag_SM24_micro010_SM24_micro006.1/jag_SM24_micro010_SM24_micro006.log

=====================
 Jaguar pKa workflow
=====================

Analysing user-provided (prot, deprot) pair:
(SM24_micro010.in, SM24_micro006.in)
Found labile hydrogen 30 in SM24_micro010.in
Found labile hydrogen at atom 22 in SM24_micro006.in
Adding 'ipkat' keyword to input files.

Identifying pKa functional group for pair:
(SM24_micro010, SM24_micro006)

Executing subprocess:
/data/chodera/schrodinger/schrodinger2017-4-advanced/jaguar-v9.8/bin/Linux-x86_64/pka -i -j SM24_micro010.tmp.jres -n

Taking protonated structures from:
SM24_micro010.mae
Taking deprotonated structures from:
SM24_micro006.mae

This molecule from 'SM24_micro010.mae' in water was recognized as:

 # 	           Shell           
---	---------------------------
1: 	pyrimidine                 
2: 	heterocycle custom 1       
3: 	heterocycle                
4: 	Protonation of generic atom


Executing conformational search...

Executing 2 distributed subjobs:
---------------------------------

No more than 8 cpu(s) will be used per subjob.
No more than 10 cpu(s) will be used simultaneously.

Processing the following subjobs:
(1) jaguar run csrch.py SM24_micro010.mae -jobname SM24_micro010 -max_conf 5 -erg_window 50.208 -acc_level 1 -TPP 5
(2) jaguar run csrch.py SM24_micro006.mae -jobname SM24_micro006 -max_conf 5 -erg_window 50.208 -acc_level 1 -TPP 5

Running subjobs on hosts:
  localhost (Max: 2)
Number of jobs:       2
Max retries per job:  3
Max allowed failures: unlimited
Run with -LOCAL:      False
Verbosity:            normal

Starting JobDJ...

Keep one job on driver host: False
JobDJ columns:
  C: Number of completed subjobs
  A: Number of active subjobs (e.g., submitted, running)
  W: Number of waiting/pending subjobs

C A W | Activity  JobId  JobName  JobHost
- - - | --------- -----------------------
0 1 1 | launched  lt19-4-5af5cfee SM24_micro010 localhost [lt19]
0 2 0 | launched  lt19-4-5af5cff1 SM24_micro006 localhost [lt19]
1 1 0 | finished  lt19-4-5af5cfee SM24_micro010 localhost [lt19]
2 0 0 | finished  lt19-4-5af5cff1 SM24_micro006 localhost [lt19]

All jobs have completed.

2 of 2 job(s) succeeded; 0 job(s) failed.

Timer (distribute subjobs) : 855.58 secs (0 hrs, 14 mins, 15 secs)

Setting up QM workflow for (protonated, deprotonated) pair:
(1) (SM24_micro010, SM24_micro006)

Executing Jaguar quantum-mechanical subjobs...

Executing 10 distributed subjobs:
----------------------------------

No more than 8 cpu(s) will be used per subjob.
No more than 10 cpu(s) will be used simultaneously.

Processing the following subjobs:
(1) jaguar run pka_prot.bat -jobname SM24_micro010_conf_1 SM24_micro010_conf_1.in
(2) jaguar run pka_prot.bat -jobname SM24_micro010_conf_2 SM24_micro010_conf_2.in
(3) jaguar run pka_prot.bat -jobname SM24_micro010_conf_3 SM24_micro010_conf_3.in
(4) jaguar run pka_prot.bat -jobname SM24_micro010_conf_4 SM24_micro010_conf_4.in
(5) jaguar run pka_prot.bat -jobname SM24_micro010_conf_5 SM24_micro010_conf_5.in
(6) jaguar run pka_deprot.bat -jobname SM24_micro006_conf_1 SM24_micro006_conf_1.in
(7) jaguar run pka_deprot.bat -jobname SM24_micro006_conf_2 SM24_micro006_conf_2.in
(8) jaguar run pka_deprot.bat -jobname SM24_micro006_conf_3 SM24_micro006_conf_3.in
(9) jaguar run pka_deprot.bat -jobname SM24_micro006_conf_4 SM24_micro006_conf_4.in
(10) jaguar run pka_deprot.bat -jobname SM24_micro006_conf_5 SM24_micro006_conf_5.in

Running subjobs on hosts:
  localhost (Max: 10)
Number of jobs:       10
Max retries per job:  3
Max allowed failures: unlimited
Run with -LOCAL:      False
Verbosity:            normal

Starting JobDJ...

Keep one job on driver host: False
JobDJ columns:
  C: Number of completed subjobs
  A: Number of active subjobs (e.g., submitted, running)
  W: Number of waiting/pending subjobs

 C  A  W | Activity  JobId  JobName  JobHost
-- -- -- | --------- -----------------------
 0  1  9 | launched  lt19-0-5af5d353 SM24_micro010_conf_1 localhost [lt19]
 0  2  8 | launched  lt19-0-5af5d366 SM24_micro010_conf_2 localhost [lt19]
 0  3  7 | launched  lt19-1-5af5d371 SM24_micro010_conf_3 localhost [lt19]
 0  4  6 | launched  lt19-0-5af5d376 SM24_micro010_conf_4 localhost [lt19]
 0  5  5 | launched  lt19-0-5af5d379 SM24_micro010_conf_5 localhost [lt19]
 0  6  4 | launched  lt19-0-5af5d37c SM24_micro006_conf_1 localhost [lt19]
 0  7  3 | launched  lt19-0-5af5d37f SM24_micro006_conf_2 localhost [lt19]
 0  8  2 | launched  lt19-0-5af5d381 SM24_micro006_conf_3 localhost [lt19]
 0  9  1 | launched  lt19-0-5af5d384 SM24_micro006_conf_4 localhost [lt19]
 0 10  0 | launched  lt19-0-5af5d388 SM24_micro006_conf_5 localhost [lt19]
 1  9  0 | finished  lt19-0-5af5d37c SM24_micro006_conf_1 localhost [lt19]
 2  8  0 | finished  lt19-0-5af5d379 SM24_micro010_conf_5 localhost [lt19]
 3  7  0 | finished  lt19-0-5af5d381 SM24_micro006_conf_3 localhost [lt19]
 4  6  0 | finished  lt19-0-5af5d384 SM24_micro006_conf_4 localhost [lt19]
 5  5  0 | finished  lt19-0-5af5d388 SM24_micro006_conf_5 localhost [lt19]
 6  4  0 | finished  lt19-0-5af5d376 SM24_micro010_conf_4 localhost [lt19]
 7  3  0 | finished  lt19-1-5af5d371 SM24_micro010_conf_3 localhost [lt19]
 8  2  0 | finished  lt19-0-5af5d353 SM24_micro010_conf_1 localhost [lt19]
 9  1  0 | finished  lt19-0-5af5d366 SM24_micro010_conf_2 localhost [lt19]
10  0  0 | finished  lt19-0-5af5d37f SM24_micro006_conf_2 localhost [lt19]

All jobs have completed.

10 of 10 job(s) succeeded; 0 job(s) failed.

Timer (distribute subjobs) : 5289.51 secs (1 hrs, 28 mins, 09 secs)

Processing QM output files...

Executing subprocess:
/data/chodera/schrodinger/schrodinger2017-4-advanced/jaguar results -energy SM24_micro010_conf_1.nrg_h.out

Executing subprocess:
/data/chodera/schrodinger/schrodinger2017-4-advanced/jaguar results -esolv SM24_micro010_conf_1.sol_h.out

Executing subprocess:
/data/chodera/schrodinger/schrodinger2017-4-advanced/jaguar results -energy SM24_micro010_conf_2.nrg_h.out

Executing subprocess:
/data/chodera/schrodinger/schrodinger2017-4-advanced/jaguar results -esolv SM24_micro010_conf_2.sol_h.out

Executing subprocess:
/data/chodera/schrodinger/schrodinger2017-4-advanced/jaguar results -energy SM24_micro010_conf_3.nrg_h.out

Executing subprocess:
/data/chodera/schrodinger/schrodinger2017-4-advanced/jaguar results -esolv SM24_micro010_conf_3.sol_h.out

Executing subprocess:
/data/chodera/schrodinger/schrodinger2017-4-advanced/jaguar results -energy SM24_micro010_conf_4.nrg_h.out

Executing subprocess:
/data/chodera/schrodinger/schrodinger2017-4-advanced/jaguar results -esolv SM24_micro010_conf_4.sol_h.out

Executing subprocess:
/data/chodera/schrodinger/schrodinger2017-4-advanced/jaguar results -energy SM24_micro010_conf_5.nrg_h.out

Executing subprocess:
/data/chodera/schrodinger/schrodinger2017-4-advanced/jaguar results -esolv SM24_micro010_conf_5.sol_h.out

Executing subprocess:
/data/chodera/schrodinger/schrodinger2017-4-advanced/jaguar results -energy SM24_micro006_conf_1.nrg.out

Executing subprocess:
/data/chodera/schrodinger/schrodinger2017-4-advanced/jaguar results -esolv SM24_micro006_conf_1.sol.out

Executing subprocess:
/data/chodera/schrodinger/schrodinger2017-4-advanced/jaguar results -energy SM24_micro006_conf_2.nrg.out

Executing subprocess:
/data/chodera/schrodinger/schrodinger2017-4-advanced/jaguar results -esolv SM24_micro006_conf_2.sol.out

Executing subprocess:
/data/chodera/schrodinger/schrodinger2017-4-advanced/jaguar results -energy SM24_micro006_conf_3.nrg.out

Executing subprocess:
/data/chodera/schrodinger/schrodinger2017-4-advanced/jaguar results -esolv SM24_micro006_conf_3.sol.out

Executing subprocess:
/data/chodera/schrodinger/schrodinger2017-4-advanced/jaguar results -energy SM24_micro006_conf_4.nrg.out

Executing subprocess:
/data/chodera/schrodinger/schrodinger2017-4-advanced/jaguar results -esolv SM24_micro006_conf_4.sol.out

Executing subprocess:
/data/chodera/schrodinger/schrodinger2017-4-advanced/jaguar results -energy SM24_micro006_conf_5.nrg.out

Executing subprocess:
/data/chodera/schrodinger/schrodinger2017-4-advanced/jaguar results -esolv SM24_micro006_conf_5.sol.out

Executing subprocess:
/data/chodera/schrodinger/schrodinger2017-4-advanced/jaguar-v9.8/bin/Linux-x86_64/pka -o SM24_micro010_deprot-out.mae -j SM24_micro010.jres -n -d

Executing subprocess:
/data/chodera/schrodinger/schrodinger2017-4-advanced/jaguar-v9.8/bin/Linux-x86_64/pka -o SM24_micro010_prot-out.mae -j SM24_micro010.jres -n

pKa calculation for SM24_micro010 completed.

pKa workflow jag_SM24_micro010_SM24_micro006 completed.

Timer (Jaguar pKa) : 6233.37 secs (1 hrs, 43 mins, 53 secs)
Timer (jaguar_backend.py) : 6233.37 secs (1 hrs, 43 mins, 53 secs)
Finished:   Fri May 11 15:00:17 2018
