Command:    jaguar run pka.py -jobname jag_SM07_micro016_SM07_micro015 -PARALLEL 10 -n -csrch -prot SM07_micro016.in -deprot SM07_micro015.in
Release:    2017-4
Exec:       /data/chodera/schrodinger/schrodinger2017-4-advanced/jaguar-v9.8/bin/Linux-x86_64
Host:       lt22
JobId:      lilac-0-5aec7b49
JobDir:     /lila/data/chodera/schrodinger/tmpdir/rustenburg/jag_SM07_micro016_SM07_micro015
Date:       Fri May  4 11:26:38 2018

Contents of /lila/data/chodera/schrodinger/tmpdir/rustenburg/jag_SM07_micro016_SM07_micro015:
/lila/data/chodera/schrodinger/tmpdir/rustenburg/jag_SM07_micro016_SM07_micro015/SM07_micro016.mae
/lila/data/chodera/schrodinger/tmpdir/rustenburg/jag_SM07_micro016_SM07_micro015/lilac-0-5aec7b49.recover
/lila/data/chodera/schrodinger/tmpdir/rustenburg/jag_SM07_micro016_SM07_micro015/jag_SM07_micro016_SM07_micro015.recover
/lila/data/chodera/schrodinger/tmpdir/rustenburg/jag_SM07_micro016_SM07_micro015/lilac-0-5aec7b49.hosts
/lila/data/chodera/schrodinger/tmpdir/rustenburg/jag_SM07_micro016_SM07_micro015/jag_SM07_micro016_SM07_micro015.log
/lila/data/chodera/schrodinger/tmpdir/rustenburg/jag_SM07_micro016_SM07_micro015/SM07_micro015.mae
/lila/data/chodera/schrodinger/tmpdir/rustenburg/jag_SM07_micro016_SM07_micro015/lilac-0-5aec7b49
/lila/data/chodera/schrodinger/tmpdir/rustenburg/jag_SM07_micro016_SM07_micro015/SM07_micro015.in
/lila/data/chodera/schrodinger/tmpdir/rustenburg/jag_SM07_micro016_SM07_micro015/lilac-0-5aec7b49.jlog
/lila/data/chodera/schrodinger/tmpdir/rustenburg/jag_SM07_micro016_SM07_micro015/SM07_micro016.in
/lila/data/chodera/schrodinger/tmpdir/rustenburg/jag_SM07_micro016_SM07_micro015/lilac-0-5aec7b49.nodes
/lila/data/chodera/schrodinger/tmpdir/rustenburg/jag_SM07_micro016_SM07_micro015/lilac-0-5aec7b49.mpinodes

=====================
 Jaguar pKa workflow
=====================

Analysing user-provided (prot, deprot) pair:
(SM07_micro016.in, SM07_micro015.in)
Found labile hydrogen 22 in SM07_micro016.in
Found labile hydrogen at atom 12 in SM07_micro015.in
Adding 'ipkat' keyword to input files.

Identifying pKa functional group for pair:
(SM07_micro016, SM07_micro015)

Executing subprocess:
/data/chodera/schrodinger/schrodinger2017-4-advanced/jaguar-v9.8/bin/Linux-x86_64/pka -i -j SM07_micro016.tmp.jres -n

Taking protonated structures from:
SM07_micro016.mae
Taking deprotonated structures from:
SM07_micro015.mae

This molecule from 'SM07_micro016.mae' in water was recognized as:

 # 	           Shell           
---	---------------------------
1: 	Protonation of generic atom


Executing conformational search...

Executing 2 distributed subjobs:
---------------------------------

No more than 8 cpu(s) will be used per subjob.
No more than 10 cpu(s) will be used simultaneously.

Processing the following subjobs:
(1) jaguar run csrch.py SM07_micro016.mae -jobname SM07_micro016 -max_conf 5 -erg_window 50.208 -acc_level 1 -TPP 5
(2) jaguar run csrch.py SM07_micro015.mae -jobname SM07_micro015 -max_conf 5 -erg_window 50.208 -acc_level 1 -TPP 5

Running subjobs on hosts:
  lsf-cpu (Max: 2)
Number of jobs:       2
Max retries per job:  3
Max allowed failures: unlimited
Run with -LOCAL:      False
Verbosity:            normal

Starting JobDJ...

Keep one job on driver host: False
JobDJ columns:
  C: Number of completed subjobs
  A: Number of active subjobs (e.g., submitted, running)
  W: Number of waiting/pending subjobs

C A W | Activity  JobId  JobName  JobHost
- - - | --------- -----------------------
0 1 1 | launched  lt22-0-5aec7bb4 SM07_micro016 lsf-cpu
0 2 0 | launched  lt22-0-5aec7bb7 SM07_micro015 lsf-cpu
1 1 0 | finished  lt22-0-5aec7bb7 SM07_micro015 lsf-cpu
2 0 0 | finished  lt22-0-5aec7bb4 SM07_micro016 lsf-cpu [ls01]

All jobs have completed.

2 of 2 job(s) succeeded; 0 job(s) failed.

Timer (distribute subjobs) : 1188.80 secs (0 hrs, 19 mins, 48 secs)

Setting up QM workflow for (protonated, deprotonated) pair:
(1) (SM07_micro016, SM07_micro015)

Executing Jaguar quantum-mechanical subjobs...

Executing 8 distributed subjobs:
---------------------------------

No more than 8 cpu(s) will be used per subjob.
No more than 10 cpu(s) will be used simultaneously.

Processing the following subjobs:
(1) jaguar run pka_prot.bat -jobname SM07_micro016_conf_1 SM07_micro016_conf_1.in -TPP 2
(2) jaguar run pka_prot.bat -jobname SM07_micro016_conf_2 SM07_micro016_conf_2.in -TPP 2
(3) jaguar run pka_prot.bat -jobname SM07_micro016_conf_3 SM07_micro016_conf_3.in
(4) jaguar run pka_deprot.bat -jobname SM07_micro015_conf_1 SM07_micro015_conf_1.in
(5) jaguar run pka_deprot.bat -jobname SM07_micro015_conf_2 SM07_micro015_conf_2.in
(6) jaguar run pka_deprot.bat -jobname SM07_micro015_conf_3 SM07_micro015_conf_3.in
(7) jaguar run pka_deprot.bat -jobname SM07_micro015_conf_4 SM07_micro015_conf_4.in
(8) jaguar run pka_deprot.bat -jobname SM07_micro015_conf_5 SM07_micro015_conf_5.in

Running subjobs on hosts:
  lsf-cpu (Max: 8)
Number of jobs:       8
Max retries per job:  3
Max allowed failures: unlimited
Run with -LOCAL:      False
Verbosity:            normal

Starting JobDJ...

Keep one job on driver host: False
JobDJ columns:
  C: Number of completed subjobs
  A: Number of active subjobs (e.g., submitted, running)
  W: Number of waiting/pending subjobs

C A W | Activity  JobId  JobName  JobHost
- - - | --------- -----------------------
0 1 7 | launched  lt22-0-5aec805e SM07_micro016_conf_1 lsf-cpu
0 2 6 | launched  lt22-0-5aec8065 SM07_micro016_conf_2 lsf-cpu
0 3 5 | launched  lt22-0-5aec8068 SM07_micro016_conf_3 lsf-cpu
0 4 4 | launched  lt22-0-5aec806d SM07_micro015_conf_1 lsf-cpu
0 5 3 | launched  lt22-0-5aec8070 SM07_micro015_conf_2 lsf-cpu
0 6 2 | launched  lt22-0-5aec8074 SM07_micro015_conf_3 lsf-cpu
0 7 1 | launched  lt22-0-5aec8078 SM07_micro015_conf_4 lsf-cpu
0 8 0 | launched  lt22-0-5aec807c SM07_micro015_conf_5 lsf-cpu
1 7 0 | finished  lt22-0-5aec807c SM07_micro015_conf_5 lsf-cpu [ls11]
2 6 0 | finished  lt22-0-5aec8074 SM07_micro015_conf_3 lsf-cpu [ls13]
3 5 0 | finished  lt22-0-5aec806d SM07_micro015_conf_1 lsf-cpu [ls09]
4 4 0 | finished  lt22-0-5aec805e SM07_micro016_conf_1 lsf-cpu [ls13]
5 3 0 | finished  lt22-0-5aec8065 SM07_micro016_conf_2 lsf-cpu [ls13]
6 2 0 | finished  lt22-0-5aec8078 SM07_micro015_conf_4 lsf-cpu [lt21]
7 1 0 | finished  lt22-0-5aec8070 SM07_micro015_conf_2 lsf-cpu [ls13]
8 0 0 | finished  lt22-0-5aec8068 SM07_micro016_conf_3 lsf-cpu [ls18]

All jobs have completed.

8 of 8 job(s) succeeded; 0 job(s) failed.

Timer (distribute subjobs) : 7848.63 secs (2 hrs, 10 mins, 48 secs)

Processing QM output files...

Executing subprocess:
/data/chodera/schrodinger/schrodinger2017-4-advanced/jaguar results -energy SM07_micro016_conf_1.nrg_h.out

Executing subprocess:
/data/chodera/schrodinger/schrodinger2017-4-advanced/jaguar results -esolv SM07_micro016_conf_1.sol_h.out

Executing subprocess:
/data/chodera/schrodinger/schrodinger2017-4-advanced/jaguar results -energy SM07_micro016_conf_2.nrg_h.out

Executing subprocess:
/data/chodera/schrodinger/schrodinger2017-4-advanced/jaguar results -esolv SM07_micro016_conf_2.sol_h.out

Executing subprocess:
/data/chodera/schrodinger/schrodinger2017-4-advanced/jaguar results -energy SM07_micro016_conf_3.nrg_h.out

Executing subprocess:
/data/chodera/schrodinger/schrodinger2017-4-advanced/jaguar results -esolv SM07_micro016_conf_3.sol_h.out

Executing subprocess:
/data/chodera/schrodinger/schrodinger2017-4-advanced/jaguar results -energy SM07_micro015_conf_1.nrg.out

Executing subprocess:
/data/chodera/schrodinger/schrodinger2017-4-advanced/jaguar results -esolv SM07_micro015_conf_1.sol.out

Executing subprocess:
/data/chodera/schrodinger/schrodinger2017-4-advanced/jaguar results -energy SM07_micro015_conf_2.nrg.out

Executing subprocess:
/data/chodera/schrodinger/schrodinger2017-4-advanced/jaguar results -esolv SM07_micro015_conf_2.sol.out

Executing subprocess:
/data/chodera/schrodinger/schrodinger2017-4-advanced/jaguar results -energy SM07_micro015_conf_3.nrg.out

Executing subprocess:
/data/chodera/schrodinger/schrodinger2017-4-advanced/jaguar results -esolv SM07_micro015_conf_3.sol.out

Executing subprocess:
/data/chodera/schrodinger/schrodinger2017-4-advanced/jaguar results -energy SM07_micro015_conf_4.nrg.out

Executing subprocess:
/data/chodera/schrodinger/schrodinger2017-4-advanced/jaguar results -esolv SM07_micro015_conf_4.sol.out

Executing subprocess:
/data/chodera/schrodinger/schrodinger2017-4-advanced/jaguar results -energy SM07_micro015_conf_5.nrg.out

Executing subprocess:
/data/chodera/schrodinger/schrodinger2017-4-advanced/jaguar results -esolv SM07_micro015_conf_5.sol.out

Executing subprocess:
/data/chodera/schrodinger/schrodinger2017-4-advanced/jaguar-v9.8/bin/Linux-x86_64/pka -o SM07_micro016_deprot-out.mae -j SM07_micro016.jres -n -d

Executing subprocess:
/data/chodera/schrodinger/schrodinger2017-4-advanced/jaguar-v9.8/bin/Linux-x86_64/pka -o SM07_micro016_prot-out.mae -j SM07_micro016.jres -n

pKa calculation for SM07_micro016 completed.

pKa workflow jag_SM07_micro016_SM07_micro015 completed.

Timer (Jaguar pKa) : 9097.52 secs (2 hrs, 31 mins, 37 secs)
Timer (jaguar_backend.py) : 9097.53 secs (2 hrs, 31 mins, 37 secs)
Finished:   Fri May  4 13:58:15 2018
