Taking protonated structures from:
SM06_micro006_conf_1.dft_h.01.mae
SM06_micro006_conf_2.dft_h.01.mae
SM06_micro006_conf_3.dft_h.01.mae
SM06_micro006_conf_4.dft_h.01.mae
SM06_micro006_conf_5.dft_h.01.mae
Taking deprotonated structures from:
SM06_micro001_conf_1.dft.01.mae
SM06_micro001_conf_2.dft.01.mae
SM06_micro001_conf_3.dft.01.mae
SM06_micro001_conf_4.dft.01.mae
SM06_micro001_conf_5.dft.01.mae

Corrected results for 'protonated' structure in water:
pKa atom: 21

 # 	            Shell             	 pKa 	RMSD	 Contribution
---	------------------------------	-----	-----	--------------
1: 	amide as base                 	 1.76	0.577	    99.76%
2: 	Protonation of generic atom   	 6.17	2.264	     0.08%
3: 	Protonation of sp2-like oxygen	 6.11	2.568	     0.15%

 Final weighted pKa value is 1.77



