Command:    jaguar run pka.py -jobname jag_SM21_micro036_SM21_micro033 -PARALLEL 10 -WAIT -n -csrch -prot SM21_micro036.in -deprot SM21_micro033.in
Release:    2017-4
Exec:       /data/chodera/schrodinger/schrodinger2017-4-advanced/jaguar-v9.8/bin/Linux-x86_64
Host:       ls10
JobId:      ls10-0-5b032903
JobDir:     /lila/data/chodera/schrodinger/tmpdir/rustenburg/jag_SM21_micro036_SM21_micro033.1
Date:       Mon May 21 16:16:05 2018

Contents of /lila/data/chodera/schrodinger/tmpdir/rustenburg/jag_SM21_micro036_SM21_micro033.1:
/lila/data/chodera/schrodinger/tmpdir/rustenburg/jag_SM21_micro036_SM21_micro033.1/jag_SM21_micro036_SM21_micro033.log
/lila/data/chodera/schrodinger/tmpdir/rustenburg/jag_SM21_micro036_SM21_micro033.1/ls10-0-5b032903.mpinodes
/lila/data/chodera/schrodinger/tmpdir/rustenburg/jag_SM21_micro036_SM21_micro033.1/SM21_micro033.mae
/lila/data/chodera/schrodinger/tmpdir/rustenburg/jag_SM21_micro036_SM21_micro033.1/jag_SM21_micro036_SM21_micro033.recover
/lila/data/chodera/schrodinger/tmpdir/rustenburg/jag_SM21_micro036_SM21_micro033.1/SM21_micro033.in
/lila/data/chodera/schrodinger/tmpdir/rustenburg/jag_SM21_micro036_SM21_micro033.1/ls10-0-5b032903.recover
/lila/data/chodera/schrodinger/tmpdir/rustenburg/jag_SM21_micro036_SM21_micro033.1/SM21_micro036.mae
/lila/data/chodera/schrodinger/tmpdir/rustenburg/jag_SM21_micro036_SM21_micro033.1/SM21_micro036.in
/lila/data/chodera/schrodinger/tmpdir/rustenburg/jag_SM21_micro036_SM21_micro033.1/ls10-0-5b032903

=====================
 Jaguar pKa workflow
=====================

Analysing user-provided (prot, deprot) pair:
(SM21_micro036.in, SM21_micro033.in)
Found labile hydrogen 26 in SM21_micro036.in
Found labile hydrogen at atom 13 in SM21_micro033.in
Adding 'ipkat' keyword to input files.

Identifying pKa functional group for pair:
(SM21_micro036, SM21_micro033)

Executing subprocess:
/data/chodera/schrodinger/schrodinger2017-4-advanced/jaguar-v9.8/bin/Linux-x86_64/pka -i -j SM21_micro036.tmp.jres -n

Taking protonated structures from:
SM21_micro036.mae
Taking deprotonated structures from:
SM21_micro033.mae

This molecule from 'SM21_micro036.mae' in water was recognized as:

 # 	           Shell           
---	---------------------------
1: 	Protonation of generic atom


Executing conformational search...

Executing 2 distributed subjobs:
---------------------------------

No more than 8 cpu(s) will be used per subjob.
No more than 10 cpu(s) will be used simultaneously.

Processing the following subjobs:
(1) jaguar run csrch.py SM21_micro036.mae -jobname SM21_micro036 -max_conf 5 -erg_window 50.208 -acc_level 1 -TPP 5
(2) jaguar run csrch.py SM21_micro033.mae -jobname SM21_micro033 -max_conf 5 -erg_window 50.208 -acc_level 1 -TPP 5

Running subjobs on hosts:
  localhost (Max: 2)
Number of jobs:       2
Max retries per job:  3
Max allowed failures: unlimited
Run with -LOCAL:      False
Verbosity:            normal

Starting JobDJ...

Keep one job on driver host: False
JobDJ columns:
  C: Number of completed subjobs
  A: Number of active subjobs (e.g., submitted, running)
  W: Number of waiting/pending subjobs

C A W | Activity  JobId  JobName  JobHost
- - - | --------- -----------------------
0 1 1 | launched  ls10-0-5b03290a SM21_micro036 localhost [ls10]
0 2 0 | launched  ls10-0-5b03290d SM21_micro033 localhost [ls10]
1 1 0 | finished  ls10-0-5b03290a SM21_micro036 localhost [ls10]
2 0 0 | finished  ls10-0-5b03290d SM21_micro033 localhost [ls10]

All jobs have completed.

2 of 2 job(s) succeeded; 0 job(s) failed.

Timer (distribute subjobs) : 3615.00 secs (1 hrs, 00 mins, 14 secs)

Setting up QM workflow for (protonated, deprotonated) pair:
(1) (SM21_micro036, SM21_micro033)

Executing Jaguar quantum-mechanical subjobs...

Executing 9 distributed subjobs:
---------------------------------

No more than 8 cpu(s) will be used per subjob.
No more than 10 cpu(s) will be used simultaneously.

Processing the following subjobs:
(1) jaguar run pka_prot.bat -jobname SM21_micro036_conf_1 SM21_micro036_conf_1.in -TPP 2
(2) jaguar run pka_prot.bat -jobname SM21_micro036_conf_2 SM21_micro036_conf_2.in
(3) jaguar run pka_prot.bat -jobname SM21_micro036_conf_3 SM21_micro036_conf_3.in
(4) jaguar run pka_prot.bat -jobname SM21_micro036_conf_4 SM21_micro036_conf_4.in
(5) jaguar run pka_deprot.bat -jobname SM21_micro033_conf_1 SM21_micro033_conf_1.in
(6) jaguar run pka_deprot.bat -jobname SM21_micro033_conf_2 SM21_micro033_conf_2.in
(7) jaguar run pka_deprot.bat -jobname SM21_micro033_conf_3 SM21_micro033_conf_3.in
(8) jaguar run pka_deprot.bat -jobname SM21_micro033_conf_4 SM21_micro033_conf_4.in
(9) jaguar run pka_deprot.bat -jobname SM21_micro033_conf_5 SM21_micro033_conf_5.in

Running subjobs on hosts:
  localhost (Max: 9)
Number of jobs:       9
Max retries per job:  3
Max allowed failures: unlimited
Run with -LOCAL:      False
Verbosity:            normal

Starting JobDJ...

Keep one job on driver host: False
JobDJ columns:
  C: Number of completed subjobs
  A: Number of active subjobs (e.g., submitted, running)
  W: Number of waiting/pending subjobs

C A W | Activity  JobId  JobName  JobHost
- - - | --------- -----------------------
0 1 8 | launched  ls10-0-5b03372a SM21_micro036_conf_1 localhost [ls10]
0 2 7 | launched  ls10-0-5b03372d SM21_micro036_conf_2 localhost [ls10]
0 3 6 | launched  ls10-0-5b033731 SM21_micro036_conf_3 localhost [ls10]
0 4 5 | launched  ls10-0-5b033736 SM21_micro036_conf_4 localhost [ls10]
0 5 4 | launched  ls10-0-5b03373a SM21_micro033_conf_1 localhost [ls10]
0 6 3 | launched  ls10-0-5b033742 SM21_micro033_conf_2 localhost [ls10]
0 7 2 | launched  ls10-0-5b03374b SM21_micro033_conf_3 localhost [ls10]
0 8 1 | launched  ls10-0-5b033756 SM21_micro033_conf_4 localhost [ls10]
0 9 0 | launched  ls10-0-5b033762 SM21_micro033_conf_5 localhost [ls10]
1 8 0 | finished  ls10-0-5b033756 SM21_micro033_conf_4 localhost [ls10]
2 7 0 | finished  ls10-0-5b033742 SM21_micro033_conf_2 localhost [ls10]
3 6 0 | finished  ls10-0-5b03372d SM21_micro036_conf_2 localhost [ls10]
4 5 0 | finished  ls10-0-5b03372a SM21_micro036_conf_1 localhost [ls10]
5 4 0 | finished  ls10-0-5b03373a SM21_micro033_conf_1 localhost [ls10]
6 3 0 | finished  ls10-0-5b033762 SM21_micro033_conf_5 localhost [ls10]
7 2 0 | finished  ls10-0-5b033736 SM21_micro036_conf_4 localhost [ls10]
8 1 0 | finished  ls10-0-5b03374b SM21_micro033_conf_3 localhost [ls10]
9 0 0 | finished  ls10-0-5b033731 SM21_micro036_conf_3 localhost [ls10]

All jobs have completed.

9 of 9 job(s) succeeded; 0 job(s) failed.

Timer (distribute subjobs) : 44843.68 secs (12 hrs, 27 mins, 23 secs)

Processing QM output files...

Executing subprocess:
/data/chodera/schrodinger/schrodinger2017-4-advanced/jaguar results -energy SM21_micro036_conf_1.nrg_h.out

Executing subprocess:
/data/chodera/schrodinger/schrodinger2017-4-advanced/jaguar results -esolv SM21_micro036_conf_1.sol_h.out

Executing subprocess:
/data/chodera/schrodinger/schrodinger2017-4-advanced/jaguar results -energy SM21_micro036_conf_2.nrg_h.out

Executing subprocess:
/data/chodera/schrodinger/schrodinger2017-4-advanced/jaguar results -esolv SM21_micro036_conf_2.sol_h.out

Executing subprocess:
/data/chodera/schrodinger/schrodinger2017-4-advanced/jaguar results -energy SM21_micro036_conf_3.nrg_h.out

Executing subprocess:
/data/chodera/schrodinger/schrodinger2017-4-advanced/jaguar results -esolv SM21_micro036_conf_3.sol_h.out

Executing subprocess:
/data/chodera/schrodinger/schrodinger2017-4-advanced/jaguar results -energy SM21_micro036_conf_4.nrg_h.out

Executing subprocess:
/data/chodera/schrodinger/schrodinger2017-4-advanced/jaguar results -esolv SM21_micro036_conf_4.sol_h.out

Executing subprocess:
/data/chodera/schrodinger/schrodinger2017-4-advanced/jaguar results -energy SM21_micro033_conf_1.nrg.out

Executing subprocess:
/data/chodera/schrodinger/schrodinger2017-4-advanced/jaguar results -esolv SM21_micro033_conf_1.sol.out

Executing subprocess:
/data/chodera/schrodinger/schrodinger2017-4-advanced/jaguar results -energy SM21_micro033_conf_2.nrg.out

Executing subprocess:
/data/chodera/schrodinger/schrodinger2017-4-advanced/jaguar results -esolv SM21_micro033_conf_2.sol.out

Executing subprocess:
/data/chodera/schrodinger/schrodinger2017-4-advanced/jaguar results -energy SM21_micro033_conf_3.nrg.out

Executing subprocess:
/data/chodera/schrodinger/schrodinger2017-4-advanced/jaguar results -esolv SM21_micro033_conf_3.sol.out

Executing subprocess:
/data/chodera/schrodinger/schrodinger2017-4-advanced/jaguar results -energy SM21_micro033_conf_4.nrg.out

Executing subprocess:
/data/chodera/schrodinger/schrodinger2017-4-advanced/jaguar results -esolv SM21_micro033_conf_4.sol.out

Executing subprocess:
/data/chodera/schrodinger/schrodinger2017-4-advanced/jaguar results -energy SM21_micro033_conf_5.nrg.out

Executing subprocess:
/data/chodera/schrodinger/schrodinger2017-4-advanced/jaguar results -esolv SM21_micro033_conf_5.sol.out

Executing subprocess:
/data/chodera/schrodinger/schrodinger2017-4-advanced/jaguar-v9.8/bin/Linux-x86_64/pka -o SM21_micro036_deprot-out.mae -j SM21_micro036.jres -n -d

Executing subprocess:
/data/chodera/schrodinger/schrodinger2017-4-advanced/jaguar-v9.8/bin/Linux-x86_64/pka -o SM21_micro036_prot-out.mae -j SM21_micro036.jres -n

pKa calculation for SM21_micro036 completed.

pKa workflow jag_SM21_micro036_SM21_micro033 completed.

Timer (Jaguar pKa) : 48510.14 secs (13 hrs, 28 mins, 30 secs)
Timer (jaguar_backend.py) : 48510.14 secs (13 hrs, 28 mins, 30 secs)
Finished:   Tue May 22 05:44:35 2018
