Taking protonated structures from:
SM10_micro003_conf_1.dft_h.01.mae
SM10_micro003_conf_2.dft_h.01.mae
SM10_micro003_conf_3.dft_h.01.mae
SM10_micro003_conf_4.dft_h.01.mae
SM10_micro003_conf_5.dft_h.01.mae
Taking deprotonated structures from:
SM10_micro019_conf_1.dft.01.mae
SM10_micro019_conf_2.dft.01.mae
SM10_micro019_conf_3.dft.01.mae
SM10_micro019_conf_4.dft.01.mae
SM10_micro019_conf_5.dft.01.mae

Corrected results for 'protonated' structure in water:
pKa atom: 30

 # 	                 Shell                  	 pKa 	RMSD	 Contribution
---	----------------------------------------	-----	-----	--------------
1: 	Protonation of generic atom             	12.10	2.264	    99.87%
2: 	aliphatic CH acid in water              	10.46	2.584	     0.07%
3: 	Protonation of sp2-like aliphatic carbon	10.66	2.605	     0.06%

 Final weighted pKa value is 12.10



