Taking protonated structures from:
SM24_micro001_conf_1.dft_h.01.mae
SM24_micro001_conf_2.dft_h.01.mae
SM24_micro001_conf_3.dft_h.01.mae
SM24_micro001_conf_4.dft_h.01.mae
SM24_micro001_conf_5.dft_h.01.mae
Taking deprotonated structures from:
SM24_micro007_conf_1.dft.01.mae
SM24_micro007_conf_2.dft.01.mae
SM24_micro007_conf_3.dft.01.mae
SM24_micro007_conf_4.dft.01.mae
SM24_micro007_conf_5.dft.01.mae

Corrected results for 'protonated' structure in water:
pKa atom: 30

 # 	           Shell           	 pKa 	RMSD	 Contribution
---	---------------------------	-----	-----	--------------
1: 	heterocycle custom 1       	-0.45	0.617	    65.33%
2: 	heterocycle                	-0.06	0.837	    31.97%
3: 	Protonation of generic atom	 1.34	2.264	     2.71%

 Final weighted pKa value is -0.28



