Taking protonated structures from:
SM18_micro062_conf_1.dft_h.01.mae
SM18_micro062_conf_2.dft_h.01.mae
SM18_micro062_conf_3.dft_h.01.mae
SM18_micro062_conf_4.dft_h.01.mae
SM18_micro062_conf_5.dft_h.01.mae
Taking deprotonated structures from:
SM18_micro064_conf_1.dft.01.mae
SM18_micro064_conf_2.dft.01.mae
SM18_micro064_conf_3.dft.01.mae
SM18_micro064_conf_4.dft.01.mae
SM18_micro064_conf_5.dft.01.mae

Corrected results for 'protonated' structure in water:
pKa atom: 31

 # 	                  Shell                  	 pKa 	RMSD	 Contribution
---	-----------------------------------------	-----	-----	--------------
1: 	delta lactam                             	18.61	0.508	    39.72%
2: 	4-pyrimidone as acid                     	18.72	0.530	    51.80%
3: 	Protonation of sp2-like aromatic nitrogen	21.38	1.014	     7.85%
4: 	Protonation of generic atom              	16.57	2.264	     0.62%

 Final weighted pKa value is 18.87



