Taking protonated structures from:
SM10_micro010_conf_1.dft_h.01.mae
SM10_micro010_conf_2.dft_h.01.mae
SM10_micro010_conf_3.dft_h.01.mae
SM10_micro010_conf_4.dft_h.01.mae
SM10_micro010_conf_5.dft_h.01.mae
Taking deprotonated structures from:
SM10_micro011_conf_1.dft.01.mae
SM10_micro011_conf_2.dft.01.mae
SM10_micro011_conf_3.dft.01.mae
SM10_micro011_conf_4.dft.01.mae
SM10_micro011_conf_5.dft.01.mae

Corrected results for 'protonated' structure in water:
pKa atom: 32

 # 	                  Shell                   	 pKa 	RMSD	 Contribution
---	------------------------------------------	-----	-----	--------------
1: 	amide as acid                             	-6.16	0.903	    23.29%
2: 	Protonation of sp2-like aliphatic nitrogen	-5.21	1.751	    58.47%
3: 	Protonation of generic atom               	-3.75	2.264	    18.24%

 Final weighted pKa value is -5.17



