Command:    jaguar run pka.py -jobname jag_SM22_micro003_SM22_micro004 -PARALLEL 10 -n -csrch -prot SM22_micro003.in -deprot SM22_micro004.in
Release:    2017-4
Exec:       /data/chodera/schrodinger/schrodinger2017-4-advanced/jaguar-v9.8/bin/Linux-x86_64
Host:       ls07
JobId:      lilac-0-5aecd16a
JobDir:     /lila/data/chodera/schrodinger/tmpdir/rustenburg/jag_SM22_micro003_SM22_micro004
Date:       Fri May  4 19:19:43 2018

Contents of /lila/data/chodera/schrodinger/tmpdir/rustenburg/jag_SM22_micro003_SM22_micro004:
/lila/data/chodera/schrodinger/tmpdir/rustenburg/jag_SM22_micro003_SM22_micro004/jag_SM22_micro003_SM22_micro004.log
/lila/data/chodera/schrodinger/tmpdir/rustenburg/jag_SM22_micro003_SM22_micro004/lilac-0-5aecd16a.mpinodes
/lila/data/chodera/schrodinger/tmpdir/rustenburg/jag_SM22_micro003_SM22_micro004/SM22_micro004.mae
/lila/data/chodera/schrodinger/tmpdir/rustenburg/jag_SM22_micro003_SM22_micro004/jag_SM22_micro003_SM22_micro004.recover
/lila/data/chodera/schrodinger/tmpdir/rustenburg/jag_SM22_micro003_SM22_micro004/SM22_micro003.mae
/lila/data/chodera/schrodinger/tmpdir/rustenburg/jag_SM22_micro003_SM22_micro004/lilac-0-5aecd16a.hosts
/lila/data/chodera/schrodinger/tmpdir/rustenburg/jag_SM22_micro003_SM22_micro004/lilac-0-5aecd16a.nodes
/lila/data/chodera/schrodinger/tmpdir/rustenburg/jag_SM22_micro003_SM22_micro004/lilac-0-5aecd16a
/lila/data/chodera/schrodinger/tmpdir/rustenburg/jag_SM22_micro003_SM22_micro004/lilac-0-5aecd16a.jlog
/lila/data/chodera/schrodinger/tmpdir/rustenburg/jag_SM22_micro003_SM22_micro004/lilac-0-5aecd16a.recover
/lila/data/chodera/schrodinger/tmpdir/rustenburg/jag_SM22_micro003_SM22_micro004/SM22_micro004.in
/lila/data/chodera/schrodinger/tmpdir/rustenburg/jag_SM22_micro003_SM22_micro004/SM22_micro003.in

=====================
 Jaguar pKa workflow
=====================

Analysing user-provided (prot, deprot) pair:
(SM22_micro003.in, SM22_micro004.in)
Found labile hydrogen 14 in SM22_micro003.in
Found labile hydrogen at atom 4 in SM22_micro004.in
Adding 'ipkat' keyword to input files.

Identifying pKa functional group for pair:
(SM22_micro003, SM22_micro004)

Executing subprocess:
/data/chodera/schrodinger/schrodinger2017-4-advanced/jaguar-v9.8/bin/Linux-x86_64/pka -i -j SM22_micro003.tmp.jres -n

Taking protonated structures from:
SM22_micro003.mae
Taking deprotonated structures from:
SM22_micro004.mae

This molecule from 'SM22_micro003.mae' in water was recognized as:

 # 	           Shell           
---	---------------------------
1: 	quinoline                  
2: 	pyridine                   
3: 	heterocycle custom 1       
4: 	heterocycle                
5: 	Protonation of generic atom


Executing conformational search...

Executing 2 distributed subjobs:
---------------------------------

No more than 8 cpu(s) will be used per subjob.
No more than 10 cpu(s) will be used simultaneously.

Processing the following subjobs:
(1) jaguar run csrch.py SM22_micro003.mae -jobname SM22_micro003 -max_conf 5 -erg_window 50.208 -acc_level 1 -TPP 5
(2) jaguar run csrch.py SM22_micro004.mae -jobname SM22_micro004 -max_conf 5 -erg_window 50.208 -acc_level 1 -TPP 5

Running subjobs on hosts:
  lsf-cpu (Max: 2)
Number of jobs:       2
Max retries per job:  3
Max allowed failures: unlimited
Run with -LOCAL:      False
Verbosity:            normal

Starting JobDJ...

Keep one job on driver host: False
JobDJ columns:
  C: Number of completed subjobs
  A: Number of active subjobs (e.g., submitted, running)
  W: Number of waiting/pending subjobs

C A W | Activity  JobId  JobName  JobHost
- - - | --------- -----------------------
0 1 1 | launched  ls07-0-5aeceaa4 SM22_micro003 lsf-cpu
0 2 0 | launched  ls07-5-5aeceabb SM22_micro004 lsf-cpu
1 1 0 | finished  ls07-5-5aeceabb SM22_micro004 lsf-cpu
2 0 0 | finished  ls07-0-5aeceaa4 SM22_micro003 lsf-cpu

All jobs have completed.

2 of 2 job(s) succeeded; 0 job(s) failed.

Timer (distribute subjobs) : 4259.91 secs (1 hrs, 10 mins, 59 secs)

Setting up QM workflow for (protonated, deprotonated) pair:
(1) (SM22_micro003, SM22_micro004)

Executing Jaguar quantum-mechanical subjobs...

Executing 2 distributed subjobs:
---------------------------------

No more than 8 cpu(s) will be used per subjob.
No more than 10 cpu(s) will be used simultaneously.

Processing the following subjobs:
(1) jaguar run pka_prot.bat -jobname SM22_micro003_conf SM22_micro003_conf.in -TPP 5
(2) jaguar run pka_deprot.bat -jobname SM22_micro004_conf SM22_micro004_conf.in -TPP 5

Running subjobs on hosts:
  lsf-cpu (Max: 2)
Number of jobs:       2
Max retries per job:  3
Max allowed failures: unlimited
Run with -LOCAL:      False
Verbosity:            normal

Starting JobDJ...

Keep one job on driver host: False
JobDJ columns:
  C: Number of completed subjobs
  A: Number of active subjobs (e.g., submitted, running)
  W: Number of waiting/pending subjobs

C A W | Activity  JobId  JobName  JobHost
- - - | --------- -----------------------
0 1 1 | launched  ls07-0-5aecfb43 SM22_micro003_conf lsf-cpu
0 2 0 | launched  ls07-0-5aecfb47 SM22_micro004_conf lsf-cpu
1 1 0 | finished  ls07-0-5aecfb47 SM22_micro004_conf lsf-cpu
2 0 0 | finished  ls07-0-5aecfb43 SM22_micro003_conf lsf-cpu

All jobs have completed.

2 of 2 job(s) succeeded; 0 job(s) failed.

Timer (distribute subjobs) : 4504.05 secs (1 hrs, 15 mins, 04 secs)

Processing QM output files...

Executing subprocess:
/data/chodera/schrodinger/schrodinger2017-4-advanced/jaguar results -energy SM22_micro003_conf.nrg_h.out

Executing subprocess:
/data/chodera/schrodinger/schrodinger2017-4-advanced/jaguar results -esolv SM22_micro003_conf.sol_h.out

Executing subprocess:
/data/chodera/schrodinger/schrodinger2017-4-advanced/jaguar results -energy SM22_micro004_conf.nrg.out

Executing subprocess:
/data/chodera/schrodinger/schrodinger2017-4-advanced/jaguar results -esolv SM22_micro004_conf.sol.out

Executing subprocess:
/data/chodera/schrodinger/schrodinger2017-4-advanced/jaguar-v9.8/bin/Linux-x86_64/pka -o SM22_micro003_deprot-out.mae -j SM22_micro003.jres -n -d

Executing subprocess:
/data/chodera/schrodinger/schrodinger2017-4-advanced/jaguar-v9.8/bin/Linux-x86_64/pka -o SM22_micro003_prot-out.mae -j SM22_micro003.jres -n

pKa calculation for SM22_micro003 completed.

pKa workflow jag_SM22_micro003_SM22_micro004 completed.

Timer (Jaguar pKa) : 8817.40 secs (2 hrs, 26 mins, 57 secs)
Timer (jaguar_backend.py) : 8817.40 secs (2 hrs, 26 mins, 57 secs)
Finished:   Fri May  4 21:46:41 2018
