Command:    jaguar run pka.py -jobname jag_SM10_micro031_SM10_micro013 -PARALLEL 10 -n -csrch -prot SM10_micro031.in -deprot SM10_micro013.in
Release:    2017-4
Exec:       /data/chodera/schrodinger/schrodinger2017-4-advanced/jaguar-v9.8/bin/Linux-x86_64
Host:       ls14
JobId:      lilac-0-5aec8165
JobDir:     /lila/data/chodera/schrodinger/tmpdir/rustenburg/jag_SM10_micro031_SM10_micro013
Date:       Fri May  4 11:57:49 2018

Contents of /lila/data/chodera/schrodinger/tmpdir/rustenburg/jag_SM10_micro031_SM10_micro013:
/lila/data/chodera/schrodinger/tmpdir/rustenburg/jag_SM10_micro031_SM10_micro013/lilac-0-5aec8165.jlog
/lila/data/chodera/schrodinger/tmpdir/rustenburg/jag_SM10_micro031_SM10_micro013/lilac-0-5aec8165.hosts
/lila/data/chodera/schrodinger/tmpdir/rustenburg/jag_SM10_micro031_SM10_micro013/SM10_micro031.in
/lila/data/chodera/schrodinger/tmpdir/rustenburg/jag_SM10_micro031_SM10_micro013/SM10_micro031.mae
/lila/data/chodera/schrodinger/tmpdir/rustenburg/jag_SM10_micro031_SM10_micro013/lilac-0-5aec8165.nodes
/lila/data/chodera/schrodinger/tmpdir/rustenburg/jag_SM10_micro031_SM10_micro013/jag_SM10_micro031_SM10_micro013.recover
/lila/data/chodera/schrodinger/tmpdir/rustenburg/jag_SM10_micro031_SM10_micro013/SM10_micro013.mae
/lila/data/chodera/schrodinger/tmpdir/rustenburg/jag_SM10_micro031_SM10_micro013/lilac-0-5aec8165.recover
/lila/data/chodera/schrodinger/tmpdir/rustenburg/jag_SM10_micro031_SM10_micro013/jag_SM10_micro031_SM10_micro013.log
/lila/data/chodera/schrodinger/tmpdir/rustenburg/jag_SM10_micro031_SM10_micro013/lilac-0-5aec8165.mpinodes
/lila/data/chodera/schrodinger/tmpdir/rustenburg/jag_SM10_micro031_SM10_micro013/lilac-0-5aec8165
/lila/data/chodera/schrodinger/tmpdir/rustenburg/jag_SM10_micro031_SM10_micro013/SM10_micro013.in

=====================
 Jaguar pKa workflow
=====================

Analysing user-provided (prot, deprot) pair:
(SM10_micro031.in, SM10_micro013.in)
Found labile hydrogen 31 in SM10_micro031.in
Found labile hydrogen at atom 13 in SM10_micro013.in
Adding 'ipkat' keyword to input files.

Identifying pKa functional group for pair:
(SM10_micro031, SM10_micro013)

Executing subprocess:
/data/chodera/schrodinger/schrodinger2017-4-advanced/jaguar-v9.8/bin/Linux-x86_64/pka -i -j SM10_micro031.tmp.jres -n

Taking protonated structures from:
SM10_micro031.mae
Taking deprotonated structures from:
SM10_micro013.mae

This molecule from 'SM10_micro031.mae' in water was recognized as:

 # 	                  Shell                   
---	------------------------------------------
1: 	RN=Het                                    
2: 	Protonation of sp2-like aliphatic nitrogen
3: 	Protonation of generic atom               


Executing conformational search...

Executing 2 distributed subjobs:
---------------------------------

No more than 8 cpu(s) will be used per subjob.
No more than 10 cpu(s) will be used simultaneously.

Processing the following subjobs:
(1) jaguar run csrch.py SM10_micro031.mae -jobname SM10_micro031 -max_conf 5 -erg_window 50.208 -acc_level 1 -TPP 5
(2) jaguar run csrch.py SM10_micro013.mae -jobname SM10_micro013 -max_conf 5 -erg_window 50.208 -acc_level 1 -TPP 5

Running subjobs on hosts:
  lsf-cpu (Max: 2)
Number of jobs:       2
Max retries per job:  3
Max allowed failures: unlimited
Run with -LOCAL:      False
Verbosity:            normal

Starting JobDJ...

Keep one job on driver host: False
JobDJ columns:
  C: Number of completed subjobs
  A: Number of active subjobs (e.g., submitted, running)
  W: Number of waiting/pending subjobs

C A W | Activity  JobId  JobName  JobHost
- - - | --------- -----------------------
0 1 1 | launched  ls14-1-5aec8309 SM10_micro031 lsf-cpu
0 2 0 | launched  ls14-1-5aec8310 SM10_micro013 lsf-cpu
1 1 0 | finished  ls14-1-5aec8309 SM10_micro031 lsf-cpu
2 0 0 | finished  ls14-1-5aec8310 SM10_micro013 lsf-cpu [ls01]

All jobs have completed.

2 of 2 job(s) succeeded; 0 job(s) failed.

Timer (distribute subjobs) : 3274.60 secs (0 hrs, 54 mins, 34 secs)

Setting up QM workflow for (protonated, deprotonated) pair:
(1) (SM10_micro031, SM10_micro013)

Executing Jaguar quantum-mechanical subjobs...

Executing 10 distributed subjobs:
----------------------------------

No more than 8 cpu(s) will be used per subjob.
No more than 10 cpu(s) will be used simultaneously.

Processing the following subjobs:
(1) jaguar run pka_prot.bat -jobname SM10_micro031_conf_1 SM10_micro031_conf_1.in
(2) jaguar run pka_prot.bat -jobname SM10_micro031_conf_2 SM10_micro031_conf_2.in
(3) jaguar run pka_prot.bat -jobname SM10_micro031_conf_3 SM10_micro031_conf_3.in
(4) jaguar run pka_prot.bat -jobname SM10_micro031_conf_4 SM10_micro031_conf_4.in
(5) jaguar run pka_prot.bat -jobname SM10_micro031_conf_5 SM10_micro031_conf_5.in
(6) jaguar run pka_deprot.bat -jobname SM10_micro013_conf_1 SM10_micro013_conf_1.in
(7) jaguar run pka_deprot.bat -jobname SM10_micro013_conf_2 SM10_micro013_conf_2.in
(8) jaguar run pka_deprot.bat -jobname SM10_micro013_conf_3 SM10_micro013_conf_3.in
(9) jaguar run pka_deprot.bat -jobname SM10_micro013_conf_4 SM10_micro013_conf_4.in
(10) jaguar run pka_deprot.bat -jobname SM10_micro013_conf_5 SM10_micro013_conf_5.in

Running subjobs on hosts:
  lsf-cpu (Max: 10)
Number of jobs:       10
Max retries per job:  3
Max allowed failures: unlimited
Run with -LOCAL:      False
Verbosity:            normal

Starting JobDJ...

Keep one job on driver host: True
JobDJ columns:
  C: Number of completed subjobs
  A: Number of active subjobs (e.g., submitted, running)
  W: Number of waiting/pending subjobs

 C  A  W | Activity  JobId  JobName  JobHost
-- -- -- | --------- -----------------------
 0  1  9 | launched  ls14-0-5aec8fd4 SM10_micro031_conf_1 localhost [ls14]
 0  2  8 | launched  ls14-0-5aec8fd8 SM10_micro031_conf_2 lsf-cpu
 0  3  7 | launched  ls14-0-5aec8fdc SM10_micro031_conf_3 lsf-cpu
 0  4  6 | launched  ls14-0-5aec8fdf SM10_micro031_conf_4 lsf-cpu
 0  5  5 | launched  ls14-0-5aec8fe4 SM10_micro031_conf_5 lsf-cpu
 0  6  4 | launched  ls14-0-5aec8fe8 SM10_micro013_conf_1 lsf-cpu
 0  7  3 | launched  ls14-0-5aec8fed SM10_micro013_conf_2 lsf-cpu
 0  8  2 | launched  ls14-0-5aec8ff1 SM10_micro013_conf_3 lsf-cpu
 0  9  1 | launched  ls14-0-5aec8ff4 SM10_micro013_conf_4 lsf-cpu
 0 10  0 | launched  ls14-0-5aec8ff8 SM10_micro013_conf_5 lsf-cpu
 1  9  0 | finished  ls14-0-5aec8fd4 SM10_micro031_conf_1 localhost [ls14]
 2  8  0 | finished  ls14-0-5aec8fed SM10_micro013_conf_2 lsf-cpu [ls04]
 3  7  0 | finished  ls14-0-5aec8ff1 SM10_micro013_conf_3 lsf-cpu [lt17]
 4  6  0 | finished  ls14-0-5aec8fd8 SM10_micro031_conf_2 lsf-cpu [ls10]
 5  5  0 | finished  ls14-0-5aec8ff8 SM10_micro013_conf_5 lsf-cpu [ls18]
 6  4  0 | finished  ls14-0-5aec8fe8 SM10_micro013_conf_1 lsf-cpu [ls18]
 7  3  0 | finished  ls14-0-5aec8ff4 SM10_micro013_conf_4 lsf-cpu [ls04]
 8  2  0 | finished  ls14-0-5aec8fdc SM10_micro031_conf_3 lsf-cpu [lt12]
 9  1  0 | finished  ls14-0-5aec8fe4 SM10_micro031_conf_5 lsf-cpu [lt02]
10  0  0 | finished  ls14-0-5aec8fdf SM10_micro031_conf_4 lsf-cpu [ls16]

All jobs have completed.

10 of 10 job(s) succeeded; 0 job(s) failed.

Timer (distribute subjobs) : 6232.54 secs (1 hrs, 43 mins, 52 secs)

Processing QM output files...

Executing subprocess:
/data/chodera/schrodinger/schrodinger2017-4-advanced/jaguar results -energy SM10_micro031_conf_1.nrg_h.out

Executing subprocess:
/data/chodera/schrodinger/schrodinger2017-4-advanced/jaguar results -esolv SM10_micro031_conf_1.sol_h.out

Executing subprocess:
/data/chodera/schrodinger/schrodinger2017-4-advanced/jaguar results -energy SM10_micro031_conf_2.nrg_h.out

Executing subprocess:
/data/chodera/schrodinger/schrodinger2017-4-advanced/jaguar results -esolv SM10_micro031_conf_2.sol_h.out

Executing subprocess:
/data/chodera/schrodinger/schrodinger2017-4-advanced/jaguar results -energy SM10_micro031_conf_3.nrg_h.out

Executing subprocess:
/data/chodera/schrodinger/schrodinger2017-4-advanced/jaguar results -esolv SM10_micro031_conf_3.sol_h.out

Executing subprocess:
/data/chodera/schrodinger/schrodinger2017-4-advanced/jaguar results -energy SM10_micro031_conf_4.nrg_h.out

Executing subprocess:
/data/chodera/schrodinger/schrodinger2017-4-advanced/jaguar results -esolv SM10_micro031_conf_4.sol_h.out

Executing subprocess:
/data/chodera/schrodinger/schrodinger2017-4-advanced/jaguar results -energy SM10_micro031_conf_5.nrg_h.out

Executing subprocess:
/data/chodera/schrodinger/schrodinger2017-4-advanced/jaguar results -esolv SM10_micro031_conf_5.sol_h.out

Executing subprocess:
/data/chodera/schrodinger/schrodinger2017-4-advanced/jaguar results -energy SM10_micro013_conf_1.nrg.out

Executing subprocess:
/data/chodera/schrodinger/schrodinger2017-4-advanced/jaguar results -esolv SM10_micro013_conf_1.sol.out

Executing subprocess:
/data/chodera/schrodinger/schrodinger2017-4-advanced/jaguar results -energy SM10_micro013_conf_2.nrg.out

Executing subprocess:
/data/chodera/schrodinger/schrodinger2017-4-advanced/jaguar results -esolv SM10_micro013_conf_2.sol.out

Executing subprocess:
/data/chodera/schrodinger/schrodinger2017-4-advanced/jaguar results -energy SM10_micro013_conf_3.nrg.out

Executing subprocess:
/data/chodera/schrodinger/schrodinger2017-4-advanced/jaguar results -esolv SM10_micro013_conf_3.sol.out

Executing subprocess:
/data/chodera/schrodinger/schrodinger2017-4-advanced/jaguar results -energy SM10_micro013_conf_4.nrg.out

Executing subprocess:
/data/chodera/schrodinger/schrodinger2017-4-advanced/jaguar results -esolv SM10_micro013_conf_4.sol.out

Executing subprocess:
/data/chodera/schrodinger/schrodinger2017-4-advanced/jaguar results -energy SM10_micro013_conf_5.nrg.out

Executing subprocess:
/data/chodera/schrodinger/schrodinger2017-4-advanced/jaguar results -esolv SM10_micro013_conf_5.sol.out

Executing subprocess:
/data/chodera/schrodinger/schrodinger2017-4-advanced/jaguar-v9.8/bin/Linux-x86_64/pka -o SM10_micro031_deprot-out.mae -j SM10_micro031.jres -n -d

Executing subprocess:
/data/chodera/schrodinger/schrodinger2017-4-advanced/jaguar-v9.8/bin/Linux-x86_64/pka -o SM10_micro031_prot-out.mae -j SM10_micro031.jres -n

pKa calculation for SM10_micro031 completed.

pKa workflow jag_SM10_micro031_SM10_micro013 completed.

Timer (Jaguar pKa) : 9640.98 secs (2 hrs, 40 mins, 40 secs)
Timer (jaguar_backend.py) : 9640.98 secs (2 hrs, 40 mins, 40 secs)
Finished:   Fri May  4 14:38:30 2018
