Command:    jaguar run pka.py -jobname jag_SM21_micro002_SM21_micro020 -PARALLEL 10 -WAIT -n -csrch -prot SM21_micro002.in -deprot SM21_micro020.in
Release:    2017-4
Exec:       /data/chodera/schrodinger/schrodinger2017-4-advanced/jaguar-v9.8/bin/Linux-x86_64
Host:       lt18
JobId:      lt18-2-5af456f0
JobDir:     /lila/data/chodera/schrodinger/tmpdir/rustenburg/jag_SM21_micro002_SM21_micro020
Date:       Thu May 10 10:28:02 2018

Contents of /lila/data/chodera/schrodinger/tmpdir/rustenburg/jag_SM21_micro002_SM21_micro020:
/lila/data/chodera/schrodinger/tmpdir/rustenburg/jag_SM21_micro002_SM21_micro020/SM21_micro020.mae
/lila/data/chodera/schrodinger/tmpdir/rustenburg/jag_SM21_micro002_SM21_micro020/lt18-2-5af456f0.mpinodes
/lila/data/chodera/schrodinger/tmpdir/rustenburg/jag_SM21_micro002_SM21_micro020/SM21_micro002.mae
/lila/data/chodera/schrodinger/tmpdir/rustenburg/jag_SM21_micro002_SM21_micro020/SM21_micro020.in
/lila/data/chodera/schrodinger/tmpdir/rustenburg/jag_SM21_micro002_SM21_micro020/SM21_micro002.in
/lila/data/chodera/schrodinger/tmpdir/rustenburg/jag_SM21_micro002_SM21_micro020/lt18-2-5af456f0
/lila/data/chodera/schrodinger/tmpdir/rustenburg/jag_SM21_micro002_SM21_micro020/jag_SM21_micro002_SM21_micro020.recover
/lila/data/chodera/schrodinger/tmpdir/rustenburg/jag_SM21_micro002_SM21_micro020/jag_SM21_micro002_SM21_micro020.log
/lila/data/chodera/schrodinger/tmpdir/rustenburg/jag_SM21_micro002_SM21_micro020/lt18-2-5af456f0.recover

=====================
 Jaguar pKa workflow
=====================

Analysing user-provided (prot, deprot) pair:
(SM21_micro002.in, SM21_micro020.in)
Found labile hydrogen 33 in SM21_micro002.in
Found labile hydrogen at atom 16 in SM21_micro020.in
Adding 'ipkat' keyword to input files.

Identifying pKa functional group for pair:
(SM21_micro002, SM21_micro020)

Executing subprocess:
/data/chodera/schrodinger/schrodinger2017-4-advanced/jaguar-v9.8/bin/Linux-x86_64/pka -i -j SM21_micro002.tmp.jres -n

Taking protonated structures from:
SM21_micro002.mae
Taking deprotonated structures from:
SM21_micro020.mae

This molecule from 'SM21_micro002.mae' in water was recognized as:

 # 	                  Shell                   
---	------------------------------------------
1: 	secondary aniline                         
2: 	Protonation of sp3-like aliphatic nitrogen
3: 	Protonation of generic atom               


Executing conformational search...

Executing 2 distributed subjobs:
---------------------------------

No more than 8 cpu(s) will be used per subjob.
No more than 10 cpu(s) will be used simultaneously.

Processing the following subjobs:
(1) jaguar run csrch.py SM21_micro002.mae -jobname SM21_micro002 -max_conf 5 -erg_window 50.208 -acc_level 1 -TPP 5
(2) jaguar run csrch.py SM21_micro020.mae -jobname SM21_micro020 -max_conf 5 -erg_window 50.208 -acc_level 1 -TPP 5

Running subjobs on hosts:
  localhost (Max: 2)
Number of jobs:       2
Max retries per job:  3
Max allowed failures: unlimited
Run with -LOCAL:      False
Verbosity:            normal

Starting JobDJ...

Keep one job on driver host: False
JobDJ columns:
  C: Number of completed subjobs
  A: Number of active subjobs (e.g., submitted, running)
  W: Number of waiting/pending subjobs

C A W | Activity  JobId  JobName  JobHost
- - - | --------- -----------------------
0 1 1 | launched  lt18-3-5af456f6 SM21_micro002 localhost [lt18]
0 2 0 | launched  lt18-2-5af456fa SM21_micro020 localhost [lt18]
1 1 0 | finished  lt18-2-5af456fa SM21_micro020 localhost [lt18]
2 0 0 | finished  lt18-3-5af456f6 SM21_micro002 localhost [lt18]

All jobs have completed.

2 of 2 job(s) succeeded; 0 job(s) failed.

Timer (distribute subjobs) : 492.53 secs (0 hrs, 08 mins, 12 secs)

Setting up QM workflow for (protonated, deprotonated) pair:
(1) (SM21_micro002, SM21_micro020)

Executing Jaguar quantum-mechanical subjobs...

Executing 10 distributed subjobs:
----------------------------------

No more than 8 cpu(s) will be used per subjob.
No more than 10 cpu(s) will be used simultaneously.

Processing the following subjobs:
(1) jaguar run pka_prot.bat -jobname SM21_micro002_conf_1 SM21_micro002_conf_1.in
(2) jaguar run pka_prot.bat -jobname SM21_micro002_conf_2 SM21_micro002_conf_2.in
(3) jaguar run pka_prot.bat -jobname SM21_micro002_conf_3 SM21_micro002_conf_3.in
(4) jaguar run pka_prot.bat -jobname SM21_micro002_conf_4 SM21_micro002_conf_4.in
(5) jaguar run pka_prot.bat -jobname SM21_micro002_conf_5 SM21_micro002_conf_5.in
(6) jaguar run pka_deprot.bat -jobname SM21_micro020_conf_1 SM21_micro020_conf_1.in
(7) jaguar run pka_deprot.bat -jobname SM21_micro020_conf_2 SM21_micro020_conf_2.in
(8) jaguar run pka_deprot.bat -jobname SM21_micro020_conf_3 SM21_micro020_conf_3.in
(9) jaguar run pka_deprot.bat -jobname SM21_micro020_conf_4 SM21_micro020_conf_4.in
(10) jaguar run pka_deprot.bat -jobname SM21_micro020_conf_5 SM21_micro020_conf_5.in

Running subjobs on hosts:
  localhost (Max: 10)
Number of jobs:       10
Max retries per job:  3
Max allowed failures: unlimited
Run with -LOCAL:      False
Verbosity:            normal

Starting JobDJ...

Keep one job on driver host: False
JobDJ columns:
  C: Number of completed subjobs
  A: Number of active subjobs (e.g., submitted, running)
  W: Number of waiting/pending subjobs

 C  A  W | Activity  JobId  JobName  JobHost
-- -- -- | --------- -----------------------
 0  1  9 | launched  lt18-0-5af458e8 SM21_micro002_conf_1 localhost [lt18]
 0  2  8 | launched  lt18-0-5af458eb SM21_micro002_conf_2 localhost [lt18]
 0  3  7 | launched  lt18-0-5af458ed SM21_micro002_conf_3 localhost [lt18]
 0  4  6 | launched  lt18-1-5af458ef SM21_micro002_conf_4 localhost [lt18]
 0  5  5 | launched  lt18-1-5af458f1 SM21_micro002_conf_5 localhost [lt18]
 0  6  4 | launched  lt18-1-5af458f3 SM21_micro020_conf_1 localhost [lt18]
 0  7  3 | launched  lt18-1-5af458f5 SM21_micro020_conf_2 localhost [lt18]
 0  8  2 | launched  lt18-0-5af458f8 SM21_micro020_conf_3 localhost [lt18]
 0  9  1 | launched  lt18-0-5af458fa SM21_micro020_conf_4 localhost [lt18]
 0 10  0 | launched  lt18-0-5af458fd SM21_micro020_conf_5 localhost [lt18]
 1  9  0 | finished  lt18-1-5af458f3 SM21_micro020_conf_1 localhost [lt18]
 2  8  0 | finished  lt18-0-5af458f8 SM21_micro020_conf_3 localhost [lt18]
 3  7  0 | finished  lt18-1-5af458f1 SM21_micro002_conf_5 localhost [lt18]
 4  6  0 | finished  lt18-0-5af458e8 SM21_micro002_conf_1 localhost [lt18]
 5  5  0 | finished  lt18-0-5af458fd SM21_micro020_conf_5 localhost [lt18]
 6  4  0 | finished  lt18-1-5af458f5 SM21_micro020_conf_2 localhost [lt18]
 7  3  0 | finished  lt18-0-5af458ed SM21_micro002_conf_3 localhost [lt18]
 8  2  0 | finished  lt18-0-5af458eb SM21_micro002_conf_2 localhost [lt18]
 9  1  0 | finished  lt18-1-5af458ef SM21_micro002_conf_4 localhost [lt18]
10  0  0 | finished  lt18-0-5af458fa SM21_micro020_conf_4 localhost [lt18]

All jobs have completed.

10 of 10 job(s) succeeded; 0 job(s) failed.

Timer (distribute subjobs) : 7458.08 secs (2 hrs, 04 mins, 18 secs)

Processing QM output files...

Executing subprocess:
/data/chodera/schrodinger/schrodinger2017-4-advanced/jaguar results -energy SM21_micro002_conf_1.nrg_h.out

Executing subprocess:
/data/chodera/schrodinger/schrodinger2017-4-advanced/jaguar results -esolv SM21_micro002_conf_1.sol_h.out

Executing subprocess:
/data/chodera/schrodinger/schrodinger2017-4-advanced/jaguar results -energy SM21_micro002_conf_2.nrg_h.out

Executing subprocess:
/data/chodera/schrodinger/schrodinger2017-4-advanced/jaguar results -esolv SM21_micro002_conf_2.sol_h.out

Executing subprocess:
/data/chodera/schrodinger/schrodinger2017-4-advanced/jaguar results -energy SM21_micro002_conf_3.nrg_h.out

Executing subprocess:
/data/chodera/schrodinger/schrodinger2017-4-advanced/jaguar results -esolv SM21_micro002_conf_3.sol_h.out

Executing subprocess:
/data/chodera/schrodinger/schrodinger2017-4-advanced/jaguar results -energy SM21_micro002_conf_4.nrg_h.out

Executing subprocess:
/data/chodera/schrodinger/schrodinger2017-4-advanced/jaguar results -esolv SM21_micro002_conf_4.sol_h.out

Executing subprocess:
/data/chodera/schrodinger/schrodinger2017-4-advanced/jaguar results -energy SM21_micro002_conf_5.nrg_h.out

Executing subprocess:
/data/chodera/schrodinger/schrodinger2017-4-advanced/jaguar results -esolv SM21_micro002_conf_5.sol_h.out

Executing subprocess:
/data/chodera/schrodinger/schrodinger2017-4-advanced/jaguar results -energy SM21_micro020_conf_1.nrg.out

Executing subprocess:
/data/chodera/schrodinger/schrodinger2017-4-advanced/jaguar results -esolv SM21_micro020_conf_1.sol.out

Executing subprocess:
/data/chodera/schrodinger/schrodinger2017-4-advanced/jaguar results -energy SM21_micro020_conf_2.nrg.out

Executing subprocess:
/data/chodera/schrodinger/schrodinger2017-4-advanced/jaguar results -esolv SM21_micro020_conf_2.sol.out

Executing subprocess:
/data/chodera/schrodinger/schrodinger2017-4-advanced/jaguar results -energy SM21_micro020_conf_3.nrg.out

Executing subprocess:
/data/chodera/schrodinger/schrodinger2017-4-advanced/jaguar results -esolv SM21_micro020_conf_3.sol.out

Executing subprocess:
/data/chodera/schrodinger/schrodinger2017-4-advanced/jaguar results -energy SM21_micro020_conf_4.nrg.out

Executing subprocess:
/data/chodera/schrodinger/schrodinger2017-4-advanced/jaguar results -esolv SM21_micro020_conf_4.sol.out

Executing subprocess:
/data/chodera/schrodinger/schrodinger2017-4-advanced/jaguar results -energy SM21_micro020_conf_5.nrg.out

Executing subprocess:
/data/chodera/schrodinger/schrodinger2017-4-advanced/jaguar results -esolv SM21_micro020_conf_5.sol.out

Executing subprocess:
/data/chodera/schrodinger/schrodinger2017-4-advanced/jaguar-v9.8/bin/Linux-x86_64/pka -o SM21_micro002_deprot-out.mae -j SM21_micro002.jres -n -d

Executing subprocess:
/data/chodera/schrodinger/schrodinger2017-4-advanced/jaguar-v9.8/bin/Linux-x86_64/pka -o SM21_micro002_prot-out.mae -j SM21_micro002.jres -n

pKa calculation for SM21_micro002 completed.

pKa workflow jag_SM21_micro002_SM21_micro020 completed.

Timer (Jaguar pKa) : 8034.38 secs (2 hrs, 13 mins, 54 secs)
Timer (jaguar_backend.py) : 8034.38 secs (2 hrs, 13 mins, 54 secs)
Finished:   Thu May 10 12:41:57 2018
