Command:    jaguar run pka.py -jobname jag_SM18_micro016_SM18_micro070 -PARALLEL 10 -n -csrch -prot SM18_micro016.in -deprot SM18_micro070.in
Release:    2017-4
Exec:       /data/chodera/schrodinger/schrodinger2017-4-advanced/jaguar-v9.8/bin/Linux-x86_64
Host:       lt11
JobId:      lilac-0-5aecaec3
JobDir:     /lila/data/chodera/schrodinger/tmpdir/rustenburg/jag_SM18_micro016_SM18_micro070
Date:       Fri May  4 15:16:21 2018

Contents of /lila/data/chodera/schrodinger/tmpdir/rustenburg/jag_SM18_micro016_SM18_micro070:
/lila/data/chodera/schrodinger/tmpdir/rustenburg/jag_SM18_micro016_SM18_micro070/lilac-0-5aecaec3
/lila/data/chodera/schrodinger/tmpdir/rustenburg/jag_SM18_micro016_SM18_micro070/SM18_micro070.in
/lila/data/chodera/schrodinger/tmpdir/rustenburg/jag_SM18_micro016_SM18_micro070/lilac-0-5aecaec3.jlog
/lila/data/chodera/schrodinger/tmpdir/rustenburg/jag_SM18_micro016_SM18_micro070/lilac-0-5aecaec3.mpinodes
/lila/data/chodera/schrodinger/tmpdir/rustenburg/jag_SM18_micro016_SM18_micro070/lilac-0-5aecaec3.hosts
/lila/data/chodera/schrodinger/tmpdir/rustenburg/jag_SM18_micro016_SM18_micro070/lilac-0-5aecaec3.recover
/lila/data/chodera/schrodinger/tmpdir/rustenburg/jag_SM18_micro016_SM18_micro070/lilac-0-5aecaec3.nodes
/lila/data/chodera/schrodinger/tmpdir/rustenburg/jag_SM18_micro016_SM18_micro070/SM18_micro016.mae
/lila/data/chodera/schrodinger/tmpdir/rustenburg/jag_SM18_micro016_SM18_micro070/SM18_micro016.in
/lila/data/chodera/schrodinger/tmpdir/rustenburg/jag_SM18_micro016_SM18_micro070/jag_SM18_micro016_SM18_micro070.log
/lila/data/chodera/schrodinger/tmpdir/rustenburg/jag_SM18_micro016_SM18_micro070/SM18_micro070.mae
/lila/data/chodera/schrodinger/tmpdir/rustenburg/jag_SM18_micro016_SM18_micro070/jag_SM18_micro016_SM18_micro070.recover

=====================
 Jaguar pKa workflow
=====================

Analysing user-provided (prot, deprot) pair:
(SM18_micro016.in, SM18_micro070.in)
Found labile hydrogen 38 in SM18_micro016.in
Found labile hydrogen at atom 13 in SM18_micro070.in
Adding 'ipkat' keyword to input files.

Identifying pKa functional group for pair:
(SM18_micro016, SM18_micro070)

Executing subprocess:
/data/chodera/schrodinger/schrodinger2017-4-advanced/jaguar-v9.8/bin/Linux-x86_64/pka -i -j SM18_micro016.tmp.jres -n

Taking protonated structures from:
SM18_micro016.mae
Taking deprotonated structures from:
SM18_micro070.mae

This molecule from 'SM18_micro016.mae' in water was recognized as:

 # 	                 Shell                  
---	----------------------------------------
1: 	mono keto CH acid                       
2: 	Protonation of generic atom             
3: 	aliphatic CH acid in water              
4: 	Protonation of sp2-like aliphatic carbon


Executing conformational search...

Executing 2 distributed subjobs:
---------------------------------

No more than 8 cpu(s) will be used per subjob.
No more than 10 cpu(s) will be used simultaneously.

Processing the following subjobs:
(1) jaguar run csrch.py SM18_micro016.mae -jobname SM18_micro016 -max_conf 5 -erg_window 50.208 -acc_level 1 -TPP 5
(2) jaguar run csrch.py SM18_micro070.mae -jobname SM18_micro070 -max_conf 5 -erg_window 50.208 -acc_level 1 -TPP 5

Running subjobs on hosts:
  lsf-cpu (Max: 2)
Number of jobs:       2
Max retries per job:  3
Max allowed failures: unlimited
Run with -LOCAL:      False
Verbosity:            normal

Starting JobDJ...

Keep one job on driver host: False
JobDJ columns:
  C: Number of completed subjobs
  A: Number of active subjobs (e.g., submitted, running)
  W: Number of waiting/pending subjobs

C A W | Activity  JobId  JobName  JobHost
- - - | --------- -----------------------
0 1 1 | launched  lt11-0-5aecb18a SM18_micro016 lsf-cpu
0 2 0 | launched  lt11-0-5aecb18d SM18_micro070 lsf-cpu
1 1 0 | finished  lt11-0-5aecb18d SM18_micro070 lsf-cpu [ls10]
2 0 0 | finished  lt11-0-5aecb18a SM18_micro016 lsf-cpu [ls14]

All jobs have completed.

2 of 2 job(s) succeeded; 0 job(s) failed.

Timer (distribute subjobs) : 4140.64 secs (1 hrs, 09 mins, 00 secs)

Setting up QM workflow for (protonated, deprotonated) pair:
(1) (SM18_micro016, SM18_micro070)

Executing Jaguar quantum-mechanical subjobs...

Executing 10 distributed subjobs:
----------------------------------

No more than 8 cpu(s) will be used per subjob.
No more than 10 cpu(s) will be used simultaneously.

Processing the following subjobs:
(1) jaguar run pka_prot.bat -jobname SM18_micro016_conf_1 SM18_micro016_conf_1.in
(2) jaguar run pka_prot.bat -jobname SM18_micro016_conf_2 SM18_micro016_conf_2.in
(3) jaguar run pka_prot.bat -jobname SM18_micro016_conf_3 SM18_micro016_conf_3.in
(4) jaguar run pka_prot.bat -jobname SM18_micro016_conf_4 SM18_micro016_conf_4.in
(5) jaguar run pka_prot.bat -jobname SM18_micro016_conf_5 SM18_micro016_conf_5.in
(6) jaguar run pka_deprot.bat -jobname SM18_micro070_conf_1 SM18_micro070_conf_1.in
(7) jaguar run pka_deprot.bat -jobname SM18_micro070_conf_2 SM18_micro070_conf_2.in
(8) jaguar run pka_deprot.bat -jobname SM18_micro070_conf_3 SM18_micro070_conf_3.in
(9) jaguar run pka_deprot.bat -jobname SM18_micro070_conf_4 SM18_micro070_conf_4.in
(10) jaguar run pka_deprot.bat -jobname SM18_micro070_conf_5 SM18_micro070_conf_5.in

Running subjobs on hosts:
  lsf-cpu (Max: 10)
Number of jobs:       10
Max retries per job:  3
Max allowed failures: unlimited
Run with -LOCAL:      False
Verbosity:            normal

Starting JobDJ...

Keep one job on driver host: True
JobDJ columns:
  C: Number of completed subjobs
  A: Number of active subjobs (e.g., submitted, running)
  W: Number of waiting/pending subjobs

 C  A  W | Activity  JobId  JobName  JobHost
-- -- -- | --------- -----------------------
 0  1  9 | launched  lt11-0-5aecc1bd SM18_micro016_conf_1 localhost [lt11]
 0  2  8 | launched  lt11-0-5aecc1c2 SM18_micro016_conf_2 lsf-cpu
 0  3  7 | launched  lt11-0-5aecc1c8 SM18_micro016_conf_3 lsf-cpu
 0  4  6 | launched  lt11-0-5aecc1cb SM18_micro016_conf_4 lsf-cpu
 0  5  5 | launched  lt11-0-5aecc1d0 SM18_micro016_conf_5 lsf-cpu
 0  6  4 | launched  lt11-0-5aecc1d6 SM18_micro070_conf_1 lsf-cpu
 0  7  3 | launched  lt11-0-5aecc1db SM18_micro070_conf_2 lsf-cpu
 0  8  2 | launched  lt11-0-5aecc1e0 SM18_micro070_conf_3 lsf-cpu
 0  9  1 | launched  lt11-0-5aecc1e5 SM18_micro070_conf_4 lsf-cpu
 0 10  0 | launched  lt11-0-5aecc1ea SM18_micro070_conf_5 lsf-cpu
 1  9  0 | finished  lt11-0-5aecc1e0 SM18_micro070_conf_3 lsf-cpu [lt21]
 2  8  0 | finished  lt11-0-5aecc1e5 SM18_micro070_conf_4 lsf-cpu [lt21]
 3  7  0 | finished  lt11-0-5aecc1d6 SM18_micro070_conf_1 lsf-cpu [lt20]
 4  6  0 | finished  lt11-0-5aecc1db SM18_micro070_conf_2 lsf-cpu [lt21]
 5  5  0 | finished  lt11-0-5aecc1ea SM18_micro070_conf_5 lsf-cpu [lt16]
 6  4  0 | finished  lt11-0-5aecc1d0 SM18_micro016_conf_5 lsf-cpu [lt20]
 7  3  0 | finished  lt11-0-5aecc1c8 SM18_micro016_conf_3 lsf-cpu [lt08]
 8  2  0 | finished  lt11-0-5aecc1cb SM18_micro016_conf_4 lsf-cpu [lt20]
 9  1  0 | finished  lt11-0-5aecc1c2 SM18_micro016_conf_2 lsf-cpu [lt08]
10  0  0 | finished  lt11-0-5aecc1bd SM18_micro016_conf_1 localhost [lt11]

All jobs have completed.

10 of 10 job(s) succeeded; 0 job(s) failed.

Timer (distribute subjobs) : 11271.02 secs (3 hrs, 07 mins, 51 secs)

Processing QM output files...

Executing subprocess:
/data/chodera/schrodinger/schrodinger2017-4-advanced/jaguar results -energy SM18_micro016_conf_1.nrg_h.out

Executing subprocess:
/data/chodera/schrodinger/schrodinger2017-4-advanced/jaguar results -esolv SM18_micro016_conf_1.sol_h.out

Executing subprocess:
/data/chodera/schrodinger/schrodinger2017-4-advanced/jaguar results -energy SM18_micro016_conf_2.nrg_h.out

Executing subprocess:
/data/chodera/schrodinger/schrodinger2017-4-advanced/jaguar results -esolv SM18_micro016_conf_2.sol_h.out

Executing subprocess:
/data/chodera/schrodinger/schrodinger2017-4-advanced/jaguar results -energy SM18_micro016_conf_3.nrg_h.out

Executing subprocess:
/data/chodera/schrodinger/schrodinger2017-4-advanced/jaguar results -esolv SM18_micro016_conf_3.sol_h.out

Executing subprocess:
/data/chodera/schrodinger/schrodinger2017-4-advanced/jaguar results -energy SM18_micro016_conf_4.nrg_h.out

Executing subprocess:
/data/chodera/schrodinger/schrodinger2017-4-advanced/jaguar results -esolv SM18_micro016_conf_4.sol_h.out

Executing subprocess:
/data/chodera/schrodinger/schrodinger2017-4-advanced/jaguar results -energy SM18_micro016_conf_5.nrg_h.out

Executing subprocess:
/data/chodera/schrodinger/schrodinger2017-4-advanced/jaguar results -esolv SM18_micro016_conf_5.sol_h.out

Executing subprocess:
/data/chodera/schrodinger/schrodinger2017-4-advanced/jaguar results -energy SM18_micro070_conf_1.nrg.out

Executing subprocess:
/data/chodera/schrodinger/schrodinger2017-4-advanced/jaguar results -esolv SM18_micro070_conf_1.sol.out

Executing subprocess:
/data/chodera/schrodinger/schrodinger2017-4-advanced/jaguar results -energy SM18_micro070_conf_2.nrg.out

Executing subprocess:
/data/chodera/schrodinger/schrodinger2017-4-advanced/jaguar results -esolv SM18_micro070_conf_2.sol.out

Executing subprocess:
/data/chodera/schrodinger/schrodinger2017-4-advanced/jaguar results -energy SM18_micro070_conf_3.nrg.out

Executing subprocess:
/data/chodera/schrodinger/schrodinger2017-4-advanced/jaguar results -esolv SM18_micro070_conf_3.sol.out

Executing subprocess:
/data/chodera/schrodinger/schrodinger2017-4-advanced/jaguar results -energy SM18_micro070_conf_4.nrg.out

Executing subprocess:
/data/chodera/schrodinger/schrodinger2017-4-advanced/jaguar results -esolv SM18_micro070_conf_4.sol.out

Executing subprocess:
/data/chodera/schrodinger/schrodinger2017-4-advanced/jaguar results -energy SM18_micro070_conf_5.nrg.out

Executing subprocess:
/data/chodera/schrodinger/schrodinger2017-4-advanced/jaguar results -esolv SM18_micro070_conf_5.sol.out

Executing subprocess:
/data/chodera/schrodinger/schrodinger2017-4-advanced/jaguar-v9.8/bin/Linux-x86_64/pka -o SM18_micro016_deprot-out.mae -j SM18_micro016.jres -n -d

Executing subprocess:
/data/chodera/schrodinger/schrodinger2017-4-advanced/jaguar-v9.8/bin/Linux-x86_64/pka -o SM18_micro016_prot-out.mae -j SM18_micro016.jres -n

pKa calculation for SM18_micro016 completed.

pKa workflow jag_SM18_micro016_SM18_micro070 completed.

Timer (Jaguar pKa) : 15526.59 secs (4 hrs, 18 mins, 46 secs)
Timer (jaguar_backend.py) : 15526.59 secs (4 hrs, 18 mins, 46 secs)
Finished:   Fri May  4 19:35:07 2018
