Command:    jaguar run pka.py -jobname jag_SM09_micro011_SM09_micro009 -PARALLEL 10 -n -csrch -prot SM09_micro011.in -deprot SM09_micro009.in
Release:    2017-4
Exec:       /data/chodera/schrodinger/schrodinger2017-4-advanced/jaguar-v9.8/bin/Linux-x86_64
Host:       lt17
JobId:      lilac-0-5aec7fd0
JobDir:     /lila/data/chodera/schrodinger/tmpdir/rustenburg/jag_SM09_micro011_SM09_micro009
Date:       Fri May  4 11:47:07 2018

Contents of /lila/data/chodera/schrodinger/tmpdir/rustenburg/jag_SM09_micro011_SM09_micro009:
/lila/data/chodera/schrodinger/tmpdir/rustenburg/jag_SM09_micro011_SM09_micro009/lilac-0-5aec7fd0.hosts
/lila/data/chodera/schrodinger/tmpdir/rustenburg/jag_SM09_micro011_SM09_micro009/lilac-0-5aec7fd0.nodes
/lila/data/chodera/schrodinger/tmpdir/rustenburg/jag_SM09_micro011_SM09_micro009/SM09_micro009.in
/lila/data/chodera/schrodinger/tmpdir/rustenburg/jag_SM09_micro011_SM09_micro009/lilac-0-5aec7fd0.mpinodes
/lila/data/chodera/schrodinger/tmpdir/rustenburg/jag_SM09_micro011_SM09_micro009/jag_SM09_micro011_SM09_micro009.log
/lila/data/chodera/schrodinger/tmpdir/rustenburg/jag_SM09_micro011_SM09_micro009/SM09_micro009.mae
/lila/data/chodera/schrodinger/tmpdir/rustenburg/jag_SM09_micro011_SM09_micro009/lilac-0-5aec7fd0.recover
/lila/data/chodera/schrodinger/tmpdir/rustenburg/jag_SM09_micro011_SM09_micro009/jag_SM09_micro011_SM09_micro009.recover
/lila/data/chodera/schrodinger/tmpdir/rustenburg/jag_SM09_micro011_SM09_micro009/SM09_micro011.in
/lila/data/chodera/schrodinger/tmpdir/rustenburg/jag_SM09_micro011_SM09_micro009/lilac-0-5aec7fd0.jlog
/lila/data/chodera/schrodinger/tmpdir/rustenburg/jag_SM09_micro011_SM09_micro009/lilac-0-5aec7fd0
/lila/data/chodera/schrodinger/tmpdir/rustenburg/jag_SM09_micro011_SM09_micro009/SM09_micro011.mae

=====================
 Jaguar pKa workflow
=====================

Analysing user-provided (prot, deprot) pair:
(SM09_micro011.in, SM09_micro009.in)
Found labile hydrogen 20 in SM09_micro011.in
Found labile hydrogen at atom 11 in SM09_micro009.in
Adding 'ipkat' keyword to input files.

Identifying pKa functional group for pair:
(SM09_micro011, SM09_micro009)

Executing subprocess:
/data/chodera/schrodinger/schrodinger2017-4-advanced/jaguar-v9.8/bin/Linux-x86_64/pka -i -j SM09_micro011.tmp.jres -n

Taking protonated structures from:
SM09_micro011.mae
Taking deprotonated structures from:
SM09_micro009.mae

This molecule from 'SM09_micro011.mae' in water was recognized as:

 # 	           Shell           
---	---------------------------
1: 	Protonation of generic atom


Executing conformational search...

Executing 2 distributed subjobs:
---------------------------------

No more than 8 cpu(s) will be used per subjob.
No more than 10 cpu(s) will be used simultaneously.

Processing the following subjobs:
(1) jaguar run csrch.py SM09_micro011.mae -jobname SM09_micro011 -max_conf 5 -erg_window 50.208 -acc_level 1 -TPP 5
(2) jaguar run csrch.py SM09_micro009.mae -jobname SM09_micro009 -max_conf 5 -erg_window 50.208 -acc_level 1 -TPP 5

Running subjobs on hosts:
  lsf-cpu (Max: 2)
Number of jobs:       2
Max retries per job:  3
Max allowed failures: unlimited
Run with -LOCAL:      False
Verbosity:            normal

Starting JobDJ...

Keep one job on driver host: False
JobDJ columns:
  C: Number of completed subjobs
  A: Number of active subjobs (e.g., submitted, running)
  W: Number of waiting/pending subjobs

C A W | Activity  JobId  JobName  JobHost
- - - | --------- -----------------------
0 1 1 | launched  lt17-1-5aec8083 SM09_micro011 lsf-cpu
0 2 0 | launched  lt17-4-5aec8089 SM09_micro009 lsf-cpu
1 1 0 | finished  lt17-1-5aec8083 SM09_micro011 lsf-cpu
2 0 0 | finished  lt17-4-5aec8089 SM09_micro009 lsf-cpu [ls01]

All jobs have completed.

2 of 2 job(s) succeeded; 0 job(s) failed.

Timer (distribute subjobs) : 1505.80 secs (0 hrs, 25 mins, 05 secs)

Setting up QM workflow for (protonated, deprotonated) pair:
(1) (SM09_micro011, SM09_micro009)

Executing Jaguar quantum-mechanical subjobs...

Executing 10 distributed subjobs:
----------------------------------

No more than 8 cpu(s) will be used per subjob.
No more than 10 cpu(s) will be used simultaneously.

Processing the following subjobs:
(1) jaguar run pka_prot.bat -jobname SM09_micro011_conf_1 SM09_micro011_conf_1.in
(2) jaguar run pka_prot.bat -jobname SM09_micro011_conf_2 SM09_micro011_conf_2.in
(3) jaguar run pka_prot.bat -jobname SM09_micro011_conf_3 SM09_micro011_conf_3.in
(4) jaguar run pka_prot.bat -jobname SM09_micro011_conf_4 SM09_micro011_conf_4.in
(5) jaguar run pka_prot.bat -jobname SM09_micro011_conf_5 SM09_micro011_conf_5.in
(6) jaguar run pka_deprot.bat -jobname SM09_micro009_conf_1 SM09_micro009_conf_1.in
(7) jaguar run pka_deprot.bat -jobname SM09_micro009_conf_2 SM09_micro009_conf_2.in
(8) jaguar run pka_deprot.bat -jobname SM09_micro009_conf_3 SM09_micro009_conf_3.in
(9) jaguar run pka_deprot.bat -jobname SM09_micro009_conf_4 SM09_micro009_conf_4.in
(10) jaguar run pka_deprot.bat -jobname SM09_micro009_conf_5 SM09_micro009_conf_5.in

Running subjobs on hosts:
  lsf-cpu (Max: 10)
Number of jobs:       10
Max retries per job:  3
Max allowed failures: unlimited
Run with -LOCAL:      False
Verbosity:            normal

Starting JobDJ...

Keep one job on driver host: True
JobDJ columns:
  C: Number of completed subjobs
  A: Number of active subjobs (e.g., submitted, running)
  W: Number of waiting/pending subjobs

 C  A  W | Activity  JobId  JobName  JobHost
-- -- -- | --------- -----------------------
 0  1  9 | launched  lt17-0-5aec8668 SM09_micro011_conf_1 localhost [lt17]
 0  2  8 | launched  lt17-0-5aec866f SM09_micro011_conf_2 lsf-cpu
 0  3  7 | launched  lt17-0-5aec8677 SM09_micro011_conf_3 lsf-cpu
 0  4  6 | launched  lt17-1-5aec867d SM09_micro011_conf_4 lsf-cpu
 0  5  5 | launched  lt17-0-5aec8686 SM09_micro011_conf_5 lsf-cpu
 0  6  4 | launched  lt17-0-5aec869f SM09_micro009_conf_1 lsf-cpu
 0  7  3 | launched  lt17-0-5aec86bf SM09_micro009_conf_2 lsf-cpu
 0  8  2 | launched  lt17-0-5aec86d4 SM09_micro009_conf_3 lsf-cpu
 0  9  1 | launched  lt17-0-5aec86f8 SM09_micro009_conf_4 lsf-cpu
 0 10  0 | launched  lt17-0-5aec8712 SM09_micro009_conf_5 lsf-cpu
 1  9  0 | finished  lt17-0-5aec8668 SM09_micro011_conf_1 localhost [lt17]
 2  8  0 | finished  lt17-0-5aec8686 SM09_micro011_conf_5 lsf-cpu [ls14]
 3  7  0 | finished  lt17-0-5aec8712 SM09_micro009_conf_5 lsf-cpu [ls10]
 4  6  0 | finished  lt17-0-5aec869f SM09_micro009_conf_1 lsf-cpu [ls14]
 5  5  0 | finished  lt17-0-5aec8677 SM09_micro011_conf_3 lsf-cpu [ls14]
 6  4  0 | finished  lt17-0-5aec86f8 SM09_micro009_conf_4 lsf-cpu [ls10]
 7  3  0 | finished  lt17-0-5aec866f SM09_micro011_conf_2 lsf-cpu [ls14]
 8  2  0 | finished  lt17-0-5aec86d4 SM09_micro009_conf_3 lsf-cpu [ls14]
 9  1  0 | finished  lt17-1-5aec867d SM09_micro011_conf_4 lsf-cpu [ls14]
10  0  0 | finished  lt17-0-5aec86bf SM09_micro009_conf_2 lsf-cpu [ls14]

All jobs have completed.

10 of 10 job(s) succeeded; 0 job(s) failed.

Timer (distribute subjobs) : 3632.84 secs (1 hrs, 00 mins, 32 secs)

Processing QM output files...

Executing subprocess:
/data/chodera/schrodinger/schrodinger2017-4-advanced/jaguar results -energy SM09_micro011_conf_1.nrg_h.out

Executing subprocess:
/data/chodera/schrodinger/schrodinger2017-4-advanced/jaguar results -esolv SM09_micro011_conf_1.sol_h.out

Executing subprocess:
/data/chodera/schrodinger/schrodinger2017-4-advanced/jaguar results -energy SM09_micro011_conf_2.nrg_h.out

Executing subprocess:
/data/chodera/schrodinger/schrodinger2017-4-advanced/jaguar results -esolv SM09_micro011_conf_2.sol_h.out

Executing subprocess:
/data/chodera/schrodinger/schrodinger2017-4-advanced/jaguar results -energy SM09_micro011_conf_3.nrg_h.out

Executing subprocess:
/data/chodera/schrodinger/schrodinger2017-4-advanced/jaguar results -esolv SM09_micro011_conf_3.sol_h.out

Executing subprocess:
/data/chodera/schrodinger/schrodinger2017-4-advanced/jaguar results -energy SM09_micro011_conf_4.nrg_h.out

Executing subprocess:
/data/chodera/schrodinger/schrodinger2017-4-advanced/jaguar results -esolv SM09_micro011_conf_4.sol_h.out

Executing subprocess:
/data/chodera/schrodinger/schrodinger2017-4-advanced/jaguar results -energy SM09_micro011_conf_5.nrg_h.out

Executing subprocess:
/data/chodera/schrodinger/schrodinger2017-4-advanced/jaguar results -esolv SM09_micro011_conf_5.sol_h.out

Executing subprocess:
/data/chodera/schrodinger/schrodinger2017-4-advanced/jaguar results -energy SM09_micro009_conf_1.nrg.out

Executing subprocess:
/data/chodera/schrodinger/schrodinger2017-4-advanced/jaguar results -esolv SM09_micro009_conf_1.sol.out

Executing subprocess:
/data/chodera/schrodinger/schrodinger2017-4-advanced/jaguar results -energy SM09_micro009_conf_2.nrg.out

Executing subprocess:
/data/chodera/schrodinger/schrodinger2017-4-advanced/jaguar results -esolv SM09_micro009_conf_2.sol.out

Executing subprocess:
/data/chodera/schrodinger/schrodinger2017-4-advanced/jaguar results -energy SM09_micro009_conf_3.nrg.out

Executing subprocess:
/data/chodera/schrodinger/schrodinger2017-4-advanced/jaguar results -esolv SM09_micro009_conf_3.sol.out

Executing subprocess:
/data/chodera/schrodinger/schrodinger2017-4-advanced/jaguar results -energy SM09_micro009_conf_4.nrg.out

Executing subprocess:
/data/chodera/schrodinger/schrodinger2017-4-advanced/jaguar results -esolv SM09_micro009_conf_4.sol.out

Executing subprocess:
/data/chodera/schrodinger/schrodinger2017-4-advanced/jaguar results -energy SM09_micro009_conf_5.nrg.out

Executing subprocess:
/data/chodera/schrodinger/schrodinger2017-4-advanced/jaguar results -esolv SM09_micro009_conf_5.sol.out

Executing subprocess:
/data/chodera/schrodinger/schrodinger2017-4-advanced/jaguar-v9.8/bin/Linux-x86_64/pka -o SM09_micro011_deprot-out.mae -j SM09_micro011.jres -n -d

Executing subprocess:
/data/chodera/schrodinger/schrodinger2017-4-advanced/jaguar-v9.8/bin/Linux-x86_64/pka -o SM09_micro011_prot-out.mae -j SM09_micro011.jres -n

pKa calculation for SM09_micro011 completed.

pKa workflow jag_SM09_micro011_SM09_micro009 completed.

Timer (Jaguar pKa) : 5206.42 secs (1 hrs, 26 mins, 46 secs)
Timer (jaguar_backend.py) : 5206.43 secs (1 hrs, 26 mins, 46 secs)
Finished:   Fri May  4 13:13:54 2018
