Command:    jaguar run pka.py -jobname jag_SM24_micro013_SM24_micro027 -PARALLEL 10 -WAIT -n -csrch -prot SM24_micro013.in -deprot SM24_micro027.in
Release:    2017-4
Exec:       /data/chodera/schrodinger/schrodinger2017-4-advanced/jaguar-v9.8/bin/Linux-x86_64
Host:       ls17
JobId:      ls17-0-5af47e5e
JobDir:     /lila/data/chodera/schrodinger/tmpdir/rustenburg/jag_SM24_micro013_SM24_micro027.1
Date:       Thu May 10 13:16:16 2018

Contents of /lila/data/chodera/schrodinger/tmpdir/rustenburg/jag_SM24_micro013_SM24_micro027.1:
/lila/data/chodera/schrodinger/tmpdir/rustenburg/jag_SM24_micro013_SM24_micro027.1/SM24_micro013.in
/lila/data/chodera/schrodinger/tmpdir/rustenburg/jag_SM24_micro013_SM24_micro027.1/SM24_micro027.mae
/lila/data/chodera/schrodinger/tmpdir/rustenburg/jag_SM24_micro013_SM24_micro027.1/ls17-0-5af47e5e
/lila/data/chodera/schrodinger/tmpdir/rustenburg/jag_SM24_micro013_SM24_micro027.1/ls17-0-5af47e5e.recover
/lila/data/chodera/schrodinger/tmpdir/rustenburg/jag_SM24_micro013_SM24_micro027.1/SM24_micro027.in
/lila/data/chodera/schrodinger/tmpdir/rustenburg/jag_SM24_micro013_SM24_micro027.1/jag_SM24_micro013_SM24_micro027.log
/lila/data/chodera/schrodinger/tmpdir/rustenburg/jag_SM24_micro013_SM24_micro027.1/ls17-0-5af47e5e.mpinodes
/lila/data/chodera/schrodinger/tmpdir/rustenburg/jag_SM24_micro013_SM24_micro027.1/jag_SM24_micro013_SM24_micro027.recover
/lila/data/chodera/schrodinger/tmpdir/rustenburg/jag_SM24_micro013_SM24_micro027.1/SM24_micro013.mae

=====================
 Jaguar pKa workflow
=====================

Analysing user-provided (prot, deprot) pair:
(SM24_micro013.in, SM24_micro027.in)
Found labile hydrogen 30 in SM24_micro013.in
Found labile hydrogen at atom 24 in SM24_micro027.in
Adding 'ipkat' keyword to input files.

Identifying pKa functional group for pair:
(SM24_micro013, SM24_micro027)

Executing subprocess:
/data/chodera/schrodinger/schrodinger2017-4-advanced/jaguar-v9.8/bin/Linux-x86_64/pka -i -j SM24_micro013.tmp.jres -n

Taking protonated structures from:
SM24_micro013.mae
Taking deprotonated structures from:
SM24_micro027.mae

This molecule from 'SM24_micro013.mae' in water was recognized as:

 # 	           Shell           
---	---------------------------
1: 	pyrimidine                 
2: 	heterocycle custom 1       
3: 	heterocycle                
4: 	Protonation of generic atom


Executing conformational search...

Executing 2 distributed subjobs:
---------------------------------

No more than 8 cpu(s) will be used per subjob.
No more than 10 cpu(s) will be used simultaneously.

Processing the following subjobs:
(1) jaguar run csrch.py SM24_micro013.mae -jobname SM24_micro013 -max_conf 5 -erg_window 50.208 -acc_level 1 -TPP 5
(2) jaguar run csrch.py SM24_micro027.mae -jobname SM24_micro027 -max_conf 5 -erg_window 50.208 -acc_level 1 -TPP 5

Running subjobs on hosts:
  localhost (Max: 2)
Number of jobs:       2
Max retries per job:  3
Max allowed failures: unlimited
Run with -LOCAL:      False
Verbosity:            normal

Starting JobDJ...

Keep one job on driver host: False
JobDJ columns:
  C: Number of completed subjobs
  A: Number of active subjobs (e.g., submitted, running)
  W: Number of waiting/pending subjobs

C A W | Activity  JobId  JobName  JobHost
- - - | --------- -----------------------
0 1 1 | launched  ls17-0-5af47e64 SM24_micro013 localhost [ls17]
0 2 0 | launched  ls17-0-5af47e67 SM24_micro027 localhost [ls17]
1 1 0 | finished  ls17-0-5af47e67 SM24_micro027 localhost [ls17]
2 0 0 | finished  ls17-0-5af47e64 SM24_micro013 localhost [ls17]

All jobs have completed.

2 of 2 job(s) succeeded; 0 job(s) failed.

Timer (distribute subjobs) : 790.45 secs (0 hrs, 13 mins, 10 secs)

Setting up QM workflow for (protonated, deprotonated) pair:
(1) (SM24_micro013, SM24_micro027)

Executing Jaguar quantum-mechanical subjobs...

Executing 10 distributed subjobs:
----------------------------------

No more than 8 cpu(s) will be used per subjob.
No more than 10 cpu(s) will be used simultaneously.

Processing the following subjobs:
(1) jaguar run pka_prot.bat -jobname SM24_micro013_conf_1 SM24_micro013_conf_1.in
(2) jaguar run pka_prot.bat -jobname SM24_micro013_conf_2 SM24_micro013_conf_2.in
(3) jaguar run pka_prot.bat -jobname SM24_micro013_conf_3 SM24_micro013_conf_3.in
(4) jaguar run pka_prot.bat -jobname SM24_micro013_conf_4 SM24_micro013_conf_4.in
(5) jaguar run pka_prot.bat -jobname SM24_micro013_conf_5 SM24_micro013_conf_5.in
(6) jaguar run pka_deprot.bat -jobname SM24_micro027_conf_1 SM24_micro027_conf_1.in
(7) jaguar run pka_deprot.bat -jobname SM24_micro027_conf_2 SM24_micro027_conf_2.in
(8) jaguar run pka_deprot.bat -jobname SM24_micro027_conf_3 SM24_micro027_conf_3.in
(9) jaguar run pka_deprot.bat -jobname SM24_micro027_conf_4 SM24_micro027_conf_4.in
(10) jaguar run pka_deprot.bat -jobname SM24_micro027_conf_5 SM24_micro027_conf_5.in

Running subjobs on hosts:
  localhost (Max: 10)
Number of jobs:       10
Max retries per job:  3
Max allowed failures: unlimited
Run with -LOCAL:      False
Verbosity:            normal

Starting JobDJ...

Keep one job on driver host: False
JobDJ columns:
  C: Number of completed subjobs
  A: Number of active subjobs (e.g., submitted, running)
  W: Number of waiting/pending subjobs

 C  A  W | Activity  JobId  JobName  JobHost
-- -- -- | --------- -----------------------
 0  1  9 | launched  ls17-0-5af4817f SM24_micro013_conf_1 localhost [ls17]
 0  2  8 | launched  ls17-0-5af48181 SM24_micro013_conf_2 localhost [ls17]
 0  3  7 | launched  ls17-0-5af48184 SM24_micro013_conf_3 localhost [ls17]
 0  4  6 | launched  ls17-1-5af48186 SM24_micro013_conf_4 localhost [ls17]
 0  5  5 | launched  ls17-0-5af48189 SM24_micro013_conf_5 localhost [ls17]
 0  6  4 | launched  ls17-0-5af4818b SM24_micro027_conf_1 localhost [ls17]
 0  7  3 | launched  ls17-1-5af4818e SM24_micro027_conf_2 localhost [ls17]
 0  8  2 | launched  ls17-0-5af48191 SM24_micro027_conf_3 localhost [ls17]
 0  9  1 | launched  ls17-0-5af48193 SM24_micro027_conf_4 localhost [ls17]
 0 10  0 | launched  ls17-1-5af48195 SM24_micro027_conf_5 localhost [ls17]
 1  9  0 | finished  ls17-1-5af48186 SM24_micro013_conf_4 localhost [ls17]
 2  8  0 | finished  ls17-0-5af48184 SM24_micro013_conf_3 localhost [ls17]
 3  7  0 | finished  ls17-0-5af48193 SM24_micro027_conf_4 localhost [ls17]
 4  6  0 | finished  ls17-0-5af4817f SM24_micro013_conf_1 localhost [ls17]
 5  5  0 | finished  ls17-0-5af48189 SM24_micro013_conf_5 localhost [ls17]
 6  4  0 | finished  ls17-0-5af48181 SM24_micro013_conf_2 localhost [ls17]
 7  3  0 | finished  ls17-0-5af4818b SM24_micro027_conf_1 localhost [ls17]
 8  2  0 | finished  ls17-1-5af4818e SM24_micro027_conf_2 localhost [ls17]
 9  1  0 | finished  ls17-0-5af48191 SM24_micro027_conf_3 localhost [ls17]
10  0  0 | finished  ls17-1-5af48195 SM24_micro027_conf_5 localhost [ls17]

All jobs have completed.

10 of 10 job(s) succeeded; 0 job(s) failed.

Timer (distribute subjobs) : 14560.11 secs (4 hrs, 02 mins, 40 secs)

Processing QM output files...

Executing subprocess:
/data/chodera/schrodinger/schrodinger2017-4-advanced/jaguar results -energy SM24_micro013_conf_1.nrg_h.out

Executing subprocess:
/data/chodera/schrodinger/schrodinger2017-4-advanced/jaguar results -esolv SM24_micro013_conf_1.sol_h.out

Executing subprocess:
/data/chodera/schrodinger/schrodinger2017-4-advanced/jaguar results -energy SM24_micro013_conf_2.nrg_h.out

Executing subprocess:
/data/chodera/schrodinger/schrodinger2017-4-advanced/jaguar results -esolv SM24_micro013_conf_2.sol_h.out

Executing subprocess:
/data/chodera/schrodinger/schrodinger2017-4-advanced/jaguar results -energy SM24_micro013_conf_3.nrg_h.out

Executing subprocess:
/data/chodera/schrodinger/schrodinger2017-4-advanced/jaguar results -esolv SM24_micro013_conf_3.sol_h.out

Executing subprocess:
/data/chodera/schrodinger/schrodinger2017-4-advanced/jaguar results -energy SM24_micro013_conf_4.nrg_h.out

Executing subprocess:
/data/chodera/schrodinger/schrodinger2017-4-advanced/jaguar results -esolv SM24_micro013_conf_4.sol_h.out

Executing subprocess:
/data/chodera/schrodinger/schrodinger2017-4-advanced/jaguar results -energy SM24_micro013_conf_5.nrg_h.out

Executing subprocess:
/data/chodera/schrodinger/schrodinger2017-4-advanced/jaguar results -esolv SM24_micro013_conf_5.sol_h.out

Executing subprocess:
/data/chodera/schrodinger/schrodinger2017-4-advanced/jaguar results -energy SM24_micro027_conf_1.nrg.out

Executing subprocess:
/data/chodera/schrodinger/schrodinger2017-4-advanced/jaguar results -esolv SM24_micro027_conf_1.sol.out

Executing subprocess:
/data/chodera/schrodinger/schrodinger2017-4-advanced/jaguar results -energy SM24_micro027_conf_2.nrg.out

Executing subprocess:
/data/chodera/schrodinger/schrodinger2017-4-advanced/jaguar results -esolv SM24_micro027_conf_2.sol.out

Executing subprocess:
/data/chodera/schrodinger/schrodinger2017-4-advanced/jaguar results -energy SM24_micro027_conf_3.nrg.out

Executing subprocess:
/data/chodera/schrodinger/schrodinger2017-4-advanced/jaguar results -esolv SM24_micro027_conf_3.sol.out

Executing subprocess:
/data/chodera/schrodinger/schrodinger2017-4-advanced/jaguar results -energy SM24_micro027_conf_4.nrg.out

Executing subprocess:
/data/chodera/schrodinger/schrodinger2017-4-advanced/jaguar results -esolv SM24_micro027_conf_4.sol.out

Executing subprocess:
/data/chodera/schrodinger/schrodinger2017-4-advanced/jaguar results -energy SM24_micro027_conf_5.nrg.out

Executing subprocess:
/data/chodera/schrodinger/schrodinger2017-4-advanced/jaguar results -esolv SM24_micro027_conf_5.sol.out

Executing subprocess:
/data/chodera/schrodinger/schrodinger2017-4-advanced/jaguar-v9.8/bin/Linux-x86_64/pka -o SM24_micro013_deprot-out.mae -j SM24_micro013.jres -n -d

Executing subprocess:
/data/chodera/schrodinger/schrodinger2017-4-advanced/jaguar-v9.8/bin/Linux-x86_64/pka -o SM24_micro013_prot-out.mae -j SM24_micro013.jres -n

pKa calculation for SM24_micro013 completed.

pKa workflow jag_SM24_micro013_SM24_micro027 completed.

Timer (Jaguar pKa) : 15440.78 secs (4 hrs, 17 mins, 20 secs)
Timer (jaguar_backend.py) : 15440.78 secs (4 hrs, 17 mins, 20 secs)
Finished:   Thu May 10 17:33:37 2018
