Taking protonated structures from:
SM20_micro003_conf_1.dft_h.01.mae
SM20_micro003_conf_2.dft_h.01.mae
SM20_micro003_conf_3.dft_h.01.mae
SM20_micro003_conf_4.dft_h.01.mae
SM20_micro003_conf_5.dft_h.01.mae
Taking deprotonated structures from:
SM20_micro004_conf_1.dft.01.mae
SM20_micro004_conf_2.dft.01.mae
SM20_micro004_conf_3.dft.01.mae
SM20_micro004_conf_4.dft.01.mae
SM20_micro004_conf_5.dft.01.mae

Corrected results for 'protonated' structure in water:
pKa atom: 25

 # 	                  Shell                   	 pKa 	RMSD	 Contribution
---	------------------------------------------	-----	-----	--------------
1: 	imide                                     	 7.27	0.710	    81.10%
2: 	Protonation of sp2-like aliphatic nitrogen	 7.42	1.751	    13.04%
3: 	Protonation of generic atom               	 7.65	2.264	     5.86%

 Final weighted pKa value is 7.31



