Command:    jaguar run pka.py -jobname jag_SM01_micro006_SM01_micro004 -PARALLEL 10 -n -csrch -prot SM01_micro006.in -deprot SM01_micro004.in
Release:    2017-4
Exec:       /data/chodera/schrodinger/schrodinger2017-4-advanced/jaguar-v9.8/bin/Linux-x86_64
Host:       lt20
JobId:      lilac-0-5aec663c
JobDir:     /lila/data/chodera/schrodinger/tmpdir/rustenburg/jag_SM01_micro006_SM01_micro004
Date:       Fri May  4 09:55:24 2018

Contents of /lila/data/chodera/schrodinger/tmpdir/rustenburg/jag_SM01_micro006_SM01_micro004:
/lila/data/chodera/schrodinger/tmpdir/rustenburg/jag_SM01_micro006_SM01_micro004/SM01_micro006.mae
/lila/data/chodera/schrodinger/tmpdir/rustenburg/jag_SM01_micro006_SM01_micro004/lilac-0-5aec663c.nodes
/lila/data/chodera/schrodinger/tmpdir/rustenburg/jag_SM01_micro006_SM01_micro004/SM01_micro004.mae
/lila/data/chodera/schrodinger/tmpdir/rustenburg/jag_SM01_micro006_SM01_micro004/SM01_micro004.in
/lila/data/chodera/schrodinger/tmpdir/rustenburg/jag_SM01_micro006_SM01_micro004/lilac-0-5aec663c.jlog
/lila/data/chodera/schrodinger/tmpdir/rustenburg/jag_SM01_micro006_SM01_micro004/lilac-0-5aec663c.recover
/lila/data/chodera/schrodinger/tmpdir/rustenburg/jag_SM01_micro006_SM01_micro004/lilac-0-5aec663c.hosts
/lila/data/chodera/schrodinger/tmpdir/rustenburg/jag_SM01_micro006_SM01_micro004/jag_SM01_micro006_SM01_micro004.log
/lila/data/chodera/schrodinger/tmpdir/rustenburg/jag_SM01_micro006_SM01_micro004/lilac-0-5aec663c.mpinodes
/lila/data/chodera/schrodinger/tmpdir/rustenburg/jag_SM01_micro006_SM01_micro004/lilac-0-5aec663c
/lila/data/chodera/schrodinger/tmpdir/rustenburg/jag_SM01_micro006_SM01_micro004/SM01_micro006.in
/lila/data/chodera/schrodinger/tmpdir/rustenburg/jag_SM01_micro006_SM01_micro004/jag_SM01_micro006_SM01_micro004.recover

=====================
 Jaguar pKa workflow
=====================

Analysing user-provided (prot, deprot) pair:
(SM01_micro006.in, SM01_micro004.in)
Found labile hydrogen 17 in SM01_micro006.in
Found labile hydrogen at atom 12 in SM01_micro004.in
Adding 'ipkat' keyword to input files.

Identifying pKa functional group for pair:
(SM01_micro006, SM01_micro004)

Executing subprocess:
/data/chodera/schrodinger/schrodinger2017-4-advanced/jaguar-v9.8/bin/Linux-x86_64/pka -i -j SM01_micro006.tmp.jres -n

Taking protonated structures from:
SM01_micro006.mae
Taking deprotonated structures from:
SM01_micro004.mae

This molecule from 'SM01_micro006.mae' in water was recognized as:

 # 	            Shell             
---	------------------------------
1: 	amide as base                 
2: 	Protonation of generic atom   
3: 	Protonation of sp2-like oxygen


Executing conformational search...

Executing 2 distributed subjobs:
---------------------------------

No more than 8 cpu(s) will be used per subjob.
No more than 10 cpu(s) will be used simultaneously.

Processing the following subjobs:
(1) jaguar run csrch.py SM01_micro006.mae -jobname SM01_micro006 -max_conf 5 -erg_window 50.208 -acc_level 1 -TPP 5
(2) jaguar run csrch.py SM01_micro004.mae -jobname SM01_micro004 -max_conf 5 -erg_window 50.208 -acc_level 1 -TPP 5

Running subjobs on hosts:
  lsf-cpu (Max: 2)
Number of jobs:       2
Max retries per job:  3
Max allowed failures: unlimited
Run with -LOCAL:      False
Verbosity:            normal

Starting JobDJ...

Keep one job on driver host: False
JobDJ columns:
  C: Number of completed subjobs
  A: Number of active subjobs (e.g., submitted, running)
  W: Number of waiting/pending subjobs

C A W | Activity  JobId  JobName  JobHost
- - - | --------- -----------------------
0 1 1 | launched  lt20-0-5aec6655 SM01_micro006 lsf-cpu
0 2 0 | launched  lt20-1-5aec665b SM01_micro004 lsf-cpu
1 1 0 | finished  lt20-0-5aec6655 SM01_micro006 lsf-cpu
2 0 0 | finished  lt20-1-5aec665b SM01_micro004 lsf-cpu

All jobs have completed.

2 of 2 job(s) succeeded; 0 job(s) failed.

Timer (distribute subjobs) : 204.53 secs (0 hrs, 03 mins, 24 secs)

Setting up QM workflow for (protonated, deprotonated) pair:
(1) (SM01_micro006, SM01_micro004)

Executing Jaguar quantum-mechanical subjobs...

Executing 4 distributed subjobs:
---------------------------------

No more than 8 cpu(s) will be used per subjob.
No more than 10 cpu(s) will be used simultaneously.

Processing the following subjobs:
(1) jaguar run pka_prot.bat -jobname SM01_micro006_conf_1 SM01_micro006_conf_1.in -TPP 3
(2) jaguar run pka_prot.bat -jobname SM01_micro006_conf_2 SM01_micro006_conf_2.in -TPP 3
(3) jaguar run pka_deprot.bat -jobname SM01_micro004_conf_1 SM01_micro004_conf_1.in -TPP 2
(4) jaguar run pka_deprot.bat -jobname SM01_micro004_conf_2 SM01_micro004_conf_2.in -TPP 2

Running subjobs on hosts:
  lsf-cpu (Max: 4)
Number of jobs:       4
Max retries per job:  3
Max allowed failures: unlimited
Run with -LOCAL:      False
Verbosity:            normal

Starting JobDJ...

Keep one job on driver host: False
JobDJ columns:
  C: Number of completed subjobs
  A: Number of active subjobs (e.g., submitted, running)
  W: Number of waiting/pending subjobs

C A W | Activity  JobId  JobName  JobHost
- - - | --------- -----------------------
0 1 3 | launched  lt20-0-5aec6727 SM01_micro006_conf_1 lsf-cpu
0 2 2 | launched  lt20-0-5aec672b SM01_micro006_conf_2 lsf-cpu
0 3 1 | launched  lt20-0-5aec672f SM01_micro004_conf_1 lsf-cpu
0 4 0 | launched  lt20-0-5aec6732 SM01_micro004_conf_2 lsf-cpu
1 3 0 | finished  lt20-0-5aec6727 SM01_micro006_conf_1 lsf-cpu [ls01]
2 2 0 | finished  lt20-0-5aec6732 SM01_micro004_conf_2 lsf-cpu [lt05]
3 1 0 | finished  lt20-0-5aec672b SM01_micro006_conf_2 lsf-cpu [ls07]
4 0 0 | finished  lt20-0-5aec672f SM01_micro004_conf_1 lsf-cpu [lt01]

All jobs have completed.

4 of 4 job(s) succeeded; 0 job(s) failed.

Timer (distribute subjobs) : 1272.59 secs (0 hrs, 21 mins, 12 secs)

Processing QM output files...

Executing subprocess:
/data/chodera/schrodinger/schrodinger2017-4-advanced/jaguar results -energy SM01_micro006_conf_1.nrg_h.out

Executing subprocess:
/data/chodera/schrodinger/schrodinger2017-4-advanced/jaguar results -esolv SM01_micro006_conf_1.sol_h.out

Executing subprocess:
/data/chodera/schrodinger/schrodinger2017-4-advanced/jaguar results -energy SM01_micro006_conf_2.nrg_h.out

Executing subprocess:
/data/chodera/schrodinger/schrodinger2017-4-advanced/jaguar results -esolv SM01_micro006_conf_2.sol_h.out

Executing subprocess:
/data/chodera/schrodinger/schrodinger2017-4-advanced/jaguar results -energy SM01_micro004_conf_1.nrg.out

Executing subprocess:
/data/chodera/schrodinger/schrodinger2017-4-advanced/jaguar results -esolv SM01_micro004_conf_1.sol.out

Executing subprocess:
/data/chodera/schrodinger/schrodinger2017-4-advanced/jaguar results -energy SM01_micro004_conf_2.nrg.out

Executing subprocess:
/data/chodera/schrodinger/schrodinger2017-4-advanced/jaguar results -esolv SM01_micro004_conf_2.sol.out

Executing subprocess:
/data/chodera/schrodinger/schrodinger2017-4-advanced/jaguar-v9.8/bin/Linux-x86_64/pka -o SM01_micro006_deprot-out.mae -j SM01_micro006.jres -n -d

Executing subprocess:
/data/chodera/schrodinger/schrodinger2017-4-advanced/jaguar-v9.8/bin/Linux-x86_64/pka -o SM01_micro006_prot-out.mae -j SM01_micro006.jres -n

pKa calculation for SM01_micro006 completed.

pKa workflow jag_SM01_micro006_SM01_micro004 completed.

Timer (Jaguar pKa) : 1520.21 secs (0 hrs, 25 mins, 20 secs)
Timer (jaguar_backend.py) : 1520.21 secs (0 hrs, 25 mins, 20 secs)
Finished:   Fri May  4 10:20:44 2018
