Taking protonated structures from:
SM02_micro013_conf_1.dft_h.01.mae
SM02_micro013_conf_2.dft_h.01.mae
SM02_micro013_conf_3.dft_h.01.mae
SM02_micro013_conf_4.dft_h.01.mae
SM02_micro013_conf_5.dft_h.01.mae
Taking deprotonated structures from:
SM02_micro005_conf_1.dft.01.mae
SM02_micro005_conf_2.dft.01.mae
SM02_micro005_conf_3.dft.01.mae
SM02_micro005_conf_4.dft.01.mae
SM02_micro005_conf_5.dft.01.mae

Corrected results for 'protonated' structure in water:
pKa atom: 23

 # 	                  Shell                   	 pKa 	RMSD	 Contribution
---	------------------------------------------	-----	-----	--------------
1: 	secondary aniline                         	-16.20	0.275	    94.58%
2: 	Protonation of sp3-like aliphatic nitrogen	-14.20	1.715	     5.07%
3: 	Protonation of generic atom               	-13.68	2.264	     0.34%

 Final weighted pKa value is -16.09



