Taking protonated structures from:
SM12_micro001_conf_1.dft_h.01.mae
SM12_micro001_conf_2.dft_h.01.mae
SM12_micro001_conf_3.dft_h.01.mae
SM12_micro001_conf_4.dft_h.01.mae
SM12_micro001_conf_5.dft_h.01.mae
Taking deprotonated structures from:
SM12_micro012_conf_1.dft.01.mae
SM12_micro012_conf_2.dft.01.mae
SM12_micro012_conf_3.dft.01.mae
SM12_micro012_conf_4.dft.01.mae
SM12_micro012_conf_5.dft.01.mae

Corrected results for 'protonated' structure in water:
pKa atom: 19

 # 	           Shell           	 pKa 	RMSD	 Contribution
---	---------------------------	-----	-----	--------------
1: 	pyrimidine                 	 1.94	0.242	    72.36%
2: 	heterocycle custom 1       	 2.36	0.617	    10.60%
3: 	heterocycle                	 2.64	0.837	     7.60%
4: 	Protonation of generic atom	 3.45	2.264	     9.44%

 Final weighted pKa value is 2.18



