Command:    jaguar run pka.py -jobname jag_SM18_micro025_SM18_micro005 -PARALLEL 10 -WAIT -n -csrch -prot SM18_micro025.in -deprot SM18_micro005.in
Release:    2017-4
Exec:       /data/chodera/schrodinger/schrodinger2017-4-advanced/jaguar-v9.8/bin/Linux-x86_64
Host:       lt08
JobId:      lt08-1-5af455f6
JobDir:     /lila/data/chodera/schrodinger/tmpdir/rustenburg/jag_SM18_micro025_SM18_micro005.1
Date:       Thu May 10 10:23:53 2018

Contents of /lila/data/chodera/schrodinger/tmpdir/rustenburg/jag_SM18_micro025_SM18_micro005.1:
/lila/data/chodera/schrodinger/tmpdir/rustenburg/jag_SM18_micro025_SM18_micro005.1/SM18_micro005.mae
/lila/data/chodera/schrodinger/tmpdir/rustenburg/jag_SM18_micro025_SM18_micro005.1/lt08-1-5af455f6
/lila/data/chodera/schrodinger/tmpdir/rustenburg/jag_SM18_micro025_SM18_micro005.1/jag_SM18_micro025_SM18_micro005.recover
/lila/data/chodera/schrodinger/tmpdir/rustenburg/jag_SM18_micro025_SM18_micro005.1/lt08-1-5af455f6.mpinodes
/lila/data/chodera/schrodinger/tmpdir/rustenburg/jag_SM18_micro025_SM18_micro005.1/SM18_micro025.in
/lila/data/chodera/schrodinger/tmpdir/rustenburg/jag_SM18_micro025_SM18_micro005.1/jag_SM18_micro025_SM18_micro005.log
/lila/data/chodera/schrodinger/tmpdir/rustenburg/jag_SM18_micro025_SM18_micro005.1/lt08-1-5af455f6.recover
/lila/data/chodera/schrodinger/tmpdir/rustenburg/jag_SM18_micro025_SM18_micro005.1/SM18_micro005.in
/lila/data/chodera/schrodinger/tmpdir/rustenburg/jag_SM18_micro025_SM18_micro005.1/SM18_micro025.mae

=====================
 Jaguar pKa workflow
=====================

Analysing user-provided (prot, deprot) pair:
(SM18_micro025.in, SM18_micro005.in)
Found labile hydrogen 32 in SM18_micro025.in
Found labile hydrogen at atom 18 in SM18_micro005.in
Adding 'ipkat' keyword to input files.

Identifying pKa functional group for pair:
(SM18_micro025, SM18_micro005)

Executing subprocess:
/data/chodera/schrodinger/schrodinger2017-4-advanced/jaguar-v9.8/bin/Linux-x86_64/pka -i -j SM18_micro025.tmp.jres -n

Taking protonated structures from:
SM18_micro025.mae
Taking deprotonated structures from:
SM18_micro005.mae

This molecule from 'SM18_micro025.mae' in water was recognized as:

 # 	           Shell           
---	---------------------------
1: 	Protonation of generic atom


Executing conformational search...

Executing 2 distributed subjobs:
---------------------------------

No more than 8 cpu(s) will be used per subjob.
No more than 10 cpu(s) will be used simultaneously.

Processing the following subjobs:
(1) jaguar run csrch.py SM18_micro025.mae -jobname SM18_micro025 -max_conf 5 -erg_window 50.208 -acc_level 1 -TPP 5
(2) jaguar run csrch.py SM18_micro005.mae -jobname SM18_micro005 -max_conf 5 -erg_window 50.208 -acc_level 1 -TPP 5

Running subjobs on hosts:
  localhost (Max: 2)
Number of jobs:       2
Max retries per job:  3
Max allowed failures: unlimited
Run with -LOCAL:      False
Verbosity:            normal

Starting JobDJ...

Keep one job on driver host: False
JobDJ columns:
  C: Number of completed subjobs
  A: Number of active subjobs (e.g., submitted, running)
  W: Number of waiting/pending subjobs

C A W | Activity  JobId  JobName  JobHost
- - - | --------- -----------------------
0 1 1 | launched  lt08-2-5af455fd SM18_micro025 localhost [lt08]
0 2 0 | launched  lt08-0-5af45600 SM18_micro005 localhost [lt08]
1 1 0 | finished  lt08-2-5af455fd SM18_micro025 localhost [lt08]
2 0 0 | finished  lt08-0-5af45600 SM18_micro005 localhost [lt08]

All jobs have completed.

2 of 2 job(s) succeeded; 0 job(s) failed.

Timer (distribute subjobs) : 1574.04 secs (0 hrs, 26 mins, 14 secs)

Setting up QM workflow for (protonated, deprotonated) pair:
(1) (SM18_micro025, SM18_micro005)

Executing Jaguar quantum-mechanical subjobs...

Executing 10 distributed subjobs:
----------------------------------

No more than 8 cpu(s) will be used per subjob.
No more than 10 cpu(s) will be used simultaneously.

Processing the following subjobs:
(1) jaguar run pka_prot.bat -jobname SM18_micro025_conf_1 SM18_micro025_conf_1.in
(2) jaguar run pka_prot.bat -jobname SM18_micro025_conf_2 SM18_micro025_conf_2.in
(3) jaguar run pka_prot.bat -jobname SM18_micro025_conf_3 SM18_micro025_conf_3.in
(4) jaguar run pka_prot.bat -jobname SM18_micro025_conf_4 SM18_micro025_conf_4.in
(5) jaguar run pka_prot.bat -jobname SM18_micro025_conf_5 SM18_micro025_conf_5.in
(6) jaguar run pka_deprot.bat -jobname SM18_micro005_conf_1 SM18_micro005_conf_1.in
(7) jaguar run pka_deprot.bat -jobname SM18_micro005_conf_2 SM18_micro005_conf_2.in
(8) jaguar run pka_deprot.bat -jobname SM18_micro005_conf_3 SM18_micro005_conf_3.in
(9) jaguar run pka_deprot.bat -jobname SM18_micro005_conf_4 SM18_micro005_conf_4.in
(10) jaguar run pka_deprot.bat -jobname SM18_micro005_conf_5 SM18_micro005_conf_5.in

Running subjobs on hosts:
  localhost (Max: 10)
Number of jobs:       10
Max retries per job:  3
Max allowed failures: unlimited
Run with -LOCAL:      False
Verbosity:            normal

Starting JobDJ...

Keep one job on driver host: False
JobDJ columns:
  C: Number of completed subjobs
  A: Number of active subjobs (e.g., submitted, running)
  W: Number of waiting/pending subjobs

 C  A  W | Activity  JobId  JobName  JobHost
-- -- -- | --------- -----------------------
 0  1  9 | launched  lt08-0-5af45c34 SM18_micro025_conf_1 localhost [lt08]
 0  2  8 | launched  lt08-0-5af45c37 SM18_micro025_conf_2 localhost [lt08]
 0  3  7 | launched  lt08-0-5af45c3a SM18_micro025_conf_3 localhost [lt08]
 0  4  6 | launched  lt08-0-5af45c3c SM18_micro025_conf_4 localhost [lt08]
 0  5  5 | launched  lt08-0-5af45c3e SM18_micro025_conf_5 localhost [lt08]
 0  6  4 | launched  lt08-1-5af45c40 SM18_micro005_conf_1 localhost [lt08]
 0  7  3 | launched  lt08-1-5af45c42 SM18_micro005_conf_2 localhost [lt08]
 0  8  2 | launched  lt08-1-5af45c44 SM18_micro005_conf_3 localhost [lt08]
 0  9  1 | launched  lt08-0-5af45c47 SM18_micro005_conf_4 localhost [lt08]
 0 10  0 | launched  lt08-0-5af45c4a SM18_micro005_conf_5 localhost [lt08]
 1  9  0 | finished  lt08-0-5af45c47 SM18_micro005_conf_4 localhost [lt08]
 2  8  0 | finished  lt08-0-5af45c4a SM18_micro005_conf_5 localhost [lt08]
 3  7  0 | finished  lt08-1-5af45c42 SM18_micro005_conf_2 localhost [lt08]
 4  6  0 | finished  lt08-0-5af45c3e SM18_micro025_conf_5 localhost [lt08]
 5  5  0 | finished  lt08-1-5af45c44 SM18_micro005_conf_3 localhost [lt08]
 6  4  0 | finished  lt08-1-5af45c40 SM18_micro005_conf_1 localhost [lt08]
 7  3  0 | finished  lt08-0-5af45c34 SM18_micro025_conf_1 localhost [lt08]
 8  2  0 | finished  lt08-0-5af45c37 SM18_micro025_conf_2 localhost [lt08]
 9  1  0 | finished  lt08-0-5af45c3a SM18_micro025_conf_3 localhost [lt08]
10  0  0 | finished  lt08-0-5af45c3c SM18_micro025_conf_4 localhost [lt08]

All jobs have completed.

10 of 10 job(s) succeeded; 0 job(s) failed.

Timer (distribute subjobs) : 22476.48 secs (6 hrs, 14 mins, 36 secs)

Processing QM output files...

Executing subprocess:
/data/chodera/schrodinger/schrodinger2017-4-advanced/jaguar results -energy SM18_micro025_conf_1.nrg_h.out

Executing subprocess:
/data/chodera/schrodinger/schrodinger2017-4-advanced/jaguar results -esolv SM18_micro025_conf_1.sol_h.out

Executing subprocess:
/data/chodera/schrodinger/schrodinger2017-4-advanced/jaguar results -energy SM18_micro025_conf_2.nrg_h.out

Executing subprocess:
/data/chodera/schrodinger/schrodinger2017-4-advanced/jaguar results -esolv SM18_micro025_conf_2.sol_h.out

Executing subprocess:
/data/chodera/schrodinger/schrodinger2017-4-advanced/jaguar results -energy SM18_micro025_conf_3.nrg_h.out

Executing subprocess:
/data/chodera/schrodinger/schrodinger2017-4-advanced/jaguar results -esolv SM18_micro025_conf_3.sol_h.out

Executing subprocess:
/data/chodera/schrodinger/schrodinger2017-4-advanced/jaguar results -energy SM18_micro025_conf_4.nrg_h.out

Executing subprocess:
/data/chodera/schrodinger/schrodinger2017-4-advanced/jaguar results -esolv SM18_micro025_conf_4.sol_h.out

Executing subprocess:
/data/chodera/schrodinger/schrodinger2017-4-advanced/jaguar results -energy SM18_micro025_conf_5.nrg_h.out

Executing subprocess:
/data/chodera/schrodinger/schrodinger2017-4-advanced/jaguar results -esolv SM18_micro025_conf_5.sol_h.out

Executing subprocess:
/data/chodera/schrodinger/schrodinger2017-4-advanced/jaguar results -energy SM18_micro005_conf_1.nrg.out

Executing subprocess:
/data/chodera/schrodinger/schrodinger2017-4-advanced/jaguar results -esolv SM18_micro005_conf_1.sol.out

Executing subprocess:
/data/chodera/schrodinger/schrodinger2017-4-advanced/jaguar results -energy SM18_micro005_conf_2.nrg.out

Executing subprocess:
/data/chodera/schrodinger/schrodinger2017-4-advanced/jaguar results -esolv SM18_micro005_conf_2.sol.out

Executing subprocess:
/data/chodera/schrodinger/schrodinger2017-4-advanced/jaguar results -energy SM18_micro005_conf_3.nrg.out

Executing subprocess:
/data/chodera/schrodinger/schrodinger2017-4-advanced/jaguar results -esolv SM18_micro005_conf_3.sol.out

Executing subprocess:
/data/chodera/schrodinger/schrodinger2017-4-advanced/jaguar results -energy SM18_micro005_conf_4.nrg.out

Executing subprocess:
/data/chodera/schrodinger/schrodinger2017-4-advanced/jaguar results -esolv SM18_micro005_conf_4.sol.out

Executing subprocess:
/data/chodera/schrodinger/schrodinger2017-4-advanced/jaguar results -energy SM18_micro005_conf_5.nrg.out

Executing subprocess:
/data/chodera/schrodinger/schrodinger2017-4-advanced/jaguar results -esolv SM18_micro005_conf_5.sol.out

Executing subprocess:
/data/chodera/schrodinger/schrodinger2017-4-advanced/jaguar-v9.8/bin/Linux-x86_64/pka -o SM18_micro025_deprot-out.mae -j SM18_micro025.jres -n -d

Executing subprocess:
/data/chodera/schrodinger/schrodinger2017-4-advanced/jaguar-v9.8/bin/Linux-x86_64/pka -o SM18_micro025_prot-out.mae -j SM18_micro025.jres -n

pKa calculation for SM18_micro025 completed.

pKa workflow jag_SM18_micro025_SM18_micro005 completed.

Timer (Jaguar pKa) : 24107.65 secs (6 hrs, 41 mins, 47 secs)
Timer (jaguar_backend.py) : 24107.65 secs (6 hrs, 41 mins, 47 secs)
Finished:   Thu May 10 17:05:40 2018
