Command:    jaguar run pka.py -jobname jag_SM04_micro006_SM04_micro009 -PARALLEL 10 -n -csrch -prot SM04_micro006.in -deprot SM04_micro009.in
Release:    2017-4
Exec:       /data/chodera/schrodinger/schrodinger2017-4-advanced/jaguar-v9.8/bin/Linux-x86_64
Host:       lt05
JobId:      lilac-0-5aec701d
JobDir:     /lila/data/chodera/schrodinger/tmpdir/rustenburg/jag_SM04_micro006_SM04_micro009
Date:       Fri May  4 10:37:21 2018

Contents of /lila/data/chodera/schrodinger/tmpdir/rustenburg/jag_SM04_micro006_SM04_micro009:
/lila/data/chodera/schrodinger/tmpdir/rustenburg/jag_SM04_micro006_SM04_micro009/lilac-0-5aec701d.hosts
/lila/data/chodera/schrodinger/tmpdir/rustenburg/jag_SM04_micro006_SM04_micro009/SM04_micro009.in
/lila/data/chodera/schrodinger/tmpdir/rustenburg/jag_SM04_micro006_SM04_micro009/SM04_micro009.mae
/lila/data/chodera/schrodinger/tmpdir/rustenburg/jag_SM04_micro006_SM04_micro009/lilac-0-5aec701d.nodes
/lila/data/chodera/schrodinger/tmpdir/rustenburg/jag_SM04_micro006_SM04_micro009/lilac-0-5aec701d.jlog
/lila/data/chodera/schrodinger/tmpdir/rustenburg/jag_SM04_micro006_SM04_micro009/lilac-0-5aec701d
/lila/data/chodera/schrodinger/tmpdir/rustenburg/jag_SM04_micro006_SM04_micro009/lilac-0-5aec701d.mpinodes
/lila/data/chodera/schrodinger/tmpdir/rustenburg/jag_SM04_micro006_SM04_micro009/SM04_micro006.in
/lila/data/chodera/schrodinger/tmpdir/rustenburg/jag_SM04_micro006_SM04_micro009/jag_SM04_micro006_SM04_micro009.log
/lila/data/chodera/schrodinger/tmpdir/rustenburg/jag_SM04_micro006_SM04_micro009/lilac-0-5aec701d.recover
/lila/data/chodera/schrodinger/tmpdir/rustenburg/jag_SM04_micro006_SM04_micro009/SM04_micro006.mae
/lila/data/chodera/schrodinger/tmpdir/rustenburg/jag_SM04_micro006_SM04_micro009/jag_SM04_micro006_SM04_micro009.recover

=====================
 Jaguar pKa workflow
=====================

Analysing user-provided (prot, deprot) pair:
(SM04_micro006.in, SM04_micro009.in)
Found labile hydrogen 26 in SM04_micro006.in
Found labile hydrogen at atom 11 in SM04_micro009.in
Adding 'ipkat' keyword to input files.

Identifying pKa functional group for pair:
(SM04_micro006, SM04_micro009)

Executing subprocess:
/data/chodera/schrodinger/schrodinger2017-4-advanced/jaguar-v9.8/bin/Linux-x86_64/pka -i -j SM04_micro006.tmp.jres -n

Taking protonated structures from:
SM04_micro006.mae
Taking deprotonated structures from:
SM04_micro009.mae

This molecule from 'SM04_micro006.mae' in water was recognized as:

 # 	                  Shell                   
---	------------------------------------------
1: 	RN=Het                                    
2: 	Protonation of sp2-like aliphatic nitrogen
3: 	Protonation of generic atom               


Executing conformational search...

Executing 2 distributed subjobs:
---------------------------------

No more than 8 cpu(s) will be used per subjob.
No more than 10 cpu(s) will be used simultaneously.

Processing the following subjobs:
(1) jaguar run csrch.py SM04_micro006.mae -jobname SM04_micro006 -max_conf 5 -erg_window 50.208 -acc_level 1 -TPP 5
(2) jaguar run csrch.py SM04_micro009.mae -jobname SM04_micro009 -max_conf 5 -erg_window 50.208 -acc_level 1 -TPP 5

Running subjobs on hosts:
  lsf-cpu (Max: 2)
Number of jobs:       2
Max retries per job:  3
Max allowed failures: unlimited
Run with -LOCAL:      False
Verbosity:            normal

Starting JobDJ...

Keep one job on driver host: False
JobDJ columns:
  C: Number of completed subjobs
  A: Number of active subjobs (e.g., submitted, running)
  W: Number of waiting/pending subjobs

C A W | Activity  JobId  JobName  JobHost
- - - | --------- -----------------------
0 1 1 | launched  lt05-1-5aec7026 SM04_micro006 lsf-cpu
0 2 0 | launched  lt05-0-5aec7029 SM04_micro009 lsf-cpu
1 1 0 | finished  lt05-0-5aec7029 SM04_micro009 lsf-cpu
2 0 0 | finished  lt05-1-5aec7026 SM04_micro006 lsf-cpu [lt20]

All jobs have completed.

2 of 2 job(s) succeeded; 0 job(s) failed.

Timer (distribute subjobs) : 1464.10 secs (0 hrs, 24 mins, 24 secs)

Setting up QM workflow for (protonated, deprotonated) pair:
(1) (SM04_micro006, SM04_micro009)

Executing Jaguar quantum-mechanical subjobs...

Executing 10 distributed subjobs:
----------------------------------

No more than 8 cpu(s) will be used per subjob.
No more than 10 cpu(s) will be used simultaneously.

Processing the following subjobs:
(1) jaguar run pka_prot.bat -jobname SM04_micro006_conf_1 SM04_micro006_conf_1.in
(2) jaguar run pka_prot.bat -jobname SM04_micro006_conf_2 SM04_micro006_conf_2.in
(3) jaguar run pka_prot.bat -jobname SM04_micro006_conf_3 SM04_micro006_conf_3.in
(4) jaguar run pka_prot.bat -jobname SM04_micro006_conf_4 SM04_micro006_conf_4.in
(5) jaguar run pka_prot.bat -jobname SM04_micro006_conf_5 SM04_micro006_conf_5.in
(6) jaguar run pka_deprot.bat -jobname SM04_micro009_conf_1 SM04_micro009_conf_1.in
(7) jaguar run pka_deprot.bat -jobname SM04_micro009_conf_2 SM04_micro009_conf_2.in
(8) jaguar run pka_deprot.bat -jobname SM04_micro009_conf_3 SM04_micro009_conf_3.in
(9) jaguar run pka_deprot.bat -jobname SM04_micro009_conf_4 SM04_micro009_conf_4.in
(10) jaguar run pka_deprot.bat -jobname SM04_micro009_conf_5 SM04_micro009_conf_5.in

Running subjobs on hosts:
  lsf-cpu (Max: 10)
Number of jobs:       10
Max retries per job:  3
Max allowed failures: unlimited
Run with -LOCAL:      False
Verbosity:            normal

Starting JobDJ...

Keep one job on driver host: True
JobDJ columns:
  C: Number of completed subjobs
  A: Number of active subjobs (e.g., submitted, running)
  W: Number of waiting/pending subjobs

 C  A  W | Activity  JobId  JobName  JobHost
-- -- -- | --------- -----------------------
 0  1  9 | launched  lt05-0-5aec75e1 SM04_micro006_conf_1 localhost [lt05]
 0  2  8 | launched  lt05-0-5aec75e6 SM04_micro006_conf_2 lsf-cpu
 0  3  7 | launched  lt05-0-5aec75ed SM04_micro006_conf_3 lsf-cpu
 0  4  6 | launched  lt05-0-5aec75f2 SM04_micro006_conf_4 lsf-cpu
 0  5  5 | launched  lt05-0-5aec75f8 SM04_micro006_conf_5 lsf-cpu
 0  6  4 | launched  lt05-0-5aec75fd SM04_micro009_conf_1 lsf-cpu
 0  7  3 | launched  lt05-0-5aec7604 SM04_micro009_conf_2 lsf-cpu
 0  8  2 | launched  lt05-0-5aec760a SM04_micro009_conf_3 lsf-cpu
 0  9  1 | launched  lt05-0-5aec7610 SM04_micro009_conf_4 lsf-cpu
 0 10  0 | launched  lt05-0-5aec7616 SM04_micro009_conf_5 lsf-cpu
 1  9  0 | finished  lt05-0-5aec75fd SM04_micro009_conf_1 lsf-cpu [lt07]
 2  8  0 | finished  lt05-0-5aec7616 SM04_micro009_conf_5 lsf-cpu [ls17]
 3  7  0 | finished  lt05-0-5aec7610 SM04_micro009_conf_4 lsf-cpu [ls17]
 4  6  0 | finished  lt05-0-5aec7604 SM04_micro009_conf_2 lsf-cpu [lt21]
 5  5  0 | finished  lt05-0-5aec75e6 SM04_micro006_conf_2 lsf-cpu [lt08]
 6  4  0 | finished  lt05-0-5aec75f2 SM04_micro006_conf_4 lsf-cpu [ls04]
 7  3  0 | finished  lt05-0-5aec760a SM04_micro009_conf_3 lsf-cpu [ls17]
 8  2  0 | finished  lt05-0-5aec75f8 SM04_micro006_conf_5 lsf-cpu [ls04]
 9  1  0 | finished  lt05-0-5aec75e1 SM04_micro006_conf_1 localhost [lt05]
10  0  0 | finished  lt05-0-5aec75ed SM04_micro006_conf_3 lsf-cpu [ls04]

All jobs have completed.

10 of 10 job(s) succeeded; 0 job(s) failed.

Timer (distribute subjobs) : 2684.50 secs (0 hrs, 44 mins, 44 secs)

Processing QM output files...

Executing subprocess:
/data/chodera/schrodinger/schrodinger2017-4-advanced/jaguar results -energy SM04_micro006_conf_1.nrg_h.out

Executing subprocess:
/data/chodera/schrodinger/schrodinger2017-4-advanced/jaguar results -esolv SM04_micro006_conf_1.sol_h.out

Executing subprocess:
/data/chodera/schrodinger/schrodinger2017-4-advanced/jaguar results -energy SM04_micro006_conf_2.nrg_h.out

Executing subprocess:
/data/chodera/schrodinger/schrodinger2017-4-advanced/jaguar results -esolv SM04_micro006_conf_2.sol_h.out

Executing subprocess:
/data/chodera/schrodinger/schrodinger2017-4-advanced/jaguar results -energy SM04_micro006_conf_3.nrg_h.out

Executing subprocess:
/data/chodera/schrodinger/schrodinger2017-4-advanced/jaguar results -esolv SM04_micro006_conf_3.sol_h.out

Executing subprocess:
/data/chodera/schrodinger/schrodinger2017-4-advanced/jaguar results -energy SM04_micro006_conf_4.nrg_h.out

Executing subprocess:
/data/chodera/schrodinger/schrodinger2017-4-advanced/jaguar results -esolv SM04_micro006_conf_4.sol_h.out

Executing subprocess:
/data/chodera/schrodinger/schrodinger2017-4-advanced/jaguar results -energy SM04_micro006_conf_5.nrg_h.out

Executing subprocess:
/data/chodera/schrodinger/schrodinger2017-4-advanced/jaguar results -esolv SM04_micro006_conf_5.sol_h.out

Executing subprocess:
/data/chodera/schrodinger/schrodinger2017-4-advanced/jaguar results -energy SM04_micro009_conf_1.nrg.out

Executing subprocess:
/data/chodera/schrodinger/schrodinger2017-4-advanced/jaguar results -esolv SM04_micro009_conf_1.sol.out

Executing subprocess:
/data/chodera/schrodinger/schrodinger2017-4-advanced/jaguar results -energy SM04_micro009_conf_2.nrg.out

Executing subprocess:
/data/chodera/schrodinger/schrodinger2017-4-advanced/jaguar results -esolv SM04_micro009_conf_2.sol.out

Executing subprocess:
/data/chodera/schrodinger/schrodinger2017-4-advanced/jaguar results -energy SM04_micro009_conf_3.nrg.out

Executing subprocess:
/data/chodera/schrodinger/schrodinger2017-4-advanced/jaguar results -esolv SM04_micro009_conf_3.sol.out

Executing subprocess:
/data/chodera/schrodinger/schrodinger2017-4-advanced/jaguar results -energy SM04_micro009_conf_4.nrg.out

Executing subprocess:
/data/chodera/schrodinger/schrodinger2017-4-advanced/jaguar results -esolv SM04_micro009_conf_4.sol.out

Executing subprocess:
/data/chodera/schrodinger/schrodinger2017-4-advanced/jaguar results -energy SM04_micro009_conf_5.nrg.out

Executing subprocess:
/data/chodera/schrodinger/schrodinger2017-4-advanced/jaguar results -esolv SM04_micro009_conf_5.sol.out

Executing subprocess:
/data/chodera/schrodinger/schrodinger2017-4-advanced/jaguar-v9.8/bin/Linux-x86_64/pka -o SM04_micro006_deprot-out.mae -j SM04_micro006.jres -n -d

Executing subprocess:
/data/chodera/schrodinger/schrodinger2017-4-advanced/jaguar-v9.8/bin/Linux-x86_64/pka -o SM04_micro006_prot-out.mae -j SM04_micro006.jres -n

pKa calculation for SM04_micro006 completed.

pKa workflow jag_SM04_micro006_SM04_micro009 completed.

Timer (Jaguar pKa) : 4274.02 secs (1 hrs, 11 mins, 14 secs)
Timer (jaguar_backend.py) : 4274.03 secs (1 hrs, 11 mins, 14 secs)
Finished:   Fri May  4 11:48:35 2018
