Taking protonated structures from:
SM18_micro031_conf_1.dft_h.01.mae
SM18_micro031_conf_2.dft_h.01.mae
SM18_micro031_conf_3.dft_h.01.mae
SM18_micro031_conf_4.dft_h.01.mae
SM18_micro031_conf_5.dft_h.01.mae
Taking deprotonated structures from:
SM18_micro002_conf_1.dft.01.mae
SM18_micro002_conf_2.dft.01.mae
SM18_micro002_conf_3.dft.01.mae
SM18_micro002_conf_4.dft.01.mae
SM18_micro002_conf_5.dft.01.mae

Corrected results for 'protonated' structure in water:
pKa atom: 31

 # 	            Shell             	 pKa 	RMSD	 Contribution
---	------------------------------	-----	-----	--------------
1: 	protonation of O=Het          	-0.70	0.618	    98.95%
2: 	Protonation of generic atom   	 4.99	2.264	     0.36%
3: 	Protonation of sp2-like oxygen	 5.11	2.568	     0.70%

 Final weighted pKa value is -0.64



