Taking protonated structures from:
SM24_micro020_conf_1.dft_h.01.mae
SM24_micro020_conf_2.dft_h.01.mae
SM24_micro020_conf_3.dft_h.01.mae
SM24_micro020_conf_4.dft_h.01.mae
SM24_micro020_conf_5.dft_h.01.mae
Taking deprotonated structures from:
SM24_micro011_conf_1.dft.01.mae
SM24_micro011_conf_2.dft.01.mae
SM24_micro011_conf_3.dft.01.mae
SM24_micro011_conf_4.dft.01.mae
SM24_micro011_conf_5.dft.01.mae

Corrected results for 'protonated' structure in water:
pKa atom: 30

 # 	           Shell           	 pKa 	RMSD	 Contribution
---	---------------------------	-----	-----	--------------
1: 	heterocycle custom 1       	-6.03	0.617	    63.76%
2: 	heterocycle                	-5.40	0.837	    33.12%
3: 	Protonation of generic atom	-2.81	2.264	     3.12%

 Final weighted pKa value is -5.72



