Command:    jaguar run pka.py -jobname jag_SM24_micro035_SM24_micro020 -PARALLEL 10 -WAIT -n -csrch -prot SM24_micro035.in -deprot SM24_micro020.in
Release:    2017-4
Exec:       /data/chodera/schrodinger/schrodinger2017-4-advanced/jaguar-v9.8/bin/Linux-x86_64
Host:       lt03
JobId:      lt03-0-5af48197
JobDir:     /lila/data/chodera/schrodinger/tmpdir/rustenburg/jag_SM24_micro035_SM24_micro020.1
Date:       Thu May 10 13:30:13 2018

Contents of /lila/data/chodera/schrodinger/tmpdir/rustenburg/jag_SM24_micro035_SM24_micro020.1:
/lila/data/chodera/schrodinger/tmpdir/rustenburg/jag_SM24_micro035_SM24_micro020.1/SM24_micro020.in
/lila/data/chodera/schrodinger/tmpdir/rustenburg/jag_SM24_micro035_SM24_micro020.1/jag_SM24_micro035_SM24_micro020.log
/lila/data/chodera/schrodinger/tmpdir/rustenburg/jag_SM24_micro035_SM24_micro020.1/lt03-0-5af48197.recover
/lila/data/chodera/schrodinger/tmpdir/rustenburg/jag_SM24_micro035_SM24_micro020.1/lt03-0-5af48197.mpinodes
/lila/data/chodera/schrodinger/tmpdir/rustenburg/jag_SM24_micro035_SM24_micro020.1/jag_SM24_micro035_SM24_micro020.recover
/lila/data/chodera/schrodinger/tmpdir/rustenburg/jag_SM24_micro035_SM24_micro020.1/SM24_micro020.mae
/lila/data/chodera/schrodinger/tmpdir/rustenburg/jag_SM24_micro035_SM24_micro020.1/SM24_micro035.in
/lila/data/chodera/schrodinger/tmpdir/rustenburg/jag_SM24_micro035_SM24_micro020.1/SM24_micro035.mae
/lila/data/chodera/schrodinger/tmpdir/rustenburg/jag_SM24_micro035_SM24_micro020.1/lt03-0-5af48197

=====================
 Jaguar pKa workflow
=====================

Analysing user-provided (prot, deprot) pair:
(SM24_micro035.in, SM24_micro020.in)
Found labile hydrogen 32 in SM24_micro035.in
Found labile hydrogen at atom 26 in SM24_micro020.in
Adding 'ipkat' keyword to input files.

Identifying pKa functional group for pair:
(SM24_micro035, SM24_micro020)

Executing subprocess:
/data/chodera/schrodinger/schrodinger2017-4-advanced/jaguar-v9.8/bin/Linux-x86_64/pka -i -j SM24_micro035.tmp.jres -n

Taking protonated structures from:
SM24_micro035.mae
Taking deprotonated structures from:
SM24_micro020.mae

This molecule from 'SM24_micro035.mae' in water was recognized as:

 # 	                  Shell                   
---	------------------------------------------
1: 	Protonation of sp3-like aliphatic nitrogen
2: 	Protonation of generic atom               


Executing conformational search...

Executing 2 distributed subjobs:
---------------------------------

No more than 8 cpu(s) will be used per subjob.
No more than 10 cpu(s) will be used simultaneously.

Processing the following subjobs:
(1) jaguar run csrch.py SM24_micro035.mae -jobname SM24_micro035 -max_conf 5 -erg_window 50.208 -acc_level 1 -TPP 5
(2) jaguar run csrch.py SM24_micro020.mae -jobname SM24_micro020 -max_conf 5 -erg_window 50.208 -acc_level 1 -TPP 5

Running subjobs on hosts:
  localhost (Max: 2)
Number of jobs:       2
Max retries per job:  3
Max allowed failures: unlimited
Run with -LOCAL:      False
Verbosity:            normal

Starting JobDJ...

Keep one job on driver host: False
JobDJ columns:
  C: Number of completed subjobs
  A: Number of active subjobs (e.g., submitted, running)
  W: Number of waiting/pending subjobs

C A W | Activity  JobId  JobName  JobHost
- - - | --------- -----------------------
0 1 1 | launched  lt03-0-5af481b0 SM24_micro035 localhost [lt03]
0 2 0 | launched  lt03-0-5af481b2 SM24_micro020 localhost [lt03]
1 1 0 | finished  lt03-0-5af481b2 SM24_micro020 localhost [lt03]
2 0 0 | finished  lt03-0-5af481b0 SM24_micro035 localhost [lt03]

All jobs have completed.

2 of 2 job(s) succeeded; 0 job(s) failed.

Timer (distribute subjobs) : 913.28 secs (0 hrs, 15 mins, 13 secs)

Setting up QM workflow for (protonated, deprotonated) pair:
(1) (SM24_micro035, SM24_micro020)

Executing Jaguar quantum-mechanical subjobs...

Executing 10 distributed subjobs:
----------------------------------

No more than 8 cpu(s) will be used per subjob.
No more than 10 cpu(s) will be used simultaneously.

Processing the following subjobs:
(1) jaguar run pka_prot.bat -jobname SM24_micro035_conf_1 SM24_micro035_conf_1.in
(2) jaguar run pka_prot.bat -jobname SM24_micro035_conf_2 SM24_micro035_conf_2.in
(3) jaguar run pka_prot.bat -jobname SM24_micro035_conf_3 SM24_micro035_conf_3.in
(4) jaguar run pka_prot.bat -jobname SM24_micro035_conf_4 SM24_micro035_conf_4.in
(5) jaguar run pka_prot.bat -jobname SM24_micro035_conf_5 SM24_micro035_conf_5.in
(6) jaguar run pka_deprot.bat -jobname SM24_micro020_conf_1 SM24_micro020_conf_1.in
(7) jaguar run pka_deprot.bat -jobname SM24_micro020_conf_2 SM24_micro020_conf_2.in
(8) jaguar run pka_deprot.bat -jobname SM24_micro020_conf_3 SM24_micro020_conf_3.in
(9) jaguar run pka_deprot.bat -jobname SM24_micro020_conf_4 SM24_micro020_conf_4.in
(10) jaguar run pka_deprot.bat -jobname SM24_micro020_conf_5 SM24_micro020_conf_5.in

Running subjobs on hosts:
  localhost (Max: 10)
Number of jobs:       10
Max retries per job:  3
Max allowed failures: unlimited
Run with -LOCAL:      False
Verbosity:            normal

Starting JobDJ...

Keep one job on driver host: False
JobDJ columns:
  C: Number of completed subjobs
  A: Number of active subjobs (e.g., submitted, running)
  W: Number of waiting/pending subjobs

 C  A  W | Activity  JobId  JobName  JobHost
-- -- -- | --------- -----------------------
 0  1  9 | launched  lt03-0-5af4854f SM24_micro035_conf_1 localhost [lt03]
 0  2  8 | launched  lt03-0-5af48564 SM24_micro035_conf_2 localhost [lt03]
 0  3  7 | launched  lt03-1-5af48566 SM24_micro035_conf_3 localhost [lt03]
 0  4  6 | launched  lt03-0-5af48569 SM24_micro035_conf_4 localhost [lt03]
 0  5  5 | launched  lt03-0-5af4856c SM24_micro035_conf_5 localhost [lt03]
 0  6  4 | launched  lt03-1-5af4856e SM24_micro020_conf_1 localhost [lt03]
 0  7  3 | launched  lt03-0-5af48571 SM24_micro020_conf_2 localhost [lt03]
 0  8  2 | launched  lt03-0-5af48573 SM24_micro020_conf_3 localhost [lt03]
 0  9  1 | launched  lt03-0-5af48576 SM24_micro020_conf_4 localhost [lt03]
 0 10  0 | launched  lt03-1-5af48578 SM24_micro020_conf_5 localhost [lt03]
 1  9  0 | finished  lt03-1-5af4856e SM24_micro020_conf_1 localhost [lt03]
 2  8  0 | finished  lt03-0-5af48576 SM24_micro020_conf_4 localhost [lt03]
 3  7  0 | finished  lt03-0-5af48571 SM24_micro020_conf_2 localhost [lt03]
 4  6  0 | finished  lt03-0-5af48573 SM24_micro020_conf_3 localhost [lt03]
 5  5  0 | finished  lt03-1-5af48578 SM24_micro020_conf_5 localhost [lt03]
 6  4  0 | finished  lt03-0-5af48564 SM24_micro035_conf_2 localhost [lt03]
 7  3  0 | finished  lt03-1-5af48566 SM24_micro035_conf_3 localhost [lt03]
 8  2  0 | finished  lt03-0-5af4854f SM24_micro035_conf_1 localhost [lt03]
 9  1  0 | finished  lt03-0-5af4856c SM24_micro035_conf_5 localhost [lt03]
10  0  0 | finished  lt03-0-5af48569 SM24_micro035_conf_4 localhost [lt03]

All jobs have completed.

10 of 10 job(s) succeeded; 0 job(s) failed.

Timer (distribute subjobs) : 8956.32 secs (2 hrs, 29 mins, 16 secs)

Processing QM output files...

Executing subprocess:
/data/chodera/schrodinger/schrodinger2017-4-advanced/jaguar results -energy SM24_micro035_conf_1.nrg_h.out

Executing subprocess:
/data/chodera/schrodinger/schrodinger2017-4-advanced/jaguar results -esolv SM24_micro035_conf_1.sol_h.out

Executing subprocess:
/data/chodera/schrodinger/schrodinger2017-4-advanced/jaguar results -energy SM24_micro035_conf_2.nrg_h.out

Executing subprocess:
/data/chodera/schrodinger/schrodinger2017-4-advanced/jaguar results -esolv SM24_micro035_conf_2.sol_h.out

Executing subprocess:
/data/chodera/schrodinger/schrodinger2017-4-advanced/jaguar results -energy SM24_micro035_conf_3.nrg_h.out

Executing subprocess:
/data/chodera/schrodinger/schrodinger2017-4-advanced/jaguar results -esolv SM24_micro035_conf_3.sol_h.out

Executing subprocess:
/data/chodera/schrodinger/schrodinger2017-4-advanced/jaguar results -energy SM24_micro035_conf_4.nrg_h.out

Executing subprocess:
/data/chodera/schrodinger/schrodinger2017-4-advanced/jaguar results -esolv SM24_micro035_conf_4.sol_h.out

Executing subprocess:
/data/chodera/schrodinger/schrodinger2017-4-advanced/jaguar results -energy SM24_micro035_conf_5.nrg_h.out

Executing subprocess:
/data/chodera/schrodinger/schrodinger2017-4-advanced/jaguar results -esolv SM24_micro035_conf_5.sol_h.out

Executing subprocess:
/data/chodera/schrodinger/schrodinger2017-4-advanced/jaguar results -energy SM24_micro020_conf_1.nrg.out

Executing subprocess:
/data/chodera/schrodinger/schrodinger2017-4-advanced/jaguar results -esolv SM24_micro020_conf_1.sol.out

Executing subprocess:
/data/chodera/schrodinger/schrodinger2017-4-advanced/jaguar results -energy SM24_micro020_conf_2.nrg.out

Executing subprocess:
/data/chodera/schrodinger/schrodinger2017-4-advanced/jaguar results -esolv SM24_micro020_conf_2.sol.out

Executing subprocess:
/data/chodera/schrodinger/schrodinger2017-4-advanced/jaguar results -energy SM24_micro020_conf_3.nrg.out

Executing subprocess:
/data/chodera/schrodinger/schrodinger2017-4-advanced/jaguar results -esolv SM24_micro020_conf_3.sol.out

Executing subprocess:
/data/chodera/schrodinger/schrodinger2017-4-advanced/jaguar results -energy SM24_micro020_conf_4.nrg.out

Executing subprocess:
/data/chodera/schrodinger/schrodinger2017-4-advanced/jaguar results -esolv SM24_micro020_conf_4.sol.out

Executing subprocess:
/data/chodera/schrodinger/schrodinger2017-4-advanced/jaguar results -energy SM24_micro020_conf_5.nrg.out

Executing subprocess:
/data/chodera/schrodinger/schrodinger2017-4-advanced/jaguar results -esolv SM24_micro020_conf_5.sol.out

Executing subprocess:
/data/chodera/schrodinger/schrodinger2017-4-advanced/jaguar-v9.8/bin/Linux-x86_64/pka -o SM24_micro035_deprot-out.mae -j SM24_micro035.jres -n -d

Executing subprocess:
/data/chodera/schrodinger/schrodinger2017-4-advanced/jaguar-v9.8/bin/Linux-x86_64/pka -o SM24_micro035_prot-out.mae -j SM24_micro035.jres -n

pKa calculation for SM24_micro035 completed.

pKa workflow jag_SM24_micro035_SM24_micro020 completed.

Timer (Jaguar pKa) : 9951.38 secs (2 hrs, 45 mins, 51 secs)
Timer (jaguar_backend.py) : 9951.39 secs (2 hrs, 45 mins, 51 secs)
Finished:   Thu May 10 16:16:04 2018
