Command:    jaguar run pka.py -jobname jag_SM07_micro006_SM07_micro004 -PARALLEL 10 -n -csrch -prot SM07_micro006.in -deprot SM07_micro004.in
Release:    2017-4
Exec:       /data/chodera/schrodinger/schrodinger2017-4-advanced/jaguar-v9.8/bin/Linux-x86_64
Host:       ls10
JobId:      lilac-0-5aec7acf
JobDir:     /lila/data/chodera/schrodinger/tmpdir/rustenburg/jag_SM07_micro006_SM07_micro004
Date:       Fri May  4 11:23:04 2018

Contents of /lila/data/chodera/schrodinger/tmpdir/rustenburg/jag_SM07_micro006_SM07_micro004:
/lila/data/chodera/schrodinger/tmpdir/rustenburg/jag_SM07_micro006_SM07_micro004/lilac-0-5aec7acf.recover
/lila/data/chodera/schrodinger/tmpdir/rustenburg/jag_SM07_micro006_SM07_micro004/jag_SM07_micro006_SM07_micro004.log
/lila/data/chodera/schrodinger/tmpdir/rustenburg/jag_SM07_micro006_SM07_micro004/lilac-0-5aec7acf.jlog
/lila/data/chodera/schrodinger/tmpdir/rustenburg/jag_SM07_micro006_SM07_micro004/SM07_micro004.in
/lila/data/chodera/schrodinger/tmpdir/rustenburg/jag_SM07_micro006_SM07_micro004/lilac-0-5aec7acf.nodes
/lila/data/chodera/schrodinger/tmpdir/rustenburg/jag_SM07_micro006_SM07_micro004/SM07_micro006.mae
/lila/data/chodera/schrodinger/tmpdir/rustenburg/jag_SM07_micro006_SM07_micro004/lilac-0-5aec7acf
/lila/data/chodera/schrodinger/tmpdir/rustenburg/jag_SM07_micro006_SM07_micro004/SM07_micro006.in
/lila/data/chodera/schrodinger/tmpdir/rustenburg/jag_SM07_micro006_SM07_micro004/jag_SM07_micro006_SM07_micro004.recover
/lila/data/chodera/schrodinger/tmpdir/rustenburg/jag_SM07_micro006_SM07_micro004/SM07_micro004.mae
/lila/data/chodera/schrodinger/tmpdir/rustenburg/jag_SM07_micro006_SM07_micro004/lilac-0-5aec7acf.hosts
/lila/data/chodera/schrodinger/tmpdir/rustenburg/jag_SM07_micro006_SM07_micro004/lilac-0-5aec7acf.mpinodes

=====================
 Jaguar pKa workflow
=====================

Analysing user-provided (prot, deprot) pair:
(SM07_micro006.in, SM07_micro004.in)
Found labile hydrogen 20 in SM07_micro006.in
Found labile hydrogen at atom 12 in SM07_micro004.in
Adding 'ipkat' keyword to input files.

Identifying pKa functional group for pair:
(SM07_micro006, SM07_micro004)

Executing subprocess:
/data/chodera/schrodinger/schrodinger2017-4-advanced/jaguar-v9.8/bin/Linux-x86_64/pka -i -j SM07_micro006.tmp.jres -n

Taking protonated structures from:
SM07_micro006.mae
Taking deprotonated structures from:
SM07_micro004.mae

This molecule from 'SM07_micro006.mae' in water was recognized as:

 # 	           Shell           
---	---------------------------
1: 	Protonation of generic atom


Executing conformational search...

Executing 2 distributed subjobs:
---------------------------------

No more than 8 cpu(s) will be used per subjob.
No more than 10 cpu(s) will be used simultaneously.

Processing the following subjobs:
(1) jaguar run csrch.py SM07_micro006.mae -jobname SM07_micro006 -max_conf 5 -erg_window 50.208 -acc_level 1 -TPP 5
(2) jaguar run csrch.py SM07_micro004.mae -jobname SM07_micro004 -max_conf 5 -erg_window 50.208 -acc_level 1 -TPP 5

Running subjobs on hosts:
  lsf-cpu (Max: 2)
Number of jobs:       2
Max retries per job:  3
Max allowed failures: unlimited
Run with -LOCAL:      False
Verbosity:            normal

Starting JobDJ...

Keep one job on driver host: False
JobDJ columns:
  C: Number of completed subjobs
  A: Number of active subjobs (e.g., submitted, running)
  W: Number of waiting/pending subjobs

C A W | Activity  JobId  JobName  JobHost
- - - | --------- -----------------------
0 1 1 | launched  ls10-0-5aec7ae2 SM07_micro006 lsf-cpu
0 2 0 | launched  ls10-0-5aec7ae6 SM07_micro004 lsf-cpu
1 1 0 | finished  ls10-0-5aec7ae2 SM07_micro006 lsf-cpu
2 0 0 | finished  ls10-0-5aec7ae6 SM07_micro004 lsf-cpu [ls17]

All jobs have completed.

2 of 2 job(s) succeeded; 0 job(s) failed.

Timer (distribute subjobs) : 683.33 secs (0 hrs, 11 mins, 23 secs)

Setting up QM workflow for (protonated, deprotonated) pair:
(1) (SM07_micro006, SM07_micro004)

Executing Jaguar quantum-mechanical subjobs...

Executing 10 distributed subjobs:
----------------------------------

No more than 8 cpu(s) will be used per subjob.
No more than 10 cpu(s) will be used simultaneously.

Processing the following subjobs:
(1) jaguar run pka_prot.bat -jobname SM07_micro006_conf_1 SM07_micro006_conf_1.in
(2) jaguar run pka_prot.bat -jobname SM07_micro006_conf_2 SM07_micro006_conf_2.in
(3) jaguar run pka_prot.bat -jobname SM07_micro006_conf_3 SM07_micro006_conf_3.in
(4) jaguar run pka_prot.bat -jobname SM07_micro006_conf_4 SM07_micro006_conf_4.in
(5) jaguar run pka_prot.bat -jobname SM07_micro006_conf_5 SM07_micro006_conf_5.in
(6) jaguar run pka_deprot.bat -jobname SM07_micro004_conf_1 SM07_micro004_conf_1.in
(7) jaguar run pka_deprot.bat -jobname SM07_micro004_conf_2 SM07_micro004_conf_2.in
(8) jaguar run pka_deprot.bat -jobname SM07_micro004_conf_3 SM07_micro004_conf_3.in
(9) jaguar run pka_deprot.bat -jobname SM07_micro004_conf_4 SM07_micro004_conf_4.in
(10) jaguar run pka_deprot.bat -jobname SM07_micro004_conf_5 SM07_micro004_conf_5.in

Running subjobs on hosts:
  lsf-cpu (Max: 10)
Number of jobs:       10
Max retries per job:  3
Max allowed failures: unlimited
Run with -LOCAL:      False
Verbosity:            normal

Starting JobDJ...

Keep one job on driver host: True
JobDJ columns:
  C: Number of completed subjobs
  A: Number of active subjobs (e.g., submitted, running)
  W: Number of waiting/pending subjobs

 C  A  W | Activity  JobId  JobName  JobHost
-- -- -- | --------- -----------------------
 0  1  9 | launched  ls10-0-5aec7d8a SM07_micro006_conf_1 localhost [ls10]
 0  2  8 | launched  ls10-0-5aec7d8d SM07_micro006_conf_2 lsf-cpu
 0  3  7 | launched  ls10-0-5aec7d91 SM07_micro006_conf_3 lsf-cpu
 0  4  6 | launched  ls10-0-5aec7d94 SM07_micro006_conf_4 lsf-cpu
 0  5  5 | launched  ls10-0-5aec7d98 SM07_micro006_conf_5 lsf-cpu
 0  6  4 | launched  ls10-0-5aec7d9c SM07_micro004_conf_1 lsf-cpu
 0  7  3 | launched  ls10-0-5aec7d9f SM07_micro004_conf_2 lsf-cpu
 0  8  2 | launched  ls10-0-5aec7da3 SM07_micro004_conf_3 lsf-cpu
 0  9  1 | launched  ls10-0-5aec7da7 SM07_micro004_conf_4 lsf-cpu
 0 10  0 | launched  ls10-0-5aec7dab SM07_micro004_conf_5 lsf-cpu
 1  9  0 | finished  ls10-0-5aec7d8d SM07_micro006_conf_2 lsf-cpu [ls10]
 2  8  0 | finished  ls10-0-5aec7d9f SM07_micro004_conf_2 lsf-cpu [lt17]
 3  7  0 | finished  ls10-0-5aec7d8a SM07_micro006_conf_1 localhost [ls10]
 4  6  0 | finished  ls10-0-5aec7d9c SM07_micro004_conf_1 lsf-cpu [lt17]
 5  5  0 | finished  ls10-0-5aec7da3 SM07_micro004_conf_3 lsf-cpu [ls10]
 6  4  0 | finished  ls10-0-5aec7d94 SM07_micro006_conf_4 lsf-cpu [ls16]
 7  3  0 | finished  ls10-0-5aec7d91 SM07_micro006_conf_3 lsf-cpu [ls16]
 8  2  0 | finished  ls10-0-5aec7da7 SM07_micro004_conf_4 lsf-cpu [ls10]
 9  1  0 | finished  ls10-0-5aec7d98 SM07_micro006_conf_5 lsf-cpu [ls16]
10  0  0 | finished  ls10-0-5aec7dab SM07_micro004_conf_5 lsf-cpu [ls10]

All jobs have completed.

10 of 10 job(s) succeeded; 0 job(s) failed.

Timer (distribute subjobs) : 2744.01 secs (0 hrs, 45 mins, 44 secs)

Processing QM output files...

Executing subprocess:
/data/chodera/schrodinger/schrodinger2017-4-advanced/jaguar results -energy SM07_micro006_conf_1.nrg_h.out

Executing subprocess:
/data/chodera/schrodinger/schrodinger2017-4-advanced/jaguar results -esolv SM07_micro006_conf_1.sol_h.out

Executing subprocess:
/data/chodera/schrodinger/schrodinger2017-4-advanced/jaguar results -energy SM07_micro006_conf_2.nrg_h.out

Executing subprocess:
/data/chodera/schrodinger/schrodinger2017-4-advanced/jaguar results -esolv SM07_micro006_conf_2.sol_h.out

Executing subprocess:
/data/chodera/schrodinger/schrodinger2017-4-advanced/jaguar results -energy SM07_micro006_conf_3.nrg_h.out

Executing subprocess:
/data/chodera/schrodinger/schrodinger2017-4-advanced/jaguar results -esolv SM07_micro006_conf_3.sol_h.out

Executing subprocess:
/data/chodera/schrodinger/schrodinger2017-4-advanced/jaguar results -energy SM07_micro006_conf_4.nrg_h.out

Executing subprocess:
/data/chodera/schrodinger/schrodinger2017-4-advanced/jaguar results -esolv SM07_micro006_conf_4.sol_h.out

Executing subprocess:
/data/chodera/schrodinger/schrodinger2017-4-advanced/jaguar results -energy SM07_micro006_conf_5.nrg_h.out

Executing subprocess:
/data/chodera/schrodinger/schrodinger2017-4-advanced/jaguar results -esolv SM07_micro006_conf_5.sol_h.out

Executing subprocess:
/data/chodera/schrodinger/schrodinger2017-4-advanced/jaguar results -energy SM07_micro004_conf_1.nrg.out

Executing subprocess:
/data/chodera/schrodinger/schrodinger2017-4-advanced/jaguar results -esolv SM07_micro004_conf_1.sol.out

Executing subprocess:
/data/chodera/schrodinger/schrodinger2017-4-advanced/jaguar results -energy SM07_micro004_conf_2.nrg.out

Executing subprocess:
/data/chodera/schrodinger/schrodinger2017-4-advanced/jaguar results -esolv SM07_micro004_conf_2.sol.out

Executing subprocess:
/data/chodera/schrodinger/schrodinger2017-4-advanced/jaguar results -energy SM07_micro004_conf_3.nrg.out

Executing subprocess:
/data/chodera/schrodinger/schrodinger2017-4-advanced/jaguar results -esolv SM07_micro004_conf_3.sol.out

Executing subprocess:
/data/chodera/schrodinger/schrodinger2017-4-advanced/jaguar results -energy SM07_micro004_conf_4.nrg.out

Executing subprocess:
/data/chodera/schrodinger/schrodinger2017-4-advanced/jaguar results -esolv SM07_micro004_conf_4.sol.out

Executing subprocess:
/data/chodera/schrodinger/schrodinger2017-4-advanced/jaguar results -energy SM07_micro004_conf_5.nrg.out

Executing subprocess:
/data/chodera/schrodinger/schrodinger2017-4-advanced/jaguar results -esolv SM07_micro004_conf_5.sol.out

Executing subprocess:
/data/chodera/schrodinger/schrodinger2017-4-advanced/jaguar-v9.8/bin/Linux-x86_64/pka -o SM07_micro006_deprot-out.mae -j SM07_micro006.jres -n -d

Executing subprocess:
/data/chodera/schrodinger/schrodinger2017-4-advanced/jaguar-v9.8/bin/Linux-x86_64/pka -o SM07_micro006_prot-out.mae -j SM07_micro006.jres -n

pKa calculation for SM07_micro006 completed.

pKa workflow jag_SM07_micro006_SM07_micro004 completed.

Timer (Jaguar pKa) : 3502.12 secs (0 hrs, 58 mins, 22 secs)
Timer (jaguar_backend.py) : 3502.12 secs (0 hrs, 58 mins, 22 secs)
Finished:   Fri May  4 12:21:26 2018
