Taking protonated structures from:
SM04_micro008_conf_1.dft_h.01.mae
SM04_micro008_conf_2.dft_h.01.mae
SM04_micro008_conf_3.dft_h.01.mae
SM04_micro008_conf_4.dft_h.01.mae
SM04_micro008_conf_5.dft_h.01.mae
Taking deprotonated structures from:
SM04_micro003_conf_1.dft.01.mae
SM04_micro003_conf_2.dft.01.mae
SM04_micro003_conf_3.dft.01.mae
SM04_micro003_conf_4.dft.01.mae
SM04_micro003_conf_5.dft.01.mae

Corrected results for 'protonated' structure in water:
pKa atom: 20

 # 	                  Shell                   	 pKa 	RMSD	 Contribution
---	------------------------------------------	-----	-----	--------------
1: 	NR2 attached to heterocycle               	-1.13	0.116	     0.11%
2: 	Protonation of sp3-like aliphatic nitrogen	-2.93	1.715	    94.14%
3: 	Protonation of generic atom               	-3.03	2.264	     5.75%

 Final weighted pKa value is -2.93



