Taking protonated structures from:
SM23_micro043_conf_1.dft_h.01.mae
SM23_micro043_conf_2.dft_h.01.mae
SM23_micro043_conf_3.dft_h.01.mae
SM23_micro043_conf_4.dft_h.01.mae
SM23_micro043_conf_5.dft_h.01.mae
Taking deprotonated structures from:
SM23_micro021_conf_1.dft.01.mae
SM23_micro021_conf_2.dft.01.mae
SM23_micro021_conf_3.dft.01.mae
SM23_micro021_conf_4.dft.01.mae
SM23_micro021_conf_5.dft.01.mae

Corrected results for 'protonated' structure in water:
pKa atom: 34

 # 	                  Shell                   	 pKa 	RMSD	 Contribution
---	------------------------------------------	-----	-----	--------------
1: 	secondary aniline                         	-7.27	0.275	    93.03%
2: 	Protonation of sp3-like aliphatic nitrogen	-6.27	1.715	     5.03%
3: 	Protonation of generic atom               	-6.19	2.264	     1.94%

 Final weighted pKa value is -7.20



