Command:    jaguar run pka.py -jobname jag_SM09_micro003_SM09_micro009 -PARALLEL 10 -n -csrch -prot SM09_micro003.in -deprot SM09_micro009.in
Release:    2017-4
Exec:       /data/chodera/schrodinger/schrodinger2017-4-advanced/jaguar-v9.8/bin/Linux-x86_64
Host:       ls15
JobId:      lilac-0-5aec7f98
JobDir:     /lila/data/chodera/schrodinger/tmpdir/rustenburg/jag_SM09_micro003_SM09_micro009
Date:       Fri May  4 11:43:35 2018

Contents of /lila/data/chodera/schrodinger/tmpdir/rustenburg/jag_SM09_micro003_SM09_micro009:
/lila/data/chodera/schrodinger/tmpdir/rustenburg/jag_SM09_micro003_SM09_micro009/jag_SM09_micro003_SM09_micro009.log
/lila/data/chodera/schrodinger/tmpdir/rustenburg/jag_SM09_micro003_SM09_micro009/SM09_micro009.in
/lila/data/chodera/schrodinger/tmpdir/rustenburg/jag_SM09_micro003_SM09_micro009/lilac-0-5aec7f98.recover
/lila/data/chodera/schrodinger/tmpdir/rustenburg/jag_SM09_micro003_SM09_micro009/lilac-0-5aec7f98.nodes
/lila/data/chodera/schrodinger/tmpdir/rustenburg/jag_SM09_micro003_SM09_micro009/lilac-0-5aec7f98.jlog
/lila/data/chodera/schrodinger/tmpdir/rustenburg/jag_SM09_micro003_SM09_micro009/SM09_micro009.mae
/lila/data/chodera/schrodinger/tmpdir/rustenburg/jag_SM09_micro003_SM09_micro009/lilac-0-5aec7f98.mpinodes
/lila/data/chodera/schrodinger/tmpdir/rustenburg/jag_SM09_micro003_SM09_micro009/jag_SM09_micro003_SM09_micro009.recover
/lila/data/chodera/schrodinger/tmpdir/rustenburg/jag_SM09_micro003_SM09_micro009/SM09_micro003.mae
/lila/data/chodera/schrodinger/tmpdir/rustenburg/jag_SM09_micro003_SM09_micro009/lilac-0-5aec7f98.hosts
/lila/data/chodera/schrodinger/tmpdir/rustenburg/jag_SM09_micro003_SM09_micro009/SM09_micro003.in
/lila/data/chodera/schrodinger/tmpdir/rustenburg/jag_SM09_micro003_SM09_micro009/lilac-0-5aec7f98

=====================
 Jaguar pKa workflow
=====================

Analysing user-provided (prot, deprot) pair:
(SM09_micro003.in, SM09_micro009.in)
Found labile hydrogen 27 in SM09_micro003.in
Found labile hydrogen at atom 9 in SM09_micro009.in
Adding 'ipkat' keyword to input files.

Identifying pKa functional group for pair:
(SM09_micro003, SM09_micro009)

Executing subprocess:
/data/chodera/schrodinger/schrodinger2017-4-advanced/jaguar-v9.8/bin/Linux-x86_64/pka -i -j SM09_micro003.tmp.jres -n

Taking protonated structures from:
SM09_micro003.mae
Taking deprotonated structures from:
SM09_micro009.mae

This molecule from 'SM09_micro003.mae' in water was recognized as:

 # 	                  Shell                   
---	------------------------------------------
1: 	Protonation of sp2-like aliphatic nitrogen
2: 	Protonation of generic atom               


Executing conformational search...

Executing 2 distributed subjobs:
---------------------------------

No more than 8 cpu(s) will be used per subjob.
No more than 10 cpu(s) will be used simultaneously.

Processing the following subjobs:
(1) jaguar run csrch.py SM09_micro003.mae -jobname SM09_micro003 -max_conf 5 -erg_window 50.208 -acc_level 1 -TPP 5
(2) jaguar run csrch.py SM09_micro009.mae -jobname SM09_micro009 -max_conf 5 -erg_window 50.208 -acc_level 1 -TPP 5

Running subjobs on hosts:
  lsf-cpu (Max: 2)
Number of jobs:       2
Max retries per job:  3
Max allowed failures: unlimited
Run with -LOCAL:      False
Verbosity:            normal

Starting JobDJ...

Keep one job on driver host: False
JobDJ columns:
  C: Number of completed subjobs
  A: Number of active subjobs (e.g., submitted, running)
  W: Number of waiting/pending subjobs

C A W | Activity  JobId  JobName  JobHost
- - - | --------- -----------------------
0 1 1 | launched  ls15-0-5aec7fad SM09_micro003 lsf-cpu
0 2 0 | launched  ls15-0-5aec7fb0 SM09_micro009 lsf-cpu
1 1 0 | finished  ls15-0-5aec7fad SM09_micro003 lsf-cpu
2 0 0 | finished  ls15-0-5aec7fb0 SM09_micro009 lsf-cpu

All jobs have completed.

2 of 2 job(s) succeeded; 0 job(s) failed.

Timer (distribute subjobs) : 758.00 secs (0 hrs, 12 mins, 38 secs)

Setting up QM workflow for (protonated, deprotonated) pair:
(1) (SM09_micro003, SM09_micro009)

Executing Jaguar quantum-mechanical subjobs...

Executing 10 distributed subjobs:
----------------------------------

No more than 8 cpu(s) will be used per subjob.
No more than 10 cpu(s) will be used simultaneously.

Processing the following subjobs:
(1) jaguar run pka_prot.bat -jobname SM09_micro003_conf_1 SM09_micro003_conf_1.in
(2) jaguar run pka_prot.bat -jobname SM09_micro003_conf_2 SM09_micro003_conf_2.in
(3) jaguar run pka_prot.bat -jobname SM09_micro003_conf_3 SM09_micro003_conf_3.in
(4) jaguar run pka_prot.bat -jobname SM09_micro003_conf_4 SM09_micro003_conf_4.in
(5) jaguar run pka_prot.bat -jobname SM09_micro003_conf_5 SM09_micro003_conf_5.in
(6) jaguar run pka_deprot.bat -jobname SM09_micro009_conf_1 SM09_micro009_conf_1.in
(7) jaguar run pka_deprot.bat -jobname SM09_micro009_conf_2 SM09_micro009_conf_2.in
(8) jaguar run pka_deprot.bat -jobname SM09_micro009_conf_3 SM09_micro009_conf_3.in
(9) jaguar run pka_deprot.bat -jobname SM09_micro009_conf_4 SM09_micro009_conf_4.in
(10) jaguar run pka_deprot.bat -jobname SM09_micro009_conf_5 SM09_micro009_conf_5.in

Running subjobs on hosts:
  lsf-cpu (Max: 10)
Number of jobs:       10
Max retries per job:  3
Max allowed failures: unlimited
Run with -LOCAL:      False
Verbosity:            normal

Starting JobDJ...

Keep one job on driver host: True
JobDJ columns:
  C: Number of completed subjobs
  A: Number of active subjobs (e.g., submitted, running)
  W: Number of waiting/pending subjobs

 C  A  W | Activity  JobId  JobName  JobHost
-- -- -- | --------- -----------------------
 0  1  9 | launched  ls15-0-5aec82a5 SM09_micro003_conf_1 localhost [ls15]
 0  2  8 | launched  ls15-0-5aec82a9 SM09_micro003_conf_2 lsf-cpu
 0  3  7 | launched  ls15-0-5aec82ae SM09_micro003_conf_3 lsf-cpu
 0  4  6 | launched  ls15-0-5aec82b2 SM09_micro003_conf_4 lsf-cpu
 0  5  5 | launched  ls15-0-5aec82b8 SM09_micro003_conf_5 lsf-cpu
 0  6  4 | launched  ls15-0-5aec82bd SM09_micro009_conf_1 lsf-cpu
 0  7  3 | launched  ls15-0-5aec82c3 SM09_micro009_conf_2 lsf-cpu
 0  8  2 | launched  ls15-0-5aec82c8 SM09_micro009_conf_3 lsf-cpu
 0  9  1 | launched  ls15-0-5aec82ce SM09_micro009_conf_4 lsf-cpu
 0 10  0 | launched  ls15-0-5aec82d4 SM09_micro009_conf_5 lsf-cpu
 1  9  0 | finished  ls15-0-5aec82d4 SM09_micro009_conf_5 lsf-cpu [ls01]
 2  8  0 | finished  ls15-0-5aec82a5 SM09_micro003_conf_1 localhost [ls15]
 3  7  0 | finished  ls15-0-5aec82b8 SM09_micro003_conf_5 lsf-cpu [lt12]
 4  6  0 | finished  ls15-0-5aec82bd SM09_micro009_conf_1 lsf-cpu [ls10]
 5  5  0 | finished  ls15-0-5aec82ce SM09_micro009_conf_4 lsf-cpu [ls10]
 6  4  0 | finished  ls15-0-5aec82ae SM09_micro003_conf_3 lsf-cpu [lt14]
 7  3  0 | finished  ls15-0-5aec82b2 SM09_micro003_conf_4 lsf-cpu [lt11]
 8  2  0 | finished  ls15-0-5aec82c3 SM09_micro009_conf_2 lsf-cpu [ls10]
 9  1  0 | finished  ls15-0-5aec82c8 SM09_micro009_conf_3 lsf-cpu [ls10]
10  0  0 | finished  ls15-0-5aec82a9 SM09_micro003_conf_2 lsf-cpu [lt11]

All jobs have completed.

10 of 10 job(s) succeeded; 0 job(s) failed.

Timer (distribute subjobs) : 2923.21 secs (0 hrs, 48 mins, 43 secs)

Processing QM output files...

Executing subprocess:
/data/chodera/schrodinger/schrodinger2017-4-advanced/jaguar results -energy SM09_micro003_conf_1.nrg_h.out

Executing subprocess:
/data/chodera/schrodinger/schrodinger2017-4-advanced/jaguar results -esolv SM09_micro003_conf_1.sol_h.out

Executing subprocess:
/data/chodera/schrodinger/schrodinger2017-4-advanced/jaguar results -energy SM09_micro003_conf_2.nrg_h.out

Executing subprocess:
/data/chodera/schrodinger/schrodinger2017-4-advanced/jaguar results -esolv SM09_micro003_conf_2.sol_h.out

Executing subprocess:
/data/chodera/schrodinger/schrodinger2017-4-advanced/jaguar results -energy SM09_micro003_conf_3.nrg_h.out

Executing subprocess:
/data/chodera/schrodinger/schrodinger2017-4-advanced/jaguar results -esolv SM09_micro003_conf_3.sol_h.out

Executing subprocess:
/data/chodera/schrodinger/schrodinger2017-4-advanced/jaguar results -energy SM09_micro003_conf_4.nrg_h.out

Executing subprocess:
/data/chodera/schrodinger/schrodinger2017-4-advanced/jaguar results -esolv SM09_micro003_conf_4.sol_h.out

Executing subprocess:
/data/chodera/schrodinger/schrodinger2017-4-advanced/jaguar results -energy SM09_micro003_conf_5.nrg_h.out

Executing subprocess:
/data/chodera/schrodinger/schrodinger2017-4-advanced/jaguar results -esolv SM09_micro003_conf_5.sol_h.out

Executing subprocess:
/data/chodera/schrodinger/schrodinger2017-4-advanced/jaguar results -energy SM09_micro009_conf_1.nrg.out

Executing subprocess:
/data/chodera/schrodinger/schrodinger2017-4-advanced/jaguar results -esolv SM09_micro009_conf_1.sol.out

Executing subprocess:
/data/chodera/schrodinger/schrodinger2017-4-advanced/jaguar results -energy SM09_micro009_conf_2.nrg.out

Executing subprocess:
/data/chodera/schrodinger/schrodinger2017-4-advanced/jaguar results -esolv SM09_micro009_conf_2.sol.out

Executing subprocess:
/data/chodera/schrodinger/schrodinger2017-4-advanced/jaguar results -energy SM09_micro009_conf_3.nrg.out

Executing subprocess:
/data/chodera/schrodinger/schrodinger2017-4-advanced/jaguar results -esolv SM09_micro009_conf_3.sol.out

Executing subprocess:
/data/chodera/schrodinger/schrodinger2017-4-advanced/jaguar results -energy SM09_micro009_conf_4.nrg.out

Executing subprocess:
/data/chodera/schrodinger/schrodinger2017-4-advanced/jaguar results -esolv SM09_micro009_conf_4.sol.out

Executing subprocess:
/data/chodera/schrodinger/schrodinger2017-4-advanced/jaguar results -energy SM09_micro009_conf_5.nrg.out

Executing subprocess:
/data/chodera/schrodinger/schrodinger2017-4-advanced/jaguar results -esolv SM09_micro009_conf_5.sol.out

Executing subprocess:
/data/chodera/schrodinger/schrodinger2017-4-advanced/jaguar-v9.8/bin/Linux-x86_64/pka -o SM09_micro003_deprot-out.mae -j SM09_micro003.jres -n -d

Executing subprocess:
/data/chodera/schrodinger/schrodinger2017-4-advanced/jaguar-v9.8/bin/Linux-x86_64/pka -o SM09_micro003_prot-out.mae -j SM09_micro003.jres -n

pKa calculation for SM09_micro003 completed.

pKa workflow jag_SM09_micro003_SM09_micro009 completed.

Timer (Jaguar pKa) : 3798.48 secs (1 hrs, 03 mins, 18 secs)
Timer (jaguar_backend.py) : 3798.48 secs (1 hrs, 03 mins, 18 secs)
Finished:   Fri May  4 12:46:53 2018
