Taking protonated structures from:
SM04_micro006_conf_1.dft_h.01.mae
SM04_micro006_conf_2.dft_h.01.mae
SM04_micro006_conf_3.dft_h.01.mae
SM04_micro006_conf_4.dft_h.01.mae
SM04_micro006_conf_5.dft_h.01.mae
Taking deprotonated structures from:
SM04_micro003_conf_1.dft.01.mae
SM04_micro003_conf_2.dft.01.mae
SM04_micro003_conf_3.dft.01.mae
SM04_micro003_conf_4.dft.01.mae
SM04_micro003_conf_5.dft.01.mae

Corrected results for 'protonated' structure in water:
pKa atom: 20

 # 	           Shell           	 pKa 	RMSD	 Contribution
---	---------------------------	-----	-----	--------------
1: 	pyrimidine                 	 2.36	0.242	    75.49%
2: 	heterocycle custom 1       	 3.20	0.617	     9.50%
3: 	heterocycle                	 3.43	0.837	     6.40%
4: 	Protonation of generic atom	 4.02	2.264	     8.60%

 Final weighted pKa value is 2.65



