Taking protonated structures from:
SM24_micro033_conf_1.dft_h.01.mae
SM24_micro033_conf_2.dft_h.01.mae
SM24_micro033_conf_3.dft_h.01.mae
SM24_micro033_conf_4.dft_h.01.mae
SM24_micro033_conf_5.dft_h.01.mae
Taking deprotonated structures from:
SM24_micro017_conf_1.dft.01.mae
SM24_micro017_conf_2.dft.01.mae
SM24_micro017_conf_3.dft.01.mae
SM24_micro017_conf_4.dft.01.mae
SM24_micro017_conf_5.dft.01.mae

Corrected results for 'protonated' structure in water:
pKa atom: 30

 # 	           Shell           	 pKa 	RMSD	 Contribution
---	---------------------------	-----	-----	--------------
1: 	pyrimidine                 	-3.45	0.242	    72.00%
2: 	heterocycle custom 1       	-6.77	0.617	    12.34%
3: 	heterocycle                	-6.11	0.837	    13.05%
4: 	Protonation of generic atom	-3.37	2.264	     2.61%

 Final weighted pKa value is -4.21



