Command:    jaguar run pka.py -jobname jag_SM10_micro014_SM10_micro002 -PARALLEL 10 -n -csrch -prot SM10_micro014.in -deprot SM10_micro002.in
Release:    2017-4
Exec:       /data/chodera/schrodinger/schrodinger2017-4-advanced/jaguar-v9.8/bin/Linux-x86_64
Host:       ls04
JobId:      lilac-0-5aec8038
JobDir:     /lila/data/chodera/schrodinger/tmpdir/rustenburg/jag_SM10_micro014_SM10_micro002
Date:       Fri May  4 11:47:28 2018

Contents of /lila/data/chodera/schrodinger/tmpdir/rustenburg/jag_SM10_micro014_SM10_micro002:
/lila/data/chodera/schrodinger/tmpdir/rustenburg/jag_SM10_micro014_SM10_micro002/jag_SM10_micro014_SM10_micro002.recover
/lila/data/chodera/schrodinger/tmpdir/rustenburg/jag_SM10_micro014_SM10_micro002/lilac-0-5aec8038.recover
/lila/data/chodera/schrodinger/tmpdir/rustenburg/jag_SM10_micro014_SM10_micro002/lilac-0-5aec8038.hosts
/lila/data/chodera/schrodinger/tmpdir/rustenburg/jag_SM10_micro014_SM10_micro002/lilac-0-5aec8038.jlog
/lila/data/chodera/schrodinger/tmpdir/rustenburg/jag_SM10_micro014_SM10_micro002/lilac-0-5aec8038.nodes
/lila/data/chodera/schrodinger/tmpdir/rustenburg/jag_SM10_micro014_SM10_micro002/SM10_micro014.in
/lila/data/chodera/schrodinger/tmpdir/rustenburg/jag_SM10_micro014_SM10_micro002/SM10_micro002.in
/lila/data/chodera/schrodinger/tmpdir/rustenburg/jag_SM10_micro014_SM10_micro002/lilac-0-5aec8038
/lila/data/chodera/schrodinger/tmpdir/rustenburg/jag_SM10_micro014_SM10_micro002/lilac-0-5aec8038.mpinodes
/lila/data/chodera/schrodinger/tmpdir/rustenburg/jag_SM10_micro014_SM10_micro002/SM10_micro002.mae
/lila/data/chodera/schrodinger/tmpdir/rustenburg/jag_SM10_micro014_SM10_micro002/jag_SM10_micro014_SM10_micro002.log
/lila/data/chodera/schrodinger/tmpdir/rustenburg/jag_SM10_micro014_SM10_micro002/SM10_micro014.mae

=====================
 Jaguar pKa workflow
=====================

Analysing user-provided (prot, deprot) pair:
(SM10_micro014.in, SM10_micro002.in)
Found labile hydrogen 29 in SM10_micro014.in
Found labile hydrogen at atom 12 in SM10_micro002.in
Adding 'ipkat' keyword to input files.

Identifying pKa functional group for pair:
(SM10_micro014, SM10_micro002)

Executing subprocess:
/data/chodera/schrodinger/schrodinger2017-4-advanced/jaguar-v9.8/bin/Linux-x86_64/pka -i -j SM10_micro014.tmp.jres -n

Taking protonated structures from:
SM10_micro014.mae
Taking deprotonated structures from:
SM10_micro002.mae

This molecule from 'SM10_micro014.mae' in water was recognized as:

 # 	            Shell             
---	------------------------------
1: 	enol                          
2: 	Protonation of generic atom   
3: 	Protonation of sp2-like oxygen


Executing conformational search...

Executing 2 distributed subjobs:
---------------------------------

No more than 8 cpu(s) will be used per subjob.
No more than 10 cpu(s) will be used simultaneously.

Processing the following subjobs:
(1) jaguar run csrch.py SM10_micro014.mae -jobname SM10_micro014 -max_conf 5 -erg_window 50.208 -acc_level 1 -TPP 5
(2) jaguar run csrch.py SM10_micro002.mae -jobname SM10_micro002 -max_conf 5 -erg_window 50.208 -acc_level 1 -TPP 5

Running subjobs on hosts:
  lsf-cpu (Max: 2)
Number of jobs:       2
Max retries per job:  3
Max allowed failures: unlimited
Run with -LOCAL:      False
Verbosity:            normal

Starting JobDJ...

Keep one job on driver host: False
JobDJ columns:
  C: Number of completed subjobs
  A: Number of active subjobs (e.g., submitted, running)
  W: Number of waiting/pending subjobs

C A W | Activity  JobId  JobName  JobHost
- - - | --------- -----------------------
0 1 1 | launched  ls04-1-5aec8096 SM10_micro014 lsf-cpu
0 2 0 | launched  ls04-2-5aec8099 SM10_micro002 lsf-cpu
1 1 0 | finished  ls04-1-5aec8096 SM10_micro014 lsf-cpu [ls12]
2 0 0 | finished  ls04-2-5aec8099 SM10_micro002 lsf-cpu [lt08]

All jobs have completed.

2 of 2 job(s) succeeded; 0 job(s) failed.

Timer (distribute subjobs) : 1202.58 secs (0 hrs, 20 mins, 02 secs)

Setting up QM workflow for (protonated, deprotonated) pair:
(1) (SM10_micro014, SM10_micro002)

Executing Jaguar quantum-mechanical subjobs...

Executing 10 distributed subjobs:
----------------------------------

No more than 8 cpu(s) will be used per subjob.
No more than 10 cpu(s) will be used simultaneously.

Processing the following subjobs:
(1) jaguar run pka_prot.bat -jobname SM10_micro014_conf_1 SM10_micro014_conf_1.in
(2) jaguar run pka_prot.bat -jobname SM10_micro014_conf_2 SM10_micro014_conf_2.in
(3) jaguar run pka_prot.bat -jobname SM10_micro014_conf_3 SM10_micro014_conf_3.in
(4) jaguar run pka_prot.bat -jobname SM10_micro014_conf_4 SM10_micro014_conf_4.in
(5) jaguar run pka_prot.bat -jobname SM10_micro014_conf_5 SM10_micro014_conf_5.in
(6) jaguar run pka_deprot.bat -jobname SM10_micro002_conf_1 SM10_micro002_conf_1.in
(7) jaguar run pka_deprot.bat -jobname SM10_micro002_conf_2 SM10_micro002_conf_2.in
(8) jaguar run pka_deprot.bat -jobname SM10_micro002_conf_3 SM10_micro002_conf_3.in
(9) jaguar run pka_deprot.bat -jobname SM10_micro002_conf_4 SM10_micro002_conf_4.in
(10) jaguar run pka_deprot.bat -jobname SM10_micro002_conf_5 SM10_micro002_conf_5.in

Running subjobs on hosts:
  lsf-cpu (Max: 10)
Number of jobs:       10
Max retries per job:  3
Max allowed failures: unlimited
Run with -LOCAL:      False
Verbosity:            normal

Starting JobDJ...

Keep one job on driver host: True
JobDJ columns:
  C: Number of completed subjobs
  A: Number of active subjobs (e.g., submitted, running)
  W: Number of waiting/pending subjobs

 C  A  W | Activity  JobId  JobName  JobHost
-- -- -- | --------- -----------------------
 0  1  9 | launched  ls04-0-5aec854a SM10_micro014_conf_1 localhost [ls04]
 0  2  8 | launched  ls04-1-5aec854f SM10_micro014_conf_2 lsf-cpu
 0  3  7 | launched  ls04-1-5aec8554 SM10_micro014_conf_3 lsf-cpu
 0  4  6 | launched  ls04-1-5aec8558 SM10_micro014_conf_4 lsf-cpu
 0  5  5 | launched  ls04-0-5aec855c SM10_micro014_conf_5 lsf-cpu
 0  6  4 | launched  ls04-1-5aec8562 SM10_micro002_conf_1 lsf-cpu
 0  7  3 | launched  ls04-1-5aec8567 SM10_micro002_conf_2 lsf-cpu
 0  8  2 | launched  ls04-1-5aec856c SM10_micro002_conf_3 lsf-cpu
 0  9  1 | launched  ls04-2-5aec8573 SM10_micro002_conf_4 lsf-cpu
 0 10  0 | launched  ls04-1-5aec8577 SM10_micro002_conf_5 lsf-cpu
 1  9  0 | finished  ls04-1-5aec8577 SM10_micro002_conf_5 lsf-cpu [lt02]
 2  8  0 | finished  ls04-0-5aec855c SM10_micro014_conf_5 lsf-cpu [ls16]
 3  7  0 | finished  ls04-1-5aec8554 SM10_micro014_conf_3 lsf-cpu [ls16]
 4  6  0 | finished  ls04-1-5aec856c SM10_micro002_conf_3 lsf-cpu [ls13]
 5  5  0 | finished  ls04-1-5aec8567 SM10_micro002_conf_2 lsf-cpu [ls16]
 6  4  0 | finished  ls04-1-5aec8558 SM10_micro014_conf_4 lsf-cpu [ls16]
 7  3  0 | finished  ls04-1-5aec8562 SM10_micro002_conf_1 lsf-cpu [ls16]
 8  2  0 | finished  ls04-0-5aec854a SM10_micro014_conf_1 localhost [ls04]
 9  1  0 | finished  ls04-2-5aec8573 SM10_micro002_conf_4 lsf-cpu [lt02]
10  0  0 | finished  ls04-1-5aec854f SM10_micro014_conf_2 lsf-cpu [ls07]

All jobs have completed.

10 of 10 job(s) succeeded; 0 job(s) failed.

Timer (distribute subjobs) : 5210.19 secs (1 hrs, 26 mins, 50 secs)

Processing QM output files...

Executing subprocess:
/data/chodera/schrodinger/schrodinger2017-4-advanced/jaguar results -energy SM10_micro014_conf_1.nrg_h.out

Executing subprocess:
/data/chodera/schrodinger/schrodinger2017-4-advanced/jaguar results -esolv SM10_micro014_conf_1.sol_h.out

Executing subprocess:
/data/chodera/schrodinger/schrodinger2017-4-advanced/jaguar results -energy SM10_micro014_conf_2.nrg_h.out

Executing subprocess:
/data/chodera/schrodinger/schrodinger2017-4-advanced/jaguar results -esolv SM10_micro014_conf_2.sol_h.out

Executing subprocess:
/data/chodera/schrodinger/schrodinger2017-4-advanced/jaguar results -energy SM10_micro014_conf_3.nrg_h.out

Executing subprocess:
/data/chodera/schrodinger/schrodinger2017-4-advanced/jaguar results -esolv SM10_micro014_conf_3.sol_h.out

Executing subprocess:
/data/chodera/schrodinger/schrodinger2017-4-advanced/jaguar results -energy SM10_micro014_conf_4.nrg_h.out

Executing subprocess:
/data/chodera/schrodinger/schrodinger2017-4-advanced/jaguar results -esolv SM10_micro014_conf_4.sol_h.out

Executing subprocess:
/data/chodera/schrodinger/schrodinger2017-4-advanced/jaguar results -energy SM10_micro014_conf_5.nrg_h.out

Executing subprocess:
/data/chodera/schrodinger/schrodinger2017-4-advanced/jaguar results -esolv SM10_micro014_conf_5.sol_h.out

Executing subprocess:
/data/chodera/schrodinger/schrodinger2017-4-advanced/jaguar results -energy SM10_micro002_conf_1.nrg.out

Executing subprocess:
/data/chodera/schrodinger/schrodinger2017-4-advanced/jaguar results -esolv SM10_micro002_conf_1.sol.out

Executing subprocess:
/data/chodera/schrodinger/schrodinger2017-4-advanced/jaguar results -energy SM10_micro002_conf_2.nrg.out

Executing subprocess:
/data/chodera/schrodinger/schrodinger2017-4-advanced/jaguar results -esolv SM10_micro002_conf_2.sol.out

Executing subprocess:
/data/chodera/schrodinger/schrodinger2017-4-advanced/jaguar results -energy SM10_micro002_conf_3.nrg.out

Executing subprocess:
/data/chodera/schrodinger/schrodinger2017-4-advanced/jaguar results -esolv SM10_micro002_conf_3.sol.out

Executing subprocess:
/data/chodera/schrodinger/schrodinger2017-4-advanced/jaguar results -energy SM10_micro002_conf_4.nrg.out

Executing subprocess:
/data/chodera/schrodinger/schrodinger2017-4-advanced/jaguar results -esolv SM10_micro002_conf_4.sol.out

Executing subprocess:
/data/chodera/schrodinger/schrodinger2017-4-advanced/jaguar results -energy SM10_micro002_conf_5.nrg.out

Executing subprocess:
/data/chodera/schrodinger/schrodinger2017-4-advanced/jaguar results -esolv SM10_micro002_conf_5.sol.out

Executing subprocess:
/data/chodera/schrodinger/schrodinger2017-4-advanced/jaguar-v9.8/bin/Linux-x86_64/pka -o SM10_micro014_deprot-out.mae -j SM10_micro014.jres -n -d

Executing subprocess:
/data/chodera/schrodinger/schrodinger2017-4-advanced/jaguar-v9.8/bin/Linux-x86_64/pka -o SM10_micro014_prot-out.mae -j SM10_micro014.jres -n

pKa calculation for SM10_micro014 completed.

pKa workflow jag_SM10_micro014_SM10_micro002 completed.

Timer (Jaguar pKa) : 6487.95 secs (1 hrs, 48 mins, 07 secs)
Timer (jaguar_backend.py) : 6487.96 secs (1 hrs, 48 mins, 07 secs)
Finished:   Fri May  4 13:35:36 2018
