Command:    jaguar run pka.py -jobname jag_SM02_micro013_SM02_micro005 -PARALLEL 10 -n -csrch -prot SM02_micro013.in -deprot SM02_micro005.in
Release:    2017-4
Exec:       /data/chodera/schrodinger/schrodinger2017-4-advanced/jaguar-v9.8/bin/Linux-x86_64
Host:       ls01
JobId:      lilac-0-5aec6722
JobDir:     /lila/data/chodera/schrodinger/tmpdir/rustenburg/jag_SM02_micro013_SM02_micro005
Date:       Fri May  4 09:59:03 2018

Contents of /lila/data/chodera/schrodinger/tmpdir/rustenburg/jag_SM02_micro013_SM02_micro005:
/lila/data/chodera/schrodinger/tmpdir/rustenburg/jag_SM02_micro013_SM02_micro005/lilac-0-5aec6722.recover
/lila/data/chodera/schrodinger/tmpdir/rustenburg/jag_SM02_micro013_SM02_micro005/jag_SM02_micro013_SM02_micro005.log
/lila/data/chodera/schrodinger/tmpdir/rustenburg/jag_SM02_micro013_SM02_micro005/jag_SM02_micro013_SM02_micro005.recover
/lila/data/chodera/schrodinger/tmpdir/rustenburg/jag_SM02_micro013_SM02_micro005/lilac-0-5aec6722
/lila/data/chodera/schrodinger/tmpdir/rustenburg/jag_SM02_micro013_SM02_micro005/SM02_micro013.in
/lila/data/chodera/schrodinger/tmpdir/rustenburg/jag_SM02_micro013_SM02_micro005/SM02_micro005.in
/lila/data/chodera/schrodinger/tmpdir/rustenburg/jag_SM02_micro013_SM02_micro005/SM02_micro013.mae
/lila/data/chodera/schrodinger/tmpdir/rustenburg/jag_SM02_micro013_SM02_micro005/lilac-0-5aec6722.mpinodes
/lila/data/chodera/schrodinger/tmpdir/rustenburg/jag_SM02_micro013_SM02_micro005/lilac-0-5aec6722.jlog
/lila/data/chodera/schrodinger/tmpdir/rustenburg/jag_SM02_micro013_SM02_micro005/SM02_micro005.mae
/lila/data/chodera/schrodinger/tmpdir/rustenburg/jag_SM02_micro013_SM02_micro005/lilac-0-5aec6722.nodes
/lila/data/chodera/schrodinger/tmpdir/rustenburg/jag_SM02_micro013_SM02_micro005/lilac-0-5aec6722.hosts

=====================
 Jaguar pKa workflow
=====================

Analysing user-provided (prot, deprot) pair:
(SM02_micro013.in, SM02_micro005.in)
Found labile hydrogen 23 in SM02_micro013.in
Found labile hydrogen at atom 11 in SM02_micro005.in
Adding 'ipkat' keyword to input files.

Identifying pKa functional group for pair:
(SM02_micro013, SM02_micro005)

Executing subprocess:
/data/chodera/schrodinger/schrodinger2017-4-advanced/jaguar-v9.8/bin/Linux-x86_64/pka -i -j SM02_micro013.tmp.jres -n

Taking protonated structures from:
SM02_micro013.mae
Taking deprotonated structures from:
SM02_micro005.mae

This molecule from 'SM02_micro013.mae' in water was recognized as:

 # 	                  Shell                   
---	------------------------------------------
1: 	secondary aniline                         
2: 	Protonation of sp3-like aliphatic nitrogen
3: 	Protonation of generic atom               


Executing conformational search...

Executing 2 distributed subjobs:
---------------------------------

No more than 8 cpu(s) will be used per subjob.
No more than 10 cpu(s) will be used simultaneously.

Processing the following subjobs:
(1) jaguar run csrch.py SM02_micro013.mae -jobname SM02_micro013 -max_conf 5 -erg_window 50.208 -acc_level 1 -TPP 5
(2) jaguar run csrch.py SM02_micro005.mae -jobname SM02_micro005 -max_conf 5 -erg_window 50.208 -acc_level 1 -TPP 5

Running subjobs on hosts:
  lsf-cpu (Max: 2)
Number of jobs:       2
Max retries per job:  3
Max allowed failures: unlimited
Run with -LOCAL:      False
Verbosity:            normal

Starting JobDJ...

Keep one job on driver host: False
JobDJ columns:
  C: Number of completed subjobs
  A: Number of active subjobs (e.g., submitted, running)
  W: Number of waiting/pending subjobs

C A W | Activity  JobId  JobName  JobHost
- - - | --------- -----------------------
0 1 1 | launched  ls01-0-5aec672b SM02_micro013 lsf-cpu
0 2 0 | launched  ls01-0-5aec672f SM02_micro005 lsf-cpu
1 1 0 | finished  ls01-0-5aec672f SM02_micro005 lsf-cpu
2 0 0 | finished  ls01-0-5aec672b SM02_micro013 lsf-cpu

All jobs have completed.

2 of 2 job(s) succeeded; 0 job(s) failed.

Timer (distribute subjobs) : 565.43 secs (0 hrs, 09 mins, 25 secs)

Setting up QM workflow for (protonated, deprotonated) pair:
(1) (SM02_micro013, SM02_micro005)

Executing Jaguar quantum-mechanical subjobs...

Executing 10 distributed subjobs:
----------------------------------

No more than 8 cpu(s) will be used per subjob.
No more than 10 cpu(s) will be used simultaneously.

Processing the following subjobs:
(1) jaguar run pka_prot.bat -jobname SM02_micro013_conf_1 SM02_micro013_conf_1.in
(2) jaguar run pka_prot.bat -jobname SM02_micro013_conf_2 SM02_micro013_conf_2.in
(3) jaguar run pka_prot.bat -jobname SM02_micro013_conf_3 SM02_micro013_conf_3.in
(4) jaguar run pka_prot.bat -jobname SM02_micro013_conf_4 SM02_micro013_conf_4.in
(5) jaguar run pka_prot.bat -jobname SM02_micro013_conf_5 SM02_micro013_conf_5.in
(6) jaguar run pka_deprot.bat -jobname SM02_micro005_conf_1 SM02_micro005_conf_1.in
(7) jaguar run pka_deprot.bat -jobname SM02_micro005_conf_2 SM02_micro005_conf_2.in
(8) jaguar run pka_deprot.bat -jobname SM02_micro005_conf_3 SM02_micro005_conf_3.in
(9) jaguar run pka_deprot.bat -jobname SM02_micro005_conf_4 SM02_micro005_conf_4.in
(10) jaguar run pka_deprot.bat -jobname SM02_micro005_conf_5 SM02_micro005_conf_5.in

Running subjobs on hosts:
  lsf-cpu (Max: 10)
Number of jobs:       10
Max retries per job:  3
Max allowed failures: unlimited
Run with -LOCAL:      False
Verbosity:            normal

Starting JobDJ...

Keep one job on driver host: True
JobDJ columns:
  C: Number of completed subjobs
  A: Number of active subjobs (e.g., submitted, running)
  W: Number of waiting/pending subjobs

 C  A  W | Activity  JobId  JobName  JobHost
-- -- -- | --------- -----------------------
 0  1  9 | launched  ls01-0-5aec6967 SM02_micro013_conf_1 localhost [ls01]
 0  2  8 | launched  ls01-0-5aec6970 SM02_micro013_conf_2 lsf-cpu
 0  3  7 | launched  ls01-0-5aec697a SM02_micro013_conf_3 lsf-cpu
 0  4  6 | launched  ls01-0-5aec6982 SM02_micro013_conf_4 lsf-cpu
 0  5  5 | launched  ls01-0-5aec698c SM02_micro013_conf_5 lsf-cpu
 0  6  4 | launched  ls01-2-5aec6992 SM02_micro005_conf_1 lsf-cpu
 0  7  3 | launched  ls01-0-5aec6996 SM02_micro005_conf_2 lsf-cpu
 0  8  2 | launched  ls01-0-5aec699a SM02_micro005_conf_3 lsf-cpu
 0  9  1 | launched  ls01-0-5aec699d SM02_micro005_conf_4 lsf-cpu
 0 10  0 | launched  ls01-0-5aec69a1 SM02_micro005_conf_5 lsf-cpu
 1  9  0 | finished  ls01-0-5aec6967 SM02_micro013_conf_1 localhost [ls01]
 2  8  0 | finished  ls01-0-5aec6996 SM02_micro005_conf_2 lsf-cpu [lt02]
 3  7  0 | finished  ls01-0-5aec699a SM02_micro005_conf_3 lsf-cpu [lt02]
 4  6  0 | finished  ls01-0-5aec6982 SM02_micro013_conf_4 lsf-cpu [ls01]
 5  5  0 | finished  ls01-0-5aec699d SM02_micro005_conf_4 lsf-cpu [ls17]
 6  4  0 | finished  ls01-0-5aec6970 SM02_micro013_conf_2 lsf-cpu [lt08]
 7  3  0 | finished  ls01-0-5aec698c SM02_micro013_conf_5 lsf-cpu [ls01]
 8  2  0 | finished  ls01-0-5aec697a SM02_micro013_conf_3 lsf-cpu [lt22]
 9  1  0 | finished  ls01-2-5aec6992 SM02_micro005_conf_1 lsf-cpu [ls01]
10  0  0 | finished  ls01-0-5aec69a1 SM02_micro005_conf_5 lsf-cpu [ls17]

All jobs have completed.

10 of 10 job(s) succeeded; 0 job(s) failed.

Timer (distribute subjobs) : 4441.81 secs (1 hrs, 14 mins, 01 secs)

Processing QM output files...

Executing subprocess:
/data/chodera/schrodinger/schrodinger2017-4-advanced/jaguar results -energy SM02_micro013_conf_1.nrg_h.out

Executing subprocess:
/data/chodera/schrodinger/schrodinger2017-4-advanced/jaguar results -esolv SM02_micro013_conf_1.sol_h.out

Executing subprocess:
/data/chodera/schrodinger/schrodinger2017-4-advanced/jaguar results -energy SM02_micro013_conf_2.nrg_h.out

Executing subprocess:
/data/chodera/schrodinger/schrodinger2017-4-advanced/jaguar results -esolv SM02_micro013_conf_2.sol_h.out

Executing subprocess:
/data/chodera/schrodinger/schrodinger2017-4-advanced/jaguar results -energy SM02_micro013_conf_3.nrg_h.out

Executing subprocess:
/data/chodera/schrodinger/schrodinger2017-4-advanced/jaguar results -esolv SM02_micro013_conf_3.sol_h.out

Executing subprocess:
/data/chodera/schrodinger/schrodinger2017-4-advanced/jaguar results -energy SM02_micro013_conf_4.nrg_h.out

Executing subprocess:
/data/chodera/schrodinger/schrodinger2017-4-advanced/jaguar results -esolv SM02_micro013_conf_4.sol_h.out

Executing subprocess:
/data/chodera/schrodinger/schrodinger2017-4-advanced/jaguar results -energy SM02_micro013_conf_5.nrg_h.out

Executing subprocess:
/data/chodera/schrodinger/schrodinger2017-4-advanced/jaguar results -esolv SM02_micro013_conf_5.sol_h.out

Executing subprocess:
/data/chodera/schrodinger/schrodinger2017-4-advanced/jaguar results -energy SM02_micro005_conf_1.nrg.out

Executing subprocess:
/data/chodera/schrodinger/schrodinger2017-4-advanced/jaguar results -esolv SM02_micro005_conf_1.sol.out

Executing subprocess:
/data/chodera/schrodinger/schrodinger2017-4-advanced/jaguar results -energy SM02_micro005_conf_2.nrg.out

Executing subprocess:
/data/chodera/schrodinger/schrodinger2017-4-advanced/jaguar results -esolv SM02_micro005_conf_2.sol.out

Executing subprocess:
/data/chodera/schrodinger/schrodinger2017-4-advanced/jaguar results -energy SM02_micro005_conf_3.nrg.out

Executing subprocess:
/data/chodera/schrodinger/schrodinger2017-4-advanced/jaguar results -esolv SM02_micro005_conf_3.sol.out

Executing subprocess:
/data/chodera/schrodinger/schrodinger2017-4-advanced/jaguar results -energy SM02_micro005_conf_4.nrg.out

Executing subprocess:
/data/chodera/schrodinger/schrodinger2017-4-advanced/jaguar results -esolv SM02_micro005_conf_4.sol.out

Executing subprocess:
/data/chodera/schrodinger/schrodinger2017-4-advanced/jaguar results -energy SM02_micro005_conf_5.nrg.out

Executing subprocess:
/data/chodera/schrodinger/schrodinger2017-4-advanced/jaguar results -esolv SM02_micro005_conf_5.sol.out

Executing subprocess:
/data/chodera/schrodinger/schrodinger2017-4-advanced/jaguar-v9.8/bin/Linux-x86_64/pka -o SM02_micro013_deprot-out.mae -j SM02_micro013.jres -n -d

Executing subprocess:
/data/chodera/schrodinger/schrodinger2017-4-advanced/jaguar-v9.8/bin/Linux-x86_64/pka -o SM02_micro013_prot-out.mae -j SM02_micro013.jres -n

pKa calculation for SM02_micro013 completed.

pKa workflow jag_SM02_micro013_SM02_micro005 completed.

Timer (Jaguar pKa) : 5085.88 secs (1 hrs, 24 mins, 45 secs)
Timer (jaguar_backend.py) : 5085.88 secs (1 hrs, 24 mins, 45 secs)
Finished:   Fri May  4 11:23:49 2018
