Taking protonated structures from:
SM05_micro005_conf_1.dft_h.01.mae
SM05_micro005_conf_2.dft_h.01.mae
SM05_micro005_conf_3.dft_h.01.mae
SM05_micro005_conf_4.dft_h.01.mae
SM05_micro005_conf_5.dft_h.01.mae
Taking deprotonated structures from:
SM05_micro009_conf_1.dft.01.mae
SM05_micro009_conf_2.dft.01.mae
SM05_micro009_conf_3.dft.01.mae
SM05_micro009_conf_4.dft.01.mae
SM05_micro009_conf_5.dft.01.mae

Corrected results for 'protonated' structure in water:
pKa atom: 22

 # 	                  Shell                   	 pKa 	RMSD	 Contribution
---	------------------------------------------	-----	-----	--------------
1: 	tertiary aniline                          	-6.64	0.448	    93.43%
2: 	Protonation of sp3-like aliphatic nitrogen	-4.58	1.715	     6.12%
3: 	Protonation of generic atom               	-4.57	2.264	     0.45%

 Final weighted pKa value is -6.51



