Taking protonated structures from:
SM23_micro042_conf_1.dft_h.01.mae
SM23_micro042_conf_2.dft_h.01.mae
SM23_micro042_conf_3.dft_h.01.mae
SM23_micro042_conf_4.dft_h.01.mae
SM23_micro042_conf_5.dft_h.01.mae
Taking deprotonated structures from:
SM23_micro025_conf_1.dft.01.mae
SM23_micro025_conf_2.dft.01.mae
SM23_micro025_conf_3.dft.01.mae
SM23_micro025_conf_4.dft.01.mae
SM23_micro025_conf_5.dft.01.mae

Corrected results for 'protonated' structure in water:
pKa atom: 54

 # 	                  Shell                   	 pKa 	RMSD	 Contribution
---	------------------------------------------	-----	-----	--------------
1: 	secondary aniline                         	-11.37	0.275	    13.63%
2: 	Protonation of sp3-like aliphatic nitrogen	-9.90	1.715	    81.09%
3: 	Protonation of generic atom               	-9.61	2.264	     5.28%

 Final weighted pKa value is -10.08



