Taking protonated structures from:
SM18_micro042_conf_1.dft_h.01.mae
SM18_micro042_conf_2.dft_h.01.mae
SM18_micro042_conf_3.dft_h.01.mae
SM18_micro042_conf_4.dft_h.01.mae
SM18_micro042_conf_5.dft_h.01.mae
Taking deprotonated structures from:
SM18_micro032_conf_1.dft.01.mae
SM18_micro032_conf_2.dft.01.mae
SM18_micro032_conf_3.dft.01.mae
SM18_micro032_conf_4.dft.01.mae
SM18_micro032_conf_5.dft.01.mae

Corrected results for 'protonated' structure in water:
pKa atom: 31

 # 	                  Shell                  	 pKa 	RMSD	 Contribution
---	-----------------------------------------	-----	-----	--------------
1: 	delta lactam                             	12.26	0.508	    34.11%
2: 	4-pyrimidone as acid                     	12.12	0.530	    57.87%
3: 	Protonation of sp2-like aromatic nitrogen	13.47	1.014	     7.35%
4: 	Protonation of generic atom              	11.07	2.264	     0.67%

 Final weighted pKa value is 12.26



