Taking protonated structures from:
SM23_micro047_conf_1.dft_h.01.mae
SM23_micro047_conf_2.dft_h.01.mae
SM23_micro047_conf_3.dft_h.01.mae
SM23_micro047_conf_4.dft_h.01.mae
SM23_micro047_conf_5.dft_h.01.mae
Taking deprotonated structures from:
SM23_micro043_conf_1.dft.01.mae
SM23_micro043_conf_2.dft.01.mae
SM23_micro043_conf_2.dft.01.mae
SM23_micro043_conf_2.dft.01.mae
SM23_micro043_conf_2.dft.01.mae

Corrected results for 'protonated' structure in water:
pKa atom: 34

 # 	           Shell           	 pKa 	RMSD	 Contribution
---	---------------------------	-----	-----	--------------
1: 	pyrimidine                 	-12.12	0.242	     4.46%
2: 	heterocycle custom 1       	-21.40	0.617	    50.77%
3: 	heterocycle                	-20.13	0.837	    28.82%
4: 	Protonation of generic atom	-14.30	2.264	    15.96%

 Final weighted pKa value is -19.48



