Command:    jaguar run pka.py -jobname jag_SM18_micro042_SM18_micro065 -PARALLEL 10 -WAIT -n -csrch -prot SM18_micro042.in -deprot SM18_micro065.in
Release:    2017-4
Exec:       /data/chodera/schrodinger/schrodinger2017-4-advanced/jaguar-v9.8/bin/Linux-x86_64
Host:       lt06
JobId:      lt06-0-5b031743
JobDir:     /lila/data/chodera/schrodinger/tmpdir/rustenburg/jag_SM18_micro042_SM18_micro065.1
Date:       Mon May 21 15:00:21 2018

Contents of /lila/data/chodera/schrodinger/tmpdir/rustenburg/jag_SM18_micro042_SM18_micro065.1:
/lila/data/chodera/schrodinger/tmpdir/rustenburg/jag_SM18_micro042_SM18_micro065.1/SM18_micro042.in
/lila/data/chodera/schrodinger/tmpdir/rustenburg/jag_SM18_micro042_SM18_micro065.1/lt06-0-5b031743
/lila/data/chodera/schrodinger/tmpdir/rustenburg/jag_SM18_micro042_SM18_micro065.1/lt06-0-5b031743.recover
/lila/data/chodera/schrodinger/tmpdir/rustenburg/jag_SM18_micro042_SM18_micro065.1/lt06-0-5b031743.mpinodes
/lila/data/chodera/schrodinger/tmpdir/rustenburg/jag_SM18_micro042_SM18_micro065.1/SM18_micro065.in
/lila/data/chodera/schrodinger/tmpdir/rustenburg/jag_SM18_micro042_SM18_micro065.1/SM18_micro042.mae
/lila/data/chodera/schrodinger/tmpdir/rustenburg/jag_SM18_micro042_SM18_micro065.1/jag_SM18_micro042_SM18_micro065.recover
/lila/data/chodera/schrodinger/tmpdir/rustenburg/jag_SM18_micro042_SM18_micro065.1/jag_SM18_micro042_SM18_micro065.log
/lila/data/chodera/schrodinger/tmpdir/rustenburg/jag_SM18_micro042_SM18_micro065.1/SM18_micro065.mae

=====================
 Jaguar pKa workflow
=====================

Analysing user-provided (prot, deprot) pair:
(SM18_micro042.in, SM18_micro065.in)
Found labile hydrogen 32 in SM18_micro042.in
Found labile hydrogen at atom 18 in SM18_micro065.in
Adding 'ipkat' keyword to input files.

Identifying pKa functional group for pair:
(SM18_micro042, SM18_micro065)

Executing subprocess:
/data/chodera/schrodinger/schrodinger2017-4-advanced/jaguar-v9.8/bin/Linux-x86_64/pka -i -j SM18_micro042.tmp.jres -n

Taking protonated structures from:
SM18_micro042.mae
Taking deprotonated structures from:
SM18_micro065.mae

This molecule from 'SM18_micro042.mae' in water was recognized as:

 # 	           Shell           
---	---------------------------
1: 	Protonation of generic atom


Executing conformational search...

Executing 2 distributed subjobs:
---------------------------------

No more than 8 cpu(s) will be used per subjob.
No more than 10 cpu(s) will be used simultaneously.

Processing the following subjobs:
(1) jaguar run csrch.py SM18_micro042.mae -jobname SM18_micro042 -max_conf 5 -erg_window 50.208 -acc_level 1 -TPP 5
(2) jaguar run csrch.py SM18_micro065.mae -jobname SM18_micro065 -max_conf 5 -erg_window 50.208 -acc_level 1 -TPP 5

Running subjobs on hosts:
  localhost (Max: 2)
Number of jobs:       2
Max retries per job:  3
Max allowed failures: unlimited
Run with -LOCAL:      False
Verbosity:            normal

Starting JobDJ...

Keep one job on driver host: False
JobDJ columns:
  C: Number of completed subjobs
  A: Number of active subjobs (e.g., submitted, running)
  W: Number of waiting/pending subjobs

C A W | Activity  JobId  JobName  JobHost
- - - | --------- -----------------------
0 1 1 | launched  lt06-0-5b03174a SM18_micro042 localhost [lt06]
0 2 0 | launched  lt06-0-5b03174c SM18_micro065 localhost [lt06]
1 1 0 | finished  lt06-0-5b03174a SM18_micro042 localhost [lt06]
2 0 0 | finished  lt06-0-5b03174c SM18_micro065 localhost [lt06]

All jobs have completed.

2 of 2 job(s) succeeded; 0 job(s) failed.

Timer (distribute subjobs) : 1633.82 secs (0 hrs, 27 mins, 13 secs)

Setting up QM workflow for (protonated, deprotonated) pair:
(1) (SM18_micro042, SM18_micro065)

Executing Jaguar quantum-mechanical subjobs...

Executing 10 distributed subjobs:
----------------------------------

No more than 8 cpu(s) will be used per subjob.
No more than 10 cpu(s) will be used simultaneously.

Processing the following subjobs:
(1) jaguar run pka_prot.bat -jobname SM18_micro042_conf_1 SM18_micro042_conf_1.in
(2) jaguar run pka_prot.bat -jobname SM18_micro042_conf_2 SM18_micro042_conf_2.in
(3) jaguar run pka_prot.bat -jobname SM18_micro042_conf_3 SM18_micro042_conf_3.in
(4) jaguar run pka_prot.bat -jobname SM18_micro042_conf_4 SM18_micro042_conf_4.in
(5) jaguar run pka_prot.bat -jobname SM18_micro042_conf_5 SM18_micro042_conf_5.in
(6) jaguar run pka_deprot.bat -jobname SM18_micro065_conf_1 SM18_micro065_conf_1.in
(7) jaguar run pka_deprot.bat -jobname SM18_micro065_conf_2 SM18_micro065_conf_2.in
(8) jaguar run pka_deprot.bat -jobname SM18_micro065_conf_3 SM18_micro065_conf_3.in
(9) jaguar run pka_deprot.bat -jobname SM18_micro065_conf_4 SM18_micro065_conf_4.in
(10) jaguar run pka_deprot.bat -jobname SM18_micro065_conf_5 SM18_micro065_conf_5.in

Running subjobs on hosts:
  localhost (Max: 10)
Number of jobs:       10
Max retries per job:  3
Max allowed failures: unlimited
Run with -LOCAL:      False
Verbosity:            normal

Starting JobDJ...

Keep one job on driver host: False
JobDJ columns:
  C: Number of completed subjobs
  A: Number of active subjobs (e.g., submitted, running)
  W: Number of waiting/pending subjobs

 C  A  W | Activity  JobId  JobName  JobHost
-- -- -- | --------- -----------------------
 0  1  9 | launched  lt06-0-5b031db1 SM18_micro042_conf_1 localhost [lt06]
 0  2  8 | launched  lt06-0-5b031db3 SM18_micro042_conf_2 localhost [lt06]
 0  3  7 | launched  lt06-0-5b031db6 SM18_micro042_conf_3 localhost [lt06]
 0  4  6 | launched  lt06-0-5b031db8 SM18_micro042_conf_4 localhost [lt06]
 0  5  5 | launched  lt06-1-5b031dba SM18_micro042_conf_5 localhost [lt06]
 0  6  4 | launched  lt06-0-5b031dbd SM18_micro065_conf_1 localhost [lt06]
 0  7  3 | launched  lt06-0-5b031dbf SM18_micro065_conf_2 localhost [lt06]
 0  8  2 | launched  lt06-0-5b031dc2 SM18_micro065_conf_3 localhost [lt06]
 0  9  1 | launched  lt06-0-5b031dc4 SM18_micro065_conf_4 localhost [lt06]
 0 10  0 | launched  lt06-0-5b031dc7 SM18_micro065_conf_5 localhost [lt06]
 1  9  0 | finished  lt06-0-5b031db1 SM18_micro042_conf_1 localhost [lt06]
 2  8  0 | finished  lt06-0-5b031db8 SM18_micro042_conf_4 localhost [lt06]
 3  7  0 | finished  lt06-0-5b031dc7 SM18_micro065_conf_5 localhost [lt06]
 4  6  0 | finished  lt06-0-5b031dbf SM18_micro065_conf_2 localhost [lt06]
 5  5  0 | finished  lt06-0-5b031db6 SM18_micro042_conf_3 localhost [lt06]
 6  4  0 | finished  lt06-0-5b031db3 SM18_micro042_conf_2 localhost [lt06]
 7  3  0 | finished  lt06-0-5b031dc2 SM18_micro065_conf_3 localhost [lt06]
 8  2  0 | finished  lt06-0-5b031dbd SM18_micro065_conf_1 localhost [lt06]
 9  1  0 | finished  lt06-0-5b031dc4 SM18_micro065_conf_4 localhost [lt06]
10  0  0 | finished  lt06-1-5b031dba SM18_micro042_conf_5 localhost [lt06]

All jobs have completed.

10 of 10 job(s) succeeded; 0 job(s) failed.

Timer (distribute subjobs) : 12396.08 secs (3 hrs, 26 mins, 36 secs)

Processing QM output files...

Executing subprocess:
/data/chodera/schrodinger/schrodinger2017-4-advanced/jaguar results -energy SM18_micro042_conf_1.nrg_h.out

Executing subprocess:
/data/chodera/schrodinger/schrodinger2017-4-advanced/jaguar results -esolv SM18_micro042_conf_1.sol_h.out

Executing subprocess:
/data/chodera/schrodinger/schrodinger2017-4-advanced/jaguar results -energy SM18_micro042_conf_2.nrg_h.out

Executing subprocess:
/data/chodera/schrodinger/schrodinger2017-4-advanced/jaguar results -esolv SM18_micro042_conf_2.sol_h.out

Executing subprocess:
/data/chodera/schrodinger/schrodinger2017-4-advanced/jaguar results -energy SM18_micro042_conf_3.nrg_h.out

Executing subprocess:
/data/chodera/schrodinger/schrodinger2017-4-advanced/jaguar results -esolv SM18_micro042_conf_3.sol_h.out

Executing subprocess:
/data/chodera/schrodinger/schrodinger2017-4-advanced/jaguar results -energy SM18_micro042_conf_4.nrg_h.out

Executing subprocess:
/data/chodera/schrodinger/schrodinger2017-4-advanced/jaguar results -esolv SM18_micro042_conf_4.sol_h.out

Executing subprocess:
/data/chodera/schrodinger/schrodinger2017-4-advanced/jaguar results -energy SM18_micro042_conf_5.nrg_h.out

Executing subprocess:
/data/chodera/schrodinger/schrodinger2017-4-advanced/jaguar results -esolv SM18_micro042_conf_5.sol_h.out

Executing subprocess:
/data/chodera/schrodinger/schrodinger2017-4-advanced/jaguar results -energy SM18_micro065_conf_1.nrg.out

Executing subprocess:
/data/chodera/schrodinger/schrodinger2017-4-advanced/jaguar results -esolv SM18_micro065_conf_1.sol.out

Executing subprocess:
/data/chodera/schrodinger/schrodinger2017-4-advanced/jaguar results -energy SM18_micro065_conf_2.nrg.out

Executing subprocess:
/data/chodera/schrodinger/schrodinger2017-4-advanced/jaguar results -esolv SM18_micro065_conf_2.sol.out

Executing subprocess:
/data/chodera/schrodinger/schrodinger2017-4-advanced/jaguar results -energy SM18_micro065_conf_3.nrg.out

Executing subprocess:
/data/chodera/schrodinger/schrodinger2017-4-advanced/jaguar results -esolv SM18_micro065_conf_3.sol.out

Executing subprocess:
/data/chodera/schrodinger/schrodinger2017-4-advanced/jaguar results -energy SM18_micro065_conf_4.nrg.out

Executing subprocess:
/data/chodera/schrodinger/schrodinger2017-4-advanced/jaguar results -esolv SM18_micro065_conf_4.sol.out

Executing subprocess:
/data/chodera/schrodinger/schrodinger2017-4-advanced/jaguar results -energy SM18_micro065_conf_5.nrg.out

Executing subprocess:
/data/chodera/schrodinger/schrodinger2017-4-advanced/jaguar results -esolv SM18_micro065_conf_5.sol.out

Executing subprocess:
/data/chodera/schrodinger/schrodinger2017-4-advanced/jaguar-v9.8/bin/Linux-x86_64/pka -o SM18_micro042_deprot-out.mae -j SM18_micro042.jres -n -d

Executing subprocess:
/data/chodera/schrodinger/schrodinger2017-4-advanced/jaguar-v9.8/bin/Linux-x86_64/pka -o SM18_micro042_prot-out.mae -j SM18_micro042.jres -n

pKa calculation for SM18_micro042 completed.

pKa workflow jag_SM18_micro042_SM18_micro065 completed.

Timer (Jaguar pKa) : 14088.47 secs (3 hrs, 54 mins, 48 secs)
Timer (jaguar_backend.py) : 14088.47 secs (3 hrs, 54 mins, 48 secs)
Finished:   Mon May 21 18:55:09 2018
