Command:    jaguar run pka.py -jobname jag_SM01_micro001_SM01_micro006 -PARALLEL 10 -n -csrch -prot SM01_micro001.in -deprot SM01_micro006.in
Release:    2017-4
Exec:       /data/chodera/schrodinger/schrodinger2017-4-advanced/jaguar-v9.8/bin/Linux-x86_64
Host:       ls14
JobId:      lilac-0-5aec660c
JobDir:     /lila/data/chodera/schrodinger/tmpdir/rustenburg/jag_SM01_micro001_SM01_micro006
Date:       Fri May  4 09:54:29 2018

Contents of /lila/data/chodera/schrodinger/tmpdir/rustenburg/jag_SM01_micro001_SM01_micro006:
/lila/data/chodera/schrodinger/tmpdir/rustenburg/jag_SM01_micro001_SM01_micro006/jag_SM01_micro001_SM01_micro006.recover
/lila/data/chodera/schrodinger/tmpdir/rustenburg/jag_SM01_micro001_SM01_micro006/SM01_micro006.mae
/lila/data/chodera/schrodinger/tmpdir/rustenburg/jag_SM01_micro001_SM01_micro006/jag_SM01_micro001_SM01_micro006.log
/lila/data/chodera/schrodinger/tmpdir/rustenburg/jag_SM01_micro001_SM01_micro006/SM01_micro001.mae
/lila/data/chodera/schrodinger/tmpdir/rustenburg/jag_SM01_micro001_SM01_micro006/lilac-0-5aec660c.nodes
/lila/data/chodera/schrodinger/tmpdir/rustenburg/jag_SM01_micro001_SM01_micro006/lilac-0-5aec660c.jlog
/lila/data/chodera/schrodinger/tmpdir/rustenburg/jag_SM01_micro001_SM01_micro006/lilac-0-5aec660c.hosts
/lila/data/chodera/schrodinger/tmpdir/rustenburg/jag_SM01_micro001_SM01_micro006/lilac-0-5aec660c
/lila/data/chodera/schrodinger/tmpdir/rustenburg/jag_SM01_micro001_SM01_micro006/lilac-0-5aec660c.mpinodes
/lila/data/chodera/schrodinger/tmpdir/rustenburg/jag_SM01_micro001_SM01_micro006/SM01_micro001.in
/lila/data/chodera/schrodinger/tmpdir/rustenburg/jag_SM01_micro001_SM01_micro006/lilac-0-5aec660c.recover
/lila/data/chodera/schrodinger/tmpdir/rustenburg/jag_SM01_micro001_SM01_micro006/SM01_micro006.in

=====================
 Jaguar pKa workflow
=====================

Analysing user-provided (prot, deprot) pair:
(SM01_micro001.in, SM01_micro006.in)
Found labile hydrogen 20 in SM01_micro001.in
Found labile hydrogen at atom 4 in SM01_micro006.in
Adding 'ipkat' keyword to input files.

Identifying pKa functional group for pair:
(SM01_micro001, SM01_micro006)

Executing subprocess:
/data/chodera/schrodinger/schrodinger2017-4-advanced/jaguar-v9.8/bin/Linux-x86_64/pka -i -j SM01_micro001.tmp.jres -n

Taking protonated structures from:
SM01_micro001.mae
Taking deprotonated structures from:
SM01_micro006.mae

This molecule from 'SM01_micro001.mae' in water was recognized as:

 # 	                    Shell                     
---	----------------------------------------------
1: 	phenol excluding o-nitro- and o-nitrosophenols
2: 	Protonation of generic atom                   
3: 	Protonation of sp2-like oxygen                


Executing conformational search...

Executing 2 distributed subjobs:
---------------------------------

No more than 8 cpu(s) will be used per subjob.
No more than 10 cpu(s) will be used simultaneously.

Processing the following subjobs:
(1) jaguar run csrch.py SM01_micro001.mae -jobname SM01_micro001 -max_conf 5 -erg_window 50.208 -acc_level 1 -TPP 5
(2) jaguar run csrch.py SM01_micro006.mae -jobname SM01_micro006 -max_conf 5 -erg_window 50.208 -acc_level 1 -TPP 5

Running subjobs on hosts:
  lsf-cpu (Max: 2)
Number of jobs:       2
Max retries per job:  3
Max allowed failures: unlimited
Run with -LOCAL:      False
Verbosity:            normal

Starting JobDJ...

Keep one job on driver host: False
JobDJ columns:
  C: Number of completed subjobs
  A: Number of active subjobs (e.g., submitted, running)
  W: Number of waiting/pending subjobs

C A W | Activity  JobId  JobName  JobHost
- - - | --------- -----------------------
0 1 1 | launched  ls14-0-5aec6622 SM01_micro001 lsf-cpu
0 2 0 | launched  ls14-1-5aec662c SM01_micro006 lsf-cpu
1 1 0 | finished  ls14-0-5aec6622 SM01_micro001 lsf-cpu
2 0 0 | finished  ls14-1-5aec662c SM01_micro006 lsf-cpu

All jobs have completed.

2 of 2 job(s) succeeded; 0 job(s) failed.

Timer (distribute subjobs) : 288.00 secs (0 hrs, 04 mins, 47 secs)

Setting up QM workflow for (protonated, deprotonated) pair:
(1) (SM01_micro001, SM01_micro006)

Executing Jaguar quantum-mechanical subjobs...

Executing 6 distributed subjobs:
---------------------------------

No more than 8 cpu(s) will be used per subjob.
No more than 10 cpu(s) will be used simultaneously.

Processing the following subjobs:
(1) jaguar run pka_prot.bat -jobname SM01_micro001_conf_1 SM01_micro001_conf_1.in -TPP 2
(2) jaguar run pka_prot.bat -jobname SM01_micro001_conf_2 SM01_micro001_conf_2.in -TPP 2
(3) jaguar run pka_prot.bat -jobname SM01_micro001_conf_3 SM01_micro001_conf_3.in -TPP 2
(4) jaguar run pka_prot.bat -jobname SM01_micro001_conf_4 SM01_micro001_conf_4.in -TPP 2
(5) jaguar run pka_deprot.bat -jobname SM01_micro006_conf_1 SM01_micro006_conf_1.in
(6) jaguar run pka_deprot.bat -jobname SM01_micro006_conf_2 SM01_micro006_conf_2.in

Running subjobs on hosts:
  lsf-cpu (Max: 6)
Number of jobs:       6
Max retries per job:  3
Max allowed failures: unlimited
Run with -LOCAL:      False
Verbosity:            normal

Starting JobDJ...

Keep one job on driver host: False
JobDJ columns:
  C: Number of completed subjobs
  A: Number of active subjobs (e.g., submitted, running)
  W: Number of waiting/pending subjobs

C A W | Activity  JobId  JobName  JobHost
- - - | --------- -----------------------
0 1 5 | launched  ls14-0-5aec673c SM01_micro001_conf_1 lsf-cpu
0 2 4 | launched  ls14-0-5aec673f SM01_micro001_conf_2 lsf-cpu
0 3 3 | launched  ls14-0-5aec6742 SM01_micro001_conf_3 lsf-cpu
0 4 2 | launched  ls14-0-5aec6746 SM01_micro001_conf_4 lsf-cpu
0 5 1 | launched  ls14-0-5aec6749 SM01_micro006_conf_1 lsf-cpu
0 6 0 | launched  ls14-0-5aec674d SM01_micro006_conf_2 lsf-cpu
1 5 0 | finished  ls14-0-5aec673f SM01_micro001_conf_2 lsf-cpu [lt01]
2 4 0 | finished  ls14-0-5aec673c SM01_micro001_conf_1 lsf-cpu [lt01]
3 3 0 | finished  ls14-0-5aec6749 SM01_micro006_conf_1 lsf-cpu [ls10]
4 2 0 | finished  ls14-0-5aec674d SM01_micro006_conf_2 lsf-cpu [ls10]
5 1 0 | finished  ls14-0-5aec6746 SM01_micro001_conf_4 lsf-cpu [lt11]
6 0 0 | finished  ls14-0-5aec6742 SM01_micro001_conf_3 lsf-cpu [lt01]

All jobs have completed.

6 of 6 job(s) succeeded; 0 job(s) failed.

Timer (distribute subjobs) : 1787.93 secs (0 hrs, 29 mins, 47 secs)

Processing QM output files...

Executing subprocess:
/data/chodera/schrodinger/schrodinger2017-4-advanced/jaguar results -energy SM01_micro001_conf_1.nrg_h.out

Executing subprocess:
/data/chodera/schrodinger/schrodinger2017-4-advanced/jaguar results -esolv SM01_micro001_conf_1.sol_h.out

Executing subprocess:
/data/chodera/schrodinger/schrodinger2017-4-advanced/jaguar results -energy SM01_micro001_conf_2.nrg_h.out

Executing subprocess:
/data/chodera/schrodinger/schrodinger2017-4-advanced/jaguar results -esolv SM01_micro001_conf_2.sol_h.out

Executing subprocess:
/data/chodera/schrodinger/schrodinger2017-4-advanced/jaguar results -energy SM01_micro001_conf_3.nrg_h.out

Executing subprocess:
/data/chodera/schrodinger/schrodinger2017-4-advanced/jaguar results -esolv SM01_micro001_conf_3.sol_h.out

Executing subprocess:
/data/chodera/schrodinger/schrodinger2017-4-advanced/jaguar results -energy SM01_micro001_conf_4.nrg_h.out

Executing subprocess:
/data/chodera/schrodinger/schrodinger2017-4-advanced/jaguar results -esolv SM01_micro001_conf_4.sol_h.out

Executing subprocess:
/data/chodera/schrodinger/schrodinger2017-4-advanced/jaguar results -energy SM01_micro006_conf_1.nrg.out

Executing subprocess:
/data/chodera/schrodinger/schrodinger2017-4-advanced/jaguar results -esolv SM01_micro006_conf_1.sol.out

Executing subprocess:
/data/chodera/schrodinger/schrodinger2017-4-advanced/jaguar results -energy SM01_micro006_conf_2.nrg.out

Executing subprocess:
/data/chodera/schrodinger/schrodinger2017-4-advanced/jaguar results -esolv SM01_micro006_conf_2.sol.out

Executing subprocess:
/data/chodera/schrodinger/schrodinger2017-4-advanced/jaguar-v9.8/bin/Linux-x86_64/pka -o SM01_micro001_deprot-out.mae -j SM01_micro001.jres -n -d

Executing subprocess:
/data/chodera/schrodinger/schrodinger2017-4-advanced/jaguar-v9.8/bin/Linux-x86_64/pka -o SM01_micro001_prot-out.mae -j SM01_micro001.jres -n

pKa calculation for SM01_micro001 completed.

pKa workflow jag_SM01_micro001_SM01_micro006 completed.

Timer (Jaguar pKa) : 2168.39 secs (0 hrs, 36 mins, 08 secs)
Timer (jaguar_backend.py) : 2168.39 secs (0 hrs, 36 mins, 08 secs)
Finished:   Fri May  4 10:30:37 2018
