Taking protonated structures from:
SM10_micro006_conf_1.dft_h.01.mae
SM10_micro006_conf_2.dft_h.01.mae
SM10_micro006_conf_3.dft_h.01.mae
SM10_micro006_conf_4.dft_h.01.mae
SM10_micro006_conf_5.dft_h.01.mae
Taking deprotonated structures from:
SM10_micro020_conf_1.dft.01.mae
SM10_micro020_conf_2.dft.01.mae
SM10_micro020_conf_3.dft.01.mae
SM10_micro020_conf_4.dft.01.mae
SM10_micro020_conf_5.dft.01.mae

Corrected results for 'protonated' structure in water:
pKa atom: 29

 # 	                  Shell                   	 pKa 	RMSD	 Contribution
---	------------------------------------------	-----	-----	--------------
1: 	amide as acid                             	17.81	0.903	    96.01%
2: 	Protonation of sp2-like aliphatic nitrogen	16.27	1.751	     2.69%
3: 	Protonation of generic atom               	15.66	2.264	     1.30%

 Final weighted pKa value is 17.74



