Taking protonated structures from:
SM10_micro032_conf_1.dft_h.01.mae
SM10_micro032_conf_2.dft_h.01.mae
SM10_micro032_conf_3.dft_h.01.mae
SM10_micro032_conf_4.dft_h.01.mae
SM10_micro032_conf_5.dft_h.01.mae
Taking deprotonated structures from:
SM10_micro036_conf_1.dft.01.mae
SM10_micro036_conf_2.dft.01.mae
SM10_micro036_conf_3.dft.01.mae
SM10_micro036_conf_4.dft.01.mae
SM10_micro036_conf_5.dft.01.mae

Corrected results for 'protonated' structure in water:
pKa atom: 32

 # 	            Shell             	 pKa 	RMSD	 Contribution
---	------------------------------	-----	-----	--------------
1: 	amide as base                 	-9.39	0.577	    54.95%
2: 	Protonation of generic atom   	-2.69	2.264	    15.43%
3: 	Protonation of sp2-like oxygen	-1.55	2.568	    29.62%

 Final weighted pKa value is -6.04



