Command:    jaguar run pka.py -jobname jag_SM20_micro005_SM20_micro004 -PARALLEL 10 -WAIT -n -csrch -prot SM20_micro005.in -deprot SM20_micro004.in
Release:    2017-4
Exec:       /data/chodera/schrodinger/schrodinger2017-4-advanced/jaguar-v9.8/bin/Linux-x86_64
Host:       ls14
JobId:      ls14-0-5af456ee
JobDir:     /lila/data/chodera/schrodinger/tmpdir/rustenburg/jag_SM20_micro005_SM20_micro004.1
Date:       Thu May 10 10:28:00 2018

Contents of /lila/data/chodera/schrodinger/tmpdir/rustenburg/jag_SM20_micro005_SM20_micro004.1:
/lila/data/chodera/schrodinger/tmpdir/rustenburg/jag_SM20_micro005_SM20_micro004.1/SM20_micro004.in
/lila/data/chodera/schrodinger/tmpdir/rustenburg/jag_SM20_micro005_SM20_micro004.1/jag_SM20_micro005_SM20_micro004.log
/lila/data/chodera/schrodinger/tmpdir/rustenburg/jag_SM20_micro005_SM20_micro004.1/ls14-0-5af456ee.recover
/lila/data/chodera/schrodinger/tmpdir/rustenburg/jag_SM20_micro005_SM20_micro004.1/SM20_micro005.in
/lila/data/chodera/schrodinger/tmpdir/rustenburg/jag_SM20_micro005_SM20_micro004.1/SM20_micro004.mae
/lila/data/chodera/schrodinger/tmpdir/rustenburg/jag_SM20_micro005_SM20_micro004.1/jag_SM20_micro005_SM20_micro004.recover
/lila/data/chodera/schrodinger/tmpdir/rustenburg/jag_SM20_micro005_SM20_micro004.1/ls14-0-5af456ee
/lila/data/chodera/schrodinger/tmpdir/rustenburg/jag_SM20_micro005_SM20_micro004.1/SM20_micro005.mae
/lila/data/chodera/schrodinger/tmpdir/rustenburg/jag_SM20_micro005_SM20_micro004.1/ls14-0-5af456ee.mpinodes

=====================
 Jaguar pKa workflow
=====================

Analysing user-provided (prot, deprot) pair:
(SM20_micro005.in, SM20_micro004.in)
Found labile hydrogen 35 in SM20_micro005.in
Found labile hydrogen at atom 6 in SM20_micro004.in
Adding 'ipkat' keyword to input files.

Identifying pKa functional group for pair:
(SM20_micro005, SM20_micro004)

Executing subprocess:
/data/chodera/schrodinger/schrodinger2017-4-advanced/jaguar-v9.8/bin/Linux-x86_64/pka -i -j SM20_micro005.tmp.jres -n

Taking protonated structures from:
SM20_micro005.mae
Taking deprotonated structures from:
SM20_micro004.mae

This molecule from 'SM20_micro005.mae' in water was recognized as:

 # 	            Shell             
---	------------------------------
1: 	Protonation of generic atom   
2: 	Protonation of sp2-like oxygen


Executing conformational search...

Executing 2 distributed subjobs:
---------------------------------

No more than 8 cpu(s) will be used per subjob.
No more than 10 cpu(s) will be used simultaneously.

Processing the following subjobs:
(1) jaguar run csrch.py SM20_micro005.mae -jobname SM20_micro005 -max_conf 5 -erg_window 50.208 -acc_level 1 -TPP 5
(2) jaguar run csrch.py SM20_micro004.mae -jobname SM20_micro004 -max_conf 5 -erg_window 50.208 -acc_level 1 -TPP 5

Running subjobs on hosts:
  localhost (Max: 2)
Number of jobs:       2
Max retries per job:  3
Max allowed failures: unlimited
Run with -LOCAL:      False
Verbosity:            normal

Starting JobDJ...

Keep one job on driver host: False
JobDJ columns:
  C: Number of completed subjobs
  A: Number of active subjobs (e.g., submitted, running)
  W: Number of waiting/pending subjobs

C A W | Activity  JobId  JobName  JobHost
- - - | --------- -----------------------
0 1 1 | launched  ls14-0-5af456f7 SM20_micro005 localhost [ls14]
0 2 0 | launched  ls14-0-5af456fb SM20_micro004 localhost [ls14]
1 1 0 | finished  ls14-0-5af456f7 SM20_micro005 localhost [ls14]
2 0 0 | finished  ls14-0-5af456fb SM20_micro004 localhost [ls14]

All jobs have completed.

2 of 2 job(s) succeeded; 0 job(s) failed.

Timer (distribute subjobs) : 497.00 secs (0 hrs, 08 mins, 17 secs)

Setting up QM workflow for (protonated, deprotonated) pair:
(1) (SM20_micro005, SM20_micro004)

Executing Jaguar quantum-mechanical subjobs...

Executing 10 distributed subjobs:
----------------------------------

No more than 8 cpu(s) will be used per subjob.
No more than 10 cpu(s) will be used simultaneously.

Processing the following subjobs:
(1) jaguar run pka_prot.bat -jobname SM20_micro005_conf_1 SM20_micro005_conf_1.in
(2) jaguar run pka_prot.bat -jobname SM20_micro005_conf_2 SM20_micro005_conf_2.in
(3) jaguar run pka_prot.bat -jobname SM20_micro005_conf_3 SM20_micro005_conf_3.in
(4) jaguar run pka_prot.bat -jobname SM20_micro005_conf_4 SM20_micro005_conf_4.in
(5) jaguar run pka_prot.bat -jobname SM20_micro005_conf_5 SM20_micro005_conf_5.in
(6) jaguar run pka_deprot.bat -jobname SM20_micro004_conf_1 SM20_micro004_conf_1.in
(7) jaguar run pka_deprot.bat -jobname SM20_micro004_conf_2 SM20_micro004_conf_2.in
(8) jaguar run pka_deprot.bat -jobname SM20_micro004_conf_3 SM20_micro004_conf_3.in
(9) jaguar run pka_deprot.bat -jobname SM20_micro004_conf_4 SM20_micro004_conf_4.in
(10) jaguar run pka_deprot.bat -jobname SM20_micro004_conf_5 SM20_micro004_conf_5.in

Running subjobs on hosts:
  localhost (Max: 10)
Number of jobs:       10
Max retries per job:  3
Max allowed failures: unlimited
Run with -LOCAL:      False
Verbosity:            normal

Starting JobDJ...

Keep one job on driver host: False
JobDJ columns:
  C: Number of completed subjobs
  A: Number of active subjobs (e.g., submitted, running)
  W: Number of waiting/pending subjobs

 C  A  W | Activity  JobId  JobName  JobHost
-- -- -- | --------- -----------------------
 0  1  9 | launched  ls14-1-5af458e7 SM20_micro005_conf_1 localhost [ls14]
 0  2  8 | launched  ls14-1-5af458ea SM20_micro005_conf_2 localhost [ls14]
 0  3  7 | launched  ls14-1-5af458ec SM20_micro005_conf_3 localhost [ls14]
 0  4  6 | launched  ls14-3-5af458ee SM20_micro005_conf_4 localhost [ls14]
 0  5  5 | launched  ls14-1-5af458f1 SM20_micro005_conf_5 localhost [ls14]
 0  6  4 | launched  ls14-0-5af458f4 SM20_micro004_conf_1 localhost [ls14]
 0  7  3 | launched  ls14-0-5af458f6 SM20_micro004_conf_2 localhost [ls14]
 0  8  2 | launched  ls14-2-5af458f8 SM20_micro004_conf_3 localhost [ls14]
 0  9  1 | launched  ls14-2-5af458fb SM20_micro004_conf_4 localhost [ls14]
 0 10  0 | launched  ls14-0-5af458fe SM20_micro004_conf_5 localhost [ls14]
 1  9  0 | finished  ls14-1-5af458ea SM20_micro005_conf_2 localhost [ls14]
 2  8  0 | finished  ls14-1-5af458ec SM20_micro005_conf_3 localhost [ls14]
 3  7  0 | finished  ls14-0-5af458f4 SM20_micro004_conf_1 localhost [ls14]
 4  6  0 | finished  ls14-1-5af458f1 SM20_micro005_conf_5 localhost [ls14]
 5  5  0 | finished  ls14-3-5af458ee SM20_micro005_conf_4 localhost [ls14]
 6  4  0 | finished  ls14-2-5af458f8 SM20_micro004_conf_3 localhost [ls14]
 7  3  0 | finished  ls14-1-5af458e7 SM20_micro005_conf_1 localhost [ls14]
 8  2  0 | finished  ls14-0-5af458fe SM20_micro004_conf_5 localhost [ls14]
 9  1  0 | finished  ls14-2-5af458fb SM20_micro004_conf_4 localhost [ls14]
10  0  0 | finished  ls14-0-5af458f6 SM20_micro004_conf_2 localhost [ls14]

All jobs have completed.

10 of 10 job(s) succeeded; 0 job(s) failed.

Timer (distribute subjobs) : 5941.82 secs (1 hrs, 39 mins, 01 secs)

Processing QM output files...

Executing subprocess:
/data/chodera/schrodinger/schrodinger2017-4-advanced/jaguar results -energy SM20_micro005_conf_1.nrg_h.out

Executing subprocess:
/data/chodera/schrodinger/schrodinger2017-4-advanced/jaguar results -esolv SM20_micro005_conf_1.sol_h.out

Executing subprocess:
/data/chodera/schrodinger/schrodinger2017-4-advanced/jaguar results -energy SM20_micro005_conf_2.nrg_h.out

Executing subprocess:
/data/chodera/schrodinger/schrodinger2017-4-advanced/jaguar results -esolv SM20_micro005_conf_2.sol_h.out

Executing subprocess:
/data/chodera/schrodinger/schrodinger2017-4-advanced/jaguar results -energy SM20_micro005_conf_3.nrg_h.out

Executing subprocess:
/data/chodera/schrodinger/schrodinger2017-4-advanced/jaguar results -esolv SM20_micro005_conf_3.sol_h.out

Executing subprocess:
/data/chodera/schrodinger/schrodinger2017-4-advanced/jaguar results -energy SM20_micro005_conf_4.nrg_h.out

Executing subprocess:
/data/chodera/schrodinger/schrodinger2017-4-advanced/jaguar results -esolv SM20_micro005_conf_4.sol_h.out

Executing subprocess:
/data/chodera/schrodinger/schrodinger2017-4-advanced/jaguar results -energy SM20_micro005_conf_5.nrg_h.out

Executing subprocess:
/data/chodera/schrodinger/schrodinger2017-4-advanced/jaguar results -esolv SM20_micro005_conf_5.sol_h.out

Executing subprocess:
/data/chodera/schrodinger/schrodinger2017-4-advanced/jaguar results -energy SM20_micro004_conf_1.nrg.out

Executing subprocess:
/data/chodera/schrodinger/schrodinger2017-4-advanced/jaguar results -esolv SM20_micro004_conf_1.sol.out

Executing subprocess:
/data/chodera/schrodinger/schrodinger2017-4-advanced/jaguar results -energy SM20_micro004_conf_2.nrg.out

Executing subprocess:
/data/chodera/schrodinger/schrodinger2017-4-advanced/jaguar results -esolv SM20_micro004_conf_2.sol.out

Executing subprocess:
/data/chodera/schrodinger/schrodinger2017-4-advanced/jaguar results -energy SM20_micro004_conf_3.nrg.out

Executing subprocess:
/data/chodera/schrodinger/schrodinger2017-4-advanced/jaguar results -esolv SM20_micro004_conf_3.sol.out

Executing subprocess:
/data/chodera/schrodinger/schrodinger2017-4-advanced/jaguar results -energy SM20_micro004_conf_4.nrg.out

Executing subprocess:
/data/chodera/schrodinger/schrodinger2017-4-advanced/jaguar results -esolv SM20_micro004_conf_4.sol.out

Executing subprocess:
/data/chodera/schrodinger/schrodinger2017-4-advanced/jaguar results -energy SM20_micro004_conf_5.nrg.out

Executing subprocess:
/data/chodera/schrodinger/schrodinger2017-4-advanced/jaguar results -esolv SM20_micro004_conf_5.sol.out

Executing subprocess:
/data/chodera/schrodinger/schrodinger2017-4-advanced/jaguar-v9.8/bin/Linux-x86_64/pka -o SM20_micro005_deprot-out.mae -j SM20_micro005.jres -n -d

Executing subprocess:
/data/chodera/schrodinger/schrodinger2017-4-advanced/jaguar-v9.8/bin/Linux-x86_64/pka -o SM20_micro005_prot-out.mae -j SM20_micro005.jres -n

pKa calculation for SM20_micro005 completed.

pKa workflow jag_SM20_micro005_SM20_micro004 completed.

Timer (Jaguar pKa) : 6532.94 secs (1 hrs, 48 mins, 52 secs)
Timer (jaguar_backend.py) : 6532.94 secs (1 hrs, 48 mins, 52 secs)
Finished:   Thu May 10 12:16:53 2018
