Command:    jaguar run pka.py -jobname jag_SM18_micro029_SM18_micro001 -PARALLEL 10 -n -csrch -prot SM18_micro029.in -deprot SM18_micro001.in
Release:    2017-4
Exec:       /data/chodera/schrodinger/schrodinger2017-4-advanced/jaguar-v9.8/bin/Linux-x86_64
Host:       ls16
JobId:      lilac-0-5aecad34
JobDir:     /lila/data/chodera/schrodinger/tmpdir/rustenburg/jag_SM18_micro029_SM18_micro001
Date:       Fri May  4 14:58:11 2018

Contents of /lila/data/chodera/schrodinger/tmpdir/rustenburg/jag_SM18_micro029_SM18_micro001:
/lila/data/chodera/schrodinger/tmpdir/rustenburg/jag_SM18_micro029_SM18_micro001/lilac-0-5aecad34.recover
/lila/data/chodera/schrodinger/tmpdir/rustenburg/jag_SM18_micro029_SM18_micro001/SM18_micro001.mae
/lila/data/chodera/schrodinger/tmpdir/rustenburg/jag_SM18_micro029_SM18_micro001/SM18_micro029.mae
/lila/data/chodera/schrodinger/tmpdir/rustenburg/jag_SM18_micro029_SM18_micro001/lilac-0-5aecad34.nodes
/lila/data/chodera/schrodinger/tmpdir/rustenburg/jag_SM18_micro029_SM18_micro001/jag_SM18_micro029_SM18_micro001.log
/lila/data/chodera/schrodinger/tmpdir/rustenburg/jag_SM18_micro029_SM18_micro001/lilac-0-5aecad34.jlog
/lila/data/chodera/schrodinger/tmpdir/rustenburg/jag_SM18_micro029_SM18_micro001/lilac-0-5aecad34.mpinodes
/lila/data/chodera/schrodinger/tmpdir/rustenburg/jag_SM18_micro029_SM18_micro001/SM18_micro029.in
/lila/data/chodera/schrodinger/tmpdir/rustenburg/jag_SM18_micro029_SM18_micro001/lilac-0-5aecad34.hosts
/lila/data/chodera/schrodinger/tmpdir/rustenburg/jag_SM18_micro029_SM18_micro001/jag_SM18_micro029_SM18_micro001.recover
/lila/data/chodera/schrodinger/tmpdir/rustenburg/jag_SM18_micro029_SM18_micro001/SM18_micro001.in
/lila/data/chodera/schrodinger/tmpdir/rustenburg/jag_SM18_micro029_SM18_micro001/lilac-0-5aecad34

=====================
 Jaguar pKa workflow
=====================

Analysing user-provided (prot, deprot) pair:
(SM18_micro029.in, SM18_micro001.in)
Found labile hydrogen 32 in SM18_micro029.in
Found labile hydrogen at atom 11 in SM18_micro001.in
Adding 'ipkat' keyword to input files.

Identifying pKa functional group for pair:
(SM18_micro029, SM18_micro001)

Executing subprocess:
/data/chodera/schrodinger/schrodinger2017-4-advanced/jaguar-v9.8/bin/Linux-x86_64/pka -i -j SM18_micro029.tmp.jres -n

Taking protonated structures from:
SM18_micro029.mae
Taking deprotonated structures from:
SM18_micro001.mae

This molecule from 'SM18_micro029.mae' in water was recognized as:

 # 	           Shell           
---	---------------------------
1: 	4-pyrimidone as base       
2: 	heterocycle custom 1       
3: 	heterocycle                
4: 	Protonation of generic atom


Executing conformational search...

Executing 2 distributed subjobs:
---------------------------------

No more than 8 cpu(s) will be used per subjob.
No more than 10 cpu(s) will be used simultaneously.

Processing the following subjobs:
(1) jaguar run csrch.py SM18_micro029.mae -jobname SM18_micro029 -max_conf 5 -erg_window 50.208 -acc_level 1 -TPP 5
(2) jaguar run csrch.py SM18_micro001.mae -jobname SM18_micro001 -max_conf 5 -erg_window 50.208 -acc_level 1 -TPP 5

Running subjobs on hosts:
  lsf-cpu (Max: 2)
Number of jobs:       2
Max retries per job:  3
Max allowed failures: unlimited
Run with -LOCAL:      False
Verbosity:            normal

Starting JobDJ...

Keep one job on driver host: False
JobDJ columns:
  C: Number of completed subjobs
  A: Number of active subjobs (e.g., submitted, running)
  W: Number of waiting/pending subjobs

C A W | Activity  JobId  JobName  JobHost
- - - | --------- -----------------------
0 1 1 | launched  ls16-0-5aecad48 SM18_micro029 lsf-cpu
0 2 0 | launched  ls16-0-5aecad4a SM18_micro001 lsf-cpu
1 1 0 | finished  ls16-0-5aecad4a SM18_micro001 lsf-cpu [ls01]
2 0 0 | finished  ls16-0-5aecad48 SM18_micro029 lsf-cpu [ls10]

All jobs have completed.

2 of 2 job(s) succeeded; 0 job(s) failed.

Timer (distribute subjobs) : 5774.40 secs (1 hrs, 36 mins, 14 secs)

Setting up QM workflow for (protonated, deprotonated) pair:
(1) (SM18_micro029, SM18_micro001)

Executing Jaguar quantum-mechanical subjobs...

Executing 10 distributed subjobs:
----------------------------------

No more than 8 cpu(s) will be used per subjob.
No more than 10 cpu(s) will be used simultaneously.

Processing the following subjobs:
(1) jaguar run pka_prot.bat -jobname SM18_micro029_conf_1 SM18_micro029_conf_1.in
(2) jaguar run pka_prot.bat -jobname SM18_micro029_conf_2 SM18_micro029_conf_2.in
(3) jaguar run pka_prot.bat -jobname SM18_micro029_conf_3 SM18_micro029_conf_3.in
(4) jaguar run pka_prot.bat -jobname SM18_micro029_conf_4 SM18_micro029_conf_4.in
(5) jaguar run pka_prot.bat -jobname SM18_micro029_conf_5 SM18_micro029_conf_5.in
(6) jaguar run pka_deprot.bat -jobname SM18_micro001_conf_1 SM18_micro001_conf_1.in
(7) jaguar run pka_deprot.bat -jobname SM18_micro001_conf_2 SM18_micro001_conf_2.in
(8) jaguar run pka_deprot.bat -jobname SM18_micro001_conf_3 SM18_micro001_conf_3.in
(9) jaguar run pka_deprot.bat -jobname SM18_micro001_conf_4 SM18_micro001_conf_4.in
(10) jaguar run pka_deprot.bat -jobname SM18_micro001_conf_5 SM18_micro001_conf_5.in

Running subjobs on hosts:
  lsf-cpu (Max: 10)
Number of jobs:       10
Max retries per job:  3
Max allowed failures: unlimited
Run with -LOCAL:      False
Verbosity:            normal

Starting JobDJ...

Keep one job on driver host: True
JobDJ columns:
  C: Number of completed subjobs
  A: Number of active subjobs (e.g., submitted, running)
  W: Number of waiting/pending subjobs

 C  A  W | Activity  JobId  JobName  JobHost
-- -- -- | --------- -----------------------
 0  1  9 | launched  ls16-0-5aecc3da SM18_micro029_conf_1 localhost [ls16]
 0  2  8 | launched  ls16-0-5aecc3dd SM18_micro029_conf_2 lsf-cpu
 0  3  7 | launched  ls16-0-5aecc3e1 SM18_micro029_conf_3 lsf-cpu
 0  4  6 | launched  ls16-0-5aecc3e4 SM18_micro029_conf_4 lsf-cpu
 0  5  5 | launched  ls16-0-5aecc3e7 SM18_micro029_conf_5 lsf-cpu
 0  6  4 | launched  ls16-0-5aecc3eb SM18_micro001_conf_1 lsf-cpu
 0  7  3 | launched  ls16-0-5aecc3ef SM18_micro001_conf_2 lsf-cpu
 0  8  2 | launched  ls16-0-5aecc3f2 SM18_micro001_conf_3 lsf-cpu
 0  9  1 | launched  ls16-0-5aecc3f6 SM18_micro001_conf_4 lsf-cpu
 0 10  0 | launched  ls16-0-5aecc3fa SM18_micro001_conf_5 lsf-cpu
 1  9  0 | finished  ls16-0-5aecc3da SM18_micro029_conf_1 localhost [ls16]
 2  8  0 | finished  ls16-0-5aecc3e1 SM18_micro029_conf_3 lsf-cpu [lt14]
 3  7  0 | finished  ls16-0-5aecc3e7 SM18_micro029_conf_5 lsf-cpu [ls09]
 4  6  0 | finished  ls16-0-5aecc3f6 SM18_micro001_conf_4 lsf-cpu [lt16]
 5  5  0 | finished  ls16-0-5aecc3e4 SM18_micro029_conf_4 lsf-cpu [ls10]
 6  4  0 | finished  ls16-0-5aecc3dd SM18_micro029_conf_2 lsf-cpu [ls15]
 7  3  0 | finished  ls16-0-5aecc3eb SM18_micro001_conf_1 lsf-cpu [ls17]
 8  2  0 | finished  ls16-0-5aecc3f2 SM18_micro001_conf_3 lsf-cpu [ls15]
 9  1  0 | finished  ls16-0-5aecc3ef SM18_micro001_conf_2 lsf-cpu [ls10]
10  0  0 | finished  ls16-0-5aecc3fa SM18_micro001_conf_5 lsf-cpu [lt22]

All jobs have completed.

10 of 10 job(s) succeeded; 0 job(s) failed.

Timer (distribute subjobs) : 14539.02 secs (4 hrs, 02 mins, 19 secs)

Processing QM output files...

Executing subprocess:
/data/chodera/schrodinger/schrodinger2017-4-advanced/jaguar results -energy SM18_micro029_conf_1.nrg_h.out

Executing subprocess:
/data/chodera/schrodinger/schrodinger2017-4-advanced/jaguar results -esolv SM18_micro029_conf_1.sol_h.out

Executing subprocess:
/data/chodera/schrodinger/schrodinger2017-4-advanced/jaguar results -energy SM18_micro029_conf_2.nrg_h.out

Executing subprocess:
/data/chodera/schrodinger/schrodinger2017-4-advanced/jaguar results -esolv SM18_micro029_conf_2.sol_h.out

Executing subprocess:
/data/chodera/schrodinger/schrodinger2017-4-advanced/jaguar results -energy SM18_micro029_conf_3.nrg_h.out

Executing subprocess:
/data/chodera/schrodinger/schrodinger2017-4-advanced/jaguar results -esolv SM18_micro029_conf_3.sol_h.out

Executing subprocess:
/data/chodera/schrodinger/schrodinger2017-4-advanced/jaguar results -energy SM18_micro029_conf_4.nrg_h.out

Executing subprocess:
/data/chodera/schrodinger/schrodinger2017-4-advanced/jaguar results -esolv SM18_micro029_conf_4.sol_h.out

Executing subprocess:
/data/chodera/schrodinger/schrodinger2017-4-advanced/jaguar results -energy SM18_micro029_conf_5.nrg_h.out

Executing subprocess:
/data/chodera/schrodinger/schrodinger2017-4-advanced/jaguar results -esolv SM18_micro029_conf_5.sol_h.out

Executing subprocess:
/data/chodera/schrodinger/schrodinger2017-4-advanced/jaguar results -energy SM18_micro001_conf_1.nrg.out

Executing subprocess:
/data/chodera/schrodinger/schrodinger2017-4-advanced/jaguar results -esolv SM18_micro001_conf_1.sol.out

Executing subprocess:
/data/chodera/schrodinger/schrodinger2017-4-advanced/jaguar results -energy SM18_micro001_conf_2.nrg.out

Executing subprocess:
/data/chodera/schrodinger/schrodinger2017-4-advanced/jaguar results -esolv SM18_micro001_conf_2.sol.out

Executing subprocess:
/data/chodera/schrodinger/schrodinger2017-4-advanced/jaguar results -energy SM18_micro001_conf_3.nrg.out

Executing subprocess:
/data/chodera/schrodinger/schrodinger2017-4-advanced/jaguar results -esolv SM18_micro001_conf_3.sol.out

Executing subprocess:
/data/chodera/schrodinger/schrodinger2017-4-advanced/jaguar results -energy SM18_micro001_conf_4.nrg.out

Executing subprocess:
/data/chodera/schrodinger/schrodinger2017-4-advanced/jaguar results -esolv SM18_micro001_conf_4.sol.out

Executing subprocess:
/data/chodera/schrodinger/schrodinger2017-4-advanced/jaguar results -energy SM18_micro001_conf_5.nrg.out

Executing subprocess:
/data/chodera/schrodinger/schrodinger2017-4-advanced/jaguar results -esolv SM18_micro001_conf_5.sol.out

Executing subprocess:
/data/chodera/schrodinger/schrodinger2017-4-advanced/jaguar-v9.8/bin/Linux-x86_64/pka -o SM18_micro029_deprot-out.mae -j SM18_micro029.jres -n -d

Executing subprocess:
/data/chodera/schrodinger/schrodinger2017-4-advanced/jaguar-v9.8/bin/Linux-x86_64/pka -o SM18_micro029_prot-out.mae -j SM18_micro029.jres -n

pKa calculation for SM18_micro029 completed.

pKa workflow jag_SM18_micro029_SM18_micro001 completed.

Timer (Jaguar pKa) : 20475.16 secs (5 hrs, 41 mins, 15 secs)
Timer (jaguar_backend.py) : 20475.16 secs (5 hrs, 41 mins, 15 secs)
Finished:   Fri May  4 20:39:26 2018
