Taking protonated structures from:
SM05_micro001_conf_1.dft_h.01.mae
SM05_micro001_conf_2.dft_h.01.mae
SM05_micro001_conf_3.dft_h.01.mae
SM05_micro001_conf_4.dft_h.01.mae
SM05_micro001_conf_5.dft_h.01.mae
Taking deprotonated structures from:
SM05_micro002_conf_1.dft.01.mae
SM05_micro002_conf_2.dft.01.mae
SM05_micro002_conf_3.dft.01.mae
SM05_micro002_conf_4.dft.01.mae
SM05_micro002_conf_5.dft.01.mae

Corrected results for 'protonated' structure in water:
pKa atom: 36

 # 	                  Shell                   	 pKa 	RMSD	 Contribution
---	------------------------------------------	-----	-----	--------------
1: 	amide as acid                             	16.47	0.903	    96.21%
2: 	Protonation of sp2-like aliphatic nitrogen	15.07	1.751	     2.66%
3: 	Protonation of generic atom               	14.58	2.264	     1.13%

 Final weighted pKa value is 16.41



