Taking protonated structures from:
SM18_micro065_conf_1.dft_h.01.mae
SM18_micro065_conf_2.dft_h.01.mae
SM18_micro065_conf_3.dft_h.01.mae
SM18_micro065_conf_4.dft_h.01.mae
SM18_micro065_conf_5.dft_h.01.mae
Taking deprotonated structures from:
SM18_micro052_conf_1.dft.01.mae
SM18_micro052_conf_2.dft.01.mae
SM18_micro052_conf_3.dft.01.mae
SM18_micro052_conf_4.dft.01.mae
SM18_micro052_conf_5.dft.01.mae

Corrected results for 'protonated' structure in water:
pKa atom: 38

 # 	                 Shell                  	 pKa 	RMSD	 Contribution
---	----------------------------------------	-----	-----	--------------
1: 	mono keto CH acid                       	25.08	0.641	     1.94%
2: 	Protonation of generic atom             	22.46	2.264	    77.07%
3: 	aliphatic CH acid in water              	20.78	2.584	    10.74%
4: 	Protonation of sp2-like aliphatic carbon	20.84	2.605	    10.25%

 Final weighted pKa value is 22.16



