Command:    jaguar run pka.py -jobname jag_SM11_micro021_SM11_micro009 -PARALLEL 10 -n -csrch -prot SM11_micro021.in -deprot SM11_micro009.in
Release:    2017-4
Exec:       /data/chodera/schrodinger/schrodinger2017-4-advanced/jaguar-v9.8/bin/Linux-x86_64
Host:       lt20
JobId:      lilac-0-5aec9a2b
JobDir:     /lila/data/chodera/schrodinger/tmpdir/rustenburg/jag_SM11_micro021_SM11_micro009
Date:       Fri May  4 13:37:03 2018

Contents of /lila/data/chodera/schrodinger/tmpdir/rustenburg/jag_SM11_micro021_SM11_micro009:
/lila/data/chodera/schrodinger/tmpdir/rustenburg/jag_SM11_micro021_SM11_micro009/lilac-0-5aec9a2b.hosts
/lila/data/chodera/schrodinger/tmpdir/rustenburg/jag_SM11_micro021_SM11_micro009/lilac-0-5aec9a2b
/lila/data/chodera/schrodinger/tmpdir/rustenburg/jag_SM11_micro021_SM11_micro009/lilac-0-5aec9a2b.nodes
/lila/data/chodera/schrodinger/tmpdir/rustenburg/jag_SM11_micro021_SM11_micro009/lilac-0-5aec9a2b.recover
/lila/data/chodera/schrodinger/tmpdir/rustenburg/jag_SM11_micro021_SM11_micro009/SM11_micro009.in
/lila/data/chodera/schrodinger/tmpdir/rustenburg/jag_SM11_micro021_SM11_micro009/jag_SM11_micro021_SM11_micro009.log
/lila/data/chodera/schrodinger/tmpdir/rustenburg/jag_SM11_micro021_SM11_micro009/lilac-0-5aec9a2b.jlog
/lila/data/chodera/schrodinger/tmpdir/rustenburg/jag_SM11_micro021_SM11_micro009/jag_SM11_micro021_SM11_micro009.recover
/lila/data/chodera/schrodinger/tmpdir/rustenburg/jag_SM11_micro021_SM11_micro009/SM11_micro021.mae
/lila/data/chodera/schrodinger/tmpdir/rustenburg/jag_SM11_micro021_SM11_micro009/lilac-0-5aec9a2b.mpinodes
/lila/data/chodera/schrodinger/tmpdir/rustenburg/jag_SM11_micro021_SM11_micro009/SM11_micro021.in
/lila/data/chodera/schrodinger/tmpdir/rustenburg/jag_SM11_micro021_SM11_micro009/SM11_micro009.mae

=====================
 Jaguar pKa workflow
=====================

Analysing user-provided (prot, deprot) pair:
(SM11_micro021.in, SM11_micro009.in)
Found labile hydrogen 18 in SM11_micro021.in
Found labile hydrogen at atom 16 in SM11_micro009.in
Adding 'ipkat' keyword to input files.

Identifying pKa functional group for pair:
(SM11_micro021, SM11_micro009)

Executing subprocess:
/data/chodera/schrodinger/schrodinger2017-4-advanced/jaguar-v9.8/bin/Linux-x86_64/pka -i -j SM11_micro021.tmp.jres -n

Taking protonated structures from:
SM11_micro021.mae
Taking deprotonated structures from:
SM11_micro009.mae

This molecule from 'SM11_micro021.mae' in water was recognized as:

 # 	           Shell           
---	---------------------------
1: 	pyrimidine                 
2: 	heterocycle custom 1       
3: 	heterocycle                
4: 	Protonation of generic atom


Executing conformational search...

Executing 2 distributed subjobs:
---------------------------------

No more than 8 cpu(s) will be used per subjob.
No more than 10 cpu(s) will be used simultaneously.

Processing the following subjobs:
(1) jaguar run csrch.py SM11_micro021.mae -jobname SM11_micro021 -max_conf 5 -erg_window 50.208 -acc_level 1 -TPP 5
(2) jaguar run csrch.py SM11_micro009.mae -jobname SM11_micro009 -max_conf 5 -erg_window 50.208 -acc_level 1 -TPP 5

Running subjobs on hosts:
  lsf-cpu (Max: 2)
Number of jobs:       2
Max retries per job:  3
Max allowed failures: unlimited
Run with -LOCAL:      False
Verbosity:            normal

Starting JobDJ...

Keep one job on driver host: False
JobDJ columns:
  C: Number of completed subjobs
  A: Number of active subjobs (e.g., submitted, running)
  W: Number of waiting/pending subjobs

C A W | Activity  JobId  JobName  JobHost
- - - | --------- -----------------------
0 1 1 | launched  lt20-1-5aec9a45 SM11_micro021 lsf-cpu
0 2 0 | launched  lt20-0-5aec9a48 SM11_micro009 lsf-cpu
1 1 0 | finished  lt20-1-5aec9a45 SM11_micro021 lsf-cpu
2 0 0 | finished  lt20-0-5aec9a48 SM11_micro009 lsf-cpu

All jobs have completed.

2 of 2 job(s) succeeded; 0 job(s) failed.

Timer (distribute subjobs) : 373.37 secs (0 hrs, 06 mins, 13 secs)

Setting up QM workflow for (protonated, deprotonated) pair:
(1) (SM11_micro021, SM11_micro009)

Executing Jaguar quantum-mechanical subjobs...

Executing 5 distributed subjobs:
---------------------------------

No more than 8 cpu(s) will be used per subjob.
No more than 10 cpu(s) will be used simultaneously.

Processing the following subjobs:
(1) jaguar run pka_prot.bat -jobname SM11_micro021_conf_1 SM11_micro021_conf_1.in -TPP 2
(2) jaguar run pka_prot.bat -jobname SM11_micro021_conf_2 SM11_micro021_conf_2.in -TPP 2
(3) jaguar run pka_deprot.bat -jobname SM11_micro009_conf_1 SM11_micro009_conf_1.in -TPP 2
(4) jaguar run pka_deprot.bat -jobname SM11_micro009_conf_2 SM11_micro009_conf_2.in -TPP 2
(5) jaguar run pka_deprot.bat -jobname SM11_micro009_conf_3 SM11_micro009_conf_3.in -TPP 2

Running subjobs on hosts:
  lsf-cpu (Max: 5)
Number of jobs:       5
Max retries per job:  3
Max allowed failures: unlimited
Run with -LOCAL:      False
Verbosity:            normal

Starting JobDJ...

Keep one job on driver host: False
JobDJ columns:
  C: Number of completed subjobs
  A: Number of active subjobs (e.g., submitted, running)
  W: Number of waiting/pending subjobs

C A W | Activity  JobId  JobName  JobHost
- - - | --------- -----------------------
0 1 4 | launched  lt20-0-5aec9bbb SM11_micro021_conf_1 lsf-cpu
0 2 3 | launched  lt20-0-5aec9bbd SM11_micro021_conf_2 lsf-cpu
0 3 2 | launched  lt20-0-5aec9bc0 SM11_micro009_conf_1 lsf-cpu
0 4 1 | launched  lt20-0-5aec9bc2 SM11_micro009_conf_2 lsf-cpu
0 5 0 | launched  lt20-1-5aec9bc4 SM11_micro009_conf_3 lsf-cpu
1 4 0 | finished  lt20-0-5aec9bbd SM11_micro021_conf_2 lsf-cpu [lt17]
2 3 0 | finished  lt20-1-5aec9bc4 SM11_micro009_conf_3 lsf-cpu [ls12]
3 2 0 | finished  lt20-0-5aec9bc0 SM11_micro009_conf_1 lsf-cpu [ls01]
4 1 0 | finished  lt20-0-5aec9bbb SM11_micro021_conf_1 lsf-cpu [lt12]
5 0 0 | finished  lt20-0-5aec9bc2 SM11_micro009_conf_2 lsf-cpu [ls12]

All jobs have completed.

5 of 5 job(s) succeeded; 0 job(s) failed.

Timer (distribute subjobs) : 1657.87 secs (0 hrs, 27 mins, 37 secs)

Processing QM output files...

Executing subprocess:
/data/chodera/schrodinger/schrodinger2017-4-advanced/jaguar results -energy SM11_micro021_conf_1.nrg_h.out

Executing subprocess:
/data/chodera/schrodinger/schrodinger2017-4-advanced/jaguar results -esolv SM11_micro021_conf_1.sol_h.out

Executing subprocess:
/data/chodera/schrodinger/schrodinger2017-4-advanced/jaguar results -energy SM11_micro021_conf_2.nrg_h.out

Executing subprocess:
/data/chodera/schrodinger/schrodinger2017-4-advanced/jaguar results -esolv SM11_micro021_conf_2.sol_h.out

Executing subprocess:
/data/chodera/schrodinger/schrodinger2017-4-advanced/jaguar results -energy SM11_micro009_conf_1.nrg.out

Executing subprocess:
/data/chodera/schrodinger/schrodinger2017-4-advanced/jaguar results -esolv SM11_micro009_conf_1.sol.out

Executing subprocess:
/data/chodera/schrodinger/schrodinger2017-4-advanced/jaguar results -energy SM11_micro009_conf_2.nrg.out

Executing subprocess:
/data/chodera/schrodinger/schrodinger2017-4-advanced/jaguar results -esolv SM11_micro009_conf_2.sol.out

Executing subprocess:
/data/chodera/schrodinger/schrodinger2017-4-advanced/jaguar results -energy SM11_micro009_conf_3.nrg.out

Executing subprocess:
/data/chodera/schrodinger/schrodinger2017-4-advanced/jaguar results -esolv SM11_micro009_conf_3.sol.out

Executing subprocess:
/data/chodera/schrodinger/schrodinger2017-4-advanced/jaguar-v9.8/bin/Linux-x86_64/pka -o SM11_micro021_deprot-out.mae -j SM11_micro021.jres -n -d

Executing subprocess:
/data/chodera/schrodinger/schrodinger2017-4-advanced/jaguar-v9.8/bin/Linux-x86_64/pka -o SM11_micro021_prot-out.mae -j SM11_micro021.jres -n

pKa calculation for SM11_micro021 completed.

pKa workflow jag_SM11_micro021_SM11_micro009 completed.

Timer (Jaguar pKa) : 2092.54 secs (0 hrs, 34 mins, 52 secs)
Timer (jaguar_backend.py) : 2092.54 secs (0 hrs, 34 mins, 52 secs)
Finished:   Fri May  4 14:11:55 2018
