Taking protonated structures from:
SM13_micro003_conf_1.dft_h.01.mae
SM13_micro003_conf_2.dft_h.01.mae
SM13_micro003_conf_3.dft_h.01.mae
SM13_micro003_conf_4.dft_h.01.mae
SM13_micro003_conf_5.dft_h.01.mae
Taking deprotonated structures from:
SM13_micro008_conf_1.dft.01.mae
SM13_micro008_conf_2.dft.01.mae
SM13_micro008_conf_3.dft.01.mae
SM13_micro008_conf_4.dft.01.mae
SM13_micro008_conf_5.dft.01.mae

Corrected results for 'protonated' structure in water:
pKa atom: 25

 # 	           Shell           	 pKa 	RMSD	 Contribution
---	---------------------------	-----	-----	--------------
1: 	pyrimidine                 	 0.28	0.242	    84.17%
2: 	heterocycle custom 1       	-0.51	0.617	     8.07%
3: 	heterocycle                	-0.11	0.837	     7.32%
4: 	Protonation of generic atom	 1.31	2.264	     0.44%

 Final weighted pKa value is 0.19



