Taking protonated structures from:
SM18_micro047_conf_1.dft_h.01.mae
SM18_micro047_conf_2.dft_h.01.mae
SM18_micro047_conf_3.dft_h.01.mae
SM18_micro047_conf_4.dft_h.01.mae
SM18_micro047_conf_5.dft_h.01.mae
Taking deprotonated structures from:
SM18_micro005_conf_1.dft.01.mae
SM18_micro005_conf_2.dft.01.mae
SM18_micro005_conf_3.dft.01.mae
SM18_micro005_conf_4.dft.01.mae
SM18_micro005_conf_5.dft.01.mae

Corrected results for 'protonated' structure in water:
pKa atom: 31

 # 	           Shell           	 pKa 	RMSD	 Contribution
---	---------------------------	-----	-----	--------------
1: 	heterocycle custom 1       	 8.34	0.617	    26.27%
2: 	heterocycle                	 8.37	0.837	    68.10%
3: 	Protonation of generic atom	 7.92	2.264	     5.63%

 Final weighted pKa value is 8.34



