Taking protonated structures from:
SM23_micro041_conf_1.dft_h.01.mae
SM23_micro041_conf_2.dft_h.01.mae
SM23_micro041_conf_3.dft_h.01.mae
SM23_micro041_conf_4.dft_h.01.mae
SM23_micro041_conf_5.dft_h.01.mae
Taking deprotonated structures from:
SM23_micro021_conf_1.dft.01.mae
SM23_micro021_conf_2.dft.01.mae
SM23_micro021_conf_3.dft.01.mae
SM23_micro021_conf_4.dft.01.mae
SM23_micro021_conf_5.dft.01.mae

Corrected results for 'protonated' structure in water:
pKa atom: 34

 # 	           Shell           	 pKa 	RMSD	 Contribution
---	---------------------------	-----	-----	--------------
1: 	pyrimidine                 	-4.98	0.242	    12.20%
2: 	heterocycle custom 1       	-9.33	0.617	    11.17%
3: 	heterocycle                	-8.56	0.837	     8.66%
4: 	Protonation of generic atom	-5.29	2.264	    67.96%

 Final weighted pKa value is -5.99



