Taking protonated structures from:
SM06_micro002_conf_1.dft_h.01.mae
SM06_micro002_conf_2.dft_h.01.mae
SM06_micro002_conf_3.dft_h.01.mae
SM06_micro002_conf_4.dft_h.01.mae
SM06_micro002_conf_5.dft_h.01.mae
Taking deprotonated structures from:
SM06_micro005_conf_1.dft.01.mae
SM06_micro005_conf_2.dft.01.mae
SM06_micro005_conf_3.dft.01.mae
SM06_micro005_conf_4.dft.01.mae
SM06_micro005_conf_5.dft.01.mae

Corrected results for 'protonated' structure in water:
pKa atom: 21

 # 	           Shell           	 pKa 	RMSD	 Contribution
---	---------------------------	-----	-----	--------------
1: 	quinoline                  	 2.26	0.374	    58.91%
2: 	pyridine                   	 0.72	0.493	    24.74%
3: 	heterocycle custom 1       	-0.15	0.617	    11.77%
4: 	heterocycle                	 0.24	0.837	     4.34%
5: 	Protonation of generic atom	 1.62	2.264	     0.25%

 Final weighted pKa value is 1.51



