Taking protonated structures from:
SM23_micro040_conf_1.dft_h.01.mae
SM23_micro040_conf_2.dft_h.01.mae
SM23_micro040_conf_3.dft_h.01.mae
SM23_micro040_conf_4.dft_h.01.mae
SM23_micro040_conf_5.dft_h.01.mae
Taking deprotonated structures from:
SM23_micro007_conf_1.dft.01.mae
SM23_micro007_conf_2.dft.01.mae
SM23_micro007_conf_3.dft.01.mae
SM23_micro007_conf_4.dft.01.mae
SM23_micro007_conf_5.dft.01.mae

Corrected results for 'protonated' structure in water:
pKa atom: 54

 # 	                  Shell                   	 pKa 	RMSD	 Contribution
---	------------------------------------------	-----	-----	--------------
1: 	secondary aniline                         	-11.23	0.275	    24.79%
2: 	Protonation of sp3-like aliphatic nitrogen	-9.78	1.715	    70.61%
3: 	Protonation of generic atom               	-9.50	2.264	     4.60%

 Final weighted pKa value is -10.13



