Command:    jaguar run pka.py -jobname jag_SM24_micro001_SM24_micro007 -PARALLEL 10 -WAIT -n -csrch -prot SM24_micro001.in -deprot SM24_micro007.in
Release:    2017-4
Exec:       /data/chodera/schrodinger/schrodinger2017-4-advanced/jaguar-v9.8/bin/Linux-x86_64
Host:       ls16
JobId:      ls16-0-5af47275
JobDir:     /lila/data/chodera/schrodinger/tmpdir/rustenburg/jag_SM24_micro001_SM24_micro007
Date:       Thu May 10 12:25:27 2018

Contents of /lila/data/chodera/schrodinger/tmpdir/rustenburg/jag_SM24_micro001_SM24_micro007:
/lila/data/chodera/schrodinger/tmpdir/rustenburg/jag_SM24_micro001_SM24_micro007/SM24_micro001.mae
/lila/data/chodera/schrodinger/tmpdir/rustenburg/jag_SM24_micro001_SM24_micro007/SM24_micro007.in
/lila/data/chodera/schrodinger/tmpdir/rustenburg/jag_SM24_micro001_SM24_micro007/jag_SM24_micro001_SM24_micro007.log
/lila/data/chodera/schrodinger/tmpdir/rustenburg/jag_SM24_micro001_SM24_micro007/SM24_micro001.in
/lila/data/chodera/schrodinger/tmpdir/rustenburg/jag_SM24_micro001_SM24_micro007/ls16-0-5af47275.mpinodes
/lila/data/chodera/schrodinger/tmpdir/rustenburg/jag_SM24_micro001_SM24_micro007/jag_SM24_micro001_SM24_micro007.recover
/lila/data/chodera/schrodinger/tmpdir/rustenburg/jag_SM24_micro001_SM24_micro007/ls16-0-5af47275.recover
/lila/data/chodera/schrodinger/tmpdir/rustenburg/jag_SM24_micro001_SM24_micro007/SM24_micro007.mae
/lila/data/chodera/schrodinger/tmpdir/rustenburg/jag_SM24_micro001_SM24_micro007/ls16-0-5af47275

=====================
 Jaguar pKa workflow
=====================

Analysing user-provided (prot, deprot) pair:
(SM24_micro001.in, SM24_micro007.in)
Found labile hydrogen 30 in SM24_micro001.in
Found labile hydrogen at atom 22 in SM24_micro007.in
Adding 'ipkat' keyword to input files.

Identifying pKa functional group for pair:
(SM24_micro001, SM24_micro007)

Executing subprocess:
/data/chodera/schrodinger/schrodinger2017-4-advanced/jaguar-v9.8/bin/Linux-x86_64/pka -i -j SM24_micro001.tmp.jres -n

Taking protonated structures from:
SM24_micro001.mae
Taking deprotonated structures from:
SM24_micro007.mae

This molecule from 'SM24_micro001.mae' in water was recognized as:

 # 	           Shell           
---	---------------------------
1: 	heterocycle custom 1       
2: 	heterocycle                
3: 	Protonation of generic atom


Executing conformational search...

Executing 2 distributed subjobs:
---------------------------------

No more than 8 cpu(s) will be used per subjob.
No more than 10 cpu(s) will be used simultaneously.

Processing the following subjobs:
(1) jaguar run csrch.py SM24_micro001.mae -jobname SM24_micro001 -max_conf 5 -erg_window 50.208 -acc_level 1 -TPP 5
(2) jaguar run csrch.py SM24_micro007.mae -jobname SM24_micro007 -max_conf 5 -erg_window 50.208 -acc_level 1 -TPP 5

Running subjobs on hosts:
  localhost (Max: 2)
Number of jobs:       2
Max retries per job:  3
Max allowed failures: unlimited
Run with -LOCAL:      False
Verbosity:            normal

Starting JobDJ...

Keep one job on driver host: False
JobDJ columns:
  C: Number of completed subjobs
  A: Number of active subjobs (e.g., submitted, running)
  W: Number of waiting/pending subjobs

C A W | Activity  JobId  JobName  JobHost
- - - | --------- -----------------------
0 1 1 | launched  ls16-0-5af4727e SM24_micro001 localhost [ls16]
0 2 0 | launched  ls16-0-5af47281 SM24_micro007 localhost [ls16]
1 1 0 | finished  ls16-0-5af47281 SM24_micro007 localhost [ls16]
2 0 0 | finished  ls16-0-5af4727e SM24_micro001 localhost [ls16]

All jobs have completed.

2 of 2 job(s) succeeded; 0 job(s) failed.

Timer (distribute subjobs) : 1343.61 secs (0 hrs, 22 mins, 23 secs)

Setting up QM workflow for (protonated, deprotonated) pair:
(1) (SM24_micro001, SM24_micro007)

Executing Jaguar quantum-mechanical subjobs...

Executing 10 distributed subjobs:
----------------------------------

No more than 8 cpu(s) will be used per subjob.
No more than 10 cpu(s) will be used simultaneously.

Processing the following subjobs:
(1) jaguar run pka_prot.bat -jobname SM24_micro001_conf_1 SM24_micro001_conf_1.in
(2) jaguar run pka_prot.bat -jobname SM24_micro001_conf_2 SM24_micro001_conf_2.in
(3) jaguar run pka_prot.bat -jobname SM24_micro001_conf_3 SM24_micro001_conf_3.in
(4) jaguar run pka_prot.bat -jobname SM24_micro001_conf_4 SM24_micro001_conf_4.in
(5) jaguar run pka_prot.bat -jobname SM24_micro001_conf_5 SM24_micro001_conf_5.in
(6) jaguar run pka_deprot.bat -jobname SM24_micro007_conf_1 SM24_micro007_conf_1.in
(7) jaguar run pka_deprot.bat -jobname SM24_micro007_conf_2 SM24_micro007_conf_2.in
(8) jaguar run pka_deprot.bat -jobname SM24_micro007_conf_3 SM24_micro007_conf_3.in
(9) jaguar run pka_deprot.bat -jobname SM24_micro007_conf_4 SM24_micro007_conf_4.in
(10) jaguar run pka_deprot.bat -jobname SM24_micro007_conf_5 SM24_micro007_conf_5.in

Running subjobs on hosts:
  localhost (Max: 10)
Number of jobs:       10
Max retries per job:  3
Max allowed failures: unlimited
Run with -LOCAL:      False
Verbosity:            normal

Starting JobDJ...

Keep one job on driver host: False
JobDJ columns:
  C: Number of completed subjobs
  A: Number of active subjobs (e.g., submitted, running)
  W: Number of waiting/pending subjobs

 C  A  W | Activity  JobId  JobName  JobHost
-- -- -- | --------- -----------------------
 0  1  9 | launched  ls16-0-5af477cc SM24_micro001_conf_1 localhost [ls16]
 0  2  8 | launched  ls16-0-5af477cf SM24_micro001_conf_2 localhost [ls16]
 0  3  7 | launched  ls16-0-5af477d2 SM24_micro001_conf_3 localhost [ls16]
 0  4  6 | launched  ls16-1-5af477d4 SM24_micro001_conf_4 localhost [ls16]
 0  5  5 | launched  ls16-0-5af477d7 SM24_micro001_conf_5 localhost [ls16]
 0  6  4 | launched  ls16-0-5af477da SM24_micro007_conf_1 localhost [ls16]
 0  7  3 | launched  ls16-1-5af477dc SM24_micro007_conf_2 localhost [ls16]
 0  8  2 | launched  ls16-1-5af477de SM24_micro007_conf_3 localhost [ls16]
 0  9  1 | launched  ls16-1-5af477e1 SM24_micro007_conf_4 localhost [ls16]
 0 10  0 | launched  ls16-0-5af477e4 SM24_micro007_conf_5 localhost [ls16]
 1  9  0 | finished  ls16-1-5af477de SM24_micro007_conf_3 localhost [ls16]
 2  8  0 | finished  ls16-1-5af477e1 SM24_micro007_conf_4 localhost [ls16]
 3  7  0 | finished  ls16-0-5af477da SM24_micro007_conf_1 localhost [ls16]
 4  6  0 | finished  ls16-1-5af477dc SM24_micro007_conf_2 localhost [ls16]
 5  5  0 | finished  ls16-0-5af477d2 SM24_micro001_conf_3 localhost [ls16]
 6  4  0 | finished  ls16-0-5af477cf SM24_micro001_conf_2 localhost [ls16]
 7  3  0 | finished  ls16-1-5af477d4 SM24_micro001_conf_4 localhost [ls16]
 8  2  0 | finished  ls16-0-5af477cc SM24_micro001_conf_1 localhost [ls16]
 9  1  0 | finished  ls16-0-5af477d7 SM24_micro001_conf_5 localhost [ls16]
10  0  0 | finished  ls16-0-5af477e4 SM24_micro007_conf_5 localhost [ls16]

All jobs have completed.

10 of 10 job(s) succeeded; 0 job(s) failed.

Timer (distribute subjobs) : 8653.16 secs (2 hrs, 24 mins, 13 secs)

Processing QM output files...

Executing subprocess:
/data/chodera/schrodinger/schrodinger2017-4-advanced/jaguar results -energy SM24_micro001_conf_1.nrg_h.out

Executing subprocess:
/data/chodera/schrodinger/schrodinger2017-4-advanced/jaguar results -esolv SM24_micro001_conf_1.sol_h.out

Executing subprocess:
/data/chodera/schrodinger/schrodinger2017-4-advanced/jaguar results -energy SM24_micro001_conf_2.nrg_h.out

Executing subprocess:
/data/chodera/schrodinger/schrodinger2017-4-advanced/jaguar results -esolv SM24_micro001_conf_2.sol_h.out

Executing subprocess:
/data/chodera/schrodinger/schrodinger2017-4-advanced/jaguar results -energy SM24_micro001_conf_3.nrg_h.out

Executing subprocess:
/data/chodera/schrodinger/schrodinger2017-4-advanced/jaguar results -esolv SM24_micro001_conf_3.sol_h.out

Executing subprocess:
/data/chodera/schrodinger/schrodinger2017-4-advanced/jaguar results -energy SM24_micro001_conf_4.nrg_h.out

Executing subprocess:
/data/chodera/schrodinger/schrodinger2017-4-advanced/jaguar results -esolv SM24_micro001_conf_4.sol_h.out

Executing subprocess:
/data/chodera/schrodinger/schrodinger2017-4-advanced/jaguar results -energy SM24_micro001_conf_5.nrg_h.out

Executing subprocess:
/data/chodera/schrodinger/schrodinger2017-4-advanced/jaguar results -esolv SM24_micro001_conf_5.sol_h.out

Executing subprocess:
/data/chodera/schrodinger/schrodinger2017-4-advanced/jaguar results -energy SM24_micro007_conf_1.nrg.out

Executing subprocess:
/data/chodera/schrodinger/schrodinger2017-4-advanced/jaguar results -esolv SM24_micro007_conf_1.sol.out

Executing subprocess:
/data/chodera/schrodinger/schrodinger2017-4-advanced/jaguar results -energy SM24_micro007_conf_2.nrg.out

Executing subprocess:
/data/chodera/schrodinger/schrodinger2017-4-advanced/jaguar results -esolv SM24_micro007_conf_2.sol.out

Executing subprocess:
/data/chodera/schrodinger/schrodinger2017-4-advanced/jaguar results -energy SM24_micro007_conf_3.nrg.out

Executing subprocess:
/data/chodera/schrodinger/schrodinger2017-4-advanced/jaguar results -esolv SM24_micro007_conf_3.sol.out

Executing subprocess:
/data/chodera/schrodinger/schrodinger2017-4-advanced/jaguar results -energy SM24_micro007_conf_4.nrg.out

Executing subprocess:
/data/chodera/schrodinger/schrodinger2017-4-advanced/jaguar results -esolv SM24_micro007_conf_4.sol.out

Executing subprocess:
/data/chodera/schrodinger/schrodinger2017-4-advanced/jaguar results -energy SM24_micro007_conf_5.nrg.out

Executing subprocess:
/data/chodera/schrodinger/schrodinger2017-4-advanced/jaguar results -esolv SM24_micro007_conf_5.sol.out

Executing subprocess:
/data/chodera/schrodinger/schrodinger2017-4-advanced/jaguar-v9.8/bin/Linux-x86_64/pka -o SM24_micro001_deprot-out.mae -j SM24_micro001.jres -n -d

Executing subprocess:
/data/chodera/schrodinger/schrodinger2017-4-advanced/jaguar-v9.8/bin/Linux-x86_64/pka -o SM24_micro001_prot-out.mae -j SM24_micro001.jres -n

pKa calculation for SM24_micro001 completed.

pKa workflow jag_SM24_micro001_SM24_micro007 completed.

Timer (Jaguar pKa) : 10088.19 secs (2 hrs, 48 mins, 08 secs)
Timer (jaguar_backend.py) : 10088.19 secs (2 hrs, 48 mins, 08 secs)
Finished:   Thu May 10 15:13:36 2018
