Command:    jaguar run pka.py -jobname jag_SM23_micro038_SM23_micro007 -PARALLEL 10 -WAIT -n -csrch -prot SM23_micro038.in -deprot SM23_micro007.in
Release:    2017-4
Exec:       /data/chodera/schrodinger/schrodinger2017-4-advanced/jaguar-v9.8/bin/Linux-x86_64
Host:       ls02
JobId:      ls02-1-5af45f56
JobDir:     /lila/data/chodera/schrodinger/tmpdir/rustenburg/jag_SM23_micro038_SM23_micro007
Date:       Thu May 10 11:04:20 2018

Contents of /lila/data/chodera/schrodinger/tmpdir/rustenburg/jag_SM23_micro038_SM23_micro007:
/lila/data/chodera/schrodinger/tmpdir/rustenburg/jag_SM23_micro038_SM23_micro007/SM23_micro007.in
/lila/data/chodera/schrodinger/tmpdir/rustenburg/jag_SM23_micro038_SM23_micro007/ls02-1-5af45f56.recover
/lila/data/chodera/schrodinger/tmpdir/rustenburg/jag_SM23_micro038_SM23_micro007/jag_SM23_micro038_SM23_micro007.recover
/lila/data/chodera/schrodinger/tmpdir/rustenburg/jag_SM23_micro038_SM23_micro007/SM23_micro007.mae
/lila/data/chodera/schrodinger/tmpdir/rustenburg/jag_SM23_micro038_SM23_micro007/ls02-1-5af45f56
/lila/data/chodera/schrodinger/tmpdir/rustenburg/jag_SM23_micro038_SM23_micro007/SM23_micro038.mae
/lila/data/chodera/schrodinger/tmpdir/rustenburg/jag_SM23_micro038_SM23_micro007/ls02-1-5af45f56.mpinodes
/lila/data/chodera/schrodinger/tmpdir/rustenburg/jag_SM23_micro038_SM23_micro007/SM23_micro038.in
/lila/data/chodera/schrodinger/tmpdir/rustenburg/jag_SM23_micro038_SM23_micro007/jag_SM23_micro038_SM23_micro007.log

=====================
 Jaguar pKa workflow
=====================

Analysing user-provided (prot, deprot) pair:
(SM23_micro038.in, SM23_micro007.in)
Found labile hydrogen 33 in SM23_micro038.in
Found labile hydrogen at atom 19 in SM23_micro007.in
Adding 'ipkat' keyword to input files.

Identifying pKa functional group for pair:
(SM23_micro038, SM23_micro007)

Executing subprocess:
/data/chodera/schrodinger/schrodinger2017-4-advanced/jaguar-v9.8/bin/Linux-x86_64/pka -i -j SM23_micro038.tmp.jres -n

Taking protonated structures from:
SM23_micro038.mae
Taking deprotonated structures from:
SM23_micro007.mae

This molecule from 'SM23_micro038.mae' in water was recognized as:

 # 	           Shell           
---	---------------------------
1: 	Protonation of generic atom


Executing conformational search...

Executing 2 distributed subjobs:
---------------------------------

No more than 8 cpu(s) will be used per subjob.
No more than 10 cpu(s) will be used simultaneously.

Processing the following subjobs:
(1) jaguar run csrch.py SM23_micro038.mae -jobname SM23_micro038 -max_conf 5 -erg_window 50.208 -acc_level 1 -TPP 5
(2) jaguar run csrch.py SM23_micro007.mae -jobname SM23_micro007 -max_conf 5 -erg_window 50.208 -acc_level 1 -TPP 5

Running subjobs on hosts:
  localhost (Max: 2)
Number of jobs:       2
Max retries per job:  3
Max allowed failures: unlimited
Run with -LOCAL:      False
Verbosity:            normal

Starting JobDJ...

Keep one job on driver host: False
JobDJ columns:
  C: Number of completed subjobs
  A: Number of active subjobs (e.g., submitted, running)
  W: Number of waiting/pending subjobs

C A W | Activity  JobId  JobName  JobHost
- - - | --------- -----------------------
0 1 1 | launched  ls02-1-5af45f9a SM23_micro038 localhost [ls02]
0 2 0 | launched  ls02-2-5af45fcb SM23_micro007 localhost [ls02]
1 1 0 | finished  ls02-2-5af45fcb SM23_micro007 localhost [ls02]
2 0 0 | finished  ls02-1-5af45f9a SM23_micro038 localhost [ls02]

All jobs have completed.

2 of 2 job(s) succeeded; 0 job(s) failed.

Timer (distribute subjobs) : 1294.68 secs (0 hrs, 21 mins, 34 secs)

Setting up QM workflow for (protonated, deprotonated) pair:
(1) (SM23_micro038, SM23_micro007)

Executing Jaguar quantum-mechanical subjobs...

Executing 10 distributed subjobs:
----------------------------------

No more than 8 cpu(s) will be used per subjob.
No more than 10 cpu(s) will be used simultaneously.

Processing the following subjobs:
(1) jaguar run pka_prot.bat -jobname SM23_micro038_conf_1 SM23_micro038_conf_1.in
(2) jaguar run pka_prot.bat -jobname SM23_micro038_conf_2 SM23_micro038_conf_2.in
(3) jaguar run pka_prot.bat -jobname SM23_micro038_conf_3 SM23_micro038_conf_3.in
(4) jaguar run pka_prot.bat -jobname SM23_micro038_conf_4 SM23_micro038_conf_4.in
(5) jaguar run pka_prot.bat -jobname SM23_micro038_conf_5 SM23_micro038_conf_5.in
(6) jaguar run pka_deprot.bat -jobname SM23_micro007_conf_1 SM23_micro007_conf_1.in
(7) jaguar run pka_deprot.bat -jobname SM23_micro007_conf_2 SM23_micro007_conf_2.in
(8) jaguar run pka_deprot.bat -jobname SM23_micro007_conf_3 SM23_micro007_conf_3.in
(9) jaguar run pka_deprot.bat -jobname SM23_micro007_conf_4 SM23_micro007_conf_4.in
(10) jaguar run pka_deprot.bat -jobname SM23_micro007_conf_5 SM23_micro007_conf_5.in

Running subjobs on hosts:
  localhost (Max: 10)
Number of jobs:       10
Max retries per job:  3
Max allowed failures: unlimited
Run with -LOCAL:      False
Verbosity:            normal

Starting JobDJ...

Keep one job on driver host: False
JobDJ columns:
  C: Number of completed subjobs
  A: Number of active subjobs (e.g., submitted, running)
  W: Number of waiting/pending subjobs

 C  A  W | Activity  JobId  JobName  JobHost
-- -- -- | --------- -----------------------
 0  1  9 | launched  ls02-0-5af4649b SM23_micro038_conf_1 localhost [ls02]
 0  2  8 | launched  ls02-0-5af464ab SM23_micro038_conf_2 localhost [ls02]
WARNING: Job launch failed for 1/2 times.
% jaguar run pka_prot.bat -jobname SM23_micro038_conf_3 SM23_micro038_conf_3.in -HOST localhost
Output
Launch failed: Process timed out after 300.0 seconds.

Command:
/data/chodera/schrodinger/schrodinger2017-4-advanced/jaguar run pka_prot.bat -jobname SM23_micro038_conf_3 SM23_micro038_conf_3.in -HOST localhost
Output:

WARNING: Job launch failed for 2/2 times.
% jaguar run pka_prot.bat -jobname SM23_micro038_conf_3 SM23_micro038_conf_3.in -HOST localhost
Output
Launch failed: Process timed out after 300.0 seconds.

Command:
/data/chodera/schrodinger/schrodinger2017-4-advanced/jaguar run pka_prot.bat -jobname SM23_micro038_conf_3 SM23_micro038_conf_3.in -HOST localhost
Output:

 0  3  7 | launched  ls02-0-5af46728 SM23_micro038_conf_4 localhost [ls02]
 0  4  6 | launched  ls02-0-5af46851 SM23_micro038_conf_5 localhost [ls02]
 0  5  5 | launched  ls02-3-5af46875 SM23_micro007_conf_1 localhost [ls02]
 0  6  4 | restarted ls02-0-5af4687f SM23_micro038_conf_3 localhost [ls02]
 0  7  3 | launched  ls02-0-5af468b6 SM23_micro007_conf_2 localhost [ls02]
 0  8  2 | launched  ls02-1-5af468cc SM23_micro007_conf_3 localhost [ls02]
 0  9  1 | launched  ls02-1-5af468f2 SM23_micro007_conf_4 localhost [ls02]
 0 10  0 | launched  ls02-0-5af4690d SM23_micro007_conf_5 localhost [ls02]
 1  9  0 | finished  ls02-0-5af468b6 SM23_micro007_conf_2 localhost [ls02]
 2  8  0 | finished  ls02-3-5af46875 SM23_micro007_conf_1 localhost [ls02]
 3  7  0 | finished  ls02-0-5af4649b SM23_micro038_conf_1 localhost [ls02]
 4  6  0 | finished  ls02-0-5af46851 SM23_micro038_conf_5 localhost [ls02]
 5  5  0 | finished  ls02-0-5af46728 SM23_micro038_conf_4 localhost [ls02]
 6  4  0 | finished  ls02-0-5af4687f SM23_micro038_conf_3 localhost [ls02]
 7  3  0 | finished  ls02-1-5af468cc SM23_micro007_conf_3 localhost [ls02]
 8  2  0 | finished  ls02-1-5af468f2 SM23_micro007_conf_4 localhost [ls02]
 9  1  0 | finished  ls02-0-5af4690d SM23_micro007_conf_5 localhost [ls02]
10  0  0 | finished  ls02-0-5af464ab SM23_micro038_conf_2 localhost [ls02]

All jobs have completed.

10 of 10 job(s) succeeded; 0 job(s) failed.

Timer (distribute subjobs) : 18563.51 secs (5 hrs, 09 mins, 23 secs)

Processing QM output files...

Executing subprocess:
/data/chodera/schrodinger/schrodinger2017-4-advanced/jaguar results -energy SM23_micro038_conf_1.nrg_h.out

Executing subprocess:
/data/chodera/schrodinger/schrodinger2017-4-advanced/jaguar results -esolv SM23_micro038_conf_1.sol_h.out

Executing subprocess:
/data/chodera/schrodinger/schrodinger2017-4-advanced/jaguar results -energy SM23_micro038_conf_2.nrg_h.out

Executing subprocess:
/data/chodera/schrodinger/schrodinger2017-4-advanced/jaguar results -esolv SM23_micro038_conf_2.sol_h.out

Executing subprocess:
/data/chodera/schrodinger/schrodinger2017-4-advanced/jaguar results -energy SM23_micro038_conf_3.nrg_h.out

Executing subprocess:
/data/chodera/schrodinger/schrodinger2017-4-advanced/jaguar results -esolv SM23_micro038_conf_3.sol_h.out

Executing subprocess:
/data/chodera/schrodinger/schrodinger2017-4-advanced/jaguar results -energy SM23_micro038_conf_4.nrg_h.out

Executing subprocess:
/data/chodera/schrodinger/schrodinger2017-4-advanced/jaguar results -esolv SM23_micro038_conf_4.sol_h.out

Executing subprocess:
/data/chodera/schrodinger/schrodinger2017-4-advanced/jaguar results -energy SM23_micro038_conf_5.nrg_h.out

Executing subprocess:
/data/chodera/schrodinger/schrodinger2017-4-advanced/jaguar results -esolv SM23_micro038_conf_5.sol_h.out

Executing subprocess:
/data/chodera/schrodinger/schrodinger2017-4-advanced/jaguar results -energy SM23_micro007_conf_1.nrg.out

Executing subprocess:
/data/chodera/schrodinger/schrodinger2017-4-advanced/jaguar results -esolv SM23_micro007_conf_1.sol.out

Executing subprocess:
/data/chodera/schrodinger/schrodinger2017-4-advanced/jaguar results -energy SM23_micro007_conf_2.nrg.out

Executing subprocess:
/data/chodera/schrodinger/schrodinger2017-4-advanced/jaguar results -esolv SM23_micro007_conf_2.sol.out

Executing subprocess:
/data/chodera/schrodinger/schrodinger2017-4-advanced/jaguar results -energy SM23_micro007_conf_3.nrg.out

Executing subprocess:
/data/chodera/schrodinger/schrodinger2017-4-advanced/jaguar results -esolv SM23_micro007_conf_3.sol.out

Executing subprocess:
/data/chodera/schrodinger/schrodinger2017-4-advanced/jaguar results -energy SM23_micro007_conf_4.nrg.out

Executing subprocess:
/data/chodera/schrodinger/schrodinger2017-4-advanced/jaguar results -esolv SM23_micro007_conf_4.sol.out

Executing subprocess:
/data/chodera/schrodinger/schrodinger2017-4-advanced/jaguar results -energy SM23_micro007_conf_5.nrg.out

Executing subprocess:
/data/chodera/schrodinger/schrodinger2017-4-advanced/jaguar results -esolv SM23_micro007_conf_5.sol.out

Executing subprocess:
/data/chodera/schrodinger/schrodinger2017-4-advanced/jaguar-v9.8/bin/Linux-x86_64/pka -o SM23_micro038_deprot-out.mae -j SM23_micro038.jres -n -d

Executing subprocess:
/data/chodera/schrodinger/schrodinger2017-4-advanced/jaguar-v9.8/bin/Linux-x86_64/pka -o SM23_micro038_prot-out.mae -j SM23_micro038.jres -n

pKa calculation for SM23_micro038 completed.

pKa workflow jag_SM23_micro038_SM23_micro007 completed.

Timer (Jaguar pKa) : 19917.97 secs (5 hrs, 31 mins, 57 secs)
Timer (jaguar_backend.py) : 19917.97 secs (5 hrs, 31 mins, 57 secs)
Finished:   Thu May 10 16:36:18 2018
