Command:    jaguar run pka.py -jobname jag_SM22_micro002_SM22_micro003 -PARALLEL 10 -n -csrch -prot SM22_micro002.in -deprot SM22_micro003.in
Release:    2017-4
Exec:       /data/chodera/schrodinger/schrodinger2017-4-advanced/jaguar-v9.8/bin/Linux-x86_64
Host:       ls07
JobId:      lilac-0-5aecd164
JobDir:     /lila/data/chodera/schrodinger/tmpdir/rustenburg/jag_SM22_micro002_SM22_micro003
Date:       Fri May  4 19:19:43 2018

Contents of /lila/data/chodera/schrodinger/tmpdir/rustenburg/jag_SM22_micro002_SM22_micro003:
/lila/data/chodera/schrodinger/tmpdir/rustenburg/jag_SM22_micro002_SM22_micro003/SM22_micro002.mae
/lila/data/chodera/schrodinger/tmpdir/rustenburg/jag_SM22_micro002_SM22_micro003/lilac-0-5aecd164.jlog
/lila/data/chodera/schrodinger/tmpdir/rustenburg/jag_SM22_micro002_SM22_micro003/lilac-0-5aecd164.mpinodes
/lila/data/chodera/schrodinger/tmpdir/rustenburg/jag_SM22_micro002_SM22_micro003/lilac-0-5aecd164
/lila/data/chodera/schrodinger/tmpdir/rustenburg/jag_SM22_micro002_SM22_micro003/lilac-0-5aecd164.nodes
/lila/data/chodera/schrodinger/tmpdir/rustenburg/jag_SM22_micro002_SM22_micro003/SM22_micro002.in
/lila/data/chodera/schrodinger/tmpdir/rustenburg/jag_SM22_micro002_SM22_micro003/SM22_micro003.mae
/lila/data/chodera/schrodinger/tmpdir/rustenburg/jag_SM22_micro002_SM22_micro003/lilac-0-5aecd164.recover
/lila/data/chodera/schrodinger/tmpdir/rustenburg/jag_SM22_micro002_SM22_micro003/jag_SM22_micro002_SM22_micro003.log
/lila/data/chodera/schrodinger/tmpdir/rustenburg/jag_SM22_micro002_SM22_micro003/jag_SM22_micro002_SM22_micro003.recover
/lila/data/chodera/schrodinger/tmpdir/rustenburg/jag_SM22_micro002_SM22_micro003/lilac-0-5aecd164.hosts
/lila/data/chodera/schrodinger/tmpdir/rustenburg/jag_SM22_micro002_SM22_micro003/SM22_micro003.in

=====================
 Jaguar pKa workflow
=====================

Analysing user-provided (prot, deprot) pair:
(SM22_micro002.in, SM22_micro003.in)
Found labile hydrogen 18 in SM22_micro002.in
Found labile hydrogen at atom 8 in SM22_micro003.in
Adding 'ipkat' keyword to input files.

Identifying pKa functional group for pair:
(SM22_micro002, SM22_micro003)

Executing subprocess:
/data/chodera/schrodinger/schrodinger2017-4-advanced/jaguar-v9.8/bin/Linux-x86_64/pka -i -j SM22_micro002.tmp.jres -n

Taking protonated structures from:
SM22_micro002.mae
Taking deprotonated structures from:
SM22_micro003.mae

This molecule from 'SM22_micro002.mae' in water was recognized as:

 # 	            Shell             
---	------------------------------
1: 	Protonation of generic atom   
2: 	Protonation of sp2-like oxygen


Executing conformational search...

Executing 2 distributed subjobs:
---------------------------------

No more than 8 cpu(s) will be used per subjob.
No more than 10 cpu(s) will be used simultaneously.

Processing the following subjobs:
(1) jaguar run csrch.py SM22_micro002.mae -jobname SM22_micro002 -max_conf 5 -erg_window 50.208 -acc_level 1 -TPP 5
(2) jaguar run csrch.py SM22_micro003.mae -jobname SM22_micro003 -max_conf 5 -erg_window 50.208 -acc_level 1 -TPP 5

Running subjobs on hosts:
  lsf-cpu (Max: 2)
Number of jobs:       2
Max retries per job:  3
Max allowed failures: unlimited
Run with -LOCAL:      False
Verbosity:            normal

Starting JobDJ...

Keep one job on driver host: False
JobDJ columns:
  C: Number of completed subjobs
  A: Number of active subjobs (e.g., submitted, running)
  W: Number of waiting/pending subjobs

C A W | Activity  JobId  JobName  JobHost
- - - | --------- -----------------------
0 1 1 | launched  ls07-5-5aeceaa4 SM22_micro002 lsf-cpu
0 2 0 | launched  ls07-2-5aeceabb SM22_micro003 lsf-cpu
1 1 0 | finished  ls07-2-5aeceabb SM22_micro003 lsf-cpu
2 0 0 | finished  ls07-5-5aeceaa4 SM22_micro002 lsf-cpu

All jobs have completed.

2 of 2 job(s) succeeded; 0 job(s) failed.

Timer (distribute subjobs) : 4374.48 secs (1 hrs, 12 mins, 54 secs)

Setting up QM workflow for (protonated, deprotonated) pair:
(1) (SM22_micro002, SM22_micro003)

Executing Jaguar quantum-mechanical subjobs...

Executing 3 distributed subjobs:
---------------------------------

No more than 8 cpu(s) will be used per subjob.
No more than 10 cpu(s) will be used simultaneously.

Processing the following subjobs:
(1) jaguar run pka_prot.bat -jobname SM22_micro002_conf_1 SM22_micro002_conf_1.in -TPP 4
(2) jaguar run pka_prot.bat -jobname SM22_micro002_conf_2 SM22_micro002_conf_2.in -TPP 3
(3) jaguar run pka_deprot.bat -jobname SM22_micro003_conf SM22_micro003_conf.in -TPP 3

Running subjobs on hosts:
  lsf-cpu (Max: 3)
Number of jobs:       3
Max retries per job:  3
Max allowed failures: unlimited
Run with -LOCAL:      False
Verbosity:            normal

Starting JobDJ...

Keep one job on driver host: False
JobDJ columns:
  C: Number of completed subjobs
  A: Number of active subjobs (e.g., submitted, running)
  W: Number of waiting/pending subjobs

C A W | Activity  JobId  JobName  JobHost
- - - | --------- -----------------------
0 1 2 | launched  ls07-0-5aecfbac SM22_micro002_conf_1 lsf-cpu
0 2 1 | launched  ls07-0-5aecfbaf SM22_micro002_conf_2 lsf-cpu
0 3 0 | launched  ls07-0-5aecfbb1 SM22_micro003_conf lsf-cpu
1 2 0 | finished  ls07-0-5aecfbac SM22_micro002_conf_1 lsf-cpu
2 1 0 | finished  ls07-0-5aecfbb1 SM22_micro003_conf lsf-cpu [ls16]
3 0 0 | finished  ls07-0-5aecfbaf SM22_micro002_conf_2 lsf-cpu [lt14]

All jobs have completed.

3 of 3 job(s) succeeded; 0 job(s) failed.

Timer (distribute subjobs) : 5228.12 secs (1 hrs, 27 mins, 08 secs)

Processing QM output files...

Executing subprocess:
/data/chodera/schrodinger/schrodinger2017-4-advanced/jaguar results -energy SM22_micro002_conf_1.nrg_h.out

Executing subprocess:
/data/chodera/schrodinger/schrodinger2017-4-advanced/jaguar results -esolv SM22_micro002_conf_1.sol_h.out

Executing subprocess:
/data/chodera/schrodinger/schrodinger2017-4-advanced/jaguar results -energy SM22_micro002_conf_2.nrg_h.out

Executing subprocess:
/data/chodera/schrodinger/schrodinger2017-4-advanced/jaguar results -esolv SM22_micro002_conf_2.sol_h.out

Executing subprocess:
/data/chodera/schrodinger/schrodinger2017-4-advanced/jaguar results -energy SM22_micro003_conf.nrg.out

Executing subprocess:
/data/chodera/schrodinger/schrodinger2017-4-advanced/jaguar results -esolv SM22_micro003_conf.sol.out

Executing subprocess:
/data/chodera/schrodinger/schrodinger2017-4-advanced/jaguar-v9.8/bin/Linux-x86_64/pka -o SM22_micro002_deprot-out.mae -j SM22_micro002.jres -n -d

Executing subprocess:
/data/chodera/schrodinger/schrodinger2017-4-advanced/jaguar-v9.8/bin/Linux-x86_64/pka -o SM22_micro002_prot-out.mae -j SM22_micro002.jres -n

pKa calculation for SM22_micro002 completed.

pKa workflow jag_SM22_micro002_SM22_micro003 completed.

Timer (Jaguar pKa) : 9635.98 secs (2 hrs, 40 mins, 35 secs)
Timer (jaguar_backend.py) : 9635.98 secs (2 hrs, 40 mins, 35 secs)
Finished:   Fri May  4 22:00:19 2018
