Command:    jaguar run pka.py -jobname jag_SM01_micro005_SM01_micro004 -PARALLEL 10 -n -csrch -prot SM01_micro005.in -deprot SM01_micro004.in
Release:    2017-4
Exec:       /data/chodera/schrodinger/schrodinger2017-4-advanced/jaguar-v9.8/bin/Linux-x86_64
Host:       lt16
JobId:      lilac-0-5aec662e
JobDir:     /lila/data/chodera/schrodinger/tmpdir/rustenburg/jag_SM01_micro005_SM01_micro004
Date:       Fri May  4 09:55:07 2018

Contents of /lila/data/chodera/schrodinger/tmpdir/rustenburg/jag_SM01_micro005_SM01_micro004:
/lila/data/chodera/schrodinger/tmpdir/rustenburg/jag_SM01_micro005_SM01_micro004/SM01_micro005.mae
/lila/data/chodera/schrodinger/tmpdir/rustenburg/jag_SM01_micro005_SM01_micro004/lilac-0-5aec662e.hosts
/lila/data/chodera/schrodinger/tmpdir/rustenburg/jag_SM01_micro005_SM01_micro004/jag_SM01_micro005_SM01_micro004.recover
/lila/data/chodera/schrodinger/tmpdir/rustenburg/jag_SM01_micro005_SM01_micro004/lilac-0-5aec662e.recover
/lila/data/chodera/schrodinger/tmpdir/rustenburg/jag_SM01_micro005_SM01_micro004/lilac-0-5aec662e.nodes
/lila/data/chodera/schrodinger/tmpdir/rustenburg/jag_SM01_micro005_SM01_micro004/lilac-0-5aec662e
/lila/data/chodera/schrodinger/tmpdir/rustenburg/jag_SM01_micro005_SM01_micro004/SM01_micro004.mae
/lila/data/chodera/schrodinger/tmpdir/rustenburg/jag_SM01_micro005_SM01_micro004/lilac-0-5aec662e.jlog
/lila/data/chodera/schrodinger/tmpdir/rustenburg/jag_SM01_micro005_SM01_micro004/lilac-0-5aec662e.mpinodes
/lila/data/chodera/schrodinger/tmpdir/rustenburg/jag_SM01_micro005_SM01_micro004/SM01_micro004.in
/lila/data/chodera/schrodinger/tmpdir/rustenburg/jag_SM01_micro005_SM01_micro004/jag_SM01_micro005_SM01_micro004.log
/lila/data/chodera/schrodinger/tmpdir/rustenburg/jag_SM01_micro005_SM01_micro004/SM01_micro005.in

=====================
 Jaguar pKa workflow
=====================

Analysing user-provided (prot, deprot) pair:
(SM01_micro005.in, SM01_micro004.in)
Found labile hydrogen 19 in SM01_micro005.in
Found labile hydrogen at atom 4 in SM01_micro004.in
Adding 'ipkat' keyword to input files.

Identifying pKa functional group for pair:
(SM01_micro005, SM01_micro004)

Executing subprocess:
/data/chodera/schrodinger/schrodinger2017-4-advanced/jaguar-v9.8/bin/Linux-x86_64/pka -i -j SM01_micro005.tmp.jres -n

Taking protonated structures from:
SM01_micro005.mae
Taking deprotonated structures from:
SM01_micro004.mae

This molecule from 'SM01_micro005.mae' in water was recognized as:

 # 	                    Shell                     
---	----------------------------------------------
1: 	phenol excluding o-nitro- and o-nitrosophenols
2: 	Protonation of generic atom                   
3: 	Protonation of sp2-like oxygen                


Executing conformational search...

Executing 2 distributed subjobs:
---------------------------------

No more than 8 cpu(s) will be used per subjob.
No more than 10 cpu(s) will be used simultaneously.

Processing the following subjobs:
(1) jaguar run csrch.py SM01_micro005.mae -jobname SM01_micro005 -max_conf 5 -erg_window 50.208 -acc_level 1 -TPP 5
(2) jaguar run csrch.py SM01_micro004.mae -jobname SM01_micro004 -max_conf 5 -erg_window 50.208 -acc_level 1 -TPP 5

Running subjobs on hosts:
  lsf-cpu (Max: 2)
Number of jobs:       2
Max retries per job:  3
Max allowed failures: unlimited
Run with -LOCAL:      False
Verbosity:            normal

Starting JobDJ...

Keep one job on driver host: False
JobDJ columns:
  C: Number of completed subjobs
  A: Number of active subjobs (e.g., submitted, running)
  W: Number of waiting/pending subjobs

C A W | Activity  JobId  JobName  JobHost
- - - | --------- -----------------------
0 1 1 | launched  lt16-0-5aec6649 SM01_micro005 lsf-cpu
0 2 0 | launched  lt16-0-5aec6651 SM01_micro004 lsf-cpu
1 1 0 | finished  lt16-0-5aec6651 SM01_micro004 lsf-cpu
2 0 0 | finished  lt16-0-5aec6649 SM01_micro005 lsf-cpu

All jobs have completed.

2 of 2 job(s) succeeded; 0 job(s) failed.

Timer (distribute subjobs) : 386.16 secs (0 hrs, 06 mins, 26 secs)

Setting up QM workflow for (protonated, deprotonated) pair:
(1) (SM01_micro005, SM01_micro004)

Executing Jaguar quantum-mechanical subjobs...

Executing 6 distributed subjobs:
---------------------------------

No more than 8 cpu(s) will be used per subjob.
No more than 10 cpu(s) will be used simultaneously.

Processing the following subjobs:
(1) jaguar run pka_prot.bat -jobname SM01_micro005_conf_1 SM01_micro005_conf_1.in -TPP 2
(2) jaguar run pka_prot.bat -jobname SM01_micro005_conf_2 SM01_micro005_conf_2.in -TPP 2
(3) jaguar run pka_prot.bat -jobname SM01_micro005_conf_3 SM01_micro005_conf_3.in -TPP 2
(4) jaguar run pka_prot.bat -jobname SM01_micro005_conf_4 SM01_micro005_conf_4.in -TPP 2
(5) jaguar run pka_deprot.bat -jobname SM01_micro004_conf_1 SM01_micro004_conf_1.in
(6) jaguar run pka_deprot.bat -jobname SM01_micro004_conf_2 SM01_micro004_conf_2.in

Running subjobs on hosts:
  lsf-cpu (Max: 6)
Number of jobs:       6
Max retries per job:  3
Max allowed failures: unlimited
Run with -LOCAL:      False
Verbosity:            normal

Starting JobDJ...

Keep one job on driver host: False
JobDJ columns:
  C: Number of completed subjobs
  A: Number of active subjobs (e.g., submitted, running)
  W: Number of waiting/pending subjobs

C A W | Activity  JobId  JobName  JobHost
- - - | --------- -----------------------
0 1 5 | launched  lt16-0-5aec67cc SM01_micro005_conf_1 lsf-cpu
0 2 4 | launched  lt16-0-5aec67d1 SM01_micro005_conf_2 lsf-cpu
0 3 3 | launched  lt16-0-5aec67d6 SM01_micro005_conf_3 lsf-cpu
0 4 2 | launched  lt16-0-5aec67db SM01_micro005_conf_4 lsf-cpu
0 5 1 | launched  lt16-0-5aec67e0 SM01_micro004_conf_1 lsf-cpu
0 6 0 | launched  lt16-0-5aec67e5 SM01_micro004_conf_2 lsf-cpu
1 5 0 | finished  lt16-0-5aec67d6 SM01_micro005_conf_3 lsf-cpu
2 4 0 | finished  lt16-0-5aec67cc SM01_micro005_conf_1 lsf-cpu [ls02]
3 3 0 | finished  lt16-0-5aec67db SM01_micro005_conf_4 lsf-cpu [ls16]
4 2 0 | finished  lt16-0-5aec67e5 SM01_micro004_conf_2 lsf-cpu [ls12]
5 1 0 | finished  lt16-0-5aec67d1 SM01_micro005_conf_2 lsf-cpu [lt01]
6 0 0 | finished  lt16-0-5aec67e0 SM01_micro004_conf_1 lsf-cpu [ls12]

All jobs have completed.

6 of 6 job(s) succeeded; 0 job(s) failed.

Timer (distribute subjobs) : 1249.67 secs (0 hrs, 20 mins, 49 secs)

Processing QM output files...

Executing subprocess:
/data/chodera/schrodinger/schrodinger2017-4-advanced/jaguar results -energy SM01_micro005_conf_1.nrg_h.out

Executing subprocess:
/data/chodera/schrodinger/schrodinger2017-4-advanced/jaguar results -esolv SM01_micro005_conf_1.sol_h.out

Executing subprocess:
/data/chodera/schrodinger/schrodinger2017-4-advanced/jaguar results -energy SM01_micro005_conf_2.nrg_h.out

Executing subprocess:
/data/chodera/schrodinger/schrodinger2017-4-advanced/jaguar results -esolv SM01_micro005_conf_2.sol_h.out

Executing subprocess:
/data/chodera/schrodinger/schrodinger2017-4-advanced/jaguar results -energy SM01_micro005_conf_3.nrg_h.out

Executing subprocess:
/data/chodera/schrodinger/schrodinger2017-4-advanced/jaguar results -esolv SM01_micro005_conf_3.sol_h.out

Executing subprocess:
/data/chodera/schrodinger/schrodinger2017-4-advanced/jaguar results -energy SM01_micro005_conf_4.nrg_h.out

Executing subprocess:
/data/chodera/schrodinger/schrodinger2017-4-advanced/jaguar results -esolv SM01_micro005_conf_4.sol_h.out

Executing subprocess:
/data/chodera/schrodinger/schrodinger2017-4-advanced/jaguar results -energy SM01_micro004_conf_1.nrg.out

Executing subprocess:
/data/chodera/schrodinger/schrodinger2017-4-advanced/jaguar results -esolv SM01_micro004_conf_1.sol.out

Executing subprocess:
/data/chodera/schrodinger/schrodinger2017-4-advanced/jaguar results -energy SM01_micro004_conf_2.nrg.out

Executing subprocess:
/data/chodera/schrodinger/schrodinger2017-4-advanced/jaguar results -esolv SM01_micro004_conf_2.sol.out

Executing subprocess:
/data/chodera/schrodinger/schrodinger2017-4-advanced/jaguar-v9.8/bin/Linux-x86_64/pka -o SM01_micro005_deprot-out.mae -j SM01_micro005.jres -n -d

Executing subprocess:
/data/chodera/schrodinger/schrodinger2017-4-advanced/jaguar-v9.8/bin/Linux-x86_64/pka -o SM01_micro005_prot-out.mae -j SM01_micro005.jres -n

pKa calculation for SM01_micro005 completed.

pKa workflow jag_SM01_micro005_SM01_micro004 completed.

Timer (Jaguar pKa) : 1694.50 secs (0 hrs, 28 mins, 14 secs)
Timer (jaguar_backend.py) : 1694.51 secs (0 hrs, 28 mins, 14 secs)
Finished:   Fri May  4 10:23:22 2018
