Taking protonated structures from:
SM04_micro006_conf_1.dft_h.01.mae
SM04_micro006_conf_2.dft_h.01.mae
SM04_micro006_conf_3.dft_h.01.mae
SM04_micro006_conf_4.dft_h.01.mae
SM04_micro006_conf_5.dft_h.01.mae
Taking deprotonated structures from:
SM04_micro009_conf_1.dft.01.mae
SM04_micro009_conf_2.dft.01.mae
SM04_micro009_conf_3.dft.01.mae
SM04_micro009_conf_4.dft.01.mae
SM04_micro009_conf_5.dft.01.mae

Corrected results for 'protonated' structure in water:
pKa atom: 26

 # 	                  Shell                   	 pKa 	RMSD	 Contribution
---	------------------------------------------	-----	-----	--------------
1: 	RN=Het                                    	10.03	0.551	     0.01%
2: 	Protonation of sp2-like aliphatic nitrogen	 7.66	1.751	    77.08%
3: 	Protonation of generic atom               	 7.85	2.264	    22.91%

 Final weighted pKa value is 7.70



