Taking protonated structures from:
SM10_micro005_conf_1.dft_h.01.mae
SM10_micro005_conf_2.dft_h.01.mae
SM10_micro005_conf_3.dft_h.01.mae
SM10_micro005_conf_4.dft_h.01.mae
SM10_micro005_conf_5.dft_h.01.mae
Taking deprotonated structures from:
SM10_micro014_conf_1.dft.01.mae
SM10_micro014_conf_2.dft.01.mae
SM10_micro014_conf_3.dft.01.mae
SM10_micro014_conf_4.dft.01.mae
SM10_micro014_conf_5.dft.01.mae

Corrected results for 'protonated' structure in water:
pKa atom: 29

 # 	                 Shell                  	 pKa 	RMSD	 Contribution
---	----------------------------------------	-----	-----	--------------
1: 	enamine                                 	14.66	0.608	     0.00%
2: 	Protonation of generic atom             	20.50	2.264	    99.92%
3: 	Protonation of sp2-like aliphatic carbon	18.92	2.605	     0.08%

 Final weighted pKa value is 20.50



