Command:    jaguar run pka.py -jobname jag_SM17_micro006_SM17_micro011 -PARALLEL 10 -n -csrch -prot SM17_micro006.in -deprot SM17_micro011.in
Release:    2017-4
Exec:       /data/chodera/schrodinger/schrodinger2017-4-advanced/jaguar-v9.8/bin/Linux-x86_64
Host:       lt11
JobId:      lilac-0-5aeca948
JobDir:     /lila/data/chodera/schrodinger/tmpdir/rustenburg/jag_SM17_micro006_SM17_micro011
Date:       Fri May  4 14:47:19 2018

Contents of /lila/data/chodera/schrodinger/tmpdir/rustenburg/jag_SM17_micro006_SM17_micro011:
/lila/data/chodera/schrodinger/tmpdir/rustenburg/jag_SM17_micro006_SM17_micro011/SM17_micro011.mae
/lila/data/chodera/schrodinger/tmpdir/rustenburg/jag_SM17_micro006_SM17_micro011/jag_SM17_micro006_SM17_micro011.log
/lila/data/chodera/schrodinger/tmpdir/rustenburg/jag_SM17_micro006_SM17_micro011/lilac-0-5aeca948.nodes
/lila/data/chodera/schrodinger/tmpdir/rustenburg/jag_SM17_micro006_SM17_micro011/lilac-0-5aeca948.recover
/lila/data/chodera/schrodinger/tmpdir/rustenburg/jag_SM17_micro006_SM17_micro011/lilac-0-5aeca948.jlog
/lila/data/chodera/schrodinger/tmpdir/rustenburg/jag_SM17_micro006_SM17_micro011/lilac-0-5aeca948.mpinodes
/lila/data/chodera/schrodinger/tmpdir/rustenburg/jag_SM17_micro006_SM17_micro011/lilac-0-5aeca948
/lila/data/chodera/schrodinger/tmpdir/rustenburg/jag_SM17_micro006_SM17_micro011/lilac-0-5aeca948.hosts
/lila/data/chodera/schrodinger/tmpdir/rustenburg/jag_SM17_micro006_SM17_micro011/SM17_micro006.in
/lila/data/chodera/schrodinger/tmpdir/rustenburg/jag_SM17_micro006_SM17_micro011/SM17_micro011.in
/lila/data/chodera/schrodinger/tmpdir/rustenburg/jag_SM17_micro006_SM17_micro011/SM17_micro006.mae
/lila/data/chodera/schrodinger/tmpdir/rustenburg/jag_SM17_micro006_SM17_micro011/jag_SM17_micro006_SM17_micro011.recover

=====================
 Jaguar pKa workflow
=====================

Analysing user-provided (prot, deprot) pair:
(SM17_micro006.in, SM17_micro011.in)
Found labile hydrogen 20 in SM17_micro006.in
Found labile hydrogen at atom 10 in SM17_micro011.in
Adding 'ipkat' keyword to input files.

Identifying pKa functional group for pair:
(SM17_micro006, SM17_micro011)

Executing subprocess:
/data/chodera/schrodinger/schrodinger2017-4-advanced/jaguar-v9.8/bin/Linux-x86_64/pka -i -j SM17_micro006.tmp.jres -n

Taking protonated structures from:
SM17_micro006.mae
Taking deprotonated structures from:
SM17_micro011.mae

This molecule from 'SM17_micro006.mae' in water was recognized as:

 # 	           Shell           
---	---------------------------
1: 	heterocycle                
2: 	Protonation of generic atom


Executing conformational search...

Executing 2 distributed subjobs:
---------------------------------

No more than 8 cpu(s) will be used per subjob.
No more than 10 cpu(s) will be used simultaneously.

Processing the following subjobs:
(1) jaguar run csrch.py SM17_micro006.mae -jobname SM17_micro006 -max_conf 5 -erg_window 50.208 -acc_level 1 -TPP 5
(2) jaguar run csrch.py SM17_micro011.mae -jobname SM17_micro011 -max_conf 5 -erg_window 50.208 -acc_level 1 -TPP 5

Running subjobs on hosts:
  lsf-cpu (Max: 2)
Number of jobs:       2
Max retries per job:  3
Max allowed failures: unlimited
Run with -LOCAL:      False
Verbosity:            normal

Starting JobDJ...

Keep one job on driver host: False
JobDJ columns:
  C: Number of completed subjobs
  A: Number of active subjobs (e.g., submitted, running)
  W: Number of waiting/pending subjobs

C A W | Activity  JobId  JobName  JobHost
- - - | --------- -----------------------
0 1 1 | launched  lt11-0-5aecaabe SM17_micro006 lsf-cpu
0 2 0 | launched  lt11-0-5aecaac1 SM17_micro011 lsf-cpu
1 1 0 | finished  lt11-0-5aecaac1 SM17_micro011 lsf-cpu
2 0 0 | finished  lt11-0-5aecaabe SM17_micro006 lsf-cpu [lt01]

All jobs have completed.

2 of 2 job(s) succeeded; 0 job(s) failed.

Timer (distribute subjobs) : 1012.37 secs (0 hrs, 16 mins, 52 secs)

Setting up QM workflow for (protonated, deprotonated) pair:
(1) (SM17_micro006, SM17_micro011)

Executing Jaguar quantum-mechanical subjobs...

Executing 10 distributed subjobs:
----------------------------------

No more than 8 cpu(s) will be used per subjob.
No more than 10 cpu(s) will be used simultaneously.

Processing the following subjobs:
(1) jaguar run pka_prot.bat -jobname SM17_micro006_conf_1 SM17_micro006_conf_1.in
(2) jaguar run pka_prot.bat -jobname SM17_micro006_conf_2 SM17_micro006_conf_2.in
(3) jaguar run pka_prot.bat -jobname SM17_micro006_conf_3 SM17_micro006_conf_3.in
(4) jaguar run pka_prot.bat -jobname SM17_micro006_conf_4 SM17_micro006_conf_4.in
(5) jaguar run pka_prot.bat -jobname SM17_micro006_conf_5 SM17_micro006_conf_5.in
(6) jaguar run pka_deprot.bat -jobname SM17_micro011_conf_1 SM17_micro011_conf_1.in
(7) jaguar run pka_deprot.bat -jobname SM17_micro011_conf_2 SM17_micro011_conf_2.in
(8) jaguar run pka_deprot.bat -jobname SM17_micro011_conf_3 SM17_micro011_conf_3.in
(9) jaguar run pka_deprot.bat -jobname SM17_micro011_conf_4 SM17_micro011_conf_4.in
(10) jaguar run pka_deprot.bat -jobname SM17_micro011_conf_5 SM17_micro011_conf_5.in

Running subjobs on hosts:
  lsf-cpu (Max: 10)
Number of jobs:       10
Max retries per job:  3
Max allowed failures: unlimited
Run with -LOCAL:      False
Verbosity:            normal

Starting JobDJ...

Keep one job on driver host: True
JobDJ columns:
  C: Number of completed subjobs
  A: Number of active subjobs (e.g., submitted, running)
  W: Number of waiting/pending subjobs

 C  A  W | Activity  JobId  JobName  JobHost
-- -- -- | --------- -----------------------
 0  1  9 | launched  lt11-0-5aecaeb6 SM17_micro006_conf_1 localhost [lt11]
 0  2  8 | launched  lt11-0-5aecaeba SM17_micro006_conf_2 lsf-cpu
 0  3  7 | launched  lt11-0-5aecaebe SM17_micro006_conf_3 lsf-cpu
 0  4  6 | launched  lt11-0-5aecaec1 SM17_micro006_conf_4 lsf-cpu
 0  5  5 | launched  lt11-0-5aecaec5 SM17_micro006_conf_5 lsf-cpu
 0  6  4 | launched  lt11-0-5aecaeca SM17_micro011_conf_1 lsf-cpu
 0  7  3 | launched  lt11-0-5aecaece SM17_micro011_conf_2 lsf-cpu
 0  8  2 | launched  lt11-0-5aecaed2 SM17_micro011_conf_3 lsf-cpu
 0  9  1 | launched  lt11-0-5aecaed6 SM17_micro011_conf_4 lsf-cpu
 0 10  0 | launched  lt11-0-5aecaeda SM17_micro011_conf_5 lsf-cpu
 1  9  0 | finished  lt11-0-5aecaeb6 SM17_micro006_conf_1 localhost [lt11]
 2  8  0 | finished  lt11-0-5aecaeba SM17_micro006_conf_2 lsf-cpu [ls11]
 3  7  0 | finished  lt11-0-5aecaeca SM17_micro011_conf_1 lsf-cpu [lt16]
 4  6  0 | finished  lt11-0-5aecaece SM17_micro011_conf_2 lsf-cpu [lt21]
 5  5  0 | finished  lt11-0-5aecaed6 SM17_micro011_conf_4 lsf-cpu [lt04]
 6  4  0 | finished  lt11-0-5aecaec5 SM17_micro006_conf_5 lsf-cpu [lt16]
 7  3  0 | finished  lt11-0-5aecaeda SM17_micro011_conf_5 lsf-cpu [lt04]
 8  2  0 | finished  lt11-0-5aecaed2 SM17_micro011_conf_3 lsf-cpu [lt16]
 9  1  0 | finished  lt11-0-5aecaebe SM17_micro006_conf_3 lsf-cpu [ls18]
10  0  0 | finished  lt11-0-5aecaec1 SM17_micro006_conf_4 lsf-cpu [ls16]

All jobs have completed.

10 of 10 job(s) succeeded; 0 job(s) failed.

Timer (distribute subjobs) : 2503.66 secs (0 hrs, 41 mins, 43 secs)

Processing QM output files...

Executing subprocess:
/data/chodera/schrodinger/schrodinger2017-4-advanced/jaguar results -energy SM17_micro006_conf_1.nrg_h.out

Executing subprocess:
/data/chodera/schrodinger/schrodinger2017-4-advanced/jaguar results -esolv SM17_micro006_conf_1.sol_h.out

Executing subprocess:
/data/chodera/schrodinger/schrodinger2017-4-advanced/jaguar results -energy SM17_micro006_conf_2.nrg_h.out

Executing subprocess:
/data/chodera/schrodinger/schrodinger2017-4-advanced/jaguar results -esolv SM17_micro006_conf_2.sol_h.out

Executing subprocess:
/data/chodera/schrodinger/schrodinger2017-4-advanced/jaguar results -energy SM17_micro006_conf_3.nrg_h.out

Executing subprocess:
/data/chodera/schrodinger/schrodinger2017-4-advanced/jaguar results -esolv SM17_micro006_conf_3.sol_h.out

Executing subprocess:
/data/chodera/schrodinger/schrodinger2017-4-advanced/jaguar results -energy SM17_micro006_conf_4.nrg_h.out

Executing subprocess:
/data/chodera/schrodinger/schrodinger2017-4-advanced/jaguar results -esolv SM17_micro006_conf_4.sol_h.out

Executing subprocess:
/data/chodera/schrodinger/schrodinger2017-4-advanced/jaguar results -energy SM17_micro006_conf_5.nrg_h.out

Executing subprocess:
/data/chodera/schrodinger/schrodinger2017-4-advanced/jaguar results -esolv SM17_micro006_conf_5.sol_h.out

Executing subprocess:
/data/chodera/schrodinger/schrodinger2017-4-advanced/jaguar results -energy SM17_micro011_conf_1.nrg.out

Executing subprocess:
/data/chodera/schrodinger/schrodinger2017-4-advanced/jaguar results -esolv SM17_micro011_conf_1.sol.out

Executing subprocess:
/data/chodera/schrodinger/schrodinger2017-4-advanced/jaguar results -energy SM17_micro011_conf_2.nrg.out

Executing subprocess:
/data/chodera/schrodinger/schrodinger2017-4-advanced/jaguar results -esolv SM17_micro011_conf_2.sol.out

Executing subprocess:
/data/chodera/schrodinger/schrodinger2017-4-advanced/jaguar results -energy SM17_micro011_conf_3.nrg.out

Executing subprocess:
/data/chodera/schrodinger/schrodinger2017-4-advanced/jaguar results -esolv SM17_micro011_conf_3.sol.out

Executing subprocess:
/data/chodera/schrodinger/schrodinger2017-4-advanced/jaguar results -energy SM17_micro011_conf_4.nrg.out

Executing subprocess:
/data/chodera/schrodinger/schrodinger2017-4-advanced/jaguar results -esolv SM17_micro011_conf_4.sol.out

Executing subprocess:
/data/chodera/schrodinger/schrodinger2017-4-advanced/jaguar results -energy SM17_micro011_conf_5.nrg.out

Executing subprocess:
/data/chodera/schrodinger/schrodinger2017-4-advanced/jaguar results -esolv SM17_micro011_conf_5.sol.out

Executing subprocess:
/data/chodera/schrodinger/schrodinger2017-4-advanced/jaguar-v9.8/bin/Linux-x86_64/pka -o SM17_micro006_deprot-out.mae -j SM17_micro006.jres -n -d

Executing subprocess:
/data/chodera/schrodinger/schrodinger2017-4-advanced/jaguar-v9.8/bin/Linux-x86_64/pka -o SM17_micro006_prot-out.mae -j SM17_micro006.jres -n

pKa calculation for SM17_micro006 completed.

pKa workflow jag_SM17_micro006_SM17_micro011 completed.

Timer (Jaguar pKa) : 3584.99 secs (0 hrs, 59 mins, 44 secs)
Timer (jaguar_backend.py) : 3584.99 secs (0 hrs, 59 mins, 44 secs)
Finished:   Fri May  4 15:47:04 2018
