Command:    jaguar run pka.py -jobname jag_SM23_micro019_SM23_micro012 -PARALLEL 10 -WAIT -n -csrch -prot SM23_micro019.in -deprot SM23_micro012.in
Release:    2017-4
Exec:       /data/chodera/schrodinger/schrodinger2017-4-advanced/jaguar-v9.8/bin/Linux-x86_64
Host:       ls09
JobId:      ls09-0-5b03499a
JobDir:     /lila/data/chodera/schrodinger/tmpdir/rustenburg/jag_SM23_micro019_SM23_micro012
Date:       Mon May 21 18:35:09 2018

Contents of /lila/data/chodera/schrodinger/tmpdir/rustenburg/jag_SM23_micro019_SM23_micro012:
/lila/data/chodera/schrodinger/tmpdir/rustenburg/jag_SM23_micro019_SM23_micro012/SM23_micro019.mae
/lila/data/chodera/schrodinger/tmpdir/rustenburg/jag_SM23_micro019_SM23_micro012/jag_SM23_micro019_SM23_micro012.recover
/lila/data/chodera/schrodinger/tmpdir/rustenburg/jag_SM23_micro019_SM23_micro012/ls09-0-5b03499a.recover
/lila/data/chodera/schrodinger/tmpdir/rustenburg/jag_SM23_micro019_SM23_micro012/SM23_micro012.mae
/lila/data/chodera/schrodinger/tmpdir/rustenburg/jag_SM23_micro019_SM23_micro012/SM23_micro019.in
/lila/data/chodera/schrodinger/tmpdir/rustenburg/jag_SM23_micro019_SM23_micro012/ls09-0-5b03499a.mpinodes
/lila/data/chodera/schrodinger/tmpdir/rustenburg/jag_SM23_micro019_SM23_micro012/ls09-0-5b03499a
/lila/data/chodera/schrodinger/tmpdir/rustenburg/jag_SM23_micro019_SM23_micro012/jag_SM23_micro019_SM23_micro012.log
/lila/data/chodera/schrodinger/tmpdir/rustenburg/jag_SM23_micro019_SM23_micro012/SM23_micro012.in

=====================
 Jaguar pKa workflow
=====================

Analysing user-provided (prot, deprot) pair:
(SM23_micro019.in, SM23_micro012.in)
Found labile hydrogen 56 in SM23_micro019.in
Found labile hydrogen at atom 29 in SM23_micro012.in
Adding 'ipkat' keyword to input files.

Identifying pKa functional group for pair:
(SM23_micro019, SM23_micro012)

Executing subprocess:
/data/chodera/schrodinger/schrodinger2017-4-advanced/jaguar-v9.8/bin/Linux-x86_64/pka -i -j SM23_micro019.tmp.jres -n

Taking protonated structures from:
SM23_micro019.mae
Taking deprotonated structures from:
SM23_micro012.mae

This molecule from 'SM23_micro019.mae' in water was recognized as:

 # 	           Shell           
---	---------------------------
1: 	Ether                      
2: 	Protonation of generic atom


Executing conformational search...

Executing 2 distributed subjobs:
---------------------------------

No more than 8 cpu(s) will be used per subjob.
No more than 10 cpu(s) will be used simultaneously.

Processing the following subjobs:
(1) jaguar run csrch.py SM23_micro019.mae -jobname SM23_micro019 -max_conf 5 -erg_window 50.208 -acc_level 1 -TPP 5
(2) jaguar run csrch.py SM23_micro012.mae -jobname SM23_micro012 -max_conf 5 -erg_window 50.208 -acc_level 1 -TPP 5

Running subjobs on hosts:
  localhost (Max: 2)
Number of jobs:       2
Max retries per job:  3
Max allowed failures: unlimited
Run with -LOCAL:      False
Verbosity:            normal

Starting JobDJ...

Keep one job on driver host: False
JobDJ columns:
  C: Number of completed subjobs
  A: Number of active subjobs (e.g., submitted, running)
  W: Number of waiting/pending subjobs

C A W | Activity  JobId  JobName  JobHost
- - - | --------- -----------------------
0 1 1 | launched  ls09-0-5b0349a3 SM23_micro019 localhost [ls09]
0 2 0 | launched  ls09-0-5b0349a8 SM23_micro012 localhost [ls09]
1 1 0 | finished  ls09-0-5b0349a8 SM23_micro012 localhost [ls09]
2 0 0 | finished  ls09-0-5b0349a3 SM23_micro019 localhost [ls09]

All jobs have completed.

2 of 2 job(s) succeeded; 0 job(s) failed.

Timer (distribute subjobs) : 9857.40 secs (2 hrs, 44 mins, 17 secs)

Setting up QM workflow for (protonated, deprotonated) pair:
(1) (SM23_micro019, SM23_micro012)

Executing Jaguar quantum-mechanical subjobs...

Executing 10 distributed subjobs:
----------------------------------

No more than 8 cpu(s) will be used per subjob.
No more than 10 cpu(s) will be used simultaneously.

Processing the following subjobs:
(1) jaguar run pka_prot.bat -jobname SM23_micro019_conf_1 SM23_micro019_conf_1.in
(2) jaguar run pka_prot.bat -jobname SM23_micro019_conf_2 SM23_micro019_conf_2.in
(3) jaguar run pka_prot.bat -jobname SM23_micro019_conf_3 SM23_micro019_conf_3.in
(4) jaguar run pka_prot.bat -jobname SM23_micro019_conf_4 SM23_micro019_conf_4.in
(5) jaguar run pka_prot.bat -jobname SM23_micro019_conf_5 SM23_micro019_conf_5.in
(6) jaguar run pka_deprot.bat -jobname SM23_micro012_conf_1 SM23_micro012_conf_1.in
(7) jaguar run pka_deprot.bat -jobname SM23_micro012_conf_2 SM23_micro012_conf_2.in
(8) jaguar run pka_deprot.bat -jobname SM23_micro012_conf_3 SM23_micro012_conf_3.in
(9) jaguar run pka_deprot.bat -jobname SM23_micro012_conf_4 SM23_micro012_conf_4.in
(10) jaguar run pka_deprot.bat -jobname SM23_micro012_conf_5 SM23_micro012_conf_5.in

Running subjobs on hosts:
  localhost (Max: 10)
Number of jobs:       10
Max retries per job:  3
Max allowed failures: unlimited
Run with -LOCAL:      False
Verbosity:            normal

Starting JobDJ...

Keep one job on driver host: False
JobDJ columns:
  C: Number of completed subjobs
  A: Number of active subjobs (e.g., submitted, running)
  W: Number of waiting/pending subjobs

 C  A  W | Activity  JobId  JobName  JobHost
-- -- -- | --------- -----------------------
 0  1  9 | launched  ls09-0-5b037029 SM23_micro019_conf_1 localhost [ls09]
 0  2  8 | launched  ls09-0-5b03702e SM23_micro019_conf_2 localhost [ls09]
 0  3  7 | launched  ls09-0-5b037036 SM23_micro019_conf_3 localhost [ls09]
 0  4  6 | launched  ls09-0-5b037040 SM23_micro019_conf_4 localhost [ls09]
 0  5  5 | launched  ls09-0-5b03704d SM23_micro019_conf_5 localhost [ls09]
 0  6  4 | launched  ls09-0-5b03705d SM23_micro012_conf_1 localhost [ls09]
 0  7  3 | launched  ls09-0-5b03706f SM23_micro012_conf_2 localhost [ls09]
 0  8  2 | launched  ls09-0-5b037084 SM23_micro012_conf_3 localhost [ls09]
 0  9  1 | launched  ls09-0-5b03709b SM23_micro012_conf_4 localhost [ls09]
 0 10  0 | launched  ls09-0-5b0370b6 SM23_micro012_conf_5 localhost [ls09]
 1  9  0 | finished  ls09-0-5b0370b6 SM23_micro012_conf_5 localhost [ls09]
 2  8  0 | finished  ls09-0-5b03704d SM23_micro019_conf_5 localhost [ls09]
 3  7  0 | finished  ls09-0-5b037084 SM23_micro012_conf_3 localhost [ls09]
 4  6  0 | finished  ls09-0-5b037040 SM23_micro019_conf_4 localhost [ls09]
 5  5  0 | finished  ls09-0-5b03702e SM23_micro019_conf_2 localhost [ls09]
 6  4  0 | finished  ls09-0-5b03706f SM23_micro012_conf_2 localhost [ls09]
 7  3  0 | finished  ls09-0-5b037036 SM23_micro019_conf_3 localhost [ls09]
 8  2  0 | finished  ls09-0-5b03705d SM23_micro012_conf_1 localhost [ls09]
 9  1  0 | finished  ls09-0-5b037029 SM23_micro019_conf_1 localhost [ls09]
10  0  0 | finished  ls09-0-5b03709b SM23_micro012_conf_4 localhost [ls09]

All jobs have completed.

10 of 10 job(s) succeeded; 0 job(s) failed.

Timer (distribute subjobs) : 44134.36 secs (12 hrs, 15 mins, 34 secs)

Processing QM output files...

Executing subprocess:
/data/chodera/schrodinger/schrodinger2017-4-advanced/jaguar results -energy SM23_micro019_conf_1.nrg_h.out

Executing subprocess:
/data/chodera/schrodinger/schrodinger2017-4-advanced/jaguar results -esolv SM23_micro019_conf_1.sol_h.out

Executing subprocess:
/data/chodera/schrodinger/schrodinger2017-4-advanced/jaguar results -energy SM23_micro019_conf_2.nrg_h.out

Executing subprocess:
/data/chodera/schrodinger/schrodinger2017-4-advanced/jaguar results -esolv SM23_micro019_conf_2.sol_h.out

Executing subprocess:
/data/chodera/schrodinger/schrodinger2017-4-advanced/jaguar results -energy SM23_micro019_conf_3.nrg_h.out

Executing subprocess:
/data/chodera/schrodinger/schrodinger2017-4-advanced/jaguar results -esolv SM23_micro019_conf_3.sol_h.out

Executing subprocess:
/data/chodera/schrodinger/schrodinger2017-4-advanced/jaguar results -energy SM23_micro019_conf_4.nrg_h.out

Executing subprocess:
/data/chodera/schrodinger/schrodinger2017-4-advanced/jaguar results -esolv SM23_micro019_conf_4.sol_h.out

Executing subprocess:
/data/chodera/schrodinger/schrodinger2017-4-advanced/jaguar results -energy SM23_micro019_conf_5.nrg_h.out

Executing subprocess:
/data/chodera/schrodinger/schrodinger2017-4-advanced/jaguar results -esolv SM23_micro019_conf_5.sol_h.out

Executing subprocess:
/data/chodera/schrodinger/schrodinger2017-4-advanced/jaguar results -energy SM23_micro012_conf_1.nrg.out

Executing subprocess:
/data/chodera/schrodinger/schrodinger2017-4-advanced/jaguar results -esolv SM23_micro012_conf_1.sol.out

Executing subprocess:
/data/chodera/schrodinger/schrodinger2017-4-advanced/jaguar results -energy SM23_micro012_conf_2.nrg.out

Executing subprocess:
/data/chodera/schrodinger/schrodinger2017-4-advanced/jaguar results -esolv SM23_micro012_conf_2.sol.out

Executing subprocess:
/data/chodera/schrodinger/schrodinger2017-4-advanced/jaguar results -energy SM23_micro012_conf_3.nrg.out

Executing subprocess:
/data/chodera/schrodinger/schrodinger2017-4-advanced/jaguar results -esolv SM23_micro012_conf_3.sol.out

Executing subprocess:
/data/chodera/schrodinger/schrodinger2017-4-advanced/jaguar results -energy SM23_micro012_conf_4.nrg.out

Executing subprocess:
/data/chodera/schrodinger/schrodinger2017-4-advanced/jaguar results -esolv SM23_micro012_conf_4.sol.out

Executing subprocess:
/data/chodera/schrodinger/schrodinger2017-4-advanced/jaguar results -energy SM23_micro012_conf_5.nrg.out

Executing subprocess:
/data/chodera/schrodinger/schrodinger2017-4-advanced/jaguar results -esolv SM23_micro012_conf_5.sol.out

Executing subprocess:
/data/chodera/schrodinger/schrodinger2017-4-advanced/jaguar-v9.8/bin/Linux-x86_64/pka -o SM23_micro019_deprot-out.mae -j SM23_micro019.jres -n -d

Executing subprocess:
/data/chodera/schrodinger/schrodinger2017-4-advanced/jaguar-v9.8/bin/Linux-x86_64/pka -o SM23_micro019_prot-out.mae -j SM23_micro019.jres -n

pKa calculation for SM23_micro019 completed.

pKa workflow jag_SM23_micro019_SM23_micro012 completed.

Timer (Jaguar pKa) : 54060.89 secs (15 hrs, 01 mins, 00 secs)
Timer (jaguar_backend.py) : 54060.89 secs (15 hrs, 01 mins, 00 secs)
Finished:   Tue May 22 09:36:10 2018
