Command:    jaguar run pka.py -jobname jag_SM21_micro001_SM21_micro014 -PARALLEL 10 -WAIT -n -csrch -prot SM21_micro001.in -deprot SM21_micro014.in
Release:    2017-4
Exec:       /data/chodera/schrodinger/schrodinger2017-4-advanced/jaguar-v9.8/bin/Linux-x86_64
Host:       lt12
JobId:      lt12-0-5af5cfe5
JobDir:     /lila/data/chodera/schrodinger/tmpdir/rustenburg/jag_SM21_micro001_SM21_micro014.1
Date:       Fri May 11 13:16:24 2018

Contents of /lila/data/chodera/schrodinger/tmpdir/rustenburg/jag_SM21_micro001_SM21_micro014.1:
/lila/data/chodera/schrodinger/tmpdir/rustenburg/jag_SM21_micro001_SM21_micro014.1/SM21_micro001.in
/lila/data/chodera/schrodinger/tmpdir/rustenburg/jag_SM21_micro001_SM21_micro014.1/jag_SM21_micro001_SM21_micro014.log
/lila/data/chodera/schrodinger/tmpdir/rustenburg/jag_SM21_micro001_SM21_micro014.1/lt12-0-5af5cfe5
/lila/data/chodera/schrodinger/tmpdir/rustenburg/jag_SM21_micro001_SM21_micro014.1/lt12-0-5af5cfe5.recover
/lila/data/chodera/schrodinger/tmpdir/rustenburg/jag_SM21_micro001_SM21_micro014.1/jag_SM21_micro001_SM21_micro014.recover
/lila/data/chodera/schrodinger/tmpdir/rustenburg/jag_SM21_micro001_SM21_micro014.1/lt12-0-5af5cfe5.mpinodes
/lila/data/chodera/schrodinger/tmpdir/rustenburg/jag_SM21_micro001_SM21_micro014.1/SM21_micro001.mae
/lila/data/chodera/schrodinger/tmpdir/rustenburg/jag_SM21_micro001_SM21_micro014.1/SM21_micro014.mae
/lila/data/chodera/schrodinger/tmpdir/rustenburg/jag_SM21_micro001_SM21_micro014.1/SM21_micro014.in

=====================
 Jaguar pKa workflow
=====================

Analysing user-provided (prot, deprot) pair:
(SM21_micro001.in, SM21_micro014.in)
Found labile hydrogen 34 in SM21_micro001.in
Found labile hydrogen at atom 8 in SM21_micro014.in
Adding 'ipkat' keyword to input files.

Identifying pKa functional group for pair:
(SM21_micro001, SM21_micro014)

Executing subprocess:
/data/chodera/schrodinger/schrodinger2017-4-advanced/jaguar-v9.8/bin/Linux-x86_64/pka -i -j SM21_micro001.tmp.jres -n

Taking protonated structures from:
SM21_micro001.mae
Taking deprotonated structures from:
SM21_micro014.mae

This molecule from 'SM21_micro001.mae' in water was recognized as:

 # 	                  Shell                   
---	------------------------------------------
1: 	Protonation of sp2-like aliphatic nitrogen
2: 	Protonation of generic atom               


Executing conformational search...

Executing 2 distributed subjobs:
---------------------------------

No more than 8 cpu(s) will be used per subjob.
No more than 10 cpu(s) will be used simultaneously.

Processing the following subjobs:
(1) jaguar run csrch.py SM21_micro001.mae -jobname SM21_micro001 -max_conf 5 -erg_window 50.208 -acc_level 1 -TPP 5
(2) jaguar run csrch.py SM21_micro014.mae -jobname SM21_micro014 -max_conf 5 -erg_window 50.208 -acc_level 1 -TPP 5

Running subjobs on hosts:
  localhost (Max: 2)
Number of jobs:       2
Max retries per job:  3
Max allowed failures: unlimited
Run with -LOCAL:      False
Verbosity:            normal

Starting JobDJ...

Keep one job on driver host: False
JobDJ columns:
  C: Number of completed subjobs
  A: Number of active subjobs (e.g., submitted, running)
  W: Number of waiting/pending subjobs

C A W | Activity  JobId  JobName  JobHost
- - - | --------- -----------------------
0 1 1 | launched  lt12-3-5af5cfee SM21_micro001 localhost [lt12]
0 2 0 | launched  lt12-2-5af5cff1 SM21_micro014 localhost [lt12]
1 1 0 | finished  lt12-3-5af5cfee SM21_micro001 localhost [lt12]
2 0 0 | finished  lt12-2-5af5cff1 SM21_micro014 localhost [lt12]

All jobs have completed.

2 of 2 job(s) succeeded; 0 job(s) failed.

Timer (distribute subjobs) : 494.83 secs (0 hrs, 08 mins, 14 secs)

Setting up QM workflow for (protonated, deprotonated) pair:
(1) (SM21_micro001, SM21_micro014)

Executing Jaguar quantum-mechanical subjobs...

Executing 10 distributed subjobs:
----------------------------------

No more than 8 cpu(s) will be used per subjob.
No more than 10 cpu(s) will be used simultaneously.

Processing the following subjobs:
(1) jaguar run pka_prot.bat -jobname SM21_micro001_conf_1 SM21_micro001_conf_1.in
(2) jaguar run pka_prot.bat -jobname SM21_micro001_conf_2 SM21_micro001_conf_2.in
(3) jaguar run pka_prot.bat -jobname SM21_micro001_conf_3 SM21_micro001_conf_3.in
(4) jaguar run pka_prot.bat -jobname SM21_micro001_conf_4 SM21_micro001_conf_4.in
(5) jaguar run pka_prot.bat -jobname SM21_micro001_conf_5 SM21_micro001_conf_5.in
(6) jaguar run pka_deprot.bat -jobname SM21_micro014_conf_1 SM21_micro014_conf_1.in
(7) jaguar run pka_deprot.bat -jobname SM21_micro014_conf_2 SM21_micro014_conf_2.in
(8) jaguar run pka_deprot.bat -jobname SM21_micro014_conf_3 SM21_micro014_conf_3.in
(9) jaguar run pka_deprot.bat -jobname SM21_micro014_conf_4 SM21_micro014_conf_4.in
(10) jaguar run pka_deprot.bat -jobname SM21_micro014_conf_5 SM21_micro014_conf_5.in

Running subjobs on hosts:
  localhost (Max: 10)
Number of jobs:       10
Max retries per job:  3
Max allowed failures: unlimited
Run with -LOCAL:      False
Verbosity:            normal

Starting JobDJ...

Keep one job on driver host: False
JobDJ columns:
  C: Number of completed subjobs
  A: Number of active subjobs (e.g., submitted, running)
  W: Number of waiting/pending subjobs

 C  A  W | Activity  JobId  JobName  JobHost
-- -- -- | --------- -----------------------
 0  1  9 | launched  lt12-0-5af5d1e5 SM21_micro001_conf_1 localhost [lt12]
 0  2  8 | launched  lt12-1-5af5d1e9 SM21_micro001_conf_2 localhost [lt12]
 0  3  7 | launched  lt12-1-5af5d1eb SM21_micro001_conf_3 localhost [lt12]
 0  4  6 | launched  lt12-0-5af5d1ee SM21_micro001_conf_4 localhost [lt12]
 0  5  5 | launched  lt12-0-5af5d1f1 SM21_micro001_conf_5 localhost [lt12]
 0  6  4 | launched  lt12-0-5af5d1f4 SM21_micro014_conf_1 localhost [lt12]
 0  7  3 | launched  lt12-1-5af5d1f6 SM21_micro014_conf_2 localhost [lt12]
 0  8  2 | launched  lt12-2-5af5d1f8 SM21_micro014_conf_3 localhost [lt12]
 0  9  1 | launched  lt12-2-5af5d1fb SM21_micro014_conf_4 localhost [lt12]
 0 10  0 | launched  lt12-0-5af5d1fe SM21_micro014_conf_5 localhost [lt12]
 1  9  0 | finished  lt12-1-5af5d1e9 SM21_micro001_conf_2 localhost [lt12]
 2  8  0 | finished  lt12-2-5af5d1f8 SM21_micro014_conf_3 localhost [lt12]
 3  7  0 | finished  lt12-0-5af5d1e5 SM21_micro001_conf_1 localhost [lt12]
 4  6  0 | finished  lt12-1-5af5d1f6 SM21_micro014_conf_2 localhost [lt12]
 5  5  0 | finished  lt12-0-5af5d1f4 SM21_micro014_conf_1 localhost [lt12]
 6  4  0 | finished  lt12-0-5af5d1f1 SM21_micro001_conf_5 localhost [lt12]
 7  3  0 | finished  lt12-0-5af5d1fe SM21_micro014_conf_5 localhost [lt12]
 8  2  0 | finished  lt12-2-5af5d1fb SM21_micro014_conf_4 localhost [lt12]
 9  1  0 | finished  lt12-1-5af5d1eb SM21_micro001_conf_3 localhost [lt12]
10  0  0 | finished  lt12-0-5af5d1ee SM21_micro001_conf_4 localhost [lt12]

All jobs have completed.

10 of 10 job(s) succeeded; 0 job(s) failed.

Timer (distribute subjobs) : 6202.41 secs (1 hrs, 43 mins, 22 secs)

Processing QM output files...

Executing subprocess:
/data/chodera/schrodinger/schrodinger2017-4-advanced/jaguar results -energy SM21_micro001_conf_1.nrg_h.out

Executing subprocess:
/data/chodera/schrodinger/schrodinger2017-4-advanced/jaguar results -esolv SM21_micro001_conf_1.sol_h.out

Executing subprocess:
/data/chodera/schrodinger/schrodinger2017-4-advanced/jaguar results -energy SM21_micro001_conf_2.nrg_h.out

Executing subprocess:
/data/chodera/schrodinger/schrodinger2017-4-advanced/jaguar results -esolv SM21_micro001_conf_2.sol_h.out

Executing subprocess:
/data/chodera/schrodinger/schrodinger2017-4-advanced/jaguar results -energy SM21_micro001_conf_3.nrg_h.out

Executing subprocess:
/data/chodera/schrodinger/schrodinger2017-4-advanced/jaguar results -esolv SM21_micro001_conf_3.sol_h.out

Executing subprocess:
/data/chodera/schrodinger/schrodinger2017-4-advanced/jaguar results -energy SM21_micro001_conf_4.nrg_h.out

Executing subprocess:
/data/chodera/schrodinger/schrodinger2017-4-advanced/jaguar results -esolv SM21_micro001_conf_4.sol_h.out

Executing subprocess:
/data/chodera/schrodinger/schrodinger2017-4-advanced/jaguar results -energy SM21_micro001_conf_5.nrg_h.out

Executing subprocess:
/data/chodera/schrodinger/schrodinger2017-4-advanced/jaguar results -esolv SM21_micro001_conf_5.sol_h.out

Executing subprocess:
/data/chodera/schrodinger/schrodinger2017-4-advanced/jaguar results -energy SM21_micro014_conf_1.nrg.out

Executing subprocess:
/data/chodera/schrodinger/schrodinger2017-4-advanced/jaguar results -esolv SM21_micro014_conf_1.sol.out

Executing subprocess:
/data/chodera/schrodinger/schrodinger2017-4-advanced/jaguar results -energy SM21_micro014_conf_2.nrg.out

Executing subprocess:
/data/chodera/schrodinger/schrodinger2017-4-advanced/jaguar results -esolv SM21_micro014_conf_2.sol.out

Executing subprocess:
/data/chodera/schrodinger/schrodinger2017-4-advanced/jaguar results -energy SM21_micro014_conf_3.nrg.out

Executing subprocess:
/data/chodera/schrodinger/schrodinger2017-4-advanced/jaguar results -esolv SM21_micro014_conf_3.sol.out

Executing subprocess:
/data/chodera/schrodinger/schrodinger2017-4-advanced/jaguar results -energy SM21_micro014_conf_4.nrg.out

Executing subprocess:
/data/chodera/schrodinger/schrodinger2017-4-advanced/jaguar results -esolv SM21_micro014_conf_4.sol.out

Executing subprocess:
/data/chodera/schrodinger/schrodinger2017-4-advanced/jaguar results -energy SM21_micro014_conf_5.nrg.out

Executing subprocess:
/data/chodera/schrodinger/schrodinger2017-4-advanced/jaguar results -esolv SM21_micro014_conf_5.sol.out

Executing subprocess:
/data/chodera/schrodinger/schrodinger2017-4-advanced/jaguar-v9.8/bin/Linux-x86_64/pka -o SM21_micro001_deprot-out.mae -j SM21_micro001.jres -n -d

Executing subprocess:
/data/chodera/schrodinger/schrodinger2017-4-advanced/jaguar-v9.8/bin/Linux-x86_64/pka -o SM21_micro001_prot-out.mae -j SM21_micro001.jres -n

pKa calculation for SM21_micro001 completed.

pKa workflow jag_SM21_micro001_SM21_micro014 completed.

Timer (Jaguar pKa) : 6778.10 secs (1 hrs, 52 mins, 58 secs)
Timer (jaguar_backend.py) : 6778.10 secs (1 hrs, 52 mins, 58 secs)
Finished:   Fri May 11 15:09:22 2018
