Taking protonated structures from:
SM06_micro007_conf_1.dft_h.01.mae
SM06_micro007_conf_2.dft_h.01.mae
SM06_micro007_conf_3.dft_h.01.mae
SM06_micro007_conf_4.dft_h.01.mae
SM06_micro007_conf_5.dft_h.01.mae
Taking deprotonated structures from:
SM06_micro009_conf_1.dft.01.mae
SM06_micro009_conf_2.dft.01.mae
SM06_micro009_conf_3.dft.01.mae
SM06_micro009_conf_4.dft.01.mae
SM06_micro009_conf_5.dft.01.mae

Corrected results for 'protonated' structure in water:
pKa atom: 28

 # 	                  Shell                   	 pKa 	RMSD	 Contribution
---	------------------------------------------	-----	-----	--------------
1: 	amide as acid                             	 8.63	0.903	    96.31%
2: 	Protonation of sp2-like aliphatic nitrogen	 8.04	1.751	     2.51%
3: 	Protonation of generic atom               	 8.22	2.264	     1.18%

 Final weighted pKa value is 8.61



