Command:    jaguar run pka.py -jobname jag_SM10_micro026_SM10_micro009 -PARALLEL 10 -WAIT -n -csrch -prot SM10_micro026.in -deprot SM10_micro009.in
Release:    2017-4
Exec:       /data/chodera/schrodinger/schrodinger2017-4-advanced/jaguar-v9.8/bin/Linux-x86_64
Host:       lt07
JobId:      lt02-10-5af3624d
JobDir:     /lila/data/chodera/schrodinger/tmpdir/rustenburg/jag_SM10_micro026_SM10_micro009
Date:       Wed May  9 17:04:44 2018

Contents of /lila/data/chodera/schrodinger/tmpdir/rustenburg/jag_SM10_micro026_SM10_micro009:
/lila/data/chodera/schrodinger/tmpdir/rustenburg/jag_SM10_micro026_SM10_micro009/SM10_micro026.mae
/lila/data/chodera/schrodinger/tmpdir/rustenburg/jag_SM10_micro026_SM10_micro009/lt02-10-5af3624d
/lila/data/chodera/schrodinger/tmpdir/rustenburg/jag_SM10_micro026_SM10_micro009/lt02-10-5af3624d.hosts
/lila/data/chodera/schrodinger/tmpdir/rustenburg/jag_SM10_micro026_SM10_micro009/SM10_micro009.mae
/lila/data/chodera/schrodinger/tmpdir/rustenburg/jag_SM10_micro026_SM10_micro009/SM10_micro026.in
/lila/data/chodera/schrodinger/tmpdir/rustenburg/jag_SM10_micro026_SM10_micro009/jag_SM10_micro026_SM10_micro009.recover
/lila/data/chodera/schrodinger/tmpdir/rustenburg/jag_SM10_micro026_SM10_micro009/lt02-10-5af3624d.nodes
/lila/data/chodera/schrodinger/tmpdir/rustenburg/jag_SM10_micro026_SM10_micro009/SM10_micro009.in
/lila/data/chodera/schrodinger/tmpdir/rustenburg/jag_SM10_micro026_SM10_micro009/lt02-10-5af3624d.recover
/lila/data/chodera/schrodinger/tmpdir/rustenburg/jag_SM10_micro026_SM10_micro009/lt02-10-5af3624d.jlog
/lila/data/chodera/schrodinger/tmpdir/rustenburg/jag_SM10_micro026_SM10_micro009/jag_SM10_micro026_SM10_micro009.log
/lila/data/chodera/schrodinger/tmpdir/rustenburg/jag_SM10_micro026_SM10_micro009/lt02-10-5af3624d.mpinodes

=====================
 Jaguar pKa workflow
=====================

Analysing user-provided (prot, deprot) pair:
(SM10_micro026.in, SM10_micro009.in)
Found labile hydrogen 32 in SM10_micro026.in
Found labile hydrogen at atom 13 in SM10_micro009.in
Adding 'ipkat' keyword to input files.

Identifying pKa functional group for pair:
(SM10_micro026, SM10_micro009)

Executing subprocess:
/data/chodera/schrodinger/schrodinger2017-4-advanced/jaguar-v9.8/bin/Linux-x86_64/pka -i -j SM10_micro026.tmp.jres -n

Taking protonated structures from:
SM10_micro026.mae
Taking deprotonated structures from:
SM10_micro009.mae

This molecule from 'SM10_micro026.mae' in water was recognized as:

 # 	                  Shell                   
---	------------------------------------------
1: 	Protonation of sp2-like aliphatic nitrogen
2: 	Protonation of generic atom               


Executing conformational search...

Executing 2 distributed subjobs:
---------------------------------

No more than 8 cpu(s) will be used per subjob.
No more than 10 cpu(s) will be used simultaneously.

Processing the following subjobs:
(1) jaguar run csrch.py SM10_micro026.mae -jobname SM10_micro026 -max_conf 5 -erg_window 50.208 -acc_level 1 -TPP 5
(2) jaguar run csrch.py SM10_micro009.mae -jobname SM10_micro009 -max_conf 5 -erg_window 50.208 -acc_level 1 -TPP 5

Running subjobs on hosts:
  lsf-cpu (Max: 2)
Number of jobs:       2
Max retries per job:  3
Max allowed failures: unlimited
Run with -LOCAL:      False
Verbosity:            normal

Starting JobDJ...

Keep one job on driver host: False
JobDJ columns:
  C: Number of completed subjobs
  A: Number of active subjobs (e.g., submitted, running)
  W: Number of waiting/pending subjobs

C A W | Activity  JobId  JobName  JobHost
- - - | --------- -----------------------
0 1 1 | launched  lt07-0-5af36276 SM10_micro026 lsf-cpu
0 2 0 | launched  lt07-0-5af3627d SM10_micro009 lsf-cpu
1 1 0 | finished  lt07-0-5af3627d SM10_micro009 lsf-cpu
2 0 0 | finished  lt07-0-5af36276 SM10_micro026 lsf-cpu

All jobs have completed.

2 of 2 job(s) succeeded; 0 job(s) failed.

Timer (distribute subjobs) : 604.00 secs (0 hrs, 10 mins, 03 secs)

Setting up QM workflow for (protonated, deprotonated) pair:
(1) (SM10_micro026, SM10_micro009)

Executing Jaguar quantum-mechanical subjobs...

Executing 10 distributed subjobs:
----------------------------------

No more than 8 cpu(s) will be used per subjob.
No more than 10 cpu(s) will be used simultaneously.

Processing the following subjobs:
(1) jaguar run pka_prot.bat -jobname SM10_micro026_conf_1 SM10_micro026_conf_1.in
(2) jaguar run pka_prot.bat -jobname SM10_micro026_conf_2 SM10_micro026_conf_2.in
(3) jaguar run pka_prot.bat -jobname SM10_micro026_conf_3 SM10_micro026_conf_3.in
(4) jaguar run pka_prot.bat -jobname SM10_micro026_conf_4 SM10_micro026_conf_4.in
(5) jaguar run pka_prot.bat -jobname SM10_micro026_conf_5 SM10_micro026_conf_5.in
(6) jaguar run pka_deprot.bat -jobname SM10_micro009_conf_1 SM10_micro009_conf_1.in
(7) jaguar run pka_deprot.bat -jobname SM10_micro009_conf_2 SM10_micro009_conf_2.in
(8) jaguar run pka_deprot.bat -jobname SM10_micro009_conf_3 SM10_micro009_conf_3.in
(9) jaguar run pka_deprot.bat -jobname SM10_micro009_conf_4 SM10_micro009_conf_4.in
(10) jaguar run pka_deprot.bat -jobname SM10_micro009_conf_5 SM10_micro009_conf_5.in

Running subjobs on hosts:
  lsf-cpu (Max: 10)
Number of jobs:       10
Max retries per job:  3
Max allowed failures: unlimited
Run with -LOCAL:      False
Verbosity:            normal

Starting JobDJ...

Keep one job on driver host: True
JobDJ columns:
  C: Number of completed subjobs
  A: Number of active subjobs (e.g., submitted, running)
  W: Number of waiting/pending subjobs

 C  A  W | Activity  JobId  JobName  JobHost
-- -- -- | --------- -----------------------
 0  1  9 | launched  lt07-0-5af36515 SM10_micro026_conf_1 localhost [lt07]
 0  2  8 | launched  lt07-1-5af36520 SM10_micro026_conf_2 lsf-cpu
 0  3  7 | launched  lt07-1-5af36585 SM10_micro026_conf_3 lsf-cpu
 0  4  6 | launched  lt07-2-5af365a2 SM10_micro026_conf_4 lsf-cpu
 0  5  5 | launched  lt07-0-5af365c0 SM10_micro026_conf_5 lsf-cpu
 0  6  4 | launched  lt07-1-5af365f2 SM10_micro009_conf_1 lsf-cpu
 0  7  3 | launched  lt07-0-5af3662a SM10_micro009_conf_2 lsf-cpu
 0  8  2 | launched  lt07-0-5af3664e SM10_micro009_conf_3 lsf-cpu
 0  9  1 | launched  lt07-0-5af36689 SM10_micro009_conf_4 lsf-cpu
 0 10  0 | launched  lt07-0-5af366d5 SM10_micro009_conf_5 lsf-cpu
 1  9  0 | finished  lt07-0-5af3664e SM10_micro009_conf_3 lsf-cpu [lt14]
 2  8  0 | finished  lt07-0-5af366d5 SM10_micro009_conf_5 lsf-cpu [ls16]
 3  7  0 | finished  lt07-0-5af36515 SM10_micro026_conf_1 localhost [lt07]
 4  6  0 | finished  lt07-0-5af36689 SM10_micro009_conf_4 lsf-cpu [lt09]
 5  5  0 | finished  lt07-0-5af365c0 SM10_micro026_conf_5 lsf-cpu [lt02]
 6  4  0 | finished  lt07-0-5af3662a SM10_micro009_conf_2 lsf-cpu [lt02]
 7  3  0 | finished  lt07-1-5af36585 SM10_micro026_conf_3 lsf-cpu [lt07]
 8  2  0 | finished  lt07-1-5af365f2 SM10_micro009_conf_1 lsf-cpu [lt09]
 9  1  0 | finished  lt07-2-5af365a2 SM10_micro026_conf_4 lsf-cpu [lt07]
10  0  0 | finished  lt07-1-5af36520 SM10_micro026_conf_2 lsf-cpu [lt02]

All jobs have completed.

10 of 10 job(s) succeeded; 0 job(s) failed.

Timer (distribute subjobs) : 4770.52 secs (1 hrs, 19 mins, 30 secs)

Processing QM output files...

Executing subprocess:
/data/chodera/schrodinger/schrodinger2017-4-advanced/jaguar results -energy SM10_micro026_conf_1.nrg_h.out

Executing subprocess:
/data/chodera/schrodinger/schrodinger2017-4-advanced/jaguar results -esolv SM10_micro026_conf_1.sol_h.out

Executing subprocess:
/data/chodera/schrodinger/schrodinger2017-4-advanced/jaguar results -energy SM10_micro026_conf_2.nrg_h.out

Executing subprocess:
/data/chodera/schrodinger/schrodinger2017-4-advanced/jaguar results -esolv SM10_micro026_conf_2.sol_h.out

Executing subprocess:
/data/chodera/schrodinger/schrodinger2017-4-advanced/jaguar results -energy SM10_micro026_conf_3.nrg_h.out

Executing subprocess:
/data/chodera/schrodinger/schrodinger2017-4-advanced/jaguar results -esolv SM10_micro026_conf_3.sol_h.out

Executing subprocess:
/data/chodera/schrodinger/schrodinger2017-4-advanced/jaguar results -energy SM10_micro026_conf_4.nrg_h.out

Executing subprocess:
/data/chodera/schrodinger/schrodinger2017-4-advanced/jaguar results -esolv SM10_micro026_conf_4.sol_h.out

Executing subprocess:
/data/chodera/schrodinger/schrodinger2017-4-advanced/jaguar results -energy SM10_micro026_conf_5.nrg_h.out

Executing subprocess:
/data/chodera/schrodinger/schrodinger2017-4-advanced/jaguar results -esolv SM10_micro026_conf_5.sol_h.out

Executing subprocess:
/data/chodera/schrodinger/schrodinger2017-4-advanced/jaguar results -energy SM10_micro009_conf_1.nrg.out

Executing subprocess:
/data/chodera/schrodinger/schrodinger2017-4-advanced/jaguar results -esolv SM10_micro009_conf_1.sol.out

Executing subprocess:
/data/chodera/schrodinger/schrodinger2017-4-advanced/jaguar results -energy SM10_micro009_conf_2.nrg.out

Executing subprocess:
/data/chodera/schrodinger/schrodinger2017-4-advanced/jaguar results -esolv SM10_micro009_conf_2.sol.out

Executing subprocess:
/data/chodera/schrodinger/schrodinger2017-4-advanced/jaguar results -energy SM10_micro009_conf_3.nrg.out

Executing subprocess:
/data/chodera/schrodinger/schrodinger2017-4-advanced/jaguar results -esolv SM10_micro009_conf_3.sol.out

Executing subprocess:
/data/chodera/schrodinger/schrodinger2017-4-advanced/jaguar results -energy SM10_micro009_conf_4.nrg.out

Executing subprocess:
/data/chodera/schrodinger/schrodinger2017-4-advanced/jaguar results -esolv SM10_micro009_conf_4.sol.out

Executing subprocess:
/data/chodera/schrodinger/schrodinger2017-4-advanced/jaguar results -energy SM10_micro009_conf_5.nrg.out

Executing subprocess:
/data/chodera/schrodinger/schrodinger2017-4-advanced/jaguar results -esolv SM10_micro009_conf_5.sol.out

Executing subprocess:
/data/chodera/schrodinger/schrodinger2017-4-advanced/jaguar-v9.8/bin/Linux-x86_64/pka -o SM10_micro026_deprot-out.mae -j SM10_micro026.jres -n -d

Executing subprocess:
/data/chodera/schrodinger/schrodinger2017-4-advanced/jaguar-v9.8/bin/Linux-x86_64/pka -o SM10_micro026_prot-out.mae -j SM10_micro026.jres -n

pKa calculation for SM10_micro026 completed.

pKa workflow jag_SM10_micro026_SM10_micro009 completed.

Timer (Jaguar pKa) : 5451.51 secs (1 hrs, 30 mins, 51 secs)
Timer (jaguar_backend.py) : 5451.51 secs (1 hrs, 30 mins, 51 secs)
Finished:   Wed May  9 18:35:36 2018
