Command:    jaguar run pka.py -jobname jag_SM04_micro013_SM04_micro008 -PARALLEL 10 -n -csrch -prot SM04_micro013.in -deprot SM04_micro008.in
Release:    2017-4
Exec:       /data/chodera/schrodinger/schrodinger2017-4-advanced/jaguar-v9.8/bin/Linux-x86_64
Host:       lt12
JobId:      lilac-0-5aec7033
JobDir:     /lila/data/chodera/schrodinger/tmpdir/rustenburg/jag_SM04_micro013_SM04_micro008
Date:       Fri May  4 10:37:44 2018

Contents of /lila/data/chodera/schrodinger/tmpdir/rustenburg/jag_SM04_micro013_SM04_micro008:
/lila/data/chodera/schrodinger/tmpdir/rustenburg/jag_SM04_micro013_SM04_micro008/lilac-0-5aec7033.recover
/lila/data/chodera/schrodinger/tmpdir/rustenburg/jag_SM04_micro013_SM04_micro008/lilac-0-5aec7033.hosts
/lila/data/chodera/schrodinger/tmpdir/rustenburg/jag_SM04_micro013_SM04_micro008/SM04_micro013.mae
/lila/data/chodera/schrodinger/tmpdir/rustenburg/jag_SM04_micro013_SM04_micro008/lilac-0-5aec7033
/lila/data/chodera/schrodinger/tmpdir/rustenburg/jag_SM04_micro013_SM04_micro008/SM04_micro008.in
/lila/data/chodera/schrodinger/tmpdir/rustenburg/jag_SM04_micro013_SM04_micro008/SM04_micro008.mae
/lila/data/chodera/schrodinger/tmpdir/rustenburg/jag_SM04_micro013_SM04_micro008/SM04_micro013.in
/lila/data/chodera/schrodinger/tmpdir/rustenburg/jag_SM04_micro013_SM04_micro008/lilac-0-5aec7033.mpinodes
/lila/data/chodera/schrodinger/tmpdir/rustenburg/jag_SM04_micro013_SM04_micro008/jag_SM04_micro013_SM04_micro008.recover
/lila/data/chodera/schrodinger/tmpdir/rustenburg/jag_SM04_micro013_SM04_micro008/lilac-0-5aec7033.jlog
/lila/data/chodera/schrodinger/tmpdir/rustenburg/jag_SM04_micro013_SM04_micro008/jag_SM04_micro013_SM04_micro008.log
/lila/data/chodera/schrodinger/tmpdir/rustenburg/jag_SM04_micro013_SM04_micro008/lilac-0-5aec7033.nodes

=====================
 Jaguar pKa workflow
=====================

Analysing user-provided (prot, deprot) pair:
(SM04_micro013.in, SM04_micro008.in)
Found labile hydrogen 20 in SM04_micro013.in
Found labile hydrogen at atom 10 in SM04_micro008.in
Adding 'ipkat' keyword to input files.

Identifying pKa functional group for pair:
(SM04_micro013, SM04_micro008)

Executing subprocess:
/data/chodera/schrodinger/schrodinger2017-4-advanced/jaguar-v9.8/bin/Linux-x86_64/pka -i -j SM04_micro013.tmp.jres -n

Taking protonated structures from:
SM04_micro013.mae
Taking deprotonated structures from:
SM04_micro008.mae

This molecule from 'SM04_micro013.mae' in water was recognized as:

 # 	           Shell           
---	---------------------------
1: 	pyrimidine                 
2: 	heterocycle custom 1       
3: 	heterocycle                
4: 	Protonation of generic atom


Executing conformational search...

Executing 2 distributed subjobs:
---------------------------------

No more than 8 cpu(s) will be used per subjob.
No more than 10 cpu(s) will be used simultaneously.

Processing the following subjobs:
(1) jaguar run csrch.py SM04_micro013.mae -jobname SM04_micro013 -max_conf 5 -erg_window 50.208 -acc_level 1 -TPP 5
(2) jaguar run csrch.py SM04_micro008.mae -jobname SM04_micro008 -max_conf 5 -erg_window 50.208 -acc_level 1 -TPP 5

Running subjobs on hosts:
  lsf-cpu (Max: 2)
Number of jobs:       2
Max retries per job:  3
Max allowed failures: unlimited
Run with -LOCAL:      False
Verbosity:            normal

Starting JobDJ...

Keep one job on driver host: False
JobDJ columns:
  C: Number of completed subjobs
  A: Number of active subjobs (e.g., submitted, running)
  W: Number of waiting/pending subjobs

C A W | Activity  JobId  JobName  JobHost
- - - | --------- -----------------------
0 1 1 | launched  lt12-0-5aec703d SM04_micro013 lsf-cpu
0 2 0 | launched  lt12-0-5aec7041 SM04_micro008 lsf-cpu
1 1 0 | finished  lt12-0-5aec703d SM04_micro013 lsf-cpu
2 0 0 | finished  lt12-0-5aec7041 SM04_micro008 lsf-cpu

All jobs have completed.

2 of 2 job(s) succeeded; 0 job(s) failed.

Timer (distribute subjobs) : 497.76 secs (0 hrs, 08 mins, 17 secs)

Setting up QM workflow for (protonated, deprotonated) pair:
(1) (SM04_micro013, SM04_micro008)

Executing Jaguar quantum-mechanical subjobs...

Executing 10 distributed subjobs:
----------------------------------

No more than 8 cpu(s) will be used per subjob.
No more than 10 cpu(s) will be used simultaneously.

Processing the following subjobs:
(1) jaguar run pka_prot.bat -jobname SM04_micro013_conf_1 SM04_micro013_conf_1.in
(2) jaguar run pka_prot.bat -jobname SM04_micro013_conf_2 SM04_micro013_conf_2.in
(3) jaguar run pka_prot.bat -jobname SM04_micro013_conf_3 SM04_micro013_conf_3.in
(4) jaguar run pka_prot.bat -jobname SM04_micro013_conf_4 SM04_micro013_conf_4.in
(5) jaguar run pka_prot.bat -jobname SM04_micro013_conf_5 SM04_micro013_conf_5.in
(6) jaguar run pka_deprot.bat -jobname SM04_micro008_conf_1 SM04_micro008_conf_1.in
(7) jaguar run pka_deprot.bat -jobname SM04_micro008_conf_2 SM04_micro008_conf_2.in
(8) jaguar run pka_deprot.bat -jobname SM04_micro008_conf_3 SM04_micro008_conf_3.in
(9) jaguar run pka_deprot.bat -jobname SM04_micro008_conf_4 SM04_micro008_conf_4.in
(10) jaguar run pka_deprot.bat -jobname SM04_micro008_conf_5 SM04_micro008_conf_5.in

Running subjobs on hosts:
  lsf-cpu (Max: 10)
Number of jobs:       10
Max retries per job:  3
Max allowed failures: unlimited
Run with -LOCAL:      False
Verbosity:            normal

Starting JobDJ...

Keep one job on driver host: True
JobDJ columns:
  C: Number of completed subjobs
  A: Number of active subjobs (e.g., submitted, running)
  W: Number of waiting/pending subjobs

 C  A  W | Activity  JobId  JobName  JobHost
-- -- -- | --------- -----------------------
 0  1  9 | launched  lt12-0-5aec722f SM04_micro013_conf_1 localhost [lt12]
 0  2  8 | launched  lt12-0-5aec7232 SM04_micro013_conf_2 lsf-cpu
 0  3  7 | launched  lt12-0-5aec7236 SM04_micro013_conf_3 lsf-cpu
 0  4  6 | launched  lt12-0-5aec7239 SM04_micro013_conf_4 lsf-cpu
 0  5  5 | launched  lt12-0-5aec723c SM04_micro013_conf_5 lsf-cpu
 0  6  4 | launched  lt12-0-5aec7240 SM04_micro008_conf_1 lsf-cpu
 0  7  3 | launched  lt12-0-5aec7244 SM04_micro008_conf_2 lsf-cpu
 0  8  2 | launched  lt12-0-5aec7247 SM04_micro008_conf_3 lsf-cpu
 0  9  1 | launched  lt12-0-5aec724b SM04_micro008_conf_4 lsf-cpu
 0 10  0 | launched  lt12-0-5aec7250 SM04_micro008_conf_5 lsf-cpu
 1  9  0 | finished  lt12-0-5aec722f SM04_micro013_conf_1 localhost [lt12]
 2  8  0 | finished  lt12-0-5aec7240 SM04_micro008_conf_1 lsf-cpu [lt02]
 3  7  0 | finished  lt12-0-5aec7247 SM04_micro008_conf_3 lsf-cpu [lt02]
 4  6  0 | finished  lt12-0-5aec724b SM04_micro008_conf_4 lsf-cpu [lt02]
 5  5  0 | finished  lt12-0-5aec7236 SM04_micro013_conf_3 lsf-cpu [lt02]
 6  4  0 | finished  lt12-0-5aec7244 SM04_micro008_conf_2 lsf-cpu [lt02]
 7  3  0 | finished  lt12-0-5aec7232 SM04_micro013_conf_2 lsf-cpu [lt02]
 8  2  0 | finished  lt12-0-5aec7250 SM04_micro008_conf_5 lsf-cpu [lt02]
 9  1  0 | finished  lt12-0-5aec7239 SM04_micro013_conf_4 lsf-cpu [lt02]
10  0  0 | finished  lt12-0-5aec723c SM04_micro013_conf_5 lsf-cpu [lt02]

All jobs have completed.

10 of 10 job(s) succeeded; 0 job(s) failed.

Timer (distribute subjobs) : 9143.82 secs (2 hrs, 32 mins, 23 secs)

Processing QM output files...

Executing subprocess:
/data/chodera/schrodinger/schrodinger2017-4-advanced/jaguar results -energy SM04_micro013_conf_1.nrg_h.out

Executing subprocess:
/data/chodera/schrodinger/schrodinger2017-4-advanced/jaguar results -esolv SM04_micro013_conf_1.sol_h.out

Executing subprocess:
/data/chodera/schrodinger/schrodinger2017-4-advanced/jaguar results -energy SM04_micro013_conf_2.nrg_h.out

Executing subprocess:
/data/chodera/schrodinger/schrodinger2017-4-advanced/jaguar results -esolv SM04_micro013_conf_2.sol_h.out

Executing subprocess:
/data/chodera/schrodinger/schrodinger2017-4-advanced/jaguar results -energy SM04_micro013_conf_3.nrg_h.out

Executing subprocess:
/data/chodera/schrodinger/schrodinger2017-4-advanced/jaguar results -esolv SM04_micro013_conf_3.sol_h.out

Executing subprocess:
/data/chodera/schrodinger/schrodinger2017-4-advanced/jaguar results -energy SM04_micro013_conf_4.nrg_h.out

Executing subprocess:
/data/chodera/schrodinger/schrodinger2017-4-advanced/jaguar results -esolv SM04_micro013_conf_4.sol_h.out

Executing subprocess:
/data/chodera/schrodinger/schrodinger2017-4-advanced/jaguar results -energy SM04_micro013_conf_5.nrg_h.out

Executing subprocess:
/data/chodera/schrodinger/schrodinger2017-4-advanced/jaguar results -esolv SM04_micro013_conf_5.sol_h.out

Executing subprocess:
/data/chodera/schrodinger/schrodinger2017-4-advanced/jaguar results -energy SM04_micro008_conf_1.nrg.out

Executing subprocess:
/data/chodera/schrodinger/schrodinger2017-4-advanced/jaguar results -esolv SM04_micro008_conf_1.sol.out

Executing subprocess:
/data/chodera/schrodinger/schrodinger2017-4-advanced/jaguar results -energy SM04_micro008_conf_2.nrg.out

Executing subprocess:
/data/chodera/schrodinger/schrodinger2017-4-advanced/jaguar results -esolv SM04_micro008_conf_2.sol.out

Executing subprocess:
/data/chodera/schrodinger/schrodinger2017-4-advanced/jaguar results -energy SM04_micro008_conf_3.nrg.out

Executing subprocess:
/data/chodera/schrodinger/schrodinger2017-4-advanced/jaguar results -esolv SM04_micro008_conf_3.sol.out

Executing subprocess:
/data/chodera/schrodinger/schrodinger2017-4-advanced/jaguar results -energy SM04_micro008_conf_4.nrg.out

Executing subprocess:
/data/chodera/schrodinger/schrodinger2017-4-advanced/jaguar results -esolv SM04_micro008_conf_4.sol.out

Executing subprocess:
/data/chodera/schrodinger/schrodinger2017-4-advanced/jaguar results -energy SM04_micro008_conf_5.nrg.out

Executing subprocess:
/data/chodera/schrodinger/schrodinger2017-4-advanced/jaguar results -esolv SM04_micro008_conf_5.sol.out

Executing subprocess:
/data/chodera/schrodinger/schrodinger2017-4-advanced/jaguar-v9.8/bin/Linux-x86_64/pka -o SM04_micro013_deprot-out.mae -j SM04_micro013.jres -n -d

Executing subprocess:
/data/chodera/schrodinger/schrodinger2017-4-advanced/jaguar-v9.8/bin/Linux-x86_64/pka -o SM04_micro013_prot-out.mae -j SM04_micro013.jres -n

pKa calculation for SM04_micro013 completed.

pKa workflow jag_SM04_micro013_SM04_micro008 completed.

Timer (Jaguar pKa) : 9731.19 secs (2 hrs, 42 mins, 11 secs)
Timer (jaguar_backend.py) : 9731.19 secs (2 hrs, 42 mins, 11 secs)
Finished:   Fri May  4 13:19:55 2018
