Command:    jaguar run pka.py -jobname jag_SM11_micro019_SM11_micro008 -PARALLEL 10 -n -csrch -prot SM11_micro019.in -deprot SM11_micro008.in
Release:    2017-4
Exec:       /data/chodera/schrodinger/schrodinger2017-4-advanced/jaguar-v9.8/bin/Linux-x86_64
Host:       ls04
JobId:      lilac-0-5aec9a11
JobDir:     /lila/data/chodera/schrodinger/tmpdir/rustenburg/jag_SM11_micro019_SM11_micro008
Date:       Fri May  4 13:36:22 2018

Contents of /lila/data/chodera/schrodinger/tmpdir/rustenburg/jag_SM11_micro019_SM11_micro008:
/lila/data/chodera/schrodinger/tmpdir/rustenburg/jag_SM11_micro019_SM11_micro008/jag_SM11_micro019_SM11_micro008.log
/lila/data/chodera/schrodinger/tmpdir/rustenburg/jag_SM11_micro019_SM11_micro008/jag_SM11_micro019_SM11_micro008.recover
/lila/data/chodera/schrodinger/tmpdir/rustenburg/jag_SM11_micro019_SM11_micro008/lilac-0-5aec9a11.mpinodes
/lila/data/chodera/schrodinger/tmpdir/rustenburg/jag_SM11_micro019_SM11_micro008/lilac-0-5aec9a11.nodes
/lila/data/chodera/schrodinger/tmpdir/rustenburg/jag_SM11_micro019_SM11_micro008/SM11_micro008.mae
/lila/data/chodera/schrodinger/tmpdir/rustenburg/jag_SM11_micro019_SM11_micro008/lilac-0-5aec9a11.recover
/lila/data/chodera/schrodinger/tmpdir/rustenburg/jag_SM11_micro019_SM11_micro008/SM11_micro019.mae
/lila/data/chodera/schrodinger/tmpdir/rustenburg/jag_SM11_micro019_SM11_micro008/SM11_micro019.in
/lila/data/chodera/schrodinger/tmpdir/rustenburg/jag_SM11_micro019_SM11_micro008/lilac-0-5aec9a11.jlog
/lila/data/chodera/schrodinger/tmpdir/rustenburg/jag_SM11_micro019_SM11_micro008/lilac-0-5aec9a11
/lila/data/chodera/schrodinger/tmpdir/rustenburg/jag_SM11_micro019_SM11_micro008/lilac-0-5aec9a11.hosts
/lila/data/chodera/schrodinger/tmpdir/rustenburg/jag_SM11_micro019_SM11_micro008/SM11_micro008.in

=====================
 Jaguar pKa workflow
=====================

Analysing user-provided (prot, deprot) pair:
(SM11_micro019.in, SM11_micro008.in)
Found labile hydrogen 17 in SM11_micro019.in
Found labile hydrogen at atom 13 in SM11_micro008.in
Adding 'ipkat' keyword to input files.

Identifying pKa functional group for pair:
(SM11_micro019, SM11_micro008)

Executing subprocess:
/data/chodera/schrodinger/schrodinger2017-4-advanced/jaguar-v9.8/bin/Linux-x86_64/pka -i -j SM11_micro019.tmp.jres -n

Taking protonated structures from:
SM11_micro019.mae
Taking deprotonated structures from:
SM11_micro008.mae

This molecule from 'SM11_micro019.mae' in water was recognized as:

 # 	                  Shell                   
---	------------------------------------------
1: 	Protonation of sp3-like aliphatic nitrogen
2: 	Protonation of generic atom               


Executing conformational search...

Executing 2 distributed subjobs:
---------------------------------

No more than 8 cpu(s) will be used per subjob.
No more than 10 cpu(s) will be used simultaneously.

Processing the following subjobs:
(1) jaguar run csrch.py SM11_micro019.mae -jobname SM11_micro019 -max_conf 5 -erg_window 50.208 -acc_level 1 -TPP 5
(2) jaguar run csrch.py SM11_micro008.mae -jobname SM11_micro008 -max_conf 5 -erg_window 50.208 -acc_level 1 -TPP 5

Running subjobs on hosts:
  lsf-cpu (Max: 2)
Number of jobs:       2
Max retries per job:  3
Max allowed failures: unlimited
Run with -LOCAL:      False
Verbosity:            normal

Starting JobDJ...

Keep one job on driver host: False
JobDJ columns:
  C: Number of completed subjobs
  A: Number of active subjobs (e.g., submitted, running)
  W: Number of waiting/pending subjobs

C A W | Activity  JobId  JobName  JobHost
- - - | --------- -----------------------
0 1 1 | launched  ls04-0-5aec9a1c SM11_micro019 lsf-cpu
0 2 0 | launched  ls04-0-5aec9a21 SM11_micro008 lsf-cpu
1 1 0 | finished  ls04-0-5aec9a1c SM11_micro019 lsf-cpu
2 0 0 | finished  ls04-0-5aec9a21 SM11_micro008 lsf-cpu

All jobs have completed.

2 of 2 job(s) succeeded; 0 job(s) failed.

Timer (distribute subjobs) : 270.55 secs (0 hrs, 04 mins, 30 secs)

Setting up QM workflow for (protonated, deprotonated) pair:
(1) (SM11_micro019, SM11_micro008)

Executing Jaguar quantum-mechanical subjobs...

Executing 6 distributed subjobs:
---------------------------------

No more than 8 cpu(s) will be used per subjob.
No more than 10 cpu(s) will be used simultaneously.

Processing the following subjobs:
(1) jaguar run pka_prot.bat -jobname SM11_micro019_conf_1 SM11_micro019_conf_1.in -TPP 2
(2) jaguar run pka_prot.bat -jobname SM11_micro019_conf_2 SM11_micro019_conf_2.in -TPP 2
(3) jaguar run pka_prot.bat -jobname SM11_micro019_conf_3 SM11_micro019_conf_3.in -TPP 2
(4) jaguar run pka_deprot.bat -jobname SM11_micro008_conf_1 SM11_micro008_conf_1.in -TPP 2
(5) jaguar run pka_deprot.bat -jobname SM11_micro008_conf_2 SM11_micro008_conf_2.in
(6) jaguar run pka_deprot.bat -jobname SM11_micro008_conf_3 SM11_micro008_conf_3.in

Running subjobs on hosts:
  lsf-cpu (Max: 6)
Number of jobs:       6
Max retries per job:  3
Max allowed failures: unlimited
Run with -LOCAL:      False
Verbosity:            normal

Starting JobDJ...

Keep one job on driver host: False
JobDJ columns:
  C: Number of completed subjobs
  A: Number of active subjobs (e.g., submitted, running)
  W: Number of waiting/pending subjobs

C A W | Activity  JobId  JobName  JobHost
- - - | --------- -----------------------
0 1 5 | launched  ls04-0-5aec9b2e SM11_micro019_conf_1 lsf-cpu
0 2 4 | launched  ls04-0-5aec9b32 SM11_micro019_conf_2 lsf-cpu
0 3 3 | launched  ls04-0-5aec9b36 SM11_micro019_conf_3 lsf-cpu
0 4 2 | launched  ls04-0-5aec9b3a SM11_micro008_conf_1 lsf-cpu
0 5 1 | launched  ls04-0-5aec9b3e SM11_micro008_conf_2 lsf-cpu
0 6 0 | launched  ls04-0-5aec9b42 SM11_micro008_conf_3 lsf-cpu
1 5 0 | finished  ls04-0-5aec9b3a SM11_micro008_conf_1 lsf-cpu
2 4 0 | finished  ls04-0-5aec9b32 SM11_micro019_conf_2 lsf-cpu [ls01]
3 3 0 | finished  ls04-0-5aec9b42 SM11_micro008_conf_3 lsf-cpu [lt21]
4 2 0 | finished  ls04-0-5aec9b3e SM11_micro008_conf_2 lsf-cpu [lt21]
5 1 0 | finished  ls04-0-5aec9b2e SM11_micro019_conf_1 lsf-cpu [ls10]
6 0 0 | finished  ls04-0-5aec9b36 SM11_micro019_conf_3 lsf-cpu [lt02]

All jobs have completed.

6 of 6 job(s) succeeded; 0 job(s) failed.

Timer (distribute subjobs) : 1520.28 secs (0 hrs, 25 mins, 20 secs)

Processing QM output files...

Executing subprocess:
/data/chodera/schrodinger/schrodinger2017-4-advanced/jaguar results -energy SM11_micro019_conf_1.nrg_h.out

Executing subprocess:
/data/chodera/schrodinger/schrodinger2017-4-advanced/jaguar results -esolv SM11_micro019_conf_1.sol_h.out

Executing subprocess:
/data/chodera/schrodinger/schrodinger2017-4-advanced/jaguar results -energy SM11_micro019_conf_2.nrg_h.out

Executing subprocess:
/data/chodera/schrodinger/schrodinger2017-4-advanced/jaguar results -esolv SM11_micro019_conf_2.sol_h.out

Executing subprocess:
/data/chodera/schrodinger/schrodinger2017-4-advanced/jaguar results -energy SM11_micro019_conf_3.nrg_h.out

Executing subprocess:
/data/chodera/schrodinger/schrodinger2017-4-advanced/jaguar results -esolv SM11_micro019_conf_3.sol_h.out

Executing subprocess:
/data/chodera/schrodinger/schrodinger2017-4-advanced/jaguar results -energy SM11_micro008_conf_1.nrg.out

Executing subprocess:
/data/chodera/schrodinger/schrodinger2017-4-advanced/jaguar results -esolv SM11_micro008_conf_1.sol.out

Executing subprocess:
/data/chodera/schrodinger/schrodinger2017-4-advanced/jaguar results -energy SM11_micro008_conf_2.nrg.out

Executing subprocess:
/data/chodera/schrodinger/schrodinger2017-4-advanced/jaguar results -esolv SM11_micro008_conf_2.sol.out

Executing subprocess:
/data/chodera/schrodinger/schrodinger2017-4-advanced/jaguar results -energy SM11_micro008_conf_3.nrg.out

Executing subprocess:
/data/chodera/schrodinger/schrodinger2017-4-advanced/jaguar results -esolv SM11_micro008_conf_3.sol.out

Executing subprocess:
/data/chodera/schrodinger/schrodinger2017-4-advanced/jaguar-v9.8/bin/Linux-x86_64/pka -o SM11_micro019_deprot-out.mae -j SM11_micro019.jres -n -d

Executing subprocess:
/data/chodera/schrodinger/schrodinger2017-4-advanced/jaguar-v9.8/bin/Linux-x86_64/pka -o SM11_micro019_prot-out.mae -j SM11_micro019.jres -n

pKa calculation for SM11_micro019 completed.

pKa workflow jag_SM11_micro019_SM11_micro008 completed.

Timer (Jaguar pKa) : 1838.23 secs (0 hrs, 30 mins, 38 secs)
Timer (jaguar_backend.py) : 1838.23 secs (0 hrs, 30 mins, 38 secs)
Finished:   Fri May  4 14:07:01 2018
