Taking protonated structures from:
SM12_micro006_conf_1.dft_h.01.mae
SM12_micro006_conf_2.dft_h.01.mae
SM12_micro006_conf_3.dft_h.01.mae
SM12_micro006_conf_4.dft_h.01.mae
Taking deprotonated structures from:
SM12_micro012_conf_1.dft.01.mae
SM12_micro012_conf_2.dft.01.mae
SM12_micro012_conf_3.dft.01.mae
SM12_micro012_conf_4.dft.01.mae
SM12_micro012_conf_5.dft.01.mae

Corrected results for 'protonated' structure in water:
pKa atom: 19

 # 	           Shell           	 pKa 	RMSD	 Contribution
---	---------------------------	-----	-----	--------------
1: 	pyrimidine                 	 3.30	0.242	    85.77%
2: 	heterocycle custom 1       	 4.65	0.617	     7.97%
3: 	heterocycle                	 4.83	0.837	     5.89%
4: 	Protonation of generic atom	 5.15	2.264	     0.37%

 Final weighted pKa value is 3.50



