Taking protonated structures from:
SM18_micro003_conf_1.dft_h.01.mae
SM18_micro003_conf_2.dft_h.01.mae
SM18_micro003_conf_3.dft_h.01.mae
SM18_micro003_conf_4.dft_h.01.mae
SM18_micro003_conf_5.dft_h.01.mae
Taking deprotonated structures from:
SM18_micro048_conf_1.dft.01.mae
SM18_micro048_conf_2.dft.01.mae
SM18_micro048_conf_3.dft.01.mae
SM18_micro048_conf_4.dft.01.mae
SM18_micro048_conf_5.dft.01.mae

Corrected results for 'protonated' structure in water:
pKa atom: 40

 # 	                  Shell                   	 pKa 	RMSD	 Contribution
---	------------------------------------------	-----	-----	--------------
1: 	RN=Het                                    	 9.73	0.551	    89.38%
2: 	Protonation of sp2-like aliphatic nitrogen	 7.00	1.751	     7.95%
3: 	Protonation of generic atom               	 7.28	2.264	     2.68%

 Final weighted pKa value is 9.45



