Command:    jaguar run pka.py -jobname jag_SM18_micro004_SM18_micro069 -PARALLEL 10 -WAIT -n -csrch -prot SM18_micro004.in -deprot SM18_micro069.in
Release:    2017-4
Exec:       /data/chodera/schrodinger/schrodinger2017-4-advanced/jaguar-v9.8/bin/Linux-x86_64
Host:       ls18
JobId:      ls18-2-5af455f6
JobDir:     /lila/data/chodera/schrodinger/tmpdir/rustenburg/jag_SM18_micro004_SM18_micro069.1
Date:       Thu May 10 10:23:52 2018

Contents of /lila/data/chodera/schrodinger/tmpdir/rustenburg/jag_SM18_micro004_SM18_micro069.1:
/lila/data/chodera/schrodinger/tmpdir/rustenburg/jag_SM18_micro004_SM18_micro069.1/ls18-2-5af455f6
/lila/data/chodera/schrodinger/tmpdir/rustenburg/jag_SM18_micro004_SM18_micro069.1/jag_SM18_micro004_SM18_micro069.recover
/lila/data/chodera/schrodinger/tmpdir/rustenburg/jag_SM18_micro004_SM18_micro069.1/SM18_micro069.mae
/lila/data/chodera/schrodinger/tmpdir/rustenburg/jag_SM18_micro004_SM18_micro069.1/ls18-2-5af455f6.mpinodes
/lila/data/chodera/schrodinger/tmpdir/rustenburg/jag_SM18_micro004_SM18_micro069.1/SM18_micro004.in
/lila/data/chodera/schrodinger/tmpdir/rustenburg/jag_SM18_micro004_SM18_micro069.1/SM18_micro004.mae
/lila/data/chodera/schrodinger/tmpdir/rustenburg/jag_SM18_micro004_SM18_micro069.1/jag_SM18_micro004_SM18_micro069.log
/lila/data/chodera/schrodinger/tmpdir/rustenburg/jag_SM18_micro004_SM18_micro069.1/SM18_micro069.in
/lila/data/chodera/schrodinger/tmpdir/rustenburg/jag_SM18_micro004_SM18_micro069.1/ls18-2-5af455f6.recover

=====================
 Jaguar pKa workflow
=====================

Analysing user-provided (prot, deprot) pair:
(SM18_micro004.in, SM18_micro069.in)
Found labile hydrogen 31 in SM18_micro004.in
Found labile hydrogen at atom 11 in SM18_micro069.in
Adding 'ipkat' keyword to input files.

Identifying pKa functional group for pair:
(SM18_micro004, SM18_micro069)

Executing subprocess:
/data/chodera/schrodinger/schrodinger2017-4-advanced/jaguar-v9.8/bin/Linux-x86_64/pka -i -j SM18_micro004.tmp.jres -n

Taking protonated structures from:
SM18_micro004.mae
Taking deprotonated structures from:
SM18_micro069.mae

This molecule from 'SM18_micro004.mae' in water was recognized as:

 # 	           Shell           
---	---------------------------
1: 	Protonation of generic atom


Executing conformational search...

Executing 2 distributed subjobs:
---------------------------------

No more than 8 cpu(s) will be used per subjob.
No more than 10 cpu(s) will be used simultaneously.

Processing the following subjobs:
(1) jaguar run csrch.py SM18_micro004.mae -jobname SM18_micro004 -max_conf 5 -erg_window 50.208 -acc_level 1 -TPP 5
(2) jaguar run csrch.py SM18_micro069.mae -jobname SM18_micro069 -max_conf 5 -erg_window 50.208 -acc_level 1 -TPP 5

Running subjobs on hosts:
  localhost (Max: 2)
Number of jobs:       2
Max retries per job:  3
Max allowed failures: unlimited
Run with -LOCAL:      False
Verbosity:            normal

Starting JobDJ...

Keep one job on driver host: False
JobDJ columns:
  C: Number of completed subjobs
  A: Number of active subjobs (e.g., submitted, running)
  W: Number of waiting/pending subjobs

C A W | Activity  JobId  JobName  JobHost
- - - | --------- -----------------------
0 1 1 | launched  ls18-0-5af455fd SM18_micro004 localhost [ls18]
0 2 0 | launched  ls18-0-5af45600 SM18_micro069 localhost [ls18]
1 1 0 | finished  ls18-0-5af455fd SM18_micro004 localhost [ls18]
2 0 0 | finished  ls18-0-5af45600 SM18_micro069 localhost [ls18]

All jobs have completed.

2 of 2 job(s) succeeded; 0 job(s) failed.

Timer (distribute subjobs) : 3496.70 secs (0 hrs, 58 mins, 16 secs)

Setting up QM workflow for (protonated, deprotonated) pair:
(1) (SM18_micro004, SM18_micro069)

Executing Jaguar quantum-mechanical subjobs...

Executing 10 distributed subjobs:
----------------------------------

No more than 8 cpu(s) will be used per subjob.
No more than 10 cpu(s) will be used simultaneously.

Processing the following subjobs:
(1) jaguar run pka_prot.bat -jobname SM18_micro004_conf_1 SM18_micro004_conf_1.in
(2) jaguar run pka_prot.bat -jobname SM18_micro004_conf_2 SM18_micro004_conf_2.in
(3) jaguar run pka_prot.bat -jobname SM18_micro004_conf_3 SM18_micro004_conf_3.in
(4) jaguar run pka_prot.bat -jobname SM18_micro004_conf_4 SM18_micro004_conf_4.in
(5) jaguar run pka_prot.bat -jobname SM18_micro004_conf_5 SM18_micro004_conf_5.in
(6) jaguar run pka_deprot.bat -jobname SM18_micro069_conf_1 SM18_micro069_conf_1.in
(7) jaguar run pka_deprot.bat -jobname SM18_micro069_conf_2 SM18_micro069_conf_2.in
(8) jaguar run pka_deprot.bat -jobname SM18_micro069_conf_3 SM18_micro069_conf_3.in
(9) jaguar run pka_deprot.bat -jobname SM18_micro069_conf_4 SM18_micro069_conf_4.in
(10) jaguar run pka_deprot.bat -jobname SM18_micro069_conf_5 SM18_micro069_conf_5.in

Running subjobs on hosts:
  localhost (Max: 10)
Number of jobs:       10
Max retries per job:  3
Max allowed failures: unlimited
Run with -LOCAL:      False
Verbosity:            normal

Starting JobDJ...

Keep one job on driver host: False
JobDJ columns:
  C: Number of completed subjobs
  A: Number of active subjobs (e.g., submitted, running)
  W: Number of waiting/pending subjobs

 C  A  W | Activity  JobId  JobName  JobHost
-- -- -- | --------- -----------------------
 0  1  9 | launched  ls18-0-5af463ba SM18_micro004_conf_1 localhost [ls18]
 0  2  8 | launched  ls18-0-5af463bf SM18_micro004_conf_2 localhost [ls18]
 0  3  7 | launched  ls18-0-5af463c1 SM18_micro004_conf_3 localhost [ls18]
 0  4  6 | launched  ls18-0-5af463c9 SM18_micro004_conf_4 localhost [ls18]
 0  5  5 | launched  ls18-0-5af463cc SM18_micro004_conf_5 localhost [ls18]
 0  6  4 | launched  ls18-0-5af463cf SM18_micro069_conf_1 localhost [ls18]
 0  7  3 | launched  ls18-0-5af463d2 SM18_micro069_conf_2 localhost [ls18]
 0  8  2 | launched  ls18-1-5af463d5 SM18_micro069_conf_3 localhost [ls18]
 0  9  1 | launched  ls18-0-5af463d9 SM18_micro069_conf_4 localhost [ls18]
 0 10  0 | launched  ls18-1-5af463dd SM18_micro069_conf_5 localhost [ls18]
 1  9  0 | finished  ls18-0-5af463d9 SM18_micro069_conf_4 localhost [ls18]
 2  8  0 | finished  ls18-0-5af463c9 SM18_micro004_conf_4 localhost [ls18]
 3  7  0 | finished  ls18-0-5af463ba SM18_micro004_conf_1 localhost [ls18]
 4  6  0 | finished  ls18-0-5af463cc SM18_micro004_conf_5 localhost [ls18]
 5  5  0 | finished  ls18-0-5af463d2 SM18_micro069_conf_2 localhost [ls18]
 6  4  0 | finished  ls18-0-5af463bf SM18_micro004_conf_2 localhost [ls18]
 7  3  0 | finished  ls18-1-5af463d5 SM18_micro069_conf_3 localhost [ls18]
 8  2  0 | finished  ls18-1-5af463dd SM18_micro069_conf_5 localhost [ls18]
 9  1  0 | finished  ls18-0-5af463cf SM18_micro069_conf_1 localhost [ls18]
10  0  0 | finished  ls18-0-5af463c1 SM18_micro004_conf_3 localhost [ls18]

All jobs have completed.

10 of 10 job(s) succeeded; 0 job(s) failed.

Timer (distribute subjobs) : 29423.29 secs (8 hrs, 10 mins, 23 secs)

Processing QM output files...

Executing subprocess:
/data/chodera/schrodinger/schrodinger2017-4-advanced/jaguar results -energy SM18_micro004_conf_1.nrg_h.out

Executing subprocess:
/data/chodera/schrodinger/schrodinger2017-4-advanced/jaguar results -esolv SM18_micro004_conf_1.sol_h.out

Executing subprocess:
/data/chodera/schrodinger/schrodinger2017-4-advanced/jaguar results -energy SM18_micro004_conf_2.nrg_h.out

Executing subprocess:
/data/chodera/schrodinger/schrodinger2017-4-advanced/jaguar results -esolv SM18_micro004_conf_2.sol_h.out

Executing subprocess:
/data/chodera/schrodinger/schrodinger2017-4-advanced/jaguar results -energy SM18_micro004_conf_3.nrg_h.out

Executing subprocess:
/data/chodera/schrodinger/schrodinger2017-4-advanced/jaguar results -esolv SM18_micro004_conf_3.sol_h.out

Executing subprocess:
/data/chodera/schrodinger/schrodinger2017-4-advanced/jaguar results -energy SM18_micro004_conf_4.nrg_h.out

Executing subprocess:
/data/chodera/schrodinger/schrodinger2017-4-advanced/jaguar results -esolv SM18_micro004_conf_4.sol_h.out

Executing subprocess:
/data/chodera/schrodinger/schrodinger2017-4-advanced/jaguar results -energy SM18_micro004_conf_5.nrg_h.out

Executing subprocess:
/data/chodera/schrodinger/schrodinger2017-4-advanced/jaguar results -esolv SM18_micro004_conf_5.sol_h.out

Executing subprocess:
/data/chodera/schrodinger/schrodinger2017-4-advanced/jaguar results -energy SM18_micro069_conf_1.nrg.out

Executing subprocess:
/data/chodera/schrodinger/schrodinger2017-4-advanced/jaguar results -esolv SM18_micro069_conf_1.sol.out

Executing subprocess:
/data/chodera/schrodinger/schrodinger2017-4-advanced/jaguar results -energy SM18_micro069_conf_2.nrg.out

Executing subprocess:
/data/chodera/schrodinger/schrodinger2017-4-advanced/jaguar results -esolv SM18_micro069_conf_2.sol.out

Executing subprocess:
/data/chodera/schrodinger/schrodinger2017-4-advanced/jaguar results -energy SM18_micro069_conf_3.nrg.out

Executing subprocess:
/data/chodera/schrodinger/schrodinger2017-4-advanced/jaguar results -esolv SM18_micro069_conf_3.sol.out

Executing subprocess:
/data/chodera/schrodinger/schrodinger2017-4-advanced/jaguar results -energy SM18_micro069_conf_4.nrg.out

Executing subprocess:
/data/chodera/schrodinger/schrodinger2017-4-advanced/jaguar results -esolv SM18_micro069_conf_4.sol.out

Executing subprocess:
/data/chodera/schrodinger/schrodinger2017-4-advanced/jaguar results -energy SM18_micro069_conf_5.nrg.out

Executing subprocess:
/data/chodera/schrodinger/schrodinger2017-4-advanced/jaguar results -esolv SM18_micro069_conf_5.sol.out

Executing subprocess:
/data/chodera/schrodinger/schrodinger2017-4-advanced/jaguar-v9.8/bin/Linux-x86_64/pka -o SM18_micro004_deprot-out.mae -j SM18_micro004.jres -n -d

Executing subprocess:
/data/chodera/schrodinger/schrodinger2017-4-advanced/jaguar-v9.8/bin/Linux-x86_64/pka -o SM18_micro004_prot-out.mae -j SM18_micro004.jres -n

pKa calculation for SM18_micro004 completed.

pKa workflow jag_SM18_micro004_SM18_micro069 completed.

Timer (Jaguar pKa) : 32971.30 secs (9 hrs, 09 mins, 31 secs)
Timer (jaguar_backend.py) : 32971.30 secs (9 hrs, 09 mins, 31 secs)
Finished:   Thu May 10 19:33:24 2018
