Command:    jaguar run pka.py -jobname jag_SM06_micro002_SM06_micro007 -PARALLEL 10 -n -csrch -prot SM06_micro002.in -deprot SM06_micro007.in
Release:    2017-4
Exec:       /data/chodera/schrodinger/schrodinger2017-4-advanced/jaguar-v9.8/bin/Linux-x86_64
Host:       ls04
JobId:      lilac-0-5aec730f
JobDir:     /lila/data/chodera/schrodinger/tmpdir/rustenburg/jag_SM06_micro002_SM06_micro007
Date:       Fri May  4 10:50:04 2018

Contents of /lila/data/chodera/schrodinger/tmpdir/rustenburg/jag_SM06_micro002_SM06_micro007:
/lila/data/chodera/schrodinger/tmpdir/rustenburg/jag_SM06_micro002_SM06_micro007/lilac-0-5aec730f.recover
/lila/data/chodera/schrodinger/tmpdir/rustenburg/jag_SM06_micro002_SM06_micro007/lilac-0-5aec730f.jlog
/lila/data/chodera/schrodinger/tmpdir/rustenburg/jag_SM06_micro002_SM06_micro007/lilac-0-5aec730f.nodes
/lila/data/chodera/schrodinger/tmpdir/rustenburg/jag_SM06_micro002_SM06_micro007/SM06_micro002.mae
/lila/data/chodera/schrodinger/tmpdir/rustenburg/jag_SM06_micro002_SM06_micro007/lilac-0-5aec730f.mpinodes
/lila/data/chodera/schrodinger/tmpdir/rustenburg/jag_SM06_micro002_SM06_micro007/lilac-0-5aec730f.hosts
/lila/data/chodera/schrodinger/tmpdir/rustenburg/jag_SM06_micro002_SM06_micro007/SM06_micro002.in
/lila/data/chodera/schrodinger/tmpdir/rustenburg/jag_SM06_micro002_SM06_micro007/jag_SM06_micro002_SM06_micro007.recover
/lila/data/chodera/schrodinger/tmpdir/rustenburg/jag_SM06_micro002_SM06_micro007/jag_SM06_micro002_SM06_micro007.log
/lila/data/chodera/schrodinger/tmpdir/rustenburg/jag_SM06_micro002_SM06_micro007/SM06_micro007.mae
/lila/data/chodera/schrodinger/tmpdir/rustenburg/jag_SM06_micro002_SM06_micro007/lilac-0-5aec730f
/lila/data/chodera/schrodinger/tmpdir/rustenburg/jag_SM06_micro002_SM06_micro007/SM06_micro007.in

=====================
 Jaguar pKa workflow
=====================

Analysing user-provided (prot, deprot) pair:
(SM06_micro002.in, SM06_micro007.in)
Found labile hydrogen 22 in SM06_micro002.in
Found labile hydrogen at atom 19 in SM06_micro007.in
Adding 'ipkat' keyword to input files.

Identifying pKa functional group for pair:
(SM06_micro002, SM06_micro007)

Executing subprocess:
/data/chodera/schrodinger/schrodinger2017-4-advanced/jaguar-v9.8/bin/Linux-x86_64/pka -i -j SM06_micro002.tmp.jres -n

Taking protonated structures from:
SM06_micro002.mae
Taking deprotonated structures from:
SM06_micro007.mae

This molecule from 'SM06_micro002.mae' in water was recognized as:

 # 	           Shell           
---	---------------------------
1: 	pyridine                   
2: 	heterocycle custom 1       
3: 	heterocycle                
4: 	Protonation of generic atom


Executing conformational search...

Executing 2 distributed subjobs:
---------------------------------

No more than 8 cpu(s) will be used per subjob.
No more than 10 cpu(s) will be used simultaneously.

Processing the following subjobs:
(1) jaguar run csrch.py SM06_micro002.mae -jobname SM06_micro002 -max_conf 5 -erg_window 50.208 -acc_level 1 -TPP 5
(2) jaguar run csrch.py SM06_micro007.mae -jobname SM06_micro007 -max_conf 5 -erg_window 50.208 -acc_level 1 -TPP 5

Running subjobs on hosts:
  lsf-cpu (Max: 2)
Number of jobs:       2
Max retries per job:  3
Max allowed failures: unlimited
Run with -LOCAL:      False
Verbosity:            normal

Starting JobDJ...

Keep one job on driver host: False
JobDJ columns:
  C: Number of completed subjobs
  A: Number of active subjobs (e.g., submitted, running)
  W: Number of waiting/pending subjobs

C A W | Activity  JobId  JobName  JobHost
- - - | --------- -----------------------
0 1 1 | launched  ls04-2-5aec7322 SM06_micro002 lsf-cpu
0 2 0 | launched  ls04-1-5aec7326 SM06_micro007 lsf-cpu
1 1 0 | finished  ls04-2-5aec7322 SM06_micro002 lsf-cpu
2 0 0 | finished  ls04-1-5aec7326 SM06_micro007 lsf-cpu

All jobs have completed.

2 of 2 job(s) succeeded; 0 job(s) failed.

Timer (distribute subjobs) : 503.28 secs (0 hrs, 08 mins, 23 secs)

Setting up QM workflow for (protonated, deprotonated) pair:
(1) (SM06_micro002, SM06_micro007)

Executing Jaguar quantum-mechanical subjobs...

Executing 10 distributed subjobs:
----------------------------------

No more than 8 cpu(s) will be used per subjob.
No more than 10 cpu(s) will be used simultaneously.

Processing the following subjobs:
(1) jaguar run pka_prot.bat -jobname SM06_micro002_conf_1 SM06_micro002_conf_1.in
(2) jaguar run pka_prot.bat -jobname SM06_micro002_conf_2 SM06_micro002_conf_2.in
(3) jaguar run pka_prot.bat -jobname SM06_micro002_conf_3 SM06_micro002_conf_3.in
(4) jaguar run pka_prot.bat -jobname SM06_micro002_conf_4 SM06_micro002_conf_4.in
(5) jaguar run pka_prot.bat -jobname SM06_micro002_conf_5 SM06_micro002_conf_5.in
(6) jaguar run pka_deprot.bat -jobname SM06_micro007_conf_1 SM06_micro007_conf_1.in
(7) jaguar run pka_deprot.bat -jobname SM06_micro007_conf_2 SM06_micro007_conf_2.in
(8) jaguar run pka_deprot.bat -jobname SM06_micro007_conf_3 SM06_micro007_conf_3.in
(9) jaguar run pka_deprot.bat -jobname SM06_micro007_conf_4 SM06_micro007_conf_4.in
(10) jaguar run pka_deprot.bat -jobname SM06_micro007_conf_5 SM06_micro007_conf_5.in

Running subjobs on hosts:
  lsf-cpu (Max: 10)
Number of jobs:       10
Max retries per job:  3
Max allowed failures: unlimited
Run with -LOCAL:      False
Verbosity:            normal

Starting JobDJ...

Keep one job on driver host: True
JobDJ columns:
  C: Number of completed subjobs
  A: Number of active subjobs (e.g., submitted, running)
  W: Number of waiting/pending subjobs

 C  A  W | Activity  JobId  JobName  JobHost
-- -- -- | --------- -----------------------
 0  1  9 | launched  ls04-0-5aec751f SM06_micro002_conf_1 localhost [ls04]
 0  2  8 | launched  ls04-0-5aec7524 SM06_micro002_conf_2 lsf-cpu
 0  3  7 | launched  ls04-0-5aec752a SM06_micro002_conf_3 lsf-cpu
 0  4  6 | launched  ls04-0-5aec752e SM06_micro002_conf_4 lsf-cpu
 0  5  5 | launched  ls04-0-5aec7534 SM06_micro002_conf_5 lsf-cpu
 0  6  4 | launched  ls04-0-5aec7539 SM06_micro007_conf_1 lsf-cpu
 0  7  3 | launched  ls04-0-5aec753f SM06_micro007_conf_2 lsf-cpu
 0  8  2 | launched  ls04-0-5aec7544 SM06_micro007_conf_3 lsf-cpu
 0  9  1 | launched  ls04-0-5aec7549 SM06_micro007_conf_4 lsf-cpu
 0 10  0 | launched  ls04-0-5aec754f SM06_micro007_conf_5 lsf-cpu
 1  9  0 | finished  ls04-0-5aec7544 SM06_micro007_conf_3 lsf-cpu [ls10]
 2  8  0 | finished  ls04-0-5aec751f SM06_micro002_conf_1 localhost [ls04]
 3  7  0 | finished  ls04-0-5aec753f SM06_micro007_conf_2 lsf-cpu [ls10]
 4  6  0 | finished  ls04-0-5aec7524 SM06_micro002_conf_2 lsf-cpu [ls10]
 5  5  0 | finished  ls04-0-5aec754f SM06_micro007_conf_5 lsf-cpu [ls10]
 6  4  0 | finished  ls04-0-5aec7534 SM06_micro002_conf_5 lsf-cpu [ls10]
 7  3  0 | finished  ls04-0-5aec7539 SM06_micro007_conf_1 lsf-cpu [ls10]
 8  2  0 | finished  ls04-0-5aec752a SM06_micro002_conf_3 lsf-cpu [ls10]
 9  1  0 | finished  ls04-0-5aec7549 SM06_micro007_conf_4 lsf-cpu [ls10]
10  0  0 | finished  ls04-0-5aec752e SM06_micro002_conf_4 lsf-cpu [ls10]

All jobs have completed.

10 of 10 job(s) succeeded; 0 job(s) failed.

Timer (distribute subjobs) : 7511.69 secs (2 hrs, 05 mins, 11 secs)

Processing QM output files...

Executing subprocess:
/data/chodera/schrodinger/schrodinger2017-4-advanced/jaguar results -energy SM06_micro002_conf_1.nrg_h.out

Executing subprocess:
/data/chodera/schrodinger/schrodinger2017-4-advanced/jaguar results -esolv SM06_micro002_conf_1.sol_h.out

Executing subprocess:
/data/chodera/schrodinger/schrodinger2017-4-advanced/jaguar results -energy SM06_micro002_conf_2.nrg_h.out

Executing subprocess:
/data/chodera/schrodinger/schrodinger2017-4-advanced/jaguar results -esolv SM06_micro002_conf_2.sol_h.out

Executing subprocess:
/data/chodera/schrodinger/schrodinger2017-4-advanced/jaguar results -energy SM06_micro002_conf_3.nrg_h.out

Executing subprocess:
/data/chodera/schrodinger/schrodinger2017-4-advanced/jaguar results -esolv SM06_micro002_conf_3.sol_h.out

Executing subprocess:
/data/chodera/schrodinger/schrodinger2017-4-advanced/jaguar results -energy SM06_micro002_conf_4.nrg_h.out

Executing subprocess:
/data/chodera/schrodinger/schrodinger2017-4-advanced/jaguar results -esolv SM06_micro002_conf_4.sol_h.out

Executing subprocess:
/data/chodera/schrodinger/schrodinger2017-4-advanced/jaguar results -energy SM06_micro002_conf_5.nrg_h.out

Executing subprocess:
/data/chodera/schrodinger/schrodinger2017-4-advanced/jaguar results -esolv SM06_micro002_conf_5.sol_h.out

Executing subprocess:
/data/chodera/schrodinger/schrodinger2017-4-advanced/jaguar results -energy SM06_micro007_conf_1.nrg.out

Executing subprocess:
/data/chodera/schrodinger/schrodinger2017-4-advanced/jaguar results -esolv SM06_micro007_conf_1.sol.out

Executing subprocess:
/data/chodera/schrodinger/schrodinger2017-4-advanced/jaguar results -energy SM06_micro007_conf_2.nrg.out

Executing subprocess:
/data/chodera/schrodinger/schrodinger2017-4-advanced/jaguar results -esolv SM06_micro007_conf_2.sol.out

Executing subprocess:
/data/chodera/schrodinger/schrodinger2017-4-advanced/jaguar results -energy SM06_micro007_conf_3.nrg.out

Executing subprocess:
/data/chodera/schrodinger/schrodinger2017-4-advanced/jaguar results -esolv SM06_micro007_conf_3.sol.out

Executing subprocess:
/data/chodera/schrodinger/schrodinger2017-4-advanced/jaguar results -energy SM06_micro007_conf_4.nrg.out

Executing subprocess:
/data/chodera/schrodinger/schrodinger2017-4-advanced/jaguar results -esolv SM06_micro007_conf_4.sol.out

Executing subprocess:
/data/chodera/schrodinger/schrodinger2017-4-advanced/jaguar results -energy SM06_micro007_conf_5.nrg.out

Executing subprocess:
/data/chodera/schrodinger/schrodinger2017-4-advanced/jaguar results -esolv SM06_micro007_conf_5.sol.out

Executing subprocess:
/data/chodera/schrodinger/schrodinger2017-4-advanced/jaguar-v9.8/bin/Linux-x86_64/pka -o SM06_micro002_deprot-out.mae -j SM06_micro002.jres -n -d

Executing subprocess:
/data/chodera/schrodinger/schrodinger2017-4-advanced/jaguar-v9.8/bin/Linux-x86_64/pka -o SM06_micro002_prot-out.mae -j SM06_micro002.jres -n

pKa calculation for SM06_micro002 completed.

pKa workflow jag_SM06_micro002_SM06_micro007 completed.

Timer (Jaguar pKa) : 8102.53 secs (2 hrs, 15 mins, 02 secs)
Timer (jaguar_backend.py) : 8102.54 secs (2 hrs, 15 mins, 02 secs)
Finished:   Fri May  4 13:05:07 2018
