Command:    jaguar run pka.py -jobname jag_SM20_micro003_SM20_micro004 -PARALLEL 10 -WAIT -n -csrch -prot SM20_micro003.in -deprot SM20_micro004.in
Release:    2017-4
Exec:       /data/chodera/schrodinger/schrodinger2017-4-advanced/jaguar-v9.8/bin/Linux-x86_64
Host:       ls17
JobId:      ls17-0-5af456ef
JobDir:     /lila/data/chodera/schrodinger/tmpdir/rustenburg/jag_SM20_micro003_SM20_micro004.2
Date:       Thu May 10 10:28:01 2018

Contents of /lila/data/chodera/schrodinger/tmpdir/rustenburg/jag_SM20_micro003_SM20_micro004.2:
/lila/data/chodera/schrodinger/tmpdir/rustenburg/jag_SM20_micro003_SM20_micro004.2/SM20_micro004.in
/lila/data/chodera/schrodinger/tmpdir/rustenburg/jag_SM20_micro003_SM20_micro004.2/jag_SM20_micro003_SM20_micro004.recover
/lila/data/chodera/schrodinger/tmpdir/rustenburg/jag_SM20_micro003_SM20_micro004.2/ls17-0-5af456ef
/lila/data/chodera/schrodinger/tmpdir/rustenburg/jag_SM20_micro003_SM20_micro004.2/SM20_micro004.mae
/lila/data/chodera/schrodinger/tmpdir/rustenburg/jag_SM20_micro003_SM20_micro004.2/jag_SM20_micro003_SM20_micro004.log
/lila/data/chodera/schrodinger/tmpdir/rustenburg/jag_SM20_micro003_SM20_micro004.2/ls17-0-5af456ef.mpinodes
/lila/data/chodera/schrodinger/tmpdir/rustenburg/jag_SM20_micro003_SM20_micro004.2/SM20_micro003.mae
/lila/data/chodera/schrodinger/tmpdir/rustenburg/jag_SM20_micro003_SM20_micro004.2/SM20_micro003.in
/lila/data/chodera/schrodinger/tmpdir/rustenburg/jag_SM20_micro003_SM20_micro004.2/ls17-0-5af456ef.recover

=====================
 Jaguar pKa workflow
=====================

Analysing user-provided (prot, deprot) pair:
(SM20_micro003.in, SM20_micro004.in)
Found labile hydrogen 25 in SM20_micro003.in
Found labile hydrogen at atom 4 in SM20_micro004.in
Adding 'ipkat' keyword to input files.

Identifying pKa functional group for pair:
(SM20_micro003, SM20_micro004)

Executing subprocess:
/data/chodera/schrodinger/schrodinger2017-4-advanced/jaguar-v9.8/bin/Linux-x86_64/pka -i -j SM20_micro003.tmp.jres -n

Taking protonated structures from:
SM20_micro003.mae
Taking deprotonated structures from:
SM20_micro004.mae

This molecule from 'SM20_micro003.mae' in water was recognized as:

 # 	                  Shell                   
---	------------------------------------------
1: 	imide                                     
2: 	Protonation of sp2-like aliphatic nitrogen
3: 	Protonation of generic atom               


Executing conformational search...

Executing 2 distributed subjobs:
---------------------------------

No more than 8 cpu(s) will be used per subjob.
No more than 10 cpu(s) will be used simultaneously.

Processing the following subjobs:
(1) jaguar run csrch.py SM20_micro003.mae -jobname SM20_micro003 -max_conf 5 -erg_window 50.208 -acc_level 1 -TPP 5
(2) jaguar run csrch.py SM20_micro004.mae -jobname SM20_micro004 -max_conf 5 -erg_window 50.208 -acc_level 1 -TPP 5

Running subjobs on hosts:
  localhost (Max: 2)
Number of jobs:       2
Max retries per job:  3
Max allowed failures: unlimited
Run with -LOCAL:      False
Verbosity:            normal

Starting JobDJ...

Keep one job on driver host: False
JobDJ columns:
  C: Number of completed subjobs
  A: Number of active subjobs (e.g., submitted, running)
  W: Number of waiting/pending subjobs

C A W | Activity  JobId  JobName  JobHost
- - - | --------- -----------------------
0 1 1 | launched  ls17-2-5af456f7 SM20_micro003 localhost [ls17]
0 2 0 | launched  ls17-2-5af456fb SM20_micro004 localhost [ls17]
1 1 0 | finished  ls17-2-5af456fb SM20_micro004 localhost [ls17]
2 0 0 | finished  ls17-2-5af456f7 SM20_micro003 localhost [ls17]

All jobs have completed.

2 of 2 job(s) succeeded; 0 job(s) failed.

Timer (distribute subjobs) : 612.77 secs (0 hrs, 10 mins, 12 secs)

Setting up QM workflow for (protonated, deprotonated) pair:
(1) (SM20_micro003, SM20_micro004)

Executing Jaguar quantum-mechanical subjobs...

Executing 10 distributed subjobs:
----------------------------------

No more than 8 cpu(s) will be used per subjob.
No more than 10 cpu(s) will be used simultaneously.

Processing the following subjobs:
(1) jaguar run pka_prot.bat -jobname SM20_micro003_conf_1 SM20_micro003_conf_1.in
(2) jaguar run pka_prot.bat -jobname SM20_micro003_conf_2 SM20_micro003_conf_2.in
(3) jaguar run pka_prot.bat -jobname SM20_micro003_conf_3 SM20_micro003_conf_3.in
(4) jaguar run pka_prot.bat -jobname SM20_micro003_conf_4 SM20_micro003_conf_4.in
(5) jaguar run pka_prot.bat -jobname SM20_micro003_conf_5 SM20_micro003_conf_5.in
(6) jaguar run pka_deprot.bat -jobname SM20_micro004_conf_1 SM20_micro004_conf_1.in
(7) jaguar run pka_deprot.bat -jobname SM20_micro004_conf_2 SM20_micro004_conf_2.in
(8) jaguar run pka_deprot.bat -jobname SM20_micro004_conf_3 SM20_micro004_conf_3.in
(9) jaguar run pka_deprot.bat -jobname SM20_micro004_conf_4 SM20_micro004_conf_4.in
(10) jaguar run pka_deprot.bat -jobname SM20_micro004_conf_5 SM20_micro004_conf_5.in

Running subjobs on hosts:
  localhost (Max: 10)
Number of jobs:       10
Max retries per job:  3
Max allowed failures: unlimited
Run with -LOCAL:      False
Verbosity:            normal

Starting JobDJ...

Keep one job on driver host: False
JobDJ columns:
  C: Number of completed subjobs
  A: Number of active subjobs (e.g., submitted, running)
  W: Number of waiting/pending subjobs

 C  A  W | Activity  JobId  JobName  JobHost
-- -- -- | --------- -----------------------
 0  1  9 | launched  ls17-0-5af45960 SM20_micro003_conf_1 localhost [ls17]
 0  2  8 | launched  ls17-0-5af45963 SM20_micro003_conf_2 localhost [ls17]
 0  3  7 | launched  ls17-0-5af45965 SM20_micro003_conf_3 localhost [ls17]
 0  4  6 | launched  ls17-0-5af45967 SM20_micro003_conf_4 localhost [ls17]
 0  5  5 | launched  ls17-1-5af45969 SM20_micro003_conf_5 localhost [ls17]
 0  6  4 | launched  ls17-0-5af4596c SM20_micro004_conf_1 localhost [ls17]
 0  7  3 | launched  ls17-2-5af4596e SM20_micro004_conf_2 localhost [ls17]
 0  8  2 | launched  ls17-2-5af45971 SM20_micro004_conf_3 localhost [ls17]
 0  9  1 | launched  ls17-2-5af45974 SM20_micro004_conf_4 localhost [ls17]
 0 10  0 | launched  ls17-0-5af45978 SM20_micro004_conf_5 localhost [ls17]
 1  9  0 | finished  ls17-2-5af45974 SM20_micro004_conf_4 localhost [ls17]
 2  8  0 | finished  ls17-1-5af45969 SM20_micro003_conf_5 localhost [ls17]
 3  7  0 | finished  ls17-0-5af45967 SM20_micro003_conf_4 localhost [ls17]
 4  6  0 | finished  ls17-0-5af45965 SM20_micro003_conf_3 localhost [ls17]
 5  5  0 | finished  ls17-0-5af4596c SM20_micro004_conf_1 localhost [ls17]
 6  4  0 | finished  ls17-2-5af45971 SM20_micro004_conf_3 localhost [ls17]
 7  3  0 | finished  ls17-0-5af45963 SM20_micro003_conf_2 localhost [ls17]
 8  2  0 | finished  ls17-0-5af45960 SM20_micro003_conf_1 localhost [ls17]
 9  1  0 | finished  ls17-2-5af4596e SM20_micro004_conf_2 localhost [ls17]
10  0  0 | finished  ls17-0-5af45978 SM20_micro004_conf_5 localhost [ls17]

All jobs have completed.

10 of 10 job(s) succeeded; 0 job(s) failed.

Timer (distribute subjobs) : 8416.35 secs (2 hrs, 20 mins, 16 secs)

Processing QM output files...

Executing subprocess:
/data/chodera/schrodinger/schrodinger2017-4-advanced/jaguar results -energy SM20_micro003_conf_1.nrg_h.out

Executing subprocess:
/data/chodera/schrodinger/schrodinger2017-4-advanced/jaguar results -esolv SM20_micro003_conf_1.sol_h.out

Executing subprocess:
/data/chodera/schrodinger/schrodinger2017-4-advanced/jaguar results -energy SM20_micro003_conf_2.nrg_h.out

Executing subprocess:
/data/chodera/schrodinger/schrodinger2017-4-advanced/jaguar results -esolv SM20_micro003_conf_2.sol_h.out

Executing subprocess:
/data/chodera/schrodinger/schrodinger2017-4-advanced/jaguar results -energy SM20_micro003_conf_3.nrg_h.out

Executing subprocess:
/data/chodera/schrodinger/schrodinger2017-4-advanced/jaguar results -esolv SM20_micro003_conf_3.sol_h.out

Executing subprocess:
/data/chodera/schrodinger/schrodinger2017-4-advanced/jaguar results -energy SM20_micro003_conf_4.nrg_h.out

Executing subprocess:
/data/chodera/schrodinger/schrodinger2017-4-advanced/jaguar results -esolv SM20_micro003_conf_4.sol_h.out

Executing subprocess:
/data/chodera/schrodinger/schrodinger2017-4-advanced/jaguar results -energy SM20_micro003_conf_5.nrg_h.out

Executing subprocess:
/data/chodera/schrodinger/schrodinger2017-4-advanced/jaguar results -esolv SM20_micro003_conf_5.sol_h.out

Executing subprocess:
/data/chodera/schrodinger/schrodinger2017-4-advanced/jaguar results -energy SM20_micro004_conf_1.nrg.out

Executing subprocess:
/data/chodera/schrodinger/schrodinger2017-4-advanced/jaguar results -esolv SM20_micro004_conf_1.sol.out

Executing subprocess:
/data/chodera/schrodinger/schrodinger2017-4-advanced/jaguar results -energy SM20_micro004_conf_2.nrg.out

Executing subprocess:
/data/chodera/schrodinger/schrodinger2017-4-advanced/jaguar results -esolv SM20_micro004_conf_2.sol.out

Executing subprocess:
/data/chodera/schrodinger/schrodinger2017-4-advanced/jaguar results -energy SM20_micro004_conf_3.nrg.out

Executing subprocess:
/data/chodera/schrodinger/schrodinger2017-4-advanced/jaguar results -esolv SM20_micro004_conf_3.sol.out

Executing subprocess:
/data/chodera/schrodinger/schrodinger2017-4-advanced/jaguar results -energy SM20_micro004_conf_4.nrg.out

Executing subprocess:
/data/chodera/schrodinger/schrodinger2017-4-advanced/jaguar results -esolv SM20_micro004_conf_4.sol.out

Executing subprocess:
/data/chodera/schrodinger/schrodinger2017-4-advanced/jaguar results -energy SM20_micro004_conf_5.nrg.out

Executing subprocess:
/data/chodera/schrodinger/schrodinger2017-4-advanced/jaguar results -esolv SM20_micro004_conf_5.sol.out

Executing subprocess:
/data/chodera/schrodinger/schrodinger2017-4-advanced/jaguar-v9.8/bin/Linux-x86_64/pka -o SM20_micro003_deprot-out.mae -j SM20_micro003.jres -n -d

Executing subprocess:
/data/chodera/schrodinger/schrodinger2017-4-advanced/jaguar-v9.8/bin/Linux-x86_64/pka -o SM20_micro003_prot-out.mae -j SM20_micro003.jres -n

pKa calculation for SM20_micro003 completed.

pKa workflow jag_SM20_micro003_SM20_micro004 completed.

Timer (Jaguar pKa) : 9100.75 secs (2 hrs, 31 mins, 40 secs)
Timer (jaguar_backend.py) : 9100.75 secs (2 hrs, 31 mins, 40 secs)
Finished:   Thu May 10 12:59:42 2018
