Taking protonated structures from:
SM18_micro002_conf_1.dft_h.01.mae
SM18_micro002_conf_2.dft_h.01.mae
SM18_micro002_conf_3.dft_h.01.mae
SM18_micro002_conf_4.dft_h.01.mae
SM18_micro002_conf_5.dft_h.01.mae
Taking deprotonated structures from:
SM18_micro005_conf_1.dft.01.mae
SM18_micro005_conf_2.dft.01.mae
SM18_micro005_conf_3.dft.01.mae
SM18_micro005_conf_4.dft.01.mae
SM18_micro005_conf_5.dft.01.mae

Corrected results for 'protonated' structure in water:
pKa atom: 40

 # 	                  Shell                   	 pKa 	RMSD	 Contribution
---	------------------------------------------	-----	-----	--------------
1: 	amide as acid                             	 9.67	0.903	    26.08%
2: 	Protonation of sp2-like aliphatic nitrogen	 8.97	1.751	    54.57%
3: 	Protonation of generic atom               	 9.06	2.264	    19.36%

 Final weighted pKa value is 9.17



