Command:    jaguar run pka.py -jobname jag_SM19_micro006_SM19_micro015 -PARALLEL 10 -n -csrch -prot SM19_micro006.in -deprot SM19_micro015.in
Release:    2017-4
Exec:       /data/chodera/schrodinger/schrodinger2017-4-advanced/jaguar-v9.8/bin/Linux-x86_64
Host:       ls07
JobId:      lilac-0-5aecc1c6
JobDir:     /lila/data/chodera/schrodinger/tmpdir/rustenburg/jag_SM19_micro006_SM19_micro015
Date:       Fri May  4 16:53:11 2018

Contents of /lila/data/chodera/schrodinger/tmpdir/rustenburg/jag_SM19_micro006_SM19_micro015:
/lila/data/chodera/schrodinger/tmpdir/rustenburg/jag_SM19_micro006_SM19_micro015/jag_SM19_micro006_SM19_micro015.log
/lila/data/chodera/schrodinger/tmpdir/rustenburg/jag_SM19_micro006_SM19_micro015/lilac-0-5aecc1c6.recover
/lila/data/chodera/schrodinger/tmpdir/rustenburg/jag_SM19_micro006_SM19_micro015/lilac-0-5aecc1c6.hosts
/lila/data/chodera/schrodinger/tmpdir/rustenburg/jag_SM19_micro006_SM19_micro015/lilac-0-5aecc1c6.mpinodes
/lila/data/chodera/schrodinger/tmpdir/rustenburg/jag_SM19_micro006_SM19_micro015/lilac-0-5aecc1c6
/lila/data/chodera/schrodinger/tmpdir/rustenburg/jag_SM19_micro006_SM19_micro015/SM19_micro015.in
/lila/data/chodera/schrodinger/tmpdir/rustenburg/jag_SM19_micro006_SM19_micro015/SM19_micro015.mae
/lila/data/chodera/schrodinger/tmpdir/rustenburg/jag_SM19_micro006_SM19_micro015/lilac-0-5aecc1c6.jlog
/lila/data/chodera/schrodinger/tmpdir/rustenburg/jag_SM19_micro006_SM19_micro015/SM19_micro006.mae
/lila/data/chodera/schrodinger/tmpdir/rustenburg/jag_SM19_micro006_SM19_micro015/lilac-0-5aecc1c6.nodes
/lila/data/chodera/schrodinger/tmpdir/rustenburg/jag_SM19_micro006_SM19_micro015/SM19_micro006.in
/lila/data/chodera/schrodinger/tmpdir/rustenburg/jag_SM19_micro006_SM19_micro015/jag_SM19_micro006_SM19_micro015.recover

=====================
 Jaguar pKa workflow
=====================

Analysing user-provided (prot, deprot) pair:
(SM19_micro006.in, SM19_micro015.in)
Found labile hydrogen 35 in SM19_micro006.in
Found labile hydrogen at atom 16 in SM19_micro015.in
Adding 'ipkat' keyword to input files.

Identifying pKa functional group for pair:
(SM19_micro006, SM19_micro015)

Executing subprocess:
/data/chodera/schrodinger/schrodinger2017-4-advanced/jaguar-v9.8/bin/Linux-x86_64/pka -i -j SM19_micro006.tmp.jres -n

Taking protonated structures from:
SM19_micro006.mae
Taking deprotonated structures from:
SM19_micro015.mae

This molecule from 'SM19_micro006.mae' in water was recognized as:

 # 	                 Shell                  
---	----------------------------------------
1: 	mono keto CH acid                       
2: 	Protonation of generic atom             
3: 	aliphatic CH acid in water              
4: 	Protonation of sp2-like aliphatic carbon


Executing conformational search...

Executing 2 distributed subjobs:
---------------------------------

No more than 8 cpu(s) will be used per subjob.
No more than 10 cpu(s) will be used simultaneously.

Processing the following subjobs:
(1) jaguar run csrch.py SM19_micro006.mae -jobname SM19_micro006 -max_conf 5 -erg_window 50.208 -acc_level 1 -TPP 5
(2) jaguar run csrch.py SM19_micro015.mae -jobname SM19_micro015 -max_conf 5 -erg_window 50.208 -acc_level 1 -TPP 5

Running subjobs on hosts:
  lsf-cpu (Max: 2)
Number of jobs:       2
Max retries per job:  3
Max allowed failures: unlimited
Run with -LOCAL:      False
Verbosity:            normal

Starting JobDJ...

Keep one job on driver host: False
JobDJ columns:
  C: Number of completed subjobs
  A: Number of active subjobs (e.g., submitted, running)
  W: Number of waiting/pending subjobs

C A W | Activity  JobId  JobName  JobHost
- - - | --------- -----------------------
0 1 1 | launched  ls07-0-5aecc83d SM19_micro006 lsf-cpu
0 2 0 | launched  ls07-0-5aecc840 SM19_micro015 lsf-cpu
1 1 0 | finished  ls07-0-5aecc840 SM19_micro015 lsf-cpu [ls15]
2 0 0 | finished  ls07-0-5aecc83d SM19_micro006 lsf-cpu [ls14]

All jobs have completed.

2 of 2 job(s) succeeded; 0 job(s) failed.

Timer (distribute subjobs) : 8646.36 secs (2 hrs, 24 mins, 06 secs)

Setting up QM workflow for (protonated, deprotonated) pair:
(1) (SM19_micro006, SM19_micro015)

Executing Jaguar quantum-mechanical subjobs...

Executing 10 distributed subjobs:
----------------------------------

No more than 8 cpu(s) will be used per subjob.
No more than 10 cpu(s) will be used simultaneously.

Processing the following subjobs:
(1) jaguar run pka_prot.bat -jobname SM19_micro006_conf_1 SM19_micro006_conf_1.in
(2) jaguar run pka_prot.bat -jobname SM19_micro006_conf_2 SM19_micro006_conf_2.in
(3) jaguar run pka_prot.bat -jobname SM19_micro006_conf_3 SM19_micro006_conf_3.in
(4) jaguar run pka_prot.bat -jobname SM19_micro006_conf_4 SM19_micro006_conf_4.in
(5) jaguar run pka_prot.bat -jobname SM19_micro006_conf_5 SM19_micro006_conf_5.in
(6) jaguar run pka_deprot.bat -jobname SM19_micro015_conf_1 SM19_micro015_conf_1.in
(7) jaguar run pka_deprot.bat -jobname SM19_micro015_conf_2 SM19_micro015_conf_2.in
(8) jaguar run pka_deprot.bat -jobname SM19_micro015_conf_3 SM19_micro015_conf_3.in
(9) jaguar run pka_deprot.bat -jobname SM19_micro015_conf_4 SM19_micro015_conf_4.in
(10) jaguar run pka_deprot.bat -jobname SM19_micro015_conf_5 SM19_micro015_conf_5.in

Running subjobs on hosts:
  lsf-cpu (Max: 10)
Number of jobs:       10
Max retries per job:  3
Max allowed failures: unlimited
Run with -LOCAL:      False
Verbosity:            normal

Starting JobDJ...

Keep one job on driver host: True
JobDJ columns:
  C: Number of completed subjobs
  A: Number of active subjobs (e.g., submitted, running)
  W: Number of waiting/pending subjobs

 C  A  W | Activity  JobId  JobName  JobHost
-- -- -- | --------- -----------------------
 0  1  9 | launched  ls07-0-5aecea05 SM19_micro006_conf_1 localhost [ls07]
 0  2  8 | launched  ls07-0-5aecea08 SM19_micro006_conf_2 lsf-cpu
 0  3  7 | launched  ls07-1-5aecea0b SM19_micro006_conf_3 lsf-cpu
 0  4  6 | launched  ls07-0-5aecea0f SM19_micro006_conf_4 lsf-cpu
 0  5  5 | launched  ls07-0-5aecea12 SM19_micro006_conf_5 lsf-cpu
 0  6  4 | launched  ls07-0-5aecea16 SM19_micro015_conf_1 lsf-cpu
 0  7  3 | launched  ls07-0-5aecea1a SM19_micro015_conf_2 lsf-cpu
 0  8  2 | launched  ls07-0-5aecea1f SM19_micro015_conf_3 lsf-cpu
 0  9  1 | launched  ls07-0-5aecea23 SM19_micro015_conf_4 lsf-cpu
 0 10  0 | launched  ls07-0-5aecea27 SM19_micro015_conf_5 lsf-cpu
 1  9  0 | finished  ls07-0-5aecea05 SM19_micro006_conf_1 localhost [ls07]
 2  8  0 | finished  ls07-0-5aecea12 SM19_micro006_conf_5 lsf-cpu [ls12]
 3  7  0 | finished  ls07-0-5aecea23 SM19_micro015_conf_4 lsf-cpu [lt01]
 4  6  0 | finished  ls07-0-5aecea1f SM19_micro015_conf_3 lsf-cpu [lt01]
 5  5  0 | finished  ls07-1-5aecea0b SM19_micro006_conf_3 lsf-cpu [ls13]
 6  4  0 | finished  ls07-0-5aecea16 SM19_micro015_conf_1 lsf-cpu [ls12]
 7  3  0 | finished  ls07-0-5aecea1a SM19_micro015_conf_2 lsf-cpu [ls12]
 8  2  0 | finished  ls07-0-5aecea27 SM19_micro015_conf_5 lsf-cpu [lt14]
 9  1  0 | finished  ls07-0-5aecea08 SM19_micro006_conf_2 lsf-cpu [ls13]
10  0  0 | finished  ls07-0-5aecea0f SM19_micro006_conf_4 lsf-cpu [ls13]

All jobs have completed.

10 of 10 job(s) succeeded; 0 job(s) failed.

Timer (distribute subjobs) : 8683.89 secs (2 hrs, 24 mins, 43 secs)

Processing QM output files...

Executing subprocess:
/data/chodera/schrodinger/schrodinger2017-4-advanced/jaguar results -energy SM19_micro006_conf_1.nrg_h.out

Executing subprocess:
/data/chodera/schrodinger/schrodinger2017-4-advanced/jaguar results -esolv SM19_micro006_conf_1.sol_h.out

Executing subprocess:
/data/chodera/schrodinger/schrodinger2017-4-advanced/jaguar results -energy SM19_micro006_conf_2.nrg_h.out

Executing subprocess:
/data/chodera/schrodinger/schrodinger2017-4-advanced/jaguar results -esolv SM19_micro006_conf_2.sol_h.out

Executing subprocess:
/data/chodera/schrodinger/schrodinger2017-4-advanced/jaguar results -energy SM19_micro006_conf_3.nrg_h.out

Executing subprocess:
/data/chodera/schrodinger/schrodinger2017-4-advanced/jaguar results -esolv SM19_micro006_conf_3.sol_h.out

Executing subprocess:
/data/chodera/schrodinger/schrodinger2017-4-advanced/jaguar results -energy SM19_micro006_conf_4.nrg_h.out

Executing subprocess:
/data/chodera/schrodinger/schrodinger2017-4-advanced/jaguar results -esolv SM19_micro006_conf_4.sol_h.out

Executing subprocess:
/data/chodera/schrodinger/schrodinger2017-4-advanced/jaguar results -energy SM19_micro006_conf_5.nrg_h.out

Executing subprocess:
/data/chodera/schrodinger/schrodinger2017-4-advanced/jaguar results -esolv SM19_micro006_conf_5.sol_h.out

Executing subprocess:
/data/chodera/schrodinger/schrodinger2017-4-advanced/jaguar results -energy SM19_micro015_conf_1.nrg.out

Executing subprocess:
/data/chodera/schrodinger/schrodinger2017-4-advanced/jaguar results -esolv SM19_micro015_conf_1.sol.out

Executing subprocess:
/data/chodera/schrodinger/schrodinger2017-4-advanced/jaguar results -energy SM19_micro015_conf_2.nrg.out

Executing subprocess:
/data/chodera/schrodinger/schrodinger2017-4-advanced/jaguar results -esolv SM19_micro015_conf_2.sol.out

Executing subprocess:
/data/chodera/schrodinger/schrodinger2017-4-advanced/jaguar results -energy SM19_micro015_conf_3.nrg.out

Executing subprocess:
/data/chodera/schrodinger/schrodinger2017-4-advanced/jaguar results -esolv SM19_micro015_conf_3.sol.out

Executing subprocess:
/data/chodera/schrodinger/schrodinger2017-4-advanced/jaguar results -energy SM19_micro015_conf_4.nrg.out

Executing subprocess:
/data/chodera/schrodinger/schrodinger2017-4-advanced/jaguar results -esolv SM19_micro015_conf_4.sol.out

Executing subprocess:
/data/chodera/schrodinger/schrodinger2017-4-advanced/jaguar results -energy SM19_micro015_conf_5.nrg.out

Executing subprocess:
/data/chodera/schrodinger/schrodinger2017-4-advanced/jaguar results -esolv SM19_micro015_conf_5.sol.out

Executing subprocess:
/data/chodera/schrodinger/schrodinger2017-4-advanced/jaguar-v9.8/bin/Linux-x86_64/pka -o SM19_micro006_deprot-out.mae -j SM19_micro006.jres -n -d

Executing subprocess:
/data/chodera/schrodinger/schrodinger2017-4-advanced/jaguar-v9.8/bin/Linux-x86_64/pka -o SM19_micro006_prot-out.mae -j SM19_micro006.jres -n

pKa calculation for SM19_micro006 completed.

pKa workflow jag_SM19_micro006_SM19_micro015 completed.

Timer (Jaguar pKa) : 17488.53 secs (4 hrs, 51 mins, 28 secs)
Timer (jaguar_backend.py) : 17488.53 secs (4 hrs, 51 mins, 28 secs)
Finished:   Fri May  4 21:44:40 2018
