Command:    jaguar run pka.py -jobname jag_SM18_micro076_SM18_micro004 -PARALLEL 10 -WAIT -n -csrch -prot SM18_micro076.in -deprot SM18_micro004.in
Release:    2017-4
Exec:       /data/chodera/schrodinger/schrodinger2017-4-advanced/jaguar-v9.8/bin/Linux-x86_64
Host:       lt08
JobId:      lt08-2-5af455f6
JobDir:     /lila/data/chodera/schrodinger/tmpdir/rustenburg/jag_SM18_micro076_SM18_micro004.1
Date:       Thu May 10 10:23:53 2018

Contents of /lila/data/chodera/schrodinger/tmpdir/rustenburg/jag_SM18_micro076_SM18_micro004.1:
/lila/data/chodera/schrodinger/tmpdir/rustenburg/jag_SM18_micro076_SM18_micro004.1/jag_SM18_micro076_SM18_micro004.log
/lila/data/chodera/schrodinger/tmpdir/rustenburg/jag_SM18_micro076_SM18_micro004.1/SM18_micro004.in
/lila/data/chodera/schrodinger/tmpdir/rustenburg/jag_SM18_micro076_SM18_micro004.1/lt08-2-5af455f6.mpinodes
/lila/data/chodera/schrodinger/tmpdir/rustenburg/jag_SM18_micro076_SM18_micro004.1/SM18_micro004.mae
/lila/data/chodera/schrodinger/tmpdir/rustenburg/jag_SM18_micro076_SM18_micro004.1/jag_SM18_micro076_SM18_micro004.recover
/lila/data/chodera/schrodinger/tmpdir/rustenburg/jag_SM18_micro076_SM18_micro004.1/lt08-2-5af455f6.recover
/lila/data/chodera/schrodinger/tmpdir/rustenburg/jag_SM18_micro076_SM18_micro004.1/SM18_micro076.in
/lila/data/chodera/schrodinger/tmpdir/rustenburg/jag_SM18_micro076_SM18_micro004.1/SM18_micro076.mae
/lila/data/chodera/schrodinger/tmpdir/rustenburg/jag_SM18_micro076_SM18_micro004.1/lt08-2-5af455f6

=====================
 Jaguar pKa workflow
=====================

Analysing user-provided (prot, deprot) pair:
(SM18_micro076.in, SM18_micro004.in)
Found labile hydrogen 31 in SM18_micro076.in
Found labile hydrogen at atom 8 in SM18_micro004.in
Adding 'ipkat' keyword to input files.

Identifying pKa functional group for pair:
(SM18_micro076, SM18_micro004)

Executing subprocess:
/data/chodera/schrodinger/schrodinger2017-4-advanced/jaguar-v9.8/bin/Linux-x86_64/pka -i -j SM18_micro076.tmp.jres -n

Taking protonated structures from:
SM18_micro076.mae
Taking deprotonated structures from:
SM18_micro004.mae

This molecule from 'SM18_micro076.mae' in water was recognized as:

 # 	            Shell             
---	------------------------------
1: 	protonation of O=Het          
2: 	Protonation of generic atom   
3: 	Protonation of sp2-like oxygen


Executing conformational search...

Executing 2 distributed subjobs:
---------------------------------

No more than 8 cpu(s) will be used per subjob.
No more than 10 cpu(s) will be used simultaneously.

Processing the following subjobs:
(1) jaguar run csrch.py SM18_micro076.mae -jobname SM18_micro076 -max_conf 5 -erg_window 50.208 -acc_level 1 -TPP 5
(2) jaguar run csrch.py SM18_micro004.mae -jobname SM18_micro004 -max_conf 5 -erg_window 50.208 -acc_level 1 -TPP 5

Running subjobs on hosts:
  localhost (Max: 2)
Number of jobs:       2
Max retries per job:  3
Max allowed failures: unlimited
Run with -LOCAL:      False
Verbosity:            normal

Starting JobDJ...

Keep one job on driver host: False
JobDJ columns:
  C: Number of completed subjobs
  A: Number of active subjobs (e.g., submitted, running)
  W: Number of waiting/pending subjobs

C A W | Activity  JobId  JobName  JobHost
- - - | --------- -----------------------
0 1 1 | launched  lt08-3-5af455fd SM18_micro076 localhost [lt08]
0 2 0 | launched  lt08-1-5af45600 SM18_micro004 localhost [lt08]
1 1 0 | finished  lt08-1-5af45600 SM18_micro004 localhost [lt08]
2 0 0 | finished  lt08-3-5af455fd SM18_micro076 localhost [lt08]

All jobs have completed.

2 of 2 job(s) succeeded; 0 job(s) failed.

Timer (distribute subjobs) : 1751.23 secs (0 hrs, 29 mins, 11 secs)

Setting up QM workflow for (protonated, deprotonated) pair:
(1) (SM18_micro076, SM18_micro004)

Executing Jaguar quantum-mechanical subjobs...

Executing 10 distributed subjobs:
----------------------------------

No more than 8 cpu(s) will be used per subjob.
No more than 10 cpu(s) will be used simultaneously.

Processing the following subjobs:
(1) jaguar run pka_prot.bat -jobname SM18_micro076_conf_1 SM18_micro076_conf_1.in
(2) jaguar run pka_prot.bat -jobname SM18_micro076_conf_2 SM18_micro076_conf_2.in
(3) jaguar run pka_prot.bat -jobname SM18_micro076_conf_3 SM18_micro076_conf_3.in
(4) jaguar run pka_prot.bat -jobname SM18_micro076_conf_4 SM18_micro076_conf_4.in
(5) jaguar run pka_prot.bat -jobname SM18_micro076_conf_5 SM18_micro076_conf_5.in
(6) jaguar run pka_deprot.bat -jobname SM18_micro004_conf_1 SM18_micro004_conf_1.in
(7) jaguar run pka_deprot.bat -jobname SM18_micro004_conf_2 SM18_micro004_conf_2.in
(8) jaguar run pka_deprot.bat -jobname SM18_micro004_conf_3 SM18_micro004_conf_3.in
(9) jaguar run pka_deprot.bat -jobname SM18_micro004_conf_4 SM18_micro004_conf_4.in
(10) jaguar run pka_deprot.bat -jobname SM18_micro004_conf_5 SM18_micro004_conf_5.in

Running subjobs on hosts:
  localhost (Max: 10)
Number of jobs:       10
Max retries per job:  3
Max allowed failures: unlimited
Run with -LOCAL:      False
Verbosity:            normal

Starting JobDJ...

Keep one job on driver host: False
JobDJ columns:
  C: Number of completed subjobs
  A: Number of active subjobs (e.g., submitted, running)
  W: Number of waiting/pending subjobs

 C  A  W | Activity  JobId  JobName  JobHost
-- -- -- | --------- -----------------------
 0  1  9 | launched  lt08-0-5af45cdb SM18_micro076_conf_1 localhost [lt08]
 0  2  8 | launched  lt08-0-5af45cde SM18_micro076_conf_2 localhost [lt08]
 0  3  7 | launched  lt08-0-5af45ce1 SM18_micro076_conf_3 localhost [lt08]
 0  4  6 | launched  lt08-1-5af45ce3 SM18_micro076_conf_4 localhost [lt08]
 0  5  5 | launched  lt08-0-5af45ce6 SM18_micro076_conf_5 localhost [lt08]
 0  6  4 | launched  lt08-0-5af45ce8 SM18_micro004_conf_1 localhost [lt08]
 0  7  3 | launched  lt08-0-5af45ceb SM18_micro004_conf_2 localhost [lt08]
 0  8  2 | launched  lt08-0-5af45ced SM18_micro004_conf_3 localhost [lt08]
 0  9  1 | launched  lt08-1-5af45cf1 SM18_micro004_conf_4 localhost [lt08]
 0 10  0 | launched  lt08-0-5af45cf6 SM18_micro004_conf_5 localhost [lt08]
 1  9  0 | finished  lt08-1-5af45ce3 SM18_micro076_conf_4 localhost [lt08]
 2  8  0 | finished  lt08-0-5af45ce6 SM18_micro076_conf_5 localhost [lt08]
 3  7  0 | finished  lt08-0-5af45cde SM18_micro076_conf_2 localhost [lt08]
 4  6  0 | finished  lt08-0-5af45ce1 SM18_micro076_conf_3 localhost [lt08]
 5  5  0 | finished  lt08-0-5af45cf6 SM18_micro004_conf_5 localhost [lt08]
 6  4  0 | finished  lt08-0-5af45ced SM18_micro004_conf_3 localhost [lt08]
 7  3  0 | finished  lt08-0-5af45ce8 SM18_micro004_conf_1 localhost [lt08]
 8  2  0 | finished  lt08-0-5af45cdb SM18_micro076_conf_1 localhost [lt08]
 9  1  0 | finished  lt08-0-5af45ceb SM18_micro004_conf_2 localhost [lt08]
10  0  0 | finished  lt08-1-5af45cf1 SM18_micro004_conf_4 localhost [lt08]

All jobs have completed.

10 of 10 job(s) succeeded; 0 job(s) failed.

Timer (distribute subjobs) : 17086.38 secs (4 hrs, 44 mins, 46 secs)

Processing QM output files...

Executing subprocess:
/data/chodera/schrodinger/schrodinger2017-4-advanced/jaguar results -energy SM18_micro076_conf_1.nrg_h.out

Executing subprocess:
/data/chodera/schrodinger/schrodinger2017-4-advanced/jaguar results -esolv SM18_micro076_conf_1.sol_h.out

Executing subprocess:
/data/chodera/schrodinger/schrodinger2017-4-advanced/jaguar results -energy SM18_micro076_conf_2.nrg_h.out

Executing subprocess:
/data/chodera/schrodinger/schrodinger2017-4-advanced/jaguar results -esolv SM18_micro076_conf_2.sol_h.out

Executing subprocess:
/data/chodera/schrodinger/schrodinger2017-4-advanced/jaguar results -energy SM18_micro076_conf_3.nrg_h.out

Executing subprocess:
/data/chodera/schrodinger/schrodinger2017-4-advanced/jaguar results -esolv SM18_micro076_conf_3.sol_h.out

Executing subprocess:
/data/chodera/schrodinger/schrodinger2017-4-advanced/jaguar results -energy SM18_micro076_conf_4.nrg_h.out

Executing subprocess:
/data/chodera/schrodinger/schrodinger2017-4-advanced/jaguar results -esolv SM18_micro076_conf_4.sol_h.out

Executing subprocess:
/data/chodera/schrodinger/schrodinger2017-4-advanced/jaguar results -energy SM18_micro076_conf_5.nrg_h.out

Executing subprocess:
/data/chodera/schrodinger/schrodinger2017-4-advanced/jaguar results -esolv SM18_micro076_conf_5.sol_h.out

Executing subprocess:
/data/chodera/schrodinger/schrodinger2017-4-advanced/jaguar results -energy SM18_micro004_conf_1.nrg.out

Executing subprocess:
/data/chodera/schrodinger/schrodinger2017-4-advanced/jaguar results -esolv SM18_micro004_conf_1.sol.out

Executing subprocess:
/data/chodera/schrodinger/schrodinger2017-4-advanced/jaguar results -energy SM18_micro004_conf_2.nrg.out

Executing subprocess:
/data/chodera/schrodinger/schrodinger2017-4-advanced/jaguar results -esolv SM18_micro004_conf_2.sol.out

Executing subprocess:
/data/chodera/schrodinger/schrodinger2017-4-advanced/jaguar results -energy SM18_micro004_conf_3.nrg.out

Executing subprocess:
/data/chodera/schrodinger/schrodinger2017-4-advanced/jaguar results -esolv SM18_micro004_conf_3.sol.out

Executing subprocess:
/data/chodera/schrodinger/schrodinger2017-4-advanced/jaguar results -energy SM18_micro004_conf_4.nrg.out

Executing subprocess:
/data/chodera/schrodinger/schrodinger2017-4-advanced/jaguar results -esolv SM18_micro004_conf_4.sol.out

Executing subprocess:
/data/chodera/schrodinger/schrodinger2017-4-advanced/jaguar results -energy SM18_micro004_conf_5.nrg.out

Executing subprocess:
/data/chodera/schrodinger/schrodinger2017-4-advanced/jaguar results -esolv SM18_micro004_conf_5.sol.out

Executing subprocess:
/data/chodera/schrodinger/schrodinger2017-4-advanced/jaguar-v9.8/bin/Linux-x86_64/pka -o SM18_micro076_deprot-out.mae -j SM18_micro076.jres -n -d

Executing subprocess:
/data/chodera/schrodinger/schrodinger2017-4-advanced/jaguar-v9.8/bin/Linux-x86_64/pka -o SM18_micro076_prot-out.mae -j SM18_micro076.jres -n

pKa calculation for SM18_micro076 completed.

pKa workflow jag_SM18_micro076_SM18_micro004 completed.

Timer (Jaguar pKa) : 18918.36 secs (5 hrs, 15 mins, 18 secs)
Timer (jaguar_backend.py) : 18918.36 secs (5 hrs, 15 mins, 18 secs)
Finished:   Thu May 10 15:39:11 2018
