Command:    jaguar run pka.py -jobname jag_SM08_micro011_SM08_micro006 -PARALLEL 10 -WAIT -n -csrch -prot SM08_micro011.in -deprot SM08_micro006.in
Release:    2017-4
Exec:       /data/chodera/schrodinger/schrodinger2017-4-advanced/jaguar-v9.8/bin/Linux-x86_64
Host:       lt07
JobId:      lt02-7-5af3624d
JobDir:     /lila/data/chodera/schrodinger/tmpdir/rustenburg/jag_SM08_micro011_SM08_micro006.1
Date:       Wed May  9 17:04:44 2018

Contents of /lila/data/chodera/schrodinger/tmpdir/rustenburg/jag_SM08_micro011_SM08_micro006.1:
/lila/data/chodera/schrodinger/tmpdir/rustenburg/jag_SM08_micro011_SM08_micro006.1/lt02-7-5af3624d.recover
/lila/data/chodera/schrodinger/tmpdir/rustenburg/jag_SM08_micro011_SM08_micro006.1/SM08_micro011.mae
/lila/data/chodera/schrodinger/tmpdir/rustenburg/jag_SM08_micro011_SM08_micro006.1/lt02-7-5af3624d.hosts
/lila/data/chodera/schrodinger/tmpdir/rustenburg/jag_SM08_micro011_SM08_micro006.1/lt02-7-5af3624d.mpinodes
/lila/data/chodera/schrodinger/tmpdir/rustenburg/jag_SM08_micro011_SM08_micro006.1/lt02-7-5af3624d.nodes
/lila/data/chodera/schrodinger/tmpdir/rustenburg/jag_SM08_micro011_SM08_micro006.1/SM08_micro006.mae
/lila/data/chodera/schrodinger/tmpdir/rustenburg/jag_SM08_micro011_SM08_micro006.1/SM08_micro011.in
/lila/data/chodera/schrodinger/tmpdir/rustenburg/jag_SM08_micro011_SM08_micro006.1/lt02-7-5af3624d.jlog
/lila/data/chodera/schrodinger/tmpdir/rustenburg/jag_SM08_micro011_SM08_micro006.1/lt02-7-5af3624d
/lila/data/chodera/schrodinger/tmpdir/rustenburg/jag_SM08_micro011_SM08_micro006.1/jag_SM08_micro011_SM08_micro006.recover
/lila/data/chodera/schrodinger/tmpdir/rustenburg/jag_SM08_micro011_SM08_micro006.1/jag_SM08_micro011_SM08_micro006.log
/lila/data/chodera/schrodinger/tmpdir/rustenburg/jag_SM08_micro011_SM08_micro006.1/SM08_micro006.in

=====================
 Jaguar pKa workflow
=====================

Analysing user-provided (prot, deprot) pair:
(SM08_micro011.in, SM08_micro006.in)
Found labile hydrogen 36 in SM08_micro011.in
Found labile hydrogen at atom 16 in SM08_micro006.in
Adding 'ipkat' keyword to input files.

Identifying pKa functional group for pair:
(SM08_micro011, SM08_micro006)

Executing subprocess:
/data/chodera/schrodinger/schrodinger2017-4-advanced/jaguar-v9.8/bin/Linux-x86_64/pka -i -j SM08_micro011.tmp.jres -n

Taking protonated structures from:
SM08_micro011.mae
Taking deprotonated structures from:
SM08_micro006.mae

This molecule from 'SM08_micro011.mae' in water was recognized as:

 # 	             Shell             
---	-------------------------------
1: 	carboxylic acid                
2: 	carboxylic acid, non-conjugated
3: 	Protonation of generic atom    
4: 	Protonation of sp2-like oxygen 


Executing conformational search...

Executing 2 distributed subjobs:
---------------------------------

No more than 8 cpu(s) will be used per subjob.
No more than 10 cpu(s) will be used simultaneously.

Processing the following subjobs:
(1) jaguar run csrch.py SM08_micro011.mae -jobname SM08_micro011 -max_conf 5 -erg_window 50.208 -acc_level 1 -TPP 5
(2) jaguar run csrch.py SM08_micro006.mae -jobname SM08_micro006 -max_conf 5 -erg_window 50.208 -acc_level 1 -TPP 5

Running subjobs on hosts:
  lsf-cpu (Max: 2)
Number of jobs:       2
Max retries per job:  3
Max allowed failures: unlimited
Run with -LOCAL:      False
Verbosity:            normal

Starting JobDJ...

Keep one job on driver host: False
JobDJ columns:
  C: Number of completed subjobs
  A: Number of active subjobs (e.g., submitted, running)
  W: Number of waiting/pending subjobs

C A W | Activity  JobId  JobName  JobHost
- - - | --------- -----------------------
0 1 1 | launched  lt07-4-5af3627a SM08_micro011 lsf-cpu
0 2 0 | launched  lt07-3-5af36283 SM08_micro006 lsf-cpu
1 1 0 | finished  lt07-4-5af3627a SM08_micro011 lsf-cpu
2 0 0 | finished  lt07-3-5af36283 SM08_micro006 lsf-cpu

All jobs have completed.

2 of 2 job(s) succeeded; 0 job(s) failed.

Timer (distribute subjobs) : 556.78 secs (0 hrs, 09 mins, 16 secs)

Setting up QM workflow for (protonated, deprotonated) pair:
(1) (SM08_micro011, SM08_micro006)

Executing Jaguar quantum-mechanical subjobs...

Executing 6 distributed subjobs:
---------------------------------

No more than 8 cpu(s) will be used per subjob.
No more than 10 cpu(s) will be used simultaneously.

Processing the following subjobs:
(1) jaguar run pka_prot.bat -jobname SM08_micro011_conf_1 SM08_micro011_conf_1.in -TPP 2
(2) jaguar run pka_prot.bat -jobname SM08_micro011_conf_2 SM08_micro011_conf_2.in -TPP 2
(3) jaguar run pka_prot.bat -jobname SM08_micro011_conf_3 SM08_micro011_conf_3.in -TPP 2
(4) jaguar run pka_prot.bat -jobname SM08_micro011_conf_4 SM08_micro011_conf_4.in -TPP 2
(5) jaguar run pka_prot.bat -jobname SM08_micro011_conf_5 SM08_micro011_conf_5.in
(6) jaguar run pka_deprot.bat -jobname SM08_micro006_conf SM08_micro006_conf.in

Running subjobs on hosts:
  lsf-cpu (Max: 6)
Number of jobs:       6
Max retries per job:  3
Max allowed failures: unlimited
Run with -LOCAL:      False
Verbosity:            normal

Starting JobDJ...

Keep one job on driver host: False
JobDJ columns:
  C: Number of completed subjobs
  A: Number of active subjobs (e.g., submitted, running)
  W: Number of waiting/pending subjobs

C A W | Activity  JobId  JobName  JobHost
- - - | --------- -----------------------
0 1 5 | launched  lt07-0-5af36516 SM08_micro011_conf_1 lsf-cpu
0 2 4 | launched  lt07-2-5af36585 SM08_micro011_conf_2 lsf-cpu
0 3 3 | launched  lt07-1-5af365a1 SM08_micro011_conf_3 lsf-cpu
0 4 2 | launched  lt07-0-5af365c1 SM08_micro011_conf_4 lsf-cpu
0 5 1 | launched  lt07-0-5af365f2 SM08_micro011_conf_5 lsf-cpu
0 6 0 | launched  lt07-3-5af3662a SM08_micro006_conf lsf-cpu
1 5 0 | finished  lt07-2-5af36585 SM08_micro011_conf_2 lsf-cpu [ls01]
2 4 0 | finished  lt07-0-5af365c1 SM08_micro011_conf_4 lsf-cpu [lt02]
3 3 0 | finished  lt07-1-5af365a1 SM08_micro011_conf_3 lsf-cpu [lt02]
4 2 0 | finished  lt07-0-5af36516 SM08_micro011_conf_1 lsf-cpu [ls01]
5 1 0 | finished  lt07-3-5af3662a SM08_micro006_conf lsf-cpu [lt02]
6 0 0 | finished  lt07-0-5af365f2 SM08_micro011_conf_5 lsf-cpu [lt07]

All jobs have completed.

6 of 6 job(s) succeeded; 0 job(s) failed.

Timer (distribute subjobs) : 5016.31 secs (1 hrs, 23 mins, 36 secs)

Processing QM output files...

Executing subprocess:
/data/chodera/schrodinger/schrodinger2017-4-advanced/jaguar results -energy SM08_micro011_conf_1.nrg_h.out

Executing subprocess:
/data/chodera/schrodinger/schrodinger2017-4-advanced/jaguar results -esolv SM08_micro011_conf_1.sol_h.out

Executing subprocess:
/data/chodera/schrodinger/schrodinger2017-4-advanced/jaguar results -energy SM08_micro011_conf_2.nrg_h.out

Executing subprocess:
/data/chodera/schrodinger/schrodinger2017-4-advanced/jaguar results -esolv SM08_micro011_conf_2.sol_h.out

Executing subprocess:
/data/chodera/schrodinger/schrodinger2017-4-advanced/jaguar results -energy SM08_micro011_conf_3.nrg_h.out

Executing subprocess:
/data/chodera/schrodinger/schrodinger2017-4-advanced/jaguar results -esolv SM08_micro011_conf_3.sol_h.out

Executing subprocess:
/data/chodera/schrodinger/schrodinger2017-4-advanced/jaguar results -energy SM08_micro011_conf_4.nrg_h.out

Executing subprocess:
/data/chodera/schrodinger/schrodinger2017-4-advanced/jaguar results -esolv SM08_micro011_conf_4.sol_h.out

Executing subprocess:
/data/chodera/schrodinger/schrodinger2017-4-advanced/jaguar results -energy SM08_micro011_conf_5.nrg_h.out

Executing subprocess:
/data/chodera/schrodinger/schrodinger2017-4-advanced/jaguar results -esolv SM08_micro011_conf_5.sol_h.out

Executing subprocess:
/data/chodera/schrodinger/schrodinger2017-4-advanced/jaguar results -energy SM08_micro006_conf.nrg.out

Executing subprocess:
/data/chodera/schrodinger/schrodinger2017-4-advanced/jaguar results -esolv SM08_micro006_conf.sol.out

Executing subprocess:
/data/chodera/schrodinger/schrodinger2017-4-advanced/jaguar-v9.8/bin/Linux-x86_64/pka -o SM08_micro011_deprot-out.mae -j SM08_micro011.jres -n -d

Executing subprocess:
/data/chodera/schrodinger/schrodinger2017-4-advanced/jaguar-v9.8/bin/Linux-x86_64/pka -o SM08_micro011_prot-out.mae -j SM08_micro011.jres -n

pKa calculation for SM08_micro011 completed.

pKa workflow jag_SM08_micro011_SM08_micro006 completed.

Timer (Jaguar pKa) : 5649.31 secs (1 hrs, 34 mins, 09 secs)
Timer (jaguar_backend.py) : 5649.31 secs (1 hrs, 34 mins, 09 secs)
Finished:   Wed May  9 18:38:54 2018
