Command:    jaguar run pka.py -jobname jag_SM18_micro076_SM18_micro031 -PARALLEL 10 -n -csrch -prot SM18_micro076.in -deprot SM18_micro031.in
Release:    2017-4
Exec:       /data/chodera/schrodinger/schrodinger2017-4-advanced/jaguar-v9.8/bin/Linux-x86_64
Host:       lt05
JobId:      lilac-0-5aecaf6e
JobDir:     /lila/data/chodera/schrodinger/tmpdir/rustenburg/jag_SM18_micro076_SM18_micro031
Date:       Fri May  4 15:17:12 2018

Contents of /lila/data/chodera/schrodinger/tmpdir/rustenburg/jag_SM18_micro076_SM18_micro031:
/lila/data/chodera/schrodinger/tmpdir/rustenburg/jag_SM18_micro076_SM18_micro031/lilac-0-5aecaf6e.recover
/lila/data/chodera/schrodinger/tmpdir/rustenburg/jag_SM18_micro076_SM18_micro031/SM18_micro031.mae
/lila/data/chodera/schrodinger/tmpdir/rustenburg/jag_SM18_micro076_SM18_micro031/lilac-0-5aecaf6e.jlog
/lila/data/chodera/schrodinger/tmpdir/rustenburg/jag_SM18_micro076_SM18_micro031/jag_SM18_micro076_SM18_micro031.log
/lila/data/chodera/schrodinger/tmpdir/rustenburg/jag_SM18_micro076_SM18_micro031/lilac-0-5aecaf6e.hosts
/lila/data/chodera/schrodinger/tmpdir/rustenburg/jag_SM18_micro076_SM18_micro031/SM18_micro076.in
/lila/data/chodera/schrodinger/tmpdir/rustenburg/jag_SM18_micro076_SM18_micro031/lilac-0-5aecaf6e
/lila/data/chodera/schrodinger/tmpdir/rustenburg/jag_SM18_micro076_SM18_micro031/SM18_micro076.mae
/lila/data/chodera/schrodinger/tmpdir/rustenburg/jag_SM18_micro076_SM18_micro031/lilac-0-5aecaf6e.mpinodes
/lila/data/chodera/schrodinger/tmpdir/rustenburg/jag_SM18_micro076_SM18_micro031/jag_SM18_micro076_SM18_micro031.recover
/lila/data/chodera/schrodinger/tmpdir/rustenburg/jag_SM18_micro076_SM18_micro031/SM18_micro031.in
/lila/data/chodera/schrodinger/tmpdir/rustenburg/jag_SM18_micro076_SM18_micro031/lilac-0-5aecaf6e.nodes

=====================
 Jaguar pKa workflow
=====================

Analysing user-provided (prot, deprot) pair:
(SM18_micro076.in, SM18_micro031.in)
Found labile hydrogen 33 in SM18_micro076.in
Found labile hydrogen at atom 18 in SM18_micro031.in
Adding 'ipkat' keyword to input files.

Identifying pKa functional group for pair:
(SM18_micro076, SM18_micro031)

Executing subprocess:
/data/chodera/schrodinger/schrodinger2017-4-advanced/jaguar-v9.8/bin/Linux-x86_64/pka -i -j SM18_micro076.tmp.jres -n

Taking protonated structures from:
SM18_micro076.mae
Taking deprotonated structures from:
SM18_micro031.mae

This molecule from 'SM18_micro076.mae' in water was recognized as:

 # 	           Shell           
---	---------------------------
1: 	thiazole/benzothiazole     
2: 	heterocycle                
3: 	Protonation of generic atom


Executing conformational search...

Executing 2 distributed subjobs:
---------------------------------

No more than 8 cpu(s) will be used per subjob.
No more than 10 cpu(s) will be used simultaneously.

Processing the following subjobs:
(1) jaguar run csrch.py SM18_micro076.mae -jobname SM18_micro076 -max_conf 5 -erg_window 50.208 -acc_level 1 -TPP 5
(2) jaguar run csrch.py SM18_micro031.mae -jobname SM18_micro031 -max_conf 5 -erg_window 50.208 -acc_level 1 -TPP 5

Running subjobs on hosts:
  lsf-cpu (Max: 2)
Number of jobs:       2
Max retries per job:  3
Max allowed failures: unlimited
Run with -LOCAL:      False
Verbosity:            normal

Starting JobDJ...

Keep one job on driver host: False
JobDJ columns:
  C: Number of completed subjobs
  A: Number of active subjobs (e.g., submitted, running)
  W: Number of waiting/pending subjobs

C A W | Activity  JobId  JobName  JobHost
- - - | --------- -----------------------
0 1 1 | launched  lt05-0-5aecb1bf SM18_micro076 lsf-cpu
0 2 0 | launched  lt05-0-5aecb1c6 SM18_micro031 lsf-cpu
1 1 0 | finished  lt05-0-5aecb1bf SM18_micro076 lsf-cpu [ls10]
2 0 0 | finished  lt05-0-5aecb1c6 SM18_micro031 lsf-cpu [lt02]

All jobs have completed.

2 of 2 job(s) succeeded; 0 job(s) failed.

Timer (distribute subjobs) : 5697.08 secs (1 hrs, 34 mins, 57 secs)

Setting up QM workflow for (protonated, deprotonated) pair:
(1) (SM18_micro076, SM18_micro031)

Executing Jaguar quantum-mechanical subjobs...

Executing 10 distributed subjobs:
----------------------------------

No more than 8 cpu(s) will be used per subjob.
No more than 10 cpu(s) will be used simultaneously.

Processing the following subjobs:
(1) jaguar run pka_prot.bat -jobname SM18_micro076_conf_1 SM18_micro076_conf_1.in
(2) jaguar run pka_prot.bat -jobname SM18_micro076_conf_2 SM18_micro076_conf_2.in
(3) jaguar run pka_prot.bat -jobname SM18_micro076_conf_3 SM18_micro076_conf_3.in
(4) jaguar run pka_prot.bat -jobname SM18_micro076_conf_4 SM18_micro076_conf_4.in
(5) jaguar run pka_prot.bat -jobname SM18_micro076_conf_5 SM18_micro076_conf_5.in
(6) jaguar run pka_deprot.bat -jobname SM18_micro031_conf_1 SM18_micro031_conf_1.in
(7) jaguar run pka_deprot.bat -jobname SM18_micro031_conf_2 SM18_micro031_conf_2.in
(8) jaguar run pka_deprot.bat -jobname SM18_micro031_conf_3 SM18_micro031_conf_3.in
(9) jaguar run pka_deprot.bat -jobname SM18_micro031_conf_4 SM18_micro031_conf_4.in
(10) jaguar run pka_deprot.bat -jobname SM18_micro031_conf_5 SM18_micro031_conf_5.in

Running subjobs on hosts:
  lsf-cpu (Max: 10)
Number of jobs:       10
Max retries per job:  3
Max allowed failures: unlimited
Run with -LOCAL:      False
Verbosity:            normal

Starting JobDJ...

Keep one job on driver host: True
JobDJ columns:
  C: Number of completed subjobs
  A: Number of active subjobs (e.g., submitted, running)
  W: Number of waiting/pending subjobs

 C  A  W | Activity  JobId  JobName  JobHost
-- -- -- | --------- -----------------------
 0  1  9 | launched  lt05-0-5aecc800 SM18_micro076_conf_1 localhost [lt05]
 0  2  8 | launched  lt05-0-5aecc803 SM18_micro076_conf_2 lsf-cpu
 0  3  7 | launched  lt05-0-5aecc807 SM18_micro076_conf_3 lsf-cpu
 0  4  6 | launched  lt05-0-5aecc80b SM18_micro076_conf_4 lsf-cpu
 0  5  5 | launched  lt05-0-5aecc80e SM18_micro076_conf_5 lsf-cpu
 0  6  4 | launched  lt05-0-5aecc811 SM18_micro031_conf_1 lsf-cpu
 0  7  3 | launched  lt05-0-5aecc815 SM18_micro031_conf_2 lsf-cpu
 0  8  2 | launched  lt05-0-5aecc819 SM18_micro031_conf_3 lsf-cpu
 0  9  1 | launched  lt05-0-5aecc81d SM18_micro031_conf_4 lsf-cpu
 0 10  0 | launched  lt05-0-5aecc820 SM18_micro031_conf_5 lsf-cpu
 1  9  0 | finished  lt05-0-5aecc800 SM18_micro076_conf_1 localhost [lt05]
 1  9  0 | launched  lt05-0-5aecd857 SM18_micro031_conf_5 localhost [lt05]
 2  8  0 | finished  lt05-0-5aecd857 SM18_micro031_conf_5 localhost [lt05]
 3  7  0 | finished  lt05-0-5aecc80b SM18_micro076_conf_4 lsf-cpu [lt03]
 4  6  0 | finished  lt05-0-5aecc80e SM18_micro076_conf_5 lsf-cpu [lt03]
 5  5  0 | finished  lt05-0-5aecc811 SM18_micro031_conf_1 lsf-cpu [lt05]
 6  4  0 | finished  lt05-0-5aecc81d SM18_micro031_conf_4 lsf-cpu [ls07]
 7  3  0 | finished  lt05-0-5aecc815 SM18_micro031_conf_2 lsf-cpu [ls18]
 8  2  0 | finished  lt05-0-5aecc819 SM18_micro031_conf_3 lsf-cpu [ls13]
 9  1  0 | finished  lt05-0-5aecc803 SM18_micro076_conf_2 lsf-cpu [lt03]
10  0  0 | finished  lt05-0-5aecc807 SM18_micro076_conf_3 lsf-cpu [lt11]

All jobs have completed.

10 of 10 job(s) succeeded; 0 job(s) failed.

Timer (distribute subjobs) : 14671.17 secs (4 hrs, 04 mins, 31 secs)

Processing QM output files...

Executing subprocess:
/data/chodera/schrodinger/schrodinger2017-4-advanced/jaguar results -energy SM18_micro076_conf_1.nrg_h.out

Executing subprocess:
/data/chodera/schrodinger/schrodinger2017-4-advanced/jaguar results -esolv SM18_micro076_conf_1.sol_h.out

Executing subprocess:
/data/chodera/schrodinger/schrodinger2017-4-advanced/jaguar results -energy SM18_micro076_conf_2.nrg_h.out

Executing subprocess:
/data/chodera/schrodinger/schrodinger2017-4-advanced/jaguar results -esolv SM18_micro076_conf_2.sol_h.out

Executing subprocess:
/data/chodera/schrodinger/schrodinger2017-4-advanced/jaguar results -energy SM18_micro076_conf_3.nrg_h.out

Executing subprocess:
/data/chodera/schrodinger/schrodinger2017-4-advanced/jaguar results -esolv SM18_micro076_conf_3.sol_h.out

Executing subprocess:
/data/chodera/schrodinger/schrodinger2017-4-advanced/jaguar results -energy SM18_micro076_conf_4.nrg_h.out

Executing subprocess:
/data/chodera/schrodinger/schrodinger2017-4-advanced/jaguar results -esolv SM18_micro076_conf_4.sol_h.out

Executing subprocess:
/data/chodera/schrodinger/schrodinger2017-4-advanced/jaguar results -energy SM18_micro076_conf_5.nrg_h.out

Executing subprocess:
/data/chodera/schrodinger/schrodinger2017-4-advanced/jaguar results -esolv SM18_micro076_conf_5.sol_h.out

Executing subprocess:
/data/chodera/schrodinger/schrodinger2017-4-advanced/jaguar results -energy SM18_micro031_conf_1.nrg.out

Executing subprocess:
/data/chodera/schrodinger/schrodinger2017-4-advanced/jaguar results -esolv SM18_micro031_conf_1.sol.out

Executing subprocess:
/data/chodera/schrodinger/schrodinger2017-4-advanced/jaguar results -energy SM18_micro031_conf_2.nrg.out

Executing subprocess:
/data/chodera/schrodinger/schrodinger2017-4-advanced/jaguar results -esolv SM18_micro031_conf_2.sol.out

Executing subprocess:
/data/chodera/schrodinger/schrodinger2017-4-advanced/jaguar results -energy SM18_micro031_conf_3.nrg.out

Executing subprocess:
/data/chodera/schrodinger/schrodinger2017-4-advanced/jaguar results -esolv SM18_micro031_conf_3.sol.out

Executing subprocess:
/data/chodera/schrodinger/schrodinger2017-4-advanced/jaguar results -energy SM18_micro031_conf_4.nrg.out

Executing subprocess:
/data/chodera/schrodinger/schrodinger2017-4-advanced/jaguar results -esolv SM18_micro031_conf_4.sol.out

Executing subprocess:
/data/chodera/schrodinger/schrodinger2017-4-advanced/jaguar results -energy SM18_micro031_conf_5.nrg.out

Executing subprocess:
/data/chodera/schrodinger/schrodinger2017-4-advanced/jaguar results -esolv SM18_micro031_conf_5.sol.out

Executing subprocess:
/data/chodera/schrodinger/schrodinger2017-4-advanced/jaguar-v9.8/bin/Linux-x86_64/pka -o SM18_micro076_deprot-out.mae -j SM18_micro076.jres -n -d

Executing subprocess:
/data/chodera/schrodinger/schrodinger2017-4-advanced/jaguar-v9.8/bin/Linux-x86_64/pka -o SM18_micro076_prot-out.mae -j SM18_micro076.jres -n

pKa calculation for SM18_micro076 completed.

pKa workflow jag_SM18_micro076_SM18_micro031 completed.

Timer (Jaguar pKa) : 20448.89 secs (5 hrs, 40 mins, 48 secs)
Timer (jaguar_backend.py) : 20448.89 secs (5 hrs, 40 mins, 48 secs)
Finished:   Fri May  4 20:58:01 2018
