Command:    jaguar run pka.py -jobname jag_SM11_micro024_SM11_micro017 -PARALLEL 10 -n -csrch -prot SM11_micro024.in -deprot SM11_micro017.in
Release:    2017-4
Exec:       /data/chodera/schrodinger/schrodinger2017-4-advanced/jaguar-v9.8/bin/Linux-x86_64
Host:       lt21
JobId:      lilac-0-5aec9a8a
JobDir:     /lila/data/chodera/schrodinger/tmpdir/rustenburg/jag_SM11_micro024_SM11_micro017
Date:       Fri May  4 13:39:18 2018

Contents of /lila/data/chodera/schrodinger/tmpdir/rustenburg/jag_SM11_micro024_SM11_micro017:
/lila/data/chodera/schrodinger/tmpdir/rustenburg/jag_SM11_micro024_SM11_micro017/lilac-0-5aec9a8a.hosts
/lila/data/chodera/schrodinger/tmpdir/rustenburg/jag_SM11_micro024_SM11_micro017/lilac-0-5aec9a8a.mpinodes
/lila/data/chodera/schrodinger/tmpdir/rustenburg/jag_SM11_micro024_SM11_micro017/SM11_micro017.in
/lila/data/chodera/schrodinger/tmpdir/rustenburg/jag_SM11_micro024_SM11_micro017/SM11_micro017.mae
/lila/data/chodera/schrodinger/tmpdir/rustenburg/jag_SM11_micro024_SM11_micro017/lilac-0-5aec9a8a
/lila/data/chodera/schrodinger/tmpdir/rustenburg/jag_SM11_micro024_SM11_micro017/jag_SM11_micro024_SM11_micro017.recover
/lila/data/chodera/schrodinger/tmpdir/rustenburg/jag_SM11_micro024_SM11_micro017/SM11_micro024.mae
/lila/data/chodera/schrodinger/tmpdir/rustenburg/jag_SM11_micro024_SM11_micro017/lilac-0-5aec9a8a.recover
/lila/data/chodera/schrodinger/tmpdir/rustenburg/jag_SM11_micro024_SM11_micro017/lilac-0-5aec9a8a.nodes
/lila/data/chodera/schrodinger/tmpdir/rustenburg/jag_SM11_micro024_SM11_micro017/jag_SM11_micro024_SM11_micro017.log
/lila/data/chodera/schrodinger/tmpdir/rustenburg/jag_SM11_micro024_SM11_micro017/lilac-0-5aec9a8a.jlog
/lila/data/chodera/schrodinger/tmpdir/rustenburg/jag_SM11_micro024_SM11_micro017/SM11_micro024.in

=====================
 Jaguar pKa workflow
=====================

Analysing user-provided (prot, deprot) pair:
(SM11_micro024.in, SM11_micro017.in)
Found labile hydrogen 17 in SM11_micro024.in
Found labile hydrogen at atom 8 in SM11_micro017.in
Adding 'ipkat' keyword to input files.

Identifying pKa functional group for pair:
(SM11_micro024, SM11_micro017)

Executing subprocess:
/data/chodera/schrodinger/schrodinger2017-4-advanced/jaguar-v9.8/bin/Linux-x86_64/pka -i -j SM11_micro024.tmp.jres -n

Taking protonated structures from:
SM11_micro024.mae
Taking deprotonated structures from:
SM11_micro017.mae

This molecule from 'SM11_micro024.mae' in water was recognized as:

 # 	           Shell           
---	---------------------------
1: 	pyrazole as base           
2: 	heterocycle custom 1       
3: 	heterocycle                
4: 	Protonation of generic atom


Executing conformational search...

Executing 2 distributed subjobs:
---------------------------------

No more than 8 cpu(s) will be used per subjob.
No more than 10 cpu(s) will be used simultaneously.

Processing the following subjobs:
(1) jaguar run csrch.py SM11_micro024.mae -jobname SM11_micro024 -max_conf 5 -erg_window 50.208 -acc_level 1 -TPP 5
(2) jaguar run csrch.py SM11_micro017.mae -jobname SM11_micro017 -max_conf 5 -erg_window 50.208 -acc_level 1 -TPP 5

Running subjobs on hosts:
  lsf-cpu (Max: 2)
Number of jobs:       2
Max retries per job:  3
Max allowed failures: unlimited
Run with -LOCAL:      False
Verbosity:            normal

Starting JobDJ...

Keep one job on driver host: False
JobDJ columns:
  C: Number of completed subjobs
  A: Number of active subjobs (e.g., submitted, running)
  W: Number of waiting/pending subjobs

C A W | Activity  JobId  JobName  JobHost
- - - | --------- -----------------------
0 1 1 | launched  lt21-0-5aec9ace SM11_micro024 lsf-cpu
0 2 0 | launched  lt21-0-5aec9ad1 SM11_micro017 lsf-cpu
1 1 0 | finished  lt21-0-5aec9ace SM11_micro024 lsf-cpu
2 0 0 | finished  lt21-0-5aec9ad1 SM11_micro017 lsf-cpu

All jobs have completed.

2 of 2 job(s) succeeded; 0 job(s) failed.

Timer (distribute subjobs) : 579.34 secs (0 hrs, 09 mins, 39 secs)

Setting up QM workflow for (protonated, deprotonated) pair:
(1) (SM11_micro024, SM11_micro017)

Executing Jaguar quantum-mechanical subjobs...

Executing 5 distributed subjobs:
---------------------------------

No more than 8 cpu(s) will be used per subjob.
No more than 10 cpu(s) will be used simultaneously.

Processing the following subjobs:
(1) jaguar run pka_prot.bat -jobname SM11_micro024_conf_1 SM11_micro024_conf_1.in -TPP 2
(2) jaguar run pka_prot.bat -jobname SM11_micro024_conf_2 SM11_micro024_conf_2.in -TPP 2
(3) jaguar run pka_prot.bat -jobname SM11_micro024_conf_3 SM11_micro024_conf_3.in -TPP 2
(4) jaguar run pka_deprot.bat -jobname SM11_micro017_conf_1 SM11_micro017_conf_1.in -TPP 2
(5) jaguar run pka_deprot.bat -jobname SM11_micro017_conf_2 SM11_micro017_conf_2.in -TPP 2

Running subjobs on hosts:
  lsf-cpu (Max: 5)
Number of jobs:       5
Max retries per job:  3
Max allowed failures: unlimited
Run with -LOCAL:      False
Verbosity:            normal

Starting JobDJ...

Keep one job on driver host: False
JobDJ columns:
  C: Number of completed subjobs
  A: Number of active subjobs (e.g., submitted, running)
  W: Number of waiting/pending subjobs

C A W | Activity  JobId  JobName  JobHost
- - - | --------- -----------------------
0 1 4 | launched  lt21-1-5aec9d11 SM11_micro024_conf_1 lsf-cpu
0 2 3 | launched  lt21-0-5aec9d14 SM11_micro024_conf_2 lsf-cpu
0 3 2 | launched  lt21-0-5aec9d17 SM11_micro024_conf_3 lsf-cpu
0 4 1 | launched  lt21-0-5aec9d1a SM11_micro017_conf_1 lsf-cpu
0 5 0 | launched  lt21-0-5aec9d1e SM11_micro017_conf_2 lsf-cpu
1 4 0 | finished  lt21-0-5aec9d1e SM11_micro017_conf_2 lsf-cpu
2 3 0 | finished  lt21-0-5aec9d14 SM11_micro024_conf_2 lsf-cpu [lt02]
3 2 0 | finished  lt21-0-5aec9d1a SM11_micro017_conf_1 lsf-cpu [ls16]
4 1 0 | finished  lt21-1-5aec9d11 SM11_micro024_conf_1 lsf-cpu [ls01]
5 0 0 | finished  lt21-0-5aec9d17 SM11_micro024_conf_3 lsf-cpu [lt20]

All jobs have completed.

5 of 5 job(s) succeeded; 0 job(s) failed.

Timer (distribute subjobs) : 1687.34 secs (0 hrs, 28 mins, 07 secs)

Processing QM output files...

Executing subprocess:
/data/chodera/schrodinger/schrodinger2017-4-advanced/jaguar results -energy SM11_micro024_conf_1.nrg_h.out

Executing subprocess:
/data/chodera/schrodinger/schrodinger2017-4-advanced/jaguar results -esolv SM11_micro024_conf_1.sol_h.out

Executing subprocess:
/data/chodera/schrodinger/schrodinger2017-4-advanced/jaguar results -energy SM11_micro024_conf_2.nrg_h.out

Executing subprocess:
/data/chodera/schrodinger/schrodinger2017-4-advanced/jaguar results -esolv SM11_micro024_conf_2.sol_h.out

Executing subprocess:
/data/chodera/schrodinger/schrodinger2017-4-advanced/jaguar results -energy SM11_micro024_conf_3.nrg_h.out

Executing subprocess:
/data/chodera/schrodinger/schrodinger2017-4-advanced/jaguar results -esolv SM11_micro024_conf_3.sol_h.out

Executing subprocess:
/data/chodera/schrodinger/schrodinger2017-4-advanced/jaguar results -energy SM11_micro017_conf_1.nrg.out

Executing subprocess:
/data/chodera/schrodinger/schrodinger2017-4-advanced/jaguar results -esolv SM11_micro017_conf_1.sol.out

Executing subprocess:
/data/chodera/schrodinger/schrodinger2017-4-advanced/jaguar results -energy SM11_micro017_conf_2.nrg.out

Executing subprocess:
/data/chodera/schrodinger/schrodinger2017-4-advanced/jaguar results -esolv SM11_micro017_conf_2.sol.out

Executing subprocess:
/data/chodera/schrodinger/schrodinger2017-4-advanced/jaguar-v9.8/bin/Linux-x86_64/pka -o SM11_micro024_deprot-out.mae -j SM11_micro024.jres -n -d

Executing subprocess:
/data/chodera/schrodinger/schrodinger2017-4-advanced/jaguar-v9.8/bin/Linux-x86_64/pka -o SM11_micro024_prot-out.mae -j SM11_micro024.jres -n

pKa calculation for SM11_micro024 completed.

pKa workflow jag_SM11_micro024_SM11_micro017 completed.

Timer (Jaguar pKa) : 2323.00 secs (0 hrs, 38 mins, 42 secs)
Timer (jaguar_backend.py) : 2323.00 secs (0 hrs, 38 mins, 42 secs)
Finished:   Fri May  4 14:18:01 2018
