Taking protonated structures from:
SM06_micro005_conf_1.dft_h.01.mae
SM06_micro005_conf_2.dft_h.01.mae
SM06_micro005_conf_3.dft_h.01.mae
SM06_micro005_conf_4.dft_h.01.mae
SM06_micro005_conf_5.dft_h.01.mae
Taking deprotonated structures from:
SM06_micro001_conf_1.dft.01.mae
SM06_micro001_conf_2.dft.01.mae
SM06_micro001_conf_3.dft.01.mae
SM06_micro001_conf_4.dft.01.mae
SM06_micro001_conf_5.dft.01.mae

Corrected results for 'protonated' structure in water:
pKa atom: 22

 # 	           Shell           	 pKa 	RMSD	 Contribution
---	---------------------------	-----	-----	--------------
1: 	pyridine                   	 1.53	0.493	    58.81%
2: 	heterocycle custom 1       	 0.80	0.617	    28.97%
3: 	heterocycle                	 1.15	0.837	    11.49%
4: 	Protonation of generic atom	 2.29	2.264	     0.73%

 Final weighted pKa value is 1.28



