Taking protonated structures from:
SM18_micro016_conf_1.dft_h.01.mae
SM18_micro016_conf_2.dft_h.01.mae
SM18_micro016_conf_3.dft_h.01.mae
SM18_micro016_conf_4.dft_h.01.mae
SM18_micro016_conf_5.dft_h.01.mae
Taking deprotonated structures from:
SM18_micro070_conf_1.dft.01.mae
SM18_micro070_conf_2.dft.01.mae
SM18_micro070_conf_3.dft.01.mae
SM18_micro070_conf_4.dft.01.mae
SM18_micro070_conf_5.dft.01.mae

Corrected results for 'protonated' structure in water:
pKa atom: 38

 # 	                 Shell                  	 pKa 	RMSD	 Contribution
---	----------------------------------------	-----	-----	--------------
1: 	mono keto CH acid                       	17.30	0.641	     1.57%
2: 	Protonation of generic atom             	14.39	2.264	    89.19%
3: 	aliphatic CH acid in water              	12.74	2.584	     4.62%
4: 	Protonation of sp2-like aliphatic carbon	12.90	2.605	     4.62%

 Final weighted pKa value is 14.29



