Taking protonated structures from:
SM21_micro002_conf_1.dft_h.01.mae
SM21_micro002_conf_2.dft_h.01.mae
SM21_micro002_conf_3.dft_h.01.mae
SM21_micro002_conf_4.dft_h.01.mae
SM21_micro002_conf_5.dft_h.01.mae
Taking deprotonated structures from:
SM21_micro020_conf_1.dft.01.mae
SM21_micro020_conf_2.dft.01.mae
SM21_micro020_conf_3.dft.01.mae
SM21_micro020_conf_4.dft.01.mae
SM21_micro020_conf_5.dft.01.mae

Corrected results for 'protonated' structure in water:
pKa atom: 33

 # 	                  Shell                   	 pKa 	RMSD	 Contribution
---	------------------------------------------	-----	-----	--------------
1: 	secondary aniline                         	-6.14	0.275	    90.49%
2: 	Protonation of sp3-like aliphatic nitrogen	-5.27	1.715	     6.14%
3: 	Protonation of generic atom               	-5.24	2.264	     3.37%

 Final weighted pKa value is -6.06



