Command:    jaguar run pka.py -jobname jag_SM18_micro029_SM18_micro034 -PARALLEL 10 -n -csrch -prot SM18_micro029.in -deprot SM18_micro034.in
Release:    2017-4
Exec:       /data/chodera/schrodinger/schrodinger2017-4-advanced/jaguar-v9.8/bin/Linux-x86_64
Host:       lt17
JobId:      lilac-0-5aecaf4d
JobDir:     /lila/data/chodera/schrodinger/tmpdir/rustenburg/jag_SM18_micro029_SM18_micro034
Date:       Fri May  4 15:17:03 2018

Contents of /lila/data/chodera/schrodinger/tmpdir/rustenburg/jag_SM18_micro029_SM18_micro034:
/lila/data/chodera/schrodinger/tmpdir/rustenburg/jag_SM18_micro029_SM18_micro034/SM18_micro029.mae
/lila/data/chodera/schrodinger/tmpdir/rustenburg/jag_SM18_micro029_SM18_micro034/SM18_micro034.mae
/lila/data/chodera/schrodinger/tmpdir/rustenburg/jag_SM18_micro029_SM18_micro034/lilac-0-5aecaf4d
/lila/data/chodera/schrodinger/tmpdir/rustenburg/jag_SM18_micro029_SM18_micro034/lilac-0-5aecaf4d.jlog
/lila/data/chodera/schrodinger/tmpdir/rustenburg/jag_SM18_micro029_SM18_micro034/SM18_micro034.in
/lila/data/chodera/schrodinger/tmpdir/rustenburg/jag_SM18_micro029_SM18_micro034/jag_SM18_micro029_SM18_micro034.recover
/lila/data/chodera/schrodinger/tmpdir/rustenburg/jag_SM18_micro029_SM18_micro034/lilac-0-5aecaf4d.mpinodes
/lila/data/chodera/schrodinger/tmpdir/rustenburg/jag_SM18_micro029_SM18_micro034/lilac-0-5aecaf4d.nodes
/lila/data/chodera/schrodinger/tmpdir/rustenburg/jag_SM18_micro029_SM18_micro034/SM18_micro029.in
/lila/data/chodera/schrodinger/tmpdir/rustenburg/jag_SM18_micro029_SM18_micro034/lilac-0-5aecaf4d.recover
/lila/data/chodera/schrodinger/tmpdir/rustenburg/jag_SM18_micro029_SM18_micro034/jag_SM18_micro029_SM18_micro034.log
/lila/data/chodera/schrodinger/tmpdir/rustenburg/jag_SM18_micro029_SM18_micro034/lilac-0-5aecaf4d.hosts

=====================
 Jaguar pKa workflow
=====================

Analysing user-provided (prot, deprot) pair:
(SM18_micro029.in, SM18_micro034.in)
Found labile hydrogen 43 in SM18_micro029.in
Found labile hydrogen at atom 20 in SM18_micro034.in
Adding 'ipkat' keyword to input files.

Identifying pKa functional group for pair:
(SM18_micro029, SM18_micro034)

Executing subprocess:
/data/chodera/schrodinger/schrodinger2017-4-advanced/jaguar-v9.8/bin/Linux-x86_64/pka -i -j SM18_micro029.tmp.jres -n

Taking protonated structures from:
SM18_micro029.mae
Taking deprotonated structures from:
SM18_micro034.mae

This molecule from 'SM18_micro029.mae' in water was recognized as:

 # 	           Shell           
---	---------------------------
1: 	Protonation of generic atom


Executing conformational search...

Executing 2 distributed subjobs:
---------------------------------

No more than 8 cpu(s) will be used per subjob.
No more than 10 cpu(s) will be used simultaneously.

Processing the following subjobs:
(1) jaguar run csrch.py SM18_micro029.mae -jobname SM18_micro029 -max_conf 5 -erg_window 50.208 -acc_level 1 -TPP 5
(2) jaguar run csrch.py SM18_micro034.mae -jobname SM18_micro034 -max_conf 5 -erg_window 50.208 -acc_level 1 -TPP 5

Running subjobs on hosts:
  lsf-cpu (Max: 2)
Number of jobs:       2
Max retries per job:  3
Max allowed failures: unlimited
Run with -LOCAL:      False
Verbosity:            normal

Starting JobDJ...

Keep one job on driver host: False
JobDJ columns:
  C: Number of completed subjobs
  A: Number of active subjobs (e.g., submitted, running)
  W: Number of waiting/pending subjobs

C A W | Activity  JobId  JobName  JobHost
- - - | --------- -----------------------
0 1 1 | launched  lt17-0-5aecb1b8 SM18_micro029 lsf-cpu
0 2 0 | launched  lt17-1-5aecb1be SM18_micro034 lsf-cpu
1 1 0 | finished  lt17-0-5aecb1b8 SM18_micro029 lsf-cpu [lt09]
2 0 0 | finished  lt17-1-5aecb1be SM18_micro034 lsf-cpu [lt09]

All jobs have completed.

2 of 2 job(s) succeeded; 0 job(s) failed.

Timer (distribute subjobs) : 6578.16 secs (1 hrs, 49 mins, 38 secs)

Setting up QM workflow for (protonated, deprotonated) pair:
(1) (SM18_micro029, SM18_micro034)

Executing Jaguar quantum-mechanical subjobs...

Executing 10 distributed subjobs:
----------------------------------

No more than 8 cpu(s) will be used per subjob.
No more than 10 cpu(s) will be used simultaneously.

Processing the following subjobs:
(1) jaguar run pka_prot.bat -jobname SM18_micro029_conf_1 SM18_micro029_conf_1.in
(2) jaguar run pka_prot.bat -jobname SM18_micro029_conf_2 SM18_micro029_conf_2.in
(3) jaguar run pka_prot.bat -jobname SM18_micro029_conf_3 SM18_micro029_conf_3.in
(4) jaguar run pka_prot.bat -jobname SM18_micro029_conf_4 SM18_micro029_conf_4.in
(5) jaguar run pka_prot.bat -jobname SM18_micro029_conf_5 SM18_micro029_conf_5.in
(6) jaguar run pka_deprot.bat -jobname SM18_micro034_conf_1 SM18_micro034_conf_1.in
(7) jaguar run pka_deprot.bat -jobname SM18_micro034_conf_2 SM18_micro034_conf_2.in
(8) jaguar run pka_deprot.bat -jobname SM18_micro034_conf_3 SM18_micro034_conf_3.in
(9) jaguar run pka_deprot.bat -jobname SM18_micro034_conf_4 SM18_micro034_conf_4.in
(10) jaguar run pka_deprot.bat -jobname SM18_micro034_conf_5 SM18_micro034_conf_5.in

Running subjobs on hosts:
  lsf-cpu (Max: 10)
Number of jobs:       10
Max retries per job:  3
Max allowed failures: unlimited
Run with -LOCAL:      False
Verbosity:            normal

Starting JobDJ...

Keep one job on driver host: True
JobDJ columns:
  C: Number of completed subjobs
  A: Number of active subjobs (e.g., submitted, running)
  W: Number of waiting/pending subjobs

 C  A  W | Activity  JobId  JobName  JobHost
-- -- -- | --------- -----------------------
 0  1  9 | launched  lt17-0-5aeccb74 SM18_micro029_conf_1 localhost [lt17]
 0  2  8 | launched  lt17-0-5aeccb7e SM18_micro029_conf_2 lsf-cpu
 0  3  7 | launched  lt17-0-5aeccb81 SM18_micro029_conf_3 lsf-cpu
 0  4  6 | launched  lt17-0-5aeccb85 SM18_micro029_conf_4 lsf-cpu
 0  5  5 | launched  lt17-0-5aeccb89 SM18_micro029_conf_5 lsf-cpu
 0  6  4 | launched  lt17-0-5aeccba4 SM18_micro034_conf_1 lsf-cpu
 0  7  3 | launched  lt17-0-5aeccbd5 SM18_micro034_conf_2 lsf-cpu
 0  8  2 | launched  lt17-0-5aeccbfd SM18_micro034_conf_3 lsf-cpu
 0  9  1 | launched  lt17-0-5aeccc29 SM18_micro034_conf_4 lsf-cpu
 0 10  0 | launched  lt17-0-5aeccc51 SM18_micro034_conf_5 lsf-cpu
 1  9  0 | finished  lt17-0-5aeccb74 SM18_micro029_conf_1 localhost [lt17]
 1  9  0 | launched  lt17-0-5aecde3c SM18_micro034_conf_5 localhost [lt17]
 2  8  0 | finished  lt17-0-5aecde3c SM18_micro034_conf_5 localhost [lt17]
 3  7  0 | finished  lt17-0-5aeccb89 SM18_micro029_conf_5 lsf-cpu [lt20]
 4  6  0 | finished  lt17-0-5aeccba4 SM18_micro034_conf_1 lsf-cpu [lt04]
 5  5  0 | finished  lt17-0-5aeccc29 SM18_micro034_conf_4 lsf-cpu [ls18]
 6  4  0 | finished  lt17-0-5aeccb7e SM18_micro029_conf_2 lsf-cpu [lt20]
 7  3  0 | finished  lt17-0-5aeccb85 SM18_micro029_conf_4 lsf-cpu [lt20]
 8  2  0 | finished  lt17-0-5aeccb81 SM18_micro029_conf_3 lsf-cpu [lt20]
 9  1  0 | finished  lt17-0-5aeccbfd SM18_micro034_conf_3 lsf-cpu [ls13]
10  0  0 | finished  lt17-0-5aeccbd5 SM18_micro034_conf_2 lsf-cpu [ls13]

All jobs have completed.

10 of 10 job(s) succeeded; 0 job(s) failed.

Timer (distribute subjobs) : 17131.31 secs (4 hrs, 45 mins, 31 secs)

Processing QM output files...

Executing subprocess:
/data/chodera/schrodinger/schrodinger2017-4-advanced/jaguar results -energy SM18_micro029_conf_1.nrg_h.out

Executing subprocess:
/data/chodera/schrodinger/schrodinger2017-4-advanced/jaguar results -esolv SM18_micro029_conf_1.sol_h.out

Executing subprocess:
/data/chodera/schrodinger/schrodinger2017-4-advanced/jaguar results -energy SM18_micro029_conf_2.nrg_h.out

Executing subprocess:
/data/chodera/schrodinger/schrodinger2017-4-advanced/jaguar results -esolv SM18_micro029_conf_2.sol_h.out

Executing subprocess:
/data/chodera/schrodinger/schrodinger2017-4-advanced/jaguar results -energy SM18_micro029_conf_3.nrg_h.out

Executing subprocess:
/data/chodera/schrodinger/schrodinger2017-4-advanced/jaguar results -esolv SM18_micro029_conf_3.sol_h.out

Executing subprocess:
/data/chodera/schrodinger/schrodinger2017-4-advanced/jaguar results -energy SM18_micro029_conf_4.nrg_h.out

Executing subprocess:
/data/chodera/schrodinger/schrodinger2017-4-advanced/jaguar results -esolv SM18_micro029_conf_4.sol_h.out

Executing subprocess:
/data/chodera/schrodinger/schrodinger2017-4-advanced/jaguar results -energy SM18_micro029_conf_5.nrg_h.out

Executing subprocess:
/data/chodera/schrodinger/schrodinger2017-4-advanced/jaguar results -esolv SM18_micro029_conf_5.sol_h.out

Executing subprocess:
/data/chodera/schrodinger/schrodinger2017-4-advanced/jaguar results -energy SM18_micro034_conf_1.nrg.out

Executing subprocess:
/data/chodera/schrodinger/schrodinger2017-4-advanced/jaguar results -esolv SM18_micro034_conf_1.sol.out

Executing subprocess:
/data/chodera/schrodinger/schrodinger2017-4-advanced/jaguar results -energy SM18_micro034_conf_2.nrg.out

Executing subprocess:
/data/chodera/schrodinger/schrodinger2017-4-advanced/jaguar results -esolv SM18_micro034_conf_2.sol.out

Executing subprocess:
/data/chodera/schrodinger/schrodinger2017-4-advanced/jaguar results -energy SM18_micro034_conf_3.nrg.out

Executing subprocess:
/data/chodera/schrodinger/schrodinger2017-4-advanced/jaguar results -esolv SM18_micro034_conf_3.sol.out

Executing subprocess:
/data/chodera/schrodinger/schrodinger2017-4-advanced/jaguar results -energy SM18_micro034_conf_4.nrg.out

Executing subprocess:
/data/chodera/schrodinger/schrodinger2017-4-advanced/jaguar results -esolv SM18_micro034_conf_4.sol.out

Executing subprocess:
/data/chodera/schrodinger/schrodinger2017-4-advanced/jaguar results -energy SM18_micro034_conf_5.nrg.out

Executing subprocess:
/data/chodera/schrodinger/schrodinger2017-4-advanced/jaguar results -esolv SM18_micro034_conf_5.sol.out

Executing subprocess:
/data/chodera/schrodinger/schrodinger2017-4-advanced/jaguar-v9.8/bin/Linux-x86_64/pka -o SM18_micro029_deprot-out.mae -j SM18_micro029.jres -n -d

Executing subprocess:
/data/chodera/schrodinger/schrodinger2017-4-advanced/jaguar-v9.8/bin/Linux-x86_64/pka -o SM18_micro029_prot-out.mae -j SM18_micro029.jres -n

pKa calculation for SM18_micro029 completed.

pKa workflow jag_SM18_micro029_SM18_micro034 completed.

Timer (Jaguar pKa) : 23786.09 secs (6 hrs, 36 mins, 26 secs)
Timer (jaguar_backend.py) : 23786.09 secs (6 hrs, 36 mins, 26 secs)
Finished:   Fri May  4 21:53:29 2018
