Taking protonated structures from:
SM06_micro002_conf_1.dft_h.01.mae
SM06_micro002_conf_2.dft_h.01.mae
SM06_micro002_conf_3.dft_h.01.mae
SM06_micro002_conf_4.dft_h.01.mae
SM06_micro002_conf_5.dft_h.01.mae
Taking deprotonated structures from:
SM06_micro007_conf_1.dft.01.mae
SM06_micro007_conf_2.dft.01.mae
SM06_micro007_conf_3.dft.01.mae
SM06_micro007_conf_4.dft.01.mae
SM06_micro007_conf_5.dft.01.mae

Corrected results for 'protonated' structure in water:
pKa atom: 22

 # 	           Shell           	 pKa 	RMSD	 Contribution
---	---------------------------	-----	-----	--------------
1: 	pyridine                   	 2.24	0.493	    58.83%
2: 	heterocycle custom 1       	 1.63	0.617	    28.97%
3: 	heterocycle                	 1.94	0.837	    11.48%
4: 	Protonation of generic atom	 2.89	2.264	     0.72%

 Final weighted pKa value is 2.03



