Command:    jaguar run pka.py -jobname jag_SM11_micro027_SM11_micro024 -PARALLEL 10 -n -csrch -prot SM11_micro027.in -deprot SM11_micro024.in
Release:    2017-4
Exec:       /data/chodera/schrodinger/schrodinger2017-4-advanced/jaguar-v9.8/bin/Linux-x86_64
Host:       lt21
JobId:      lilac-0-5aec9afa
JobDir:     /lila/data/chodera/schrodinger/tmpdir/rustenburg/jag_SM11_micro027_SM11_micro024
Date:       Fri May  4 13:41:08 2018

Contents of /lila/data/chodera/schrodinger/tmpdir/rustenburg/jag_SM11_micro027_SM11_micro024:
/lila/data/chodera/schrodinger/tmpdir/rustenburg/jag_SM11_micro027_SM11_micro024/jag_SM11_micro027_SM11_micro024.recover
/lila/data/chodera/schrodinger/tmpdir/rustenburg/jag_SM11_micro027_SM11_micro024/lilac-0-5aec9afa.nodes
/lila/data/chodera/schrodinger/tmpdir/rustenburg/jag_SM11_micro027_SM11_micro024/lilac-0-5aec9afa.mpinodes
/lila/data/chodera/schrodinger/tmpdir/rustenburg/jag_SM11_micro027_SM11_micro024/SM11_micro027.in
/lila/data/chodera/schrodinger/tmpdir/rustenburg/jag_SM11_micro027_SM11_micro024/lilac-0-5aec9afa.hosts
/lila/data/chodera/schrodinger/tmpdir/rustenburg/jag_SM11_micro027_SM11_micro024/jag_SM11_micro027_SM11_micro024.log
/lila/data/chodera/schrodinger/tmpdir/rustenburg/jag_SM11_micro027_SM11_micro024/SM11_micro024.mae
/lila/data/chodera/schrodinger/tmpdir/rustenburg/jag_SM11_micro027_SM11_micro024/lilac-0-5aec9afa
/lila/data/chodera/schrodinger/tmpdir/rustenburg/jag_SM11_micro027_SM11_micro024/lilac-0-5aec9afa.jlog
/lila/data/chodera/schrodinger/tmpdir/rustenburg/jag_SM11_micro027_SM11_micro024/SM11_micro027.mae
/lila/data/chodera/schrodinger/tmpdir/rustenburg/jag_SM11_micro027_SM11_micro024/SM11_micro024.in
/lila/data/chodera/schrodinger/tmpdir/rustenburg/jag_SM11_micro027_SM11_micro024/lilac-0-5aec9afa.recover

=====================
 Jaguar pKa workflow
=====================

Analysing user-provided (prot, deprot) pair:
(SM11_micro027.in, SM11_micro024.in)
Found labile hydrogen 21 in SM11_micro027.in
Found labile hydrogen at atom 14 in SM11_micro024.in
Adding 'ipkat' keyword to input files.

Identifying pKa functional group for pair:
(SM11_micro027, SM11_micro024)

Executing subprocess:
/data/chodera/schrodinger/schrodinger2017-4-advanced/jaguar-v9.8/bin/Linux-x86_64/pka -i -j SM11_micro027.tmp.jres -n

Taking protonated structures from:
SM11_micro027.mae
Taking deprotonated structures from:
SM11_micro024.mae

This molecule from 'SM11_micro027.mae' in water was recognized as:

 # 	           Shell           
---	---------------------------
1: 	Protonation of generic atom


Executing conformational search...

Executing 2 distributed subjobs:
---------------------------------

No more than 8 cpu(s) will be used per subjob.
No more than 10 cpu(s) will be used simultaneously.

Processing the following subjobs:
(1) jaguar run csrch.py SM11_micro027.mae -jobname SM11_micro027 -max_conf 5 -erg_window 50.208 -acc_level 1 -TPP 5
(2) jaguar run csrch.py SM11_micro024.mae -jobname SM11_micro024 -max_conf 5 -erg_window 50.208 -acc_level 1 -TPP 5

Running subjobs on hosts:
  lsf-cpu (Max: 2)
Number of jobs:       2
Max retries per job:  3
Max allowed failures: unlimited
Run with -LOCAL:      False
Verbosity:            normal

Starting JobDJ...

Keep one job on driver host: False
JobDJ columns:
  C: Number of completed subjobs
  A: Number of active subjobs (e.g., submitted, running)
  W: Number of waiting/pending subjobs

C A W | Activity  JobId  JobName  JobHost
- - - | --------- -----------------------
0 1 1 | launched  lt21-0-5aec9b39 SM11_micro027 lsf-cpu
0 2 0 | launched  lt21-1-5aec9b3d SM11_micro024 lsf-cpu
1 1 0 | finished  lt21-1-5aec9b3d SM11_micro024 lsf-cpu
2 0 0 | finished  lt21-0-5aec9b39 SM11_micro027 lsf-cpu [ls16]

All jobs have completed.

2 of 2 job(s) succeeded; 0 job(s) failed.

Timer (distribute subjobs) : 867.44 secs (0 hrs, 14 mins, 27 secs)

Setting up QM workflow for (protonated, deprotonated) pair:
(1) (SM11_micro027, SM11_micro024)

Executing Jaguar quantum-mechanical subjobs...

Executing 4 distributed subjobs:
---------------------------------

No more than 8 cpu(s) will be used per subjob.
No more than 10 cpu(s) will be used simultaneously.

Processing the following subjobs:
(1) jaguar run pka_prot.bat -jobname SM11_micro027_conf SM11_micro027_conf.in -TPP 3
(2) jaguar run pka_deprot.bat -jobname SM11_micro024_conf_1 SM11_micro024_conf_1.in -TPP 3
(3) jaguar run pka_deprot.bat -jobname SM11_micro024_conf_2 SM11_micro024_conf_2.in -TPP 2
(4) jaguar run pka_deprot.bat -jobname SM11_micro024_conf_3 SM11_micro024_conf_3.in -TPP 2

Running subjobs on hosts:
  lsf-cpu (Max: 4)
Number of jobs:       4
Max retries per job:  3
Max allowed failures: unlimited
Run with -LOCAL:      False
Verbosity:            normal

Starting JobDJ...

Keep one job on driver host: False
JobDJ columns:
  C: Number of completed subjobs
  A: Number of active subjobs (e.g., submitted, running)
  W: Number of waiting/pending subjobs

C A W | Activity  JobId  JobName  JobHost
- - - | --------- -----------------------
0 1 3 | launched  lt21-0-5aec9e9e SM11_micro027_conf lsf-cpu
0 2 2 | launched  lt21-0-5aec9ea2 SM11_micro024_conf_1 lsf-cpu
0 3 1 | launched  lt21-0-5aec9ea4 SM11_micro024_conf_2 lsf-cpu
0 4 0 | launched  lt21-0-5aec9ea7 SM11_micro024_conf_3 lsf-cpu
1 3 0 | finished  lt21-0-5aec9ea2 SM11_micro024_conf_1 lsf-cpu [ls15]
2 2 0 | finished  lt21-0-5aec9ea4 SM11_micro024_conf_2 lsf-cpu [ls15]
3 1 0 | finished  lt21-0-5aec9e9e SM11_micro027_conf lsf-cpu [ls15]
4 0 0 | finished  lt21-0-5aec9ea7 SM11_micro024_conf_3 lsf-cpu [ls15]

All jobs have completed.

4 of 4 job(s) succeeded; 0 job(s) failed.

Timer (distribute subjobs) : 1428.01 secs (0 hrs, 23 mins, 48 secs)

Processing QM output files...

Executing subprocess:
/data/chodera/schrodinger/schrodinger2017-4-advanced/jaguar results -energy SM11_micro027_conf.nrg_h.out

Executing subprocess:
/data/chodera/schrodinger/schrodinger2017-4-advanced/jaguar results -esolv SM11_micro027_conf.sol_h.out

Executing subprocess:
/data/chodera/schrodinger/schrodinger2017-4-advanced/jaguar results -energy SM11_micro024_conf_1.nrg.out

Executing subprocess:
/data/chodera/schrodinger/schrodinger2017-4-advanced/jaguar results -esolv SM11_micro024_conf_1.sol.out

Executing subprocess:
/data/chodera/schrodinger/schrodinger2017-4-advanced/jaguar results -energy SM11_micro024_conf_2.nrg.out

Executing subprocess:
/data/chodera/schrodinger/schrodinger2017-4-advanced/jaguar results -esolv SM11_micro024_conf_2.sol.out

Executing subprocess:
/data/chodera/schrodinger/schrodinger2017-4-advanced/jaguar results -energy SM11_micro024_conf_3.nrg.out

Executing subprocess:
/data/chodera/schrodinger/schrodinger2017-4-advanced/jaguar results -esolv SM11_micro024_conf_3.sol.out

Executing subprocess:
/data/chodera/schrodinger/schrodinger2017-4-advanced/jaguar-v9.8/bin/Linux-x86_64/pka -o SM11_micro027_deprot-out.mae -j SM11_micro027.jres -n -d

Executing subprocess:
/data/chodera/schrodinger/schrodinger2017-4-advanced/jaguar-v9.8/bin/Linux-x86_64/pka -o SM11_micro027_prot-out.mae -j SM11_micro027.jres -n

pKa calculation for SM11_micro027 completed.

pKa workflow jag_SM11_micro027_SM11_micro024 completed.

Timer (Jaguar pKa) : 2323.45 secs (0 hrs, 38 mins, 43 secs)
Timer (jaguar_backend.py) : 2323.45 secs (0 hrs, 38 mins, 43 secs)
Finished:   Fri May  4 14:19:51 2018
