Taking protonated structures from:
SM10_micro026_conf_1.dft_h.01.mae
SM10_micro026_conf_2.dft_h.01.mae
SM10_micro026_conf_3.dft_h.01.mae
SM10_micro026_conf_4.dft_h.01.mae
SM10_micro026_conf_5.dft_h.01.mae
Taking deprotonated structures from:
SM10_micro031_conf_1.dft.01.mae
SM10_micro031_conf_2.dft.01.mae
SM10_micro031_conf_3.dft.01.mae
SM10_micro031_conf_4.dft.01.mae
SM10_micro031_conf_5.dft.01.mae

Corrected results for 'protonated' structure in water:
pKa atom: 31

 # 	            Shell             	 pKa 	RMSD	 Contribution
---	------------------------------	-----	-----	--------------
1: 	enol                          	 3.70	0.533	    91.76%
2: 	Protonation of generic atom   	 1.57	2.264	     2.83%
3: 	Protonation of sp2-like oxygen	 2.09	2.568	     5.42%

 Final weighted pKa value is 3.55



