Command:    jaguar run pka.py -jobname jag_SM14_micro001_SM14_micro006 -PARALLEL 10 -n -csrch -prot SM14_micro001.in -deprot SM14_micro006.in
Release:    2017-4
Exec:       /data/chodera/schrodinger/schrodinger2017-4-advanced/jaguar-v9.8/bin/Linux-x86_64
Host:       lt21
JobId:      lilac-0-5aeca4ac
JobDir:     /lila/data/chodera/schrodinger/tmpdir/rustenburg/jag_SM14_micro001_SM14_micro006
Date:       Fri May  4 14:21:42 2018

Contents of /lila/data/chodera/schrodinger/tmpdir/rustenburg/jag_SM14_micro001_SM14_micro006:
/lila/data/chodera/schrodinger/tmpdir/rustenburg/jag_SM14_micro001_SM14_micro006/lilac-0-5aeca4ac.jlog
/lila/data/chodera/schrodinger/tmpdir/rustenburg/jag_SM14_micro001_SM14_micro006/lilac-0-5aeca4ac
/lila/data/chodera/schrodinger/tmpdir/rustenburg/jag_SM14_micro001_SM14_micro006/SM14_micro006.in
/lila/data/chodera/schrodinger/tmpdir/rustenburg/jag_SM14_micro001_SM14_micro006/lilac-0-5aeca4ac.recover
/lila/data/chodera/schrodinger/tmpdir/rustenburg/jag_SM14_micro001_SM14_micro006/SM14_micro001.mae
/lila/data/chodera/schrodinger/tmpdir/rustenburg/jag_SM14_micro001_SM14_micro006/lilac-0-5aeca4ac.nodes
/lila/data/chodera/schrodinger/tmpdir/rustenburg/jag_SM14_micro001_SM14_micro006/lilac-0-5aeca4ac.mpinodes
/lila/data/chodera/schrodinger/tmpdir/rustenburg/jag_SM14_micro001_SM14_micro006/SM14_micro001.in
/lila/data/chodera/schrodinger/tmpdir/rustenburg/jag_SM14_micro001_SM14_micro006/jag_SM14_micro001_SM14_micro006.recover
/lila/data/chodera/schrodinger/tmpdir/rustenburg/jag_SM14_micro001_SM14_micro006/lilac-0-5aeca4ac.hosts
/lila/data/chodera/schrodinger/tmpdir/rustenburg/jag_SM14_micro001_SM14_micro006/jag_SM14_micro001_SM14_micro006.log
/lila/data/chodera/schrodinger/tmpdir/rustenburg/jag_SM14_micro001_SM14_micro006/SM14_micro006.mae

=====================
 Jaguar pKa workflow
=====================

Analysing user-provided (prot, deprot) pair:
(SM14_micro001.in, SM14_micro006.in)
Found labile hydrogen 26 in SM14_micro001.in
Found labile hydrogen at atom 16 in SM14_micro006.in
Adding 'ipkat' keyword to input files.

Identifying pKa functional group for pair:
(SM14_micro001, SM14_micro006)

Executing subprocess:
/data/chodera/schrodinger/schrodinger2017-4-advanced/jaguar-v9.8/bin/Linux-x86_64/pka -i -j SM14_micro001.tmp.jres -n

Taking protonated structures from:
SM14_micro001.mae
Taking deprotonated structures from:
SM14_micro006.mae

This molecule from 'SM14_micro001.mae' in water was recognized as:

 # 	                  Shell                   
---	------------------------------------------
1: 	Protonation of sp2-like aliphatic nitrogen
2: 	Protonation of generic atom               


Executing conformational search...

Executing 2 distributed subjobs:
---------------------------------

No more than 8 cpu(s) will be used per subjob.
No more than 10 cpu(s) will be used simultaneously.

Processing the following subjobs:
(1) jaguar run csrch.py SM14_micro001.mae -jobname SM14_micro001 -max_conf 5 -erg_window 50.208 -acc_level 1 -TPP 5
(2) jaguar run csrch.py SM14_micro006.mae -jobname SM14_micro006 -max_conf 5 -erg_window 50.208 -acc_level 1 -TPP 5

Running subjobs on hosts:
  lsf-cpu (Max: 2)
Number of jobs:       2
Max retries per job:  3
Max allowed failures: unlimited
Run with -LOCAL:      False
Verbosity:            normal

Starting JobDJ...

Keep one job on driver host: False
JobDJ columns:
  C: Number of completed subjobs
  A: Number of active subjobs (e.g., submitted, running)
  W: Number of waiting/pending subjobs

C A W | Activity  JobId  JobName  JobHost
- - - | --------- -----------------------
0 1 1 | launched  lt21-0-5aeca4bb SM14_micro001 lsf-cpu
0 2 0 | launched  lt21-0-5aeca4bf SM14_micro006 lsf-cpu
1 1 0 | finished  lt21-0-5aeca4bb SM14_micro001 lsf-cpu
2 0 0 | finished  lt21-0-5aeca4bf SM14_micro006 lsf-cpu

All jobs have completed.

2 of 2 job(s) succeeded; 0 job(s) failed.

Timer (distribute subjobs) : 273.68 secs (0 hrs, 04 mins, 33 secs)

Setting up QM workflow for (protonated, deprotonated) pair:
(1) (SM14_micro001, SM14_micro006)

Executing Jaguar quantum-mechanical subjobs...

Executing 4 distributed subjobs:
---------------------------------

No more than 8 cpu(s) will be used per subjob.
No more than 10 cpu(s) will be used simultaneously.

Processing the following subjobs:
(1) jaguar run pka_prot.bat -jobname SM14_micro001_conf_1 SM14_micro001_conf_1.in -TPP 3
(2) jaguar run pka_prot.bat -jobname SM14_micro001_conf_2 SM14_micro001_conf_2.in -TPP 3
(3) jaguar run pka_deprot.bat -jobname SM14_micro006_conf_1 SM14_micro006_conf_1.in -TPP 2
(4) jaguar run pka_deprot.bat -jobname SM14_micro006_conf_2 SM14_micro006_conf_2.in -TPP 2

Running subjobs on hosts:
  lsf-cpu (Max: 4)
Number of jobs:       4
Max retries per job:  3
Max allowed failures: unlimited
Run with -LOCAL:      False
Verbosity:            normal

Starting JobDJ...

Keep one job on driver host: False
JobDJ columns:
  C: Number of completed subjobs
  A: Number of active subjobs (e.g., submitted, running)
  W: Number of waiting/pending subjobs

C A W | Activity  JobId  JobName  JobHost
- - - | --------- -----------------------
0 1 3 | launched  lt21-0-5aeca5d5 SM14_micro001_conf_1 lsf-cpu
0 2 2 | launched  lt21-0-5aeca5d8 SM14_micro001_conf_2 lsf-cpu
0 3 1 | launched  lt21-0-5aeca5db SM14_micro006_conf_1 lsf-cpu
0 4 0 | launched  lt21-0-5aeca5de SM14_micro006_conf_2 lsf-cpu
1 3 0 | finished  lt21-0-5aeca5db SM14_micro006_conf_1 lsf-cpu [ls12]
2 2 0 | finished  lt21-0-5aeca5d5 SM14_micro001_conf_1 lsf-cpu [lt22]
3 1 0 | finished  lt21-0-5aeca5de SM14_micro006_conf_2 lsf-cpu [ls12]
4 0 0 | finished  lt21-0-5aeca5d8 SM14_micro001_conf_2 lsf-cpu [lt22]

All jobs have completed.

4 of 4 job(s) succeeded; 0 job(s) failed.

Timer (distribute subjobs) : 1238.16 secs (0 hrs, 20 mins, 38 secs)

Processing QM output files...

Executing subprocess:
/data/chodera/schrodinger/schrodinger2017-4-advanced/jaguar results -energy SM14_micro001_conf_1.nrg_h.out

Executing subprocess:
/data/chodera/schrodinger/schrodinger2017-4-advanced/jaguar results -esolv SM14_micro001_conf_1.sol_h.out

Executing subprocess:
/data/chodera/schrodinger/schrodinger2017-4-advanced/jaguar results -energy SM14_micro001_conf_2.nrg_h.out

Executing subprocess:
/data/chodera/schrodinger/schrodinger2017-4-advanced/jaguar results -esolv SM14_micro001_conf_2.sol_h.out

Executing subprocess:
/data/chodera/schrodinger/schrodinger2017-4-advanced/jaguar results -energy SM14_micro006_conf_1.nrg.out

Executing subprocess:
/data/chodera/schrodinger/schrodinger2017-4-advanced/jaguar results -esolv SM14_micro006_conf_1.sol.out

Executing subprocess:
/data/chodera/schrodinger/schrodinger2017-4-advanced/jaguar results -energy SM14_micro006_conf_2.nrg.out

Executing subprocess:
/data/chodera/schrodinger/schrodinger2017-4-advanced/jaguar results -esolv SM14_micro006_conf_2.sol.out

Executing subprocess:
/data/chodera/schrodinger/schrodinger2017-4-advanced/jaguar-v9.8/bin/Linux-x86_64/pka -o SM14_micro001_deprot-out.mae -j SM14_micro001.jres -n -d

Executing subprocess:
/data/chodera/schrodinger/schrodinger2017-4-advanced/jaguar-v9.8/bin/Linux-x86_64/pka -o SM14_micro001_prot-out.mae -j SM14_micro001.jres -n

pKa calculation for SM14_micro001 completed.

pKa workflow jag_SM14_micro001_SM14_micro006 completed.

Timer (Jaguar pKa) : 1560.94 secs (0 hrs, 26 mins, 00 secs)
Timer (jaguar_backend.py) : 1560.94 secs (0 hrs, 26 mins, 00 secs)
Finished:   Fri May  4 14:47:43 2018
