Taking protonated structures from:
SM23_micro045_conf_1.dft_h.01.mae
SM23_micro045_conf_2.dft_h.01.mae
SM23_micro045_conf_3.dft_h.01.mae
SM23_micro045_conf_4.dft_h.01.mae
SM23_micro045_conf_5.dft_h.01.mae
Taking deprotonated structures from:
SM23_micro043_conf_1.dft.01.mae
SM23_micro043_conf_2.dft.01.mae
SM23_micro043_conf_3.dft.01.mae
SM23_micro043_conf_4.dft.01.mae
SM23_micro043_conf_5.dft.01.mae

Corrected results for 'protonated' structure in water:
pKa atom: 34

 # 	           Shell           	 pKa 	RMSD	 Contribution
---	---------------------------	-----	-----	--------------
1: 	pyrimidine                 	-7.75	0.242	    44.63%
2: 	heterocycle custom 1       	-13.99	0.617	    12.93%
3: 	heterocycle                	-13.03	0.837	    39.59%
4: 	Protonation of generic atom	-8.78	2.264	     2.86%

 Final weighted pKa value is -10.68



