Taking protonated structures from:
SM09_micro006_conf_1.dft_h.01.mae
SM09_micro006_conf_2.dft_h.01.mae
SM09_micro006_conf_3.dft_h.01.mae
SM09_micro006_conf_4.dft_h.01.mae
SM09_micro006_conf_5.dft_h.01.mae
Taking deprotonated structures from:
SM09_micro003_conf_1.dft.01.mae
SM09_micro003_conf_2.dft.01.mae
SM09_micro003_conf_3.dft.01.mae
SM09_micro003_conf_4.dft.01.mae
SM09_micro003_conf_5.dft.01.mae

Corrected results for 'protonated' structure in water:
pKa atom: 20

 # 	                  Shell                   	 pKa 	RMSD	 Contribution
---	------------------------------------------	-----	-----	--------------
1: 	secondary aniline                         	-5.04	0.275	    94.16%
2: 	Protonation of sp3-like aliphatic nitrogen	-4.30	1.715	     5.43%
3: 	Protonation of generic atom               	-4.33	2.264	     0.41%

 Final weighted pKa value is -5.00



