Taking protonated structures from:
SM24_micro020_conf_1.dft_h.01.mae
SM24_micro020_conf_2.dft_h.01.mae
SM24_micro020_conf_3.dft_h.01.mae
SM24_micro020_conf_4.dft_h.01.mae
SM24_micro020_conf_5.dft_h.01.mae
Taking deprotonated structures from:
SM24_micro001_conf_1.dft.01.mae
SM24_micro001_conf_2.dft.01.mae
SM24_micro001_conf_3.dft.01.mae
SM24_micro001_conf_4.dft.01.mae
SM24_micro001_conf_5.dft.01.mae

Corrected results for 'protonated' structure in water:
pKa atom: 47

 # 	                  Shell                   	 pKa 	RMSD	 Contribution
---	------------------------------------------	-----	-----	--------------
1: 	RN=Het                                    	 8.00	0.551	     0.10%
2: 	Protonation of sp2-like aliphatic nitrogen	 4.12	1.751	    78.16%
3: 	Protonation of generic atom               	 4.69	2.264	    21.74%

 Final weighted pKa value is 4.25



