Command:    jaguar run pka.py -jobname jag_SM10_micro037_SM10_micro020 -PARALLEL 10 -n -csrch -prot SM10_micro037.in -deprot SM10_micro020.in
Release:    2017-4
Exec:       /data/chodera/schrodinger/schrodinger2017-4-advanced/jaguar-v9.8/bin/Linux-x86_64
Host:       ls15
JobId:      lilac-0-5aec81f4
JobDir:     /lila/data/chodera/schrodinger/tmpdir/rustenburg/jag_SM10_micro037_SM10_micro020
Date:       Fri May  4 12:05:44 2018

Contents of /lila/data/chodera/schrodinger/tmpdir/rustenburg/jag_SM10_micro037_SM10_micro020:
/lila/data/chodera/schrodinger/tmpdir/rustenburg/jag_SM10_micro037_SM10_micro020/SM10_micro020.mae
/lila/data/chodera/schrodinger/tmpdir/rustenburg/jag_SM10_micro037_SM10_micro020/SM10_micro037.in
/lila/data/chodera/schrodinger/tmpdir/rustenburg/jag_SM10_micro037_SM10_micro020/lilac-0-5aec81f4.jlog
/lila/data/chodera/schrodinger/tmpdir/rustenburg/jag_SM10_micro037_SM10_micro020/lilac-0-5aec81f4
/lila/data/chodera/schrodinger/tmpdir/rustenburg/jag_SM10_micro037_SM10_micro020/SM10_micro037.mae
/lila/data/chodera/schrodinger/tmpdir/rustenburg/jag_SM10_micro037_SM10_micro020/lilac-0-5aec81f4.mpinodes
/lila/data/chodera/schrodinger/tmpdir/rustenburg/jag_SM10_micro037_SM10_micro020/lilac-0-5aec81f4.recover
/lila/data/chodera/schrodinger/tmpdir/rustenburg/jag_SM10_micro037_SM10_micro020/jag_SM10_micro037_SM10_micro020.log
/lila/data/chodera/schrodinger/tmpdir/rustenburg/jag_SM10_micro037_SM10_micro020/jag_SM10_micro037_SM10_micro020.recover
/lila/data/chodera/schrodinger/tmpdir/rustenburg/jag_SM10_micro037_SM10_micro020/SM10_micro020.in
/lila/data/chodera/schrodinger/tmpdir/rustenburg/jag_SM10_micro037_SM10_micro020/lilac-0-5aec81f4.nodes
/lila/data/chodera/schrodinger/tmpdir/rustenburg/jag_SM10_micro037_SM10_micro020/lilac-0-5aec81f4.hosts

=====================
 Jaguar pKa workflow
=====================

Analysing user-provided (prot, deprot) pair:
(SM10_micro037.in, SM10_micro020.in)
Found labile hydrogen 31 in SM10_micro037.in
Found labile hydrogen at atom 13 in SM10_micro020.in
Adding 'ipkat' keyword to input files.

Identifying pKa functional group for pair:
(SM10_micro037, SM10_micro020)

Executing subprocess:
/data/chodera/schrodinger/schrodinger2017-4-advanced/jaguar-v9.8/bin/Linux-x86_64/pka -i -j SM10_micro037.tmp.jres -n

Taking protonated structures from:
SM10_micro037.mae
Taking deprotonated structures from:
SM10_micro020.mae

This molecule from 'SM10_micro037.mae' in water was recognized as:

 # 	                  Shell                   
---	------------------------------------------
1: 	Protonation of sp2-like aliphatic nitrogen
2: 	Protonation of generic atom               


Executing conformational search...

Executing 2 distributed subjobs:
---------------------------------

No more than 8 cpu(s) will be used per subjob.
No more than 10 cpu(s) will be used simultaneously.

Processing the following subjobs:
(1) jaguar run csrch.py SM10_micro037.mae -jobname SM10_micro037 -max_conf 5 -erg_window 50.208 -acc_level 1 -TPP 5
(2) jaguar run csrch.py SM10_micro020.mae -jobname SM10_micro020 -max_conf 5 -erg_window 50.208 -acc_level 1 -TPP 5

Running subjobs on hosts:
  lsf-cpu (Max: 2)
Number of jobs:       2
Max retries per job:  3
Max allowed failures: unlimited
Run with -LOCAL:      False
Verbosity:            normal

Starting JobDJ...

Keep one job on driver host: False
JobDJ columns:
  C: Number of completed subjobs
  A: Number of active subjobs (e.g., submitted, running)
  W: Number of waiting/pending subjobs

C A W | Activity  JobId  JobName  JobHost
- - - | --------- -----------------------
0 1 1 | launched  ls15-0-5aec84de SM10_micro037 lsf-cpu
0 2 0 | launched  ls15-0-5aec84e1 SM10_micro020 lsf-cpu
1 1 0 | finished  ls15-0-5aec84de SM10_micro037 lsf-cpu
2 0 0 | finished  ls15-0-5aec84e1 SM10_micro020 lsf-cpu [ls13]

All jobs have completed.

2 of 2 job(s) succeeded; 0 job(s) failed.

Timer (distribute subjobs) : 1881.27 secs (0 hrs, 31 mins, 21 secs)

Setting up QM workflow for (protonated, deprotonated) pair:
(1) (SM10_micro037, SM10_micro020)

Executing Jaguar quantum-mechanical subjobs...

Executing 10 distributed subjobs:
----------------------------------

No more than 8 cpu(s) will be used per subjob.
No more than 10 cpu(s) will be used simultaneously.

Processing the following subjobs:
(1) jaguar run pka_prot.bat -jobname SM10_micro037_conf_1 SM10_micro037_conf_1.in
(2) jaguar run pka_prot.bat -jobname SM10_micro037_conf_2 SM10_micro037_conf_2.in
(3) jaguar run pka_prot.bat -jobname SM10_micro037_conf_3 SM10_micro037_conf_3.in
(4) jaguar run pka_prot.bat -jobname SM10_micro037_conf_4 SM10_micro037_conf_4.in
(5) jaguar run pka_prot.bat -jobname SM10_micro037_conf_5 SM10_micro037_conf_5.in
(6) jaguar run pka_deprot.bat -jobname SM10_micro020_conf_1 SM10_micro020_conf_1.in
(7) jaguar run pka_deprot.bat -jobname SM10_micro020_conf_2 SM10_micro020_conf_2.in
(8) jaguar run pka_deprot.bat -jobname SM10_micro020_conf_3 SM10_micro020_conf_3.in
(9) jaguar run pka_deprot.bat -jobname SM10_micro020_conf_4 SM10_micro020_conf_4.in
(10) jaguar run pka_deprot.bat -jobname SM10_micro020_conf_5 SM10_micro020_conf_5.in

Running subjobs on hosts:
  lsf-cpu (Max: 10)
Number of jobs:       10
Max retries per job:  3
Max allowed failures: unlimited
Run with -LOCAL:      False
Verbosity:            normal

Starting JobDJ...

Keep one job on driver host: True
JobDJ columns:
  C: Number of completed subjobs
  A: Number of active subjobs (e.g., submitted, running)
  W: Number of waiting/pending subjobs

 C  A  W | Activity  JobId  JobName  JobHost
-- -- -- | --------- -----------------------
 0  1  9 | launched  ls15-0-5aec8c3d SM10_micro037_conf_1 localhost [ls15]
 0  2  8 | launched  ls15-0-5aec8c40 SM10_micro037_conf_2 lsf-cpu
 0  3  7 | launched  ls15-0-5aec8c44 SM10_micro037_conf_3 lsf-cpu
 0  4  6 | launched  ls15-0-5aec8c47 SM10_micro037_conf_4 lsf-cpu
 0  5  5 | launched  ls15-0-5aec8c4b SM10_micro037_conf_5 lsf-cpu
 0  6  4 | launched  ls15-0-5aec8c4e SM10_micro020_conf_1 lsf-cpu
 0  7  3 | launched  ls15-0-5aec8c52 SM10_micro020_conf_2 lsf-cpu
 0  8  2 | launched  ls15-0-5aec8c56 SM10_micro020_conf_3 lsf-cpu
 0  9  1 | launched  ls15-0-5aec8c59 SM10_micro020_conf_4 lsf-cpu
 0 10  0 | launched  ls15-0-5aec8c5d SM10_micro020_conf_5 lsf-cpu
 1  9  0 | finished  ls15-0-5aec8c5d SM10_micro020_conf_5 lsf-cpu [ls16]
 2  8  0 | finished  ls15-0-5aec8c40 SM10_micro037_conf_2 lsf-cpu [ls18]
 3  7  0 | finished  ls15-0-5aec8c52 SM10_micro020_conf_2 lsf-cpu [ls01]
 4  6  0 | finished  ls15-0-5aec8c4e SM10_micro020_conf_1 lsf-cpu [lt02]
 5  5  0 | finished  ls15-0-5aec8c59 SM10_micro020_conf_4 lsf-cpu [lt02]
 6  4  0 | finished  ls15-0-5aec8c56 SM10_micro020_conf_3 lsf-cpu [lt02]
 7  3  0 | finished  ls15-0-5aec8c47 SM10_micro037_conf_4 lsf-cpu [ls18]
 8  2  0 | finished  ls15-0-5aec8c4b SM10_micro037_conf_5 lsf-cpu [ls13]
 9  1  0 | finished  ls15-0-5aec8c3d SM10_micro037_conf_1 localhost [ls15]
10  0  0 | finished  ls15-0-5aec8c44 SM10_micro037_conf_3 lsf-cpu [lt14]

All jobs have completed.

10 of 10 job(s) succeeded; 0 job(s) failed.

Timer (distribute subjobs) : 5873.81 secs (1 hrs, 37 mins, 53 secs)

Processing QM output files...

Executing subprocess:
/data/chodera/schrodinger/schrodinger2017-4-advanced/jaguar results -energy SM10_micro037_conf_1.nrg_h.out

Executing subprocess:
/data/chodera/schrodinger/schrodinger2017-4-advanced/jaguar results -esolv SM10_micro037_conf_1.sol_h.out

Executing subprocess:
/data/chodera/schrodinger/schrodinger2017-4-advanced/jaguar results -energy SM10_micro037_conf_2.nrg_h.out

Executing subprocess:
/data/chodera/schrodinger/schrodinger2017-4-advanced/jaguar results -esolv SM10_micro037_conf_2.sol_h.out

Executing subprocess:
/data/chodera/schrodinger/schrodinger2017-4-advanced/jaguar results -energy SM10_micro037_conf_3.nrg_h.out

Executing subprocess:
/data/chodera/schrodinger/schrodinger2017-4-advanced/jaguar results -esolv SM10_micro037_conf_3.sol_h.out

Executing subprocess:
/data/chodera/schrodinger/schrodinger2017-4-advanced/jaguar results -energy SM10_micro037_conf_4.nrg_h.out

Executing subprocess:
/data/chodera/schrodinger/schrodinger2017-4-advanced/jaguar results -esolv SM10_micro037_conf_4.sol_h.out

Executing subprocess:
/data/chodera/schrodinger/schrodinger2017-4-advanced/jaguar results -energy SM10_micro037_conf_5.nrg_h.out

Executing subprocess:
/data/chodera/schrodinger/schrodinger2017-4-advanced/jaguar results -esolv SM10_micro037_conf_5.sol_h.out

Executing subprocess:
/data/chodera/schrodinger/schrodinger2017-4-advanced/jaguar results -energy SM10_micro020_conf_1.nrg.out

Executing subprocess:
/data/chodera/schrodinger/schrodinger2017-4-advanced/jaguar results -esolv SM10_micro020_conf_1.sol.out

Executing subprocess:
/data/chodera/schrodinger/schrodinger2017-4-advanced/jaguar results -energy SM10_micro020_conf_2.nrg.out

Executing subprocess:
/data/chodera/schrodinger/schrodinger2017-4-advanced/jaguar results -esolv SM10_micro020_conf_2.sol.out

Executing subprocess:
/data/chodera/schrodinger/schrodinger2017-4-advanced/jaguar results -energy SM10_micro020_conf_3.nrg.out

Executing subprocess:
/data/chodera/schrodinger/schrodinger2017-4-advanced/jaguar results -esolv SM10_micro020_conf_3.sol.out

Executing subprocess:
/data/chodera/schrodinger/schrodinger2017-4-advanced/jaguar results -energy SM10_micro020_conf_4.nrg.out

Executing subprocess:
/data/chodera/schrodinger/schrodinger2017-4-advanced/jaguar results -esolv SM10_micro020_conf_4.sol.out

Executing subprocess:
/data/chodera/schrodinger/schrodinger2017-4-advanced/jaguar results -energy SM10_micro020_conf_5.nrg.out

Executing subprocess:
/data/chodera/schrodinger/schrodinger2017-4-advanced/jaguar results -esolv SM10_micro020_conf_5.sol.out

Executing subprocess:
/data/chodera/schrodinger/schrodinger2017-4-advanced/jaguar-v9.8/bin/Linux-x86_64/pka -o SM10_micro037_deprot-out.mae -j SM10_micro037.jres -n -d

Executing subprocess:
/data/chodera/schrodinger/schrodinger2017-4-advanced/jaguar-v9.8/bin/Linux-x86_64/pka -o SM10_micro037_prot-out.mae -j SM10_micro037.jres -n

pKa calculation for SM10_micro037 completed.

pKa workflow jag_SM10_micro037_SM10_micro020 completed.

Timer (Jaguar pKa) : 7827.76 secs (2 hrs, 10 mins, 27 secs)
Timer (jaguar_backend.py) : 7827.76 secs (2 hrs, 10 mins, 27 secs)
Finished:   Fri May  4 14:16:12 2018
