Taking protonated structures from:
SM10_micro004_conf_1.dft_h.01.mae
SM10_micro004_conf_2.dft_h.01.mae
SM10_micro004_conf_3.dft_h.01.mae
SM10_micro004_conf_4.dft_h.01.mae
SM10_micro004_conf_5.dft_h.01.mae
Taking deprotonated structures from:
SM10_micro002_conf_1.dft.01.mae
SM10_micro002_conf_2.dft.01.mae
SM10_micro002_conf_3.dft.01.mae
SM10_micro002_conf_4.dft.01.mae
SM10_micro002_conf_5.dft.01.mae

Corrected results for 'protonated' structure in water:
pKa atom: 28

 # 	                 Shell                  	 pKa 	RMSD	 Contribution
---	----------------------------------------	-----	-----	--------------
1: 	Protonation of generic atom             	17.14	2.264	    99.41%
2: 	aliphatic CH acid in water              	15.48	2.584	     0.31%
3: 	Protonation of sp2-like aliphatic carbon	15.61	2.605	     0.28%

 Final weighted pKa value is 17.13



