Taking protonated structures from:
SM17_micro011_conf_1.dft_h.01.mae
SM17_micro011_conf_2.dft_h.01.mae
SM17_micro011_conf_3.dft_h.01.mae
SM17_micro011_conf_4.dft_h.01.mae
SM17_micro011_conf_5.dft_h.01.mae
Taking deprotonated structures from:
SM17_micro010_conf_1.dft.01.mae
SM17_micro010_conf_2.dft.01.mae
SM17_micro010_conf_3.dft.01.mae
SM17_micro010_conf_4.dft.01.mae
SM17_micro010_conf_5.dft.01.mae

Corrected results for 'protonated' structure in water:
pKa atom: 20

 # 	           Shell           	 pKa 	RMSD	 Contribution
---	---------------------------	-----	-----	--------------
1: 	pyridine                   	 3.40	0.493	    58.89%
2: 	heterocycle custom 1       	 2.93	0.617	    28.93%
3: 	heterocycle                	 3.19	0.837	    11.49%
4: 	Protonation of generic atom	 3.90	2.264	     0.69%

 Final weighted pKa value is 3.24



