Command:    jaguar run pka.py -jobname jag_SM08_micro002_SM08_micro008 -PARALLEL 10 -WAIT -n -csrch -prot SM08_micro002.in -deprot SM08_micro008.in
Release:    2017-4
Exec:       /data/chodera/schrodinger/schrodinger2017-4-advanced/jaguar-v9.8/bin/Linux-x86_64
Host:       lt02
JobId:      ls17-1-5af36236
JobDir:     /lila/data/chodera/schrodinger/tmpdir/rustenburg/jag_SM08_micro002_SM08_micro008.1
Date:       Wed May  9 17:04:09 2018

Contents of /lila/data/chodera/schrodinger/tmpdir/rustenburg/jag_SM08_micro002_SM08_micro008.1:
/lila/data/chodera/schrodinger/tmpdir/rustenburg/jag_SM08_micro002_SM08_micro008.1/SM08_micro008.in
/lila/data/chodera/schrodinger/tmpdir/rustenburg/jag_SM08_micro002_SM08_micro008.1/ls17-1-5af36236.hosts
/lila/data/chodera/schrodinger/tmpdir/rustenburg/jag_SM08_micro002_SM08_micro008.1/SM08_micro002.in
/lila/data/chodera/schrodinger/tmpdir/rustenburg/jag_SM08_micro002_SM08_micro008.1/jag_SM08_micro002_SM08_micro008.recover
/lila/data/chodera/schrodinger/tmpdir/rustenburg/jag_SM08_micro002_SM08_micro008.1/ls17-1-5af36236.mpinodes
/lila/data/chodera/schrodinger/tmpdir/rustenburg/jag_SM08_micro002_SM08_micro008.1/SM08_micro008.mae
/lila/data/chodera/schrodinger/tmpdir/rustenburg/jag_SM08_micro002_SM08_micro008.1/jag_SM08_micro002_SM08_micro008.log
/lila/data/chodera/schrodinger/tmpdir/rustenburg/jag_SM08_micro002_SM08_micro008.1/SM08_micro002.mae
/lila/data/chodera/schrodinger/tmpdir/rustenburg/jag_SM08_micro002_SM08_micro008.1/ls17-1-5af36236
/lila/data/chodera/schrodinger/tmpdir/rustenburg/jag_SM08_micro002_SM08_micro008.1/ls17-1-5af36236.recover
/lila/data/chodera/schrodinger/tmpdir/rustenburg/jag_SM08_micro002_SM08_micro008.1/ls17-1-5af36236.nodes
/lila/data/chodera/schrodinger/tmpdir/rustenburg/jag_SM08_micro002_SM08_micro008.1/ls17-1-5af36236.jlog

=====================
 Jaguar pKa workflow
=====================

Analysing user-provided (prot, deprot) pair:
(SM08_micro002.in, SM08_micro008.in)
Found labile hydrogen 33 in SM08_micro002.in
Found labile hydrogen at atom 16 in SM08_micro008.in
Adding 'ipkat' keyword to input files.

Identifying pKa functional group for pair:
(SM08_micro002, SM08_micro008)

Executing subprocess:
/data/chodera/schrodinger/schrodinger2017-4-advanced/jaguar-v9.8/bin/Linux-x86_64/pka -i -j SM08_micro002.tmp.jres -n

Taking protonated structures from:
SM08_micro002.mae
Taking deprotonated structures from:
SM08_micro008.mae

This molecule from 'SM08_micro002.mae' in water was recognized as:

 # 	             Shell             
---	-------------------------------
1: 	carboxylic acid                
2: 	carboxylic acid, non-conjugated
3: 	Protonation of generic atom    
4: 	Protonation of sp2-like oxygen 


Executing conformational search...

Executing 2 distributed subjobs:
---------------------------------

No more than 8 cpu(s) will be used per subjob.
No more than 10 cpu(s) will be used simultaneously.

Processing the following subjobs:
(1) jaguar run csrch.py SM08_micro002.mae -jobname SM08_micro002 -max_conf 5 -erg_window 50.208 -acc_level 1 -TPP 5
(2) jaguar run csrch.py SM08_micro008.mae -jobname SM08_micro008 -max_conf 5 -erg_window 50.208 -acc_level 1 -TPP 5

Running subjobs on hosts:
  lsf-cpu (Max: 2)
Number of jobs:       2
Max retries per job:  3
Max allowed failures: unlimited
Run with -LOCAL:      False
Verbosity:            normal

Starting JobDJ...

Keep one job on driver host: False
JobDJ columns:
  C: Number of completed subjobs
  A: Number of active subjobs (e.g., submitted, running)
  W: Number of waiting/pending subjobs

C A W | Activity  JobId  JobName  JobHost
- - - | --------- -----------------------
0 1 1 | launched  lt02-6-5af36253 SM08_micro002 lsf-cpu
0 2 0 | launched  lt02-1-5af3625c SM08_micro008 lsf-cpu
1 1 0 | finished  lt02-6-5af36253 SM08_micro002 lsf-cpu
2 0 0 | finished  lt02-1-5af3625c SM08_micro008 lsf-cpu

All jobs have completed.

2 of 2 job(s) succeeded; 0 job(s) failed.

Timer (distribute subjobs) : 537.48 secs (0 hrs, 08 mins, 57 secs)

Setting up QM workflow for (protonated, deprotonated) pair:
(1) (SM08_micro002, SM08_micro008)

Executing Jaguar quantum-mechanical subjobs...

Executing 7 distributed subjobs:
---------------------------------

No more than 8 cpu(s) will be used per subjob.
No more than 10 cpu(s) will be used simultaneously.

Processing the following subjobs:
(1) jaguar run pka_prot.bat -jobname SM08_micro002_conf_1 SM08_micro002_conf_1.in -TPP 2
(2) jaguar run pka_prot.bat -jobname SM08_micro002_conf_2 SM08_micro002_conf_2.in -TPP 2
(3) jaguar run pka_prot.bat -jobname SM08_micro002_conf_3 SM08_micro002_conf_3.in -TPP 2
(4) jaguar run pka_prot.bat -jobname SM08_micro002_conf_4 SM08_micro002_conf_4.in
(5) jaguar run pka_prot.bat -jobname SM08_micro002_conf_5 SM08_micro002_conf_5.in
(6) jaguar run pka_deprot.bat -jobname SM08_micro008_conf_1 SM08_micro008_conf_1.in
(7) jaguar run pka_deprot.bat -jobname SM08_micro008_conf_2 SM08_micro008_conf_2.in

Running subjobs on hosts:
  lsf-cpu (Max: 7)
Number of jobs:       7
Max retries per job:  3
Max allowed failures: unlimited
Run with -LOCAL:      False
Verbosity:            normal

Starting JobDJ...

Keep one job on driver host: False
JobDJ columns:
  C: Number of completed subjobs
  A: Number of active subjobs (e.g., submitted, running)
  W: Number of waiting/pending subjobs

C A W | Activity  JobId  JobName  JobHost
- - - | --------- -----------------------
0 1 6 | launched  lt02-0-5af3649b SM08_micro002_conf_1 lsf-cpu
0 2 5 | launched  lt02-0-5af364c1 SM08_micro002_conf_2 lsf-cpu
0 3 4 | launched  lt02-0-5af364f9 SM08_micro002_conf_3 lsf-cpu
0 4 3 | launched  lt02-0-5af3652b SM08_micro002_conf_4 lsf-cpu
0 5 2 | launched  lt02-1-5af365a0 SM08_micro002_conf_5 lsf-cpu
0 6 1 | launched  lt02-0-5af365ea SM08_micro008_conf_1 lsf-cpu
0 7 0 | launched  lt02-2-5af36605 SM08_micro008_conf_2 lsf-cpu
1 6 0 | finished  lt02-0-5af3649b SM08_micro002_conf_1 lsf-cpu [ls01]
2 5 0 | finished  lt02-0-5af364c1 SM08_micro002_conf_2 lsf-cpu [lt07]
3 4 0 | finished  lt02-0-5af364f9 SM08_micro002_conf_3 lsf-cpu [lt07]
4 3 0 | finished  lt02-0-5af365ea SM08_micro008_conf_1 lsf-cpu [lt09]
5 2 0 | finished  lt02-0-5af3652b SM08_micro002_conf_4 lsf-cpu [lt09]
6 1 0 | finished  lt02-1-5af365a0 SM08_micro002_conf_5 lsf-cpu [lt09]
7 0 0 | finished  lt02-2-5af36605 SM08_micro008_conf_2 lsf-cpu [ls16]

All jobs have completed.

7 of 7 job(s) succeeded; 0 job(s) failed.

Timer (distribute subjobs) : 6422.23 secs (1 hrs, 47 mins, 02 secs)

Processing QM output files...

Executing subprocess:
/data/chodera/schrodinger/schrodinger2017-4-advanced/jaguar results -energy SM08_micro002_conf_1.nrg_h.out

Executing subprocess:
/data/chodera/schrodinger/schrodinger2017-4-advanced/jaguar results -esolv SM08_micro002_conf_1.sol_h.out

Executing subprocess:
/data/chodera/schrodinger/schrodinger2017-4-advanced/jaguar results -energy SM08_micro002_conf_2.nrg_h.out

Executing subprocess:
/data/chodera/schrodinger/schrodinger2017-4-advanced/jaguar results -esolv SM08_micro002_conf_2.sol_h.out

Executing subprocess:
/data/chodera/schrodinger/schrodinger2017-4-advanced/jaguar results -energy SM08_micro002_conf_3.nrg_h.out

Executing subprocess:
/data/chodera/schrodinger/schrodinger2017-4-advanced/jaguar results -esolv SM08_micro002_conf_3.sol_h.out

Executing subprocess:
/data/chodera/schrodinger/schrodinger2017-4-advanced/jaguar results -energy SM08_micro002_conf_4.nrg_h.out

Executing subprocess:
/data/chodera/schrodinger/schrodinger2017-4-advanced/jaguar results -esolv SM08_micro002_conf_4.sol_h.out

Executing subprocess:
/data/chodera/schrodinger/schrodinger2017-4-advanced/jaguar results -energy SM08_micro002_conf_5.nrg_h.out

Executing subprocess:
/data/chodera/schrodinger/schrodinger2017-4-advanced/jaguar results -esolv SM08_micro002_conf_5.sol_h.out

Executing subprocess:
/data/chodera/schrodinger/schrodinger2017-4-advanced/jaguar results -energy SM08_micro008_conf_1.nrg.out

Executing subprocess:
/data/chodera/schrodinger/schrodinger2017-4-advanced/jaguar results -esolv SM08_micro008_conf_1.sol.out

Executing subprocess:
/data/chodera/schrodinger/schrodinger2017-4-advanced/jaguar results -energy SM08_micro008_conf_2.nrg.out

Executing subprocess:
/data/chodera/schrodinger/schrodinger2017-4-advanced/jaguar results -esolv SM08_micro008_conf_2.sol.out

Executing subprocess:
/data/chodera/schrodinger/schrodinger2017-4-advanced/jaguar-v9.8/bin/Linux-x86_64/pka -o SM08_micro002_deprot-out.mae -j SM08_micro002.jres -n -d

Executing subprocess:
/data/chodera/schrodinger/schrodinger2017-4-advanced/jaguar-v9.8/bin/Linux-x86_64/pka -o SM08_micro002_prot-out.mae -j SM08_micro002.jres -n

pKa calculation for SM08_micro002 completed.

pKa workflow jag_SM08_micro002_SM08_micro008 completed.

Timer (Jaguar pKa) : 7042.45 secs (1 hrs, 57 mins, 22 secs)
Timer (jaguar_backend.py) : 7042.45 secs (1 hrs, 57 mins, 22 secs)
Finished:   Wed May  9 19:01:31 2018
