Command:    jaguar run pka.py -jobname jag_SM13_micro003_SM13_micro001 -PARALLEL 10 -n -csrch -prot SM13_micro003.in -deprot SM13_micro001.in
Release:    2017-4
Exec:       /data/chodera/schrodinger/schrodinger2017-4-advanced/jaguar-v9.8/bin/Linux-x86_64
Host:       ls11
JobId:      lilac-0-5aeca23e
JobDir:     /lila/data/chodera/schrodinger/tmpdir/rustenburg/jag_SM13_micro003_SM13_micro001
Date:       Fri May  4 14:11:17 2018

Contents of /lila/data/chodera/schrodinger/tmpdir/rustenburg/jag_SM13_micro003_SM13_micro001:
/lila/data/chodera/schrodinger/tmpdir/rustenburg/jag_SM13_micro003_SM13_micro001/SM13_micro003.in
/lila/data/chodera/schrodinger/tmpdir/rustenburg/jag_SM13_micro003_SM13_micro001/SM13_micro001.mae
/lila/data/chodera/schrodinger/tmpdir/rustenburg/jag_SM13_micro003_SM13_micro001/lilac-0-5aeca23e.jlog
/lila/data/chodera/schrodinger/tmpdir/rustenburg/jag_SM13_micro003_SM13_micro001/SM13_micro001.in
/lila/data/chodera/schrodinger/tmpdir/rustenburg/jag_SM13_micro003_SM13_micro001/SM13_micro003.mae
/lila/data/chodera/schrodinger/tmpdir/rustenburg/jag_SM13_micro003_SM13_micro001/lilac-0-5aeca23e.nodes
/lila/data/chodera/schrodinger/tmpdir/rustenburg/jag_SM13_micro003_SM13_micro001/jag_SM13_micro003_SM13_micro001.log
/lila/data/chodera/schrodinger/tmpdir/rustenburg/jag_SM13_micro003_SM13_micro001/lilac-0-5aeca23e.mpinodes
/lila/data/chodera/schrodinger/tmpdir/rustenburg/jag_SM13_micro003_SM13_micro001/lilac-0-5aeca23e.recover
/lila/data/chodera/schrodinger/tmpdir/rustenburg/jag_SM13_micro003_SM13_micro001/lilac-0-5aeca23e
/lila/data/chodera/schrodinger/tmpdir/rustenburg/jag_SM13_micro003_SM13_micro001/lilac-0-5aeca23e.hosts
/lila/data/chodera/schrodinger/tmpdir/rustenburg/jag_SM13_micro003_SM13_micro001/jag_SM13_micro003_SM13_micro001.recover

=====================
 Jaguar pKa workflow
=====================

Analysing user-provided (prot, deprot) pair:
(SM13_micro003.in, SM13_micro001.in)
Found labile hydrogen 23 in SM13_micro003.in
Found labile hydrogen at atom 8 in SM13_micro001.in
Adding 'ipkat' keyword to input files.

Identifying pKa functional group for pair:
(SM13_micro003, SM13_micro001)

Executing subprocess:
/data/chodera/schrodinger/schrodinger2017-4-advanced/jaguar-v9.8/bin/Linux-x86_64/pka -i -j SM13_micro003.tmp.jres -n

Taking protonated structures from:
SM13_micro003.mae
Taking deprotonated structures from:
SM13_micro001.mae

This molecule from 'SM13_micro003.mae' in water was recognized as:

 # 	                  Shell                   
---	------------------------------------------
1: 	Protonation of sp3-like aliphatic nitrogen
2: 	Protonation of generic atom               


Executing conformational search...

Executing 2 distributed subjobs:
---------------------------------

No more than 8 cpu(s) will be used per subjob.
No more than 10 cpu(s) will be used simultaneously.

Processing the following subjobs:
(1) jaguar run csrch.py SM13_micro003.mae -jobname SM13_micro003 -max_conf 5 -erg_window 50.208 -acc_level 1 -TPP 5
(2) jaguar run csrch.py SM13_micro001.mae -jobname SM13_micro001 -max_conf 5 -erg_window 50.208 -acc_level 1 -TPP 5

Running subjobs on hosts:
  lsf-cpu (Max: 2)
Number of jobs:       2
Max retries per job:  3
Max allowed failures: unlimited
Run with -LOCAL:      False
Verbosity:            normal

Starting JobDJ...

Keep one job on driver host: False
JobDJ columns:
  C: Number of completed subjobs
  A: Number of active subjobs (e.g., submitted, running)
  W: Number of waiting/pending subjobs

C A W | Activity  JobId  JobName  JobHost
- - - | --------- -----------------------
0 1 1 | launched  ls11-1-5aeca249 SM13_micro003 lsf-cpu
0 2 0 | launched  ls11-1-5aeca24c SM13_micro001 lsf-cpu
1 1 0 | finished  ls11-1-5aeca24c SM13_micro001 lsf-cpu
2 0 0 | finished  ls11-1-5aeca249 SM13_micro003 lsf-cpu [lt04]

All jobs have completed.

2 of 2 job(s) succeeded; 0 job(s) failed.

Timer (distribute subjobs) : 2917.87 secs (0 hrs, 48 mins, 37 secs)

Setting up QM workflow for (protonated, deprotonated) pair:
(1) (SM13_micro003, SM13_micro001)

Executing Jaguar quantum-mechanical subjobs...

Executing 10 distributed subjobs:
----------------------------------

No more than 8 cpu(s) will be used per subjob.
No more than 10 cpu(s) will be used simultaneously.

Processing the following subjobs:
(1) jaguar run pka_prot.bat -jobname SM13_micro003_conf_1 SM13_micro003_conf_1.in
(2) jaguar run pka_prot.bat -jobname SM13_micro003_conf_2 SM13_micro003_conf_2.in
(3) jaguar run pka_prot.bat -jobname SM13_micro003_conf_3 SM13_micro003_conf_3.in
(4) jaguar run pka_prot.bat -jobname SM13_micro003_conf_4 SM13_micro003_conf_4.in
(5) jaguar run pka_prot.bat -jobname SM13_micro003_conf_5 SM13_micro003_conf_5.in
(6) jaguar run pka_deprot.bat -jobname SM13_micro001_conf_1 SM13_micro001_conf_1.in
(7) jaguar run pka_deprot.bat -jobname SM13_micro001_conf_2 SM13_micro001_conf_2.in
(8) jaguar run pka_deprot.bat -jobname SM13_micro001_conf_3 SM13_micro001_conf_3.in
(9) jaguar run pka_deprot.bat -jobname SM13_micro001_conf_4 SM13_micro001_conf_4.in
(10) jaguar run pka_deprot.bat -jobname SM13_micro001_conf_5 SM13_micro001_conf_5.in

Running subjobs on hosts:
  lsf-cpu (Max: 10)
Number of jobs:       10
Max retries per job:  3
Max allowed failures: unlimited
Run with -LOCAL:      False
Verbosity:            normal

Starting JobDJ...

Keep one job on driver host: True
JobDJ columns:
  C: Number of completed subjobs
  A: Number of active subjobs (e.g., submitted, running)
  W: Number of waiting/pending subjobs

 C  A  W | Activity  JobId  JobName  JobHost
-- -- -- | --------- -----------------------
 0  1  9 | launched  ls11-0-5aecadb1 SM13_micro003_conf_1 localhost [ls11]
 0  2  8 | launched  ls11-0-5aecadb6 SM13_micro003_conf_2 lsf-cpu
 0  3  7 | launched  ls11-0-5aecadbc SM13_micro003_conf_3 lsf-cpu
 0  4  6 | launched  ls11-0-5aecadc0 SM13_micro003_conf_4 lsf-cpu
 0  5  5 | launched  ls11-0-5aecadc6 SM13_micro003_conf_5 lsf-cpu
 0  6  4 | launched  ls11-0-5aecadcc SM13_micro001_conf_1 lsf-cpu
 0  7  3 | launched  ls11-0-5aecadd2 SM13_micro001_conf_2 lsf-cpu
 0  8  2 | launched  ls11-0-5aecadd8 SM13_micro001_conf_3 lsf-cpu
 0  9  1 | launched  ls11-0-5aecadde SM13_micro001_conf_4 lsf-cpu
 0 10  0 | launched  ls11-0-5aecade4 SM13_micro001_conf_5 lsf-cpu
 1  9  0 | finished  ls11-0-5aecadd2 SM13_micro001_conf_2 lsf-cpu [ls18]
 2  8  0 | finished  ls11-0-5aecadbc SM13_micro003_conf_3 lsf-cpu [lt21]
 3  7  0 | finished  ls11-0-5aecadc0 SM13_micro003_conf_4 lsf-cpu [lt20]
 4  6  0 | finished  ls11-0-5aecadc6 SM13_micro003_conf_5 lsf-cpu [lt16]
 5  5  0 | finished  ls11-0-5aecadb1 SM13_micro003_conf_1 localhost [ls11]
 6  4  0 | finished  ls11-0-5aecade4 SM13_micro001_conf_5 lsf-cpu [ls16]
 7  3  0 | finished  ls11-0-5aecadcc SM13_micro001_conf_1 lsf-cpu [lt21]
 8  2  0 | finished  ls11-0-5aecadde SM13_micro001_conf_4 lsf-cpu [ls18]
 9  1  0 | finished  ls11-0-5aecadd8 SM13_micro001_conf_3 lsf-cpu [ls18]
10  0  0 | finished  ls11-0-5aecadb6 SM13_micro003_conf_2 lsf-cpu [lt05]

All jobs have completed.

10 of 10 job(s) succeeded; 0 job(s) failed.

Timer (distribute subjobs) : 4605.23 secs (1 hrs, 16 mins, 45 secs)

Processing QM output files...

Executing subprocess:
/data/chodera/schrodinger/schrodinger2017-4-advanced/jaguar results -energy SM13_micro003_conf_1.nrg_h.out

Executing subprocess:
/data/chodera/schrodinger/schrodinger2017-4-advanced/jaguar results -esolv SM13_micro003_conf_1.sol_h.out

Executing subprocess:
/data/chodera/schrodinger/schrodinger2017-4-advanced/jaguar results -energy SM13_micro003_conf_2.nrg_h.out

Executing subprocess:
/data/chodera/schrodinger/schrodinger2017-4-advanced/jaguar results -esolv SM13_micro003_conf_2.sol_h.out

Executing subprocess:
/data/chodera/schrodinger/schrodinger2017-4-advanced/jaguar results -energy SM13_micro003_conf_3.nrg_h.out

Executing subprocess:
/data/chodera/schrodinger/schrodinger2017-4-advanced/jaguar results -esolv SM13_micro003_conf_3.sol_h.out

Executing subprocess:
/data/chodera/schrodinger/schrodinger2017-4-advanced/jaguar results -energy SM13_micro003_conf_4.nrg_h.out

Executing subprocess:
/data/chodera/schrodinger/schrodinger2017-4-advanced/jaguar results -esolv SM13_micro003_conf_4.sol_h.out

Executing subprocess:
/data/chodera/schrodinger/schrodinger2017-4-advanced/jaguar results -energy SM13_micro003_conf_5.nrg_h.out

Executing subprocess:
/data/chodera/schrodinger/schrodinger2017-4-advanced/jaguar results -esolv SM13_micro003_conf_5.sol_h.out

Executing subprocess:
/data/chodera/schrodinger/schrodinger2017-4-advanced/jaguar results -energy SM13_micro001_conf_1.nrg.out

Executing subprocess:
/data/chodera/schrodinger/schrodinger2017-4-advanced/jaguar results -esolv SM13_micro001_conf_1.sol.out

Executing subprocess:
/data/chodera/schrodinger/schrodinger2017-4-advanced/jaguar results -energy SM13_micro001_conf_2.nrg.out

Executing subprocess:
/data/chodera/schrodinger/schrodinger2017-4-advanced/jaguar results -esolv SM13_micro001_conf_2.sol.out

Executing subprocess:
/data/chodera/schrodinger/schrodinger2017-4-advanced/jaguar results -energy SM13_micro001_conf_3.nrg.out

Executing subprocess:
/data/chodera/schrodinger/schrodinger2017-4-advanced/jaguar results -esolv SM13_micro001_conf_3.sol.out

Executing subprocess:
/data/chodera/schrodinger/schrodinger2017-4-advanced/jaguar results -energy SM13_micro001_conf_4.nrg.out

Executing subprocess:
/data/chodera/schrodinger/schrodinger2017-4-advanced/jaguar results -esolv SM13_micro001_conf_4.sol.out

Executing subprocess:
/data/chodera/schrodinger/schrodinger2017-4-advanced/jaguar results -energy SM13_micro001_conf_5.nrg.out

Executing subprocess:
/data/chodera/schrodinger/schrodinger2017-4-advanced/jaguar results -esolv SM13_micro001_conf_5.sol.out

Executing subprocess:
/data/chodera/schrodinger/schrodinger2017-4-advanced/jaguar-v9.8/bin/Linux-x86_64/pka -o SM13_micro003_deprot-out.mae -j SM13_micro003.jres -n -d

Executing subprocess:
/data/chodera/schrodinger/schrodinger2017-4-advanced/jaguar-v9.8/bin/Linux-x86_64/pka -o SM13_micro003_prot-out.mae -j SM13_micro003.jres -n

pKa calculation for SM13_micro003 completed.

pKa workflow jag_SM13_micro003_SM13_micro001 completed.

Timer (Jaguar pKa) : 7589.92 secs (2 hrs, 06 mins, 29 secs)
Timer (jaguar_backend.py) : 7589.92 secs (2 hrs, 06 mins, 29 secs)
Finished:   Fri May  4 16:17:47 2018
