Command:    jaguar run pka.py -jobname jag_SM11_micro026_SM11_micro018 -PARALLEL 10 -n -csrch -prot SM11_micro026.in -deprot SM11_micro018.in
Release:    2017-4
Exec:       /data/chodera/schrodinger/schrodinger2017-4-advanced/jaguar-v9.8/bin/Linux-x86_64
Host:       ls13
JobId:      lilac-0-5aec9a9e
JobDir:     /lila/data/chodera/schrodinger/tmpdir/rustenburg/jag_SM11_micro026_SM11_micro018
Date:       Fri May  4 13:39:38 2018

Contents of /lila/data/chodera/schrodinger/tmpdir/rustenburg/jag_SM11_micro026_SM11_micro018:
/lila/data/chodera/schrodinger/tmpdir/rustenburg/jag_SM11_micro026_SM11_micro018/jag_SM11_micro026_SM11_micro018.recover
/lila/data/chodera/schrodinger/tmpdir/rustenburg/jag_SM11_micro026_SM11_micro018/SM11_micro026.mae
/lila/data/chodera/schrodinger/tmpdir/rustenburg/jag_SM11_micro026_SM11_micro018/lilac-0-5aec9a9e.jlog
/lila/data/chodera/schrodinger/tmpdir/rustenburg/jag_SM11_micro026_SM11_micro018/lilac-0-5aec9a9e.hosts
/lila/data/chodera/schrodinger/tmpdir/rustenburg/jag_SM11_micro026_SM11_micro018/jag_SM11_micro026_SM11_micro018.log
/lila/data/chodera/schrodinger/tmpdir/rustenburg/jag_SM11_micro026_SM11_micro018/lilac-0-5aec9a9e
/lila/data/chodera/schrodinger/tmpdir/rustenburg/jag_SM11_micro026_SM11_micro018/SM11_micro018.mae
/lila/data/chodera/schrodinger/tmpdir/rustenburg/jag_SM11_micro026_SM11_micro018/lilac-0-5aec9a9e.recover
/lila/data/chodera/schrodinger/tmpdir/rustenburg/jag_SM11_micro026_SM11_micro018/lilac-0-5aec9a9e.mpinodes
/lila/data/chodera/schrodinger/tmpdir/rustenburg/jag_SM11_micro026_SM11_micro018/SM11_micro026.in
/lila/data/chodera/schrodinger/tmpdir/rustenburg/jag_SM11_micro026_SM11_micro018/SM11_micro018.in
/lila/data/chodera/schrodinger/tmpdir/rustenburg/jag_SM11_micro026_SM11_micro018/lilac-0-5aec9a9e.nodes

=====================
 Jaguar pKa workflow
=====================

Analysing user-provided (prot, deprot) pair:
(SM11_micro026.in, SM11_micro018.in)
Found labile hydrogen 17 in SM11_micro026.in
Found labile hydrogen at atom 13 in SM11_micro018.in
Adding 'ipkat' keyword to input files.

Identifying pKa functional group for pair:
(SM11_micro026, SM11_micro018)

Executing subprocess:
/data/chodera/schrodinger/schrodinger2017-4-advanced/jaguar-v9.8/bin/Linux-x86_64/pka -i -j SM11_micro026.tmp.jres -n

Taking protonated structures from:
SM11_micro026.mae
Taking deprotonated structures from:
SM11_micro018.mae

This molecule from 'SM11_micro026.mae' in water was recognized as:

 # 	                  Shell                   
---	------------------------------------------
1: 	Protonation of sp3-like aliphatic nitrogen
2: 	Protonation of generic atom               


Executing conformational search...

Executing 2 distributed subjobs:
---------------------------------

No more than 8 cpu(s) will be used per subjob.
No more than 10 cpu(s) will be used simultaneously.

Processing the following subjobs:
(1) jaguar run csrch.py SM11_micro026.mae -jobname SM11_micro026 -max_conf 5 -erg_window 50.208 -acc_level 1 -TPP 5
(2) jaguar run csrch.py SM11_micro018.mae -jobname SM11_micro018 -max_conf 5 -erg_window 50.208 -acc_level 1 -TPP 5

Running subjobs on hosts:
  lsf-cpu (Max: 2)
Number of jobs:       2
Max retries per job:  3
Max allowed failures: unlimited
Run with -LOCAL:      False
Verbosity:            normal

Starting JobDJ...

Keep one job on driver host: False
JobDJ columns:
  C: Number of completed subjobs
  A: Number of active subjobs (e.g., submitted, running)
  W: Number of waiting/pending subjobs

C A W | Activity  JobId  JobName  JobHost
- - - | --------- -----------------------
0 1 1 | launched  ls13-0-5aec9adf SM11_micro026 lsf-cpu
0 2 0 | launched  ls13-0-5aec9ae2 SM11_micro018 lsf-cpu
1 1 0 | finished  ls13-0-5aec9ae2 SM11_micro018 lsf-cpu
2 0 0 | finished  ls13-0-5aec9adf SM11_micro026 lsf-cpu

All jobs have completed.

2 of 2 job(s) succeeded; 0 job(s) failed.

Timer (distribute subjobs) : 630.09 secs (0 hrs, 10 mins, 30 secs)

Setting up QM workflow for (protonated, deprotonated) pair:
(1) (SM11_micro026, SM11_micro018)

Executing Jaguar quantum-mechanical subjobs...

Executing 5 distributed subjobs:
---------------------------------

No more than 8 cpu(s) will be used per subjob.
No more than 10 cpu(s) will be used simultaneously.

Processing the following subjobs:
(1) jaguar run pka_prot.bat -jobname SM11_micro026_conf_1 SM11_micro026_conf_1.in -TPP 2
(2) jaguar run pka_prot.bat -jobname SM11_micro026_conf_2 SM11_micro026_conf_2.in -TPP 2
(3) jaguar run pka_prot.bat -jobname SM11_micro026_conf_3 SM11_micro026_conf_3.in -TPP 2
(4) jaguar run pka_deprot.bat -jobname SM11_micro018_conf_1 SM11_micro018_conf_1.in -TPP 2
(5) jaguar run pka_deprot.bat -jobname SM11_micro018_conf_2 SM11_micro018_conf_2.in -TPP 2

Running subjobs on hosts:
  lsf-cpu (Max: 5)
Number of jobs:       5
Max retries per job:  3
Max allowed failures: unlimited
Run with -LOCAL:      False
Verbosity:            normal

Starting JobDJ...

Keep one job on driver host: False
JobDJ columns:
  C: Number of completed subjobs
  A: Number of active subjobs (e.g., submitted, running)
  W: Number of waiting/pending subjobs

C A W | Activity  JobId  JobName  JobHost
- - - | --------- -----------------------
0 1 4 | launched  ls13-1-5aec9d55 SM11_micro026_conf_1 lsf-cpu
0 2 3 | launched  ls13-0-5aec9d58 SM11_micro026_conf_2 lsf-cpu
0 3 2 | launched  ls13-0-5aec9d5b SM11_micro026_conf_3 lsf-cpu
0 4 1 | launched  ls13-0-5aec9d5d SM11_micro018_conf_1 lsf-cpu
0 5 0 | launched  ls13-0-5aec9d5f SM11_micro018_conf_2 lsf-cpu
1 4 0 | finished  ls13-0-5aec9d5f SM11_micro018_conf_2 lsf-cpu [ls14]
2 3 0 | finished  ls13-0-5aec9d5d SM11_micro018_conf_1 lsf-cpu [ls14]
3 2 0 | finished  ls13-1-5aec9d55 SM11_micro026_conf_1 lsf-cpu [ls10]
4 1 0 | finished  ls13-0-5aec9d5b SM11_micro026_conf_3 lsf-cpu [ls14]
5 0 0 | finished  ls13-0-5aec9d58 SM11_micro026_conf_2 lsf-cpu [ls16]

All jobs have completed.

5 of 5 job(s) succeeded; 0 job(s) failed.

Timer (distribute subjobs) : 1746.49 secs (0 hrs, 29 mins, 06 secs)

Processing QM output files...

Executing subprocess:
/data/chodera/schrodinger/schrodinger2017-4-advanced/jaguar results -energy SM11_micro026_conf_1.nrg_h.out

Executing subprocess:
/data/chodera/schrodinger/schrodinger2017-4-advanced/jaguar results -esolv SM11_micro026_conf_1.sol_h.out

Executing subprocess:
/data/chodera/schrodinger/schrodinger2017-4-advanced/jaguar results -energy SM11_micro026_conf_2.nrg_h.out

Executing subprocess:
/data/chodera/schrodinger/schrodinger2017-4-advanced/jaguar results -esolv SM11_micro026_conf_2.sol_h.out

Executing subprocess:
/data/chodera/schrodinger/schrodinger2017-4-advanced/jaguar results -energy SM11_micro026_conf_3.nrg_h.out

Executing subprocess:
/data/chodera/schrodinger/schrodinger2017-4-advanced/jaguar results -esolv SM11_micro026_conf_3.sol_h.out

Executing subprocess:
/data/chodera/schrodinger/schrodinger2017-4-advanced/jaguar results -energy SM11_micro018_conf_1.nrg.out

Executing subprocess:
/data/chodera/schrodinger/schrodinger2017-4-advanced/jaguar results -esolv SM11_micro018_conf_1.sol.out

Executing subprocess:
/data/chodera/schrodinger/schrodinger2017-4-advanced/jaguar results -energy SM11_micro018_conf_2.nrg.out

Executing subprocess:
/data/chodera/schrodinger/schrodinger2017-4-advanced/jaguar results -esolv SM11_micro018_conf_2.sol.out

Executing subprocess:
/data/chodera/schrodinger/schrodinger2017-4-advanced/jaguar-v9.8/bin/Linux-x86_64/pka -o SM11_micro026_deprot-out.mae -j SM11_micro026.jres -n -d

Executing subprocess:
/data/chodera/schrodinger/schrodinger2017-4-advanced/jaguar-v9.8/bin/Linux-x86_64/pka -o SM11_micro026_prot-out.mae -j SM11_micro026.jres -n

pKa calculation for SM11_micro026 completed.

pKa workflow jag_SM11_micro026_SM11_micro018 completed.

Timer (Jaguar pKa) : 2414.28 secs (0 hrs, 40 mins, 14 secs)
Timer (jaguar_backend.py) : 2414.28 secs (0 hrs, 40 mins, 14 secs)
Finished:   Fri May  4 14:19:53 2018
