Command:    jaguar run pka.py -jobname jag_SM16_micro008_SM16_micro004 -PARALLEL 10 -n -csrch -prot SM16_micro008.in -deprot SM16_micro004.in
Release:    2017-4
Exec:       /data/chodera/schrodinger/schrodinger2017-4-advanced/jaguar-v9.8/bin/Linux-x86_64
Host:       lt05
JobId:      lilac-0-5aeca5a6
JobDir:     /lila/data/chodera/schrodinger/tmpdir/rustenburg/jag_SM16_micro008_SM16_micro004
Date:       Fri May  4 14:26:54 2018

Contents of /lila/data/chodera/schrodinger/tmpdir/rustenburg/jag_SM16_micro008_SM16_micro004:
/lila/data/chodera/schrodinger/tmpdir/rustenburg/jag_SM16_micro008_SM16_micro004/lilac-0-5aeca5a6.jlog
/lila/data/chodera/schrodinger/tmpdir/rustenburg/jag_SM16_micro008_SM16_micro004/lilac-0-5aeca5a6.mpinodes
/lila/data/chodera/schrodinger/tmpdir/rustenburg/jag_SM16_micro008_SM16_micro004/lilac-0-5aeca5a6.nodes
/lila/data/chodera/schrodinger/tmpdir/rustenburg/jag_SM16_micro008_SM16_micro004/jag_SM16_micro008_SM16_micro004.log
/lila/data/chodera/schrodinger/tmpdir/rustenburg/jag_SM16_micro008_SM16_micro004/SM16_micro004.mae
/lila/data/chodera/schrodinger/tmpdir/rustenburg/jag_SM16_micro008_SM16_micro004/SM16_micro004.in
/lila/data/chodera/schrodinger/tmpdir/rustenburg/jag_SM16_micro008_SM16_micro004/lilac-0-5aeca5a6.hosts
/lila/data/chodera/schrodinger/tmpdir/rustenburg/jag_SM16_micro008_SM16_micro004/lilac-0-5aeca5a6
/lila/data/chodera/schrodinger/tmpdir/rustenburg/jag_SM16_micro008_SM16_micro004/lilac-0-5aeca5a6.recover
/lila/data/chodera/schrodinger/tmpdir/rustenburg/jag_SM16_micro008_SM16_micro004/jag_SM16_micro008_SM16_micro004.recover
/lila/data/chodera/schrodinger/tmpdir/rustenburg/jag_SM16_micro008_SM16_micro004/SM16_micro008.mae
/lila/data/chodera/schrodinger/tmpdir/rustenburg/jag_SM16_micro008_SM16_micro004/SM16_micro008.in

=====================
 Jaguar pKa workflow
=====================

Analysing user-provided (prot, deprot) pair:
(SM16_micro008.in, SM16_micro004.in)
Found labile hydrogen 18 in SM16_micro008.in
Found labile hydrogen at atom 10 in SM16_micro004.in
Adding 'ipkat' keyword to input files.

Identifying pKa functional group for pair:
(SM16_micro008, SM16_micro004)

Executing subprocess:
/data/chodera/schrodinger/schrodinger2017-4-advanced/jaguar-v9.8/bin/Linux-x86_64/pka -i -j SM16_micro008.tmp.jres -n

Taking protonated structures from:
SM16_micro008.mae
Taking deprotonated structures from:
SM16_micro004.mae

This molecule from 'SM16_micro008.mae' in water was recognized as:

 # 	            Shell             
---	------------------------------
1: 	amide as base                 
2: 	Protonation of generic atom   
3: 	Protonation of sp2-like oxygen


Executing conformational search...

Executing 2 distributed subjobs:
---------------------------------

No more than 8 cpu(s) will be used per subjob.
No more than 10 cpu(s) will be used simultaneously.

Processing the following subjobs:
(1) jaguar run csrch.py SM16_micro008.mae -jobname SM16_micro008 -max_conf 5 -erg_window 50.208 -acc_level 1 -TPP 5
(2) jaguar run csrch.py SM16_micro004.mae -jobname SM16_micro004 -max_conf 5 -erg_window 50.208 -acc_level 1 -TPP 5

Running subjobs on hosts:
  lsf-cpu (Max: 2)
Number of jobs:       2
Max retries per job:  3
Max allowed failures: unlimited
Run with -LOCAL:      False
Verbosity:            normal

Starting JobDJ...

Keep one job on driver host: False
JobDJ columns:
  C: Number of completed subjobs
  A: Number of active subjobs (e.g., submitted, running)
  W: Number of waiting/pending subjobs

C A W | Activity  JobId  JobName  JobHost
- - - | --------- -----------------------
0 1 1 | launched  lt05-0-5aeca5f3 SM16_micro008 lsf-cpu
0 2 0 | launched  lt05-0-5aeca5f6 SM16_micro004 lsf-cpu
1 1 0 | finished  lt05-0-5aeca5f3 SM16_micro008 lsf-cpu
2 0 0 | finished  lt05-0-5aeca5f6 SM16_micro004 lsf-cpu

All jobs have completed.

2 of 2 job(s) succeeded; 0 job(s) failed.

Timer (distribute subjobs) : 415.74 secs (0 hrs, 06 mins, 55 secs)

Setting up QM workflow for (protonated, deprotonated) pair:
(1) (SM16_micro008, SM16_micro004)

Executing Jaguar quantum-mechanical subjobs...

Executing 10 distributed subjobs:
----------------------------------

No more than 8 cpu(s) will be used per subjob.
No more than 10 cpu(s) will be used simultaneously.

Processing the following subjobs:
(1) jaguar run pka_prot.bat -jobname SM16_micro008_conf_1 SM16_micro008_conf_1.in
(2) jaguar run pka_prot.bat -jobname SM16_micro008_conf_2 SM16_micro008_conf_2.in
(3) jaguar run pka_prot.bat -jobname SM16_micro008_conf_3 SM16_micro008_conf_3.in
(4) jaguar run pka_prot.bat -jobname SM16_micro008_conf_4 SM16_micro008_conf_4.in
(5) jaguar run pka_prot.bat -jobname SM16_micro008_conf_5 SM16_micro008_conf_5.in
(6) jaguar run pka_deprot.bat -jobname SM16_micro004_conf_1 SM16_micro004_conf_1.in
(7) jaguar run pka_deprot.bat -jobname SM16_micro004_conf_2 SM16_micro004_conf_2.in
(8) jaguar run pka_deprot.bat -jobname SM16_micro004_conf_3 SM16_micro004_conf_3.in
(9) jaguar run pka_deprot.bat -jobname SM16_micro004_conf_4 SM16_micro004_conf_4.in
(10) jaguar run pka_deprot.bat -jobname SM16_micro004_conf_5 SM16_micro004_conf_5.in

Running subjobs on hosts:
  lsf-cpu (Max: 10)
Number of jobs:       10
Max retries per job:  3
Max allowed failures: unlimited
Run with -LOCAL:      False
Verbosity:            normal

Starting JobDJ...

Keep one job on driver host: True
JobDJ columns:
  C: Number of completed subjobs
  A: Number of active subjobs (e.g., submitted, running)
  W: Number of waiting/pending subjobs

 C  A  W | Activity  JobId  JobName  JobHost
-- -- -- | --------- -----------------------
 0  1  9 | launched  lt05-0-5aeca793 SM16_micro008_conf_1 localhost [lt05]
 0  2  8 | launched  lt05-2-5aeca796 SM16_micro008_conf_2 lsf-cpu
 0  3  7 | launched  lt05-1-5aeca799 SM16_micro008_conf_3 lsf-cpu
 0  4  6 | launched  lt05-0-5aeca79d SM16_micro008_conf_4 lsf-cpu
 0  5  5 | launched  lt05-0-5aeca7a0 SM16_micro008_conf_5 lsf-cpu
 0  6  4 | launched  lt05-0-5aeca7a4 SM16_micro004_conf_1 lsf-cpu
 0  7  3 | launched  lt05-0-5aeca7a8 SM16_micro004_conf_2 lsf-cpu
 0  8  2 | launched  lt05-0-5aeca7ac SM16_micro004_conf_3 lsf-cpu
 0  9  1 | launched  lt05-0-5aeca7b1 SM16_micro004_conf_4 lsf-cpu
 0 10  0 | launched  lt05-0-5aeca7b5 SM16_micro004_conf_5 lsf-cpu
 1  9  0 | finished  lt05-0-5aeca7a8 SM16_micro004_conf_2 lsf-cpu [ls18]
 2  8  0 | finished  lt05-0-5aeca793 SM16_micro008_conf_1 localhost [lt05]
 3  7  0 | finished  lt05-0-5aeca7b5 SM16_micro004_conf_5 lsf-cpu [lt16]
 4  6  0 | finished  lt05-0-5aeca7a0 SM16_micro008_conf_5 lsf-cpu [lt08]
 5  5  0 | finished  lt05-0-5aeca7ac SM16_micro004_conf_3 lsf-cpu [ls10]
 6  4  0 | finished  lt05-0-5aeca7b1 SM16_micro004_conf_4 lsf-cpu [ls10]
 7  3  0 | finished  lt05-0-5aeca79d SM16_micro008_conf_4 lsf-cpu [lt08]
 8  2  0 | finished  lt05-0-5aeca7a4 SM16_micro004_conf_1 lsf-cpu [ls10]
 9  1  0 | finished  lt05-2-5aeca796 SM16_micro008_conf_2 lsf-cpu [lt08]
10  0  0 | finished  lt05-1-5aeca799 SM16_micro008_conf_3 lsf-cpu [lt08]

All jobs have completed.

10 of 10 job(s) succeeded; 0 job(s) failed.

Timer (distribute subjobs) : 2092.83 secs (0 hrs, 34 mins, 52 secs)

Processing QM output files...

Executing subprocess:
/data/chodera/schrodinger/schrodinger2017-4-advanced/jaguar results -energy SM16_micro008_conf_1.nrg_h.out

Executing subprocess:
/data/chodera/schrodinger/schrodinger2017-4-advanced/jaguar results -esolv SM16_micro008_conf_1.sol_h.out

Executing subprocess:
/data/chodera/schrodinger/schrodinger2017-4-advanced/jaguar results -energy SM16_micro008_conf_2.nrg_h.out

Executing subprocess:
/data/chodera/schrodinger/schrodinger2017-4-advanced/jaguar results -esolv SM16_micro008_conf_2.sol_h.out

Executing subprocess:
/data/chodera/schrodinger/schrodinger2017-4-advanced/jaguar results -energy SM16_micro008_conf_3.nrg_h.out

Executing subprocess:
/data/chodera/schrodinger/schrodinger2017-4-advanced/jaguar results -esolv SM16_micro008_conf_3.sol_h.out

Executing subprocess:
/data/chodera/schrodinger/schrodinger2017-4-advanced/jaguar results -energy SM16_micro008_conf_4.nrg_h.out

Executing subprocess:
/data/chodera/schrodinger/schrodinger2017-4-advanced/jaguar results -esolv SM16_micro008_conf_4.sol_h.out

Executing subprocess:
/data/chodera/schrodinger/schrodinger2017-4-advanced/jaguar results -energy SM16_micro008_conf_5.nrg_h.out

Executing subprocess:
/data/chodera/schrodinger/schrodinger2017-4-advanced/jaguar results -esolv SM16_micro008_conf_5.sol_h.out

Executing subprocess:
/data/chodera/schrodinger/schrodinger2017-4-advanced/jaguar results -energy SM16_micro004_conf_1.nrg.out

Executing subprocess:
/data/chodera/schrodinger/schrodinger2017-4-advanced/jaguar results -esolv SM16_micro004_conf_1.sol.out

Executing subprocess:
/data/chodera/schrodinger/schrodinger2017-4-advanced/jaguar results -energy SM16_micro004_conf_2.nrg.out

Executing subprocess:
/data/chodera/schrodinger/schrodinger2017-4-advanced/jaguar results -esolv SM16_micro004_conf_2.sol.out

Executing subprocess:
/data/chodera/schrodinger/schrodinger2017-4-advanced/jaguar results -energy SM16_micro004_conf_3.nrg.out

Executing subprocess:
/data/chodera/schrodinger/schrodinger2017-4-advanced/jaguar results -esolv SM16_micro004_conf_3.sol.out

Executing subprocess:
/data/chodera/schrodinger/schrodinger2017-4-advanced/jaguar results -energy SM16_micro004_conf_4.nrg.out

Executing subprocess:
/data/chodera/schrodinger/schrodinger2017-4-advanced/jaguar results -esolv SM16_micro004_conf_4.sol.out

Executing subprocess:
/data/chodera/schrodinger/schrodinger2017-4-advanced/jaguar results -energy SM16_micro004_conf_5.nrg.out

Executing subprocess:
/data/chodera/schrodinger/schrodinger2017-4-advanced/jaguar results -esolv SM16_micro004_conf_5.sol.out

Executing subprocess:
/data/chodera/schrodinger/schrodinger2017-4-advanced/jaguar-v9.8/bin/Linux-x86_64/pka -o SM16_micro008_deprot-out.mae -j SM16_micro008.jres -n -d

Executing subprocess:
/data/chodera/schrodinger/schrodinger2017-4-advanced/jaguar-v9.8/bin/Linux-x86_64/pka -o SM16_micro008_prot-out.mae -j SM16_micro008.jres -n

pKa calculation for SM16_micro008 completed.

pKa workflow jag_SM16_micro008_SM16_micro004 completed.

Timer (Jaguar pKa) : 2633.75 secs (0 hrs, 43 mins, 53 secs)
Timer (jaguar_backend.py) : 2633.75 secs (0 hrs, 43 mins, 53 secs)
Finished:   Fri May  4 15:10:48 2018
