Command:    jaguar run pka.py -jobname jag_SM24_micro006_SM24_micro002 -PARALLEL 10 -WAIT -n -csrch -prot SM24_micro006.in -deprot SM24_micro002.in
Release:    2017-4
Exec:       /data/chodera/schrodinger/schrodinger2017-4-advanced/jaguar-v9.8/bin/Linux-x86_64
Host:       lt20
JobId:      lt20-0-5af5cfe5
JobDir:     /lila/data/chodera/schrodinger/tmpdir/rustenburg/jag_SM24_micro006_SM24_micro002
Date:       Fri May 11 13:16:24 2018

Contents of /lila/data/chodera/schrodinger/tmpdir/rustenburg/jag_SM24_micro006_SM24_micro002:
/lila/data/chodera/schrodinger/tmpdir/rustenburg/jag_SM24_micro006_SM24_micro002/SM24_micro002.in
/lila/data/chodera/schrodinger/tmpdir/rustenburg/jag_SM24_micro006_SM24_micro002/SM24_micro006.in
/lila/data/chodera/schrodinger/tmpdir/rustenburg/jag_SM24_micro006_SM24_micro002/lt20-0-5af5cfe5.recover
/lila/data/chodera/schrodinger/tmpdir/rustenburg/jag_SM24_micro006_SM24_micro002/SM24_micro002.mae
/lila/data/chodera/schrodinger/tmpdir/rustenburg/jag_SM24_micro006_SM24_micro002/jag_SM24_micro006_SM24_micro002.recover
/lila/data/chodera/schrodinger/tmpdir/rustenburg/jag_SM24_micro006_SM24_micro002/jag_SM24_micro006_SM24_micro002.log
/lila/data/chodera/schrodinger/tmpdir/rustenburg/jag_SM24_micro006_SM24_micro002/SM24_micro006.mae
/lila/data/chodera/schrodinger/tmpdir/rustenburg/jag_SM24_micro006_SM24_micro002/lt20-0-5af5cfe5
/lila/data/chodera/schrodinger/tmpdir/rustenburg/jag_SM24_micro006_SM24_micro002/lt20-0-5af5cfe5.mpinodes

=====================
 Jaguar pKa workflow
=====================

Analysing user-provided (prot, deprot) pair:
(SM24_micro006.in, SM24_micro002.in)
Found labile hydrogen 45 in SM24_micro006.in
Found labile hydrogen at atom 26 in SM24_micro002.in
Adding 'ipkat' keyword to input files.

Identifying pKa functional group for pair:
(SM24_micro006, SM24_micro002)

Executing subprocess:
/data/chodera/schrodinger/schrodinger2017-4-advanced/jaguar-v9.8/bin/Linux-x86_64/pka -i -j SM24_micro006.tmp.jres -n

Taking protonated structures from:
SM24_micro006.mae
Taking deprotonated structures from:
SM24_micro002.mae

This molecule from 'SM24_micro006.mae' in water was recognized as:

 # 	                  Shell                   
---	------------------------------------------
1: 	Protonation of sp2-like aliphatic nitrogen
2: 	Protonation of generic atom               


Executing conformational search...

Executing 2 distributed subjobs:
---------------------------------

No more than 8 cpu(s) will be used per subjob.
No more than 10 cpu(s) will be used simultaneously.

Processing the following subjobs:
(1) jaguar run csrch.py SM24_micro006.mae -jobname SM24_micro006 -max_conf 5 -erg_window 50.208 -acc_level 1 -TPP 5
(2) jaguar run csrch.py SM24_micro002.mae -jobname SM24_micro002 -max_conf 5 -erg_window 50.208 -acc_level 1 -TPP 5

Running subjobs on hosts:
  localhost (Max: 2)
Number of jobs:       2
Max retries per job:  3
Max allowed failures: unlimited
Run with -LOCAL:      False
Verbosity:            normal

Starting JobDJ...

Keep one job on driver host: False
JobDJ columns:
  C: Number of completed subjobs
  A: Number of active subjobs (e.g., submitted, running)
  W: Number of waiting/pending subjobs

C A W | Activity  JobId  JobName  JobHost
- - - | --------- -----------------------
0 1 1 | launched  lt20-0-5af5cfec SM24_micro006 localhost [lt20]
0 2 0 | launched  lt20-0-5af5cfee SM24_micro002 localhost [lt20]
1 1 0 | finished  lt20-0-5af5cfee SM24_micro002 localhost [lt20]
2 0 0 | finished  lt20-0-5af5cfec SM24_micro006 localhost [lt20]

All jobs have completed.

2 of 2 job(s) succeeded; 0 job(s) failed.

Timer (distribute subjobs) : 1330.78 secs (0 hrs, 22 mins, 10 secs)

Setting up QM workflow for (protonated, deprotonated) pair:
(1) (SM24_micro006, SM24_micro002)

Executing Jaguar quantum-mechanical subjobs...

Executing 10 distributed subjobs:
----------------------------------

No more than 8 cpu(s) will be used per subjob.
No more than 10 cpu(s) will be used simultaneously.

Processing the following subjobs:
(1) jaguar run pka_prot.bat -jobname SM24_micro006_conf_1 SM24_micro006_conf_1.in
(2) jaguar run pka_prot.bat -jobname SM24_micro006_conf_2 SM24_micro006_conf_2.in
(3) jaguar run pka_prot.bat -jobname SM24_micro006_conf_3 SM24_micro006_conf_3.in
(4) jaguar run pka_prot.bat -jobname SM24_micro006_conf_4 SM24_micro006_conf_4.in
(5) jaguar run pka_prot.bat -jobname SM24_micro006_conf_5 SM24_micro006_conf_5.in
(6) jaguar run pka_deprot.bat -jobname SM24_micro002_conf_1 SM24_micro002_conf_1.in
(7) jaguar run pka_deprot.bat -jobname SM24_micro002_conf_2 SM24_micro002_conf_2.in
(8) jaguar run pka_deprot.bat -jobname SM24_micro002_conf_3 SM24_micro002_conf_3.in
(9) jaguar run pka_deprot.bat -jobname SM24_micro002_conf_4 SM24_micro002_conf_4.in
(10) jaguar run pka_deprot.bat -jobname SM24_micro002_conf_5 SM24_micro002_conf_5.in

Running subjobs on hosts:
  localhost (Max: 10)
Number of jobs:       10
Max retries per job:  3
Max allowed failures: unlimited
Run with -LOCAL:      False
Verbosity:            normal

Starting JobDJ...

Keep one job on driver host: False
JobDJ columns:
  C: Number of completed subjobs
  A: Number of active subjobs (e.g., submitted, running)
  W: Number of waiting/pending subjobs

 C  A  W | Activity  JobId  JobName  JobHost
-- -- -- | --------- -----------------------
 0  1  9 | launched  lt20-0-5af5d523 SM24_micro006_conf_1 localhost [lt20]
 0  2  8 | launched  lt20-0-5af5d525 SM24_micro006_conf_2 localhost [lt20]
 0  3  7 | launched  lt20-0-5af5d527 SM24_micro006_conf_3 localhost [lt20]
 0  4  6 | launched  lt20-1-5af5d529 SM24_micro006_conf_4 localhost [lt20]
 0  5  5 | launched  lt20-0-5af5d52c SM24_micro006_conf_5 localhost [lt20]
 0  6  4 | launched  lt20-0-5af5d52f SM24_micro002_conf_1 localhost [lt20]
 0  7  3 | launched  lt20-0-5af5d533 SM24_micro002_conf_2 localhost [lt20]
 0  8  2 | launched  lt20-0-5af5d537 SM24_micro002_conf_3 localhost [lt20]
 0  9  1 | launched  lt20-0-5af5d53b SM24_micro002_conf_4 localhost [lt20]
 0 10  0 | launched  lt20-0-5af5d540 SM24_micro002_conf_5 localhost [lt20]
 1  9  0 | finished  lt20-0-5af5d52c SM24_micro006_conf_5 localhost [lt20]
 2  8  0 | finished  lt20-0-5af5d523 SM24_micro006_conf_1 localhost [lt20]
 3  7  0 | finished  lt20-0-5af5d527 SM24_micro006_conf_3 localhost [lt20]
 4  6  0 | finished  lt20-1-5af5d529 SM24_micro006_conf_4 localhost [lt20]
 5  5  0 | finished  lt20-0-5af5d525 SM24_micro006_conf_2 localhost [lt20]
 6  4  0 | finished  lt20-0-5af5d533 SM24_micro002_conf_2 localhost [lt20]
 7  3  0 | finished  lt20-0-5af5d52f SM24_micro002_conf_1 localhost [lt20]
 8  2  0 | finished  lt20-0-5af5d540 SM24_micro002_conf_5 localhost [lt20]
 9  1  0 | finished  lt20-0-5af5d537 SM24_micro002_conf_3 localhost [lt20]
10  0  0 | finished  lt20-0-5af5d53b SM24_micro002_conf_4 localhost [lt20]

All jobs have completed.

10 of 10 job(s) succeeded; 0 job(s) failed.

Timer (distribute subjobs) : 10430.17 secs (2 hrs, 53 mins, 50 secs)

Processing QM output files...

Executing subprocess:
/data/chodera/schrodinger/schrodinger2017-4-advanced/jaguar results -energy SM24_micro006_conf_1.nrg_h.out

Executing subprocess:
/data/chodera/schrodinger/schrodinger2017-4-advanced/jaguar results -esolv SM24_micro006_conf_1.sol_h.out

Executing subprocess:
/data/chodera/schrodinger/schrodinger2017-4-advanced/jaguar results -energy SM24_micro006_conf_2.nrg_h.out

Executing subprocess:
/data/chodera/schrodinger/schrodinger2017-4-advanced/jaguar results -esolv SM24_micro006_conf_2.sol_h.out

Executing subprocess:
/data/chodera/schrodinger/schrodinger2017-4-advanced/jaguar results -energy SM24_micro006_conf_3.nrg_h.out

Executing subprocess:
/data/chodera/schrodinger/schrodinger2017-4-advanced/jaguar results -esolv SM24_micro006_conf_3.sol_h.out

Executing subprocess:
/data/chodera/schrodinger/schrodinger2017-4-advanced/jaguar results -energy SM24_micro006_conf_4.nrg_h.out

Executing subprocess:
/data/chodera/schrodinger/schrodinger2017-4-advanced/jaguar results -esolv SM24_micro006_conf_4.sol_h.out

Executing subprocess:
/data/chodera/schrodinger/schrodinger2017-4-advanced/jaguar results -energy SM24_micro006_conf_5.nrg_h.out

Executing subprocess:
/data/chodera/schrodinger/schrodinger2017-4-advanced/jaguar results -esolv SM24_micro006_conf_5.sol_h.out

Executing subprocess:
/data/chodera/schrodinger/schrodinger2017-4-advanced/jaguar results -energy SM24_micro002_conf_1.nrg.out

Executing subprocess:
/data/chodera/schrodinger/schrodinger2017-4-advanced/jaguar results -esolv SM24_micro002_conf_1.sol.out

Executing subprocess:
/data/chodera/schrodinger/schrodinger2017-4-advanced/jaguar results -energy SM24_micro002_conf_2.nrg.out

Executing subprocess:
/data/chodera/schrodinger/schrodinger2017-4-advanced/jaguar results -esolv SM24_micro002_conf_2.sol.out

Executing subprocess:
/data/chodera/schrodinger/schrodinger2017-4-advanced/jaguar results -energy SM24_micro002_conf_3.nrg.out

Executing subprocess:
/data/chodera/schrodinger/schrodinger2017-4-advanced/jaguar results -esolv SM24_micro002_conf_3.sol.out

Executing subprocess:
/data/chodera/schrodinger/schrodinger2017-4-advanced/jaguar results -energy SM24_micro002_conf_4.nrg.out

Executing subprocess:
/data/chodera/schrodinger/schrodinger2017-4-advanced/jaguar results -esolv SM24_micro002_conf_4.sol.out

Executing subprocess:
/data/chodera/schrodinger/schrodinger2017-4-advanced/jaguar results -energy SM24_micro002_conf_5.nrg.out

Executing subprocess:
/data/chodera/schrodinger/schrodinger2017-4-advanced/jaguar results -esolv SM24_micro002_conf_5.sol.out

Executing subprocess:
/data/chodera/schrodinger/schrodinger2017-4-advanced/jaguar-v9.8/bin/Linux-x86_64/pka -o SM24_micro006_deprot-out.mae -j SM24_micro006.jres -n -d

Executing subprocess:
/data/chodera/schrodinger/schrodinger2017-4-advanced/jaguar-v9.8/bin/Linux-x86_64/pka -o SM24_micro006_prot-out.mae -j SM24_micro006.jres -n

pKa calculation for SM24_micro006 completed.

pKa workflow jag_SM24_micro006_SM24_micro002 completed.

Timer (Jaguar pKa) : 11817.46 secs (3 hrs, 16 mins, 57 secs)
Timer (jaguar_backend.py) : 11817.46 secs (3 hrs, 16 mins, 57 secs)
Finished:   Fri May 11 16:33:21 2018
