Command:    jaguar run pka.py -jobname jag_SM18_micro013_SM18_micro011 -PARALLEL 10 -n -csrch -prot SM18_micro013.in -deprot SM18_micro011.in
Release:    2017-4
Exec:       /data/chodera/schrodinger/schrodinger2017-4-advanced/jaguar-v9.8/bin/Linux-x86_64
Host:       ls13
JobId:      lilac-0-5aecae81
JobDir:     /lila/data/chodera/schrodinger/tmpdir/rustenburg/jag_SM18_micro013_SM18_micro011
Date:       Fri May  4 15:14:25 2018

Contents of /lila/data/chodera/schrodinger/tmpdir/rustenburg/jag_SM18_micro013_SM18_micro011:
/lila/data/chodera/schrodinger/tmpdir/rustenburg/jag_SM18_micro013_SM18_micro011/lilac-0-5aecae81.nodes
/lila/data/chodera/schrodinger/tmpdir/rustenburg/jag_SM18_micro013_SM18_micro011/jag_SM18_micro013_SM18_micro011.log
/lila/data/chodera/schrodinger/tmpdir/rustenburg/jag_SM18_micro013_SM18_micro011/lilac-0-5aecae81.jlog
/lila/data/chodera/schrodinger/tmpdir/rustenburg/jag_SM18_micro013_SM18_micro011/lilac-0-5aecae81.hosts
/lila/data/chodera/schrodinger/tmpdir/rustenburg/jag_SM18_micro013_SM18_micro011/lilac-0-5aecae81.recover
/lila/data/chodera/schrodinger/tmpdir/rustenburg/jag_SM18_micro013_SM18_micro011/lilac-0-5aecae81.mpinodes
/lila/data/chodera/schrodinger/tmpdir/rustenburg/jag_SM18_micro013_SM18_micro011/SM18_micro013.in
/lila/data/chodera/schrodinger/tmpdir/rustenburg/jag_SM18_micro013_SM18_micro011/SM18_micro013.mae
/lila/data/chodera/schrodinger/tmpdir/rustenburg/jag_SM18_micro013_SM18_micro011/SM18_micro011.mae
/lila/data/chodera/schrodinger/tmpdir/rustenburg/jag_SM18_micro013_SM18_micro011/SM18_micro011.in
/lila/data/chodera/schrodinger/tmpdir/rustenburg/jag_SM18_micro013_SM18_micro011/jag_SM18_micro013_SM18_micro011.recover
/lila/data/chodera/schrodinger/tmpdir/rustenburg/jag_SM18_micro013_SM18_micro011/lilac-0-5aecae81

=====================
 Jaguar pKa workflow
=====================

Analysing user-provided (prot, deprot) pair:
(SM18_micro013.in, SM18_micro011.in)
Found labile hydrogen 31 in SM18_micro013.in
Found labile hydrogen at atom 9 in SM18_micro011.in
Adding 'ipkat' keyword to input files.

Identifying pKa functional group for pair:
(SM18_micro013, SM18_micro011)

Executing subprocess:
/data/chodera/schrodinger/schrodinger2017-4-advanced/jaguar-v9.8/bin/Linux-x86_64/pka -i -j SM18_micro013.tmp.jres -n

Taking protonated structures from:
SM18_micro013.mae
Taking deprotonated structures from:
SM18_micro011.mae

This molecule from 'SM18_micro013.mae' in water was recognized as:

 # 	                  Shell                  
---	-----------------------------------------
1: 	delta lactam                             
2: 	4-pyrimidone as acid                     
3: 	Protonation of sp2-like aromatic nitrogen
4: 	Protonation of generic atom              


Executing conformational search...

Executing 2 distributed subjobs:
---------------------------------

No more than 8 cpu(s) will be used per subjob.
No more than 10 cpu(s) will be used simultaneously.

Processing the following subjobs:
(1) jaguar run csrch.py SM18_micro013.mae -jobname SM18_micro013 -max_conf 5 -erg_window 50.208 -acc_level 1 -TPP 5
(2) jaguar run csrch.py SM18_micro011.mae -jobname SM18_micro011 -max_conf 5 -erg_window 50.208 -acc_level 1 -TPP 5

Running subjobs on hosts:
  lsf-cpu (Max: 2)
Number of jobs:       2
Max retries per job:  3
Max allowed failures: unlimited
Run with -LOCAL:      False
Verbosity:            normal

Starting JobDJ...

Keep one job on driver host: False
JobDJ columns:
  C: Number of completed subjobs
  A: Number of active subjobs (e.g., submitted, running)
  W: Number of waiting/pending subjobs

C A W | Activity  JobId  JobName  JobHost
- - - | --------- -----------------------
0 1 1 | launched  ls13-1-5aecb117 SM18_micro013 lsf-cpu
0 2 0 | launched  ls13-2-5aecb11b SM18_micro011 lsf-cpu
1 1 0 | finished  ls13-2-5aecb11b SM18_micro011 lsf-cpu [ls11]
2 0 0 | finished  ls13-1-5aecb117 SM18_micro013 lsf-cpu [ls15]

All jobs have completed.

2 of 2 job(s) succeeded; 0 job(s) failed.

Timer (distribute subjobs) : 2981.83 secs (0 hrs, 49 mins, 41 secs)

Setting up QM workflow for (protonated, deprotonated) pair:
(1) (SM18_micro013, SM18_micro011)

Executing Jaguar quantum-mechanical subjobs...

Executing 10 distributed subjobs:
----------------------------------

No more than 8 cpu(s) will be used per subjob.
No more than 10 cpu(s) will be used simultaneously.

Processing the following subjobs:
(1) jaguar run pka_prot.bat -jobname SM18_micro013_conf_1 SM18_micro013_conf_1.in
(2) jaguar run pka_prot.bat -jobname SM18_micro013_conf_2 SM18_micro013_conf_2.in
(3) jaguar run pka_prot.bat -jobname SM18_micro013_conf_3 SM18_micro013_conf_3.in
(4) jaguar run pka_prot.bat -jobname SM18_micro013_conf_4 SM18_micro013_conf_4.in
(5) jaguar run pka_prot.bat -jobname SM18_micro013_conf_5 SM18_micro013_conf_5.in
(6) jaguar run pka_deprot.bat -jobname SM18_micro011_conf_1 SM18_micro011_conf_1.in
(7) jaguar run pka_deprot.bat -jobname SM18_micro011_conf_2 SM18_micro011_conf_2.in
(8) jaguar run pka_deprot.bat -jobname SM18_micro011_conf_3 SM18_micro011_conf_3.in
(9) jaguar run pka_deprot.bat -jobname SM18_micro011_conf_4 SM18_micro011_conf_4.in
(10) jaguar run pka_deprot.bat -jobname SM18_micro011_conf_5 SM18_micro011_conf_5.in

Running subjobs on hosts:
  lsf-cpu (Max: 10)
Number of jobs:       10
Max retries per job:  3
Max allowed failures: unlimited
Run with -LOCAL:      False
Verbosity:            normal

Starting JobDJ...

Keep one job on driver host: True
JobDJ columns:
  C: Number of completed subjobs
  A: Number of active subjobs (e.g., submitted, running)
  W: Number of waiting/pending subjobs

 C  A  W | Activity  JobId  JobName  JobHost
-- -- -- | --------- -----------------------
 0  1  9 | launched  ls13-0-5aecbcc0 SM18_micro013_conf_1 localhost [ls13]
 0  2  8 | launched  ls13-0-5aecbcc7 SM18_micro013_conf_2 lsf-cpu
 0  3  7 | launched  ls13-0-5aecbccc SM18_micro013_conf_3 lsf-cpu
 0  4  6 | launched  ls13-0-5aecbcd0 SM18_micro013_conf_4 lsf-cpu
 0  5  5 | launched  ls13-0-5aecbcd9 SM18_micro013_conf_5 lsf-cpu
 0  6  4 | launched  ls13-0-5aecbcee SM18_micro011_conf_1 lsf-cpu
 0  7  3 | launched  ls13-0-5aecbd09 SM18_micro011_conf_2 lsf-cpu
 0  8  2 | launched  ls13-0-5aecbd16 SM18_micro011_conf_3 lsf-cpu
 0  9  1 | launched  ls13-0-5aecbd30 SM18_micro011_conf_4 lsf-cpu
 0 10  0 | launched  ls13-0-5aecbd4a SM18_micro011_conf_5 lsf-cpu
 1  9  0 | finished  ls13-0-5aecbcd0 SM18_micro013_conf_4 lsf-cpu [lt08]
 2  8  0 | finished  ls13-0-5aecbcc0 SM18_micro013_conf_1 localhost [ls13]
 3  7  0 | finished  ls13-0-5aecbcc7 SM18_micro013_conf_2 lsf-cpu [ls04]
 4  6  0 | finished  ls13-0-5aecbd4a SM18_micro011_conf_5 lsf-cpu [ls10]
 5  5  0 | finished  ls13-0-5aecbccc SM18_micro013_conf_3 lsf-cpu [lt08]
 6  4  0 | finished  ls13-0-5aecbcee SM18_micro011_conf_1 lsf-cpu [lt04]
 7  3  0 | finished  ls13-0-5aecbcd9 SM18_micro013_conf_5 lsf-cpu [lt04]
 8  2  0 | finished  ls13-0-5aecbd09 SM18_micro011_conf_2 lsf-cpu [lt04]
 9  1  0 | finished  ls13-0-5aecbd30 SM18_micro011_conf_4 lsf-cpu [lt04]
10  0  0 | finished  ls13-0-5aecbd16 SM18_micro011_conf_3 lsf-cpu [lt04]

All jobs have completed.

10 of 10 job(s) succeeded; 0 job(s) failed.

Timer (distribute subjobs) : 14218.27 secs (3 hrs, 56 mins, 58 secs)

Processing QM output files...

Executing subprocess:
/data/chodera/schrodinger/schrodinger2017-4-advanced/jaguar results -energy SM18_micro013_conf_1.nrg_h.out

Executing subprocess:
/data/chodera/schrodinger/schrodinger2017-4-advanced/jaguar results -esolv SM18_micro013_conf_1.sol_h.out

Executing subprocess:
/data/chodera/schrodinger/schrodinger2017-4-advanced/jaguar results -energy SM18_micro013_conf_2.nrg_h.out

Executing subprocess:
/data/chodera/schrodinger/schrodinger2017-4-advanced/jaguar results -esolv SM18_micro013_conf_2.sol_h.out

Executing subprocess:
/data/chodera/schrodinger/schrodinger2017-4-advanced/jaguar results -energy SM18_micro013_conf_3.nrg_h.out

Executing subprocess:
/data/chodera/schrodinger/schrodinger2017-4-advanced/jaguar results -esolv SM18_micro013_conf_3.sol_h.out

Executing subprocess:
/data/chodera/schrodinger/schrodinger2017-4-advanced/jaguar results -energy SM18_micro013_conf_4.nrg_h.out

Executing subprocess:
/data/chodera/schrodinger/schrodinger2017-4-advanced/jaguar results -esolv SM18_micro013_conf_4.sol_h.out

Executing subprocess:
/data/chodera/schrodinger/schrodinger2017-4-advanced/jaguar results -energy SM18_micro013_conf_5.nrg_h.out

Executing subprocess:
/data/chodera/schrodinger/schrodinger2017-4-advanced/jaguar results -esolv SM18_micro013_conf_5.sol_h.out

Executing subprocess:
/data/chodera/schrodinger/schrodinger2017-4-advanced/jaguar results -energy SM18_micro011_conf_1.nrg.out

Executing subprocess:
/data/chodera/schrodinger/schrodinger2017-4-advanced/jaguar results -esolv SM18_micro011_conf_1.sol.out

Executing subprocess:
/data/chodera/schrodinger/schrodinger2017-4-advanced/jaguar results -energy SM18_micro011_conf_2.nrg.out

Executing subprocess:
/data/chodera/schrodinger/schrodinger2017-4-advanced/jaguar results -esolv SM18_micro011_conf_2.sol.out

Executing subprocess:
/data/chodera/schrodinger/schrodinger2017-4-advanced/jaguar results -energy SM18_micro011_conf_3.nrg.out

Executing subprocess:
/data/chodera/schrodinger/schrodinger2017-4-advanced/jaguar results -esolv SM18_micro011_conf_3.sol.out

Executing subprocess:
/data/chodera/schrodinger/schrodinger2017-4-advanced/jaguar results -energy SM18_micro011_conf_4.nrg.out

Executing subprocess:
/data/chodera/schrodinger/schrodinger2017-4-advanced/jaguar results -esolv SM18_micro011_conf_4.sol.out

Executing subprocess:
/data/chodera/schrodinger/schrodinger2017-4-advanced/jaguar results -energy SM18_micro011_conf_5.nrg.out

Executing subprocess:
/data/chodera/schrodinger/schrodinger2017-4-advanced/jaguar results -esolv SM18_micro011_conf_5.sol.out

Executing subprocess:
/data/chodera/schrodinger/schrodinger2017-4-advanced/jaguar-v9.8/bin/Linux-x86_64/pka -o SM18_micro013_deprot-out.mae -j SM18_micro013.jres -n -d

Executing subprocess:
/data/chodera/schrodinger/schrodinger2017-4-advanced/jaguar-v9.8/bin/Linux-x86_64/pka -o SM18_micro013_prot-out.mae -j SM18_micro013.jres -n

pKa calculation for SM18_micro013 completed.

pKa workflow jag_SM18_micro013_SM18_micro011 completed.

Timer (Jaguar pKa) : 17335.30 secs (4 hrs, 48 mins, 55 secs)
Timer (jaguar_backend.py) : 17335.30 secs (4 hrs, 48 mins, 55 secs)
Finished:   Fri May  4 20:03:20 2018
