Command:    jaguar run pka.py -jobname jag_SM13_micro015_SM13_micro014 -PARALLEL 10 -n -csrch -prot SM13_micro015.in -deprot SM13_micro014.in
Release:    2017-4
Exec:       /data/chodera/schrodinger/schrodinger2017-4-advanced/jaguar-v9.8/bin/Linux-x86_64
Host:       lt14
JobId:      lilac-0-5aeca2fe
JobDir:     /lila/data/chodera/schrodinger/tmpdir/rustenburg/jag_SM13_micro015_SM13_micro014
Date:       Fri May  4 14:14:43 2018

Contents of /lila/data/chodera/schrodinger/tmpdir/rustenburg/jag_SM13_micro015_SM13_micro014:
/lila/data/chodera/schrodinger/tmpdir/rustenburg/jag_SM13_micro015_SM13_micro014/SM13_micro014.in
/lila/data/chodera/schrodinger/tmpdir/rustenburg/jag_SM13_micro015_SM13_micro014/SM13_micro015.in
/lila/data/chodera/schrodinger/tmpdir/rustenburg/jag_SM13_micro015_SM13_micro014/lilac-0-5aeca2fe.mpinodes
/lila/data/chodera/schrodinger/tmpdir/rustenburg/jag_SM13_micro015_SM13_micro014/jag_SM13_micro015_SM13_micro014.recover
/lila/data/chodera/schrodinger/tmpdir/rustenburg/jag_SM13_micro015_SM13_micro014/lilac-0-5aeca2fe.jlog
/lila/data/chodera/schrodinger/tmpdir/rustenburg/jag_SM13_micro015_SM13_micro014/lilac-0-5aeca2fe.hosts
/lila/data/chodera/schrodinger/tmpdir/rustenburg/jag_SM13_micro015_SM13_micro014/jag_SM13_micro015_SM13_micro014.log
/lila/data/chodera/schrodinger/tmpdir/rustenburg/jag_SM13_micro015_SM13_micro014/SM13_micro014.mae
/lila/data/chodera/schrodinger/tmpdir/rustenburg/jag_SM13_micro015_SM13_micro014/SM13_micro015.mae
/lila/data/chodera/schrodinger/tmpdir/rustenburg/jag_SM13_micro015_SM13_micro014/lilac-0-5aeca2fe.nodes
/lila/data/chodera/schrodinger/tmpdir/rustenburg/jag_SM13_micro015_SM13_micro014/lilac-0-5aeca2fe
/lila/data/chodera/schrodinger/tmpdir/rustenburg/jag_SM13_micro015_SM13_micro014/lilac-0-5aeca2fe.recover

=====================
 Jaguar pKa workflow
=====================

Analysing user-provided (prot, deprot) pair:
(SM13_micro015.in, SM13_micro014.in)
Found labile hydrogen 26 in SM13_micro015.in
Found labile hydrogen at atom 12 in SM13_micro014.in
Adding 'ipkat' keyword to input files.

Identifying pKa functional group for pair:
(SM13_micro015, SM13_micro014)

Executing subprocess:
/data/chodera/schrodinger/schrodinger2017-4-advanced/jaguar-v9.8/bin/Linux-x86_64/pka -i -j SM13_micro015.tmp.jres -n

Taking protonated structures from:
SM13_micro015.mae
Taking deprotonated structures from:
SM13_micro014.mae

This molecule from 'SM13_micro015.mae' in water was recognized as:

 # 	           Shell           
---	---------------------------
1: 	Protonation of generic atom


Executing conformational search...

Executing 2 distributed subjobs:
---------------------------------

No more than 8 cpu(s) will be used per subjob.
No more than 10 cpu(s) will be used simultaneously.

Processing the following subjobs:
(1) jaguar run csrch.py SM13_micro015.mae -jobname SM13_micro015 -max_conf 5 -erg_window 50.208 -acc_level 1 -TPP 5
(2) jaguar run csrch.py SM13_micro014.mae -jobname SM13_micro014 -max_conf 5 -erg_window 50.208 -acc_level 1 -TPP 5

Running subjobs on hosts:
  lsf-cpu (Max: 2)
Number of jobs:       2
Max retries per job:  3
Max allowed failures: unlimited
Run with -LOCAL:      False
Verbosity:            normal

Starting JobDJ...

Keep one job on driver host: False
JobDJ columns:
  C: Number of completed subjobs
  A: Number of active subjobs (e.g., submitted, running)
  W: Number of waiting/pending subjobs

C A W | Activity  JobId  JobName  JobHost
- - - | --------- -----------------------
0 1 1 | launched  lt14-0-5aeca318 SM13_micro015 lsf-cpu
0 2 0 | launched  lt14-0-5aeca31b SM13_micro014 lsf-cpu
1 1 0 | finished  lt14-0-5aeca318 SM13_micro015 lsf-cpu [ls16]
2 0 0 | finished  lt14-0-5aeca31b SM13_micro014 lsf-cpu [ls15]

All jobs have completed.

2 of 2 job(s) succeeded; 0 job(s) failed.

Timer (distribute subjobs) : 841.60 secs (0 hrs, 14 mins, 01 secs)

Setting up QM workflow for (protonated, deprotonated) pair:
(1) (SM13_micro015, SM13_micro014)

Executing Jaguar quantum-mechanical subjobs...

Executing 10 distributed subjobs:
----------------------------------

No more than 8 cpu(s) will be used per subjob.
No more than 10 cpu(s) will be used simultaneously.

Processing the following subjobs:
(1) jaguar run pka_prot.bat -jobname SM13_micro015_conf_1 SM13_micro015_conf_1.in
(2) jaguar run pka_prot.bat -jobname SM13_micro015_conf_2 SM13_micro015_conf_2.in
(3) jaguar run pka_prot.bat -jobname SM13_micro015_conf_3 SM13_micro015_conf_3.in
(4) jaguar run pka_prot.bat -jobname SM13_micro015_conf_4 SM13_micro015_conf_4.in
(5) jaguar run pka_prot.bat -jobname SM13_micro015_conf_5 SM13_micro015_conf_5.in
(6) jaguar run pka_deprot.bat -jobname SM13_micro014_conf_1 SM13_micro014_conf_1.in
(7) jaguar run pka_deprot.bat -jobname SM13_micro014_conf_2 SM13_micro014_conf_2.in
(8) jaguar run pka_deprot.bat -jobname SM13_micro014_conf_3 SM13_micro014_conf_3.in
(9) jaguar run pka_deprot.bat -jobname SM13_micro014_conf_4 SM13_micro014_conf_4.in
(10) jaguar run pka_deprot.bat -jobname SM13_micro014_conf_5 SM13_micro014_conf_5.in

Running subjobs on hosts:
  lsf-cpu (Max: 10)
Number of jobs:       10
Max retries per job:  3
Max allowed failures: unlimited
Run with -LOCAL:      False
Verbosity:            normal

Starting JobDJ...

Keep one job on driver host: True
JobDJ columns:
  C: Number of completed subjobs
  A: Number of active subjobs (e.g., submitted, running)
  W: Number of waiting/pending subjobs

 C  A  W | Activity  JobId  JobName  JobHost
-- -- -- | --------- -----------------------
 0  1  9 | launched  lt14-0-5aeca663 SM13_micro015_conf_1 localhost [lt14]
 0  2  8 | launched  lt14-0-5aeca666 SM13_micro015_conf_2 lsf-cpu
 0  3  7 | launched  lt14-0-5aeca66a SM13_micro015_conf_3 lsf-cpu
 0  4  6 | launched  lt14-0-5aeca66e SM13_micro015_conf_4 lsf-cpu
 0  5  5 | launched  lt14-0-5aeca672 SM13_micro015_conf_5 lsf-cpu
 0  6  4 | launched  lt14-0-5aeca676 SM13_micro014_conf_1 lsf-cpu
 0  7  3 | launched  lt14-0-5aeca67b SM13_micro014_conf_2 lsf-cpu
 0  8  2 | launched  lt14-0-5aeca67f SM13_micro014_conf_3 lsf-cpu
 0  9  1 | launched  lt14-0-5aeca684 SM13_micro014_conf_4 lsf-cpu
 0 10  0 | launched  lt14-0-5aeca689 SM13_micro014_conf_5 lsf-cpu
 1  9  0 | finished  lt14-0-5aeca663 SM13_micro015_conf_1 localhost [lt14]
 2  8  0 | finished  lt14-0-5aeca676 SM13_micro014_conf_1 lsf-cpu [lt17]
 3  7  0 | finished  lt14-0-5aeca66a SM13_micro015_conf_3 lsf-cpu [ls11]
 4  6  0 | finished  lt14-0-5aeca666 SM13_micro015_conf_2 lsf-cpu [ls18]
 5  5  0 | finished  lt14-0-5aeca672 SM13_micro015_conf_5 lsf-cpu [lt17]
 6  4  0 | finished  lt14-0-5aeca67b SM13_micro014_conf_2 lsf-cpu [lt12]
 7  3  0 | finished  lt14-0-5aeca67f SM13_micro014_conf_3 lsf-cpu [lt12]
 8  2  0 | finished  lt14-0-5aeca684 SM13_micro014_conf_4 lsf-cpu [lt12]
 9  1  0 | finished  lt14-0-5aeca66e SM13_micro015_conf_4 lsf-cpu [lt17]
10  0  0 | finished  lt14-0-5aeca689 SM13_micro014_conf_5 lsf-cpu [lt21]

All jobs have completed.

10 of 10 job(s) succeeded; 0 job(s) failed.

Timer (distribute subjobs) : 4662.79 secs (1 hrs, 17 mins, 42 secs)

Processing QM output files...

Executing subprocess:
/data/chodera/schrodinger/schrodinger2017-4-advanced/jaguar results -energy SM13_micro015_conf_1.nrg_h.out

Executing subprocess:
/data/chodera/schrodinger/schrodinger2017-4-advanced/jaguar results -esolv SM13_micro015_conf_1.sol_h.out

Executing subprocess:
/data/chodera/schrodinger/schrodinger2017-4-advanced/jaguar results -energy SM13_micro015_conf_2.nrg_h.out

Executing subprocess:
/data/chodera/schrodinger/schrodinger2017-4-advanced/jaguar results -esolv SM13_micro015_conf_2.sol_h.out

Executing subprocess:
/data/chodera/schrodinger/schrodinger2017-4-advanced/jaguar results -energy SM13_micro015_conf_3.nrg_h.out

Executing subprocess:
/data/chodera/schrodinger/schrodinger2017-4-advanced/jaguar results -esolv SM13_micro015_conf_3.sol_h.out

Executing subprocess:
/data/chodera/schrodinger/schrodinger2017-4-advanced/jaguar results -energy SM13_micro015_conf_4.nrg_h.out

Executing subprocess:
/data/chodera/schrodinger/schrodinger2017-4-advanced/jaguar results -esolv SM13_micro015_conf_4.sol_h.out

Executing subprocess:
/data/chodera/schrodinger/schrodinger2017-4-advanced/jaguar results -energy SM13_micro015_conf_5.nrg_h.out

Executing subprocess:
/data/chodera/schrodinger/schrodinger2017-4-advanced/jaguar results -esolv SM13_micro015_conf_5.sol_h.out

Executing subprocess:
/data/chodera/schrodinger/schrodinger2017-4-advanced/jaguar results -energy SM13_micro014_conf_1.nrg.out

Executing subprocess:
/data/chodera/schrodinger/schrodinger2017-4-advanced/jaguar results -esolv SM13_micro014_conf_1.sol.out

Executing subprocess:
/data/chodera/schrodinger/schrodinger2017-4-advanced/jaguar results -energy SM13_micro014_conf_2.nrg.out

Executing subprocess:
/data/chodera/schrodinger/schrodinger2017-4-advanced/jaguar results -esolv SM13_micro014_conf_2.sol.out

Executing subprocess:
/data/chodera/schrodinger/schrodinger2017-4-advanced/jaguar results -energy SM13_micro014_conf_3.nrg.out

Executing subprocess:
/data/chodera/schrodinger/schrodinger2017-4-advanced/jaguar results -esolv SM13_micro014_conf_3.sol.out

Executing subprocess:
/data/chodera/schrodinger/schrodinger2017-4-advanced/jaguar results -energy SM13_micro014_conf_4.nrg.out

Executing subprocess:
/data/chodera/schrodinger/schrodinger2017-4-advanced/jaguar results -esolv SM13_micro014_conf_4.sol.out

Executing subprocess:
/data/chodera/schrodinger/schrodinger2017-4-advanced/jaguar results -energy SM13_micro014_conf_5.nrg.out

Executing subprocess:
/data/chodera/schrodinger/schrodinger2017-4-advanced/jaguar results -esolv SM13_micro014_conf_5.sol.out

Executing subprocess:
/data/chodera/schrodinger/schrodinger2017-4-advanced/jaguar-v9.8/bin/Linux-x86_64/pka -o SM13_micro015_deprot-out.mae -j SM13_micro015.jres -n -d

Executing subprocess:
/data/chodera/schrodinger/schrodinger2017-4-advanced/jaguar-v9.8/bin/Linux-x86_64/pka -o SM13_micro015_prot-out.mae -j SM13_micro015.jres -n

pKa calculation for SM13_micro015 completed.

pKa workflow jag_SM13_micro015_SM13_micro014 completed.

Timer (Jaguar pKa) : 5565.49 secs (1 hrs, 32 mins, 45 secs)
Timer (jaguar_backend.py) : 5565.49 secs (1 hrs, 32 mins, 45 secs)
Finished:   Fri May  4 15:47:29 2018
