Command:    jaguar run pka.py -jobname jag_SM19_micro006_SM19_micro002 -PARALLEL 10 -n -csrch -prot SM19_micro006.in -deprot SM19_micro002.in
Release:    2017-4
Exec:       /data/chodera/schrodinger/schrodinger2017-4-advanced/jaguar-v9.8/bin/Linux-x86_64
Host:       ls16
JobId:      lilac-0-5aecc18c
JobDir:     /lila/data/chodera/schrodinger/tmpdir/rustenburg/jag_SM19_micro006_SM19_micro002
Date:       Fri May  4 16:51:34 2018

Contents of /lila/data/chodera/schrodinger/tmpdir/rustenburg/jag_SM19_micro006_SM19_micro002:
/lila/data/chodera/schrodinger/tmpdir/rustenburg/jag_SM19_micro006_SM19_micro002/SM19_micro002.mae
/lila/data/chodera/schrodinger/tmpdir/rustenburg/jag_SM19_micro006_SM19_micro002/lilac-0-5aecc18c.nodes
/lila/data/chodera/schrodinger/tmpdir/rustenburg/jag_SM19_micro006_SM19_micro002/SM19_micro002.in
/lila/data/chodera/schrodinger/tmpdir/rustenburg/jag_SM19_micro006_SM19_micro002/jag_SM19_micro006_SM19_micro002.recover
/lila/data/chodera/schrodinger/tmpdir/rustenburg/jag_SM19_micro006_SM19_micro002/SM19_micro006.mae
/lila/data/chodera/schrodinger/tmpdir/rustenburg/jag_SM19_micro006_SM19_micro002/lilac-0-5aecc18c
/lila/data/chodera/schrodinger/tmpdir/rustenburg/jag_SM19_micro006_SM19_micro002/lilac-0-5aecc18c.mpinodes
/lila/data/chodera/schrodinger/tmpdir/rustenburg/jag_SM19_micro006_SM19_micro002/jag_SM19_micro006_SM19_micro002.log
/lila/data/chodera/schrodinger/tmpdir/rustenburg/jag_SM19_micro006_SM19_micro002/SM19_micro006.in
/lila/data/chodera/schrodinger/tmpdir/rustenburg/jag_SM19_micro006_SM19_micro002/lilac-0-5aecc18c.jlog
/lila/data/chodera/schrodinger/tmpdir/rustenburg/jag_SM19_micro006_SM19_micro002/lilac-0-5aecc18c.recover
/lila/data/chodera/schrodinger/tmpdir/rustenburg/jag_SM19_micro006_SM19_micro002/lilac-0-5aecc18c.hosts

=====================
 Jaguar pKa workflow
=====================

Analysing user-provided (prot, deprot) pair:
(SM19_micro006.in, SM19_micro002.in)
Found labile hydrogen 34 in SM19_micro006.in
Found labile hydrogen at atom 13 in SM19_micro002.in
Adding 'ipkat' keyword to input files.

Identifying pKa functional group for pair:
(SM19_micro006, SM19_micro002)

Executing subprocess:
/data/chodera/schrodinger/schrodinger2017-4-advanced/jaguar-v9.8/bin/Linux-x86_64/pka -i -j SM19_micro006.tmp.jres -n

Taking protonated structures from:
SM19_micro006.mae
Taking deprotonated structures from:
SM19_micro002.mae

This molecule from 'SM19_micro006.mae' in water was recognized as:

 # 	                  Shell                   
---	------------------------------------------
1: 	Protonation of sp2-like aliphatic nitrogen
2: 	Protonation of generic atom               


Executing conformational search...

Executing 2 distributed subjobs:
---------------------------------

No more than 8 cpu(s) will be used per subjob.
No more than 10 cpu(s) will be used simultaneously.

Processing the following subjobs:
(1) jaguar run csrch.py SM19_micro006.mae -jobname SM19_micro006 -max_conf 5 -erg_window 50.208 -acc_level 1 -TPP 5
(2) jaguar run csrch.py SM19_micro002.mae -jobname SM19_micro002 -max_conf 5 -erg_window 50.208 -acc_level 1 -TPP 5

Running subjobs on hosts:
  lsf-cpu (Max: 2)
Number of jobs:       2
Max retries per job:  3
Max allowed failures: unlimited
Run with -LOCAL:      False
Verbosity:            normal

Starting JobDJ...

Keep one job on driver host: False
JobDJ columns:
  C: Number of completed subjobs
  A: Number of active subjobs (e.g., submitted, running)
  W: Number of waiting/pending subjobs

C A W | Activity  JobId  JobName  JobHost
- - - | --------- -----------------------
0 1 1 | launched  ls16-0-5aecc7dc SM19_micro006 lsf-cpu
0 2 0 | launched  ls16-0-5aecc7df SM19_micro002 lsf-cpu
1 1 0 | finished  ls16-0-5aecc7dc SM19_micro006 lsf-cpu [ls11]
2 0 0 | finished  ls16-0-5aecc7df SM19_micro002 lsf-cpu [ls11]

All jobs have completed.

2 of 2 job(s) succeeded; 0 job(s) failed.

Timer (distribute subjobs) : 8824.30 secs (2 hrs, 27 mins, 04 secs)

Setting up QM workflow for (protonated, deprotonated) pair:
(1) (SM19_micro006, SM19_micro002)

Executing Jaguar quantum-mechanical subjobs...

Executing 10 distributed subjobs:
----------------------------------

No more than 8 cpu(s) will be used per subjob.
No more than 10 cpu(s) will be used simultaneously.

Processing the following subjobs:
(1) jaguar run pka_prot.bat -jobname SM19_micro006_conf_1 SM19_micro006_conf_1.in
(2) jaguar run pka_prot.bat -jobname SM19_micro006_conf_2 SM19_micro006_conf_2.in
(3) jaguar run pka_prot.bat -jobname SM19_micro006_conf_3 SM19_micro006_conf_3.in
(4) jaguar run pka_prot.bat -jobname SM19_micro006_conf_4 SM19_micro006_conf_4.in
(5) jaguar run pka_prot.bat -jobname SM19_micro006_conf_5 SM19_micro006_conf_5.in
(6) jaguar run pka_deprot.bat -jobname SM19_micro002_conf_1 SM19_micro002_conf_1.in
(7) jaguar run pka_deprot.bat -jobname SM19_micro002_conf_2 SM19_micro002_conf_2.in
(8) jaguar run pka_deprot.bat -jobname SM19_micro002_conf_3 SM19_micro002_conf_3.in
(9) jaguar run pka_deprot.bat -jobname SM19_micro002_conf_4 SM19_micro002_conf_4.in
(10) jaguar run pka_deprot.bat -jobname SM19_micro002_conf_5 SM19_micro002_conf_5.in

Running subjobs on hosts:
  lsf-cpu (Max: 10)
Number of jobs:       10
Max retries per job:  3
Max allowed failures: unlimited
Run with -LOCAL:      False
Verbosity:            normal

Starting JobDJ...

Keep one job on driver host: True
JobDJ columns:
  C: Number of completed subjobs
  A: Number of active subjobs (e.g., submitted, running)
  W: Number of waiting/pending subjobs

 C  A  W | Activity  JobId  JobName  JobHost
-- -- -- | --------- -----------------------
 0  1  9 | launched  ls16-0-5aecea5e SM19_micro006_conf_1 localhost [ls16]
 0  2  8 | launched  ls16-0-5aecea66 SM19_micro006_conf_2 lsf-cpu
 0  3  7 | launched  ls16-0-5aecea6a SM19_micro006_conf_3 lsf-cpu
 0  4  6 | launched  ls16-0-5aecea6e SM19_micro006_conf_4 lsf-cpu
 0  5  5 | launched  ls16-0-5aecea71 SM19_micro006_conf_5 lsf-cpu
 0  6  4 | launched  ls16-0-5aecea77 SM19_micro002_conf_1 lsf-cpu
 0  7  3 | launched  ls16-0-5aecea7b SM19_micro002_conf_2 lsf-cpu
 0  8  2 | launched  ls16-0-5aecea81 SM19_micro002_conf_3 lsf-cpu
 0  9  1 | launched  ls16-0-5aecea86 SM19_micro002_conf_4 lsf-cpu
 0 10  0 | launched  ls16-0-5aecea8e SM19_micro002_conf_5 lsf-cpu
 1  9  0 | finished  ls16-0-5aecea5e SM19_micro006_conf_1 localhost [ls16]
 2  8  0 | finished  ls16-0-5aecea7b SM19_micro002_conf_2 lsf-cpu [lt22]
 3  7  0 | finished  ls16-0-5aecea71 SM19_micro006_conf_5 lsf-cpu [ls10]
 4  6  0 | finished  ls16-0-5aecea6a SM19_micro006_conf_3 lsf-cpu [ls14]
 5  5  0 | finished  ls16-0-5aecea81 SM19_micro002_conf_3 lsf-cpu [lt22]
 6  4  0 | finished  ls16-0-5aecea77 SM19_micro002_conf_1 lsf-cpu [ls10]
 7  3  0 | finished  ls16-0-5aecea6e SM19_micro006_conf_4 lsf-cpu [ls10]
 8  2  0 | finished  ls16-0-5aecea86 SM19_micro002_conf_4 lsf-cpu [lt07]
 9  1  0 | finished  ls16-0-5aecea66 SM19_micro006_conf_2 lsf-cpu [ls11]
10  0  0 | finished  ls16-0-5aecea8e SM19_micro002_conf_5 lsf-cpu [lt16]

All jobs have completed.

10 of 10 job(s) succeeded; 0 job(s) failed.

Timer (distribute subjobs) : 7587.45 secs (2 hrs, 06 mins, 27 secs)

Processing QM output files...

Executing subprocess:
/data/chodera/schrodinger/schrodinger2017-4-advanced/jaguar results -energy SM19_micro006_conf_1.nrg_h.out

Executing subprocess:
/data/chodera/schrodinger/schrodinger2017-4-advanced/jaguar results -esolv SM19_micro006_conf_1.sol_h.out

Executing subprocess:
/data/chodera/schrodinger/schrodinger2017-4-advanced/jaguar results -energy SM19_micro006_conf_2.nrg_h.out

Executing subprocess:
/data/chodera/schrodinger/schrodinger2017-4-advanced/jaguar results -esolv SM19_micro006_conf_2.sol_h.out

Executing subprocess:
/data/chodera/schrodinger/schrodinger2017-4-advanced/jaguar results -energy SM19_micro006_conf_3.nrg_h.out

Executing subprocess:
/data/chodera/schrodinger/schrodinger2017-4-advanced/jaguar results -esolv SM19_micro006_conf_3.sol_h.out

Executing subprocess:
/data/chodera/schrodinger/schrodinger2017-4-advanced/jaguar results -energy SM19_micro006_conf_4.nrg_h.out

Executing subprocess:
/data/chodera/schrodinger/schrodinger2017-4-advanced/jaguar results -esolv SM19_micro006_conf_4.sol_h.out

Executing subprocess:
/data/chodera/schrodinger/schrodinger2017-4-advanced/jaguar results -energy SM19_micro006_conf_5.nrg_h.out

Executing subprocess:
/data/chodera/schrodinger/schrodinger2017-4-advanced/jaguar results -esolv SM19_micro006_conf_5.sol_h.out

Executing subprocess:
/data/chodera/schrodinger/schrodinger2017-4-advanced/jaguar results -energy SM19_micro002_conf_1.nrg.out

Executing subprocess:
/data/chodera/schrodinger/schrodinger2017-4-advanced/jaguar results -esolv SM19_micro002_conf_1.sol.out

Executing subprocess:
/data/chodera/schrodinger/schrodinger2017-4-advanced/jaguar results -energy SM19_micro002_conf_2.nrg.out

Executing subprocess:
/data/chodera/schrodinger/schrodinger2017-4-advanced/jaguar results -esolv SM19_micro002_conf_2.sol.out

Executing subprocess:
/data/chodera/schrodinger/schrodinger2017-4-advanced/jaguar results -energy SM19_micro002_conf_3.nrg.out

Executing subprocess:
/data/chodera/schrodinger/schrodinger2017-4-advanced/jaguar results -esolv SM19_micro002_conf_3.sol.out

Executing subprocess:
/data/chodera/schrodinger/schrodinger2017-4-advanced/jaguar results -energy SM19_micro002_conf_4.nrg.out

Executing subprocess:
/data/chodera/schrodinger/schrodinger2017-4-advanced/jaguar results -esolv SM19_micro002_conf_4.sol.out

Executing subprocess:
/data/chodera/schrodinger/schrodinger2017-4-advanced/jaguar results -energy SM19_micro002_conf_5.nrg.out

Executing subprocess:
/data/chodera/schrodinger/schrodinger2017-4-advanced/jaguar results -esolv SM19_micro002_conf_5.sol.out

Executing subprocess:
/data/chodera/schrodinger/schrodinger2017-4-advanced/jaguar-v9.8/bin/Linux-x86_64/pka -o SM19_micro006_deprot-out.mae -j SM19_micro006.jres -n -d

Executing subprocess:
/data/chodera/schrodinger/schrodinger2017-4-advanced/jaguar-v9.8/bin/Linux-x86_64/pka -o SM19_micro006_prot-out.mae -j SM19_micro006.jres -n

pKa calculation for SM19_micro006 completed.

pKa workflow jag_SM19_micro006_SM19_micro002 completed.

Timer (Jaguar pKa) : 16480.13 secs (4 hrs, 34 mins, 40 secs)
Timer (jaguar_backend.py) : 16480.13 secs (4 hrs, 34 mins, 40 secs)
Finished:   Fri May  4 21:26:15 2018
