Command:    jaguar run pka.py -jobname jag_SM07_micro011_SM07_micro004 -PARALLEL 10 -n -csrch -prot SM07_micro011.in -deprot SM07_micro004.in
Release:    2017-4
Exec:       /data/chodera/schrodinger/schrodinger2017-4-advanced/jaguar-v9.8/bin/Linux-x86_64
Host:       lt05
JobId:      lilac-0-5aec7ae6
JobDir:     /lila/data/chodera/schrodinger/tmpdir/rustenburg/jag_SM07_micro011_SM07_micro004
Date:       Fri May  4 11:23:22 2018

Contents of /lila/data/chodera/schrodinger/tmpdir/rustenburg/jag_SM07_micro011_SM07_micro004:
/lila/data/chodera/schrodinger/tmpdir/rustenburg/jag_SM07_micro011_SM07_micro004/lilac-0-5aec7ae6.jlog
/lila/data/chodera/schrodinger/tmpdir/rustenburg/jag_SM07_micro011_SM07_micro004/SM07_micro011.mae
/lila/data/chodera/schrodinger/tmpdir/rustenburg/jag_SM07_micro011_SM07_micro004/SM07_micro004.in
/lila/data/chodera/schrodinger/tmpdir/rustenburg/jag_SM07_micro011_SM07_micro004/lilac-0-5aec7ae6
/lila/data/chodera/schrodinger/tmpdir/rustenburg/jag_SM07_micro011_SM07_micro004/lilac-0-5aec7ae6.hosts
/lila/data/chodera/schrodinger/tmpdir/rustenburg/jag_SM07_micro011_SM07_micro004/SM07_micro011.in
/lila/data/chodera/schrodinger/tmpdir/rustenburg/jag_SM07_micro011_SM07_micro004/lilac-0-5aec7ae6.recover
/lila/data/chodera/schrodinger/tmpdir/rustenburg/jag_SM07_micro011_SM07_micro004/lilac-0-5aec7ae6.mpinodes
/lila/data/chodera/schrodinger/tmpdir/rustenburg/jag_SM07_micro011_SM07_micro004/jag_SM07_micro011_SM07_micro004.log
/lila/data/chodera/schrodinger/tmpdir/rustenburg/jag_SM07_micro011_SM07_micro004/SM07_micro004.mae
/lila/data/chodera/schrodinger/tmpdir/rustenburg/jag_SM07_micro011_SM07_micro004/lilac-0-5aec7ae6.nodes
/lila/data/chodera/schrodinger/tmpdir/rustenburg/jag_SM07_micro011_SM07_micro004/jag_SM07_micro011_SM07_micro004.recover

=====================
 Jaguar pKa workflow
=====================

Analysing user-provided (prot, deprot) pair:
(SM07_micro011.in, SM07_micro004.in)
Found labile hydrogen 19 in SM07_micro011.in
Found labile hydrogen at atom 8 in SM07_micro004.in
Adding 'ipkat' keyword to input files.

Identifying pKa functional group for pair:
(SM07_micro011, SM07_micro004)

Executing subprocess:
/data/chodera/schrodinger/schrodinger2017-4-advanced/jaguar-v9.8/bin/Linux-x86_64/pka -i -j SM07_micro011.tmp.jres -n

Taking protonated structures from:
SM07_micro011.mae
Taking deprotonated structures from:
SM07_micro004.mae

This molecule from 'SM07_micro011.mae' in water was recognized as:

 # 	                  Shell                   
---	------------------------------------------
1: 	NR2 attached to heterocycle               
2: 	Protonation of sp3-like aliphatic nitrogen
3: 	Protonation of generic atom               


Executing conformational search...

Executing 2 distributed subjobs:
---------------------------------

No more than 8 cpu(s) will be used per subjob.
No more than 10 cpu(s) will be used simultaneously.

Processing the following subjobs:
(1) jaguar run csrch.py SM07_micro011.mae -jobname SM07_micro011 -max_conf 5 -erg_window 50.208 -acc_level 1 -TPP 5
(2) jaguar run csrch.py SM07_micro004.mae -jobname SM07_micro004 -max_conf 5 -erg_window 50.208 -acc_level 1 -TPP 5

Running subjobs on hosts:
  lsf-cpu (Max: 2)
Number of jobs:       2
Max retries per job:  3
Max allowed failures: unlimited
Run with -LOCAL:      False
Verbosity:            normal

Starting JobDJ...

Keep one job on driver host: False
JobDJ columns:
  C: Number of completed subjobs
  A: Number of active subjobs (e.g., submitted, running)
  W: Number of waiting/pending subjobs

C A W | Activity  JobId  JobName  JobHost
- - - | --------- -----------------------
0 1 1 | launched  lt05-0-5aec7aef SM07_micro011 lsf-cpu
0 2 0 | launched  lt05-0-5aec7af2 SM07_micro004 lsf-cpu
1 1 0 | finished  lt05-0-5aec7aef SM07_micro011 lsf-cpu
2 0 0 | finished  lt05-0-5aec7af2 SM07_micro004 lsf-cpu [lt05]

All jobs have completed.

2 of 2 job(s) succeeded; 0 job(s) failed.

Timer (distribute subjobs) : 1693.16 secs (0 hrs, 28 mins, 13 secs)

Setting up QM workflow for (protonated, deprotonated) pair:
(1) (SM07_micro011, SM07_micro004)

Executing Jaguar quantum-mechanical subjobs...

Executing 10 distributed subjobs:
----------------------------------

No more than 8 cpu(s) will be used per subjob.
No more than 10 cpu(s) will be used simultaneously.

Processing the following subjobs:
(1) jaguar run pka_prot.bat -jobname SM07_micro011_conf_1 SM07_micro011_conf_1.in
(2) jaguar run pka_prot.bat -jobname SM07_micro011_conf_2 SM07_micro011_conf_2.in
(3) jaguar run pka_prot.bat -jobname SM07_micro011_conf_3 SM07_micro011_conf_3.in
(4) jaguar run pka_prot.bat -jobname SM07_micro011_conf_4 SM07_micro011_conf_4.in
(5) jaguar run pka_prot.bat -jobname SM07_micro011_conf_5 SM07_micro011_conf_5.in
(6) jaguar run pka_deprot.bat -jobname SM07_micro004_conf_1 SM07_micro004_conf_1.in
(7) jaguar run pka_deprot.bat -jobname SM07_micro004_conf_2 SM07_micro004_conf_2.in
(8) jaguar run pka_deprot.bat -jobname SM07_micro004_conf_3 SM07_micro004_conf_3.in
(9) jaguar run pka_deprot.bat -jobname SM07_micro004_conf_4 SM07_micro004_conf_4.in
(10) jaguar run pka_deprot.bat -jobname SM07_micro004_conf_5 SM07_micro004_conf_5.in

Running subjobs on hosts:
  lsf-cpu (Max: 10)
Number of jobs:       10
Max retries per job:  3
Max allowed failures: unlimited
Run with -LOCAL:      False
Verbosity:            normal

Starting JobDJ...

Keep one job on driver host: True
JobDJ columns:
  C: Number of completed subjobs
  A: Number of active subjobs (e.g., submitted, running)
  W: Number of waiting/pending subjobs

 C  A  W | Activity  JobId  JobName  JobHost
-- -- -- | --------- -----------------------
 0  1  9 | launched  lt05-0-5aec818d SM07_micro011_conf_1 localhost [lt05]
 0  2  8 | launched  lt05-0-5aec8190 SM07_micro011_conf_2 lsf-cpu
 0  3  7 | launched  lt05-0-5aec8193 SM07_micro011_conf_3 lsf-cpu
 0  4  6 | launched  lt05-1-5aec8199 SM07_micro011_conf_4 lsf-cpu
 0  5  5 | launched  lt05-0-5aec819f SM07_micro011_conf_5 lsf-cpu
 0  6  4 | launched  lt05-0-5aec81a3 SM07_micro004_conf_1 lsf-cpu
 0  7  3 | launched  lt05-0-5aec81a7 SM07_micro004_conf_2 lsf-cpu
 0  8  2 | launched  lt05-0-5aec81ab SM07_micro004_conf_3 lsf-cpu
 0  9  1 | launched  lt05-0-5aec81ae SM07_micro004_conf_4 lsf-cpu
 0 10  0 | launched  lt05-0-5aec81b2 SM07_micro004_conf_5 lsf-cpu
 1  9  0 | finished  lt05-0-5aec818d SM07_micro011_conf_1 localhost [lt05]
 2  8  0 | finished  lt05-0-5aec81a7 SM07_micro004_conf_2 lsf-cpu [ls10]
 3  7  0 | finished  lt05-0-5aec81a3 SM07_micro004_conf_1 lsf-cpu [lt21]
 4  6  0 | finished  lt05-0-5aec8190 SM07_micro011_conf_2 lsf-cpu [ls14]
 5  5  0 | finished  lt05-1-5aec8199 SM07_micro011_conf_4 lsf-cpu [ls14]
 6  4  0 | finished  lt05-0-5aec81ab SM07_micro004_conf_3 lsf-cpu [ls17]
 7  3  0 | finished  lt05-0-5aec8193 SM07_micro011_conf_3 lsf-cpu [ls14]
 8  2  0 | finished  lt05-0-5aec819f SM07_micro011_conf_5 lsf-cpu [ls10]
 9  1  0 | finished  lt05-0-5aec81ae SM07_micro004_conf_4 lsf-cpu [ls10]
10  0  0 | finished  lt05-0-5aec81b2 SM07_micro004_conf_5 lsf-cpu [ls17]

All jobs have completed.

10 of 10 job(s) succeeded; 0 job(s) failed.

Timer (distribute subjobs) : 2744.87 secs (0 hrs, 45 mins, 44 secs)

Processing QM output files...

Executing subprocess:
/data/chodera/schrodinger/schrodinger2017-4-advanced/jaguar results -energy SM07_micro011_conf_1.nrg_h.out

Executing subprocess:
/data/chodera/schrodinger/schrodinger2017-4-advanced/jaguar results -esolv SM07_micro011_conf_1.sol_h.out

Executing subprocess:
/data/chodera/schrodinger/schrodinger2017-4-advanced/jaguar results -energy SM07_micro011_conf_2.nrg_h.out

Executing subprocess:
/data/chodera/schrodinger/schrodinger2017-4-advanced/jaguar results -esolv SM07_micro011_conf_2.sol_h.out

Executing subprocess:
/data/chodera/schrodinger/schrodinger2017-4-advanced/jaguar results -energy SM07_micro011_conf_3.nrg_h.out

Executing subprocess:
/data/chodera/schrodinger/schrodinger2017-4-advanced/jaguar results -esolv SM07_micro011_conf_3.sol_h.out

Executing subprocess:
/data/chodera/schrodinger/schrodinger2017-4-advanced/jaguar results -energy SM07_micro011_conf_4.nrg_h.out

Executing subprocess:
/data/chodera/schrodinger/schrodinger2017-4-advanced/jaguar results -esolv SM07_micro011_conf_4.sol_h.out

Executing subprocess:
/data/chodera/schrodinger/schrodinger2017-4-advanced/jaguar results -energy SM07_micro011_conf_5.nrg_h.out

Executing subprocess:
/data/chodera/schrodinger/schrodinger2017-4-advanced/jaguar results -esolv SM07_micro011_conf_5.sol_h.out

Executing subprocess:
/data/chodera/schrodinger/schrodinger2017-4-advanced/jaguar results -energy SM07_micro004_conf_1.nrg.out

Executing subprocess:
/data/chodera/schrodinger/schrodinger2017-4-advanced/jaguar results -esolv SM07_micro004_conf_1.sol.out

Executing subprocess:
/data/chodera/schrodinger/schrodinger2017-4-advanced/jaguar results -energy SM07_micro004_conf_2.nrg.out

Executing subprocess:
/data/chodera/schrodinger/schrodinger2017-4-advanced/jaguar results -esolv SM07_micro004_conf_2.sol.out

Executing subprocess:
/data/chodera/schrodinger/schrodinger2017-4-advanced/jaguar results -energy SM07_micro004_conf_3.nrg.out

Executing subprocess:
/data/chodera/schrodinger/schrodinger2017-4-advanced/jaguar results -esolv SM07_micro004_conf_3.sol.out

Executing subprocess:
/data/chodera/schrodinger/schrodinger2017-4-advanced/jaguar results -energy SM07_micro004_conf_4.nrg.out

Executing subprocess:
/data/chodera/schrodinger/schrodinger2017-4-advanced/jaguar results -esolv SM07_micro004_conf_4.sol.out

Executing subprocess:
/data/chodera/schrodinger/schrodinger2017-4-advanced/jaguar results -energy SM07_micro004_conf_5.nrg.out

Executing subprocess:
/data/chodera/schrodinger/schrodinger2017-4-advanced/jaguar results -esolv SM07_micro004_conf_5.sol.out

Executing subprocess:
/data/chodera/schrodinger/schrodinger2017-4-advanced/jaguar-v9.8/bin/Linux-x86_64/pka -o SM07_micro011_deprot-out.mae -j SM07_micro011.jres -n -d

Executing subprocess:
/data/chodera/schrodinger/schrodinger2017-4-advanced/jaguar-v9.8/bin/Linux-x86_64/pka -o SM07_micro011_prot-out.mae -j SM07_micro011.jres -n

pKa calculation for SM07_micro011 completed.

pKa workflow jag_SM07_micro011_SM07_micro004 completed.

Timer (Jaguar pKa) : 4548.73 secs (1 hrs, 15 mins, 48 secs)
Timer (jaguar_backend.py) : 4548.73 secs (1 hrs, 15 mins, 48 secs)
Finished:   Fri May  4 12:39:11 2018
