Taking protonated structures from:
SM24_micro001_conf_1.dft_h.01.mae
SM24_micro001_conf_2.dft_h.01.mae
SM24_micro001_conf_3.dft_h.01.mae
SM24_micro001_conf_4.dft_h.01.mae
SM24_micro001_conf_5.dft_h.01.mae
Taking deprotonated structures from:
SM24_micro028_conf_1.dft.01.mae
SM24_micro028_conf_2.dft.01.mae
SM24_micro028_conf_3.dft.01.mae
SM24_micro028_conf_4.dft.01.mae
SM24_micro028_conf_5.dft.01.mae

Corrected results for 'protonated' structure in water:
pKa atom: 31

 # 	           Shell           	 pKa 	RMSD	 Contribution
---	---------------------------	-----	-----	--------------
1: 	heterocycle custom 1       	 3.91	0.617	    60.10%
2: 	heterocycle                	 4.12	0.837	    37.11%
3: 	Protonation of generic atom	 4.60	2.264	     2.79%

 Final weighted pKa value is 4.01



