Command:    jaguar run pka.py -jobname jag_SM19_micro001_SM19_micro016 -PARALLEL 10 -WAIT -n -csrch -prot SM19_micro001.in -deprot SM19_micro016.in
Release:    2017-4
Exec:       /data/chodera/schrodinger/schrodinger2017-4-advanced/jaguar-v9.8/bin/Linux-x86_64
Host:       ls07
JobId:      ls07-2-5af456e7
JobDir:     /lila/data/chodera/schrodinger/tmpdir/rustenburg/jag_SM19_micro001_SM19_micro016.1
Date:       Thu May 10 10:27:54 2018

Contents of /lila/data/chodera/schrodinger/tmpdir/rustenburg/jag_SM19_micro001_SM19_micro016.1:
/lila/data/chodera/schrodinger/tmpdir/rustenburg/jag_SM19_micro001_SM19_micro016.1/jag_SM19_micro001_SM19_micro016.recover
/lila/data/chodera/schrodinger/tmpdir/rustenburg/jag_SM19_micro001_SM19_micro016.1/jag_SM19_micro001_SM19_micro016.log
/lila/data/chodera/schrodinger/tmpdir/rustenburg/jag_SM19_micro001_SM19_micro016.1/ls07-2-5af456e7
/lila/data/chodera/schrodinger/tmpdir/rustenburg/jag_SM19_micro001_SM19_micro016.1/SM19_micro001.mae
/lila/data/chodera/schrodinger/tmpdir/rustenburg/jag_SM19_micro001_SM19_micro016.1/SM19_micro016.in
/lila/data/chodera/schrodinger/tmpdir/rustenburg/jag_SM19_micro001_SM19_micro016.1/SM19_micro001.in
/lila/data/chodera/schrodinger/tmpdir/rustenburg/jag_SM19_micro001_SM19_micro016.1/SM19_micro016.mae
/lila/data/chodera/schrodinger/tmpdir/rustenburg/jag_SM19_micro001_SM19_micro016.1/ls07-2-5af456e7.mpinodes
/lila/data/chodera/schrodinger/tmpdir/rustenburg/jag_SM19_micro001_SM19_micro016.1/ls07-2-5af456e7.recover

=====================
 Jaguar pKa workflow
=====================

Analysing user-provided (prot, deprot) pair:
(SM19_micro001.in, SM19_micro016.in)
Found labile hydrogen 34 in SM19_micro001.in
Found labile hydrogen at atom 13 in SM19_micro016.in
Adding 'ipkat' keyword to input files.

Identifying pKa functional group for pair:
(SM19_micro001, SM19_micro016)

Executing subprocess:
/data/chodera/schrodinger/schrodinger2017-4-advanced/jaguar-v9.8/bin/Linux-x86_64/pka -i -j SM19_micro001.tmp.jres -n

Taking protonated structures from:
SM19_micro001.mae
Taking deprotonated structures from:
SM19_micro016.mae

This molecule from 'SM19_micro001.mae' in water was recognized as:

 # 	                  Shell                   
---	------------------------------------------
1: 	Protonation of sp2-like aliphatic nitrogen
2: 	Protonation of generic atom               


Executing conformational search...

Executing 2 distributed subjobs:
---------------------------------

No more than 8 cpu(s) will be used per subjob.
No more than 10 cpu(s) will be used simultaneously.

Processing the following subjobs:
(1) jaguar run csrch.py SM19_micro001.mae -jobname SM19_micro001 -max_conf 5 -erg_window 50.208 -acc_level 1 -TPP 5
(2) jaguar run csrch.py SM19_micro016.mae -jobname SM19_micro016 -max_conf 5 -erg_window 50.208 -acc_level 1 -TPP 5

Running subjobs on hosts:
  localhost (Max: 2)
Number of jobs:       2
Max retries per job:  3
Max allowed failures: unlimited
Run with -LOCAL:      False
Verbosity:            normal

Starting JobDJ...

Keep one job on driver host: False
JobDJ columns:
  C: Number of completed subjobs
  A: Number of active subjobs (e.g., submitted, running)
  W: Number of waiting/pending subjobs

C A W | Activity  JobId  JobName  JobHost
- - - | --------- -----------------------
0 1 1 | launched  ls07-4-5af456ef SM19_micro001 localhost [ls07]
0 2 0 | launched  ls07-1-5af456f3 SM19_micro016 localhost [ls07]
1 1 0 | finished  ls07-4-5af456ef SM19_micro001 localhost [ls07]
2 0 0 | finished  ls07-1-5af456f3 SM19_micro016 localhost [ls07]

All jobs have completed.

2 of 2 job(s) succeeded; 0 job(s) failed.

Timer (distribute subjobs) : 616.42 secs (0 hrs, 10 mins, 16 secs)

Setting up QM workflow for (protonated, deprotonated) pair:
(1) (SM19_micro001, SM19_micro016)

Executing Jaguar quantum-mechanical subjobs...

Executing 10 distributed subjobs:
----------------------------------

No more than 8 cpu(s) will be used per subjob.
No more than 10 cpu(s) will be used simultaneously.

Processing the following subjobs:
(1) jaguar run pka_prot.bat -jobname SM19_micro001_conf_1 SM19_micro001_conf_1.in
(2) jaguar run pka_prot.bat -jobname SM19_micro001_conf_2 SM19_micro001_conf_2.in
(3) jaguar run pka_prot.bat -jobname SM19_micro001_conf_3 SM19_micro001_conf_3.in
(4) jaguar run pka_prot.bat -jobname SM19_micro001_conf_4 SM19_micro001_conf_4.in
(5) jaguar run pka_prot.bat -jobname SM19_micro001_conf_5 SM19_micro001_conf_5.in
(6) jaguar run pka_deprot.bat -jobname SM19_micro016_conf_1 SM19_micro016_conf_1.in
(7) jaguar run pka_deprot.bat -jobname SM19_micro016_conf_2 SM19_micro016_conf_2.in
(8) jaguar run pka_deprot.bat -jobname SM19_micro016_conf_3 SM19_micro016_conf_3.in
(9) jaguar run pka_deprot.bat -jobname SM19_micro016_conf_4 SM19_micro016_conf_4.in
(10) jaguar run pka_deprot.bat -jobname SM19_micro016_conf_5 SM19_micro016_conf_5.in

Running subjobs on hosts:
  localhost (Max: 10)
Number of jobs:       10
Max retries per job:  3
Max allowed failures: unlimited
Run with -LOCAL:      False
Verbosity:            normal

Starting JobDJ...

Keep one job on driver host: False
JobDJ columns:
  C: Number of completed subjobs
  A: Number of active subjobs (e.g., submitted, running)
  W: Number of waiting/pending subjobs

 C  A  W | Activity  JobId  JobName  JobHost
-- -- -- | --------- -----------------------
 0  1  9 | launched  ls07-0-5af4595c SM19_micro001_conf_1 localhost [ls07]
 0  2  8 | launched  ls07-0-5af4595f SM19_micro001_conf_2 localhost [ls07]
 0  3  7 | launched  ls07-0-5af45961 SM19_micro001_conf_3 localhost [ls07]
 0  4  6 | launched  ls07-0-5af45964 SM19_micro001_conf_4 localhost [ls07]
 0  5  5 | launched  ls07-0-5af45966 SM19_micro001_conf_5 localhost [ls07]
 0  6  4 | launched  ls07-1-5af45968 SM19_micro016_conf_1 localhost [ls07]
 0  7  3 | launched  ls07-0-5af4596b SM19_micro016_conf_2 localhost [ls07]
 0  8  2 | launched  ls07-0-5af4596d SM19_micro016_conf_3 localhost [ls07]
 0  9  1 | launched  ls07-1-5af4596f SM19_micro016_conf_4 localhost [ls07]
 0 10  0 | launched  ls07-0-5af45972 SM19_micro016_conf_5 localhost [ls07]
 1  9  0 | finished  ls07-0-5af45961 SM19_micro001_conf_3 localhost [ls07]
 2  8  0 | finished  ls07-0-5af4595c SM19_micro001_conf_1 localhost [ls07]
 3  7  0 | finished  ls07-0-5af45966 SM19_micro001_conf_5 localhost [ls07]
 4  6  0 | finished  ls07-0-5af4595f SM19_micro001_conf_2 localhost [ls07]
 5  5  0 | finished  ls07-0-5af4596b SM19_micro016_conf_2 localhost [ls07]
 6  4  0 | finished  ls07-0-5af45964 SM19_micro001_conf_4 localhost [ls07]
 7  3  0 | finished  ls07-0-5af4596d SM19_micro016_conf_3 localhost [ls07]
 8  2  0 | finished  ls07-0-5af45972 SM19_micro016_conf_5 localhost [ls07]
 9  1  0 | finished  ls07-1-5af45968 SM19_micro016_conf_1 localhost [ls07]
10  0  0 | finished  ls07-1-5af4596f SM19_micro016_conf_4 localhost [ls07]

All jobs have completed.

10 of 10 job(s) succeeded; 0 job(s) failed.

Timer (distribute subjobs) : 7618.19 secs (2 hrs, 06 mins, 58 secs)

Processing QM output files...

Executing subprocess:
/data/chodera/schrodinger/schrodinger2017-4-advanced/jaguar results -energy SM19_micro001_conf_1.nrg_h.out

Executing subprocess:
/data/chodera/schrodinger/schrodinger2017-4-advanced/jaguar results -esolv SM19_micro001_conf_1.sol_h.out

Executing subprocess:
/data/chodera/schrodinger/schrodinger2017-4-advanced/jaguar results -energy SM19_micro001_conf_2.nrg_h.out

Executing subprocess:
/data/chodera/schrodinger/schrodinger2017-4-advanced/jaguar results -esolv SM19_micro001_conf_2.sol_h.out

Executing subprocess:
/data/chodera/schrodinger/schrodinger2017-4-advanced/jaguar results -energy SM19_micro001_conf_3.nrg_h.out

Executing subprocess:
/data/chodera/schrodinger/schrodinger2017-4-advanced/jaguar results -esolv SM19_micro001_conf_3.sol_h.out

Executing subprocess:
/data/chodera/schrodinger/schrodinger2017-4-advanced/jaguar results -energy SM19_micro001_conf_4.nrg_h.out

Executing subprocess:
/data/chodera/schrodinger/schrodinger2017-4-advanced/jaguar results -esolv SM19_micro001_conf_4.sol_h.out

Executing subprocess:
/data/chodera/schrodinger/schrodinger2017-4-advanced/jaguar results -energy SM19_micro001_conf_5.nrg_h.out

Executing subprocess:
/data/chodera/schrodinger/schrodinger2017-4-advanced/jaguar results -esolv SM19_micro001_conf_5.sol_h.out

Executing subprocess:
/data/chodera/schrodinger/schrodinger2017-4-advanced/jaguar results -energy SM19_micro016_conf_1.nrg.out

Executing subprocess:
/data/chodera/schrodinger/schrodinger2017-4-advanced/jaguar results -esolv SM19_micro016_conf_1.sol.out

Executing subprocess:
/data/chodera/schrodinger/schrodinger2017-4-advanced/jaguar results -energy SM19_micro016_conf_2.nrg.out

Executing subprocess:
/data/chodera/schrodinger/schrodinger2017-4-advanced/jaguar results -esolv SM19_micro016_conf_2.sol.out

Executing subprocess:
/data/chodera/schrodinger/schrodinger2017-4-advanced/jaguar results -energy SM19_micro016_conf_3.nrg.out

Executing subprocess:
/data/chodera/schrodinger/schrodinger2017-4-advanced/jaguar results -esolv SM19_micro016_conf_3.sol.out

Executing subprocess:
/data/chodera/schrodinger/schrodinger2017-4-advanced/jaguar results -energy SM19_micro016_conf_4.nrg.out

Executing subprocess:
/data/chodera/schrodinger/schrodinger2017-4-advanced/jaguar results -esolv SM19_micro016_conf_4.sol.out

Executing subprocess:
/data/chodera/schrodinger/schrodinger2017-4-advanced/jaguar results -energy SM19_micro016_conf_5.nrg.out

Executing subprocess:
/data/chodera/schrodinger/schrodinger2017-4-advanced/jaguar results -esolv SM19_micro016_conf_5.sol.out

Executing subprocess:
/data/chodera/schrodinger/schrodinger2017-4-advanced/jaguar-v9.8/bin/Linux-x86_64/pka -o SM19_micro001_deprot-out.mae -j SM19_micro001.jres -n -d

Executing subprocess:
/data/chodera/schrodinger/schrodinger2017-4-advanced/jaguar-v9.8/bin/Linux-x86_64/pka -o SM19_micro001_prot-out.mae -j SM19_micro001.jres -n

pKa calculation for SM19_micro001 completed.

pKa workflow jag_SM19_micro001_SM19_micro016 completed.

Timer (Jaguar pKa) : 8309.12 secs (2 hrs, 18 mins, 29 secs)
Timer (jaguar_backend.py) : 8309.12 secs (2 hrs, 18 mins, 29 secs)
Finished:   Thu May 10 12:46:23 2018
