Taking protonated structures from:
SM06_micro002_conf_1.dft_h.01.mae
SM06_micro002_conf_2.dft_h.01.mae
SM06_micro002_conf_3.dft_h.01.mae
SM06_micro002_conf_4.dft_h.01.mae
SM06_micro002_conf_5.dft_h.01.mae
Taking deprotonated structures from:
SM06_micro004_conf_1.dft.01.mae
SM06_micro004_conf_2.dft.01.mae
SM06_micro004_conf_3.dft.01.mae
SM06_micro004_conf_4.dft.01.mae
SM06_micro004_conf_5.dft.01.mae

Corrected results for 'protonated' structure in water:
pKa atom: 29

 # 	                  Shell                   	 pKa 	RMSD	 Contribution
---	------------------------------------------	-----	-----	--------------
1: 	amide as acid                             	 6.00	0.903	    96.31%
2: 	Protonation of sp2-like aliphatic nitrogen	 5.68	1.751	     2.41%
3: 	Protonation of generic atom               	 6.09	2.264	     1.29%

 Final weighted pKa value is 5.99



