Taking protonated structures from:
SM18_micro075_conf_1.dft_h.01.mae
SM18_micro075_conf_2.dft_h.01.mae
SM18_micro075_conf_3.dft_h.01.mae
SM18_micro075_conf_4.dft_h.01.mae
SM18_micro075_conf_5.dft_h.01.mae
Taking deprotonated structures from:
SM18_micro064_conf_1.dft.01.mae
SM18_micro064_conf_2.dft.01.mae
SM18_micro064_conf_3.dft.01.mae
SM18_micro064_conf_4.dft.01.mae
SM18_micro064_conf_5.dft.01.mae

Corrected results for 'protonated' structure in water:
pKa atom: 36

 # 	            Shell             	 pKa 	RMSD	 Contribution
---	------------------------------	-----	-----	--------------
1: 	OH attached to heterocycle    	 8.98	0.570	    96.41%
2: 	Protonation of generic atom   	 7.38	2.264	     1.22%
3: 	Protonation of sp2-like oxygen	 7.14	2.568	     2.36%

 Final weighted pKa value is 8.91



