Command:    jaguar run pka.py -jobname jag_SM10_micro036_SM10_micro017 -PARALLEL 10 -n -csrch -prot SM10_micro036.in -deprot SM10_micro017.in
Release:    2017-4
Exec:       /data/chodera/schrodinger/schrodinger2017-4-advanced/jaguar-v9.8/bin/Linux-x86_64
Host:       ls10
JobId:      lilac-0-5aec81b7
JobDir:     /lila/data/chodera/schrodinger/tmpdir/rustenburg/jag_SM10_micro036_SM10_micro017
Date:       Fri May  4 12:02:26 2018

Contents of /lila/data/chodera/schrodinger/tmpdir/rustenburg/jag_SM10_micro036_SM10_micro017:
/lila/data/chodera/schrodinger/tmpdir/rustenburg/jag_SM10_micro036_SM10_micro017/lilac-0-5aec81b7
/lila/data/chodera/schrodinger/tmpdir/rustenburg/jag_SM10_micro036_SM10_micro017/SM10_micro017.mae
/lila/data/chodera/schrodinger/tmpdir/rustenburg/jag_SM10_micro036_SM10_micro017/jag_SM10_micro036_SM10_micro017.log
/lila/data/chodera/schrodinger/tmpdir/rustenburg/jag_SM10_micro036_SM10_micro017/SM10_micro017.in
/lila/data/chodera/schrodinger/tmpdir/rustenburg/jag_SM10_micro036_SM10_micro017/SM10_micro036.in
/lila/data/chodera/schrodinger/tmpdir/rustenburg/jag_SM10_micro036_SM10_micro017/jag_SM10_micro036_SM10_micro017.recover
/lila/data/chodera/schrodinger/tmpdir/rustenburg/jag_SM10_micro036_SM10_micro017/lilac-0-5aec81b7.nodes
/lila/data/chodera/schrodinger/tmpdir/rustenburg/jag_SM10_micro036_SM10_micro017/lilac-0-5aec81b7.hosts
/lila/data/chodera/schrodinger/tmpdir/rustenburg/jag_SM10_micro036_SM10_micro017/lilac-0-5aec81b7.mpinodes
/lila/data/chodera/schrodinger/tmpdir/rustenburg/jag_SM10_micro036_SM10_micro017/lilac-0-5aec81b7.jlog
/lila/data/chodera/schrodinger/tmpdir/rustenburg/jag_SM10_micro036_SM10_micro017/lilac-0-5aec81b7.recover
/lila/data/chodera/schrodinger/tmpdir/rustenburg/jag_SM10_micro036_SM10_micro017/SM10_micro036.mae

=====================
 Jaguar pKa workflow
=====================

Analysing user-provided (prot, deprot) pair:
(SM10_micro036.in, SM10_micro017.in)
Found labile hydrogen 29 in SM10_micro036.in
Found labile hydrogen at atom 10 in SM10_micro017.in
Adding 'ipkat' keyword to input files.

Identifying pKa functional group for pair:
(SM10_micro036, SM10_micro017)

Executing subprocess:
/data/chodera/schrodinger/schrodinger2017-4-advanced/jaguar-v9.8/bin/Linux-x86_64/pka -i -j SM10_micro036.tmp.jres -n

Taking protonated structures from:
SM10_micro036.mae
Taking deprotonated structures from:
SM10_micro017.mae

This molecule from 'SM10_micro036.mae' in water was recognized as:

 # 	                 Shell                  
---	----------------------------------------
1: 	Protonation of generic atom             
2: 	aliphatic CH acid in water              
3: 	Protonation of sp2-like aliphatic carbon


Executing conformational search...

Executing 2 distributed subjobs:
---------------------------------

No more than 8 cpu(s) will be used per subjob.
No more than 10 cpu(s) will be used simultaneously.

Processing the following subjobs:
(1) jaguar run csrch.py SM10_micro036.mae -jobname SM10_micro036 -max_conf 5 -erg_window 50.208 -acc_level 1 -TPP 5
(2) jaguar run csrch.py SM10_micro017.mae -jobname SM10_micro017 -max_conf 5 -erg_window 50.208 -acc_level 1 -TPP 5

Running subjobs on hosts:
  lsf-cpu (Max: 2)
Number of jobs:       2
Max retries per job:  3
Max allowed failures: unlimited
Run with -LOCAL:      False
Verbosity:            normal

Starting JobDJ...

Keep one job on driver host: False
JobDJ columns:
  C: Number of completed subjobs
  A: Number of active subjobs (e.g., submitted, running)
  W: Number of waiting/pending subjobs

C A W | Activity  JobId  JobName  JobHost
- - - | --------- -----------------------
0 1 1 | launched  ls10-0-5aec841a SM10_micro036 lsf-cpu
0 2 0 | launched  ls10-0-5aec841e SM10_micro017 lsf-cpu
1 1 0 | finished  ls10-0-5aec841a SM10_micro036 lsf-cpu [lt02]
2 0 0 | finished  ls10-0-5aec841e SM10_micro017 lsf-cpu [lt02]

All jobs have completed.

2 of 2 job(s) succeeded; 0 job(s) failed.

Timer (distribute subjobs) : 1837.96 secs (0 hrs, 30 mins, 37 secs)

Setting up QM workflow for (protonated, deprotonated) pair:
(1) (SM10_micro036, SM10_micro017)

Executing Jaguar quantum-mechanical subjobs...

Executing 10 distributed subjobs:
----------------------------------

No more than 8 cpu(s) will be used per subjob.
No more than 10 cpu(s) will be used simultaneously.

Processing the following subjobs:
(1) jaguar run pka_prot.bat -jobname SM10_micro036_conf_1 SM10_micro036_conf_1.in
(2) jaguar run pka_prot.bat -jobname SM10_micro036_conf_2 SM10_micro036_conf_2.in
(3) jaguar run pka_prot.bat -jobname SM10_micro036_conf_3 SM10_micro036_conf_3.in
(4) jaguar run pka_prot.bat -jobname SM10_micro036_conf_4 SM10_micro036_conf_4.in
(5) jaguar run pka_prot.bat -jobname SM10_micro036_conf_5 SM10_micro036_conf_5.in
(6) jaguar run pka_deprot.bat -jobname SM10_micro017_conf_1 SM10_micro017_conf_1.in
(7) jaguar run pka_deprot.bat -jobname SM10_micro017_conf_2 SM10_micro017_conf_2.in
(8) jaguar run pka_deprot.bat -jobname SM10_micro017_conf_3 SM10_micro017_conf_3.in
(9) jaguar run pka_deprot.bat -jobname SM10_micro017_conf_4 SM10_micro017_conf_4.in
(10) jaguar run pka_deprot.bat -jobname SM10_micro017_conf_5 SM10_micro017_conf_5.in

Running subjobs on hosts:
  lsf-cpu (Max: 10)
Number of jobs:       10
Max retries per job:  3
Max allowed failures: unlimited
Run with -LOCAL:      False
Verbosity:            normal

Starting JobDJ...

Keep one job on driver host: True
JobDJ columns:
  C: Number of completed subjobs
  A: Number of active subjobs (e.g., submitted, running)
  W: Number of waiting/pending subjobs

 C  A  W | Activity  JobId  JobName  JobHost
-- -- -- | --------- -----------------------
 0  1  9 | launched  ls10-0-5aec8b4d SM10_micro036_conf_1 localhost [ls10]
 0  2  8 | launched  ls10-0-5aec8b55 SM10_micro036_conf_2 lsf-cpu
 0  3  7 | launched  ls10-0-5aec8b5b SM10_micro036_conf_3 lsf-cpu
 0  4  6 | launched  ls10-0-5aec8b60 SM10_micro036_conf_4 lsf-cpu
 0  5  5 | launched  ls10-0-5aec8b67 SM10_micro036_conf_5 lsf-cpu
 0  6  4 | launched  ls10-0-5aec8b6d SM10_micro017_conf_1 lsf-cpu
 0  7  3 | launched  ls10-0-5aec8b73 SM10_micro017_conf_2 lsf-cpu
 0  8  2 | launched  ls10-0-5aec8b78 SM10_micro017_conf_3 lsf-cpu
 0  9  1 | launched  ls10-0-5aec8b7d SM10_micro017_conf_4 lsf-cpu
 0 10  0 | launched  ls10-0-5aec8b82 SM10_micro017_conf_5 lsf-cpu
 1  9  0 | finished  ls10-0-5aec8b73 SM10_micro017_conf_2 lsf-cpu [ls16]
 2  8  0 | finished  ls10-0-5aec8b4d SM10_micro036_conf_1 localhost [ls10]
 3  7  0 | finished  ls10-0-5aec8b7d SM10_micro017_conf_4 lsf-cpu [lt02]
 4  6  0 | finished  ls10-0-5aec8b55 SM10_micro036_conf_2 lsf-cpu [lt04]
 5  5  0 | finished  ls10-0-5aec8b78 SM10_micro017_conf_3 lsf-cpu [lt21]
 6  4  0 | finished  ls10-0-5aec8b60 SM10_micro036_conf_4 lsf-cpu [ls01]
 7  3  0 | finished  ls10-0-5aec8b5b SM10_micro036_conf_3 lsf-cpu [ls01]
 8  2  0 | finished  ls10-0-5aec8b6d SM10_micro017_conf_1 lsf-cpu [ls01]
 9  1  0 | finished  ls10-0-5aec8b82 SM10_micro017_conf_5 lsf-cpu [lt05]
10  0  0 | finished  ls10-0-5aec8b67 SM10_micro036_conf_5 lsf-cpu [ls04]

All jobs have completed.

10 of 10 job(s) succeeded; 0 job(s) failed.

Timer (distribute subjobs) : 4743.87 secs (1 hrs, 19 mins, 03 secs)

Processing QM output files...

Executing subprocess:
/data/chodera/schrodinger/schrodinger2017-4-advanced/jaguar results -energy SM10_micro036_conf_1.nrg_h.out

Executing subprocess:
/data/chodera/schrodinger/schrodinger2017-4-advanced/jaguar results -esolv SM10_micro036_conf_1.sol_h.out

Executing subprocess:
/data/chodera/schrodinger/schrodinger2017-4-advanced/jaguar results -energy SM10_micro036_conf_2.nrg_h.out

Executing subprocess:
/data/chodera/schrodinger/schrodinger2017-4-advanced/jaguar results -esolv SM10_micro036_conf_2.sol_h.out

Executing subprocess:
/data/chodera/schrodinger/schrodinger2017-4-advanced/jaguar results -energy SM10_micro036_conf_3.nrg_h.out

Executing subprocess:
/data/chodera/schrodinger/schrodinger2017-4-advanced/jaguar results -esolv SM10_micro036_conf_3.sol_h.out

Executing subprocess:
/data/chodera/schrodinger/schrodinger2017-4-advanced/jaguar results -energy SM10_micro036_conf_4.nrg_h.out

Executing subprocess:
/data/chodera/schrodinger/schrodinger2017-4-advanced/jaguar results -esolv SM10_micro036_conf_4.sol_h.out

Executing subprocess:
/data/chodera/schrodinger/schrodinger2017-4-advanced/jaguar results -energy SM10_micro036_conf_5.nrg_h.out

Executing subprocess:
/data/chodera/schrodinger/schrodinger2017-4-advanced/jaguar results -esolv SM10_micro036_conf_5.sol_h.out

Executing subprocess:
/data/chodera/schrodinger/schrodinger2017-4-advanced/jaguar results -energy SM10_micro017_conf_1.nrg.out

Executing subprocess:
/data/chodera/schrodinger/schrodinger2017-4-advanced/jaguar results -esolv SM10_micro017_conf_1.sol.out

Executing subprocess:
/data/chodera/schrodinger/schrodinger2017-4-advanced/jaguar results -energy SM10_micro017_conf_2.nrg.out

Executing subprocess:
/data/chodera/schrodinger/schrodinger2017-4-advanced/jaguar results -esolv SM10_micro017_conf_2.sol.out

Executing subprocess:
/data/chodera/schrodinger/schrodinger2017-4-advanced/jaguar results -energy SM10_micro017_conf_3.nrg.out

Executing subprocess:
/data/chodera/schrodinger/schrodinger2017-4-advanced/jaguar results -esolv SM10_micro017_conf_3.sol.out

Executing subprocess:
/data/chodera/schrodinger/schrodinger2017-4-advanced/jaguar results -energy SM10_micro017_conf_4.nrg.out

Executing subprocess:
/data/chodera/schrodinger/schrodinger2017-4-advanced/jaguar results -esolv SM10_micro017_conf_4.sol.out

Executing subprocess:
/data/chodera/schrodinger/schrodinger2017-4-advanced/jaguar results -energy SM10_micro017_conf_5.nrg.out

Executing subprocess:
/data/chodera/schrodinger/schrodinger2017-4-advanced/jaguar results -esolv SM10_micro017_conf_5.sol.out

Executing subprocess:
/data/chodera/schrodinger/schrodinger2017-4-advanced/jaguar-v9.8/bin/Linux-x86_64/pka -o SM10_micro036_deprot-out.mae -j SM10_micro036.jres -n -d

Executing subprocess:
/data/chodera/schrodinger/schrodinger2017-4-advanced/jaguar-v9.8/bin/Linux-x86_64/pka -o SM10_micro036_prot-out.mae -j SM10_micro036.jres -n

pKa calculation for SM10_micro036 completed.

pKa workflow jag_SM10_micro036_SM10_micro017 completed.

Timer (Jaguar pKa) : 6709.61 secs (1 hrs, 51 mins, 49 secs)
Timer (jaguar_backend.py) : 6709.62 secs (1 hrs, 51 mins, 49 secs)
Finished:   Fri May  4 13:54:15 2018
