Taking protonated structures from:
SM06_micro012_conf_1.dft_h.01.mae
SM06_micro012_conf_2.dft_h.01.mae
SM06_micro012_conf_3.dft_h.01.mae
SM06_micro012_conf_4.dft_h.01.mae
SM06_micro012_conf_5.dft_h.01.mae
Taking deprotonated structures from:
SM06_micro007_conf_1.dft.01.mae
SM06_micro007_conf_2.dft.01.mae
SM06_micro007_conf_3.dft.01.mae
SM06_micro007_conf_4.dft.01.mae
SM06_micro007_conf_5.dft.01.mae

Corrected results for 'protonated' structure in water:
pKa atom: 22

 # 	            Shell             	 pKa 	RMSD	 Contribution
---	------------------------------	-----	-----	--------------
1: 	amide as base                 	-7.72	0.577	    99.78%
2: 	Protonation of generic atom   	-1.40	2.264	     0.07%
3: 	Protonation of sp2-like oxygen	-0.46	2.568	     0.14%

 Final weighted pKa value is -7.70



