Taking protonated structures from:
SM09_micro005_conf_1.dft_h.01.mae
SM09_micro005_conf_2.dft_h.01.mae
SM09_micro005_conf_3.dft_h.01.mae
SM09_micro005_conf_4.dft_h.01.mae
SM09_micro005_conf_5.dft_h.01.mae
Taking deprotonated structures from:
SM09_micro011_conf_1.dft.01.mae
SM09_micro011_conf_2.dft.01.mae
SM09_micro011_conf_3.dft.01.mae
SM09_micro011_conf_4.dft.01.mae
SM09_micro011_conf_5.dft.01.mae

Corrected results for 'protonated' structure in water:
pKa atom: 28

 # 	                  Shell                   	 pKa 	RMSD	 Contribution
---	------------------------------------------	-----	-----	--------------
1: 	RN=Het                                    	 8.88	0.551	     0.00%
2: 	Protonation of sp2-like aliphatic nitrogen	 5.56	1.751	    48.84%
3: 	Protonation of generic atom               	 5.98	2.264	    51.16%

 Final weighted pKa value is 5.78



