Taking protonated structures from:
SM13_micro013_conf_1.dft_h.01.mae
SM13_micro013_conf_2.dft_h.01.mae
SM13_micro013_conf_3.dft_h.01.mae
SM13_micro013_conf_4.dft_h.01.mae
SM13_micro013_conf_5.dft_h.01.mae
Taking deprotonated structures from:
SM13_micro012_conf_1.dft.01.mae
SM13_micro012_conf_2.dft.01.mae
SM13_micro012_conf_3.dft.01.mae
SM13_micro012_conf_4.dft.01.mae
SM13_micro012_conf_5.dft.01.mae

Corrected results for 'protonated' structure in water:
pKa atom: 24

 # 	           Shell           	 pKa 	RMSD	 Contribution
---	---------------------------	-----	-----	--------------
1: 	heterocycle custom 1       	-2.53	0.617	    29.24%
2: 	heterocycle                	-2.05	0.837	    66.63%
3: 	Protonation of generic atom	-0.21	2.264	     4.13%

 Final weighted pKa value is -2.12



