Taking protonated structures from:
SM18_micro034_conf_1.dft_h.01.mae
SM18_micro034_conf_2.dft_h.01.mae
SM18_micro034_conf_3.dft_h.01.mae
SM18_micro034_conf_4.dft_h.01.mae
SM18_micro034_conf_5.dft_h.01.mae
Taking deprotonated structures from:
SM18_micro047_conf_1.dft.01.mae
SM18_micro047_conf_2.dft.01.mae
SM18_micro047_conf_3.dft.01.mae
SM18_micro047_conf_4.dft.01.mae
SM18_micro047_conf_5.dft.01.mae

Corrected results for 'protonated' structure in water:
pKa atom: 41

 # 	                  Shell                   	 pKa 	RMSD	 Contribution
---	------------------------------------------	-----	-----	--------------
1: 	amide as acid                             	 4.16	0.903	    26.41%
2: 	Protonation of sp2-like aliphatic nitrogen	 4.02	1.751	    54.65%
3: 	Protonation of generic atom               	 4.58	2.264	    18.95%

 Final weighted pKa value is 4.17



