Command:    jaguar run pka.py -jobname jag_SM10_micro015_SM10_micro014 -PARALLEL 10 -n -csrch -prot SM10_micro015.in -deprot SM10_micro014.in
Release:    2017-4
Exec:       /data/chodera/schrodinger/schrodinger2017-4-advanced/jaguar-v9.8/bin/Linux-x86_64
Host:       ls14
JobId:      lilac-0-5aec816c
JobDir:     /lila/data/chodera/schrodinger/tmpdir/rustenburg/jag_SM10_micro015_SM10_micro014
Date:       Fri May  4 11:57:49 2018

Contents of /lila/data/chodera/schrodinger/tmpdir/rustenburg/jag_SM10_micro015_SM10_micro014:
/lila/data/chodera/schrodinger/tmpdir/rustenburg/jag_SM10_micro015_SM10_micro014/jag_SM10_micro015_SM10_micro014.recover
/lila/data/chodera/schrodinger/tmpdir/rustenburg/jag_SM10_micro015_SM10_micro014/jag_SM10_micro015_SM10_micro014.log
/lila/data/chodera/schrodinger/tmpdir/rustenburg/jag_SM10_micro015_SM10_micro014/lilac-0-5aec816c.recover
/lila/data/chodera/schrodinger/tmpdir/rustenburg/jag_SM10_micro015_SM10_micro014/lilac-0-5aec816c.nodes
/lila/data/chodera/schrodinger/tmpdir/rustenburg/jag_SM10_micro015_SM10_micro014/SM10_micro014.in
/lila/data/chodera/schrodinger/tmpdir/rustenburg/jag_SM10_micro015_SM10_micro014/lilac-0-5aec816c.mpinodes
/lila/data/chodera/schrodinger/tmpdir/rustenburg/jag_SM10_micro015_SM10_micro014/lilac-0-5aec816c.jlog
/lila/data/chodera/schrodinger/tmpdir/rustenburg/jag_SM10_micro015_SM10_micro014/SM10_micro015.mae
/lila/data/chodera/schrodinger/tmpdir/rustenburg/jag_SM10_micro015_SM10_micro014/lilac-0-5aec816c.hosts
/lila/data/chodera/schrodinger/tmpdir/rustenburg/jag_SM10_micro015_SM10_micro014/lilac-0-5aec816c
/lila/data/chodera/schrodinger/tmpdir/rustenburg/jag_SM10_micro015_SM10_micro014/SM10_micro015.in
/lila/data/chodera/schrodinger/tmpdir/rustenburg/jag_SM10_micro015_SM10_micro014/SM10_micro014.mae

=====================
 Jaguar pKa workflow
=====================

Analysing user-provided (prot, deprot) pair:
(SM10_micro015.in, SM10_micro014.in)
Found labile hydrogen 30 in SM10_micro015.in
Found labile hydrogen at atom 9 in SM10_micro014.in
Adding 'ipkat' keyword to input files.

Identifying pKa functional group for pair:
(SM10_micro015, SM10_micro014)

Executing subprocess:
/data/chodera/schrodinger/schrodinger2017-4-advanced/jaguar-v9.8/bin/Linux-x86_64/pka -i -j SM10_micro015.tmp.jres -n

Taking protonated structures from:
SM10_micro015.mae
Taking deprotonated structures from:
SM10_micro014.mae

This molecule from 'SM10_micro015.mae' in water was recognized as:

 # 	                  Shell                   
---	------------------------------------------
1: 	amide as acid                             
2: 	Protonation of sp2-like aliphatic nitrogen
3: 	Protonation of generic atom               


Executing conformational search...

Executing 2 distributed subjobs:
---------------------------------

No more than 8 cpu(s) will be used per subjob.
No more than 10 cpu(s) will be used simultaneously.

Processing the following subjobs:
(1) jaguar run csrch.py SM10_micro015.mae -jobname SM10_micro015 -max_conf 5 -erg_window 50.208 -acc_level 1 -TPP 5
(2) jaguar run csrch.py SM10_micro014.mae -jobname SM10_micro014 -max_conf 5 -erg_window 50.208 -acc_level 1 -TPP 5

Running subjobs on hosts:
  lsf-cpu (Max: 2)
Number of jobs:       2
Max retries per job:  3
Max allowed failures: unlimited
Run with -LOCAL:      False
Verbosity:            normal

Starting JobDJ...

Keep one job on driver host: False
JobDJ columns:
  C: Number of completed subjobs
  A: Number of active subjobs (e.g., submitted, running)
  W: Number of waiting/pending subjobs

C A W | Activity  JobId  JobName  JobHost
- - - | --------- -----------------------
0 1 1 | launched  ls14-6-5aec8309 SM10_micro015 lsf-cpu
0 2 0 | launched  ls14-0-5aec8311 SM10_micro014 lsf-cpu
1 1 0 | finished  ls14-0-5aec8311 SM10_micro014 lsf-cpu [ls17]
2 0 0 | finished  ls14-6-5aec8309 SM10_micro015 lsf-cpu [ls01]

All jobs have completed.

2 of 2 job(s) succeeded; 0 job(s) failed.

Timer (distribute subjobs) : 2223.41 secs (0 hrs, 37 mins, 03 secs)

Setting up QM workflow for (protonated, deprotonated) pair:
(1) (SM10_micro015, SM10_micro014)

Executing Jaguar quantum-mechanical subjobs...

Executing 10 distributed subjobs:
----------------------------------

No more than 8 cpu(s) will be used per subjob.
No more than 10 cpu(s) will be used simultaneously.

Processing the following subjobs:
(1) jaguar run pka_prot.bat -jobname SM10_micro015_conf_1 SM10_micro015_conf_1.in
(2) jaguar run pka_prot.bat -jobname SM10_micro015_conf_2 SM10_micro015_conf_2.in
(3) jaguar run pka_prot.bat -jobname SM10_micro015_conf_3 SM10_micro015_conf_3.in
(4) jaguar run pka_prot.bat -jobname SM10_micro015_conf_4 SM10_micro015_conf_4.in
(5) jaguar run pka_prot.bat -jobname SM10_micro015_conf_5 SM10_micro015_conf_5.in
(6) jaguar run pka_deprot.bat -jobname SM10_micro014_conf_1 SM10_micro014_conf_1.in
(7) jaguar run pka_deprot.bat -jobname SM10_micro014_conf_2 SM10_micro014_conf_2.in
(8) jaguar run pka_deprot.bat -jobname SM10_micro014_conf_3 SM10_micro014_conf_3.in
(9) jaguar run pka_deprot.bat -jobname SM10_micro014_conf_4 SM10_micro014_conf_4.in
(10) jaguar run pka_deprot.bat -jobname SM10_micro014_conf_5 SM10_micro014_conf_5.in

Running subjobs on hosts:
  lsf-cpu (Max: 10)
Number of jobs:       10
Max retries per job:  3
Max allowed failures: unlimited
Run with -LOCAL:      False
Verbosity:            normal

Starting JobDJ...

Keep one job on driver host: True
JobDJ columns:
  C: Number of completed subjobs
  A: Number of active subjobs (e.g., submitted, running)
  W: Number of waiting/pending subjobs

 C  A  W | Activity  JobId  JobName  JobHost
-- -- -- | --------- -----------------------
 0  1  9 | launched  ls14-0-5aec8bbd SM10_micro015_conf_1 localhost [ls14]
 0  2  8 | launched  ls14-0-5aec8bc2 SM10_micro015_conf_2 lsf-cpu
 0  3  7 | launched  ls14-0-5aec8bc8 SM10_micro015_conf_3 lsf-cpu
 0  4  6 | launched  ls14-0-5aec8bcc SM10_micro015_conf_4 lsf-cpu
 0  5  5 | launched  ls14-0-5aec8bd1 SM10_micro015_conf_5 lsf-cpu
 0  6  4 | launched  ls14-0-5aec8bd7 SM10_micro014_conf_1 lsf-cpu
 0  7  3 | launched  ls14-0-5aec8bde SM10_micro014_conf_2 lsf-cpu
 0  8  2 | launched  ls14-0-5aec8be4 SM10_micro014_conf_3 lsf-cpu
 0  9  1 | launched  ls14-0-5aec8bea SM10_micro014_conf_4 lsf-cpu
 0 10  0 | launched  ls14-0-5aec8bf0 SM10_micro014_conf_5 lsf-cpu
 1  9  0 | finished  ls14-0-5aec8bbd SM10_micro015_conf_1 localhost [ls14]
 2  8  0 | finished  ls14-0-5aec8be4 SM10_micro014_conf_3 lsf-cpu [ls01]
 3  7  0 | finished  ls14-0-5aec8bf0 SM10_micro014_conf_5 lsf-cpu [ls17]
 4  6  0 | finished  ls14-0-5aec8bea SM10_micro014_conf_4 lsf-cpu [lt05]
 5  5  0 | finished  ls14-0-5aec8bcc SM10_micro015_conf_4 lsf-cpu [ls01]
 6  4  0 | finished  ls14-0-5aec8bde SM10_micro014_conf_2 lsf-cpu [ls18]
 7  3  0 | finished  ls14-0-5aec8bc2 SM10_micro015_conf_2 lsf-cpu [lt17]
 8  2  0 | finished  ls14-0-5aec8bc8 SM10_micro015_conf_3 lsf-cpu [lt02]
 9  1  0 | finished  ls14-0-5aec8bd1 SM10_micro015_conf_5 lsf-cpu [ls13]
10  0  0 | finished  ls14-0-5aec8bd7 SM10_micro014_conf_1 lsf-cpu [lt02]

All jobs have completed.

10 of 10 job(s) succeeded; 0 job(s) failed.

Timer (distribute subjobs) : 7225.86 secs (2 hrs, 00 mins, 25 secs)

Processing QM output files...

Executing subprocess:
/data/chodera/schrodinger/schrodinger2017-4-advanced/jaguar results -energy SM10_micro015_conf_1.nrg_h.out

Executing subprocess:
/data/chodera/schrodinger/schrodinger2017-4-advanced/jaguar results -esolv SM10_micro015_conf_1.sol_h.out

Executing subprocess:
/data/chodera/schrodinger/schrodinger2017-4-advanced/jaguar results -energy SM10_micro015_conf_2.nrg_h.out

Executing subprocess:
/data/chodera/schrodinger/schrodinger2017-4-advanced/jaguar results -esolv SM10_micro015_conf_2.sol_h.out

Executing subprocess:
/data/chodera/schrodinger/schrodinger2017-4-advanced/jaguar results -energy SM10_micro015_conf_3.nrg_h.out

Executing subprocess:
/data/chodera/schrodinger/schrodinger2017-4-advanced/jaguar results -esolv SM10_micro015_conf_3.sol_h.out

Executing subprocess:
/data/chodera/schrodinger/schrodinger2017-4-advanced/jaguar results -energy SM10_micro015_conf_4.nrg_h.out

Executing subprocess:
/data/chodera/schrodinger/schrodinger2017-4-advanced/jaguar results -esolv SM10_micro015_conf_4.sol_h.out

Executing subprocess:
/data/chodera/schrodinger/schrodinger2017-4-advanced/jaguar results -energy SM10_micro015_conf_5.nrg_h.out

Executing subprocess:
/data/chodera/schrodinger/schrodinger2017-4-advanced/jaguar results -esolv SM10_micro015_conf_5.sol_h.out

Executing subprocess:
/data/chodera/schrodinger/schrodinger2017-4-advanced/jaguar results -energy SM10_micro014_conf_1.nrg.out

Executing subprocess:
/data/chodera/schrodinger/schrodinger2017-4-advanced/jaguar results -esolv SM10_micro014_conf_1.sol.out

Executing subprocess:
/data/chodera/schrodinger/schrodinger2017-4-advanced/jaguar results -energy SM10_micro014_conf_2.nrg.out

Executing subprocess:
/data/chodera/schrodinger/schrodinger2017-4-advanced/jaguar results -esolv SM10_micro014_conf_2.sol.out

Executing subprocess:
/data/chodera/schrodinger/schrodinger2017-4-advanced/jaguar results -energy SM10_micro014_conf_3.nrg.out

Executing subprocess:
/data/chodera/schrodinger/schrodinger2017-4-advanced/jaguar results -esolv SM10_micro014_conf_3.sol.out

Executing subprocess:
/data/chodera/schrodinger/schrodinger2017-4-advanced/jaguar results -energy SM10_micro014_conf_4.nrg.out

Executing subprocess:
/data/chodera/schrodinger/schrodinger2017-4-advanced/jaguar results -esolv SM10_micro014_conf_4.sol.out

Executing subprocess:
/data/chodera/schrodinger/schrodinger2017-4-advanced/jaguar results -energy SM10_micro014_conf_5.nrg.out

Executing subprocess:
/data/chodera/schrodinger/schrodinger2017-4-advanced/jaguar results -esolv SM10_micro014_conf_5.sol.out

Executing subprocess:
/data/chodera/schrodinger/schrodinger2017-4-advanced/jaguar-v9.8/bin/Linux-x86_64/pka -o SM10_micro015_deprot-out.mae -j SM10_micro015.jres -n -d

Executing subprocess:
/data/chodera/schrodinger/schrodinger2017-4-advanced/jaguar-v9.8/bin/Linux-x86_64/pka -o SM10_micro015_prot-out.mae -j SM10_micro015.jres -n

pKa calculation for SM10_micro015 completed.

pKa workflow jag_SM10_micro015_SM10_micro014 completed.

Timer (Jaguar pKa) : 9579.17 secs (2 hrs, 39 mins, 39 secs)
Timer (jaguar_backend.py) : 9579.17 secs (2 hrs, 39 mins, 39 secs)
Finished:   Fri May  4 14:37:29 2018
