Taking protonated structures from:
SM23_micro025_conf_1.dft_h.01.mae
SM23_micro025_conf_2.dft_h.01.mae
SM23_micro025_conf_3.dft_h.01.mae
SM23_micro025_conf_4.dft_h.01.mae
SM23_micro025_conf_5.dft_h.01.mae
Taking deprotonated structures from:
SM23_micro012_conf_1.dft.01.mae
SM23_micro012_conf_2.dft.01.mae
SM23_micro012_conf_3.dft.01.mae
SM23_micro012_conf_4.dft.01.mae
SM23_micro012_conf_5.dft.01.mae

Corrected results for 'protonated' structure in water:
pKa atom: 32

 # 	           Shell           	 pKa 	RMSD	 Contribution
---	---------------------------	-----	-----	--------------
1: 	pyrimidine                 	-0.15	0.242	     3.84%
2: 	heterocycle custom 1       	-1.15	0.617	     9.73%
3: 	heterocycle                	-0.73	0.837	     6.80%
4: 	Protonation of generic atom	 0.81	2.264	    79.63%

 Final weighted pKa value is 0.48



