Taking protonated structures from:
SM18_micro034_conf_1.dft_h.01.mae
SM18_micro034_conf_2.dft_h.01.mae
SM18_micro034_conf_3.dft_h.01.mae
SM18_micro034_conf_4.dft_h.01.mae
SM18_micro034_conf_5.dft_h.01.mae
Taking deprotonated structures from:
SM18_micro016_conf_1.dft.01.mae
SM18_micro016_conf_2.dft.01.mae
SM18_micro016_conf_3.dft.01.mae
SM18_micro016_conf_4.dft.01.mae
SM18_micro016_conf_5.dft.01.mae

Corrected results for 'protonated' structure in water:
pKa atom: 32

 # 	           Shell           	 pKa 	RMSD	 Contribution
---	---------------------------	-----	-----	--------------
1: 	4-pyrimidone as base       	 0.94	0.363	    46.82%
2: 	heterocycle custom 1       	 0.84	0.617	     8.48%
3: 	heterocycle                	 1.19	0.837	    42.91%
4: 	Protonation of generic atom	 2.36	2.264	     1.79%

 Final weighted pKa value is 1.06



