Command:    jaguar run pka.py -jobname jag_SM03_micro024_SM03_micro016 -PARALLEL 10 -n -csrch -prot SM03_micro024.in -deprot SM03_micro016.in
Release:    2017-4
Exec:       /data/chodera/schrodinger/schrodinger2017-4-advanced/jaguar-v9.8/bin/Linux-x86_64
Host:       lt12
JobId:      lilac-0-5aec6874
JobDir:     /lila/data/chodera/schrodinger/tmpdir/rustenburg/jag_SM03_micro024_SM03_micro016
Date:       Fri May  4 10:04:41 2018

Contents of /lila/data/chodera/schrodinger/tmpdir/rustenburg/jag_SM03_micro024_SM03_micro016:
/lila/data/chodera/schrodinger/tmpdir/rustenburg/jag_SM03_micro024_SM03_micro016/jag_SM03_micro024_SM03_micro016.recover
/lila/data/chodera/schrodinger/tmpdir/rustenburg/jag_SM03_micro024_SM03_micro016/jag_SM03_micro024_SM03_micro016.log
/lila/data/chodera/schrodinger/tmpdir/rustenburg/jag_SM03_micro024_SM03_micro016/SM03_micro016.in
/lila/data/chodera/schrodinger/tmpdir/rustenburg/jag_SM03_micro024_SM03_micro016/lilac-0-5aec6874.hosts
/lila/data/chodera/schrodinger/tmpdir/rustenburg/jag_SM03_micro024_SM03_micro016/SM03_micro024.in
/lila/data/chodera/schrodinger/tmpdir/rustenburg/jag_SM03_micro024_SM03_micro016/SM03_micro016.mae
/lila/data/chodera/schrodinger/tmpdir/rustenburg/jag_SM03_micro024_SM03_micro016/SM03_micro024.mae
/lila/data/chodera/schrodinger/tmpdir/rustenburg/jag_SM03_micro024_SM03_micro016/lilac-0-5aec6874.mpinodes
/lila/data/chodera/schrodinger/tmpdir/rustenburg/jag_SM03_micro024_SM03_micro016/lilac-0-5aec6874
/lila/data/chodera/schrodinger/tmpdir/rustenburg/jag_SM03_micro024_SM03_micro016/lilac-0-5aec6874.recover
/lila/data/chodera/schrodinger/tmpdir/rustenburg/jag_SM03_micro024_SM03_micro016/lilac-0-5aec6874.jlog
/lila/data/chodera/schrodinger/tmpdir/rustenburg/jag_SM03_micro024_SM03_micro016/lilac-0-5aec6874.nodes

=====================
 Jaguar pKa workflow
=====================

Analysing user-provided (prot, deprot) pair:
(SM03_micro024.in, SM03_micro016.in)
Found labile hydrogen 21 in SM03_micro024.in
Found labile hydrogen at atom 9 in SM03_micro016.in
Adding 'ipkat' keyword to input files.

Identifying pKa functional group for pair:
(SM03_micro024, SM03_micro016)

Executing subprocess:
/data/chodera/schrodinger/schrodinger2017-4-advanced/jaguar-v9.8/bin/Linux-x86_64/pka -i -j SM03_micro024.tmp.jres -n

Taking protonated structures from:
SM03_micro024.mae
Taking deprotonated structures from:
SM03_micro016.mae

This molecule from 'SM03_micro024.mae' in water was recognized as:

 # 	           Shell           
---	---------------------------
1: 	Protonation of generic atom


Executing conformational search...

Executing 2 distributed subjobs:
---------------------------------

No more than 8 cpu(s) will be used per subjob.
No more than 10 cpu(s) will be used simultaneously.

Processing the following subjobs:
(1) jaguar run csrch.py SM03_micro024.mae -jobname SM03_micro024 -max_conf 5 -erg_window 50.208 -acc_level 1 -TPP 5
(2) jaguar run csrch.py SM03_micro016.mae -jobname SM03_micro016 -max_conf 5 -erg_window 50.208 -acc_level 1 -TPP 5

Running subjobs on hosts:
  lsf-cpu (Max: 2)
Number of jobs:       2
Max retries per job:  3
Max allowed failures: unlimited
Run with -LOCAL:      False
Verbosity:            normal

Starting JobDJ...

Keep one job on driver host: False
JobDJ columns:
  C: Number of completed subjobs
  A: Number of active subjobs (e.g., submitted, running)
  W: Number of waiting/pending subjobs

C A W | Activity  JobId  JobName  JobHost
- - - | --------- -----------------------
0 1 1 | launched  lt12-2-5aec6881 SM03_micro024 lsf-cpu
0 2 0 | launched  lt12-1-5aec6886 SM03_micro016 lsf-cpu
1 1 0 | finished  lt12-1-5aec6886 SM03_micro016 lsf-cpu
2 0 0 | finished  lt12-2-5aec6881 SM03_micro024 lsf-cpu [lt08]

All jobs have completed.

2 of 2 job(s) succeeded; 0 job(s) failed.

Timer (distribute subjobs) : 617.53 secs (0 hrs, 10 mins, 17 secs)

Setting up QM workflow for (protonated, deprotonated) pair:
(1) (SM03_micro024, SM03_micro016)

Executing Jaguar quantum-mechanical subjobs...

Executing 10 distributed subjobs:
----------------------------------

No more than 8 cpu(s) will be used per subjob.
No more than 10 cpu(s) will be used simultaneously.

Processing the following subjobs:
(1) jaguar run pka_prot.bat -jobname SM03_micro024_conf_1 SM03_micro024_conf_1.in
(2) jaguar run pka_prot.bat -jobname SM03_micro024_conf_2 SM03_micro024_conf_2.in
(3) jaguar run pka_prot.bat -jobname SM03_micro024_conf_3 SM03_micro024_conf_3.in
(4) jaguar run pka_prot.bat -jobname SM03_micro024_conf_4 SM03_micro024_conf_4.in
(5) jaguar run pka_prot.bat -jobname SM03_micro024_conf_5 SM03_micro024_conf_5.in
(6) jaguar run pka_deprot.bat -jobname SM03_micro016_conf_1 SM03_micro016_conf_1.in
(7) jaguar run pka_deprot.bat -jobname SM03_micro016_conf_2 SM03_micro016_conf_2.in
(8) jaguar run pka_deprot.bat -jobname SM03_micro016_conf_3 SM03_micro016_conf_3.in
(9) jaguar run pka_deprot.bat -jobname SM03_micro016_conf_4 SM03_micro016_conf_4.in
(10) jaguar run pka_deprot.bat -jobname SM03_micro016_conf_5 SM03_micro016_conf_5.in

Running subjobs on hosts:
  lsf-cpu (Max: 10)
Number of jobs:       10
Max retries per job:  3
Max allowed failures: unlimited
Run with -LOCAL:      False
Verbosity:            normal

Starting JobDJ...

Keep one job on driver host: True
JobDJ columns:
  C: Number of completed subjobs
  A: Number of active subjobs (e.g., submitted, running)
  W: Number of waiting/pending subjobs

 C  A  W | Activity  JobId  JobName  JobHost
-- -- -- | --------- -----------------------
 0  1  9 | launched  lt12-0-5aec6aef SM03_micro024_conf_1 localhost [lt12]
 0  2  8 | launched  lt12-0-5aec6af7 SM03_micro024_conf_2 lsf-cpu
 0  3  7 | launched  lt12-1-5aec6afe SM03_micro024_conf_3 lsf-cpu
 0  4  6 | launched  lt12-0-5aec6b07 SM03_micro024_conf_4 lsf-cpu
 0  5  5 | launched  lt12-0-5aec6b0e SM03_micro024_conf_5 lsf-cpu
 0  6  4 | launched  lt12-0-5aec6b16 SM03_micro016_conf_1 lsf-cpu
 0  7  3 | launched  lt12-0-5aec6b1e SM03_micro016_conf_2 lsf-cpu
 0  8  2 | launched  lt12-0-5aec6b26 SM03_micro016_conf_3 lsf-cpu
 0  9  1 | launched  lt12-0-5aec6b30 SM03_micro016_conf_4 lsf-cpu
 0 10  0 | launched  lt12-0-5aec6b3a SM03_micro016_conf_5 lsf-cpu
 1  9  0 | finished  lt12-0-5aec6aef SM03_micro024_conf_1 localhost [lt12]
 2  8  0 | finished  lt12-0-5aec6af7 SM03_micro024_conf_2 lsf-cpu [ls12]
 3  7  0 | finished  lt12-1-5aec6afe SM03_micro024_conf_3 lsf-cpu [ls07]
 4  6  0 | finished  lt12-0-5aec6b26 SM03_micro016_conf_3 lsf-cpu [ls15]
 5  5  0 | finished  lt12-0-5aec6b1e SM03_micro016_conf_2 lsf-cpu [lt22]
 6  4  0 | finished  lt12-0-5aec6b07 SM03_micro024_conf_4 lsf-cpu [ls07]
 7  3  0 | finished  lt12-0-5aec6b30 SM03_micro016_conf_4 lsf-cpu [ls01]
 8  2  0 | finished  lt12-0-5aec6b16 SM03_micro016_conf_1 lsf-cpu [ls13]
 9  1  0 | finished  lt12-0-5aec6b3a SM03_micro016_conf_5 lsf-cpu [ls17]
10  0  0 | finished  lt12-0-5aec6b0e SM03_micro024_conf_5 lsf-cpu [ls01]

All jobs have completed.

10 of 10 job(s) succeeded; 0 job(s) failed.

Timer (distribute subjobs) : 3596.43 secs (0 hrs, 59 mins, 56 secs)

Processing QM output files...

Executing subprocess:
/data/chodera/schrodinger/schrodinger2017-4-advanced/jaguar results -energy SM03_micro024_conf_1.nrg_h.out

Executing subprocess:
/data/chodera/schrodinger/schrodinger2017-4-advanced/jaguar results -esolv SM03_micro024_conf_1.sol_h.out

Executing subprocess:
/data/chodera/schrodinger/schrodinger2017-4-advanced/jaguar results -energy SM03_micro024_conf_2.nrg_h.out

Executing subprocess:
/data/chodera/schrodinger/schrodinger2017-4-advanced/jaguar results -esolv SM03_micro024_conf_2.sol_h.out

Executing subprocess:
/data/chodera/schrodinger/schrodinger2017-4-advanced/jaguar results -energy SM03_micro024_conf_3.nrg_h.out

Executing subprocess:
/data/chodera/schrodinger/schrodinger2017-4-advanced/jaguar results -esolv SM03_micro024_conf_3.sol_h.out

Executing subprocess:
/data/chodera/schrodinger/schrodinger2017-4-advanced/jaguar results -energy SM03_micro024_conf_4.nrg_h.out

Executing subprocess:
/data/chodera/schrodinger/schrodinger2017-4-advanced/jaguar results -esolv SM03_micro024_conf_4.sol_h.out

Executing subprocess:
/data/chodera/schrodinger/schrodinger2017-4-advanced/jaguar results -energy SM03_micro024_conf_5.nrg_h.out

Executing subprocess:
/data/chodera/schrodinger/schrodinger2017-4-advanced/jaguar results -esolv SM03_micro024_conf_5.sol_h.out

Executing subprocess:
/data/chodera/schrodinger/schrodinger2017-4-advanced/jaguar results -energy SM03_micro016_conf_1.nrg.out

Executing subprocess:
/data/chodera/schrodinger/schrodinger2017-4-advanced/jaguar results -esolv SM03_micro016_conf_1.sol.out

Executing subprocess:
/data/chodera/schrodinger/schrodinger2017-4-advanced/jaguar results -energy SM03_micro016_conf_2.nrg.out

Executing subprocess:
/data/chodera/schrodinger/schrodinger2017-4-advanced/jaguar results -esolv SM03_micro016_conf_2.sol.out

Executing subprocess:
/data/chodera/schrodinger/schrodinger2017-4-advanced/jaguar results -energy SM03_micro016_conf_3.nrg.out

Executing subprocess:
/data/chodera/schrodinger/schrodinger2017-4-advanced/jaguar results -esolv SM03_micro016_conf_3.sol.out

Executing subprocess:
/data/chodera/schrodinger/schrodinger2017-4-advanced/jaguar results -energy SM03_micro016_conf_4.nrg.out

Executing subprocess:
/data/chodera/schrodinger/schrodinger2017-4-advanced/jaguar results -esolv SM03_micro016_conf_4.sol.out

Executing subprocess:
/data/chodera/schrodinger/schrodinger2017-4-advanced/jaguar results -energy SM03_micro016_conf_5.nrg.out

Executing subprocess:
/data/chodera/schrodinger/schrodinger2017-4-advanced/jaguar results -esolv SM03_micro016_conf_5.sol.out

Executing subprocess:
/data/chodera/schrodinger/schrodinger2017-4-advanced/jaguar-v9.8/bin/Linux-x86_64/pka -o SM03_micro024_deprot-out.mae -j SM03_micro024.jres -n -d

Executing subprocess:
/data/chodera/schrodinger/schrodinger2017-4-advanced/jaguar-v9.8/bin/Linux-x86_64/pka -o SM03_micro024_prot-out.mae -j SM03_micro024.jres -n

pKa calculation for SM03_micro024 completed.

pKa workflow jag_SM03_micro024_SM03_micro016 completed.

Timer (Jaguar pKa) : 4280.45 secs (1 hrs, 11 mins, 20 secs)
Timer (jaguar_backend.py) : 4280.45 secs (1 hrs, 11 mins, 20 secs)
Finished:   Fri May  4 11:16:01 2018
