Taking protonated structures from:
SM23_micro040_conf_1.dft_h.01.mae
SM23_micro040_conf_2.dft_h.01.mae
SM23_micro040_conf_3.dft_h.01.mae
SM23_micro040_conf_4.dft_h.01.mae
SM23_micro040_conf_5.dft_h.01.mae
Taking deprotonated structures from:
SM23_micro024_conf_1.dft.01.mae
SM23_micro024_conf_2.dft.01.mae
SM23_micro024_conf_3.dft.01.mae
SM23_micro024_conf_4.dft.01.mae
SM23_micro024_conf_5.dft.01.mae

Corrected results for 'protonated' structure in water:
pKa atom: 56

 # 	           Shell           	 pKa 	RMSD	 Contribution
---	---------------------------	-----	-----	--------------
1: 	pyrimidine                 	-2.24	0.242	    49.81%
2: 	heterocycle custom 1       	-4.66	0.617	    14.25%
3: 	heterocycle                	-4.09	0.837	    32.80%
4: 	Protonation of generic atom	-1.82	2.264	     3.13%

 Final weighted pKa value is -3.18



