Command:    jaguar run pka.py -jobname jag_SM10_micro003_SM10_micro036 -PARALLEL 10 -n -csrch -prot SM10_micro003.in -deprot SM10_micro036.in
Release:    2017-4
Exec:       /data/chodera/schrodinger/schrodinger2017-4-advanced/jaguar-v9.8/bin/Linux-x86_64
Host:       ls11
JobId:      lilac-0-5aec807d
JobDir:     /lila/data/chodera/schrodinger/tmpdir/rustenburg/jag_SM10_micro003_SM10_micro036
Date:       Fri May  4 11:51:34 2018

Contents of /lila/data/chodera/schrodinger/tmpdir/rustenburg/jag_SM10_micro003_SM10_micro036:
/lila/data/chodera/schrodinger/tmpdir/rustenburg/jag_SM10_micro003_SM10_micro036/SM10_micro003.mae
/lila/data/chodera/schrodinger/tmpdir/rustenburg/jag_SM10_micro003_SM10_micro036/SM10_micro036.in
/lila/data/chodera/schrodinger/tmpdir/rustenburg/jag_SM10_micro003_SM10_micro036/SM10_micro003.in
/lila/data/chodera/schrodinger/tmpdir/rustenburg/jag_SM10_micro003_SM10_micro036/lilac-0-5aec807d.nodes
/lila/data/chodera/schrodinger/tmpdir/rustenburg/jag_SM10_micro003_SM10_micro036/lilac-0-5aec807d
/lila/data/chodera/schrodinger/tmpdir/rustenburg/jag_SM10_micro003_SM10_micro036/lilac-0-5aec807d.jlog
/lila/data/chodera/schrodinger/tmpdir/rustenburg/jag_SM10_micro003_SM10_micro036/lilac-0-5aec807d.mpinodes
/lila/data/chodera/schrodinger/tmpdir/rustenburg/jag_SM10_micro003_SM10_micro036/lilac-0-5aec807d.hosts
/lila/data/chodera/schrodinger/tmpdir/rustenburg/jag_SM10_micro003_SM10_micro036/jag_SM10_micro003_SM10_micro036.log
/lila/data/chodera/schrodinger/tmpdir/rustenburg/jag_SM10_micro003_SM10_micro036/SM10_micro036.mae
/lila/data/chodera/schrodinger/tmpdir/rustenburg/jag_SM10_micro003_SM10_micro036/jag_SM10_micro003_SM10_micro036.recover
/lila/data/chodera/schrodinger/tmpdir/rustenburg/jag_SM10_micro003_SM10_micro036/lilac-0-5aec807d.recover

=====================
 Jaguar pKa workflow
=====================

Analysing user-provided (prot, deprot) pair:
(SM10_micro003.in, SM10_micro036.in)
Found labile hydrogen 23 in SM10_micro003.in
Found labile hydrogen at atom 8 in SM10_micro036.in
Adding 'ipkat' keyword to input files.

Identifying pKa functional group for pair:
(SM10_micro003, SM10_micro036)

Executing subprocess:
/data/chodera/schrodinger/schrodinger2017-4-advanced/jaguar-v9.8/bin/Linux-x86_64/pka -i -j SM10_micro003.tmp.jres -n

Taking protonated structures from:
SM10_micro003.mae
Taking deprotonated structures from:
SM10_micro036.mae

This molecule from 'SM10_micro003.mae' in water was recognized as:

 # 	            Shell             
---	------------------------------
1: 	amide as base                 
2: 	Protonation of generic atom   
3: 	Protonation of sp2-like oxygen


Executing conformational search...

Executing 2 distributed subjobs:
---------------------------------

No more than 8 cpu(s) will be used per subjob.
No more than 10 cpu(s) will be used simultaneously.

Processing the following subjobs:
(1) jaguar run csrch.py SM10_micro003.mae -jobname SM10_micro003 -max_conf 5 -erg_window 50.208 -acc_level 1 -TPP 5
(2) jaguar run csrch.py SM10_micro036.mae -jobname SM10_micro036 -max_conf 5 -erg_window 50.208 -acc_level 1 -TPP 5

Running subjobs on hosts:
  lsf-cpu (Max: 2)
Number of jobs:       2
Max retries per job:  3
Max allowed failures: unlimited
Run with -LOCAL:      False
Verbosity:            normal

Starting JobDJ...

Keep one job on driver host: False
JobDJ columns:
  C: Number of completed subjobs
  A: Number of active subjobs (e.g., submitted, running)
  W: Number of waiting/pending subjobs

C A W | Activity  JobId  JobName  JobHost
- - - | --------- -----------------------
0 1 1 | launched  ls11-1-5aec818e SM10_micro003 lsf-cpu
0 2 0 | launched  ls11-0-5aec819a SM10_micro036 lsf-cpu
1 1 0 | finished  ls11-1-5aec818e SM10_micro003 lsf-cpu [ls10]
2 0 0 | finished  ls11-0-5aec819a SM10_micro036 lsf-cpu [ls11]

All jobs have completed.

2 of 2 job(s) succeeded; 0 job(s) failed.

Timer (distribute subjobs) : 1587.57 secs (0 hrs, 26 mins, 27 secs)

Setting up QM workflow for (protonated, deprotonated) pair:
(1) (SM10_micro003, SM10_micro036)

Executing Jaguar quantum-mechanical subjobs...

Executing 10 distributed subjobs:
----------------------------------

No more than 8 cpu(s) will be used per subjob.
No more than 10 cpu(s) will be used simultaneously.

Processing the following subjobs:
(1) jaguar run pka_prot.bat -jobname SM10_micro003_conf_1 SM10_micro003_conf_1.in
(2) jaguar run pka_prot.bat -jobname SM10_micro003_conf_2 SM10_micro003_conf_2.in
(3) jaguar run pka_prot.bat -jobname SM10_micro003_conf_3 SM10_micro003_conf_3.in
(4) jaguar run pka_prot.bat -jobname SM10_micro003_conf_4 SM10_micro003_conf_4.in
(5) jaguar run pka_prot.bat -jobname SM10_micro003_conf_5 SM10_micro003_conf_5.in
(6) jaguar run pka_deprot.bat -jobname SM10_micro036_conf_1 SM10_micro036_conf_1.in
(7) jaguar run pka_deprot.bat -jobname SM10_micro036_conf_2 SM10_micro036_conf_2.in
(8) jaguar run pka_deprot.bat -jobname SM10_micro036_conf_3 SM10_micro036_conf_3.in
(9) jaguar run pka_deprot.bat -jobname SM10_micro036_conf_4 SM10_micro036_conf_4.in
(10) jaguar run pka_deprot.bat -jobname SM10_micro036_conf_5 SM10_micro036_conf_5.in

Running subjobs on hosts:
  lsf-cpu (Max: 10)
Number of jobs:       10
Max retries per job:  3
Max allowed failures: unlimited
Run with -LOCAL:      False
Verbosity:            normal

Starting JobDJ...

Keep one job on driver host: True
JobDJ columns:
  C: Number of completed subjobs
  A: Number of active subjobs (e.g., submitted, running)
  W: Number of waiting/pending subjobs

 C  A  W | Activity  JobId  JobName  JobHost
-- -- -- | --------- -----------------------
 0  1  9 | launched  ls11-0-5aec87c2 SM10_micro003_conf_1 localhost [ls11]
 0  2  8 | launched  ls11-0-5aec87c7 SM10_micro003_conf_2 lsf-cpu
 0  3  7 | launched  ls11-0-5aec87cb SM10_micro003_conf_3 lsf-cpu
 0  4  6 | launched  ls11-0-5aec87ce SM10_micro003_conf_4 lsf-cpu
 0  5  5 | launched  ls11-0-5aec87d2 SM10_micro003_conf_5 lsf-cpu
 0  6  4 | launched  ls11-0-5aec87d7 SM10_micro036_conf_1 lsf-cpu
 0  7  3 | launched  ls11-0-5aec87db SM10_micro036_conf_2 lsf-cpu
 0  8  2 | launched  ls11-0-5aec87e0 SM10_micro036_conf_3 lsf-cpu
 0  9  1 | launched  ls11-0-5aec87e4 SM10_micro036_conf_4 lsf-cpu
 0 10  0 | launched  ls11-0-5aec87e9 SM10_micro036_conf_5 lsf-cpu
 1  9  0 | finished  ls11-0-5aec87c2 SM10_micro003_conf_1 localhost [ls11]
 2  8  0 | finished  ls11-0-5aec87e4 SM10_micro036_conf_4 lsf-cpu [ls12]
 3  7  0 | finished  ls11-0-5aec87cb SM10_micro003_conf_3 lsf-cpu [ls12]
 4  6  0 | finished  ls11-0-5aec87c7 SM10_micro003_conf_2 lsf-cpu [ls12]
 5  5  0 | finished  ls11-0-5aec87ce SM10_micro003_conf_4 lsf-cpu [ls12]
 6  4  0 | finished  ls11-0-5aec87d2 SM10_micro003_conf_5 lsf-cpu [ls12]
 7  3  0 | finished  ls11-0-5aec87e0 SM10_micro036_conf_3 lsf-cpu [ls12]
 8  2  0 | finished  ls11-0-5aec87d7 SM10_micro036_conf_1 lsf-cpu [ls12]
 9  1  0 | finished  ls11-0-5aec87e9 SM10_micro036_conf_5 lsf-cpu [ls12]
10  0  0 | finished  ls11-0-5aec87db SM10_micro036_conf_2 lsf-cpu [ls12]

All jobs have completed.

10 of 10 job(s) succeeded; 0 job(s) failed.

Timer (distribute subjobs) : 4713.46 secs (1 hrs, 18 mins, 33 secs)

Processing QM output files...

Executing subprocess:
/data/chodera/schrodinger/schrodinger2017-4-advanced/jaguar results -energy SM10_micro003_conf_1.nrg_h.out

Executing subprocess:
/data/chodera/schrodinger/schrodinger2017-4-advanced/jaguar results -esolv SM10_micro003_conf_1.sol_h.out

Executing subprocess:
/data/chodera/schrodinger/schrodinger2017-4-advanced/jaguar results -energy SM10_micro003_conf_2.nrg_h.out

Executing subprocess:
/data/chodera/schrodinger/schrodinger2017-4-advanced/jaguar results -esolv SM10_micro003_conf_2.sol_h.out

Executing subprocess:
/data/chodera/schrodinger/schrodinger2017-4-advanced/jaguar results -energy SM10_micro003_conf_3.nrg_h.out

Executing subprocess:
/data/chodera/schrodinger/schrodinger2017-4-advanced/jaguar results -esolv SM10_micro003_conf_3.sol_h.out

Executing subprocess:
/data/chodera/schrodinger/schrodinger2017-4-advanced/jaguar results -energy SM10_micro003_conf_4.nrg_h.out

Executing subprocess:
/data/chodera/schrodinger/schrodinger2017-4-advanced/jaguar results -esolv SM10_micro003_conf_4.sol_h.out

Executing subprocess:
/data/chodera/schrodinger/schrodinger2017-4-advanced/jaguar results -energy SM10_micro003_conf_5.nrg_h.out

Executing subprocess:
/data/chodera/schrodinger/schrodinger2017-4-advanced/jaguar results -esolv SM10_micro003_conf_5.sol_h.out

Executing subprocess:
/data/chodera/schrodinger/schrodinger2017-4-advanced/jaguar results -energy SM10_micro036_conf_1.nrg.out

Executing subprocess:
/data/chodera/schrodinger/schrodinger2017-4-advanced/jaguar results -esolv SM10_micro036_conf_1.sol.out

Executing subprocess:
/data/chodera/schrodinger/schrodinger2017-4-advanced/jaguar results -energy SM10_micro036_conf_2.nrg.out

Executing subprocess:
/data/chodera/schrodinger/schrodinger2017-4-advanced/jaguar results -esolv SM10_micro036_conf_2.sol.out

Executing subprocess:
/data/chodera/schrodinger/schrodinger2017-4-advanced/jaguar results -energy SM10_micro036_conf_3.nrg.out

Executing subprocess:
/data/chodera/schrodinger/schrodinger2017-4-advanced/jaguar results -esolv SM10_micro036_conf_3.sol.out

Executing subprocess:
/data/chodera/schrodinger/schrodinger2017-4-advanced/jaguar results -energy SM10_micro036_conf_4.nrg.out

Executing subprocess:
/data/chodera/schrodinger/schrodinger2017-4-advanced/jaguar results -esolv SM10_micro036_conf_4.sol.out

Executing subprocess:
/data/chodera/schrodinger/schrodinger2017-4-advanced/jaguar results -energy SM10_micro036_conf_5.nrg.out

Executing subprocess:
/data/chodera/schrodinger/schrodinger2017-4-advanced/jaguar results -esolv SM10_micro036_conf_5.sol.out

Executing subprocess:
/data/chodera/schrodinger/schrodinger2017-4-advanced/jaguar-v9.8/bin/Linux-x86_64/pka -o SM10_micro003_deprot-out.mae -j SM10_micro003.jres -n -d

Executing subprocess:
/data/chodera/schrodinger/schrodinger2017-4-advanced/jaguar-v9.8/bin/Linux-x86_64/pka -o SM10_micro003_prot-out.mae -j SM10_micro003.jres -n

pKa calculation for SM10_micro003 completed.

pKa workflow jag_SM10_micro003_SM10_micro036 completed.

Timer (Jaguar pKa) : 6379.58 secs (1 hrs, 46 mins, 19 secs)
Timer (jaguar_backend.py) : 6379.58 secs (1 hrs, 46 mins, 19 secs)
Finished:   Fri May  4 13:37:54 2018
