Taking protonated structures from:
SM18_micro076_conf_1.dft_h.01.mae
SM18_micro076_conf_2.dft_h.01.mae
SM18_micro076_conf_3.dft_h.01.mae
SM18_micro076_conf_4.dft_h.01.mae
SM18_micro076_conf_5.dft_h.01.mae
Taking deprotonated structures from:
SM18_micro004_conf_1.dft.01.mae
SM18_micro004_conf_2.dft.01.mae
SM18_micro004_conf_3.dft.01.mae
SM18_micro004_conf_4.dft.01.mae
SM18_micro004_conf_5.dft.01.mae

Corrected results for 'protonated' structure in water:
pKa atom: 31

 # 	            Shell             	 pKa 	RMSD	 Contribution
---	------------------------------	-----	-----	--------------
1: 	protonation of O=Het          	 3.46	0.618	    98.96%
2: 	Protonation of generic atom   	 8.69	2.264	     0.35%
3: 	Protonation of sp2-like oxygen	 8.29	2.568	     0.68%

 Final weighted pKa value is 3.51



