Taking protonated structures from:
SM10_micro020_conf_1.dft_h.01.mae
SM10_micro020_conf_2.dft_h.01.mae
SM10_micro020_conf_3.dft_h.01.mae
SM10_micro020_conf_4.dft_h.01.mae
SM10_micro020_conf_5.dft_h.01.mae
Taking deprotonated structures from:
SM10_micro030_conf_1.dft.01.mae
SM10_micro030_conf_2.dft.01.mae
SM10_micro030_conf_3.dft.01.mae
SM10_micro030_conf_4.dft.01.mae
SM10_micro030_conf_5.dft.01.mae

Corrected results for 'protonated' structure in water:
pKa atom: 29

 # 	                 Shell                  	 pKa 	RMSD	 Contribution
---	----------------------------------------	-----	-----	--------------
1: 	Protonation of generic atom             	11.50	2.264	    93.30%
2: 	aliphatic CH acid in water              	 9.86	2.584	     3.54%
3: 	Protonation of sp2-like aliphatic carbon	10.06	2.605	     3.16%

 Final weighted pKa value is 11.39



