Command:    jaguar run pka.py -jobname jag_SM01_micro009_SM01_micro008 -PARALLEL 10 -n -csrch -prot SM01_micro009.in -deprot SM01_micro008.in
Release:    2017-4
Exec:       /data/chodera/schrodinger/schrodinger2017-4-advanced/jaguar-v9.8/bin/Linux-x86_64
Host:       lt16
JobId:      lilac-0-5aec6661
JobDir:     /lila/data/chodera/schrodinger/tmpdir/rustenburg/jag_SM01_micro009_SM01_micro008
Date:       Fri May  4 09:55:51 2018

Contents of /lila/data/chodera/schrodinger/tmpdir/rustenburg/jag_SM01_micro009_SM01_micro008:
/lila/data/chodera/schrodinger/tmpdir/rustenburg/jag_SM01_micro009_SM01_micro008/lilac-0-5aec6661.nodes
/lila/data/chodera/schrodinger/tmpdir/rustenburg/jag_SM01_micro009_SM01_micro008/SM01_micro008.in
/lila/data/chodera/schrodinger/tmpdir/rustenburg/jag_SM01_micro009_SM01_micro008/jag_SM01_micro009_SM01_micro008.recover
/lila/data/chodera/schrodinger/tmpdir/rustenburg/jag_SM01_micro009_SM01_micro008/lilac-0-5aec6661.hosts
/lila/data/chodera/schrodinger/tmpdir/rustenburg/jag_SM01_micro009_SM01_micro008/SM01_micro008.mae
/lila/data/chodera/schrodinger/tmpdir/rustenburg/jag_SM01_micro009_SM01_micro008/SM01_micro009.in
/lila/data/chodera/schrodinger/tmpdir/rustenburg/jag_SM01_micro009_SM01_micro008/lilac-0-5aec6661.mpinodes
/lila/data/chodera/schrodinger/tmpdir/rustenburg/jag_SM01_micro009_SM01_micro008/lilac-0-5aec6661
/lila/data/chodera/schrodinger/tmpdir/rustenburg/jag_SM01_micro009_SM01_micro008/lilac-0-5aec6661.jlog
/lila/data/chodera/schrodinger/tmpdir/rustenburg/jag_SM01_micro009_SM01_micro008/lilac-0-5aec6661.recover
/lila/data/chodera/schrodinger/tmpdir/rustenburg/jag_SM01_micro009_SM01_micro008/SM01_micro009.mae
/lila/data/chodera/schrodinger/tmpdir/rustenburg/jag_SM01_micro009_SM01_micro008/jag_SM01_micro009_SM01_micro008.log

=====================
 Jaguar pKa workflow
=====================

Analysing user-provided (prot, deprot) pair:
(SM01_micro009.in, SM01_micro008.in)
Found labile hydrogen 21 in SM01_micro009.in
Found labile hydrogen at atom 4 in SM01_micro008.in
Adding 'ipkat' keyword to input files.

Identifying pKa functional group for pair:
(SM01_micro009, SM01_micro008)

Executing subprocess:
/data/chodera/schrodinger/schrodinger2017-4-advanced/jaguar-v9.8/bin/Linux-x86_64/pka -i -j SM01_micro009.tmp.jres -n

Taking protonated structures from:
SM01_micro009.mae
Taking deprotonated structures from:
SM01_micro008.mae

This molecule from 'SM01_micro009.mae' in water was recognized as:

 # 	                    Shell                     
---	----------------------------------------------
1: 	phenol excluding o-nitro- and o-nitrosophenols
2: 	Protonation of generic atom                   
3: 	Protonation of sp2-like oxygen                


Executing conformational search...

Executing 2 distributed subjobs:
---------------------------------

No more than 8 cpu(s) will be used per subjob.
No more than 10 cpu(s) will be used simultaneously.

Processing the following subjobs:
(1) jaguar run csrch.py SM01_micro009.mae -jobname SM01_micro009 -max_conf 5 -erg_window 50.208 -acc_level 1 -TPP 5
(2) jaguar run csrch.py SM01_micro008.mae -jobname SM01_micro008 -max_conf 5 -erg_window 50.208 -acc_level 1 -TPP 5

Running subjobs on hosts:
  lsf-cpu (Max: 2)
Number of jobs:       2
Max retries per job:  3
Max allowed failures: unlimited
Run with -LOCAL:      False
Verbosity:            normal

Starting JobDJ...

Keep one job on driver host: False
JobDJ columns:
  C: Number of completed subjobs
  A: Number of active subjobs (e.g., submitted, running)
  W: Number of waiting/pending subjobs

C A W | Activity  JobId  JobName  JobHost
- - - | --------- -----------------------
0 1 1 | launched  lt16-0-5aec666f SM01_micro009 lsf-cpu
0 2 0 | launched  lt16-0-5aec6672 SM01_micro008 lsf-cpu
1 1 0 | finished  lt16-0-5aec666f SM01_micro009 lsf-cpu
2 0 0 | finished  lt16-0-5aec6672 SM01_micro008 lsf-cpu

All jobs have completed.

2 of 2 job(s) succeeded; 0 job(s) failed.

Timer (distribute subjobs) : 211.31 secs (0 hrs, 03 mins, 31 secs)

Setting up QM workflow for (protonated, deprotonated) pair:
(1) (SM01_micro009, SM01_micro008)

Executing Jaguar quantum-mechanical subjobs...

Executing 8 distributed subjobs:
---------------------------------

No more than 8 cpu(s) will be used per subjob.
No more than 10 cpu(s) will be used simultaneously.

Processing the following subjobs:
(1) jaguar run pka_prot.bat -jobname SM01_micro009_conf_1 SM01_micro009_conf_1.in -TPP 2
(2) jaguar run pka_prot.bat -jobname SM01_micro009_conf_2 SM01_micro009_conf_2.in -TPP 2
(3) jaguar run pka_prot.bat -jobname SM01_micro009_conf_3 SM01_micro009_conf_3.in
(4) jaguar run pka_prot.bat -jobname SM01_micro009_conf_4 SM01_micro009_conf_4.in
(5) jaguar run pka_prot.bat -jobname SM01_micro009_conf_5 SM01_micro009_conf_5.in
(6) jaguar run pka_deprot.bat -jobname SM01_micro008_conf_1 SM01_micro008_conf_1.in
(7) jaguar run pka_deprot.bat -jobname SM01_micro008_conf_2 SM01_micro008_conf_2.in
(8) jaguar run pka_deprot.bat -jobname SM01_micro008_conf_3 SM01_micro008_conf_3.in

Running subjobs on hosts:
  lsf-cpu (Max: 8)
Number of jobs:       8
Max retries per job:  3
Max allowed failures: unlimited
Run with -LOCAL:      False
Verbosity:            normal

Starting JobDJ...

Keep one job on driver host: False
JobDJ columns:
  C: Number of completed subjobs
  A: Number of active subjobs (e.g., submitted, running)
  W: Number of waiting/pending subjobs

C A W | Activity  JobId  JobName  JobHost
- - - | --------- -----------------------
0 1 7 | launched  lt16-0-5aec6744 SM01_micro009_conf_1 lsf-cpu
0 2 6 | launched  lt16-0-5aec6748 SM01_micro009_conf_2 lsf-cpu
0 3 5 | launched  lt16-0-5aec674c SM01_micro009_conf_3 lsf-cpu
0 4 4 | launched  lt16-0-5aec674f SM01_micro009_conf_4 lsf-cpu
0 5 3 | launched  lt16-0-5aec6752 SM01_micro009_conf_5 lsf-cpu
0 6 2 | launched  lt16-0-5aec6756 SM01_micro008_conf_1 lsf-cpu
0 7 1 | launched  lt16-0-5aec6759 SM01_micro008_conf_2 lsf-cpu
0 8 0 | launched  lt16-0-5aec675c SM01_micro008_conf_3 lsf-cpu
1 7 0 | finished  lt16-0-5aec6744 SM01_micro009_conf_1 lsf-cpu [lt03]
2 6 0 | finished  lt16-0-5aec6759 SM01_micro008_conf_2 lsf-cpu [ls07]
3 5 0 | finished  lt16-0-5aec6748 SM01_micro009_conf_2 lsf-cpu [ls10]
4 4 0 | finished  lt16-0-5aec674c SM01_micro009_conf_3 lsf-cpu [ls10]
5 3 0 | finished  lt16-0-5aec674f SM01_micro009_conf_4 lsf-cpu [ls10]
6 2 0 | finished  lt16-0-5aec6752 SM01_micro009_conf_5 lsf-cpu [ls16]
7 1 0 | finished  lt16-0-5aec675c SM01_micro008_conf_3 lsf-cpu [ls13]
8 0 0 | finished  lt16-0-5aec6756 SM01_micro008_conf_1 lsf-cpu [lt01]

All jobs have completed.

8 of 8 job(s) succeeded; 0 job(s) failed.

Timer (distribute subjobs) : 1628.53 secs (0 hrs, 27 mins, 08 secs)

Processing QM output files...

Executing subprocess:
/data/chodera/schrodinger/schrodinger2017-4-advanced/jaguar results -energy SM01_micro009_conf_1.nrg_h.out

Executing subprocess:
/data/chodera/schrodinger/schrodinger2017-4-advanced/jaguar results -esolv SM01_micro009_conf_1.sol_h.out

Executing subprocess:
/data/chodera/schrodinger/schrodinger2017-4-advanced/jaguar results -energy SM01_micro009_conf_2.nrg_h.out

Executing subprocess:
/data/chodera/schrodinger/schrodinger2017-4-advanced/jaguar results -esolv SM01_micro009_conf_2.sol_h.out

Executing subprocess:
/data/chodera/schrodinger/schrodinger2017-4-advanced/jaguar results -energy SM01_micro009_conf_3.nrg_h.out

Executing subprocess:
/data/chodera/schrodinger/schrodinger2017-4-advanced/jaguar results -esolv SM01_micro009_conf_3.sol_h.out

Executing subprocess:
/data/chodera/schrodinger/schrodinger2017-4-advanced/jaguar results -energy SM01_micro009_conf_4.nrg_h.out

Executing subprocess:
/data/chodera/schrodinger/schrodinger2017-4-advanced/jaguar results -esolv SM01_micro009_conf_4.sol_h.out

Executing subprocess:
/data/chodera/schrodinger/schrodinger2017-4-advanced/jaguar results -energy SM01_micro009_conf_5.nrg_h.out

Executing subprocess:
/data/chodera/schrodinger/schrodinger2017-4-advanced/jaguar results -esolv SM01_micro009_conf_5.sol_h.out

Executing subprocess:
/data/chodera/schrodinger/schrodinger2017-4-advanced/jaguar results -energy SM01_micro008_conf_1.nrg.out

Executing subprocess:
/data/chodera/schrodinger/schrodinger2017-4-advanced/jaguar results -esolv SM01_micro008_conf_1.sol.out

Executing subprocess:
/data/chodera/schrodinger/schrodinger2017-4-advanced/jaguar results -energy SM01_micro008_conf_2.nrg.out

Executing subprocess:
/data/chodera/schrodinger/schrodinger2017-4-advanced/jaguar results -esolv SM01_micro008_conf_2.sol.out

Executing subprocess:
/data/chodera/schrodinger/schrodinger2017-4-advanced/jaguar results -energy SM01_micro008_conf_3.nrg.out

Executing subprocess:
/data/chodera/schrodinger/schrodinger2017-4-advanced/jaguar results -esolv SM01_micro008_conf_3.sol.out

Executing subprocess:
/data/chodera/schrodinger/schrodinger2017-4-advanced/jaguar-v9.8/bin/Linux-x86_64/pka -o SM01_micro009_deprot-out.mae -j SM01_micro009.jres -n -d

Executing subprocess:
/data/chodera/schrodinger/schrodinger2017-4-advanced/jaguar-v9.8/bin/Linux-x86_64/pka -o SM01_micro009_prot-out.mae -j SM01_micro009.jres -n

pKa calculation for SM01_micro009 completed.

pKa workflow jag_SM01_micro009_SM01_micro008 completed.

Timer (Jaguar pKa) : 1908.55 secs (0 hrs, 31 mins, 48 secs)
Timer (jaguar_backend.py) : 1908.55 secs (0 hrs, 31 mins, 48 secs)
Finished:   Fri May  4 10:27:39 2018
