Taking protonated structures from:
SM10_micro031_conf_1.dft_h.01.mae
SM10_micro031_conf_2.dft_h.01.mae
SM10_micro031_conf_3.dft_h.01.mae
SM10_micro031_conf_4.dft_h.01.mae
SM10_micro031_conf_5.dft_h.01.mae
Taking deprotonated structures from:
SM10_micro021_conf_1.dft.01.mae
SM10_micro021_conf_2.dft.01.mae
SM10_micro021_conf_3.dft.01.mae
SM10_micro021_conf_4.dft.01.mae
SM10_micro021_conf_5.dft.01.mae

Corrected results for 'protonated' structure in water:
pKa atom: 29

 # 	                  Shell                   	 pKa 	RMSD	 Contribution
---	------------------------------------------	-----	-----	--------------
1: 	amide as acid                             	11.08	0.903	    95.74%
2: 	Protonation of sp2-like aliphatic nitrogen	10.23	1.751	     2.49%
3: 	Protonation of generic atom               	10.20	2.264	     1.77%

 Final weighted pKa value is 11.04



