Command:    jaguar run pka.py -jobname jag_SM10_micro010_SM10_micro036 -PARALLEL 10 -n -csrch -prot SM10_micro010.in -deprot SM10_micro036.in
Release:    2017-4
Exec:       /data/chodera/schrodinger/schrodinger2017-4-advanced/jaguar-v9.8/bin/Linux-x86_64
Host:       ls14
JobId:      lilac-0-5aec8140
JobDir:     /lila/data/chodera/schrodinger/tmpdir/rustenburg/jag_SM10_micro010_SM10_micro036
Date:       Fri May  4 11:57:49 2018

Contents of /lila/data/chodera/schrodinger/tmpdir/rustenburg/jag_SM10_micro010_SM10_micro036:
/lila/data/chodera/schrodinger/tmpdir/rustenburg/jag_SM10_micro010_SM10_micro036/SM10_micro010.in
/lila/data/chodera/schrodinger/tmpdir/rustenburg/jag_SM10_micro010_SM10_micro036/SM10_micro036.in
/lila/data/chodera/schrodinger/tmpdir/rustenburg/jag_SM10_micro010_SM10_micro036/lilac-0-5aec8140.nodes
/lila/data/chodera/schrodinger/tmpdir/rustenburg/jag_SM10_micro010_SM10_micro036/SM10_micro010.mae
/lila/data/chodera/schrodinger/tmpdir/rustenburg/jag_SM10_micro010_SM10_micro036/lilac-0-5aec8140.recover
/lila/data/chodera/schrodinger/tmpdir/rustenburg/jag_SM10_micro010_SM10_micro036/jag_SM10_micro010_SM10_micro036.log
/lila/data/chodera/schrodinger/tmpdir/rustenburg/jag_SM10_micro010_SM10_micro036/lilac-0-5aec8140.mpinodes
/lila/data/chodera/schrodinger/tmpdir/rustenburg/jag_SM10_micro010_SM10_micro036/jag_SM10_micro010_SM10_micro036.recover
/lila/data/chodera/schrodinger/tmpdir/rustenburg/jag_SM10_micro010_SM10_micro036/lilac-0-5aec8140.jlog
/lila/data/chodera/schrodinger/tmpdir/rustenburg/jag_SM10_micro010_SM10_micro036/SM10_micro036.mae
/lila/data/chodera/schrodinger/tmpdir/rustenburg/jag_SM10_micro010_SM10_micro036/lilac-0-5aec8140.hosts
/lila/data/chodera/schrodinger/tmpdir/rustenburg/jag_SM10_micro010_SM10_micro036/lilac-0-5aec8140

=====================
 Jaguar pKa workflow
=====================

Analysing user-provided (prot, deprot) pair:
(SM10_micro010.in, SM10_micro036.in)
Found labile hydrogen 23 in SM10_micro010.in
Found labile hydrogen at atom 9 in SM10_micro036.in
Adding 'ipkat' keyword to input files.

Identifying pKa functional group for pair:
(SM10_micro010, SM10_micro036)

Executing subprocess:
/data/chodera/schrodinger/schrodinger2017-4-advanced/jaguar-v9.8/bin/Linux-x86_64/pka -i -j SM10_micro010.tmp.jres -n

Taking protonated structures from:
SM10_micro010.mae
Taking deprotonated structures from:
SM10_micro036.mae

This molecule from 'SM10_micro010.mae' in water was recognized as:

 # 	                  Shell                   
---	------------------------------------------
1: 	Protonation of sp3-like aliphatic nitrogen
2: 	Protonation of generic atom               


Executing conformational search...

Executing 2 distributed subjobs:
---------------------------------

No more than 8 cpu(s) will be used per subjob.
No more than 10 cpu(s) will be used simultaneously.

Processing the following subjobs:
(1) jaguar run csrch.py SM10_micro010.mae -jobname SM10_micro010 -max_conf 5 -erg_window 50.208 -acc_level 1 -TPP 5
(2) jaguar run csrch.py SM10_micro036.mae -jobname SM10_micro036 -max_conf 5 -erg_window 50.208 -acc_level 1 -TPP 5

Running subjobs on hosts:
  lsf-cpu (Max: 2)
Number of jobs:       2
Max retries per job:  3
Max allowed failures: unlimited
Run with -LOCAL:      False
Verbosity:            normal

Starting JobDJ...

Keep one job on driver host: False
JobDJ columns:
  C: Number of completed subjobs
  A: Number of active subjobs (e.g., submitted, running)
  W: Number of waiting/pending subjobs

C A W | Activity  JobId  JobName  JobHost
- - - | --------- -----------------------
0 1 1 | launched  ls14-1-5aec8305 SM10_micro010 lsf-cpu
0 2 0 | launched  ls14-8-5aec8309 SM10_micro036 lsf-cpu
1 1 0 | finished  ls14-1-5aec8305 SM10_micro010 lsf-cpu [ls16]
2 0 0 | finished  ls14-8-5aec8309 SM10_micro036 lsf-cpu [ls12]

All jobs have completed.

2 of 2 job(s) succeeded; 0 job(s) failed.

Timer (distribute subjobs) : 1818.63 secs (0 hrs, 30 mins, 18 secs)

Setting up QM workflow for (protonated, deprotonated) pair:
(1) (SM10_micro010, SM10_micro036)

Executing Jaguar quantum-mechanical subjobs...

Executing 10 distributed subjobs:
----------------------------------

No more than 8 cpu(s) will be used per subjob.
No more than 10 cpu(s) will be used simultaneously.

Processing the following subjobs:
(1) jaguar run pka_prot.bat -jobname SM10_micro010_conf_1 SM10_micro010_conf_1.in
(2) jaguar run pka_prot.bat -jobname SM10_micro010_conf_2 SM10_micro010_conf_2.in
(3) jaguar run pka_prot.bat -jobname SM10_micro010_conf_3 SM10_micro010_conf_3.in
(4) jaguar run pka_prot.bat -jobname SM10_micro010_conf_4 SM10_micro010_conf_4.in
(5) jaguar run pka_prot.bat -jobname SM10_micro010_conf_5 SM10_micro010_conf_5.in
(6) jaguar run pka_deprot.bat -jobname SM10_micro036_conf_1 SM10_micro036_conf_1.in
(7) jaguar run pka_deprot.bat -jobname SM10_micro036_conf_2 SM10_micro036_conf_2.in
(8) jaguar run pka_deprot.bat -jobname SM10_micro036_conf_3 SM10_micro036_conf_3.in
(9) jaguar run pka_deprot.bat -jobname SM10_micro036_conf_4 SM10_micro036_conf_4.in
(10) jaguar run pka_deprot.bat -jobname SM10_micro036_conf_5 SM10_micro036_conf_5.in

Running subjobs on hosts:
  lsf-cpu (Max: 10)
Number of jobs:       10
Max retries per job:  3
Max allowed failures: unlimited
Run with -LOCAL:      False
Verbosity:            normal

Starting JobDJ...

Keep one job on driver host: True
JobDJ columns:
  C: Number of completed subjobs
  A: Number of active subjobs (e.g., submitted, running)
  W: Number of waiting/pending subjobs

 C  A  W | Activity  JobId  JobName  JobHost
-- -- -- | --------- -----------------------
 0  1  9 | launched  ls14-0-5aec8a1f SM10_micro010_conf_1 localhost [ls14]
 0  2  8 | launched  ls14-0-5aec8a23 SM10_micro010_conf_2 lsf-cpu
 0  3  7 | launched  ls14-1-5aec8a27 SM10_micro010_conf_3 lsf-cpu
 0  4  6 | launched  ls14-1-5aec8a2b SM10_micro010_conf_4 lsf-cpu
 0  5  5 | launched  ls14-1-5aec8a2f SM10_micro010_conf_5 lsf-cpu
 0  6  4 | launched  ls14-0-5aec8a33 SM10_micro036_conf_1 lsf-cpu
 0  7  3 | launched  ls14-0-5aec8a37 SM10_micro036_conf_2 lsf-cpu
 0  8  2 | launched  ls14-0-5aec8a3b SM10_micro036_conf_3 lsf-cpu
 0  9  1 | launched  ls14-0-5aec8a3e SM10_micro036_conf_4 lsf-cpu
 0 10  0 | launched  ls14-0-5aec8a42 SM10_micro036_conf_5 lsf-cpu
 1  9  0 | finished  ls14-0-5aec8a23 SM10_micro010_conf_2 lsf-cpu [ls11]
 2  8  0 | finished  ls14-0-5aec8a3e SM10_micro036_conf_4 lsf-cpu [ls18]
 3  7  0 | finished  ls14-0-5aec8a1f SM10_micro010_conf_1 localhost [ls14]
 4  6  0 | finished  ls14-1-5aec8a2f SM10_micro010_conf_5 lsf-cpu [ls11]
 5  5  0 | finished  ls14-1-5aec8a2b SM10_micro010_conf_4 lsf-cpu [ls11]
 6  4  0 | finished  ls14-1-5aec8a27 SM10_micro010_conf_3 lsf-cpu [ls11]
 7  3  0 | finished  ls14-0-5aec8a3b SM10_micro036_conf_3 lsf-cpu [lt11]
 8  2  0 | finished  ls14-0-5aec8a42 SM10_micro036_conf_5 lsf-cpu [lt01]
 9  1  0 | finished  ls14-0-5aec8a33 SM10_micro036_conf_1 lsf-cpu [ls11]
10  0  0 | finished  ls14-0-5aec8a37 SM10_micro036_conf_2 lsf-cpu [ls11]

All jobs have completed.

10 of 10 job(s) succeeded; 0 job(s) failed.

Timer (distribute subjobs) : 4654.63 secs (1 hrs, 17 mins, 34 secs)

Processing QM output files...

Executing subprocess:
/data/chodera/schrodinger/schrodinger2017-4-advanced/jaguar results -energy SM10_micro010_conf_1.nrg_h.out

Executing subprocess:
/data/chodera/schrodinger/schrodinger2017-4-advanced/jaguar results -esolv SM10_micro010_conf_1.sol_h.out

Executing subprocess:
/data/chodera/schrodinger/schrodinger2017-4-advanced/jaguar results -energy SM10_micro010_conf_2.nrg_h.out

Executing subprocess:
/data/chodera/schrodinger/schrodinger2017-4-advanced/jaguar results -esolv SM10_micro010_conf_2.sol_h.out

Executing subprocess:
/data/chodera/schrodinger/schrodinger2017-4-advanced/jaguar results -energy SM10_micro010_conf_3.nrg_h.out

Executing subprocess:
/data/chodera/schrodinger/schrodinger2017-4-advanced/jaguar results -esolv SM10_micro010_conf_3.sol_h.out

Executing subprocess:
/data/chodera/schrodinger/schrodinger2017-4-advanced/jaguar results -energy SM10_micro010_conf_4.nrg_h.out

Executing subprocess:
/data/chodera/schrodinger/schrodinger2017-4-advanced/jaguar results -esolv SM10_micro010_conf_4.sol_h.out

Executing subprocess:
/data/chodera/schrodinger/schrodinger2017-4-advanced/jaguar results -energy SM10_micro010_conf_5.nrg_h.out

Executing subprocess:
/data/chodera/schrodinger/schrodinger2017-4-advanced/jaguar results -esolv SM10_micro010_conf_5.sol_h.out

Executing subprocess:
/data/chodera/schrodinger/schrodinger2017-4-advanced/jaguar results -energy SM10_micro036_conf_1.nrg.out

Executing subprocess:
/data/chodera/schrodinger/schrodinger2017-4-advanced/jaguar results -esolv SM10_micro036_conf_1.sol.out

Executing subprocess:
/data/chodera/schrodinger/schrodinger2017-4-advanced/jaguar results -energy SM10_micro036_conf_2.nrg.out

Executing subprocess:
/data/chodera/schrodinger/schrodinger2017-4-advanced/jaguar results -esolv SM10_micro036_conf_2.sol.out

Executing subprocess:
/data/chodera/schrodinger/schrodinger2017-4-advanced/jaguar results -energy SM10_micro036_conf_3.nrg.out

Executing subprocess:
/data/chodera/schrodinger/schrodinger2017-4-advanced/jaguar results -esolv SM10_micro036_conf_3.sol.out

Executing subprocess:
/data/chodera/schrodinger/schrodinger2017-4-advanced/jaguar results -energy SM10_micro036_conf_4.nrg.out

Executing subprocess:
/data/chodera/schrodinger/schrodinger2017-4-advanced/jaguar results -esolv SM10_micro036_conf_4.sol.out

Executing subprocess:
/data/chodera/schrodinger/schrodinger2017-4-advanced/jaguar results -energy SM10_micro036_conf_5.nrg.out

Executing subprocess:
/data/chodera/schrodinger/schrodinger2017-4-advanced/jaguar results -esolv SM10_micro036_conf_5.sol.out

Executing subprocess:
/data/chodera/schrodinger/schrodinger2017-4-advanced/jaguar-v9.8/bin/Linux-x86_64/pka -o SM10_micro010_deprot-out.mae -j SM10_micro010.jres -n -d

Executing subprocess:
/data/chodera/schrodinger/schrodinger2017-4-advanced/jaguar-v9.8/bin/Linux-x86_64/pka -o SM10_micro010_prot-out.mae -j SM10_micro010.jres -n

pKa calculation for SM10_micro010 completed.

pKa workflow jag_SM10_micro010_SM10_micro036 completed.

Timer (Jaguar pKa) : 6544.84 secs (1 hrs, 49 mins, 04 secs)
Timer (jaguar_backend.py) : 6544.84 secs (1 hrs, 49 mins, 04 secs)
Finished:   Fri May  4 13:46:54 2018
