Command:    jaguar run pka.py -jobname jag_SM18_micro068_SM18_micro048 -PARALLEL 10 -WAIT -n -csrch -prot SM18_micro068.in -deprot SM18_micro048.in
Release:    2017-4
Exec:       /data/chodera/schrodinger/schrodinger2017-4-advanced/jaguar-v9.8/bin/Linux-x86_64
Host:       lt04
JobId:      lt04-3-5af456dc
JobDir:     /lila/data/chodera/schrodinger/tmpdir/rustenburg/jag_SM18_micro068_SM18_micro048.2
Date:       Thu May 10 10:27:43 2018

Contents of /lila/data/chodera/schrodinger/tmpdir/rustenburg/jag_SM18_micro068_SM18_micro048.2:
/lila/data/chodera/schrodinger/tmpdir/rustenburg/jag_SM18_micro068_SM18_micro048.2/lt04-3-5af456dc.mpinodes
/lila/data/chodera/schrodinger/tmpdir/rustenburg/jag_SM18_micro068_SM18_micro048.2/SM18_micro048.mae
/lila/data/chodera/schrodinger/tmpdir/rustenburg/jag_SM18_micro068_SM18_micro048.2/SM18_micro068.mae
/lila/data/chodera/schrodinger/tmpdir/rustenburg/jag_SM18_micro068_SM18_micro048.2/SM18_micro048.in
/lila/data/chodera/schrodinger/tmpdir/rustenburg/jag_SM18_micro068_SM18_micro048.2/lt04-3-5af456dc.recover
/lila/data/chodera/schrodinger/tmpdir/rustenburg/jag_SM18_micro068_SM18_micro048.2/lt04-3-5af456dc
/lila/data/chodera/schrodinger/tmpdir/rustenburg/jag_SM18_micro068_SM18_micro048.2/SM18_micro068.in
/lila/data/chodera/schrodinger/tmpdir/rustenburg/jag_SM18_micro068_SM18_micro048.2/jag_SM18_micro068_SM18_micro048.recover
/lila/data/chodera/schrodinger/tmpdir/rustenburg/jag_SM18_micro068_SM18_micro048.2/jag_SM18_micro068_SM18_micro048.log

=====================
 Jaguar pKa workflow
=====================

Analysing user-provided (prot, deprot) pair:
(SM18_micro068.in, SM18_micro048.in)
Found labile hydrogen 31 in SM18_micro068.in
Found labile hydrogen at atom 9 in SM18_micro048.in
Adding 'ipkat' keyword to input files.

Identifying pKa functional group for pair:
(SM18_micro068, SM18_micro048)

Executing subprocess:
/data/chodera/schrodinger/schrodinger2017-4-advanced/jaguar-v9.8/bin/Linux-x86_64/pka -i -j SM18_micro068.tmp.jres -n

Taking protonated structures from:
SM18_micro068.mae
Taking deprotonated structures from:
SM18_micro048.mae

This molecule from 'SM18_micro068.mae' in water was recognized as:

 # 	           Shell           
---	---------------------------
1: 	heterocycle custom 1       
2: 	heterocycle                
3: 	Protonation of generic atom


Executing conformational search...

Executing 2 distributed subjobs:
---------------------------------

No more than 8 cpu(s) will be used per subjob.
No more than 10 cpu(s) will be used simultaneously.

Processing the following subjobs:
(1) jaguar run csrch.py SM18_micro068.mae -jobname SM18_micro068 -max_conf 5 -erg_window 50.208 -acc_level 1 -TPP 5
(2) jaguar run csrch.py SM18_micro048.mae -jobname SM18_micro048 -max_conf 5 -erg_window 50.208 -acc_level 1 -TPP 5

Running subjobs on hosts:
  localhost (Max: 2)
Number of jobs:       2
Max retries per job:  3
Max allowed failures: unlimited
Run with -LOCAL:      False
Verbosity:            normal

Starting JobDJ...

Keep one job on driver host: False
JobDJ columns:
  C: Number of completed subjobs
  A: Number of active subjobs (e.g., submitted, running)
  W: Number of waiting/pending subjobs

C A W | Activity  JobId  JobName  JobHost
- - - | --------- -----------------------
0 1 1 | launched  lt04-2-5af456e4 SM18_micro068 localhost [lt04]
0 2 0 | launched  lt04-1-5af456e8 SM18_micro048 localhost [lt04]
1 1 0 | finished  lt04-1-5af456e8 SM18_micro048 localhost [lt04]
2 0 0 | finished  lt04-2-5af456e4 SM18_micro068 localhost [lt04]

All jobs have completed.

2 of 2 job(s) succeeded; 0 job(s) failed.

Timer (distribute subjobs) : 1092.87 secs (0 hrs, 18 mins, 12 secs)

Setting up QM workflow for (protonated, deprotonated) pair:
(1) (SM18_micro068, SM18_micro048)

Executing Jaguar quantum-mechanical subjobs...

Executing 10 distributed subjobs:
----------------------------------

No more than 8 cpu(s) will be used per subjob.
No more than 10 cpu(s) will be used simultaneously.

Processing the following subjobs:
(1) jaguar run pka_prot.bat -jobname SM18_micro068_conf_1 SM18_micro068_conf_1.in
(2) jaguar run pka_prot.bat -jobname SM18_micro068_conf_2 SM18_micro068_conf_2.in
(3) jaguar run pka_prot.bat -jobname SM18_micro068_conf_3 SM18_micro068_conf_3.in
(4) jaguar run pka_prot.bat -jobname SM18_micro068_conf_4 SM18_micro068_conf_4.in
(5) jaguar run pka_prot.bat -jobname SM18_micro068_conf_5 SM18_micro068_conf_5.in
(6) jaguar run pka_deprot.bat -jobname SM18_micro048_conf_1 SM18_micro048_conf_1.in
(7) jaguar run pka_deprot.bat -jobname SM18_micro048_conf_2 SM18_micro048_conf_2.in
(8) jaguar run pka_deprot.bat -jobname SM18_micro048_conf_3 SM18_micro048_conf_3.in
(9) jaguar run pka_deprot.bat -jobname SM18_micro048_conf_4 SM18_micro048_conf_4.in
(10) jaguar run pka_deprot.bat -jobname SM18_micro048_conf_5 SM18_micro048_conf_5.in

Running subjobs on hosts:
  localhost (Max: 10)
Number of jobs:       10
Max retries per job:  3
Max allowed failures: unlimited
Run with -LOCAL:      False
Verbosity:            normal

Starting JobDJ...

Keep one job on driver host: False
JobDJ columns:
  C: Number of completed subjobs
  A: Number of active subjobs (e.g., submitted, running)
  W: Number of waiting/pending subjobs

 C  A  W | Activity  JobId  JobName  JobHost
-- -- -- | --------- -----------------------
 0  1  9 | launched  lt04-1-5af45b33 SM18_micro068_conf_1 localhost [lt04]
 0  2  8 | launched  lt04-1-5af45b36 SM18_micro068_conf_2 localhost [lt04]
 0  3  7 | launched  lt04-0-5af45b39 SM18_micro068_conf_3 localhost [lt04]
 0  4  6 | launched  lt04-1-5af45b3b SM18_micro068_conf_4 localhost [lt04]
 0  5  5 | launched  lt04-3-5af45b3d SM18_micro068_conf_5 localhost [lt04]
 0  6  4 | launched  lt04-1-5af45b40 SM18_micro048_conf_1 localhost [lt04]
 0  7  3 | launched  lt04-1-5af45b43 SM18_micro048_conf_2 localhost [lt04]
 0  8  2 | launched  lt04-1-5af45b45 SM18_micro048_conf_3 localhost [lt04]
 0  9  1 | launched  lt04-0-5af45b48 SM18_micro048_conf_4 localhost [lt04]
 0 10  0 | launched  lt04-3-5af45b4a SM18_micro048_conf_5 localhost [lt04]
 1  9  0 | finished  lt04-1-5af45b40 SM18_micro048_conf_1 localhost [lt04]
 2  8  0 | finished  lt04-1-5af45b45 SM18_micro048_conf_3 localhost [lt04]
 3  7  0 | finished  lt04-1-5af45b43 SM18_micro048_conf_2 localhost [lt04]
 4  6  0 | finished  lt04-3-5af45b4a SM18_micro048_conf_5 localhost [lt04]
 5  5  0 | finished  lt04-1-5af45b33 SM18_micro068_conf_1 localhost [lt04]
 6  4  0 | finished  lt04-0-5af45b48 SM18_micro048_conf_4 localhost [lt04]
 7  3  0 | finished  lt04-1-5af45b36 SM18_micro068_conf_2 localhost [lt04]
 8  2  0 | finished  lt04-1-5af45b3b SM18_micro068_conf_4 localhost [lt04]
 9  1  0 | finished  lt04-3-5af45b3d SM18_micro068_conf_5 localhost [lt04]
10  0  0 | finished  lt04-0-5af45b39 SM18_micro068_conf_3 localhost [lt04]

All jobs have completed.

10 of 10 job(s) succeeded; 0 job(s) failed.

Timer (distribute subjobs) : 27265.47 secs (7 hrs, 34 mins, 25 secs)

Processing QM output files...

Executing subprocess:
/data/chodera/schrodinger/schrodinger2017-4-advanced/jaguar results -energy SM18_micro068_conf_1.nrg_h.out

Executing subprocess:
/data/chodera/schrodinger/schrodinger2017-4-advanced/jaguar results -esolv SM18_micro068_conf_1.sol_h.out

Executing subprocess:
/data/chodera/schrodinger/schrodinger2017-4-advanced/jaguar results -energy SM18_micro068_conf_2.nrg_h.out

Executing subprocess:
/data/chodera/schrodinger/schrodinger2017-4-advanced/jaguar results -esolv SM18_micro068_conf_2.sol_h.out

Executing subprocess:
/data/chodera/schrodinger/schrodinger2017-4-advanced/jaguar results -energy SM18_micro068_conf_3.nrg_h.out

Executing subprocess:
/data/chodera/schrodinger/schrodinger2017-4-advanced/jaguar results -esolv SM18_micro068_conf_3.sol_h.out

Executing subprocess:
/data/chodera/schrodinger/schrodinger2017-4-advanced/jaguar results -energy SM18_micro068_conf_4.nrg_h.out

Executing subprocess:
/data/chodera/schrodinger/schrodinger2017-4-advanced/jaguar results -esolv SM18_micro068_conf_4.sol_h.out

Executing subprocess:
/data/chodera/schrodinger/schrodinger2017-4-advanced/jaguar results -energy SM18_micro068_conf_5.nrg_h.out

Executing subprocess:
/data/chodera/schrodinger/schrodinger2017-4-advanced/jaguar results -esolv SM18_micro068_conf_5.sol_h.out

Executing subprocess:
/data/chodera/schrodinger/schrodinger2017-4-advanced/jaguar results -energy SM18_micro048_conf_1.nrg.out

Executing subprocess:
/data/chodera/schrodinger/schrodinger2017-4-advanced/jaguar results -esolv SM18_micro048_conf_1.sol.out

Executing subprocess:
/data/chodera/schrodinger/schrodinger2017-4-advanced/jaguar results -energy SM18_micro048_conf_2.nrg.out

Executing subprocess:
/data/chodera/schrodinger/schrodinger2017-4-advanced/jaguar results -esolv SM18_micro048_conf_2.sol.out

Executing subprocess:
/data/chodera/schrodinger/schrodinger2017-4-advanced/jaguar results -energy SM18_micro048_conf_3.nrg.out

Executing subprocess:
/data/chodera/schrodinger/schrodinger2017-4-advanced/jaguar results -esolv SM18_micro048_conf_3.sol.out

Executing subprocess:
/data/chodera/schrodinger/schrodinger2017-4-advanced/jaguar results -energy SM18_micro048_conf_4.nrg.out

Executing subprocess:
/data/chodera/schrodinger/schrodinger2017-4-advanced/jaguar results -esolv SM18_micro048_conf_4.sol.out

Executing subprocess:
/data/chodera/schrodinger/schrodinger2017-4-advanced/jaguar results -energy SM18_micro048_conf_5.nrg.out

Executing subprocess:
/data/chodera/schrodinger/schrodinger2017-4-advanced/jaguar results -esolv SM18_micro048_conf_5.sol.out

Executing subprocess:
/data/chodera/schrodinger/schrodinger2017-4-advanced/jaguar-v9.8/bin/Linux-x86_64/pka -o SM18_micro068_deprot-out.mae -j SM18_micro068.jres -n -d

Executing subprocess:
/data/chodera/schrodinger/schrodinger2017-4-advanced/jaguar-v9.8/bin/Linux-x86_64/pka -o SM18_micro068_prot-out.mae -j SM18_micro068.jres -n

pKa calculation for SM18_micro068 completed.

pKa workflow jag_SM18_micro068_SM18_micro048 completed.

Timer (Jaguar pKa) : 28436.34 secs (7 hrs, 53 mins, 56 secs)
Timer (jaguar_backend.py) : 28436.34 secs (7 hrs, 53 mins, 56 secs)
Finished:   Thu May 10 18:21:39 2018
