Command:    jaguar run pka.py -jobname jag_SM24_micro025_SM24_micro010 -PARALLEL 10 -WAIT -n -csrch -prot SM24_micro025.in -deprot SM24_micro010.in
Release:    2017-4
Exec:       /data/chodera/schrodinger/schrodinger2017-4-advanced/jaguar-v9.8/bin/Linux-x86_64
Host:       lt03
JobId:      lt03-0-5af47d52
JobDir:     /lila/data/chodera/schrodinger/tmpdir/rustenburg/jag_SM24_micro025_SM24_micro010.1
Date:       Thu May 10 13:11:48 2018

Contents of /lila/data/chodera/schrodinger/tmpdir/rustenburg/jag_SM24_micro025_SM24_micro010.1:
/lila/data/chodera/schrodinger/tmpdir/rustenburg/jag_SM24_micro025_SM24_micro010.1/lt03-0-5af47d52.mpinodes
/lila/data/chodera/schrodinger/tmpdir/rustenburg/jag_SM24_micro025_SM24_micro010.1/SM24_micro010.mae
/lila/data/chodera/schrodinger/tmpdir/rustenburg/jag_SM24_micro025_SM24_micro010.1/jag_SM24_micro025_SM24_micro010.log
/lila/data/chodera/schrodinger/tmpdir/rustenburg/jag_SM24_micro025_SM24_micro010.1/jag_SM24_micro025_SM24_micro010.recover
/lila/data/chodera/schrodinger/tmpdir/rustenburg/jag_SM24_micro025_SM24_micro010.1/SM24_micro010.in
/lila/data/chodera/schrodinger/tmpdir/rustenburg/jag_SM24_micro025_SM24_micro010.1/SM24_micro025.mae
/lila/data/chodera/schrodinger/tmpdir/rustenburg/jag_SM24_micro025_SM24_micro010.1/lt03-0-5af47d52.recover
/lila/data/chodera/schrodinger/tmpdir/rustenburg/jag_SM24_micro025_SM24_micro010.1/lt03-0-5af47d52
/lila/data/chodera/schrodinger/tmpdir/rustenburg/jag_SM24_micro025_SM24_micro010.1/SM24_micro025.in

=====================
 Jaguar pKa workflow
=====================

Analysing user-provided (prot, deprot) pair:
(SM24_micro025.in, SM24_micro010.in)
Found labile hydrogen 32 in SM24_micro025.in
Found labile hydrogen at atom 29 in SM24_micro010.in
Adding 'ipkat' keyword to input files.

Identifying pKa functional group for pair:
(SM24_micro025, SM24_micro010)

Executing subprocess:
/data/chodera/schrodinger/schrodinger2017-4-advanced/jaguar-v9.8/bin/Linux-x86_64/pka -i -j SM24_micro025.tmp.jres -n

Taking protonated structures from:
SM24_micro025.mae
Taking deprotonated structures from:
SM24_micro010.mae

This molecule from 'SM24_micro025.mae' in water was recognized as:

 # 	           Shell           
---	---------------------------
1: 	Ether                      
2: 	Protonation of generic atom


Executing conformational search...

Executing 2 distributed subjobs:
---------------------------------

No more than 8 cpu(s) will be used per subjob.
No more than 10 cpu(s) will be used simultaneously.

Processing the following subjobs:
(1) jaguar run csrch.py SM24_micro025.mae -jobname SM24_micro025 -max_conf 5 -erg_window 50.208 -acc_level 1 -TPP 5
(2) jaguar run csrch.py SM24_micro010.mae -jobname SM24_micro010 -max_conf 5 -erg_window 50.208 -acc_level 1 -TPP 5

Running subjobs on hosts:
  localhost (Max: 2)
Number of jobs:       2
Max retries per job:  3
Max allowed failures: unlimited
Run with -LOCAL:      False
Verbosity:            normal

Starting JobDJ...

Keep one job on driver host: False
JobDJ columns:
  C: Number of completed subjobs
  A: Number of active subjobs (e.g., submitted, running)
  W: Number of waiting/pending subjobs

C A W | Activity  JobId  JobName  JobHost
- - - | --------- -----------------------
0 1 1 | launched  lt03-1-5af47d59 SM24_micro025 localhost [lt03]
0 2 0 | launched  lt03-1-5af47d5b SM24_micro010 localhost [lt03]
1 1 0 | finished  lt03-1-5af47d59 SM24_micro025 localhost [lt03]
2 0 0 | finished  lt03-1-5af47d5b SM24_micro010 localhost [lt03]

All jobs have completed.

2 of 2 job(s) succeeded; 0 job(s) failed.

Timer (distribute subjobs) : 858.05 secs (0 hrs, 14 mins, 18 secs)

Setting up QM workflow for (protonated, deprotonated) pair:
(1) (SM24_micro025, SM24_micro010)

Executing Jaguar quantum-mechanical subjobs...

Executing 10 distributed subjobs:
----------------------------------

No more than 8 cpu(s) will be used per subjob.
No more than 10 cpu(s) will be used simultaneously.

Processing the following subjobs:
(1) jaguar run pka_prot.bat -jobname SM24_micro025_conf_1 SM24_micro025_conf_1.in
(2) jaguar run pka_prot.bat -jobname SM24_micro025_conf_2 SM24_micro025_conf_2.in
(3) jaguar run pka_prot.bat -jobname SM24_micro025_conf_3 SM24_micro025_conf_3.in
(4) jaguar run pka_prot.bat -jobname SM24_micro025_conf_4 SM24_micro025_conf_4.in
(5) jaguar run pka_prot.bat -jobname SM24_micro025_conf_5 SM24_micro025_conf_5.in
(6) jaguar run pka_deprot.bat -jobname SM24_micro010_conf_1 SM24_micro010_conf_1.in
(7) jaguar run pka_deprot.bat -jobname SM24_micro010_conf_2 SM24_micro010_conf_2.in
(8) jaguar run pka_deprot.bat -jobname SM24_micro010_conf_3 SM24_micro010_conf_3.in
(9) jaguar run pka_deprot.bat -jobname SM24_micro010_conf_4 SM24_micro010_conf_4.in
(10) jaguar run pka_deprot.bat -jobname SM24_micro010_conf_5 SM24_micro010_conf_5.in

Running subjobs on hosts:
  localhost (Max: 10)
Number of jobs:       10
Max retries per job:  3
Max allowed failures: unlimited
Run with -LOCAL:      False
Verbosity:            normal

Starting JobDJ...

Keep one job on driver host: False
JobDJ columns:
  C: Number of completed subjobs
  A: Number of active subjobs (e.g., submitted, running)
  W: Number of waiting/pending subjobs

 C  A  W | Activity  JobId  JobName  JobHost
-- -- -- | --------- -----------------------
 0  1  9 | launched  lt03-0-5af480b4 SM24_micro025_conf_1 localhost [lt03]
 0  2  8 | launched  lt03-0-5af480b7 SM24_micro025_conf_2 localhost [lt03]
 0  3  7 | launched  lt03-0-5af480b9 SM24_micro025_conf_3 localhost [lt03]
 0  4  6 | launched  lt03-0-5af480bc SM24_micro025_conf_4 localhost [lt03]
 0  5  5 | launched  lt03-1-5af480be SM24_micro025_conf_5 localhost [lt03]
 0  6  4 | launched  lt03-0-5af480c1 SM24_micro010_conf_1 localhost [lt03]
 0  7  3 | launched  lt03-0-5af480c3 SM24_micro010_conf_2 localhost [lt03]
 0  8  2 | launched  lt03-0-5af480c6 SM24_micro010_conf_3 localhost [lt03]
 0  9  1 | launched  lt03-0-5af480c8 SM24_micro010_conf_4 localhost [lt03]
 0 10  0 | launched  lt03-1-5af480ca SM24_micro010_conf_5 localhost [lt03]
 1  9  0 | finished  lt03-0-5af480c1 SM24_micro010_conf_1 localhost [lt03]
 2  8  0 | finished  lt03-0-5af480c3 SM24_micro010_conf_2 localhost [lt03]
 3  7  0 | finished  lt03-1-5af480ca SM24_micro010_conf_5 localhost [lt03]
 4  6  0 | finished  lt03-0-5af480b4 SM24_micro025_conf_1 localhost [lt03]
 5  5  0 | finished  lt03-0-5af480c8 SM24_micro010_conf_4 localhost [lt03]
 6  4  0 | finished  lt03-0-5af480c6 SM24_micro010_conf_3 localhost [lt03]
 7  3  0 | finished  lt03-0-5af480b7 SM24_micro025_conf_2 localhost [lt03]
 8  2  0 | finished  lt03-0-5af480b9 SM24_micro025_conf_3 localhost [lt03]
 9  1  0 | finished  lt03-0-5af480bc SM24_micro025_conf_4 localhost [lt03]
10  0  0 | finished  lt03-1-5af480be SM24_micro025_conf_5 localhost [lt03]

All jobs have completed.

10 of 10 job(s) succeeded; 0 job(s) failed.

Timer (distribute subjobs) : 13298.06 secs (3 hrs, 41 mins, 38 secs)

Processing QM output files...

Executing subprocess:
/data/chodera/schrodinger/schrodinger2017-4-advanced/jaguar results -energy SM24_micro025_conf_1.nrg_h.out

Executing subprocess:
/data/chodera/schrodinger/schrodinger2017-4-advanced/jaguar results -esolv SM24_micro025_conf_1.sol_h.out

Executing subprocess:
/data/chodera/schrodinger/schrodinger2017-4-advanced/jaguar results -energy SM24_micro025_conf_2.nrg_h.out

Executing subprocess:
/data/chodera/schrodinger/schrodinger2017-4-advanced/jaguar results -esolv SM24_micro025_conf_2.sol_h.out

Executing subprocess:
/data/chodera/schrodinger/schrodinger2017-4-advanced/jaguar results -energy SM24_micro025_conf_3.nrg_h.out

Executing subprocess:
/data/chodera/schrodinger/schrodinger2017-4-advanced/jaguar results -esolv SM24_micro025_conf_3.sol_h.out

Executing subprocess:
/data/chodera/schrodinger/schrodinger2017-4-advanced/jaguar results -energy SM24_micro025_conf_4.nrg_h.out

Executing subprocess:
/data/chodera/schrodinger/schrodinger2017-4-advanced/jaguar results -esolv SM24_micro025_conf_4.sol_h.out

Executing subprocess:
/data/chodera/schrodinger/schrodinger2017-4-advanced/jaguar results -energy SM24_micro025_conf_5.nrg_h.out

Executing subprocess:
/data/chodera/schrodinger/schrodinger2017-4-advanced/jaguar results -esolv SM24_micro025_conf_5.sol_h.out

Executing subprocess:
/data/chodera/schrodinger/schrodinger2017-4-advanced/jaguar results -energy SM24_micro010_conf_1.nrg.out

Executing subprocess:
/data/chodera/schrodinger/schrodinger2017-4-advanced/jaguar results -esolv SM24_micro010_conf_1.sol.out

Executing subprocess:
/data/chodera/schrodinger/schrodinger2017-4-advanced/jaguar results -energy SM24_micro010_conf_2.nrg.out

Executing subprocess:
/data/chodera/schrodinger/schrodinger2017-4-advanced/jaguar results -esolv SM24_micro010_conf_2.sol.out

Executing subprocess:
/data/chodera/schrodinger/schrodinger2017-4-advanced/jaguar results -energy SM24_micro010_conf_3.nrg.out

Executing subprocess:
/data/chodera/schrodinger/schrodinger2017-4-advanced/jaguar results -esolv SM24_micro010_conf_3.sol.out

Executing subprocess:
/data/chodera/schrodinger/schrodinger2017-4-advanced/jaguar results -energy SM24_micro010_conf_4.nrg.out

Executing subprocess:
/data/chodera/schrodinger/schrodinger2017-4-advanced/jaguar results -esolv SM24_micro010_conf_4.sol.out

Executing subprocess:
/data/chodera/schrodinger/schrodinger2017-4-advanced/jaguar results -energy SM24_micro010_conf_5.nrg.out

Executing subprocess:
/data/chodera/schrodinger/schrodinger2017-4-advanced/jaguar results -esolv SM24_micro010_conf_5.sol.out

Executing subprocess:
/data/chodera/schrodinger/schrodinger2017-4-advanced/jaguar-v9.8/bin/Linux-x86_64/pka -o SM24_micro025_deprot-out.mae -j SM24_micro025.jres -n -d

Executing subprocess:
/data/chodera/schrodinger/schrodinger2017-4-advanced/jaguar-v9.8/bin/Linux-x86_64/pka -o SM24_micro025_prot-out.mae -j SM24_micro025.jres -n

pKa calculation for SM24_micro025 completed.

pKa workflow jag_SM24_micro025_SM24_micro010 completed.

Timer (Jaguar pKa) : 14221.28 secs (3 hrs, 57 mins, 01 secs)
Timer (jaguar_backend.py) : 14221.28 secs (3 hrs, 57 mins, 01 secs)
Finished:   Thu May 10 17:08:49 2018
