Taking protonated structures from:
SM10_micro019_conf_1.dft_h.01.mae
SM10_micro019_conf_2.dft_h.01.mae
SM10_micro019_conf_3.dft_h.01.mae
SM10_micro019_conf_4.dft_h.01.mae
SM10_micro019_conf_5.dft_h.01.mae
Taking deprotonated structures from:
SM10_micro017_conf_1.dft.01.mae
SM10_micro017_conf_2.dft.01.mae
SM10_micro017_conf_3.dft.01.mae
SM10_micro017_conf_4.dft.01.mae
SM10_micro017_conf_5.dft.01.mae

Corrected results for 'protonated' structure in water:
pKa atom: 23

 # 	            Shell             	 pKa 	RMSD	 Contribution
---	------------------------------	-----	-----	--------------
1: 	amide as base                 	-1.74	0.577	    99.75%
2: 	Protonation of generic atom   	 3.39	2.264	     0.09%
3: 	Protonation of sp2-like oxygen	 3.71	2.568	     0.17%

 Final weighted pKa value is -1.73



