Command:    jaguar run pka.py -jobname jag_SM13_micro001_SM13_micro009 -PARALLEL 10 -n -csrch -prot SM13_micro001.in -deprot SM13_micro009.in
Release:    2017-4
Exec:       /data/chodera/schrodinger/schrodinger2017-4-advanced/jaguar-v9.8/bin/Linux-x86_64
Host:       lt11
JobId:      lilac-0-5aeca261
JobDir:     /lila/data/chodera/schrodinger/tmpdir/rustenburg/jag_SM13_micro001_SM13_micro009
Date:       Fri May  4 14:11:57 2018

Contents of /lila/data/chodera/schrodinger/tmpdir/rustenburg/jag_SM13_micro001_SM13_micro009:
/lila/data/chodera/schrodinger/tmpdir/rustenburg/jag_SM13_micro001_SM13_micro009/lilac-0-5aeca261.hosts
/lila/data/chodera/schrodinger/tmpdir/rustenburg/jag_SM13_micro001_SM13_micro009/lilac-0-5aeca261.nodes
/lila/data/chodera/schrodinger/tmpdir/rustenburg/jag_SM13_micro001_SM13_micro009/lilac-0-5aeca261
/lila/data/chodera/schrodinger/tmpdir/rustenburg/jag_SM13_micro001_SM13_micro009/SM13_micro001.mae
/lila/data/chodera/schrodinger/tmpdir/rustenburg/jag_SM13_micro001_SM13_micro009/SM13_micro001.in
/lila/data/chodera/schrodinger/tmpdir/rustenburg/jag_SM13_micro001_SM13_micro009/jag_SM13_micro001_SM13_micro009.recover
/lila/data/chodera/schrodinger/tmpdir/rustenburg/jag_SM13_micro001_SM13_micro009/lilac-0-5aeca261.recover
/lila/data/chodera/schrodinger/tmpdir/rustenburg/jag_SM13_micro001_SM13_micro009/jag_SM13_micro001_SM13_micro009.log
/lila/data/chodera/schrodinger/tmpdir/rustenburg/jag_SM13_micro001_SM13_micro009/lilac-0-5aeca261.mpinodes
/lila/data/chodera/schrodinger/tmpdir/rustenburg/jag_SM13_micro001_SM13_micro009/SM13_micro009.in
/lila/data/chodera/schrodinger/tmpdir/rustenburg/jag_SM13_micro001_SM13_micro009/SM13_micro009.mae
/lila/data/chodera/schrodinger/tmpdir/rustenburg/jag_SM13_micro001_SM13_micro009/lilac-0-5aeca261.jlog

=====================
 Jaguar pKa workflow
=====================

Analysing user-provided (prot, deprot) pair:
(SM13_micro001.in, SM13_micro009.in)
Found labile hydrogen 23 in SM13_micro001.in
Found labile hydrogen at atom 8 in SM13_micro009.in
Adding 'ipkat' keyword to input files.

Identifying pKa functional group for pair:
(SM13_micro001, SM13_micro009)

Executing subprocess:
/data/chodera/schrodinger/schrodinger2017-4-advanced/jaguar-v9.8/bin/Linux-x86_64/pka -i -j SM13_micro001.tmp.jres -n

Taking protonated structures from:
SM13_micro001.mae
Taking deprotonated structures from:
SM13_micro009.mae

This molecule from 'SM13_micro001.mae' in water was recognized as:

 # 	                  Shell                   
---	------------------------------------------
1: 	Protonation of sp2-like aliphatic nitrogen
2: 	Protonation of generic atom               


Executing conformational search...

Executing 2 distributed subjobs:
---------------------------------

No more than 8 cpu(s) will be used per subjob.
No more than 10 cpu(s) will be used simultaneously.

Processing the following subjobs:
(1) jaguar run csrch.py SM13_micro001.mae -jobname SM13_micro001 -max_conf 5 -erg_window 50.208 -acc_level 1 -TPP 5
(2) jaguar run csrch.py SM13_micro009.mae -jobname SM13_micro009 -max_conf 5 -erg_window 50.208 -acc_level 1 -TPP 5

Running subjobs on hosts:
  lsf-cpu (Max: 2)
Number of jobs:       2
Max retries per job:  3
Max allowed failures: unlimited
Run with -LOCAL:      False
Verbosity:            normal

Starting JobDJ...

Keep one job on driver host: False
JobDJ columns:
  C: Number of completed subjobs
  A: Number of active subjobs (e.g., submitted, running)
  W: Number of waiting/pending subjobs

C A W | Activity  JobId  JobName  JobHost
- - - | --------- -----------------------
0 1 1 | launched  lt11-0-5aeca275 SM13_micro001 lsf-cpu
0 2 0 | launched  lt11-0-5aeca279 SM13_micro009 lsf-cpu
1 1 0 | finished  lt11-0-5aeca279 SM13_micro009 lsf-cpu [ls01]
2 0 0 | finished  lt11-0-5aeca275 SM13_micro001 lsf-cpu [ls04]

All jobs have completed.

2 of 2 job(s) succeeded; 0 job(s) failed.

Timer (distribute subjobs) : 2478.33 secs (0 hrs, 41 mins, 18 secs)

Setting up QM workflow for (protonated, deprotonated) pair:
(1) (SM13_micro001, SM13_micro009)

Executing Jaguar quantum-mechanical subjobs...

Executing 10 distributed subjobs:
----------------------------------

No more than 8 cpu(s) will be used per subjob.
No more than 10 cpu(s) will be used simultaneously.

Processing the following subjobs:
(1) jaguar run pka_prot.bat -jobname SM13_micro001_conf_1 SM13_micro001_conf_1.in
(2) jaguar run pka_prot.bat -jobname SM13_micro001_conf_2 SM13_micro001_conf_2.in
(3) jaguar run pka_prot.bat -jobname SM13_micro001_conf_3 SM13_micro001_conf_3.in
(4) jaguar run pka_prot.bat -jobname SM13_micro001_conf_4 SM13_micro001_conf_4.in
(5) jaguar run pka_prot.bat -jobname SM13_micro001_conf_5 SM13_micro001_conf_5.in
(6) jaguar run pka_deprot.bat -jobname SM13_micro009_conf_1 SM13_micro009_conf_1.in
(7) jaguar run pka_deprot.bat -jobname SM13_micro009_conf_2 SM13_micro009_conf_2.in
(8) jaguar run pka_deprot.bat -jobname SM13_micro009_conf_3 SM13_micro009_conf_3.in
(9) jaguar run pka_deprot.bat -jobname SM13_micro009_conf_4 SM13_micro009_conf_4.in
(10) jaguar run pka_deprot.bat -jobname SM13_micro009_conf_5 SM13_micro009_conf_5.in

Running subjobs on hosts:
  lsf-cpu (Max: 10)
Number of jobs:       10
Max retries per job:  3
Max allowed failures: unlimited
Run with -LOCAL:      False
Verbosity:            normal

Starting JobDJ...

Keep one job on driver host: True
JobDJ columns:
  C: Number of completed subjobs
  A: Number of active subjobs (e.g., submitted, running)
  W: Number of waiting/pending subjobs

 C  A  W | Activity  JobId  JobName  JobHost
-- -- -- | --------- -----------------------
 0  1  9 | launched  lt11-0-5aecac23 SM13_micro001_conf_1 localhost [lt11]
 0  2  8 | launched  lt11-0-5aecac27 SM13_micro001_conf_2 lsf-cpu
 0  3  7 | launched  lt11-0-5aecac2d SM13_micro001_conf_3 lsf-cpu
 0  4  6 | launched  lt11-0-5aecac31 SM13_micro001_conf_4 lsf-cpu
 0  5  5 | launched  lt11-0-5aecac36 SM13_micro001_conf_5 lsf-cpu
 0  6  4 | launched  lt11-0-5aecac3c SM13_micro009_conf_1 lsf-cpu
 0  7  3 | launched  lt11-0-5aecac41 SM13_micro009_conf_2 lsf-cpu
 0  8  2 | launched  lt11-0-5aecac47 SM13_micro009_conf_3 lsf-cpu
 0  9  1 | launched  lt11-0-5aecac4d SM13_micro009_conf_4 lsf-cpu
 0 10  0 | launched  lt11-0-5aecac53 SM13_micro009_conf_5 lsf-cpu
 1  9  0 | finished  lt11-0-5aecac36 SM13_micro001_conf_5 lsf-cpu [ls10]
 2  8  0 | finished  lt11-0-5aecac27 SM13_micro001_conf_2 lsf-cpu [lt02]
 3  7  0 | finished  lt11-0-5aecac47 SM13_micro009_conf_3 lsf-cpu [ls10]
 4  6  0 | finished  lt11-0-5aecac41 SM13_micro009_conf_2 lsf-cpu [lt04]
 5  5  0 | finished  lt11-0-5aecac4d SM13_micro009_conf_4 lsf-cpu [lt04]
 6  4  0 | finished  lt11-0-5aecac53 SM13_micro009_conf_5 lsf-cpu [ls01]
 7  3  0 | finished  lt11-0-5aecac3c SM13_micro009_conf_1 lsf-cpu [lt04]
 8  2  0 | finished  lt11-0-5aecac31 SM13_micro001_conf_4 lsf-cpu [ls18]
 9  1  0 | finished  lt11-0-5aecac2d SM13_micro001_conf_3 lsf-cpu [lt04]
10  0  0 | finished  lt11-0-5aecac23 SM13_micro001_conf_1 localhost [lt11]

All jobs have completed.

10 of 10 job(s) succeeded; 0 job(s) failed.

Timer (distribute subjobs) : 4032.68 secs (1 hrs, 07 mins, 12 secs)

Processing QM output files...

Executing subprocess:
/data/chodera/schrodinger/schrodinger2017-4-advanced/jaguar results -energy SM13_micro001_conf_1.nrg_h.out

Executing subprocess:
/data/chodera/schrodinger/schrodinger2017-4-advanced/jaguar results -esolv SM13_micro001_conf_1.sol_h.out

Executing subprocess:
/data/chodera/schrodinger/schrodinger2017-4-advanced/jaguar results -energy SM13_micro001_conf_2.nrg_h.out

Executing subprocess:
/data/chodera/schrodinger/schrodinger2017-4-advanced/jaguar results -esolv SM13_micro001_conf_2.sol_h.out

Executing subprocess:
/data/chodera/schrodinger/schrodinger2017-4-advanced/jaguar results -energy SM13_micro001_conf_3.nrg_h.out

Executing subprocess:
/data/chodera/schrodinger/schrodinger2017-4-advanced/jaguar results -esolv SM13_micro001_conf_3.sol_h.out

Executing subprocess:
/data/chodera/schrodinger/schrodinger2017-4-advanced/jaguar results -energy SM13_micro001_conf_4.nrg_h.out

Executing subprocess:
/data/chodera/schrodinger/schrodinger2017-4-advanced/jaguar results -esolv SM13_micro001_conf_4.sol_h.out

Executing subprocess:
/data/chodera/schrodinger/schrodinger2017-4-advanced/jaguar results -energy SM13_micro001_conf_5.nrg_h.out

Executing subprocess:
/data/chodera/schrodinger/schrodinger2017-4-advanced/jaguar results -esolv SM13_micro001_conf_5.sol_h.out

Executing subprocess:
/data/chodera/schrodinger/schrodinger2017-4-advanced/jaguar results -energy SM13_micro009_conf_1.nrg.out

Executing subprocess:
/data/chodera/schrodinger/schrodinger2017-4-advanced/jaguar results -esolv SM13_micro009_conf_1.sol.out

Executing subprocess:
/data/chodera/schrodinger/schrodinger2017-4-advanced/jaguar results -energy SM13_micro009_conf_2.nrg.out

Executing subprocess:
/data/chodera/schrodinger/schrodinger2017-4-advanced/jaguar results -esolv SM13_micro009_conf_2.sol.out

Executing subprocess:
/data/chodera/schrodinger/schrodinger2017-4-advanced/jaguar results -energy SM13_micro009_conf_3.nrg.out

Executing subprocess:
/data/chodera/schrodinger/schrodinger2017-4-advanced/jaguar results -esolv SM13_micro009_conf_3.sol.out

Executing subprocess:
/data/chodera/schrodinger/schrodinger2017-4-advanced/jaguar results -energy SM13_micro009_conf_4.nrg.out

Executing subprocess:
/data/chodera/schrodinger/schrodinger2017-4-advanced/jaguar results -esolv SM13_micro009_conf_4.sol.out

Executing subprocess:
/data/chodera/schrodinger/schrodinger2017-4-advanced/jaguar results -energy SM13_micro009_conf_5.nrg.out

Executing subprocess:
/data/chodera/schrodinger/schrodinger2017-4-advanced/jaguar results -esolv SM13_micro009_conf_5.sol.out

Executing subprocess:
/data/chodera/schrodinger/schrodinger2017-4-advanced/jaguar-v9.8/bin/Linux-x86_64/pka -o SM13_micro001_deprot-out.mae -j SM13_micro001.jres -n -d

Executing subprocess:
/data/chodera/schrodinger/schrodinger2017-4-advanced/jaguar-v9.8/bin/Linux-x86_64/pka -o SM13_micro001_prot-out.mae -j SM13_micro001.jres -n

pKa calculation for SM13_micro001 completed.

pKa workflow jag_SM13_micro001_SM13_micro009 completed.

Timer (Jaguar pKa) : 6611.17 secs (1 hrs, 50 mins, 11 secs)
Timer (jaguar_backend.py) : 6611.17 secs (1 hrs, 50 mins, 11 secs)
Finished:   Fri May  4 16:02:08 2018
