Command:    jaguar run pka.py -jobname jag_SM15_micro001_SM15_micro004 -PARALLEL 10 -n -csrch -prot SM15_micro001.in -deprot SM15_micro004.in
Release:    2017-4
Exec:       /data/chodera/schrodinger/schrodinger2017-4-advanced/jaguar-v9.8/bin/Linux-x86_64
Host:       ls18
JobId:      lilac-0-5aeca509
JobDir:     /lila/data/chodera/schrodinger/tmpdir/rustenburg/jag_SM15_micro001_SM15_micro004
Date:       Fri May  4 14:23:13 2018

Contents of /lila/data/chodera/schrodinger/tmpdir/rustenburg/jag_SM15_micro001_SM15_micro004:
/lila/data/chodera/schrodinger/tmpdir/rustenburg/jag_SM15_micro001_SM15_micro004/jag_SM15_micro001_SM15_micro004.recover
/lila/data/chodera/schrodinger/tmpdir/rustenburg/jag_SM15_micro001_SM15_micro004/lilac-0-5aeca509.jlog
/lila/data/chodera/schrodinger/tmpdir/rustenburg/jag_SM15_micro001_SM15_micro004/SM15_micro004.in
/lila/data/chodera/schrodinger/tmpdir/rustenburg/jag_SM15_micro001_SM15_micro004/lilac-0-5aeca509.hosts
/lila/data/chodera/schrodinger/tmpdir/rustenburg/jag_SM15_micro001_SM15_micro004/lilac-0-5aeca509
/lila/data/chodera/schrodinger/tmpdir/rustenburg/jag_SM15_micro001_SM15_micro004/lilac-0-5aeca509.recover
/lila/data/chodera/schrodinger/tmpdir/rustenburg/jag_SM15_micro001_SM15_micro004/lilac-0-5aeca509.mpinodes
/lila/data/chodera/schrodinger/tmpdir/rustenburg/jag_SM15_micro001_SM15_micro004/jag_SM15_micro001_SM15_micro004.log
/lila/data/chodera/schrodinger/tmpdir/rustenburg/jag_SM15_micro001_SM15_micro004/SM15_micro001.mae
/lila/data/chodera/schrodinger/tmpdir/rustenburg/jag_SM15_micro001_SM15_micro004/lilac-0-5aeca509.nodes
/lila/data/chodera/schrodinger/tmpdir/rustenburg/jag_SM15_micro001_SM15_micro004/SM15_micro004.mae
/lila/data/chodera/schrodinger/tmpdir/rustenburg/jag_SM15_micro001_SM15_micro004/SM15_micro001.in

=====================
 Jaguar pKa workflow
=====================

Analysing user-provided (prot, deprot) pair:
(SM15_micro001.in, SM15_micro004.in)
Found labile hydrogen 17 in SM15_micro001.in
Found labile hydrogen at atom 7 in SM15_micro004.in
Adding 'ipkat' keyword to input files.

Identifying pKa functional group for pair:
(SM15_micro001, SM15_micro004)

Executing subprocess:
/data/chodera/schrodinger/schrodinger2017-4-advanced/jaguar-v9.8/bin/Linux-x86_64/pka -i -j SM15_micro001.tmp.jres -n

Taking protonated structures from:
SM15_micro001.mae
Taking deprotonated structures from:
SM15_micro004.mae

This molecule from 'SM15_micro001.mae' in water was recognized as:

 # 	           Shell           
---	---------------------------
1: 	imidazole as base          
2: 	benzimidazole as base      
3: 	heterocycle                
4: 	Protonation of generic atom


Executing conformational search...

Executing 2 distributed subjobs:
---------------------------------

No more than 8 cpu(s) will be used per subjob.
No more than 10 cpu(s) will be used simultaneously.

Processing the following subjobs:
(1) jaguar run csrch.py SM15_micro001.mae -jobname SM15_micro001 -max_conf 5 -erg_window 50.208 -acc_level 1 -TPP 5
(2) jaguar run csrch.py SM15_micro004.mae -jobname SM15_micro004 -max_conf 5 -erg_window 50.208 -acc_level 1 -TPP 5

Running subjobs on hosts:
  lsf-cpu (Max: 2)
Number of jobs:       2
Max retries per job:  3
Max allowed failures: unlimited
Run with -LOCAL:      False
Verbosity:            normal

Starting JobDJ...

Keep one job on driver host: False
JobDJ columns:
  C: Number of completed subjobs
  A: Number of active subjobs (e.g., submitted, running)
  W: Number of waiting/pending subjobs

C A W | Activity  JobId  JobName  JobHost
- - - | --------- -----------------------
0 1 1 | launched  ls18-0-5aeca515 SM15_micro001 lsf-cpu
0 2 0 | launched  ls18-0-5aeca518 SM15_micro004 lsf-cpu
1 1 0 | finished  ls18-0-5aeca515 SM15_micro001 lsf-cpu
2 0 0 | finished  ls18-0-5aeca518 SM15_micro004 lsf-cpu

All jobs have completed.

2 of 2 job(s) succeeded; 0 job(s) failed.

Timer (distribute subjobs) : 262.85 secs (0 hrs, 04 mins, 22 secs)

Setting up QM workflow for (protonated, deprotonated) pair:
(1) (SM15_micro001, SM15_micro004)

Executing Jaguar quantum-mechanical subjobs...

Executing 4 distributed subjobs:
---------------------------------

No more than 8 cpu(s) will be used per subjob.
No more than 10 cpu(s) will be used simultaneously.

Processing the following subjobs:
(1) jaguar run pka_prot.bat -jobname SM15_micro001_conf_1 SM15_micro001_conf_1.in -TPP 3
(2) jaguar run pka_prot.bat -jobname SM15_micro001_conf_2 SM15_micro001_conf_2.in -TPP 3
(3) jaguar run pka_deprot.bat -jobname SM15_micro004_conf_1 SM15_micro004_conf_1.in -TPP 2
(4) jaguar run pka_deprot.bat -jobname SM15_micro004_conf_2 SM15_micro004_conf_2.in -TPP 2

Running subjobs on hosts:
  lsf-cpu (Max: 4)
Number of jobs:       4
Max retries per job:  3
Max allowed failures: unlimited
Run with -LOCAL:      False
Verbosity:            normal

Starting JobDJ...

Keep one job on driver host: False
JobDJ columns:
  C: Number of completed subjobs
  A: Number of active subjobs (e.g., submitted, running)
  W: Number of waiting/pending subjobs

C A W | Activity  JobId  JobName  JobHost
- - - | --------- -----------------------
0 1 3 | launched  ls18-0-5aeca61c SM15_micro001_conf_1 lsf-cpu
0 2 2 | launched  ls18-0-5aeca61f SM15_micro001_conf_2 lsf-cpu
0 3 1 | launched  ls18-1-5aeca621 SM15_micro004_conf_1 lsf-cpu
0 4 0 | launched  ls18-0-5aeca624 SM15_micro004_conf_2 lsf-cpu
1 3 0 | finished  ls18-0-5aeca624 SM15_micro004_conf_2 lsf-cpu
2 2 0 | finished  ls18-0-5aeca61c SM15_micro001_conf_1 lsf-cpu [lt04]
3 1 0 | finished  ls18-1-5aeca621 SM15_micro004_conf_1 lsf-cpu [lt04]
4 0 0 | finished  ls18-0-5aeca61f SM15_micro001_conf_2 lsf-cpu [lt04]

All jobs have completed.

4 of 4 job(s) succeeded; 0 job(s) failed.

Timer (distribute subjobs) : 1336.40 secs (0 hrs, 22 mins, 16 secs)

Processing QM output files...

Executing subprocess:
/data/chodera/schrodinger/schrodinger2017-4-advanced/jaguar results -energy SM15_micro001_conf_1.nrg_h.out

Executing subprocess:
/data/chodera/schrodinger/schrodinger2017-4-advanced/jaguar results -esolv SM15_micro001_conf_1.sol_h.out

Executing subprocess:
/data/chodera/schrodinger/schrodinger2017-4-advanced/jaguar results -energy SM15_micro001_conf_2.nrg_h.out

Executing subprocess:
/data/chodera/schrodinger/schrodinger2017-4-advanced/jaguar results -esolv SM15_micro001_conf_2.sol_h.out

Executing subprocess:
/data/chodera/schrodinger/schrodinger2017-4-advanced/jaguar results -energy SM15_micro004_conf_1.nrg.out

Executing subprocess:
/data/chodera/schrodinger/schrodinger2017-4-advanced/jaguar results -esolv SM15_micro004_conf_1.sol.out

Executing subprocess:
/data/chodera/schrodinger/schrodinger2017-4-advanced/jaguar results -energy SM15_micro004_conf_2.nrg.out

Executing subprocess:
/data/chodera/schrodinger/schrodinger2017-4-advanced/jaguar results -esolv SM15_micro004_conf_2.sol.out

Executing subprocess:
/data/chodera/schrodinger/schrodinger2017-4-advanced/jaguar-v9.8/bin/Linux-x86_64/pka -o SM15_micro001_deprot-out.mae -j SM15_micro001.jres -n -d

Executing subprocess:
/data/chodera/schrodinger/schrodinger2017-4-advanced/jaguar-v9.8/bin/Linux-x86_64/pka -o SM15_micro001_prot-out.mae -j SM15_micro001.jres -n

pKa calculation for SM15_micro001 completed.

pKa workflow jag_SM15_micro001_SM15_micro004 completed.

Timer (Jaguar pKa) : 1634.12 secs (0 hrs, 27 mins, 14 secs)
Timer (jaguar_backend.py) : 1634.12 secs (0 hrs, 27 mins, 14 secs)
Finished:   Fri May  4 14:50:27 2018
