Taking protonated structures from:
SM02_micro008_conf_1.dft_h.01.mae
SM02_micro008_conf_2.dft_h.01.mae
SM02_micro008_conf_3.dft_h.01.mae
SM02_micro008_conf_4.dft_h.01.mae
SM02_micro008_conf_5.dft_h.01.mae
Taking deprotonated structures from:
SM02_micro006_conf_1.dft.01.mae
SM02_micro006_conf_2.dft.01.mae
SM02_micro006_conf_3.dft.01.mae
SM02_micro006_conf_4.dft.01.mae
SM02_micro006_conf_5.dft.01.mae

Corrected results for 'protonated' structure in water:
pKa atom: 22

 # 	           Shell           	 pKa 	RMSD	 Contribution
---	---------------------------	-----	-----	--------------
1: 	pyrimidine                 	-0.77	0.242	    84.68%
2: 	heterocycle custom 1       	-2.27	0.617	     8.08%
3: 	heterocycle                	-1.80	0.837	     6.82%
4: 	Protonation of generic atom	-0.00	2.264	     0.42%

 Final weighted pKa value is -0.96



