Command:    jaguar run pka.py -jobname jag_SM23_micro046_SM23_micro042 -PARALLEL 10 -WAIT -n -csrch -prot SM23_micro046.in -deprot SM23_micro042.in
Release:    2017-4
Exec:       /data/chodera/schrodinger/schrodinger2017-4-advanced/jaguar-v9.8/bin/Linux-x86_64
Host:       lt02
JobId:      lt02-1-5af5cfe4
JobDir:     /lila/data/chodera/schrodinger/tmpdir/rustenburg/jag_SM23_micro046_SM23_micro042
Date:       Fri May 11 13:16:22 2018

Contents of /lila/data/chodera/schrodinger/tmpdir/rustenburg/jag_SM23_micro046_SM23_micro042:
/lila/data/chodera/schrodinger/tmpdir/rustenburg/jag_SM23_micro046_SM23_micro042/SM23_micro042.in
/lila/data/chodera/schrodinger/tmpdir/rustenburg/jag_SM23_micro046_SM23_micro042/SM23_micro046.in
/lila/data/chodera/schrodinger/tmpdir/rustenburg/jag_SM23_micro046_SM23_micro042/jag_SM23_micro046_SM23_micro042.recover
/lila/data/chodera/schrodinger/tmpdir/rustenburg/jag_SM23_micro046_SM23_micro042/SM23_micro046.mae
/lila/data/chodera/schrodinger/tmpdir/rustenburg/jag_SM23_micro046_SM23_micro042/lt02-1-5af5cfe4.mpinodes
/lila/data/chodera/schrodinger/tmpdir/rustenburg/jag_SM23_micro046_SM23_micro042/jag_SM23_micro046_SM23_micro042.log
/lila/data/chodera/schrodinger/tmpdir/rustenburg/jag_SM23_micro046_SM23_micro042/lt02-1-5af5cfe4.recover
/lila/data/chodera/schrodinger/tmpdir/rustenburg/jag_SM23_micro046_SM23_micro042/lt02-1-5af5cfe4
/lila/data/chodera/schrodinger/tmpdir/rustenburg/jag_SM23_micro046_SM23_micro042/SM23_micro042.mae

=====================
 Jaguar pKa workflow
=====================

Analysing user-provided (prot, deprot) pair:
(SM23_micro046.in, SM23_micro042.in)
Found labile hydrogen 56 in SM23_micro046.in
Found labile hydrogen at atom 17 in SM23_micro042.in
Adding 'ipkat' keyword to input files.

Identifying pKa functional group for pair:
(SM23_micro046, SM23_micro042)

Executing subprocess:
/data/chodera/schrodinger/schrodinger2017-4-advanced/jaguar-v9.8/bin/Linux-x86_64/pka -i -j SM23_micro046.tmp.jres -n

Taking protonated structures from:
SM23_micro046.mae
Taking deprotonated structures from:
SM23_micro042.mae

This molecule from 'SM23_micro046.mae' in water was recognized as:

 # 	           Shell           
---	---------------------------
1: 	Protonation of generic atom


Executing conformational search...

Executing 2 distributed subjobs:
---------------------------------

No more than 8 cpu(s) will be used per subjob.
No more than 10 cpu(s) will be used simultaneously.

Processing the following subjobs:
(1) jaguar run csrch.py SM23_micro046.mae -jobname SM23_micro046 -max_conf 5 -erg_window 50.208 -acc_level 1 -TPP 5
(2) jaguar run csrch.py SM23_micro042.mae -jobname SM23_micro042 -max_conf 5 -erg_window 50.208 -acc_level 1 -TPP 5

Running subjobs on hosts:
  localhost (Max: 2)
Number of jobs:       2
Max retries per job:  3
Max allowed failures: unlimited
Run with -LOCAL:      False
Verbosity:            normal

Starting JobDJ...

Keep one job on driver host: False
JobDJ columns:
  C: Number of completed subjobs
  A: Number of active subjobs (e.g., submitted, running)
  W: Number of waiting/pending subjobs

C A W | Activity  JobId  JobName  JobHost
- - - | --------- -----------------------
0 1 1 | launched  lt02-0-5af5cfec SM23_micro046 localhost [lt02]
0 2 0 | launched  lt02-0-5af5cfee SM23_micro042 localhost [lt02]
1 1 0 | finished  lt02-0-5af5cfec SM23_micro046 localhost [lt02]
2 0 0 | finished  lt02-0-5af5cfee SM23_micro042 localhost [lt02]

All jobs have completed.

2 of 2 job(s) succeeded; 0 job(s) failed.

Timer (distribute subjobs) : 1693.35 secs (0 hrs, 28 mins, 13 secs)

Setting up QM workflow for (protonated, deprotonated) pair:
(1) (SM23_micro046, SM23_micro042)

Executing Jaguar quantum-mechanical subjobs...

Executing 10 distributed subjobs:
----------------------------------

No more than 8 cpu(s) will be used per subjob.
No more than 10 cpu(s) will be used simultaneously.

Processing the following subjobs:
(1) jaguar run pka_prot.bat -jobname SM23_micro046_conf_1 SM23_micro046_conf_1.in
(2) jaguar run pka_prot.bat -jobname SM23_micro046_conf_2 SM23_micro046_conf_2.in
(3) jaguar run pka_prot.bat -jobname SM23_micro046_conf_3 SM23_micro046_conf_3.in
(4) jaguar run pka_prot.bat -jobname SM23_micro046_conf_4 SM23_micro046_conf_4.in
(5) jaguar run pka_prot.bat -jobname SM23_micro046_conf_5 SM23_micro046_conf_5.in
(6) jaguar run pka_deprot.bat -jobname SM23_micro042_conf_1 SM23_micro042_conf_1.in
(7) jaguar run pka_deprot.bat -jobname SM23_micro042_conf_2 SM23_micro042_conf_2.in
(8) jaguar run pka_deprot.bat -jobname SM23_micro042_conf_3 SM23_micro042_conf_3.in
(9) jaguar run pka_deprot.bat -jobname SM23_micro042_conf_4 SM23_micro042_conf_4.in
(10) jaguar run pka_deprot.bat -jobname SM23_micro042_conf_5 SM23_micro042_conf_5.in

Running subjobs on hosts:
  localhost (Max: 10)
Number of jobs:       10
Max retries per job:  3
Max allowed failures: unlimited
Run with -LOCAL:      False
Verbosity:            normal

Starting JobDJ...

Keep one job on driver host: False
JobDJ columns:
  C: Number of completed subjobs
  A: Number of active subjobs (e.g., submitted, running)
  W: Number of waiting/pending subjobs

 C  A  W | Activity  JobId  JobName  JobHost
-- -- -- | --------- -----------------------
 0  1  9 | launched  lt02-0-5af5d697 SM23_micro046_conf_1 localhost [lt02]
 0  2  8 | launched  lt02-0-5af5d69a SM23_micro046_conf_2 localhost [lt02]
 0  3  7 | launched  lt02-0-5af5d69c SM23_micro046_conf_3 localhost [lt02]
 0  4  6 | launched  lt02-1-5af5d69e SM23_micro046_conf_4 localhost [lt02]
 0  5  5 | launched  lt02-0-5af5d6a1 SM23_micro046_conf_5 localhost [lt02]
 0  6  4 | launched  lt02-0-5af5d6a3 SM23_micro042_conf_1 localhost [lt02]
 0  7  3 | launched  lt02-1-5af5d6a5 SM23_micro042_conf_2 localhost [lt02]
 0  8  2 | launched  lt02-1-5af5d6a8 SM23_micro042_conf_3 localhost [lt02]
 0  9  1 | launched  lt02-0-5af5d6ab SM23_micro042_conf_4 localhost [lt02]
 0 10  0 | launched  lt02-1-5af5d6ad SM23_micro042_conf_5 localhost [lt02]
 1  9  0 | finished  lt02-1-5af5d6a8 SM23_micro042_conf_3 localhost [lt02]
 2  8  0 | finished  lt02-0-5af5d69c SM23_micro046_conf_3 localhost [lt02]
 3  7  0 | finished  lt02-0-5af5d69a SM23_micro046_conf_2 localhost [lt02]
 4  6  0 | finished  lt02-1-5af5d6ad SM23_micro042_conf_5 localhost [lt02]
 5  5  0 | finished  lt02-0-5af5d697 SM23_micro046_conf_1 localhost [lt02]
 6  4  0 | finished  lt02-0-5af5d6a3 SM23_micro042_conf_1 localhost [lt02]
 7  3  0 | finished  lt02-1-5af5d69e SM23_micro046_conf_4 localhost [lt02]
 8  2  0 | finished  lt02-0-5af5d6a1 SM23_micro046_conf_5 localhost [lt02]
 9  1  0 | finished  lt02-1-5af5d6a5 SM23_micro042_conf_2 localhost [lt02]
10  0  0 | finished  lt02-0-5af5d6ab SM23_micro042_conf_4 localhost [lt02]

All jobs have completed.

10 of 10 job(s) succeeded; 0 job(s) failed.

Timer (distribute subjobs) : 12608.44 secs (3 hrs, 30 mins, 08 secs)

Processing QM output files...

Executing subprocess:
/data/chodera/schrodinger/schrodinger2017-4-advanced/jaguar results -energy SM23_micro046_conf_1.nrg_h.out

Executing subprocess:
/data/chodera/schrodinger/schrodinger2017-4-advanced/jaguar results -esolv SM23_micro046_conf_1.sol_h.out

Executing subprocess:
/data/chodera/schrodinger/schrodinger2017-4-advanced/jaguar results -energy SM23_micro046_conf_2.nrg_h.out

Executing subprocess:
/data/chodera/schrodinger/schrodinger2017-4-advanced/jaguar results -esolv SM23_micro046_conf_2.sol_h.out

Executing subprocess:
/data/chodera/schrodinger/schrodinger2017-4-advanced/jaguar results -energy SM23_micro046_conf_3.nrg_h.out

Executing subprocess:
/data/chodera/schrodinger/schrodinger2017-4-advanced/jaguar results -esolv SM23_micro046_conf_3.sol_h.out

Executing subprocess:
/data/chodera/schrodinger/schrodinger2017-4-advanced/jaguar results -energy SM23_micro046_conf_4.nrg_h.out

Executing subprocess:
/data/chodera/schrodinger/schrodinger2017-4-advanced/jaguar results -esolv SM23_micro046_conf_4.sol_h.out

Executing subprocess:
/data/chodera/schrodinger/schrodinger2017-4-advanced/jaguar results -energy SM23_micro046_conf_5.nrg_h.out

Executing subprocess:
/data/chodera/schrodinger/schrodinger2017-4-advanced/jaguar results -esolv SM23_micro046_conf_5.sol_h.out

Executing subprocess:
/data/chodera/schrodinger/schrodinger2017-4-advanced/jaguar results -energy SM23_micro042_conf_1.nrg.out

Executing subprocess:
/data/chodera/schrodinger/schrodinger2017-4-advanced/jaguar results -esolv SM23_micro042_conf_1.sol.out

Executing subprocess:
/data/chodera/schrodinger/schrodinger2017-4-advanced/jaguar results -energy SM23_micro042_conf_2.nrg.out

Executing subprocess:
/data/chodera/schrodinger/schrodinger2017-4-advanced/jaguar results -esolv SM23_micro042_conf_2.sol.out

Executing subprocess:
/data/chodera/schrodinger/schrodinger2017-4-advanced/jaguar results -energy SM23_micro042_conf_3.nrg.out

Executing subprocess:
/data/chodera/schrodinger/schrodinger2017-4-advanced/jaguar results -esolv SM23_micro042_conf_3.sol.out

Executing subprocess:
/data/chodera/schrodinger/schrodinger2017-4-advanced/jaguar results -energy SM23_micro042_conf_4.nrg.out

Executing subprocess:
/data/chodera/schrodinger/schrodinger2017-4-advanced/jaguar results -esolv SM23_micro042_conf_4.sol.out

Executing subprocess:
/data/chodera/schrodinger/schrodinger2017-4-advanced/jaguar results -energy SM23_micro042_conf_5.nrg.out

Executing subprocess:
/data/chodera/schrodinger/schrodinger2017-4-advanced/jaguar results -esolv SM23_micro042_conf_5.sol.out

Executing subprocess:
/data/chodera/schrodinger/schrodinger2017-4-advanced/jaguar-v9.8/bin/Linux-x86_64/pka -o SM23_micro046_deprot-out.mae -j SM23_micro046.jres -n -d

Executing subprocess:
/data/chodera/schrodinger/schrodinger2017-4-advanced/jaguar-v9.8/bin/Linux-x86_64/pka -o SM23_micro046_prot-out.mae -j SM23_micro046.jres -n

pKa calculation for SM23_micro046 completed.

pKa workflow jag_SM23_micro046_SM23_micro042 completed.

Timer (Jaguar pKa) : 14364.38 secs (3 hrs, 59 mins, 24 secs)
Timer (jaguar_backend.py) : 14364.38 secs (3 hrs, 59 mins, 24 secs)
Finished:   Fri May 11 17:15:47 2018
