Command:    jaguar run pka.py -jobname jag_SM23_micro044_SM23_micro038 -PARALLEL 10 -n -csrch -prot SM23_micro044.in -deprot SM23_micro038.in
Release:    2017-4
Exec:       /data/chodera/schrodinger/schrodinger2017-4-advanced/jaguar-v9.8/bin/Linux-x86_64
Host:       ls09
JobId:      lilac-0-5aecd3d0
JobDir:     /lila/data/chodera/schrodinger/tmpdir/rustenburg/jag_SM23_micro044_SM23_micro038
Date:       Fri May  4 19:21:22 2018

Contents of /lila/data/chodera/schrodinger/tmpdir/rustenburg/jag_SM23_micro044_SM23_micro038:
/lila/data/chodera/schrodinger/tmpdir/rustenburg/jag_SM23_micro044_SM23_micro038/lilac-0-5aecd3d0.mpinodes
/lila/data/chodera/schrodinger/tmpdir/rustenburg/jag_SM23_micro044_SM23_micro038/jag_SM23_micro044_SM23_micro038.log
/lila/data/chodera/schrodinger/tmpdir/rustenburg/jag_SM23_micro044_SM23_micro038/jag_SM23_micro044_SM23_micro038.recover
/lila/data/chodera/schrodinger/tmpdir/rustenburg/jag_SM23_micro044_SM23_micro038/SM23_micro044.mae
/lila/data/chodera/schrodinger/tmpdir/rustenburg/jag_SM23_micro044_SM23_micro038/lilac-0-5aecd3d0.recover
/lila/data/chodera/schrodinger/tmpdir/rustenburg/jag_SM23_micro044_SM23_micro038/SM23_micro044.in
/lila/data/chodera/schrodinger/tmpdir/rustenburg/jag_SM23_micro044_SM23_micro038/lilac-0-5aecd3d0
/lila/data/chodera/schrodinger/tmpdir/rustenburg/jag_SM23_micro044_SM23_micro038/lilac-0-5aecd3d0.hosts
/lila/data/chodera/schrodinger/tmpdir/rustenburg/jag_SM23_micro044_SM23_micro038/lilac-0-5aecd3d0.nodes
/lila/data/chodera/schrodinger/tmpdir/rustenburg/jag_SM23_micro044_SM23_micro038/SM23_micro038.mae
/lila/data/chodera/schrodinger/tmpdir/rustenburg/jag_SM23_micro044_SM23_micro038/lilac-0-5aecd3d0.jlog
/lila/data/chodera/schrodinger/tmpdir/rustenburg/jag_SM23_micro044_SM23_micro038/SM23_micro038.in

=====================
 Jaguar pKa workflow
=====================

Analysing user-provided (prot, deprot) pair:
(SM23_micro044.in, SM23_micro038.in)
Found labile hydrogen 32 in SM23_micro044.in
Found labile hydrogen at atom 12 in SM23_micro038.in
Adding 'ipkat' keyword to input files.

Identifying pKa functional group for pair:
(SM23_micro044, SM23_micro038)

Executing subprocess:
/data/chodera/schrodinger/schrodinger2017-4-advanced/jaguar-v9.8/bin/Linux-x86_64/pka -i -j SM23_micro044.tmp.jres -n

Taking protonated structures from:
SM23_micro044.mae
Taking deprotonated structures from:
SM23_micro038.mae

This molecule from 'SM23_micro044.mae' in water was recognized as:

 # 	                  Shell                   
---	------------------------------------------
1: 	secondary aniline                         
2: 	Protonation of sp3-like aliphatic nitrogen
3: 	Protonation of generic atom               


Executing conformational search...

Executing 2 distributed subjobs:
---------------------------------

No more than 8 cpu(s) will be used per subjob.
No more than 10 cpu(s) will be used simultaneously.

Processing the following subjobs:
(1) jaguar run csrch.py SM23_micro044.mae -jobname SM23_micro044 -max_conf 5 -erg_window 50.208 -acc_level 1 -TPP 5
(2) jaguar run csrch.py SM23_micro038.mae -jobname SM23_micro038 -max_conf 5 -erg_window 50.208 -acc_level 1 -TPP 5

Running subjobs on hosts:
  lsf-cpu (Max: 2)
Number of jobs:       2
Max retries per job:  3
Max allowed failures: unlimited
Run with -LOCAL:      False
Verbosity:            normal

Starting JobDJ...

Keep one job on driver host: False
JobDJ columns:
  C: Number of completed subjobs
  A: Number of active subjobs (e.g., submitted, running)
  W: Number of waiting/pending subjobs

C A W | Activity  JobId  JobName  JobHost
- - - | --------- -----------------------
0 1 1 | launched  ls09-0-5aeceaf7 SM23_micro044 lsf-cpu
0 2 0 | launched  ls09-0-5aeceafa SM23_micro038 lsf-cpu
1 1 0 | finished  ls09-0-5aeceafa SM23_micro038 lsf-cpu [ls04]
2 0 0 | finished  ls09-0-5aeceaf7 SM23_micro044 lsf-cpu [ls04]

All jobs have completed.

2 of 2 job(s) succeeded; 0 job(s) failed.

Timer (distribute subjobs) : 7382.92 secs (2 hrs, 03 mins, 02 secs)

Setting up QM workflow for (protonated, deprotonated) pair:
(1) (SM23_micro044, SM23_micro038)

Executing Jaguar quantum-mechanical subjobs...

Executing 10 distributed subjobs:
----------------------------------

No more than 8 cpu(s) will be used per subjob.
No more than 10 cpu(s) will be used simultaneously.

Processing the following subjobs:
(1) jaguar run pka_prot.bat -jobname SM23_micro044_conf_1 SM23_micro044_conf_1.in
(2) jaguar run pka_prot.bat -jobname SM23_micro044_conf_2 SM23_micro044_conf_2.in
(3) jaguar run pka_prot.bat -jobname SM23_micro044_conf_3 SM23_micro044_conf_3.in
(4) jaguar run pka_prot.bat -jobname SM23_micro044_conf_4 SM23_micro044_conf_4.in
(5) jaguar run pka_prot.bat -jobname SM23_micro044_conf_5 SM23_micro044_conf_5.in
(6) jaguar run pka_deprot.bat -jobname SM23_micro038_conf_1 SM23_micro038_conf_1.in
(7) jaguar run pka_deprot.bat -jobname SM23_micro038_conf_2 SM23_micro038_conf_2.in
(8) jaguar run pka_deprot.bat -jobname SM23_micro038_conf_3 SM23_micro038_conf_3.in
(9) jaguar run pka_deprot.bat -jobname SM23_micro038_conf_4 SM23_micro038_conf_4.in
(10) jaguar run pka_deprot.bat -jobname SM23_micro038_conf_5 SM23_micro038_conf_5.in

Running subjobs on hosts:
  lsf-cpu (Max: 10)
Number of jobs:       10
Max retries per job:  3
Max allowed failures: unlimited
Run with -LOCAL:      False
Verbosity:            normal

Starting JobDJ...

Keep one job on driver host: True
JobDJ columns:
  C: Number of completed subjobs
  A: Number of active subjobs (e.g., submitted, running)
  W: Number of waiting/pending subjobs

 C  A  W | Activity  JobId  JobName  JobHost
-- -- -- | --------- -----------------------
 0  1  9 | launched  ls09-0-5aed07d0 SM23_micro044_conf_1 localhost [ls09]
 0  2  8 | launched  ls09-0-5aed07d5 SM23_micro044_conf_2 lsf-cpu
 0  3  7 | launched  ls09-0-5aed07dc SM23_micro044_conf_3 lsf-cpu
 0  4  6 | launched  ls09-0-5aed07e1 SM23_micro044_conf_4 lsf-cpu
 0  5  5 | launched  ls09-0-5aed07e7 SM23_micro044_conf_5 lsf-cpu
 0  6  4 | launched  ls09-0-5aed07ec SM23_micro038_conf_1 lsf-cpu
 0  7  3 | launched  ls09-0-5aed07f2 SM23_micro038_conf_2 lsf-cpu
 0  8  2 | launched  ls09-0-5aed07f8 SM23_micro038_conf_3 lsf-cpu
 0  9  1 | launched  ls09-0-5aed07fe SM23_micro038_conf_4 lsf-cpu
 0 10  0 | launched  ls09-0-5aed0804 SM23_micro038_conf_5 lsf-cpu
