Command:    jaguar run pka.py -jobname jag_SM18_micro026_SM18_micro056 -PARALLEL 10 -n -csrch -prot SM18_micro026.in -deprot SM18_micro056.in
Release:    2017-4
Exec:       /data/chodera/schrodinger/schrodinger2017-4-advanced/jaguar-v9.8/bin/Linux-x86_64
Host:       lt17
JobId:      lilac-0-5aecaf27
JobDir:     /lila/data/chodera/schrodinger/tmpdir/rustenburg/jag_SM18_micro026_SM18_micro056
Date:       Fri May  4 15:17:03 2018

Contents of /lila/data/chodera/schrodinger/tmpdir/rustenburg/jag_SM18_micro026_SM18_micro056:
/lila/data/chodera/schrodinger/tmpdir/rustenburg/jag_SM18_micro026_SM18_micro056/SM18_micro056.mae
/lila/data/chodera/schrodinger/tmpdir/rustenburg/jag_SM18_micro026_SM18_micro056/jag_SM18_micro026_SM18_micro056.log
/lila/data/chodera/schrodinger/tmpdir/rustenburg/jag_SM18_micro026_SM18_micro056/lilac-0-5aecaf27.hosts
/lila/data/chodera/schrodinger/tmpdir/rustenburg/jag_SM18_micro026_SM18_micro056/SM18_micro026.in
/lila/data/chodera/schrodinger/tmpdir/rustenburg/jag_SM18_micro026_SM18_micro056/lilac-0-5aecaf27
/lila/data/chodera/schrodinger/tmpdir/rustenburg/jag_SM18_micro026_SM18_micro056/jag_SM18_micro026_SM18_micro056.recover
/lila/data/chodera/schrodinger/tmpdir/rustenburg/jag_SM18_micro026_SM18_micro056/SM18_micro026.mae
/lila/data/chodera/schrodinger/tmpdir/rustenburg/jag_SM18_micro026_SM18_micro056/lilac-0-5aecaf27.nodes
/lila/data/chodera/schrodinger/tmpdir/rustenburg/jag_SM18_micro026_SM18_micro056/lilac-0-5aecaf27.mpinodes
/lila/data/chodera/schrodinger/tmpdir/rustenburg/jag_SM18_micro026_SM18_micro056/lilac-0-5aecaf27.jlog
/lila/data/chodera/schrodinger/tmpdir/rustenburg/jag_SM18_micro026_SM18_micro056/lilac-0-5aecaf27.recover
/lila/data/chodera/schrodinger/tmpdir/rustenburg/jag_SM18_micro026_SM18_micro056/SM18_micro056.in

=====================
 Jaguar pKa workflow
=====================

Analysing user-provided (prot, deprot) pair:
(SM18_micro026.in, SM18_micro056.in)
Found labile hydrogen 32 in SM18_micro026.in
Found labile hydrogen at atom 11 in SM18_micro056.in
Adding 'ipkat' keyword to input files.

Identifying pKa functional group for pair:
(SM18_micro026, SM18_micro056)

Executing subprocess:
/data/chodera/schrodinger/schrodinger2017-4-advanced/jaguar-v9.8/bin/Linux-x86_64/pka -i -j SM18_micro026.tmp.jres -n

Taking protonated structures from:
SM18_micro026.mae
Taking deprotonated structures from:
SM18_micro056.mae

This molecule from 'SM18_micro026.mae' in water was recognized as:

 # 	           Shell           
---	---------------------------
1: 	4-pyrimidone as base       
2: 	heterocycle custom 1       
3: 	heterocycle                
4: 	Protonation of generic atom


Executing conformational search...

Executing 2 distributed subjobs:
---------------------------------

No more than 8 cpu(s) will be used per subjob.
No more than 10 cpu(s) will be used simultaneously.

Processing the following subjobs:
(1) jaguar run csrch.py SM18_micro026.mae -jobname SM18_micro026 -max_conf 5 -erg_window 50.208 -acc_level 1 -TPP 5
(2) jaguar run csrch.py SM18_micro056.mae -jobname SM18_micro056 -max_conf 5 -erg_window 50.208 -acc_level 1 -TPP 5

Running subjobs on hosts:
  lsf-cpu (Max: 2)
Number of jobs:       2
Max retries per job:  3
Max allowed failures: unlimited
Run with -LOCAL:      False
Verbosity:            normal

Starting JobDJ...

Keep one job on driver host: False
JobDJ columns:
  C: Number of completed subjobs
  A: Number of active subjobs (e.g., submitted, running)
  W: Number of waiting/pending subjobs

C A W | Activity  JobId  JobName  JobHost
- - - | --------- -----------------------
0 1 1 | launched  lt17-1-5aecb1b8 SM18_micro026 lsf-cpu
0 2 0 | launched  lt17-2-5aecb1be SM18_micro056 lsf-cpu
1 1 0 | finished  lt17-2-5aecb1be SM18_micro056 lsf-cpu [lt17]
2 0 0 | finished  lt17-1-5aecb1b8 SM18_micro026 lsf-cpu [lt09]

All jobs have completed.

2 of 2 job(s) succeeded; 0 job(s) failed.

Timer (distribute subjobs) : 9743.78 secs (2 hrs, 42 mins, 23 secs)

Setting up QM workflow for (protonated, deprotonated) pair:
(1) (SM18_micro026, SM18_micro056)

Executing Jaguar quantum-mechanical subjobs...

Executing 10 distributed subjobs:
----------------------------------

No more than 8 cpu(s) will be used per subjob.
No more than 10 cpu(s) will be used simultaneously.

Processing the following subjobs:
(1) jaguar run pka_prot.bat -jobname SM18_micro026_conf_1 SM18_micro026_conf_1.in
(2) jaguar run pka_prot.bat -jobname SM18_micro026_conf_2 SM18_micro026_conf_2.in
(3) jaguar run pka_prot.bat -jobname SM18_micro026_conf_3 SM18_micro026_conf_3.in
(4) jaguar run pka_prot.bat -jobname SM18_micro026_conf_4 SM18_micro026_conf_4.in
(5) jaguar run pka_prot.bat -jobname SM18_micro026_conf_5 SM18_micro026_conf_5.in
(6) jaguar run pka_deprot.bat -jobname SM18_micro056_conf_1 SM18_micro056_conf_1.in
(7) jaguar run pka_deprot.bat -jobname SM18_micro056_conf_2 SM18_micro056_conf_2.in
(8) jaguar run pka_deprot.bat -jobname SM18_micro056_conf_3 SM18_micro056_conf_3.in
(9) jaguar run pka_deprot.bat -jobname SM18_micro056_conf_4 SM18_micro056_conf_4.in
(10) jaguar run pka_deprot.bat -jobname SM18_micro056_conf_5 SM18_micro056_conf_5.in

Running subjobs on hosts:
  lsf-cpu (Max: 10)
Number of jobs:       10
Max retries per job:  3
Max allowed failures: unlimited
Run with -LOCAL:      False
Verbosity:            normal

Starting JobDJ...

Keep one job on driver host: True
JobDJ columns:
  C: Number of completed subjobs
  A: Number of active subjobs (e.g., submitted, running)
  W: Number of waiting/pending subjobs

 C  A  W | Activity  JobId  JobName  JobHost
-- -- -- | --------- -----------------------
 0  1  9 | launched  lt17-1-5aecd7d3 SM18_micro026_conf_1 localhost [lt17]
 0  2  8 | launched  lt17-0-5aecd7d9 SM18_micro026_conf_2 lsf-cpu
 0  3  7 | launched  lt17-1-5aecd7de SM18_micro026_conf_3 lsf-cpu
 0  4  6 | launched  lt17-0-5aecd7e4 SM18_micro026_conf_4 lsf-cpu
 0  5  5 | launched  lt17-0-5aecd7e8 SM18_micro026_conf_5 lsf-cpu
 0  6  4 | launched  lt17-0-5aecd80f SM18_micro056_conf_1 lsf-cpu
 0  7  3 | launched  lt17-0-5aecd846 SM18_micro056_conf_2 lsf-cpu
 0  8  2 | launched  lt17-0-5aecd872 SM18_micro056_conf_3 lsf-cpu
 0  9  1 | launched  lt17-0-5aecd8a4 SM18_micro056_conf_4 lsf-cpu
 0 10  0 | launched  lt17-0-5aecd8bf SM18_micro056_conf_5 lsf-cpu
 1  9  0 | finished  lt17-1-5aecd7d3 SM18_micro026_conf_1 localhost [lt17]
 1  9  0 | launched  lt17-0-5aece929 SM18_micro056_conf_5 localhost [lt17]
 2  8  0 | finished  lt17-0-5aecd80f SM18_micro056_conf_1 lsf-cpu [lt04]
 3  7  0 | finished  lt17-0-5aecd7e8 SM18_micro026_conf_5 lsf-cpu [lt04]
 4  6  0 | finished  lt17-0-5aecd7e4 SM18_micro026_conf_4 lsf-cpu [ls14]
 5  5  0 | finished  lt17-0-5aecd7d9 SM18_micro026_conf_2 lsf-cpu [ls10]
 6  4  0 | finished  lt17-1-5aecd7de SM18_micro026_conf_3 lsf-cpu [ls10]
 7  3  0 | finished  lt17-0-5aecd872 SM18_micro056_conf_3 lsf-cpu [lt03]
 8  2  0 | finished  lt17-0-5aece929 SM18_micro056_conf_5 localhost [lt17]
 9  1  0 | finished  lt17-0-5aecd846 SM18_micro056_conf_2 lsf-cpu [ls01]
10  0  0 | finished  lt17-0-5aecd8a4 SM18_micro056_conf_4 lsf-cpu [lt21]

All jobs have completed.

10 of 10 job(s) succeeded; 0 job(s) failed.

Timer (distribute subjobs) : 14499.68 secs (4 hrs, 01 mins, 39 secs)

Processing QM output files...

Executing subprocess:
/data/chodera/schrodinger/schrodinger2017-4-advanced/jaguar results -energy SM18_micro026_conf_1.nrg_h.out

Executing subprocess:
/data/chodera/schrodinger/schrodinger2017-4-advanced/jaguar results -esolv SM18_micro026_conf_1.sol_h.out

Executing subprocess:
/data/chodera/schrodinger/schrodinger2017-4-advanced/jaguar results -energy SM18_micro026_conf_2.nrg_h.out

Executing subprocess:
/data/chodera/schrodinger/schrodinger2017-4-advanced/jaguar results -esolv SM18_micro026_conf_2.sol_h.out

Executing subprocess:
/data/chodera/schrodinger/schrodinger2017-4-advanced/jaguar results -energy SM18_micro026_conf_3.nrg_h.out

Executing subprocess:
/data/chodera/schrodinger/schrodinger2017-4-advanced/jaguar results -esolv SM18_micro026_conf_3.sol_h.out

Executing subprocess:
/data/chodera/schrodinger/schrodinger2017-4-advanced/jaguar results -energy SM18_micro026_conf_4.nrg_h.out

Executing subprocess:
/data/chodera/schrodinger/schrodinger2017-4-advanced/jaguar results -esolv SM18_micro026_conf_4.sol_h.out

Executing subprocess:
/data/chodera/schrodinger/schrodinger2017-4-advanced/jaguar results -energy SM18_micro026_conf_5.nrg_h.out

Executing subprocess:
/data/chodera/schrodinger/schrodinger2017-4-advanced/jaguar results -esolv SM18_micro026_conf_5.sol_h.out

Executing subprocess:
/data/chodera/schrodinger/schrodinger2017-4-advanced/jaguar results -energy SM18_micro056_conf_1.nrg.out

Executing subprocess:
/data/chodera/schrodinger/schrodinger2017-4-advanced/jaguar results -esolv SM18_micro056_conf_1.sol.out

Executing subprocess:
/data/chodera/schrodinger/schrodinger2017-4-advanced/jaguar results -energy SM18_micro056_conf_2.nrg.out

Executing subprocess:
/data/chodera/schrodinger/schrodinger2017-4-advanced/jaguar results -esolv SM18_micro056_conf_2.sol.out

Executing subprocess:
/data/chodera/schrodinger/schrodinger2017-4-advanced/jaguar results -energy SM18_micro056_conf_3.nrg.out

Executing subprocess:
/data/chodera/schrodinger/schrodinger2017-4-advanced/jaguar results -esolv SM18_micro056_conf_3.sol.out

Executing subprocess:
/data/chodera/schrodinger/schrodinger2017-4-advanced/jaguar results -energy SM18_micro056_conf_4.nrg.out

Executing subprocess:
/data/chodera/schrodinger/schrodinger2017-4-advanced/jaguar results -esolv SM18_micro056_conf_4.sol.out

Executing subprocess:
/data/chodera/schrodinger/schrodinger2017-4-advanced/jaguar results -energy SM18_micro056_conf_5.nrg.out

Executing subprocess:
/data/chodera/schrodinger/schrodinger2017-4-advanced/jaguar results -esolv SM18_micro056_conf_5.sol.out

Executing subprocess:
/data/chodera/schrodinger/schrodinger2017-4-advanced/jaguar-v9.8/bin/Linux-x86_64/pka -o SM18_micro026_deprot-out.mae -j SM18_micro026.jres -n -d

Executing subprocess:
/data/chodera/schrodinger/schrodinger2017-4-advanced/jaguar-v9.8/bin/Linux-x86_64/pka -o SM18_micro026_prot-out.mae -j SM18_micro026.jres -n

pKa calculation for SM18_micro026 completed.

pKa workflow jag_SM18_micro026_SM18_micro056 completed.

Timer (Jaguar pKa) : 24390.22 secs (6 hrs, 46 mins, 30 secs)
Timer (jaguar_backend.py) : 24390.22 secs (6 hrs, 46 mins, 30 secs)
Finished:   Fri May  4 22:03:34 2018
