Command:    jaguar run pka.py -jobname jag_SM08_micro002_SM08_micro010 -PARALLEL 10 -WAIT -n -csrch -prot SM08_micro002.in -deprot SM08_micro010.in
Release:    2017-4
Exec:       /data/chodera/schrodinger/schrodinger2017-4-advanced/jaguar-v9.8/bin/Linux-x86_64
Host:       lt02
JobId:      lt08-2-5af3622d
JobDir:     /lila/data/chodera/schrodinger/tmpdir/rustenburg/jag_SM08_micro002_SM08_micro010.1
Date:       Wed May  9 17:04:09 2018

Contents of /lila/data/chodera/schrodinger/tmpdir/rustenburg/jag_SM08_micro002_SM08_micro010.1:
/lila/data/chodera/schrodinger/tmpdir/rustenburg/jag_SM08_micro002_SM08_micro010.1/SM08_micro010.in
/lila/data/chodera/schrodinger/tmpdir/rustenburg/jag_SM08_micro002_SM08_micro010.1/lt08-2-5af3622d.nodes
/lila/data/chodera/schrodinger/tmpdir/rustenburg/jag_SM08_micro002_SM08_micro010.1/SM08_micro002.in
/lila/data/chodera/schrodinger/tmpdir/rustenburg/jag_SM08_micro002_SM08_micro010.1/SM08_micro010.mae
/lila/data/chodera/schrodinger/tmpdir/rustenburg/jag_SM08_micro002_SM08_micro010.1/lt08-2-5af3622d.jlog
/lila/data/chodera/schrodinger/tmpdir/rustenburg/jag_SM08_micro002_SM08_micro010.1/lt08-2-5af3622d.mpinodes
/lila/data/chodera/schrodinger/tmpdir/rustenburg/jag_SM08_micro002_SM08_micro010.1/SM08_micro002.mae
/lila/data/chodera/schrodinger/tmpdir/rustenburg/jag_SM08_micro002_SM08_micro010.1/lt08-2-5af3622d.recover
/lila/data/chodera/schrodinger/tmpdir/rustenburg/jag_SM08_micro002_SM08_micro010.1/lt08-2-5af3622d.hosts
/lila/data/chodera/schrodinger/tmpdir/rustenburg/jag_SM08_micro002_SM08_micro010.1/jag_SM08_micro002_SM08_micro010.log
/lila/data/chodera/schrodinger/tmpdir/rustenburg/jag_SM08_micro002_SM08_micro010.1/lt08-2-5af3622d
/lila/data/chodera/schrodinger/tmpdir/rustenburg/jag_SM08_micro002_SM08_micro010.1/jag_SM08_micro002_SM08_micro010.recover

=====================
 Jaguar pKa workflow
=====================

Analysing user-provided (prot, deprot) pair:
(SM08_micro002.in, SM08_micro010.in)
Found labile hydrogen 24 in SM08_micro002.in
Found labile hydrogen at atom 12 in SM08_micro010.in
Adding 'ipkat' keyword to input files.

Identifying pKa functional group for pair:
(SM08_micro002, SM08_micro010)

Executing subprocess:
/data/chodera/schrodinger/schrodinger2017-4-advanced/jaguar-v9.8/bin/Linux-x86_64/pka -i -j SM08_micro002.tmp.jres -n

Taking protonated structures from:
SM08_micro002.mae
Taking deprotonated structures from:
SM08_micro010.mae

This molecule from 'SM08_micro002.mae' in water was recognized as:

 # 	           Shell           
---	---------------------------
1: 	Protonation of generic atom


Executing conformational search...

Executing 2 distributed subjobs:
---------------------------------

No more than 8 cpu(s) will be used per subjob.
No more than 10 cpu(s) will be used simultaneously.

Processing the following subjobs:
(1) jaguar run csrch.py SM08_micro002.mae -jobname SM08_micro002 -max_conf 5 -erg_window 50.208 -acc_level 1 -TPP 5
(2) jaguar run csrch.py SM08_micro010.mae -jobname SM08_micro010 -max_conf 5 -erg_window 50.208 -acc_level 1 -TPP 5

Running subjobs on hosts:
  lsf-cpu (Max: 2)
Number of jobs:       2
Max retries per job:  3
Max allowed failures: unlimited
Run with -LOCAL:      False
Verbosity:            normal

Starting JobDJ...

Keep one job on driver host: False
JobDJ columns:
  C: Number of completed subjobs
  A: Number of active subjobs (e.g., submitted, running)
  W: Number of waiting/pending subjobs

C A W | Activity  JobId  JobName  JobHost
- - - | --------- -----------------------
0 1 1 | launched  lt02-4-5af36253 SM08_micro002 lsf-cpu
0 2 0 | launched  lt02-3-5af3625c SM08_micro010 lsf-cpu
1 1 0 | finished  lt02-3-5af3625c SM08_micro010 lsf-cpu
2 0 0 | finished  lt02-4-5af36253 SM08_micro002 lsf-cpu [lt07]

All jobs have completed.

2 of 2 job(s) succeeded; 0 job(s) failed.

Timer (distribute subjobs) : 697.54 secs (0 hrs, 11 mins, 37 secs)

Setting up QM workflow for (protonated, deprotonated) pair:
(1) (SM08_micro002, SM08_micro010)

Executing Jaguar quantum-mechanical subjobs...

Executing 10 distributed subjobs:
----------------------------------

No more than 8 cpu(s) will be used per subjob.
No more than 10 cpu(s) will be used simultaneously.

Processing the following subjobs:
(1) jaguar run pka_prot.bat -jobname SM08_micro002_conf_1 SM08_micro002_conf_1.in
(2) jaguar run pka_prot.bat -jobname SM08_micro002_conf_2 SM08_micro002_conf_2.in
(3) jaguar run pka_prot.bat -jobname SM08_micro002_conf_3 SM08_micro002_conf_3.in
(4) jaguar run pka_prot.bat -jobname SM08_micro002_conf_4 SM08_micro002_conf_4.in
(5) jaguar run pka_prot.bat -jobname SM08_micro002_conf_5 SM08_micro002_conf_5.in
(6) jaguar run pka_deprot.bat -jobname SM08_micro010_conf_1 SM08_micro010_conf_1.in
(7) jaguar run pka_deprot.bat -jobname SM08_micro010_conf_2 SM08_micro010_conf_2.in
(8) jaguar run pka_deprot.bat -jobname SM08_micro010_conf_3 SM08_micro010_conf_3.in
(9) jaguar run pka_deprot.bat -jobname SM08_micro010_conf_4 SM08_micro010_conf_4.in
(10) jaguar run pka_deprot.bat -jobname SM08_micro010_conf_5 SM08_micro010_conf_5.in

Running subjobs on hosts:
  lsf-cpu (Max: 10)
Number of jobs:       10
Max retries per job:  3
Max allowed failures: unlimited
Run with -LOCAL:      False
Verbosity:            normal

Starting JobDJ...

Keep one job on driver host: True
JobDJ columns:
  C: Number of completed subjobs
  A: Number of active subjobs (e.g., submitted, running)
  W: Number of waiting/pending subjobs

 C  A  W | Activity  JobId  JobName  JobHost
-- -- -- | --------- -----------------------
 0  1  9 | launched  lt02-0-5af3650d SM08_micro002_conf_1 localhost [lt02]
 0  2  8 | launched  lt02-0-5af36511 SM08_micro002_conf_2 lsf-cpu
 0  3  7 | launched  lt02-0-5af3652f SM08_micro002_conf_3 lsf-cpu
 0  4  6 | launched  lt02-0-5af365a0 SM08_micro002_conf_4 lsf-cpu
 0  5  5 | launched  lt02-1-5af365eb SM08_micro002_conf_5 lsf-cpu
 0  6  4 | launched  lt02-0-5af36605 SM08_micro010_conf_1 lsf-cpu
 0  7  3 | launched  lt02-0-5af36627 SM08_micro010_conf_2 lsf-cpu
 0  8  2 | launched  lt02-1-5af36657 SM08_micro010_conf_3 lsf-cpu
 0  9  1 | launched  lt02-0-5af36691 SM08_micro010_conf_4 lsf-cpu
 0 10  0 | launched  lt02-0-5af366b4 SM08_micro010_conf_5 lsf-cpu
 1  9  0 | finished  lt02-0-5af3650d SM08_micro002_conf_1 localhost [lt02]
 2  8  0 | finished  lt02-0-5af36605 SM08_micro010_conf_1 lsf-cpu [lt14]
 3  7  0 | finished  lt02-0-5af36627 SM08_micro010_conf_2 lsf-cpu [lt09]
 4  6  0 | finished  lt02-0-5af366b4 SM08_micro010_conf_5 lsf-cpu [lt09]
 5  5  0 | finished  lt02-0-5af36691 SM08_micro010_conf_4 lsf-cpu [lt09]
 6  4  0 | finished  lt02-1-5af36657 SM08_micro010_conf_3 lsf-cpu [lt02]
 7  3  0 | finished  lt02-0-5af36511 SM08_micro002_conf_2 lsf-cpu [lt09]
 8  2  0 | finished  lt02-1-5af365eb SM08_micro002_conf_5 lsf-cpu [ls01]
 9  1  0 | finished  lt02-0-5af365a0 SM08_micro002_conf_4 lsf-cpu [lt02]
10  0  0 | finished  lt02-0-5af3652f SM08_micro002_conf_3 lsf-cpu [lt02]

All jobs have completed.

10 of 10 job(s) succeeded; 0 job(s) failed.

Timer (distribute subjobs) : 5870.68 secs (1 hrs, 37 mins, 50 secs)

Processing QM output files...

Executing subprocess:
/data/chodera/schrodinger/schrodinger2017-4-advanced/jaguar results -energy SM08_micro002_conf_1.nrg_h.out

Executing subprocess:
/data/chodera/schrodinger/schrodinger2017-4-advanced/jaguar results -esolv SM08_micro002_conf_1.sol_h.out

Executing subprocess:
/data/chodera/schrodinger/schrodinger2017-4-advanced/jaguar results -energy SM08_micro002_conf_2.nrg_h.out

Executing subprocess:
/data/chodera/schrodinger/schrodinger2017-4-advanced/jaguar results -esolv SM08_micro002_conf_2.sol_h.out

Executing subprocess:
/data/chodera/schrodinger/schrodinger2017-4-advanced/jaguar results -energy SM08_micro002_conf_3.nrg_h.out

Executing subprocess:
/data/chodera/schrodinger/schrodinger2017-4-advanced/jaguar results -esolv SM08_micro002_conf_3.sol_h.out

Executing subprocess:
/data/chodera/schrodinger/schrodinger2017-4-advanced/jaguar results -energy SM08_micro002_conf_4.nrg_h.out

Executing subprocess:
/data/chodera/schrodinger/schrodinger2017-4-advanced/jaguar results -esolv SM08_micro002_conf_4.sol_h.out

Executing subprocess:
/data/chodera/schrodinger/schrodinger2017-4-advanced/jaguar results -energy SM08_micro002_conf_5.nrg_h.out

Executing subprocess:
/data/chodera/schrodinger/schrodinger2017-4-advanced/jaguar results -esolv SM08_micro002_conf_5.sol_h.out

Executing subprocess:
/data/chodera/schrodinger/schrodinger2017-4-advanced/jaguar results -energy SM08_micro010_conf_1.nrg.out

Executing subprocess:
/data/chodera/schrodinger/schrodinger2017-4-advanced/jaguar results -esolv SM08_micro010_conf_1.sol.out

Executing subprocess:
/data/chodera/schrodinger/schrodinger2017-4-advanced/jaguar results -energy SM08_micro010_conf_2.nrg.out

Executing subprocess:
/data/chodera/schrodinger/schrodinger2017-4-advanced/jaguar results -esolv SM08_micro010_conf_2.sol.out

Executing subprocess:
/data/chodera/schrodinger/schrodinger2017-4-advanced/jaguar results -energy SM08_micro010_conf_3.nrg.out

Executing subprocess:
/data/chodera/schrodinger/schrodinger2017-4-advanced/jaguar results -esolv SM08_micro010_conf_3.sol.out

Executing subprocess:
/data/chodera/schrodinger/schrodinger2017-4-advanced/jaguar results -energy SM08_micro010_conf_4.nrg.out

Executing subprocess:
/data/chodera/schrodinger/schrodinger2017-4-advanced/jaguar results -esolv SM08_micro010_conf_4.sol.out

Executing subprocess:
/data/chodera/schrodinger/schrodinger2017-4-advanced/jaguar results -energy SM08_micro010_conf_5.nrg.out

Executing subprocess:
/data/chodera/schrodinger/schrodinger2017-4-advanced/jaguar results -esolv SM08_micro010_conf_5.sol.out

Executing subprocess:
/data/chodera/schrodinger/schrodinger2017-4-advanced/jaguar-v9.8/bin/Linux-x86_64/pka -o SM08_micro002_deprot-out.mae -j SM08_micro002.jres -n -d

Executing subprocess:
/data/chodera/schrodinger/schrodinger2017-4-advanced/jaguar-v9.8/bin/Linux-x86_64/pka -o SM08_micro002_prot-out.mae -j SM08_micro002.jres -n

pKa calculation for SM08_micro002 completed.

pKa workflow jag_SM08_micro002_SM08_micro010 completed.

Timer (Jaguar pKa) : 6638.43 secs (1 hrs, 50 mins, 38 secs)
Timer (jaguar_backend.py) : 6638.43 secs (1 hrs, 50 mins, 38 secs)
Finished:   Wed May  9 18:54:47 2018
