Taking protonated structures from:
SM24_micro006_conf_1.dft_h.01.mae
SM24_micro006_conf_2.dft_h.01.mae
SM24_micro006_conf_3.dft_h.01.mae
SM24_micro006_conf_4.dft_h.01.mae
SM24_micro006_conf_5.dft_h.01.mae
Taking deprotonated structures from:
SM24_micro027_conf_1.dft.01.mae
SM24_micro027_conf_2.dft.01.mae
SM24_micro027_conf_3.dft.01.mae
SM24_micro027_conf_4.dft.01.mae
SM24_micro027_conf_5.dft.01.mae

Corrected results for 'protonated' structure in water:
pKa atom: 50

 # 	            Shell             	 pKa 	RMSD	 Contribution
---	------------------------------	-----	-----	--------------
1: 	alcohol                       	14.89	0.231	    98.30%
2: 	Protonation of generic atom   	11.92	2.264	     0.58%
3: 	Protonation of sp2-like oxygen	11.08	2.568	     1.12%

 Final weighted pKa value is 14.83



