Taking protonated structures from:
SM18_micro069_conf_1.dft_h.01.mae
SM18_micro069_conf_2.dft_h.01.mae
SM18_micro069_conf_3.dft_h.01.mae
SM18_micro069_conf_4.dft_h.01.mae
SM18_micro069_conf_5.dft_h.01.mae
Taking deprotonated structures from:
SM18_micro071_conf_1.dft.01.mae
SM18_micro071_conf_2.dft.01.mae
SM18_micro071_conf_3.dft.01.mae
SM18_micro071_conf_4.dft.01.mae
SM18_micro071_conf_5.dft.01.mae

Corrected results for 'protonated' structure in water:
pKa atom: 31

 # 	           Shell           	 pKa 	RMSD	 Contribution
---	---------------------------	-----	-----	--------------
1: 	thiazole/benzothiazole     	 6.27	0.647	    94.90%
2: 	heterocycle                	 7.31	0.837	     4.62%
3: 	Protonation of generic atom	 7.09	2.264	     0.48%

 Final weighted pKa value is 6.32



