Command:    jaguar run pka.py -jobname jag_SM11_micro030_SM11_micro007 -PARALLEL 10 -n -csrch -prot SM11_micro030.in -deprot SM11_micro007.in
Release:    2017-4
Exec:       /data/chodera/schrodinger/schrodinger2017-4-advanced/jaguar-v9.8/bin/Linux-x86_64
Host:       lt08
JobId:      lilac-0-5aec9a00
JobDir:     /lila/data/chodera/schrodinger/tmpdir/rustenburg/jag_SM11_micro030_SM11_micro007
Date:       Fri May  4 13:36:07 2018

Contents of /lila/data/chodera/schrodinger/tmpdir/rustenburg/jag_SM11_micro030_SM11_micro007:
/lila/data/chodera/schrodinger/tmpdir/rustenburg/jag_SM11_micro030_SM11_micro007/lilac-0-5aec9a00.jlog
/lila/data/chodera/schrodinger/tmpdir/rustenburg/jag_SM11_micro030_SM11_micro007/lilac-0-5aec9a00
/lila/data/chodera/schrodinger/tmpdir/rustenburg/jag_SM11_micro030_SM11_micro007/jag_SM11_micro030_SM11_micro007.log
/lila/data/chodera/schrodinger/tmpdir/rustenburg/jag_SM11_micro030_SM11_micro007/SM11_micro007.mae
/lila/data/chodera/schrodinger/tmpdir/rustenburg/jag_SM11_micro030_SM11_micro007/SM11_micro030.in
/lila/data/chodera/schrodinger/tmpdir/rustenburg/jag_SM11_micro030_SM11_micro007/lilac-0-5aec9a00.nodes
/lila/data/chodera/schrodinger/tmpdir/rustenburg/jag_SM11_micro030_SM11_micro007/lilac-0-5aec9a00.mpinodes
/lila/data/chodera/schrodinger/tmpdir/rustenburg/jag_SM11_micro030_SM11_micro007/SM11_micro030.mae
/lila/data/chodera/schrodinger/tmpdir/rustenburg/jag_SM11_micro030_SM11_micro007/SM11_micro007.in
/lila/data/chodera/schrodinger/tmpdir/rustenburg/jag_SM11_micro030_SM11_micro007/jag_SM11_micro030_SM11_micro007.recover
/lila/data/chodera/schrodinger/tmpdir/rustenburg/jag_SM11_micro030_SM11_micro007/lilac-0-5aec9a00.recover
/lila/data/chodera/schrodinger/tmpdir/rustenburg/jag_SM11_micro030_SM11_micro007/lilac-0-5aec9a00.hosts

=====================
 Jaguar pKa workflow
=====================

Analysing user-provided (prot, deprot) pair:
(SM11_micro030.in, SM11_micro007.in)
Found labile hydrogen 17 in SM11_micro030.in
Found labile hydrogen at atom 8 in SM11_micro007.in
Adding 'ipkat' keyword to input files.

Identifying pKa functional group for pair:
(SM11_micro030, SM11_micro007)

Executing subprocess:
/data/chodera/schrodinger/schrodinger2017-4-advanced/jaguar-v9.8/bin/Linux-x86_64/pka -i -j SM11_micro030.tmp.jres -n

Taking protonated structures from:
SM11_micro030.mae
Taking deprotonated structures from:
SM11_micro007.mae

This molecule from 'SM11_micro030.mae' in water was recognized as:

 # 	           Shell           
---	---------------------------
1: 	Protonation of generic atom


Executing conformational search...

Executing 2 distributed subjobs:
---------------------------------

No more than 8 cpu(s) will be used per subjob.
No more than 10 cpu(s) will be used simultaneously.

Processing the following subjobs:
(1) jaguar run csrch.py SM11_micro030.mae -jobname SM11_micro030 -max_conf 5 -erg_window 50.208 -acc_level 1 -TPP 5
(2) jaguar run csrch.py SM11_micro007.mae -jobname SM11_micro007 -max_conf 5 -erg_window 50.208 -acc_level 1 -TPP 5

Running subjobs on hosts:
  lsf-cpu (Max: 2)
Number of jobs:       2
Max retries per job:  3
Max allowed failures: unlimited
Run with -LOCAL:      False
Verbosity:            normal

Starting JobDJ...

Keep one job on driver host: False
JobDJ columns:
  C: Number of completed subjobs
  A: Number of active subjobs (e.g., submitted, running)
  W: Number of waiting/pending subjobs

C A W | Activity  JobId  JobName  JobHost
- - - | --------- -----------------------
0 1 1 | launched  lt08-0-5aec9a0c SM11_micro030 lsf-cpu
0 2 0 | launched  lt08-0-5aec9a0f SM11_micro007 lsf-cpu
1 1 0 | finished  lt08-0-5aec9a0c SM11_micro030 lsf-cpu
2 0 0 | finished  lt08-0-5aec9a0f SM11_micro007 lsf-cpu

All jobs have completed.

2 of 2 job(s) succeeded; 0 job(s) failed.

Timer (distribute subjobs) : 316.07 secs (0 hrs, 05 mins, 16 secs)

Setting up QM workflow for (protonated, deprotonated) pair:
(1) (SM11_micro030, SM11_micro007)

Executing Jaguar quantum-mechanical subjobs...

Executing 6 distributed subjobs:
---------------------------------

No more than 8 cpu(s) will be used per subjob.
No more than 10 cpu(s) will be used simultaneously.

Processing the following subjobs:
(1) jaguar run pka_prot.bat -jobname SM11_micro030_conf_1 SM11_micro030_conf_1.in -TPP 2
(2) jaguar run pka_prot.bat -jobname SM11_micro030_conf_2 SM11_micro030_conf_2.in -TPP 2
(3) jaguar run pka_prot.bat -jobname SM11_micro030_conf_3 SM11_micro030_conf_3.in -TPP 2
(4) jaguar run pka_prot.bat -jobname SM11_micro030_conf_4 SM11_micro030_conf_4.in -TPP 2
(5) jaguar run pka_deprot.bat -jobname SM11_micro007_conf_1 SM11_micro007_conf_1.in
(6) jaguar run pka_deprot.bat -jobname SM11_micro007_conf_2 SM11_micro007_conf_2.in

Running subjobs on hosts:
  lsf-cpu (Max: 6)
Number of jobs:       6
Max retries per job:  3
Max allowed failures: unlimited
Run with -LOCAL:      False
Verbosity:            normal

Starting JobDJ...

Keep one job on driver host: False
JobDJ columns:
  C: Number of completed subjobs
  A: Number of active subjobs (e.g., submitted, running)
  W: Number of waiting/pending subjobs

C A W | Activity  JobId  JobName  JobHost
- - - | --------- -----------------------
0 1 5 | launched  lt08-0-5aec9b4c SM11_micro030_conf_1 lsf-cpu
0 2 4 | launched  lt08-0-5aec9b4f SM11_micro030_conf_2 lsf-cpu
0 3 3 | launched  lt08-0-5aec9b52 SM11_micro030_conf_3 lsf-cpu
0 4 2 | launched  lt08-0-5aec9b55 SM11_micro030_conf_4 lsf-cpu
0 5 1 | launched  lt08-0-5aec9b59 SM11_micro007_conf_1 lsf-cpu
0 6 0 | launched  lt08-0-5aec9b5c SM11_micro007_conf_2 lsf-cpu
1 5 0 | finished  lt08-0-5aec9b5c SM11_micro007_conf_2 lsf-cpu
2 4 0 | finished  lt08-0-5aec9b4c SM11_micro030_conf_1 lsf-cpu [ls01]
3 3 0 | finished  lt08-0-5aec9b59 SM11_micro007_conf_1 lsf-cpu [ls18]
4 2 0 | finished  lt08-0-5aec9b52 SM11_micro030_conf_3 lsf-cpu [lt08]
5 1 0 | finished  lt08-0-5aec9b55 SM11_micro030_conf_4 lsf-cpu [lt08]
6 0 0 | finished  lt08-0-5aec9b4f SM11_micro030_conf_2 lsf-cpu [ls04]

All jobs have completed.

6 of 6 job(s) succeeded; 0 job(s) failed.

Timer (distribute subjobs) : 1443.70 secs (0 hrs, 24 mins, 03 secs)

Processing QM output files...

Executing subprocess:
/data/chodera/schrodinger/schrodinger2017-4-advanced/jaguar results -energy SM11_micro030_conf_1.nrg_h.out

Executing subprocess:
/data/chodera/schrodinger/schrodinger2017-4-advanced/jaguar results -esolv SM11_micro030_conf_1.sol_h.out

Executing subprocess:
/data/chodera/schrodinger/schrodinger2017-4-advanced/jaguar results -energy SM11_micro030_conf_2.nrg_h.out

Executing subprocess:
/data/chodera/schrodinger/schrodinger2017-4-advanced/jaguar results -esolv SM11_micro030_conf_2.sol_h.out

Executing subprocess:
/data/chodera/schrodinger/schrodinger2017-4-advanced/jaguar results -energy SM11_micro030_conf_3.nrg_h.out

Executing subprocess:
/data/chodera/schrodinger/schrodinger2017-4-advanced/jaguar results -esolv SM11_micro030_conf_3.sol_h.out

Executing subprocess:
/data/chodera/schrodinger/schrodinger2017-4-advanced/jaguar results -energy SM11_micro030_conf_4.nrg_h.out

Executing subprocess:
/data/chodera/schrodinger/schrodinger2017-4-advanced/jaguar results -esolv SM11_micro030_conf_4.sol_h.out

Executing subprocess:
/data/chodera/schrodinger/schrodinger2017-4-advanced/jaguar results -energy SM11_micro007_conf_1.nrg.out

Executing subprocess:
/data/chodera/schrodinger/schrodinger2017-4-advanced/jaguar results -esolv SM11_micro007_conf_1.sol.out

Executing subprocess:
/data/chodera/schrodinger/schrodinger2017-4-advanced/jaguar results -energy SM11_micro007_conf_2.nrg.out

Executing subprocess:
/data/chodera/schrodinger/schrodinger2017-4-advanced/jaguar results -esolv SM11_micro007_conf_2.sol.out

Executing subprocess:
/data/chodera/schrodinger/schrodinger2017-4-advanced/jaguar-v9.8/bin/Linux-x86_64/pka -o SM11_micro030_deprot-out.mae -j SM11_micro030.jres -n -d

Executing subprocess:
/data/chodera/schrodinger/schrodinger2017-4-advanced/jaguar-v9.8/bin/Linux-x86_64/pka -o SM11_micro030_prot-out.mae -j SM11_micro030.jres -n

pKa calculation for SM11_micro030 completed.

pKa workflow jag_SM11_micro030_SM11_micro007 completed.

Timer (Jaguar pKa) : 1809.49 secs (0 hrs, 30 mins, 09 secs)
Timer (jaguar_backend.py) : 1809.49 secs (0 hrs, 30 mins, 09 secs)
Finished:   Fri May  4 14:06:17 2018
