Command:    jaguar run pka.py -jobname jag_SM07_micro003_SM07_micro012 -PARALLEL 10 -n -csrch -prot SM07_micro003.in -deprot SM07_micro012.in
Release:    2017-4
Exec:       /data/chodera/schrodinger/schrodinger2017-4-advanced/jaguar-v9.8/bin/Linux-x86_64
Host:       ls01
JobId:      lilac-0-5aec7ac2
JobDir:     /lila/data/chodera/schrodinger/tmpdir/rustenburg/jag_SM07_micro003_SM07_micro012
Date:       Fri May  4 11:22:46 2018

Contents of /lila/data/chodera/schrodinger/tmpdir/rustenburg/jag_SM07_micro003_SM07_micro012:
/lila/data/chodera/schrodinger/tmpdir/rustenburg/jag_SM07_micro003_SM07_micro012/SM07_micro012.in
/lila/data/chodera/schrodinger/tmpdir/rustenburg/jag_SM07_micro003_SM07_micro012/lilac-0-5aec7ac2
/lila/data/chodera/schrodinger/tmpdir/rustenburg/jag_SM07_micro003_SM07_micro012/jag_SM07_micro003_SM07_micro012.recover
/lila/data/chodera/schrodinger/tmpdir/rustenburg/jag_SM07_micro003_SM07_micro012/lilac-0-5aec7ac2.nodes
/lila/data/chodera/schrodinger/tmpdir/rustenburg/jag_SM07_micro003_SM07_micro012/jag_SM07_micro003_SM07_micro012.log
/lila/data/chodera/schrodinger/tmpdir/rustenburg/jag_SM07_micro003_SM07_micro012/lilac-0-5aec7ac2.recover
/lila/data/chodera/schrodinger/tmpdir/rustenburg/jag_SM07_micro003_SM07_micro012/lilac-0-5aec7ac2.jlog
/lila/data/chodera/schrodinger/tmpdir/rustenburg/jag_SM07_micro003_SM07_micro012/SM07_micro012.mae
/lila/data/chodera/schrodinger/tmpdir/rustenburg/jag_SM07_micro003_SM07_micro012/lilac-0-5aec7ac2.mpinodes
/lila/data/chodera/schrodinger/tmpdir/rustenburg/jag_SM07_micro003_SM07_micro012/lilac-0-5aec7ac2.hosts
/lila/data/chodera/schrodinger/tmpdir/rustenburg/jag_SM07_micro003_SM07_micro012/SM07_micro003.mae
/lila/data/chodera/schrodinger/tmpdir/rustenburg/jag_SM07_micro003_SM07_micro012/SM07_micro003.in

=====================
 Jaguar pKa workflow
=====================

Analysing user-provided (prot, deprot) pair:
(SM07_micro003.in, SM07_micro012.in)
Found labile hydrogen 19 in SM07_micro003.in
Found labile hydrogen at atom 10 in SM07_micro012.in
Adding 'ipkat' keyword to input files.

Identifying pKa functional group for pair:
(SM07_micro003, SM07_micro012)

Executing subprocess:
/data/chodera/schrodinger/schrodinger2017-4-advanced/jaguar-v9.8/bin/Linux-x86_64/pka -i -j SM07_micro003.tmp.jres -n

Taking protonated structures from:
SM07_micro003.mae
Taking deprotonated structures from:
SM07_micro012.mae

This molecule from 'SM07_micro003.mae' in water was recognized as:

 # 	           Shell           
---	---------------------------
1: 	Protonation of generic atom


Executing conformational search...

Executing 2 distributed subjobs:
---------------------------------

No more than 8 cpu(s) will be used per subjob.
No more than 10 cpu(s) will be used simultaneously.

Processing the following subjobs:
(1) jaguar run csrch.py SM07_micro003.mae -jobname SM07_micro003 -max_conf 5 -erg_window 50.208 -acc_level 1 -TPP 5
(2) jaguar run csrch.py SM07_micro012.mae -jobname SM07_micro012 -max_conf 5 -erg_window 50.208 -acc_level 1 -TPP 5

Running subjobs on hosts:
  lsf-cpu (Max: 2)
Number of jobs:       2
Max retries per job:  3
Max allowed failures: unlimited
Run with -LOCAL:      False
Verbosity:            normal

Starting JobDJ...

Keep one job on driver host: False
JobDJ columns:
  C: Number of completed subjobs
  A: Number of active subjobs (e.g., submitted, running)
  W: Number of waiting/pending subjobs

C A W | Activity  JobId  JobName  JobHost
- - - | --------- -----------------------
0 1 1 | launched  ls01-0-5aec7acb SM07_micro003 lsf-cpu
0 2 0 | launched  ls01-0-5aec7ace SM07_micro012 lsf-cpu
1 1 0 | finished  ls01-0-5aec7acb SM07_micro003 lsf-cpu
2 0 0 | finished  ls01-0-5aec7ace SM07_micro012 lsf-cpu [lt12]

All jobs have completed.

2 of 2 job(s) succeeded; 0 job(s) failed.

Timer (distribute subjobs) : 3081.13 secs (0 hrs, 51 mins, 21 secs)

Setting up QM workflow for (protonated, deprotonated) pair:
(1) (SM07_micro003, SM07_micro012)

Executing Jaguar quantum-mechanical subjobs...

Executing 10 distributed subjobs:
----------------------------------

No more than 8 cpu(s) will be used per subjob.
No more than 10 cpu(s) will be used simultaneously.

Processing the following subjobs:
(1) jaguar run pka_prot.bat -jobname SM07_micro003_conf_1 SM07_micro003_conf_1.in
(2) jaguar run pka_prot.bat -jobname SM07_micro003_conf_2 SM07_micro003_conf_2.in
(3) jaguar run pka_prot.bat -jobname SM07_micro003_conf_3 SM07_micro003_conf_3.in
(4) jaguar run pka_prot.bat -jobname SM07_micro003_conf_4 SM07_micro003_conf_4.in
(5) jaguar run pka_prot.bat -jobname SM07_micro003_conf_5 SM07_micro003_conf_5.in
(6) jaguar run pka_deprot.bat -jobname SM07_micro012_conf_1 SM07_micro012_conf_1.in
(7) jaguar run pka_deprot.bat -jobname SM07_micro012_conf_2 SM07_micro012_conf_2.in
(8) jaguar run pka_deprot.bat -jobname SM07_micro012_conf_3 SM07_micro012_conf_3.in
(9) jaguar run pka_deprot.bat -jobname SM07_micro012_conf_4 SM07_micro012_conf_4.in
(10) jaguar run pka_deprot.bat -jobname SM07_micro012_conf_5 SM07_micro012_conf_5.in

Running subjobs on hosts:
  lsf-cpu (Max: 10)
Number of jobs:       10
Max retries per job:  3
Max allowed failures: unlimited
Run with -LOCAL:      False
Verbosity:            normal

Starting JobDJ...

Keep one job on driver host: True
JobDJ columns:
  C: Number of completed subjobs
  A: Number of active subjobs (e.g., submitted, running)
  W: Number of waiting/pending subjobs

 C  A  W | Activity  JobId  JobName  JobHost
-- -- -- | --------- -----------------------
 0  1  9 | launched  ls01-0-5aec86d4 SM07_micro003_conf_1 localhost [ls01]
 0  2  8 | launched  ls01-0-5aec86d7 SM07_micro003_conf_2 lsf-cpu
 0  3  7 | launched  ls01-0-5aec86db SM07_micro003_conf_3 lsf-cpu
 0  4  6 | launched  ls01-0-5aec86dd SM07_micro003_conf_4 lsf-cpu
 0  5  5 | launched  ls01-0-5aec86e1 SM07_micro003_conf_5 lsf-cpu
 0  6  4 | launched  ls01-0-5aec86e4 SM07_micro012_conf_1 lsf-cpu
 0  7  3 | launched  ls01-0-5aec86e8 SM07_micro012_conf_2 lsf-cpu
 0  8  2 | launched  ls01-0-5aec86eb SM07_micro012_conf_3 lsf-cpu
 0  9  1 | launched  ls01-0-5aec86ef SM07_micro012_conf_4 lsf-cpu
 0 10  0 | launched  ls01-0-5aec86f2 SM07_micro012_conf_5 lsf-cpu
 1  9  0 | finished  ls01-0-5aec86db SM07_micro003_conf_3 lsf-cpu [ls14]
 2  8  0 | finished  ls01-0-5aec86d7 SM07_micro003_conf_2 lsf-cpu [ls14]
 3  7  0 | finished  ls01-0-5aec86d4 SM07_micro003_conf_1 localhost [ls01]
 4  6  0 | finished  ls01-0-5aec86e1 SM07_micro003_conf_5 lsf-cpu [ls14]
 5  5  0 | finished  ls01-0-5aec86f2 SM07_micro012_conf_5 lsf-cpu [ls10]
 6  4  0 | finished  ls01-0-5aec86e4 SM07_micro012_conf_1 lsf-cpu [ls14]
 7  3  0 | finished  ls01-0-5aec86e8 SM07_micro012_conf_2 lsf-cpu [ls10]
 8  2  0 | finished  ls01-0-5aec86ef SM07_micro012_conf_4 lsf-cpu [ls10]
 9  1  0 | finished  ls01-0-5aec86eb SM07_micro012_conf_3 lsf-cpu [ls10]
10  0  0 | finished  ls01-0-5aec86dd SM07_micro003_conf_4 lsf-cpu [ls14]

All jobs have completed.

10 of 10 job(s) succeeded; 0 job(s) failed.

Timer (distribute subjobs) : 4025.59 secs (1 hrs, 07 mins, 05 secs)

Processing QM output files...

Executing subprocess:
/data/chodera/schrodinger/schrodinger2017-4-advanced/jaguar results -energy SM07_micro003_conf_1.nrg_h.out

Executing subprocess:
/data/chodera/schrodinger/schrodinger2017-4-advanced/jaguar results -esolv SM07_micro003_conf_1.sol_h.out

Executing subprocess:
/data/chodera/schrodinger/schrodinger2017-4-advanced/jaguar results -energy SM07_micro003_conf_2.nrg_h.out

Executing subprocess:
/data/chodera/schrodinger/schrodinger2017-4-advanced/jaguar results -esolv SM07_micro003_conf_2.sol_h.out

Executing subprocess:
/data/chodera/schrodinger/schrodinger2017-4-advanced/jaguar results -energy SM07_micro003_conf_3.nrg_h.out

Executing subprocess:
/data/chodera/schrodinger/schrodinger2017-4-advanced/jaguar results -esolv SM07_micro003_conf_3.sol_h.out

Executing subprocess:
/data/chodera/schrodinger/schrodinger2017-4-advanced/jaguar results -energy SM07_micro003_conf_4.nrg_h.out

Executing subprocess:
/data/chodera/schrodinger/schrodinger2017-4-advanced/jaguar results -esolv SM07_micro003_conf_4.sol_h.out

Executing subprocess:
/data/chodera/schrodinger/schrodinger2017-4-advanced/jaguar results -energy SM07_micro003_conf_5.nrg_h.out

Executing subprocess:
/data/chodera/schrodinger/schrodinger2017-4-advanced/jaguar results -esolv SM07_micro003_conf_5.sol_h.out

Executing subprocess:
/data/chodera/schrodinger/schrodinger2017-4-advanced/jaguar results -energy SM07_micro012_conf_1.nrg.out

Executing subprocess:
/data/chodera/schrodinger/schrodinger2017-4-advanced/jaguar results -esolv SM07_micro012_conf_1.sol.out

Executing subprocess:
/data/chodera/schrodinger/schrodinger2017-4-advanced/jaguar results -energy SM07_micro012_conf_2.nrg.out

Executing subprocess:
/data/chodera/schrodinger/schrodinger2017-4-advanced/jaguar results -esolv SM07_micro012_conf_2.sol.out

Executing subprocess:
/data/chodera/schrodinger/schrodinger2017-4-advanced/jaguar results -energy SM07_micro012_conf_3.nrg.out

Executing subprocess:
/data/chodera/schrodinger/schrodinger2017-4-advanced/jaguar results -esolv SM07_micro012_conf_3.sol.out

Executing subprocess:
/data/chodera/schrodinger/schrodinger2017-4-advanced/jaguar results -energy SM07_micro012_conf_4.nrg.out

Executing subprocess:
/data/chodera/schrodinger/schrodinger2017-4-advanced/jaguar results -esolv SM07_micro012_conf_4.sol.out

Executing subprocess:
/data/chodera/schrodinger/schrodinger2017-4-advanced/jaguar results -energy SM07_micro012_conf_5.nrg.out

Executing subprocess:
/data/chodera/schrodinger/schrodinger2017-4-advanced/jaguar results -esolv SM07_micro012_conf_5.sol.out

Executing subprocess:
/data/chodera/schrodinger/schrodinger2017-4-advanced/jaguar-v9.8/bin/Linux-x86_64/pka -o SM07_micro003_deprot-out.mae -j SM07_micro003.jres -n -d

Executing subprocess:
/data/chodera/schrodinger/schrodinger2017-4-advanced/jaguar-v9.8/bin/Linux-x86_64/pka -o SM07_micro003_prot-out.mae -j SM07_micro003.jres -n

pKa calculation for SM07_micro003 completed.

pKa workflow jag_SM07_micro003_SM07_micro012 completed.

Timer (Jaguar pKa) : 7202.11 secs (2 hrs, 00 mins, 02 secs)
Timer (jaguar_backend.py) : 7202.11 secs (2 hrs, 00 mins, 02 secs)
Finished:   Fri May  4 13:22:48 2018
