Taking protonated structures from:
SM09_micro005_conf_1.dft_h.01.mae
SM09_micro005_conf_2.dft_h.01.mae
SM09_micro005_conf_3.dft_h.01.mae
SM09_micro005_conf_4.dft_h.01.mae
SM09_micro005_conf_5.dft_h.01.mae
Taking deprotonated structures from:
SM09_micro003_conf_1.dft.01.mae
SM09_micro003_conf_2.dft.01.mae
SM09_micro003_conf_3.dft.01.mae
SM09_micro003_conf_4.dft.01.mae
SM09_micro003_conf_5.dft.01.mae

Corrected results for 'protonated' structure in water:
pKa atom: 20

 # 	           Shell           	 pKa 	RMSD	 Contribution
---	---------------------------	-----	-----	--------------
1: 	pyrimidine                 	 2.37	0.242	    72.22%
2: 	heterocycle custom 1       	 3.06	0.617	    10.68%
3: 	heterocycle                	 3.31	0.837	     7.69%
4: 	Protonation of generic atom	 3.97	2.264	     9.42%

 Final weighted pKa value is 2.67



