Taking protonated structures from:
SM18_micro042_conf_1.dft_h.01.mae
SM18_micro042_conf_2.dft_h.01.mae
SM18_micro042_conf_3.dft_h.01.mae
SM18_micro042_conf_4.dft_h.01.mae
SM18_micro042_conf_5.dft_h.01.mae
Taking deprotonated structures from:
SM18_micro062_conf_1.dft.01.mae
SM18_micro062_conf_2.dft.01.mae
SM18_micro062_conf_3.dft.01.mae
SM18_micro062_conf_4.dft.01.mae
SM18_micro062_conf_5.dft.01.mae

Corrected results for 'protonated' structure in water:
pKa atom: 39

 # 	                 Shell                  	 pKa 	RMSD	 Contribution
---	----------------------------------------	-----	-----	--------------
1: 	mono keto CH acid                       	16.72	0.641	     2.14%
2: 	Protonation of generic atom             	13.79	2.264	    82.29%
3: 	aliphatic CH acid in water              	12.14	2.584	     7.91%
4: 	Protonation of sp2-like aliphatic carbon	12.31	2.605	     7.66%

 Final weighted pKa value is 13.61



