Taking protonated structures from:
SM18_micro026_conf_1.dft_h.01.mae
SM18_micro026_conf_2.dft_h.01.mae
SM18_micro026_conf_3.dft_h.01.mae
SM18_micro026_conf_4.dft_h.01.mae
SM18_micro026_conf_5.dft_h.01.mae
Taking deprotonated structures from:
SM18_micro004_conf_1.dft.01.mae
SM18_micro004_conf_2.dft.01.mae
SM18_micro004_conf_3.dft.01.mae
SM18_micro004_conf_4.dft.01.mae
SM18_micro004_conf_5.dft.01.mae

Corrected results for 'protonated' structure in water:
pKa atom: 31

 # 	           Shell           	 pKa 	RMSD	 Contribution
---	---------------------------	-----	-----	--------------
1: 	heterocycle custom 1       	 7.70	0.617	    32.84%
2: 	heterocycle                	 7.76	0.837	    62.16%
3: 	Protonation of generic atom	 7.46	2.264	     5.00%

 Final weighted pKa value is 7.72



