Taking protonated structures from:
SM10_micro004_conf_1.dft_h.01.mae
SM10_micro004_conf_2.dft_h.01.mae
SM10_micro004_conf_3.dft_h.01.mae
SM10_micro004_conf_4.dft_h.01.mae
SM10_micro004_conf_5.dft_h.01.mae
Taking deprotonated structures from:
SM10_micro018_conf_1.dft.01.mae
SM10_micro018_conf_2.dft.01.mae
SM10_micro018_conf_3.dft.01.mae
SM10_micro018_conf_4.dft.01.mae
SM10_micro018_conf_5.dft.01.mae

Corrected results for 'protonated' structure in water:
pKa atom: 30

 # 	                  Shell                   	 pKa 	RMSD	 Contribution
---	------------------------------------------	-----	-----	--------------
1: 	amide as acid                             	13.97	0.903	    10.31%
2: 	Protonation of sp2-like aliphatic nitrogen	12.83	1.751	    63.86%
3: 	Protonation of generic atom               	12.55	2.264	    25.83%

 Final weighted pKa value is 12.88



