Taking protonated structures from:
SM10_micro015_conf_1.dft_h.01.mae
SM10_micro015_conf_2.dft_h.01.mae
SM10_micro015_conf_3.dft_h.01.mae
SM10_micro015_conf_4.dft_h.01.mae
SM10_micro015_conf_5.dft_h.01.mae
Taking deprotonated structures from:
SM10_micro014_conf_1.dft.01.mae
SM10_micro014_conf_2.dft.01.mae
SM10_micro014_conf_3.dft.01.mae
SM10_micro014_conf_4.dft.01.mae
SM10_micro014_conf_5.dft.01.mae

Corrected results for 'protonated' structure in water:
pKa atom: 30

 # 	                  Shell                   	 pKa 	RMSD	 Contribution
---	------------------------------------------	-----	-----	--------------
1: 	amide as acid                             	18.87	0.903	    94.74%
2: 	Protonation of sp2-like aliphatic nitrogen	17.21	1.751	     2.78%
3: 	Protonation of generic atom               	16.51	2.264	     2.48%

 Final weighted pKa value is 18.76



