Command:    jaguar run pka.py -jobname jag_SM23_micro044_SM23_micro039 -PARALLEL 10 -WAIT -n -csrch -prot SM23_micro044.in -deprot SM23_micro039.in
Release:    2017-4
Exec:       /data/chodera/schrodinger/schrodinger2017-4-advanced/jaguar-v9.8/bin/Linux-x86_64
Host:       ls14
JobId:      ls14-0-5b03ad4f
JobDir:     /lila/data/chodera/schrodinger/tmpdir/rustenburg/jag_SM23_micro044_SM23_micro039.1
Date:       Tue May 22 01:40:33 2018

Contents of /lila/data/chodera/schrodinger/tmpdir/rustenburg/jag_SM23_micro044_SM23_micro039.1:
/lila/data/chodera/schrodinger/tmpdir/rustenburg/jag_SM23_micro044_SM23_micro039.1/ls14-0-5b03ad4f.recover
/lila/data/chodera/schrodinger/tmpdir/rustenburg/jag_SM23_micro044_SM23_micro039.1/SM23_micro044.mae
/lila/data/chodera/schrodinger/tmpdir/rustenburg/jag_SM23_micro044_SM23_micro039.1/jag_SM23_micro044_SM23_micro039.log
/lila/data/chodera/schrodinger/tmpdir/rustenburg/jag_SM23_micro044_SM23_micro039.1/SM23_micro044.in
/lila/data/chodera/schrodinger/tmpdir/rustenburg/jag_SM23_micro044_SM23_micro039.1/ls14-0-5b03ad4f.mpinodes
/lila/data/chodera/schrodinger/tmpdir/rustenburg/jag_SM23_micro044_SM23_micro039.1/ls14-0-5b03ad4f
/lila/data/chodera/schrodinger/tmpdir/rustenburg/jag_SM23_micro044_SM23_micro039.1/SM23_micro039.in
/lila/data/chodera/schrodinger/tmpdir/rustenburg/jag_SM23_micro044_SM23_micro039.1/SM23_micro039.mae
/lila/data/chodera/schrodinger/tmpdir/rustenburg/jag_SM23_micro044_SM23_micro039.1/jag_SM23_micro044_SM23_micro039.recover

=====================
 Jaguar pKa workflow
=====================

Analysing user-provided (prot, deprot) pair:
(SM23_micro044.in, SM23_micro039.in)
Found labile hydrogen 35 in SM23_micro044.in
Found labile hydrogen at atom 19 in SM23_micro039.in
Adding 'ipkat' keyword to input files.

Identifying pKa functional group for pair:
(SM23_micro044, SM23_micro039)

Executing subprocess:
/data/chodera/schrodinger/schrodinger2017-4-advanced/jaguar-v9.8/bin/Linux-x86_64/pka -i -j SM23_micro044.tmp.jres -n

Taking protonated structures from:
SM23_micro044.mae
Taking deprotonated structures from:
SM23_micro039.mae

This molecule from 'SM23_micro044.mae' in water was recognized as:

 # 	           Shell           
---	---------------------------
1: 	Protonation of generic atom


Executing conformational search...

Executing 2 distributed subjobs:
---------------------------------

No more than 8 cpu(s) will be used per subjob.
No more than 10 cpu(s) will be used simultaneously.

Processing the following subjobs:
(1) jaguar run csrch.py SM23_micro044.mae -jobname SM23_micro044 -max_conf 5 -erg_window 50.208 -acc_level 1 -TPP 5
(2) jaguar run csrch.py SM23_micro039.mae -jobname SM23_micro039 -max_conf 5 -erg_window 50.208 -acc_level 1 -TPP 5

Running subjobs on hosts:
  localhost (Max: 2)
Number of jobs:       2
Max retries per job:  3
Max allowed failures: unlimited
Run with -LOCAL:      False
Verbosity:            normal

Starting JobDJ...

Keep one job on driver host: False
JobDJ columns:
  C: Number of completed subjobs
  A: Number of active subjobs (e.g., submitted, running)
  W: Number of waiting/pending subjobs

C A W | Activity  JobId  JobName  JobHost
- - - | --------- -----------------------
0 1 1 | launched  ls14-0-5b03ad57 SM23_micro044 localhost [ls14]
0 2 0 | launched  ls14-0-5b03ad59 SM23_micro039 localhost [ls14]
1 1 0 | finished  ls14-0-5b03ad57 SM23_micro044 localhost [ls14]
2 0 0 | finished  ls14-0-5b03ad59 SM23_micro039 localhost [ls14]

All jobs have completed.

2 of 2 job(s) succeeded; 0 job(s) failed.

Timer (distribute subjobs) : 4213.26 secs (1 hrs, 10 mins, 13 secs)

Setting up QM workflow for (protonated, deprotonated) pair:
(1) (SM23_micro044, SM23_micro039)

Executing Jaguar quantum-mechanical subjobs...

Executing 10 distributed subjobs:
----------------------------------

No more than 8 cpu(s) will be used per subjob.
No more than 10 cpu(s) will be used simultaneously.

Processing the following subjobs:
(1) jaguar run pka_prot.bat -jobname SM23_micro044_conf_1 SM23_micro044_conf_1.in
(2) jaguar run pka_prot.bat -jobname SM23_micro044_conf_2 SM23_micro044_conf_2.in
(3) jaguar run pka_prot.bat -jobname SM23_micro044_conf_3 SM23_micro044_conf_3.in
(4) jaguar run pka_prot.bat -jobname SM23_micro044_conf_4 SM23_micro044_conf_4.in
(5) jaguar run pka_prot.bat -jobname SM23_micro044_conf_5 SM23_micro044_conf_5.in
(6) jaguar run pka_deprot.bat -jobname SM23_micro039_conf_1 SM23_micro039_conf_1.in
(7) jaguar run pka_deprot.bat -jobname SM23_micro039_conf_2 SM23_micro039_conf_2.in
(8) jaguar run pka_deprot.bat -jobname SM23_micro039_conf_3 SM23_micro039_conf_3.in
(9) jaguar run pka_deprot.bat -jobname SM23_micro039_conf_4 SM23_micro039_conf_4.in
(10) jaguar run pka_deprot.bat -jobname SM23_micro039_conf_5 SM23_micro039_conf_5.in

Running subjobs on hosts:
  localhost (Max: 10)
Number of jobs:       10
Max retries per job:  3
Max allowed failures: unlimited
Run with -LOCAL:      False
Verbosity:            normal

Starting JobDJ...

Keep one job on driver host: False
JobDJ columns:
  C: Number of completed subjobs
  A: Number of active subjobs (e.g., submitted, running)
  W: Number of waiting/pending subjobs

 C  A  W | Activity  JobId  JobName  JobHost
-- -- -- | --------- -----------------------
 0  1  9 | launched  ls14-0-5b03bdd1 SM23_micro044_conf_1 localhost [ls14]
 0  2  8 | launched  ls14-0-5b03bdd3 SM23_micro044_conf_2 localhost [ls14]
 0  3  7 | launched  ls14-0-5b03bdd6 SM23_micro044_conf_3 localhost [ls14]
 0  4  6 | launched  ls14-0-5b03bdd9 SM23_micro044_conf_4 localhost [ls14]
 0  5  5 | launched  ls14-0-5b03bddc SM23_micro044_conf_5 localhost [ls14]
 0  6  4 | launched  ls14-1-5b03bddf SM23_micro039_conf_1 localhost [ls14]
 0  7  3 | launched  ls14-0-5b03bde4 SM23_micro039_conf_2 localhost [ls14]
 0  8  2 | launched  ls14-0-5b03bde9 SM23_micro039_conf_3 localhost [ls14]
 0  9  1 | launched  ls14-0-5b03bdef SM23_micro039_conf_4 localhost [ls14]
 0 10  0 | launched  ls14-0-5b03bdf6 SM23_micro039_conf_5 localhost [ls14]
 1  9  0 | finished  ls14-0-5b03bdef SM23_micro039_conf_4 localhost [ls14]
 2  8  0 | finished  ls14-0-5b03bde9 SM23_micro039_conf_3 localhost [ls14]
 3  7  0 | finished  ls14-0-5b03bdf6 SM23_micro039_conf_5 localhost [ls14]
 4  6  0 | finished  ls14-0-5b03bde4 SM23_micro039_conf_2 localhost [ls14]
 5  5  0 | finished  ls14-0-5b03bdd3 SM23_micro044_conf_2 localhost [ls14]
 6  4  0 | finished  ls14-1-5b03bddf SM23_micro039_conf_1 localhost [ls14]
 7  3  0 | finished  ls14-0-5b03bdd6 SM23_micro044_conf_3 localhost [ls14]
 8  2  0 | finished  ls14-0-5b03bddc SM23_micro044_conf_5 localhost [ls14]
 9  1  0 | finished  ls14-0-5b03bdd1 SM23_micro044_conf_1 localhost [ls14]
10  0  0 | finished  ls14-0-5b03bdd9 SM23_micro044_conf_4 localhost [ls14]

All jobs have completed.

10 of 10 job(s) succeeded; 0 job(s) failed.

Timer (distribute subjobs) : 26425.11 secs (7 hrs, 20 mins, 25 secs)

Processing QM output files...

Executing subprocess:
/data/chodera/schrodinger/schrodinger2017-4-advanced/jaguar results -energy SM23_micro044_conf_1.nrg_h.out

Executing subprocess:
/data/chodera/schrodinger/schrodinger2017-4-advanced/jaguar results -esolv SM23_micro044_conf_1.sol_h.out

Executing subprocess:
/data/chodera/schrodinger/schrodinger2017-4-advanced/jaguar results -energy SM23_micro044_conf_2.nrg_h.out

Executing subprocess:
/data/chodera/schrodinger/schrodinger2017-4-advanced/jaguar results -esolv SM23_micro044_conf_2.sol_h.out

Executing subprocess:
/data/chodera/schrodinger/schrodinger2017-4-advanced/jaguar results -energy SM23_micro044_conf_3.nrg_h.out

Executing subprocess:
/data/chodera/schrodinger/schrodinger2017-4-advanced/jaguar results -esolv SM23_micro044_conf_3.sol_h.out

Executing subprocess:
/data/chodera/schrodinger/schrodinger2017-4-advanced/jaguar results -energy SM23_micro044_conf_4.nrg_h.out

Executing subprocess:
/data/chodera/schrodinger/schrodinger2017-4-advanced/jaguar results -esolv SM23_micro044_conf_4.sol_h.out

Executing subprocess:
/data/chodera/schrodinger/schrodinger2017-4-advanced/jaguar results -energy SM23_micro044_conf_5.nrg_h.out

Executing subprocess:
/data/chodera/schrodinger/schrodinger2017-4-advanced/jaguar results -esolv SM23_micro044_conf_5.sol_h.out

Executing subprocess:
/data/chodera/schrodinger/schrodinger2017-4-advanced/jaguar results -energy SM23_micro039_conf_1.nrg.out

Executing subprocess:
/data/chodera/schrodinger/schrodinger2017-4-advanced/jaguar results -esolv SM23_micro039_conf_1.sol.out

Executing subprocess:
/data/chodera/schrodinger/schrodinger2017-4-advanced/jaguar results -energy SM23_micro039_conf_2.nrg.out

Executing subprocess:
/data/chodera/schrodinger/schrodinger2017-4-advanced/jaguar results -esolv SM23_micro039_conf_2.sol.out

Executing subprocess:
/data/chodera/schrodinger/schrodinger2017-4-advanced/jaguar results -energy SM23_micro039_conf_3.nrg.out

Executing subprocess:
/data/chodera/schrodinger/schrodinger2017-4-advanced/jaguar results -esolv SM23_micro039_conf_3.sol.out

Executing subprocess:
/data/chodera/schrodinger/schrodinger2017-4-advanced/jaguar results -energy SM23_micro039_conf_4.nrg.out

Executing subprocess:
/data/chodera/schrodinger/schrodinger2017-4-advanced/jaguar results -esolv SM23_micro039_conf_4.sol.out

Executing subprocess:
/data/chodera/schrodinger/schrodinger2017-4-advanced/jaguar results -energy SM23_micro039_conf_5.nrg.out

Executing subprocess:
/data/chodera/schrodinger/schrodinger2017-4-advanced/jaguar results -esolv SM23_micro039_conf_5.sol.out

Executing subprocess:
/data/chodera/schrodinger/schrodinger2017-4-advanced/jaguar-v9.8/bin/Linux-x86_64/pka -o SM23_micro044_deprot-out.mae -j SM23_micro044.jres -n -d

Executing subprocess:
/data/chodera/schrodinger/schrodinger2017-4-advanced/jaguar-v9.8/bin/Linux-x86_64/pka -o SM23_micro044_prot-out.mae -j SM23_micro044.jres -n

pKa calculation for SM23_micro044 completed.

pKa workflow jag_SM23_micro044_SM23_micro039 completed.

Timer (Jaguar pKa) : 30692.50 secs (8 hrs, 31 mins, 32 secs)
Timer (jaguar_backend.py) : 30692.50 secs (8 hrs, 31 mins, 32 secs)
Finished:   Tue May 22 10:12:06 2018
