Taking protonated structures from:
SM21_micro024_conf_1.dft_h.01.mae
SM21_micro024_conf_2.dft_h.01.mae
SM21_micro024_conf_3.dft_h.01.mae
SM21_micro024_conf_4.dft_h.01.mae
SM21_micro024_conf_5.dft_h.01.mae
Taking deprotonated structures from:
SM21_micro003_conf_1.dft.01.mae
SM21_micro003_conf_2.dft.01.mae
SM21_micro003_conf_3.dft.01.mae
SM21_micro003_conf_4.dft.01.mae
SM21_micro003_conf_5.dft.01.mae

Corrected results for 'protonated' structure in water:
pKa atom: 31

 # 	                  Shell                   	 pKa 	RMSD	 Contribution
---	------------------------------------------	-----	-----	--------------
1: 	RN=Het                                    	10.13	0.551	     0.00%
2: 	Protonation of sp2-like aliphatic nitrogen	 7.70	1.751	    73.29%
3: 	Protonation of generic atom               	 7.91	2.264	    26.70%

 Final weighted pKa value is 7.75



