Command:    jaguar run pka.py -jobname jag_SM18_micro026_SM18_micro004 -PARALLEL 10 -n -csrch -prot SM18_micro026.in -deprot SM18_micro004.in
Release:    2017-4
Exec:       /data/chodera/schrodinger/schrodinger2017-4-advanced/jaguar-v9.8/bin/Linux-x86_64
Host:       lt05
JobId:      lilac-0-5aecadb6
JobDir:     /lila/data/chodera/schrodinger/tmpdir/rustenburg/jag_SM18_micro026_SM18_micro004
Date:       Fri May  4 15:00:24 2018

Contents of /lila/data/chodera/schrodinger/tmpdir/rustenburg/jag_SM18_micro026_SM18_micro004:
/lila/data/chodera/schrodinger/tmpdir/rustenburg/jag_SM18_micro026_SM18_micro004/lilac-0-5aecadb6.jlog
/lila/data/chodera/schrodinger/tmpdir/rustenburg/jag_SM18_micro026_SM18_micro004/lilac-0-5aecadb6.mpinodes
/lila/data/chodera/schrodinger/tmpdir/rustenburg/jag_SM18_micro026_SM18_micro004/SM18_micro004.in
/lila/data/chodera/schrodinger/tmpdir/rustenburg/jag_SM18_micro026_SM18_micro004/SM18_micro026.in
/lila/data/chodera/schrodinger/tmpdir/rustenburg/jag_SM18_micro026_SM18_micro004/SM18_micro004.mae
/lila/data/chodera/schrodinger/tmpdir/rustenburg/jag_SM18_micro026_SM18_micro004/SM18_micro026.mae
/lila/data/chodera/schrodinger/tmpdir/rustenburg/jag_SM18_micro026_SM18_micro004/lilac-0-5aecadb6
/lila/data/chodera/schrodinger/tmpdir/rustenburg/jag_SM18_micro026_SM18_micro004/jag_SM18_micro026_SM18_micro004.recover
/lila/data/chodera/schrodinger/tmpdir/rustenburg/jag_SM18_micro026_SM18_micro004/lilac-0-5aecadb6.recover
/lila/data/chodera/schrodinger/tmpdir/rustenburg/jag_SM18_micro026_SM18_micro004/lilac-0-5aecadb6.nodes
/lila/data/chodera/schrodinger/tmpdir/rustenburg/jag_SM18_micro026_SM18_micro004/lilac-0-5aecadb6.hosts
/lila/data/chodera/schrodinger/tmpdir/rustenburg/jag_SM18_micro026_SM18_micro004/jag_SM18_micro026_SM18_micro004.log

=====================
 Jaguar pKa workflow
=====================

Analysing user-provided (prot, deprot) pair:
(SM18_micro026.in, SM18_micro004.in)
Found labile hydrogen 31 in SM18_micro026.in
Found labile hydrogen at atom 9 in SM18_micro004.in
Adding 'ipkat' keyword to input files.

Identifying pKa functional group for pair:
(SM18_micro026, SM18_micro004)

Executing subprocess:
/data/chodera/schrodinger/schrodinger2017-4-advanced/jaguar-v9.8/bin/Linux-x86_64/pka -i -j SM18_micro026.tmp.jres -n

Taking protonated structures from:
SM18_micro026.mae
Taking deprotonated structures from:
SM18_micro004.mae

This molecule from 'SM18_micro026.mae' in water was recognized as:

 # 	           Shell           
---	---------------------------
1: 	heterocycle custom 1       
2: 	heterocycle                
3: 	Protonation of generic atom


Executing conformational search...

Executing 2 distributed subjobs:
---------------------------------

No more than 8 cpu(s) will be used per subjob.
No more than 10 cpu(s) will be used simultaneously.

Processing the following subjobs:
(1) jaguar run csrch.py SM18_micro026.mae -jobname SM18_micro026 -max_conf 5 -erg_window 50.208 -acc_level 1 -TPP 5
(2) jaguar run csrch.py SM18_micro004.mae -jobname SM18_micro004 -max_conf 5 -erg_window 50.208 -acc_level 1 -TPP 5

Running subjobs on hosts:
  lsf-cpu (Max: 2)
Number of jobs:       2
Max retries per job:  3
Max allowed failures: unlimited
Run with -LOCAL:      False
Verbosity:            normal

Starting JobDJ...

Keep one job on driver host: False
JobDJ columns:
  C: Number of completed subjobs
  A: Number of active subjobs (e.g., submitted, running)
  W: Number of waiting/pending subjobs

C A W | Activity  JobId  JobName  JobHost
- - - | --------- -----------------------
0 1 1 | launched  lt05-0-5aecadcf SM18_micro026 lsf-cpu
0 2 0 | launched  lt05-0-5aecadd3 SM18_micro004 lsf-cpu
1 1 0 | finished  lt05-0-5aecadd3 SM18_micro004 lsf-cpu [ls12]
2 0 0 | finished  lt05-0-5aecadcf SM18_micro026 lsf-cpu [ls12]

All jobs have completed.

2 of 2 job(s) succeeded; 0 job(s) failed.

Timer (distribute subjobs) : 2770.14 secs (0 hrs, 46 mins, 10 secs)

Setting up QM workflow for (protonated, deprotonated) pair:
(1) (SM18_micro026, SM18_micro004)

Executing Jaguar quantum-mechanical subjobs...

Executing 10 distributed subjobs:
----------------------------------

No more than 8 cpu(s) will be used per subjob.
No more than 10 cpu(s) will be used simultaneously.

Processing the following subjobs:
(1) jaguar run pka_prot.bat -jobname SM18_micro026_conf_1 SM18_micro026_conf_1.in
(2) jaguar run pka_prot.bat -jobname SM18_micro026_conf_2 SM18_micro026_conf_2.in
(3) jaguar run pka_prot.bat -jobname SM18_micro026_conf_3 SM18_micro026_conf_3.in
(4) jaguar run pka_prot.bat -jobname SM18_micro026_conf_4 SM18_micro026_conf_4.in
(5) jaguar run pka_prot.bat -jobname SM18_micro026_conf_5 SM18_micro026_conf_5.in
(6) jaguar run pka_deprot.bat -jobname SM18_micro004_conf_1 SM18_micro004_conf_1.in
(7) jaguar run pka_deprot.bat -jobname SM18_micro004_conf_2 SM18_micro004_conf_2.in
(8) jaguar run pka_deprot.bat -jobname SM18_micro004_conf_3 SM18_micro004_conf_3.in
(9) jaguar run pka_deprot.bat -jobname SM18_micro004_conf_4 SM18_micro004_conf_4.in
(10) jaguar run pka_deprot.bat -jobname SM18_micro004_conf_5 SM18_micro004_conf_5.in

Running subjobs on hosts:
  lsf-cpu (Max: 10)
Number of jobs:       10
Max retries per job:  3
Max allowed failures: unlimited
Run with -LOCAL:      False
Verbosity:            normal

Starting JobDJ...

Keep one job on driver host: True
JobDJ columns:
  C: Number of completed subjobs
  A: Number of active subjobs (e.g., submitted, running)
  W: Number of waiting/pending subjobs

 C  A  W | Activity  JobId  JobName  JobHost
-- -- -- | --------- -----------------------
 0  1  9 | launched  lt05-0-5aecb8a1 SM18_micro026_conf_1 localhost [lt05]
 0  2  8 | launched  lt05-0-5aecb8a5 SM18_micro026_conf_2 lsf-cpu
 0  3  7 | launched  lt05-0-5aecb8a8 SM18_micro026_conf_3 lsf-cpu
 0  4  6 | launched  lt05-0-5aecb8ab SM18_micro026_conf_4 lsf-cpu
 0  5  5 | launched  lt05-0-5aecb8ae SM18_micro026_conf_5 lsf-cpu
 0  6  4 | launched  lt05-0-5aecb8b1 SM18_micro004_conf_1 lsf-cpu
 0  7  3 | launched  lt05-0-5aecb8b5 SM18_micro004_conf_2 lsf-cpu
 0  8  2 | launched  lt05-0-5aecb8b8 SM18_micro004_conf_3 lsf-cpu
 0  9  1 | launched  lt05-0-5aecb8bb SM18_micro004_conf_4 lsf-cpu
 0 10  0 | launched  lt05-0-5aecb8bf SM18_micro004_conf_5 lsf-cpu
 1  9  0 | finished  lt05-0-5aecb8a1 SM18_micro026_conf_1 localhost [lt05]
 1  9  0 | launched  lt05-0-5aecc5fa SM18_micro004_conf_5 localhost [lt05]
 2  8  0 | finished  lt05-0-5aecb8ab SM18_micro026_conf_4 lsf-cpu [ls17]
 3  7  0 | finished  lt05-0-5aecb8bb SM18_micro004_conf_4 lsf-cpu [ls01]
 4  6  0 | finished  lt05-0-5aecb8a5 SM18_micro026_conf_2 lsf-cpu [ls17]
 5  5  0 | finished  lt05-0-5aecb8ae SM18_micro026_conf_5 lsf-cpu [ls17]
 6  4  0 | finished  lt05-0-5aecb8a8 SM18_micro026_conf_3 lsf-cpu [ls17]
 7  3  0 | finished  lt05-0-5aecc5fa SM18_micro004_conf_5 localhost [lt05]
 8  2  0 | finished  lt05-0-5aecb8b1 SM18_micro004_conf_1 lsf-cpu [lt14]
 9  1  0 | finished  lt05-0-5aecb8b8 SM18_micro004_conf_3 lsf-cpu [lt09]
10  0  0 | finished  lt05-0-5aecb8b5 SM18_micro004_conf_2 lsf-cpu [lt09]

All jobs have completed.

10 of 10 job(s) succeeded; 0 job(s) failed.

Timer (distribute subjobs) : 15204.70 secs (4 hrs, 13 mins, 24 secs)

Processing QM output files...

Executing subprocess:
/data/chodera/schrodinger/schrodinger2017-4-advanced/jaguar results -energy SM18_micro026_conf_1.nrg_h.out

Executing subprocess:
/data/chodera/schrodinger/schrodinger2017-4-advanced/jaguar results -esolv SM18_micro026_conf_1.sol_h.out

Executing subprocess:
/data/chodera/schrodinger/schrodinger2017-4-advanced/jaguar results -energy SM18_micro026_conf_2.nrg_h.out

Executing subprocess:
/data/chodera/schrodinger/schrodinger2017-4-advanced/jaguar results -esolv SM18_micro026_conf_2.sol_h.out

Executing subprocess:
/data/chodera/schrodinger/schrodinger2017-4-advanced/jaguar results -energy SM18_micro026_conf_3.nrg_h.out

Executing subprocess:
/data/chodera/schrodinger/schrodinger2017-4-advanced/jaguar results -esolv SM18_micro026_conf_3.sol_h.out

Executing subprocess:
/data/chodera/schrodinger/schrodinger2017-4-advanced/jaguar results -energy SM18_micro026_conf_4.nrg_h.out

Executing subprocess:
/data/chodera/schrodinger/schrodinger2017-4-advanced/jaguar results -esolv SM18_micro026_conf_4.sol_h.out

Executing subprocess:
/data/chodera/schrodinger/schrodinger2017-4-advanced/jaguar results -energy SM18_micro026_conf_5.nrg_h.out

Executing subprocess:
/data/chodera/schrodinger/schrodinger2017-4-advanced/jaguar results -esolv SM18_micro026_conf_5.sol_h.out

Executing subprocess:
/data/chodera/schrodinger/schrodinger2017-4-advanced/jaguar results -energy SM18_micro004_conf_1.nrg.out

Executing subprocess:
/data/chodera/schrodinger/schrodinger2017-4-advanced/jaguar results -esolv SM18_micro004_conf_1.sol.out

Executing subprocess:
/data/chodera/schrodinger/schrodinger2017-4-advanced/jaguar results -energy SM18_micro004_conf_2.nrg.out

Executing subprocess:
/data/chodera/schrodinger/schrodinger2017-4-advanced/jaguar results -esolv SM18_micro004_conf_2.sol.out

Executing subprocess:
/data/chodera/schrodinger/schrodinger2017-4-advanced/jaguar results -energy SM18_micro004_conf_3.nrg.out

Executing subprocess:
/data/chodera/schrodinger/schrodinger2017-4-advanced/jaguar results -esolv SM18_micro004_conf_3.sol.out

Executing subprocess:
/data/chodera/schrodinger/schrodinger2017-4-advanced/jaguar results -energy SM18_micro004_conf_4.nrg.out

Executing subprocess:
/data/chodera/schrodinger/schrodinger2017-4-advanced/jaguar results -esolv SM18_micro004_conf_4.sol.out

Executing subprocess:
/data/chodera/schrodinger/schrodinger2017-4-advanced/jaguar results -energy SM18_micro004_conf_5.nrg.out

Executing subprocess:
/data/chodera/schrodinger/schrodinger2017-4-advanced/jaguar results -esolv SM18_micro004_conf_5.sol.out

Executing subprocess:
/data/chodera/schrodinger/schrodinger2017-4-advanced/jaguar-v9.8/bin/Linux-x86_64/pka -o SM18_micro026_deprot-out.mae -j SM18_micro026.jres -n -d

Executing subprocess:
/data/chodera/schrodinger/schrodinger2017-4-advanced/jaguar-v9.8/bin/Linux-x86_64/pka -o SM18_micro026_prot-out.mae -j SM18_micro026.jres -n

pKa calculation for SM18_micro026 completed.

pKa workflow jag_SM18_micro026_SM18_micro004 completed.

Timer (Jaguar pKa) : 18068.41 secs (5 hrs, 01 mins, 08 secs)
Timer (jaguar_backend.py) : 18068.41 secs (5 hrs, 01 mins, 08 secs)
Finished:   Fri May  4 20:01:32 2018
