Command:    jaguar run pka.py -jobname jag_SM21_micro036_SM21_micro034 -PARALLEL 10 -WAIT -n -csrch -prot SM21_micro036.in -deprot SM21_micro034.in
Release:    2017-4
Exec:       /data/chodera/schrodinger/schrodinger2017-4-advanced/jaguar-v9.8/bin/Linux-x86_64
Host:       ls09
JobId:      ls09-0-5b033490
JobDir:     /lila/data/chodera/schrodinger/tmpdir/rustenburg/jag_SM21_micro036_SM21_micro034
Date:       Mon May 21 17:05:22 2018

Contents of /lila/data/chodera/schrodinger/tmpdir/rustenburg/jag_SM21_micro036_SM21_micro034:
/lila/data/chodera/schrodinger/tmpdir/rustenburg/jag_SM21_micro036_SM21_micro034/jag_SM21_micro036_SM21_micro034.log
/lila/data/chodera/schrodinger/tmpdir/rustenburg/jag_SM21_micro036_SM21_micro034/ls09-0-5b033490.mpinodes
/lila/data/chodera/schrodinger/tmpdir/rustenburg/jag_SM21_micro036_SM21_micro034/SM21_micro034.mae
/lila/data/chodera/schrodinger/tmpdir/rustenburg/jag_SM21_micro036_SM21_micro034/ls09-0-5b033490
/lila/data/chodera/schrodinger/tmpdir/rustenburg/jag_SM21_micro036_SM21_micro034/SM21_micro036.mae
/lila/data/chodera/schrodinger/tmpdir/rustenburg/jag_SM21_micro036_SM21_micro034/jag_SM21_micro036_SM21_micro034.recover
/lila/data/chodera/schrodinger/tmpdir/rustenburg/jag_SM21_micro036_SM21_micro034/ls09-0-5b033490.recover
/lila/data/chodera/schrodinger/tmpdir/rustenburg/jag_SM21_micro036_SM21_micro034/SM21_micro034.in
/lila/data/chodera/schrodinger/tmpdir/rustenburg/jag_SM21_micro036_SM21_micro034/SM21_micro036.in

=====================
 Jaguar pKa workflow
=====================

Analysing user-provided (prot, deprot) pair:
(SM21_micro036.in, SM21_micro034.in)
Found labile hydrogen 24 in SM21_micro036.in
Found labile hydrogen at atom 8 in SM21_micro034.in
Adding 'ipkat' keyword to input files.

Identifying pKa functional group for pair:
(SM21_micro036, SM21_micro034)

Executing subprocess:
/data/chodera/schrodinger/schrodinger2017-4-advanced/jaguar-v9.8/bin/Linux-x86_64/pka -i -j SM21_micro036.tmp.jres -n

Taking protonated structures from:
SM21_micro036.mae
Taking deprotonated structures from:
SM21_micro034.mae

This molecule from 'SM21_micro036.mae' in water was recognized as:

 # 	                  Shell                   
---	------------------------------------------
1: 	secondary aniline                         
2: 	Protonation of sp3-like aliphatic nitrogen
3: 	Protonation of generic atom               


Executing conformational search...

Executing 2 distributed subjobs:
---------------------------------

No more than 8 cpu(s) will be used per subjob.
No more than 10 cpu(s) will be used simultaneously.

Processing the following subjobs:
(1) jaguar run csrch.py SM21_micro036.mae -jobname SM21_micro036 -max_conf 5 -erg_window 50.208 -acc_level 1 -TPP 5
(2) jaguar run csrch.py SM21_micro034.mae -jobname SM21_micro034 -max_conf 5 -erg_window 50.208 -acc_level 1 -TPP 5

Running subjobs on hosts:
  localhost (Max: 2)
Number of jobs:       2
Max retries per job:  3
Max allowed failures: unlimited
Run with -LOCAL:      False
Verbosity:            normal

Starting JobDJ...

Keep one job on driver host: False
JobDJ columns:
  C: Number of completed subjobs
  A: Number of active subjobs (e.g., submitted, running)
  W: Number of waiting/pending subjobs

C A W | Activity  JobId  JobName  JobHost
- - - | --------- -----------------------
0 1 1 | launched  ls09-0-5b033497 SM21_micro036 localhost [ls09]
0 2 0 | launched  ls09-0-5b03349a SM21_micro034 localhost [ls09]
1 1 0 | finished  ls09-0-5b03349a SM21_micro034 localhost [ls09]
2 0 0 | finished  ls09-0-5b033497 SM21_micro036 localhost [ls09]

All jobs have completed.

2 of 2 job(s) succeeded; 0 job(s) failed.

Timer (distribute subjobs) : 1090.89 secs (0 hrs, 18 mins, 10 secs)

Setting up QM workflow for (protonated, deprotonated) pair:
(1) (SM21_micro036, SM21_micro034)

Executing Jaguar quantum-mechanical subjobs...

Executing 9 distributed subjobs:
---------------------------------

No more than 8 cpu(s) will be used per subjob.
No more than 10 cpu(s) will be used simultaneously.

Processing the following subjobs:
(1) jaguar run pka_prot.bat -jobname SM21_micro036_conf_1 SM21_micro036_conf_1.in -TPP 2
(2) jaguar run pka_prot.bat -jobname SM21_micro036_conf_2 SM21_micro036_conf_2.in
(3) jaguar run pka_prot.bat -jobname SM21_micro036_conf_3 SM21_micro036_conf_3.in
(4) jaguar run pka_prot.bat -jobname SM21_micro036_conf_4 SM21_micro036_conf_4.in
(5) jaguar run pka_deprot.bat -jobname SM21_micro034_conf_1 SM21_micro034_conf_1.in
(6) jaguar run pka_deprot.bat -jobname SM21_micro034_conf_2 SM21_micro034_conf_2.in
(7) jaguar run pka_deprot.bat -jobname SM21_micro034_conf_3 SM21_micro034_conf_3.in
(8) jaguar run pka_deprot.bat -jobname SM21_micro034_conf_4 SM21_micro034_conf_4.in
(9) jaguar run pka_deprot.bat -jobname SM21_micro034_conf_5 SM21_micro034_conf_5.in

Running subjobs on hosts:
  localhost (Max: 9)
Number of jobs:       9
Max retries per job:  3
Max allowed failures: unlimited
Run with -LOCAL:      False
Verbosity:            normal

Starting JobDJ...

Keep one job on driver host: False
JobDJ columns:
  C: Number of completed subjobs
  A: Number of active subjobs (e.g., submitted, running)
  W: Number of waiting/pending subjobs

C A W | Activity  JobId  JobName  JobHost
- - - | --------- -----------------------
0 1 8 | launched  ls09-0-5b0338e1 SM21_micro036_conf_1 localhost [ls09]
0 2 7 | launched  ls09-0-5b0338e4 SM21_micro036_conf_2 localhost [ls09]
0 3 6 | launched  ls09-1-5b0338e6 SM21_micro036_conf_3 localhost [ls09]
0 4 5 | launched  ls09-1-5b0338e8 SM21_micro036_conf_4 localhost [ls09]
0 5 4 | launched  ls09-0-5b0338eb SM21_micro034_conf_1 localhost [ls09]
0 6 3 | launched  ls09-1-5b0338ed SM21_micro034_conf_2 localhost [ls09]
0 7 2 | launched  ls09-1-5b0338f0 SM21_micro034_conf_3 localhost [ls09]
0 8 1 | launched  ls09-0-5b0338f4 SM21_micro034_conf_4 localhost [ls09]
0 9 0 | launched  ls09-1-5b0338f8 SM21_micro034_conf_5 localhost [ls09]
1 8 0 | finished  ls09-1-5b0338ed SM21_micro034_conf_2 localhost [ls09]
2 7 0 | finished  ls09-1-5b0338f0 SM21_micro034_conf_3 localhost [ls09]
3 6 0 | finished  ls09-0-5b0338f4 SM21_micro034_conf_4 localhost [ls09]
4 5 0 | finished  ls09-0-5b0338e1 SM21_micro036_conf_1 localhost [ls09]
5 4 0 | finished  ls09-1-5b0338f8 SM21_micro034_conf_5 localhost [ls09]
6 3 0 | finished  ls09-0-5b0338e4 SM21_micro036_conf_2 localhost [ls09]
7 2 0 | finished  ls09-0-5b0338eb SM21_micro034_conf_1 localhost [ls09]
8 1 0 | finished  ls09-1-5b0338e8 SM21_micro036_conf_4 localhost [ls09]
9 0 0 | finished  ls09-1-5b0338e6 SM21_micro036_conf_3 localhost [ls09]

All jobs have completed.

9 of 9 job(s) succeeded; 0 job(s) failed.

Timer (distribute subjobs) : 18527.92 secs (5 hrs, 08 mins, 47 secs)

Processing QM output files...

Executing subprocess:
/data/chodera/schrodinger/schrodinger2017-4-advanced/jaguar results -energy SM21_micro036_conf_1.nrg_h.out

Executing subprocess:
/data/chodera/schrodinger/schrodinger2017-4-advanced/jaguar results -esolv SM21_micro036_conf_1.sol_h.out

Executing subprocess:
/data/chodera/schrodinger/schrodinger2017-4-advanced/jaguar results -energy SM21_micro036_conf_2.nrg_h.out

Executing subprocess:
/data/chodera/schrodinger/schrodinger2017-4-advanced/jaguar results -esolv SM21_micro036_conf_2.sol_h.out

Executing subprocess:
/data/chodera/schrodinger/schrodinger2017-4-advanced/jaguar results -energy SM21_micro036_conf_3.nrg_h.out

Executing subprocess:
/data/chodera/schrodinger/schrodinger2017-4-advanced/jaguar results -esolv SM21_micro036_conf_3.sol_h.out

Executing subprocess:
/data/chodera/schrodinger/schrodinger2017-4-advanced/jaguar results -energy SM21_micro036_conf_4.nrg_h.out

Executing subprocess:
/data/chodera/schrodinger/schrodinger2017-4-advanced/jaguar results -esolv SM21_micro036_conf_4.sol_h.out

Executing subprocess:
/data/chodera/schrodinger/schrodinger2017-4-advanced/jaguar results -energy SM21_micro034_conf_1.nrg.out

Executing subprocess:
/data/chodera/schrodinger/schrodinger2017-4-advanced/jaguar results -esolv SM21_micro034_conf_1.sol.out

Executing subprocess:
/data/chodera/schrodinger/schrodinger2017-4-advanced/jaguar results -energy SM21_micro034_conf_2.nrg.out

Executing subprocess:
/data/chodera/schrodinger/schrodinger2017-4-advanced/jaguar results -esolv SM21_micro034_conf_2.sol.out

Executing subprocess:
/data/chodera/schrodinger/schrodinger2017-4-advanced/jaguar results -energy SM21_micro034_conf_3.nrg.out

Executing subprocess:
/data/chodera/schrodinger/schrodinger2017-4-advanced/jaguar results -esolv SM21_micro034_conf_3.sol.out

Executing subprocess:
/data/chodera/schrodinger/schrodinger2017-4-advanced/jaguar results -energy SM21_micro034_conf_4.nrg.out

Executing subprocess:
/data/chodera/schrodinger/schrodinger2017-4-advanced/jaguar results -esolv SM21_micro034_conf_4.sol.out

Executing subprocess:
/data/chodera/schrodinger/schrodinger2017-4-advanced/jaguar results -energy SM21_micro034_conf_5.nrg.out

Executing subprocess:
/data/chodera/schrodinger/schrodinger2017-4-advanced/jaguar results -esolv SM21_micro034_conf_5.sol.out

Executing subprocess:
/data/chodera/schrodinger/schrodinger2017-4-advanced/jaguar-v9.8/bin/Linux-x86_64/pka -o SM21_micro036_deprot-out.mae -j SM21_micro036.jres -n -d

Executing subprocess:
/data/chodera/schrodinger/schrodinger2017-4-advanced/jaguar-v9.8/bin/Linux-x86_64/pka -o SM21_micro036_prot-out.mae -j SM21_micro036.jres -n

pKa calculation for SM21_micro036 completed.

pKa workflow jag_SM21_micro036_SM21_micro034 completed.

Timer (Jaguar pKa) : 19683.43 secs (5 hrs, 28 mins, 03 secs)
Timer (jaguar_backend.py) : 19683.43 secs (5 hrs, 28 mins, 03 secs)
Finished:   Mon May 21 22:33:26 2018
