Command:    jaguar run pka.py -jobname jag_SM10_micro006_SM10_micro020 -PARALLEL 10 -n -csrch -prot SM10_micro006.in -deprot SM10_micro020.in
Release:    2017-4
Exec:       /data/chodera/schrodinger/schrodinger2017-4-advanced/jaguar-v9.8/bin/Linux-x86_64
Host:       ls12
JobId:      lilac-0-5aec80c4
JobDir:     /lila/data/chodera/schrodinger/tmpdir/rustenburg/jag_SM10_micro006_SM10_micro020
Date:       Fri May  4 11:53:15 2018

Contents of /lila/data/chodera/schrodinger/tmpdir/rustenburg/jag_SM10_micro006_SM10_micro020:
/lila/data/chodera/schrodinger/tmpdir/rustenburg/jag_SM10_micro006_SM10_micro020/lilac-0-5aec80c4.nodes
/lila/data/chodera/schrodinger/tmpdir/rustenburg/jag_SM10_micro006_SM10_micro020/lilac-0-5aec80c4.mpinodes
/lila/data/chodera/schrodinger/tmpdir/rustenburg/jag_SM10_micro006_SM10_micro020/SM10_micro020.mae
/lila/data/chodera/schrodinger/tmpdir/rustenburg/jag_SM10_micro006_SM10_micro020/jag_SM10_micro006_SM10_micro020.log
/lila/data/chodera/schrodinger/tmpdir/rustenburg/jag_SM10_micro006_SM10_micro020/lilac-0-5aec80c4.hosts
/lila/data/chodera/schrodinger/tmpdir/rustenburg/jag_SM10_micro006_SM10_micro020/jag_SM10_micro006_SM10_micro020.recover
/lila/data/chodera/schrodinger/tmpdir/rustenburg/jag_SM10_micro006_SM10_micro020/SM10_micro006.in
/lila/data/chodera/schrodinger/tmpdir/rustenburg/jag_SM10_micro006_SM10_micro020/SM10_micro006.mae
/lila/data/chodera/schrodinger/tmpdir/rustenburg/jag_SM10_micro006_SM10_micro020/lilac-0-5aec80c4
/lila/data/chodera/schrodinger/tmpdir/rustenburg/jag_SM10_micro006_SM10_micro020/lilac-0-5aec80c4.recover
/lila/data/chodera/schrodinger/tmpdir/rustenburg/jag_SM10_micro006_SM10_micro020/lilac-0-5aec80c4.jlog
/lila/data/chodera/schrodinger/tmpdir/rustenburg/jag_SM10_micro006_SM10_micro020/SM10_micro020.in

=====================
 Jaguar pKa workflow
=====================

Analysing user-provided (prot, deprot) pair:
(SM10_micro006.in, SM10_micro020.in)
Found labile hydrogen 29 in SM10_micro006.in
Found labile hydrogen at atom 9 in SM10_micro020.in
Adding 'ipkat' keyword to input files.

Identifying pKa functional group for pair:
(SM10_micro006, SM10_micro020)

Executing subprocess:
/data/chodera/schrodinger/schrodinger2017-4-advanced/jaguar-v9.8/bin/Linux-x86_64/pka -i -j SM10_micro006.tmp.jres -n

Taking protonated structures from:
SM10_micro006.mae
Taking deprotonated structures from:
SM10_micro020.mae

This molecule from 'SM10_micro006.mae' in water was recognized as:

 # 	                  Shell                   
---	------------------------------------------
1: 	amide as acid                             
2: 	Protonation of sp2-like aliphatic nitrogen
3: 	Protonation of generic atom               


Executing conformational search...

Executing 2 distributed subjobs:
---------------------------------

No more than 8 cpu(s) will be used per subjob.
No more than 10 cpu(s) will be used simultaneously.

Processing the following subjobs:
(1) jaguar run csrch.py SM10_micro006.mae -jobname SM10_micro006 -max_conf 5 -erg_window 50.208 -acc_level 1 -TPP 5
(2) jaguar run csrch.py SM10_micro020.mae -jobname SM10_micro020 -max_conf 5 -erg_window 50.208 -acc_level 1 -TPP 5

Running subjobs on hosts:
  lsf-cpu (Max: 2)
Number of jobs:       2
Max retries per job:  3
Max allowed failures: unlimited
Run with -LOCAL:      False
Verbosity:            normal

Starting JobDJ...

Keep one job on driver host: False
JobDJ columns:
  C: Number of completed subjobs
  A: Number of active subjobs (e.g., submitted, running)
  W: Number of waiting/pending subjobs

C A W | Activity  JobId  JobName  JobHost
- - - | --------- -----------------------
0 1 1 | launched  ls12-1-5aec81f3 SM10_micro006 lsf-cpu
0 2 0 | launched  ls12-1-5aec81f7 SM10_micro020 lsf-cpu
1 1 0 | finished  ls12-1-5aec81f3 SM10_micro006 lsf-cpu [ls04]
2 0 0 | finished  ls12-1-5aec81f7 SM10_micro020 lsf-cpu [lt08]

All jobs have completed.

2 of 2 job(s) succeeded; 0 job(s) failed.

Timer (distribute subjobs) : 1733.92 secs (0 hrs, 28 mins, 53 secs)

Setting up QM workflow for (protonated, deprotonated) pair:
(1) (SM10_micro006, SM10_micro020)

Executing Jaguar quantum-mechanical subjobs...

Executing 10 distributed subjobs:
----------------------------------

No more than 8 cpu(s) will be used per subjob.
No more than 10 cpu(s) will be used simultaneously.

Processing the following subjobs:
(1) jaguar run pka_prot.bat -jobname SM10_micro006_conf_1 SM10_micro006_conf_1.in
(2) jaguar run pka_prot.bat -jobname SM10_micro006_conf_2 SM10_micro006_conf_2.in
(3) jaguar run pka_prot.bat -jobname SM10_micro006_conf_3 SM10_micro006_conf_3.in
(4) jaguar run pka_prot.bat -jobname SM10_micro006_conf_4 SM10_micro006_conf_4.in
(5) jaguar run pka_prot.bat -jobname SM10_micro006_conf_5 SM10_micro006_conf_5.in
(6) jaguar run pka_deprot.bat -jobname SM10_micro020_conf_1 SM10_micro020_conf_1.in
(7) jaguar run pka_deprot.bat -jobname SM10_micro020_conf_2 SM10_micro020_conf_2.in
(8) jaguar run pka_deprot.bat -jobname SM10_micro020_conf_3 SM10_micro020_conf_3.in
(9) jaguar run pka_deprot.bat -jobname SM10_micro020_conf_4 SM10_micro020_conf_4.in
(10) jaguar run pka_deprot.bat -jobname SM10_micro020_conf_5 SM10_micro020_conf_5.in

Running subjobs on hosts:
  lsf-cpu (Max: 10)
Number of jobs:       10
Max retries per job:  3
Max allowed failures: unlimited
Run with -LOCAL:      False
Verbosity:            normal

Starting JobDJ...

Keep one job on driver host: True
JobDJ columns:
  C: Number of completed subjobs
  A: Number of active subjobs (e.g., submitted, running)
  W: Number of waiting/pending subjobs

 C  A  W | Activity  JobId  JobName  JobHost
-- -- -- | --------- -----------------------
 0  1  9 | launched  ls12-0-5aec88b9 SM10_micro006_conf_1 localhost [ls12]
 0  2  8 | launched  ls12-0-5aec88bc SM10_micro006_conf_2 lsf-cpu
 0  3  7 | launched  ls12-0-5aec88c1 SM10_micro006_conf_3 lsf-cpu
 0  4  6 | launched  ls12-0-5aec88c5 SM10_micro006_conf_4 lsf-cpu
 0  5  5 | launched  ls12-0-5aec88c9 SM10_micro006_conf_5 lsf-cpu
 0  6  4 | launched  ls12-0-5aec88cd SM10_micro020_conf_1 lsf-cpu
 0  7  3 | launched  ls12-0-5aec88d1 SM10_micro020_conf_2 lsf-cpu
 0  8  2 | launched  ls12-0-5aec88d6 SM10_micro020_conf_3 lsf-cpu
 0  9  1 | launched  ls12-0-5aec88da SM10_micro020_conf_4 lsf-cpu
 0 10  0 | launched  ls12-0-5aec88de SM10_micro020_conf_5 lsf-cpu
 1  9  0 | finished  ls12-0-5aec88bc SM10_micro006_conf_2 lsf-cpu [lt08]
 2  8  0 | finished  ls12-0-5aec88de SM10_micro020_conf_5 lsf-cpu [lt17]
 3  7  0 | finished  ls12-0-5aec88b9 SM10_micro006_conf_1 localhost [ls12]
 4  6  0 | finished  ls12-0-5aec88da SM10_micro020_conf_4 lsf-cpu [lt14]
 5  5  0 | finished  ls12-0-5aec88d1 SM10_micro020_conf_2 lsf-cpu [lt08]
 6  4  0 | finished  ls12-0-5aec88c1 SM10_micro006_conf_3 lsf-cpu [lt08]
 7  3  0 | finished  ls12-0-5aec88c5 SM10_micro006_conf_4 lsf-cpu [lt08]
 8  2  0 | finished  ls12-0-5aec88cd SM10_micro020_conf_1 lsf-cpu [lt08]
 9  1  0 | finished  ls12-0-5aec88d6 SM10_micro020_conf_3 lsf-cpu [lt08]
10  0  0 | finished  ls12-0-5aec88c9 SM10_micro006_conf_5 lsf-cpu [lt08]

All jobs have completed.

10 of 10 job(s) succeeded; 0 job(s) failed.

Timer (distribute subjobs) : 4052.92 secs (1 hrs, 07 mins, 32 secs)

Processing QM output files...

Executing subprocess:
/data/chodera/schrodinger/schrodinger2017-4-advanced/jaguar results -energy SM10_micro006_conf_1.nrg_h.out

Executing subprocess:
/data/chodera/schrodinger/schrodinger2017-4-advanced/jaguar results -esolv SM10_micro006_conf_1.sol_h.out

Executing subprocess:
/data/chodera/schrodinger/schrodinger2017-4-advanced/jaguar results -energy SM10_micro006_conf_2.nrg_h.out

Executing subprocess:
/data/chodera/schrodinger/schrodinger2017-4-advanced/jaguar results -esolv SM10_micro006_conf_2.sol_h.out

Executing subprocess:
/data/chodera/schrodinger/schrodinger2017-4-advanced/jaguar results -energy SM10_micro006_conf_3.nrg_h.out

Executing subprocess:
/data/chodera/schrodinger/schrodinger2017-4-advanced/jaguar results -esolv SM10_micro006_conf_3.sol_h.out

Executing subprocess:
/data/chodera/schrodinger/schrodinger2017-4-advanced/jaguar results -energy SM10_micro006_conf_4.nrg_h.out

Executing subprocess:
/data/chodera/schrodinger/schrodinger2017-4-advanced/jaguar results -esolv SM10_micro006_conf_4.sol_h.out

Executing subprocess:
/data/chodera/schrodinger/schrodinger2017-4-advanced/jaguar results -energy SM10_micro006_conf_5.nrg_h.out

Executing subprocess:
/data/chodera/schrodinger/schrodinger2017-4-advanced/jaguar results -esolv SM10_micro006_conf_5.sol_h.out

Executing subprocess:
/data/chodera/schrodinger/schrodinger2017-4-advanced/jaguar results -energy SM10_micro020_conf_1.nrg.out

Executing subprocess:
/data/chodera/schrodinger/schrodinger2017-4-advanced/jaguar results -esolv SM10_micro020_conf_1.sol.out

Executing subprocess:
/data/chodera/schrodinger/schrodinger2017-4-advanced/jaguar results -energy SM10_micro020_conf_2.nrg.out

Executing subprocess:
/data/chodera/schrodinger/schrodinger2017-4-advanced/jaguar results -esolv SM10_micro020_conf_2.sol.out

Executing subprocess:
/data/chodera/schrodinger/schrodinger2017-4-advanced/jaguar results -energy SM10_micro020_conf_3.nrg.out

Executing subprocess:
/data/chodera/schrodinger/schrodinger2017-4-advanced/jaguar results -esolv SM10_micro020_conf_3.sol.out

Executing subprocess:
/data/chodera/schrodinger/schrodinger2017-4-advanced/jaguar results -energy SM10_micro020_conf_4.nrg.out

Executing subprocess:
/data/chodera/schrodinger/schrodinger2017-4-advanced/jaguar results -esolv SM10_micro020_conf_4.sol.out

Executing subprocess:
/data/chodera/schrodinger/schrodinger2017-4-advanced/jaguar results -energy SM10_micro020_conf_5.nrg.out

Executing subprocess:
/data/chodera/schrodinger/schrodinger2017-4-advanced/jaguar results -esolv SM10_micro020_conf_5.sol.out

Executing subprocess:
/data/chodera/schrodinger/schrodinger2017-4-advanced/jaguar-v9.8/bin/Linux-x86_64/pka -o SM10_micro006_deprot-out.mae -j SM10_micro006.jres -n -d

Executing subprocess:
/data/chodera/schrodinger/schrodinger2017-4-advanced/jaguar-v9.8/bin/Linux-x86_64/pka -o SM10_micro006_prot-out.mae -j SM10_micro006.jres -n

pKa calculation for SM10_micro006 completed.

pKa workflow jag_SM10_micro006_SM10_micro020 completed.

Timer (Jaguar pKa) : 5870.40 secs (1 hrs, 37 mins, 50 secs)
Timer (jaguar_backend.py) : 5870.40 secs (1 hrs, 37 mins, 50 secs)
Finished:   Fri May  4 13:31:05 2018
