Command:    jaguar run pka.py -jobname jag_SM08_micro008_SM08_micro009 -PARALLEL 10 -WAIT -n -csrch -prot SM08_micro008.in -deprot SM08_micro009.in
Release:    2017-4
Exec:       /data/chodera/schrodinger/schrodinger2017-4-advanced/jaguar-v9.8/bin/Linux-x86_64
Host:       lt07
JobId:      lt02-6-5af3624d
JobDir:     /lila/data/chodera/schrodinger/tmpdir/rustenburg/jag_SM08_micro008_SM08_micro009.1
Date:       Wed May  9 17:04:44 2018

Contents of /lila/data/chodera/schrodinger/tmpdir/rustenburg/jag_SM08_micro008_SM08_micro009.1:
/lila/data/chodera/schrodinger/tmpdir/rustenburg/jag_SM08_micro008_SM08_micro009.1/lt02-6-5af3624d
/lila/data/chodera/schrodinger/tmpdir/rustenburg/jag_SM08_micro008_SM08_micro009.1/SM08_micro008.in
/lila/data/chodera/schrodinger/tmpdir/rustenburg/jag_SM08_micro008_SM08_micro009.1/lt02-6-5af3624d.nodes
/lila/data/chodera/schrodinger/tmpdir/rustenburg/jag_SM08_micro008_SM08_micro009.1/SM08_micro009.in
/lila/data/chodera/schrodinger/tmpdir/rustenburg/jag_SM08_micro008_SM08_micro009.1/SM08_micro008.mae
/lila/data/chodera/schrodinger/tmpdir/rustenburg/jag_SM08_micro008_SM08_micro009.1/lt02-6-5af3624d.hosts
/lila/data/chodera/schrodinger/tmpdir/rustenburg/jag_SM08_micro008_SM08_micro009.1/lt02-6-5af3624d.recover
/lila/data/chodera/schrodinger/tmpdir/rustenburg/jag_SM08_micro008_SM08_micro009.1/SM08_micro009.mae
/lila/data/chodera/schrodinger/tmpdir/rustenburg/jag_SM08_micro008_SM08_micro009.1/jag_SM08_micro008_SM08_micro009.log
/lila/data/chodera/schrodinger/tmpdir/rustenburg/jag_SM08_micro008_SM08_micro009.1/lt02-6-5af3624d.jlog
/lila/data/chodera/schrodinger/tmpdir/rustenburg/jag_SM08_micro008_SM08_micro009.1/jag_SM08_micro008_SM08_micro009.recover
/lila/data/chodera/schrodinger/tmpdir/rustenburg/jag_SM08_micro008_SM08_micro009.1/lt02-6-5af3624d.mpinodes

=====================
 Jaguar pKa workflow
=====================

Analysing user-provided (prot, deprot) pair:
(SM08_micro008.in, SM08_micro009.in)
Found labile hydrogen 37 in SM08_micro008.in
Found labile hydrogen at atom 12 in SM08_micro009.in
Adding 'ipkat' keyword to input files.

Identifying pKa functional group for pair:
(SM08_micro008, SM08_micro009)

Executing subprocess:
/data/chodera/schrodinger/schrodinger2017-4-advanced/jaguar-v9.8/bin/Linux-x86_64/pka -i -j SM08_micro008.tmp.jres -n

Taking protonated structures from:
SM08_micro008.mae
Taking deprotonated structures from:
SM08_micro009.mae

This molecule from 'SM08_micro008.mae' in water was recognized as:

 # 	           Shell           
---	---------------------------
1: 	quinoline                  
2: 	pyridine                   
3: 	heterocycle custom 1       
4: 	heterocycle                
5: 	Protonation of generic atom


Executing conformational search...

Executing 2 distributed subjobs:
---------------------------------

No more than 8 cpu(s) will be used per subjob.
No more than 10 cpu(s) will be used simultaneously.

Processing the following subjobs:
(1) jaguar run csrch.py SM08_micro008.mae -jobname SM08_micro008 -max_conf 5 -erg_window 50.208 -acc_level 1 -TPP 5
(2) jaguar run csrch.py SM08_micro009.mae -jobname SM08_micro009 -max_conf 5 -erg_window 50.208 -acc_level 1 -TPP 5

Running subjobs on hosts:
  lsf-cpu (Max: 2)
Number of jobs:       2
Max retries per job:  3
Max allowed failures: unlimited
Run with -LOCAL:      False
Verbosity:            normal

Starting JobDJ...

Keep one job on driver host: False
JobDJ columns:
  C: Number of completed subjobs
  A: Number of active subjobs (e.g., submitted, running)
  W: Number of waiting/pending subjobs

C A W | Activity  JobId  JobName  JobHost
- - - | --------- -----------------------
0 1 1 | launched  lt07-3-5af3627a SM08_micro008 lsf-cpu
0 2 0 | launched  lt07-8-5af36282 SM08_micro009 lsf-cpu
1 1 0 | finished  lt07-8-5af36282 SM08_micro009 lsf-cpu
2 0 0 | finished  lt07-3-5af3627a SM08_micro008 lsf-cpu [lt14]

All jobs have completed.

2 of 2 job(s) succeeded; 0 job(s) failed.

Timer (distribute subjobs) : 1252.34 secs (0 hrs, 20 mins, 52 secs)

Setting up QM workflow for (protonated, deprotonated) pair:
(1) (SM08_micro008, SM08_micro009)

Executing Jaguar quantum-mechanical subjobs...

Executing 4 distributed subjobs:
---------------------------------

No more than 8 cpu(s) will be used per subjob.
No more than 10 cpu(s) will be used simultaneously.

Processing the following subjobs:
(1) jaguar run pka_prot.bat -jobname SM08_micro008_conf_1 SM08_micro008_conf_1.in -TPP 3
(2) jaguar run pka_prot.bat -jobname SM08_micro008_conf_2 SM08_micro008_conf_2.in -TPP 3
(3) jaguar run pka_deprot.bat -jobname SM08_micro009_conf_1 SM08_micro009_conf_1.in -TPP 2
(4) jaguar run pka_deprot.bat -jobname SM08_micro009_conf_2 SM08_micro009_conf_2.in -TPP 2

Running subjobs on hosts:
  lsf-cpu (Max: 4)
Number of jobs:       4
Max retries per job:  3
Max allowed failures: unlimited
Run with -LOCAL:      False
Verbosity:            normal

Starting JobDJ...

Keep one job on driver host: False
JobDJ columns:
  C: Number of completed subjobs
  A: Number of active subjobs (e.g., submitted, running)
  W: Number of waiting/pending subjobs

C A W | Activity  JobId  JobName  JobHost
- - - | --------- -----------------------
0 1 3 | launched  lt07-0-5af3675d SM08_micro008_conf_1 lsf-cpu
0 2 2 | launched  lt07-0-5af36778 SM08_micro008_conf_2 lsf-cpu
0 3 1 | launched  lt07-0-5af3678d SM08_micro009_conf_1 lsf-cpu
0 4 0 | launched  lt07-0-5af367ac SM08_micro009_conf_2 lsf-cpu
1 3 0 | finished  lt07-0-5af367ac SM08_micro009_conf_2 lsf-cpu [lt02]
2 2 0 | finished  lt07-0-5af3675d SM08_micro008_conf_1 lsf-cpu [lt07]
3 1 0 | finished  lt07-0-5af3678d SM08_micro009_conf_1 lsf-cpu [ls01]
4 0 0 | finished  lt07-0-5af36778 SM08_micro008_conf_2 lsf-cpu [lt07]

All jobs have completed.

4 of 4 job(s) succeeded; 0 job(s) failed.

Timer (distribute subjobs) : 5257.02 secs (1 hrs, 27 mins, 37 secs)

Processing QM output files...

Executing subprocess:
/data/chodera/schrodinger/schrodinger2017-4-advanced/jaguar results -energy SM08_micro008_conf_1.nrg_h.out

Executing subprocess:
/data/chodera/schrodinger/schrodinger2017-4-advanced/jaguar results -esolv SM08_micro008_conf_1.sol_h.out

Executing subprocess:
/data/chodera/schrodinger/schrodinger2017-4-advanced/jaguar results -energy SM08_micro008_conf_2.nrg_h.out

Executing subprocess:
/data/chodera/schrodinger/schrodinger2017-4-advanced/jaguar results -esolv SM08_micro008_conf_2.sol_h.out

Executing subprocess:
/data/chodera/schrodinger/schrodinger2017-4-advanced/jaguar results -energy SM08_micro009_conf_1.nrg.out

Executing subprocess:
/data/chodera/schrodinger/schrodinger2017-4-advanced/jaguar results -esolv SM08_micro009_conf_1.sol.out

Executing subprocess:
/data/chodera/schrodinger/schrodinger2017-4-advanced/jaguar results -energy SM08_micro009_conf_2.nrg.out

Executing subprocess:
/data/chodera/schrodinger/schrodinger2017-4-advanced/jaguar results -esolv SM08_micro009_conf_2.sol.out

Executing subprocess:
/data/chodera/schrodinger/schrodinger2017-4-advanced/jaguar-v9.8/bin/Linux-x86_64/pka -o SM08_micro008_deprot-out.mae -j SM08_micro008.jres -n -d

Executing subprocess:
/data/chodera/schrodinger/schrodinger2017-4-advanced/jaguar-v9.8/bin/Linux-x86_64/pka -o SM08_micro008_prot-out.mae -j SM08_micro008.jres -n

pKa calculation for SM08_micro008 completed.

pKa workflow jag_SM08_micro008_SM08_micro009 completed.

Timer (Jaguar pKa) : 6580.74 secs (1 hrs, 49 mins, 40 secs)
Timer (jaguar_backend.py) : 6580.74 secs (1 hrs, 49 mins, 40 secs)
Finished:   Wed May  9 18:54:25 2018
