Command:    jaguar run pka.py -jobname jag_SM15_micro002_SM15_micro004 -PARALLEL 10 -n -csrch -prot SM15_micro002.in -deprot SM15_micro004.in
Release:    2017-4
Exec:       /data/chodera/schrodinger/schrodinger2017-4-advanced/jaguar-v9.8/bin/Linux-x86_64
Host:       ls09
JobId:      lilac-0-5aeca52a
JobDir:     /lila/data/chodera/schrodinger/tmpdir/rustenburg/jag_SM15_micro002_SM15_micro004
Date:       Fri May  4 14:24:03 2018

Contents of /lila/data/chodera/schrodinger/tmpdir/rustenburg/jag_SM15_micro002_SM15_micro004:
/lila/data/chodera/schrodinger/tmpdir/rustenburg/jag_SM15_micro002_SM15_micro004/SM15_micro004.in
/lila/data/chodera/schrodinger/tmpdir/rustenburg/jag_SM15_micro002_SM15_micro004/SM15_micro002.in
/lila/data/chodera/schrodinger/tmpdir/rustenburg/jag_SM15_micro002_SM15_micro004/lilac-0-5aeca52a
/lila/data/chodera/schrodinger/tmpdir/rustenburg/jag_SM15_micro002_SM15_micro004/lilac-0-5aeca52a.hosts
/lila/data/chodera/schrodinger/tmpdir/rustenburg/jag_SM15_micro002_SM15_micro004/lilac-0-5aeca52a.nodes
/lila/data/chodera/schrodinger/tmpdir/rustenburg/jag_SM15_micro002_SM15_micro004/lilac-0-5aeca52a.mpinodes
/lila/data/chodera/schrodinger/tmpdir/rustenburg/jag_SM15_micro002_SM15_micro004/SM15_micro002.mae
/lila/data/chodera/schrodinger/tmpdir/rustenburg/jag_SM15_micro002_SM15_micro004/lilac-0-5aeca52a.jlog
/lila/data/chodera/schrodinger/tmpdir/rustenburg/jag_SM15_micro002_SM15_micro004/SM15_micro004.mae
/lila/data/chodera/schrodinger/tmpdir/rustenburg/jag_SM15_micro002_SM15_micro004/lilac-0-5aeca52a.recover
/lila/data/chodera/schrodinger/tmpdir/rustenburg/jag_SM15_micro002_SM15_micro004/jag_SM15_micro002_SM15_micro004.log
/lila/data/chodera/schrodinger/tmpdir/rustenburg/jag_SM15_micro002_SM15_micro004/jag_SM15_micro002_SM15_micro004.recover

=====================
 Jaguar pKa workflow
=====================

Analysing user-provided (prot, deprot) pair:
(SM15_micro002.in, SM15_micro004.in)
Found labile hydrogen 24 in SM15_micro002.in
Found labile hydrogen at atom 14 in SM15_micro004.in
Adding 'ipkat' keyword to input files.

Identifying pKa functional group for pair:
(SM15_micro002, SM15_micro004)

Executing subprocess:
/data/chodera/schrodinger/schrodinger2017-4-advanced/jaguar-v9.8/bin/Linux-x86_64/pka -i -j SM15_micro002.tmp.jres -n

Taking protonated structures from:
SM15_micro002.mae
Taking deprotonated structures from:
SM15_micro004.mae

This molecule from 'SM15_micro002.mae' in water was recognized as:

 # 	                    Shell                     
---	----------------------------------------------
1: 	phenol excluding o-nitro- and o-nitrosophenols
2: 	Protonation of generic atom                   
3: 	Protonation of sp2-like oxygen                


Executing conformational search...

Executing 2 distributed subjobs:
---------------------------------

No more than 8 cpu(s) will be used per subjob.
No more than 10 cpu(s) will be used simultaneously.

Processing the following subjobs:
(1) jaguar run csrch.py SM15_micro002.mae -jobname SM15_micro002 -max_conf 5 -erg_window 50.208 -acc_level 1 -TPP 5
(2) jaguar run csrch.py SM15_micro004.mae -jobname SM15_micro004 -max_conf 5 -erg_window 50.208 -acc_level 1 -TPP 5

Running subjobs on hosts:
  lsf-cpu (Max: 2)
Number of jobs:       2
Max retries per job:  3
Max allowed failures: unlimited
Run with -LOCAL:      False
Verbosity:            normal

Starting JobDJ...

Keep one job on driver host: False
JobDJ columns:
  C: Number of completed subjobs
  A: Number of active subjobs (e.g., submitted, running)
  W: Number of waiting/pending subjobs

C A W | Activity  JobId  JobName  JobHost
- - - | --------- -----------------------
0 1 1 | launched  ls09-0-5aeca549 SM15_micro002 lsf-cpu
0 2 0 | launched  ls09-0-5aeca552 SM15_micro004 lsf-cpu
1 1 0 | finished  ls09-0-5aeca549 SM15_micro002 lsf-cpu
2 0 0 | finished  ls09-0-5aeca552 SM15_micro004 lsf-cpu

All jobs have completed.

2 of 2 job(s) succeeded; 0 job(s) failed.

Timer (distribute subjobs) : 236.90 secs (0 hrs, 03 mins, 56 secs)

Setting up QM workflow for (protonated, deprotonated) pair:
(1) (SM15_micro002, SM15_micro004)

Executing Jaguar quantum-mechanical subjobs...

Executing 5 distributed subjobs:
---------------------------------

No more than 8 cpu(s) will be used per subjob.
No more than 10 cpu(s) will be used simultaneously.

Processing the following subjobs:
(1) jaguar run pka_prot.bat -jobname SM15_micro002_conf_1 SM15_micro002_conf_1.in -TPP 2
(2) jaguar run pka_prot.bat -jobname SM15_micro002_conf_2 SM15_micro002_conf_2.in -TPP 2
(3) jaguar run pka_prot.bat -jobname SM15_micro002_conf_3 SM15_micro002_conf_3.in -TPP 2
(4) jaguar run pka_deprot.bat -jobname SM15_micro004_conf_1 SM15_micro004_conf_1.in -TPP 2
(5) jaguar run pka_deprot.bat -jobname SM15_micro004_conf_2 SM15_micro004_conf_2.in -TPP 2

Running subjobs on hosts:
  lsf-cpu (Max: 5)
Number of jobs:       5
Max retries per job:  3
Max allowed failures: unlimited
Run with -LOCAL:      False
Verbosity:            normal

Starting JobDJ...

Keep one job on driver host: False
JobDJ columns:
  C: Number of completed subjobs
  A: Number of active subjobs (e.g., submitted, running)
  W: Number of waiting/pending subjobs

C A W | Activity  JobId  JobName  JobHost
- - - | --------- -----------------------
0 1 4 | launched  ls09-0-5aeca638 SM15_micro002_conf_1 lsf-cpu
0 2 3 | launched  ls09-0-5aeca63b SM15_micro002_conf_2 lsf-cpu
0 3 2 | launched  ls09-0-5aeca63e SM15_micro002_conf_3 lsf-cpu
0 4 1 | launched  ls09-0-5aeca641 SM15_micro004_conf_1 lsf-cpu
0 5 0 | launched  ls09-0-5aeca645 SM15_micro004_conf_2 lsf-cpu
1 4 0 | finished  ls09-0-5aeca645 SM15_micro004_conf_2 lsf-cpu [lt17]
2 3 0 | finished  ls09-0-5aeca641 SM15_micro004_conf_1 lsf-cpu [lt17]
3 2 0 | finished  ls09-0-5aeca63b SM15_micro002_conf_2 lsf-cpu [lt17]
4 1 0 | finished  ls09-0-5aeca638 SM15_micro002_conf_1 lsf-cpu [lt17]
5 0 0 | finished  ls09-0-5aeca63e SM15_micro002_conf_3 lsf-cpu [lt17]

All jobs have completed.

5 of 5 job(s) succeeded; 0 job(s) failed.

Timer (distribute subjobs) : 1407.78 secs (0 hrs, 23 mins, 27 secs)

Processing QM output files...

Executing subprocess:
/data/chodera/schrodinger/schrodinger2017-4-advanced/jaguar results -energy SM15_micro002_conf_1.nrg_h.out

Executing subprocess:
/data/chodera/schrodinger/schrodinger2017-4-advanced/jaguar results -esolv SM15_micro002_conf_1.sol_h.out

Executing subprocess:
/data/chodera/schrodinger/schrodinger2017-4-advanced/jaguar results -energy SM15_micro002_conf_2.nrg_h.out

Executing subprocess:
/data/chodera/schrodinger/schrodinger2017-4-advanced/jaguar results -esolv SM15_micro002_conf_2.sol_h.out

Executing subprocess:
/data/chodera/schrodinger/schrodinger2017-4-advanced/jaguar results -energy SM15_micro002_conf_3.nrg_h.out

Executing subprocess:
/data/chodera/schrodinger/schrodinger2017-4-advanced/jaguar results -esolv SM15_micro002_conf_3.sol_h.out

Executing subprocess:
/data/chodera/schrodinger/schrodinger2017-4-advanced/jaguar results -energy SM15_micro004_conf_1.nrg.out

Executing subprocess:
/data/chodera/schrodinger/schrodinger2017-4-advanced/jaguar results -esolv SM15_micro004_conf_1.sol.out

Executing subprocess:
/data/chodera/schrodinger/schrodinger2017-4-advanced/jaguar results -energy SM15_micro004_conf_2.nrg.out

Executing subprocess:
/data/chodera/schrodinger/schrodinger2017-4-advanced/jaguar results -esolv SM15_micro004_conf_2.sol.out

Executing subprocess:
/data/chodera/schrodinger/schrodinger2017-4-advanced/jaguar-v9.8/bin/Linux-x86_64/pka -o SM15_micro002_deprot-out.mae -j SM15_micro002.jres -n -d

Executing subprocess:
/data/chodera/schrodinger/schrodinger2017-4-advanced/jaguar-v9.8/bin/Linux-x86_64/pka -o SM15_micro002_prot-out.mae -j SM15_micro002.jres -n

pKa calculation for SM15_micro002 completed.

pKa workflow jag_SM15_micro002_SM15_micro004 completed.

Timer (Jaguar pKa) : 1690.64 secs (0 hrs, 28 mins, 10 secs)
Timer (jaguar_backend.py) : 1690.64 secs (0 hrs, 28 mins, 10 secs)
Finished:   Fri May  4 14:52:14 2018
