Command:    jaguar run pka.py -jobname jag_SM10_micro016_SM10_micro006 -PARALLEL 10 -n -csrch -prot SM10_micro016.in -deprot SM10_micro006.in
Release:    2017-4
Exec:       /data/chodera/schrodinger/schrodinger2017-4-advanced/jaguar-v9.8/bin/Linux-x86_64
Host:       ls12
JobId:      lilac-0-5aec80bd
JobDir:     /lila/data/chodera/schrodinger/tmpdir/rustenburg/jag_SM10_micro016_SM10_micro006
Date:       Fri May  4 11:53:15 2018

Contents of /lila/data/chodera/schrodinger/tmpdir/rustenburg/jag_SM10_micro016_SM10_micro006:
/lila/data/chodera/schrodinger/tmpdir/rustenburg/jag_SM10_micro016_SM10_micro006/jag_SM10_micro016_SM10_micro006.log
/lila/data/chodera/schrodinger/tmpdir/rustenburg/jag_SM10_micro016_SM10_micro006/SM10_micro006.in
/lila/data/chodera/schrodinger/tmpdir/rustenburg/jag_SM10_micro016_SM10_micro006/jag_SM10_micro016_SM10_micro006.recover
/lila/data/chodera/schrodinger/tmpdir/rustenburg/jag_SM10_micro016_SM10_micro006/lilac-0-5aec80bd
/lila/data/chodera/schrodinger/tmpdir/rustenburg/jag_SM10_micro016_SM10_micro006/SM10_micro016.in
/lila/data/chodera/schrodinger/tmpdir/rustenburg/jag_SM10_micro016_SM10_micro006/SM10_micro006.mae
/lila/data/chodera/schrodinger/tmpdir/rustenburg/jag_SM10_micro016_SM10_micro006/lilac-0-5aec80bd.hosts
/lila/data/chodera/schrodinger/tmpdir/rustenburg/jag_SM10_micro016_SM10_micro006/lilac-0-5aec80bd.nodes
/lila/data/chodera/schrodinger/tmpdir/rustenburg/jag_SM10_micro016_SM10_micro006/lilac-0-5aec80bd.jlog
/lila/data/chodera/schrodinger/tmpdir/rustenburg/jag_SM10_micro016_SM10_micro006/SM10_micro016.mae
/lila/data/chodera/schrodinger/tmpdir/rustenburg/jag_SM10_micro016_SM10_micro006/lilac-0-5aec80bd.recover
/lila/data/chodera/schrodinger/tmpdir/rustenburg/jag_SM10_micro016_SM10_micro006/lilac-0-5aec80bd.mpinodes

=====================
 Jaguar pKa workflow
=====================

Analysing user-provided (prot, deprot) pair:
(SM10_micro016.in, SM10_micro006.in)
Found labile hydrogen 23 in SM10_micro016.in
Found labile hydrogen at atom 9 in SM10_micro006.in
Adding 'ipkat' keyword to input files.

Identifying pKa functional group for pair:
(SM10_micro016, SM10_micro006)

Executing subprocess:
/data/chodera/schrodinger/schrodinger2017-4-advanced/jaguar-v9.8/bin/Linux-x86_64/pka -i -j SM10_micro016.tmp.jres -n

Taking protonated structures from:
SM10_micro016.mae
Taking deprotonated structures from:
SM10_micro006.mae

This molecule from 'SM10_micro016.mae' in water was recognized as:

 # 	                  Shell                   
---	------------------------------------------
1: 	Protonation of sp3-like aliphatic nitrogen
2: 	Protonation of generic atom               


Executing conformational search...

Executing 2 distributed subjobs:
---------------------------------

No more than 8 cpu(s) will be used per subjob.
No more than 10 cpu(s) will be used simultaneously.

Processing the following subjobs:
(1) jaguar run csrch.py SM10_micro016.mae -jobname SM10_micro016 -max_conf 5 -erg_window 50.208 -acc_level 1 -TPP 5
(2) jaguar run csrch.py SM10_micro006.mae -jobname SM10_micro006 -max_conf 5 -erg_window 50.208 -acc_level 1 -TPP 5

Running subjobs on hosts:
  lsf-cpu (Max: 2)
Number of jobs:       2
Max retries per job:  3
Max allowed failures: unlimited
Run with -LOCAL:      False
Verbosity:            normal

Starting JobDJ...

Keep one job on driver host: False
JobDJ columns:
  C: Number of completed subjobs
  A: Number of active subjobs (e.g., submitted, running)
  W: Number of waiting/pending subjobs

C A W | Activity  JobId  JobName  JobHost
- - - | --------- -----------------------
0 1 1 | launched  ls12-0-5aec81f3 SM10_micro016 lsf-cpu
0 2 0 | launched  ls12-0-5aec81f7 SM10_micro006 lsf-cpu
1 1 0 | finished  ls12-0-5aec81f3 SM10_micro016 lsf-cpu [ls04]
2 0 0 | finished  ls12-0-5aec81f7 SM10_micro006 lsf-cpu [lt01]

All jobs have completed.

2 of 2 job(s) succeeded; 0 job(s) failed.

Timer (distribute subjobs) : 3883.80 secs (1 hrs, 04 mins, 43 secs)

Setting up QM workflow for (protonated, deprotonated) pair:
(1) (SM10_micro016, SM10_micro006)

Executing Jaguar quantum-mechanical subjobs...

Executing 10 distributed subjobs:
----------------------------------

No more than 8 cpu(s) will be used per subjob.
No more than 10 cpu(s) will be used simultaneously.

Processing the following subjobs:
(1) jaguar run pka_prot.bat -jobname SM10_micro016_conf_1 SM10_micro016_conf_1.in
(2) jaguar run pka_prot.bat -jobname SM10_micro016_conf_2 SM10_micro016_conf_2.in
(3) jaguar run pka_prot.bat -jobname SM10_micro016_conf_3 SM10_micro016_conf_3.in
(4) jaguar run pka_prot.bat -jobname SM10_micro016_conf_4 SM10_micro016_conf_4.in
(5) jaguar run pka_prot.bat -jobname SM10_micro016_conf_5 SM10_micro016_conf_5.in
(6) jaguar run pka_deprot.bat -jobname SM10_micro006_conf_1 SM10_micro006_conf_1.in
(7) jaguar run pka_deprot.bat -jobname SM10_micro006_conf_2 SM10_micro006_conf_2.in
(8) jaguar run pka_deprot.bat -jobname SM10_micro006_conf_3 SM10_micro006_conf_3.in
(9) jaguar run pka_deprot.bat -jobname SM10_micro006_conf_4 SM10_micro006_conf_4.in
(10) jaguar run pka_deprot.bat -jobname SM10_micro006_conf_5 SM10_micro006_conf_5.in

Running subjobs on hosts:
  lsf-cpu (Max: 10)
Number of jobs:       10
Max retries per job:  3
Max allowed failures: unlimited
Run with -LOCAL:      False
Verbosity:            normal

Starting JobDJ...

Keep one job on driver host: True
JobDJ columns:
  C: Number of completed subjobs
  A: Number of active subjobs (e.g., submitted, running)
  W: Number of waiting/pending subjobs

 C  A  W | Activity  JobId  JobName  JobHost
-- -- -- | --------- -----------------------
 0  1  9 | launched  ls12-0-5aec9123 SM10_micro016_conf_1 localhost [ls12]
 0  2  8 | launched  ls12-0-5aec9128 SM10_micro016_conf_2 lsf-cpu
 0  3  7 | launched  ls12-0-5aec912d SM10_micro016_conf_3 lsf-cpu
 0  4  6 | launched  ls12-0-5aec9131 SM10_micro016_conf_4 lsf-cpu
 0  5  5 | launched  ls12-0-5aec9137 SM10_micro016_conf_5 lsf-cpu
 0  6  4 | launched  ls12-0-5aec9141 SM10_micro006_conf_1 lsf-cpu
 0  7  3 | launched  ls12-2-5aec9149 SM10_micro006_conf_2 lsf-cpu
 0  8  2 | launched  ls12-0-5aec914f SM10_micro006_conf_3 lsf-cpu
 0  9  1 | launched  ls12-0-5aec9155 SM10_micro006_conf_4 lsf-cpu
 0 10  0 | launched  ls12-0-5aec915c SM10_micro006_conf_5 lsf-cpu
 1  9  0 | finished  ls12-0-5aec9123 SM10_micro016_conf_1 localhost [ls12]
 2  8  0 | finished  ls12-0-5aec9141 SM10_micro006_conf_1 lsf-cpu [lt02]
 3  7  0 | finished  ls12-0-5aec912d SM10_micro016_conf_3 lsf-cpu [lt11]
 4  6  0 | finished  ls12-2-5aec9149 SM10_micro006_conf_2 lsf-cpu [ls09]
 5  5  0 | finished  ls12-0-5aec915c SM10_micro006_conf_5 lsf-cpu [ls09]
 6  4  0 | finished  ls12-0-5aec9131 SM10_micro016_conf_4 lsf-cpu [lt17]
 7  3  0 | finished  ls12-0-5aec914f SM10_micro006_conf_3 lsf-cpu [ls09]
 8  2  0 | finished  ls12-0-5aec9155 SM10_micro006_conf_4 lsf-cpu [ls09]
 9  1  0 | finished  ls12-0-5aec9137 SM10_micro016_conf_5 lsf-cpu [lt17]
10  0  0 | finished  ls12-0-5aec9128 SM10_micro016_conf_2 lsf-cpu [lt14]

All jobs have completed.

10 of 10 job(s) succeeded; 0 job(s) failed.

Timer (distribute subjobs) : 4977.02 secs (1 hrs, 22 mins, 57 secs)

Processing QM output files...

Executing subprocess:
/data/chodera/schrodinger/schrodinger2017-4-advanced/jaguar results -energy SM10_micro016_conf_1.nrg_h.out

Executing subprocess:
/data/chodera/schrodinger/schrodinger2017-4-advanced/jaguar results -esolv SM10_micro016_conf_1.sol_h.out

Executing subprocess:
/data/chodera/schrodinger/schrodinger2017-4-advanced/jaguar results -energy SM10_micro016_conf_2.nrg_h.out

Executing subprocess:
/data/chodera/schrodinger/schrodinger2017-4-advanced/jaguar results -esolv SM10_micro016_conf_2.sol_h.out

Executing subprocess:
/data/chodera/schrodinger/schrodinger2017-4-advanced/jaguar results -energy SM10_micro016_conf_3.nrg_h.out

Executing subprocess:
/data/chodera/schrodinger/schrodinger2017-4-advanced/jaguar results -esolv SM10_micro016_conf_3.sol_h.out

Executing subprocess:
/data/chodera/schrodinger/schrodinger2017-4-advanced/jaguar results -energy SM10_micro016_conf_4.nrg_h.out

Executing subprocess:
/data/chodera/schrodinger/schrodinger2017-4-advanced/jaguar results -esolv SM10_micro016_conf_4.sol_h.out

Executing subprocess:
/data/chodera/schrodinger/schrodinger2017-4-advanced/jaguar results -energy SM10_micro016_conf_5.nrg_h.out

Executing subprocess:
/data/chodera/schrodinger/schrodinger2017-4-advanced/jaguar results -esolv SM10_micro016_conf_5.sol_h.out

Executing subprocess:
/data/chodera/schrodinger/schrodinger2017-4-advanced/jaguar results -energy SM10_micro006_conf_1.nrg.out

Executing subprocess:
/data/chodera/schrodinger/schrodinger2017-4-advanced/jaguar results -esolv SM10_micro006_conf_1.sol.out

Executing subprocess:
/data/chodera/schrodinger/schrodinger2017-4-advanced/jaguar results -energy SM10_micro006_conf_2.nrg.out

Executing subprocess:
/data/chodera/schrodinger/schrodinger2017-4-advanced/jaguar results -esolv SM10_micro006_conf_2.sol.out

Executing subprocess:
/data/chodera/schrodinger/schrodinger2017-4-advanced/jaguar results -energy SM10_micro006_conf_3.nrg.out

Executing subprocess:
/data/chodera/schrodinger/schrodinger2017-4-advanced/jaguar results -esolv SM10_micro006_conf_3.sol.out

Executing subprocess:
/data/chodera/schrodinger/schrodinger2017-4-advanced/jaguar results -energy SM10_micro006_conf_4.nrg.out

Executing subprocess:
/data/chodera/schrodinger/schrodinger2017-4-advanced/jaguar results -esolv SM10_micro006_conf_4.sol.out

Executing subprocess:
/data/chodera/schrodinger/schrodinger2017-4-advanced/jaguar results -energy SM10_micro006_conf_5.nrg.out

Executing subprocess:
/data/chodera/schrodinger/schrodinger2017-4-advanced/jaguar results -esolv SM10_micro006_conf_5.sol.out

Executing subprocess:
/data/chodera/schrodinger/schrodinger2017-4-advanced/jaguar-v9.8/bin/Linux-x86_64/pka -o SM10_micro016_deprot-out.mae -j SM10_micro016.jres -n -d

Executing subprocess:
/data/chodera/schrodinger/schrodinger2017-4-advanced/jaguar-v9.8/bin/Linux-x86_64/pka -o SM10_micro016_prot-out.mae -j SM10_micro016.jres -n

pKa calculation for SM10_micro016 completed.

pKa workflow jag_SM10_micro016_SM10_micro006 completed.

Timer (Jaguar pKa) : 8950.97 secs (2 hrs, 29 mins, 10 secs)
Timer (jaguar_backend.py) : 8950.97 secs (2 hrs, 29 mins, 10 secs)
Finished:   Fri May  4 14:22:26 2018
