Command:    jaguar run pka.py -jobname jag_SM12_micro001_SM12_micro002 -PARALLEL 10 -n -csrch -prot SM12_micro001.in -deprot SM12_micro002.in
Release:    2017-4
Exec:       /data/chodera/schrodinger/schrodinger2017-4-advanced/jaguar-v9.8/bin/Linux-x86_64
Host:       ls04
JobId:      lilac-0-5aeca14c
JobDir:     /lila/data/chodera/schrodinger/tmpdir/rustenburg/jag_SM12_micro001_SM12_micro002
Date:       Fri May  4 14:07:17 2018

Contents of /lila/data/chodera/schrodinger/tmpdir/rustenburg/jag_SM12_micro001_SM12_micro002:
/lila/data/chodera/schrodinger/tmpdir/rustenburg/jag_SM12_micro001_SM12_micro002/SM12_micro001.in
/lila/data/chodera/schrodinger/tmpdir/rustenburg/jag_SM12_micro001_SM12_micro002/jag_SM12_micro001_SM12_micro002.recover
/lila/data/chodera/schrodinger/tmpdir/rustenburg/jag_SM12_micro001_SM12_micro002/lilac-0-5aeca14c.mpinodes
/lila/data/chodera/schrodinger/tmpdir/rustenburg/jag_SM12_micro001_SM12_micro002/lilac-0-5aeca14c
/lila/data/chodera/schrodinger/tmpdir/rustenburg/jag_SM12_micro001_SM12_micro002/SM12_micro002.mae
/lila/data/chodera/schrodinger/tmpdir/rustenburg/jag_SM12_micro001_SM12_micro002/lilac-0-5aeca14c.nodes
/lila/data/chodera/schrodinger/tmpdir/rustenburg/jag_SM12_micro001_SM12_micro002/jag_SM12_micro001_SM12_micro002.log
/lila/data/chodera/schrodinger/tmpdir/rustenburg/jag_SM12_micro001_SM12_micro002/SM12_micro002.in
/lila/data/chodera/schrodinger/tmpdir/rustenburg/jag_SM12_micro001_SM12_micro002/lilac-0-5aeca14c.hosts
/lila/data/chodera/schrodinger/tmpdir/rustenburg/jag_SM12_micro001_SM12_micro002/SM12_micro001.mae
/lila/data/chodera/schrodinger/tmpdir/rustenburg/jag_SM12_micro001_SM12_micro002/lilac-0-5aeca14c.recover
/lila/data/chodera/schrodinger/tmpdir/rustenburg/jag_SM12_micro001_SM12_micro002/lilac-0-5aeca14c.jlog

=====================
 Jaguar pKa workflow
=====================

Analysing user-provided (prot, deprot) pair:
(SM12_micro001.in, SM12_micro002.in)
Found labile hydrogen 25 in SM12_micro001.in
Found labile hydrogen at atom 11 in SM12_micro002.in
Adding 'ipkat' keyword to input files.

Identifying pKa functional group for pair:
(SM12_micro001, SM12_micro002)

Executing subprocess:
/data/chodera/schrodinger/schrodinger2017-4-advanced/jaguar-v9.8/bin/Linux-x86_64/pka -i -j SM12_micro001.tmp.jres -n

Taking protonated structures from:
SM12_micro001.mae
Taking deprotonated structures from:
SM12_micro002.mae

This molecule from 'SM12_micro001.mae' in water was recognized as:

 # 	                  Shell                   
---	------------------------------------------
1: 	RN=Het                                    
2: 	Protonation of sp2-like aliphatic nitrogen
3: 	Protonation of generic atom               


Executing conformational search...

Executing 2 distributed subjobs:
---------------------------------

No more than 8 cpu(s) will be used per subjob.
No more than 10 cpu(s) will be used simultaneously.

Processing the following subjobs:
(1) jaguar run csrch.py SM12_micro001.mae -jobname SM12_micro001 -max_conf 5 -erg_window 50.208 -acc_level 1 -TPP 5
(2) jaguar run csrch.py SM12_micro002.mae -jobname SM12_micro002 -max_conf 5 -erg_window 50.208 -acc_level 1 -TPP 5

Running subjobs on hosts:
  lsf-cpu (Max: 2)
Number of jobs:       2
Max retries per job:  3
Max allowed failures: unlimited
Run with -LOCAL:      False
Verbosity:            normal

Starting JobDJ...

Keep one job on driver host: False
JobDJ columns:
  C: Number of completed subjobs
  A: Number of active subjobs (e.g., submitted, running)
  W: Number of waiting/pending subjobs

C A W | Activity  JobId  JobName  JobHost
- - - | --------- -----------------------
0 1 1 | launched  ls04-0-5aeca15b SM12_micro001 lsf-cpu
0 2 0 | launched  ls04-0-5aeca15f SM12_micro002 lsf-cpu
1 1 0 | finished  ls04-0-5aeca15f SM12_micro002 lsf-cpu
2 0 0 | finished  ls04-0-5aeca15b SM12_micro001 lsf-cpu

All jobs have completed.

2 of 2 job(s) succeeded; 0 job(s) failed.

Timer (distribute subjobs) : 375.07 secs (0 hrs, 06 mins, 15 secs)

Setting up QM workflow for (protonated, deprotonated) pair:
(1) (SM12_micro001, SM12_micro002)

Executing Jaguar quantum-mechanical subjobs...

Executing 8 distributed subjobs:
---------------------------------

No more than 8 cpu(s) will be used per subjob.
No more than 10 cpu(s) will be used simultaneously.

Processing the following subjobs:
(1) jaguar run pka_prot.bat -jobname SM12_micro001_conf_1 SM12_micro001_conf_1.in -TPP 2
(2) jaguar run pka_prot.bat -jobname SM12_micro001_conf_2 SM12_micro001_conf_2.in -TPP 2
(3) jaguar run pka_prot.bat -jobname SM12_micro001_conf_3 SM12_micro001_conf_3.in
(4) jaguar run pka_prot.bat -jobname SM12_micro001_conf_4 SM12_micro001_conf_4.in
(5) jaguar run pka_prot.bat -jobname SM12_micro001_conf_5 SM12_micro001_conf_5.in
(6) jaguar run pka_deprot.bat -jobname SM12_micro002_conf_1 SM12_micro002_conf_1.in
(7) jaguar run pka_deprot.bat -jobname SM12_micro002_conf_2 SM12_micro002_conf_2.in
(8) jaguar run pka_deprot.bat -jobname SM12_micro002_conf_3 SM12_micro002_conf_3.in

Running subjobs on hosts:
  lsf-cpu (Max: 8)
Number of jobs:       8
Max retries per job:  3
Max allowed failures: unlimited
Run with -LOCAL:      False
Verbosity:            normal

Starting JobDJ...

Keep one job on driver host: False
JobDJ columns:
  C: Number of completed subjobs
  A: Number of active subjobs (e.g., submitted, running)
  W: Number of waiting/pending subjobs

C A W | Activity  JobId  JobName  JobHost
- - - | --------- -----------------------
0 1 7 | launched  ls04-0-5aeca2d3 SM12_micro001_conf_1 lsf-cpu
0 2 6 | launched  ls04-0-5aeca2d6 SM12_micro001_conf_2 lsf-cpu
0 3 5 | launched  ls04-0-5aeca2da SM12_micro001_conf_3 lsf-cpu
0 4 4 | launched  ls04-0-5aeca2dd SM12_micro001_conf_4 lsf-cpu
0 5 3 | launched  ls04-0-5aeca2e1 SM12_micro001_conf_5 lsf-cpu
0 6 2 | launched  ls04-0-5aeca2e5 SM12_micro002_conf_1 lsf-cpu
0 7 1 | launched  ls04-0-5aeca2e8 SM12_micro002_conf_2 lsf-cpu
0 8 0 | launched  ls04-0-5aeca2eb SM12_micro002_conf_3 lsf-cpu
1 7 0 | finished  ls04-0-5aeca2eb SM12_micro002_conf_3 lsf-cpu [ls04]
2 6 0 | finished  ls04-0-5aeca2da SM12_micro001_conf_3 lsf-cpu [lt20]
3 5 0 | finished  ls04-0-5aeca2dd SM12_micro001_conf_4 lsf-cpu [lt20]
4 4 0 | finished  ls04-0-5aeca2e1 SM12_micro001_conf_5 lsf-cpu [lt05]
5 3 0 | finished  ls04-0-5aeca2d3 SM12_micro001_conf_1 lsf-cpu [ls13]
6 2 0 | finished  ls04-0-5aeca2e5 SM12_micro002_conf_1 lsf-cpu [ls09]
7 1 0 | finished  ls04-0-5aeca2d6 SM12_micro001_conf_2 lsf-cpu [ls11]
8 0 0 | finished  ls04-0-5aeca2e8 SM12_micro002_conf_2 lsf-cpu [ls18]

All jobs have completed.

8 of 8 job(s) succeeded; 0 job(s) failed.

Timer (distribute subjobs) : 2407.90 secs (0 hrs, 40 mins, 07 secs)

Processing QM output files...

Executing subprocess:
/data/chodera/schrodinger/schrodinger2017-4-advanced/jaguar results -energy SM12_micro001_conf_1.nrg_h.out

Executing subprocess:
/data/chodera/schrodinger/schrodinger2017-4-advanced/jaguar results -esolv SM12_micro001_conf_1.sol_h.out

Executing subprocess:
/data/chodera/schrodinger/schrodinger2017-4-advanced/jaguar results -energy SM12_micro001_conf_2.nrg_h.out

Executing subprocess:
/data/chodera/schrodinger/schrodinger2017-4-advanced/jaguar results -esolv SM12_micro001_conf_2.sol_h.out

Executing subprocess:
/data/chodera/schrodinger/schrodinger2017-4-advanced/jaguar results -energy SM12_micro001_conf_3.nrg_h.out

Executing subprocess:
/data/chodera/schrodinger/schrodinger2017-4-advanced/jaguar results -esolv SM12_micro001_conf_3.sol_h.out

Executing subprocess:
/data/chodera/schrodinger/schrodinger2017-4-advanced/jaguar results -energy SM12_micro001_conf_4.nrg_h.out

Executing subprocess:
/data/chodera/schrodinger/schrodinger2017-4-advanced/jaguar results -esolv SM12_micro001_conf_4.sol_h.out

Executing subprocess:
/data/chodera/schrodinger/schrodinger2017-4-advanced/jaguar results -energy SM12_micro001_conf_5.nrg_h.out

Executing subprocess:
/data/chodera/schrodinger/schrodinger2017-4-advanced/jaguar results -esolv SM12_micro001_conf_5.sol_h.out

Executing subprocess:
/data/chodera/schrodinger/schrodinger2017-4-advanced/jaguar results -energy SM12_micro002_conf_1.nrg.out

Executing subprocess:
/data/chodera/schrodinger/schrodinger2017-4-advanced/jaguar results -esolv SM12_micro002_conf_1.sol.out

Executing subprocess:
/data/chodera/schrodinger/schrodinger2017-4-advanced/jaguar results -energy SM12_micro002_conf_2.nrg.out

Executing subprocess:
/data/chodera/schrodinger/schrodinger2017-4-advanced/jaguar results -esolv SM12_micro002_conf_2.sol.out

Executing subprocess:
/data/chodera/schrodinger/schrodinger2017-4-advanced/jaguar results -energy SM12_micro002_conf_3.nrg.out

Executing subprocess:
/data/chodera/schrodinger/schrodinger2017-4-advanced/jaguar results -esolv SM12_micro002_conf_3.sol.out

Executing subprocess:
/data/chodera/schrodinger/schrodinger2017-4-advanced/jaguar-v9.8/bin/Linux-x86_64/pka -o SM12_micro001_deprot-out.mae -j SM12_micro001.jres -n -d

Executing subprocess:
/data/chodera/schrodinger/schrodinger2017-4-advanced/jaguar-v9.8/bin/Linux-x86_64/pka -o SM12_micro001_prot-out.mae -j SM12_micro001.jres -n

pKa calculation for SM12_micro001 completed.

pKa workflow jag_SM12_micro001_SM12_micro002 completed.

Timer (Jaguar pKa) : 2883.26 secs (0 hrs, 48 mins, 03 secs)
Timer (jaguar_backend.py) : 2883.26 secs (0 hrs, 48 mins, 03 secs)
Finished:   Fri May  4 14:55:20 2018
