Command:    jaguar run pka.py -jobname jag_SM12_micro010_SM12_micro008 -PARALLEL 10 -n -csrch -prot SM12_micro010.in -deprot SM12_micro008.in
Release:    2017-4
Exec:       /data/chodera/schrodinger/schrodinger2017-4-advanced/jaguar-v9.8/bin/Linux-x86_64
Host:       ls01
JobId:      lilac-0-5aeca1b8
JobDir:     /lila/data/chodera/schrodinger/tmpdir/rustenburg/jag_SM12_micro010_SM12_micro008
Date:       Fri May  4 14:09:02 2018

Contents of /lila/data/chodera/schrodinger/tmpdir/rustenburg/jag_SM12_micro010_SM12_micro008:
/lila/data/chodera/schrodinger/tmpdir/rustenburg/jag_SM12_micro010_SM12_micro008/lilac-0-5aeca1b8.mpinodes
/lila/data/chodera/schrodinger/tmpdir/rustenburg/jag_SM12_micro010_SM12_micro008/lilac-0-5aeca1b8.recover
/lila/data/chodera/schrodinger/tmpdir/rustenburg/jag_SM12_micro010_SM12_micro008/lilac-0-5aeca1b8.jlog
/lila/data/chodera/schrodinger/tmpdir/rustenburg/jag_SM12_micro010_SM12_micro008/jag_SM12_micro010_SM12_micro008.log
/lila/data/chodera/schrodinger/tmpdir/rustenburg/jag_SM12_micro010_SM12_micro008/SM12_micro008.in
/lila/data/chodera/schrodinger/tmpdir/rustenburg/jag_SM12_micro010_SM12_micro008/SM12_micro008.mae
/lila/data/chodera/schrodinger/tmpdir/rustenburg/jag_SM12_micro010_SM12_micro008/SM12_micro010.mae
/lila/data/chodera/schrodinger/tmpdir/rustenburg/jag_SM12_micro010_SM12_micro008/lilac-0-5aeca1b8
/lila/data/chodera/schrodinger/tmpdir/rustenburg/jag_SM12_micro010_SM12_micro008/lilac-0-5aeca1b8.hosts
/lila/data/chodera/schrodinger/tmpdir/rustenburg/jag_SM12_micro010_SM12_micro008/jag_SM12_micro010_SM12_micro008.recover
/lila/data/chodera/schrodinger/tmpdir/rustenburg/jag_SM12_micro010_SM12_micro008/SM12_micro010.in
/lila/data/chodera/schrodinger/tmpdir/rustenburg/jag_SM12_micro010_SM12_micro008/lilac-0-5aeca1b8.nodes

=====================
 Jaguar pKa workflow
=====================

Analysing user-provided (prot, deprot) pair:
(SM12_micro010.in, SM12_micro008.in)
Found labile hydrogen 19 in SM12_micro010.in
Found labile hydrogen at atom 10 in SM12_micro008.in
Adding 'ipkat' keyword to input files.

Identifying pKa functional group for pair:
(SM12_micro010, SM12_micro008)

Executing subprocess:
/data/chodera/schrodinger/schrodinger2017-4-advanced/jaguar-v9.8/bin/Linux-x86_64/pka -i -j SM12_micro010.tmp.jres -n

Taking protonated structures from:
SM12_micro010.mae
Taking deprotonated structures from:
SM12_micro008.mae

This molecule from 'SM12_micro010.mae' in water was recognized as:

 # 	           Shell           
---	---------------------------
1: 	pyrimidine                 
2: 	heterocycle custom 1       
3: 	heterocycle                
4: 	Protonation of generic atom


Executing conformational search...

Executing 2 distributed subjobs:
---------------------------------

No more than 8 cpu(s) will be used per subjob.
No more than 10 cpu(s) will be used simultaneously.

Processing the following subjobs:
(1) jaguar run csrch.py SM12_micro010.mae -jobname SM12_micro010 -max_conf 5 -erg_window 50.208 -acc_level 1 -TPP 5
(2) jaguar run csrch.py SM12_micro008.mae -jobname SM12_micro008 -max_conf 5 -erg_window 50.208 -acc_level 1 -TPP 5

Running subjobs on hosts:
  lsf-cpu (Max: 2)
Number of jobs:       2
Max retries per job:  3
Max allowed failures: unlimited
Run with -LOCAL:      False
Verbosity:            normal

Starting JobDJ...

Keep one job on driver host: False
JobDJ columns:
  C: Number of completed subjobs
  A: Number of active subjobs (e.g., submitted, running)
  W: Number of waiting/pending subjobs

C A W | Activity  JobId  JobName  JobHost
- - - | --------- -----------------------
0 1 1 | launched  ls01-0-5aeca1c5 SM12_micro010 lsf-cpu
0 2 0 | launched  ls01-0-5aeca1c9 SM12_micro008 lsf-cpu
1 1 0 | finished  ls01-0-5aeca1c9 SM12_micro008 lsf-cpu [lt17]
2 0 0 | finished  ls01-0-5aeca1c5 SM12_micro010 lsf-cpu [lt02]

All jobs have completed.

2 of 2 job(s) succeeded; 0 job(s) failed.

Timer (distribute subjobs) : 641.07 secs (0 hrs, 10 mins, 41 secs)

Setting up QM workflow for (protonated, deprotonated) pair:
(1) (SM12_micro010, SM12_micro008)

Executing Jaguar quantum-mechanical subjobs...

Executing 9 distributed subjobs:
---------------------------------

No more than 8 cpu(s) will be used per subjob.
No more than 10 cpu(s) will be used simultaneously.

Processing the following subjobs:
(1) jaguar run pka_prot.bat -jobname SM12_micro010_conf_1 SM12_micro010_conf_1.in -TPP 2
(2) jaguar run pka_prot.bat -jobname SM12_micro010_conf_2 SM12_micro010_conf_2.in
(3) jaguar run pka_prot.bat -jobname SM12_micro010_conf_3 SM12_micro010_conf_3.in
(4) jaguar run pka_prot.bat -jobname SM12_micro010_conf_4 SM12_micro010_conf_4.in
(5) jaguar run pka_deprot.bat -jobname SM12_micro008_conf_1 SM12_micro008_conf_1.in
(6) jaguar run pka_deprot.bat -jobname SM12_micro008_conf_2 SM12_micro008_conf_2.in
(7) jaguar run pka_deprot.bat -jobname SM12_micro008_conf_3 SM12_micro008_conf_3.in
(8) jaguar run pka_deprot.bat -jobname SM12_micro008_conf_4 SM12_micro008_conf_4.in
(9) jaguar run pka_deprot.bat -jobname SM12_micro008_conf_5 SM12_micro008_conf_5.in

Running subjobs on hosts:
  lsf-cpu (Max: 9)
Number of jobs:       9
Max retries per job:  3
Max allowed failures: unlimited
Run with -LOCAL:      False
Verbosity:            normal

Starting JobDJ...

Keep one job on driver host: False
JobDJ columns:
  C: Number of completed subjobs
  A: Number of active subjobs (e.g., submitted, running)
  W: Number of waiting/pending subjobs

C A W | Activity  JobId  JobName  JobHost
- - - | --------- -----------------------
0 1 8 | launched  ls01-0-5aeca446 SM12_micro010_conf_1 lsf-cpu
0 2 7 | launched  ls01-0-5aeca448 SM12_micro010_conf_2 lsf-cpu
0 3 6 | launched  ls01-0-5aeca44b SM12_micro010_conf_3 lsf-cpu
0 4 5 | launched  ls01-0-5aeca44e SM12_micro010_conf_4 lsf-cpu
0 5 4 | launched  ls01-0-5aeca452 SM12_micro008_conf_1 lsf-cpu
0 6 3 | launched  ls01-0-5aeca455 SM12_micro008_conf_2 lsf-cpu
0 7 2 | launched  ls01-0-5aeca458 SM12_micro008_conf_3 lsf-cpu
0 8 1 | launched  ls01-0-5aeca45b SM12_micro008_conf_4 lsf-cpu
0 9 0 | launched  ls01-0-5aeca45e SM12_micro008_conf_5 lsf-cpu
1 8 0 | finished  ls01-0-5aeca452 SM12_micro008_conf_1 lsf-cpu [ls01]
2 7 0 | finished  ls01-0-5aeca44e SM12_micro010_conf_4 lsf-cpu [ls18]
3 6 0 | finished  ls01-0-5aeca45e SM12_micro008_conf_5 lsf-cpu [lt21]
4 5 0 | finished  ls01-0-5aeca446 SM12_micro010_conf_1 lsf-cpu [lt02]
5 4 0 | finished  ls01-0-5aeca455 SM12_micro008_conf_2 lsf-cpu [ls01]
6 3 0 | finished  ls01-0-5aeca45b SM12_micro008_conf_4 lsf-cpu [ls18]
7 2 0 | finished  ls01-0-5aeca448 SM12_micro010_conf_2 lsf-cpu [ls01]
8 1 0 | finished  ls01-0-5aeca458 SM12_micro008_conf_3 lsf-cpu [ls18]
9 0 0 | finished  ls01-0-5aeca44b SM12_micro010_conf_3 lsf-cpu [lt21]

All jobs have completed.

9 of 9 job(s) succeeded; 0 job(s) failed.

Timer (distribute subjobs) : 2460.87 secs (0 hrs, 41 mins, 00 secs)

Processing QM output files...

Executing subprocess:
/data/chodera/schrodinger/schrodinger2017-4-advanced/jaguar results -energy SM12_micro010_conf_1.nrg_h.out

Executing subprocess:
/data/chodera/schrodinger/schrodinger2017-4-advanced/jaguar results -esolv SM12_micro010_conf_1.sol_h.out

Executing subprocess:
/data/chodera/schrodinger/schrodinger2017-4-advanced/jaguar results -energy SM12_micro010_conf_2.nrg_h.out

Executing subprocess:
/data/chodera/schrodinger/schrodinger2017-4-advanced/jaguar results -esolv SM12_micro010_conf_2.sol_h.out

Executing subprocess:
/data/chodera/schrodinger/schrodinger2017-4-advanced/jaguar results -energy SM12_micro010_conf_3.nrg_h.out

Executing subprocess:
/data/chodera/schrodinger/schrodinger2017-4-advanced/jaguar results -esolv SM12_micro010_conf_3.sol_h.out

Executing subprocess:
/data/chodera/schrodinger/schrodinger2017-4-advanced/jaguar results -energy SM12_micro010_conf_4.nrg_h.out

Executing subprocess:
/data/chodera/schrodinger/schrodinger2017-4-advanced/jaguar results -esolv SM12_micro010_conf_4.sol_h.out

Executing subprocess:
/data/chodera/schrodinger/schrodinger2017-4-advanced/jaguar results -energy SM12_micro008_conf_1.nrg.out

Executing subprocess:
/data/chodera/schrodinger/schrodinger2017-4-advanced/jaguar results -esolv SM12_micro008_conf_1.sol.out

Executing subprocess:
/data/chodera/schrodinger/schrodinger2017-4-advanced/jaguar results -energy SM12_micro008_conf_2.nrg.out

Executing subprocess:
/data/chodera/schrodinger/schrodinger2017-4-advanced/jaguar results -esolv SM12_micro008_conf_2.sol.out

Executing subprocess:
/data/chodera/schrodinger/schrodinger2017-4-advanced/jaguar results -energy SM12_micro008_conf_3.nrg.out

Executing subprocess:
/data/chodera/schrodinger/schrodinger2017-4-advanced/jaguar results -esolv SM12_micro008_conf_3.sol.out

Executing subprocess:
/data/chodera/schrodinger/schrodinger2017-4-advanced/jaguar results -energy SM12_micro008_conf_4.nrg.out

Executing subprocess:
/data/chodera/schrodinger/schrodinger2017-4-advanced/jaguar results -esolv SM12_micro008_conf_4.sol.out

Executing subprocess:
/data/chodera/schrodinger/schrodinger2017-4-advanced/jaguar results -energy SM12_micro008_conf_5.nrg.out

Executing subprocess:
/data/chodera/schrodinger/schrodinger2017-4-advanced/jaguar results -esolv SM12_micro008_conf_5.sol.out

Executing subprocess:
/data/chodera/schrodinger/schrodinger2017-4-advanced/jaguar-v9.8/bin/Linux-x86_64/pka -o SM12_micro010_deprot-out.mae -j SM12_micro010.jres -n -d

Executing subprocess:
/data/chodera/schrodinger/schrodinger2017-4-advanced/jaguar-v9.8/bin/Linux-x86_64/pka -o SM12_micro010_prot-out.mae -j SM12_micro010.jres -n

pKa calculation for SM12_micro010 completed.

pKa workflow jag_SM12_micro010_SM12_micro008 completed.

Timer (Jaguar pKa) : 3175.03 secs (0 hrs, 52 mins, 55 secs)
Timer (jaguar_backend.py) : 3175.03 secs (0 hrs, 52 mins, 55 secs)
Finished:   Fri May  4 15:01:57 2018
