Command:    jaguar run pka.py -jobname jag_SM10_micro027_SM10_micro022 -PARALLEL 10 -n -csrch -prot SM10_micro027.in -deprot SM10_micro022.in
Release:    2017-4
Exec:       /data/chodera/schrodinger/schrodinger2017-4-advanced/jaguar-v9.8/bin/Linux-x86_64
Host:       lt11
JobId:      lilac-0-5aec8218
JobDir:     /lila/data/chodera/schrodinger/tmpdir/rustenburg/jag_SM10_micro027_SM10_micro022
Date:       Fri May  4 12:07:49 2018

Contents of /lila/data/chodera/schrodinger/tmpdir/rustenburg/jag_SM10_micro027_SM10_micro022:
/lila/data/chodera/schrodinger/tmpdir/rustenburg/jag_SM10_micro027_SM10_micro022/lilac-0-5aec8218.recover
/lila/data/chodera/schrodinger/tmpdir/rustenburg/jag_SM10_micro027_SM10_micro022/SM10_micro027.mae
/lila/data/chodera/schrodinger/tmpdir/rustenburg/jag_SM10_micro027_SM10_micro022/lilac-0-5aec8218.jlog
/lila/data/chodera/schrodinger/tmpdir/rustenburg/jag_SM10_micro027_SM10_micro022/jag_SM10_micro027_SM10_micro022.log
/lila/data/chodera/schrodinger/tmpdir/rustenburg/jag_SM10_micro027_SM10_micro022/lilac-0-5aec8218.nodes
/lila/data/chodera/schrodinger/tmpdir/rustenburg/jag_SM10_micro027_SM10_micro022/jag_SM10_micro027_SM10_micro022.recover
/lila/data/chodera/schrodinger/tmpdir/rustenburg/jag_SM10_micro027_SM10_micro022/lilac-0-5aec8218.mpinodes
/lila/data/chodera/schrodinger/tmpdir/rustenburg/jag_SM10_micro027_SM10_micro022/lilac-0-5aec8218
/lila/data/chodera/schrodinger/tmpdir/rustenburg/jag_SM10_micro027_SM10_micro022/SM10_micro022.mae
/lila/data/chodera/schrodinger/tmpdir/rustenburg/jag_SM10_micro027_SM10_micro022/lilac-0-5aec8218.hosts
/lila/data/chodera/schrodinger/tmpdir/rustenburg/jag_SM10_micro027_SM10_micro022/SM10_micro022.in
/lila/data/chodera/schrodinger/tmpdir/rustenburg/jag_SM10_micro027_SM10_micro022/SM10_micro027.in

=====================
 Jaguar pKa workflow
=====================

Analysing user-provided (prot, deprot) pair:
(SM10_micro027.in, SM10_micro022.in)
Found labile hydrogen 28 in SM10_micro027.in
Found labile hydrogen at atom 9 in SM10_micro022.in
Adding 'ipkat' keyword to input files.

Identifying pKa functional group for pair:
(SM10_micro027, SM10_micro022)

Executing subprocess:
/data/chodera/schrodinger/schrodinger2017-4-advanced/jaguar-v9.8/bin/Linux-x86_64/pka -i -j SM10_micro027.tmp.jres -n

Taking protonated structures from:
SM10_micro027.mae
Taking deprotonated structures from:
SM10_micro022.mae

This molecule from 'SM10_micro027.mae' in water was recognized as:

 # 	                  Shell                   
---	------------------------------------------
1: 	amide as acid                             
2: 	Protonation of sp2-like aliphatic nitrogen
3: 	Protonation of generic atom               


Executing conformational search...

Executing 2 distributed subjobs:
---------------------------------

No more than 8 cpu(s) will be used per subjob.
No more than 10 cpu(s) will be used simultaneously.

Processing the following subjobs:
(1) jaguar run csrch.py SM10_micro027.mae -jobname SM10_micro027 -max_conf 5 -erg_window 50.208 -acc_level 1 -TPP 5
(2) jaguar run csrch.py SM10_micro022.mae -jobname SM10_micro022 -max_conf 5 -erg_window 50.208 -acc_level 1 -TPP 5

Running subjobs on hosts:
  lsf-cpu (Max: 2)
Number of jobs:       2
Max retries per job:  3
Max allowed failures: unlimited
Run with -LOCAL:      False
Verbosity:            normal

Starting JobDJ...

Keep one job on driver host: False
JobDJ columns:
  C: Number of completed subjobs
  A: Number of active subjobs (e.g., submitted, running)
  W: Number of waiting/pending subjobs

C A W | Activity  JobId  JobName  JobHost
- - - | --------- -----------------------
0 1 1 | launched  lt11-0-5aec855b SM10_micro027 lsf-cpu
0 2 0 | launched  lt11-0-5aec855e SM10_micro022 lsf-cpu
1 1 0 | finished  lt11-0-5aec855b SM10_micro027 lsf-cpu [ls16]
2 0 0 | finished  lt11-0-5aec855e SM10_micro022 lsf-cpu [ls16]

All jobs have completed.

2 of 2 job(s) succeeded; 0 job(s) failed.

Timer (distribute subjobs) : 1822.54 secs (0 hrs, 30 mins, 22 secs)

Setting up QM workflow for (protonated, deprotonated) pair:
(1) (SM10_micro027, SM10_micro022)

Executing Jaguar quantum-mechanical subjobs...

Executing 10 distributed subjobs:
----------------------------------

No more than 8 cpu(s) will be used per subjob.
No more than 10 cpu(s) will be used simultaneously.

Processing the following subjobs:
(1) jaguar run pka_prot.bat -jobname SM10_micro027_conf_1 SM10_micro027_conf_1.in
(2) jaguar run pka_prot.bat -jobname SM10_micro027_conf_2 SM10_micro027_conf_2.in
(3) jaguar run pka_prot.bat -jobname SM10_micro027_conf_3 SM10_micro027_conf_3.in
(4) jaguar run pka_prot.bat -jobname SM10_micro027_conf_4 SM10_micro027_conf_4.in
(5) jaguar run pka_prot.bat -jobname SM10_micro027_conf_5 SM10_micro027_conf_5.in
(6) jaguar run pka_deprot.bat -jobname SM10_micro022_conf_1 SM10_micro022_conf_1.in
(7) jaguar run pka_deprot.bat -jobname SM10_micro022_conf_2 SM10_micro022_conf_2.in
(8) jaguar run pka_deprot.bat -jobname SM10_micro022_conf_3 SM10_micro022_conf_3.in
(9) jaguar run pka_deprot.bat -jobname SM10_micro022_conf_4 SM10_micro022_conf_4.in
(10) jaguar run pka_deprot.bat -jobname SM10_micro022_conf_5 SM10_micro022_conf_5.in

Running subjobs on hosts:
  lsf-cpu (Max: 10)
Number of jobs:       10
Max retries per job:  3
Max allowed failures: unlimited
Run with -LOCAL:      False
Verbosity:            normal

Starting JobDJ...

Keep one job on driver host: True
JobDJ columns:
  C: Number of completed subjobs
  A: Number of active subjobs (e.g., submitted, running)
  W: Number of waiting/pending subjobs

 C  A  W | Activity  JobId  JobName  JobHost
-- -- -- | --------- -----------------------
 0  1  9 | launched  lt11-0-5aec8c7d SM10_micro027_conf_1 localhost [lt11]
 0  2  8 | launched  lt11-0-5aec8c83 SM10_micro027_conf_2 lsf-cpu
 0  3  7 | launched  lt11-0-5aec8c89 SM10_micro027_conf_3 lsf-cpu
 0  4  6 | launched  lt11-0-5aec8c8f SM10_micro027_conf_4 lsf-cpu
 0  5  5 | launched  lt11-0-5aec8c95 SM10_micro027_conf_5 lsf-cpu
 0  6  4 | launched  lt11-0-5aec8c9b SM10_micro022_conf_1 lsf-cpu
 0  7  3 | launched  lt11-0-5aec8ca0 SM10_micro022_conf_2 lsf-cpu
 0  8  2 | launched  lt11-0-5aec8ca5 SM10_micro022_conf_3 lsf-cpu
 0  9  1 | launched  lt11-0-5aec8caa SM10_micro022_conf_4 lsf-cpu
 0 10  0 | launched  lt11-0-5aec8cb0 SM10_micro022_conf_5 lsf-cpu
 1  9  0 | finished  lt11-0-5aec8c7d SM10_micro027_conf_1 localhost [lt11]
 2  8  0 | finished  lt11-0-5aec8c95 SM10_micro027_conf_5 lsf-cpu [ls13]
 3  7  0 | finished  lt11-0-5aec8c9b SM10_micro022_conf_1 lsf-cpu [ls01]
 4  6  0 | finished  lt11-0-5aec8c89 SM10_micro027_conf_3 lsf-cpu [ls10]
 5  5  0 | finished  lt11-0-5aec8c83 SM10_micro027_conf_2 lsf-cpu [lt12]
 6  4  0 | finished  lt11-0-5aec8c8f SM10_micro027_conf_4 lsf-cpu [ls10]
 7  3  0 | finished  lt11-0-5aec8ca5 SM10_micro022_conf_3 lsf-cpu [ls15]
 8  2  0 | finished  lt11-0-5aec8ca0 SM10_micro022_conf_2 lsf-cpu [ls15]
 9  1  0 | finished  lt11-0-5aec8cb0 SM10_micro022_conf_5 lsf-cpu [ls15]
10  0  0 | finished  lt11-0-5aec8caa SM10_micro022_conf_4 lsf-cpu [ls15]

All jobs have completed.

10 of 10 job(s) succeeded; 0 job(s) failed.

Timer (distribute subjobs) : 9476.32 secs (2 hrs, 37 mins, 56 secs)

Processing QM output files...

Executing subprocess:
/data/chodera/schrodinger/schrodinger2017-4-advanced/jaguar results -energy SM10_micro027_conf_1.nrg_h.out

Executing subprocess:
/data/chodera/schrodinger/schrodinger2017-4-advanced/jaguar results -esolv SM10_micro027_conf_1.sol_h.out

Executing subprocess:
/data/chodera/schrodinger/schrodinger2017-4-advanced/jaguar results -energy SM10_micro027_conf_2.nrg_h.out

Executing subprocess:
/data/chodera/schrodinger/schrodinger2017-4-advanced/jaguar results -esolv SM10_micro027_conf_2.sol_h.out

Executing subprocess:
/data/chodera/schrodinger/schrodinger2017-4-advanced/jaguar results -energy SM10_micro027_conf_3.nrg_h.out

Executing subprocess:
/data/chodera/schrodinger/schrodinger2017-4-advanced/jaguar results -esolv SM10_micro027_conf_3.sol_h.out

Executing subprocess:
/data/chodera/schrodinger/schrodinger2017-4-advanced/jaguar results -energy SM10_micro027_conf_4.nrg_h.out

Executing subprocess:
/data/chodera/schrodinger/schrodinger2017-4-advanced/jaguar results -esolv SM10_micro027_conf_4.sol_h.out

Executing subprocess:
/data/chodera/schrodinger/schrodinger2017-4-advanced/jaguar results -energy SM10_micro027_conf_5.nrg_h.out

Executing subprocess:
/data/chodera/schrodinger/schrodinger2017-4-advanced/jaguar results -esolv SM10_micro027_conf_5.sol_h.out

Executing subprocess:
/data/chodera/schrodinger/schrodinger2017-4-advanced/jaguar results -energy SM10_micro022_conf_1.nrg.out

Executing subprocess:
/data/chodera/schrodinger/schrodinger2017-4-advanced/jaguar results -esolv SM10_micro022_conf_1.sol.out

Executing subprocess:
/data/chodera/schrodinger/schrodinger2017-4-advanced/jaguar results -energy SM10_micro022_conf_2.nrg.out

Executing subprocess:
/data/chodera/schrodinger/schrodinger2017-4-advanced/jaguar results -esolv SM10_micro022_conf_2.sol.out

Executing subprocess:
/data/chodera/schrodinger/schrodinger2017-4-advanced/jaguar results -energy SM10_micro022_conf_3.nrg.out

Executing subprocess:
/data/chodera/schrodinger/schrodinger2017-4-advanced/jaguar results -esolv SM10_micro022_conf_3.sol.out

Executing subprocess:
/data/chodera/schrodinger/schrodinger2017-4-advanced/jaguar results -energy SM10_micro022_conf_4.nrg.out

Executing subprocess:
/data/chodera/schrodinger/schrodinger2017-4-advanced/jaguar results -esolv SM10_micro022_conf_4.sol.out

Executing subprocess:
/data/chodera/schrodinger/schrodinger2017-4-advanced/jaguar results -energy SM10_micro022_conf_5.nrg.out

Executing subprocess:
/data/chodera/schrodinger/schrodinger2017-4-advanced/jaguar results -esolv SM10_micro022_conf_5.sol.out

Executing subprocess:
/data/chodera/schrodinger/schrodinger2017-4-advanced/jaguar-v9.8/bin/Linux-x86_64/pka -o SM10_micro027_deprot-out.mae -j SM10_micro027.jres -n -d

Executing subprocess:
/data/chodera/schrodinger/schrodinger2017-4-advanced/jaguar-v9.8/bin/Linux-x86_64/pka -o SM10_micro027_prot-out.mae -j SM10_micro027.jres -n

pKa calculation for SM10_micro027 completed.

pKa workflow jag_SM10_micro027_SM10_micro022 completed.

Timer (Jaguar pKa) : 11381.14 secs (3 hrs, 09 mins, 41 secs)
Timer (jaguar_backend.py) : 11381.14 secs (3 hrs, 09 mins, 41 secs)
Finished:   Fri May  4 15:17:30 2018
