Taking protonated structures from:
SM02_micro005_conf_1.dft_h.01.mae
SM02_micro005_conf_2.dft_h.01.mae
SM02_micro005_conf_3.dft_h.01.mae
SM02_micro005_conf_4.dft_h.01.mae
SM02_micro005_conf_5.dft_h.01.mae
Taking deprotonated structures from:
SM02_micro003_conf_1.dft.01.mae
SM02_micro003_conf_2.dft.01.mae
SM02_micro003_conf_3.dft.01.mae
SM02_micro003_conf_4.dft.01.mae
SM02_micro003_conf_5.dft.01.mae

Corrected results for 'protonated' structure in water:
pKa atom: 28

 # 	                  Shell                   	 pKa 	RMSD	 Contribution
---	------------------------------------------	-----	-----	--------------
1: 	RN=Het                                    	 8.24	0.551	     0.00%
2: 	Protonation of sp2-like aliphatic nitrogen	 4.52	1.751	    51.32%
3: 	Protonation of generic atom               	 5.04	2.264	    48.68%

 Final weighted pKa value is 4.78



