Command:    jaguar run pka.py -jobname jag_SM21_micro030_SM21_micro002 -PARALLEL 10 -WAIT -n -csrch -prot SM21_micro030.in -deprot SM21_micro002.in
Release:    2017-4
Exec:       /data/chodera/schrodinger/schrodinger2017-4-advanced/jaguar-v9.8/bin/Linux-x86_64
Host:       lt18
JobId:      lt18-3-5af456f0
JobDir:     /lila/data/chodera/schrodinger/tmpdir/rustenburg/jag_SM21_micro030_SM21_micro002.1
Date:       Thu May 10 10:28:02 2018

Contents of /lila/data/chodera/schrodinger/tmpdir/rustenburg/jag_SM21_micro030_SM21_micro002.1:
/lila/data/chodera/schrodinger/tmpdir/rustenburg/jag_SM21_micro030_SM21_micro002.1/jag_SM21_micro030_SM21_micro002.log
/lila/data/chodera/schrodinger/tmpdir/rustenburg/jag_SM21_micro030_SM21_micro002.1/lt18-3-5af456f0
/lila/data/chodera/schrodinger/tmpdir/rustenburg/jag_SM21_micro030_SM21_micro002.1/SM21_micro002.mae
/lila/data/chodera/schrodinger/tmpdir/rustenburg/jag_SM21_micro030_SM21_micro002.1/SM21_micro002.in
/lila/data/chodera/schrodinger/tmpdir/rustenburg/jag_SM21_micro030_SM21_micro002.1/lt18-3-5af456f0.mpinodes
/lila/data/chodera/schrodinger/tmpdir/rustenburg/jag_SM21_micro030_SM21_micro002.1/lt18-3-5af456f0.recover
/lila/data/chodera/schrodinger/tmpdir/rustenburg/jag_SM21_micro030_SM21_micro002.1/SM21_micro030.mae
/lila/data/chodera/schrodinger/tmpdir/rustenburg/jag_SM21_micro030_SM21_micro002.1/jag_SM21_micro030_SM21_micro002.recover
/lila/data/chodera/schrodinger/tmpdir/rustenburg/jag_SM21_micro030_SM21_micro002.1/SM21_micro030.in

=====================
 Jaguar pKa workflow
=====================

Analysing user-provided (prot, deprot) pair:
(SM21_micro030.in, SM21_micro002.in)
Found labile hydrogen 36 in SM21_micro030.in
Found labile hydrogen at atom 13 in SM21_micro002.in
Adding 'ipkat' keyword to input files.

Identifying pKa functional group for pair:
(SM21_micro030, SM21_micro002)

Executing subprocess:
/data/chodera/schrodinger/schrodinger2017-4-advanced/jaguar-v9.8/bin/Linux-x86_64/pka -i -j SM21_micro030.tmp.jres -n

Taking protonated structures from:
SM21_micro030.mae
Taking deprotonated structures from:
SM21_micro002.mae

This molecule from 'SM21_micro030.mae' in water was recognized as:

 # 	           Shell           
---	---------------------------
1: 	pyrimidine                 
2: 	heterocycle custom 1       
3: 	heterocycle                
4: 	Protonation of generic atom


Executing conformational search...

Executing 2 distributed subjobs:
---------------------------------

No more than 8 cpu(s) will be used per subjob.
No more than 10 cpu(s) will be used simultaneously.

Processing the following subjobs:
(1) jaguar run csrch.py SM21_micro030.mae -jobname SM21_micro030 -max_conf 5 -erg_window 50.208 -acc_level 1 -TPP 5
(2) jaguar run csrch.py SM21_micro002.mae -jobname SM21_micro002 -max_conf 5 -erg_window 50.208 -acc_level 1 -TPP 5

Running subjobs on hosts:
  localhost (Max: 2)
Number of jobs:       2
Max retries per job:  3
Max allowed failures: unlimited
Run with -LOCAL:      False
Verbosity:            normal

Starting JobDJ...

Keep one job on driver host: False
JobDJ columns:
  C: Number of completed subjobs
  A: Number of active subjobs (e.g., submitted, running)
  W: Number of waiting/pending subjobs

C A W | Activity  JobId  JobName  JobHost
- - - | --------- -----------------------
0 1 1 | launched  lt18-2-5af456f7 SM21_micro030 localhost [lt18]
0 2 0 | launched  lt18-4-5af456fb SM21_micro002 localhost [lt18]
1 1 0 | finished  lt18-2-5af456f7 SM21_micro030 localhost [lt18]
2 0 0 | finished  lt18-4-5af456fb SM21_micro002 localhost [lt18]

All jobs have completed.

2 of 2 job(s) succeeded; 0 job(s) failed.

Timer (distribute subjobs) : 616.32 secs (0 hrs, 10 mins, 16 secs)

Setting up QM workflow for (protonated, deprotonated) pair:
(1) (SM21_micro030, SM21_micro002)

Executing Jaguar quantum-mechanical subjobs...

Executing 10 distributed subjobs:
----------------------------------

No more than 8 cpu(s) will be used per subjob.
No more than 10 cpu(s) will be used simultaneously.

Processing the following subjobs:
(1) jaguar run pka_prot.bat -jobname SM21_micro030_conf_1 SM21_micro030_conf_1.in
(2) jaguar run pka_prot.bat -jobname SM21_micro030_conf_2 SM21_micro030_conf_2.in
(3) jaguar run pka_prot.bat -jobname SM21_micro030_conf_3 SM21_micro030_conf_3.in
(4) jaguar run pka_prot.bat -jobname SM21_micro030_conf_4 SM21_micro030_conf_4.in
(5) jaguar run pka_prot.bat -jobname SM21_micro030_conf_5 SM21_micro030_conf_5.in
(6) jaguar run pka_deprot.bat -jobname SM21_micro002_conf_1 SM21_micro002_conf_1.in
(7) jaguar run pka_deprot.bat -jobname SM21_micro002_conf_2 SM21_micro002_conf_2.in
(8) jaguar run pka_deprot.bat -jobname SM21_micro002_conf_3 SM21_micro002_conf_3.in
(9) jaguar run pka_deprot.bat -jobname SM21_micro002_conf_4 SM21_micro002_conf_4.in
(10) jaguar run pka_deprot.bat -jobname SM21_micro002_conf_5 SM21_micro002_conf_5.in

Running subjobs on hosts:
  localhost (Max: 10)
Number of jobs:       10
Max retries per job:  3
Max allowed failures: unlimited
Run with -LOCAL:      False
Verbosity:            normal

Starting JobDJ...

Keep one job on driver host: False
JobDJ columns:
  C: Number of completed subjobs
  A: Number of active subjobs (e.g., submitted, running)
  W: Number of waiting/pending subjobs

 C  A  W | Activity  JobId  JobName  JobHost
-- -- -- | --------- -----------------------
 0  1  9 | launched  lt18-1-5af45961 SM21_micro030_conf_1 localhost [lt18]
 0  2  8 | launched  lt18-1-5af45964 SM21_micro030_conf_2 localhost [lt18]
 0  3  7 | launched  lt18-0-5af45967 SM21_micro030_conf_3 localhost [lt18]
 0  4  6 | launched  lt18-2-5af45969 SM21_micro030_conf_4 localhost [lt18]
 0  5  5 | launched  lt18-2-5af4596c SM21_micro030_conf_5 localhost [lt18]
 0  6  4 | launched  lt18-2-5af4596f SM21_micro002_conf_1 localhost [lt18]
 0  7  3 | launched  lt18-0-5af45972 SM21_micro002_conf_2 localhost [lt18]
 0  8  2 | launched  lt18-0-5af45975 SM21_micro002_conf_3 localhost [lt18]
 0  9  1 | launched  lt18-1-5af45978 SM21_micro002_conf_4 localhost [lt18]
 0 10  0 | launched  lt18-1-5af4597b SM21_micro002_conf_5 localhost [lt18]
 1  9  0 | finished  lt18-1-5af4597b SM21_micro002_conf_5 localhost [lt18]
 2  8  0 | finished  lt18-0-5af45975 SM21_micro002_conf_3 localhost [lt18]
 3  7  0 | finished  lt18-2-5af4596f SM21_micro002_conf_1 localhost [lt18]
 4  6  0 | finished  lt18-0-5af45972 SM21_micro002_conf_2 localhost [lt18]
 5  5  0 | finished  lt18-1-5af45961 SM21_micro030_conf_1 localhost [lt18]
 6  4  0 | finished  lt18-0-5af45967 SM21_micro030_conf_3 localhost [lt18]
 7  3  0 | finished  lt18-1-5af45978 SM21_micro002_conf_4 localhost [lt18]
 8  2  0 | finished  lt18-1-5af45964 SM21_micro030_conf_2 localhost [lt18]
 9  1  0 | finished  lt18-2-5af45969 SM21_micro030_conf_4 localhost [lt18]
10  0  0 | finished  lt18-2-5af4596c SM21_micro030_conf_5 localhost [lt18]

All jobs have completed.

10 of 10 job(s) succeeded; 0 job(s) failed.

Timer (distribute subjobs) : 10698.30 secs (2 hrs, 58 mins, 18 secs)

Processing QM output files...

Executing subprocess:
/data/chodera/schrodinger/schrodinger2017-4-advanced/jaguar results -energy SM21_micro030_conf_1.nrg_h.out

Executing subprocess:
/data/chodera/schrodinger/schrodinger2017-4-advanced/jaguar results -esolv SM21_micro030_conf_1.sol_h.out

Executing subprocess:
/data/chodera/schrodinger/schrodinger2017-4-advanced/jaguar results -energy SM21_micro030_conf_2.nrg_h.out

Executing subprocess:
/data/chodera/schrodinger/schrodinger2017-4-advanced/jaguar results -esolv SM21_micro030_conf_2.sol_h.out

Executing subprocess:
/data/chodera/schrodinger/schrodinger2017-4-advanced/jaguar results -energy SM21_micro030_conf_3.nrg_h.out

Executing subprocess:
/data/chodera/schrodinger/schrodinger2017-4-advanced/jaguar results -esolv SM21_micro030_conf_3.sol_h.out

Executing subprocess:
/data/chodera/schrodinger/schrodinger2017-4-advanced/jaguar results -energy SM21_micro030_conf_4.nrg_h.out

Executing subprocess:
/data/chodera/schrodinger/schrodinger2017-4-advanced/jaguar results -esolv SM21_micro030_conf_4.sol_h.out

Executing subprocess:
/data/chodera/schrodinger/schrodinger2017-4-advanced/jaguar results -energy SM21_micro030_conf_5.nrg_h.out

Executing subprocess:
/data/chodera/schrodinger/schrodinger2017-4-advanced/jaguar results -esolv SM21_micro030_conf_5.sol_h.out

Executing subprocess:
/data/chodera/schrodinger/schrodinger2017-4-advanced/jaguar results -energy SM21_micro002_conf_1.nrg.out

Executing subprocess:
/data/chodera/schrodinger/schrodinger2017-4-advanced/jaguar results -esolv SM21_micro002_conf_1.sol.out

Executing subprocess:
/data/chodera/schrodinger/schrodinger2017-4-advanced/jaguar results -energy SM21_micro002_conf_2.nrg.out

Executing subprocess:
/data/chodera/schrodinger/schrodinger2017-4-advanced/jaguar results -esolv SM21_micro002_conf_2.sol.out

Executing subprocess:
/data/chodera/schrodinger/schrodinger2017-4-advanced/jaguar results -energy SM21_micro002_conf_3.nrg.out

Executing subprocess:
/data/chodera/schrodinger/schrodinger2017-4-advanced/jaguar results -esolv SM21_micro002_conf_3.sol.out

Executing subprocess:
/data/chodera/schrodinger/schrodinger2017-4-advanced/jaguar results -energy SM21_micro002_conf_4.nrg.out

Executing subprocess:
/data/chodera/schrodinger/schrodinger2017-4-advanced/jaguar results -esolv SM21_micro002_conf_4.sol.out

Executing subprocess:
/data/chodera/schrodinger/schrodinger2017-4-advanced/jaguar results -energy SM21_micro002_conf_5.nrg.out

Executing subprocess:
/data/chodera/schrodinger/schrodinger2017-4-advanced/jaguar results -esolv SM21_micro002_conf_5.sol.out

Executing subprocess:
/data/chodera/schrodinger/schrodinger2017-4-advanced/jaguar-v9.8/bin/Linux-x86_64/pka -o SM21_micro030_deprot-out.mae -j SM21_micro030.jres -n -d

Executing subprocess:
/data/chodera/schrodinger/schrodinger2017-4-advanced/jaguar-v9.8/bin/Linux-x86_64/pka -o SM21_micro030_prot-out.mae -j SM21_micro030.jres -n

pKa calculation for SM21_micro030 completed.

pKa workflow jag_SM21_micro030_SM21_micro002 completed.

Timer (Jaguar pKa) : 11423.82 secs (3 hrs, 10 mins, 23 secs)
Timer (jaguar_backend.py) : 11423.82 secs (3 hrs, 10 mins, 23 secs)
Finished:   Thu May 10 13:38:26 2018
