Command:    jaguar run pka.py -jobname jag_SM18_micro025_SM18_micro048 -PARALLEL 10 -WAIT -n -csrch -prot SM18_micro025.in -deprot SM18_micro048.in
Release:    2017-4
Exec:       /data/chodera/schrodinger/schrodinger2017-4-advanced/jaguar-v9.8/bin/Linux-x86_64
Host:       ls11
JobId:      ls11-3-5af456d4
JobDir:     /lila/data/chodera/schrodinger/tmpdir/rustenburg/jag_SM18_micro025_SM18_micro048.1
Date:       Thu May 10 10:27:34 2018

Contents of /lila/data/chodera/schrodinger/tmpdir/rustenburg/jag_SM18_micro025_SM18_micro048.1:
/lila/data/chodera/schrodinger/tmpdir/rustenburg/jag_SM18_micro025_SM18_micro048.1/SM18_micro048.mae
/lila/data/chodera/schrodinger/tmpdir/rustenburg/jag_SM18_micro025_SM18_micro048.1/ls11-3-5af456d4.recover
/lila/data/chodera/schrodinger/tmpdir/rustenburg/jag_SM18_micro025_SM18_micro048.1/ls11-3-5af456d4.mpinodes
/lila/data/chodera/schrodinger/tmpdir/rustenburg/jag_SM18_micro025_SM18_micro048.1/jag_SM18_micro025_SM18_micro048.recover
/lila/data/chodera/schrodinger/tmpdir/rustenburg/jag_SM18_micro025_SM18_micro048.1/SM18_micro025.in
/lila/data/chodera/schrodinger/tmpdir/rustenburg/jag_SM18_micro025_SM18_micro048.1/ls11-3-5af456d4
/lila/data/chodera/schrodinger/tmpdir/rustenburg/jag_SM18_micro025_SM18_micro048.1/SM18_micro048.in
/lila/data/chodera/schrodinger/tmpdir/rustenburg/jag_SM18_micro025_SM18_micro048.1/jag_SM18_micro025_SM18_micro048.log
/lila/data/chodera/schrodinger/tmpdir/rustenburg/jag_SM18_micro025_SM18_micro048.1/SM18_micro025.mae

=====================
 Jaguar pKa workflow
=====================

Analysing user-provided (prot, deprot) pair:
(SM18_micro025.in, SM18_micro048.in)
Found labile hydrogen 39 in SM18_micro025.in
Found labile hydrogen at atom 13 in SM18_micro048.in
Adding 'ipkat' keyword to input files.

Identifying pKa functional group for pair:
(SM18_micro025, SM18_micro048)

Executing subprocess:
/data/chodera/schrodinger/schrodinger2017-4-advanced/jaguar-v9.8/bin/Linux-x86_64/pka -i -j SM18_micro025.tmp.jres -n

Taking protonated structures from:
SM18_micro025.mae
Taking deprotonated structures from:
SM18_micro048.mae

This molecule from 'SM18_micro025.mae' in water was recognized as:

 # 	                 Shell                  
---	----------------------------------------
1: 	mono keto CH acid                       
2: 	Protonation of generic atom             
3: 	aliphatic CH acid in water              
4: 	Protonation of sp2-like aliphatic carbon


Executing conformational search...

Executing 2 distributed subjobs:
---------------------------------

No more than 8 cpu(s) will be used per subjob.
No more than 10 cpu(s) will be used simultaneously.

Processing the following subjobs:
(1) jaguar run csrch.py SM18_micro025.mae -jobname SM18_micro025 -max_conf 5 -erg_window 50.208 -acc_level 1 -TPP 5
(2) jaguar run csrch.py SM18_micro048.mae -jobname SM18_micro048 -max_conf 5 -erg_window 50.208 -acc_level 1 -TPP 5

Running subjobs on hosts:
  localhost (Max: 2)
Number of jobs:       2
Max retries per job:  3
Max allowed failures: unlimited
Run with -LOCAL:      False
Verbosity:            normal

Starting JobDJ...

Keep one job on driver host: False
JobDJ columns:
  C: Number of completed subjobs
  A: Number of active subjobs (e.g., submitted, running)
  W: Number of waiting/pending subjobs

C A W | Activity  JobId  JobName  JobHost
- - - | --------- -----------------------
0 1 1 | launched  ls11-1-5af456dc SM18_micro025 localhost [ls11]
0 2 0 | launched  ls11-1-5af456df SM18_micro048 localhost [ls11]
1 1 0 | finished  ls11-1-5af456df SM18_micro048 localhost [ls11]
2 0 0 | finished  ls11-1-5af456dc SM18_micro025 localhost [ls11]

All jobs have completed.

2 of 2 job(s) succeeded; 0 job(s) failed.

Timer (distribute subjobs) : 1451.39 secs (0 hrs, 24 mins, 11 secs)

Setting up QM workflow for (protonated, deprotonated) pair:
(1) (SM18_micro025, SM18_micro048)

Executing Jaguar quantum-mechanical subjobs...

Executing 10 distributed subjobs:
----------------------------------

No more than 8 cpu(s) will be used per subjob.
No more than 10 cpu(s) will be used simultaneously.

Processing the following subjobs:
(1) jaguar run pka_prot.bat -jobname SM18_micro025_conf_1 SM18_micro025_conf_1.in
(2) jaguar run pka_prot.bat -jobname SM18_micro025_conf_2 SM18_micro025_conf_2.in
(3) jaguar run pka_prot.bat -jobname SM18_micro025_conf_3 SM18_micro025_conf_3.in
(4) jaguar run pka_prot.bat -jobname SM18_micro025_conf_4 SM18_micro025_conf_4.in
(5) jaguar run pka_prot.bat -jobname SM18_micro025_conf_5 SM18_micro025_conf_5.in
(6) jaguar run pka_deprot.bat -jobname SM18_micro048_conf_1 SM18_micro048_conf_1.in
(7) jaguar run pka_deprot.bat -jobname SM18_micro048_conf_2 SM18_micro048_conf_2.in
(8) jaguar run pka_deprot.bat -jobname SM18_micro048_conf_3 SM18_micro048_conf_3.in
(9) jaguar run pka_deprot.bat -jobname SM18_micro048_conf_4 SM18_micro048_conf_4.in
(10) jaguar run pka_deprot.bat -jobname SM18_micro048_conf_5 SM18_micro048_conf_5.in

Running subjobs on hosts:
  localhost (Max: 10)
Number of jobs:       10
Max retries per job:  3
Max allowed failures: unlimited
Run with -LOCAL:      False
Verbosity:            normal

Starting JobDJ...

Keep one job on driver host: False
JobDJ columns:
  C: Number of completed subjobs
  A: Number of active subjobs (e.g., submitted, running)
  W: Number of waiting/pending subjobs

 C  A  W | Activity  JobId  JobName  JobHost
-- -- -- | --------- -----------------------
 0  1  9 | launched  ls11-1-5af45c9a SM18_micro025_conf_1 localhost [ls11]
 0  2  8 | launched  ls11-0-5af45c9d SM18_micro025_conf_2 localhost [ls11]
 0  3  7 | launched  ls11-2-5af45ca0 SM18_micro025_conf_3 localhost [ls11]
 0  4  6 | launched  ls11-2-5af45ca3 SM18_micro025_conf_4 localhost [ls11]
 0  5  5 | launched  ls11-0-5af45ca6 SM18_micro025_conf_5 localhost [ls11]
 0  6  4 | launched  ls11-0-5af45caa SM18_micro048_conf_1 localhost [ls11]
 0  7  3 | launched  ls11-0-5af45cac SM18_micro048_conf_2 localhost [ls11]
 0  8  2 | launched  ls11-0-5af45caf SM18_micro048_conf_3 localhost [ls11]
 0  9  1 | launched  ls11-1-5af45cb1 SM18_micro048_conf_4 localhost [ls11]
 0 10  0 | launched  ls11-1-5af45cb4 SM18_micro048_conf_5 localhost [ls11]
 1  9  0 | finished  ls11-0-5af45caa SM18_micro048_conf_1 localhost [ls11]
 2  8  0 | finished  ls11-1-5af45cb1 SM18_micro048_conf_4 localhost [ls11]
 3  7  0 | finished  ls11-0-5af45cac SM18_micro048_conf_2 localhost [ls11]
 4  6  0 | finished  ls11-1-5af45cb4 SM18_micro048_conf_5 localhost [ls11]
 5  5  0 | finished  ls11-1-5af45c9a SM18_micro025_conf_1 localhost [ls11]
 6  4  0 | finished  ls11-0-5af45ca6 SM18_micro025_conf_5 localhost [ls11]
 7  3  0 | finished  ls11-0-5af45c9d SM18_micro025_conf_2 localhost [ls11]
 8  2  0 | finished  ls11-0-5af45caf SM18_micro048_conf_3 localhost [ls11]
 9  1  0 | finished  ls11-2-5af45ca0 SM18_micro025_conf_3 localhost [ls11]
10  0  0 | finished  ls11-2-5af45ca3 SM18_micro025_conf_4 localhost [ls11]

All jobs have completed.

10 of 10 job(s) succeeded; 0 job(s) failed.

Timer (distribute subjobs) : 27669.36 secs (7 hrs, 41 mins, 09 secs)

Processing QM output files...

Executing subprocess:
/data/chodera/schrodinger/schrodinger2017-4-advanced/jaguar results -energy SM18_micro025_conf_1.nrg_h.out

Executing subprocess:
/data/chodera/schrodinger/schrodinger2017-4-advanced/jaguar results -esolv SM18_micro025_conf_1.sol_h.out

Executing subprocess:
/data/chodera/schrodinger/schrodinger2017-4-advanced/jaguar results -energy SM18_micro025_conf_2.nrg_h.out

Executing subprocess:
/data/chodera/schrodinger/schrodinger2017-4-advanced/jaguar results -esolv SM18_micro025_conf_2.sol_h.out

Executing subprocess:
/data/chodera/schrodinger/schrodinger2017-4-advanced/jaguar results -energy SM18_micro025_conf_3.nrg_h.out

Executing subprocess:
/data/chodera/schrodinger/schrodinger2017-4-advanced/jaguar results -esolv SM18_micro025_conf_3.sol_h.out

Executing subprocess:
/data/chodera/schrodinger/schrodinger2017-4-advanced/jaguar results -energy SM18_micro025_conf_4.nrg_h.out

Executing subprocess:
/data/chodera/schrodinger/schrodinger2017-4-advanced/jaguar results -esolv SM18_micro025_conf_4.sol_h.out

Executing subprocess:
/data/chodera/schrodinger/schrodinger2017-4-advanced/jaguar results -energy SM18_micro025_conf_5.nrg_h.out

Executing subprocess:
/data/chodera/schrodinger/schrodinger2017-4-advanced/jaguar results -esolv SM18_micro025_conf_5.sol_h.out

Executing subprocess:
/data/chodera/schrodinger/schrodinger2017-4-advanced/jaguar results -energy SM18_micro048_conf_1.nrg.out

Executing subprocess:
/data/chodera/schrodinger/schrodinger2017-4-advanced/jaguar results -esolv SM18_micro048_conf_1.sol.out

Executing subprocess:
/data/chodera/schrodinger/schrodinger2017-4-advanced/jaguar results -energy SM18_micro048_conf_2.nrg.out

Executing subprocess:
/data/chodera/schrodinger/schrodinger2017-4-advanced/jaguar results -esolv SM18_micro048_conf_2.sol.out

Executing subprocess:
/data/chodera/schrodinger/schrodinger2017-4-advanced/jaguar results -energy SM18_micro048_conf_3.nrg.out

Executing subprocess:
/data/chodera/schrodinger/schrodinger2017-4-advanced/jaguar results -esolv SM18_micro048_conf_3.sol.out

Executing subprocess:
/data/chodera/schrodinger/schrodinger2017-4-advanced/jaguar results -energy SM18_micro048_conf_4.nrg.out

Executing subprocess:
/data/chodera/schrodinger/schrodinger2017-4-advanced/jaguar results -esolv SM18_micro048_conf_4.sol.out

Executing subprocess:
/data/chodera/schrodinger/schrodinger2017-4-advanced/jaguar results -energy SM18_micro048_conf_5.nrg.out

Executing subprocess:
/data/chodera/schrodinger/schrodinger2017-4-advanced/jaguar results -esolv SM18_micro048_conf_5.sol.out

Executing subprocess:
/data/chodera/schrodinger/schrodinger2017-4-advanced/jaguar-v9.8/bin/Linux-x86_64/pka -o SM18_micro025_deprot-out.mae -j SM18_micro025.jres -n -d

Executing subprocess:
/data/chodera/schrodinger/schrodinger2017-4-advanced/jaguar-v9.8/bin/Linux-x86_64/pka -o SM18_micro025_prot-out.mae -j SM18_micro025.jres -n

pKa calculation for SM18_micro025 completed.

pKa workflow jag_SM18_micro025_SM18_micro048 completed.

Timer (Jaguar pKa) : 29207.65 secs (8 hrs, 06 mins, 47 secs)
Timer (jaguar_backend.py) : 29207.65 secs (8 hrs, 06 mins, 47 secs)
Finished:   Thu May 10 18:34:22 2018
