Command:    jaguar run pka.py -jobname jag_SM24_micro020_SM24_micro001 -PARALLEL 10 -WAIT -n -csrch -prot SM24_micro020.in -deprot SM24_micro001.in
Release:    2017-4
Exec:       /data/chodera/schrodinger/schrodinger2017-4-advanced/jaguar-v9.8/bin/Linux-x86_64
Host:       lt08
JobId:      lt08-0-5af5cfe5
JobDir:     /lila/data/chodera/schrodinger/tmpdir/rustenburg/jag_SM24_micro020_SM24_micro001
Date:       Fri May 11 13:16:24 2018

Contents of /lila/data/chodera/schrodinger/tmpdir/rustenburg/jag_SM24_micro020_SM24_micro001:
/lila/data/chodera/schrodinger/tmpdir/rustenburg/jag_SM24_micro020_SM24_micro001/lt08-0-5af5cfe5
/lila/data/chodera/schrodinger/tmpdir/rustenburg/jag_SM24_micro020_SM24_micro001/SM24_micro020.in
/lila/data/chodera/schrodinger/tmpdir/rustenburg/jag_SM24_micro020_SM24_micro001/jag_SM24_micro020_SM24_micro001.recover
/lila/data/chodera/schrodinger/tmpdir/rustenburg/jag_SM24_micro020_SM24_micro001/SM24_micro001.mae
/lila/data/chodera/schrodinger/tmpdir/rustenburg/jag_SM24_micro020_SM24_micro001/SM24_micro001.in
/lila/data/chodera/schrodinger/tmpdir/rustenburg/jag_SM24_micro020_SM24_micro001/SM24_micro020.mae
/lila/data/chodera/schrodinger/tmpdir/rustenburg/jag_SM24_micro020_SM24_micro001/jag_SM24_micro020_SM24_micro001.log
/lila/data/chodera/schrodinger/tmpdir/rustenburg/jag_SM24_micro020_SM24_micro001/lt08-0-5af5cfe5.mpinodes
/lila/data/chodera/schrodinger/tmpdir/rustenburg/jag_SM24_micro020_SM24_micro001/lt08-0-5af5cfe5.recover

=====================
 Jaguar pKa workflow
=====================

Analysing user-provided (prot, deprot) pair:
(SM24_micro020.in, SM24_micro001.in)
Found labile hydrogen 47 in SM24_micro020.in
Found labile hydrogen at atom 26 in SM24_micro001.in
Adding 'ipkat' keyword to input files.

Identifying pKa functional group for pair:
(SM24_micro020, SM24_micro001)

Executing subprocess:
/data/chodera/schrodinger/schrodinger2017-4-advanced/jaguar-v9.8/bin/Linux-x86_64/pka -i -j SM24_micro020.tmp.jres -n

Taking protonated structures from:
SM24_micro020.mae
Taking deprotonated structures from:
SM24_micro001.mae

This molecule from 'SM24_micro020.mae' in water was recognized as:

 # 	                  Shell                   
---	------------------------------------------
1: 	RN=Het                                    
2: 	Protonation of sp2-like aliphatic nitrogen
3: 	Protonation of generic atom               


Executing conformational search...

Executing 2 distributed subjobs:
---------------------------------

No more than 8 cpu(s) will be used per subjob.
No more than 10 cpu(s) will be used simultaneously.

Processing the following subjobs:
(1) jaguar run csrch.py SM24_micro020.mae -jobname SM24_micro020 -max_conf 5 -erg_window 50.208 -acc_level 1 -TPP 5
(2) jaguar run csrch.py SM24_micro001.mae -jobname SM24_micro001 -max_conf 5 -erg_window 50.208 -acc_level 1 -TPP 5

Running subjobs on hosts:
  localhost (Max: 2)
Number of jobs:       2
Max retries per job:  3
Max allowed failures: unlimited
Run with -LOCAL:      False
Verbosity:            normal

Starting JobDJ...

Keep one job on driver host: False
JobDJ columns:
  C: Number of completed subjobs
  A: Number of active subjobs (e.g., submitted, running)
  W: Number of waiting/pending subjobs

C A W | Activity  JobId  JobName  JobHost
- - - | --------- -----------------------
0 1 1 | launched  lt08-2-5af5cfec SM24_micro020 localhost [lt08]
0 2 0 | launched  lt08-2-5af5cfee SM24_micro001 localhost [lt08]
1 1 0 | finished  lt08-2-5af5cfec SM24_micro020 localhost [lt08]
2 0 0 | finished  lt08-2-5af5cfee SM24_micro001 localhost [lt08]

All jobs have completed.

2 of 2 job(s) succeeded; 0 job(s) failed.

Timer (distribute subjobs) : 2052.74 secs (0 hrs, 34 mins, 12 secs)

Setting up QM workflow for (protonated, deprotonated) pair:
(1) (SM24_micro020, SM24_micro001)

Executing Jaguar quantum-mechanical subjobs...

Executing 10 distributed subjobs:
----------------------------------

No more than 8 cpu(s) will be used per subjob.
No more than 10 cpu(s) will be used simultaneously.

Processing the following subjobs:
(1) jaguar run pka_prot.bat -jobname SM24_micro020_conf_1 SM24_micro020_conf_1.in
(2) jaguar run pka_prot.bat -jobname SM24_micro020_conf_2 SM24_micro020_conf_2.in
(3) jaguar run pka_prot.bat -jobname SM24_micro020_conf_3 SM24_micro020_conf_3.in
(4) jaguar run pka_prot.bat -jobname SM24_micro020_conf_4 SM24_micro020_conf_4.in
(5) jaguar run pka_prot.bat -jobname SM24_micro020_conf_5 SM24_micro020_conf_5.in
(6) jaguar run pka_deprot.bat -jobname SM24_micro001_conf_1 SM24_micro001_conf_1.in
(7) jaguar run pka_deprot.bat -jobname SM24_micro001_conf_2 SM24_micro001_conf_2.in
(8) jaguar run pka_deprot.bat -jobname SM24_micro001_conf_3 SM24_micro001_conf_3.in
(9) jaguar run pka_deprot.bat -jobname SM24_micro001_conf_4 SM24_micro001_conf_4.in
(10) jaguar run pka_deprot.bat -jobname SM24_micro001_conf_5 SM24_micro001_conf_5.in

Running subjobs on hosts:
  localhost (Max: 10)
Number of jobs:       10
Max retries per job:  3
Max allowed failures: unlimited
Run with -LOCAL:      False
Verbosity:            normal

Starting JobDJ...

Keep one job on driver host: False
JobDJ columns:
  C: Number of completed subjobs
  A: Number of active subjobs (e.g., submitted, running)
  W: Number of waiting/pending subjobs

 C  A  W | Activity  JobId  JobName  JobHost
-- -- -- | --------- -----------------------
 0  1  9 | launched  lt08-0-5af5d803 SM24_micro020_conf_1 localhost [lt08]
 0  2  8 | launched  lt08-0-5af5d811 SM24_micro020_conf_2 localhost [lt08]
 0  3  7 | launched  lt08-1-5af5d81a SM24_micro020_conf_3 localhost [lt08]
 0  4  6 | launched  lt08-0-5af5d820 SM24_micro020_conf_4 localhost [lt08]
 0  5  5 | launched  lt08-0-5af5d823 SM24_micro020_conf_5 localhost [lt08]
 0  6  4 | launched  lt08-0-5af5d828 SM24_micro001_conf_1 localhost [lt08]
 0  7  3 | launched  lt08-1-5af5d82f SM24_micro001_conf_2 localhost [lt08]
 0  8  2 | launched  lt08-1-5af5d83f SM24_micro001_conf_3 localhost [lt08]
 0  9  1 | launched  lt08-0-5af5d84d SM24_micro001_conf_4 localhost [lt08]
 0 10  0 | launched  lt08-0-5af5d85e SM24_micro001_conf_5 localhost [lt08]
 1  9  0 | finished  lt08-0-5af5d84d SM24_micro001_conf_4 localhost [lt08]
 2  8  0 | finished  lt08-0-5af5d85e SM24_micro001_conf_5 localhost [lt08]
 3  7  0 | finished  lt08-1-5af5d82f SM24_micro001_conf_2 localhost [lt08]
 4  6  0 | finished  lt08-1-5af5d83f SM24_micro001_conf_3 localhost [lt08]
 5  5  0 | finished  lt08-0-5af5d828 SM24_micro001_conf_1 localhost [lt08]
 6  4  0 | finished  lt08-0-5af5d803 SM24_micro020_conf_1 localhost [lt08]
 7  3  0 | finished  lt08-0-5af5d820 SM24_micro020_conf_4 localhost [lt08]
 8  2  0 | finished  lt08-0-5af5d811 SM24_micro020_conf_2 localhost [lt08]
 9  1  0 | finished  lt08-1-5af5d81a SM24_micro020_conf_3 localhost [lt08]
10  0  0 | finished  lt08-0-5af5d823 SM24_micro020_conf_5 localhost [lt08]

All jobs have completed.

10 of 10 job(s) succeeded; 0 job(s) failed.

Timer (distribute subjobs) : 17141.20 secs (4 hrs, 45 mins, 41 secs)

Processing QM output files...

Executing subprocess:
/data/chodera/schrodinger/schrodinger2017-4-advanced/jaguar results -energy SM24_micro020_conf_1.nrg_h.out

Executing subprocess:
/data/chodera/schrodinger/schrodinger2017-4-advanced/jaguar results -esolv SM24_micro020_conf_1.sol_h.out

Executing subprocess:
/data/chodera/schrodinger/schrodinger2017-4-advanced/jaguar results -energy SM24_micro020_conf_2.nrg_h.out

Executing subprocess:
/data/chodera/schrodinger/schrodinger2017-4-advanced/jaguar results -esolv SM24_micro020_conf_2.sol_h.out

Executing subprocess:
/data/chodera/schrodinger/schrodinger2017-4-advanced/jaguar results -energy SM24_micro020_conf_3.nrg_h.out

Executing subprocess:
/data/chodera/schrodinger/schrodinger2017-4-advanced/jaguar results -esolv SM24_micro020_conf_3.sol_h.out

Executing subprocess:
/data/chodera/schrodinger/schrodinger2017-4-advanced/jaguar results -energy SM24_micro020_conf_4.nrg_h.out

Executing subprocess:
/data/chodera/schrodinger/schrodinger2017-4-advanced/jaguar results -esolv SM24_micro020_conf_4.sol_h.out

Executing subprocess:
/data/chodera/schrodinger/schrodinger2017-4-advanced/jaguar results -energy SM24_micro020_conf_5.nrg_h.out

Executing subprocess:
/data/chodera/schrodinger/schrodinger2017-4-advanced/jaguar results -esolv SM24_micro020_conf_5.sol_h.out

Executing subprocess:
/data/chodera/schrodinger/schrodinger2017-4-advanced/jaguar results -energy SM24_micro001_conf_1.nrg.out

Executing subprocess:
/data/chodera/schrodinger/schrodinger2017-4-advanced/jaguar results -esolv SM24_micro001_conf_1.sol.out

Executing subprocess:
/data/chodera/schrodinger/schrodinger2017-4-advanced/jaguar results -energy SM24_micro001_conf_2.nrg.out

Executing subprocess:
/data/chodera/schrodinger/schrodinger2017-4-advanced/jaguar results -esolv SM24_micro001_conf_2.sol.out

Executing subprocess:
/data/chodera/schrodinger/schrodinger2017-4-advanced/jaguar results -energy SM24_micro001_conf_3.nrg.out

Executing subprocess:
/data/chodera/schrodinger/schrodinger2017-4-advanced/jaguar results -esolv SM24_micro001_conf_3.sol.out

Executing subprocess:
/data/chodera/schrodinger/schrodinger2017-4-advanced/jaguar results -energy SM24_micro001_conf_4.nrg.out

Executing subprocess:
/data/chodera/schrodinger/schrodinger2017-4-advanced/jaguar results -esolv SM24_micro001_conf_4.sol.out

Executing subprocess:
/data/chodera/schrodinger/schrodinger2017-4-advanced/jaguar results -energy SM24_micro001_conf_5.nrg.out

Executing subprocess:
/data/chodera/schrodinger/schrodinger2017-4-advanced/jaguar results -esolv SM24_micro001_conf_5.sol.out

Executing subprocess:
/data/chodera/schrodinger/schrodinger2017-4-advanced/jaguar-v9.8/bin/Linux-x86_64/pka -o SM24_micro020_deprot-out.mae -j SM24_micro020.jres -n -d

Executing subprocess:
/data/chodera/schrodinger/schrodinger2017-4-advanced/jaguar-v9.8/bin/Linux-x86_64/pka -o SM24_micro020_prot-out.mae -j SM24_micro020.jres -n

pKa calculation for SM24_micro020 completed.

pKa workflow jag_SM24_micro020_SM24_micro001 completed.

Timer (Jaguar pKa) : 19272.38 secs (5 hrs, 21 mins, 12 secs)
Timer (jaguar_backend.py) : 19272.38 secs (5 hrs, 21 mins, 12 secs)
Finished:   Fri May 11 18:37:36 2018
