Command:    jaguar run pka.py -jobname jag_SM04_micro004_SM04_micro005 -PARALLEL 10 -n -csrch -prot SM04_micro004.in -deprot SM04_micro005.in
Release:    2017-4
Exec:       /data/chodera/schrodinger/schrodinger2017-4-advanced/jaguar-v9.8/bin/Linux-x86_64
Host:       ls12
JobId:      lilac-0-5aec7010
JobDir:     /lila/data/chodera/schrodinger/tmpdir/rustenburg/jag_SM04_micro004_SM04_micro005
Date:       Fri May  4 10:37:10 2018

Contents of /lila/data/chodera/schrodinger/tmpdir/rustenburg/jag_SM04_micro004_SM04_micro005:
/lila/data/chodera/schrodinger/tmpdir/rustenburg/jag_SM04_micro004_SM04_micro005/lilac-0-5aec7010.mpinodes
/lila/data/chodera/schrodinger/tmpdir/rustenburg/jag_SM04_micro004_SM04_micro005/jag_SM04_micro004_SM04_micro005.log
/lila/data/chodera/schrodinger/tmpdir/rustenburg/jag_SM04_micro004_SM04_micro005/SM04_micro004.mae
/lila/data/chodera/schrodinger/tmpdir/rustenburg/jag_SM04_micro004_SM04_micro005/SM04_micro005.mae
/lila/data/chodera/schrodinger/tmpdir/rustenburg/jag_SM04_micro004_SM04_micro005/lilac-0-5aec7010.recover
/lila/data/chodera/schrodinger/tmpdir/rustenburg/jag_SM04_micro004_SM04_micro005/lilac-0-5aec7010.jlog
/lila/data/chodera/schrodinger/tmpdir/rustenburg/jag_SM04_micro004_SM04_micro005/jag_SM04_micro004_SM04_micro005.recover
/lila/data/chodera/schrodinger/tmpdir/rustenburg/jag_SM04_micro004_SM04_micro005/lilac-0-5aec7010.nodes
/lila/data/chodera/schrodinger/tmpdir/rustenburg/jag_SM04_micro004_SM04_micro005/lilac-0-5aec7010.hosts
/lila/data/chodera/schrodinger/tmpdir/rustenburg/jag_SM04_micro004_SM04_micro005/lilac-0-5aec7010
/lila/data/chodera/schrodinger/tmpdir/rustenburg/jag_SM04_micro004_SM04_micro005/SM04_micro004.in
/lila/data/chodera/schrodinger/tmpdir/rustenburg/jag_SM04_micro004_SM04_micro005/SM04_micro005.in

=====================
 Jaguar pKa workflow
=====================

Analysing user-provided (prot, deprot) pair:
(SM04_micro004.in, SM04_micro005.in)
Found labile hydrogen 20 in SM04_micro004.in
Found labile hydrogen at atom 10 in SM04_micro005.in
Adding 'ipkat' keyword to input files.

Identifying pKa functional group for pair:
(SM04_micro004, SM04_micro005)

Executing subprocess:
/data/chodera/schrodinger/schrodinger2017-4-advanced/jaguar-v9.8/bin/Linux-x86_64/pka -i -j SM04_micro004.tmp.jres -n

Taking protonated structures from:
SM04_micro004.mae
Taking deprotonated structures from:
SM04_micro005.mae

This molecule from 'SM04_micro004.mae' in water was recognized as:

 # 	           Shell           
---	---------------------------
1: 	Protonation of generic atom


Executing conformational search...

Executing 2 distributed subjobs:
---------------------------------

No more than 8 cpu(s) will be used per subjob.
No more than 10 cpu(s) will be used simultaneously.

Processing the following subjobs:
(1) jaguar run csrch.py SM04_micro004.mae -jobname SM04_micro004 -max_conf 5 -erg_window 50.208 -acc_level 1 -TPP 5
(2) jaguar run csrch.py SM04_micro005.mae -jobname SM04_micro005 -max_conf 5 -erg_window 50.208 -acc_level 1 -TPP 5

Running subjobs on hosts:
  lsf-cpu (Max: 2)
Number of jobs:       2
Max retries per job:  3
Max allowed failures: unlimited
Run with -LOCAL:      False
Verbosity:            normal

Starting JobDJ...

Keep one job on driver host: False
JobDJ columns:
  C: Number of completed subjobs
  A: Number of active subjobs (e.g., submitted, running)
  W: Number of waiting/pending subjobs

C A W | Activity  JobId  JobName  JobHost
- - - | --------- -----------------------
0 1 1 | launched  ls12-0-5aec701b SM04_micro004 lsf-cpu
0 2 0 | launched  ls12-0-5aec701e SM04_micro005 lsf-cpu
1 1 0 | finished  ls12-0-5aec701b SM04_micro004 lsf-cpu [lt16]
2 0 0 | finished  ls12-0-5aec701e SM04_micro005 lsf-cpu [lt05]

All jobs have completed.

2 of 2 job(s) succeeded; 0 job(s) failed.

Timer (distribute subjobs) : 1216.52 secs (0 hrs, 20 mins, 16 secs)

Setting up QM workflow for (protonated, deprotonated) pair:
(1) (SM04_micro004, SM04_micro005)

Executing Jaguar quantum-mechanical subjobs...

Executing 10 distributed subjobs:
----------------------------------

No more than 8 cpu(s) will be used per subjob.
No more than 10 cpu(s) will be used simultaneously.

Processing the following subjobs:
(1) jaguar run pka_prot.bat -jobname SM04_micro004_conf_1 SM04_micro004_conf_1.in
(2) jaguar run pka_prot.bat -jobname SM04_micro004_conf_2 SM04_micro004_conf_2.in
(3) jaguar run pka_prot.bat -jobname SM04_micro004_conf_3 SM04_micro004_conf_3.in
(4) jaguar run pka_prot.bat -jobname SM04_micro004_conf_4 SM04_micro004_conf_4.in
(5) jaguar run pka_prot.bat -jobname SM04_micro004_conf_5 SM04_micro004_conf_5.in
(6) jaguar run pka_deprot.bat -jobname SM04_micro005_conf_1 SM04_micro005_conf_1.in
(7) jaguar run pka_deprot.bat -jobname SM04_micro005_conf_2 SM04_micro005_conf_2.in
(8) jaguar run pka_deprot.bat -jobname SM04_micro005_conf_3 SM04_micro005_conf_3.in
(9) jaguar run pka_deprot.bat -jobname SM04_micro005_conf_4 SM04_micro005_conf_4.in
(10) jaguar run pka_deprot.bat -jobname SM04_micro005_conf_5 SM04_micro005_conf_5.in

Running subjobs on hosts:
  lsf-cpu (Max: 10)
Number of jobs:       10
Max retries per job:  3
Max allowed failures: unlimited
Run with -LOCAL:      False
Verbosity:            normal

Starting JobDJ...

Keep one job on driver host: True
JobDJ columns:
  C: Number of completed subjobs
  A: Number of active subjobs (e.g., submitted, running)
  W: Number of waiting/pending subjobs

 C  A  W | Activity  JobId  JobName  JobHost
-- -- -- | --------- -----------------------
 0  1  9 | launched  ls12-0-5aec74dd SM04_micro004_conf_1 localhost [ls12]
 0  2  8 | launched  ls12-0-5aec74e2 SM04_micro004_conf_2 lsf-cpu
 0  3  7 | launched  ls12-0-5aec74e7 SM04_micro004_conf_3 lsf-cpu
 0  4  6 | launched  ls12-0-5aec74ed SM04_micro004_conf_4 lsf-cpu
 0  5  5 | launched  ls12-0-5aec74f3 SM04_micro004_conf_5 lsf-cpu
 0  6  4 | launched  ls12-0-5aec74f8 SM04_micro005_conf_1 lsf-cpu
 0  7  3 | launched  ls12-0-5aec74fe SM04_micro005_conf_2 lsf-cpu
 0  8  2 | launched  ls12-0-5aec7505 SM04_micro005_conf_3 lsf-cpu
 0  9  1 | launched  ls12-0-5aec750e SM04_micro005_conf_4 lsf-cpu
 0 10  0 | launched  ls12-0-5aec7516 SM04_micro005_conf_5 lsf-cpu
 1  9  0 | finished  ls12-0-5aec74dd SM04_micro004_conf_1 localhost [ls12]
 2  8  0 | finished  ls12-0-5aec74f8 SM04_micro005_conf_1 lsf-cpu [ls18]
 3  7  0 | finished  ls12-0-5aec7505 SM04_micro005_conf_3 lsf-cpu [ls18]
 4  6  0 | finished  ls12-0-5aec74e2 SM04_micro004_conf_2 lsf-cpu [lt21]
 5  5  0 | finished  ls12-0-5aec74f3 SM04_micro004_conf_5 lsf-cpu [ls18]
 6  4  0 | finished  ls12-0-5aec74e7 SM04_micro004_conf_3 lsf-cpu [ls16]
 7  3  0 | finished  ls12-0-5aec74fe SM04_micro005_conf_2 lsf-cpu [lt21]
 8  2  0 | finished  ls12-0-5aec750e SM04_micro005_conf_4 lsf-cpu [ls16]
 9  1  0 | finished  ls12-0-5aec7516 SM04_micro005_conf_5 lsf-cpu [lt17]
10  0  0 | finished  ls12-0-5aec74ed SM04_micro004_conf_4 lsf-cpu [lt21]

All jobs have completed.

10 of 10 job(s) succeeded; 0 job(s) failed.

Timer (distribute subjobs) : 4725.87 secs (1 hrs, 18 mins, 45 secs)

Processing QM output files...

Executing subprocess:
/data/chodera/schrodinger/schrodinger2017-4-advanced/jaguar results -energy SM04_micro004_conf_1.nrg_h.out

Executing subprocess:
/data/chodera/schrodinger/schrodinger2017-4-advanced/jaguar results -esolv SM04_micro004_conf_1.sol_h.out

Executing subprocess:
/data/chodera/schrodinger/schrodinger2017-4-advanced/jaguar results -energy SM04_micro004_conf_2.nrg_h.out

Executing subprocess:
/data/chodera/schrodinger/schrodinger2017-4-advanced/jaguar results -esolv SM04_micro004_conf_2.sol_h.out

Executing subprocess:
/data/chodera/schrodinger/schrodinger2017-4-advanced/jaguar results -energy SM04_micro004_conf_3.nrg_h.out

Executing subprocess:
/data/chodera/schrodinger/schrodinger2017-4-advanced/jaguar results -esolv SM04_micro004_conf_3.sol_h.out

Executing subprocess:
/data/chodera/schrodinger/schrodinger2017-4-advanced/jaguar results -energy SM04_micro004_conf_4.nrg_h.out

Executing subprocess:
/data/chodera/schrodinger/schrodinger2017-4-advanced/jaguar results -esolv SM04_micro004_conf_4.sol_h.out

Executing subprocess:
/data/chodera/schrodinger/schrodinger2017-4-advanced/jaguar results -energy SM04_micro004_conf_5.nrg_h.out

Executing subprocess:
/data/chodera/schrodinger/schrodinger2017-4-advanced/jaguar results -esolv SM04_micro004_conf_5.sol_h.out

Executing subprocess:
/data/chodera/schrodinger/schrodinger2017-4-advanced/jaguar results -energy SM04_micro005_conf_1.nrg.out

Executing subprocess:
/data/chodera/schrodinger/schrodinger2017-4-advanced/jaguar results -esolv SM04_micro005_conf_1.sol.out

Executing subprocess:
/data/chodera/schrodinger/schrodinger2017-4-advanced/jaguar results -energy SM04_micro005_conf_2.nrg.out

Executing subprocess:
/data/chodera/schrodinger/schrodinger2017-4-advanced/jaguar results -esolv SM04_micro005_conf_2.sol.out

Executing subprocess:
/data/chodera/schrodinger/schrodinger2017-4-advanced/jaguar results -energy SM04_micro005_conf_3.nrg.out

Executing subprocess:
/data/chodera/schrodinger/schrodinger2017-4-advanced/jaguar results -esolv SM04_micro005_conf_3.sol.out

Executing subprocess:
/data/chodera/schrodinger/schrodinger2017-4-advanced/jaguar results -energy SM04_micro005_conf_4.nrg.out

Executing subprocess:
/data/chodera/schrodinger/schrodinger2017-4-advanced/jaguar results -esolv SM04_micro005_conf_4.sol.out

Executing subprocess:
/data/chodera/schrodinger/schrodinger2017-4-advanced/jaguar results -energy SM04_micro005_conf_5.nrg.out

Executing subprocess:
/data/chodera/schrodinger/schrodinger2017-4-advanced/jaguar results -esolv SM04_micro005_conf_5.sol.out

Executing subprocess:
/data/chodera/schrodinger/schrodinger2017-4-advanced/jaguar-v9.8/bin/Linux-x86_64/pka -o SM04_micro004_deprot-out.mae -j SM04_micro004.jres -n -d

Executing subprocess:
/data/chodera/schrodinger/schrodinger2017-4-advanced/jaguar-v9.8/bin/Linux-x86_64/pka -o SM04_micro004_prot-out.mae -j SM04_micro004.jres -n

pKa calculation for SM04_micro004 completed.

pKa workflow jag_SM04_micro004_SM04_micro005 completed.

Timer (Jaguar pKa) : 6034.15 secs (1 hrs, 40 mins, 34 secs)
Timer (jaguar_backend.py) : 6034.15 secs (1 hrs, 40 mins, 34 secs)
Finished:   Fri May  4 12:17:44 2018
