Command:    jaguar run pka.py -jobname jag_SM13_micro009_SM13_micro004 -PARALLEL 10 -n -csrch -prot SM13_micro009.in -deprot SM13_micro004.in
Release:    2017-4
Exec:       /data/chodera/schrodinger/schrodinger2017-4-advanced/jaguar-v9.8/bin/Linux-x86_64
Host:       lt02
JobId:      lilac-0-5aeca2a6
JobDir:     /lila/data/chodera/schrodinger/tmpdir/rustenburg/jag_SM13_micro009_SM13_micro004
Date:       Fri May  4 14:12:59 2018

Contents of /lila/data/chodera/schrodinger/tmpdir/rustenburg/jag_SM13_micro009_SM13_micro004:
/lila/data/chodera/schrodinger/tmpdir/rustenburg/jag_SM13_micro009_SM13_micro004/lilac-0-5aeca2a6
/lila/data/chodera/schrodinger/tmpdir/rustenburg/jag_SM13_micro009_SM13_micro004/SM13_micro004.in
/lila/data/chodera/schrodinger/tmpdir/rustenburg/jag_SM13_micro009_SM13_micro004/lilac-0-5aeca2a6.hosts
/lila/data/chodera/schrodinger/tmpdir/rustenburg/jag_SM13_micro009_SM13_micro004/jag_SM13_micro009_SM13_micro004.log
/lila/data/chodera/schrodinger/tmpdir/rustenburg/jag_SM13_micro009_SM13_micro004/lilac-0-5aeca2a6.mpinodes
/lila/data/chodera/schrodinger/tmpdir/rustenburg/jag_SM13_micro009_SM13_micro004/jag_SM13_micro009_SM13_micro004.recover
/lila/data/chodera/schrodinger/tmpdir/rustenburg/jag_SM13_micro009_SM13_micro004/lilac-0-5aeca2a6.jlog
/lila/data/chodera/schrodinger/tmpdir/rustenburg/jag_SM13_micro009_SM13_micro004/SM13_micro009.in
/lila/data/chodera/schrodinger/tmpdir/rustenburg/jag_SM13_micro009_SM13_micro004/SM13_micro004.mae
/lila/data/chodera/schrodinger/tmpdir/rustenburg/jag_SM13_micro009_SM13_micro004/lilac-0-5aeca2a6.nodes
/lila/data/chodera/schrodinger/tmpdir/rustenburg/jag_SM13_micro009_SM13_micro004/SM13_micro009.mae
/lila/data/chodera/schrodinger/tmpdir/rustenburg/jag_SM13_micro009_SM13_micro004/lilac-0-5aeca2a6.recover

=====================
 Jaguar pKa workflow
=====================

Analysing user-provided (prot, deprot) pair:
(SM13_micro009.in, SM13_micro004.in)
Found labile hydrogen 23 in SM13_micro009.in
Found labile hydrogen at atom 12 in SM13_micro004.in
Adding 'ipkat' keyword to input files.

Identifying pKa functional group for pair:
(SM13_micro009, SM13_micro004)

Executing subprocess:
/data/chodera/schrodinger/schrodinger2017-4-advanced/jaguar-v9.8/bin/Linux-x86_64/pka -i -j SM13_micro009.tmp.jres -n

Taking protonated structures from:
SM13_micro009.mae
Taking deprotonated structures from:
SM13_micro004.mae

This molecule from 'SM13_micro009.mae' in water was recognized as:

 # 	           Shell           
---	---------------------------
1: 	Protonation of generic atom


Executing conformational search...

Executing 2 distributed subjobs:
---------------------------------

No more than 8 cpu(s) will be used per subjob.
No more than 10 cpu(s) will be used simultaneously.

Processing the following subjobs:
(1) jaguar run csrch.py SM13_micro009.mae -jobname SM13_micro009 -max_conf 5 -erg_window 50.208 -acc_level 1 -TPP 5
(2) jaguar run csrch.py SM13_micro004.mae -jobname SM13_micro004 -max_conf 5 -erg_window 50.208 -acc_level 1 -TPP 5

Running subjobs on hosts:
  lsf-cpu (Max: 2)
Number of jobs:       2
Max retries per job:  3
Max allowed failures: unlimited
Run with -LOCAL:      False
Verbosity:            normal

Starting JobDJ...

Keep one job on driver host: False
JobDJ columns:
  C: Number of completed subjobs
  A: Number of active subjobs (e.g., submitted, running)
  W: Number of waiting/pending subjobs

C A W | Activity  JobId  JobName  JobHost
- - - | --------- -----------------------
0 1 1 | launched  lt02-0-5aeca2b0 SM13_micro009 lsf-cpu
0 2 0 | launched  lt02-0-5aeca2b3 SM13_micro004 lsf-cpu
1 1 0 | finished  lt02-0-5aeca2b0 SM13_micro009 lsf-cpu [lt14]
2 0 0 | finished  lt02-0-5aeca2b3 SM13_micro004 lsf-cpu [lt14]

All jobs have completed.

2 of 2 job(s) succeeded; 0 job(s) failed.

Timer (distribute subjobs) : 931.28 secs (0 hrs, 15 mins, 31 secs)

Setting up QM workflow for (protonated, deprotonated) pair:
(1) (SM13_micro009, SM13_micro004)

Executing Jaguar quantum-mechanical subjobs...

Executing 10 distributed subjobs:
----------------------------------

No more than 8 cpu(s) will be used per subjob.
No more than 10 cpu(s) will be used simultaneously.

Processing the following subjobs:
(1) jaguar run pka_prot.bat -jobname SM13_micro009_conf_1 SM13_micro009_conf_1.in
(2) jaguar run pka_prot.bat -jobname SM13_micro009_conf_2 SM13_micro009_conf_2.in
(3) jaguar run pka_prot.bat -jobname SM13_micro009_conf_3 SM13_micro009_conf_3.in
(4) jaguar run pka_prot.bat -jobname SM13_micro009_conf_4 SM13_micro009_conf_4.in
(5) jaguar run pka_prot.bat -jobname SM13_micro009_conf_5 SM13_micro009_conf_5.in
(6) jaguar run pka_deprot.bat -jobname SM13_micro004_conf_1 SM13_micro004_conf_1.in
(7) jaguar run pka_deprot.bat -jobname SM13_micro004_conf_2 SM13_micro004_conf_2.in
(8) jaguar run pka_deprot.bat -jobname SM13_micro004_conf_3 SM13_micro004_conf_3.in
(9) jaguar run pka_deprot.bat -jobname SM13_micro004_conf_4 SM13_micro004_conf_4.in
(10) jaguar run pka_deprot.bat -jobname SM13_micro004_conf_5 SM13_micro004_conf_5.in

Running subjobs on hosts:
  lsf-cpu (Max: 10)
Number of jobs:       10
Max retries per job:  3
Max allowed failures: unlimited
Run with -LOCAL:      False
Verbosity:            normal

Starting JobDJ...

Keep one job on driver host: True
JobDJ columns:
  C: Number of completed subjobs
  A: Number of active subjobs (e.g., submitted, running)
  W: Number of waiting/pending subjobs

 C  A  W | Activity  JobId  JobName  JobHost
-- -- -- | --------- -----------------------
 0  1  9 | launched  lt02-0-5aeca656 SM13_micro009_conf_1 localhost [lt02]
 0  2  8 | launched  lt02-0-5aeca659 SM13_micro009_conf_2 lsf-cpu
 0  3  7 | launched  lt02-0-5aeca65d SM13_micro009_conf_3 lsf-cpu
 0  4  6 | launched  lt02-1-5aeca661 SM13_micro009_conf_4 lsf-cpu
 0  5  5 | launched  lt02-0-5aeca665 SM13_micro009_conf_5 lsf-cpu
 0  6  4 | launched  lt02-0-5aeca668 SM13_micro004_conf_1 lsf-cpu
 0  7  3 | launched  lt02-0-5aeca66c SM13_micro004_conf_2 lsf-cpu
 0  8  2 | launched  lt02-0-5aeca671 SM13_micro004_conf_3 lsf-cpu
 0  9  1 | launched  lt02-0-5aeca674 SM13_micro004_conf_4 lsf-cpu
 0 10  0 | launched  lt02-0-5aeca679 SM13_micro004_conf_5 lsf-cpu
 1  9  0 | finished  lt02-0-5aeca65d SM13_micro009_conf_3 lsf-cpu [lt02]
 2  8  0 | finished  lt02-0-5aeca656 SM13_micro009_conf_1 localhost [lt02]
 3  7  0 | finished  lt02-0-5aeca659 SM13_micro009_conf_2 lsf-cpu [ls18]
 4  6  0 | finished  lt02-0-5aeca665 SM13_micro009_conf_5 lsf-cpu [lt14]
 5  5  0 | finished  lt02-0-5aeca679 SM13_micro004_conf_5 lsf-cpu [lt12]
 6  4  0 | finished  lt02-0-5aeca668 SM13_micro004_conf_1 lsf-cpu [lt14]
 7  3  0 | finished  lt02-1-5aeca661 SM13_micro009_conf_4 lsf-cpu [ls18]
 8  2  0 | finished  lt02-0-5aeca671 SM13_micro004_conf_3 lsf-cpu [lt17]
 9  1  0 | finished  lt02-0-5aeca674 SM13_micro004_conf_4 lsf-cpu [lt17]
10  0  0 | finished  lt02-0-5aeca66c SM13_micro004_conf_2 lsf-cpu [lt17]

All jobs have completed.

10 of 10 job(s) succeeded; 0 job(s) failed.

Timer (distribute subjobs) : 4204.84 secs (1 hrs, 10 mins, 04 secs)

Processing QM output files...

Executing subprocess:
/data/chodera/schrodinger/schrodinger2017-4-advanced/jaguar results -energy SM13_micro009_conf_1.nrg_h.out

Executing subprocess:
/data/chodera/schrodinger/schrodinger2017-4-advanced/jaguar results -esolv SM13_micro009_conf_1.sol_h.out

Executing subprocess:
/data/chodera/schrodinger/schrodinger2017-4-advanced/jaguar results -energy SM13_micro009_conf_2.nrg_h.out

Executing subprocess:
/data/chodera/schrodinger/schrodinger2017-4-advanced/jaguar results -esolv SM13_micro009_conf_2.sol_h.out

Executing subprocess:
/data/chodera/schrodinger/schrodinger2017-4-advanced/jaguar results -energy SM13_micro009_conf_3.nrg_h.out

Executing subprocess:
/data/chodera/schrodinger/schrodinger2017-4-advanced/jaguar results -esolv SM13_micro009_conf_3.sol_h.out

Executing subprocess:
/data/chodera/schrodinger/schrodinger2017-4-advanced/jaguar results -energy SM13_micro009_conf_4.nrg_h.out

Executing subprocess:
/data/chodera/schrodinger/schrodinger2017-4-advanced/jaguar results -esolv SM13_micro009_conf_4.sol_h.out

Executing subprocess:
/data/chodera/schrodinger/schrodinger2017-4-advanced/jaguar results -energy SM13_micro009_conf_5.nrg_h.out

Executing subprocess:
/data/chodera/schrodinger/schrodinger2017-4-advanced/jaguar results -esolv SM13_micro009_conf_5.sol_h.out

Executing subprocess:
/data/chodera/schrodinger/schrodinger2017-4-advanced/jaguar results -energy SM13_micro004_conf_1.nrg.out

Executing subprocess:
/data/chodera/schrodinger/schrodinger2017-4-advanced/jaguar results -esolv SM13_micro004_conf_1.sol.out

Executing subprocess:
/data/chodera/schrodinger/schrodinger2017-4-advanced/jaguar results -energy SM13_micro004_conf_2.nrg.out

Executing subprocess:
/data/chodera/schrodinger/schrodinger2017-4-advanced/jaguar results -esolv SM13_micro004_conf_2.sol.out

Executing subprocess:
/data/chodera/schrodinger/schrodinger2017-4-advanced/jaguar results -energy SM13_micro004_conf_3.nrg.out

Executing subprocess:
/data/chodera/schrodinger/schrodinger2017-4-advanced/jaguar results -esolv SM13_micro004_conf_3.sol.out

Executing subprocess:
/data/chodera/schrodinger/schrodinger2017-4-advanced/jaguar results -energy SM13_micro004_conf_4.nrg.out

Executing subprocess:
/data/chodera/schrodinger/schrodinger2017-4-advanced/jaguar results -esolv SM13_micro004_conf_4.sol.out

Executing subprocess:
/data/chodera/schrodinger/schrodinger2017-4-advanced/jaguar results -energy SM13_micro004_conf_5.nrg.out

Executing subprocess:
/data/chodera/schrodinger/schrodinger2017-4-advanced/jaguar results -esolv SM13_micro004_conf_5.sol.out

Executing subprocess:
/data/chodera/schrodinger/schrodinger2017-4-advanced/jaguar-v9.8/bin/Linux-x86_64/pka -o SM13_micro009_deprot-out.mae -j SM13_micro009.jres -n -d

Executing subprocess:
/data/chodera/schrodinger/schrodinger2017-4-advanced/jaguar-v9.8/bin/Linux-x86_64/pka -o SM13_micro009_prot-out.mae -j SM13_micro009.jres -n

pKa calculation for SM13_micro009 completed.

pKa workflow jag_SM13_micro009_SM13_micro004 completed.

Timer (Jaguar pKa) : 5223.72 secs (1 hrs, 27 mins, 03 secs)
Timer (jaguar_backend.py) : 5223.72 secs (1 hrs, 27 mins, 03 secs)
Finished:   Fri May  4 15:40:03 2018
