Command:    jaguar run pka.py -jobname jag_SM11_micro028_SM11_micro007 -PARALLEL 10 -n -csrch -prot SM11_micro028.in -deprot SM11_micro007.in
Release:    2017-4
Exec:       /data/chodera/schrodinger/schrodinger2017-4-advanced/jaguar-v9.8/bin/Linux-x86_64
Host:       lt02
JobId:      lilac-0-5aec99f1
JobDir:     /lila/data/chodera/schrodinger/tmpdir/rustenburg/jag_SM11_micro028_SM11_micro007
Date:       Fri May  4 13:35:52 2018

Contents of /lila/data/chodera/schrodinger/tmpdir/rustenburg/jag_SM11_micro028_SM11_micro007:
/lila/data/chodera/schrodinger/tmpdir/rustenburg/jag_SM11_micro028_SM11_micro007/lilac-0-5aec99f1.recover
/lila/data/chodera/schrodinger/tmpdir/rustenburg/jag_SM11_micro028_SM11_micro007/lilac-0-5aec99f1.hosts
/lila/data/chodera/schrodinger/tmpdir/rustenburg/jag_SM11_micro028_SM11_micro007/lilac-0-5aec99f1.nodes
/lila/data/chodera/schrodinger/tmpdir/rustenburg/jag_SM11_micro028_SM11_micro007/lilac-0-5aec99f1
/lila/data/chodera/schrodinger/tmpdir/rustenburg/jag_SM11_micro028_SM11_micro007/lilac-0-5aec99f1.mpinodes
/lila/data/chodera/schrodinger/tmpdir/rustenburg/jag_SM11_micro028_SM11_micro007/SM11_micro007.mae
/lila/data/chodera/schrodinger/tmpdir/rustenburg/jag_SM11_micro028_SM11_micro007/jag_SM11_micro028_SM11_micro007.log
/lila/data/chodera/schrodinger/tmpdir/rustenburg/jag_SM11_micro028_SM11_micro007/SM11_micro007.in
/lila/data/chodera/schrodinger/tmpdir/rustenburg/jag_SM11_micro028_SM11_micro007/jag_SM11_micro028_SM11_micro007.recover
/lila/data/chodera/schrodinger/tmpdir/rustenburg/jag_SM11_micro028_SM11_micro007/SM11_micro028.mae
/lila/data/chodera/schrodinger/tmpdir/rustenburg/jag_SM11_micro028_SM11_micro007/SM11_micro028.in
/lila/data/chodera/schrodinger/tmpdir/rustenburg/jag_SM11_micro028_SM11_micro007/lilac-0-5aec99f1.jlog

=====================
 Jaguar pKa workflow
=====================

Analysing user-provided (prot, deprot) pair:
(SM11_micro028.in, SM11_micro007.in)
Found labile hydrogen 17 in SM11_micro028.in
Found labile hydrogen at atom 14 in SM11_micro007.in
Adding 'ipkat' keyword to input files.

Identifying pKa functional group for pair:
(SM11_micro028, SM11_micro007)

Executing subprocess:
/data/chodera/schrodinger/schrodinger2017-4-advanced/jaguar-v9.8/bin/Linux-x86_64/pka -i -j SM11_micro028.tmp.jres -n

Taking protonated structures from:
SM11_micro028.mae
Taking deprotonated structures from:
SM11_micro007.mae

This molecule from 'SM11_micro028.mae' in water was recognized as:

 # 	           Shell           
---	---------------------------
1: 	Protonation of generic atom


Executing conformational search...

Executing 2 distributed subjobs:
---------------------------------

No more than 8 cpu(s) will be used per subjob.
No more than 10 cpu(s) will be used simultaneously.

Processing the following subjobs:
(1) jaguar run csrch.py SM11_micro028.mae -jobname SM11_micro028 -max_conf 5 -erg_window 50.208 -acc_level 1 -TPP 5
(2) jaguar run csrch.py SM11_micro007.mae -jobname SM11_micro007 -max_conf 5 -erg_window 50.208 -acc_level 1 -TPP 5

Running subjobs on hosts:
  lsf-cpu (Max: 2)
Number of jobs:       2
Max retries per job:  3
Max allowed failures: unlimited
Run with -LOCAL:      False
Verbosity:            normal

Starting JobDJ...

Keep one job on driver host: False
JobDJ columns:
  C: Number of completed subjobs
  A: Number of active subjobs (e.g., submitted, running)
  W: Number of waiting/pending subjobs

C A W | Activity  JobId  JobName  JobHost
- - - | --------- -----------------------
0 1 1 | launched  lt02-0-5aec99ff SM11_micro028 lsf-cpu
0 2 0 | launched  lt02-1-5aec9a03 SM11_micro007 lsf-cpu
1 1 0 | finished  lt02-0-5aec99ff SM11_micro028 lsf-cpu
2 0 0 | finished  lt02-1-5aec9a03 SM11_micro007 lsf-cpu

All jobs have completed.

2 of 2 job(s) succeeded; 0 job(s) failed.

Timer (distribute subjobs) : 260.51 secs (0 hrs, 04 mins, 20 secs)

Setting up QM workflow for (protonated, deprotonated) pair:
(1) (SM11_micro028, SM11_micro007)

Executing Jaguar quantum-mechanical subjobs...

Executing 7 distributed subjobs:
---------------------------------

No more than 8 cpu(s) will be used per subjob.
No more than 10 cpu(s) will be used simultaneously.

Processing the following subjobs:
(1) jaguar run pka_prot.bat -jobname SM11_micro028_conf_1 SM11_micro028_conf_1.in -TPP 2
(2) jaguar run pka_prot.bat -jobname SM11_micro028_conf_2 SM11_micro028_conf_2.in -TPP 2
(3) jaguar run pka_prot.bat -jobname SM11_micro028_conf_3 SM11_micro028_conf_3.in -TPP 2
(4) jaguar run pka_prot.bat -jobname SM11_micro028_conf_4 SM11_micro028_conf_4.in
(5) jaguar run pka_prot.bat -jobname SM11_micro028_conf_5 SM11_micro028_conf_5.in
(6) jaguar run pka_deprot.bat -jobname SM11_micro007_conf_1 SM11_micro007_conf_1.in
(7) jaguar run pka_deprot.bat -jobname SM11_micro007_conf_2 SM11_micro007_conf_2.in

Running subjobs on hosts:
  lsf-cpu (Max: 7)
Number of jobs:       7
Max retries per job:  3
Max allowed failures: unlimited
Run with -LOCAL:      False
Verbosity:            normal

Starting JobDJ...

Keep one job on driver host: False
JobDJ columns:
  C: Number of completed subjobs
  A: Number of active subjobs (e.g., submitted, running)
  W: Number of waiting/pending subjobs

C A W | Activity  JobId  JobName  JobHost
- - - | --------- -----------------------
0 1 6 | launched  lt02-0-5aec9b04 SM11_micro028_conf_1 lsf-cpu
0 2 5 | launched  lt02-0-5aec9b08 SM11_micro028_conf_2 lsf-cpu
0 3 4 | launched  lt02-0-5aec9b0d SM11_micro028_conf_3 lsf-cpu
0 4 3 | launched  lt02-1-5aec9b13 SM11_micro028_conf_4 lsf-cpu
0 5 2 | launched  lt02-0-5aec9b19 SM11_micro028_conf_5 lsf-cpu
0 6 1 | launched  lt02-0-5aec9b20 SM11_micro007_conf_1 lsf-cpu
0 7 0 | launched  lt02-0-5aec9b26 SM11_micro007_conf_2 lsf-cpu
1 6 0 | finished  lt02-0-5aec9b26 SM11_micro007_conf_2 lsf-cpu
2 5 0 | finished  lt02-0-5aec9b08 SM11_micro028_conf_2 lsf-cpu
3 4 0 | finished  lt02-0-5aec9b0d SM11_micro028_conf_3 lsf-cpu
4 3 0 | finished  lt02-0-5aec9b04 SM11_micro028_conf_1 lsf-cpu [lt14]
5 2 0 | finished  lt02-0-5aec9b20 SM11_micro007_conf_1 lsf-cpu [lt21]
6 1 0 | finished  lt02-1-5aec9b13 SM11_micro028_conf_4 lsf-cpu [lt14]
7 0 0 | finished  lt02-0-5aec9b19 SM11_micro028_conf_5 lsf-cpu [lt21]

All jobs have completed.

7 of 7 job(s) succeeded; 0 job(s) failed.

Timer (distribute subjobs) : 1032.90 secs (0 hrs, 17 mins, 12 secs)

Processing QM output files...

Executing subprocess:
/data/chodera/schrodinger/schrodinger2017-4-advanced/jaguar results -energy SM11_micro028_conf_1.nrg_h.out

Executing subprocess:
/data/chodera/schrodinger/schrodinger2017-4-advanced/jaguar results -esolv SM11_micro028_conf_1.sol_h.out

Executing subprocess:
/data/chodera/schrodinger/schrodinger2017-4-advanced/jaguar results -energy SM11_micro028_conf_2.nrg_h.out

Executing subprocess:
/data/chodera/schrodinger/schrodinger2017-4-advanced/jaguar results -esolv SM11_micro028_conf_2.sol_h.out

Executing subprocess:
/data/chodera/schrodinger/schrodinger2017-4-advanced/jaguar results -energy SM11_micro028_conf_3.nrg_h.out

Executing subprocess:
/data/chodera/schrodinger/schrodinger2017-4-advanced/jaguar results -esolv SM11_micro028_conf_3.sol_h.out

Executing subprocess:
/data/chodera/schrodinger/schrodinger2017-4-advanced/jaguar results -energy SM11_micro028_conf_4.nrg_h.out

Executing subprocess:
/data/chodera/schrodinger/schrodinger2017-4-advanced/jaguar results -esolv SM11_micro028_conf_4.sol_h.out

Executing subprocess:
/data/chodera/schrodinger/schrodinger2017-4-advanced/jaguar results -energy SM11_micro028_conf_5.nrg_h.out

Executing subprocess:
/data/chodera/schrodinger/schrodinger2017-4-advanced/jaguar results -esolv SM11_micro028_conf_5.sol_h.out

Executing subprocess:
/data/chodera/schrodinger/schrodinger2017-4-advanced/jaguar results -energy SM11_micro007_conf_1.nrg.out

Executing subprocess:
/data/chodera/schrodinger/schrodinger2017-4-advanced/jaguar results -esolv SM11_micro007_conf_1.sol.out

Executing subprocess:
/data/chodera/schrodinger/schrodinger2017-4-advanced/jaguar results -energy SM11_micro007_conf_2.nrg.out

Executing subprocess:
/data/chodera/schrodinger/schrodinger2017-4-advanced/jaguar results -esolv SM11_micro007_conf_2.sol.out

Executing subprocess:
/data/chodera/schrodinger/schrodinger2017-4-advanced/jaguar-v9.8/bin/Linux-x86_64/pka -o SM11_micro028_deprot-out.mae -j SM11_micro028.jres -n -d

Executing subprocess:
/data/chodera/schrodinger/schrodinger2017-4-advanced/jaguar-v9.8/bin/Linux-x86_64/pka -o SM11_micro028_prot-out.mae -j SM11_micro028.jres -n

pKa calculation for SM11_micro028 completed.

pKa workflow jag_SM11_micro028_SM11_micro007 completed.

Timer (Jaguar pKa) : 1366.42 secs (0 hrs, 22 mins, 46 secs)
Timer (jaguar_backend.py) : 1366.42 secs (0 hrs, 22 mins, 46 secs)
Finished:   Fri May  4 13:58:38 2018
