Command:    jaguar run pka.py -jobname jag_SM12_micro013_SM12_micro006 -PARALLEL 10 -n -csrch -prot SM12_micro013.in -deprot SM12_micro006.in
Release:    2017-4
Exec:       /data/chodera/schrodinger/schrodinger2017-4-advanced/jaguar-v9.8/bin/Linux-x86_64
Host:       lt11
JobId:      lilac-0-5aeca1af
JobDir:     /lila/data/chodera/schrodinger/tmpdir/rustenburg/jag_SM12_micro013_SM12_micro006
Date:       Fri May  4 14:08:57 2018

Contents of /lila/data/chodera/schrodinger/tmpdir/rustenburg/jag_SM12_micro013_SM12_micro006:
/lila/data/chodera/schrodinger/tmpdir/rustenburg/jag_SM12_micro013_SM12_micro006/jag_SM12_micro013_SM12_micro006.recover
/lila/data/chodera/schrodinger/tmpdir/rustenburg/jag_SM12_micro013_SM12_micro006/lilac-0-5aeca1af.nodes
/lila/data/chodera/schrodinger/tmpdir/rustenburg/jag_SM12_micro013_SM12_micro006/lilac-0-5aeca1af
/lila/data/chodera/schrodinger/tmpdir/rustenburg/jag_SM12_micro013_SM12_micro006/SM12_micro006.mae
/lila/data/chodera/schrodinger/tmpdir/rustenburg/jag_SM12_micro013_SM12_micro006/SM12_micro006.in
/lila/data/chodera/schrodinger/tmpdir/rustenburg/jag_SM12_micro013_SM12_micro006/lilac-0-5aeca1af.recover
/lila/data/chodera/schrodinger/tmpdir/rustenburg/jag_SM12_micro013_SM12_micro006/lilac-0-5aeca1af.hosts
/lila/data/chodera/schrodinger/tmpdir/rustenburg/jag_SM12_micro013_SM12_micro006/lilac-0-5aeca1af.mpinodes
/lila/data/chodera/schrodinger/tmpdir/rustenburg/jag_SM12_micro013_SM12_micro006/jag_SM12_micro013_SM12_micro006.log
/lila/data/chodera/schrodinger/tmpdir/rustenburg/jag_SM12_micro013_SM12_micro006/SM12_micro013.mae
/lila/data/chodera/schrodinger/tmpdir/rustenburg/jag_SM12_micro013_SM12_micro006/SM12_micro013.in
/lila/data/chodera/schrodinger/tmpdir/rustenburg/jag_SM12_micro013_SM12_micro006/lilac-0-5aeca1af.jlog

=====================
 Jaguar pKa workflow
=====================

Analysing user-provided (prot, deprot) pair:
(SM12_micro013.in, SM12_micro006.in)
Found labile hydrogen 19 in SM12_micro013.in
Found labile hydrogen at atom 8 in SM12_micro006.in
Adding 'ipkat' keyword to input files.

Identifying pKa functional group for pair:
(SM12_micro013, SM12_micro006)

Executing subprocess:
/data/chodera/schrodinger/schrodinger2017-4-advanced/jaguar-v9.8/bin/Linux-x86_64/pka -i -j SM12_micro013.tmp.jres -n

Taking protonated structures from:
SM12_micro013.mae
Taking deprotonated structures from:
SM12_micro006.mae

This molecule from 'SM12_micro013.mae' in water was recognized as:

 # 	           Shell           
---	---------------------------
1: 	heterocycle custom 1       
2: 	heterocycle                
3: 	Protonation of generic atom


Executing conformational search...

Executing 2 distributed subjobs:
---------------------------------

No more than 8 cpu(s) will be used per subjob.
No more than 10 cpu(s) will be used simultaneously.

Processing the following subjobs:
(1) jaguar run csrch.py SM12_micro013.mae -jobname SM12_micro013 -max_conf 5 -erg_window 50.208 -acc_level 1 -TPP 5
(2) jaguar run csrch.py SM12_micro006.mae -jobname SM12_micro006 -max_conf 5 -erg_window 50.208 -acc_level 1 -TPP 5

Running subjobs on hosts:
  lsf-cpu (Max: 2)
Number of jobs:       2
Max retries per job:  3
Max allowed failures: unlimited
Run with -LOCAL:      False
Verbosity:            normal

Starting JobDJ...

Keep one job on driver host: False
JobDJ columns:
  C: Number of completed subjobs
  A: Number of active subjobs (e.g., submitted, running)
  W: Number of waiting/pending subjobs

C A W | Activity  JobId  JobName  JobHost
- - - | --------- -----------------------
0 1 1 | launched  lt11-0-5aeca1bf SM12_micro013 lsf-cpu
0 2 0 | launched  lt11-0-5aeca1c2 SM12_micro006 lsf-cpu
1 1 0 | finished  lt11-0-5aeca1c2 SM12_micro006 lsf-cpu
2 0 0 | finished  lt11-0-5aeca1bf SM12_micro013 lsf-cpu [ls04]

All jobs have completed.

2 of 2 job(s) succeeded; 0 job(s) failed.

Timer (distribute subjobs) : 921.86 secs (0 hrs, 15 mins, 21 secs)

Setting up QM workflow for (protonated, deprotonated) pair:
(1) (SM12_micro013, SM12_micro006)

Executing Jaguar quantum-mechanical subjobs...

Executing 9 distributed subjobs:
---------------------------------

No more than 8 cpu(s) will be used per subjob.
No more than 10 cpu(s) will be used simultaneously.

Processing the following subjobs:
(1) jaguar run pka_prot.bat -jobname SM12_micro013_conf_1 SM12_micro013_conf_1.in -TPP 2
(2) jaguar run pka_prot.bat -jobname SM12_micro013_conf_2 SM12_micro013_conf_2.in
(3) jaguar run pka_prot.bat -jobname SM12_micro013_conf_3 SM12_micro013_conf_3.in
(4) jaguar run pka_prot.bat -jobname SM12_micro013_conf_4 SM12_micro013_conf_4.in
(5) jaguar run pka_prot.bat -jobname SM12_micro013_conf_5 SM12_micro013_conf_5.in
(6) jaguar run pka_deprot.bat -jobname SM12_micro006_conf_1 SM12_micro006_conf_1.in
(7) jaguar run pka_deprot.bat -jobname SM12_micro006_conf_2 SM12_micro006_conf_2.in
(8) jaguar run pka_deprot.bat -jobname SM12_micro006_conf_3 SM12_micro006_conf_3.in
(9) jaguar run pka_deprot.bat -jobname SM12_micro006_conf_4 SM12_micro006_conf_4.in

Running subjobs on hosts:
  lsf-cpu (Max: 9)
Number of jobs:       9
Max retries per job:  3
Max allowed failures: unlimited
Run with -LOCAL:      False
Verbosity:            normal

Starting JobDJ...

Keep one job on driver host: False
JobDJ columns:
  C: Number of completed subjobs
  A: Number of active subjobs (e.g., submitted, running)
  W: Number of waiting/pending subjobs

C A W | Activity  JobId  JobName  JobHost
- - - | --------- -----------------------
0 1 8 | launched  lt11-0-5aeca560 SM12_micro013_conf_1 lsf-cpu
0 2 7 | launched  lt11-0-5aeca563 SM12_micro013_conf_2 lsf-cpu
0 3 6 | launched  lt11-0-5aeca566 SM12_micro013_conf_3 lsf-cpu
0 4 5 | launched  lt11-0-5aeca569 SM12_micro013_conf_4 lsf-cpu
0 5 4 | launched  lt11-0-5aeca56c SM12_micro013_conf_5 lsf-cpu
0 6 3 | launched  lt11-0-5aeca56f SM12_micro006_conf_1 lsf-cpu
0 7 2 | launched  lt11-0-5aeca572 SM12_micro006_conf_2 lsf-cpu
0 8 1 | launched  lt11-0-5aeca575 SM12_micro006_conf_3 lsf-cpu
0 9 0 | launched  lt11-0-5aeca579 SM12_micro006_conf_4 lsf-cpu
1 8 0 | finished  lt11-0-5aeca560 SM12_micro013_conf_1 lsf-cpu [lt17]
2 7 0 | finished  lt11-0-5aeca563 SM12_micro013_conf_2 lsf-cpu [lt17]
3 6 0 | finished  lt11-0-5aeca566 SM12_micro013_conf_3 lsf-cpu [ls04]
4 5 0 | finished  lt11-0-5aeca569 SM12_micro013_conf_4 lsf-cpu [ls18]
5 4 0 | finished  lt11-0-5aeca56f SM12_micro006_conf_1 lsf-cpu [lt02]
6 3 0 | finished  lt11-0-5aeca579 SM12_micro006_conf_4 lsf-cpu [ls13]
7 2 0 | finished  lt11-0-5aeca575 SM12_micro006_conf_3 lsf-cpu [ls13]
8 1 0 | finished  lt11-0-5aeca572 SM12_micro006_conf_2 lsf-cpu [ls13]
9 0 0 | finished  lt11-0-5aeca56c SM12_micro013_conf_5 lsf-cpu [lt04]

All jobs have completed.

9 of 9 job(s) succeeded; 0 job(s) failed.

Timer (distribute subjobs) : 2628.10 secs (0 hrs, 43 mins, 48 secs)

Processing QM output files...

Executing subprocess:
/data/chodera/schrodinger/schrodinger2017-4-advanced/jaguar results -energy SM12_micro013_conf_1.nrg_h.out

Executing subprocess:
/data/chodera/schrodinger/schrodinger2017-4-advanced/jaguar results -esolv SM12_micro013_conf_1.sol_h.out

Executing subprocess:
/data/chodera/schrodinger/schrodinger2017-4-advanced/jaguar results -energy SM12_micro013_conf_2.nrg_h.out

Executing subprocess:
/data/chodera/schrodinger/schrodinger2017-4-advanced/jaguar results -esolv SM12_micro013_conf_2.sol_h.out

Executing subprocess:
/data/chodera/schrodinger/schrodinger2017-4-advanced/jaguar results -energy SM12_micro013_conf_3.nrg_h.out

Executing subprocess:
/data/chodera/schrodinger/schrodinger2017-4-advanced/jaguar results -esolv SM12_micro013_conf_3.sol_h.out

Executing subprocess:
/data/chodera/schrodinger/schrodinger2017-4-advanced/jaguar results -energy SM12_micro013_conf_4.nrg_h.out

Executing subprocess:
/data/chodera/schrodinger/schrodinger2017-4-advanced/jaguar results -esolv SM12_micro013_conf_4.sol_h.out

Executing subprocess:
/data/chodera/schrodinger/schrodinger2017-4-advanced/jaguar results -energy SM12_micro013_conf_5.nrg_h.out

Executing subprocess:
/data/chodera/schrodinger/schrodinger2017-4-advanced/jaguar results -esolv SM12_micro013_conf_5.sol_h.out

Executing subprocess:
/data/chodera/schrodinger/schrodinger2017-4-advanced/jaguar results -energy SM12_micro006_conf_1.nrg.out

Executing subprocess:
/data/chodera/schrodinger/schrodinger2017-4-advanced/jaguar results -esolv SM12_micro006_conf_1.sol.out

Executing subprocess:
/data/chodera/schrodinger/schrodinger2017-4-advanced/jaguar results -energy SM12_micro006_conf_2.nrg.out

Executing subprocess:
/data/chodera/schrodinger/schrodinger2017-4-advanced/jaguar results -esolv SM12_micro006_conf_2.sol.out

Executing subprocess:
/data/chodera/schrodinger/schrodinger2017-4-advanced/jaguar results -energy SM12_micro006_conf_3.nrg.out

Executing subprocess:
/data/chodera/schrodinger/schrodinger2017-4-advanced/jaguar results -esolv SM12_micro006_conf_3.sol.out

Executing subprocess:
/data/chodera/schrodinger/schrodinger2017-4-advanced/jaguar results -energy SM12_micro006_conf_4.nrg.out

Executing subprocess:
/data/chodera/schrodinger/schrodinger2017-4-advanced/jaguar results -esolv SM12_micro006_conf_4.sol.out

Executing subprocess:
/data/chodera/schrodinger/schrodinger2017-4-advanced/jaguar-v9.8/bin/Linux-x86_64/pka -o SM12_micro013_deprot-out.mae -j SM12_micro013.jres -n -d

Executing subprocess:
/data/chodera/schrodinger/schrodinger2017-4-advanced/jaguar-v9.8/bin/Linux-x86_64/pka -o SM12_micro013_prot-out.mae -j SM12_micro013.jres -n

pKa calculation for SM12_micro013 completed.

pKa workflow jag_SM12_micro013_SM12_micro006 completed.

Timer (Jaguar pKa) : 3624.24 secs (1 hrs, 00 mins, 24 secs)
Timer (jaguar_backend.py) : 3624.24 secs (1 hrs, 00 mins, 24 secs)
Finished:   Fri May  4 15:09:21 2018
