Command:    jaguar run pka.py -jobname jag_SM18_micro026_SM18_micro063 -PARALLEL 10 -n -csrch -prot SM18_micro026.in -deprot SM18_micro063.in
Release:    2017-4
Exec:       /data/chodera/schrodinger/schrodinger2017-4-advanced/jaguar-v9.8/bin/Linux-x86_64
Host:       lt17
JobId:      lilac-0-5aecaf2e
JobDir:     /lila/data/chodera/schrodinger/tmpdir/rustenburg/jag_SM18_micro026_SM18_micro063
Date:       Fri May  4 15:17:03 2018

Contents of /lila/data/chodera/schrodinger/tmpdir/rustenburg/jag_SM18_micro026_SM18_micro063:
/lila/data/chodera/schrodinger/tmpdir/rustenburg/jag_SM18_micro026_SM18_micro063/SM18_micro063.in
/lila/data/chodera/schrodinger/tmpdir/rustenburg/jag_SM18_micro026_SM18_micro063/lilac-0-5aecaf2e.mpinodes
/lila/data/chodera/schrodinger/tmpdir/rustenburg/jag_SM18_micro026_SM18_micro063/lilac-0-5aecaf2e.recover
/lila/data/chodera/schrodinger/tmpdir/rustenburg/jag_SM18_micro026_SM18_micro063/SM18_micro026.in
/lila/data/chodera/schrodinger/tmpdir/rustenburg/jag_SM18_micro026_SM18_micro063/lilac-0-5aecaf2e
/lila/data/chodera/schrodinger/tmpdir/rustenburg/jag_SM18_micro026_SM18_micro063/jag_SM18_micro026_SM18_micro063.log
/lila/data/chodera/schrodinger/tmpdir/rustenburg/jag_SM18_micro026_SM18_micro063/SM18_micro026.mae
/lila/data/chodera/schrodinger/tmpdir/rustenburg/jag_SM18_micro026_SM18_micro063/lilac-0-5aecaf2e.jlog
/lila/data/chodera/schrodinger/tmpdir/rustenburg/jag_SM18_micro026_SM18_micro063/lilac-0-5aecaf2e.hosts
/lila/data/chodera/schrodinger/tmpdir/rustenburg/jag_SM18_micro026_SM18_micro063/jag_SM18_micro026_SM18_micro063.recover
/lila/data/chodera/schrodinger/tmpdir/rustenburg/jag_SM18_micro026_SM18_micro063/SM18_micro063.mae
/lila/data/chodera/schrodinger/tmpdir/rustenburg/jag_SM18_micro026_SM18_micro063/lilac-0-5aecaf2e.nodes

=====================
 Jaguar pKa workflow
=====================

Analysing user-provided (prot, deprot) pair:
(SM18_micro026.in, SM18_micro063.in)
Found labile hydrogen 42 in SM18_micro026.in
Found labile hydrogen at atom 16 in SM18_micro063.in
Adding 'ipkat' keyword to input files.

Identifying pKa functional group for pair:
(SM18_micro026, SM18_micro063)

Executing subprocess:
/data/chodera/schrodinger/schrodinger2017-4-advanced/jaguar-v9.8/bin/Linux-x86_64/pka -i -j SM18_micro026.tmp.jres -n

Taking protonated structures from:
SM18_micro026.mae
Taking deprotonated structures from:
SM18_micro063.mae

This molecule from 'SM18_micro026.mae' in water was recognized as:

 # 	                  Shell                   
---	------------------------------------------
1: 	Protonation of sp2-like aliphatic nitrogen
2: 	Protonation of generic atom               


Executing conformational search...

Executing 2 distributed subjobs:
---------------------------------

No more than 8 cpu(s) will be used per subjob.
No more than 10 cpu(s) will be used simultaneously.

Processing the following subjobs:
(1) jaguar run csrch.py SM18_micro026.mae -jobname SM18_micro026 -max_conf 5 -erg_window 50.208 -acc_level 1 -TPP 5
(2) jaguar run csrch.py SM18_micro063.mae -jobname SM18_micro063 -max_conf 5 -erg_window 50.208 -acc_level 1 -TPP 5

Running subjobs on hosts:
  lsf-cpu (Max: 2)
Number of jobs:       2
Max retries per job:  3
Max allowed failures: unlimited
Run with -LOCAL:      False
Verbosity:            normal

Starting JobDJ...

Keep one job on driver host: False
JobDJ columns:
  C: Number of completed subjobs
  A: Number of active subjobs (e.g., submitted, running)
  W: Number of waiting/pending subjobs

C A W | Activity  JobId  JobName  JobHost
- - - | --------- -----------------------
0 1 1 | launched  lt17-3-5aecb1b8 SM18_micro026 lsf-cpu
0 2 0 | launched  lt17-6-5aecb1bf SM18_micro063 lsf-cpu
1 1 0 | finished  lt17-3-5aecb1b8 SM18_micro026 lsf-cpu [ls07]
2 0 0 | finished  lt17-6-5aecb1bf SM18_micro063 lsf-cpu [ls16]

All jobs have completed.

2 of 2 job(s) succeeded; 0 job(s) failed.

Timer (distribute subjobs) : 4704.64 secs (1 hrs, 18 mins, 24 secs)

Setting up QM workflow for (protonated, deprotonated) pair:
(1) (SM18_micro026, SM18_micro063)

Executing Jaguar quantum-mechanical subjobs...

Executing 10 distributed subjobs:
----------------------------------

No more than 8 cpu(s) will be used per subjob.
No more than 10 cpu(s) will be used simultaneously.

Processing the following subjobs:
(1) jaguar run pka_prot.bat -jobname SM18_micro026_conf_1 SM18_micro026_conf_1.in
(2) jaguar run pka_prot.bat -jobname SM18_micro026_conf_2 SM18_micro026_conf_2.in
(3) jaguar run pka_prot.bat -jobname SM18_micro026_conf_3 SM18_micro026_conf_3.in
(4) jaguar run pka_prot.bat -jobname SM18_micro026_conf_4 SM18_micro026_conf_4.in
(5) jaguar run pka_prot.bat -jobname SM18_micro026_conf_5 SM18_micro026_conf_5.in
(6) jaguar run pka_deprot.bat -jobname SM18_micro063_conf_1 SM18_micro063_conf_1.in
(7) jaguar run pka_deprot.bat -jobname SM18_micro063_conf_2 SM18_micro063_conf_2.in
(8) jaguar run pka_deprot.bat -jobname SM18_micro063_conf_3 SM18_micro063_conf_3.in
(9) jaguar run pka_deprot.bat -jobname SM18_micro063_conf_4 SM18_micro063_conf_4.in
(10) jaguar run pka_deprot.bat -jobname SM18_micro063_conf_5 SM18_micro063_conf_5.in

Running subjobs on hosts:
  lsf-cpu (Max: 10)
Number of jobs:       10
Max retries per job:  3
Max allowed failures: unlimited
Run with -LOCAL:      False
Verbosity:            normal

Starting JobDJ...

Keep one job on driver host: True
JobDJ columns:
  C: Number of completed subjobs
  A: Number of active subjobs (e.g., submitted, running)
  W: Number of waiting/pending subjobs

 C  A  W | Activity  JobId  JobName  JobHost
-- -- -- | --------- -----------------------
 0  1  9 | launched  lt17-0-5aecc41a SM18_micro026_conf_1 localhost [lt17]
 0  2  8 | launched  lt17-0-5aecc41e SM18_micro026_conf_2 lsf-cpu
 0  3  7 | launched  lt17-0-5aecc421 SM18_micro026_conf_3 lsf-cpu
 0  4  6 | launched  lt17-2-5aecc424 SM18_micro026_conf_4 lsf-cpu
 0  5  5 | launched  lt17-0-5aecc427 SM18_micro026_conf_5 lsf-cpu
 0  6  4 | launched  lt17-0-5aecc433 SM18_micro063_conf_1 lsf-cpu
 0  7  3 | launched  lt17-0-5aecc44a SM18_micro063_conf_2 lsf-cpu
 0  8  2 | launched  lt17-0-5aecc465 SM18_micro063_conf_3 lsf-cpu
 0  9  1 | launched  lt17-1-5aecc485 SM18_micro063_conf_4 lsf-cpu
 0 10  0 | launched  lt17-0-5aecc4ab SM18_micro063_conf_5 lsf-cpu
 1  9  0 | finished  lt17-0-5aecc41a SM18_micro026_conf_1 localhost [lt17]
 2  8  0 | finished  lt17-0-5aecc427 SM18_micro026_conf_5 lsf-cpu [lt21]
 3  7  0 | finished  lt17-0-5aecc41e SM18_micro026_conf_2 lsf-cpu [ls10]
 4  6  0 | finished  lt17-0-5aecc433 SM18_micro063_conf_1 lsf-cpu [ls10]
 5  5  0 | finished  lt17-0-5aecc421 SM18_micro026_conf_3 lsf-cpu [lt04]
 6  4  0 | finished  lt17-2-5aecc424 SM18_micro026_conf_4 lsf-cpu [ls15]
 7  3  0 | finished  lt17-0-5aecc4ab SM18_micro063_conf_5 lsf-cpu [lt22]
 8  2  0 | finished  lt17-0-5aecc44a SM18_micro063_conf_2 lsf-cpu [lt04]
 9  1  0 | finished  lt17-0-5aecc465 SM18_micro063_conf_3 lsf-cpu [lt21]
10  0  0 | finished  lt17-1-5aecc485 SM18_micro063_conf_4 lsf-cpu [lt22]

All jobs have completed.

10 of 10 job(s) succeeded; 0 job(s) failed.

Timer (distribute subjobs) : 13167.75 secs (3 hrs, 39 mins, 27 secs)

Processing QM output files...

Executing subprocess:
/data/chodera/schrodinger/schrodinger2017-4-advanced/jaguar results -energy SM18_micro026_conf_1.nrg_h.out

Executing subprocess:
/data/chodera/schrodinger/schrodinger2017-4-advanced/jaguar results -esolv SM18_micro026_conf_1.sol_h.out

Executing subprocess:
/data/chodera/schrodinger/schrodinger2017-4-advanced/jaguar results -energy SM18_micro026_conf_2.nrg_h.out

Executing subprocess:
/data/chodera/schrodinger/schrodinger2017-4-advanced/jaguar results -esolv SM18_micro026_conf_2.sol_h.out

Executing subprocess:
/data/chodera/schrodinger/schrodinger2017-4-advanced/jaguar results -energy SM18_micro026_conf_3.nrg_h.out

Executing subprocess:
/data/chodera/schrodinger/schrodinger2017-4-advanced/jaguar results -esolv SM18_micro026_conf_3.sol_h.out

Executing subprocess:
/data/chodera/schrodinger/schrodinger2017-4-advanced/jaguar results -energy SM18_micro026_conf_4.nrg_h.out

Executing subprocess:
/data/chodera/schrodinger/schrodinger2017-4-advanced/jaguar results -esolv SM18_micro026_conf_4.sol_h.out

Executing subprocess:
/data/chodera/schrodinger/schrodinger2017-4-advanced/jaguar results -energy SM18_micro026_conf_5.nrg_h.out

Executing subprocess:
/data/chodera/schrodinger/schrodinger2017-4-advanced/jaguar results -esolv SM18_micro026_conf_5.sol_h.out

Executing subprocess:
/data/chodera/schrodinger/schrodinger2017-4-advanced/jaguar results -energy SM18_micro063_conf_1.nrg.out

Executing subprocess:
/data/chodera/schrodinger/schrodinger2017-4-advanced/jaguar results -esolv SM18_micro063_conf_1.sol.out

Executing subprocess:
/data/chodera/schrodinger/schrodinger2017-4-advanced/jaguar results -energy SM18_micro063_conf_2.nrg.out

Executing subprocess:
/data/chodera/schrodinger/schrodinger2017-4-advanced/jaguar results -esolv SM18_micro063_conf_2.sol.out

Executing subprocess:
/data/chodera/schrodinger/schrodinger2017-4-advanced/jaguar results -energy SM18_micro063_conf_3.nrg.out

Executing subprocess:
/data/chodera/schrodinger/schrodinger2017-4-advanced/jaguar results -esolv SM18_micro063_conf_3.sol.out

Executing subprocess:
/data/chodera/schrodinger/schrodinger2017-4-advanced/jaguar results -energy SM18_micro063_conf_4.nrg.out

Executing subprocess:
/data/chodera/schrodinger/schrodinger2017-4-advanced/jaguar results -esolv SM18_micro063_conf_4.sol.out

Executing subprocess:
/data/chodera/schrodinger/schrodinger2017-4-advanced/jaguar results -energy SM18_micro063_conf_5.nrg.out

Executing subprocess:
/data/chodera/schrodinger/schrodinger2017-4-advanced/jaguar results -esolv SM18_micro063_conf_5.sol.out

Executing subprocess:
/data/chodera/schrodinger/schrodinger2017-4-advanced/jaguar-v9.8/bin/Linux-x86_64/pka -o SM18_micro026_deprot-out.mae -j SM18_micro026.jres -n -d

Executing subprocess:
/data/chodera/schrodinger/schrodinger2017-4-advanced/jaguar-v9.8/bin/Linux-x86_64/pka -o SM18_micro026_prot-out.mae -j SM18_micro026.jres -n

pKa calculation for SM18_micro026 completed.

pKa workflow jag_SM18_micro026_SM18_micro063 completed.

Timer (Jaguar pKa) : 17955.84 secs (4 hrs, 59 mins, 15 secs)
Timer (jaguar_backend.py) : 17955.84 secs (4 hrs, 59 mins, 15 secs)
Finished:   Fri May  4 20:16:19 2018
