Command:    jaguar run pka.py -jobname jag_SM18_micro056_SM18_micro030 -PARALLEL 10 -n -csrch -prot SM18_micro056.in -deprot SM18_micro030.in
Release:    2017-4
Exec:       /data/chodera/schrodinger/schrodinger2017-4-advanced/jaguar-v9.8/bin/Linux-x86_64
Host:       lt17
JobId:      lilac-0-5aecaf58
JobDir:     /lila/data/chodera/schrodinger/tmpdir/rustenburg/jag_SM18_micro056_SM18_micro030
Date:       Fri May  4 15:17:02 2018

Contents of /lila/data/chodera/schrodinger/tmpdir/rustenburg/jag_SM18_micro056_SM18_micro030:
/lila/data/chodera/schrodinger/tmpdir/rustenburg/jag_SM18_micro056_SM18_micro030/lilac-0-5aecaf58.recover
/lila/data/chodera/schrodinger/tmpdir/rustenburg/jag_SM18_micro056_SM18_micro030/SM18_micro056.mae
/lila/data/chodera/schrodinger/tmpdir/rustenburg/jag_SM18_micro056_SM18_micro030/lilac-0-5aecaf58.hosts
/lila/data/chodera/schrodinger/tmpdir/rustenburg/jag_SM18_micro056_SM18_micro030/lilac-0-5aecaf58
/lila/data/chodera/schrodinger/tmpdir/rustenburg/jag_SM18_micro056_SM18_micro030/SM18_micro030.mae
/lila/data/chodera/schrodinger/tmpdir/rustenburg/jag_SM18_micro056_SM18_micro030/lilac-0-5aecaf58.mpinodes
/lila/data/chodera/schrodinger/tmpdir/rustenburg/jag_SM18_micro056_SM18_micro030/lilac-0-5aecaf58.jlog
/lila/data/chodera/schrodinger/tmpdir/rustenburg/jag_SM18_micro056_SM18_micro030/jag_SM18_micro056_SM18_micro030.log
/lila/data/chodera/schrodinger/tmpdir/rustenburg/jag_SM18_micro056_SM18_micro030/lilac-0-5aecaf58.nodes
/lila/data/chodera/schrodinger/tmpdir/rustenburg/jag_SM18_micro056_SM18_micro030/jag_SM18_micro056_SM18_micro030.recover
/lila/data/chodera/schrodinger/tmpdir/rustenburg/jag_SM18_micro056_SM18_micro030/SM18_micro056.in
/lila/data/chodera/schrodinger/tmpdir/rustenburg/jag_SM18_micro056_SM18_micro030/SM18_micro030.in

=====================
 Jaguar pKa workflow
=====================

Analysing user-provided (prot, deprot) pair:
(SM18_micro056.in, SM18_micro030.in)
Found labile hydrogen 39 in SM18_micro056.in
Found labile hydrogen at atom 13 in SM18_micro030.in
Adding 'ipkat' keyword to input files.

Identifying pKa functional group for pair:
(SM18_micro056, SM18_micro030)

Executing subprocess:
/data/chodera/schrodinger/schrodinger2017-4-advanced/jaguar-v9.8/bin/Linux-x86_64/pka -i -j SM18_micro056.tmp.jres -n

Taking protonated structures from:
SM18_micro056.mae
Taking deprotonated structures from:
SM18_micro030.mae

This molecule from 'SM18_micro056.mae' in water was recognized as:

 # 	                 Shell                  
---	----------------------------------------
1: 	mono keto CH acid                       
2: 	Protonation of generic atom             
3: 	aliphatic CH acid in water              
4: 	Protonation of sp2-like aliphatic carbon


Executing conformational search...

Executing 2 distributed subjobs:
---------------------------------

No more than 8 cpu(s) will be used per subjob.
No more than 10 cpu(s) will be used simultaneously.

Processing the following subjobs:
(1) jaguar run csrch.py SM18_micro056.mae -jobname SM18_micro056 -max_conf 5 -erg_window 50.208 -acc_level 1 -TPP 5
(2) jaguar run csrch.py SM18_micro030.mae -jobname SM18_micro030 -max_conf 5 -erg_window 50.208 -acc_level 1 -TPP 5

Running subjobs on hosts:
  lsf-cpu (Max: 2)
Number of jobs:       2
Max retries per job:  3
Max allowed failures: unlimited
Run with -LOCAL:      False
Verbosity:            normal

Starting JobDJ...

Keep one job on driver host: False
JobDJ columns:
  C: Number of completed subjobs
  A: Number of active subjobs (e.g., submitted, running)
  W: Number of waiting/pending subjobs

C A W | Activity  JobId  JobName  JobHost
- - - | --------- -----------------------
0 1 1 | launched  lt17-8-5aecb1b8 SM18_micro056 lsf-cpu
0 2 0 | launched  lt17-4-5aecb1bf SM18_micro030 lsf-cpu
1 1 0 | finished  lt17-8-5aecb1b8 SM18_micro056 lsf-cpu [ls11]
2 0 0 | finished  lt17-4-5aecb1bf SM18_micro030 lsf-cpu [ls14]

All jobs have completed.

2 of 2 job(s) succeeded; 0 job(s) failed.

Timer (distribute subjobs) : 4891.11 secs (1 hrs, 21 mins, 31 secs)

Setting up QM workflow for (protonated, deprotonated) pair:
(1) (SM18_micro056, SM18_micro030)

Executing Jaguar quantum-mechanical subjobs...

Executing 10 distributed subjobs:
----------------------------------

No more than 8 cpu(s) will be used per subjob.
No more than 10 cpu(s) will be used simultaneously.

Processing the following subjobs:
(1) jaguar run pka_prot.bat -jobname SM18_micro056_conf_1 SM18_micro056_conf_1.in
(2) jaguar run pka_prot.bat -jobname SM18_micro056_conf_2 SM18_micro056_conf_2.in
(3) jaguar run pka_prot.bat -jobname SM18_micro056_conf_3 SM18_micro056_conf_3.in
(4) jaguar run pka_prot.bat -jobname SM18_micro056_conf_4 SM18_micro056_conf_4.in
(5) jaguar run pka_prot.bat -jobname SM18_micro056_conf_5 SM18_micro056_conf_5.in
(6) jaguar run pka_deprot.bat -jobname SM18_micro030_conf_1 SM18_micro030_conf_1.in
(7) jaguar run pka_deprot.bat -jobname SM18_micro030_conf_2 SM18_micro030_conf_2.in
(8) jaguar run pka_deprot.bat -jobname SM18_micro030_conf_3 SM18_micro030_conf_3.in
(9) jaguar run pka_deprot.bat -jobname SM18_micro030_conf_4 SM18_micro030_conf_4.in
(10) jaguar run pka_deprot.bat -jobname SM18_micro030_conf_5 SM18_micro030_conf_5.in

Running subjobs on hosts:
  lsf-cpu (Max: 10)
Number of jobs:       10
Max retries per job:  3
Max allowed failures: unlimited
Run with -LOCAL:      False
Verbosity:            normal

Starting JobDJ...

Keep one job on driver host: True
JobDJ columns:
  C: Number of completed subjobs
  A: Number of active subjobs (e.g., submitted, running)
  W: Number of waiting/pending subjobs

 C  A  W | Activity  JobId  JobName  JobHost
-- -- -- | --------- -----------------------
 0  1  9 | launched  lt17-0-5aecc4d5 SM18_micro056_conf_1 localhost [lt17]
 0  2  8 | launched  lt17-0-5aecc4d9 SM18_micro056_conf_2 lsf-cpu
 0  3  7 | launched  lt17-1-5aecc4dc SM18_micro056_conf_3 lsf-cpu
 0  4  6 | launched  lt17-0-5aecc4e0 SM18_micro056_conf_4 lsf-cpu
 0  5  5 | launched  lt17-0-5aecc4e3 SM18_micro056_conf_5 lsf-cpu
 0  6  4 | launched  lt17-0-5aecc4ea SM18_micro030_conf_1 lsf-cpu
 0  7  3 | launched  lt17-0-5aecc4fe SM18_micro030_conf_2 lsf-cpu
 0  8  2 | launched  lt17-0-5aecc522 SM18_micro030_conf_3 lsf-cpu
 0  9  1 | launched  lt17-0-5aecc552 SM18_micro030_conf_4 lsf-cpu
 0 10  0 | launched  lt17-0-5aecc57e SM18_micro030_conf_5 lsf-cpu
 1  9  0 | finished  lt17-0-5aecc4d5 SM18_micro056_conf_1 localhost [lt17]
 2  8  0 | finished  lt17-0-5aecc522 SM18_micro030_conf_3 lsf-cpu [ls07]
 3  7  0 | finished  lt17-0-5aecc4d9 SM18_micro056_conf_2 lsf-cpu [lt20]
 4  6  0 | finished  lt17-0-5aecc4fe SM18_micro030_conf_2 lsf-cpu [ls15]
 5  5  0 | finished  lt17-0-5aecc4ea SM18_micro030_conf_1 lsf-cpu [ls04]
 6  4  0 | finished  lt17-0-5aecc552 SM18_micro030_conf_4 lsf-cpu [lt03]
 7  3  0 | finished  lt17-0-5aecc57e SM18_micro030_conf_5 lsf-cpu [lt03]
 8  2  0 | finished  lt17-0-5aecc4e0 SM18_micro056_conf_4 lsf-cpu [ls04]
 9  1  0 | finished  lt17-1-5aecc4dc SM18_micro056_conf_3 lsf-cpu [ls10]
10  0  0 | finished  lt17-0-5aecc4e3 SM18_micro056_conf_5 lsf-cpu [ls04]

All jobs have completed.

10 of 10 job(s) succeeded; 0 job(s) failed.

Timer (distribute subjobs) : 11448.35 secs (3 hrs, 10 mins, 48 secs)

Processing QM output files...

Executing subprocess:
/data/chodera/schrodinger/schrodinger2017-4-advanced/jaguar results -energy SM18_micro056_conf_1.nrg_h.out

Executing subprocess:
/data/chodera/schrodinger/schrodinger2017-4-advanced/jaguar results -esolv SM18_micro056_conf_1.sol_h.out

Executing subprocess:
/data/chodera/schrodinger/schrodinger2017-4-advanced/jaguar results -energy SM18_micro056_conf_2.nrg_h.out

Executing subprocess:
/data/chodera/schrodinger/schrodinger2017-4-advanced/jaguar results -esolv SM18_micro056_conf_2.sol_h.out

Executing subprocess:
/data/chodera/schrodinger/schrodinger2017-4-advanced/jaguar results -energy SM18_micro056_conf_3.nrg_h.out

Executing subprocess:
/data/chodera/schrodinger/schrodinger2017-4-advanced/jaguar results -esolv SM18_micro056_conf_3.sol_h.out

Executing subprocess:
/data/chodera/schrodinger/schrodinger2017-4-advanced/jaguar results -energy SM18_micro056_conf_4.nrg_h.out

Executing subprocess:
/data/chodera/schrodinger/schrodinger2017-4-advanced/jaguar results -esolv SM18_micro056_conf_4.sol_h.out

Executing subprocess:
/data/chodera/schrodinger/schrodinger2017-4-advanced/jaguar results -energy SM18_micro056_conf_5.nrg_h.out

Executing subprocess:
/data/chodera/schrodinger/schrodinger2017-4-advanced/jaguar results -esolv SM18_micro056_conf_5.sol_h.out

Executing subprocess:
/data/chodera/schrodinger/schrodinger2017-4-advanced/jaguar results -energy SM18_micro030_conf_1.nrg.out

Executing subprocess:
/data/chodera/schrodinger/schrodinger2017-4-advanced/jaguar results -esolv SM18_micro030_conf_1.sol.out

Executing subprocess:
/data/chodera/schrodinger/schrodinger2017-4-advanced/jaguar results -energy SM18_micro030_conf_2.nrg.out

Executing subprocess:
/data/chodera/schrodinger/schrodinger2017-4-advanced/jaguar results -esolv SM18_micro030_conf_2.sol.out

Executing subprocess:
/data/chodera/schrodinger/schrodinger2017-4-advanced/jaguar results -energy SM18_micro030_conf_3.nrg.out

Executing subprocess:
/data/chodera/schrodinger/schrodinger2017-4-advanced/jaguar results -esolv SM18_micro030_conf_3.sol.out

Executing subprocess:
/data/chodera/schrodinger/schrodinger2017-4-advanced/jaguar results -energy SM18_micro030_conf_4.nrg.out

Executing subprocess:
/data/chodera/schrodinger/schrodinger2017-4-advanced/jaguar results -esolv SM18_micro030_conf_4.sol.out

Executing subprocess:
/data/chodera/schrodinger/schrodinger2017-4-advanced/jaguar results -energy SM18_micro030_conf_5.nrg.out

Executing subprocess:
/data/chodera/schrodinger/schrodinger2017-4-advanced/jaguar results -esolv SM18_micro030_conf_5.sol.out

Executing subprocess:
/data/chodera/schrodinger/schrodinger2017-4-advanced/jaguar-v9.8/bin/Linux-x86_64/pka -o SM18_micro056_deprot-out.mae -j SM18_micro056.jres -n -d

Executing subprocess:
/data/chodera/schrodinger/schrodinger2017-4-advanced/jaguar-v9.8/bin/Linux-x86_64/pka -o SM18_micro056_prot-out.mae -j SM18_micro056.jres -n

pKa calculation for SM18_micro056 completed.

pKa workflow jag_SM18_micro056_SM18_micro030 completed.

Timer (Jaguar pKa) : 16459.76 secs (4 hrs, 34 mins, 19 secs)
Timer (jaguar_backend.py) : 16459.76 secs (4 hrs, 34 mins, 19 secs)
Finished:   Fri May  4 19:51:22 2018
