Command:    jaguar run pka.py -jobname jag_SM10_micro031_SM10_micro017 -PARALLEL 10 -n -csrch -prot SM10_micro031.in -deprot SM10_micro017.in
Release:    2017-4
Exec:       /data/chodera/schrodinger/schrodinger2017-4-advanced/jaguar-v9.8/bin/Linux-x86_64
Host:       ls16
JobId:      lilac-0-5aec81ac
JobDir:     /lila/data/chodera/schrodinger/tmpdir/rustenburg/jag_SM10_micro031_SM10_micro017
Date:       Fri May  4 11:59:14 2018

Contents of /lila/data/chodera/schrodinger/tmpdir/rustenburg/jag_SM10_micro031_SM10_micro017:
/lila/data/chodera/schrodinger/tmpdir/rustenburg/jag_SM10_micro031_SM10_micro017/SM10_micro017.mae
/lila/data/chodera/schrodinger/tmpdir/rustenburg/jag_SM10_micro031_SM10_micro017/SM10_micro017.in
/lila/data/chodera/schrodinger/tmpdir/rustenburg/jag_SM10_micro031_SM10_micro017/jag_SM10_micro031_SM10_micro017.recover
/lila/data/chodera/schrodinger/tmpdir/rustenburg/jag_SM10_micro031_SM10_micro017/SM10_micro031.in
/lila/data/chodera/schrodinger/tmpdir/rustenburg/jag_SM10_micro031_SM10_micro017/SM10_micro031.mae
/lila/data/chodera/schrodinger/tmpdir/rustenburg/jag_SM10_micro031_SM10_micro017/lilac-0-5aec81ac.mpinodes
/lila/data/chodera/schrodinger/tmpdir/rustenburg/jag_SM10_micro031_SM10_micro017/lilac-0-5aec81ac.jlog
/lila/data/chodera/schrodinger/tmpdir/rustenburg/jag_SM10_micro031_SM10_micro017/lilac-0-5aec81ac
/lila/data/chodera/schrodinger/tmpdir/rustenburg/jag_SM10_micro031_SM10_micro017/lilac-0-5aec81ac.nodes
/lila/data/chodera/schrodinger/tmpdir/rustenburg/jag_SM10_micro031_SM10_micro017/jag_SM10_micro031_SM10_micro017.log
/lila/data/chodera/schrodinger/tmpdir/rustenburg/jag_SM10_micro031_SM10_micro017/lilac-0-5aec81ac.hosts
/lila/data/chodera/schrodinger/tmpdir/rustenburg/jag_SM10_micro031_SM10_micro017/lilac-0-5aec81ac.recover

=====================
 Jaguar pKa workflow
=====================

Analysing user-provided (prot, deprot) pair:
(SM10_micro031.in, SM10_micro017.in)
Found labile hydrogen 23 in SM10_micro031.in
Found labile hydrogen at atom 15 in SM10_micro017.in
Adding 'ipkat' keyword to input files.

Identifying pKa functional group for pair:
(SM10_micro031, SM10_micro017)

Executing subprocess:
/data/chodera/schrodinger/schrodinger2017-4-advanced/jaguar-v9.8/bin/Linux-x86_64/pka -i -j SM10_micro031.tmp.jres -n

Taking protonated structures from:
SM10_micro031.mae
Taking deprotonated structures from:
SM10_micro017.mae

This molecule from 'SM10_micro031.mae' in water was recognized as:

 # 	           Shell           
---	---------------------------
1: 	thiazole/benzothiazole     
2: 	heterocycle                
3: 	Protonation of generic atom


Executing conformational search...

Executing 2 distributed subjobs:
---------------------------------

No more than 8 cpu(s) will be used per subjob.
No more than 10 cpu(s) will be used simultaneously.

Processing the following subjobs:
(1) jaguar run csrch.py SM10_micro031.mae -jobname SM10_micro031 -max_conf 5 -erg_window 50.208 -acc_level 1 -TPP 5
(2) jaguar run csrch.py SM10_micro017.mae -jobname SM10_micro017 -max_conf 5 -erg_window 50.208 -acc_level 1 -TPP 5

Running subjobs on hosts:
  lsf-cpu (Max: 2)
Number of jobs:       2
Max retries per job:  3
Max allowed failures: unlimited
Run with -LOCAL:      False
Verbosity:            normal

Starting JobDJ...

Keep one job on driver host: False
JobDJ columns:
  C: Number of completed subjobs
  A: Number of active subjobs (e.g., submitted, running)
  W: Number of waiting/pending subjobs

C A W | Activity  JobId  JobName  JobHost
- - - | --------- -----------------------
0 1 1 | launched  ls16-0-5aec835b SM10_micro031 lsf-cpu
0 2 0 | launched  ls16-0-5aec835e SM10_micro017 lsf-cpu
1 1 0 | finished  ls16-0-5aec835b SM10_micro031 lsf-cpu
2 0 0 | finished  ls16-0-5aec835e SM10_micro017 lsf-cpu [ls04]

All jobs have completed.

2 of 2 job(s) succeeded; 0 job(s) failed.

Timer (distribute subjobs) : 1953.19 secs (0 hrs, 32 mins, 33 secs)

Setting up QM workflow for (protonated, deprotonated) pair:
(1) (SM10_micro031, SM10_micro017)

Executing Jaguar quantum-mechanical subjobs...

Executing 10 distributed subjobs:
----------------------------------

No more than 8 cpu(s) will be used per subjob.
No more than 10 cpu(s) will be used simultaneously.

Processing the following subjobs:
(1) jaguar run pka_prot.bat -jobname SM10_micro031_conf_1 SM10_micro031_conf_1.in
(2) jaguar run pka_prot.bat -jobname SM10_micro031_conf_2 SM10_micro031_conf_2.in
(3) jaguar run pka_prot.bat -jobname SM10_micro031_conf_3 SM10_micro031_conf_3.in
(4) jaguar run pka_prot.bat -jobname SM10_micro031_conf_4 SM10_micro031_conf_4.in
(5) jaguar run pka_prot.bat -jobname SM10_micro031_conf_5 SM10_micro031_conf_5.in
(6) jaguar run pka_deprot.bat -jobname SM10_micro017_conf_1 SM10_micro017_conf_1.in
(7) jaguar run pka_deprot.bat -jobname SM10_micro017_conf_2 SM10_micro017_conf_2.in
(8) jaguar run pka_deprot.bat -jobname SM10_micro017_conf_3 SM10_micro017_conf_3.in
(9) jaguar run pka_deprot.bat -jobname SM10_micro017_conf_4 SM10_micro017_conf_4.in
(10) jaguar run pka_deprot.bat -jobname SM10_micro017_conf_5 SM10_micro017_conf_5.in

Running subjobs on hosts:
  lsf-cpu (Max: 10)
Number of jobs:       10
Max retries per job:  3
Max allowed failures: unlimited
Run with -LOCAL:      False
Verbosity:            normal

Starting JobDJ...

Keep one job on driver host: True
JobDJ columns:
  C: Number of completed subjobs
  A: Number of active subjobs (e.g., submitted, running)
  W: Number of waiting/pending subjobs

 C  A  W | Activity  JobId  JobName  JobHost
-- -- -- | --------- -----------------------
 0  1  9 | launched  ls16-0-5aec8afd SM10_micro031_conf_1 localhost [ls16]
 0  2  8 | launched  ls16-0-5aec8b02 SM10_micro031_conf_2 lsf-cpu
 0  3  7 | launched  ls16-0-5aec8b07 SM10_micro031_conf_3 lsf-cpu
 0  4  6 | launched  ls16-0-5aec8b0b SM10_micro031_conf_4 lsf-cpu
 0  5  5 | launched  ls16-0-5aec8b10 SM10_micro031_conf_5 lsf-cpu
 0  6  4 | launched  ls16-0-5aec8b15 SM10_micro017_conf_1 lsf-cpu
 0  7  3 | launched  ls16-0-5aec8b1b SM10_micro017_conf_2 lsf-cpu
 0  8  2 | launched  ls16-0-5aec8b21 SM10_micro017_conf_3 lsf-cpu
 0  9  1 | launched  ls16-0-5aec8b27 SM10_micro017_conf_4 lsf-cpu
 0 10  0 | launched  ls16-0-5aec8b2d SM10_micro017_conf_5 lsf-cpu
 1  9  0 | finished  ls16-0-5aec8afd SM10_micro031_conf_1 localhost [ls16]
 2  8  0 | finished  ls16-0-5aec8b27 SM10_micro017_conf_4 lsf-cpu [ls13]
 3  7  0 | finished  ls16-0-5aec8b21 SM10_micro017_conf_3 lsf-cpu [ls18]
 4  6  0 | finished  ls16-0-5aec8b1b SM10_micro017_conf_2 lsf-cpu [ls01]
 5  5  0 | finished  ls16-0-5aec8b2d SM10_micro017_conf_5 lsf-cpu [ls09]
 6  4  0 | finished  ls16-0-5aec8b15 SM10_micro017_conf_1 lsf-cpu [ls01]
 7  3  0 | finished  ls16-0-5aec8b02 SM10_micro031_conf_2 lsf-cpu [ls01]
 8  2  0 | finished  ls16-0-5aec8b0b SM10_micro031_conf_4 lsf-cpu [lt17]
 9  1  0 | finished  ls16-0-5aec8b07 SM10_micro031_conf_3 lsf-cpu [lt17]
10  0  0 | finished  ls16-0-5aec8b10 SM10_micro031_conf_5 lsf-cpu [ls13]

All jobs have completed.

10 of 10 job(s) succeeded; 0 job(s) failed.

Timer (distribute subjobs) : 6126.67 secs (1 hrs, 42 mins, 06 secs)

Processing QM output files...

Executing subprocess:
/data/chodera/schrodinger/schrodinger2017-4-advanced/jaguar results -energy SM10_micro031_conf_1.nrg_h.out

Executing subprocess:
/data/chodera/schrodinger/schrodinger2017-4-advanced/jaguar results -esolv SM10_micro031_conf_1.sol_h.out

Executing subprocess:
/data/chodera/schrodinger/schrodinger2017-4-advanced/jaguar results -energy SM10_micro031_conf_2.nrg_h.out

Executing subprocess:
/data/chodera/schrodinger/schrodinger2017-4-advanced/jaguar results -esolv SM10_micro031_conf_2.sol_h.out

Executing subprocess:
/data/chodera/schrodinger/schrodinger2017-4-advanced/jaguar results -energy SM10_micro031_conf_3.nrg_h.out

Executing subprocess:
/data/chodera/schrodinger/schrodinger2017-4-advanced/jaguar results -esolv SM10_micro031_conf_3.sol_h.out

Executing subprocess:
/data/chodera/schrodinger/schrodinger2017-4-advanced/jaguar results -energy SM10_micro031_conf_4.nrg_h.out

Executing subprocess:
/data/chodera/schrodinger/schrodinger2017-4-advanced/jaguar results -esolv SM10_micro031_conf_4.sol_h.out

Executing subprocess:
/data/chodera/schrodinger/schrodinger2017-4-advanced/jaguar results -energy SM10_micro031_conf_5.nrg_h.out

Executing subprocess:
/data/chodera/schrodinger/schrodinger2017-4-advanced/jaguar results -esolv SM10_micro031_conf_5.sol_h.out

Executing subprocess:
/data/chodera/schrodinger/schrodinger2017-4-advanced/jaguar results -energy SM10_micro017_conf_1.nrg.out

Executing subprocess:
/data/chodera/schrodinger/schrodinger2017-4-advanced/jaguar results -esolv SM10_micro017_conf_1.sol.out

Executing subprocess:
/data/chodera/schrodinger/schrodinger2017-4-advanced/jaguar results -energy SM10_micro017_conf_2.nrg.out

Executing subprocess:
/data/chodera/schrodinger/schrodinger2017-4-advanced/jaguar results -esolv SM10_micro017_conf_2.sol.out

Executing subprocess:
/data/chodera/schrodinger/schrodinger2017-4-advanced/jaguar results -energy SM10_micro017_conf_3.nrg.out

Executing subprocess:
/data/chodera/schrodinger/schrodinger2017-4-advanced/jaguar results -esolv SM10_micro017_conf_3.sol.out

Executing subprocess:
/data/chodera/schrodinger/schrodinger2017-4-advanced/jaguar results -energy SM10_micro017_conf_4.nrg.out

Executing subprocess:
/data/chodera/schrodinger/schrodinger2017-4-advanced/jaguar results -esolv SM10_micro017_conf_4.sol.out

Executing subprocess:
/data/chodera/schrodinger/schrodinger2017-4-advanced/jaguar results -energy SM10_micro017_conf_5.nrg.out

Executing subprocess:
/data/chodera/schrodinger/schrodinger2017-4-advanced/jaguar results -esolv SM10_micro017_conf_5.sol.out

Executing subprocess:
/data/chodera/schrodinger/schrodinger2017-4-advanced/jaguar-v9.8/bin/Linux-x86_64/pka -o SM10_micro031_deprot-out.mae -j SM10_micro031.jres -n -d

Executing subprocess:
/data/chodera/schrodinger/schrodinger2017-4-advanced/jaguar-v9.8/bin/Linux-x86_64/pka -o SM10_micro031_prot-out.mae -j SM10_micro031.jres -n

pKa calculation for SM10_micro031 completed.

pKa workflow jag_SM10_micro031_SM10_micro017 completed.

Timer (Jaguar pKa) : 8158.67 secs (2 hrs, 15 mins, 58 secs)
Timer (jaguar_backend.py) : 8158.67 secs (2 hrs, 15 mins, 58 secs)
Finished:   Fri May  4 14:15:13 2018
