Command:    jaguar run pka.py -jobname jag_SM06_micro004_SM06_micro009 -PARALLEL 10 -WAIT -n -csrch -prot SM06_micro004.in -deprot SM06_micro009.in
Release:    2017-4
Exec:       /data/chodera/schrodinger/schrodinger2017-4-advanced/jaguar-v9.8/bin/Linux-x86_64
Host:       lt06
JobId:      lt06-0-5b03116a
JobDir:     /lila/data/chodera/schrodinger/tmpdir/rustenburg/jag_SM06_micro004_SM06_micro009
Date:       Mon May 21 14:35:25 2018

Contents of /lila/data/chodera/schrodinger/tmpdir/rustenburg/jag_SM06_micro004_SM06_micro009:
/lila/data/chodera/schrodinger/tmpdir/rustenburg/jag_SM06_micro004_SM06_micro009/SM06_micro009.mae
/lila/data/chodera/schrodinger/tmpdir/rustenburg/jag_SM06_micro004_SM06_micro009/lt06-0-5b03116a
/lila/data/chodera/schrodinger/tmpdir/rustenburg/jag_SM06_micro004_SM06_micro009/SM06_micro004.in
/lila/data/chodera/schrodinger/tmpdir/rustenburg/jag_SM06_micro004_SM06_micro009/lt06-0-5b03116a.mpinodes
/lila/data/chodera/schrodinger/tmpdir/rustenburg/jag_SM06_micro004_SM06_micro009/SM06_micro004.mae
/lila/data/chodera/schrodinger/tmpdir/rustenburg/jag_SM06_micro004_SM06_micro009/SM06_micro009.in
/lila/data/chodera/schrodinger/tmpdir/rustenburg/jag_SM06_micro004_SM06_micro009/jag_SM06_micro004_SM06_micro009.recover
/lila/data/chodera/schrodinger/tmpdir/rustenburg/jag_SM06_micro004_SM06_micro009/jag_SM06_micro004_SM06_micro009.log
/lila/data/chodera/schrodinger/tmpdir/rustenburg/jag_SM06_micro004_SM06_micro009/lt06-0-5b03116a.recover

=====================
 Jaguar pKa workflow
=====================

Analysing user-provided (prot, deprot) pair:
(SM06_micro004.in, SM06_micro009.in)
Found labile hydrogen 22 in SM06_micro004.in
Found labile hydrogen at atom 19 in SM06_micro009.in
Adding 'ipkat' keyword to input files.

Identifying pKa functional group for pair:
(SM06_micro004, SM06_micro009)

Executing subprocess:
/data/chodera/schrodinger/schrodinger2017-4-advanced/jaguar-v9.8/bin/Linux-x86_64/pka -i -j SM06_micro004.tmp.jres -n

Taking protonated structures from:
SM06_micro004.mae
Taking deprotonated structures from:
SM06_micro009.mae

This molecule from 'SM06_micro004.mae' in water was recognized as:

 # 	           Shell           
---	---------------------------
1: 	pyridine                   
2: 	heterocycle custom 1       
3: 	heterocycle                
4: 	Protonation of generic atom


Executing conformational search...

Executing 2 distributed subjobs:
---------------------------------

No more than 8 cpu(s) will be used per subjob.
No more than 10 cpu(s) will be used simultaneously.

Processing the following subjobs:
(1) jaguar run csrch.py SM06_micro004.mae -jobname SM06_micro004 -max_conf 5 -erg_window 50.208 -acc_level 1 -TPP 5
(2) jaguar run csrch.py SM06_micro009.mae -jobname SM06_micro009 -max_conf 5 -erg_window 50.208 -acc_level 1 -TPP 5

Running subjobs on hosts:
  localhost (Max: 2)
Number of jobs:       2
Max retries per job:  3
Max allowed failures: unlimited
Run with -LOCAL:      False
Verbosity:            normal

Starting JobDJ...

Keep one job on driver host: False
JobDJ columns:
  C: Number of completed subjobs
  A: Number of active subjobs (e.g., submitted, running)
  W: Number of waiting/pending subjobs

C A W | Activity  JobId  JobName  JobHost
- - - | --------- -----------------------
0 1 1 | launched  lt06-0-5b031172 SM06_micro004 localhost [lt06]
0 2 0 | launched  lt06-0-5b031175 SM06_micro009 localhost [lt06]
1 1 0 | finished  lt06-0-5b031172 SM06_micro004 localhost [lt06]
2 0 0 | finished  lt06-0-5b031175 SM06_micro009 localhost [lt06]

All jobs have completed.

2 of 2 job(s) succeeded; 0 job(s) failed.

Timer (distribute subjobs) : 314.48 secs (0 hrs, 05 mins, 14 secs)

Setting up QM workflow for (protonated, deprotonated) pair:
(1) (SM06_micro004, SM06_micro009)

Executing Jaguar quantum-mechanical subjobs...

Executing 10 distributed subjobs:
----------------------------------

No more than 8 cpu(s) will be used per subjob.
No more than 10 cpu(s) will be used simultaneously.

Processing the following subjobs:
(1) jaguar run pka_prot.bat -jobname SM06_micro004_conf_1 SM06_micro004_conf_1.in
(2) jaguar run pka_prot.bat -jobname SM06_micro004_conf_2 SM06_micro004_conf_2.in
(3) jaguar run pka_prot.bat -jobname SM06_micro004_conf_3 SM06_micro004_conf_3.in
(4) jaguar run pka_prot.bat -jobname SM06_micro004_conf_4 SM06_micro004_conf_4.in
(5) jaguar run pka_prot.bat -jobname SM06_micro004_conf_5 SM06_micro004_conf_5.in
(6) jaguar run pka_deprot.bat -jobname SM06_micro009_conf_1 SM06_micro009_conf_1.in
(7) jaguar run pka_deprot.bat -jobname SM06_micro009_conf_2 SM06_micro009_conf_2.in
(8) jaguar run pka_deprot.bat -jobname SM06_micro009_conf_3 SM06_micro009_conf_3.in
(9) jaguar run pka_deprot.bat -jobname SM06_micro009_conf_4 SM06_micro009_conf_4.in
(10) jaguar run pka_deprot.bat -jobname SM06_micro009_conf_5 SM06_micro009_conf_5.in

Running subjobs on hosts:
  localhost (Max: 10)
Number of jobs:       10
Max retries per job:  3
Max allowed failures: unlimited
Run with -LOCAL:      False
Verbosity:            normal

Starting JobDJ...

Keep one job on driver host: False
JobDJ columns:
  C: Number of completed subjobs
  A: Number of active subjobs (e.g., submitted, running)
  W: Number of waiting/pending subjobs

 C  A  W | Activity  JobId  JobName  JobHost
-- -- -- | --------- -----------------------
 0  1  9 | launched  lt06-0-5b0312ad SM06_micro004_conf_1 localhost [lt06]
 0  2  8 | launched  lt06-0-5b0312b0 SM06_micro004_conf_2 localhost [lt06]
 0  3  7 | launched  lt06-0-5b0312b3 SM06_micro004_conf_3 localhost [lt06]
 0  4  6 | launched  lt06-0-5b0312b6 SM06_micro004_conf_4 localhost [lt06]
 0  5  5 | launched  lt06-0-5b0312b9 SM06_micro004_conf_5 localhost [lt06]
 0  6  4 | launched  lt06-0-5b0312bc SM06_micro009_conf_1 localhost [lt06]
 0  7  3 | launched  lt06-0-5b0312be SM06_micro009_conf_2 localhost [lt06]
 0  8  2 | launched  lt06-0-5b0312c1 SM06_micro009_conf_3 localhost [lt06]
 0  9  1 | launched  lt06-1-5b0312c3 SM06_micro009_conf_4 localhost [lt06]
 0 10  0 | launched  lt06-1-5b0312c6 SM06_micro009_conf_5 localhost [lt06]
 1  9  0 | finished  lt06-0-5b0312bc SM06_micro009_conf_1 localhost [lt06]
 2  8  0 | finished  lt06-1-5b0312c6 SM06_micro009_conf_5 localhost [lt06]
 3  7  0 | finished  lt06-0-5b0312be SM06_micro009_conf_2 localhost [lt06]
 4  6  0 | finished  lt06-0-5b0312b9 SM06_micro004_conf_5 localhost [lt06]
 5  5  0 | finished  lt06-0-5b0312b0 SM06_micro004_conf_2 localhost [lt06]
 6  4  0 | finished  lt06-0-5b0312c1 SM06_micro009_conf_3 localhost [lt06]
 7  3  0 | finished  lt06-0-5b0312ad SM06_micro004_conf_1 localhost [lt06]
 8  2  0 | finished  lt06-0-5b0312b6 SM06_micro004_conf_4 localhost [lt06]
 9  1  0 | finished  lt06-0-5b0312b3 SM06_micro004_conf_3 localhost [lt06]
10  0  0 | finished  lt06-1-5b0312c3 SM06_micro009_conf_4 localhost [lt06]

All jobs have completed.

10 of 10 job(s) succeeded; 0 job(s) failed.

Timer (distribute subjobs) : 4208.49 secs (1 hrs, 10 mins, 08 secs)

Processing QM output files...

Executing subprocess:
/data/chodera/schrodinger/schrodinger2017-4-advanced/jaguar results -energy SM06_micro004_conf_1.nrg_h.out

Executing subprocess:
/data/chodera/schrodinger/schrodinger2017-4-advanced/jaguar results -esolv SM06_micro004_conf_1.sol_h.out

Executing subprocess:
/data/chodera/schrodinger/schrodinger2017-4-advanced/jaguar results -energy SM06_micro004_conf_2.nrg_h.out

Executing subprocess:
/data/chodera/schrodinger/schrodinger2017-4-advanced/jaguar results -esolv SM06_micro004_conf_2.sol_h.out

Executing subprocess:
/data/chodera/schrodinger/schrodinger2017-4-advanced/jaguar results -energy SM06_micro004_conf_3.nrg_h.out

Executing subprocess:
/data/chodera/schrodinger/schrodinger2017-4-advanced/jaguar results -esolv SM06_micro004_conf_3.sol_h.out

Executing subprocess:
/data/chodera/schrodinger/schrodinger2017-4-advanced/jaguar results -energy SM06_micro004_conf_4.nrg_h.out

Executing subprocess:
/data/chodera/schrodinger/schrodinger2017-4-advanced/jaguar results -esolv SM06_micro004_conf_4.sol_h.out

Executing subprocess:
/data/chodera/schrodinger/schrodinger2017-4-advanced/jaguar results -energy SM06_micro004_conf_5.nrg_h.out

Executing subprocess:
/data/chodera/schrodinger/schrodinger2017-4-advanced/jaguar results -esolv SM06_micro004_conf_5.sol_h.out

Executing subprocess:
/data/chodera/schrodinger/schrodinger2017-4-advanced/jaguar results -energy SM06_micro009_conf_1.nrg.out

Executing subprocess:
/data/chodera/schrodinger/schrodinger2017-4-advanced/jaguar results -esolv SM06_micro009_conf_1.sol.out

Executing subprocess:
/data/chodera/schrodinger/schrodinger2017-4-advanced/jaguar results -energy SM06_micro009_conf_2.nrg.out

Executing subprocess:
/data/chodera/schrodinger/schrodinger2017-4-advanced/jaguar results -esolv SM06_micro009_conf_2.sol.out

Executing subprocess:
/data/chodera/schrodinger/schrodinger2017-4-advanced/jaguar results -energy SM06_micro009_conf_3.nrg.out

Executing subprocess:
/data/chodera/schrodinger/schrodinger2017-4-advanced/jaguar results -esolv SM06_micro009_conf_3.sol.out

Executing subprocess:
/data/chodera/schrodinger/schrodinger2017-4-advanced/jaguar results -energy SM06_micro009_conf_4.nrg.out

Executing subprocess:
/data/chodera/schrodinger/schrodinger2017-4-advanced/jaguar results -esolv SM06_micro009_conf_4.sol.out

Executing subprocess:
/data/chodera/schrodinger/schrodinger2017-4-advanced/jaguar results -energy SM06_micro009_conf_5.nrg.out

Executing subprocess:
/data/chodera/schrodinger/schrodinger2017-4-advanced/jaguar results -esolv SM06_micro009_conf_5.sol.out

Executing subprocess:
/data/chodera/schrodinger/schrodinger2017-4-advanced/jaguar-v9.8/bin/Linux-x86_64/pka -o SM06_micro004_deprot-out.mae -j SM06_micro004.jres -n -d

Executing subprocess:
/data/chodera/schrodinger/schrodinger2017-4-advanced/jaguar-v9.8/bin/Linux-x86_64/pka -o SM06_micro004_prot-out.mae -j SM06_micro004.jres -n

pKa calculation for SM06_micro004 completed.

pKa workflow jag_SM06_micro004_SM06_micro009 completed.

Timer (Jaguar pKa) : 4607.37 secs (1 hrs, 16 mins, 47 secs)
Timer (jaguar_backend.py) : 4607.37 secs (1 hrs, 16 mins, 47 secs)
Finished:   Mon May 21 15:52:12 2018
