Command:    jaguar run pka.py -jobname jag_SM19_micro006_SM19_micro007 -PARALLEL 10 -n -csrch -prot SM19_micro006.in -deprot SM19_micro007.in
Release:    2017-4
Exec:       /data/chodera/schrodinger/schrodinger2017-4-advanced/jaguar-v9.8/bin/Linux-x86_64
Host:       lt08
JobId:      lilac-0-5aecc1c0
JobDir:     /lila/data/chodera/schrodinger/tmpdir/rustenburg/jag_SM19_micro006_SM19_micro007
Date:       Fri May  4 16:53:07 2018

Contents of /lila/data/chodera/schrodinger/tmpdir/rustenburg/jag_SM19_micro006_SM19_micro007:
/lila/data/chodera/schrodinger/tmpdir/rustenburg/jag_SM19_micro006_SM19_micro007/jag_SM19_micro006_SM19_micro007.recover
/lila/data/chodera/schrodinger/tmpdir/rustenburg/jag_SM19_micro006_SM19_micro007/lilac-0-5aecc1c0.nodes
/lila/data/chodera/schrodinger/tmpdir/rustenburg/jag_SM19_micro006_SM19_micro007/SM19_micro007.mae
/lila/data/chodera/schrodinger/tmpdir/rustenburg/jag_SM19_micro006_SM19_micro007/lilac-0-5aecc1c0.mpinodes
/lila/data/chodera/schrodinger/tmpdir/rustenburg/jag_SM19_micro006_SM19_micro007/SM19_micro007.in
/lila/data/chodera/schrodinger/tmpdir/rustenburg/jag_SM19_micro006_SM19_micro007/SM19_micro006.mae
/lila/data/chodera/schrodinger/tmpdir/rustenburg/jag_SM19_micro006_SM19_micro007/lilac-0-5aecc1c0.jlog
/lila/data/chodera/schrodinger/tmpdir/rustenburg/jag_SM19_micro006_SM19_micro007/lilac-0-5aecc1c0.hosts
/lila/data/chodera/schrodinger/tmpdir/rustenburg/jag_SM19_micro006_SM19_micro007/lilac-0-5aecc1c0.recover
/lila/data/chodera/schrodinger/tmpdir/rustenburg/jag_SM19_micro006_SM19_micro007/SM19_micro006.in
/lila/data/chodera/schrodinger/tmpdir/rustenburg/jag_SM19_micro006_SM19_micro007/jag_SM19_micro006_SM19_micro007.log
/lila/data/chodera/schrodinger/tmpdir/rustenburg/jag_SM19_micro006_SM19_micro007/lilac-0-5aecc1c0

=====================
 Jaguar pKa workflow
=====================

Analysing user-provided (prot, deprot) pair:
(SM19_micro006.in, SM19_micro007.in)
Found labile hydrogen 25 in SM19_micro006.in
Found labile hydrogen at atom 12 in SM19_micro007.in
Adding 'ipkat' keyword to input files.

Identifying pKa functional group for pair:
(SM19_micro006, SM19_micro007)

Executing subprocess:
/data/chodera/schrodinger/schrodinger2017-4-advanced/jaguar-v9.8/bin/Linux-x86_64/pka -i -j SM19_micro006.tmp.jres -n

Taking protonated structures from:
SM19_micro006.mae
Taking deprotonated structures from:
SM19_micro007.mae

This molecule from 'SM19_micro006.mae' in water was recognized as:

 # 	           Shell           
---	---------------------------
1: 	thiazole/benzothiazole     
2: 	heterocycle                
3: 	Protonation of generic atom


Executing conformational search...

Executing 2 distributed subjobs:
---------------------------------

No more than 8 cpu(s) will be used per subjob.
No more than 10 cpu(s) will be used simultaneously.

Processing the following subjobs:
(1) jaguar run csrch.py SM19_micro006.mae -jobname SM19_micro006 -max_conf 5 -erg_window 50.208 -acc_level 1 -TPP 5
(2) jaguar run csrch.py SM19_micro007.mae -jobname SM19_micro007 -max_conf 5 -erg_window 50.208 -acc_level 1 -TPP 5

Running subjobs on hosts:
  lsf-cpu (Max: 2)
Number of jobs:       2
Max retries per job:  3
Max allowed failures: unlimited
Run with -LOCAL:      False
Verbosity:            normal

Starting JobDJ...

Keep one job on driver host: False
JobDJ columns:
  C: Number of completed subjobs
  A: Number of active subjobs (e.g., submitted, running)
  W: Number of waiting/pending subjobs

C A W | Activity  JobId  JobName  JobHost
- - - | --------- -----------------------
0 1 1 | launched  lt08-0-5aecc839 SM19_micro006 lsf-cpu
0 2 0 | launched  lt08-0-5aecc83c SM19_micro007 lsf-cpu
1 1 0 | finished  lt08-0-5aecc83c SM19_micro007 lsf-cpu [ls14]
2 0 0 | finished  lt08-0-5aecc839 SM19_micro006 lsf-cpu [lt02]

All jobs have completed.

2 of 2 job(s) succeeded; 0 job(s) failed.

Timer (distribute subjobs) : 8634.21 secs (2 hrs, 23 mins, 54 secs)

Setting up QM workflow for (protonated, deprotonated) pair:
(1) (SM19_micro006, SM19_micro007)

Executing Jaguar quantum-mechanical subjobs...

Executing 10 distributed subjobs:
----------------------------------

No more than 8 cpu(s) will be used per subjob.
No more than 10 cpu(s) will be used simultaneously.

Processing the following subjobs:
(1) jaguar run pka_prot.bat -jobname SM19_micro006_conf_1 SM19_micro006_conf_1.in
(2) jaguar run pka_prot.bat -jobname SM19_micro006_conf_2 SM19_micro006_conf_2.in
(3) jaguar run pka_prot.bat -jobname SM19_micro006_conf_3 SM19_micro006_conf_3.in
(4) jaguar run pka_prot.bat -jobname SM19_micro006_conf_4 SM19_micro006_conf_4.in
(5) jaguar run pka_prot.bat -jobname SM19_micro006_conf_5 SM19_micro006_conf_5.in
(6) jaguar run pka_deprot.bat -jobname SM19_micro007_conf_1 SM19_micro007_conf_1.in
(7) jaguar run pka_deprot.bat -jobname SM19_micro007_conf_2 SM19_micro007_conf_2.in
(8) jaguar run pka_deprot.bat -jobname SM19_micro007_conf_3 SM19_micro007_conf_3.in
(9) jaguar run pka_deprot.bat -jobname SM19_micro007_conf_4 SM19_micro007_conf_4.in
(10) jaguar run pka_deprot.bat -jobname SM19_micro007_conf_5 SM19_micro007_conf_5.in

Running subjobs on hosts:
  lsf-cpu (Max: 10)
Number of jobs:       10
Max retries per job:  3
Max allowed failures: unlimited
Run with -LOCAL:      False
Verbosity:            normal

Starting JobDJ...

Keep one job on driver host: True
JobDJ columns:
  C: Number of completed subjobs
  A: Number of active subjobs (e.g., submitted, running)
  W: Number of waiting/pending subjobs

 C  A  W | Activity  JobId  JobName  JobHost
-- -- -- | --------- -----------------------
 0  1  9 | launched  lt08-1-5aece9fd SM19_micro006_conf_1 localhost [lt08]
 0  2  8 | launched  lt08-0-5aecea01 SM19_micro006_conf_2 lsf-cpu
 0  3  7 | launched  lt08-0-5aecea06 SM19_micro006_conf_3 lsf-cpu
 0  4  6 | launched  lt08-0-5aecea09 SM19_micro006_conf_4 lsf-cpu
 0  5  5 | launched  lt08-0-5aecea0d SM19_micro006_conf_5 lsf-cpu
 0  6  4 | launched  lt08-0-5aecea11 SM19_micro007_conf_1 lsf-cpu
 0  7  3 | launched  lt08-0-5aecea15 SM19_micro007_conf_2 lsf-cpu
 0  8  2 | launched  lt08-0-5aecea19 SM19_micro007_conf_3 lsf-cpu
 0  9  1 | launched  lt08-0-5aecea1e SM19_micro007_conf_4 lsf-cpu
 0 10  0 | launched  lt08-0-5aecea22 SM19_micro007_conf_5 lsf-cpu
 1  9  0 | finished  lt08-1-5aece9fd SM19_micro006_conf_1 localhost [lt08]
 2  8  0 | finished  lt08-0-5aecea22 SM19_micro007_conf_5 lsf-cpu [lt01]
 3  7  0 | finished  lt08-0-5aecea19 SM19_micro007_conf_3 lsf-cpu [ls12]
 4  6  0 | finished  lt08-0-5aecea09 SM19_micro006_conf_4 lsf-cpu [ls13]
 5  5  0 | finished  lt08-0-5aecea1e SM19_micro007_conf_4 lsf-cpu [lt01]
 6  4  0 | finished  lt08-0-5aecea01 SM19_micro006_conf_2 lsf-cpu [ls13]
 7  3  0 | finished  lt08-0-5aecea15 SM19_micro007_conf_2 lsf-cpu [ls12]
 8  2  0 | finished  lt08-0-5aecea11 SM19_micro007_conf_1 lsf-cpu [ls12]
 9  1  0 | finished  lt08-0-5aecea06 SM19_micro006_conf_3 lsf-cpu [ls13]
10  0  0 | finished  lt08-0-5aecea0d SM19_micro006_conf_5 lsf-cpu [ls13]

All jobs have completed.

10 of 10 job(s) succeeded; 0 job(s) failed.

Timer (distribute subjobs) : 9618.63 secs (2 hrs, 40 mins, 18 secs)

Processing QM output files...

Executing subprocess:
/data/chodera/schrodinger/schrodinger2017-4-advanced/jaguar results -energy SM19_micro006_conf_1.nrg_h.out

Executing subprocess:
/data/chodera/schrodinger/schrodinger2017-4-advanced/jaguar results -esolv SM19_micro006_conf_1.sol_h.out

Executing subprocess:
/data/chodera/schrodinger/schrodinger2017-4-advanced/jaguar results -energy SM19_micro006_conf_2.nrg_h.out

Executing subprocess:
/data/chodera/schrodinger/schrodinger2017-4-advanced/jaguar results -esolv SM19_micro006_conf_2.sol_h.out

Executing subprocess:
/data/chodera/schrodinger/schrodinger2017-4-advanced/jaguar results -energy SM19_micro006_conf_3.nrg_h.out

Executing subprocess:
/data/chodera/schrodinger/schrodinger2017-4-advanced/jaguar results -esolv SM19_micro006_conf_3.sol_h.out

Executing subprocess:
/data/chodera/schrodinger/schrodinger2017-4-advanced/jaguar results -energy SM19_micro006_conf_4.nrg_h.out

Executing subprocess:
/data/chodera/schrodinger/schrodinger2017-4-advanced/jaguar results -esolv SM19_micro006_conf_4.sol_h.out

Executing subprocess:
/data/chodera/schrodinger/schrodinger2017-4-advanced/jaguar results -energy SM19_micro006_conf_5.nrg_h.out

Executing subprocess:
/data/chodera/schrodinger/schrodinger2017-4-advanced/jaguar results -esolv SM19_micro006_conf_5.sol_h.out

Executing subprocess:
/data/chodera/schrodinger/schrodinger2017-4-advanced/jaguar results -energy SM19_micro007_conf_1.nrg.out

Executing subprocess:
/data/chodera/schrodinger/schrodinger2017-4-advanced/jaguar results -esolv SM19_micro007_conf_1.sol.out

Executing subprocess:
/data/chodera/schrodinger/schrodinger2017-4-advanced/jaguar results -energy SM19_micro007_conf_2.nrg.out

Executing subprocess:
/data/chodera/schrodinger/schrodinger2017-4-advanced/jaguar results -esolv SM19_micro007_conf_2.sol.out

Executing subprocess:
/data/chodera/schrodinger/schrodinger2017-4-advanced/jaguar results -energy SM19_micro007_conf_3.nrg.out

Executing subprocess:
/data/chodera/schrodinger/schrodinger2017-4-advanced/jaguar results -esolv SM19_micro007_conf_3.sol.out

Executing subprocess:
/data/chodera/schrodinger/schrodinger2017-4-advanced/jaguar results -energy SM19_micro007_conf_4.nrg.out

Executing subprocess:
/data/chodera/schrodinger/schrodinger2017-4-advanced/jaguar results -esolv SM19_micro007_conf_4.sol.out

Executing subprocess:
/data/chodera/schrodinger/schrodinger2017-4-advanced/jaguar results -energy SM19_micro007_conf_5.nrg.out

Executing subprocess:
/data/chodera/schrodinger/schrodinger2017-4-advanced/jaguar results -esolv SM19_micro007_conf_5.sol.out

Executing subprocess:
/data/chodera/schrodinger/schrodinger2017-4-advanced/jaguar-v9.8/bin/Linux-x86_64/pka -o SM19_micro006_deprot-out.mae -j SM19_micro006.jres -n -d

Executing subprocess:
/data/chodera/schrodinger/schrodinger2017-4-advanced/jaguar-v9.8/bin/Linux-x86_64/pka -o SM19_micro006_prot-out.mae -j SM19_micro006.jres -n

pKa calculation for SM19_micro006 completed.

pKa workflow jag_SM19_micro006_SM19_micro007 completed.

Timer (Jaguar pKa) : 18346.20 secs (5 hrs, 05 mins, 46 secs)
Timer (jaguar_backend.py) : 18346.20 secs (5 hrs, 05 mins, 46 secs)
Finished:   Fri May  4 21:58:54 2018
