Taking protonated structures from:
SM18_micro058_conf_1.dft_h.01.mae
SM18_micro058_conf_2.dft_h.01.mae
SM18_micro058_conf_3.dft_h.01.mae
SM18_micro058_conf_4.dft_h.01.mae
SM18_micro058_conf_5.dft_h.01.mae
Taking deprotonated structures from:
SM18_micro060_conf_1.dft.01.mae
SM18_micro060_conf_2.dft.01.mae
SM18_micro060_conf_3.dft.01.mae
SM18_micro060_conf_4.dft.01.mae
SM18_micro060_conf_5.dft.01.mae

Corrected results for 'protonated' structure in water:
pKa atom: 31

 # 	                  Shell                  	 pKa 	RMSD	 Contribution
---	-----------------------------------------	-----	-----	--------------
1: 	delta lactam                             	-2.80	0.508	    31.41%
2: 	4-pyrimidone as acid                     	-3.48	0.530	    61.24%
3: 	Protonation of sp2-like aromatic nitrogen	-5.08	1.014	     6.75%
4: 	Protonation of generic atom              	-2.02	2.264	     0.60%

 Final weighted pKa value is -3.37



