Taking protonated structures from:
SM18_micro060_conf_1.dft_h.01.mae
SM18_micro060_conf_2.dft_h.01.mae
SM18_micro060_conf_3.dft_h.01.mae
SM18_micro060_conf_4.dft_h.01.mae
SM18_micro060_conf_5.dft_h.01.mae
Taking deprotonated structures from:
SM18_micro071_conf_1.dft.01.mae
SM18_micro071_conf_2.dft.01.mae
SM18_micro071_conf_3.dft.01.mae
SM18_micro071_conf_4.dft.01.mae
SM18_micro071_conf_5.dft.01.mae

Corrected results for 'protonated' structure in water:
pKa atom: 31

 # 	            Shell             	 pKa 	RMSD	 Contribution
---	------------------------------	-----	-----	--------------
1: 	amide as base                 	11.39	0.577	    99.79%
2: 	Protonation of generic atom   	13.82	2.264	     0.07%
3: 	Protonation of sp2-like oxygen	12.71	2.568	     0.14%

 Final weighted pKa value is 11.39



