Command:    jaguar run pka.py -jobname jag_SM24_micro017_SM24_micro006 -PARALLEL 10 -WAIT -n -csrch -prot SM24_micro017.in -deprot SM24_micro006.in
Release:    2017-4
Exec:       /data/chodera/schrodinger/schrodinger2017-4-advanced/jaguar-v9.8/bin/Linux-x86_64
Host:       lt19
JobId:      lt19-1-5af5cfe4
JobDir:     /lila/data/chodera/schrodinger/tmpdir/rustenburg/jag_SM24_micro017_SM24_micro006.1
Date:       Fri May 11 13:16:24 2018

Contents of /lila/data/chodera/schrodinger/tmpdir/rustenburg/jag_SM24_micro017_SM24_micro006.1:
/lila/data/chodera/schrodinger/tmpdir/rustenburg/jag_SM24_micro017_SM24_micro006.1/lt19-1-5af5cfe4.mpinodes
/lila/data/chodera/schrodinger/tmpdir/rustenburg/jag_SM24_micro017_SM24_micro006.1/lt19-1-5af5cfe4
/lila/data/chodera/schrodinger/tmpdir/rustenburg/jag_SM24_micro017_SM24_micro006.1/SM24_micro006.in
/lila/data/chodera/schrodinger/tmpdir/rustenburg/jag_SM24_micro017_SM24_micro006.1/SM24_micro017.in
/lila/data/chodera/schrodinger/tmpdir/rustenburg/jag_SM24_micro017_SM24_micro006.1/jag_SM24_micro017_SM24_micro006.recover
/lila/data/chodera/schrodinger/tmpdir/rustenburg/jag_SM24_micro017_SM24_micro006.1/SM24_micro017.mae
/lila/data/chodera/schrodinger/tmpdir/rustenburg/jag_SM24_micro017_SM24_micro006.1/SM24_micro006.mae
/lila/data/chodera/schrodinger/tmpdir/rustenburg/jag_SM24_micro017_SM24_micro006.1/lt19-1-5af5cfe4.recover
/lila/data/chodera/schrodinger/tmpdir/rustenburg/jag_SM24_micro017_SM24_micro006.1/jag_SM24_micro017_SM24_micro006.log

=====================
 Jaguar pKa workflow
=====================

Analysing user-provided (prot, deprot) pair:
(SM24_micro017.in, SM24_micro006.in)
Found labile hydrogen 30 in SM24_micro017.in
Found labile hydrogen at atom 26 in SM24_micro006.in
Adding 'ipkat' keyword to input files.

Identifying pKa functional group for pair:
(SM24_micro017, SM24_micro006)

Executing subprocess:
/data/chodera/schrodinger/schrodinger2017-4-advanced/jaguar-v9.8/bin/Linux-x86_64/pka -i -j SM24_micro017.tmp.jres -n

Taking protonated structures from:
SM24_micro017.mae
Taking deprotonated structures from:
SM24_micro006.mae

This molecule from 'SM24_micro017.mae' in water was recognized as:

 # 	                  Shell                   
---	------------------------------------------
1: 	NR2 attached to heterocycle               
2: 	Protonation of sp3-like aliphatic nitrogen
3: 	Protonation of generic atom               


Executing conformational search...

Executing 2 distributed subjobs:
---------------------------------

No more than 8 cpu(s) will be used per subjob.
No more than 10 cpu(s) will be used simultaneously.

Processing the following subjobs:
(1) jaguar run csrch.py SM24_micro017.mae -jobname SM24_micro017 -max_conf 5 -erg_window 50.208 -acc_level 1 -TPP 5
(2) jaguar run csrch.py SM24_micro006.mae -jobname SM24_micro006 -max_conf 5 -erg_window 50.208 -acc_level 1 -TPP 5

Running subjobs on hosts:
  localhost (Max: 2)
Number of jobs:       2
Max retries per job:  3
Max allowed failures: unlimited
Run with -LOCAL:      False
Verbosity:            normal

Starting JobDJ...

Keep one job on driver host: False
JobDJ columns:
  C: Number of completed subjobs
  A: Number of active subjobs (e.g., submitted, running)
  W: Number of waiting/pending subjobs

C A W | Activity  JobId  JobName  JobHost
- - - | --------- -----------------------
0 1 1 | launched  lt19-1-5af5cfed SM24_micro017 localhost [lt19]
0 2 0 | launched  lt19-1-5af5cff0 SM24_micro006 localhost [lt19]
1 1 0 | finished  lt19-1-5af5cfed SM24_micro017 localhost [lt19]
2 0 0 | finished  lt19-1-5af5cff0 SM24_micro006 localhost [lt19]

All jobs have completed.

2 of 2 job(s) succeeded; 0 job(s) failed.

Timer (distribute subjobs) : 794.94 secs (0 hrs, 13 mins, 14 secs)

Setting up QM workflow for (protonated, deprotonated) pair:
(1) (SM24_micro017, SM24_micro006)

Executing Jaguar quantum-mechanical subjobs...

Executing 10 distributed subjobs:
----------------------------------

No more than 8 cpu(s) will be used per subjob.
No more than 10 cpu(s) will be used simultaneously.

Processing the following subjobs:
(1) jaguar run pka_prot.bat -jobname SM24_micro017_conf_1 SM24_micro017_conf_1.in
(2) jaguar run pka_prot.bat -jobname SM24_micro017_conf_2 SM24_micro017_conf_2.in
(3) jaguar run pka_prot.bat -jobname SM24_micro017_conf_3 SM24_micro017_conf_3.in
(4) jaguar run pka_prot.bat -jobname SM24_micro017_conf_4 SM24_micro017_conf_4.in
(5) jaguar run pka_prot.bat -jobname SM24_micro017_conf_5 SM24_micro017_conf_5.in
(6) jaguar run pka_deprot.bat -jobname SM24_micro006_conf_1 SM24_micro006_conf_1.in
(7) jaguar run pka_deprot.bat -jobname SM24_micro006_conf_2 SM24_micro006_conf_2.in
(8) jaguar run pka_deprot.bat -jobname SM24_micro006_conf_3 SM24_micro006_conf_3.in
(9) jaguar run pka_deprot.bat -jobname SM24_micro006_conf_4 SM24_micro006_conf_4.in
(10) jaguar run pka_deprot.bat -jobname SM24_micro006_conf_5 SM24_micro006_conf_5.in

Running subjobs on hosts:
  localhost (Max: 10)
Number of jobs:       10
Max retries per job:  3
Max allowed failures: unlimited
Run with -LOCAL:      False
Verbosity:            normal

Starting JobDJ...

Keep one job on driver host: False
JobDJ columns:
  C: Number of completed subjobs
  A: Number of active subjobs (e.g., submitted, running)
  W: Number of waiting/pending subjobs

 C  A  W | Activity  JobId  JobName  JobHost
-- -- -- | --------- -----------------------
 0  1  9 | launched  lt19-0-5af5d308 SM24_micro017_conf_1 localhost [lt19]
 0  2  8 | launched  lt19-0-5af5d30b SM24_micro017_conf_2 localhost [lt19]
 0  3  7 | launched  lt19-1-5af5d30f SM24_micro017_conf_3 localhost [lt19]
 0  4  6 | launched  lt19-0-5af5d313 SM24_micro017_conf_4 localhost [lt19]
 0  5  5 | launched  lt19-0-5af5d317 SM24_micro017_conf_5 localhost [lt19]
 0  6  4 | launched  lt19-0-5af5d31d SM24_micro006_conf_1 localhost [lt19]
 0  7  3 | launched  lt19-2-5af5d321 SM24_micro006_conf_2 localhost [lt19]
 0  8  2 | launched  lt19-2-5af5d327 SM24_micro006_conf_3 localhost [lt19]
 0  9  1 | launched  lt19-1-5af5d32c SM24_micro006_conf_4 localhost [lt19]
 0 10  0 | launched  lt19-2-5af5d332 SM24_micro006_conf_5 localhost [lt19]
 1  9  0 | finished  lt19-0-5af5d30b SM24_micro017_conf_2 localhost [lt19]
 2  8  0 | finished  lt19-1-5af5d30f SM24_micro017_conf_3 localhost [lt19]
 3  7  0 | finished  lt19-0-5af5d313 SM24_micro017_conf_4 localhost [lt19]
 4  6  0 | finished  lt19-0-5af5d308 SM24_micro017_conf_1 localhost [lt19]
 5  5  0 | finished  lt19-2-5af5d332 SM24_micro006_conf_5 localhost [lt19]
 6  4  0 | finished  lt19-0-5af5d317 SM24_micro017_conf_5 localhost [lt19]
 7  3  0 | finished  lt19-0-5af5d31d SM24_micro006_conf_1 localhost [lt19]
 8  2  0 | finished  lt19-2-5af5d327 SM24_micro006_conf_3 localhost [lt19]
 9  1  0 | finished  lt19-1-5af5d32c SM24_micro006_conf_4 localhost [lt19]
10  0  0 | finished  lt19-2-5af5d321 SM24_micro006_conf_2 localhost [lt19]

All jobs have completed.

10 of 10 job(s) succeeded; 0 job(s) failed.

Timer (distribute subjobs) : 5501.76 secs (1 hrs, 31 mins, 41 secs)

Processing QM output files...

Executing subprocess:
/data/chodera/schrodinger/schrodinger2017-4-advanced/jaguar results -energy SM24_micro017_conf_1.nrg_h.out

Executing subprocess:
/data/chodera/schrodinger/schrodinger2017-4-advanced/jaguar results -esolv SM24_micro017_conf_1.sol_h.out

Executing subprocess:
/data/chodera/schrodinger/schrodinger2017-4-advanced/jaguar results -energy SM24_micro017_conf_2.nrg_h.out

Executing subprocess:
/data/chodera/schrodinger/schrodinger2017-4-advanced/jaguar results -esolv SM24_micro017_conf_2.sol_h.out

Executing subprocess:
/data/chodera/schrodinger/schrodinger2017-4-advanced/jaguar results -energy SM24_micro017_conf_3.nrg_h.out

Executing subprocess:
/data/chodera/schrodinger/schrodinger2017-4-advanced/jaguar results -esolv SM24_micro017_conf_3.sol_h.out

Executing subprocess:
/data/chodera/schrodinger/schrodinger2017-4-advanced/jaguar results -energy SM24_micro017_conf_4.nrg_h.out

Executing subprocess:
/data/chodera/schrodinger/schrodinger2017-4-advanced/jaguar results -esolv SM24_micro017_conf_4.sol_h.out

Executing subprocess:
/data/chodera/schrodinger/schrodinger2017-4-advanced/jaguar results -energy SM24_micro017_conf_5.nrg_h.out

Executing subprocess:
/data/chodera/schrodinger/schrodinger2017-4-advanced/jaguar results -esolv SM24_micro017_conf_5.sol_h.out

Executing subprocess:
/data/chodera/schrodinger/schrodinger2017-4-advanced/jaguar results -energy SM24_micro006_conf_1.nrg.out

Executing subprocess:
/data/chodera/schrodinger/schrodinger2017-4-advanced/jaguar results -esolv SM24_micro006_conf_1.sol.out

Executing subprocess:
/data/chodera/schrodinger/schrodinger2017-4-advanced/jaguar results -energy SM24_micro006_conf_2.nrg.out

Executing subprocess:
/data/chodera/schrodinger/schrodinger2017-4-advanced/jaguar results -esolv SM24_micro006_conf_2.sol.out

Executing subprocess:
/data/chodera/schrodinger/schrodinger2017-4-advanced/jaguar results -energy SM24_micro006_conf_3.nrg.out

Executing subprocess:
/data/chodera/schrodinger/schrodinger2017-4-advanced/jaguar results -esolv SM24_micro006_conf_3.sol.out

Executing subprocess:
/data/chodera/schrodinger/schrodinger2017-4-advanced/jaguar results -energy SM24_micro006_conf_4.nrg.out

Executing subprocess:
/data/chodera/schrodinger/schrodinger2017-4-advanced/jaguar results -esolv SM24_micro006_conf_4.sol.out

Executing subprocess:
/data/chodera/schrodinger/schrodinger2017-4-advanced/jaguar results -energy SM24_micro006_conf_5.nrg.out

Executing subprocess:
/data/chodera/schrodinger/schrodinger2017-4-advanced/jaguar results -esolv SM24_micro006_conf_5.sol.out

Executing subprocess:
/data/chodera/schrodinger/schrodinger2017-4-advanced/jaguar-v9.8/bin/Linux-x86_64/pka -o SM24_micro017_deprot-out.mae -j SM24_micro017.jres -n -d

Executing subprocess:
/data/chodera/schrodinger/schrodinger2017-4-advanced/jaguar-v9.8/bin/Linux-x86_64/pka -o SM24_micro017_prot-out.mae -j SM24_micro017.jres -n

pKa calculation for SM24_micro017 completed.

pKa workflow jag_SM24_micro017_SM24_micro006 completed.

Timer (Jaguar pKa) : 6370.27 secs (1 hrs, 46 mins, 10 secs)
Timer (jaguar_backend.py) : 6370.27 secs (1 hrs, 46 mins, 10 secs)
Finished:   Fri May 11 15:02:34 2018
