Command:    jaguar run pka.py -jobname jag_SM06_micro002_SM06_micro004 -PARALLEL 10 -WAIT -n -csrch -prot SM06_micro002.in -deprot SM06_micro004.in
Release:    2017-4
Exec:       /data/chodera/schrodinger/schrodinger2017-4-advanced/jaguar-v9.8/bin/Linux-x86_64
Host:       ls12
JobId:      ls12-0-5b030fc6
JobDir:     /lila/data/chodera/schrodinger/tmpdir/rustenburg/jag_SM06_micro002_SM06_micro004
Date:       Mon May 21 14:28:24 2018

Contents of /lila/data/chodera/schrodinger/tmpdir/rustenburg/jag_SM06_micro002_SM06_micro004:
/lila/data/chodera/schrodinger/tmpdir/rustenburg/jag_SM06_micro002_SM06_micro004/SM06_micro004.in
/lila/data/chodera/schrodinger/tmpdir/rustenburg/jag_SM06_micro002_SM06_micro004/SM06_micro002.mae
/lila/data/chodera/schrodinger/tmpdir/rustenburg/jag_SM06_micro002_SM06_micro004/ls12-0-5b030fc6.recover
/lila/data/chodera/schrodinger/tmpdir/rustenburg/jag_SM06_micro002_SM06_micro004/jag_SM06_micro002_SM06_micro004.log
/lila/data/chodera/schrodinger/tmpdir/rustenburg/jag_SM06_micro002_SM06_micro004/SM06_micro004.mae
/lila/data/chodera/schrodinger/tmpdir/rustenburg/jag_SM06_micro002_SM06_micro004/jag_SM06_micro002_SM06_micro004.recover
/lila/data/chodera/schrodinger/tmpdir/rustenburg/jag_SM06_micro002_SM06_micro004/SM06_micro002.in
/lila/data/chodera/schrodinger/tmpdir/rustenburg/jag_SM06_micro002_SM06_micro004/ls12-0-5b030fc6
/lila/data/chodera/schrodinger/tmpdir/rustenburg/jag_SM06_micro002_SM06_micro004/ls12-0-5b030fc6.mpinodes

=====================
 Jaguar pKa workflow
=====================

Analysing user-provided (prot, deprot) pair:
(SM06_micro002.in, SM06_micro004.in)
Found labile hydrogen 29 in SM06_micro002.in
Found labile hydrogen at atom 11 in SM06_micro004.in
Adding 'ipkat' keyword to input files.

Identifying pKa functional group for pair:
(SM06_micro002, SM06_micro004)

Executing subprocess:
/data/chodera/schrodinger/schrodinger2017-4-advanced/jaguar-v9.8/bin/Linux-x86_64/pka -i -j SM06_micro002.tmp.jres -n

Taking protonated structures from:
SM06_micro002.mae
Taking deprotonated structures from:
SM06_micro004.mae

This molecule from 'SM06_micro002.mae' in water was recognized as:

 # 	                  Shell                   
---	------------------------------------------
1: 	amide as acid                             
2: 	Protonation of sp2-like aliphatic nitrogen
3: 	Protonation of generic atom               


Executing conformational search...

Executing 2 distributed subjobs:
---------------------------------

No more than 8 cpu(s) will be used per subjob.
No more than 10 cpu(s) will be used simultaneously.

Processing the following subjobs:
(1) jaguar run csrch.py SM06_micro002.mae -jobname SM06_micro002 -max_conf 5 -erg_window 50.208 -acc_level 1 -TPP 5
(2) jaguar run csrch.py SM06_micro004.mae -jobname SM06_micro004 -max_conf 5 -erg_window 50.208 -acc_level 1 -TPP 5

Running subjobs on hosts:
  localhost (Max: 2)
Number of jobs:       2
Max retries per job:  3
Max allowed failures: unlimited
Run with -LOCAL:      False
Verbosity:            normal

Starting JobDJ...

Keep one job on driver host: False
JobDJ columns:
  C: Number of completed subjobs
  A: Number of active subjobs (e.g., submitted, running)
  W: Number of waiting/pending subjobs

C A W | Activity  JobId  JobName  JobHost
- - - | --------- -----------------------
0 1 1 | launched  ls12-0-5b030fcd SM06_micro002 localhost [ls12]
0 2 0 | launched  ls12-0-5b030fd0 SM06_micro004 localhost [ls12]
1 1 0 | finished  ls12-0-5b030fcd SM06_micro002 localhost [ls12]
2 0 0 | finished  ls12-0-5b030fd0 SM06_micro004 localhost [ls12]

All jobs have completed.

2 of 2 job(s) succeeded; 0 job(s) failed.

Timer (distribute subjobs) : 854.03 secs (0 hrs, 14 mins, 14 secs)

Setting up QM workflow for (protonated, deprotonated) pair:
(1) (SM06_micro002, SM06_micro004)

Executing Jaguar quantum-mechanical subjobs...

Executing 10 distributed subjobs:
----------------------------------

No more than 8 cpu(s) will be used per subjob.
No more than 10 cpu(s) will be used simultaneously.

Processing the following subjobs:
(1) jaguar run pka_prot.bat -jobname SM06_micro002_conf_1 SM06_micro002_conf_1.in
(2) jaguar run pka_prot.bat -jobname SM06_micro002_conf_2 SM06_micro002_conf_2.in
(3) jaguar run pka_prot.bat -jobname SM06_micro002_conf_3 SM06_micro002_conf_3.in
(4) jaguar run pka_prot.bat -jobname SM06_micro002_conf_4 SM06_micro002_conf_4.in
(5) jaguar run pka_prot.bat -jobname SM06_micro002_conf_5 SM06_micro002_conf_5.in
(6) jaguar run pka_deprot.bat -jobname SM06_micro004_conf_1 SM06_micro004_conf_1.in
(7) jaguar run pka_deprot.bat -jobname SM06_micro004_conf_2 SM06_micro004_conf_2.in
(8) jaguar run pka_deprot.bat -jobname SM06_micro004_conf_3 SM06_micro004_conf_3.in
(9) jaguar run pka_deprot.bat -jobname SM06_micro004_conf_4 SM06_micro004_conf_4.in
(10) jaguar run pka_deprot.bat -jobname SM06_micro004_conf_5 SM06_micro004_conf_5.in

Running subjobs on hosts:
  localhost (Max: 10)
Number of jobs:       10
Max retries per job:  3
Max allowed failures: unlimited
Run with -LOCAL:      False
Verbosity:            normal

Starting JobDJ...

Keep one job on driver host: False
JobDJ columns:
  C: Number of completed subjobs
  A: Number of active subjobs (e.g., submitted, running)
  W: Number of waiting/pending subjobs

 C  A  W | Activity  JobId  JobName  JobHost
-- -- -- | --------- -----------------------
 0  1  9 | launched  ls12-0-5b031329 SM06_micro002_conf_1 localhost [ls12]
 0  2  8 | launched  ls12-0-5b03132c SM06_micro002_conf_2 localhost [ls12]
 0  3  7 | launched  ls12-1-5b03132e SM06_micro002_conf_3 localhost [ls12]
 0  4  6 | launched  ls12-1-5b031331 SM06_micro002_conf_4 localhost [ls12]
 0  5  5 | launched  ls12-1-5b031334 SM06_micro002_conf_5 localhost [ls12]
 0  6  4 | launched  ls12-0-5b031338 SM06_micro004_conf_1 localhost [ls12]
 0  7  3 | launched  ls12-0-5b03133d SM06_micro004_conf_2 localhost [ls12]
 0  8  2 | launched  ls12-0-5b031343 SM06_micro004_conf_3 localhost [ls12]
 0  9  1 | launched  ls12-0-5b031348 SM06_micro004_conf_4 localhost [ls12]
 0 10  0 | launched  ls12-0-5b03134f SM06_micro004_conf_5 localhost [ls12]
 1  9  0 | finished  ls12-0-5b031329 SM06_micro002_conf_1 localhost [ls12]
 2  8  0 | finished  ls12-1-5b031334 SM06_micro002_conf_5 localhost [ls12]
 3  7  0 | finished  ls12-0-5b03133d SM06_micro004_conf_2 localhost [ls12]
 4  6  0 | finished  ls12-0-5b03134f SM06_micro004_conf_5 localhost [ls12]
 5  5  0 | finished  ls12-0-5b03132c SM06_micro002_conf_2 localhost [ls12]
 6  4  0 | finished  ls12-1-5b03132e SM06_micro002_conf_3 localhost [ls12]
 7  3  0 | finished  ls12-1-5b031331 SM06_micro002_conf_4 localhost [ls12]
 8  2  0 | finished  ls12-0-5b031338 SM06_micro004_conf_1 localhost [ls12]
 9  1  0 | finished  ls12-0-5b031348 SM06_micro004_conf_4 localhost [ls12]
10  0  0 | finished  ls12-0-5b031343 SM06_micro004_conf_3 localhost [ls12]

All jobs have completed.

10 of 10 job(s) succeeded; 0 job(s) failed.

Timer (distribute subjobs) : 36335.43 secs (10 hrs, 05 mins, 35 secs)

Processing QM output files...

Executing subprocess:
/data/chodera/schrodinger/schrodinger2017-4-advanced/jaguar results -energy SM06_micro002_conf_1.nrg_h.out

Executing subprocess:
/data/chodera/schrodinger/schrodinger2017-4-advanced/jaguar results -esolv SM06_micro002_conf_1.sol_h.out

Executing subprocess:
/data/chodera/schrodinger/schrodinger2017-4-advanced/jaguar results -energy SM06_micro002_conf_2.nrg_h.out

Executing subprocess:
/data/chodera/schrodinger/schrodinger2017-4-advanced/jaguar results -esolv SM06_micro002_conf_2.sol_h.out

Executing subprocess:
/data/chodera/schrodinger/schrodinger2017-4-advanced/jaguar results -energy SM06_micro002_conf_3.nrg_h.out

Executing subprocess:
/data/chodera/schrodinger/schrodinger2017-4-advanced/jaguar results -esolv SM06_micro002_conf_3.sol_h.out

Executing subprocess:
/data/chodera/schrodinger/schrodinger2017-4-advanced/jaguar results -energy SM06_micro002_conf_4.nrg_h.out

Executing subprocess:
/data/chodera/schrodinger/schrodinger2017-4-advanced/jaguar results -esolv SM06_micro002_conf_4.sol_h.out

Executing subprocess:
/data/chodera/schrodinger/schrodinger2017-4-advanced/jaguar results -energy SM06_micro002_conf_5.nrg_h.out

Executing subprocess:
/data/chodera/schrodinger/schrodinger2017-4-advanced/jaguar results -esolv SM06_micro002_conf_5.sol_h.out

Executing subprocess:
/data/chodera/schrodinger/schrodinger2017-4-advanced/jaguar results -energy SM06_micro004_conf_1.nrg.out

Executing subprocess:
/data/chodera/schrodinger/schrodinger2017-4-advanced/jaguar results -esolv SM06_micro004_conf_1.sol.out

Executing subprocess:
/data/chodera/schrodinger/schrodinger2017-4-advanced/jaguar results -energy SM06_micro004_conf_2.nrg.out

Executing subprocess:
/data/chodera/schrodinger/schrodinger2017-4-advanced/jaguar results -esolv SM06_micro004_conf_2.sol.out

Executing subprocess:
/data/chodera/schrodinger/schrodinger2017-4-advanced/jaguar results -energy SM06_micro004_conf_3.nrg.out

Executing subprocess:
/data/chodera/schrodinger/schrodinger2017-4-advanced/jaguar results -esolv SM06_micro004_conf_3.sol.out

Executing subprocess:
/data/chodera/schrodinger/schrodinger2017-4-advanced/jaguar results -energy SM06_micro004_conf_4.nrg.out

Executing subprocess:
/data/chodera/schrodinger/schrodinger2017-4-advanced/jaguar results -esolv SM06_micro004_conf_4.sol.out

Executing subprocess:
/data/chodera/schrodinger/schrodinger2017-4-advanced/jaguar results -energy SM06_micro004_conf_5.nrg.out

Executing subprocess:
/data/chodera/schrodinger/schrodinger2017-4-advanced/jaguar results -esolv SM06_micro004_conf_5.sol.out

Executing subprocess:
/data/chodera/schrodinger/schrodinger2017-4-advanced/jaguar-v9.8/bin/Linux-x86_64/pka -o SM06_micro002_deprot-out.mae -j SM06_micro002.jres -n -d

Executing subprocess:
/data/chodera/schrodinger/schrodinger2017-4-advanced/jaguar-v9.8/bin/Linux-x86_64/pka -o SM06_micro002_prot-out.mae -j SM06_micro002.jres -n

pKa calculation for SM06_micro002 completed.

pKa workflow jag_SM06_micro002_SM06_micro004 completed.

Timer (Jaguar pKa) : 37268.72 secs (10 hrs, 21 mins, 08 secs)
Timer (jaguar_backend.py) : 37268.72 secs (10 hrs, 21 mins, 08 secs)
Finished:   Tue May 22 00:49:33 2018
