Command:    jaguar run pka.py -jobname jag_SM16_micro006_SM16_micro002 -PARALLEL 10 -n -csrch -prot SM16_micro006.in -deprot SM16_micro002.in
Release:    2017-4
Exec:       /data/chodera/schrodinger/schrodinger2017-4-advanced/jaguar-v9.8/bin/Linux-x86_64
Host:       ls13
JobId:      lilac-0-5aeca583
JobDir:     /lila/data/chodera/schrodinger/tmpdir/rustenburg/jag_SM16_micro006_SM16_micro002
Date:       Fri May  4 14:26:45 2018

Contents of /lila/data/chodera/schrodinger/tmpdir/rustenburg/jag_SM16_micro006_SM16_micro002:
/lila/data/chodera/schrodinger/tmpdir/rustenburg/jag_SM16_micro006_SM16_micro002/SM16_micro006.mae
/lila/data/chodera/schrodinger/tmpdir/rustenburg/jag_SM16_micro006_SM16_micro002/lilac-0-5aeca583.jlog
/lila/data/chodera/schrodinger/tmpdir/rustenburg/jag_SM16_micro006_SM16_micro002/jag_SM16_micro006_SM16_micro002.log
/lila/data/chodera/schrodinger/tmpdir/rustenburg/jag_SM16_micro006_SM16_micro002/lilac-0-5aeca583
/lila/data/chodera/schrodinger/tmpdir/rustenburg/jag_SM16_micro006_SM16_micro002/SM16_micro002.in
/lila/data/chodera/schrodinger/tmpdir/rustenburg/jag_SM16_micro006_SM16_micro002/lilac-0-5aeca583.nodes
/lila/data/chodera/schrodinger/tmpdir/rustenburg/jag_SM16_micro006_SM16_micro002/SM16_micro006.in
/lila/data/chodera/schrodinger/tmpdir/rustenburg/jag_SM16_micro006_SM16_micro002/lilac-0-5aeca583.recover
/lila/data/chodera/schrodinger/tmpdir/rustenburg/jag_SM16_micro006_SM16_micro002/SM16_micro002.mae
/lila/data/chodera/schrodinger/tmpdir/rustenburg/jag_SM16_micro006_SM16_micro002/jag_SM16_micro006_SM16_micro002.recover
/lila/data/chodera/schrodinger/tmpdir/rustenburg/jag_SM16_micro006_SM16_micro002/lilac-0-5aeca583.hosts
/lila/data/chodera/schrodinger/tmpdir/rustenburg/jag_SM16_micro006_SM16_micro002/lilac-0-5aeca583.mpinodes

=====================
 Jaguar pKa workflow
=====================

Analysing user-provided (prot, deprot) pair:
(SM16_micro006.in, SM16_micro002.in)
Found labile hydrogen 18 in SM16_micro006.in
Found labile hydrogen at atom 10 in SM16_micro002.in
Adding 'ipkat' keyword to input files.

Identifying pKa functional group for pair:
(SM16_micro006, SM16_micro002)

Executing subprocess:
/data/chodera/schrodinger/schrodinger2017-4-advanced/jaguar-v9.8/bin/Linux-x86_64/pka -i -j SM16_micro006.tmp.jres -n

Taking protonated structures from:
SM16_micro006.mae
Taking deprotonated structures from:
SM16_micro002.mae

This molecule from 'SM16_micro006.mae' in water was recognized as:

 # 	            Shell             
---	------------------------------
1: 	amide as base                 
2: 	Protonation of generic atom   
3: 	Protonation of sp2-like oxygen


Executing conformational search...

Executing 2 distributed subjobs:
---------------------------------

No more than 8 cpu(s) will be used per subjob.
No more than 10 cpu(s) will be used simultaneously.

Processing the following subjobs:
(1) jaguar run csrch.py SM16_micro006.mae -jobname SM16_micro006 -max_conf 5 -erg_window 50.208 -acc_level 1 -TPP 5
(2) jaguar run csrch.py SM16_micro002.mae -jobname SM16_micro002 -max_conf 5 -erg_window 50.208 -acc_level 1 -TPP 5

Running subjobs on hosts:
  lsf-cpu (Max: 2)
Number of jobs:       2
Max retries per job:  3
Max allowed failures: unlimited
Run with -LOCAL:      False
Verbosity:            normal

Starting JobDJ...

Keep one job on driver host: False
JobDJ columns:
  C: Number of completed subjobs
  A: Number of active subjobs (e.g., submitted, running)
  W: Number of waiting/pending subjobs

C A W | Activity  JobId  JobName  JobHost
- - - | --------- -----------------------
0 1 1 | launched  ls13-1-5aeca5ef SM16_micro006 lsf-cpu
0 2 0 | launched  ls13-0-5aeca5f4 SM16_micro002 lsf-cpu
1 1 0 | finished  ls13-1-5aeca5ef SM16_micro006 lsf-cpu
2 0 0 | finished  ls13-0-5aeca5f4 SM16_micro002 lsf-cpu

All jobs have completed.

2 of 2 job(s) succeeded; 0 job(s) failed.

Timer (distribute subjobs) : 422.04 secs (0 hrs, 07 mins, 02 secs)

Setting up QM workflow for (protonated, deprotonated) pair:
(1) (SM16_micro006, SM16_micro002)

Executing Jaguar quantum-mechanical subjobs...

Executing 10 distributed subjobs:
----------------------------------

No more than 8 cpu(s) will be used per subjob.
No more than 10 cpu(s) will be used simultaneously.

Processing the following subjobs:
(1) jaguar run pka_prot.bat -jobname SM16_micro006_conf_1 SM16_micro006_conf_1.in
(2) jaguar run pka_prot.bat -jobname SM16_micro006_conf_2 SM16_micro006_conf_2.in
(3) jaguar run pka_prot.bat -jobname SM16_micro006_conf_3 SM16_micro006_conf_3.in
(4) jaguar run pka_prot.bat -jobname SM16_micro006_conf_4 SM16_micro006_conf_4.in
(5) jaguar run pka_prot.bat -jobname SM16_micro006_conf_5 SM16_micro006_conf_5.in
(6) jaguar run pka_deprot.bat -jobname SM16_micro002_conf_1 SM16_micro002_conf_1.in
(7) jaguar run pka_deprot.bat -jobname SM16_micro002_conf_2 SM16_micro002_conf_2.in
(8) jaguar run pka_deprot.bat -jobname SM16_micro002_conf_3 SM16_micro002_conf_3.in
(9) jaguar run pka_deprot.bat -jobname SM16_micro002_conf_4 SM16_micro002_conf_4.in
(10) jaguar run pka_deprot.bat -jobname SM16_micro002_conf_5 SM16_micro002_conf_5.in

Running subjobs on hosts:
  lsf-cpu (Max: 10)
Number of jobs:       10
Max retries per job:  3
Max allowed failures: unlimited
Run with -LOCAL:      False
Verbosity:            normal

Starting JobDJ...

Keep one job on driver host: True
JobDJ columns:
  C: Number of completed subjobs
  A: Number of active subjobs (e.g., submitted, running)
  W: Number of waiting/pending subjobs

 C  A  W | Activity  JobId  JobName  JobHost
-- -- -- | --------- -----------------------
 0  1  9 | launched  ls13-0-5aeca799 SM16_micro006_conf_1 localhost [ls13]
 0  2  8 | launched  ls13-0-5aeca7a0 SM16_micro006_conf_2 lsf-cpu
 0  3  7 | launched  ls13-0-5aeca7a7 SM16_micro006_conf_3 lsf-cpu
 0  4  6 | launched  ls13-0-5aeca7ab SM16_micro006_conf_4 lsf-cpu
 0  5  5 | launched  ls13-0-5aeca7b7 SM16_micro006_conf_5 lsf-cpu
 0  6  4 | launched  ls13-0-5aeca7c9 SM16_micro002_conf_1 lsf-cpu
 0  7  3 | launched  ls13-0-5aeca7e1 SM16_micro002_conf_2 lsf-cpu
 0  8  2 | launched  ls13-0-5aeca7fa SM16_micro002_conf_3 lsf-cpu
 0  9  1 | launched  ls13-0-5aeca80b SM16_micro002_conf_4 lsf-cpu
 0 10  0 | launched  ls13-0-5aeca822 SM16_micro002_conf_5 lsf-cpu
 1  9  0 | finished  ls13-0-5aeca80b SM16_micro002_conf_4 lsf-cpu [ls04]
 2  8  0 | finished  ls13-0-5aeca822 SM16_micro002_conf_5 lsf-cpu [ls18]
 3  7  0 | finished  ls13-0-5aeca7e1 SM16_micro002_conf_2 lsf-cpu [ls14]
 4  6  0 | finished  ls13-0-5aeca7ab SM16_micro006_conf_4 lsf-cpu [ls10]
 5  5  0 | finished  ls13-0-5aeca7fa SM16_micro002_conf_3 lsf-cpu [ls04]
 6  4  0 | finished  ls13-0-5aeca7a0 SM16_micro006_conf_2 lsf-cpu [lt08]
 7  3  0 | finished  ls13-0-5aeca7b7 SM16_micro006_conf_5 lsf-cpu [lt16]
 8  2  0 | finished  ls13-0-5aeca799 SM16_micro006_conf_1 localhost [ls13]
 9  1  0 | finished  ls13-0-5aeca7c9 SM16_micro002_conf_1 lsf-cpu [lt02]
10  0  0 | finished  ls13-0-5aeca7a7 SM16_micro006_conf_3 lsf-cpu [lt21]

All jobs have completed.

10 of 10 job(s) succeeded; 0 job(s) failed.

Timer (distribute subjobs) : 2010.17 secs (0 hrs, 33 mins, 30 secs)

Processing QM output files...

Executing subprocess:
/data/chodera/schrodinger/schrodinger2017-4-advanced/jaguar results -energy SM16_micro006_conf_1.nrg_h.out

Executing subprocess:
/data/chodera/schrodinger/schrodinger2017-4-advanced/jaguar results -esolv SM16_micro006_conf_1.sol_h.out

Executing subprocess:
/data/chodera/schrodinger/schrodinger2017-4-advanced/jaguar results -energy SM16_micro006_conf_2.nrg_h.out

Executing subprocess:
/data/chodera/schrodinger/schrodinger2017-4-advanced/jaguar results -esolv SM16_micro006_conf_2.sol_h.out

Executing subprocess:
/data/chodera/schrodinger/schrodinger2017-4-advanced/jaguar results -energy SM16_micro006_conf_3.nrg_h.out

Executing subprocess:
/data/chodera/schrodinger/schrodinger2017-4-advanced/jaguar results -esolv SM16_micro006_conf_3.sol_h.out

Executing subprocess:
/data/chodera/schrodinger/schrodinger2017-4-advanced/jaguar results -energy SM16_micro006_conf_4.nrg_h.out

Executing subprocess:
/data/chodera/schrodinger/schrodinger2017-4-advanced/jaguar results -esolv SM16_micro006_conf_4.sol_h.out

Executing subprocess:
/data/chodera/schrodinger/schrodinger2017-4-advanced/jaguar results -energy SM16_micro006_conf_5.nrg_h.out

Executing subprocess:
/data/chodera/schrodinger/schrodinger2017-4-advanced/jaguar results -esolv SM16_micro006_conf_5.sol_h.out

Executing subprocess:
/data/chodera/schrodinger/schrodinger2017-4-advanced/jaguar results -energy SM16_micro002_conf_1.nrg.out

Executing subprocess:
/data/chodera/schrodinger/schrodinger2017-4-advanced/jaguar results -esolv SM16_micro002_conf_1.sol.out

Executing subprocess:
/data/chodera/schrodinger/schrodinger2017-4-advanced/jaguar results -energy SM16_micro002_conf_2.nrg.out

Executing subprocess:
/data/chodera/schrodinger/schrodinger2017-4-advanced/jaguar results -esolv SM16_micro002_conf_2.sol.out

Executing subprocess:
/data/chodera/schrodinger/schrodinger2017-4-advanced/jaguar results -energy SM16_micro002_conf_3.nrg.out

Executing subprocess:
/data/chodera/schrodinger/schrodinger2017-4-advanced/jaguar results -esolv SM16_micro002_conf_3.sol.out

Executing subprocess:
/data/chodera/schrodinger/schrodinger2017-4-advanced/jaguar results -energy SM16_micro002_conf_4.nrg.out

Executing subprocess:
/data/chodera/schrodinger/schrodinger2017-4-advanced/jaguar results -esolv SM16_micro002_conf_4.sol.out

Executing subprocess:
/data/chodera/schrodinger/schrodinger2017-4-advanced/jaguar results -energy SM16_micro002_conf_5.nrg.out

Executing subprocess:
/data/chodera/schrodinger/schrodinger2017-4-advanced/jaguar results -esolv SM16_micro002_conf_5.sol.out

Executing subprocess:
/data/chodera/schrodinger/schrodinger2017-4-advanced/jaguar-v9.8/bin/Linux-x86_64/pka -o SM16_micro006_deprot-out.mae -j SM16_micro006.jres -n -d

Executing subprocess:
/data/chodera/schrodinger/schrodinger2017-4-advanced/jaguar-v9.8/bin/Linux-x86_64/pka -o SM16_micro006_prot-out.mae -j SM16_micro006.jres -n

pKa calculation for SM16_micro006 completed.

pKa workflow jag_SM16_micro006_SM16_micro002 completed.

Timer (Jaguar pKa) : 2505.99 secs (0 hrs, 41 mins, 45 secs)
Timer (jaguar_backend.py) : 2505.99 secs (0 hrs, 41 mins, 45 secs)
Finished:   Fri May  4 15:08:31 2018
