Taking protonated structures from:
SM18_micro071_conf_1.dft_h.01.mae
SM18_micro071_conf_2.dft_h.01.mae
SM18_micro071_conf_3.dft_h.01.mae
SM18_micro071_conf_4.dft_h.01.mae
SM18_micro071_conf_5.dft_h.01.mae
Taking deprotonated structures from:
SM18_micro049_conf_1.dft.01.mae
SM18_micro049_conf_2.dft.01.mae
SM18_micro049_conf_3.dft.01.mae
SM18_micro049_conf_4.dft.01.mae
SM18_micro049_conf_5.dft.01.mae

Corrected results for 'protonated' structure in water:
pKa atom: 39

 # 	                  Shell                   	 pKa 	RMSD	 Contribution
---	------------------------------------------	-----	-----	--------------
1: 	amide as acid                             	12.14	0.903	    20.71%
2: 	Protonation of sp2-like aliphatic nitrogen	11.20	1.751	    58.01%
3: 	Protonation of generic atom               	11.09	2.264	    21.28%

 Final weighted pKa value is 11.37



