Command:    jaguar run pka.py -jobname jag_SM19_micro012_SM19_micro010 -PARALLEL 10 -n -csrch -prot SM19_micro012.in -deprot SM19_micro010.in
Release:    2017-4
Exec:       /data/chodera/schrodinger/schrodinger2017-4-advanced/jaguar-v9.8/bin/Linux-x86_64
Host:       lt22
JobId:      lilac-0-5aecc1ec
JobDir:     /lila/data/chodera/schrodinger/tmpdir/rustenburg/jag_SM19_micro012_SM19_micro010
Date:       Fri May  4 16:53:27 2018

Contents of /lila/data/chodera/schrodinger/tmpdir/rustenburg/jag_SM19_micro012_SM19_micro010:
/lila/data/chodera/schrodinger/tmpdir/rustenburg/jag_SM19_micro012_SM19_micro010/lilac-0-5aecc1ec.mpinodes
/lila/data/chodera/schrodinger/tmpdir/rustenburg/jag_SM19_micro012_SM19_micro010/SM19_micro010.mae
/lila/data/chodera/schrodinger/tmpdir/rustenburg/jag_SM19_micro012_SM19_micro010/lilac-0-5aecc1ec.nodes
/lila/data/chodera/schrodinger/tmpdir/rustenburg/jag_SM19_micro012_SM19_micro010/SM19_micro010.in
/lila/data/chodera/schrodinger/tmpdir/rustenburg/jag_SM19_micro012_SM19_micro010/lilac-0-5aecc1ec.hosts
/lila/data/chodera/schrodinger/tmpdir/rustenburg/jag_SM19_micro012_SM19_micro010/lilac-0-5aecc1ec.recover
/lila/data/chodera/schrodinger/tmpdir/rustenburg/jag_SM19_micro012_SM19_micro010/jag_SM19_micro012_SM19_micro010.log
/lila/data/chodera/schrodinger/tmpdir/rustenburg/jag_SM19_micro012_SM19_micro010/jag_SM19_micro012_SM19_micro010.recover
/lila/data/chodera/schrodinger/tmpdir/rustenburg/jag_SM19_micro012_SM19_micro010/SM19_micro012.in
/lila/data/chodera/schrodinger/tmpdir/rustenburg/jag_SM19_micro012_SM19_micro010/lilac-0-5aecc1ec
/lila/data/chodera/schrodinger/tmpdir/rustenburg/jag_SM19_micro012_SM19_micro010/lilac-0-5aecc1ec.jlog
/lila/data/chodera/schrodinger/tmpdir/rustenburg/jag_SM19_micro012_SM19_micro010/SM19_micro012.mae

=====================
 Jaguar pKa workflow
=====================

Analysing user-provided (prot, deprot) pair:
(SM19_micro012.in, SM19_micro010.in)
Found labile hydrogen 33 in SM19_micro012.in
Found labile hydrogen at atom 16 in SM19_micro010.in
Adding 'ipkat' keyword to input files.

Identifying pKa functional group for pair:
(SM19_micro012, SM19_micro010)

Executing subprocess:
/data/chodera/schrodinger/schrodinger2017-4-advanced/jaguar-v9.8/bin/Linux-x86_64/pka -i -j SM19_micro012.tmp.jres -n

Taking protonated structures from:
SM19_micro012.mae
Taking deprotonated structures from:
SM19_micro010.mae

This molecule from 'SM19_micro012.mae' in water was recognized as:

 # 	                 Shell                  
---	----------------------------------------
1: 	mono keto CH acid                       
2: 	Protonation of generic atom             
3: 	aliphatic CH acid in water              
4: 	Protonation of sp2-like aliphatic carbon


Executing conformational search...

Executing 2 distributed subjobs:
---------------------------------

No more than 8 cpu(s) will be used per subjob.
No more than 10 cpu(s) will be used simultaneously.

Processing the following subjobs:
(1) jaguar run csrch.py SM19_micro012.mae -jobname SM19_micro012 -max_conf 5 -erg_window 50.208 -acc_level 1 -TPP 5
(2) jaguar run csrch.py SM19_micro010.mae -jobname SM19_micro010 -max_conf 5 -erg_window 50.208 -acc_level 1 -TPP 5

Running subjobs on hosts:
  lsf-cpu (Max: 2)
Number of jobs:       2
Max retries per job:  3
Max allowed failures: unlimited
Run with -LOCAL:      False
Verbosity:            normal

Starting JobDJ...

Keep one job on driver host: False
JobDJ columns:
  C: Number of completed subjobs
  A: Number of active subjobs (e.g., submitted, running)
  W: Number of waiting/pending subjobs

C A W | Activity  JobId  JobName  JobHost
- - - | --------- -----------------------
0 1 1 | launched  lt22-0-5aecc84f SM19_micro012 lsf-cpu
0 2 0 | launched  lt22-0-5aecc853 SM19_micro010 lsf-cpu
1 1 0 | finished  lt22-0-5aecc84f SM19_micro012 lsf-cpu [ls07]
2 0 0 | finished  lt22-0-5aecc853 SM19_micro010 lsf-cpu [ls07]

All jobs have completed.

2 of 2 job(s) succeeded; 0 job(s) failed.

Timer (distribute subjobs) : 8773.80 secs (2 hrs, 26 mins, 13 secs)

Setting up QM workflow for (protonated, deprotonated) pair:
(1) (SM19_micro012, SM19_micro010)

Executing Jaguar quantum-mechanical subjobs...

Executing 10 distributed subjobs:
----------------------------------

No more than 8 cpu(s) will be used per subjob.
No more than 10 cpu(s) will be used simultaneously.

Processing the following subjobs:
(1) jaguar run pka_prot.bat -jobname SM19_micro012_conf_1 SM19_micro012_conf_1.in
(2) jaguar run pka_prot.bat -jobname SM19_micro012_conf_2 SM19_micro012_conf_2.in
(3) jaguar run pka_prot.bat -jobname SM19_micro012_conf_3 SM19_micro012_conf_3.in
(4) jaguar run pka_prot.bat -jobname SM19_micro012_conf_4 SM19_micro012_conf_4.in
(5) jaguar run pka_prot.bat -jobname SM19_micro012_conf_5 SM19_micro012_conf_5.in
(6) jaguar run pka_deprot.bat -jobname SM19_micro010_conf_1 SM19_micro010_conf_1.in
(7) jaguar run pka_deprot.bat -jobname SM19_micro010_conf_2 SM19_micro010_conf_2.in
(8) jaguar run pka_deprot.bat -jobname SM19_micro010_conf_3 SM19_micro010_conf_3.in
(9) jaguar run pka_deprot.bat -jobname SM19_micro010_conf_4 SM19_micro010_conf_4.in
(10) jaguar run pka_deprot.bat -jobname SM19_micro010_conf_5 SM19_micro010_conf_5.in

Running subjobs on hosts:
  lsf-cpu (Max: 10)
Number of jobs:       10
Max retries per job:  3
Max allowed failures: unlimited
Run with -LOCAL:      False
Verbosity:            normal

Starting JobDJ...

Keep one job on driver host: True
JobDJ columns:
  C: Number of completed subjobs
  A: Number of active subjobs (e.g., submitted, running)
  W: Number of waiting/pending subjobs

 C  A  W | Activity  JobId  JobName  JobHost
-- -- -- | --------- -----------------------
 0  1  9 | launched  lt22-0-5aecea94 SM19_micro012_conf_1 localhost [lt22]
 0  2  8 | launched  lt22-0-5aecea97 SM19_micro012_conf_2 lsf-cpu
 0  3  7 | launched  lt22-1-5aecea9f SM19_micro012_conf_3 lsf-cpu
 0  4  6 | launched  lt22-0-5aeceaa3 SM19_micro012_conf_4 lsf-cpu
 0  5  5 | launched  lt22-0-5aeceaa7 SM19_micro012_conf_5 lsf-cpu
 0  6  4 | launched  lt22-0-5aeceab2 SM19_micro010_conf_1 lsf-cpu
 0  7  3 | launched  lt22-1-5aeceab5 SM19_micro010_conf_2 lsf-cpu
 0  8  2 | launched  lt22-0-5aeceaba SM19_micro010_conf_3 lsf-cpu
 0  9  1 | launched  lt22-0-5aeceabd SM19_micro010_conf_4 lsf-cpu
 0 10  0 | launched  lt22-1-5aeceac2 SM19_micro010_conf_5 lsf-cpu
 1  9  0 | finished  lt22-0-5aecea94 SM19_micro012_conf_1 localhost [lt22]
 1  9  0 | launched  lt22-0-5aecf615 SM19_micro010_conf_5 localhost [lt22]
 2  8  0 | finished  lt22-0-5aecf615 SM19_micro010_conf_5 localhost [lt22]
 3  7  0 | finished  lt22-1-5aecea9f SM19_micro012_conf_3 lsf-cpu [ls11]
 4  6  0 | finished  lt22-0-5aeceaa3 SM19_micro012_conf_4 lsf-cpu [lt04]
 5  5  0 | finished  lt22-0-5aeceaa7 SM19_micro012_conf_5 lsf-cpu [lt09]
 6  4  0 | finished  lt22-1-5aeceab5 SM19_micro010_conf_2 lsf-cpu [lt11]
 7  3  0 | finished  lt22-0-5aecea97 SM19_micro012_conf_2 lsf-cpu [lt03]
 8  2  0 | finished  lt22-0-5aeceabd SM19_micro010_conf_4 lsf-cpu [lt01]
 9  1  0 | finished  lt22-0-5aeceab2 SM19_micro010_conf_1 lsf-cpu [lt09]
10  0  0 | finished  lt22-0-5aeceaba SM19_micro010_conf_3 lsf-cpu [lt11]

All jobs have completed.

10 of 10 job(s) succeeded; 0 job(s) failed.

Timer (distribute subjobs) : 9240.39 secs (2 hrs, 34 mins, 00 secs)

Processing QM output files...

Executing subprocess:
/data/chodera/schrodinger/schrodinger2017-4-advanced/jaguar results -energy SM19_micro012_conf_1.nrg_h.out

Executing subprocess:
/data/chodera/schrodinger/schrodinger2017-4-advanced/jaguar results -esolv SM19_micro012_conf_1.sol_h.out

Executing subprocess:
/data/chodera/schrodinger/schrodinger2017-4-advanced/jaguar results -energy SM19_micro012_conf_2.nrg_h.out

Executing subprocess:
/data/chodera/schrodinger/schrodinger2017-4-advanced/jaguar results -esolv SM19_micro012_conf_2.sol_h.out

Executing subprocess:
/data/chodera/schrodinger/schrodinger2017-4-advanced/jaguar results -energy SM19_micro012_conf_3.nrg_h.out

Executing subprocess:
/data/chodera/schrodinger/schrodinger2017-4-advanced/jaguar results -esolv SM19_micro012_conf_3.sol_h.out

Executing subprocess:
/data/chodera/schrodinger/schrodinger2017-4-advanced/jaguar results -energy SM19_micro012_conf_4.nrg_h.out

Executing subprocess:
/data/chodera/schrodinger/schrodinger2017-4-advanced/jaguar results -esolv SM19_micro012_conf_4.sol_h.out

Executing subprocess:
/data/chodera/schrodinger/schrodinger2017-4-advanced/jaguar results -energy SM19_micro012_conf_5.nrg_h.out

Executing subprocess:
/data/chodera/schrodinger/schrodinger2017-4-advanced/jaguar results -esolv SM19_micro012_conf_5.sol_h.out

Executing subprocess:
/data/chodera/schrodinger/schrodinger2017-4-advanced/jaguar results -energy SM19_micro010_conf_1.nrg.out

Executing subprocess:
/data/chodera/schrodinger/schrodinger2017-4-advanced/jaguar results -esolv SM19_micro010_conf_1.sol.out

Executing subprocess:
/data/chodera/schrodinger/schrodinger2017-4-advanced/jaguar results -energy SM19_micro010_conf_2.nrg.out

Executing subprocess:
/data/chodera/schrodinger/schrodinger2017-4-advanced/jaguar results -esolv SM19_micro010_conf_2.sol.out

Executing subprocess:
/data/chodera/schrodinger/schrodinger2017-4-advanced/jaguar results -energy SM19_micro010_conf_3.nrg.out

Executing subprocess:
/data/chodera/schrodinger/schrodinger2017-4-advanced/jaguar results -esolv SM19_micro010_conf_3.sol.out

Executing subprocess:
/data/chodera/schrodinger/schrodinger2017-4-advanced/jaguar results -energy SM19_micro010_conf_4.nrg.out

Executing subprocess:
/data/chodera/schrodinger/schrodinger2017-4-advanced/jaguar results -esolv SM19_micro010_conf_4.sol.out

Executing subprocess:
/data/chodera/schrodinger/schrodinger2017-4-advanced/jaguar results -energy SM19_micro010_conf_5.nrg.out

Executing subprocess:
/data/chodera/schrodinger/schrodinger2017-4-advanced/jaguar results -esolv SM19_micro010_conf_5.sol.out

Executing subprocess:
/data/chodera/schrodinger/schrodinger2017-4-advanced/jaguar-v9.8/bin/Linux-x86_64/pka -o SM19_micro012_deprot-out.mae -j SM19_micro012.jres -n -d

Executing subprocess:
/data/chodera/schrodinger/schrodinger2017-4-advanced/jaguar-v9.8/bin/Linux-x86_64/pka -o SM19_micro012_prot-out.mae -j SM19_micro012.jres -n

pKa calculation for SM19_micro012 completed.

pKa workflow jag_SM19_micro012_SM19_micro010 completed.

Timer (Jaguar pKa) : 18220.47 secs (5 hrs, 03 mins, 40 secs)
Timer (jaguar_backend.py) : 18220.48 secs (5 hrs, 03 mins, 40 secs)
Finished:   Fri May  4 21:57:07 2018
