Taking protonated structures from:
SM07_micro011_conf_1.dft_h.01.mae
SM07_micro011_conf_2.dft_h.01.mae
SM07_micro011_conf_3.dft_h.01.mae
SM07_micro011_conf_4.dft_h.01.mae
SM07_micro011_conf_5.dft_h.01.mae
Taking deprotonated structures from:
SM07_micro004_conf_1.dft.01.mae
SM07_micro004_conf_2.dft.01.mae
SM07_micro004_conf_3.dft.01.mae
SM07_micro004_conf_4.dft.01.mae
SM07_micro004_conf_5.dft.01.mae

Corrected results for 'protonated' structure in water:
pKa atom: 19

 # 	                  Shell                   	 pKa 	RMSD	 Contribution
---	------------------------------------------	-----	-----	--------------
1: 	NR2 attached to heterocycle               	-1.10	0.116	     0.11%
2: 	Protonation of sp3-like aliphatic nitrogen	-2.65	1.715	    94.12%
3: 	Protonation of generic atom               	-2.77	2.264	     5.76%

 Final weighted pKa value is -2.66



