Command:    jaguar run pka.py -jobname jag_SM18_micro056_SM18_micro016 -PARALLEL 10 -n -csrch -prot SM18_micro056.in -deprot SM18_micro016.in
Release:    2017-4
Exec:       /data/chodera/schrodinger/schrodinger2017-4-advanced/jaguar-v9.8/bin/Linux-x86_64
Host:       lt21
JobId:      lilac-0-5aecaeac
JobDir:     /lila/data/chodera/schrodinger/tmpdir/rustenburg/jag_SM18_micro056_SM18_micro016
Date:       Fri May  4 15:14:33 2018

Contents of /lila/data/chodera/schrodinger/tmpdir/rustenburg/jag_SM18_micro056_SM18_micro016:
/lila/data/chodera/schrodinger/tmpdir/rustenburg/jag_SM18_micro056_SM18_micro016/SM18_micro056.mae
/lila/data/chodera/schrodinger/tmpdir/rustenburg/jag_SM18_micro056_SM18_micro016/lilac-0-5aecaeac.hosts
/lila/data/chodera/schrodinger/tmpdir/rustenburg/jag_SM18_micro056_SM18_micro016/jag_SM18_micro056_SM18_micro016.recover
/lila/data/chodera/schrodinger/tmpdir/rustenburg/jag_SM18_micro056_SM18_micro016/jag_SM18_micro056_SM18_micro016.log
/lila/data/chodera/schrodinger/tmpdir/rustenburg/jag_SM18_micro056_SM18_micro016/lilac-0-5aecaeac.nodes
/lila/data/chodera/schrodinger/tmpdir/rustenburg/jag_SM18_micro056_SM18_micro016/lilac-0-5aecaeac
/lila/data/chodera/schrodinger/tmpdir/rustenburg/jag_SM18_micro056_SM18_micro016/SM18_micro016.mae
/lila/data/chodera/schrodinger/tmpdir/rustenburg/jag_SM18_micro056_SM18_micro016/lilac-0-5aecaeac.mpinodes
/lila/data/chodera/schrodinger/tmpdir/rustenburg/jag_SM18_micro056_SM18_micro016/SM18_micro016.in
/lila/data/chodera/schrodinger/tmpdir/rustenburg/jag_SM18_micro056_SM18_micro016/lilac-0-5aecaeac.recover
/lila/data/chodera/schrodinger/tmpdir/rustenburg/jag_SM18_micro056_SM18_micro016/lilac-0-5aecaeac.jlog
/lila/data/chodera/schrodinger/tmpdir/rustenburg/jag_SM18_micro056_SM18_micro016/SM18_micro056.in

=====================
 Jaguar pKa workflow
=====================

Analysing user-provided (prot, deprot) pair:
(SM18_micro056.in, SM18_micro016.in)
Found labile hydrogen 32 in SM18_micro056.in
Found labile hydrogen at atom 18 in SM18_micro016.in
Adding 'ipkat' keyword to input files.

Identifying pKa functional group for pair:
(SM18_micro056, SM18_micro016)

Executing subprocess:
/data/chodera/schrodinger/schrodinger2017-4-advanced/jaguar-v9.8/bin/Linux-x86_64/pka -i -j SM18_micro056.tmp.jres -n

Taking protonated structures from:
SM18_micro056.mae
Taking deprotonated structures from:
SM18_micro016.mae

This molecule from 'SM18_micro056.mae' in water was recognized as:

 # 	           Shell           
---	---------------------------
1: 	thiazole/benzothiazole     
2: 	heterocycle                
3: 	Protonation of generic atom


Executing conformational search...

Executing 2 distributed subjobs:
---------------------------------

No more than 8 cpu(s) will be used per subjob.
No more than 10 cpu(s) will be used simultaneously.

Processing the following subjobs:
(1) jaguar run csrch.py SM18_micro056.mae -jobname SM18_micro056 -max_conf 5 -erg_window 50.208 -acc_level 1 -TPP 5
(2) jaguar run csrch.py SM18_micro016.mae -jobname SM18_micro016 -max_conf 5 -erg_window 50.208 -acc_level 1 -TPP 5

Running subjobs on hosts:
  lsf-cpu (Max: 2)
Number of jobs:       2
Max retries per job:  3
Max allowed failures: unlimited
Run with -LOCAL:      False
Verbosity:            normal

Starting JobDJ...

Keep one job on driver host: False
JobDJ columns:
  C: Number of completed subjobs
  A: Number of active subjobs (e.g., submitted, running)
  W: Number of waiting/pending subjobs

C A W | Activity  JobId  JobName  JobHost
- - - | --------- -----------------------
0 1 1 | launched  lt21-0-5aecb11e SM18_micro056 lsf-cpu
0 2 0 | launched  lt21-0-5aecb121 SM18_micro016 lsf-cpu
1 1 0 | finished  lt21-0-5aecb11e SM18_micro056 lsf-cpu [ls04]
2 0 0 | finished  lt21-0-5aecb121 SM18_micro016 lsf-cpu [lt08]

All jobs have completed.

2 of 2 job(s) succeeded; 0 job(s) failed.

Timer (distribute subjobs) : 4177.61 secs (1 hrs, 09 mins, 37 secs)

Setting up QM workflow for (protonated, deprotonated) pair:
(1) (SM18_micro056, SM18_micro016)

Executing Jaguar quantum-mechanical subjobs...

Executing 10 distributed subjobs:
----------------------------------

No more than 8 cpu(s) will be used per subjob.
No more than 10 cpu(s) will be used simultaneously.

Processing the following subjobs:
(1) jaguar run pka_prot.bat -jobname SM18_micro056_conf_1 SM18_micro056_conf_1.in
(2) jaguar run pka_prot.bat -jobname SM18_micro056_conf_2 SM18_micro056_conf_2.in
(3) jaguar run pka_prot.bat -jobname SM18_micro056_conf_3 SM18_micro056_conf_3.in
(4) jaguar run pka_prot.bat -jobname SM18_micro056_conf_4 SM18_micro056_conf_4.in
(5) jaguar run pka_prot.bat -jobname SM18_micro056_conf_5 SM18_micro056_conf_5.in
(6) jaguar run pka_deprot.bat -jobname SM18_micro016_conf_1 SM18_micro016_conf_1.in
(7) jaguar run pka_deprot.bat -jobname SM18_micro016_conf_2 SM18_micro016_conf_2.in
(8) jaguar run pka_deprot.bat -jobname SM18_micro016_conf_3 SM18_micro016_conf_3.in
(9) jaguar run pka_deprot.bat -jobname SM18_micro016_conf_4 SM18_micro016_conf_4.in
(10) jaguar run pka_deprot.bat -jobname SM18_micro016_conf_5 SM18_micro016_conf_5.in

Running subjobs on hosts:
  lsf-cpu (Max: 10)
Number of jobs:       10
Max retries per job:  3
Max allowed failures: unlimited
Run with -LOCAL:      False
Verbosity:            normal

Starting JobDJ...

Keep one job on driver host: True
JobDJ columns:
  C: Number of completed subjobs
  A: Number of active subjobs (e.g., submitted, running)
  W: Number of waiting/pending subjobs

 C  A  W | Activity  JobId  JobName  JobHost
-- -- -- | --------- -----------------------
 0  1  9 | launched  lt21-0-5aecc174 SM18_micro056_conf_1 localhost [lt21]
 0  2  8 | launched  lt21-0-5aecc178 SM18_micro056_conf_2 lsf-cpu
 0  3  7 | launched  lt21-0-5aecc17c SM18_micro056_conf_3 lsf-cpu
 0  4  6 | launched  lt21-0-5aecc180 SM18_micro056_conf_4 lsf-cpu
 0  5  5 | launched  lt21-0-5aecc184 SM18_micro056_conf_5 lsf-cpu
 0  6  4 | launched  lt21-0-5aecc188 SM18_micro016_conf_1 lsf-cpu
 0  7  3 | launched  lt21-0-5aecc18b SM18_micro016_conf_2 lsf-cpu
 0  8  2 | launched  lt21-0-5aecc18f SM18_micro016_conf_3 lsf-cpu
 0  9  1 | launched  lt21-0-5aecc193 SM18_micro016_conf_4 lsf-cpu
 0 10  0 | launched  lt21-0-5aecc197 SM18_micro016_conf_5 lsf-cpu
 1  9  0 | finished  lt21-0-5aecc174 SM18_micro056_conf_1 localhost [lt21]
 2  8  0 | finished  lt21-0-5aecc197 SM18_micro016_conf_5 lsf-cpu [ls10]
 3  7  0 | finished  lt21-0-5aecc184 SM18_micro056_conf_5 lsf-cpu [ls18]
 4  6  0 | finished  lt21-0-5aecc18f SM18_micro016_conf_3 lsf-cpu [ls01]
 5  5  0 | finished  lt21-0-5aecc18b SM18_micro016_conf_2 lsf-cpu [ls16]
 6  4  0 | finished  lt21-0-5aecc178 SM18_micro056_conf_2 lsf-cpu [lt17]
 7  3  0 | finished  lt21-0-5aecc193 SM18_micro016_conf_4 lsf-cpu [ls10]
 8  2  0 | finished  lt21-0-5aecc188 SM18_micro016_conf_1 lsf-cpu [ls16]
 9  1  0 | finished  lt21-0-5aecc17c SM18_micro056_conf_3 lsf-cpu [lt17]
10  0  0 | finished  lt21-0-5aecc180 SM18_micro056_conf_4 lsf-cpu [lt17]

All jobs have completed.

10 of 10 job(s) succeeded; 0 job(s) failed.

Timer (distribute subjobs) : 10695.58 secs (2 hrs, 58 mins, 15 secs)

Processing QM output files...

Executing subprocess:
/data/chodera/schrodinger/schrodinger2017-4-advanced/jaguar results -energy SM18_micro056_conf_1.nrg_h.out

Executing subprocess:
/data/chodera/schrodinger/schrodinger2017-4-advanced/jaguar results -esolv SM18_micro056_conf_1.sol_h.out

Executing subprocess:
/data/chodera/schrodinger/schrodinger2017-4-advanced/jaguar results -energy SM18_micro056_conf_2.nrg_h.out

Executing subprocess:
/data/chodera/schrodinger/schrodinger2017-4-advanced/jaguar results -esolv SM18_micro056_conf_2.sol_h.out

Executing subprocess:
/data/chodera/schrodinger/schrodinger2017-4-advanced/jaguar results -energy SM18_micro056_conf_3.nrg_h.out

Executing subprocess:
/data/chodera/schrodinger/schrodinger2017-4-advanced/jaguar results -esolv SM18_micro056_conf_3.sol_h.out

Executing subprocess:
/data/chodera/schrodinger/schrodinger2017-4-advanced/jaguar results -energy SM18_micro056_conf_4.nrg_h.out

Executing subprocess:
/data/chodera/schrodinger/schrodinger2017-4-advanced/jaguar results -esolv SM18_micro056_conf_4.sol_h.out

Executing subprocess:
/data/chodera/schrodinger/schrodinger2017-4-advanced/jaguar results -energy SM18_micro056_conf_5.nrg_h.out

Executing subprocess:
/data/chodera/schrodinger/schrodinger2017-4-advanced/jaguar results -esolv SM18_micro056_conf_5.sol_h.out

Executing subprocess:
/data/chodera/schrodinger/schrodinger2017-4-advanced/jaguar results -energy SM18_micro016_conf_1.nrg.out

Executing subprocess:
/data/chodera/schrodinger/schrodinger2017-4-advanced/jaguar results -esolv SM18_micro016_conf_1.sol.out

Executing subprocess:
/data/chodera/schrodinger/schrodinger2017-4-advanced/jaguar results -energy SM18_micro016_conf_2.nrg.out

Executing subprocess:
/data/chodera/schrodinger/schrodinger2017-4-advanced/jaguar results -esolv SM18_micro016_conf_2.sol.out

Executing subprocess:
/data/chodera/schrodinger/schrodinger2017-4-advanced/jaguar results -energy SM18_micro016_conf_3.nrg.out

Executing subprocess:
/data/chodera/schrodinger/schrodinger2017-4-advanced/jaguar results -esolv SM18_micro016_conf_3.sol.out

Executing subprocess:
/data/chodera/schrodinger/schrodinger2017-4-advanced/jaguar results -energy SM18_micro016_conf_4.nrg.out

Executing subprocess:
/data/chodera/schrodinger/schrodinger2017-4-advanced/jaguar results -esolv SM18_micro016_conf_4.sol.out

Executing subprocess:
/data/chodera/schrodinger/schrodinger2017-4-advanced/jaguar results -energy SM18_micro016_conf_5.nrg.out

Executing subprocess:
/data/chodera/schrodinger/schrodinger2017-4-advanced/jaguar results -esolv SM18_micro016_conf_5.sol.out

Executing subprocess:
/data/chodera/schrodinger/schrodinger2017-4-advanced/jaguar-v9.8/bin/Linux-x86_64/pka -o SM18_micro056_deprot-out.mae -j SM18_micro056.jres -n -d

Executing subprocess:
/data/chodera/schrodinger/schrodinger2017-4-advanced/jaguar-v9.8/bin/Linux-x86_64/pka -o SM18_micro056_prot-out.mae -j SM18_micro056.jres -n

pKa calculation for SM18_micro056 completed.

pKa workflow jag_SM18_micro056_SM18_micro016 completed.

Timer (Jaguar pKa) : 14962.62 secs (4 hrs, 09 mins, 22 secs)
Timer (jaguar_backend.py) : 14962.62 secs (4 hrs, 09 mins, 22 secs)
Finished:   Fri May  4 19:23:56 2018
