Taking protonated structures from:
SM18_micro001_conf_1.dft_h.01.mae
SM18_micro001_conf_2.dft_h.01.mae
SM18_micro001_conf_3.dft_h.01.mae
SM18_micro001_conf_4.dft_h.01.mae
SM18_micro001_conf_5.dft_h.01.mae
Taking deprotonated structures from:
SM18_micro038_conf_1.dft.01.mae
SM18_micro038_conf_2.dft.01.mae
SM18_micro038_conf_3.dft.01.mae
SM18_micro038_conf_4.dft.01.mae
SM18_micro038_conf_5.dft.01.mae

Corrected results for 'protonated' structure in water:
pKa atom: 31

 # 	                  Shell                  	 pKa 	RMSD	 Contribution
---	-----------------------------------------	-----	-----	--------------
1: 	delta lactam                             	 3.01	0.508	    31.53%
2: 	4-pyrimidone as acid                     	 2.53	0.530	    61.00%
3: 	Protonation of sp2-like aromatic nitrogen	 2.06	1.014	     6.85%
4: 	Protonation of generic atom              	 3.03	2.264	     0.62%

 Final weighted pKa value is 2.65



