Taking protonated structures from:
SM18_micro056_conf_1.dft_h.01.mae
SM18_micro056_conf_2.dft_h.01.mae
SM18_micro056_conf_3.dft_h.01.mae
SM18_micro056_conf_4.dft_h.01.mae
SM18_micro056_conf_5.dft_h.01.mae
Taking deprotonated structures from:
SM18_micro030_conf_1.dft.01.mae
SM18_micro030_conf_2.dft.01.mae
SM18_micro030_conf_3.dft.01.mae
SM18_micro030_conf_4.dft.01.mae
SM18_micro030_conf_5.dft.01.mae

Corrected results for 'protonated' structure in water:
pKa atom: 39

 # 	                 Shell                  	 pKa 	RMSD	 Contribution
---	----------------------------------------	-----	-----	--------------
1: 	mono keto CH acid                       	15.40	0.641	     1.83%
2: 	Protonation of generic atom             	12.42	2.264	    88.92%
3: 	aliphatic CH acid in water              	10.78	2.584	     4.62%
4: 	Protonation of sp2-like aliphatic carbon	10.96	2.605	     4.63%

 Final weighted pKa value is 12.33



