Command:    jaguar run pka.py -jobname jag_SM02_micro008_SM02_micro006 -PARALLEL 10 -n -csrch -prot SM02_micro008.in -deprot SM02_micro006.in
Release:    2017-4
Exec:       /data/chodera/schrodinger/schrodinger2017-4-advanced/jaguar-v9.8/bin/Linux-x86_64
Host:       ls07
JobId:      lilac-0-5aec672b
JobDir:     /lila/data/chodera/schrodinger/tmpdir/rustenburg/jag_SM02_micro008_SM02_micro006
Date:       Fri May  4 09:59:12 2018

Contents of /lila/data/chodera/schrodinger/tmpdir/rustenburg/jag_SM02_micro008_SM02_micro006:
/lila/data/chodera/schrodinger/tmpdir/rustenburg/jag_SM02_micro008_SM02_micro006/SM02_micro008.mae
/lila/data/chodera/schrodinger/tmpdir/rustenburg/jag_SM02_micro008_SM02_micro006/lilac-0-5aec672b.hosts
/lila/data/chodera/schrodinger/tmpdir/rustenburg/jag_SM02_micro008_SM02_micro006/lilac-0-5aec672b
/lila/data/chodera/schrodinger/tmpdir/rustenburg/jag_SM02_micro008_SM02_micro006/lilac-0-5aec672b.jlog
/lila/data/chodera/schrodinger/tmpdir/rustenburg/jag_SM02_micro008_SM02_micro006/jag_SM02_micro008_SM02_micro006.recover
/lila/data/chodera/schrodinger/tmpdir/rustenburg/jag_SM02_micro008_SM02_micro006/lilac-0-5aec672b.nodes
/lila/data/chodera/schrodinger/tmpdir/rustenburg/jag_SM02_micro008_SM02_micro006/jag_SM02_micro008_SM02_micro006.log
/lila/data/chodera/schrodinger/tmpdir/rustenburg/jag_SM02_micro008_SM02_micro006/SM02_micro006.in
/lila/data/chodera/schrodinger/tmpdir/rustenburg/jag_SM02_micro008_SM02_micro006/SM02_micro008.in
/lila/data/chodera/schrodinger/tmpdir/rustenburg/jag_SM02_micro008_SM02_micro006/SM02_micro006.mae
/lila/data/chodera/schrodinger/tmpdir/rustenburg/jag_SM02_micro008_SM02_micro006/lilac-0-5aec672b.recover
/lila/data/chodera/schrodinger/tmpdir/rustenburg/jag_SM02_micro008_SM02_micro006/lilac-0-5aec672b.mpinodes

=====================
 Jaguar pKa workflow
=====================

Analysing user-provided (prot, deprot) pair:
(SM02_micro008.in, SM02_micro006.in)
Found labile hydrogen 22 in SM02_micro008.in
Found labile hydrogen at atom 10 in SM02_micro006.in
Adding 'ipkat' keyword to input files.

Identifying pKa functional group for pair:
(SM02_micro008, SM02_micro006)

Executing subprocess:
/data/chodera/schrodinger/schrodinger2017-4-advanced/jaguar-v9.8/bin/Linux-x86_64/pka -i -j SM02_micro008.tmp.jres -n

Taking protonated structures from:
SM02_micro008.mae
Taking deprotonated structures from:
SM02_micro006.mae

This molecule from 'SM02_micro008.mae' in water was recognized as:

 # 	           Shell           
---	---------------------------
1: 	pyrimidine                 
2: 	heterocycle custom 1       
3: 	heterocycle                
4: 	Protonation of generic atom


Executing conformational search...

Executing 2 distributed subjobs:
---------------------------------

No more than 8 cpu(s) will be used per subjob.
No more than 10 cpu(s) will be used simultaneously.

Processing the following subjobs:
(1) jaguar run csrch.py SM02_micro008.mae -jobname SM02_micro008 -max_conf 5 -erg_window 50.208 -acc_level 1 -TPP 5
(2) jaguar run csrch.py SM02_micro006.mae -jobname SM02_micro006 -max_conf 5 -erg_window 50.208 -acc_level 1 -TPP 5

Running subjobs on hosts:
  lsf-cpu (Max: 2)
Number of jobs:       2
Max retries per job:  3
Max allowed failures: unlimited
Run with -LOCAL:      False
Verbosity:            normal

Starting JobDJ...

Keep one job on driver host: False
JobDJ columns:
  C: Number of completed subjobs
  A: Number of active subjobs (e.g., submitted, running)
  W: Number of waiting/pending subjobs

C A W | Activity  JobId  JobName  JobHost
- - - | --------- -----------------------
0 1 1 | launched  ls07-0-5aec6735 SM02_micro008 lsf-cpu
0 2 0 | launched  ls07-0-5aec673e SM02_micro006 lsf-cpu
1 1 0 | finished  ls07-0-5aec6735 SM02_micro008 lsf-cpu [lt05]
2 0 0 | finished  ls07-0-5aec673e SM02_micro006 lsf-cpu [lt07]

All jobs have completed.

2 of 2 job(s) succeeded; 0 job(s) failed.

Timer (distribute subjobs) : 1403.82 secs (0 hrs, 23 mins, 23 secs)

Setting up QM workflow for (protonated, deprotonated) pair:
(1) (SM02_micro008, SM02_micro006)

Executing Jaguar quantum-mechanical subjobs...

Executing 10 distributed subjobs:
----------------------------------

No more than 8 cpu(s) will be used per subjob.
No more than 10 cpu(s) will be used simultaneously.

Processing the following subjobs:
(1) jaguar run pka_prot.bat -jobname SM02_micro008_conf_1 SM02_micro008_conf_1.in
(2) jaguar run pka_prot.bat -jobname SM02_micro008_conf_2 SM02_micro008_conf_2.in
(3) jaguar run pka_prot.bat -jobname SM02_micro008_conf_3 SM02_micro008_conf_3.in
(4) jaguar run pka_prot.bat -jobname SM02_micro008_conf_4 SM02_micro008_conf_4.in
(5) jaguar run pka_prot.bat -jobname SM02_micro008_conf_5 SM02_micro008_conf_5.in
(6) jaguar run pka_deprot.bat -jobname SM02_micro006_conf_1 SM02_micro006_conf_1.in
(7) jaguar run pka_deprot.bat -jobname SM02_micro006_conf_2 SM02_micro006_conf_2.in
(8) jaguar run pka_deprot.bat -jobname SM02_micro006_conf_3 SM02_micro006_conf_3.in
(9) jaguar run pka_deprot.bat -jobname SM02_micro006_conf_4 SM02_micro006_conf_4.in
(10) jaguar run pka_deprot.bat -jobname SM02_micro006_conf_5 SM02_micro006_conf_5.in

Running subjobs on hosts:
  lsf-cpu (Max: 10)
Number of jobs:       10
Max retries per job:  3
Max allowed failures: unlimited
Run with -LOCAL:      False
Verbosity:            normal

Starting JobDJ...

Keep one job on driver host: True
JobDJ columns:
  C: Number of completed subjobs
  A: Number of active subjobs (e.g., submitted, running)
  W: Number of waiting/pending subjobs

 C  A  W | Activity  JobId  JobName  JobHost
-- -- -- | --------- -----------------------
 0  1  9 | launched  ls07-0-5aec6cb4 SM02_micro008_conf_1 localhost [ls07]
 0  2  8 | launched  ls07-0-5aec6cba SM02_micro008_conf_2 lsf-cpu
 0  3  7 | launched  ls07-0-5aec6cbf SM02_micro008_conf_3 lsf-cpu
 0  4  6 | launched  ls07-0-5aec6cc4 SM02_micro008_conf_4 lsf-cpu
 0  5  5 | launched  ls07-0-5aec6cc9 SM02_micro008_conf_5 lsf-cpu
 0  6  4 | launched  ls07-0-5aec6ccf SM02_micro006_conf_1 lsf-cpu
 0  7  3 | launched  ls07-0-5aec6cd4 SM02_micro006_conf_2 lsf-cpu
 0  8  2 | launched  ls07-0-5aec6cda SM02_micro006_conf_3 lsf-cpu
 0  9  1 | launched  ls07-0-5aec6ce0 SM02_micro006_conf_4 lsf-cpu
 0 10  0 | launched  ls07-0-5aec6ce5 SM02_micro006_conf_5 lsf-cpu
 1  9  0 | finished  ls07-0-5aec6cbf SM02_micro008_conf_3 lsf-cpu [ls01]
 2  8  0 | finished  ls07-0-5aec6ce5 SM02_micro006_conf_5 lsf-cpu [lt01]
 3  7  0 | finished  ls07-0-5aec6cba SM02_micro008_conf_2 lsf-cpu [ls17]
 4  6  0 | finished  ls07-0-5aec6cb4 SM02_micro008_conf_1 localhost [ls07]
 5  5  0 | finished  ls07-0-5aec6cda SM02_micro006_conf_3 lsf-cpu [ls13]
 6  4  0 | finished  ls07-0-5aec6ccf SM02_micro006_conf_1 lsf-cpu [lt01]
 7  3  0 | finished  ls07-0-5aec6cd4 SM02_micro006_conf_2 lsf-cpu [ls17]
 8  2  0 | finished  ls07-0-5aec6ce0 SM02_micro006_conf_4 lsf-cpu [lt01]
 9  1  0 | finished  ls07-0-5aec6cc9 SM02_micro008_conf_5 lsf-cpu [ls17]
10  0  0 | finished  ls07-0-5aec6cc4 SM02_micro008_conf_4 lsf-cpu [lt22]

All jobs have completed.

10 of 10 job(s) succeeded; 0 job(s) failed.

Timer (distribute subjobs) : 3554.56 secs (0 hrs, 59 mins, 14 secs)

Processing QM output files...

Executing subprocess:
/data/chodera/schrodinger/schrodinger2017-4-advanced/jaguar results -energy SM02_micro008_conf_1.nrg_h.out

Executing subprocess:
/data/chodera/schrodinger/schrodinger2017-4-advanced/jaguar results -esolv SM02_micro008_conf_1.sol_h.out

Executing subprocess:
/data/chodera/schrodinger/schrodinger2017-4-advanced/jaguar results -energy SM02_micro008_conf_2.nrg_h.out

Executing subprocess:
/data/chodera/schrodinger/schrodinger2017-4-advanced/jaguar results -esolv SM02_micro008_conf_2.sol_h.out

Executing subprocess:
/data/chodera/schrodinger/schrodinger2017-4-advanced/jaguar results -energy SM02_micro008_conf_3.nrg_h.out

Executing subprocess:
/data/chodera/schrodinger/schrodinger2017-4-advanced/jaguar results -esolv SM02_micro008_conf_3.sol_h.out

Executing subprocess:
/data/chodera/schrodinger/schrodinger2017-4-advanced/jaguar results -energy SM02_micro008_conf_4.nrg_h.out

Executing subprocess:
/data/chodera/schrodinger/schrodinger2017-4-advanced/jaguar results -esolv SM02_micro008_conf_4.sol_h.out

Executing subprocess:
/data/chodera/schrodinger/schrodinger2017-4-advanced/jaguar results -energy SM02_micro008_conf_5.nrg_h.out

Executing subprocess:
/data/chodera/schrodinger/schrodinger2017-4-advanced/jaguar results -esolv SM02_micro008_conf_5.sol_h.out

Executing subprocess:
/data/chodera/schrodinger/schrodinger2017-4-advanced/jaguar results -energy SM02_micro006_conf_1.nrg.out

Executing subprocess:
/data/chodera/schrodinger/schrodinger2017-4-advanced/jaguar results -esolv SM02_micro006_conf_1.sol.out

Executing subprocess:
/data/chodera/schrodinger/schrodinger2017-4-advanced/jaguar results -energy SM02_micro006_conf_2.nrg.out

Executing subprocess:
/data/chodera/schrodinger/schrodinger2017-4-advanced/jaguar results -esolv SM02_micro006_conf_2.sol.out

Executing subprocess:
/data/chodera/schrodinger/schrodinger2017-4-advanced/jaguar results -energy SM02_micro006_conf_3.nrg.out

Executing subprocess:
/data/chodera/schrodinger/schrodinger2017-4-advanced/jaguar results -esolv SM02_micro006_conf_3.sol.out

Executing subprocess:
/data/chodera/schrodinger/schrodinger2017-4-advanced/jaguar results -energy SM02_micro006_conf_4.nrg.out

Executing subprocess:
/data/chodera/schrodinger/schrodinger2017-4-advanced/jaguar results -esolv SM02_micro006_conf_4.sol.out

Executing subprocess:
/data/chodera/schrodinger/schrodinger2017-4-advanced/jaguar results -energy SM02_micro006_conf_5.nrg.out

Executing subprocess:
/data/chodera/schrodinger/schrodinger2017-4-advanced/jaguar results -esolv SM02_micro006_conf_5.sol.out

Executing subprocess:
/data/chodera/schrodinger/schrodinger2017-4-advanced/jaguar-v9.8/bin/Linux-x86_64/pka -o SM02_micro008_deprot-out.mae -j SM02_micro008.jres -n -d

Executing subprocess:
/data/chodera/schrodinger/schrodinger2017-4-advanced/jaguar-v9.8/bin/Linux-x86_64/pka -o SM02_micro008_prot-out.mae -j SM02_micro008.jres -n

pKa calculation for SM02_micro008 completed.

pKa workflow jag_SM02_micro008_SM02_micro006 completed.

Timer (Jaguar pKa) : 5082.10 secs (1 hrs, 24 mins, 42 secs)
Timer (jaguar_backend.py) : 5082.10 secs (1 hrs, 24 mins, 42 secs)
Finished:   Fri May  4 11:23:54 2018
