Command:    jaguar run pka.py -jobname jag_SM11_micro018_SM11_micro008 -PARALLEL 10 -n -csrch -prot SM11_micro018.in -deprot SM11_micro008.in
Release:    2017-4
Exec:       /data/chodera/schrodinger/schrodinger2017-4-advanced/jaguar-v9.8/bin/Linux-x86_64
Host:       ls11
JobId:      lilac-0-5aec9a08
JobDir:     /lila/data/chodera/schrodinger/tmpdir/rustenburg/jag_SM11_micro018_SM11_micro008
Date:       Fri May  4 13:36:13 2018

Contents of /lila/data/chodera/schrodinger/tmpdir/rustenburg/jag_SM11_micro018_SM11_micro008:
/lila/data/chodera/schrodinger/tmpdir/rustenburg/jag_SM11_micro018_SM11_micro008/lilac-0-5aec9a08.jlog
/lila/data/chodera/schrodinger/tmpdir/rustenburg/jag_SM11_micro018_SM11_micro008/jag_SM11_micro018_SM11_micro008.log
/lila/data/chodera/schrodinger/tmpdir/rustenburg/jag_SM11_micro018_SM11_micro008/lilac-0-5aec9a08.hosts
/lila/data/chodera/schrodinger/tmpdir/rustenburg/jag_SM11_micro018_SM11_micro008/lilac-0-5aec9a08.mpinodes
/lila/data/chodera/schrodinger/tmpdir/rustenburg/jag_SM11_micro018_SM11_micro008/lilac-0-5aec9a08
/lila/data/chodera/schrodinger/tmpdir/rustenburg/jag_SM11_micro018_SM11_micro008/SM11_micro008.mae
/lila/data/chodera/schrodinger/tmpdir/rustenburg/jag_SM11_micro018_SM11_micro008/SM11_micro018.mae
/lila/data/chodera/schrodinger/tmpdir/rustenburg/jag_SM11_micro018_SM11_micro008/lilac-0-5aec9a08.recover
/lila/data/chodera/schrodinger/tmpdir/rustenburg/jag_SM11_micro018_SM11_micro008/jag_SM11_micro018_SM11_micro008.recover
/lila/data/chodera/schrodinger/tmpdir/rustenburg/jag_SM11_micro018_SM11_micro008/SM11_micro018.in
/lila/data/chodera/schrodinger/tmpdir/rustenburg/jag_SM11_micro018_SM11_micro008/lilac-0-5aec9a08.nodes
/lila/data/chodera/schrodinger/tmpdir/rustenburg/jag_SM11_micro018_SM11_micro008/SM11_micro008.in

=====================
 Jaguar pKa workflow
=====================

Analysing user-provided (prot, deprot) pair:
(SM11_micro018.in, SM11_micro008.in)
Found labile hydrogen 18 in SM11_micro018.in
Found labile hydrogen at atom 16 in SM11_micro008.in
Adding 'ipkat' keyword to input files.

Identifying pKa functional group for pair:
(SM11_micro018, SM11_micro008)

Executing subprocess:
/data/chodera/schrodinger/schrodinger2017-4-advanced/jaguar-v9.8/bin/Linux-x86_64/pka -i -j SM11_micro018.tmp.jres -n

Taking protonated structures from:
SM11_micro018.mae
Taking deprotonated structures from:
SM11_micro008.mae

This molecule from 'SM11_micro018.mae' in water was recognized as:

 # 	           Shell           
---	---------------------------
1: 	heterocycle custom 1       
2: 	heterocycle                
3: 	Protonation of generic atom


Executing conformational search...

Executing 2 distributed subjobs:
---------------------------------

No more than 8 cpu(s) will be used per subjob.
No more than 10 cpu(s) will be used simultaneously.

Processing the following subjobs:
(1) jaguar run csrch.py SM11_micro018.mae -jobname SM11_micro018 -max_conf 5 -erg_window 50.208 -acc_level 1 -TPP 5
(2) jaguar run csrch.py SM11_micro008.mae -jobname SM11_micro008 -max_conf 5 -erg_window 50.208 -acc_level 1 -TPP 5

Running subjobs on hosts:
  lsf-cpu (Max: 2)
Number of jobs:       2
Max retries per job:  3
Max allowed failures: unlimited
Run with -LOCAL:      False
Verbosity:            normal

Starting JobDJ...

Keep one job on driver host: False
JobDJ columns:
  C: Number of completed subjobs
  A: Number of active subjobs (e.g., submitted, running)
  W: Number of waiting/pending subjobs

C A W | Activity  JobId  JobName  JobHost
- - - | --------- -----------------------
0 1 1 | launched  ls11-0-5aec9a12 SM11_micro018 lsf-cpu
0 2 0 | launched  ls11-0-5aec9a15 SM11_micro008 lsf-cpu
1 1 0 | finished  ls11-0-5aec9a15 SM11_micro008 lsf-cpu
2 0 0 | finished  ls11-0-5aec9a12 SM11_micro018 lsf-cpu

All jobs have completed.

2 of 2 job(s) succeeded; 0 job(s) failed.

Timer (distribute subjobs) : 372.96 secs (0 hrs, 06 mins, 12 secs)

Setting up QM workflow for (protonated, deprotonated) pair:
(1) (SM11_micro018, SM11_micro008)

Executing Jaguar quantum-mechanical subjobs...

Executing 5 distributed subjobs:
---------------------------------

No more than 8 cpu(s) will be used per subjob.
No more than 10 cpu(s) will be used simultaneously.

Processing the following subjobs:
(1) jaguar run pka_prot.bat -jobname SM11_micro018_conf_1 SM11_micro018_conf_1.in -TPP 2
(2) jaguar run pka_prot.bat -jobname SM11_micro018_conf_2 SM11_micro018_conf_2.in -TPP 2
(3) jaguar run pka_deprot.bat -jobname SM11_micro008_conf_1 SM11_micro008_conf_1.in -TPP 2
(4) jaguar run pka_deprot.bat -jobname SM11_micro008_conf_2 SM11_micro008_conf_2.in -TPP 2
(5) jaguar run pka_deprot.bat -jobname SM11_micro008_conf_3 SM11_micro008_conf_3.in -TPP 2

Running subjobs on hosts:
  lsf-cpu (Max: 5)
Number of jobs:       5
Max retries per job:  3
Max allowed failures: unlimited
Run with -LOCAL:      False
Verbosity:            normal

Starting JobDJ...

Keep one job on driver host: False
JobDJ columns:
  C: Number of completed subjobs
  A: Number of active subjobs (e.g., submitted, running)
  W: Number of waiting/pending subjobs

C A W | Activity  JobId  JobName  JobHost
- - - | --------- -----------------------
0 1 4 | launched  ls11-0-5aec9b87 SM11_micro018_conf_1 lsf-cpu
0 2 3 | launched  ls11-0-5aec9b8a SM11_micro018_conf_2 lsf-cpu
0 3 2 | launched  ls11-0-5aec9b8d SM11_micro008_conf_1 lsf-cpu
0 4 1 | launched  ls11-0-5aec9b90 SM11_micro008_conf_2 lsf-cpu
0 5 0 | launched  ls11-0-5aec9b92 SM11_micro008_conf_3 lsf-cpu
1 4 0 | finished  ls11-0-5aec9b87 SM11_micro018_conf_1 lsf-cpu
2 3 0 | finished  ls11-0-5aec9b8d SM11_micro008_conf_1 lsf-cpu [lt14]
3 2 0 | finished  ls11-0-5aec9b90 SM11_micro008_conf_2 lsf-cpu [ls17]
4 1 0 | finished  ls11-0-5aec9b8a SM11_micro018_conf_2 lsf-cpu [lt12]
5 0 0 | finished  ls11-0-5aec9b92 SM11_micro008_conf_3 lsf-cpu [ls17]

All jobs have completed.

5 of 5 job(s) succeeded; 0 job(s) failed.

Timer (distribute subjobs) : 989.55 secs (0 hrs, 16 mins, 29 secs)

Processing QM output files...

Executing subprocess:
/data/chodera/schrodinger/schrodinger2017-4-advanced/jaguar results -energy SM11_micro018_conf_1.nrg_h.out

Executing subprocess:
/data/chodera/schrodinger/schrodinger2017-4-advanced/jaguar results -esolv SM11_micro018_conf_1.sol_h.out

Executing subprocess:
/data/chodera/schrodinger/schrodinger2017-4-advanced/jaguar results -energy SM11_micro018_conf_2.nrg_h.out

Executing subprocess:
/data/chodera/schrodinger/schrodinger2017-4-advanced/jaguar results -esolv SM11_micro018_conf_2.sol_h.out

Executing subprocess:
/data/chodera/schrodinger/schrodinger2017-4-advanced/jaguar results -energy SM11_micro008_conf_1.nrg.out

Executing subprocess:
/data/chodera/schrodinger/schrodinger2017-4-advanced/jaguar results -esolv SM11_micro008_conf_1.sol.out

Executing subprocess:
/data/chodera/schrodinger/schrodinger2017-4-advanced/jaguar results -energy SM11_micro008_conf_2.nrg.out

Executing subprocess:
/data/chodera/schrodinger/schrodinger2017-4-advanced/jaguar results -esolv SM11_micro008_conf_2.sol.out

Executing subprocess:
/data/chodera/schrodinger/schrodinger2017-4-advanced/jaguar results -energy SM11_micro008_conf_3.nrg.out

Executing subprocess:
/data/chodera/schrodinger/schrodinger2017-4-advanced/jaguar results -esolv SM11_micro008_conf_3.sol.out

Executing subprocess:
/data/chodera/schrodinger/schrodinger2017-4-advanced/jaguar-v9.8/bin/Linux-x86_64/pka -o SM11_micro018_deprot-out.mae -j SM11_micro018.jres -n -d

Executing subprocess:
/data/chodera/schrodinger/schrodinger2017-4-advanced/jaguar-v9.8/bin/Linux-x86_64/pka -o SM11_micro018_prot-out.mae -j SM11_micro018.jres -n

pKa calculation for SM11_micro018 completed.

pKa workflow jag_SM11_micro018_SM11_micro008 completed.

Timer (Jaguar pKa) : 1402.00 secs (0 hrs, 23 mins, 22 secs)
Timer (jaguar_backend.py) : 1402.00 secs (0 hrs, 23 mins, 22 secs)
Finished:   Fri May  4 13:59:35 2018
