Command:    jaguar run pka.py -jobname jag_SM24_micro009_SM24_micro027 -PARALLEL 10 -WAIT -n -csrch -prot SM24_micro009.in -deprot SM24_micro027.in
Release:    2017-4
Exec:       /data/chodera/schrodinger/schrodinger2017-4-advanced/jaguar-v9.8/bin/Linux-x86_64
Host:       ls14
JobId:      ls14-0-5af47d01
JobDir:     /lila/data/chodera/schrodinger/tmpdir/rustenburg/jag_SM24_micro009_SM24_micro027.1
Date:       Thu May 10 13:10:28 2018

Contents of /lila/data/chodera/schrodinger/tmpdir/rustenburg/jag_SM24_micro009_SM24_micro027.1:
/lila/data/chodera/schrodinger/tmpdir/rustenburg/jag_SM24_micro009_SM24_micro027.1/SM24_micro027.mae
/lila/data/chodera/schrodinger/tmpdir/rustenburg/jag_SM24_micro009_SM24_micro027.1/ls14-0-5af47d01.mpinodes
/lila/data/chodera/schrodinger/tmpdir/rustenburg/jag_SM24_micro009_SM24_micro027.1/SM24_micro027.in
/lila/data/chodera/schrodinger/tmpdir/rustenburg/jag_SM24_micro009_SM24_micro027.1/jag_SM24_micro009_SM24_micro027.recover
/lila/data/chodera/schrodinger/tmpdir/rustenburg/jag_SM24_micro009_SM24_micro027.1/jag_SM24_micro009_SM24_micro027.log
/lila/data/chodera/schrodinger/tmpdir/rustenburg/jag_SM24_micro009_SM24_micro027.1/SM24_micro009.mae
/lila/data/chodera/schrodinger/tmpdir/rustenburg/jag_SM24_micro009_SM24_micro027.1/ls14-0-5af47d01.recover
/lila/data/chodera/schrodinger/tmpdir/rustenburg/jag_SM24_micro009_SM24_micro027.1/SM24_micro009.in
/lila/data/chodera/schrodinger/tmpdir/rustenburg/jag_SM24_micro009_SM24_micro027.1/ls14-0-5af47d01

=====================
 Jaguar pKa workflow
=====================

Analysing user-provided (prot, deprot) pair:
(SM24_micro009.in, SM24_micro027.in)
Found labile hydrogen 30 in SM24_micro009.in
Found labile hydrogen at atom 26 in SM24_micro027.in
Adding 'ipkat' keyword to input files.

Identifying pKa functional group for pair:
(SM24_micro009, SM24_micro027)

Executing subprocess:
/data/chodera/schrodinger/schrodinger2017-4-advanced/jaguar-v9.8/bin/Linux-x86_64/pka -i -j SM24_micro009.tmp.jres -n

Taking protonated structures from:
SM24_micro009.mae
Taking deprotonated structures from:
SM24_micro027.mae

This molecule from 'SM24_micro009.mae' in water was recognized as:

 # 	                  Shell                   
---	------------------------------------------
1: 	NR2 attached to heterocycle               
2: 	Protonation of sp3-like aliphatic nitrogen
3: 	Protonation of generic atom               


Executing conformational search...

Executing 2 distributed subjobs:
---------------------------------

No more than 8 cpu(s) will be used per subjob.
No more than 10 cpu(s) will be used simultaneously.

Processing the following subjobs:
(1) jaguar run csrch.py SM24_micro009.mae -jobname SM24_micro009 -max_conf 5 -erg_window 50.208 -acc_level 1 -TPP 5
(2) jaguar run csrch.py SM24_micro027.mae -jobname SM24_micro027 -max_conf 5 -erg_window 50.208 -acc_level 1 -TPP 5

Running subjobs on hosts:
  localhost (Max: 2)
Number of jobs:       2
Max retries per job:  3
Max allowed failures: unlimited
Run with -LOCAL:      False
Verbosity:            normal

Starting JobDJ...

Keep one job on driver host: False
JobDJ columns:
  C: Number of completed subjobs
  A: Number of active subjobs (e.g., submitted, running)
  W: Number of waiting/pending subjobs

C A W | Activity  JobId  JobName  JobHost
- - - | --------- -----------------------
0 1 1 | launched  ls14-0-5af47d09 SM24_micro009 localhost [ls14]
0 2 0 | launched  ls14-0-5af47d0b SM24_micro027 localhost [ls14]
1 1 0 | finished  ls14-0-5af47d09 SM24_micro009 localhost [ls14]
2 0 0 | finished  ls14-0-5af47d0b SM24_micro027 localhost [ls14]

All jobs have completed.

2 of 2 job(s) succeeded; 0 job(s) failed.

Timer (distribute subjobs) : 797.88 secs (0 hrs, 13 mins, 17 secs)

Setting up QM workflow for (protonated, deprotonated) pair:
(1) (SM24_micro009, SM24_micro027)

Executing Jaguar quantum-mechanical subjobs...

Executing 10 distributed subjobs:
----------------------------------

No more than 8 cpu(s) will be used per subjob.
No more than 10 cpu(s) will be used simultaneously.

Processing the following subjobs:
(1) jaguar run pka_prot.bat -jobname SM24_micro009_conf_1 SM24_micro009_conf_1.in
(2) jaguar run pka_prot.bat -jobname SM24_micro009_conf_2 SM24_micro009_conf_2.in
(3) jaguar run pka_prot.bat -jobname SM24_micro009_conf_3 SM24_micro009_conf_3.in
(4) jaguar run pka_prot.bat -jobname SM24_micro009_conf_4 SM24_micro009_conf_4.in
(5) jaguar run pka_prot.bat -jobname SM24_micro009_conf_5 SM24_micro009_conf_5.in
(6) jaguar run pka_deprot.bat -jobname SM24_micro027_conf_1 SM24_micro027_conf_1.in
(7) jaguar run pka_deprot.bat -jobname SM24_micro027_conf_2 SM24_micro027_conf_2.in
(8) jaguar run pka_deprot.bat -jobname SM24_micro027_conf_3 SM24_micro027_conf_3.in
(9) jaguar run pka_deprot.bat -jobname SM24_micro027_conf_4 SM24_micro027_conf_4.in
(10) jaguar run pka_deprot.bat -jobname SM24_micro027_conf_5 SM24_micro027_conf_5.in

Running subjobs on hosts:
  localhost (Max: 10)
Number of jobs:       10
Max retries per job:  3
Max allowed failures: unlimited
Run with -LOCAL:      False
Verbosity:            normal

Starting JobDJ...

Keep one job on driver host: False
JobDJ columns:
  C: Number of completed subjobs
  A: Number of active subjobs (e.g., submitted, running)
  W: Number of waiting/pending subjobs

 C  A  W | Activity  JobId  JobName  JobHost
-- -- -- | --------- -----------------------
 0  1  9 | launched  ls14-0-5af4802e SM24_micro009_conf_1 localhost [ls14]
 0  2  8 | launched  ls14-0-5af48030 SM24_micro009_conf_2 localhost [ls14]
 0  3  7 | launched  ls14-0-5af48033 SM24_micro009_conf_3 localhost [ls14]
 0  4  6 | launched  ls14-0-5af48035 SM24_micro009_conf_4 localhost [ls14]
 0  5  5 | launched  ls14-1-5af48037 SM24_micro009_conf_5 localhost [ls14]
 0  6  4 | launched  ls14-0-5af4803a SM24_micro027_conf_1 localhost [ls14]
 0  7  3 | launched  ls14-0-5af4803c SM24_micro027_conf_2 localhost [ls14]
 0  8  2 | launched  ls14-0-5af4803e SM24_micro027_conf_3 localhost [ls14]
 0  9  1 | launched  ls14-0-5af48040 SM24_micro027_conf_4 localhost [ls14]
 0 10  0 | launched  ls14-1-5af48042 SM24_micro027_conf_5 localhost [ls14]
 1  9  0 | finished  ls14-0-5af48040 SM24_micro027_conf_4 localhost [ls14]
 2  8  0 | finished  ls14-1-5af48037 SM24_micro009_conf_5 localhost [ls14]
 3  7  0 | finished  ls14-0-5af48035 SM24_micro009_conf_4 localhost [ls14]
 4  6  0 | finished  ls14-0-5af4802e SM24_micro009_conf_1 localhost [ls14]
 5  5  0 | finished  ls14-0-5af4803a SM24_micro027_conf_1 localhost [ls14]
 6  4  0 | finished  ls14-0-5af48033 SM24_micro009_conf_3 localhost [ls14]
 7  3  0 | finished  ls14-0-5af48030 SM24_micro009_conf_2 localhost [ls14]
 8  2  0 | finished  ls14-0-5af4803c SM24_micro027_conf_2 localhost [ls14]
 9  1  0 | finished  ls14-0-5af4803e SM24_micro027_conf_3 localhost [ls14]
10  0  0 | finished  ls14-1-5af48042 SM24_micro027_conf_5 localhost [ls14]

All jobs have completed.

10 of 10 job(s) succeeded; 0 job(s) failed.

Timer (distribute subjobs) : 15988.87 secs (4 hrs, 26 mins, 28 secs)

Processing QM output files...

Executing subprocess:
/data/chodera/schrodinger/schrodinger2017-4-advanced/jaguar results -energy SM24_micro009_conf_1.nrg_h.out

Executing subprocess:
/data/chodera/schrodinger/schrodinger2017-4-advanced/jaguar results -esolv SM24_micro009_conf_1.sol_h.out

Executing subprocess:
/data/chodera/schrodinger/schrodinger2017-4-advanced/jaguar results -energy SM24_micro009_conf_2.nrg_h.out

Executing subprocess:
/data/chodera/schrodinger/schrodinger2017-4-advanced/jaguar results -esolv SM24_micro009_conf_2.sol_h.out

Executing subprocess:
/data/chodera/schrodinger/schrodinger2017-4-advanced/jaguar results -energy SM24_micro009_conf_3.nrg_h.out

Executing subprocess:
/data/chodera/schrodinger/schrodinger2017-4-advanced/jaguar results -esolv SM24_micro009_conf_3.sol_h.out

Executing subprocess:
/data/chodera/schrodinger/schrodinger2017-4-advanced/jaguar results -energy SM24_micro009_conf_4.nrg_h.out

Executing subprocess:
/data/chodera/schrodinger/schrodinger2017-4-advanced/jaguar results -esolv SM24_micro009_conf_4.sol_h.out

Executing subprocess:
/data/chodera/schrodinger/schrodinger2017-4-advanced/jaguar results -energy SM24_micro009_conf_5.nrg_h.out

Executing subprocess:
/data/chodera/schrodinger/schrodinger2017-4-advanced/jaguar results -esolv SM24_micro009_conf_5.sol_h.out

Executing subprocess:
/data/chodera/schrodinger/schrodinger2017-4-advanced/jaguar results -energy SM24_micro027_conf_1.nrg.out

Executing subprocess:
/data/chodera/schrodinger/schrodinger2017-4-advanced/jaguar results -esolv SM24_micro027_conf_1.sol.out

Executing subprocess:
/data/chodera/schrodinger/schrodinger2017-4-advanced/jaguar results -energy SM24_micro027_conf_2.nrg.out

Executing subprocess:
/data/chodera/schrodinger/schrodinger2017-4-advanced/jaguar results -esolv SM24_micro027_conf_2.sol.out

Executing subprocess:
/data/chodera/schrodinger/schrodinger2017-4-advanced/jaguar results -energy SM24_micro027_conf_3.nrg.out

Executing subprocess:
/data/chodera/schrodinger/schrodinger2017-4-advanced/jaguar results -esolv SM24_micro027_conf_3.sol.out

Executing subprocess:
/data/chodera/schrodinger/schrodinger2017-4-advanced/jaguar results -energy SM24_micro027_conf_4.nrg.out

Executing subprocess:
/data/chodera/schrodinger/schrodinger2017-4-advanced/jaguar results -esolv SM24_micro027_conf_4.sol.out

Executing subprocess:
/data/chodera/schrodinger/schrodinger2017-4-advanced/jaguar results -energy SM24_micro027_conf_5.nrg.out

Executing subprocess:
/data/chodera/schrodinger/schrodinger2017-4-advanced/jaguar results -esolv SM24_micro027_conf_5.sol.out

Executing subprocess:
/data/chodera/schrodinger/schrodinger2017-4-advanced/jaguar-v9.8/bin/Linux-x86_64/pka -o SM24_micro009_deprot-out.mae -j SM24_micro009.jres -n -d

Executing subprocess:
/data/chodera/schrodinger/schrodinger2017-4-advanced/jaguar-v9.8/bin/Linux-x86_64/pka -o SM24_micro009_prot-out.mae -j SM24_micro009.jres -n

pKa calculation for SM24_micro009 completed.

pKa workflow jag_SM24_micro009_SM24_micro027 completed.

Timer (Jaguar pKa) : 16866.83 secs (4 hrs, 41 mins, 06 secs)
Timer (jaguar_backend.py) : 16866.83 secs (4 hrs, 41 mins, 06 secs)
Finished:   Thu May 10 17:51:35 2018
