Command:    jaguar run pka.py -jobname jag_SM24_micro005_SM24_micro024 -PARALLEL 10 -WAIT -n -csrch -prot SM24_micro005.in -deprot SM24_micro024.in
Release:    2017-4
Exec:       /data/chodera/schrodinger/schrodinger2017-4-advanced/jaguar-v9.8/bin/Linux-x86_64
Host:       lt21
JobId:      lt21-1-5af47913
JobDir:     /lila/data/chodera/schrodinger/tmpdir/rustenburg/jag_SM24_micro005_SM24_micro024.1
Date:       Thu May 10 12:53:41 2018

Contents of /lila/data/chodera/schrodinger/tmpdir/rustenburg/jag_SM24_micro005_SM24_micro024.1:
/lila/data/chodera/schrodinger/tmpdir/rustenburg/jag_SM24_micro005_SM24_micro024.1/lt21-1-5af47913
/lila/data/chodera/schrodinger/tmpdir/rustenburg/jag_SM24_micro005_SM24_micro024.1/SM24_micro005.in
/lila/data/chodera/schrodinger/tmpdir/rustenburg/jag_SM24_micro005_SM24_micro024.1/jag_SM24_micro005_SM24_micro024.log
/lila/data/chodera/schrodinger/tmpdir/rustenburg/jag_SM24_micro005_SM24_micro024.1/SM24_micro005.mae
/lila/data/chodera/schrodinger/tmpdir/rustenburg/jag_SM24_micro005_SM24_micro024.1/lt21-1-5af47913.recover
/lila/data/chodera/schrodinger/tmpdir/rustenburg/jag_SM24_micro005_SM24_micro024.1/SM24_micro024.in
/lila/data/chodera/schrodinger/tmpdir/rustenburg/jag_SM24_micro005_SM24_micro024.1/lt21-1-5af47913.mpinodes
/lila/data/chodera/schrodinger/tmpdir/rustenburg/jag_SM24_micro005_SM24_micro024.1/SM24_micro024.mae
/lila/data/chodera/schrodinger/tmpdir/rustenburg/jag_SM24_micro005_SM24_micro024.1/jag_SM24_micro005_SM24_micro024.recover

=====================
 Jaguar pKa workflow
=====================

Analysing user-provided (prot, deprot) pair:
(SM24_micro005.in, SM24_micro024.in)
Found labile hydrogen 30 in SM24_micro005.in
Found labile hydrogen at atom 22 in SM24_micro024.in
Adding 'ipkat' keyword to input files.

Identifying pKa functional group for pair:
(SM24_micro005, SM24_micro024)

Executing subprocess:
/data/chodera/schrodinger/schrodinger2017-4-advanced/jaguar-v9.8/bin/Linux-x86_64/pka -i -j SM24_micro005.tmp.jres -n

Taking protonated structures from:
SM24_micro005.mae
Taking deprotonated structures from:
SM24_micro024.mae

This molecule from 'SM24_micro005.mae' in water was recognized as:

 # 	           Shell           
---	---------------------------
1: 	Protonation of generic atom


Executing conformational search...

Executing 2 distributed subjobs:
---------------------------------

No more than 8 cpu(s) will be used per subjob.
No more than 10 cpu(s) will be used simultaneously.

Processing the following subjobs:
(1) jaguar run csrch.py SM24_micro005.mae -jobname SM24_micro005 -max_conf 5 -erg_window 50.208 -acc_level 1 -TPP 5
(2) jaguar run csrch.py SM24_micro024.mae -jobname SM24_micro024 -max_conf 5 -erg_window 50.208 -acc_level 1 -TPP 5

Running subjobs on hosts:
  localhost (Max: 2)
Number of jobs:       2
Max retries per job:  3
Max allowed failures: unlimited
Run with -LOCAL:      False
Verbosity:            normal

Starting JobDJ...

Keep one job on driver host: False
JobDJ columns:
  C: Number of completed subjobs
  A: Number of active subjobs (e.g., submitted, running)
  W: Number of waiting/pending subjobs

C A W | Activity  JobId  JobName  JobHost
- - - | --------- -----------------------
0 1 1 | launched  lt21-0-5af4791b SM24_micro005 localhost [lt21]
0 2 0 | launched  lt21-0-5af4791d SM24_micro024 localhost [lt21]
1 1 0 | finished  lt21-0-5af4791d SM24_micro024 localhost [lt21]
2 0 0 | finished  lt21-0-5af4791b SM24_micro005 localhost [lt21]

All jobs have completed.

2 of 2 job(s) succeeded; 0 job(s) failed.

Timer (distribute subjobs) : 975.51 secs (0 hrs, 16 mins, 15 secs)

Setting up QM workflow for (protonated, deprotonated) pair:
(1) (SM24_micro005, SM24_micro024)

Executing Jaguar quantum-mechanical subjobs...

Executing 10 distributed subjobs:
----------------------------------

No more than 8 cpu(s) will be used per subjob.
No more than 10 cpu(s) will be used simultaneously.

Processing the following subjobs:
(1) jaguar run pka_prot.bat -jobname SM24_micro005_conf_1 SM24_micro005_conf_1.in
(2) jaguar run pka_prot.bat -jobname SM24_micro005_conf_2 SM24_micro005_conf_2.in
(3) jaguar run pka_prot.bat -jobname SM24_micro005_conf_3 SM24_micro005_conf_3.in
(4) jaguar run pka_prot.bat -jobname SM24_micro005_conf_4 SM24_micro005_conf_4.in
(5) jaguar run pka_prot.bat -jobname SM24_micro005_conf_5 SM24_micro005_conf_5.in
(6) jaguar run pka_deprot.bat -jobname SM24_micro024_conf_1 SM24_micro024_conf_1.in
(7) jaguar run pka_deprot.bat -jobname SM24_micro024_conf_2 SM24_micro024_conf_2.in
(8) jaguar run pka_deprot.bat -jobname SM24_micro024_conf_3 SM24_micro024_conf_3.in
(9) jaguar run pka_deprot.bat -jobname SM24_micro024_conf_4 SM24_micro024_conf_4.in
(10) jaguar run pka_deprot.bat -jobname SM24_micro024_conf_5 SM24_micro024_conf_5.in

Running subjobs on hosts:
  localhost (Max: 10)
Number of jobs:       10
Max retries per job:  3
Max allowed failures: unlimited
Run with -LOCAL:      False
Verbosity:            normal

Starting JobDJ...

Keep one job on driver host: False
JobDJ columns:
  C: Number of completed subjobs
  A: Number of active subjobs (e.g., submitted, running)
  W: Number of waiting/pending subjobs

 C  A  W | Activity  JobId  JobName  JobHost
-- -- -- | --------- -----------------------
 0  1  9 | launched  lt21-0-5af47cef SM24_micro005_conf_1 localhost [lt21]
 0  2  8 | launched  lt21-0-5af47cf1 SM24_micro005_conf_2 localhost [lt21]
 0  3  7 | launched  lt21-0-5af47cf4 SM24_micro005_conf_3 localhost [lt21]
 0  4  6 | launched  lt21-1-5af47cf6 SM24_micro005_conf_4 localhost [lt21]
 0  5  5 | launched  lt21-1-5af47cf8 SM24_micro005_conf_5 localhost [lt21]
 0  6  4 | launched  lt21-0-5af47cfb SM24_micro024_conf_1 localhost [lt21]
 0  7  3 | launched  lt21-0-5af47cfd SM24_micro024_conf_2 localhost [lt21]
 0  8  2 | launched  lt21-1-5af47cff SM24_micro024_conf_3 localhost [lt21]
 0  9  1 | launched  lt21-0-5af47d02 SM24_micro024_conf_4 localhost [lt21]
 0 10  0 | launched  lt21-0-5af47d04 SM24_micro024_conf_5 localhost [lt21]
 1  9  0 | finished  lt21-1-5af47cf8 SM24_micro005_conf_5 localhost [lt21]
 2  8  0 | finished  lt21-0-5af47cf4 SM24_micro005_conf_3 localhost [lt21]
 3  7  0 | finished  lt21-0-5af47cf1 SM24_micro005_conf_2 localhost [lt21]
 4  6  0 | finished  lt21-1-5af47cf6 SM24_micro005_conf_4 localhost [lt21]
 5  5  0 | finished  lt21-0-5af47cef SM24_micro005_conf_1 localhost [lt21]
 6  4  0 | finished  lt21-0-5af47cfb SM24_micro024_conf_1 localhost [lt21]
 7  3  0 | finished  lt21-0-5af47d04 SM24_micro024_conf_5 localhost [lt21]
 8  2  0 | finished  lt21-1-5af47cff SM24_micro024_conf_3 localhost [lt21]
 9  1  0 | finished  lt21-0-5af47d02 SM24_micro024_conf_4 localhost [lt21]
10  0  0 | finished  lt21-0-5af47cfd SM24_micro024_conf_2 localhost [lt21]

All jobs have completed.

10 of 10 job(s) succeeded; 0 job(s) failed.

Timer (distribute subjobs) : 15597.59 secs (4 hrs, 19 mins, 57 secs)

Processing QM output files...

Executing subprocess:
/data/chodera/schrodinger/schrodinger2017-4-advanced/jaguar results -energy SM24_micro005_conf_1.nrg_h.out

Executing subprocess:
/data/chodera/schrodinger/schrodinger2017-4-advanced/jaguar results -esolv SM24_micro005_conf_1.sol_h.out

Executing subprocess:
/data/chodera/schrodinger/schrodinger2017-4-advanced/jaguar results -energy SM24_micro005_conf_2.nrg_h.out

Executing subprocess:
/data/chodera/schrodinger/schrodinger2017-4-advanced/jaguar results -esolv SM24_micro005_conf_2.sol_h.out

Executing subprocess:
/data/chodera/schrodinger/schrodinger2017-4-advanced/jaguar results -energy SM24_micro005_conf_3.nrg_h.out

Executing subprocess:
/data/chodera/schrodinger/schrodinger2017-4-advanced/jaguar results -esolv SM24_micro005_conf_3.sol_h.out

Executing subprocess:
/data/chodera/schrodinger/schrodinger2017-4-advanced/jaguar results -energy SM24_micro005_conf_4.nrg_h.out

Executing subprocess:
/data/chodera/schrodinger/schrodinger2017-4-advanced/jaguar results -esolv SM24_micro005_conf_4.sol_h.out

Executing subprocess:
/data/chodera/schrodinger/schrodinger2017-4-advanced/jaguar results -energy SM24_micro005_conf_5.nrg_h.out

Executing subprocess:
/data/chodera/schrodinger/schrodinger2017-4-advanced/jaguar results -esolv SM24_micro005_conf_5.sol_h.out

Executing subprocess:
/data/chodera/schrodinger/schrodinger2017-4-advanced/jaguar results -energy SM24_micro024_conf_1.nrg.out

Executing subprocess:
/data/chodera/schrodinger/schrodinger2017-4-advanced/jaguar results -esolv SM24_micro024_conf_1.sol.out

Executing subprocess:
/data/chodera/schrodinger/schrodinger2017-4-advanced/jaguar results -energy SM24_micro024_conf_2.nrg.out

Executing subprocess:
/data/chodera/schrodinger/schrodinger2017-4-advanced/jaguar results -esolv SM24_micro024_conf_2.sol.out

Executing subprocess:
/data/chodera/schrodinger/schrodinger2017-4-advanced/jaguar results -energy SM24_micro024_conf_3.nrg.out

Executing subprocess:
/data/chodera/schrodinger/schrodinger2017-4-advanced/jaguar results -esolv SM24_micro024_conf_3.sol.out

Executing subprocess:
/data/chodera/schrodinger/schrodinger2017-4-advanced/jaguar results -energy SM24_micro024_conf_4.nrg.out

Executing subprocess:
/data/chodera/schrodinger/schrodinger2017-4-advanced/jaguar results -esolv SM24_micro024_conf_4.sol.out

Executing subprocess:
/data/chodera/schrodinger/schrodinger2017-4-advanced/jaguar results -energy SM24_micro024_conf_5.nrg.out

Executing subprocess:
/data/chodera/schrodinger/schrodinger2017-4-advanced/jaguar results -esolv SM24_micro024_conf_5.sol.out

Executing subprocess:
/data/chodera/schrodinger/schrodinger2017-4-advanced/jaguar-v9.8/bin/Linux-x86_64/pka -o SM24_micro005_deprot-out.mae -j SM24_micro005.jres -n -d

Executing subprocess:
/data/chodera/schrodinger/schrodinger2017-4-advanced/jaguar-v9.8/bin/Linux-x86_64/pka -o SM24_micro005_prot-out.mae -j SM24_micro005.jres -n

pKa calculation for SM24_micro005 completed.

pKa workflow jag_SM24_micro005_SM24_micro024 completed.

Timer (Jaguar pKa) : 16633.89 secs (4 hrs, 37 mins, 13 secs)
Timer (jaguar_backend.py) : 16633.89 secs (4 hrs, 37 mins, 13 secs)
Finished:   Thu May 10 17:30:55 2018
