Taking protonated structures from:
SM13_micro014_conf_1.dft_h.01.mae
SM13_micro014_conf_2.dft_h.01.mae
SM13_micro014_conf_3.dft_h.01.mae
SM13_micro014_conf_4.dft_h.01.mae
SM13_micro014_conf_5.dft_h.01.mae
Taking deprotonated structures from:
SM13_micro008_conf_1.dft.01.mae
SM13_micro008_conf_2.dft.01.mae
SM13_micro008_conf_3.dft.01.mae
SM13_micro008_conf_4.dft.01.mae
SM13_micro008_conf_5.dft.01.mae

Corrected results for 'protonated' structure in water:
pKa atom: 25

 # 	           Shell           	 pKa 	RMSD	 Contribution
---	---------------------------	-----	-----	--------------
1: 	pyrimidine                 	-2.89	0.242	    51.95%
2: 	heterocycle custom 1       	-5.83	0.617	    25.18%
3: 	heterocycle                	-5.21	0.837	    19.20%
4: 	Protonation of generic atom	-2.67	2.264	     3.68%

 Final weighted pKa value is -4.06



