Command:    jaguar run pka.py -jobname jag_SM23_micro038_SM23_micro025 -PARALLEL 10 -WAIT -n -csrch -prot SM23_micro038.in -deprot SM23_micro025.in
Release:    2017-4
Exec:       /data/chodera/schrodinger/schrodinger2017-4-advanced/jaguar-v9.8/bin/Linux-x86_64
Host:       ls10
JobId:      ls10-0-5af5cfe4
JobDir:     /lila/data/chodera/schrodinger/tmpdir/rustenburg/jag_SM23_micro038_SM23_micro025.1
Date:       Fri May 11 13:16:22 2018

Contents of /lila/data/chodera/schrodinger/tmpdir/rustenburg/jag_SM23_micro038_SM23_micro025.1:
/lila/data/chodera/schrodinger/tmpdir/rustenburg/jag_SM23_micro038_SM23_micro025.1/ls10-0-5af5cfe4.mpinodes
/lila/data/chodera/schrodinger/tmpdir/rustenburg/jag_SM23_micro038_SM23_micro025.1/ls10-0-5af5cfe4
/lila/data/chodera/schrodinger/tmpdir/rustenburg/jag_SM23_micro038_SM23_micro025.1/jag_SM23_micro038_SM23_micro025.log
/lila/data/chodera/schrodinger/tmpdir/rustenburg/jag_SM23_micro038_SM23_micro025.1/SM23_micro025.in
/lila/data/chodera/schrodinger/tmpdir/rustenburg/jag_SM23_micro038_SM23_micro025.1/jag_SM23_micro038_SM23_micro025.recover
/lila/data/chodera/schrodinger/tmpdir/rustenburg/jag_SM23_micro038_SM23_micro025.1/SM23_micro038.mae
/lila/data/chodera/schrodinger/tmpdir/rustenburg/jag_SM23_micro038_SM23_micro025.1/SM23_micro038.in
/lila/data/chodera/schrodinger/tmpdir/rustenburg/jag_SM23_micro038_SM23_micro025.1/SM23_micro025.mae
/lila/data/chodera/schrodinger/tmpdir/rustenburg/jag_SM23_micro038_SM23_micro025.1/ls10-0-5af5cfe4.recover

=====================
 Jaguar pKa workflow
=====================

Analysing user-provided (prot, deprot) pair:
(SM23_micro038.in, SM23_micro025.in)
Found labile hydrogen 32 in SM23_micro038.in
Found labile hydrogen at atom 17 in SM23_micro025.in
Adding 'ipkat' keyword to input files.

Identifying pKa functional group for pair:
(SM23_micro038, SM23_micro025)

Executing subprocess:
/data/chodera/schrodinger/schrodinger2017-4-advanced/jaguar-v9.8/bin/Linux-x86_64/pka -i -j SM23_micro038.tmp.jres -n

Taking protonated structures from:
SM23_micro038.mae
Taking deprotonated structures from:
SM23_micro025.mae

This molecule from 'SM23_micro038.mae' in water was recognized as:

 # 	           Shell           
---	---------------------------
1: 	Protonation of generic atom


Executing conformational search...

Executing 2 distributed subjobs:
---------------------------------

No more than 8 cpu(s) will be used per subjob.
No more than 10 cpu(s) will be used simultaneously.

Processing the following subjobs:
(1) jaguar run csrch.py SM23_micro038.mae -jobname SM23_micro038 -max_conf 5 -erg_window 50.208 -acc_level 1 -TPP 5
(2) jaguar run csrch.py SM23_micro025.mae -jobname SM23_micro025 -max_conf 5 -erg_window 50.208 -acc_level 1 -TPP 5

Running subjobs on hosts:
  localhost (Max: 2)
Number of jobs:       2
Max retries per job:  3
Max allowed failures: unlimited
Run with -LOCAL:      False
Verbosity:            normal

Starting JobDJ...

Keep one job on driver host: False
JobDJ columns:
  C: Number of completed subjobs
  A: Number of active subjobs (e.g., submitted, running)
  W: Number of waiting/pending subjobs

C A W | Activity  JobId  JobName  JobHost
- - - | --------- -----------------------
0 1 1 | launched  ls10-0-5af5cfec SM23_micro038 localhost [ls10]
0 2 0 | launched  ls10-0-5af5cfee SM23_micro025 localhost [ls10]
1 1 0 | finished  ls10-0-5af5cfec SM23_micro038 localhost [ls10]
2 0 0 | finished  ls10-0-5af5cfee SM23_micro025 localhost [ls10]

All jobs have completed.

2 of 2 job(s) succeeded; 0 job(s) failed.

Timer (distribute subjobs) : 1273.81 secs (0 hrs, 21 mins, 13 secs)

Setting up QM workflow for (protonated, deprotonated) pair:
(1) (SM23_micro038, SM23_micro025)

Executing Jaguar quantum-mechanical subjobs...

Executing 10 distributed subjobs:
----------------------------------

No more than 8 cpu(s) will be used per subjob.
No more than 10 cpu(s) will be used simultaneously.

Processing the following subjobs:
(1) jaguar run pka_prot.bat -jobname SM23_micro038_conf_1 SM23_micro038_conf_1.in
(2) jaguar run pka_prot.bat -jobname SM23_micro038_conf_2 SM23_micro038_conf_2.in
(3) jaguar run pka_prot.bat -jobname SM23_micro038_conf_3 SM23_micro038_conf_3.in
(4) jaguar run pka_prot.bat -jobname SM23_micro038_conf_4 SM23_micro038_conf_4.in
(5) jaguar run pka_prot.bat -jobname SM23_micro038_conf_5 SM23_micro038_conf_5.in
(6) jaguar run pka_deprot.bat -jobname SM23_micro025_conf_1 SM23_micro025_conf_1.in
(7) jaguar run pka_deprot.bat -jobname SM23_micro025_conf_2 SM23_micro025_conf_2.in
(8) jaguar run pka_deprot.bat -jobname SM23_micro025_conf_3 SM23_micro025_conf_3.in
(9) jaguar run pka_deprot.bat -jobname SM23_micro025_conf_4 SM23_micro025_conf_4.in
(10) jaguar run pka_deprot.bat -jobname SM23_micro025_conf_5 SM23_micro025_conf_5.in

Running subjobs on hosts:
  localhost (Max: 10)
Number of jobs:       10
Max retries per job:  3
Max allowed failures: unlimited
Run with -LOCAL:      False
Verbosity:            normal

Starting JobDJ...

Keep one job on driver host: False
JobDJ columns:
  C: Number of completed subjobs
  A: Number of active subjobs (e.g., submitted, running)
  W: Number of waiting/pending subjobs

 C  A  W | Activity  JobId  JobName  JobHost
-- -- -- | --------- -----------------------
 0  1  9 | launched  ls10-0-5af5d4ee SM23_micro038_conf_1 localhost [ls10]
 0  2  8 | launched  ls10-0-5af5d4f1 SM23_micro038_conf_2 localhost [ls10]
 0  3  7 | launched  ls10-1-5af5d4f3 SM23_micro038_conf_3 localhost [ls10]
 0  4  6 | launched  ls10-1-5af5d4f5 SM23_micro038_conf_4 localhost [ls10]
 0  5  5 | launched  ls10-0-5af5d4f8 SM23_micro038_conf_5 localhost [ls10]
 0  6  4 | launched  ls10-0-5af5d4fa SM23_micro025_conf_1 localhost [ls10]
 0  7  3 | launched  ls10-1-5af5d4fc SM23_micro025_conf_2 localhost [ls10]
 0  8  2 | launched  ls10-0-5af5d4ff SM23_micro025_conf_3 localhost [ls10]
 0  9  1 | launched  ls10-1-5af5d501 SM23_micro025_conf_4 localhost [ls10]
 0 10  0 | launched  ls10-0-5af5d504 SM23_micro025_conf_5 localhost [ls10]
 1  9  0 | finished  ls10-1-5af5d4fc SM23_micro025_conf_2 localhost [ls10]
 2  8  0 | finished  ls10-1-5af5d4f5 SM23_micro038_conf_4 localhost [ls10]
 3  7  0 | finished  ls10-1-5af5d4f3 SM23_micro038_conf_3 localhost [ls10]
 4  6  0 | finished  ls10-0-5af5d4f8 SM23_micro038_conf_5 localhost [ls10]
 5  5  0 | finished  ls10-0-5af5d4fa SM23_micro025_conf_1 localhost [ls10]
 6  4  0 | finished  ls10-0-5af5d4ee SM23_micro038_conf_1 localhost [ls10]
 7  3  0 | finished  ls10-0-5af5d4f1 SM23_micro038_conf_2 localhost [ls10]
 8  2  0 | finished  ls10-0-5af5d504 SM23_micro025_conf_5 localhost [ls10]
 9  1  0 | finished  ls10-0-5af5d4ff SM23_micro025_conf_3 localhost [ls10]
10  0  0 | finished  ls10-1-5af5d501 SM23_micro025_conf_4 localhost [ls10]

All jobs have completed.

10 of 10 job(s) succeeded; 0 job(s) failed.

Timer (distribute subjobs) : 18056.58 secs (5 hrs, 00 mins, 56 secs)

Processing QM output files...

Executing subprocess:
/data/chodera/schrodinger/schrodinger2017-4-advanced/jaguar results -energy SM23_micro038_conf_1.nrg_h.out

Executing subprocess:
/data/chodera/schrodinger/schrodinger2017-4-advanced/jaguar results -esolv SM23_micro038_conf_1.sol_h.out

Executing subprocess:
/data/chodera/schrodinger/schrodinger2017-4-advanced/jaguar results -energy SM23_micro038_conf_2.nrg_h.out

Executing subprocess:
/data/chodera/schrodinger/schrodinger2017-4-advanced/jaguar results -esolv SM23_micro038_conf_2.sol_h.out

Executing subprocess:
/data/chodera/schrodinger/schrodinger2017-4-advanced/jaguar results -energy SM23_micro038_conf_3.nrg_h.out

Executing subprocess:
/data/chodera/schrodinger/schrodinger2017-4-advanced/jaguar results -esolv SM23_micro038_conf_3.sol_h.out

Executing subprocess:
/data/chodera/schrodinger/schrodinger2017-4-advanced/jaguar results -energy SM23_micro038_conf_4.nrg_h.out

Executing subprocess:
/data/chodera/schrodinger/schrodinger2017-4-advanced/jaguar results -esolv SM23_micro038_conf_4.sol_h.out

Executing subprocess:
/data/chodera/schrodinger/schrodinger2017-4-advanced/jaguar results -energy SM23_micro038_conf_5.nrg_h.out

Executing subprocess:
/data/chodera/schrodinger/schrodinger2017-4-advanced/jaguar results -esolv SM23_micro038_conf_5.sol_h.out

Executing subprocess:
/data/chodera/schrodinger/schrodinger2017-4-advanced/jaguar results -energy SM23_micro025_conf_1.nrg.out

Executing subprocess:
/data/chodera/schrodinger/schrodinger2017-4-advanced/jaguar results -esolv SM23_micro025_conf_1.sol.out

Executing subprocess:
/data/chodera/schrodinger/schrodinger2017-4-advanced/jaguar results -energy SM23_micro025_conf_2.nrg.out

Executing subprocess:
/data/chodera/schrodinger/schrodinger2017-4-advanced/jaguar results -esolv SM23_micro025_conf_2.sol.out

Executing subprocess:
/data/chodera/schrodinger/schrodinger2017-4-advanced/jaguar results -energy SM23_micro025_conf_3.nrg.out

Executing subprocess:
/data/chodera/schrodinger/schrodinger2017-4-advanced/jaguar results -esolv SM23_micro025_conf_3.sol.out

Executing subprocess:
/data/chodera/schrodinger/schrodinger2017-4-advanced/jaguar results -energy SM23_micro025_conf_4.nrg.out

Executing subprocess:
/data/chodera/schrodinger/schrodinger2017-4-advanced/jaguar results -esolv SM23_micro025_conf_4.sol.out

Executing subprocess:
/data/chodera/schrodinger/schrodinger2017-4-advanced/jaguar results -energy SM23_micro025_conf_5.nrg.out

Executing subprocess:
/data/chodera/schrodinger/schrodinger2017-4-advanced/jaguar results -esolv SM23_micro025_conf_5.sol.out

Executing subprocess:
/data/chodera/schrodinger/schrodinger2017-4-advanced/jaguar-v9.8/bin/Linux-x86_64/pka -o SM23_micro038_deprot-out.mae -j SM23_micro038.jres -n -d

Executing subprocess:
/data/chodera/schrodinger/schrodinger2017-4-advanced/jaguar-v9.8/bin/Linux-x86_64/pka -o SM23_micro038_prot-out.mae -j SM23_micro038.jres -n

pKa calculation for SM23_micro038 completed.

pKa workflow jag_SM23_micro038_SM23_micro025 completed.

Timer (Jaguar pKa) : 19391.06 secs (5 hrs, 23 mins, 11 secs)
Timer (jaguar_backend.py) : 19391.06 secs (5 hrs, 23 mins, 11 secs)
Finished:   Fri May 11 18:39:33 2018
