Command:    jaguar run pka.py -jobname jag_SM04_micro014_SM04_micro002 -PARALLEL 10 -n -csrch -prot SM04_micro014.in -deprot SM04_micro002.in
Release:    2017-4
Exec:       /data/chodera/schrodinger/schrodinger2017-4-advanced/jaguar-v9.8/bin/Linux-x86_64
Host:       ls10
JobId:      lilac-0-5aec6fea
JobDir:     /lila/data/chodera/schrodinger/tmpdir/rustenburg/jag_SM04_micro014_SM04_micro002
Date:       Fri May  4 10:36:31 2018

Contents of /lila/data/chodera/schrodinger/tmpdir/rustenburg/jag_SM04_micro014_SM04_micro002:
/lila/data/chodera/schrodinger/tmpdir/rustenburg/jag_SM04_micro014_SM04_micro002/SM04_micro014.mae
/lila/data/chodera/schrodinger/tmpdir/rustenburg/jag_SM04_micro014_SM04_micro002/lilac-0-5aec6fea.hosts
/lila/data/chodera/schrodinger/tmpdir/rustenburg/jag_SM04_micro014_SM04_micro002/lilac-0-5aec6fea.recover
/lila/data/chodera/schrodinger/tmpdir/rustenburg/jag_SM04_micro014_SM04_micro002/lilac-0-5aec6fea.jlog
/lila/data/chodera/schrodinger/tmpdir/rustenburg/jag_SM04_micro014_SM04_micro002/lilac-0-5aec6fea
/lila/data/chodera/schrodinger/tmpdir/rustenburg/jag_SM04_micro014_SM04_micro002/jag_SM04_micro014_SM04_micro002.log
/lila/data/chodera/schrodinger/tmpdir/rustenburg/jag_SM04_micro014_SM04_micro002/lilac-0-5aec6fea.mpinodes
/lila/data/chodera/schrodinger/tmpdir/rustenburg/jag_SM04_micro014_SM04_micro002/lilac-0-5aec6fea.nodes
/lila/data/chodera/schrodinger/tmpdir/rustenburg/jag_SM04_micro014_SM04_micro002/jag_SM04_micro014_SM04_micro002.recover
/lila/data/chodera/schrodinger/tmpdir/rustenburg/jag_SM04_micro014_SM04_micro002/SM04_micro002.mae
/lila/data/chodera/schrodinger/tmpdir/rustenburg/jag_SM04_micro014_SM04_micro002/SM04_micro014.in
/lila/data/chodera/schrodinger/tmpdir/rustenburg/jag_SM04_micro014_SM04_micro002/SM04_micro002.in

=====================
 Jaguar pKa workflow
=====================

Analysing user-provided (prot, deprot) pair:
(SM04_micro014.in, SM04_micro002.in)
Found labile hydrogen 20 in SM04_micro014.in
Found labile hydrogen at atom 8 in SM04_micro002.in
Adding 'ipkat' keyword to input files.

Identifying pKa functional group for pair:
(SM04_micro014, SM04_micro002)

Executing subprocess:
/data/chodera/schrodinger/schrodinger2017-4-advanced/jaguar-v9.8/bin/Linux-x86_64/pka -i -j SM04_micro014.tmp.jres -n

Taking protonated structures from:
SM04_micro014.mae
Taking deprotonated structures from:
SM04_micro002.mae

This molecule from 'SM04_micro014.mae' in water was recognized as:

 # 	           Shell           
---	---------------------------
1: 	heterocycle custom 1       
2: 	heterocycle                
3: 	Protonation of generic atom


Executing conformational search...

Executing 2 distributed subjobs:
---------------------------------

No more than 8 cpu(s) will be used per subjob.
No more than 10 cpu(s) will be used simultaneously.

Processing the following subjobs:
(1) jaguar run csrch.py SM04_micro014.mae -jobname SM04_micro014 -max_conf 5 -erg_window 50.208 -acc_level 1 -TPP 5
(2) jaguar run csrch.py SM04_micro002.mae -jobname SM04_micro002 -max_conf 5 -erg_window 50.208 -acc_level 1 -TPP 5

Running subjobs on hosts:
  lsf-cpu (Max: 2)
Number of jobs:       2
Max retries per job:  3
Max allowed failures: unlimited
Run with -LOCAL:      False
Verbosity:            normal

Starting JobDJ...

Keep one job on driver host: False
JobDJ columns:
  C: Number of completed subjobs
  A: Number of active subjobs (e.g., submitted, running)
  W: Number of waiting/pending subjobs

C A W | Activity  JobId  JobName  JobHost
- - - | --------- -----------------------
0 1 1 | launched  ls10-1-5aec6ff7 SM04_micro014 lsf-cpu
0 2 0 | launched  ls10-1-5aec6ffc SM04_micro002 lsf-cpu
1 1 0 | finished  ls10-1-5aec6ff7 SM04_micro014 lsf-cpu
2 0 0 | finished  ls10-1-5aec6ffc SM04_micro002 lsf-cpu

All jobs have completed.

2 of 2 job(s) succeeded; 0 job(s) failed.

Timer (distribute subjobs) : 502.27 secs (0 hrs, 08 mins, 22 secs)

Setting up QM workflow for (protonated, deprotonated) pair:
(1) (SM04_micro014, SM04_micro002)

Executing Jaguar quantum-mechanical subjobs...

Executing 10 distributed subjobs:
----------------------------------

No more than 8 cpu(s) will be used per subjob.
No more than 10 cpu(s) will be used simultaneously.

Processing the following subjobs:
(1) jaguar run pka_prot.bat -jobname SM04_micro014_conf_1 SM04_micro014_conf_1.in
(2) jaguar run pka_prot.bat -jobname SM04_micro014_conf_2 SM04_micro014_conf_2.in
(3) jaguar run pka_prot.bat -jobname SM04_micro014_conf_3 SM04_micro014_conf_3.in
(4) jaguar run pka_prot.bat -jobname SM04_micro014_conf_4 SM04_micro014_conf_4.in
(5) jaguar run pka_prot.bat -jobname SM04_micro014_conf_5 SM04_micro014_conf_5.in
(6) jaguar run pka_deprot.bat -jobname SM04_micro002_conf_1 SM04_micro002_conf_1.in
(7) jaguar run pka_deprot.bat -jobname SM04_micro002_conf_2 SM04_micro002_conf_2.in
(8) jaguar run pka_deprot.bat -jobname SM04_micro002_conf_3 SM04_micro002_conf_3.in
(9) jaguar run pka_deprot.bat -jobname SM04_micro002_conf_4 SM04_micro002_conf_4.in
(10) jaguar run pka_deprot.bat -jobname SM04_micro002_conf_5 SM04_micro002_conf_5.in

Running subjobs on hosts:
  lsf-cpu (Max: 10)
Number of jobs:       10
Max retries per job:  3
Max allowed failures: unlimited
Run with -LOCAL:      False
Verbosity:            normal

Starting JobDJ...

Keep one job on driver host: True
JobDJ columns:
  C: Number of completed subjobs
  A: Number of active subjobs (e.g., submitted, running)
  W: Number of waiting/pending subjobs

 C  A  W | Activity  JobId  JobName  JobHost
-- -- -- | --------- -----------------------
 0  1  9 | launched  ls10-0-5aec71ec SM04_micro014_conf_1 localhost [ls10]
 0  2  8 | launched  ls10-0-5aec71f0 SM04_micro014_conf_2 lsf-cpu
 0  3  7 | launched  ls10-1-5aec71f4 SM04_micro014_conf_3 lsf-cpu
 0  4  6 | launched  ls10-1-5aec71f7 SM04_micro014_conf_4 lsf-cpu
 0  5  5 | launched  ls10-0-5aec71fb SM04_micro014_conf_5 lsf-cpu
 0  6  4 | launched  ls10-0-5aec7200 SM04_micro002_conf_1 lsf-cpu
 0  7  3 | launched  ls10-0-5aec7205 SM04_micro002_conf_2 lsf-cpu
 0  8  2 | launched  ls10-0-5aec720a SM04_micro002_conf_3 lsf-cpu
 0  9  1 | launched  ls10-0-5aec7210 SM04_micro002_conf_4 lsf-cpu
 0 10  0 | launched  ls10-0-5aec7215 SM04_micro002_conf_5 lsf-cpu
 1  9  0 | finished  ls10-1-5aec71f7 SM04_micro014_conf_4 lsf-cpu [lt02]
 2  8  0 | finished  ls10-0-5aec720a SM04_micro002_conf_3 lsf-cpu [lt05]
 3  7  0 | finished  ls10-0-5aec71f0 SM04_micro014_conf_2 lsf-cpu [lt01]
 4  6  0 | finished  ls10-0-5aec71ec SM04_micro014_conf_1 localhost [ls10]
 5  5  0 | finished  ls10-0-5aec7205 SM04_micro002_conf_2 lsf-cpu [lt01]
 6  4  0 | finished  ls10-1-5aec71f4 SM04_micro014_conf_3 lsf-cpu [lt01]
 7  3  0 | finished  ls10-0-5aec7200 SM04_micro002_conf_1 lsf-cpu [lt02]
 8  2  0 | finished  ls10-0-5aec71fb SM04_micro014_conf_5 lsf-cpu [lt02]
 9  1  0 | finished  ls10-0-5aec7215 SM04_micro002_conf_5 lsf-cpu [ls10]
10  0  0 | finished  ls10-0-5aec7210 SM04_micro002_conf_4 lsf-cpu [ls10]

All jobs have completed.

10 of 10 job(s) succeeded; 0 job(s) failed.

Timer (distribute subjobs) : 2578.77 secs (0 hrs, 42 mins, 58 secs)

Processing QM output files...

Executing subprocess:
/data/chodera/schrodinger/schrodinger2017-4-advanced/jaguar results -energy SM04_micro014_conf_1.nrg_h.out

Executing subprocess:
/data/chodera/schrodinger/schrodinger2017-4-advanced/jaguar results -esolv SM04_micro014_conf_1.sol_h.out

Executing subprocess:
/data/chodera/schrodinger/schrodinger2017-4-advanced/jaguar results -energy SM04_micro014_conf_2.nrg_h.out

Executing subprocess:
/data/chodera/schrodinger/schrodinger2017-4-advanced/jaguar results -esolv SM04_micro014_conf_2.sol_h.out

Executing subprocess:
/data/chodera/schrodinger/schrodinger2017-4-advanced/jaguar results -energy SM04_micro014_conf_3.nrg_h.out

Executing subprocess:
/data/chodera/schrodinger/schrodinger2017-4-advanced/jaguar results -esolv SM04_micro014_conf_3.sol_h.out

Executing subprocess:
/data/chodera/schrodinger/schrodinger2017-4-advanced/jaguar results -energy SM04_micro014_conf_4.nrg_h.out

Executing subprocess:
/data/chodera/schrodinger/schrodinger2017-4-advanced/jaguar results -esolv SM04_micro014_conf_4.sol_h.out

Executing subprocess:
/data/chodera/schrodinger/schrodinger2017-4-advanced/jaguar results -energy SM04_micro014_conf_5.nrg_h.out

Executing subprocess:
/data/chodera/schrodinger/schrodinger2017-4-advanced/jaguar results -esolv SM04_micro014_conf_5.sol_h.out

Executing subprocess:
/data/chodera/schrodinger/schrodinger2017-4-advanced/jaguar results -energy SM04_micro002_conf_1.nrg.out

Executing subprocess:
/data/chodera/schrodinger/schrodinger2017-4-advanced/jaguar results -esolv SM04_micro002_conf_1.sol.out

Executing subprocess:
/data/chodera/schrodinger/schrodinger2017-4-advanced/jaguar results -energy SM04_micro002_conf_2.nrg.out

Executing subprocess:
/data/chodera/schrodinger/schrodinger2017-4-advanced/jaguar results -esolv SM04_micro002_conf_2.sol.out

Executing subprocess:
/data/chodera/schrodinger/schrodinger2017-4-advanced/jaguar results -energy SM04_micro002_conf_3.nrg.out

Executing subprocess:
/data/chodera/schrodinger/schrodinger2017-4-advanced/jaguar results -esolv SM04_micro002_conf_3.sol.out

Executing subprocess:
/data/chodera/schrodinger/schrodinger2017-4-advanced/jaguar results -energy SM04_micro002_conf_4.nrg.out

Executing subprocess:
/data/chodera/schrodinger/schrodinger2017-4-advanced/jaguar results -esolv SM04_micro002_conf_4.sol.out

Executing subprocess:
/data/chodera/schrodinger/schrodinger2017-4-advanced/jaguar results -energy SM04_micro002_conf_5.nrg.out

Executing subprocess:
/data/chodera/schrodinger/schrodinger2017-4-advanced/jaguar results -esolv SM04_micro002_conf_5.sol.out

Executing subprocess:
/data/chodera/schrodinger/schrodinger2017-4-advanced/jaguar-v9.8/bin/Linux-x86_64/pka -o SM04_micro014_deprot-out.mae -j SM04_micro014.jres -n -d

Executing subprocess:
/data/chodera/schrodinger/schrodinger2017-4-advanced/jaguar-v9.8/bin/Linux-x86_64/pka -o SM04_micro014_prot-out.mae -j SM04_micro014.jres -n

pKa calculation for SM04_micro014 completed.

pKa workflow jag_SM04_micro014_SM04_micro002 completed.

Timer (Jaguar pKa) : 3227.63 secs (0 hrs, 53 mins, 47 secs)
Timer (jaguar_backend.py) : 3227.63 secs (0 hrs, 53 mins, 47 secs)
Finished:   Fri May  4 11:30:19 2018
