Taking protonated structures from:
SM19_micro001_conf_1.dft_h.01.mae
SM19_micro001_conf_2.dft_h.01.mae
SM19_micro001_conf_3.dft_h.01.mae
SM19_micro001_conf_4.dft_h.01.mae
SM19_micro001_conf_5.dft_h.01.mae
Taking deprotonated structures from:
SM19_micro015_conf_1.dft.01.mae
SM19_micro015_conf_2.dft.01.mae
SM19_micro015_conf_3.dft.01.mae
SM19_micro015_conf_4.dft.01.mae
SM19_micro015_conf_5.dft.01.mae

Corrected results for 'protonated' structure in water:
pKa atom: 35

 # 	            Shell             	 pKa 	RMSD	 Contribution
---	------------------------------	-----	-----	--------------
1: 	enol                          	 3.97	0.533	    91.19%
2: 	Protonation of generic atom   	 1.83	2.264	     3.04%
3: 	Protonation of sp2-like oxygen	 2.35	2.568	     5.77%

 Final weighted pKa value is 3.81



