Taking protonated structures from:
SM10_micro021_conf_1.dft_h.01.mae
SM10_micro021_conf_2.dft_h.01.mae
SM10_micro021_conf_3.dft_h.01.mae
SM10_micro021_conf_4.dft_h.01.mae
SM10_micro021_conf_5.dft_h.01.mae
Taking deprotonated structures from:
SM10_micro030_conf_1.dft.01.mae
SM10_micro030_conf_2.dft.01.mae
SM10_micro030_conf_3.dft.01.mae
SM10_micro030_conf_4.dft.01.mae
SM10_micro030_conf_5.dft.01.mae

Corrected results for 'protonated' structure in water:
pKa atom: 30

 # 	                  Shell                   	 pKa 	RMSD	 Contribution
---	------------------------------------------	-----	-----	--------------
1: 	RN=Het                                    	11.70	0.551	    63.20%
2: 	Protonation of sp2-like aliphatic nitrogen	10.30	1.751	    29.35%
3: 	Protonation of generic atom               	10.26	2.264	     7.45%

 Final weighted pKa value is 11.18



