Command:    jaguar run pka.py -jobname jag_SM19_micro002_SM19_micro012 -PARALLEL 10 -n -csrch -prot SM19_micro002.in -deprot SM19_micro012.in
Release:    2017-4
Exec:       /data/chodera/schrodinger/schrodinger2017-4-advanced/jaguar-v9.8/bin/Linux-x86_64
Host:       lt20
JobId:      lilac-0-5aecc198
JobDir:     /lila/data/chodera/schrodinger/tmpdir/rustenburg/jag_SM19_micro002_SM19_micro012
Date:       Fri May  4 16:52:18 2018

Contents of /lila/data/chodera/schrodinger/tmpdir/rustenburg/jag_SM19_micro002_SM19_micro012:
/lila/data/chodera/schrodinger/tmpdir/rustenburg/jag_SM19_micro002_SM19_micro012/SM19_micro002.mae
/lila/data/chodera/schrodinger/tmpdir/rustenburg/jag_SM19_micro002_SM19_micro012/lilac-0-5aecc198.hosts
/lila/data/chodera/schrodinger/tmpdir/rustenburg/jag_SM19_micro002_SM19_micro012/lilac-0-5aecc198.jlog
/lila/data/chodera/schrodinger/tmpdir/rustenburg/jag_SM19_micro002_SM19_micro012/lilac-0-5aecc198.mpinodes
/lila/data/chodera/schrodinger/tmpdir/rustenburg/jag_SM19_micro002_SM19_micro012/SM19_micro002.in
/lila/data/chodera/schrodinger/tmpdir/rustenburg/jag_SM19_micro002_SM19_micro012/lilac-0-5aecc198.recover
/lila/data/chodera/schrodinger/tmpdir/rustenburg/jag_SM19_micro002_SM19_micro012/lilac-0-5aecc198
/lila/data/chodera/schrodinger/tmpdir/rustenburg/jag_SM19_micro002_SM19_micro012/lilac-0-5aecc198.nodes
/lila/data/chodera/schrodinger/tmpdir/rustenburg/jag_SM19_micro002_SM19_micro012/jag_SM19_micro002_SM19_micro012.log
/lila/data/chodera/schrodinger/tmpdir/rustenburg/jag_SM19_micro002_SM19_micro012/SM19_micro012.in
/lila/data/chodera/schrodinger/tmpdir/rustenburg/jag_SM19_micro002_SM19_micro012/jag_SM19_micro002_SM19_micro012.recover
/lila/data/chodera/schrodinger/tmpdir/rustenburg/jag_SM19_micro002_SM19_micro012/SM19_micro012.mae

=====================
 Jaguar pKa workflow
=====================

Analysing user-provided (prot, deprot) pair:
(SM19_micro002.in, SM19_micro012.in)
Found labile hydrogen 25 in SM19_micro002.in
Found labile hydrogen at atom 12 in SM19_micro012.in
Adding 'ipkat' keyword to input files.

Identifying pKa functional group for pair:
(SM19_micro002, SM19_micro012)

Executing subprocess:
/data/chodera/schrodinger/schrodinger2017-4-advanced/jaguar-v9.8/bin/Linux-x86_64/pka -i -j SM19_micro002.tmp.jres -n

Taking protonated structures from:
SM19_micro002.mae
Taking deprotonated structures from:
SM19_micro012.mae

This molecule from 'SM19_micro002.mae' in water was recognized as:

 # 	           Shell           
---	---------------------------
1: 	Protonation of generic atom


Executing conformational search...

Executing 2 distributed subjobs:
---------------------------------

No more than 8 cpu(s) will be used per subjob.
No more than 10 cpu(s) will be used simultaneously.

Processing the following subjobs:
(1) jaguar run csrch.py SM19_micro002.mae -jobname SM19_micro002 -max_conf 5 -erg_window 50.208 -acc_level 1 -TPP 5
(2) jaguar run csrch.py SM19_micro012.mae -jobname SM19_micro012 -max_conf 5 -erg_window 50.208 -acc_level 1 -TPP 5

Running subjobs on hosts:
  lsf-cpu (Max: 2)
Number of jobs:       2
Max retries per job:  3
Max allowed failures: unlimited
Run with -LOCAL:      False
Verbosity:            normal

Starting JobDJ...

Keep one job on driver host: False
JobDJ columns:
  C: Number of completed subjobs
  A: Number of active subjobs (e.g., submitted, running)
  W: Number of waiting/pending subjobs

C A W | Activity  JobId  JobName  JobHost
- - - | --------- -----------------------
0 1 1 | launched  lt20-1-5aecc808 SM19_micro002 lsf-cpu
0 2 0 | launched  lt20-1-5aecc80c SM19_micro012 lsf-cpu
1 1 0 | finished  lt20-1-5aecc80c SM19_micro012 lsf-cpu [lt02]
2 0 0 | finished  lt20-1-5aecc808 SM19_micro002 lsf-cpu [lt08]

All jobs have completed.

2 of 2 job(s) succeeded; 0 job(s) failed.

Timer (distribute subjobs) : 8680.06 secs (2 hrs, 24 mins, 40 secs)

Setting up QM workflow for (protonated, deprotonated) pair:
(1) (SM19_micro002, SM19_micro012)

Executing Jaguar quantum-mechanical subjobs...

Executing 10 distributed subjobs:
----------------------------------

No more than 8 cpu(s) will be used per subjob.
No more than 10 cpu(s) will be used simultaneously.

Processing the following subjobs:
(1) jaguar run pka_prot.bat -jobname SM19_micro002_conf_1 SM19_micro002_conf_1.in
(2) jaguar run pka_prot.bat -jobname SM19_micro002_conf_2 SM19_micro002_conf_2.in
(3) jaguar run pka_prot.bat -jobname SM19_micro002_conf_3 SM19_micro002_conf_3.in
(4) jaguar run pka_prot.bat -jobname SM19_micro002_conf_4 SM19_micro002_conf_4.in
(5) jaguar run pka_prot.bat -jobname SM19_micro002_conf_5 SM19_micro002_conf_5.in
(6) jaguar run pka_deprot.bat -jobname SM19_micro012_conf_1 SM19_micro012_conf_1.in
(7) jaguar run pka_deprot.bat -jobname SM19_micro012_conf_2 SM19_micro012_conf_2.in
(8) jaguar run pka_deprot.bat -jobname SM19_micro012_conf_3 SM19_micro012_conf_3.in
(9) jaguar run pka_deprot.bat -jobname SM19_micro012_conf_4 SM19_micro012_conf_4.in
(10) jaguar run pka_deprot.bat -jobname SM19_micro012_conf_5 SM19_micro012_conf_5.in

Running subjobs on hosts:
  lsf-cpu (Max: 10)
Number of jobs:       10
Max retries per job:  3
Max allowed failures: unlimited
Run with -LOCAL:      False
Verbosity:            normal

Starting JobDJ...

Keep one job on driver host: True
JobDJ columns:
  C: Number of completed subjobs
  A: Number of active subjobs (e.g., submitted, running)
  W: Number of waiting/pending subjobs

 C  A  W | Activity  JobId  JobName  JobHost
-- -- -- | --------- -----------------------
 0  1  9 | launched  lt20-1-5aece9f5 SM19_micro002_conf_1 localhost [lt20]
 0  2  8 | launched  lt20-0-5aece9fb SM19_micro002_conf_2 lsf-cpu
 0  3  7 | launched  lt20-0-5aecea00 SM19_micro002_conf_3 lsf-cpu
 0  4  6 | launched  lt20-0-5aecea05 SM19_micro002_conf_4 lsf-cpu
 0  5  5 | launched  lt20-0-5aecea0b SM19_micro002_conf_5 lsf-cpu
 0  6  4 | launched  lt20-0-5aecea10 SM19_micro012_conf_1 lsf-cpu
 0  7  3 | launched  lt20-0-5aecea15 SM19_micro012_conf_2 lsf-cpu
 0  8  2 | launched  lt20-0-5aecea1a SM19_micro012_conf_3 lsf-cpu
 0  9  1 | launched  lt20-0-5aecea1f SM19_micro012_conf_4 lsf-cpu
 0 10  0 | launched  lt20-0-5aecea25 SM19_micro012_conf_5 lsf-cpu
 1  9  0 | finished  lt20-1-5aece9f5 SM19_micro002_conf_1 localhost [lt20]
 2  8  0 | finished  lt20-0-5aecea1f SM19_micro012_conf_4 lsf-cpu [lt01]
 3  7  0 | finished  lt20-0-5aecea25 SM19_micro012_conf_5 lsf-cpu [lt14]
 4  6  0 | finished  lt20-0-5aecea1a SM19_micro012_conf_3 lsf-cpu [ls12]
 5  5  0 | finished  lt20-0-5aecea00 SM19_micro002_conf_3 lsf-cpu [ls02]
 6  4  0 | finished  lt20-0-5aecea10 SM19_micro012_conf_1 lsf-cpu [ls12]
 7  3  0 | finished  lt20-0-5aecea15 SM19_micro012_conf_2 lsf-cpu [ls12]
 8  2  0 | finished  lt20-0-5aecea05 SM19_micro002_conf_4 lsf-cpu [ls13]
 9  1  0 | finished  lt20-0-5aecea0b SM19_micro002_conf_5 lsf-cpu [ls13]
10  0  0 | finished  lt20-0-5aece9fb SM19_micro002_conf_2 lsf-cpu [ls02]

All jobs have completed.

10 of 10 job(s) succeeded; 0 job(s) failed.

Timer (distribute subjobs) : 5869.34 secs (1 hrs, 37 mins, 49 secs)

Processing QM output files...

Executing subprocess:
/data/chodera/schrodinger/schrodinger2017-4-advanced/jaguar results -energy SM19_micro002_conf_1.nrg_h.out

Executing subprocess:
/data/chodera/schrodinger/schrodinger2017-4-advanced/jaguar results -esolv SM19_micro002_conf_1.sol_h.out

Executing subprocess:
/data/chodera/schrodinger/schrodinger2017-4-advanced/jaguar results -energy SM19_micro002_conf_2.nrg_h.out

Executing subprocess:
/data/chodera/schrodinger/schrodinger2017-4-advanced/jaguar results -esolv SM19_micro002_conf_2.sol_h.out

Executing subprocess:
/data/chodera/schrodinger/schrodinger2017-4-advanced/jaguar results -energy SM19_micro002_conf_3.nrg_h.out

Executing subprocess:
/data/chodera/schrodinger/schrodinger2017-4-advanced/jaguar results -esolv SM19_micro002_conf_3.sol_h.out

Executing subprocess:
/data/chodera/schrodinger/schrodinger2017-4-advanced/jaguar results -energy SM19_micro002_conf_4.nrg_h.out

Executing subprocess:
/data/chodera/schrodinger/schrodinger2017-4-advanced/jaguar results -esolv SM19_micro002_conf_4.sol_h.out

Executing subprocess:
/data/chodera/schrodinger/schrodinger2017-4-advanced/jaguar results -energy SM19_micro002_conf_5.nrg_h.out

Executing subprocess:
/data/chodera/schrodinger/schrodinger2017-4-advanced/jaguar results -esolv SM19_micro002_conf_5.sol_h.out

Executing subprocess:
/data/chodera/schrodinger/schrodinger2017-4-advanced/jaguar results -energy SM19_micro012_conf_1.nrg.out

Executing subprocess:
/data/chodera/schrodinger/schrodinger2017-4-advanced/jaguar results -esolv SM19_micro012_conf_1.sol.out

Executing subprocess:
/data/chodera/schrodinger/schrodinger2017-4-advanced/jaguar results -energy SM19_micro012_conf_2.nrg.out

Executing subprocess:
/data/chodera/schrodinger/schrodinger2017-4-advanced/jaguar results -esolv SM19_micro012_conf_2.sol.out

Executing subprocess:
/data/chodera/schrodinger/schrodinger2017-4-advanced/jaguar results -energy SM19_micro012_conf_3.nrg.out

Executing subprocess:
/data/chodera/schrodinger/schrodinger2017-4-advanced/jaguar results -esolv SM19_micro012_conf_3.sol.out

Executing subprocess:
/data/chodera/schrodinger/schrodinger2017-4-advanced/jaguar results -energy SM19_micro012_conf_4.nrg.out

Executing subprocess:
/data/chodera/schrodinger/schrodinger2017-4-advanced/jaguar results -esolv SM19_micro012_conf_4.sol.out

Executing subprocess:
/data/chodera/schrodinger/schrodinger2017-4-advanced/jaguar results -energy SM19_micro012_conf_5.nrg.out

Executing subprocess:
/data/chodera/schrodinger/schrodinger2017-4-advanced/jaguar results -esolv SM19_micro012_conf_5.sol.out

Executing subprocess:
/data/chodera/schrodinger/schrodinger2017-4-advanced/jaguar-v9.8/bin/Linux-x86_64/pka -o SM19_micro002_deprot-out.mae -j SM19_micro002.jres -n -d

Executing subprocess:
/data/chodera/schrodinger/schrodinger2017-4-advanced/jaguar-v9.8/bin/Linux-x86_64/pka -o SM19_micro002_prot-out.mae -j SM19_micro002.jres -n

pKa calculation for SM19_micro002 completed.

pKa workflow jag_SM19_micro002_SM19_micro012 completed.

Timer (Jaguar pKa) : 14654.66 secs (4 hrs, 04 mins, 14 secs)
Timer (jaguar_backend.py) : 14654.67 secs (4 hrs, 04 mins, 14 secs)
Finished:   Fri May  4 20:56:32 2018
