Command:    jaguar run pka.py -jobname jag_SM10_micro032_SM10_micro005 -PARALLEL 10 -n -csrch -prot SM10_micro032.in -deprot SM10_micro005.in
Release:    2017-4
Exec:       /data/chodera/schrodinger/schrodinger2017-4-advanced/jaguar-v9.8/bin/Linux-x86_64
Host:       lt05
JobId:      lilac-0-5aec80ae
JobDir:     /lila/data/chodera/schrodinger/tmpdir/rustenburg/jag_SM10_micro032_SM10_micro005
Date:       Fri May  4 11:51:48 2018

Contents of /lila/data/chodera/schrodinger/tmpdir/rustenburg/jag_SM10_micro032_SM10_micro005:
/lila/data/chodera/schrodinger/tmpdir/rustenburg/jag_SM10_micro032_SM10_micro005/SM10_micro032.in
/lila/data/chodera/schrodinger/tmpdir/rustenburg/jag_SM10_micro032_SM10_micro005/lilac-0-5aec80ae.hosts
/lila/data/chodera/schrodinger/tmpdir/rustenburg/jag_SM10_micro032_SM10_micro005/lilac-0-5aec80ae.jlog
/lila/data/chodera/schrodinger/tmpdir/rustenburg/jag_SM10_micro032_SM10_micro005/lilac-0-5aec80ae.mpinodes
/lila/data/chodera/schrodinger/tmpdir/rustenburg/jag_SM10_micro032_SM10_micro005/SM10_micro005.in
/lila/data/chodera/schrodinger/tmpdir/rustenburg/jag_SM10_micro032_SM10_micro005/jag_SM10_micro032_SM10_micro005.recover
/lila/data/chodera/schrodinger/tmpdir/rustenburg/jag_SM10_micro032_SM10_micro005/lilac-0-5aec80ae.nodes
/lila/data/chodera/schrodinger/tmpdir/rustenburg/jag_SM10_micro032_SM10_micro005/SM10_micro032.mae
/lila/data/chodera/schrodinger/tmpdir/rustenburg/jag_SM10_micro032_SM10_micro005/lilac-0-5aec80ae
/lila/data/chodera/schrodinger/tmpdir/rustenburg/jag_SM10_micro032_SM10_micro005/lilac-0-5aec80ae.recover
/lila/data/chodera/schrodinger/tmpdir/rustenburg/jag_SM10_micro032_SM10_micro005/SM10_micro005.mae
/lila/data/chodera/schrodinger/tmpdir/rustenburg/jag_SM10_micro032_SM10_micro005/jag_SM10_micro032_SM10_micro005.log

=====================
 Jaguar pKa workflow
=====================

Analysing user-provided (prot, deprot) pair:
(SM10_micro032.in, SM10_micro005.in)
Found labile hydrogen 29 in SM10_micro032.in
Found labile hydrogen at atom 9 in SM10_micro005.in
Adding 'ipkat' keyword to input files.

Identifying pKa functional group for pair:
(SM10_micro032, SM10_micro005)

Executing subprocess:
/data/chodera/schrodinger/schrodinger2017-4-advanced/jaguar-v9.8/bin/Linux-x86_64/pka -i -j SM10_micro032.tmp.jres -n

Taking protonated structures from:
SM10_micro032.mae
Taking deprotonated structures from:
SM10_micro005.mae

This molecule from 'SM10_micro032.mae' in water was recognized as:

 # 	                  Shell                   
---	------------------------------------------
1: 	amide as acid                             
2: 	Protonation of sp2-like aliphatic nitrogen
3: 	Protonation of generic atom               


Executing conformational search...

Executing 2 distributed subjobs:
---------------------------------

No more than 8 cpu(s) will be used per subjob.
No more than 10 cpu(s) will be used simultaneously.

Processing the following subjobs:
(1) jaguar run csrch.py SM10_micro032.mae -jobname SM10_micro032 -max_conf 5 -erg_window 50.208 -acc_level 1 -TPP 5
(2) jaguar run csrch.py SM10_micro005.mae -jobname SM10_micro005 -max_conf 5 -erg_window 50.208 -acc_level 1 -TPP 5

Running subjobs on hosts:
  lsf-cpu (Max: 2)
Number of jobs:       2
Max retries per job:  3
Max allowed failures: unlimited
Run with -LOCAL:      False
Verbosity:            normal

Starting JobDJ...

Keep one job on driver host: False
JobDJ columns:
  C: Number of completed subjobs
  A: Number of active subjobs (e.g., submitted, running)
  W: Number of waiting/pending subjobs

C A W | Activity  JobId  JobName  JobHost
- - - | --------- -----------------------
0 1 1 | launched  lt05-0-5aec8199 SM10_micro032 lsf-cpu
0 2 0 | launched  lt05-0-5aec819c SM10_micro005 lsf-cpu
1 1 0 | finished  lt05-0-5aec8199 SM10_micro032 lsf-cpu [ls15]
2 0 0 | finished  lt05-0-5aec819c SM10_micro005 lsf-cpu [lt01]

All jobs have completed.

2 of 2 job(s) succeeded; 0 job(s) failed.

Timer (distribute subjobs) : 3774.33 secs (1 hrs, 02 mins, 54 secs)

Setting up QM workflow for (protonated, deprotonated) pair:
(1) (SM10_micro032, SM10_micro005)

Executing Jaguar quantum-mechanical subjobs...

Executing 10 distributed subjobs:
----------------------------------

No more than 8 cpu(s) will be used per subjob.
No more than 10 cpu(s) will be used simultaneously.

Processing the following subjobs:
(1) jaguar run pka_prot.bat -jobname SM10_micro032_conf_1 SM10_micro032_conf_1.in
(2) jaguar run pka_prot.bat -jobname SM10_micro032_conf_2 SM10_micro032_conf_2.in
(3) jaguar run pka_prot.bat -jobname SM10_micro032_conf_3 SM10_micro032_conf_3.in
(4) jaguar run pka_prot.bat -jobname SM10_micro032_conf_4 SM10_micro032_conf_4.in
(5) jaguar run pka_prot.bat -jobname SM10_micro032_conf_5 SM10_micro032_conf_5.in
(6) jaguar run pka_deprot.bat -jobname SM10_micro005_conf_1 SM10_micro005_conf_1.in
(7) jaguar run pka_deprot.bat -jobname SM10_micro005_conf_2 SM10_micro005_conf_2.in
(8) jaguar run pka_deprot.bat -jobname SM10_micro005_conf_3 SM10_micro005_conf_3.in
(9) jaguar run pka_deprot.bat -jobname SM10_micro005_conf_4 SM10_micro005_conf_4.in
(10) jaguar run pka_deprot.bat -jobname SM10_micro005_conf_5 SM10_micro005_conf_5.in

Running subjobs on hosts:
  lsf-cpu (Max: 10)
Number of jobs:       10
Max retries per job:  3
Max allowed failures: unlimited
Run with -LOCAL:      False
Verbosity:            normal

Starting JobDJ...

Keep one job on driver host: True
JobDJ columns:
  C: Number of completed subjobs
  A: Number of active subjobs (e.g., submitted, running)
  W: Number of waiting/pending subjobs

 C  A  W | Activity  JobId  JobName  JobHost
-- -- -- | --------- -----------------------
 0  1  9 | launched  lt05-0-5aec9058 SM10_micro032_conf_1 localhost [lt05]
 0  2  8 | launched  lt05-0-5aec905d SM10_micro032_conf_2 lsf-cpu
 0  3  7 | launched  lt05-0-5aec9063 SM10_micro032_conf_3 lsf-cpu
 0  4  6 | launched  lt05-0-5aec9068 SM10_micro032_conf_4 lsf-cpu
 0  5  5 | launched  lt05-0-5aec906d SM10_micro032_conf_5 lsf-cpu
 0  6  4 | launched  lt05-0-5aec9073 SM10_micro005_conf_1 lsf-cpu
 0  7  3 | launched  lt05-0-5aec9079 SM10_micro005_conf_2 lsf-cpu
 0  8  2 | launched  lt05-0-5aec907f SM10_micro005_conf_3 lsf-cpu
 0  9  1 | launched  lt05-0-5aec9085 SM10_micro005_conf_4 lsf-cpu
 0 10  0 | launched  lt05-0-5aec908a SM10_micro005_conf_5 lsf-cpu
 1  9  0 | finished  lt05-0-5aec9058 SM10_micro032_conf_1 localhost [lt05]
 2  8  0 | finished  lt05-0-5aec905d SM10_micro032_conf_2 lsf-cpu [ls18]
 3  7  0 | finished  lt05-0-5aec9073 SM10_micro005_conf_1 lsf-cpu [lt14]
 4  6  0 | finished  lt05-0-5aec9063 SM10_micro032_conf_3 lsf-cpu [ls18]
 5  5  0 | finished  lt05-0-5aec9079 SM10_micro005_conf_2 lsf-cpu [ls18]
 6  4  0 | finished  lt05-0-5aec9085 SM10_micro005_conf_4 lsf-cpu [ls18]
 7  3  0 | finished  lt05-0-5aec906d SM10_micro032_conf_5 lsf-cpu [lt14]
 8  2  0 | finished  lt05-0-5aec908a SM10_micro005_conf_5 lsf-cpu [ls18]
 9  1  0 | finished  lt05-0-5aec907f SM10_micro005_conf_3 lsf-cpu [ls18]
10  0  0 | finished  lt05-0-5aec9068 SM10_micro032_conf_4 lsf-cpu [ls04]

All jobs have completed.

10 of 10 job(s) succeeded; 0 job(s) failed.

Timer (distribute subjobs) : 6046.64 secs (1 hrs, 40 mins, 46 secs)

Processing QM output files...

Executing subprocess:
/data/chodera/schrodinger/schrodinger2017-4-advanced/jaguar results -energy SM10_micro032_conf_1.nrg_h.out

Executing subprocess:
/data/chodera/schrodinger/schrodinger2017-4-advanced/jaguar results -esolv SM10_micro032_conf_1.sol_h.out

Executing subprocess:
/data/chodera/schrodinger/schrodinger2017-4-advanced/jaguar results -energy SM10_micro032_conf_2.nrg_h.out

Executing subprocess:
/data/chodera/schrodinger/schrodinger2017-4-advanced/jaguar results -esolv SM10_micro032_conf_2.sol_h.out

Executing subprocess:
/data/chodera/schrodinger/schrodinger2017-4-advanced/jaguar results -energy SM10_micro032_conf_3.nrg_h.out

Executing subprocess:
/data/chodera/schrodinger/schrodinger2017-4-advanced/jaguar results -esolv SM10_micro032_conf_3.sol_h.out

Executing subprocess:
/data/chodera/schrodinger/schrodinger2017-4-advanced/jaguar results -energy SM10_micro032_conf_4.nrg_h.out

Executing subprocess:
/data/chodera/schrodinger/schrodinger2017-4-advanced/jaguar results -esolv SM10_micro032_conf_4.sol_h.out

Executing subprocess:
/data/chodera/schrodinger/schrodinger2017-4-advanced/jaguar results -energy SM10_micro032_conf_5.nrg_h.out

Executing subprocess:
/data/chodera/schrodinger/schrodinger2017-4-advanced/jaguar results -esolv SM10_micro032_conf_5.sol_h.out

Executing subprocess:
/data/chodera/schrodinger/schrodinger2017-4-advanced/jaguar results -energy SM10_micro005_conf_1.nrg.out

Executing subprocess:
/data/chodera/schrodinger/schrodinger2017-4-advanced/jaguar results -esolv SM10_micro005_conf_1.sol.out

Executing subprocess:
/data/chodera/schrodinger/schrodinger2017-4-advanced/jaguar results -energy SM10_micro005_conf_2.nrg.out

Executing subprocess:
/data/chodera/schrodinger/schrodinger2017-4-advanced/jaguar results -esolv SM10_micro005_conf_2.sol.out

Executing subprocess:
/data/chodera/schrodinger/schrodinger2017-4-advanced/jaguar results -energy SM10_micro005_conf_3.nrg.out

Executing subprocess:
/data/chodera/schrodinger/schrodinger2017-4-advanced/jaguar results -esolv SM10_micro005_conf_3.sol.out

Executing subprocess:
/data/chodera/schrodinger/schrodinger2017-4-advanced/jaguar results -energy SM10_micro005_conf_4.nrg.out

Executing subprocess:
/data/chodera/schrodinger/schrodinger2017-4-advanced/jaguar results -esolv SM10_micro005_conf_4.sol.out

Executing subprocess:
/data/chodera/schrodinger/schrodinger2017-4-advanced/jaguar results -energy SM10_micro005_conf_5.nrg.out

Executing subprocess:
/data/chodera/schrodinger/schrodinger2017-4-advanced/jaguar results -esolv SM10_micro005_conf_5.sol.out

Executing subprocess:
/data/chodera/schrodinger/schrodinger2017-4-advanced/jaguar-v9.8/bin/Linux-x86_64/pka -o SM10_micro032_deprot-out.mae -j SM10_micro032.jres -n -d

Executing subprocess:
/data/chodera/schrodinger/schrodinger2017-4-advanced/jaguar-v9.8/bin/Linux-x86_64/pka -o SM10_micro032_prot-out.mae -j SM10_micro032.jres -n

pKa calculation for SM10_micro032 completed.

pKa workflow jag_SM10_micro032_SM10_micro005 completed.

Timer (Jaguar pKa) : 9903.86 secs (2 hrs, 45 mins, 03 secs)
Timer (jaguar_backend.py) : 9903.87 secs (2 hrs, 45 mins, 03 secs)
Finished:   Fri May  4 14:36:51 2018
