Taking protonated structures from:
SM06_micro003_conf_1.dft_h.01.mae
SM06_micro003_conf_2.dft_h.01.mae
SM06_micro003_conf_3.dft_h.01.mae
SM06_micro003_conf_4.dft_h.01.mae
SM06_micro003_conf_5.dft_h.01.mae
Taking deprotonated structures from:
SM06_micro011_conf_1.dft.01.mae
SM06_micro011_conf_2.dft.01.mae
SM06_micro011_conf_3.dft.01.mae
SM06_micro011_conf_4.dft.01.mae
SM06_micro011_conf_5.dft.01.mae

Corrected results for 'protonated' structure in water:
pKa atom: 21

 # 	           Shell           	 pKa 	RMSD	 Contribution
---	---------------------------	-----	-----	--------------
1: 	quinoline                  	 3.80	0.374	    58.14%
2: 	pyridine                   	 3.20	0.493	    25.05%
3: 	heterocycle custom 1       	 2.74	0.617	    11.99%
4: 	heterocycle                	 2.99	0.837	     4.57%
5: 	Protonation of generic atom	 3.70	2.264	     0.25%

 Final weighted pKa value is 3.49



