Taking protonated structures from:
SM18_micro058_conf_1.dft_h.01.mae
SM18_micro058_conf_2.dft_h.01.mae
SM18_micro058_conf_3.dft_h.01.mae
SM18_micro058_conf_4.dft_h.01.mae
SM18_micro058_conf_5.dft_h.01.mae
Taking deprotonated structures from:
SM18_micro016_conf_1.dft.01.mae
SM18_micro016_conf_2.dft.01.mae
SM18_micro016_conf_3.dft.01.mae
SM18_micro016_conf_4.dft.01.mae
SM18_micro016_conf_5.dft.01.mae

Corrected results for 'protonated' structure in water:
pKa atom: 32

 # 	            Shell             	 pKa 	RMSD	 Contribution
---	------------------------------	-----	-----	--------------
1: 	amide as base                 	-3.86	0.577	    99.79%
2: 	Protonation of generic atom   	 1.72	2.264	     0.07%
3: 	Protonation of sp2-like oxygen	 2.26	2.568	     0.14%

 Final weighted pKa value is -3.85



