Taking protonated structures from:
SM18_micro063_conf_1.dft_h.01.mae
SM18_micro063_conf_2.dft_h.01.mae
SM18_micro063_conf_3.dft_h.01.mae
SM18_micro063_conf_4.dft_h.01.mae
SM18_micro063_conf_5.dft_h.01.mae
Taking deprotonated structures from:
SM18_micro025_conf_1.dft.01.mae
SM18_micro025_conf_2.dft.01.mae
SM18_micro025_conf_3.dft.01.mae
SM18_micro025_conf_4.dft.01.mae
SM18_micro025_conf_5.dft.01.mae

Corrected results for 'protonated' structure in water:
pKa atom: 31

 # 	           Shell           	 pKa 	RMSD	 Contribution
---	---------------------------	-----	-----	--------------
1: 	heterocycle custom 1       	 6.99	0.617	    33.69%
2: 	heterocycle                	 7.08	0.837	    61.49%
3: 	Protonation of generic atom	 6.93	2.264	     4.82%

 Final weighted pKa value is 7.04



