Taking protonated structures from:
SM13_micro012_conf_1.dft_h.01.mae
SM13_micro012_conf_2.dft_h.01.mae
SM13_micro012_conf_3.dft_h.01.mae
SM13_micro012_conf_4.dft_h.01.mae
SM13_micro012_conf_5.dft_h.01.mae
Taking deprotonated structures from:
SM13_micro007_conf_1.dft.01.mae
SM13_micro007_conf_2.dft.01.mae
SM13_micro007_conf_3.dft.01.mae
SM13_micro007_conf_4.dft.01.mae
SM13_micro007_conf_5.dft.01.mae

Corrected results for 'protonated' structure in water:
pKa atom: 31

 # 	                  Shell                   	 pKa 	RMSD	 Contribution
---	------------------------------------------	-----	-----	--------------
1: 	RN=Het                                    	 9.61	0.551	     0.00%
2: 	Protonation of sp2-like aliphatic nitrogen	 6.69	1.751	    51.44%
3: 	Protonation of generic atom               	 7.02	2.264	    48.56%

 Final weighted pKa value is 6.85



