Taking protonated structures from:
SM21_micro030_conf_1.dft_h.01.mae
SM21_micro030_conf_2.dft_h.01.mae
SM21_micro030_conf_3.dft_h.01.mae
SM21_micro030_conf_4.dft_h.01.mae
SM21_micro030_conf_5.dft_h.01.mae
Taking deprotonated structures from:
SM21_micro002_conf_1.dft.01.mae
SM21_micro002_conf_2.dft.01.mae
SM21_micro002_conf_3.dft.01.mae
SM21_micro002_conf_4.dft.01.mae
SM21_micro002_conf_5.dft.01.mae

Corrected results for 'protonated' structure in water:
pKa atom: 36

 # 	           Shell           	 pKa 	RMSD	 Contribution
---	---------------------------	-----	-----	--------------
1: 	pyrimidine                 	-3.29	0.242	    66.69%
2: 	heterocycle custom 1       	-6.53	0.617	    14.98%
3: 	heterocycle                	-5.88	0.837	    14.80%
4: 	Protonation of generic atom	-3.18	2.264	     3.53%

 Final weighted pKa value is -4.15



