Taking protonated structures from:
SM10_micro003_conf_1.dft_h.01.mae
SM10_micro003_conf_2.dft_h.01.mae
SM10_micro003_conf_3.dft_h.01.mae
SM10_micro003_conf_4.dft_h.01.mae
SM10_micro003_conf_5.dft_h.01.mae
Taking deprotonated structures from:
SM10_micro036_conf_1.dft.01.mae
SM10_micro036_conf_2.dft.01.mae
SM10_micro036_conf_3.dft.01.mae
SM10_micro036_conf_4.dft.01.mae
SM10_micro036_conf_5.dft.01.mae

Corrected results for 'protonated' structure in water:
pKa atom: 23

 # 	            Shell             	 pKa 	RMSD	 Contribution
---	------------------------------	-----	-----	--------------
1: 	amide as base                 	-2.49	0.577	    99.72%
2: 	Protonation of generic atom   	 2.77	2.264	     0.10%
3: 	Protonation of sp2-like oxygen	 3.15	2.568	     0.19%

 Final weighted pKa value is -2.47



