Taking protonated structures from:
SM18_micro034_conf_1.dft_h.01.mae
SM18_micro034_conf_2.dft_h.01.mae
SM18_micro034_conf_3.dft_h.01.mae
SM18_micro034_conf_4.dft_h.01.mae
SM18_micro034_conf_5.dft_h.01.mae
Taking deprotonated structures from:
SM18_micro007_conf_1.dft.01.mae
SM18_micro007_conf_2.dft.01.mae
SM18_micro007_conf_3.dft.01.mae
SM18_micro007_conf_4.dft.01.mae
SM18_micro007_conf_5.dft.01.mae

Corrected results for 'protonated' structure in water:
pKa atom: 39

 # 	                 Shell                  	 pKa 	RMSD	 Contribution
---	----------------------------------------	-----	-----	--------------
1: 	mono keto CH acid                       	 5.10	0.641	     2.45%
2: 	Protonation of generic atom             	 1.72	2.264	    80.88%
3: 	aliphatic CH acid in water              	 0.11	2.584	     8.47%
4: 	Protonation of sp2-like aliphatic carbon	 0.44	2.605	     8.20%

 Final weighted pKa value is 1.56



