Taking protonated structures from:
SM18_micro030_conf_1.dft_h.01.mae
SM18_micro030_conf_2.dft_h.01.mae
SM18_micro030_conf_3.dft_h.01.mae
SM18_micro030_conf_4.dft_h.01.mae
SM18_micro030_conf_5.dft_h.01.mae
Taking deprotonated structures from:
SM18_micro062_conf_1.dft.01.mae
SM18_micro062_conf_2.dft.01.mae
SM18_micro062_conf_3.dft.01.mae
SM18_micro062_conf_4.dft.01.mae
SM18_micro062_conf_5.dft.01.mae

Corrected results for 'protonated' structure in water:
pKa atom: 40

 # 	                  Shell                   	 pKa 	RMSD	 Contribution
---	------------------------------------------	-----	-----	--------------
1: 	RN=Het                                    	 8.56	0.551	    92.17%
2: 	Protonation of sp2-like aliphatic nitrogen	 5.04	1.751	     6.02%
3: 	Protonation of generic atom               	 5.51	2.264	     1.81%

 Final weighted pKa value is 8.30



