Taking protonated structures from:
SM10_micro023_conf_1.dft_h.01.mae
SM10_micro023_conf_2.dft_h.01.mae
SM10_micro023_conf_3.dft_h.01.mae
SM10_micro023_conf_4.dft_h.01.mae
SM10_micro023_conf_5.dft_h.01.mae
Taking deprotonated structures from:
SM10_micro018_conf_1.dft.01.mae
SM10_micro018_conf_2.dft.01.mae
SM10_micro018_conf_3.dft.01.mae
SM10_micro018_conf_4.dft.01.mae
SM10_micro018_conf_5.dft.01.mae

Corrected results for 'protonated' structure in water:
pKa atom: 28

 # 	                  Shell                   	 pKa 	RMSD	 Contribution
---	------------------------------------------	-----	-----	--------------
1: 	amide as acid                             	19.35	0.903	    95.71%
2: 	Protonation of sp2-like aliphatic nitrogen	17.65	1.751	     2.90%
3: 	Protonation of generic atom               	16.91	2.264	     1.38%

 Final weighted pKa value is 19.27



