Taking protonated structures from:
SM10_micro006_conf_1.dft_h.01.mae
SM10_micro006_conf_2.dft_h.01.mae
SM10_micro006_conf_3.dft_h.01.mae
SM10_micro006_conf_4.dft_h.01.mae
SM10_micro006_conf_5.dft_h.01.mae
Taking deprotonated structures from:
SM10_micro013_conf_1.dft.01.mae
SM10_micro013_conf_2.dft.01.mae
SM10_micro013_conf_3.dft.01.mae
SM10_micro013_conf_4.dft.01.mae
SM10_micro013_conf_5.dft.01.mae

Corrected results for 'protonated' structure in water:
pKa atom: 30

 # 	                 Shell                  	 pKa 	RMSD	 Contribution
---	----------------------------------------	-----	-----	--------------
1: 	Protonation of generic atom             	12.23	2.264	    99.66%
2: 	aliphatic CH acid in water              	10.59	2.584	     0.18%
3: 	Protonation of sp2-like aliphatic carbon	10.78	2.605	     0.16%

 Final weighted pKa value is 12.22



