Taking protonated structures from:
SM18_micro065_conf_1.dft_h.01.mae
SM18_micro065_conf_2.dft_h.01.mae
SM18_micro065_conf_3.dft_h.01.mae
SM18_micro065_conf_4.dft_h.01.mae
SM18_micro065_conf_5.dft_h.01.mae
Taking deprotonated structures from:
SM18_micro049_conf_1.dft.01.mae
SM18_micro049_conf_2.dft.01.mae
SM18_micro049_conf_3.dft.01.mae
SM18_micro049_conf_4.dft.01.mae
SM18_micro049_conf_5.dft.01.mae

Corrected results for 'protonated' structure in water:
pKa atom: 31

 # 	                  Shell                  	 pKa 	RMSD	 Contribution
---	-----------------------------------------	-----	-----	--------------
1: 	delta lactam                             	12.39	0.508	    31.39%
2: 	4-pyrimidone as acid                     	12.25	0.530	    60.13%
3: 	Protonation of sp2-like aromatic nitrogen	13.60	1.014	     7.68%
4: 	Protonation of generic atom              	11.19	2.264	     0.80%

 Final weighted pKa value is 12.39



