Taking protonated structures from:
SM10_micro015_conf_1.dft_h.01.mae
SM10_micro015_conf_2.dft_h.01.mae
SM10_micro015_conf_3.dft_h.01.mae
SM10_micro015_conf_4.dft_h.01.mae
SM10_micro015_conf_5.dft_h.01.mae
Taking deprotonated structures from:
SM10_micro034_conf_1.dft.01.mae
SM10_micro034_conf_2.dft.01.mae
SM10_micro034_conf_3.dft.01.mae
SM10_micro034_conf_4.dft.01.mae
SM10_micro034_conf_5.dft.01.mae

Corrected results for 'protonated' structure in water:
pKa atom: 31

 # 	                  Shell                   	 pKa 	RMSD	 Contribution
---	------------------------------------------	-----	-----	--------------
1: 	amide as acid                             	 9.53	0.903	    11.63%
2: 	Protonation of sp2-like aliphatic nitrogen	 8.83	1.751	    69.65%
3: 	Protonation of generic atom               	 8.93	2.264	    18.71%

 Final weighted pKa value is 8.93



