Command:    jaguar run pka.py -jobname jag_SM23_micro007_SM23_micro011 -PARALLEL 10 -WAIT -n -csrch -prot SM23_micro007.in -deprot SM23_micro011.in
Release:    2017-4
Exec:       /data/chodera/schrodinger/schrodinger2017-4-advanced/jaguar-v9.8/bin/Linux-x86_64
Host:       ls14
JobId:      ls14-0-5af45755
JobDir:     /lila/data/chodera/schrodinger/tmpdir/rustenburg/jag_SM23_micro007_SM23_micro011.1
Date:       Thu May 10 10:29:43 2018

Contents of /lila/data/chodera/schrodinger/tmpdir/rustenburg/jag_SM23_micro007_SM23_micro011.1:
/lila/data/chodera/schrodinger/tmpdir/rustenburg/jag_SM23_micro007_SM23_micro011.1/SM23_micro007.in
/lila/data/chodera/schrodinger/tmpdir/rustenburg/jag_SM23_micro007_SM23_micro011.1/ls14-0-5af45755.recover
/lila/data/chodera/schrodinger/tmpdir/rustenburg/jag_SM23_micro007_SM23_micro011.1/SM23_micro011.mae
/lila/data/chodera/schrodinger/tmpdir/rustenburg/jag_SM23_micro007_SM23_micro011.1/jag_SM23_micro007_SM23_micro011.recover
/lila/data/chodera/schrodinger/tmpdir/rustenburg/jag_SM23_micro007_SM23_micro011.1/ls14-0-5af45755.mpinodes
/lila/data/chodera/schrodinger/tmpdir/rustenburg/jag_SM23_micro007_SM23_micro011.1/SM23_micro007.mae
/lila/data/chodera/schrodinger/tmpdir/rustenburg/jag_SM23_micro007_SM23_micro011.1/ls14-0-5af45755
/lila/data/chodera/schrodinger/tmpdir/rustenburg/jag_SM23_micro007_SM23_micro011.1/jag_SM23_micro007_SM23_micro011.log
/lila/data/chodera/schrodinger/tmpdir/rustenburg/jag_SM23_micro007_SM23_micro011.1/SM23_micro011.in

=====================
 Jaguar pKa workflow
=====================

Analysing user-provided (prot, deprot) pair:
(SM23_micro007.in, SM23_micro011.in)
Found labile hydrogen 55 in SM23_micro007.in
Found labile hydrogen at atom 12 in SM23_micro011.in
Adding 'ipkat' keyword to input files.

Identifying pKa functional group for pair:
(SM23_micro007, SM23_micro011)

Executing subprocess:
/data/chodera/schrodinger/schrodinger2017-4-advanced/jaguar-v9.8/bin/Linux-x86_64/pka -i -j SM23_micro007.tmp.jres -n

Taking protonated structures from:
SM23_micro007.mae
Taking deprotonated structures from:
SM23_micro011.mae

This molecule from 'SM23_micro007.mae' in water was recognized as:

 # 	                  Shell                   
---	------------------------------------------
1: 	Protonation of sp2-like aliphatic nitrogen
2: 	Protonation of generic atom               


Executing conformational search...

Executing 2 distributed subjobs:
---------------------------------

No more than 8 cpu(s) will be used per subjob.
No more than 10 cpu(s) will be used simultaneously.

Processing the following subjobs:
(1) jaguar run csrch.py SM23_micro007.mae -jobname SM23_micro007 -max_conf 5 -erg_window 50.208 -acc_level 1 -TPP 5
(2) jaguar run csrch.py SM23_micro011.mae -jobname SM23_micro011 -max_conf 5 -erg_window 50.208 -acc_level 1 -TPP 5

Running subjobs on hosts:
  localhost (Max: 2)
Number of jobs:       2
Max retries per job:  3
Max allowed failures: unlimited
Run with -LOCAL:      False
Verbosity:            normal

Starting JobDJ...

Keep one job on driver host: False
JobDJ columns:
  C: Number of completed subjobs
  A: Number of active subjobs (e.g., submitted, running)
  W: Number of waiting/pending subjobs

C A W | Activity  JobId  JobName  JobHost
- - - | --------- -----------------------
0 1 1 | launched  ls14-0-5af4575c SM23_micro007 localhost [ls14]
0 2 0 | launched  ls14-0-5af4575e SM23_micro011 localhost [ls14]
1 1 0 | finished  ls14-0-5af4575c SM23_micro007 localhost [ls14]
2 0 0 | finished  ls14-0-5af4575e SM23_micro011 localhost [ls14]

All jobs have completed.

2 of 2 job(s) succeeded; 0 job(s) failed.

Timer (distribute subjobs) : 1333.27 secs (0 hrs, 22 mins, 13 secs)

Setting up QM workflow for (protonated, deprotonated) pair:
(1) (SM23_micro007, SM23_micro011)

Executing Jaguar quantum-mechanical subjobs...

Executing 10 distributed subjobs:
----------------------------------

No more than 8 cpu(s) will be used per subjob.
No more than 10 cpu(s) will be used simultaneously.

Processing the following subjobs:
(1) jaguar run pka_prot.bat -jobname SM23_micro007_conf_1 SM23_micro007_conf_1.in
(2) jaguar run pka_prot.bat -jobname SM23_micro007_conf_2 SM23_micro007_conf_2.in
(3) jaguar run pka_prot.bat -jobname SM23_micro007_conf_3 SM23_micro007_conf_3.in
(4) jaguar run pka_prot.bat -jobname SM23_micro007_conf_4 SM23_micro007_conf_4.in
(5) jaguar run pka_prot.bat -jobname SM23_micro007_conf_5 SM23_micro007_conf_5.in
(6) jaguar run pka_deprot.bat -jobname SM23_micro011_conf_1 SM23_micro011_conf_1.in
(7) jaguar run pka_deprot.bat -jobname SM23_micro011_conf_2 SM23_micro011_conf_2.in
(8) jaguar run pka_deprot.bat -jobname SM23_micro011_conf_3 SM23_micro011_conf_3.in
(9) jaguar run pka_deprot.bat -jobname SM23_micro011_conf_4 SM23_micro011_conf_4.in
(10) jaguar run pka_deprot.bat -jobname SM23_micro011_conf_5 SM23_micro011_conf_5.in

Running subjobs on hosts:
  localhost (Max: 10)
Number of jobs:       10
Max retries per job:  3
Max allowed failures: unlimited
Run with -LOCAL:      False
Verbosity:            normal

Starting JobDJ...

Keep one job on driver host: False
JobDJ columns:
  C: Number of completed subjobs
  A: Number of active subjobs (e.g., submitted, running)
  W: Number of waiting/pending subjobs

 C  A  W | Activity  JobId  JobName  JobHost
-- -- -- | --------- -----------------------
 0  1  9 | launched  ls14-0-5af45cb0 SM23_micro007_conf_1 localhost [ls14]
 0  2  8 | launched  ls14-0-5af45cca SM23_micro007_conf_2 localhost [ls14]
 0  3  7 | launched  ls14-0-5af45ce1 SM23_micro007_conf_3 localhost [ls14]
 0  4  6 | launched  ls14-0-5af45d0e SM23_micro007_conf_4 localhost [ls14]
 0  5  5 | launched  ls14-1-5af45d1e SM23_micro007_conf_5 localhost [ls14]
 0  6  4 | launched  ls14-0-5af45d27 SM23_micro011_conf_1 localhost [ls14]
 0  7  3 | launched  ls14-0-5af45d63 SM23_micro011_conf_2 localhost [ls14]
 0  8  2 | launched  ls14-3-5af45d66 SM23_micro011_conf_3 localhost [ls14]
 0  9  1 | launched  ls14-0-5af45d69 SM23_micro011_conf_4 localhost [ls14]
 0 10  0 | launched  ls14-0-5af45d6d SM23_micro011_conf_5 localhost [ls14]
 1  9  0 | finished  ls14-0-5af45cb0 SM23_micro007_conf_1 localhost [ls14]
 2  8  0 | finished  ls14-0-5af45ce1 SM23_micro007_conf_3 localhost [ls14]
 3  7  0 | finished  ls14-0-5af45d27 SM23_micro011_conf_1 localhost [ls14]
 4  6  0 | finished  ls14-0-5af45d0e SM23_micro007_conf_4 localhost [ls14]
 5  5  0 | finished  ls14-0-5af45cca SM23_micro007_conf_2 localhost [ls14]
 6  4  0 | finished  ls14-3-5af45d66 SM23_micro011_conf_3 localhost [ls14]
 7  3  0 | finished  ls14-0-5af45d63 SM23_micro011_conf_2 localhost [ls14]
 8  2  0 | finished  ls14-0-5af45d69 SM23_micro011_conf_4 localhost [ls14]
 9  1  0 | finished  ls14-0-5af45d6d SM23_micro011_conf_5 localhost [ls14]
10  0  0 | finished  ls14-1-5af45d1e SM23_micro007_conf_5 localhost [ls14]

All jobs have completed.

10 of 10 job(s) succeeded; 0 job(s) failed.

Timer (distribute subjobs) : 19335.39 secs (5 hrs, 22 mins, 15 secs)

Processing QM output files...

Executing subprocess:
/data/chodera/schrodinger/schrodinger2017-4-advanced/jaguar results -energy SM23_micro007_conf_1.nrg_h.out

Executing subprocess:
/data/chodera/schrodinger/schrodinger2017-4-advanced/jaguar results -esolv SM23_micro007_conf_1.sol_h.out

Executing subprocess:
/data/chodera/schrodinger/schrodinger2017-4-advanced/jaguar results -energy SM23_micro007_conf_2.nrg_h.out

Executing subprocess:
/data/chodera/schrodinger/schrodinger2017-4-advanced/jaguar results -esolv SM23_micro007_conf_2.sol_h.out

Executing subprocess:
/data/chodera/schrodinger/schrodinger2017-4-advanced/jaguar results -energy SM23_micro007_conf_3.nrg_h.out

Executing subprocess:
/data/chodera/schrodinger/schrodinger2017-4-advanced/jaguar results -esolv SM23_micro007_conf_3.sol_h.out

Executing subprocess:
/data/chodera/schrodinger/schrodinger2017-4-advanced/jaguar results -energy SM23_micro007_conf_4.nrg_h.out

Executing subprocess:
/data/chodera/schrodinger/schrodinger2017-4-advanced/jaguar results -esolv SM23_micro007_conf_4.sol_h.out

Executing subprocess:
/data/chodera/schrodinger/schrodinger2017-4-advanced/jaguar results -energy SM23_micro007_conf_5.nrg_h.out

Executing subprocess:
/data/chodera/schrodinger/schrodinger2017-4-advanced/jaguar results -esolv SM23_micro007_conf_5.sol_h.out

Executing subprocess:
/data/chodera/schrodinger/schrodinger2017-4-advanced/jaguar results -energy SM23_micro011_conf_1.nrg.out

Executing subprocess:
/data/chodera/schrodinger/schrodinger2017-4-advanced/jaguar results -esolv SM23_micro011_conf_1.sol.out

Executing subprocess:
/data/chodera/schrodinger/schrodinger2017-4-advanced/jaguar results -energy SM23_micro011_conf_2.nrg.out

Executing subprocess:
/data/chodera/schrodinger/schrodinger2017-4-advanced/jaguar results -esolv SM23_micro011_conf_2.sol.out

Executing subprocess:
/data/chodera/schrodinger/schrodinger2017-4-advanced/jaguar results -energy SM23_micro011_conf_3.nrg.out

Executing subprocess:
/data/chodera/schrodinger/schrodinger2017-4-advanced/jaguar results -esolv SM23_micro011_conf_3.sol.out

Executing subprocess:
/data/chodera/schrodinger/schrodinger2017-4-advanced/jaguar results -energy SM23_micro011_conf_4.nrg.out

Executing subprocess:
/data/chodera/schrodinger/schrodinger2017-4-advanced/jaguar results -esolv SM23_micro011_conf_4.sol.out

Executing subprocess:
/data/chodera/schrodinger/schrodinger2017-4-advanced/jaguar results -energy SM23_micro011_conf_5.nrg.out

Executing subprocess:
/data/chodera/schrodinger/schrodinger2017-4-advanced/jaguar results -esolv SM23_micro011_conf_5.sol.out

Executing subprocess:
/data/chodera/schrodinger/schrodinger2017-4-advanced/jaguar-v9.8/bin/Linux-x86_64/pka -o SM23_micro007_deprot-out.mae -j SM23_micro007.jres -n -d

Executing subprocess:
/data/chodera/schrodinger/schrodinger2017-4-advanced/jaguar-v9.8/bin/Linux-x86_64/pka -o SM23_micro007_prot-out.mae -j SM23_micro007.jres -n

pKa calculation for SM23_micro007 completed.

pKa workflow jag_SM23_micro007_SM23_micro011 completed.

Timer (Jaguar pKa) : 20735.92 secs (5 hrs, 45 mins, 35 secs)
Timer (jaguar_backend.py) : 20735.92 secs (5 hrs, 45 mins, 35 secs)
Finished:   Thu May 10 16:15:19 2018
