Command:    jaguar run pka.py -jobname jag_SM14_micro003_SM14_micro004 -PARALLEL 10 -n -csrch -prot SM14_micro003.in -deprot SM14_micro004.in
Release:    2017-4
Exec:       /data/chodera/schrodinger/schrodinger2017-4-advanced/jaguar-v9.8/bin/Linux-x86_64
Host:       lt11
JobId:      lilac-0-5aeca4c9
JobDir:     /lila/data/chodera/schrodinger/tmpdir/rustenburg/jag_SM14_micro003_SM14_micro004
Date:       Fri May  4 14:22:10 2018

Contents of /lila/data/chodera/schrodinger/tmpdir/rustenburg/jag_SM14_micro003_SM14_micro004:
/lila/data/chodera/schrodinger/tmpdir/rustenburg/jag_SM14_micro003_SM14_micro004/jag_SM14_micro003_SM14_micro004.recover
/lila/data/chodera/schrodinger/tmpdir/rustenburg/jag_SM14_micro003_SM14_micro004/lilac-0-5aeca4c9.hosts
/lila/data/chodera/schrodinger/tmpdir/rustenburg/jag_SM14_micro003_SM14_micro004/SM14_micro003.mae
/lila/data/chodera/schrodinger/tmpdir/rustenburg/jag_SM14_micro003_SM14_micro004/lilac-0-5aeca4c9.jlog
/lila/data/chodera/schrodinger/tmpdir/rustenburg/jag_SM14_micro003_SM14_micro004/jag_SM14_micro003_SM14_micro004.log
/lila/data/chodera/schrodinger/tmpdir/rustenburg/jag_SM14_micro003_SM14_micro004/lilac-0-5aeca4c9.nodes
/lila/data/chodera/schrodinger/tmpdir/rustenburg/jag_SM14_micro003_SM14_micro004/lilac-0-5aeca4c9
/lila/data/chodera/schrodinger/tmpdir/rustenburg/jag_SM14_micro003_SM14_micro004/SM14_micro004.mae
/lila/data/chodera/schrodinger/tmpdir/rustenburg/jag_SM14_micro003_SM14_micro004/lilac-0-5aeca4c9.recover
/lila/data/chodera/schrodinger/tmpdir/rustenburg/jag_SM14_micro003_SM14_micro004/SM14_micro004.in
/lila/data/chodera/schrodinger/tmpdir/rustenburg/jag_SM14_micro003_SM14_micro004/SM14_micro003.in
/lila/data/chodera/schrodinger/tmpdir/rustenburg/jag_SM14_micro003_SM14_micro004/lilac-0-5aeca4c9.mpinodes

=====================
 Jaguar pKa workflow
=====================

Analysing user-provided (prot, deprot) pair:
(SM14_micro003.in, SM14_micro004.in)
Found labile hydrogen 17 in SM14_micro003.in
Found labile hydrogen at atom 9 in SM14_micro004.in
Adding 'ipkat' keyword to input files.

Identifying pKa functional group for pair:
(SM14_micro003, SM14_micro004)

Executing subprocess:
/data/chodera/schrodinger/schrodinger2017-4-advanced/jaguar-v9.8/bin/Linux-x86_64/pka -i -j SM14_micro003.tmp.jres -n

Taking protonated structures from:
SM14_micro003.mae
Taking deprotonated structures from:
SM14_micro004.mae

This molecule from 'SM14_micro003.mae' in water was recognized as:

 # 	           Shell           
---	---------------------------
1: 	imidazole as base          
2: 	benzimidazole as base      
3: 	heterocycle                
4: 	Protonation of generic atom


Executing conformational search...

Executing 2 distributed subjobs:
---------------------------------

No more than 8 cpu(s) will be used per subjob.
No more than 10 cpu(s) will be used simultaneously.

Processing the following subjobs:
(1) jaguar run csrch.py SM14_micro003.mae -jobname SM14_micro003 -max_conf 5 -erg_window 50.208 -acc_level 1 -TPP 5
(2) jaguar run csrch.py SM14_micro004.mae -jobname SM14_micro004 -max_conf 5 -erg_window 50.208 -acc_level 1 -TPP 5

Running subjobs on hosts:
  lsf-cpu (Max: 2)
Number of jobs:       2
Max retries per job:  3
Max allowed failures: unlimited
Run with -LOCAL:      False
Verbosity:            normal

Starting JobDJ...

Keep one job on driver host: False
JobDJ columns:
  C: Number of completed subjobs
  A: Number of active subjobs (e.g., submitted, running)
  W: Number of waiting/pending subjobs

C A W | Activity  JobId  JobName  JobHost
- - - | --------- -----------------------
0 1 1 | launched  lt11-0-5aeca4dc SM14_micro003 lsf-cpu
0 2 0 | launched  lt11-0-5aeca4de SM14_micro004 lsf-cpu
1 1 0 | finished  lt11-0-5aeca4dc SM14_micro003 lsf-cpu
2 0 0 | finished  lt11-0-5aeca4de SM14_micro004 lsf-cpu

All jobs have completed.

2 of 2 job(s) succeeded; 0 job(s) failed.

Timer (distribute subjobs) : 337.40 secs (0 hrs, 05 mins, 37 secs)

Setting up QM workflow for (protonated, deprotonated) pair:
(1) (SM14_micro003, SM14_micro004)

Executing Jaguar quantum-mechanical subjobs...

Executing 4 distributed subjobs:
---------------------------------

No more than 8 cpu(s) will be used per subjob.
No more than 10 cpu(s) will be used simultaneously.

Processing the following subjobs:
(1) jaguar run pka_prot.bat -jobname SM14_micro003_conf_1 SM14_micro003_conf_1.in -TPP 3
(2) jaguar run pka_prot.bat -jobname SM14_micro003_conf_2 SM14_micro003_conf_2.in -TPP 3
(3) jaguar run pka_deprot.bat -jobname SM14_micro004_conf_1 SM14_micro004_conf_1.in -TPP 2
(4) jaguar run pka_deprot.bat -jobname SM14_micro004_conf_2 SM14_micro004_conf_2.in -TPP 2

Running subjobs on hosts:
  lsf-cpu (Max: 4)
Number of jobs:       4
Max retries per job:  3
Max allowed failures: unlimited
Run with -LOCAL:      False
Verbosity:            normal

Starting JobDJ...

Keep one job on driver host: False
JobDJ columns:
  C: Number of completed subjobs
  A: Number of active subjobs (e.g., submitted, running)
  W: Number of waiting/pending subjobs

C A W | Activity  JobId  JobName  JobHost
- - - | --------- -----------------------
0 1 3 | launched  lt11-0-5aeca62c SM14_micro003_conf_1 lsf-cpu
0 2 2 | launched  lt11-0-5aeca62f SM14_micro003_conf_2 lsf-cpu
0 3 1 | launched  lt11-0-5aeca632 SM14_micro004_conf_1 lsf-cpu
0 4 0 | launched  lt11-0-5aeca635 SM14_micro004_conf_2 lsf-cpu
1 3 0 | finished  lt11-0-5aeca62c SM14_micro003_conf_1 lsf-cpu [ls18]
2 2 0 | finished  lt11-0-5aeca632 SM14_micro004_conf_1 lsf-cpu [lt14]
3 1 0 | finished  lt11-0-5aeca635 SM14_micro004_conf_2 lsf-cpu [lt17]
4 0 0 | finished  lt11-0-5aeca62f SM14_micro003_conf_2 lsf-cpu [ls09]

All jobs have completed.

4 of 4 job(s) succeeded; 0 job(s) failed.

Timer (distribute subjobs) : 1163.06 secs (0 hrs, 19 mins, 23 secs)

Processing QM output files...

Executing subprocess:
/data/chodera/schrodinger/schrodinger2017-4-advanced/jaguar results -energy SM14_micro003_conf_1.nrg_h.out

Executing subprocess:
/data/chodera/schrodinger/schrodinger2017-4-advanced/jaguar results -esolv SM14_micro003_conf_1.sol_h.out

Executing subprocess:
/data/chodera/schrodinger/schrodinger2017-4-advanced/jaguar results -energy SM14_micro003_conf_2.nrg_h.out

Executing subprocess:
/data/chodera/schrodinger/schrodinger2017-4-advanced/jaguar results -esolv SM14_micro003_conf_2.sol_h.out

Executing subprocess:
/data/chodera/schrodinger/schrodinger2017-4-advanced/jaguar results -energy SM14_micro004_conf_1.nrg.out

Executing subprocess:
/data/chodera/schrodinger/schrodinger2017-4-advanced/jaguar results -esolv SM14_micro004_conf_1.sol.out

Executing subprocess:
/data/chodera/schrodinger/schrodinger2017-4-advanced/jaguar results -energy SM14_micro004_conf_2.nrg.out

Executing subprocess:
/data/chodera/schrodinger/schrodinger2017-4-advanced/jaguar results -esolv SM14_micro004_conf_2.sol.out

Executing subprocess:
/data/chodera/schrodinger/schrodinger2017-4-advanced/jaguar-v9.8/bin/Linux-x86_64/pka -o SM14_micro003_deprot-out.mae -j SM14_micro003.jres -n -d

Executing subprocess:
/data/chodera/schrodinger/schrodinger2017-4-advanced/jaguar-v9.8/bin/Linux-x86_64/pka -o SM14_micro003_prot-out.mae -j SM14_micro003.jres -n

pKa calculation for SM14_micro003 completed.

pKa workflow jag_SM14_micro003_SM14_micro004 completed.

Timer (Jaguar pKa) : 1542.73 secs (0 hrs, 25 mins, 42 secs)
Timer (jaguar_backend.py) : 1542.73 secs (0 hrs, 25 mins, 42 secs)
Finished:   Fri May  4 14:47:53 2018
