Taking protonated structures from:
SM04_micro013_conf_1.dft_h.01.mae
SM04_micro013_conf_2.dft_h.01.mae
SM04_micro013_conf_3.dft_h.01.mae
SM04_micro013_conf_4.dft_h.01.mae
SM04_micro013_conf_5.dft_h.01.mae
Taking deprotonated structures from:
SM04_micro008_conf_1.dft.01.mae
SM04_micro008_conf_2.dft.01.mae
SM04_micro008_conf_3.dft.01.mae
SM04_micro008_conf_4.dft.01.mae
SM04_micro008_conf_5.dft.01.mae

Corrected results for 'protonated' structure in water:
pKa atom: 20

 # 	           Shell           	 pKa 	RMSD	 Contribution
---	---------------------------	-----	-----	--------------
1: 	pyrimidine                 	-0.82	0.242	    84.82%
2: 	heterocycle custom 1       	-2.31	0.617	     8.06%
3: 	heterocycle                	-1.83	0.837	     6.70%
4: 	Protonation of generic atom	-0.04	2.264	     0.41%

 Final weighted pKa value is -1.00



