Taking protonated structures from:
SM24_micro020_conf_1.dft_h.01.mae
SM24_micro020_conf_2.dft_h.01.mae
SM24_micro020_conf_3.dft_h.01.mae
SM24_micro020_conf_4.dft_h.01.mae
SM24_micro020_conf_5.dft_h.01.mae
Taking deprotonated structures from:
SM24_micro010_conf_1.dft.01.mae
SM24_micro010_conf_2.dft.01.mae
SM24_micro010_conf_3.dft.01.mae
SM24_micro010_conf_4.dft.01.mae
SM24_micro010_conf_5.dft.01.mae

Corrected results for 'protonated' structure in water:
pKa atom: 31

 # 	           Shell           	 pKa 	RMSD	 Contribution
---	---------------------------	-----	-----	--------------
1: 	heterocycle custom 1       	-4.63	0.617	    28.61%
2: 	heterocycle                	-4.06	0.837	    68.20%
3: 	Protonation of generic atom	-1.77	2.264	     3.19%

 Final weighted pKa value is -4.15



