Command:    jaguar run pka.py -jobname jag_SM06_micro011_SM06_micro008 -PARALLEL 10 -n -csrch -prot SM06_micro011.in -deprot SM06_micro008.in
Release:    2017-4
Exec:       /data/chodera/schrodinger/schrodinger2017-4-advanced/jaguar-v9.8/bin/Linux-x86_64
Host:       ls15
JobId:      lilac-0-5aec73c3
JobDir:     /lila/data/chodera/schrodinger/tmpdir/rustenburg/jag_SM06_micro011_SM06_micro008
Date:       Fri May  4 10:55:06 2018

Contents of /lila/data/chodera/schrodinger/tmpdir/rustenburg/jag_SM06_micro011_SM06_micro008:
/lila/data/chodera/schrodinger/tmpdir/rustenburg/jag_SM06_micro011_SM06_micro008/SM06_micro008.in
/lila/data/chodera/schrodinger/tmpdir/rustenburg/jag_SM06_micro011_SM06_micro008/lilac-0-5aec73c3.nodes
/lila/data/chodera/schrodinger/tmpdir/rustenburg/jag_SM06_micro011_SM06_micro008/SM06_micro011.in
/lila/data/chodera/schrodinger/tmpdir/rustenburg/jag_SM06_micro011_SM06_micro008/lilac-0-5aec73c3
/lila/data/chodera/schrodinger/tmpdir/rustenburg/jag_SM06_micro011_SM06_micro008/lilac-0-5aec73c3.jlog
/lila/data/chodera/schrodinger/tmpdir/rustenburg/jag_SM06_micro011_SM06_micro008/lilac-0-5aec73c3.recover
/lila/data/chodera/schrodinger/tmpdir/rustenburg/jag_SM06_micro011_SM06_micro008/SM06_micro011.mae
/lila/data/chodera/schrodinger/tmpdir/rustenburg/jag_SM06_micro011_SM06_micro008/jag_SM06_micro011_SM06_micro008.recover
/lila/data/chodera/schrodinger/tmpdir/rustenburg/jag_SM06_micro011_SM06_micro008/lilac-0-5aec73c3.hosts
/lila/data/chodera/schrodinger/tmpdir/rustenburg/jag_SM06_micro011_SM06_micro008/SM06_micro008.mae
/lila/data/chodera/schrodinger/tmpdir/rustenburg/jag_SM06_micro011_SM06_micro008/jag_SM06_micro011_SM06_micro008.log
/lila/data/chodera/schrodinger/tmpdir/rustenburg/jag_SM06_micro011_SM06_micro008/lilac-0-5aec73c3.mpinodes

=====================
 Jaguar pKa workflow
=====================

Analysing user-provided (prot, deprot) pair:
(SM06_micro011.in, SM06_micro008.in)
Found labile hydrogen 21 in SM06_micro011.in
Found labile hydrogen at atom 13 in SM06_micro008.in
Adding 'ipkat' keyword to input files.

Identifying pKa functional group for pair:
(SM06_micro011, SM06_micro008)

Executing subprocess:
/data/chodera/schrodinger/schrodinger2017-4-advanced/jaguar-v9.8/bin/Linux-x86_64/pka -i -j SM06_micro011.tmp.jres -n

Taking protonated structures from:
SM06_micro011.mae
Taking deprotonated structures from:
SM06_micro008.mae

This molecule from 'SM06_micro011.mae' in water was recognized as:

 # 	            Shell             
---	------------------------------
1: 	Protonation of generic atom   
2: 	Protonation of sp2-like oxygen


Executing conformational search...

Executing 2 distributed subjobs:
---------------------------------

No more than 8 cpu(s) will be used per subjob.
No more than 10 cpu(s) will be used simultaneously.

Processing the following subjobs:
(1) jaguar run csrch.py SM06_micro011.mae -jobname SM06_micro011 -max_conf 5 -erg_window 50.208 -acc_level 1 -TPP 5
(2) jaguar run csrch.py SM06_micro008.mae -jobname SM06_micro008 -max_conf 5 -erg_window 50.208 -acc_level 1 -TPP 5

Running subjobs on hosts:
  lsf-cpu (Max: 2)
Number of jobs:       2
Max retries per job:  3
Max allowed failures: unlimited
Run with -LOCAL:      False
Verbosity:            normal

Starting JobDJ...

Keep one job on driver host: False
JobDJ columns:
  C: Number of completed subjobs
  A: Number of active subjobs (e.g., submitted, running)
  W: Number of waiting/pending subjobs

C A W | Activity  JobId  JobName  JobHost
- - - | --------- -----------------------
0 1 1 | launched  ls15-0-5aec745a SM06_micro011 lsf-cpu
0 2 0 | launched  ls15-0-5aec7463 SM06_micro008 lsf-cpu
1 1 0 | finished  ls15-0-5aec7463 SM06_micro008 lsf-cpu
2 0 0 | finished  ls15-0-5aec745a SM06_micro011 lsf-cpu

All jobs have completed.

2 of 2 job(s) succeeded; 0 job(s) failed.

Timer (distribute subjobs) : 489.79 secs (0 hrs, 08 mins, 09 secs)

Setting up QM workflow for (protonated, deprotonated) pair:
(1) (SM06_micro011, SM06_micro008)

Executing Jaguar quantum-mechanical subjobs...

Executing 10 distributed subjobs:
----------------------------------

No more than 8 cpu(s) will be used per subjob.
No more than 10 cpu(s) will be used simultaneously.

Processing the following subjobs:
(1) jaguar run pka_prot.bat -jobname SM06_micro011_conf_1 SM06_micro011_conf_1.in
(2) jaguar run pka_prot.bat -jobname SM06_micro011_conf_2 SM06_micro011_conf_2.in
(3) jaguar run pka_prot.bat -jobname SM06_micro011_conf_3 SM06_micro011_conf_3.in
(4) jaguar run pka_prot.bat -jobname SM06_micro011_conf_4 SM06_micro011_conf_4.in
(5) jaguar run pka_prot.bat -jobname SM06_micro011_conf_5 SM06_micro011_conf_5.in
(6) jaguar run pka_deprot.bat -jobname SM06_micro008_conf_1 SM06_micro008_conf_1.in
(7) jaguar run pka_deprot.bat -jobname SM06_micro008_conf_2 SM06_micro008_conf_2.in
(8) jaguar run pka_deprot.bat -jobname SM06_micro008_conf_3 SM06_micro008_conf_3.in
(9) jaguar run pka_deprot.bat -jobname SM06_micro008_conf_4 SM06_micro008_conf_4.in
(10) jaguar run pka_deprot.bat -jobname SM06_micro008_conf_5 SM06_micro008_conf_5.in

Running subjobs on hosts:
  lsf-cpu (Max: 10)
Number of jobs:       10
Max retries per job:  3
Max allowed failures: unlimited
Run with -LOCAL:      False
Verbosity:            normal

Starting JobDJ...

Keep one job on driver host: True
JobDJ columns:
  C: Number of completed subjobs
  A: Number of active subjobs (e.g., submitted, running)
  W: Number of waiting/pending subjobs

 C  A  W | Activity  JobId  JobName  JobHost
-- -- -- | --------- -----------------------
 0  1  9 | launched  ls15-0-5aec763e SM06_micro011_conf_1 localhost [ls15]
 0  2  8 | launched  ls15-0-5aec7643 SM06_micro011_conf_2 lsf-cpu
 0  3  7 | launched  ls15-0-5aec7649 SM06_micro011_conf_3 lsf-cpu
 0  4  6 | launched  ls15-0-5aec764e SM06_micro011_conf_4 lsf-cpu
 0  5  5 | launched  ls15-0-5aec7653 SM06_micro011_conf_5 lsf-cpu
 0  6  4 | launched  ls15-0-5aec7659 SM06_micro008_conf_1 lsf-cpu
 0  7  3 | launched  ls15-0-5aec765e SM06_micro008_conf_2 lsf-cpu
 0  8  2 | launched  ls15-0-5aec7664 SM06_micro008_conf_3 lsf-cpu
 0  9  1 | launched  ls15-0-5aec7669 SM06_micro008_conf_4 lsf-cpu
 0 10  0 | launched  ls15-0-5aec766e SM06_micro008_conf_5 lsf-cpu
 1  9  0 | finished  ls15-0-5aec7659 SM06_micro008_conf_1 lsf-cpu [lt17]
 2  8  0 | finished  ls15-0-5aec765e SM06_micro008_conf_2 lsf-cpu [lt17]
 3  7  0 | finished  ls15-0-5aec7664 SM06_micro008_conf_3 lsf-cpu [lt17]
 4  6  0 | finished  ls15-0-5aec7669 SM06_micro008_conf_4 lsf-cpu [lt17]
 5  5  0 | finished  ls15-0-5aec766e SM06_micro008_conf_5 lsf-cpu [lt17]
 6  4  0 | finished  ls15-0-5aec7653 SM06_micro011_conf_5 lsf-cpu [lt17]
 7  3  0 | finished  ls15-0-5aec764e SM06_micro011_conf_4 lsf-cpu [ls14]
 8  2  0 | finished  ls15-0-5aec7649 SM06_micro011_conf_3 lsf-cpu [ls14]
 9  1  0 | finished  ls15-0-5aec763e SM06_micro011_conf_1 localhost [ls15]
10  0  0 | finished  ls15-0-5aec7643 SM06_micro011_conf_2 lsf-cpu [ls14]

All jobs have completed.

10 of 10 job(s) succeeded; 0 job(s) failed.

Timer (distribute subjobs) : 4745.51 secs (1 hrs, 19 mins, 05 secs)

Processing QM output files...

Executing subprocess:
/data/chodera/schrodinger/schrodinger2017-4-advanced/jaguar results -energy SM06_micro011_conf_1.nrg_h.out

Executing subprocess:
/data/chodera/schrodinger/schrodinger2017-4-advanced/jaguar results -esolv SM06_micro011_conf_1.sol_h.out

Executing subprocess:
/data/chodera/schrodinger/schrodinger2017-4-advanced/jaguar results -energy SM06_micro011_conf_2.nrg_h.out

Executing subprocess:
/data/chodera/schrodinger/schrodinger2017-4-advanced/jaguar results -esolv SM06_micro011_conf_2.sol_h.out

Executing subprocess:
/data/chodera/schrodinger/schrodinger2017-4-advanced/jaguar results -energy SM06_micro011_conf_3.nrg_h.out

Executing subprocess:
/data/chodera/schrodinger/schrodinger2017-4-advanced/jaguar results -esolv SM06_micro011_conf_3.sol_h.out

Executing subprocess:
/data/chodera/schrodinger/schrodinger2017-4-advanced/jaguar results -energy SM06_micro011_conf_4.nrg_h.out

Executing subprocess:
/data/chodera/schrodinger/schrodinger2017-4-advanced/jaguar results -esolv SM06_micro011_conf_4.sol_h.out

Executing subprocess:
/data/chodera/schrodinger/schrodinger2017-4-advanced/jaguar results -energy SM06_micro011_conf_5.nrg_h.out

Executing subprocess:
/data/chodera/schrodinger/schrodinger2017-4-advanced/jaguar results -esolv SM06_micro011_conf_5.sol_h.out

Executing subprocess:
/data/chodera/schrodinger/schrodinger2017-4-advanced/jaguar results -energy SM06_micro008_conf_1.nrg.out

Executing subprocess:
/data/chodera/schrodinger/schrodinger2017-4-advanced/jaguar results -esolv SM06_micro008_conf_1.sol.out

Executing subprocess:
/data/chodera/schrodinger/schrodinger2017-4-advanced/jaguar results -energy SM06_micro008_conf_2.nrg.out

Executing subprocess:
/data/chodera/schrodinger/schrodinger2017-4-advanced/jaguar results -esolv SM06_micro008_conf_2.sol.out

Executing subprocess:
/data/chodera/schrodinger/schrodinger2017-4-advanced/jaguar results -energy SM06_micro008_conf_3.nrg.out

Executing subprocess:
/data/chodera/schrodinger/schrodinger2017-4-advanced/jaguar results -esolv SM06_micro008_conf_3.sol.out

Executing subprocess:
/data/chodera/schrodinger/schrodinger2017-4-advanced/jaguar results -energy SM06_micro008_conf_4.nrg.out

Executing subprocess:
/data/chodera/schrodinger/schrodinger2017-4-advanced/jaguar results -esolv SM06_micro008_conf_4.sol.out

Executing subprocess:
/data/chodera/schrodinger/schrodinger2017-4-advanced/jaguar results -energy SM06_micro008_conf_5.nrg.out

Executing subprocess:
/data/chodera/schrodinger/schrodinger2017-4-advanced/jaguar results -esolv SM06_micro008_conf_5.sol.out

Executing subprocess:
/data/chodera/schrodinger/schrodinger2017-4-advanced/jaguar-v9.8/bin/Linux-x86_64/pka -o SM06_micro011_deprot-out.mae -j SM06_micro011.jres -n -d

Executing subprocess:
/data/chodera/schrodinger/schrodinger2017-4-advanced/jaguar-v9.8/bin/Linux-x86_64/pka -o SM06_micro011_prot-out.mae -j SM06_micro011.jres -n

pKa calculation for SM06_micro011 completed.

pKa workflow jag_SM06_micro011_SM06_micro008 completed.

Timer (Jaguar pKa) : 5312.98 secs (1 hrs, 28 mins, 32 secs)
Timer (jaguar_backend.py) : 5312.98 secs (1 hrs, 28 mins, 32 secs)
Finished:   Fri May  4 12:23:39 2018
