Taking protonated structures from:
SM18_micro063_conf_1.dft_h.01.mae
SM18_micro063_conf_2.dft_h.01.mae
SM18_micro063_conf_3.dft_h.01.mae
SM18_micro063_conf_4.dft_h.01.mae
SM18_micro063_conf_5.dft_h.01.mae
Taking deprotonated structures from:
SM18_micro042_conf_1.dft.01.mae
SM18_micro042_conf_2.dft.01.mae
SM18_micro042_conf_3.dft.01.mae
SM18_micro042_conf_4.dft.01.mae
SM18_micro042_conf_5.dft.01.mae

Corrected results for 'protonated' structure in water:
pKa atom: 32

 # 	           Shell           	 pKa 	RMSD	 Contribution
---	---------------------------	-----	-----	--------------
1: 	4-pyrimidone as base       	 4.74	0.363	    47.97%
2: 	heterocycle custom 1       	 4.61	0.617	     8.58%
3: 	heterocycle                	 4.79	0.837	    41.71%
4: 	Protonation of generic atom	 5.13	2.264	     1.74%

 Final weighted pKa value is 4.75



