Command:    jaguar run pka.py -jobname jag_SM07_micro002_SM07_micro012 -PARALLEL 10 -n -csrch -prot SM07_micro002.in -deprot SM07_micro012.in
Release:    2017-4
Exec:       /data/chodera/schrodinger/schrodinger2017-4-advanced/jaguar-v9.8/bin/Linux-x86_64
Host:       ls16
JobId:      lilac-0-5aec7aa7
JobDir:     /lila/data/chodera/schrodinger/tmpdir/rustenburg/jag_SM07_micro002_SM07_micro012
Date:       Fri May  4 11:22:21 2018

Contents of /lila/data/chodera/schrodinger/tmpdir/rustenburg/jag_SM07_micro002_SM07_micro012:
/lila/data/chodera/schrodinger/tmpdir/rustenburg/jag_SM07_micro002_SM07_micro012/SM07_micro002.in
/lila/data/chodera/schrodinger/tmpdir/rustenburg/jag_SM07_micro002_SM07_micro012/jag_SM07_micro002_SM07_micro012.log
/lila/data/chodera/schrodinger/tmpdir/rustenburg/jag_SM07_micro002_SM07_micro012/SM07_micro012.in
/lila/data/chodera/schrodinger/tmpdir/rustenburg/jag_SM07_micro002_SM07_micro012/lilac-0-5aec7aa7.jlog
/lila/data/chodera/schrodinger/tmpdir/rustenburg/jag_SM07_micro002_SM07_micro012/lilac-0-5aec7aa7.nodes
/lila/data/chodera/schrodinger/tmpdir/rustenburg/jag_SM07_micro002_SM07_micro012/lilac-0-5aec7aa7
/lila/data/chodera/schrodinger/tmpdir/rustenburg/jag_SM07_micro002_SM07_micro012/SM07_micro012.mae
/lila/data/chodera/schrodinger/tmpdir/rustenburg/jag_SM07_micro002_SM07_micro012/lilac-0-5aec7aa7.hosts
/lila/data/chodera/schrodinger/tmpdir/rustenburg/jag_SM07_micro002_SM07_micro012/SM07_micro002.mae
/lila/data/chodera/schrodinger/tmpdir/rustenburg/jag_SM07_micro002_SM07_micro012/lilac-0-5aec7aa7.mpinodes
/lila/data/chodera/schrodinger/tmpdir/rustenburg/jag_SM07_micro002_SM07_micro012/lilac-0-5aec7aa7.recover
/lila/data/chodera/schrodinger/tmpdir/rustenburg/jag_SM07_micro002_SM07_micro012/jag_SM07_micro002_SM07_micro012.recover

=====================
 Jaguar pKa workflow
=====================

Analysing user-provided (prot, deprot) pair:
(SM07_micro002.in, SM07_micro012.in)
Found labile hydrogen 19 in SM07_micro002.in
Found labile hydrogen at atom 12 in SM07_micro012.in
Adding 'ipkat' keyword to input files.

Identifying pKa functional group for pair:
(SM07_micro002, SM07_micro012)

Executing subprocess:
/data/chodera/schrodinger/schrodinger2017-4-advanced/jaguar-v9.8/bin/Linux-x86_64/pka -i -j SM07_micro002.tmp.jres -n

Taking protonated structures from:
SM07_micro002.mae
Taking deprotonated structures from:
SM07_micro012.mae

This molecule from 'SM07_micro002.mae' in water was recognized as:

 # 	           Shell           
---	---------------------------
1: 	Protonation of generic atom


Executing conformational search...

Executing 2 distributed subjobs:
---------------------------------

No more than 8 cpu(s) will be used per subjob.
No more than 10 cpu(s) will be used simultaneously.

Processing the following subjobs:
(1) jaguar run csrch.py SM07_micro002.mae -jobname SM07_micro002 -max_conf 5 -erg_window 50.208 -acc_level 1 -TPP 5
(2) jaguar run csrch.py SM07_micro012.mae -jobname SM07_micro012 -max_conf 5 -erg_window 50.208 -acc_level 1 -TPP 5

Running subjobs on hosts:
  lsf-cpu (Max: 2)
Number of jobs:       2
Max retries per job:  3
Max allowed failures: unlimited
Run with -LOCAL:      False
Verbosity:            normal

Starting JobDJ...

Keep one job on driver host: False
JobDJ columns:
  C: Number of completed subjobs
  A: Number of active subjobs (e.g., submitted, running)
  W: Number of waiting/pending subjobs

C A W | Activity  JobId  JobName  JobHost
- - - | --------- -----------------------
0 1 1 | launched  ls16-0-5aec7ab3 SM07_micro002 lsf-cpu
0 2 0 | launched  ls16-0-5aec7ab7 SM07_micro012 lsf-cpu
1 1 0 | finished  ls16-0-5aec7ab3 SM07_micro002 lsf-cpu
2 0 0 | finished  ls16-0-5aec7ab7 SM07_micro012 lsf-cpu [ls01]

All jobs have completed.

2 of 2 job(s) succeeded; 0 job(s) failed.

Timer (distribute subjobs) : 1160.94 secs (0 hrs, 19 mins, 20 secs)

Setting up QM workflow for (protonated, deprotonated) pair:
(1) (SM07_micro002, SM07_micro012)

Executing Jaguar quantum-mechanical subjobs...

Executing 10 distributed subjobs:
----------------------------------

No more than 8 cpu(s) will be used per subjob.
No more than 10 cpu(s) will be used simultaneously.

Processing the following subjobs:
(1) jaguar run pka_prot.bat -jobname SM07_micro002_conf_1 SM07_micro002_conf_1.in
(2) jaguar run pka_prot.bat -jobname SM07_micro002_conf_2 SM07_micro002_conf_2.in
(3) jaguar run pka_prot.bat -jobname SM07_micro002_conf_3 SM07_micro002_conf_3.in
(4) jaguar run pka_prot.bat -jobname SM07_micro002_conf_4 SM07_micro002_conf_4.in
(5) jaguar run pka_prot.bat -jobname SM07_micro002_conf_5 SM07_micro002_conf_5.in
(6) jaguar run pka_deprot.bat -jobname SM07_micro012_conf_1 SM07_micro012_conf_1.in
(7) jaguar run pka_deprot.bat -jobname SM07_micro012_conf_2 SM07_micro012_conf_2.in
(8) jaguar run pka_deprot.bat -jobname SM07_micro012_conf_3 SM07_micro012_conf_3.in
(9) jaguar run pka_deprot.bat -jobname SM07_micro012_conf_4 SM07_micro012_conf_4.in
(10) jaguar run pka_deprot.bat -jobname SM07_micro012_conf_5 SM07_micro012_conf_5.in

Running subjobs on hosts:
  lsf-cpu (Max: 10)
Number of jobs:       10
Max retries per job:  3
Max allowed failures: unlimited
Run with -LOCAL:      False
Verbosity:            normal

Starting JobDJ...

Keep one job on driver host: True
JobDJ columns:
  C: Number of completed subjobs
  A: Number of active subjobs (e.g., submitted, running)
  W: Number of waiting/pending subjobs

 C  A  W | Activity  JobId  JobName  JobHost
-- -- -- | --------- -----------------------
 0  1  9 | launched  ls16-0-5aec7f3c SM07_micro002_conf_1 localhost [ls16]
 0  2  8 | launched  ls16-0-5aec7f3f SM07_micro002_conf_2 lsf-cpu
 0  3  7 | launched  ls16-0-5aec7f43 SM07_micro002_conf_3 lsf-cpu
 0  4  6 | launched  ls16-0-5aec7f46 SM07_micro002_conf_4 lsf-cpu
 0  5  5 | launched  ls16-0-5aec7f4a SM07_micro002_conf_5 lsf-cpu
 0  6  4 | launched  ls16-0-5aec7f4e SM07_micro012_conf_1 lsf-cpu
 0  7  3 | launched  ls16-0-5aec7f53 SM07_micro012_conf_2 lsf-cpu
 0  8  2 | launched  ls16-0-5aec7f57 SM07_micro012_conf_3 lsf-cpu
 0  9  1 | launched  ls16-0-5aec7f5b SM07_micro012_conf_4 lsf-cpu
 0 10  0 | launched  ls16-0-5aec7f5f SM07_micro012_conf_5 lsf-cpu
 1  9  0 | finished  ls16-0-5aec7f3c SM07_micro002_conf_1 localhost [ls16]
 2  8  0 | finished  ls16-0-5aec7f4a SM07_micro002_conf_5 lsf-cpu [ls12]
 3  7  0 | finished  ls16-0-5aec7f4e SM07_micro012_conf_1 lsf-cpu [ls12]
 4  6  0 | finished  ls16-0-5aec7f57 SM07_micro012_conf_3 lsf-cpu [ls07]
 5  5  0 | finished  ls16-0-5aec7f5b SM07_micro012_conf_4 lsf-cpu [ls15]
 6  4  0 | finished  ls16-0-5aec7f3f SM07_micro002_conf_2 lsf-cpu [lt02]
 7  3  0 | finished  ls16-0-5aec7f43 SM07_micro002_conf_3 lsf-cpu [lt12]
 8  2  0 | finished  ls16-0-5aec7f5f SM07_micro012_conf_5 lsf-cpu [ls15]
 9  1  0 | finished  ls16-0-5aec7f53 SM07_micro012_conf_2 lsf-cpu [ls12]
10  0  0 | finished  ls16-0-5aec7f46 SM07_micro002_conf_4 lsf-cpu [ls12]

All jobs have completed.

10 of 10 job(s) succeeded; 0 job(s) failed.

Timer (distribute subjobs) : 2608.65 secs (0 hrs, 43 mins, 28 secs)

Processing QM output files...

Executing subprocess:
/data/chodera/schrodinger/schrodinger2017-4-advanced/jaguar results -energy SM07_micro002_conf_1.nrg_h.out

Executing subprocess:
/data/chodera/schrodinger/schrodinger2017-4-advanced/jaguar results -esolv SM07_micro002_conf_1.sol_h.out

Executing subprocess:
/data/chodera/schrodinger/schrodinger2017-4-advanced/jaguar results -energy SM07_micro002_conf_2.nrg_h.out

Executing subprocess:
/data/chodera/schrodinger/schrodinger2017-4-advanced/jaguar results -esolv SM07_micro002_conf_2.sol_h.out

Executing subprocess:
/data/chodera/schrodinger/schrodinger2017-4-advanced/jaguar results -energy SM07_micro002_conf_3.nrg_h.out

Executing subprocess:
/data/chodera/schrodinger/schrodinger2017-4-advanced/jaguar results -esolv SM07_micro002_conf_3.sol_h.out

Executing subprocess:
/data/chodera/schrodinger/schrodinger2017-4-advanced/jaguar results -energy SM07_micro002_conf_4.nrg_h.out

Executing subprocess:
/data/chodera/schrodinger/schrodinger2017-4-advanced/jaguar results -esolv SM07_micro002_conf_4.sol_h.out

Executing subprocess:
/data/chodera/schrodinger/schrodinger2017-4-advanced/jaguar results -energy SM07_micro002_conf_5.nrg_h.out

Executing subprocess:
/data/chodera/schrodinger/schrodinger2017-4-advanced/jaguar results -esolv SM07_micro002_conf_5.sol_h.out

Executing subprocess:
/data/chodera/schrodinger/schrodinger2017-4-advanced/jaguar results -energy SM07_micro012_conf_1.nrg.out

Executing subprocess:
/data/chodera/schrodinger/schrodinger2017-4-advanced/jaguar results -esolv SM07_micro012_conf_1.sol.out

Executing subprocess:
/data/chodera/schrodinger/schrodinger2017-4-advanced/jaguar results -energy SM07_micro012_conf_2.nrg.out

Executing subprocess:
/data/chodera/schrodinger/schrodinger2017-4-advanced/jaguar results -esolv SM07_micro012_conf_2.sol.out

Executing subprocess:
/data/chodera/schrodinger/schrodinger2017-4-advanced/jaguar results -energy SM07_micro012_conf_3.nrg.out

Executing subprocess:
/data/chodera/schrodinger/schrodinger2017-4-advanced/jaguar results -esolv SM07_micro012_conf_3.sol.out

Executing subprocess:
/data/chodera/schrodinger/schrodinger2017-4-advanced/jaguar results -energy SM07_micro012_conf_4.nrg.out

Executing subprocess:
/data/chodera/schrodinger/schrodinger2017-4-advanced/jaguar results -esolv SM07_micro012_conf_4.sol.out

Executing subprocess:
/data/chodera/schrodinger/schrodinger2017-4-advanced/jaguar results -energy SM07_micro012_conf_5.nrg.out

Executing subprocess:
/data/chodera/schrodinger/schrodinger2017-4-advanced/jaguar results -esolv SM07_micro012_conf_5.sol.out

Executing subprocess:
/data/chodera/schrodinger/schrodinger2017-4-advanced/jaguar-v9.8/bin/Linux-x86_64/pka -o SM07_micro002_deprot-out.mae -j SM07_micro002.jres -n -d

Executing subprocess:
/data/chodera/schrodinger/schrodinger2017-4-advanced/jaguar-v9.8/bin/Linux-x86_64/pka -o SM07_micro002_prot-out.mae -j SM07_micro002.jres -n

pKa calculation for SM07_micro002 completed.

pKa workflow jag_SM07_micro002_SM07_micro012 completed.

Timer (Jaguar pKa) : 3828.12 secs (1 hrs, 03 mins, 48 secs)
Timer (jaguar_backend.py) : 3828.12 secs (1 hrs, 03 mins, 48 secs)
Finished:   Fri May  4 12:26:09 2018
