Command:    jaguar run pka.py -jobname jag_SM07_micro015_SM07_micro007 -PARALLEL 10 -n -csrch -prot SM07_micro015.in -deprot SM07_micro007.in
Release:    2017-4
Exec:       /data/chodera/schrodinger/schrodinger2017-4-advanced/jaguar-v9.8/bin/Linux-x86_64
Host:       ls07
JobId:      lilac-0-5aec7b0e
JobDir:     /lila/data/chodera/schrodinger/tmpdir/rustenburg/jag_SM07_micro015_SM07_micro007
Date:       Fri May  4 11:25:27 2018

Contents of /lila/data/chodera/schrodinger/tmpdir/rustenburg/jag_SM07_micro015_SM07_micro007:
/lila/data/chodera/schrodinger/tmpdir/rustenburg/jag_SM07_micro015_SM07_micro007/SM07_micro007.mae
/lila/data/chodera/schrodinger/tmpdir/rustenburg/jag_SM07_micro015_SM07_micro007/lilac-0-5aec7b0e.jlog
/lila/data/chodera/schrodinger/tmpdir/rustenburg/jag_SM07_micro015_SM07_micro007/jag_SM07_micro015_SM07_micro007.log
/lila/data/chodera/schrodinger/tmpdir/rustenburg/jag_SM07_micro015_SM07_micro007/lilac-0-5aec7b0e.hosts
/lila/data/chodera/schrodinger/tmpdir/rustenburg/jag_SM07_micro015_SM07_micro007/jag_SM07_micro015_SM07_micro007.recover
/lila/data/chodera/schrodinger/tmpdir/rustenburg/jag_SM07_micro015_SM07_micro007/SM07_micro007.in
/lila/data/chodera/schrodinger/tmpdir/rustenburg/jag_SM07_micro015_SM07_micro007/lilac-0-5aec7b0e.nodes
/lila/data/chodera/schrodinger/tmpdir/rustenburg/jag_SM07_micro015_SM07_micro007/lilac-0-5aec7b0e
/lila/data/chodera/schrodinger/tmpdir/rustenburg/jag_SM07_micro015_SM07_micro007/lilac-0-5aec7b0e.recover
/lila/data/chodera/schrodinger/tmpdir/rustenburg/jag_SM07_micro015_SM07_micro007/SM07_micro015.mae
/lila/data/chodera/schrodinger/tmpdir/rustenburg/jag_SM07_micro015_SM07_micro007/lilac-0-5aec7b0e.mpinodes
/lila/data/chodera/schrodinger/tmpdir/rustenburg/jag_SM07_micro015_SM07_micro007/SM07_micro015.in

=====================
 Jaguar pKa workflow
=====================

Analysing user-provided (prot, deprot) pair:
(SM07_micro015.in, SM07_micro007.in)
Found labile hydrogen 19 in SM07_micro015.in
Found labile hydrogen at atom 8 in SM07_micro007.in
Adding 'ipkat' keyword to input files.

Identifying pKa functional group for pair:
(SM07_micro015, SM07_micro007)

Executing subprocess:
/data/chodera/schrodinger/schrodinger2017-4-advanced/jaguar-v9.8/bin/Linux-x86_64/pka -i -j SM07_micro015.tmp.jres -n

Taking protonated structures from:
SM07_micro015.mae
Taking deprotonated structures from:
SM07_micro007.mae

This molecule from 'SM07_micro015.mae' in water was recognized as:

 # 	                  Shell                   
---	------------------------------------------
1: 	Protonation of sp3-like aliphatic nitrogen
2: 	Protonation of generic atom               


Executing conformational search...

Executing 2 distributed subjobs:
---------------------------------

No more than 8 cpu(s) will be used per subjob.
No more than 10 cpu(s) will be used simultaneously.

Processing the following subjobs:
(1) jaguar run csrch.py SM07_micro015.mae -jobname SM07_micro015 -max_conf 5 -erg_window 50.208 -acc_level 1 -TPP 5
(2) jaguar run csrch.py SM07_micro007.mae -jobname SM07_micro007 -max_conf 5 -erg_window 50.208 -acc_level 1 -TPP 5

Running subjobs on hosts:
  lsf-cpu (Max: 2)
Number of jobs:       2
Max retries per job:  3
Max allowed failures: unlimited
Run with -LOCAL:      False
Verbosity:            normal

Starting JobDJ...

Keep one job on driver host: False
JobDJ columns:
  C: Number of completed subjobs
  A: Number of active subjobs (e.g., submitted, running)
  W: Number of waiting/pending subjobs

C A W | Activity  JobId  JobName  JobHost
- - - | --------- -----------------------
0 1 1 | launched  ls07-0-5aec7b6f SM07_micro015 lsf-cpu
0 2 0 | launched  ls07-0-5aec7b72 SM07_micro007 lsf-cpu
1 1 0 | finished  ls07-0-5aec7b6f SM07_micro015 lsf-cpu
2 0 0 | finished  ls07-0-5aec7b72 SM07_micro007 lsf-cpu [ls13]

All jobs have completed.

2 of 2 job(s) succeeded; 0 job(s) failed.

Timer (distribute subjobs) : 1053.76 secs (0 hrs, 17 mins, 33 secs)

Setting up QM workflow for (protonated, deprotonated) pair:
(1) (SM07_micro015, SM07_micro007)

Executing Jaguar quantum-mechanical subjobs...

Executing 10 distributed subjobs:
----------------------------------

No more than 8 cpu(s) will be used per subjob.
No more than 10 cpu(s) will be used simultaneously.

Processing the following subjobs:
(1) jaguar run pka_prot.bat -jobname SM07_micro015_conf_1 SM07_micro015_conf_1.in
(2) jaguar run pka_prot.bat -jobname SM07_micro015_conf_2 SM07_micro015_conf_2.in
(3) jaguar run pka_prot.bat -jobname SM07_micro015_conf_3 SM07_micro015_conf_3.in
(4) jaguar run pka_prot.bat -jobname SM07_micro015_conf_4 SM07_micro015_conf_4.in
(5) jaguar run pka_prot.bat -jobname SM07_micro015_conf_5 SM07_micro015_conf_5.in
(6) jaguar run pka_deprot.bat -jobname SM07_micro007_conf_1 SM07_micro007_conf_1.in
(7) jaguar run pka_deprot.bat -jobname SM07_micro007_conf_2 SM07_micro007_conf_2.in
(8) jaguar run pka_deprot.bat -jobname SM07_micro007_conf_3 SM07_micro007_conf_3.in
(9) jaguar run pka_deprot.bat -jobname SM07_micro007_conf_4 SM07_micro007_conf_4.in
(10) jaguar run pka_deprot.bat -jobname SM07_micro007_conf_5 SM07_micro007_conf_5.in

Running subjobs on hosts:
  lsf-cpu (Max: 10)
Number of jobs:       10
Max retries per job:  3
Max allowed failures: unlimited
Run with -LOCAL:      False
Verbosity:            normal

Starting JobDJ...

Keep one job on driver host: True
JobDJ columns:
  C: Number of completed subjobs
  A: Number of active subjobs (e.g., submitted, running)
  W: Number of waiting/pending subjobs

 C  A  W | Activity  JobId  JobName  JobHost
-- -- -- | --------- -----------------------
 0  1  9 | launched  ls07-0-5aec7f90 SM07_micro015_conf_1 localhost [ls07]
 0  2  8 | launched  ls07-0-5aec7f95 SM07_micro015_conf_2 lsf-cpu
 0  3  7 | launched  ls07-0-5aec7f9c SM07_micro015_conf_3 lsf-cpu
 0  4  6 | launched  ls07-0-5aec7fa1 SM07_micro015_conf_4 lsf-cpu
 0  5  5 | launched  ls07-0-5aec7fa8 SM07_micro015_conf_5 lsf-cpu
 0  6  4 | launched  ls07-0-5aec7fae SM07_micro007_conf_1 lsf-cpu
 0  7  3 | launched  ls07-0-5aec7fb4 SM07_micro007_conf_2 lsf-cpu
 0  8  2 | launched  ls07-0-5aec7fba SM07_micro007_conf_3 lsf-cpu
 0  9  1 | launched  ls07-0-5aec7fc1 SM07_micro007_conf_4 lsf-cpu
 0 10  0 | launched  ls07-0-5aec7fc7 SM07_micro007_conf_5 lsf-cpu
 1  9  0 | finished  ls07-0-5aec7fa8 SM07_micro015_conf_5 lsf-cpu [lt16]
 2  8  0 | finished  ls07-0-5aec7fc7 SM07_micro007_conf_5 lsf-cpu [ls01]
 3  7  0 | finished  ls07-0-5aec7fc1 SM07_micro007_conf_4 lsf-cpu [ls18]
 4  6  0 | finished  ls07-0-5aec7f9c SM07_micro015_conf_3 lsf-cpu [ls01]
 5  5  0 | finished  ls07-0-5aec7fae SM07_micro007_conf_1 lsf-cpu [ls01]
 6  4  0 | finished  ls07-0-5aec7fb4 SM07_micro007_conf_2 lsf-cpu [ls10]
 7  3  0 | finished  ls07-0-5aec7fba SM07_micro007_conf_3 lsf-cpu [ls18]
 8  2  0 | finished  ls07-0-5aec7f90 SM07_micro015_conf_1 localhost [ls07]
 9  1  0 | finished  ls07-0-5aec7f95 SM07_micro015_conf_2 lsf-cpu [ls15]
10  0  0 | finished  ls07-0-5aec7fa1 SM07_micro015_conf_4 lsf-cpu [lt16]

All jobs have completed.

10 of 10 job(s) succeeded; 0 job(s) failed.

Timer (distribute subjobs) : 7863.89 secs (2 hrs, 11 mins, 03 secs)

Processing QM output files...

Executing subprocess:
/data/chodera/schrodinger/schrodinger2017-4-advanced/jaguar results -energy SM07_micro015_conf_1.nrg_h.out

Executing subprocess:
/data/chodera/schrodinger/schrodinger2017-4-advanced/jaguar results -esolv SM07_micro015_conf_1.sol_h.out

Executing subprocess:
/data/chodera/schrodinger/schrodinger2017-4-advanced/jaguar results -energy SM07_micro015_conf_2.nrg_h.out

Executing subprocess:
/data/chodera/schrodinger/schrodinger2017-4-advanced/jaguar results -esolv SM07_micro015_conf_2.sol_h.out

Executing subprocess:
/data/chodera/schrodinger/schrodinger2017-4-advanced/jaguar results -energy SM07_micro015_conf_3.nrg_h.out

Executing subprocess:
/data/chodera/schrodinger/schrodinger2017-4-advanced/jaguar results -esolv SM07_micro015_conf_3.sol_h.out

Executing subprocess:
/data/chodera/schrodinger/schrodinger2017-4-advanced/jaguar results -energy SM07_micro015_conf_4.nrg_h.out

Executing subprocess:
/data/chodera/schrodinger/schrodinger2017-4-advanced/jaguar results -esolv SM07_micro015_conf_4.sol_h.out

Executing subprocess:
/data/chodera/schrodinger/schrodinger2017-4-advanced/jaguar results -energy SM07_micro015_conf_5.nrg_h.out

Executing subprocess:
/data/chodera/schrodinger/schrodinger2017-4-advanced/jaguar results -esolv SM07_micro015_conf_5.sol_h.out

Executing subprocess:
/data/chodera/schrodinger/schrodinger2017-4-advanced/jaguar results -energy SM07_micro007_conf_1.nrg.out

Executing subprocess:
/data/chodera/schrodinger/schrodinger2017-4-advanced/jaguar results -esolv SM07_micro007_conf_1.sol.out

Executing subprocess:
/data/chodera/schrodinger/schrodinger2017-4-advanced/jaguar results -energy SM07_micro007_conf_2.nrg.out

Executing subprocess:
/data/chodera/schrodinger/schrodinger2017-4-advanced/jaguar results -esolv SM07_micro007_conf_2.sol.out

Executing subprocess:
/data/chodera/schrodinger/schrodinger2017-4-advanced/jaguar results -energy SM07_micro007_conf_3.nrg.out

Executing subprocess:
/data/chodera/schrodinger/schrodinger2017-4-advanced/jaguar results -esolv SM07_micro007_conf_3.sol.out

Executing subprocess:
/data/chodera/schrodinger/schrodinger2017-4-advanced/jaguar results -energy SM07_micro007_conf_4.nrg.out

Executing subprocess:
/data/chodera/schrodinger/schrodinger2017-4-advanced/jaguar results -esolv SM07_micro007_conf_4.sol.out

Executing subprocess:
/data/chodera/schrodinger/schrodinger2017-4-advanced/jaguar results -energy SM07_micro007_conf_5.nrg.out

Executing subprocess:
/data/chodera/schrodinger/schrodinger2017-4-advanced/jaguar results -esolv SM07_micro007_conf_5.sol.out

Executing subprocess:
/data/chodera/schrodinger/schrodinger2017-4-advanced/jaguar-v9.8/bin/Linux-x86_64/pka -o SM07_micro015_deprot-out.mae -j SM07_micro015.jres -n -d

Executing subprocess:
/data/chodera/schrodinger/schrodinger2017-4-advanced/jaguar-v9.8/bin/Linux-x86_64/pka -o SM07_micro015_prot-out.mae -j SM07_micro015.jres -n

pKa calculation for SM07_micro015 completed.

pKa workflow jag_SM07_micro015_SM07_micro007 completed.

Timer (Jaguar pKa) : 9023.89 secs (2 hrs, 30 mins, 23 secs)
Timer (jaguar_backend.py) : 9023.89 secs (2 hrs, 30 mins, 23 secs)
Finished:   Fri May  4 13:55:51 2018
