Command:    jaguar run pka.py -jobname jag_SM23_micro043_SM23_micro021 -PARALLEL 10 -WAIT -n -csrch -prot SM23_micro043.in -deprot SM23_micro021.in
Release:    2017-4
Exec:       /data/chodera/schrodinger/schrodinger2017-4-advanced/jaguar-v9.8/bin/Linux-x86_64
Host:       ls04
JobId:      ls04-0-5af45f73
JobDir:     /lila/data/chodera/schrodinger/tmpdir/rustenburg/jag_SM23_micro043_SM23_micro021.1
Date:       Thu May 10 11:04:29 2018

Contents of /lila/data/chodera/schrodinger/tmpdir/rustenburg/jag_SM23_micro043_SM23_micro021.1:
/lila/data/chodera/schrodinger/tmpdir/rustenburg/jag_SM23_micro043_SM23_micro021.1/SM23_micro021.mae
/lila/data/chodera/schrodinger/tmpdir/rustenburg/jag_SM23_micro043_SM23_micro021.1/SM23_micro043.in
/lila/data/chodera/schrodinger/tmpdir/rustenburg/jag_SM23_micro043_SM23_micro021.1/ls04-0-5af45f73
/lila/data/chodera/schrodinger/tmpdir/rustenburg/jag_SM23_micro043_SM23_micro021.1/SM23_micro043.mae
/lila/data/chodera/schrodinger/tmpdir/rustenburg/jag_SM23_micro043_SM23_micro021.1/ls04-0-5af45f73.mpinodes
/lila/data/chodera/schrodinger/tmpdir/rustenburg/jag_SM23_micro043_SM23_micro021.1/jag_SM23_micro043_SM23_micro021.recover
/lila/data/chodera/schrodinger/tmpdir/rustenburg/jag_SM23_micro043_SM23_micro021.1/SM23_micro021.in
/lila/data/chodera/schrodinger/tmpdir/rustenburg/jag_SM23_micro043_SM23_micro021.1/jag_SM23_micro043_SM23_micro021.log
/lila/data/chodera/schrodinger/tmpdir/rustenburg/jag_SM23_micro043_SM23_micro021.1/ls04-0-5af45f73.recover

=====================
 Jaguar pKa workflow
=====================

Analysing user-provided (prot, deprot) pair:
(SM23_micro043.in, SM23_micro021.in)
Found labile hydrogen 34 in SM23_micro043.in
Found labile hydrogen at atom 20 in SM23_micro021.in
Adding 'ipkat' keyword to input files.

Identifying pKa functional group for pair:
(SM23_micro043, SM23_micro021)

Executing subprocess:
/data/chodera/schrodinger/schrodinger2017-4-advanced/jaguar-v9.8/bin/Linux-x86_64/pka -i -j SM23_micro043.tmp.jres -n

Taking protonated structures from:
SM23_micro043.mae
Taking deprotonated structures from:
SM23_micro021.mae

This molecule from 'SM23_micro043.mae' in water was recognized as:

 # 	                  Shell                   
---	------------------------------------------
1: 	secondary aniline                         
2: 	Protonation of sp3-like aliphatic nitrogen
3: 	Protonation of generic atom               


Executing conformational search...

Executing 2 distributed subjobs:
---------------------------------

No more than 8 cpu(s) will be used per subjob.
No more than 10 cpu(s) will be used simultaneously.

Processing the following subjobs:
(1) jaguar run csrch.py SM23_micro043.mae -jobname SM23_micro043 -max_conf 5 -erg_window 50.208 -acc_level 1 -TPP 5
(2) jaguar run csrch.py SM23_micro021.mae -jobname SM23_micro021 -max_conf 5 -erg_window 50.208 -acc_level 1 -TPP 5

Running subjobs on hosts:
  localhost (Max: 2)
Number of jobs:       2
Max retries per job:  3
Max allowed failures: unlimited
Run with -LOCAL:      False
Verbosity:            normal

Starting JobDJ...

Keep one job on driver host: False
JobDJ columns:
  C: Number of completed subjobs
  A: Number of active subjobs (e.g., submitted, running)
  W: Number of waiting/pending subjobs

C A W | Activity  JobId  JobName  JobHost
- - - | --------- -----------------------
0 1 1 | launched  ls04-1-5af45f82 SM23_micro043 localhost [ls04]
0 2 0 | launched  ls04-0-5af45f85 SM23_micro021 localhost [ls04]
1 1 0 | finished  ls04-0-5af45f85 SM23_micro021 localhost [ls04]
2 0 0 | finished  ls04-1-5af45f82 SM23_micro043 localhost [ls04]

All jobs have completed.

2 of 2 job(s) succeeded; 0 job(s) failed.

Timer (distribute subjobs) : 3434.67 secs (0 hrs, 57 mins, 14 secs)

Setting up QM workflow for (protonated, deprotonated) pair:
(1) (SM23_micro043, SM23_micro021)

Executing Jaguar quantum-mechanical subjobs...

Executing 10 distributed subjobs:
----------------------------------

No more than 8 cpu(s) will be used per subjob.
No more than 10 cpu(s) will be used simultaneously.

Processing the following subjobs:
(1) jaguar run pka_prot.bat -jobname SM23_micro043_conf_1 SM23_micro043_conf_1.in
(2) jaguar run pka_prot.bat -jobname SM23_micro043_conf_2 SM23_micro043_conf_2.in
(3) jaguar run pka_prot.bat -jobname SM23_micro043_conf_3 SM23_micro043_conf_3.in
(4) jaguar run pka_prot.bat -jobname SM23_micro043_conf_4 SM23_micro043_conf_4.in
(5) jaguar run pka_prot.bat -jobname SM23_micro043_conf_5 SM23_micro043_conf_5.in
(6) jaguar run pka_deprot.bat -jobname SM23_micro021_conf_1 SM23_micro021_conf_1.in
(7) jaguar run pka_deprot.bat -jobname SM23_micro021_conf_2 SM23_micro021_conf_2.in
(8) jaguar run pka_deprot.bat -jobname SM23_micro021_conf_3 SM23_micro021_conf_3.in
(9) jaguar run pka_deprot.bat -jobname SM23_micro021_conf_4 SM23_micro021_conf_4.in
(10) jaguar run pka_deprot.bat -jobname SM23_micro021_conf_5 SM23_micro021_conf_5.in

Running subjobs on hosts:
  localhost (Max: 10)
Number of jobs:       10
Max retries per job:  3
Max allowed failures: unlimited
Run with -LOCAL:      False
Verbosity:            normal

Starting JobDJ...

Keep one job on driver host: False
JobDJ columns:
  C: Number of completed subjobs
  A: Number of active subjobs (e.g., submitted, running)
  W: Number of waiting/pending subjobs

 C  A  W | Activity  JobId  JobName  JobHost
-- -- -- | --------- -----------------------
 0  1  9 | launched  ls04-0-5af46d14 SM23_micro043_conf_1 localhost [ls04]
 0  2  8 | launched  ls04-0-5af46d2b SM23_micro043_conf_2 localhost [ls04]
 0  3  7 | launched  ls04-0-5af46d41 SM23_micro043_conf_3 localhost [ls04]
 0  4  6 | launched  ls04-1-5af46d4c SM23_micro043_conf_4 localhost [ls04]
 0  5  5 | launched  ls04-0-5af46d77 SM23_micro043_conf_5 localhost [ls04]
 0  6  4 | launched  ls04-1-5af46d8e SM23_micro021_conf_1 localhost [ls04]
 0  7  3 | launched  ls04-1-5af46dad SM23_micro021_conf_2 localhost [ls04]
 0  8  2 | launched  ls04-0-5af46dc0 SM23_micro021_conf_3 localhost [ls04]
 0  9  1 | launched  ls04-0-5af46dd7 SM23_micro021_conf_4 localhost [ls04]
 0 10  0 | launched  ls04-1-5af46e15 SM23_micro021_conf_5 localhost [ls04]
 1  9  0 | finished  ls04-1-5af46d4c SM23_micro043_conf_4 localhost [ls04]
 2  8  0 | finished  ls04-0-5af46d14 SM23_micro043_conf_1 localhost [ls04]
 3  7  0 | finished  ls04-0-5af46d2b SM23_micro043_conf_2 localhost [ls04]
 4  6  0 | finished  ls04-0-5af46dd7 SM23_micro021_conf_4 localhost [ls04]
 5  5  0 | finished  ls04-0-5af46dc0 SM23_micro021_conf_3 localhost [ls04]
 6  4  0 | finished  ls04-0-5af46d41 SM23_micro043_conf_3 localhost [ls04]
 7  3  0 | finished  ls04-1-5af46e15 SM23_micro021_conf_5 localhost [ls04]
 8  2  0 | finished  ls04-0-5af46d77 SM23_micro043_conf_5 localhost [ls04]
 9  1  0 | finished  ls04-1-5af46d8e SM23_micro021_conf_1 localhost [ls04]
10  0  0 | finished  ls04-1-5af46dad SM23_micro021_conf_2 localhost [ls04]

All jobs have completed.

10 of 10 job(s) succeeded; 0 job(s) failed.

Timer (distribute subjobs) : 31075.87 secs (8 hrs, 37 mins, 55 secs)

Processing QM output files...

Executing subprocess:
/data/chodera/schrodinger/schrodinger2017-4-advanced/jaguar results -energy SM23_micro043_conf_1.nrg_h.out

Executing subprocess:
/data/chodera/schrodinger/schrodinger2017-4-advanced/jaguar results -esolv SM23_micro043_conf_1.sol_h.out

Executing subprocess:
/data/chodera/schrodinger/schrodinger2017-4-advanced/jaguar results -energy SM23_micro043_conf_2.nrg_h.out

Executing subprocess:
/data/chodera/schrodinger/schrodinger2017-4-advanced/jaguar results -esolv SM23_micro043_conf_2.sol_h.out

Executing subprocess:
/data/chodera/schrodinger/schrodinger2017-4-advanced/jaguar results -energy SM23_micro043_conf_3.nrg_h.out

Executing subprocess:
/data/chodera/schrodinger/schrodinger2017-4-advanced/jaguar results -esolv SM23_micro043_conf_3.sol_h.out

Executing subprocess:
/data/chodera/schrodinger/schrodinger2017-4-advanced/jaguar results -energy SM23_micro043_conf_4.nrg_h.out

Executing subprocess:
/data/chodera/schrodinger/schrodinger2017-4-advanced/jaguar results -esolv SM23_micro043_conf_4.sol_h.out

Executing subprocess:
/data/chodera/schrodinger/schrodinger2017-4-advanced/jaguar results -energy SM23_micro043_conf_5.nrg_h.out

Executing subprocess:
/data/chodera/schrodinger/schrodinger2017-4-advanced/jaguar results -esolv SM23_micro043_conf_5.sol_h.out

Executing subprocess:
/data/chodera/schrodinger/schrodinger2017-4-advanced/jaguar results -energy SM23_micro021_conf_1.nrg.out

Executing subprocess:
/data/chodera/schrodinger/schrodinger2017-4-advanced/jaguar results -esolv SM23_micro021_conf_1.sol.out

Executing subprocess:
/data/chodera/schrodinger/schrodinger2017-4-advanced/jaguar results -energy SM23_micro021_conf_2.nrg.out

Executing subprocess:
/data/chodera/schrodinger/schrodinger2017-4-advanced/jaguar results -esolv SM23_micro021_conf_2.sol.out

Executing subprocess:
/data/chodera/schrodinger/schrodinger2017-4-advanced/jaguar results -energy SM23_micro021_conf_3.nrg.out

Executing subprocess:
/data/chodera/schrodinger/schrodinger2017-4-advanced/jaguar results -esolv SM23_micro021_conf_3.sol.out

Executing subprocess:
/data/chodera/schrodinger/schrodinger2017-4-advanced/jaguar results -energy SM23_micro021_conf_4.nrg.out

Executing subprocess:
/data/chodera/schrodinger/schrodinger2017-4-advanced/jaguar results -esolv SM23_micro021_conf_4.sol.out

Executing subprocess:
/data/chodera/schrodinger/schrodinger2017-4-advanced/jaguar results -energy SM23_micro021_conf_5.nrg.out

Executing subprocess:
/data/chodera/schrodinger/schrodinger2017-4-advanced/jaguar results -esolv SM23_micro021_conf_5.sol.out

Executing subprocess:
/data/chodera/schrodinger/schrodinger2017-4-advanced/jaguar-v9.8/bin/Linux-x86_64/pka -o SM23_micro043_deprot-out.mae -j SM23_micro043.jres -n -d

Executing subprocess:
/data/chodera/schrodinger/schrodinger2017-4-advanced/jaguar-v9.8/bin/Linux-x86_64/pka -o SM23_micro043_prot-out.mae -j SM23_micro043.jres -n

pKa calculation for SM23_micro043 completed.

pKa workflow jag_SM23_micro043_SM23_micro021 completed.

Timer (Jaguar pKa) : 34581.94 secs (9 hrs, 36 mins, 21 secs)
Timer (jaguar_backend.py) : 34581.94 secs (9 hrs, 36 mins, 21 secs)
Finished:   Thu May 10 20:40:51 2018
