Taking protonated structures from:
SM10_micro038_conf_1.dft_h.01.mae
SM10_micro038_conf_2.dft_h.01.mae
SM10_micro038_conf_3.dft_h.01.mae
SM10_micro038_conf_4.dft_h.01.mae
SM10_micro038_conf_5.dft_h.01.mae
Taking deprotonated structures from:
SM10_micro010_conf_1.dft.01.mae
SM10_micro010_conf_2.dft.01.mae
SM10_micro010_conf_3.dft.01.mae
SM10_micro010_conf_4.dft.01.mae
SM10_micro010_conf_5.dft.01.mae

Corrected results for 'protonated' structure in water:
pKa atom: 25

 # 	           Shell           	 pKa 	RMSD	 Contribution
---	---------------------------	-----	-----	--------------
1: 	thiazole/benzothiazole     	-0.09	0.647	    94.71%
2: 	heterocycle                	 0.32	0.837	     4.29%
3: 	Protonation of generic atom	 1.65	2.264	     1.00%

 Final weighted pKa value is -0.06



