Command:    jaguar run pka.py -jobname jag_SM09_micro015_SM09_micro008 -PARALLEL 10 -n -csrch -prot SM09_micro015.in -deprot SM09_micro008.in
Release:    2017-4
Exec:       /data/chodera/schrodinger/schrodinger2017-4-advanced/jaguar-v9.8/bin/Linux-x86_64
Host:       lt17
JobId:      lilac-0-5aec7fc9
JobDir:     /lila/data/chodera/schrodinger/tmpdir/rustenburg/jag_SM09_micro015_SM09_micro008
Date:       Fri May  4 11:47:07 2018

Contents of /lila/data/chodera/schrodinger/tmpdir/rustenburg/jag_SM09_micro015_SM09_micro008:
/lila/data/chodera/schrodinger/tmpdir/rustenburg/jag_SM09_micro015_SM09_micro008/jag_SM09_micro015_SM09_micro008.log
/lila/data/chodera/schrodinger/tmpdir/rustenburg/jag_SM09_micro015_SM09_micro008/lilac-0-5aec7fc9.nodes
/lila/data/chodera/schrodinger/tmpdir/rustenburg/jag_SM09_micro015_SM09_micro008/SM09_micro015.mae
/lila/data/chodera/schrodinger/tmpdir/rustenburg/jag_SM09_micro015_SM09_micro008/lilac-0-5aec7fc9.jlog
/lila/data/chodera/schrodinger/tmpdir/rustenburg/jag_SM09_micro015_SM09_micro008/lilac-0-5aec7fc9.hosts
/lila/data/chodera/schrodinger/tmpdir/rustenburg/jag_SM09_micro015_SM09_micro008/lilac-0-5aec7fc9
/lila/data/chodera/schrodinger/tmpdir/rustenburg/jag_SM09_micro015_SM09_micro008/SM09_micro008.in
/lila/data/chodera/schrodinger/tmpdir/rustenburg/jag_SM09_micro015_SM09_micro008/lilac-0-5aec7fc9.mpinodes
/lila/data/chodera/schrodinger/tmpdir/rustenburg/jag_SM09_micro015_SM09_micro008/SM09_micro015.in
/lila/data/chodera/schrodinger/tmpdir/rustenburg/jag_SM09_micro015_SM09_micro008/jag_SM09_micro015_SM09_micro008.recover
/lila/data/chodera/schrodinger/tmpdir/rustenburg/jag_SM09_micro015_SM09_micro008/SM09_micro008.mae
/lila/data/chodera/schrodinger/tmpdir/rustenburg/jag_SM09_micro015_SM09_micro008/lilac-0-5aec7fc9.recover

=====================
 Jaguar pKa workflow
=====================

Analysing user-provided (prot, deprot) pair:
(SM09_micro015.in, SM09_micro008.in)
Found labile hydrogen 22 in SM09_micro015.in
Found labile hydrogen at atom 11 in SM09_micro008.in
Adding 'ipkat' keyword to input files.

Identifying pKa functional group for pair:
(SM09_micro015, SM09_micro008)

Executing subprocess:
/data/chodera/schrodinger/schrodinger2017-4-advanced/jaguar-v9.8/bin/Linux-x86_64/pka -i -j SM09_micro015.tmp.jres -n

Taking protonated structures from:
SM09_micro015.mae
Taking deprotonated structures from:
SM09_micro008.mae

This molecule from 'SM09_micro015.mae' in water was recognized as:

 # 	           Shell           
---	---------------------------
1: 	Protonation of generic atom


Executing conformational search...

Executing 2 distributed subjobs:
---------------------------------

No more than 8 cpu(s) will be used per subjob.
No more than 10 cpu(s) will be used simultaneously.

Processing the following subjobs:
(1) jaguar run csrch.py SM09_micro015.mae -jobname SM09_micro015 -max_conf 5 -erg_window 50.208 -acc_level 1 -TPP 5
(2) jaguar run csrch.py SM09_micro008.mae -jobname SM09_micro008 -max_conf 5 -erg_window 50.208 -acc_level 1 -TPP 5

Running subjobs on hosts:
  lsf-cpu (Max: 2)
Number of jobs:       2
Max retries per job:  3
Max allowed failures: unlimited
Run with -LOCAL:      False
Verbosity:            normal

Starting JobDJ...

Keep one job on driver host: False
JobDJ columns:
  C: Number of completed subjobs
  A: Number of active subjobs (e.g., submitted, running)
  W: Number of waiting/pending subjobs

C A W | Activity  JobId  JobName  JobHost
- - - | --------- -----------------------
0 1 1 | launched  lt17-0-5aec8083 SM09_micro015 lsf-cpu
0 2 0 | launched  lt17-2-5aec8089 SM09_micro008 lsf-cpu
1 1 0 | finished  lt17-0-5aec8083 SM09_micro015 lsf-cpu
2 0 0 | finished  lt17-2-5aec8089 SM09_micro008 lsf-cpu [ls11]

All jobs have completed.

2 of 2 job(s) succeeded; 0 job(s) failed.

Timer (distribute subjobs) : 935.80 secs (0 hrs, 15 mins, 35 secs)

Setting up QM workflow for (protonated, deprotonated) pair:
(1) (SM09_micro015, SM09_micro008)

Executing Jaguar quantum-mechanical subjobs...

Executing 10 distributed subjobs:
----------------------------------

No more than 8 cpu(s) will be used per subjob.
No more than 10 cpu(s) will be used simultaneously.

Processing the following subjobs:
(1) jaguar run pka_prot.bat -jobname SM09_micro015_conf_1 SM09_micro015_conf_1.in
(2) jaguar run pka_prot.bat -jobname SM09_micro015_conf_2 SM09_micro015_conf_2.in
(3) jaguar run pka_prot.bat -jobname SM09_micro015_conf_3 SM09_micro015_conf_3.in
(4) jaguar run pka_prot.bat -jobname SM09_micro015_conf_4 SM09_micro015_conf_4.in
(5) jaguar run pka_prot.bat -jobname SM09_micro015_conf_5 SM09_micro015_conf_5.in
(6) jaguar run pka_deprot.bat -jobname SM09_micro008_conf_1 SM09_micro008_conf_1.in
(7) jaguar run pka_deprot.bat -jobname SM09_micro008_conf_2 SM09_micro008_conf_2.in
(8) jaguar run pka_deprot.bat -jobname SM09_micro008_conf_3 SM09_micro008_conf_3.in
(9) jaguar run pka_deprot.bat -jobname SM09_micro008_conf_4 SM09_micro008_conf_4.in
(10) jaguar run pka_deprot.bat -jobname SM09_micro008_conf_5 SM09_micro008_conf_5.in

Running subjobs on hosts:
  lsf-cpu (Max: 10)
Number of jobs:       10
Max retries per job:  3
Max allowed failures: unlimited
Run with -LOCAL:      False
Verbosity:            normal

Starting JobDJ...

Keep one job on driver host: True
JobDJ columns:
  C: Number of completed subjobs
  A: Number of active subjobs (e.g., submitted, running)
  W: Number of waiting/pending subjobs

 C  A  W | Activity  JobId  JobName  JobHost
-- -- -- | --------- -----------------------
 0  1  9 | launched  lt17-0-5aec842e SM09_micro015_conf_1 localhost [lt17]
 0  2  8 | launched  lt17-0-5aec8432 SM09_micro015_conf_2 lsf-cpu
 0  3  7 | launched  lt17-0-5aec8436 SM09_micro015_conf_3 lsf-cpu
 0  4  6 | launched  lt17-0-5aec843a SM09_micro015_conf_4 lsf-cpu
 0  5  5 | launched  lt17-0-5aec843d SM09_micro015_conf_5 lsf-cpu
 0  6  4 | launched  lt17-0-5aec8443 SM09_micro008_conf_1 lsf-cpu
 0  7  3 | launched  lt17-0-5aec8461 SM09_micro008_conf_2 lsf-cpu
 0  8  2 | launched  lt17-1-5aec8476 SM09_micro008_conf_3 lsf-cpu
 0  9  1 | launched  lt17-1-5aec84d0 SM09_micro008_conf_4 lsf-cpu
 0 10  0 | launched  lt17-0-5aec84f1 SM09_micro008_conf_5 lsf-cpu
 1  9  0 | finished  lt17-1-5aec8476 SM09_micro008_conf_3 lsf-cpu [ls11]
 2  8  0 | finished  lt17-0-5aec842e SM09_micro015_conf_1 localhost [lt17]
 3  7  0 | finished  lt17-0-5aec8461 SM09_micro008_conf_2 lsf-cpu [ls11]
 4  6  0 | finished  lt17-0-5aec84f1 SM09_micro008_conf_5 lsf-cpu [ls10]
 5  5  0 | finished  lt17-0-5aec8432 SM09_micro015_conf_2 lsf-cpu [lt02]
 6  4  0 | finished  lt17-1-5aec84d0 SM09_micro008_conf_4 lsf-cpu [ls18]
 7  3  0 | finished  lt17-0-5aec843a SM09_micro015_conf_4 lsf-cpu [lt02]
 8  2  0 | finished  lt17-0-5aec8443 SM09_micro008_conf_1 lsf-cpu [lt05]
 9  1  0 | finished  lt17-0-5aec843d SM09_micro015_conf_5 lsf-cpu [lt02]
10  0  0 | finished  lt17-0-5aec8436 SM09_micro015_conf_3 lsf-cpu [lt02]

All jobs have completed.

10 of 10 job(s) succeeded; 0 job(s) failed.

Timer (distribute subjobs) : 4699.79 secs (1 hrs, 18 mins, 19 secs)

Processing QM output files...

Executing subprocess:
/data/chodera/schrodinger/schrodinger2017-4-advanced/jaguar results -energy SM09_micro015_conf_1.nrg_h.out

Executing subprocess:
/data/chodera/schrodinger/schrodinger2017-4-advanced/jaguar results -esolv SM09_micro015_conf_1.sol_h.out

Executing subprocess:
/data/chodera/schrodinger/schrodinger2017-4-advanced/jaguar results -energy SM09_micro015_conf_2.nrg_h.out

Executing subprocess:
/data/chodera/schrodinger/schrodinger2017-4-advanced/jaguar results -esolv SM09_micro015_conf_2.sol_h.out

Executing subprocess:
/data/chodera/schrodinger/schrodinger2017-4-advanced/jaguar results -energy SM09_micro015_conf_3.nrg_h.out

Executing subprocess:
/data/chodera/schrodinger/schrodinger2017-4-advanced/jaguar results -esolv SM09_micro015_conf_3.sol_h.out

Executing subprocess:
/data/chodera/schrodinger/schrodinger2017-4-advanced/jaguar results -energy SM09_micro015_conf_4.nrg_h.out

Executing subprocess:
/data/chodera/schrodinger/schrodinger2017-4-advanced/jaguar results -esolv SM09_micro015_conf_4.sol_h.out

Executing subprocess:
/data/chodera/schrodinger/schrodinger2017-4-advanced/jaguar results -energy SM09_micro015_conf_5.nrg_h.out

Executing subprocess:
/data/chodera/schrodinger/schrodinger2017-4-advanced/jaguar results -esolv SM09_micro015_conf_5.sol_h.out

Executing subprocess:
/data/chodera/schrodinger/schrodinger2017-4-advanced/jaguar results -energy SM09_micro008_conf_1.nrg.out

Executing subprocess:
/data/chodera/schrodinger/schrodinger2017-4-advanced/jaguar results -esolv SM09_micro008_conf_1.sol.out

Executing subprocess:
/data/chodera/schrodinger/schrodinger2017-4-advanced/jaguar results -energy SM09_micro008_conf_2.nrg.out

Executing subprocess:
/data/chodera/schrodinger/schrodinger2017-4-advanced/jaguar results -esolv SM09_micro008_conf_2.sol.out

Executing subprocess:
/data/chodera/schrodinger/schrodinger2017-4-advanced/jaguar results -energy SM09_micro008_conf_3.nrg.out

Executing subprocess:
/data/chodera/schrodinger/schrodinger2017-4-advanced/jaguar results -esolv SM09_micro008_conf_3.sol.out

Executing subprocess:
/data/chodera/schrodinger/schrodinger2017-4-advanced/jaguar results -energy SM09_micro008_conf_4.nrg.out

Executing subprocess:
/data/chodera/schrodinger/schrodinger2017-4-advanced/jaguar results -esolv SM09_micro008_conf_4.sol.out

Executing subprocess:
/data/chodera/schrodinger/schrodinger2017-4-advanced/jaguar results -energy SM09_micro008_conf_5.nrg.out

Executing subprocess:
/data/chodera/schrodinger/schrodinger2017-4-advanced/jaguar results -esolv SM09_micro008_conf_5.sol.out

Executing subprocess:
/data/chodera/schrodinger/schrodinger2017-4-advanced/jaguar-v9.8/bin/Linux-x86_64/pka -o SM09_micro015_deprot-out.mae -j SM09_micro015.jres -n -d

Executing subprocess:
/data/chodera/schrodinger/schrodinger2017-4-advanced/jaguar-v9.8/bin/Linux-x86_64/pka -o SM09_micro015_prot-out.mae -j SM09_micro015.jres -n

pKa calculation for SM09_micro015 completed.

pKa workflow jag_SM09_micro015_SM09_micro008 completed.

Timer (Jaguar pKa) : 5738.98 secs (1 hrs, 35 mins, 38 secs)
Timer (jaguar_backend.py) : 5738.98 secs (1 hrs, 35 mins, 38 secs)
Finished:   Fri May  4 13:22:46 2018
