Taking protonated structures from:
SM21_micro031_conf_1.dft_h.01.mae
SM21_micro031_conf_2.dft_h.01.mae
SM21_micro031_conf_3.dft_h.01.mae
SM21_micro031_conf_4.dft_h.01.mae
SM21_micro031_conf_5.dft_h.01.mae
Taking deprotonated structures from:
SM21_micro022_conf_1.dft.01.mae
SM21_micro022_conf_2.dft.01.mae
SM21_micro022_conf_3.dft.01.mae
SM21_micro022_conf_4.dft.01.mae
SM21_micro022_conf_5.dft.01.mae

Corrected results for 'protonated' structure in water:
pKa atom: 26

 # 	                  Shell                   	 pKa 	RMSD	 Contribution
---	------------------------------------------	-----	-----	--------------
1: 	secondary aniline                         	-6.93	0.275	    94.18%
2: 	Protonation of sp3-like aliphatic nitrogen	-5.97	1.715	     4.20%
3: 	Protonation of generic atom               	-5.90	2.264	     1.63%

 Final weighted pKa value is -6.87



