Command:    jaguar run pka.py -jobname jag_SM09_micro013_SM09_micro001 -PARALLEL 10 -n -csrch -prot SM09_micro013.in -deprot SM09_micro001.in
Release:    2017-4
Exec:       /data/chodera/schrodinger/schrodinger2017-4-advanced/jaguar-v9.8/bin/Linux-x86_64
Host:       ls13
JobId:      lilac-0-5aec7f75
JobDir:     /lila/data/chodera/schrodinger/tmpdir/rustenburg/jag_SM09_micro013_SM09_micro001
Date:       Fri May  4 11:43:13 2018

Contents of /lila/data/chodera/schrodinger/tmpdir/rustenburg/jag_SM09_micro013_SM09_micro001:
/lila/data/chodera/schrodinger/tmpdir/rustenburg/jag_SM09_micro013_SM09_micro001/SM09_micro013.mae
/lila/data/chodera/schrodinger/tmpdir/rustenburg/jag_SM09_micro013_SM09_micro001/jag_SM09_micro013_SM09_micro001.recover
/lila/data/chodera/schrodinger/tmpdir/rustenburg/jag_SM09_micro013_SM09_micro001/lilac-0-5aec7f75
/lila/data/chodera/schrodinger/tmpdir/rustenburg/jag_SM09_micro013_SM09_micro001/lilac-0-5aec7f75.nodes
/lila/data/chodera/schrodinger/tmpdir/rustenburg/jag_SM09_micro013_SM09_micro001/lilac-0-5aec7f75.hosts
/lila/data/chodera/schrodinger/tmpdir/rustenburg/jag_SM09_micro013_SM09_micro001/SM09_micro001.mae
/lila/data/chodera/schrodinger/tmpdir/rustenburg/jag_SM09_micro013_SM09_micro001/lilac-0-5aec7f75.mpinodes
/lila/data/chodera/schrodinger/tmpdir/rustenburg/jag_SM09_micro013_SM09_micro001/SM09_micro001.in
/lila/data/chodera/schrodinger/tmpdir/rustenburg/jag_SM09_micro013_SM09_micro001/lilac-0-5aec7f75.recover
/lila/data/chodera/schrodinger/tmpdir/rustenburg/jag_SM09_micro013_SM09_micro001/jag_SM09_micro013_SM09_micro001.log
/lila/data/chodera/schrodinger/tmpdir/rustenburg/jag_SM09_micro013_SM09_micro001/lilac-0-5aec7f75.jlog
/lila/data/chodera/schrodinger/tmpdir/rustenburg/jag_SM09_micro013_SM09_micro001/SM09_micro013.in

=====================
 Jaguar pKa workflow
=====================

Analysing user-provided (prot, deprot) pair:
(SM09_micro013.in, SM09_micro001.in)
Found labile hydrogen 20 in SM09_micro013.in
Found labile hydrogen at atom 11 in SM09_micro001.in
Adding 'ipkat' keyword to input files.

Identifying pKa functional group for pair:
(SM09_micro013, SM09_micro001)

Executing subprocess:
/data/chodera/schrodinger/schrodinger2017-4-advanced/jaguar-v9.8/bin/Linux-x86_64/pka -i -j SM09_micro013.tmp.jres -n

Taking protonated structures from:
SM09_micro013.mae
Taking deprotonated structures from:
SM09_micro001.mae

This molecule from 'SM09_micro013.mae' in water was recognized as:

 # 	           Shell           
---	---------------------------
1: 	heterocycle custom 1       
2: 	heterocycle                
3: 	Protonation of generic atom


Executing conformational search...

Executing 2 distributed subjobs:
---------------------------------

No more than 8 cpu(s) will be used per subjob.
No more than 10 cpu(s) will be used simultaneously.

Processing the following subjobs:
(1) jaguar run csrch.py SM09_micro013.mae -jobname SM09_micro013 -max_conf 5 -erg_window 50.208 -acc_level 1 -TPP 5
(2) jaguar run csrch.py SM09_micro001.mae -jobname SM09_micro001 -max_conf 5 -erg_window 50.208 -acc_level 1 -TPP 5

Running subjobs on hosts:
  lsf-cpu (Max: 2)
Number of jobs:       2
Max retries per job:  3
Max allowed failures: unlimited
Run with -LOCAL:      False
Verbosity:            normal

Starting JobDJ...

Keep one job on driver host: False
JobDJ columns:
  C: Number of completed subjobs
  A: Number of active subjobs (e.g., submitted, running)
  W: Number of waiting/pending subjobs

C A W | Activity  JobId  JobName  JobHost
- - - | --------- -----------------------
0 1 1 | launched  ls13-1-5aec7f99 SM09_micro013 lsf-cpu
0 2 0 | launched  ls13-0-5aec7f9d SM09_micro001 lsf-cpu
1 1 0 | finished  ls13-1-5aec7f99 SM09_micro013 lsf-cpu
2 0 0 | finished  ls13-0-5aec7f9d SM09_micro001 lsf-cpu

All jobs have completed.

2 of 2 job(s) succeeded; 0 job(s) failed.

Timer (distribute subjobs) : 557.28 secs (0 hrs, 09 mins, 17 secs)

Setting up QM workflow for (protonated, deprotonated) pair:
(1) (SM09_micro013, SM09_micro001)

Executing Jaguar quantum-mechanical subjobs...

Executing 10 distributed subjobs:
----------------------------------

No more than 8 cpu(s) will be used per subjob.
No more than 10 cpu(s) will be used simultaneously.

Processing the following subjobs:
(1) jaguar run pka_prot.bat -jobname SM09_micro013_conf_1 SM09_micro013_conf_1.in
(2) jaguar run pka_prot.bat -jobname SM09_micro013_conf_2 SM09_micro013_conf_2.in
(3) jaguar run pka_prot.bat -jobname SM09_micro013_conf_3 SM09_micro013_conf_3.in
(4) jaguar run pka_prot.bat -jobname SM09_micro013_conf_4 SM09_micro013_conf_4.in
(5) jaguar run pka_prot.bat -jobname SM09_micro013_conf_5 SM09_micro013_conf_5.in
(6) jaguar run pka_deprot.bat -jobname SM09_micro001_conf_1 SM09_micro001_conf_1.in
(7) jaguar run pka_deprot.bat -jobname SM09_micro001_conf_2 SM09_micro001_conf_2.in
(8) jaguar run pka_deprot.bat -jobname SM09_micro001_conf_3 SM09_micro001_conf_3.in
(9) jaguar run pka_deprot.bat -jobname SM09_micro001_conf_4 SM09_micro001_conf_4.in
(10) jaguar run pka_deprot.bat -jobname SM09_micro001_conf_5 SM09_micro001_conf_5.in

Running subjobs on hosts:
  lsf-cpu (Max: 10)
Number of jobs:       10
Max retries per job:  3
Max allowed failures: unlimited
Run with -LOCAL:      False
Verbosity:            normal

Starting JobDJ...

Keep one job on driver host: True
JobDJ columns:
  C: Number of completed subjobs
  A: Number of active subjobs (e.g., submitted, running)
  W: Number of waiting/pending subjobs

 C  A  W | Activity  JobId  JobName  JobHost
-- -- -- | --------- -----------------------
 0  1  9 | launched  ls13-0-5aec81c8 SM09_micro013_conf_1 localhost [ls13]
 0  2  8 | launched  ls13-0-5aec81cf SM09_micro013_conf_2 lsf-cpu
 0  3  7 | launched  ls13-0-5aec81d4 SM09_micro013_conf_3 lsf-cpu
 0  4  6 | launched  ls13-0-5aec81f2 SM09_micro013_conf_4 lsf-cpu
 0  5  5 | launched  ls13-0-5aec820c SM09_micro013_conf_5 lsf-cpu
 0  6  4 | launched  ls13-0-5aec821f SM09_micro001_conf_1 lsf-cpu
 0  7  3 | launched  ls13-0-5aec8239 SM09_micro001_conf_2 lsf-cpu
 0  8  2 | launched  ls13-0-5aec826b SM09_micro001_conf_3 lsf-cpu
 0  9  1 | launched  ls13-0-5aec8282 SM09_micro001_conf_4 lsf-cpu
 0 10  0 | launched  ls13-0-5aec829d SM09_micro001_conf_5 lsf-cpu
 1  9  0 | finished  ls13-0-5aec821f SM09_micro001_conf_1 lsf-cpu [ls18]
 2  8  0 | finished  ls13-0-5aec81cf SM09_micro013_conf_2 lsf-cpu [lt17]
 3  7  0 | finished  ls13-0-5aec81c8 SM09_micro013_conf_1 localhost [ls13]
 4  6  0 | finished  ls13-0-5aec81f2 SM09_micro013_conf_4 lsf-cpu [lt17]
 5  5  0 | finished  ls13-0-5aec820c SM09_micro013_conf_5 lsf-cpu [lt11]
 6  4  0 | finished  ls13-0-5aec8282 SM09_micro001_conf_4 lsf-cpu [lt14]
 7  3  0 | finished  ls13-0-5aec826b SM09_micro001_conf_3 lsf-cpu [lt21]
 8  2  0 | finished  ls13-0-5aec8239 SM09_micro001_conf_2 lsf-cpu [lt22]
 9  1  0 | finished  ls13-0-5aec81d4 SM09_micro013_conf_3 lsf-cpu [lt17]
10  0  0 | finished  ls13-0-5aec829d SM09_micro001_conf_5 lsf-cpu [ls18]

All jobs have completed.

10 of 10 job(s) succeeded; 0 job(s) failed.

Timer (distribute subjobs) : 3737.84 secs (1 hrs, 02 mins, 17 secs)

Processing QM output files...

Executing subprocess:
/data/chodera/schrodinger/schrodinger2017-4-advanced/jaguar results -energy SM09_micro013_conf_1.nrg_h.out

Executing subprocess:
/data/chodera/schrodinger/schrodinger2017-4-advanced/jaguar results -esolv SM09_micro013_conf_1.sol_h.out

Executing subprocess:
/data/chodera/schrodinger/schrodinger2017-4-advanced/jaguar results -energy SM09_micro013_conf_2.nrg_h.out

Executing subprocess:
/data/chodera/schrodinger/schrodinger2017-4-advanced/jaguar results -esolv SM09_micro013_conf_2.sol_h.out

Executing subprocess:
/data/chodera/schrodinger/schrodinger2017-4-advanced/jaguar results -energy SM09_micro013_conf_3.nrg_h.out

Executing subprocess:
/data/chodera/schrodinger/schrodinger2017-4-advanced/jaguar results -esolv SM09_micro013_conf_3.sol_h.out

Executing subprocess:
/data/chodera/schrodinger/schrodinger2017-4-advanced/jaguar results -energy SM09_micro013_conf_4.nrg_h.out

Executing subprocess:
/data/chodera/schrodinger/schrodinger2017-4-advanced/jaguar results -esolv SM09_micro013_conf_4.sol_h.out

Executing subprocess:
/data/chodera/schrodinger/schrodinger2017-4-advanced/jaguar results -energy SM09_micro013_conf_5.nrg_h.out

Executing subprocess:
/data/chodera/schrodinger/schrodinger2017-4-advanced/jaguar results -esolv SM09_micro013_conf_5.sol_h.out

Executing subprocess:
/data/chodera/schrodinger/schrodinger2017-4-advanced/jaguar results -energy SM09_micro001_conf_1.nrg.out

Executing subprocess:
/data/chodera/schrodinger/schrodinger2017-4-advanced/jaguar results -esolv SM09_micro001_conf_1.sol.out

Executing subprocess:
/data/chodera/schrodinger/schrodinger2017-4-advanced/jaguar results -energy SM09_micro001_conf_2.nrg.out

Executing subprocess:
/data/chodera/schrodinger/schrodinger2017-4-advanced/jaguar results -esolv SM09_micro001_conf_2.sol.out

Executing subprocess:
/data/chodera/schrodinger/schrodinger2017-4-advanced/jaguar results -energy SM09_micro001_conf_3.nrg.out

Executing subprocess:
/data/chodera/schrodinger/schrodinger2017-4-advanced/jaguar results -esolv SM09_micro001_conf_3.sol.out

Executing subprocess:
/data/chodera/schrodinger/schrodinger2017-4-advanced/jaguar results -energy SM09_micro001_conf_4.nrg.out

Executing subprocess:
/data/chodera/schrodinger/schrodinger2017-4-advanced/jaguar results -esolv SM09_micro001_conf_4.sol.out

Executing subprocess:
/data/chodera/schrodinger/schrodinger2017-4-advanced/jaguar results -energy SM09_micro001_conf_5.nrg.out

Executing subprocess:
/data/chodera/schrodinger/schrodinger2017-4-advanced/jaguar results -esolv SM09_micro001_conf_5.sol.out

Executing subprocess:
/data/chodera/schrodinger/schrodinger2017-4-advanced/jaguar-v9.8/bin/Linux-x86_64/pka -o SM09_micro013_deprot-out.mae -j SM09_micro013.jres -n -d

Executing subprocess:
/data/chodera/schrodinger/schrodinger2017-4-advanced/jaguar-v9.8/bin/Linux-x86_64/pka -o SM09_micro013_prot-out.mae -j SM09_micro013.jres -n

pKa calculation for SM09_micro013 completed.

pKa workflow jag_SM09_micro013_SM09_micro001 completed.

Timer (Jaguar pKa) : 4425.31 secs (1 hrs, 13 mins, 45 secs)
Timer (jaguar_backend.py) : 4425.31 secs (1 hrs, 13 mins, 45 secs)
Finished:   Fri May  4 12:56:59 2018
