Command:    jaguar run pka.py -jobname jag_SM23_micro025_SM23_micro022 -PARALLEL 10 -WAIT -n -csrch -prot SM23_micro025.in -deprot SM23_micro022.in
Release:    2017-4
Exec:       /data/chodera/schrodinger/schrodinger2017-4-advanced/jaguar-v9.8/bin/Linux-x86_64
Host:       lt22
JobId:      lt22-1-5af45f9c
JobDir:     /lila/data/chodera/schrodinger/tmpdir/rustenburg/jag_SM23_micro025_SM23_micro022.1
Date:       Thu May 10 11:05:02 2018

Contents of /lila/data/chodera/schrodinger/tmpdir/rustenburg/jag_SM23_micro025_SM23_micro022.1:
/lila/data/chodera/schrodinger/tmpdir/rustenburg/jag_SM23_micro025_SM23_micro022.1/lt22-1-5af45f9c
/lila/data/chodera/schrodinger/tmpdir/rustenburg/jag_SM23_micro025_SM23_micro022.1/lt22-1-5af45f9c.mpinodes
/lila/data/chodera/schrodinger/tmpdir/rustenburg/jag_SM23_micro025_SM23_micro022.1/SM23_micro022.in
/lila/data/chodera/schrodinger/tmpdir/rustenburg/jag_SM23_micro025_SM23_micro022.1/lt22-1-5af45f9c.recover
/lila/data/chodera/schrodinger/tmpdir/rustenburg/jag_SM23_micro025_SM23_micro022.1/SM23_micro022.mae
/lila/data/chodera/schrodinger/tmpdir/rustenburg/jag_SM23_micro025_SM23_micro022.1/SM23_micro025.in
/lila/data/chodera/schrodinger/tmpdir/rustenburg/jag_SM23_micro025_SM23_micro022.1/jag_SM23_micro025_SM23_micro022.log
/lila/data/chodera/schrodinger/tmpdir/rustenburg/jag_SM23_micro025_SM23_micro022.1/SM23_micro025.mae
/lila/data/chodera/schrodinger/tmpdir/rustenburg/jag_SM23_micro025_SM23_micro022.1/jag_SM23_micro025_SM23_micro022.recover

=====================
 Jaguar pKa workflow
=====================

Analysing user-provided (prot, deprot) pair:
(SM23_micro025.in, SM23_micro022.in)
Found labile hydrogen 47 in SM23_micro025.in
Found labile hydrogen at atom 20 in SM23_micro022.in
Adding 'ipkat' keyword to input files.

Identifying pKa functional group for pair:
(SM23_micro025, SM23_micro022)

Executing subprocess:
/data/chodera/schrodinger/schrodinger2017-4-advanced/jaguar-v9.8/bin/Linux-x86_64/pka -i -j SM23_micro025.tmp.jres -n

Taking protonated structures from:
SM23_micro025.mae
Taking deprotonated structures from:
SM23_micro022.mae

This molecule from 'SM23_micro025.mae' in water was recognized as:

 # 	                  Shell                   
---	------------------------------------------
1: 	RN=Het                                    
2: 	Protonation of sp2-like aliphatic nitrogen
3: 	Protonation of generic atom               


Executing conformational search...

Executing 2 distributed subjobs:
---------------------------------

No more than 8 cpu(s) will be used per subjob.
No more than 10 cpu(s) will be used simultaneously.

Processing the following subjobs:
(1) jaguar run csrch.py SM23_micro025.mae -jobname SM23_micro025 -max_conf 5 -erg_window 50.208 -acc_level 1 -TPP 5
(2) jaguar run csrch.py SM23_micro022.mae -jobname SM23_micro022 -max_conf 5 -erg_window 50.208 -acc_level 1 -TPP 5

Running subjobs on hosts:
  localhost (Max: 2)
Number of jobs:       2
Max retries per job:  3
Max allowed failures: unlimited
Run with -LOCAL:      False
Verbosity:            normal

Starting JobDJ...

Keep one job on driver host: False
JobDJ columns:
  C: Number of completed subjobs
  A: Number of active subjobs (e.g., submitted, running)
  W: Number of waiting/pending subjobs

C A W | Activity  JobId  JobName  JobHost
- - - | --------- -----------------------
0 1 1 | launched  lt22-0-5af45fa3 SM23_micro025 localhost [lt22]
0 2 0 | launched  lt22-0-5af45fa5 SM23_micro022 localhost [lt22]
1 1 0 | finished  lt22-0-5af45fa3 SM23_micro025 localhost [lt22]
2 0 0 | finished  lt22-0-5af45fa5 SM23_micro022 localhost [lt22]

All jobs have completed.

2 of 2 job(s) succeeded; 0 job(s) failed.

Timer (distribute subjobs) : 2479.08 secs (0 hrs, 41 mins, 19 secs)

Setting up QM workflow for (protonated, deprotonated) pair:
(1) (SM23_micro025, SM23_micro022)

Executing Jaguar quantum-mechanical subjobs...

Executing 10 distributed subjobs:
----------------------------------

No more than 8 cpu(s) will be used per subjob.
No more than 10 cpu(s) will be used simultaneously.

Processing the following subjobs:
(1) jaguar run pka_prot.bat -jobname SM23_micro025_conf_1 SM23_micro025_conf_1.in
(2) jaguar run pka_prot.bat -jobname SM23_micro025_conf_2 SM23_micro025_conf_2.in
(3) jaguar run pka_prot.bat -jobname SM23_micro025_conf_3 SM23_micro025_conf_3.in
(4) jaguar run pka_prot.bat -jobname SM23_micro025_conf_4 SM23_micro025_conf_4.in
(5) jaguar run pka_prot.bat -jobname SM23_micro025_conf_5 SM23_micro025_conf_5.in
(6) jaguar run pka_deprot.bat -jobname SM23_micro022_conf_1 SM23_micro022_conf_1.in
(7) jaguar run pka_deprot.bat -jobname SM23_micro022_conf_2 SM23_micro022_conf_2.in
(8) jaguar run pka_deprot.bat -jobname SM23_micro022_conf_3 SM23_micro022_conf_3.in
(9) jaguar run pka_deprot.bat -jobname SM23_micro022_conf_4 SM23_micro022_conf_4.in
(10) jaguar run pka_deprot.bat -jobname SM23_micro022_conf_5 SM23_micro022_conf_5.in

Running subjobs on hosts:
  localhost (Max: 10)
Number of jobs:       10
Max retries per job:  3
Max allowed failures: unlimited
Run with -LOCAL:      False
Verbosity:            normal

Starting JobDJ...

Keep one job on driver host: False
JobDJ columns:
  C: Number of completed subjobs
  A: Number of active subjobs (e.g., submitted, running)
  W: Number of waiting/pending subjobs

 C  A  W | Activity  JobId  JobName  JobHost
-- -- -- | --------- -----------------------
 0  1  9 | launched  lt22-1-5af46964 SM23_micro025_conf_1 localhost [lt22]
 0  2  8 | launched  lt22-2-5af46969 SM23_micro025_conf_2 localhost [lt22]
 0  3  7 | launched  lt22-3-5af4696f SM23_micro025_conf_3 localhost [lt22]
 0  4  6 | launched  lt22-4-5af46973 SM23_micro025_conf_4 localhost [lt22]
 0  5  5 | launched  lt22-4-5af46978 SM23_micro025_conf_5 localhost [lt22]
 0  6  4 | launched  lt22-3-5af4697c SM23_micro022_conf_1 localhost [lt22]
 0  7  3 | launched  lt22-1-5af46980 SM23_micro022_conf_2 localhost [lt22]
 0  8  2 | launched  lt22-0-5af46983 SM23_micro022_conf_3 localhost [lt22]
 0  9  1 | launched  lt22-0-5af46985 SM23_micro022_conf_4 localhost [lt22]
 0 10  0 | launched  lt22-0-5af46988 SM23_micro022_conf_5 localhost [lt22]
 1  9  0 | finished  lt22-2-5af46969 SM23_micro025_conf_2 localhost [lt22]
 2  8  0 | finished  lt22-0-5af46985 SM23_micro022_conf_4 localhost [lt22]
 3  7  0 | finished  lt22-1-5af46964 SM23_micro025_conf_1 localhost [lt22]
 4  6  0 | finished  lt22-1-5af46980 SM23_micro022_conf_2 localhost [lt22]
 5  5  0 | finished  lt22-4-5af46973 SM23_micro025_conf_4 localhost [lt22]
 6  4  0 | finished  lt22-3-5af4697c SM23_micro022_conf_1 localhost [lt22]
 7  3  0 | finished  lt22-0-5af46983 SM23_micro022_conf_3 localhost [lt22]
 8  2  0 | finished  lt22-0-5af46988 SM23_micro022_conf_5 localhost [lt22]
 9  1  0 | finished  lt22-3-5af4696f SM23_micro025_conf_3 localhost [lt22]
10  0  0 | finished  lt22-4-5af46978 SM23_micro025_conf_5 localhost [lt22]

All jobs have completed.

10 of 10 job(s) succeeded; 0 job(s) failed.

Timer (distribute subjobs) : 19227.54 secs (5 hrs, 20 mins, 27 secs)

Processing QM output files...

Executing subprocess:
/data/chodera/schrodinger/schrodinger2017-4-advanced/jaguar results -energy SM23_micro025_conf_1.nrg_h.out

Executing subprocess:
/data/chodera/schrodinger/schrodinger2017-4-advanced/jaguar results -esolv SM23_micro025_conf_1.sol_h.out

Executing subprocess:
/data/chodera/schrodinger/schrodinger2017-4-advanced/jaguar results -energy SM23_micro025_conf_2.nrg_h.out

Executing subprocess:
/data/chodera/schrodinger/schrodinger2017-4-advanced/jaguar results -esolv SM23_micro025_conf_2.sol_h.out

Executing subprocess:
/data/chodera/schrodinger/schrodinger2017-4-advanced/jaguar results -energy SM23_micro025_conf_3.nrg_h.out

Executing subprocess:
/data/chodera/schrodinger/schrodinger2017-4-advanced/jaguar results -esolv SM23_micro025_conf_3.sol_h.out

Executing subprocess:
/data/chodera/schrodinger/schrodinger2017-4-advanced/jaguar results -energy SM23_micro025_conf_4.nrg_h.out

Executing subprocess:
/data/chodera/schrodinger/schrodinger2017-4-advanced/jaguar results -esolv SM23_micro025_conf_4.sol_h.out

Executing subprocess:
/data/chodera/schrodinger/schrodinger2017-4-advanced/jaguar results -energy SM23_micro025_conf_5.nrg_h.out

Executing subprocess:
/data/chodera/schrodinger/schrodinger2017-4-advanced/jaguar results -esolv SM23_micro025_conf_5.sol_h.out

Executing subprocess:
/data/chodera/schrodinger/schrodinger2017-4-advanced/jaguar results -energy SM23_micro022_conf_1.nrg.out

Executing subprocess:
/data/chodera/schrodinger/schrodinger2017-4-advanced/jaguar results -esolv SM23_micro022_conf_1.sol.out

Executing subprocess:
/data/chodera/schrodinger/schrodinger2017-4-advanced/jaguar results -energy SM23_micro022_conf_2.nrg.out

Executing subprocess:
/data/chodera/schrodinger/schrodinger2017-4-advanced/jaguar results -esolv SM23_micro022_conf_2.sol.out

Executing subprocess:
/data/chodera/schrodinger/schrodinger2017-4-advanced/jaguar results -energy SM23_micro022_conf_3.nrg.out

Executing subprocess:
/data/chodera/schrodinger/schrodinger2017-4-advanced/jaguar results -esolv SM23_micro022_conf_3.sol.out

Executing subprocess:
/data/chodera/schrodinger/schrodinger2017-4-advanced/jaguar results -energy SM23_micro022_conf_4.nrg.out

Executing subprocess:
/data/chodera/schrodinger/schrodinger2017-4-advanced/jaguar results -esolv SM23_micro022_conf_4.sol.out

Executing subprocess:
/data/chodera/schrodinger/schrodinger2017-4-advanced/jaguar results -energy SM23_micro022_conf_5.nrg.out

Executing subprocess:
/data/chodera/schrodinger/schrodinger2017-4-advanced/jaguar results -esolv SM23_micro022_conf_5.sol.out

Executing subprocess:
/data/chodera/schrodinger/schrodinger2017-4-advanced/jaguar-v9.8/bin/Linux-x86_64/pka -o SM23_micro025_deprot-out.mae -j SM23_micro025.jres -n -d

Executing subprocess:
/data/chodera/schrodinger/schrodinger2017-4-advanced/jaguar-v9.8/bin/Linux-x86_64/pka -o SM23_micro025_prot-out.mae -j SM23_micro025.jres -n

pKa calculation for SM23_micro025 completed.

pKa workflow jag_SM23_micro025_SM23_micro022 completed.

Timer (Jaguar pKa) : 21799.05 secs (6 hrs, 03 mins, 19 secs)
Timer (jaguar_backend.py) : 21799.05 secs (6 hrs, 03 mins, 19 secs)
Finished:   Thu May 10 17:08:21 2018
