Command:    jaguar run pka.py -jobname jag_SM18_micro017_SM18_micro075 -PARALLEL 10 -WAIT -n -csrch -prot SM18_micro017.in -deprot SM18_micro075.in
Release:    2017-4
Exec:       /data/chodera/schrodinger/schrodinger2017-4-advanced/jaguar-v9.8/bin/Linux-x86_64
Host:       ls10
JobId:      ls10-2-5af456d4
JobDir:     /lila/data/chodera/schrodinger/tmpdir/rustenburg/jag_SM18_micro017_SM18_micro075.1
Date:       Thu May 10 10:27:34 2018

Contents of /lila/data/chodera/schrodinger/tmpdir/rustenburg/jag_SM18_micro017_SM18_micro075.1:
/lila/data/chodera/schrodinger/tmpdir/rustenburg/jag_SM18_micro017_SM18_micro075.1/jag_SM18_micro017_SM18_micro075.log
/lila/data/chodera/schrodinger/tmpdir/rustenburg/jag_SM18_micro017_SM18_micro075.1/ls10-2-5af456d4
/lila/data/chodera/schrodinger/tmpdir/rustenburg/jag_SM18_micro017_SM18_micro075.1/SM18_micro075.in
/lila/data/chodera/schrodinger/tmpdir/rustenburg/jag_SM18_micro017_SM18_micro075.1/SM18_micro075.mae
/lila/data/chodera/schrodinger/tmpdir/rustenburg/jag_SM18_micro017_SM18_micro075.1/SM18_micro017.mae
/lila/data/chodera/schrodinger/tmpdir/rustenburg/jag_SM18_micro017_SM18_micro075.1/SM18_micro017.in
/lila/data/chodera/schrodinger/tmpdir/rustenburg/jag_SM18_micro017_SM18_micro075.1/jag_SM18_micro017_SM18_micro075.recover
/lila/data/chodera/schrodinger/tmpdir/rustenburg/jag_SM18_micro017_SM18_micro075.1/ls10-2-5af456d4.mpinodes
/lila/data/chodera/schrodinger/tmpdir/rustenburg/jag_SM18_micro017_SM18_micro075.1/ls10-2-5af456d4.recover

=====================
 Jaguar pKa workflow
=====================

Analysing user-provided (prot, deprot) pair:
(SM18_micro017.in, SM18_micro075.in)
Found labile hydrogen 46 in SM18_micro017.in
Found labile hydrogen at atom 15 in SM18_micro075.in
Adding 'ipkat' keyword to input files.

Identifying pKa functional group for pair:
(SM18_micro017, SM18_micro075)

Executing subprocess:
/data/chodera/schrodinger/schrodinger2017-4-advanced/jaguar-v9.8/bin/Linux-x86_64/pka -i -j SM18_micro017.tmp.jres -n

Taking protonated structures from:
SM18_micro017.mae
Taking deprotonated structures from:
SM18_micro075.mae

This molecule from 'SM18_micro017.mae' in water was recognized as:

 # 	            Shell             
---	------------------------------
1: 	Protonation of generic atom   
2: 	Protonation of sp2-like oxygen


Executing conformational search...

Executing 2 distributed subjobs:
---------------------------------

No more than 8 cpu(s) will be used per subjob.
No more than 10 cpu(s) will be used simultaneously.

Processing the following subjobs:
(1) jaguar run csrch.py SM18_micro017.mae -jobname SM18_micro017 -max_conf 5 -erg_window 50.208 -acc_level 1 -TPP 5
(2) jaguar run csrch.py SM18_micro075.mae -jobname SM18_micro075 -max_conf 5 -erg_window 50.208 -acc_level 1 -TPP 5

Running subjobs on hosts:
  localhost (Max: 2)
Number of jobs:       2
Max retries per job:  3
Max allowed failures: unlimited
Run with -LOCAL:      False
Verbosity:            normal

Starting JobDJ...

Keep one job on driver host: False
JobDJ columns:
  C: Number of completed subjobs
  A: Number of active subjobs (e.g., submitted, running)
  W: Number of waiting/pending subjobs

C A W | Activity  JobId  JobName  JobHost
- - - | --------- -----------------------
0 1 1 | launched  ls10-2-5af456dc SM18_micro017 localhost [ls10]
0 2 0 | launched  ls10-1-5af456df SM18_micro075 localhost [ls10]
1 1 0 | finished  ls10-2-5af456dc SM18_micro017 localhost [ls10]
2 0 0 | finished  ls10-1-5af456df SM18_micro075 localhost [ls10]

All jobs have completed.

2 of 2 job(s) succeeded; 0 job(s) failed.

Timer (distribute subjobs) : 1514.98 secs (0 hrs, 25 mins, 14 secs)

Setting up QM workflow for (protonated, deprotonated) pair:
(1) (SM18_micro017, SM18_micro075)

Executing Jaguar quantum-mechanical subjobs...

Executing 10 distributed subjobs:
----------------------------------

No more than 8 cpu(s) will be used per subjob.
No more than 10 cpu(s) will be used simultaneously.

Processing the following subjobs:
(1) jaguar run pka_prot.bat -jobname SM18_micro017_conf_1 SM18_micro017_conf_1.in
(2) jaguar run pka_prot.bat -jobname SM18_micro017_conf_2 SM18_micro017_conf_2.in
(3) jaguar run pka_prot.bat -jobname SM18_micro017_conf_3 SM18_micro017_conf_3.in
(4) jaguar run pka_prot.bat -jobname SM18_micro017_conf_4 SM18_micro017_conf_4.in
(5) jaguar run pka_prot.bat -jobname SM18_micro017_conf_5 SM18_micro017_conf_5.in
(6) jaguar run pka_deprot.bat -jobname SM18_micro075_conf_1 SM18_micro075_conf_1.in
(7) jaguar run pka_deprot.bat -jobname SM18_micro075_conf_2 SM18_micro075_conf_2.in
(8) jaguar run pka_deprot.bat -jobname SM18_micro075_conf_3 SM18_micro075_conf_3.in
(9) jaguar run pka_deprot.bat -jobname SM18_micro075_conf_4 SM18_micro075_conf_4.in
(10) jaguar run pka_deprot.bat -jobname SM18_micro075_conf_5 SM18_micro075_conf_5.in

Running subjobs on hosts:
  localhost (Max: 10)
Number of jobs:       10
Max retries per job:  3
Max allowed failures: unlimited
Run with -LOCAL:      False
Verbosity:            normal

Starting JobDJ...

Keep one job on driver host: False
JobDJ columns:
  C: Number of completed subjobs
  A: Number of active subjobs (e.g., submitted, running)
  W: Number of waiting/pending subjobs

 C  A  W | Activity  JobId  JobName  JobHost
-- -- -- | --------- -----------------------
 0  1  9 | launched  ls10-0-5af45cd8 SM18_micro017_conf_1 localhost [ls10]
 0  2  8 | launched  ls10-0-5af45cdb SM18_micro017_conf_2 localhost [ls10]
 0  3  7 | launched  ls10-1-5af45cdd SM18_micro017_conf_3 localhost [ls10]
 0  4  6 | launched  ls10-0-5af45ce0 SM18_micro017_conf_4 localhost [ls10]
 0  5  5 | launched  ls10-0-5af45ce2 SM18_micro017_conf_5 localhost [ls10]
 0  6  4 | launched  ls10-1-5af45ce4 SM18_micro075_conf_1 localhost [ls10]
 0  7  3 | launched  ls10-0-5af45ce7 SM18_micro075_conf_2 localhost [ls10]
 0  8  2 | launched  ls10-0-5af45d0c SM18_micro075_conf_3 localhost [ls10]
 0  9  1 | launched  ls10-0-5af45d21 SM18_micro075_conf_4 localhost [ls10]
 0 10  0 | launched  ls10-1-5af45d23 SM18_micro075_conf_5 localhost [ls10]
 1  9  0 | finished  ls10-0-5af45ce0 SM18_micro017_conf_4 localhost [ls10]
 2  8  0 | finished  ls10-0-5af45cd8 SM18_micro017_conf_1 localhost [ls10]
 3  7  0 | finished  ls10-1-5af45cdd SM18_micro017_conf_3 localhost [ls10]
 4  6  0 | finished  ls10-1-5af45d23 SM18_micro075_conf_5 localhost [ls10]
 5  5  0 | finished  ls10-0-5af45d0c SM18_micro075_conf_3 localhost [ls10]
 6  4  0 | finished  ls10-0-5af45cdb SM18_micro017_conf_2 localhost [ls10]
 7  3  0 | finished  ls10-0-5af45ce2 SM18_micro017_conf_5 localhost [ls10]
 8  2  0 | finished  ls10-0-5af45d21 SM18_micro075_conf_4 localhost [ls10]
 9  1  0 | finished  ls10-0-5af45ce7 SM18_micro075_conf_2 localhost [ls10]
10  0  0 | finished  ls10-1-5af45ce4 SM18_micro075_conf_1 localhost [ls10]

All jobs have completed.

10 of 10 job(s) succeeded; 0 job(s) failed.

Timer (distribute subjobs) : 22127.45 secs (6 hrs, 08 mins, 47 secs)

Processing QM output files...

Executing subprocess:
/data/chodera/schrodinger/schrodinger2017-4-advanced/jaguar results -energy SM18_micro017_conf_1.nrg_h.out

Executing subprocess:
/data/chodera/schrodinger/schrodinger2017-4-advanced/jaguar results -esolv SM18_micro017_conf_1.sol_h.out

Executing subprocess:
/data/chodera/schrodinger/schrodinger2017-4-advanced/jaguar results -energy SM18_micro017_conf_2.nrg_h.out

Executing subprocess:
/data/chodera/schrodinger/schrodinger2017-4-advanced/jaguar results -esolv SM18_micro017_conf_2.sol_h.out

Executing subprocess:
/data/chodera/schrodinger/schrodinger2017-4-advanced/jaguar results -energy SM18_micro017_conf_3.nrg_h.out

Executing subprocess:
/data/chodera/schrodinger/schrodinger2017-4-advanced/jaguar results -esolv SM18_micro017_conf_3.sol_h.out

Executing subprocess:
/data/chodera/schrodinger/schrodinger2017-4-advanced/jaguar results -energy SM18_micro017_conf_4.nrg_h.out

Executing subprocess:
/data/chodera/schrodinger/schrodinger2017-4-advanced/jaguar results -esolv SM18_micro017_conf_4.sol_h.out

Executing subprocess:
/data/chodera/schrodinger/schrodinger2017-4-advanced/jaguar results -energy SM18_micro017_conf_5.nrg_h.out

Executing subprocess:
/data/chodera/schrodinger/schrodinger2017-4-advanced/jaguar results -esolv SM18_micro017_conf_5.sol_h.out

Executing subprocess:
/data/chodera/schrodinger/schrodinger2017-4-advanced/jaguar results -energy SM18_micro075_conf_1.nrg.out

Executing subprocess:
/data/chodera/schrodinger/schrodinger2017-4-advanced/jaguar results -esolv SM18_micro075_conf_1.sol.out

Executing subprocess:
/data/chodera/schrodinger/schrodinger2017-4-advanced/jaguar results -energy SM18_micro075_conf_2.nrg.out

Executing subprocess:
/data/chodera/schrodinger/schrodinger2017-4-advanced/jaguar results -esolv SM18_micro075_conf_2.sol.out

Executing subprocess:
/data/chodera/schrodinger/schrodinger2017-4-advanced/jaguar results -energy SM18_micro075_conf_3.nrg.out

Executing subprocess:
/data/chodera/schrodinger/schrodinger2017-4-advanced/jaguar results -esolv SM18_micro075_conf_3.sol.out

Executing subprocess:
/data/chodera/schrodinger/schrodinger2017-4-advanced/jaguar results -energy SM18_micro075_conf_4.nrg.out

Executing subprocess:
/data/chodera/schrodinger/schrodinger2017-4-advanced/jaguar results -esolv SM18_micro075_conf_4.sol.out

Executing subprocess:
/data/chodera/schrodinger/schrodinger2017-4-advanced/jaguar results -energy SM18_micro075_conf_5.nrg.out

Executing subprocess:
/data/chodera/schrodinger/schrodinger2017-4-advanced/jaguar results -esolv SM18_micro075_conf_5.sol.out

Executing subprocess:
/data/chodera/schrodinger/schrodinger2017-4-advanced/jaguar-v9.8/bin/Linux-x86_64/pka -o SM18_micro017_deprot-out.mae -j SM18_micro017.jres -n -d

Executing subprocess:
/data/chodera/schrodinger/schrodinger2017-4-advanced/jaguar-v9.8/bin/Linux-x86_64/pka -o SM18_micro017_prot-out.mae -j SM18_micro017.jres -n

pKa calculation for SM18_micro017 completed.

pKa workflow jag_SM18_micro017_SM18_micro075 completed.

Timer (Jaguar pKa) : 23709.88 secs (6 hrs, 35 mins, 09 secs)
Timer (jaguar_backend.py) : 23709.88 secs (6 hrs, 35 mins, 09 secs)
Finished:   Thu May 10 17:02:44 2018
