Command:    jaguar run pka.py -jobname jag_SM23_micro042_SM23_micro024 -PARALLEL 10 -WAIT -n -csrch -prot SM23_micro042.in -deprot SM23_micro024.in
Release:    2017-4
Exec:       /data/chodera/schrodinger/schrodinger2017-4-advanced/jaguar-v9.8/bin/Linux-x86_64
Host:       ls17
JobId:      ls17-0-5b03ac8e
JobDir:     /lila/data/chodera/schrodinger/tmpdir/rustenburg/jag_SM23_micro042_SM23_micro024
Date:       Tue May 22 01:37:20 2018

Contents of /lila/data/chodera/schrodinger/tmpdir/rustenburg/jag_SM23_micro042_SM23_micro024:
/lila/data/chodera/schrodinger/tmpdir/rustenburg/jag_SM23_micro042_SM23_micro024/jag_SM23_micro042_SM23_micro024.log
/lila/data/chodera/schrodinger/tmpdir/rustenburg/jag_SM23_micro042_SM23_micro024/SM23_micro042.in
/lila/data/chodera/schrodinger/tmpdir/rustenburg/jag_SM23_micro042_SM23_micro024/SM23_micro024.mae
/lila/data/chodera/schrodinger/tmpdir/rustenburg/jag_SM23_micro042_SM23_micro024/SM23_micro024.in
/lila/data/chodera/schrodinger/tmpdir/rustenburg/jag_SM23_micro042_SM23_micro024/jag_SM23_micro042_SM23_micro024.recover
/lila/data/chodera/schrodinger/tmpdir/rustenburg/jag_SM23_micro042_SM23_micro024/ls17-0-5b03ac8e.recover
/lila/data/chodera/schrodinger/tmpdir/rustenburg/jag_SM23_micro042_SM23_micro024/ls17-0-5b03ac8e.mpinodes
/lila/data/chodera/schrodinger/tmpdir/rustenburg/jag_SM23_micro042_SM23_micro024/SM23_micro042.mae
/lila/data/chodera/schrodinger/tmpdir/rustenburg/jag_SM23_micro042_SM23_micro024/ls17-0-5b03ac8e

=====================
 Jaguar pKa workflow
=====================

Analysing user-provided (prot, deprot) pair:
(SM23_micro042.in, SM23_micro024.in)
Found labile hydrogen 57 in SM23_micro042.in
Found labile hydrogen at atom 19 in SM23_micro024.in
Adding 'ipkat' keyword to input files.

Identifying pKa functional group for pair:
(SM23_micro042, SM23_micro024)

Executing subprocess:
/data/chodera/schrodinger/schrodinger2017-4-advanced/jaguar-v9.8/bin/Linux-x86_64/pka -i -j SM23_micro042.tmp.jres -n

Taking protonated structures from:
SM23_micro042.mae
Taking deprotonated structures from:
SM23_micro024.mae

This molecule from 'SM23_micro042.mae' in water was recognized as:

 # 	           Shell           
---	---------------------------
1: 	pyrimidine                 
2: 	heterocycle custom 1       
3: 	heterocycle                
4: 	Protonation of generic atom


Executing conformational search...

Executing 2 distributed subjobs:
---------------------------------

No more than 8 cpu(s) will be used per subjob.
No more than 10 cpu(s) will be used simultaneously.

Processing the following subjobs:
(1) jaguar run csrch.py SM23_micro042.mae -jobname SM23_micro042 -max_conf 5 -erg_window 50.208 -acc_level 1 -TPP 5
(2) jaguar run csrch.py SM23_micro024.mae -jobname SM23_micro024 -max_conf 5 -erg_window 50.208 -acc_level 1 -TPP 5

Running subjobs on hosts:
  localhost (Max: 2)
Number of jobs:       2
Max retries per job:  3
Max allowed failures: unlimited
Run with -LOCAL:      False
Verbosity:            normal

Starting JobDJ...

Keep one job on driver host: False
JobDJ columns:
  C: Number of completed subjobs
  A: Number of active subjobs (e.g., submitted, running)
  W: Number of waiting/pending subjobs

C A W | Activity  JobId  JobName  JobHost
- - - | --------- -----------------------
0 1 1 | launched  ls17-0-5b03ac96 SM23_micro042 localhost [ls17]
0 2 0 | launched  ls17-0-5b03ac99 SM23_micro024 localhost [ls17]
1 1 0 | finished  ls17-0-5b03ac96 SM23_micro042 localhost [ls17]
2 0 0 | finished  ls17-0-5b03ac99 SM23_micro024 localhost [ls17]

All jobs have completed.

2 of 2 job(s) succeeded; 0 job(s) failed.

Timer (distribute subjobs) : 4994.26 secs (1 hrs, 23 mins, 14 secs)

Setting up QM workflow for (protonated, deprotonated) pair:
(1) (SM23_micro042, SM23_micro024)

Executing Jaguar quantum-mechanical subjobs...

Executing 10 distributed subjobs:
----------------------------------

No more than 8 cpu(s) will be used per subjob.
No more than 10 cpu(s) will be used simultaneously.

Processing the following subjobs:
(1) jaguar run pka_prot.bat -jobname SM23_micro042_conf_1 SM23_micro042_conf_1.in
(2) jaguar run pka_prot.bat -jobname SM23_micro042_conf_2 SM23_micro042_conf_2.in
(3) jaguar run pka_prot.bat -jobname SM23_micro042_conf_3 SM23_micro042_conf_3.in
(4) jaguar run pka_prot.bat -jobname SM23_micro042_conf_4 SM23_micro042_conf_4.in
(5) jaguar run pka_prot.bat -jobname SM23_micro042_conf_5 SM23_micro042_conf_5.in
(6) jaguar run pka_deprot.bat -jobname SM23_micro024_conf_1 SM23_micro024_conf_1.in
(7) jaguar run pka_deprot.bat -jobname SM23_micro024_conf_2 SM23_micro024_conf_2.in
(8) jaguar run pka_deprot.bat -jobname SM23_micro024_conf_3 SM23_micro024_conf_3.in
(9) jaguar run pka_deprot.bat -jobname SM23_micro024_conf_4 SM23_micro024_conf_4.in
(10) jaguar run pka_deprot.bat -jobname SM23_micro024_conf_5 SM23_micro024_conf_5.in

Running subjobs on hosts:
  localhost (Max: 10)
Number of jobs:       10
Max retries per job:  3
Max allowed failures: unlimited
Run with -LOCAL:      False
Verbosity:            normal

Starting JobDJ...

Keep one job on driver host: False
JobDJ columns:
  C: Number of completed subjobs
  A: Number of active subjobs (e.g., submitted, running)
  W: Number of waiting/pending subjobs

 C  A  W | Activity  JobId  JobName  JobHost
-- -- -- | --------- -----------------------
 0  1  9 | launched  ls17-0-5b03c01d SM23_micro042_conf_1 localhost [ls17]
 0  2  8 | launched  ls17-0-5b03c021 SM23_micro042_conf_2 localhost [ls17]
 0  3  7 | launched  ls17-0-5b03c024 SM23_micro042_conf_3 localhost [ls17]
 0  4  6 | launched  ls17-0-5b03c02b SM23_micro042_conf_4 localhost [ls17]
 0  5  5 | launched  ls17-0-5b03c031 SM23_micro042_conf_5 localhost [ls17]
 0  6  4 | launched  ls17-0-5b03c037 SM23_micro024_conf_1 localhost [ls17]
 0  7  3 | launched  ls17-0-5b03c040 SM23_micro024_conf_2 localhost [ls17]
 0  8  2 | launched  ls17-1-5b03c046 SM23_micro024_conf_3 localhost [ls17]
 0  9  1 | launched  ls17-0-5b03c04f SM23_micro024_conf_4 localhost [ls17]
 0 10  0 | launched  ls17-0-5b03c05b SM23_micro024_conf_5 localhost [ls17]
 1  9  0 | finished  ls17-0-5b03c024 SM23_micro042_conf_3 localhost [ls17]
 2  8  0 | finished  ls17-0-5b03c05b SM23_micro024_conf_5 localhost [ls17]
 3  7  0 | finished  ls17-0-5b03c02b SM23_micro042_conf_4 localhost [ls17]
 4  6  0 | finished  ls17-1-5b03c046 SM23_micro024_conf_3 localhost [ls17]
 5  5  0 | finished  ls17-0-5b03c01d SM23_micro042_conf_1 localhost [ls17]
 6  4  0 | finished  ls17-0-5b03c04f SM23_micro024_conf_4 localhost [ls17]
 7  3  0 | finished  ls17-0-5b03c031 SM23_micro042_conf_5 localhost [ls17]
 8  2  0 | finished  ls17-0-5b03c021 SM23_micro042_conf_2 localhost [ls17]
 9  1  0 | finished  ls17-0-5b03c040 SM23_micro024_conf_2 localhost [ls17]
10  0  0 | finished  ls17-0-5b03c037 SM23_micro024_conf_1 localhost [ls17]

All jobs have completed.

10 of 10 job(s) succeeded; 0 job(s) failed.

Timer (distribute subjobs) : 29400.73 secs (8 hrs, 10 mins, 00 secs)

Processing QM output files...

Executing subprocess:
/data/chodera/schrodinger/schrodinger2017-4-advanced/jaguar results -energy SM23_micro042_conf_1.nrg_h.out

Executing subprocess:
/data/chodera/schrodinger/schrodinger2017-4-advanced/jaguar results -esolv SM23_micro042_conf_1.sol_h.out

Executing subprocess:
/data/chodera/schrodinger/schrodinger2017-4-advanced/jaguar results -energy SM23_micro042_conf_2.nrg_h.out

Executing subprocess:
/data/chodera/schrodinger/schrodinger2017-4-advanced/jaguar results -esolv SM23_micro042_conf_2.sol_h.out

Executing subprocess:
/data/chodera/schrodinger/schrodinger2017-4-advanced/jaguar results -energy SM23_micro042_conf_3.nrg_h.out

Executing subprocess:
/data/chodera/schrodinger/schrodinger2017-4-advanced/jaguar results -esolv SM23_micro042_conf_3.sol_h.out

Executing subprocess:
/data/chodera/schrodinger/schrodinger2017-4-advanced/jaguar results -energy SM23_micro042_conf_4.nrg_h.out

Executing subprocess:
/data/chodera/schrodinger/schrodinger2017-4-advanced/jaguar results -esolv SM23_micro042_conf_4.sol_h.out

Executing subprocess:
/data/chodera/schrodinger/schrodinger2017-4-advanced/jaguar results -energy SM23_micro042_conf_5.nrg_h.out

Executing subprocess:
/data/chodera/schrodinger/schrodinger2017-4-advanced/jaguar results -esolv SM23_micro042_conf_5.sol_h.out

Executing subprocess:
/data/chodera/schrodinger/schrodinger2017-4-advanced/jaguar results -energy SM23_micro024_conf_1.nrg.out

Executing subprocess:
/data/chodera/schrodinger/schrodinger2017-4-advanced/jaguar results -esolv SM23_micro024_conf_1.sol.out

Executing subprocess:
/data/chodera/schrodinger/schrodinger2017-4-advanced/jaguar results -energy SM23_micro024_conf_2.nrg.out

Executing subprocess:
/data/chodera/schrodinger/schrodinger2017-4-advanced/jaguar results -esolv SM23_micro024_conf_2.sol.out

Executing subprocess:
/data/chodera/schrodinger/schrodinger2017-4-advanced/jaguar results -energy SM23_micro024_conf_3.nrg.out

Executing subprocess:
/data/chodera/schrodinger/schrodinger2017-4-advanced/jaguar results -esolv SM23_micro024_conf_3.sol.out

Executing subprocess:
/data/chodera/schrodinger/schrodinger2017-4-advanced/jaguar results -energy SM23_micro024_conf_4.nrg.out

Executing subprocess:
/data/chodera/schrodinger/schrodinger2017-4-advanced/jaguar results -esolv SM23_micro024_conf_4.sol.out

Executing subprocess:
/data/chodera/schrodinger/schrodinger2017-4-advanced/jaguar results -energy SM23_micro024_conf_5.nrg.out

Executing subprocess:
/data/chodera/schrodinger/schrodinger2017-4-advanced/jaguar results -esolv SM23_micro024_conf_5.sol.out

Executing subprocess:
/data/chodera/schrodinger/schrodinger2017-4-advanced/jaguar-v9.8/bin/Linux-x86_64/pka -o SM23_micro042_deprot-out.mae -j SM23_micro042.jres -n -d

Executing subprocess:
/data/chodera/schrodinger/schrodinger2017-4-advanced/jaguar-v9.8/bin/Linux-x86_64/pka -o SM23_micro042_prot-out.mae -j SM23_micro042.jres -n

pKa calculation for SM23_micro042 completed.

pKa workflow jag_SM23_micro042_SM23_micro024 completed.

Timer (Jaguar pKa) : 34486.04 secs (9 hrs, 34 mins, 46 secs)
Timer (jaguar_backend.py) : 34486.04 secs (9 hrs, 34 mins, 46 secs)
Finished:   Tue May 22 11:12:06 2018
