Command:    jaguar run pka.py -jobname jag_SM21_micro012_SM21_micro021 -PARALLEL 10 -WAIT -n -csrch -prot SM21_micro012.in -deprot SM21_micro021.in
Release:    2017-4
Exec:       /data/chodera/schrodinger/schrodinger2017-4-advanced/jaguar-v9.8/bin/Linux-x86_64
Host:       lt05
JobId:      lt05-0-5af456ef
JobDir:     /lila/data/chodera/schrodinger/tmpdir/rustenburg/jag_SM21_micro012_SM21_micro021.1
Date:       Thu May 10 10:28:01 2018

Contents of /lila/data/chodera/schrodinger/tmpdir/rustenburg/jag_SM21_micro012_SM21_micro021.1:
/lila/data/chodera/schrodinger/tmpdir/rustenburg/jag_SM21_micro012_SM21_micro021.1/SM21_micro021.mae
/lila/data/chodera/schrodinger/tmpdir/rustenburg/jag_SM21_micro012_SM21_micro021.1/SM21_micro021.in
/lila/data/chodera/schrodinger/tmpdir/rustenburg/jag_SM21_micro012_SM21_micro021.1/lt05-0-5af456ef
/lila/data/chodera/schrodinger/tmpdir/rustenburg/jag_SM21_micro012_SM21_micro021.1/jag_SM21_micro012_SM21_micro021.log
/lila/data/chodera/schrodinger/tmpdir/rustenburg/jag_SM21_micro012_SM21_micro021.1/SM21_micro012.mae
/lila/data/chodera/schrodinger/tmpdir/rustenburg/jag_SM21_micro012_SM21_micro021.1/SM21_micro012.in
/lila/data/chodera/schrodinger/tmpdir/rustenburg/jag_SM21_micro012_SM21_micro021.1/jag_SM21_micro012_SM21_micro021.recover
/lila/data/chodera/schrodinger/tmpdir/rustenburg/jag_SM21_micro012_SM21_micro021.1/lt05-0-5af456ef.recover
/lila/data/chodera/schrodinger/tmpdir/rustenburg/jag_SM21_micro012_SM21_micro021.1/lt05-0-5af456ef.mpinodes

=====================
 Jaguar pKa workflow
=====================

Analysing user-provided (prot, deprot) pair:
(SM21_micro012.in, SM21_micro021.in)
Found labile hydrogen 32 in SM21_micro012.in
Found labile hydrogen at atom 16 in SM21_micro021.in
Adding 'ipkat' keyword to input files.

Identifying pKa functional group for pair:
(SM21_micro012, SM21_micro021)

Executing subprocess:
/data/chodera/schrodinger/schrodinger2017-4-advanced/jaguar-v9.8/bin/Linux-x86_64/pka -i -j SM21_micro012.tmp.jres -n

Taking protonated structures from:
SM21_micro012.mae
Taking deprotonated structures from:
SM21_micro021.mae

This molecule from 'SM21_micro012.mae' in water was recognized as:

 # 	                  Shell                   
---	------------------------------------------
1: 	Protonation of sp2-like aliphatic nitrogen
2: 	Protonation of generic atom               


Executing conformational search...

Executing 2 distributed subjobs:
---------------------------------

No more than 8 cpu(s) will be used per subjob.
No more than 10 cpu(s) will be used simultaneously.

Processing the following subjobs:
(1) jaguar run csrch.py SM21_micro012.mae -jobname SM21_micro012 -max_conf 5 -erg_window 50.208 -acc_level 1 -TPP 5
(2) jaguar run csrch.py SM21_micro021.mae -jobname SM21_micro021 -max_conf 5 -erg_window 50.208 -acc_level 1 -TPP 5

Running subjobs on hosts:
  localhost (Max: 2)
Number of jobs:       2
Max retries per job:  3
Max allowed failures: unlimited
Run with -LOCAL:      False
Verbosity:            normal

Starting JobDJ...

Keep one job on driver host: False
JobDJ columns:
  C: Number of completed subjobs
  A: Number of active subjobs (e.g., submitted, running)
  W: Number of waiting/pending subjobs

C A W | Activity  JobId  JobName  JobHost
- - - | --------- -----------------------
0 1 1 | launched  lt05-0-5af456f7 SM21_micro012 localhost [lt05]
0 2 0 | launched  lt05-0-5af456fa SM21_micro021 localhost [lt05]
1 1 0 | finished  lt05-0-5af456f7 SM21_micro012 localhost [lt05]
2 0 0 | finished  lt05-0-5af456fa SM21_micro021 localhost [lt05]

All jobs have completed.

2 of 2 job(s) succeeded; 0 job(s) failed.

Timer (distribute subjobs) : 435.81 secs (0 hrs, 07 mins, 15 secs)

Setting up QM workflow for (protonated, deprotonated) pair:
(1) (SM21_micro012, SM21_micro021)

Executing Jaguar quantum-mechanical subjobs...

Executing 10 distributed subjobs:
----------------------------------

No more than 8 cpu(s) will be used per subjob.
No more than 10 cpu(s) will be used simultaneously.

Processing the following subjobs:
(1) jaguar run pka_prot.bat -jobname SM21_micro012_conf_1 SM21_micro012_conf_1.in
(2) jaguar run pka_prot.bat -jobname SM21_micro012_conf_2 SM21_micro012_conf_2.in
(3) jaguar run pka_prot.bat -jobname SM21_micro012_conf_3 SM21_micro012_conf_3.in
(4) jaguar run pka_prot.bat -jobname SM21_micro012_conf_4 SM21_micro012_conf_4.in
(5) jaguar run pka_prot.bat -jobname SM21_micro012_conf_5 SM21_micro012_conf_5.in
(6) jaguar run pka_deprot.bat -jobname SM21_micro021_conf_1 SM21_micro021_conf_1.in
(7) jaguar run pka_deprot.bat -jobname SM21_micro021_conf_2 SM21_micro021_conf_2.in
(8) jaguar run pka_deprot.bat -jobname SM21_micro021_conf_3 SM21_micro021_conf_3.in
(9) jaguar run pka_deprot.bat -jobname SM21_micro021_conf_4 SM21_micro021_conf_4.in
(10) jaguar run pka_deprot.bat -jobname SM21_micro021_conf_5 SM21_micro021_conf_5.in

Running subjobs on hosts:
  localhost (Max: 10)
Number of jobs:       10
Max retries per job:  3
Max allowed failures: unlimited
Run with -LOCAL:      False
Verbosity:            normal

Starting JobDJ...

Keep one job on driver host: False
JobDJ columns:
  C: Number of completed subjobs
  A: Number of active subjobs (e.g., submitted, running)
  W: Number of waiting/pending subjobs

 C  A  W | Activity  JobId  JobName  JobHost
-- -- -- | --------- -----------------------
 0  1  9 | launched  lt05-0-5af458af SM21_micro012_conf_1 localhost [lt05]
 0  2  8 | launched  lt05-0-5af458b1 SM21_micro012_conf_2 localhost [lt05]
 0  3  7 | launched  lt05-0-5af458b4 SM21_micro012_conf_3 localhost [lt05]
 0  4  6 | launched  lt05-0-5af458b6 SM21_micro012_conf_4 localhost [lt05]
 0  5  5 | launched  lt05-0-5af458b9 SM21_micro012_conf_5 localhost [lt05]
 0  6  4 | launched  lt05-0-5af458bb SM21_micro021_conf_1 localhost [lt05]
 0  7  3 | launched  lt05-0-5af458be SM21_micro021_conf_2 localhost [lt05]
 0  8  2 | launched  lt05-0-5af458c1 SM21_micro021_conf_3 localhost [lt05]
 0  9  1 | launched  lt05-0-5af458c3 SM21_micro021_conf_4 localhost [lt05]
 0 10  0 | launched  lt05-1-5af458c6 SM21_micro021_conf_5 localhost [lt05]
 1  9  0 | finished  lt05-0-5af458c3 SM21_micro021_conf_4 localhost [lt05]
 2  8  0 | finished  lt05-1-5af458c6 SM21_micro021_conf_5 localhost [lt05]
 3  7  0 | finished  lt05-0-5af458c1 SM21_micro021_conf_3 localhost [lt05]
 4  6  0 | finished  lt05-0-5af458b6 SM21_micro012_conf_4 localhost [lt05]
 5  5  0 | finished  lt05-0-5af458be SM21_micro021_conf_2 localhost [lt05]
 6  4  0 | finished  lt05-0-5af458b1 SM21_micro012_conf_2 localhost [lt05]
 7  3  0 | finished  lt05-0-5af458b9 SM21_micro012_conf_5 localhost [lt05]
 8  2  0 | finished  lt05-0-5af458bb SM21_micro021_conf_1 localhost [lt05]
 9  1  0 | finished  lt05-0-5af458b4 SM21_micro012_conf_3 localhost [lt05]
10  0  0 | finished  lt05-0-5af458af SM21_micro012_conf_1 localhost [lt05]

All jobs have completed.

10 of 10 job(s) succeeded; 0 job(s) failed.

Timer (distribute subjobs) : 16780.67 secs (4 hrs, 39 mins, 40 secs)

Processing QM output files...

Executing subprocess:
/data/chodera/schrodinger/schrodinger2017-4-advanced/jaguar results -energy SM21_micro012_conf_1.nrg_h.out

Executing subprocess:
/data/chodera/schrodinger/schrodinger2017-4-advanced/jaguar results -esolv SM21_micro012_conf_1.sol_h.out

Executing subprocess:
/data/chodera/schrodinger/schrodinger2017-4-advanced/jaguar results -energy SM21_micro012_conf_2.nrg_h.out

Executing subprocess:
/data/chodera/schrodinger/schrodinger2017-4-advanced/jaguar results -esolv SM21_micro012_conf_2.sol_h.out

Executing subprocess:
/data/chodera/schrodinger/schrodinger2017-4-advanced/jaguar results -energy SM21_micro012_conf_3.nrg_h.out

Executing subprocess:
/data/chodera/schrodinger/schrodinger2017-4-advanced/jaguar results -esolv SM21_micro012_conf_3.sol_h.out

Executing subprocess:
/data/chodera/schrodinger/schrodinger2017-4-advanced/jaguar results -energy SM21_micro012_conf_4.nrg_h.out

Executing subprocess:
/data/chodera/schrodinger/schrodinger2017-4-advanced/jaguar results -esolv SM21_micro012_conf_4.sol_h.out

Executing subprocess:
/data/chodera/schrodinger/schrodinger2017-4-advanced/jaguar results -energy SM21_micro012_conf_5.nrg_h.out

Executing subprocess:
/data/chodera/schrodinger/schrodinger2017-4-advanced/jaguar results -esolv SM21_micro012_conf_5.sol_h.out

Executing subprocess:
/data/chodera/schrodinger/schrodinger2017-4-advanced/jaguar results -energy SM21_micro021_conf_1.nrg.out

Executing subprocess:
/data/chodera/schrodinger/schrodinger2017-4-advanced/jaguar results -esolv SM21_micro021_conf_1.sol.out

Executing subprocess:
/data/chodera/schrodinger/schrodinger2017-4-advanced/jaguar results -energy SM21_micro021_conf_2.nrg.out

Executing subprocess:
/data/chodera/schrodinger/schrodinger2017-4-advanced/jaguar results -esolv SM21_micro021_conf_2.sol.out

Executing subprocess:
/data/chodera/schrodinger/schrodinger2017-4-advanced/jaguar results -energy SM21_micro021_conf_3.nrg.out

Executing subprocess:
/data/chodera/schrodinger/schrodinger2017-4-advanced/jaguar results -esolv SM21_micro021_conf_3.sol.out

Executing subprocess:
/data/chodera/schrodinger/schrodinger2017-4-advanced/jaguar results -energy SM21_micro021_conf_4.nrg.out

Executing subprocess:
/data/chodera/schrodinger/schrodinger2017-4-advanced/jaguar results -esolv SM21_micro021_conf_4.sol.out

Executing subprocess:
/data/chodera/schrodinger/schrodinger2017-4-advanced/jaguar results -energy SM21_micro021_conf_5.nrg.out

Executing subprocess:
/data/chodera/schrodinger/schrodinger2017-4-advanced/jaguar results -esolv SM21_micro021_conf_5.sol.out

Executing subprocess:
/data/chodera/schrodinger/schrodinger2017-4-advanced/jaguar-v9.8/bin/Linux-x86_64/pka -o SM21_micro012_deprot-out.mae -j SM21_micro012.jres -n -d

Executing subprocess:
/data/chodera/schrodinger/schrodinger2017-4-advanced/jaguar-v9.8/bin/Linux-x86_64/pka -o SM21_micro012_prot-out.mae -j SM21_micro012.jres -n

pKa calculation for SM21_micro012 completed.

pKa workflow jag_SM21_micro012_SM21_micro021 completed.

Timer (Jaguar pKa) : 17285.74 secs (4 hrs, 48 mins, 05 secs)
Timer (jaguar_backend.py) : 17285.74 secs (4 hrs, 48 mins, 05 secs)
Finished:   Thu May 10 15:16:07 2018
