Command:    jaguar run pka.py -jobname jag_SM05_micro005_SM05_micro011 -PARALLEL 10 -n -csrch -prot SM05_micro005.in -deprot SM05_micro011.in
Release:    2017-4
Exec:       /data/chodera/schrodinger/schrodinger2017-4-advanced/jaguar-v9.8/bin/Linux-x86_64
Host:       ls17
JobId:      lilac-0-5aec70fe
JobDir:     /lila/data/chodera/schrodinger/tmpdir/rustenburg/jag_SM05_micro005_SM05_micro011
Date:       Fri May  4 10:41:10 2018

Contents of /lila/data/chodera/schrodinger/tmpdir/rustenburg/jag_SM05_micro005_SM05_micro011:
/lila/data/chodera/schrodinger/tmpdir/rustenburg/jag_SM05_micro005_SM05_micro011/SM05_micro011.in
/lila/data/chodera/schrodinger/tmpdir/rustenburg/jag_SM05_micro005_SM05_micro011/lilac-0-5aec70fe.jlog
/lila/data/chodera/schrodinger/tmpdir/rustenburg/jag_SM05_micro005_SM05_micro011/SM05_micro011.mae
/lila/data/chodera/schrodinger/tmpdir/rustenburg/jag_SM05_micro005_SM05_micro011/lilac-0-5aec70fe.recover
/lila/data/chodera/schrodinger/tmpdir/rustenburg/jag_SM05_micro005_SM05_micro011/lilac-0-5aec70fe.hosts
/lila/data/chodera/schrodinger/tmpdir/rustenburg/jag_SM05_micro005_SM05_micro011/SM05_micro005.in
/lila/data/chodera/schrodinger/tmpdir/rustenburg/jag_SM05_micro005_SM05_micro011/lilac-0-5aec70fe
/lila/data/chodera/schrodinger/tmpdir/rustenburg/jag_SM05_micro005_SM05_micro011/jag_SM05_micro005_SM05_micro011.recover
/lila/data/chodera/schrodinger/tmpdir/rustenburg/jag_SM05_micro005_SM05_micro011/jag_SM05_micro005_SM05_micro011.log
/lila/data/chodera/schrodinger/tmpdir/rustenburg/jag_SM05_micro005_SM05_micro011/lilac-0-5aec70fe.nodes
/lila/data/chodera/schrodinger/tmpdir/rustenburg/jag_SM05_micro005_SM05_micro011/SM05_micro005.mae
/lila/data/chodera/schrodinger/tmpdir/rustenburg/jag_SM05_micro005_SM05_micro011/lilac-0-5aec70fe.mpinodes

=====================
 Jaguar pKa workflow
=====================

Analysing user-provided (prot, deprot) pair:
(SM05_micro005.in, SM05_micro011.in)
Found labile hydrogen 38 in SM05_micro005.in
Found labile hydrogen at atom 13 in SM05_micro011.in
Adding 'ipkat' keyword to input files.

Identifying pKa functional group for pair:
(SM05_micro005, SM05_micro011)

Executing subprocess:
/data/chodera/schrodinger/schrodinger2017-4-advanced/jaguar-v9.8/bin/Linux-x86_64/pka -i -j SM05_micro005.tmp.jres -n

Taking protonated structures from:
SM05_micro005.mae
Taking deprotonated structures from:
SM05_micro011.mae

This molecule from 'SM05_micro005.mae' in water was recognized as:

 # 	                  Shell                   
---	------------------------------------------
1: 	Protonation of sp2-like aliphatic nitrogen
2: 	Protonation of generic atom               


Executing conformational search...

Executing 2 distributed subjobs:
---------------------------------

No more than 8 cpu(s) will be used per subjob.
No more than 10 cpu(s) will be used simultaneously.

Processing the following subjobs:
(1) jaguar run csrch.py SM05_micro005.mae -jobname SM05_micro005 -max_conf 5 -erg_window 50.208 -acc_level 1 -TPP 5
(2) jaguar run csrch.py SM05_micro011.mae -jobname SM05_micro011 -max_conf 5 -erg_window 50.208 -acc_level 1 -TPP 5

Running subjobs on hosts:
  lsf-cpu (Max: 2)
Number of jobs:       2
Max retries per job:  3
Max allowed failures: unlimited
Run with -LOCAL:      False
Verbosity:            normal

Starting JobDJ...

Keep one job on driver host: False
JobDJ columns:
  C: Number of completed subjobs
  A: Number of active subjobs (e.g., submitted, running)
  W: Number of waiting/pending subjobs

C A W | Activity  JobId  JobName  JobHost
- - - | --------- -----------------------
0 1 1 | launched  ls17-0-5aec7115 SM05_micro005 lsf-cpu
0 2 0 | launched  ls17-0-5aec7120 SM05_micro011 lsf-cpu
1 1 0 | finished  ls17-0-5aec7120 SM05_micro011 lsf-cpu
2 0 0 | finished  ls17-0-5aec7115 SM05_micro005 lsf-cpu [ls12]

All jobs have completed.

2 of 2 job(s) succeeded; 0 job(s) failed.

Timer (distribute subjobs) : 1229.30 secs (0 hrs, 20 mins, 29 secs)

Setting up QM workflow for (protonated, deprotonated) pair:
(1) (SM05_micro005, SM05_micro011)

Executing Jaguar quantum-mechanical subjobs...

Executing 10 distributed subjobs:
----------------------------------

No more than 8 cpu(s) will be used per subjob.
No more than 10 cpu(s) will be used simultaneously.

Processing the following subjobs:
(1) jaguar run pka_prot.bat -jobname SM05_micro005_conf_1 SM05_micro005_conf_1.in
(2) jaguar run pka_prot.bat -jobname SM05_micro005_conf_2 SM05_micro005_conf_2.in
(3) jaguar run pka_prot.bat -jobname SM05_micro005_conf_3 SM05_micro005_conf_3.in
(4) jaguar run pka_prot.bat -jobname SM05_micro005_conf_4 SM05_micro005_conf_4.in
(5) jaguar run pka_prot.bat -jobname SM05_micro005_conf_5 SM05_micro005_conf_5.in
(6) jaguar run pka_deprot.bat -jobname SM05_micro011_conf_1 SM05_micro011_conf_1.in
(7) jaguar run pka_deprot.bat -jobname SM05_micro011_conf_2 SM05_micro011_conf_2.in
(8) jaguar run pka_deprot.bat -jobname SM05_micro011_conf_3 SM05_micro011_conf_3.in
(9) jaguar run pka_deprot.bat -jobname SM05_micro011_conf_4 SM05_micro011_conf_4.in
(10) jaguar run pka_deprot.bat -jobname SM05_micro011_conf_5 SM05_micro011_conf_5.in

Running subjobs on hosts:
  lsf-cpu (Max: 10)
Number of jobs:       10
Max retries per job:  3
Max allowed failures: unlimited
Run with -LOCAL:      False
Verbosity:            normal

Starting JobDJ...

Keep one job on driver host: True
JobDJ columns:
  C: Number of completed subjobs
  A: Number of active subjobs (e.g., submitted, running)
  W: Number of waiting/pending subjobs

 C  A  W | Activity  JobId  JobName  JobHost
-- -- -- | --------- -----------------------
 0  1  9 | launched  ls17-0-5aec75de SM05_micro005_conf_1 localhost [ls17]
 0  2  8 | launched  ls17-0-5aec75e2 SM05_micro005_conf_2 lsf-cpu
 0  3  7 | launched  ls17-0-5aec75e6 SM05_micro005_conf_3 lsf-cpu
 0  4  6 | launched  ls17-1-5aec75ea SM05_micro005_conf_4 lsf-cpu
 0  5  5 | launched  ls17-0-5aec75f0 SM05_micro005_conf_5 lsf-cpu
 0  6  4 | launched  ls17-0-5aec75f4 SM05_micro011_conf_1 lsf-cpu
 0  7  3 | launched  ls17-0-5aec75f8 SM05_micro011_conf_2 lsf-cpu
 0  8  2 | launched  ls17-0-5aec75fd SM05_micro011_conf_3 lsf-cpu
 0  9  1 | launched  ls17-0-5aec7602 SM05_micro011_conf_4 lsf-cpu
 0 10  0 | launched  ls17-0-5aec7606 SM05_micro011_conf_5 lsf-cpu
 1  9  0 | finished  ls17-0-5aec7606 SM05_micro011_conf_5 lsf-cpu [ls17]
 2  8  0 | finished  ls17-0-5aec75de SM05_micro005_conf_1 localhost [ls17]
 3  7  0 | finished  ls17-0-5aec75f8 SM05_micro011_conf_2 lsf-cpu [ls04]
 4  6  0 | finished  ls17-0-5aec75f4 SM05_micro011_conf_1 lsf-cpu [ls04]
 5  5  0 | finished  ls17-0-5aec75e6 SM05_micro005_conf_3 lsf-cpu [lt08]
 6  4  0 | finished  ls17-0-5aec75e2 SM05_micro005_conf_2 lsf-cpu [lt08]
 7  3  0 | finished  ls17-0-5aec75f0 SM05_micro005_conf_5 lsf-cpu [ls04]
 8  2  0 | finished  ls17-0-5aec75fd SM05_micro011_conf_3 lsf-cpu [ls04]
 9  1  0 | finished  ls17-0-5aec7602 SM05_micro011_conf_4 lsf-cpu [lt21]
10  0  0 | finished  ls17-1-5aec75ea SM05_micro005_conf_4 lsf-cpu [ls04]

All jobs have completed.

10 of 10 job(s) succeeded; 0 job(s) failed.

Timer (distribute subjobs) : 3624.41 secs (1 hrs, 00 mins, 24 secs)

Processing QM output files...

Executing subprocess:
/data/chodera/schrodinger/schrodinger2017-4-advanced/jaguar results -energy SM05_micro005_conf_1.nrg_h.out

Executing subprocess:
/data/chodera/schrodinger/schrodinger2017-4-advanced/jaguar results -esolv SM05_micro005_conf_1.sol_h.out

Executing subprocess:
/data/chodera/schrodinger/schrodinger2017-4-advanced/jaguar results -energy SM05_micro005_conf_2.nrg_h.out

Executing subprocess:
/data/chodera/schrodinger/schrodinger2017-4-advanced/jaguar results -esolv SM05_micro005_conf_2.sol_h.out

Executing subprocess:
/data/chodera/schrodinger/schrodinger2017-4-advanced/jaguar results -energy SM05_micro005_conf_3.nrg_h.out

Executing subprocess:
/data/chodera/schrodinger/schrodinger2017-4-advanced/jaguar results -esolv SM05_micro005_conf_3.sol_h.out

Executing subprocess:
/data/chodera/schrodinger/schrodinger2017-4-advanced/jaguar results -energy SM05_micro005_conf_4.nrg_h.out

Executing subprocess:
/data/chodera/schrodinger/schrodinger2017-4-advanced/jaguar results -esolv SM05_micro005_conf_4.sol_h.out

Executing subprocess:
/data/chodera/schrodinger/schrodinger2017-4-advanced/jaguar results -energy SM05_micro005_conf_5.nrg_h.out

Executing subprocess:
/data/chodera/schrodinger/schrodinger2017-4-advanced/jaguar results -esolv SM05_micro005_conf_5.sol_h.out

Executing subprocess:
/data/chodera/schrodinger/schrodinger2017-4-advanced/jaguar results -energy SM05_micro011_conf_1.nrg.out

Executing subprocess:
/data/chodera/schrodinger/schrodinger2017-4-advanced/jaguar results -esolv SM05_micro011_conf_1.sol.out

Executing subprocess:
/data/chodera/schrodinger/schrodinger2017-4-advanced/jaguar results -energy SM05_micro011_conf_2.nrg.out

Executing subprocess:
/data/chodera/schrodinger/schrodinger2017-4-advanced/jaguar results -esolv SM05_micro011_conf_2.sol.out

Executing subprocess:
/data/chodera/schrodinger/schrodinger2017-4-advanced/jaguar results -energy SM05_micro011_conf_3.nrg.out

Executing subprocess:
/data/chodera/schrodinger/schrodinger2017-4-advanced/jaguar results -esolv SM05_micro011_conf_3.sol.out

Executing subprocess:
/data/chodera/schrodinger/schrodinger2017-4-advanced/jaguar results -energy SM05_micro011_conf_4.nrg.out

Executing subprocess:
/data/chodera/schrodinger/schrodinger2017-4-advanced/jaguar results -esolv SM05_micro011_conf_4.sol.out

Executing subprocess:
/data/chodera/schrodinger/schrodinger2017-4-advanced/jaguar results -energy SM05_micro011_conf_5.nrg.out

Executing subprocess:
/data/chodera/schrodinger/schrodinger2017-4-advanced/jaguar results -esolv SM05_micro011_conf_5.sol.out

Executing subprocess:
/data/chodera/schrodinger/schrodinger2017-4-advanced/jaguar-v9.8/bin/Linux-x86_64/pka -o SM05_micro005_deprot-out.mae -j SM05_micro005.jres -n -d

Executing subprocess:
/data/chodera/schrodinger/schrodinger2017-4-advanced/jaguar-v9.8/bin/Linux-x86_64/pka -o SM05_micro005_prot-out.mae -j SM05_micro005.jres -n

pKa calculation for SM05_micro005 completed.

pKa workflow jag_SM05_micro005_SM05_micro011 completed.

Timer (Jaguar pKa) : 4956.14 secs (1 hrs, 22 mins, 36 secs)
Timer (jaguar_backend.py) : 4956.14 secs (1 hrs, 22 mins, 36 secs)
Finished:   Fri May  4 12:03:46 2018
