COMMAND:
 /data/chodera/schrodinger/schrodinger2017-4-advanced/epik-v4.2/bin/Linux-x86_64/epik_app -imae SM21.11.9.mae -omae SM21.epik.11.9.mae -p 0.0000453999298 -ph 11.9
SCHRODINGER: /data/chodera/schrodinger/schrodinger2017-4-advanced

Running Epik version     4.2011
Epik. Copyright Schrodinger, LLC. All rights reserved.

Input file name:                        SM21.11.9.mae
Output file name:                       SM21.epik.11.9.mae
Minimum probability set to 4.539993e-05
Structure adjustment calculation requested.
  Target pH set to 11.900

Adjusting structures for pH 1.190000e+01 and minimum probability 4.539993e-05
Solvent model name:                     water
WARNING The connections on two versions (2 and 3) of base atom differ in acid_pattern: [#1]-[NX2-1,NX3+1](~[CX3](~[OX1-1,OX1+0]))~[cX3]1[nX2][cX3][nX3-0,nX3+1][nX2-1,nX2+0]1
WARNING The charge on two versions (-1 and 1) of base atom do not differ by 1 acid_pattern: [#1]-[NX2-1,NX3+1](~[CX3](~[OX1-1,OX1+0]))~[cX3]1[nX2][cX3][nX3-0,nX3+1][nX2-1,nX2+0]1
Jobcontrol is not being used for this specific Epik calculation.
---------------------------
Processing Input Structure #1
        Title: SM21
                                              Calculated pKas
                                                 Conjugate
                                          Atom   Acid/Base  pKa
. . . . . . . . . . . . . . . . . . . . . . .
Variation: 1
                                            12   Conj_Base  3.89
                                            14   Conj_Base  2.07
                                            28   Conj_Acid 12.68
                                            30   Conj_Acid 14.75
 pKa penalty:                                 0.09 kcal/mol
     Charging penalty:                        0.00 kcal/mol
     Neutralization penalty:                  0.09 kcal/mol
 Overall Penalty (tautomerization included):  0.09 kcal/mol
 Total Charge: 0
. . . . . . . . . . . . . . . . . . . . . . .
Variation: 2
                                            15   Conj_Base -2.41
                                            12   Conj_Base  5.08
                                            14   Conj_Base  4.59
                                            29   Conj_Acid 15.15
                                             8   Conj_Base 12.68
 pKa penalty:                                 1.15 kcal/mol
     Charging penalty:                        1.15 kcal/mol
     Neutralization penalty:                  0.00 kcal/mol
 Overall Penalty (tautomerization included):  1.54 kcal/mol
 Total Charge: -1
. . . . . . . . . . . . . . . . . . . . . . .
Variation: 3
                                            12   Conj_Base  4.47
                                            14   Conj_Base  4.16
                                             8   Conj_Base 13.01
                                            15   Conj_Base 15.15
 pKa penalty:                                 5.99 kcal/mol
     Charging penalty:                        5.99 kcal/mol
     Neutralization penalty:                  0.00 kcal/mol
 Overall Penalty (tautomerization included):  1.62 kcal/mol
 Total Charge: -2
. . . . . . . . . . . . . . . . . . . . . . .
Variation: 4
                                            12   Conj_Base  3.71
                                            14   Conj_Base  2.55
                                            28   Conj_Acid 13.01
                                            15   Conj_Base 14.75
 pKa penalty:                                 3.94 kcal/mol
     Charging penalty:                        3.89 kcal/mol
     Neutralization penalty:                  0.04 kcal/mol
 Overall Penalty (tautomerization included):  3.92 kcal/mol
 Total Charge: -1
---------------------------
