Command:    jaguar run pka.py -jobname jag_SM24_micro034_SM24_micro029 -PARALLEL 10 -n -csrch -prot SM24_micro034.in -deprot SM24_micro029.in
Release:    2017-4
Exec:       /data/chodera/schrodinger/schrodinger2017-4-advanced/jaguar-v9.8/bin/Linux-x86_64
Host:       lt02
JobId:      lilac-0-5aecd641
JobDir:     /lila/data/chodera/schrodinger/tmpdir/rustenburg/jag_SM24_micro034_SM24_micro029
Date:       Fri May  4 19:23:16 2018

Contents of /lila/data/chodera/schrodinger/tmpdir/rustenburg/jag_SM24_micro034_SM24_micro029:
/lila/data/chodera/schrodinger/tmpdir/rustenburg/jag_SM24_micro034_SM24_micro029/lilac-0-5aecd641.hosts
/lila/data/chodera/schrodinger/tmpdir/rustenburg/jag_SM24_micro034_SM24_micro029/lilac-0-5aecd641.recover
/lila/data/chodera/schrodinger/tmpdir/rustenburg/jag_SM24_micro034_SM24_micro029/lilac-0-5aecd641.mpinodes
/lila/data/chodera/schrodinger/tmpdir/rustenburg/jag_SM24_micro034_SM24_micro029/SM24_micro034.mae
/lila/data/chodera/schrodinger/tmpdir/rustenburg/jag_SM24_micro034_SM24_micro029/lilac-0-5aecd641.jlog
/lila/data/chodera/schrodinger/tmpdir/rustenburg/jag_SM24_micro034_SM24_micro029/jag_SM24_micro034_SM24_micro029.recover
/lila/data/chodera/schrodinger/tmpdir/rustenburg/jag_SM24_micro034_SM24_micro029/lilac-0-5aecd641
/lila/data/chodera/schrodinger/tmpdir/rustenburg/jag_SM24_micro034_SM24_micro029/SM24_micro029.mae
/lila/data/chodera/schrodinger/tmpdir/rustenburg/jag_SM24_micro034_SM24_micro029/SM24_micro034.in
/lila/data/chodera/schrodinger/tmpdir/rustenburg/jag_SM24_micro034_SM24_micro029/jag_SM24_micro034_SM24_micro029.log
/lila/data/chodera/schrodinger/tmpdir/rustenburg/jag_SM24_micro034_SM24_micro029/lilac-0-5aecd641.nodes
/lila/data/chodera/schrodinger/tmpdir/rustenburg/jag_SM24_micro034_SM24_micro029/SM24_micro029.in

=====================
 Jaguar pKa workflow
=====================

Analysing user-provided (prot, deprot) pair:
(SM24_micro034.in, SM24_micro029.in)
Found labile hydrogen 31 in SM24_micro034.in
Found labile hydrogen at atom 24 in SM24_micro029.in
Adding 'ipkat' keyword to input files.

Identifying pKa functional group for pair:
(SM24_micro034, SM24_micro029)

Executing subprocess:
/data/chodera/schrodinger/schrodinger2017-4-advanced/jaguar-v9.8/bin/Linux-x86_64/pka -i -j SM24_micro034.tmp.jres -n

Taking protonated structures from:
SM24_micro034.mae
Taking deprotonated structures from:
SM24_micro029.mae

This molecule from 'SM24_micro034.mae' in water was recognized as:

 # 	           Shell           
---	---------------------------
1: 	Protonation of generic atom


Executing conformational search...

Executing 2 distributed subjobs:
---------------------------------

No more than 8 cpu(s) will be used per subjob.
No more than 10 cpu(s) will be used simultaneously.

Processing the following subjobs:
(1) jaguar run csrch.py SM24_micro034.mae -jobname SM24_micro034 -max_conf 5 -erg_window 50.208 -acc_level 1 -TPP 5
(2) jaguar run csrch.py SM24_micro029.mae -jobname SM24_micro029 -max_conf 5 -erg_window 50.208 -acc_level 1 -TPP 5

Running subjobs on hosts:
  lsf-cpu (Max: 2)
Number of jobs:       2
Max retries per job:  3
Max allowed failures: unlimited
Run with -LOCAL:      False
Verbosity:            normal

Starting JobDJ...

Keep one job on driver host: False
JobDJ columns:
  C: Number of completed subjobs
  A: Number of active subjobs (e.g., submitted, running)
  W: Number of waiting/pending subjobs

C A W | Activity  JobId  JobName  JobHost
- - - | --------- -----------------------
0 1 1 | launched  lt02-26-5aeceb85 SM24_micro034 lsf-cpu
0 2 0 | launched  lt02-22-5aeceb99 SM24_micro029 lsf-cpu
1 1 0 | finished  lt02-26-5aeceb85 SM24_micro034 lsf-cpu [ls07]
2 0 0 | finished  lt02-22-5aeceb99 SM24_micro029 lsf-cpu [ls12]

All jobs have completed.

2 of 2 job(s) succeeded; 0 job(s) failed.

Timer (distribute subjobs) : 8676.09 secs (2 hrs, 24 mins, 36 secs)

Setting up QM workflow for (protonated, deprotonated) pair:
(1) (SM24_micro034, SM24_micro029)

Executing Jaguar quantum-mechanical subjobs...

Executing 10 distributed subjobs:
----------------------------------

No more than 8 cpu(s) will be used per subjob.
No more than 10 cpu(s) will be used simultaneously.

Processing the following subjobs:
(1) jaguar run pka_prot.bat -jobname SM24_micro034_conf_1 SM24_micro034_conf_1.in
(2) jaguar run pka_prot.bat -jobname SM24_micro034_conf_2 SM24_micro034_conf_2.in
(3) jaguar run pka_prot.bat -jobname SM24_micro034_conf_3 SM24_micro034_conf_3.in
(4) jaguar run pka_prot.bat -jobname SM24_micro034_conf_4 SM24_micro034_conf_4.in
(5) jaguar run pka_prot.bat -jobname SM24_micro034_conf_5 SM24_micro034_conf_5.in
(6) jaguar run pka_deprot.bat -jobname SM24_micro029_conf_1 SM24_micro029_conf_1.in
(7) jaguar run pka_deprot.bat -jobname SM24_micro029_conf_2 SM24_micro029_conf_2.in
(8) jaguar run pka_deprot.bat -jobname SM24_micro029_conf_3 SM24_micro029_conf_3.in
(9) jaguar run pka_deprot.bat -jobname SM24_micro029_conf_4 SM24_micro029_conf_4.in
(10) jaguar run pka_deprot.bat -jobname SM24_micro029_conf_5 SM24_micro029_conf_5.in

Running subjobs on hosts:
  lsf-cpu (Max: 10)
Number of jobs:       10
Max retries per job:  3
Max allowed failures: unlimited
Run with -LOCAL:      False
Verbosity:            normal

Starting JobDJ...

Keep one job on driver host: True
JobDJ columns:
  C: Number of completed subjobs
  A: Number of active subjobs (e.g., submitted, running)
  W: Number of waiting/pending subjobs

 C  A  W | Activity  JobId  JobName  JobHost
-- -- -- | --------- -----------------------
 0  1  9 | launched  lt02-0-5aed0d54 SM24_micro034_conf_1 localhost [lt02]
 0  2  8 | launched  lt02-1-5aed0d58 SM24_micro034_conf_2 lsf-cpu
 0  3  7 | launched  lt02-0-5aed0d5d SM24_micro034_conf_3 lsf-cpu
 0  4  6 | launched  lt02-0-5aed0d61 SM24_micro034_conf_4 lsf-cpu
 0  5  5 | launched  lt02-0-5aed0d66 SM24_micro034_conf_5 lsf-cpu
 0  6  4 | launched  lt02-0-5aed0d6c SM24_micro029_conf_1 lsf-cpu
 0  7  3 | launched  lt02-0-5aed0d70 SM24_micro029_conf_2 lsf-cpu
 0  8  2 | launched  lt02-0-5aed0d75 SM24_micro029_conf_3 lsf-cpu
 0  9  1 | launched  lt02-0-5aed0d7a SM24_micro029_conf_4 lsf-cpu
 0 10  0 | launched  lt02-0-5aed0d80 SM24_micro029_conf_5 lsf-cpu
