Command:    jaguar run pka.py -jobname jag_SM21_micro036_SM21_micro032 -PARALLEL 10 -n -csrch -prot SM21_micro036.in -deprot SM21_micro032.in
Release:    2017-4
Exec:       /data/chodera/schrodinger/schrodinger2017-4-advanced/jaguar-v9.8/bin/Linux-x86_64
Host:       ls07
JobId:      lilac-0-5aecd10c
JobDir:     /lila/data/chodera/schrodinger/tmpdir/rustenburg/jag_SM21_micro036_SM21_micro032
Date:       Fri May  4 19:19:24 2018

Contents of /lila/data/chodera/schrodinger/tmpdir/rustenburg/jag_SM21_micro036_SM21_micro032:
/lila/data/chodera/schrodinger/tmpdir/rustenburg/jag_SM21_micro036_SM21_micro032/lilac-0-5aecd10c.mpinodes
/lila/data/chodera/schrodinger/tmpdir/rustenburg/jag_SM21_micro036_SM21_micro032/lilac-0-5aecd10c
/lila/data/chodera/schrodinger/tmpdir/rustenburg/jag_SM21_micro036_SM21_micro032/lilac-0-5aecd10c.jlog
/lila/data/chodera/schrodinger/tmpdir/rustenburg/jag_SM21_micro036_SM21_micro032/SM21_micro032.in
/lila/data/chodera/schrodinger/tmpdir/rustenburg/jag_SM21_micro036_SM21_micro032/lilac-0-5aecd10c.recover
/lila/data/chodera/schrodinger/tmpdir/rustenburg/jag_SM21_micro036_SM21_micro032/jag_SM21_micro036_SM21_micro032.recover
/lila/data/chodera/schrodinger/tmpdir/rustenburg/jag_SM21_micro036_SM21_micro032/jag_SM21_micro036_SM21_micro032.log
/lila/data/chodera/schrodinger/tmpdir/rustenburg/jag_SM21_micro036_SM21_micro032/lilac-0-5aecd10c.nodes
/lila/data/chodera/schrodinger/tmpdir/rustenburg/jag_SM21_micro036_SM21_micro032/lilac-0-5aecd10c.hosts
/lila/data/chodera/schrodinger/tmpdir/rustenburg/jag_SM21_micro036_SM21_micro032/SM21_micro036.mae
/lila/data/chodera/schrodinger/tmpdir/rustenburg/jag_SM21_micro036_SM21_micro032/SM21_micro032.mae
/lila/data/chodera/schrodinger/tmpdir/rustenburg/jag_SM21_micro036_SM21_micro032/SM21_micro036.in

=====================
 Jaguar pKa workflow
=====================

Analysing user-provided (prot, deprot) pair:
(SM21_micro036.in, SM21_micro032.in)
Found labile hydrogen 28 in SM21_micro036.in
Found labile hydrogen at atom 16 in SM21_micro032.in
Adding 'ipkat' keyword to input files.

Identifying pKa functional group for pair:
(SM21_micro036, SM21_micro032)

Executing subprocess:
/data/chodera/schrodinger/schrodinger2017-4-advanced/jaguar-v9.8/bin/Linux-x86_64/pka -i -j SM21_micro036.tmp.jres -n

Taking protonated structures from:
SM21_micro036.mae
Taking deprotonated structures from:
SM21_micro032.mae

This molecule from 'SM21_micro036.mae' in water was recognized as:

 # 	                  Shell                   
---	------------------------------------------
1: 	secondary aniline                         
2: 	Protonation of sp3-like aliphatic nitrogen
3: 	Protonation of generic atom               


Executing conformational search...

Executing 2 distributed subjobs:
---------------------------------

No more than 8 cpu(s) will be used per subjob.
No more than 10 cpu(s) will be used simultaneously.

Processing the following subjobs:
(1) jaguar run csrch.py SM21_micro036.mae -jobname SM21_micro036 -max_conf 5 -erg_window 50.208 -acc_level 1 -TPP 5
(2) jaguar run csrch.py SM21_micro032.mae -jobname SM21_micro032 -max_conf 5 -erg_window 50.208 -acc_level 1 -TPP 5

Running subjobs on hosts:
  lsf-cpu (Max: 2)
Number of jobs:       2
Max retries per job:  3
Max allowed failures: unlimited
Run with -LOCAL:      False
Verbosity:            normal

Starting JobDJ...

Keep one job on driver host: False
JobDJ columns:
  C: Number of completed subjobs
  A: Number of active subjobs (e.g., submitted, running)
  W: Number of waiting/pending subjobs

C A W | Activity  JobId  JobName  JobHost
- - - | --------- -----------------------
0 1 1 | launched  ls07-26-5aecea92 SM21_micro036 lsf-cpu
0 2 0 | launched  ls07-6-5aeceaa4 SM21_micro032 lsf-cpu
1 1 0 | finished  ls07-26-5aecea92 SM21_micro036 lsf-cpu [ls17]
2 0 0 | finished  ls07-6-5aeceaa4 SM21_micro032 lsf-cpu [ls10]

All jobs have completed.

2 of 2 job(s) succeeded; 0 job(s) failed.

Timer (distribute subjobs) : 4874.26 secs (1 hrs, 21 mins, 14 secs)

Setting up QM workflow for (protonated, deprotonated) pair:
(1) (SM21_micro036, SM21_micro032)

Executing Jaguar quantum-mechanical subjobs...

Executing 9 distributed subjobs:
---------------------------------

No more than 8 cpu(s) will be used per subjob.
No more than 10 cpu(s) will be used simultaneously.

Processing the following subjobs:
(1) jaguar run pka_prot.bat -jobname SM21_micro036_conf_1 SM21_micro036_conf_1.in -TPP 2
(2) jaguar run pka_prot.bat -jobname SM21_micro036_conf_2 SM21_micro036_conf_2.in
(3) jaguar run pka_prot.bat -jobname SM21_micro036_conf_3 SM21_micro036_conf_3.in
(4) jaguar run pka_prot.bat -jobname SM21_micro036_conf_4 SM21_micro036_conf_4.in
(5) jaguar run pka_deprot.bat -jobname SM21_micro032_conf_1 SM21_micro032_conf_1.in
(6) jaguar run pka_deprot.bat -jobname SM21_micro032_conf_2 SM21_micro032_conf_2.in
(7) jaguar run pka_deprot.bat -jobname SM21_micro032_conf_3 SM21_micro032_conf_3.in
(8) jaguar run pka_deprot.bat -jobname SM21_micro032_conf_4 SM21_micro032_conf_4.in
(9) jaguar run pka_deprot.bat -jobname SM21_micro032_conf_5 SM21_micro032_conf_5.in

Running subjobs on hosts:
  lsf-cpu (Max: 9)
Number of jobs:       9
Max retries per job:  3
Max allowed failures: unlimited
Run with -LOCAL:      False
Verbosity:            normal

Starting JobDJ...

Keep one job on driver host: False
JobDJ columns:
  C: Number of completed subjobs
  A: Number of active subjobs (e.g., submitted, running)
  W: Number of waiting/pending subjobs

C A W | Activity  JobId  JobName  JobHost
- - - | --------- -----------------------
0 1 8 | launched  ls07-0-5aecfd90 SM21_micro036_conf_1 lsf-cpu
0 2 7 | launched  ls07-0-5aecfd94 SM21_micro036_conf_2 lsf-cpu
0 3 6 | launched  ls07-0-5aecfd98 SM21_micro036_conf_3 lsf-cpu
0 4 5 | launched  ls07-1-5aecfd9b SM21_micro036_conf_4 lsf-cpu
0 5 4 | launched  ls07-1-5aecfd9f SM21_micro032_conf_1 lsf-cpu
0 6 3 | launched  ls07-0-5aecfda2 SM21_micro032_conf_2 lsf-cpu
0 7 2 | launched  ls07-0-5aecfda6 SM21_micro032_conf_3 lsf-cpu
0 8 1 | launched  ls07-0-5aecfdaa SM21_micro032_conf_4 lsf-cpu
0 9 0 | launched  ls07-0-5aecfdae SM21_micro032_conf_5 lsf-cpu
