Command:    jaguar run pka.py -jobname jag_SM18_micro056_SM18_micro069 -PARALLEL 10 -n -csrch -prot SM18_micro056.in -deprot SM18_micro069.in
Release:    2017-4
Exec:       /data/chodera/schrodinger/schrodinger2017-4-advanced/jaguar-v9.8/bin/Linux-x86_64
Host:       lt21
JobId:      lilac-0-5aecb082
JobDir:     /lila/data/chodera/schrodinger/tmpdir/rustenburg/jag_SM18_micro056_SM18_micro069
Date:       Fri May  4 15:27:26 2018

Contents of /lila/data/chodera/schrodinger/tmpdir/rustenburg/jag_SM18_micro056_SM18_micro069:
/lila/data/chodera/schrodinger/tmpdir/rustenburg/jag_SM18_micro056_SM18_micro069/jag_SM18_micro056_SM18_micro069.recover
/lila/data/chodera/schrodinger/tmpdir/rustenburg/jag_SM18_micro056_SM18_micro069/SM18_micro056.mae
/lila/data/chodera/schrodinger/tmpdir/rustenburg/jag_SM18_micro056_SM18_micro069/SM18_micro069.mae
/lila/data/chodera/schrodinger/tmpdir/rustenburg/jag_SM18_micro056_SM18_micro069/jag_SM18_micro056_SM18_micro069.log
/lila/data/chodera/schrodinger/tmpdir/rustenburg/jag_SM18_micro056_SM18_micro069/lilac-0-5aecb082.hosts
/lila/data/chodera/schrodinger/tmpdir/rustenburg/jag_SM18_micro056_SM18_micro069/lilac-0-5aecb082
/lila/data/chodera/schrodinger/tmpdir/rustenburg/jag_SM18_micro056_SM18_micro069/lilac-0-5aecb082.recover
/lila/data/chodera/schrodinger/tmpdir/rustenburg/jag_SM18_micro056_SM18_micro069/lilac-0-5aecb082.jlog
/lila/data/chodera/schrodinger/tmpdir/rustenburg/jag_SM18_micro056_SM18_micro069/SM18_micro069.in
/lila/data/chodera/schrodinger/tmpdir/rustenburg/jag_SM18_micro056_SM18_micro069/lilac-0-5aecb082.mpinodes
/lila/data/chodera/schrodinger/tmpdir/rustenburg/jag_SM18_micro056_SM18_micro069/lilac-0-5aecb082.nodes
/lila/data/chodera/schrodinger/tmpdir/rustenburg/jag_SM18_micro056_SM18_micro069/SM18_micro056.in

=====================
 Jaguar pKa workflow
=====================

Analysing user-provided (prot, deprot) pair:
(SM18_micro056.in, SM18_micro069.in)
Found labile hydrogen 31 in SM18_micro056.in
Found labile hydrogen at atom 9 in SM18_micro069.in
Adding 'ipkat' keyword to input files.

Identifying pKa functional group for pair:
(SM18_micro056, SM18_micro069)

Executing subprocess:
/data/chodera/schrodinger/schrodinger2017-4-advanced/jaguar-v9.8/bin/Linux-x86_64/pka -i -j SM18_micro056.tmp.jres -n

Taking protonated structures from:
SM18_micro056.mae
Taking deprotonated structures from:
SM18_micro069.mae

This molecule from 'SM18_micro056.mae' in water was recognized as:

 # 	                  Shell                  
---	-----------------------------------------
1: 	delta lactam                             
2: 	4-pyrimidone as acid                     
3: 	Protonation of sp2-like aromatic nitrogen
4: 	Protonation of generic atom              


Executing conformational search...

Executing 2 distributed subjobs:
---------------------------------

No more than 8 cpu(s) will be used per subjob.
No more than 10 cpu(s) will be used simultaneously.

Processing the following subjobs:
(1) jaguar run csrch.py SM18_micro056.mae -jobname SM18_micro056 -max_conf 5 -erg_window 50.208 -acc_level 1 -TPP 5
(2) jaguar run csrch.py SM18_micro069.mae -jobname SM18_micro069 -max_conf 5 -erg_window 50.208 -acc_level 1 -TPP 5

Running subjobs on hosts:
  lsf-cpu (Max: 2)
Number of jobs:       2
Max retries per job:  3
Max allowed failures: unlimited
Run with -LOCAL:      False
Verbosity:            normal

Starting JobDJ...

Keep one job on driver host: False
JobDJ columns:
  C: Number of completed subjobs
  A: Number of active subjobs (e.g., submitted, running)
  W: Number of waiting/pending subjobs

C A W | Activity  JobId  JobName  JobHost
- - - | --------- -----------------------
0 1 1 | launched  lt21-0-5aecb423 SM18_micro056 lsf-cpu
0 2 0 | launched  lt21-0-5aecb426 SM18_micro069 lsf-cpu
1 1 0 | finished  lt21-0-5aecb426 SM18_micro069 lsf-cpu [lt02]
2 0 0 | finished  lt21-0-5aecb423 SM18_micro056 lsf-cpu [lt02]

All jobs have completed.

2 of 2 job(s) succeeded; 0 job(s) failed.

Timer (distribute subjobs) : 5340.34 secs (1 hrs, 29 mins, 00 secs)

Setting up QM workflow for (protonated, deprotonated) pair:
(1) (SM18_micro056, SM18_micro069)

Executing Jaguar quantum-mechanical subjobs...

Executing 10 distributed subjobs:
----------------------------------

No more than 8 cpu(s) will be used per subjob.
No more than 10 cpu(s) will be used simultaneously.

Processing the following subjobs:
(1) jaguar run pka_prot.bat -jobname SM18_micro056_conf_1 SM18_micro056_conf_1.in
(2) jaguar run pka_prot.bat -jobname SM18_micro056_conf_2 SM18_micro056_conf_2.in
(3) jaguar run pka_prot.bat -jobname SM18_micro056_conf_3 SM18_micro056_conf_3.in
(4) jaguar run pka_prot.bat -jobname SM18_micro056_conf_4 SM18_micro056_conf_4.in
(5) jaguar run pka_prot.bat -jobname SM18_micro056_conf_5 SM18_micro056_conf_5.in
(6) jaguar run pka_deprot.bat -jobname SM18_micro069_conf_1 SM18_micro069_conf_1.in
(7) jaguar run pka_deprot.bat -jobname SM18_micro069_conf_2 SM18_micro069_conf_2.in
(8) jaguar run pka_deprot.bat -jobname SM18_micro069_conf_3 SM18_micro069_conf_3.in
(9) jaguar run pka_deprot.bat -jobname SM18_micro069_conf_4 SM18_micro069_conf_4.in
(10) jaguar run pka_deprot.bat -jobname SM18_micro069_conf_5 SM18_micro069_conf_5.in

Running subjobs on hosts:
  lsf-cpu (Max: 10)
Number of jobs:       10
Max retries per job:  3
Max allowed failures: unlimited
Run with -LOCAL:      False
Verbosity:            normal

Starting JobDJ...

Keep one job on driver host: True
JobDJ columns:
  C: Number of completed subjobs
  A: Number of active subjobs (e.g., submitted, running)
  W: Number of waiting/pending subjobs

 C  A  W | Activity  JobId  JobName  JobHost
-- -- -- | --------- -----------------------
 0  1  9 | launched  lt21-0-5aecc903 SM18_micro056_conf_1 localhost [lt21]
 0  2  8 | launched  lt21-0-5aecc906 SM18_micro056_conf_2 lsf-cpu
 0  3  7 | launched  lt21-0-5aecc909 SM18_micro056_conf_3 lsf-cpu
 0  4  6 | launched  lt21-0-5aecc90c SM18_micro056_conf_4 lsf-cpu
 0  5  5 | launched  lt21-0-5aecc90f SM18_micro056_conf_5 lsf-cpu
 0  6  4 | launched  lt21-0-5aecc913 SM18_micro069_conf_1 lsf-cpu
 0  7  3 | launched  lt21-0-5aecc916 SM18_micro069_conf_2 lsf-cpu
 0  8  2 | launched  lt21-0-5aecc919 SM18_micro069_conf_3 lsf-cpu
 0  9  1 | launched  lt21-0-5aecc91d SM18_micro069_conf_4 lsf-cpu
 0 10  0 | launched  lt21-0-5aecc921 SM18_micro069_conf_5 lsf-cpu
 1  9  0 | finished  lt21-0-5aecc903 SM18_micro056_conf_1 localhost [lt21]
 1  9  0 | launched  lt21-0-5aecd6cf SM18_micro069_conf_5 localhost [lt21]
 2  8  0 | finished  lt21-0-5aecd6cf SM18_micro069_conf_5 localhost [lt21]
 3  7  0 | finished  lt21-0-5aecc90c SM18_micro056_conf_4 lsf-cpu [ls04]
 4  6  0 | finished  lt21-0-5aecc90f SM18_micro056_conf_5 lsf-cpu [ls04]
 5  5  0 | finished  lt21-0-5aecc916 SM18_micro069_conf_2 lsf-cpu [ls04]
 6  4  0 | finished  lt21-0-5aecc909 SM18_micro056_conf_3 lsf-cpu [ls04]
 7  3  0 | finished  lt21-0-5aecc906 SM18_micro056_conf_2 lsf-cpu [ls04]
 8  2  0 | finished  lt21-0-5aecc913 SM18_micro069_conf_1 lsf-cpu [ls04]
