Taking protonated structures from:
SM18_micro016_conf_1.dft_h.01.mae
SM18_micro016_conf_2.dft_h.01.mae
SM18_micro016_conf_3.dft_h.01.mae
SM18_micro016_conf_4.dft_h.01.mae
SM18_micro016_conf_5.dft_h.01.mae
Taking deprotonated structures from:
SM18_micro065_conf_1.dft.01.mae
SM18_micro065_conf_2.dft.01.mae
SM18_micro065_conf_3.dft.01.mae
SM18_micro065_conf_4.dft.01.mae
SM18_micro065_conf_5.dft.01.mae

Corrected results for 'protonated' structure in water:
pKa atom: 40

 # 	                  Shell                   	 pKa 	RMSD	 Contribution
---	------------------------------------------	-----	-----	--------------
1: 	amide as acid                             	10.01	0.903	    25.09%
2: 	Protonation of sp2-like aliphatic nitrogen	 9.27	1.751	    55.19%
3: 	Protonation of generic atom               	 9.33	2.264	    19.73%

 Final weighted pKa value is 9.47



