Command:    jaguar run pka.py -jobname jag_SM18_micro037_SM18_micro002 -PARALLEL 10 -n -csrch -prot SM18_micro037.in -deprot SM18_micro002.in
Release:    2017-4
Exec:       /data/chodera/schrodinger/schrodinger2017-4-advanced/jaguar-v9.8/bin/Linux-x86_64
Host:       ls01
JobId:      lilac-0-5aecad74
JobDir:     /lila/data/chodera/schrodinger/tmpdir/rustenburg/jag_SM18_micro037_SM18_micro002
Date:       Fri May  4 14:59:30 2018

Contents of /lila/data/chodera/schrodinger/tmpdir/rustenburg/jag_SM18_micro037_SM18_micro002:
/lila/data/chodera/schrodinger/tmpdir/rustenburg/jag_SM18_micro037_SM18_micro002/SM18_micro037.mae
/lila/data/chodera/schrodinger/tmpdir/rustenburg/jag_SM18_micro037_SM18_micro002/lilac-0-5aecad74.jlog
/lila/data/chodera/schrodinger/tmpdir/rustenburg/jag_SM18_micro037_SM18_micro002/lilac-0-5aecad74
/lila/data/chodera/schrodinger/tmpdir/rustenburg/jag_SM18_micro037_SM18_micro002/SM18_micro037.in
/lila/data/chodera/schrodinger/tmpdir/rustenburg/jag_SM18_micro037_SM18_micro002/lilac-0-5aecad74.nodes
/lila/data/chodera/schrodinger/tmpdir/rustenburg/jag_SM18_micro037_SM18_micro002/SM18_micro002.mae
/lila/data/chodera/schrodinger/tmpdir/rustenburg/jag_SM18_micro037_SM18_micro002/lilac-0-5aecad74.mpinodes
/lila/data/chodera/schrodinger/tmpdir/rustenburg/jag_SM18_micro037_SM18_micro002/jag_SM18_micro037_SM18_micro002.log
/lila/data/chodera/schrodinger/tmpdir/rustenburg/jag_SM18_micro037_SM18_micro002/SM18_micro002.in
/lila/data/chodera/schrodinger/tmpdir/rustenburg/jag_SM18_micro037_SM18_micro002/lilac-0-5aecad74.hosts
/lila/data/chodera/schrodinger/tmpdir/rustenburg/jag_SM18_micro037_SM18_micro002/jag_SM18_micro037_SM18_micro002.recover
/lila/data/chodera/schrodinger/tmpdir/rustenburg/jag_SM18_micro037_SM18_micro002/lilac-0-5aecad74.recover

=====================
 Jaguar pKa workflow
=====================

Analysing user-provided (prot, deprot) pair:
(SM18_micro037.in, SM18_micro002.in)
Found labile hydrogen 42 in SM18_micro037.in
Found labile hydrogen at atom 20 in SM18_micro002.in
Adding 'ipkat' keyword to input files.

Identifying pKa functional group for pair:
(SM18_micro037, SM18_micro002)

Executing subprocess:
/data/chodera/schrodinger/schrodinger2017-4-advanced/jaguar-v9.8/bin/Linux-x86_64/pka -i -j SM18_micro037.tmp.jres -n

Taking protonated structures from:
SM18_micro037.mae
Taking deprotonated structures from:
SM18_micro002.mae

This molecule from 'SM18_micro037.mae' in water was recognized as:

 # 	           Shell           
---	---------------------------
1: 	Protonation of generic atom


Executing conformational search...

Executing 2 distributed subjobs:
---------------------------------

No more than 8 cpu(s) will be used per subjob.
No more than 10 cpu(s) will be used simultaneously.

Processing the following subjobs:
(1) jaguar run csrch.py SM18_micro037.mae -jobname SM18_micro037 -max_conf 5 -erg_window 50.208 -acc_level 1 -TPP 5
(2) jaguar run csrch.py SM18_micro002.mae -jobname SM18_micro002 -max_conf 5 -erg_window 50.208 -acc_level 1 -TPP 5

Running subjobs on hosts:
  lsf-cpu (Max: 2)
Number of jobs:       2
Max retries per job:  3
Max allowed failures: unlimited
Run with -LOCAL:      False
Verbosity:            normal

Starting JobDJ...

Keep one job on driver host: False
JobDJ columns:
  C: Number of completed subjobs
  A: Number of active subjobs (e.g., submitted, running)
  W: Number of waiting/pending subjobs

C A W | Activity  JobId  JobName  JobHost
- - - | --------- -----------------------
0 1 1 | launched  ls01-1-5aecad98 SM18_micro037 lsf-cpu
0 2 0 | launched  ls01-0-5aecad9d SM18_micro002 lsf-cpu
1 1 0 | finished  ls01-0-5aecad9d SM18_micro002 lsf-cpu [ls07]
2 0 0 | finished  ls01-1-5aecad98 SM18_micro037 lsf-cpu [ls15]

All jobs have completed.

2 of 2 job(s) succeeded; 0 job(s) failed.

Timer (distribute subjobs) : 8090.35 secs (2 hrs, 14 mins, 50 secs)

Setting up QM workflow for (protonated, deprotonated) pair:
(1) (SM18_micro037, SM18_micro002)

Executing Jaguar quantum-mechanical subjobs...

Executing 10 distributed subjobs:
----------------------------------

No more than 8 cpu(s) will be used per subjob.
No more than 10 cpu(s) will be used simultaneously.

Processing the following subjobs:
(1) jaguar run pka_prot.bat -jobname SM18_micro037_conf_1 SM18_micro037_conf_1.in
(2) jaguar run pka_prot.bat -jobname SM18_micro037_conf_2 SM18_micro037_conf_2.in
(3) jaguar run pka_prot.bat -jobname SM18_micro037_conf_3 SM18_micro037_conf_3.in
(4) jaguar run pka_prot.bat -jobname SM18_micro037_conf_4 SM18_micro037_conf_4.in
(5) jaguar run pka_prot.bat -jobname SM18_micro037_conf_5 SM18_micro037_conf_5.in
(6) jaguar run pka_deprot.bat -jobname SM18_micro002_conf_1 SM18_micro002_conf_1.in
(7) jaguar run pka_deprot.bat -jobname SM18_micro002_conf_2 SM18_micro002_conf_2.in
(8) jaguar run pka_deprot.bat -jobname SM18_micro002_conf_3 SM18_micro002_conf_3.in
(9) jaguar run pka_deprot.bat -jobname SM18_micro002_conf_4 SM18_micro002_conf_4.in
(10) jaguar run pka_deprot.bat -jobname SM18_micro002_conf_5 SM18_micro002_conf_5.in

Running subjobs on hosts:
  lsf-cpu (Max: 10)
Number of jobs:       10
Max retries per job:  3
Max allowed failures: unlimited
Run with -LOCAL:      False
Verbosity:            normal

Starting JobDJ...

Keep one job on driver host: True
JobDJ columns:
  C: Number of completed subjobs
  A: Number of active subjobs (e.g., submitted, running)
  W: Number of waiting/pending subjobs

 C  A  W | Activity  JobId  JobName  JobHost
-- -- -- | --------- -----------------------
 0  1  9 | launched  ls01-0-5aeccd34 SM18_micro037_conf_1 localhost [ls01]
 0  2  8 | launched  ls01-0-5aeccd39 SM18_micro037_conf_2 lsf-cpu
 0  3  7 | launched  ls01-0-5aeccd3e SM18_micro037_conf_3 lsf-cpu
 0  4  6 | launched  ls01-0-5aeccd43 SM18_micro037_conf_4 lsf-cpu
 0  5  5 | launched  ls01-0-5aeccd48 SM18_micro037_conf_5 lsf-cpu
 0  6  4 | launched  ls01-0-5aeccd54 SM18_micro002_conf_1 lsf-cpu
 0  7  3 | launched  ls01-0-5aeccd63 SM18_micro002_conf_2 lsf-cpu
 0  8  2 | launched  ls01-0-5aeccd69 SM18_micro002_conf_3 lsf-cpu
 0  9  1 | launched  ls01-0-5aeccd6e SM18_micro002_conf_4 lsf-cpu
 0 10  0 | launched  ls01-0-5aeccd73 SM18_micro002_conf_5 lsf-cpu
 1  9  0 | finished  ls01-0-5aeccd34 SM18_micro037_conf_1 localhost [ls01]
 2  8  0 | finished  ls01-0-5aeccd54 SM18_micro002_conf_1 lsf-cpu [ls10]
 3  7  0 | finished  ls01-0-5aeccd69 SM18_micro002_conf_3 lsf-cpu [lt09]
 4  6  0 | finished  ls01-0-5aeccd48 SM18_micro037_conf_5 lsf-cpu [ls10]
 5  5  0 | finished  ls01-0-5aeccd63 SM18_micro002_conf_2 lsf-cpu [lt09]
 6  4  0 | finished  ls01-0-5aeccd39 SM18_micro037_conf_2 lsf-cpu [ls10]
 7  3  0 | finished  ls01-0-5aeccd43 SM18_micro037_conf_4 lsf-cpu [ls10]
 8  2  0 | finished  ls01-0-5aeccd3e SM18_micro037_conf_3 lsf-cpu [ls10]
