Command:    jaguar run pka.py -jobname jag_SM21_micro027_SM21_micro022 -PARALLEL 10 -n -csrch -prot SM21_micro027.in -deprot SM21_micro022.in
Release:    2017-4
Exec:       /data/chodera/schrodinger/schrodinger2017-4-advanced/jaguar-v9.8/bin/Linux-x86_64
Host:       ls07
JobId:      lilac-0-5aecd09b
JobDir:     /lila/data/chodera/schrodinger/tmpdir/rustenburg/jag_SM21_micro027_SM21_micro022
Date:       Fri May  4 19:19:24 2018

Contents of /lila/data/chodera/schrodinger/tmpdir/rustenburg/jag_SM21_micro027_SM21_micro022:
/lila/data/chodera/schrodinger/tmpdir/rustenburg/jag_SM21_micro027_SM21_micro022/lilac-0-5aecd09b
/lila/data/chodera/schrodinger/tmpdir/rustenburg/jag_SM21_micro027_SM21_micro022/lilac-0-5aecd09b.mpinodes
/lila/data/chodera/schrodinger/tmpdir/rustenburg/jag_SM21_micro027_SM21_micro022/lilac-0-5aecd09b.hosts
/lila/data/chodera/schrodinger/tmpdir/rustenburg/jag_SM21_micro027_SM21_micro022/lilac-0-5aecd09b.nodes
/lila/data/chodera/schrodinger/tmpdir/rustenburg/jag_SM21_micro027_SM21_micro022/SM21_micro022.mae
/lila/data/chodera/schrodinger/tmpdir/rustenburg/jag_SM21_micro027_SM21_micro022/SM21_micro022.in
/lila/data/chodera/schrodinger/tmpdir/rustenburg/jag_SM21_micro027_SM21_micro022/jag_SM21_micro027_SM21_micro022.recover
/lila/data/chodera/schrodinger/tmpdir/rustenburg/jag_SM21_micro027_SM21_micro022/lilac-0-5aecd09b.jlog
/lila/data/chodera/schrodinger/tmpdir/rustenburg/jag_SM21_micro027_SM21_micro022/lilac-0-5aecd09b.recover
/lila/data/chodera/schrodinger/tmpdir/rustenburg/jag_SM21_micro027_SM21_micro022/jag_SM21_micro027_SM21_micro022.log
/lila/data/chodera/schrodinger/tmpdir/rustenburg/jag_SM21_micro027_SM21_micro022/SM21_micro027.in
/lila/data/chodera/schrodinger/tmpdir/rustenburg/jag_SM21_micro027_SM21_micro022/SM21_micro027.mae

=====================
 Jaguar pKa workflow
=====================

Analysing user-provided (prot, deprot) pair:
(SM21_micro027.in, SM21_micro022.in)
Found labile hydrogen 26 in SM21_micro027.in
Found labile hydrogen at atom 13 in SM21_micro022.in
Adding 'ipkat' keyword to input files.

Identifying pKa functional group for pair:
(SM21_micro027, SM21_micro022)

Executing subprocess:
/data/chodera/schrodinger/schrodinger2017-4-advanced/jaguar-v9.8/bin/Linux-x86_64/pka -i -j SM21_micro027.tmp.jres -n

Taking protonated structures from:
SM21_micro027.mae
Taking deprotonated structures from:
SM21_micro022.mae

This molecule from 'SM21_micro027.mae' in water was recognized as:

 # 	           Shell           
---	---------------------------
1: 	Protonation of generic atom


Executing conformational search...

Executing 2 distributed subjobs:
---------------------------------

No more than 8 cpu(s) will be used per subjob.
No more than 10 cpu(s) will be used simultaneously.

Processing the following subjobs:
(1) jaguar run csrch.py SM21_micro027.mae -jobname SM21_micro027 -max_conf 5 -erg_window 50.208 -acc_level 1 -TPP 5
(2) jaguar run csrch.py SM21_micro022.mae -jobname SM21_micro022 -max_conf 5 -erg_window 50.208 -acc_level 1 -TPP 5

Running subjobs on hosts:
  lsf-cpu (Max: 2)
Number of jobs:       2
Max retries per job:  3
Max allowed failures: unlimited
Run with -LOCAL:      False
Verbosity:            normal

Starting JobDJ...

Keep one job on driver host: False
JobDJ columns:
  C: Number of completed subjobs
  A: Number of active subjobs (e.g., submitted, running)
  W: Number of waiting/pending subjobs

C A W | Activity  JobId  JobName  JobHost
- - - | --------- -----------------------
0 1 1 | launched  ls07-12-5aecea92 SM21_micro027 lsf-cpu
0 2 0 | launched  ls07-9-5aeceaa4 SM21_micro022 lsf-cpu
1 1 0 | finished  ls07-9-5aeceaa4 SM21_micro022 lsf-cpu [ls07]
2 0 0 | finished  ls07-12-5aecea92 SM21_micro027 lsf-cpu [ls10]

All jobs have completed.

2 of 2 job(s) succeeded; 0 job(s) failed.

Timer (distribute subjobs) : 5389.79 secs (1 hrs, 29 mins, 49 secs)

Setting up QM workflow for (protonated, deprotonated) pair:
(1) (SM21_micro027, SM21_micro022)

Executing Jaguar quantum-mechanical subjobs...

Executing 10 distributed subjobs:
----------------------------------

No more than 8 cpu(s) will be used per subjob.
No more than 10 cpu(s) will be used simultaneously.

Processing the following subjobs:
(1) jaguar run pka_prot.bat -jobname SM21_micro027_conf_1 SM21_micro027_conf_1.in
(2) jaguar run pka_prot.bat -jobname SM21_micro027_conf_2 SM21_micro027_conf_2.in
(3) jaguar run pka_prot.bat -jobname SM21_micro027_conf_3 SM21_micro027_conf_3.in
(4) jaguar run pka_prot.bat -jobname SM21_micro027_conf_4 SM21_micro027_conf_4.in
(5) jaguar run pka_prot.bat -jobname SM21_micro027_conf_5 SM21_micro027_conf_5.in
(6) jaguar run pka_deprot.bat -jobname SM21_micro022_conf_1 SM21_micro022_conf_1.in
(7) jaguar run pka_deprot.bat -jobname SM21_micro022_conf_2 SM21_micro022_conf_2.in
(8) jaguar run pka_deprot.bat -jobname SM21_micro022_conf_3 SM21_micro022_conf_3.in
(9) jaguar run pka_deprot.bat -jobname SM21_micro022_conf_4 SM21_micro022_conf_4.in
(10) jaguar run pka_deprot.bat -jobname SM21_micro022_conf_5 SM21_micro022_conf_5.in

Running subjobs on hosts:
  lsf-cpu (Max: 10)
Number of jobs:       10
Max retries per job:  3
Max allowed failures: unlimited
Run with -LOCAL:      False
Verbosity:            normal

Starting JobDJ...

Keep one job on driver host: True
JobDJ columns:
  C: Number of completed subjobs
  A: Number of active subjobs (e.g., submitted, running)
  W: Number of waiting/pending subjobs

 C  A  W | Activity  JobId  JobName  JobHost
-- -- -- | --------- -----------------------
 0  1  9 | launched  ls07-0-5aecff9c SM21_micro027_conf_1 localhost [ls07]
 0  2  8 | launched  ls07-0-5aecffa1 SM21_micro027_conf_2 lsf-cpu
 0  3  7 | launched  ls07-0-5aecffa4 SM21_micro027_conf_3 lsf-cpu
 0  4  6 | launched  ls07-0-5aecffa8 SM21_micro027_conf_4 lsf-cpu
 0  5  5 | launched  ls07-0-5aecffac SM21_micro027_conf_5 lsf-cpu
 0  6  4 | launched  ls07-0-5aecffaf SM21_micro022_conf_1 lsf-cpu
 0  7  3 | launched  ls07-0-5aecffb3 SM21_micro022_conf_2 lsf-cpu
 0  8  2 | launched  ls07-0-5aecffb7 SM21_micro022_conf_3 lsf-cpu
 0  9  1 | launched  ls07-0-5aecffbb SM21_micro022_conf_4 lsf-cpu
 0 10  0 | launched  ls07-0-5aecffbe SM21_micro022_conf_5 lsf-cpu
 1  9  0 | finished  ls07-0-5aecff9c SM21_micro027_conf_1 localhost [ls07]
 1  9  0 | launched  ls07-2-5aed09b7 SM21_micro022_conf_5 localhost [ls07]
