Command:    jaguar run pka.py -jobname jag_SM17_micro007_SM17_micro011 -PARALLEL 10 -n -csrch -prot SM17_micro007.in -deprot SM17_micro011.in
Release:    2017-4
Exec:       /data/chodera/schrodinger/schrodinger2017-4-advanced/jaguar-v9.8/bin/Linux-x86_64
Host:       ls01
JobId:      lilac-0-5aeca956
JobDir:     /lila/data/chodera/schrodinger/tmpdir/rustenburg/jag_SM17_micro007_SM17_micro011
Date:       Fri May  4 14:47:22 2018

Contents of /lila/data/chodera/schrodinger/tmpdir/rustenburg/jag_SM17_micro007_SM17_micro011:
/lila/data/chodera/schrodinger/tmpdir/rustenburg/jag_SM17_micro007_SM17_micro011/SM17_micro011.mae
/lila/data/chodera/schrodinger/tmpdir/rustenburg/jag_SM17_micro007_SM17_micro011/lilac-0-5aeca956.jlog
/lila/data/chodera/schrodinger/tmpdir/rustenburg/jag_SM17_micro007_SM17_micro011/lilac-0-5aeca956.mpinodes
/lila/data/chodera/schrodinger/tmpdir/rustenburg/jag_SM17_micro007_SM17_micro011/SM17_micro007.in
/lila/data/chodera/schrodinger/tmpdir/rustenburg/jag_SM17_micro007_SM17_micro011/lilac-0-5aeca956.recover
/lila/data/chodera/schrodinger/tmpdir/rustenburg/jag_SM17_micro007_SM17_micro011/lilac-0-5aeca956
/lila/data/chodera/schrodinger/tmpdir/rustenburg/jag_SM17_micro007_SM17_micro011/jag_SM17_micro007_SM17_micro011.recover
/lila/data/chodera/schrodinger/tmpdir/rustenburg/jag_SM17_micro007_SM17_micro011/jag_SM17_micro007_SM17_micro011.log
/lila/data/chodera/schrodinger/tmpdir/rustenburg/jag_SM17_micro007_SM17_micro011/lilac-0-5aeca956.nodes
/lila/data/chodera/schrodinger/tmpdir/rustenburg/jag_SM17_micro007_SM17_micro011/SM17_micro011.in
/lila/data/chodera/schrodinger/tmpdir/rustenburg/jag_SM17_micro007_SM17_micro011/lilac-0-5aeca956.hosts
/lila/data/chodera/schrodinger/tmpdir/rustenburg/jag_SM17_micro007_SM17_micro011/SM17_micro007.mae

=====================
 Jaguar pKa workflow
=====================

Analysing user-provided (prot, deprot) pair:
(SM17_micro007.in, SM17_micro011.in)
Found labile hydrogen 20 in SM17_micro007.in
Found labile hydrogen at atom 11 in SM17_micro011.in
Adding 'ipkat' keyword to input files.

Identifying pKa functional group for pair:
(SM17_micro007, SM17_micro011)

Executing subprocess:
/data/chodera/schrodinger/schrodinger2017-4-advanced/jaguar-v9.8/bin/Linux-x86_64/pka -i -j SM17_micro007.tmp.jres -n

Taking protonated structures from:
SM17_micro007.mae
Taking deprotonated structures from:
SM17_micro011.mae

This molecule from 'SM17_micro007.mae' in water was recognized as:

 # 	           Shell           
---	---------------------------
1: 	heterocycle                
2: 	Protonation of generic atom


Executing conformational search...

Executing 2 distributed subjobs:
---------------------------------

No more than 8 cpu(s) will be used per subjob.
No more than 10 cpu(s) will be used simultaneously.

Processing the following subjobs:
(1) jaguar run csrch.py SM17_micro007.mae -jobname SM17_micro007 -max_conf 5 -erg_window 50.208 -acc_level 1 -TPP 5
(2) jaguar run csrch.py SM17_micro011.mae -jobname SM17_micro011 -max_conf 5 -erg_window 50.208 -acc_level 1 -TPP 5

Running subjobs on hosts:
  lsf-cpu (Max: 2)
Number of jobs:       2
Max retries per job:  3
Max allowed failures: unlimited
Run with -LOCAL:      False
Verbosity:            normal

Starting JobDJ...

Keep one job on driver host: False
JobDJ columns:
  C: Number of completed subjobs
  A: Number of active subjobs (e.g., submitted, running)
  W: Number of waiting/pending subjobs

C A W | Activity  JobId  JobName  JobHost
- - - | --------- -----------------------
0 1 1 | launched  ls01-1-5aecaac1 SM17_micro007 lsf-cpu
0 2 0 | launched  ls01-0-5aecaac4 SM17_micro011 lsf-cpu
1 1 0 | finished  ls01-0-5aecaac4 SM17_micro011 lsf-cpu [lt02]
2 0 0 | finished  ls01-1-5aecaac1 SM17_micro007 lsf-cpu [ls15]

All jobs have completed.

2 of 2 job(s) succeeded; 0 job(s) failed.

Timer (distribute subjobs) : 2596.42 secs (0 hrs, 43 mins, 16 secs)

Setting up QM workflow for (protonated, deprotonated) pair:
(1) (SM17_micro007, SM17_micro011)

Executing Jaguar quantum-mechanical subjobs...

Executing 10 distributed subjobs:
----------------------------------

No more than 8 cpu(s) will be used per subjob.
No more than 10 cpu(s) will be used simultaneously.

Processing the following subjobs:
(1) jaguar run pka_prot.bat -jobname SM17_micro007_conf_1 SM17_micro007_conf_1.in
(2) jaguar run pka_prot.bat -jobname SM17_micro007_conf_2 SM17_micro007_conf_2.in
(3) jaguar run pka_prot.bat -jobname SM17_micro007_conf_3 SM17_micro007_conf_3.in
(4) jaguar run pka_prot.bat -jobname SM17_micro007_conf_4 SM17_micro007_conf_4.in
(5) jaguar run pka_prot.bat -jobname SM17_micro007_conf_5 SM17_micro007_conf_5.in
(6) jaguar run pka_deprot.bat -jobname SM17_micro011_conf_1 SM17_micro011_conf_1.in
(7) jaguar run pka_deprot.bat -jobname SM17_micro011_conf_2 SM17_micro011_conf_2.in
(8) jaguar run pka_deprot.bat -jobname SM17_micro011_conf_3 SM17_micro011_conf_3.in
(9) jaguar run pka_deprot.bat -jobname SM17_micro011_conf_4 SM17_micro011_conf_4.in
(10) jaguar run pka_deprot.bat -jobname SM17_micro011_conf_5 SM17_micro011_conf_5.in

Running subjobs on hosts:
  lsf-cpu (Max: 10)
Number of jobs:       10
Max retries per job:  3
Max allowed failures: unlimited
Run with -LOCAL:      False
Verbosity:            normal

Starting JobDJ...

Keep one job on driver host: True
JobDJ columns:
  C: Number of completed subjobs
  A: Number of active subjobs (e.g., submitted, running)
  W: Number of waiting/pending subjobs

 C  A  W | Activity  JobId  JobName  JobHost
-- -- -- | --------- -----------------------
 0  1  9 | launched  ls01-0-5aecb4e5 SM17_micro007_conf_1 localhost [ls01]
 0  2  8 | launched  ls01-0-5aecb4e8 SM17_micro007_conf_2 lsf-cpu
 0  3  7 | launched  ls01-0-5aecb4ec SM17_micro007_conf_3 lsf-cpu
 0  4  6 | launched  ls01-0-5aecb4ef SM17_micro007_conf_4 lsf-cpu
 0  5  5 | launched  ls01-0-5aecb4f3 SM17_micro007_conf_5 lsf-cpu
 0  6  4 | launched  ls01-0-5aecb4f6 SM17_micro011_conf_1 lsf-cpu
 0  7  3 | launched  ls01-0-5aecb4fa SM17_micro011_conf_2 lsf-cpu
 0  8  2 | launched  ls01-0-5aecb4fd SM17_micro011_conf_3 lsf-cpu
 0  9  1 | launched  ls01-0-5aecb501 SM17_micro011_conf_4 lsf-cpu
 0 10  0 | launched  ls01-0-5aecb504 SM17_micro011_conf_5 lsf-cpu
 1  9  0 | finished  ls01-0-5aecb4e5 SM17_micro007_conf_1 localhost [ls01]
 1  9  0 | launched  ls01-0-5aecb95e SM17_micro011_conf_5 localhost [ls01]
 2  8  0 | finished  ls01-0-5aecb95e SM17_micro011_conf_5 localhost [ls01]
 2  8  0 | launched  ls01-0-5aecbd81 SM17_micro011_conf_4 localhost [ls01]
 3  7  0 | finished  ls01-0-5aecbd81 SM17_micro011_conf_4 localhost [ls01]
 3  7  0 | launched  ls01-0-5aecc15e SM17_micro011_conf_3 localhost [ls01]
 4  6  0 | finished  ls01-0-5aecc15e SM17_micro011_conf_3 localhost [ls01]
 5  5  0 | finished  ls01-0-5aecb4f6 SM17_micro011_conf_1 lsf-cpu [ls18]
 6  4  0 | finished  ls01-0-5aecb4ef SM17_micro007_conf_4 lsf-cpu [lt14]
 7  3  0 | finished  ls01-0-5aecb4fa SM17_micro011_conf_2 lsf-cpu [ls18]
 8  2  0 | finished  ls01-0-5aecb4f3 SM17_micro007_conf_5 lsf-cpu [lt14]
 9  1  0 | finished  ls01-0-5aecb4ec SM17_micro007_conf_3 lsf-cpu [lt14]
10  0  0 | finished  ls01-0-5aecb4e8 SM17_micro007_conf_2 lsf-cpu [lt14]

All jobs have completed.

10 of 10 job(s) succeeded; 0 job(s) failed.

Timer (distribute subjobs) : 6205.26 secs (1 hrs, 43 mins, 25 secs)

Processing QM output files...

Executing subprocess:
/data/chodera/schrodinger/schrodinger2017-4-advanced/jaguar results -energy SM17_micro007_conf_1.nrg_h.out

Executing subprocess:
/data/chodera/schrodinger/schrodinger2017-4-advanced/jaguar results -esolv SM17_micro007_conf_1.sol_h.out

Executing subprocess:
/data/chodera/schrodinger/schrodinger2017-4-advanced/jaguar results -energy SM17_micro007_conf_2.nrg_h.out

Executing subprocess:
/data/chodera/schrodinger/schrodinger2017-4-advanced/jaguar results -esolv SM17_micro007_conf_2.sol_h.out

Executing subprocess:
/data/chodera/schrodinger/schrodinger2017-4-advanced/jaguar results -energy SM17_micro007_conf_3.nrg_h.out

Executing subprocess:
/data/chodera/schrodinger/schrodinger2017-4-advanced/jaguar results -esolv SM17_micro007_conf_3.sol_h.out

Executing subprocess:
/data/chodera/schrodinger/schrodinger2017-4-advanced/jaguar results -energy SM17_micro007_conf_4.nrg_h.out

Executing subprocess:
/data/chodera/schrodinger/schrodinger2017-4-advanced/jaguar results -esolv SM17_micro007_conf_4.sol_h.out

Executing subprocess:
/data/chodera/schrodinger/schrodinger2017-4-advanced/jaguar results -energy SM17_micro007_conf_5.nrg_h.out

Executing subprocess:
/data/chodera/schrodinger/schrodinger2017-4-advanced/jaguar results -esolv SM17_micro007_conf_5.sol_h.out

Executing subprocess:
/data/chodera/schrodinger/schrodinger2017-4-advanced/jaguar results -energy SM17_micro011_conf_1.nrg.out

Executing subprocess:
/data/chodera/schrodinger/schrodinger2017-4-advanced/jaguar results -esolv SM17_micro011_conf_1.sol.out

Executing subprocess:
/data/chodera/schrodinger/schrodinger2017-4-advanced/jaguar results -energy SM17_micro011_conf_2.nrg.out

Executing subprocess:
/data/chodera/schrodinger/schrodinger2017-4-advanced/jaguar results -esolv SM17_micro011_conf_2.sol.out

Executing subprocess:
/data/chodera/schrodinger/schrodinger2017-4-advanced/jaguar results -energy SM17_micro011_conf_3.nrg.out

Executing subprocess:
/data/chodera/schrodinger/schrodinger2017-4-advanced/jaguar results -esolv SM17_micro011_conf_3.sol.out

Executing subprocess:
/data/chodera/schrodinger/schrodinger2017-4-advanced/jaguar results -energy SM17_micro011_conf_4.nrg.out

Executing subprocess:
/data/chodera/schrodinger/schrodinger2017-4-advanced/jaguar results -esolv SM17_micro011_conf_4.sol.out

Executing subprocess:
/data/chodera/schrodinger/schrodinger2017-4-advanced/jaguar results -energy SM17_micro011_conf_5.nrg.out

Executing subprocess:
/data/chodera/schrodinger/schrodinger2017-4-advanced/jaguar results -esolv SM17_micro011_conf_5.sol.out

Executing subprocess:
/data/chodera/schrodinger/schrodinger2017-4-advanced/jaguar-v9.8/bin/Linux-x86_64/pka -o SM17_micro007_deprot-out.mae -j SM17_micro007.jres -n -d

Executing subprocess:
/data/chodera/schrodinger/schrodinger2017-4-advanced/jaguar-v9.8/bin/Linux-x86_64/pka -o SM17_micro007_prot-out.mae -j SM17_micro007.jres -n

pKa calculation for SM17_micro007 completed.

pKa workflow jag_SM17_micro007_SM17_micro011 completed.

Timer (Jaguar pKa) : 8870.07 secs (2 hrs, 27 mins, 50 secs)
Timer (jaguar_backend.py) : 8870.07 secs (2 hrs, 27 mins, 50 secs)
Finished:   Fri May  4 17:15:12 2018
