Command:    jaguar run pka.py -jobname jag_SM18_micro028_SM18_micro071 -PARALLEL 10 -WAIT -n -csrch -prot SM18_micro028.in -deprot SM18_micro071.in
Release:    2017-4
Exec:       /data/chodera/schrodinger/schrodinger2017-4-advanced/jaguar-v9.8/bin/Linux-x86_64
Host:       ls04
JobId:      ls04-0-5af456d2
JobDir:     /lila/data/chodera/schrodinger/tmpdir/rustenburg/jag_SM18_micro028_SM18_micro071.2
Date:       Thu May 10 10:27:32 2018

Contents of /lila/data/chodera/schrodinger/tmpdir/rustenburg/jag_SM18_micro028_SM18_micro071.2:
/lila/data/chodera/schrodinger/tmpdir/rustenburg/jag_SM18_micro028_SM18_micro071.2/ls04-0-5af456d2.mpinodes
/lila/data/chodera/schrodinger/tmpdir/rustenburg/jag_SM18_micro028_SM18_micro071.2/SM18_micro028.mae
/lila/data/chodera/schrodinger/tmpdir/rustenburg/jag_SM18_micro028_SM18_micro071.2/ls04-0-5af456d2
/lila/data/chodera/schrodinger/tmpdir/rustenburg/jag_SM18_micro028_SM18_micro071.2/jag_SM18_micro028_SM18_micro071.log
/lila/data/chodera/schrodinger/tmpdir/rustenburg/jag_SM18_micro028_SM18_micro071.2/jag_SM18_micro028_SM18_micro071.recover
/lila/data/chodera/schrodinger/tmpdir/rustenburg/jag_SM18_micro028_SM18_micro071.2/SM18_micro028.in
/lila/data/chodera/schrodinger/tmpdir/rustenburg/jag_SM18_micro028_SM18_micro071.2/ls04-0-5af456d2.recover
/lila/data/chodera/schrodinger/tmpdir/rustenburg/jag_SM18_micro028_SM18_micro071.2/SM18_micro071.mae
/lila/data/chodera/schrodinger/tmpdir/rustenburg/jag_SM18_micro028_SM18_micro071.2/SM18_micro071.in

=====================
 Jaguar pKa workflow
=====================

Analysing user-provided (prot, deprot) pair:
(SM18_micro028.in, SM18_micro071.in)
Found labile hydrogen 35 in SM18_micro028.in
Found labile hydrogen at atom 8 in SM18_micro071.in
Adding 'ipkat' keyword to input files.

Identifying pKa functional group for pair:
(SM18_micro028, SM18_micro071)

Executing subprocess:
/data/chodera/schrodinger/schrodinger2017-4-advanced/jaguar-v9.8/bin/Linux-x86_64/pka -i -j SM18_micro028.tmp.jres -n

Taking protonated structures from:
SM18_micro028.mae
Taking deprotonated structures from:
SM18_micro071.mae

This molecule from 'SM18_micro028.mae' in water was recognized as:

 # 	            Shell             
---	------------------------------
1: 	OH attached to heterocycle    
2: 	Protonation of generic atom   
3: 	Protonation of sp2-like oxygen


Executing conformational search...

Executing 2 distributed subjobs:
---------------------------------

No more than 8 cpu(s) will be used per subjob.
No more than 10 cpu(s) will be used simultaneously.

Processing the following subjobs:
(1) jaguar run csrch.py SM18_micro028.mae -jobname SM18_micro028 -max_conf 5 -erg_window 50.208 -acc_level 1 -TPP 5
(2) jaguar run csrch.py SM18_micro071.mae -jobname SM18_micro071 -max_conf 5 -erg_window 50.208 -acc_level 1 -TPP 5

Running subjobs on hosts:
  localhost (Max: 2)
Number of jobs:       2
Max retries per job:  3
Max allowed failures: unlimited
Run with -LOCAL:      False
Verbosity:            normal

Starting JobDJ...

Keep one job on driver host: False
JobDJ columns:
  C: Number of completed subjobs
  A: Number of active subjobs (e.g., submitted, running)
  W: Number of waiting/pending subjobs

C A W | Activity  JobId  JobName  JobHost
- - - | --------- -----------------------
0 1 1 | launched  ls04-0-5af456d9 SM18_micro028 localhost [ls04]
0 2 0 | launched  ls04-0-5af456dc SM18_micro071 localhost [ls04]
1 1 0 | finished  ls04-0-5af456dc SM18_micro071 localhost [ls04]
2 0 0 | finished  ls04-0-5af456d9 SM18_micro028 localhost [ls04]

All jobs have completed.

2 of 2 job(s) succeeded; 0 job(s) failed.

Timer (distribute subjobs) : 4214.42 secs (1 hrs, 10 mins, 14 secs)

Setting up QM workflow for (protonated, deprotonated) pair:
(1) (SM18_micro028, SM18_micro071)

Executing Jaguar quantum-mechanical subjobs...

Executing 10 distributed subjobs:
----------------------------------

No more than 8 cpu(s) will be used per subjob.
No more than 10 cpu(s) will be used simultaneously.

Processing the following subjobs:
(1) jaguar run pka_prot.bat -jobname SM18_micro028_conf_1 SM18_micro028_conf_1.in
(2) jaguar run pka_prot.bat -jobname SM18_micro028_conf_2 SM18_micro028_conf_2.in
(3) jaguar run pka_prot.bat -jobname SM18_micro028_conf_3 SM18_micro028_conf_3.in
(4) jaguar run pka_prot.bat -jobname SM18_micro028_conf_4 SM18_micro028_conf_4.in
(5) jaguar run pka_prot.bat -jobname SM18_micro028_conf_5 SM18_micro028_conf_5.in
(6) jaguar run pka_deprot.bat -jobname SM18_micro071_conf_1 SM18_micro071_conf_1.in
(7) jaguar run pka_deprot.bat -jobname SM18_micro071_conf_2 SM18_micro071_conf_2.in
(8) jaguar run pka_deprot.bat -jobname SM18_micro071_conf_3 SM18_micro071_conf_3.in
(9) jaguar run pka_deprot.bat -jobname SM18_micro071_conf_4 SM18_micro071_conf_4.in
(10) jaguar run pka_deprot.bat -jobname SM18_micro071_conf_5 SM18_micro071_conf_5.in

Running subjobs on hosts:
  localhost (Max: 10)
Number of jobs:       10
Max retries per job:  3
Max allowed failures: unlimited
Run with -LOCAL:      False
Verbosity:            normal

Starting JobDJ...

Keep one job on driver host: False
JobDJ columns:
  C: Number of completed subjobs
  A: Number of active subjobs (e.g., submitted, running)
  W: Number of waiting/pending subjobs

 C  A  W | Activity  JobId  JobName  JobHost
-- -- -- | --------- -----------------------
 0  1  9 | launched  ls04-0-5af4676b SM18_micro028_conf_1 localhost [ls04]
 0  2  8 | launched  ls04-0-5af46789 SM18_micro028_conf_2 localhost [ls04]
 0  3  7 | launched  ls04-0-5af4678d SM18_micro028_conf_3 localhost [ls04]
 0  4  6 | launched  ls04-0-5af46790 SM18_micro028_conf_4 localhost [ls04]
 0  5  5 | launched  ls04-0-5af46793 SM18_micro028_conf_5 localhost [ls04]
 0  6  4 | launched  ls04-1-5af46797 SM18_micro071_conf_1 localhost [ls04]
 0  7  3 | launched  ls04-0-5af4679b SM18_micro071_conf_2 localhost [ls04]
 0  8  2 | launched  ls04-0-5af4679e SM18_micro071_conf_3 localhost [ls04]
 0  9  1 | launched  ls04-1-5af467a3 SM18_micro071_conf_4 localhost [ls04]
 0 10  0 | launched  ls04-0-5af467c2 SM18_micro071_conf_5 localhost [ls04]
