Command:    jaguar run pka.py -jobname jag_SM23_micro021_SM23_micro012 -PARALLEL 10 -WAIT -n -csrch -prot SM23_micro021.in -deprot SM23_micro012.in
Release:    2017-4
Exec:       /data/chodera/schrodinger/schrodinger2017-4-advanced/jaguar-v9.8/bin/Linux-x86_64
Host:       ls04
JobId:      ls04-1-5af45f49
JobDir:     /lila/data/chodera/schrodinger/tmpdir/rustenburg/jag_SM23_micro021_SM23_micro012.1
Date:       Thu May 10 11:03:47 2018

Contents of /lila/data/chodera/schrodinger/tmpdir/rustenburg/jag_SM23_micro021_SM23_micro012.1:
/lila/data/chodera/schrodinger/tmpdir/rustenburg/jag_SM23_micro021_SM23_micro012.1/SM23_micro021.mae
/lila/data/chodera/schrodinger/tmpdir/rustenburg/jag_SM23_micro021_SM23_micro012.1/jag_SM23_micro021_SM23_micro012.recover
/lila/data/chodera/schrodinger/tmpdir/rustenburg/jag_SM23_micro021_SM23_micro012.1/ls04-1-5af45f49.recover
/lila/data/chodera/schrodinger/tmpdir/rustenburg/jag_SM23_micro021_SM23_micro012.1/SM23_micro012.mae
/lila/data/chodera/schrodinger/tmpdir/rustenburg/jag_SM23_micro021_SM23_micro012.1/jag_SM23_micro021_SM23_micro012.log
/lila/data/chodera/schrodinger/tmpdir/rustenburg/jag_SM23_micro021_SM23_micro012.1/SM23_micro012.in
/lila/data/chodera/schrodinger/tmpdir/rustenburg/jag_SM23_micro021_SM23_micro012.1/ls04-1-5af45f49
/lila/data/chodera/schrodinger/tmpdir/rustenburg/jag_SM23_micro021_SM23_micro012.1/SM23_micro021.in
/lila/data/chodera/schrodinger/tmpdir/rustenburg/jag_SM23_micro021_SM23_micro012.1/ls04-1-5af45f49.mpinodes

=====================
 Jaguar pKa workflow
=====================

Analysing user-provided (prot, deprot) pair:
(SM23_micro021.in, SM23_micro012.in)
Found labile hydrogen 32 in SM23_micro021.in
Found labile hydrogen at atom 12 in SM23_micro012.in
Adding 'ipkat' keyword to input files.

Identifying pKa functional group for pair:
(SM23_micro021, SM23_micro012)

Executing subprocess:
/data/chodera/schrodinger/schrodinger2017-4-advanced/jaguar-v9.8/bin/Linux-x86_64/pka -i -j SM23_micro021.tmp.jres -n

Taking protonated structures from:
SM23_micro021.mae
Taking deprotonated structures from:
SM23_micro012.mae

This molecule from 'SM23_micro021.mae' in water was recognized as:

 # 	                  Shell                   
---	------------------------------------------
1: 	secondary aniline                         
2: 	Protonation of sp3-like aliphatic nitrogen
3: 	Protonation of generic atom               


Executing conformational search...

Executing 2 distributed subjobs:
---------------------------------

No more than 8 cpu(s) will be used per subjob.
No more than 10 cpu(s) will be used simultaneously.

Processing the following subjobs:
(1) jaguar run csrch.py SM23_micro021.mae -jobname SM23_micro021 -max_conf 5 -erg_window 50.208 -acc_level 1 -TPP 5
(2) jaguar run csrch.py SM23_micro012.mae -jobname SM23_micro012 -max_conf 5 -erg_window 50.208 -acc_level 1 -TPP 5

Running subjobs on hosts:
  localhost (Max: 2)
Number of jobs:       2
Max retries per job:  3
Max allowed failures: unlimited
Run with -LOCAL:      False
Verbosity:            normal

Starting JobDJ...

Keep one job on driver host: False
JobDJ columns:
  C: Number of completed subjobs
  A: Number of active subjobs (e.g., submitted, running)
  W: Number of waiting/pending subjobs

C A W | Activity  JobId  JobName  JobHost
- - - | --------- -----------------------
0 1 1 | launched  ls04-2-5af45f73 SM23_micro021 localhost [ls04]
0 2 0 | launched  ls04-1-5af45f7e SM23_micro012 localhost [ls04]
