Command:    jaguar run pka.py -jobname jag_SM14_micro003_SM14_micro002 -PARALLEL 10 -n -csrch -prot SM14_micro003.in -deprot SM14_micro002.in
Release:    2017-4
Exec:       /data/chodera/schrodinger/schrodinger2017-4-advanced/jaguar-v9.8/bin/Linux-x86_64
Host:       ls16
JobId:      lilac-0-5aeca4b3
JobDir:     /lila/data/chodera/schrodinger/tmpdir/rustenburg/jag_SM14_micro003_SM14_micro002
Date:       Fri May  4 14:21:43 2018

Contents of /lila/data/chodera/schrodinger/tmpdir/rustenburg/jag_SM14_micro003_SM14_micro002:
/lila/data/chodera/schrodinger/tmpdir/rustenburg/jag_SM14_micro003_SM14_micro002/SM14_micro003.mae
/lila/data/chodera/schrodinger/tmpdir/rustenburg/jag_SM14_micro003_SM14_micro002/lilac-0-5aeca4b3.nodes
/lila/data/chodera/schrodinger/tmpdir/rustenburg/jag_SM14_micro003_SM14_micro002/jag_SM14_micro003_SM14_micro002.log
/lila/data/chodera/schrodinger/tmpdir/rustenburg/jag_SM14_micro003_SM14_micro002/SM14_micro002.mae
/lila/data/chodera/schrodinger/tmpdir/rustenburg/jag_SM14_micro003_SM14_micro002/jag_SM14_micro003_SM14_micro002.recover
/lila/data/chodera/schrodinger/tmpdir/rustenburg/jag_SM14_micro003_SM14_micro002/lilac-0-5aeca4b3.hosts
/lila/data/chodera/schrodinger/tmpdir/rustenburg/jag_SM14_micro003_SM14_micro002/lilac-0-5aeca4b3.jlog
/lila/data/chodera/schrodinger/tmpdir/rustenburg/jag_SM14_micro003_SM14_micro002/SM14_micro002.in
/lila/data/chodera/schrodinger/tmpdir/rustenburg/jag_SM14_micro003_SM14_micro002/lilac-0-5aeca4b3.recover
/lila/data/chodera/schrodinger/tmpdir/rustenburg/jag_SM14_micro003_SM14_micro002/lilac-0-5aeca4b3
/lila/data/chodera/schrodinger/tmpdir/rustenburg/jag_SM14_micro003_SM14_micro002/lilac-0-5aeca4b3.mpinodes
/lila/data/chodera/schrodinger/tmpdir/rustenburg/jag_SM14_micro003_SM14_micro002/SM14_micro003.in

=====================
 Jaguar pKa workflow
=====================

Analysing user-provided (prot, deprot) pair:
(SM14_micro003.in, SM14_micro002.in)
Found labile hydrogen 18 in SM14_micro003.in
Found labile hydrogen at atom 16 in SM14_micro002.in
Adding 'ipkat' keyword to input files.

Identifying pKa functional group for pair:
(SM14_micro003, SM14_micro002)

Executing subprocess:
/data/chodera/schrodinger/schrodinger2017-4-advanced/jaguar-v9.8/bin/Linux-x86_64/pka -i -j SM14_micro003.tmp.jres -n

Taking protonated structures from:
SM14_micro003.mae
Taking deprotonated structures from:
SM14_micro002.mae

This molecule from 'SM14_micro003.mae' in water was recognized as:

 # 	                  Shell                   
---	------------------------------------------
1: 	primary aniline                           
2: 	Protonation of sp3-like aliphatic nitrogen
3: 	Protonation of generic atom               


Executing conformational search...

Executing 2 distributed subjobs:
---------------------------------

No more than 8 cpu(s) will be used per subjob.
No more than 10 cpu(s) will be used simultaneously.

Processing the following subjobs:
(1) jaguar run csrch.py SM14_micro003.mae -jobname SM14_micro003 -max_conf 5 -erg_window 50.208 -acc_level 1 -TPP 5
(2) jaguar run csrch.py SM14_micro002.mae -jobname SM14_micro002 -max_conf 5 -erg_window 50.208 -acc_level 1 -TPP 5

Running subjobs on hosts:
  lsf-cpu (Max: 2)
Number of jobs:       2
Max retries per job:  3
Max allowed failures: unlimited
Run with -LOCAL:      False
Verbosity:            normal

Starting JobDJ...

Keep one job on driver host: False
JobDJ columns:
  C: Number of completed subjobs
  A: Number of active subjobs (e.g., submitted, running)
  W: Number of waiting/pending subjobs

C A W | Activity  JobId  JobName  JobHost
- - - | --------- -----------------------
0 1 1 | launched  ls16-0-5aeca4bc SM14_micro003 lsf-cpu
0 2 0 | launched  ls16-0-5aeca4c0 SM14_micro002 lsf-cpu
1 1 0 | finished  ls16-0-5aeca4bc SM14_micro003 lsf-cpu
2 0 0 | finished  ls16-0-5aeca4c0 SM14_micro002 lsf-cpu

All jobs have completed.

2 of 2 job(s) succeeded; 0 job(s) failed.

Timer (distribute subjobs) : 512.41 secs (0 hrs, 08 mins, 32 secs)

Setting up QM workflow for (protonated, deprotonated) pair:
(1) (SM14_micro003, SM14_micro002)

Executing Jaguar quantum-mechanical subjobs...

Executing 4 distributed subjobs:
---------------------------------

No more than 8 cpu(s) will be used per subjob.
No more than 10 cpu(s) will be used simultaneously.

Processing the following subjobs:
(1) jaguar run pka_prot.bat -jobname SM14_micro003_conf_1 SM14_micro003_conf_1.in -TPP 3
(2) jaguar run pka_prot.bat -jobname SM14_micro003_conf_2 SM14_micro003_conf_2.in -TPP 3
(3) jaguar run pka_deprot.bat -jobname SM14_micro002_conf_1 SM14_micro002_conf_1.in -TPP 2
(4) jaguar run pka_deprot.bat -jobname SM14_micro002_conf_2 SM14_micro002_conf_2.in -TPP 2

Running subjobs on hosts:
  lsf-cpu (Max: 4)
Number of jobs:       4
Max retries per job:  3
Max allowed failures: unlimited
Run with -LOCAL:      False
Verbosity:            normal

Starting JobDJ...

Keep one job on driver host: False
JobDJ columns:
  C: Number of completed subjobs
  A: Number of active subjobs (e.g., submitted, running)
  W: Number of waiting/pending subjobs

C A W | Activity  JobId  JobName  JobHost
- - - | --------- -----------------------
0 1 3 | launched  ls16-0-5aeca6bd SM14_micro003_conf_1 lsf-cpu
0 2 2 | launched  ls16-0-5aeca6c0 SM14_micro003_conf_2 lsf-cpu
0 3 1 | launched  ls16-0-5aeca6c3 SM14_micro002_conf_1 lsf-cpu
0 4 0 | launched  ls16-0-5aeca6c7 SM14_micro002_conf_2 lsf-cpu
1 3 0 | finished  ls16-0-5aeca6bd SM14_micro003_conf_1 lsf-cpu
2 2 0 | finished  ls16-0-5aeca6c0 SM14_micro003_conf_2 lsf-cpu
3 1 0 | finished  ls16-0-5aeca6c3 SM14_micro002_conf_1 lsf-cpu [lt04]
4 0 0 | finished  ls16-0-5aeca6c7 SM14_micro002_conf_2 lsf-cpu [ls18]

All jobs have completed.

4 of 4 job(s) succeeded; 0 job(s) failed.

Timer (distribute subjobs) : 1375.16 secs (0 hrs, 22 mins, 55 secs)

Processing QM output files...

Executing subprocess:
/data/chodera/schrodinger/schrodinger2017-4-advanced/jaguar results -energy SM14_micro003_conf_1.nrg_h.out

Executing subprocess:
/data/chodera/schrodinger/schrodinger2017-4-advanced/jaguar results -esolv SM14_micro003_conf_1.sol_h.out

Executing subprocess:
/data/chodera/schrodinger/schrodinger2017-4-advanced/jaguar results -energy SM14_micro003_conf_2.nrg_h.out

Executing subprocess:
/data/chodera/schrodinger/schrodinger2017-4-advanced/jaguar results -esolv SM14_micro003_conf_2.sol_h.out

Executing subprocess:
/data/chodera/schrodinger/schrodinger2017-4-advanced/jaguar results -energy SM14_micro002_conf_1.nrg.out

Executing subprocess:
/data/chodera/schrodinger/schrodinger2017-4-advanced/jaguar results -esolv SM14_micro002_conf_1.sol.out

Executing subprocess:
/data/chodera/schrodinger/schrodinger2017-4-advanced/jaguar results -energy SM14_micro002_conf_2.nrg.out

Executing subprocess:
/data/chodera/schrodinger/schrodinger2017-4-advanced/jaguar results -esolv SM14_micro002_conf_2.sol.out

Executing subprocess:
/data/chodera/schrodinger/schrodinger2017-4-advanced/jaguar-v9.8/bin/Linux-x86_64/pka -o SM14_micro003_deprot-out.mae -j SM14_micro003.jres -n -d

Executing subprocess:
/data/chodera/schrodinger/schrodinger2017-4-advanced/jaguar-v9.8/bin/Linux-x86_64/pka -o SM14_micro003_prot-out.mae -j SM14_micro003.jres -n

pKa calculation for SM14_micro003 completed.

pKa workflow jag_SM14_micro003_SM14_micro002 completed.

Timer (Jaguar pKa) : 1937.67 secs (0 hrs, 32 mins, 17 secs)
Timer (jaguar_backend.py) : 1937.67 secs (0 hrs, 32 mins, 17 secs)
Finished:   Fri May  4 14:54:01 2018
