Taking protonated structures from:
SM23_micro025_conf_1.dft_h.01.mae
SM23_micro025_conf_2.dft_h.01.mae
SM23_micro025_conf_3.dft_h.01.mae
SM23_micro025_conf_4.dft_h.01.mae
SM23_micro025_conf_5.dft_h.01.mae
Taking deprotonated structures from:
SM23_micro005_conf_1.dft.01.mae
SM23_micro005_conf_2.dft.01.mae
SM23_micro005_conf_3.dft.01.mae
SM23_micro005_conf_4.dft.01.mae
SM23_micro005_conf_5.dft.01.mae

Corrected results for 'protonated' structure in water:
pKa atom: 42

 # 	                  Shell                   	 pKa 	RMSD	 Contribution
---	------------------------------------------	-----	-----	--------------
1: 	RN=Het                                    	 9.38	0.551	     0.00%
2: 	Protonation of sp2-like aliphatic nitrogen	 6.46	1.751	    36.75%
3: 	Protonation of generic atom               	 6.79	2.264	    63.25%

 Final weighted pKa value is 6.67



