Taking protonated structures from:
SM18_micro033_conf_1.dft_h.01.mae
SM18_micro033_conf_2.dft_h.01.mae
SM18_micro033_conf_3.dft_h.01.mae
SM18_micro033_conf_4.dft_h.01.mae
SM18_micro033_conf_5.dft_h.01.mae
Taking deprotonated structures from:
SM18_micro049_conf_1.dft.01.mae
SM18_micro049_conf_2.dft.01.mae
SM18_micro049_conf_3.dft.01.mae
SM18_micro049_conf_4.dft.01.mae
SM18_micro049_conf_5.dft.01.mae

Corrected results for 'protonated' structure in water:
pKa atom: 35

 # 	            Shell             	 pKa 	RMSD	 Contribution
---	------------------------------	-----	-----	--------------
1: 	OH attached to heterocycle    	 7.81	0.570	    96.32%
2: 	Protonation of generic atom   	 6.10	2.264	     1.26%
3: 	Protonation of sp2-like oxygen	 6.05	2.568	     2.43%

 Final weighted pKa value is 7.74



