Command:    jaguar run pka.py -jobname jag_SM24_micro011_SM24_micro013 -PARALLEL 10 -n -csrch -prot SM24_micro011.in -deprot SM24_micro013.in
Release:    2017-4
Exec:       /data/chodera/schrodinger/schrodinger2017-4-advanced/jaguar-v9.8/bin/Linux-x86_64
Host:       lt02
JobId:      lilac-0-5aecd5da
JobDir:     /lila/data/chodera/schrodinger/tmpdir/rustenburg/jag_SM24_micro011_SM24_micro013
Date:       Fri May  4 19:23:16 2018

Contents of /lila/data/chodera/schrodinger/tmpdir/rustenburg/jag_SM24_micro011_SM24_micro013:
/lila/data/chodera/schrodinger/tmpdir/rustenburg/jag_SM24_micro011_SM24_micro013/SM24_micro013.in
/lila/data/chodera/schrodinger/tmpdir/rustenburg/jag_SM24_micro011_SM24_micro013/lilac-0-5aecd5da.mpinodes
/lila/data/chodera/schrodinger/tmpdir/rustenburg/jag_SM24_micro011_SM24_micro013/lilac-0-5aecd5da
/lila/data/chodera/schrodinger/tmpdir/rustenburg/jag_SM24_micro011_SM24_micro013/lilac-0-5aecd5da.jlog
/lila/data/chodera/schrodinger/tmpdir/rustenburg/jag_SM24_micro011_SM24_micro013/lilac-0-5aecd5da.recover
/lila/data/chodera/schrodinger/tmpdir/rustenburg/jag_SM24_micro011_SM24_micro013/lilac-0-5aecd5da.hosts
/lila/data/chodera/schrodinger/tmpdir/rustenburg/jag_SM24_micro011_SM24_micro013/lilac-0-5aecd5da.nodes
/lila/data/chodera/schrodinger/tmpdir/rustenburg/jag_SM24_micro011_SM24_micro013/jag_SM24_micro011_SM24_micro013.recover
/lila/data/chodera/schrodinger/tmpdir/rustenburg/jag_SM24_micro011_SM24_micro013/SM24_micro011.mae
/lila/data/chodera/schrodinger/tmpdir/rustenburg/jag_SM24_micro011_SM24_micro013/SM24_micro011.in
/lila/data/chodera/schrodinger/tmpdir/rustenburg/jag_SM24_micro011_SM24_micro013/jag_SM24_micro011_SM24_micro013.log
/lila/data/chodera/schrodinger/tmpdir/rustenburg/jag_SM24_micro011_SM24_micro013/SM24_micro013.mae

=====================
 Jaguar pKa workflow
=====================

Analysing user-provided (prot, deprot) pair:
(SM24_micro011.in, SM24_micro013.in)
Found labile hydrogen 51 in SM24_micro011.in
Found labile hydrogen at atom 29 in SM24_micro013.in
Adding 'ipkat' keyword to input files.

Identifying pKa functional group for pair:
(SM24_micro011, SM24_micro013)

Executing subprocess:
/data/chodera/schrodinger/schrodinger2017-4-advanced/jaguar-v9.8/bin/Linux-x86_64/pka -i -j SM24_micro011.tmp.jres -n

Taking protonated structures from:
SM24_micro011.mae
Taking deprotonated structures from:
SM24_micro013.mae

This molecule from 'SM24_micro011.mae' in water was recognized as:

 # 	            Shell             
---	------------------------------
1: 	alcohol                       
2: 	Protonation of generic atom   
3: 	Protonation of sp2-like oxygen


Executing conformational search...

Executing 2 distributed subjobs:
---------------------------------

No more than 8 cpu(s) will be used per subjob.
No more than 10 cpu(s) will be used simultaneously.

Processing the following subjobs:
(1) jaguar run csrch.py SM24_micro011.mae -jobname SM24_micro011 -max_conf 5 -erg_window 50.208 -acc_level 1 -TPP 5
(2) jaguar run csrch.py SM24_micro013.mae -jobname SM24_micro013 -max_conf 5 -erg_window 50.208 -acc_level 1 -TPP 5

Running subjobs on hosts:
  lsf-cpu (Max: 2)
Number of jobs:       2
Max retries per job:  3
Max allowed failures: unlimited
Run with -LOCAL:      False
Verbosity:            normal

Starting JobDJ...

Keep one job on driver host: False
JobDJ columns:
  C: Number of completed subjobs
  A: Number of active subjobs (e.g., submitted, running)
  W: Number of waiting/pending subjobs

C A W | Activity  JobId  JobName  JobHost
- - - | --------- -----------------------
0 1 1 | launched  lt02-7-5aeceb85 SM24_micro011 lsf-cpu
0 2 0 | launched  lt02-7-5aeceb99 SM24_micro013 lsf-cpu
1 1 0 | finished  lt02-7-5aeceb85 SM24_micro011 lsf-cpu [ls17]
