Command:    jaguar run pka.py -jobname jag_SM18_micro034_SM18_micro047 -PARALLEL 10 -n -csrch -prot SM18_micro034.in -deprot SM18_micro047.in
Release:    2017-4
Exec:       /data/chodera/schrodinger/schrodinger2017-4-advanced/jaguar-v9.8/bin/Linux-x86_64
Host:       ls17
JobId:      lilac-0-5aecafcd
JobDir:     /lila/data/chodera/schrodinger/tmpdir/rustenburg/jag_SM18_micro034_SM18_micro047
Date:       Fri May  4 15:20:11 2018

Contents of /lila/data/chodera/schrodinger/tmpdir/rustenburg/jag_SM18_micro034_SM18_micro047:
/lila/data/chodera/schrodinger/tmpdir/rustenburg/jag_SM18_micro034_SM18_micro047/lilac-0-5aecafcd.jlog
/lila/data/chodera/schrodinger/tmpdir/rustenburg/jag_SM18_micro034_SM18_micro047/SM18_micro034.mae
/lila/data/chodera/schrodinger/tmpdir/rustenburg/jag_SM18_micro034_SM18_micro047/lilac-0-5aecafcd.mpinodes
/lila/data/chodera/schrodinger/tmpdir/rustenburg/jag_SM18_micro034_SM18_micro047/lilac-0-5aecafcd.hosts
/lila/data/chodera/schrodinger/tmpdir/rustenburg/jag_SM18_micro034_SM18_micro047/jag_SM18_micro034_SM18_micro047.recover
/lila/data/chodera/schrodinger/tmpdir/rustenburg/jag_SM18_micro034_SM18_micro047/lilac-0-5aecafcd.recover
/lila/data/chodera/schrodinger/tmpdir/rustenburg/jag_SM18_micro034_SM18_micro047/SM18_micro034.in
/lila/data/chodera/schrodinger/tmpdir/rustenburg/jag_SM18_micro034_SM18_micro047/lilac-0-5aecafcd.nodes
/lila/data/chodera/schrodinger/tmpdir/rustenburg/jag_SM18_micro034_SM18_micro047/jag_SM18_micro034_SM18_micro047.log
/lila/data/chodera/schrodinger/tmpdir/rustenburg/jag_SM18_micro034_SM18_micro047/lilac-0-5aecafcd
/lila/data/chodera/schrodinger/tmpdir/rustenburg/jag_SM18_micro034_SM18_micro047/SM18_micro047.mae
/lila/data/chodera/schrodinger/tmpdir/rustenburg/jag_SM18_micro034_SM18_micro047/SM18_micro047.in

=====================
 Jaguar pKa workflow
=====================

Analysing user-provided (prot, deprot) pair:
(SM18_micro034.in, SM18_micro047.in)
Found labile hydrogen 41 in SM18_micro034.in
Found labile hydrogen at atom 16 in SM18_micro047.in
Adding 'ipkat' keyword to input files.

Identifying pKa functional group for pair:
(SM18_micro034, SM18_micro047)

Executing subprocess:
/data/chodera/schrodinger/schrodinger2017-4-advanced/jaguar-v9.8/bin/Linux-x86_64/pka -i -j SM18_micro034.tmp.jres -n

Taking protonated structures from:
SM18_micro034.mae
Taking deprotonated structures from:
SM18_micro047.mae

This molecule from 'SM18_micro034.mae' in water was recognized as:

 # 	                  Shell                   
---	------------------------------------------
1: 	amide as acid                             
2: 	Protonation of sp2-like aliphatic nitrogen
3: 	Protonation of generic atom               


Executing conformational search...

Executing 2 distributed subjobs:
---------------------------------

No more than 8 cpu(s) will be used per subjob.
No more than 10 cpu(s) will be used simultaneously.

Processing the following subjobs:
(1) jaguar run csrch.py SM18_micro034.mae -jobname SM18_micro034 -max_conf 5 -erg_window 50.208 -acc_level 1 -TPP 5
(2) jaguar run csrch.py SM18_micro047.mae -jobname SM18_micro047 -max_conf 5 -erg_window 50.208 -acc_level 1 -TPP 5

Running subjobs on hosts:
  lsf-cpu (Max: 2)
Number of jobs:       2
Max retries per job:  3
Max allowed failures: unlimited
Run with -LOCAL:      False
Verbosity:            normal

Starting JobDJ...

Keep one job on driver host: False
JobDJ columns:
  C: Number of completed subjobs
  A: Number of active subjobs (e.g., submitted, running)
  W: Number of waiting/pending subjobs

C A W | Activity  JobId  JobName  JobHost
- - - | --------- -----------------------
0 1 1 | launched  ls17-5-5aecb274 SM18_micro034 lsf-cpu
0 2 0 | launched  ls17-1-5aecb27b SM18_micro047 lsf-cpu
1 1 0 | finished  ls17-5-5aecb274 SM18_micro034 lsf-cpu [ls17]
2 0 0 | finished  ls17-1-5aecb27b SM18_micro047 lsf-cpu [lt20]

All jobs have completed.

2 of 2 job(s) succeeded; 0 job(s) failed.

Timer (distribute subjobs) : 10647.87 secs (2 hrs, 57 mins, 27 secs)

Setting up QM workflow for (protonated, deprotonated) pair:
(1) (SM18_micro034, SM18_micro047)

Executing Jaguar quantum-mechanical subjobs...

Executing 10 distributed subjobs:
----------------------------------

No more than 8 cpu(s) will be used per subjob.
No more than 10 cpu(s) will be used simultaneously.

Processing the following subjobs:
(1) jaguar run pka_prot.bat -jobname SM18_micro034_conf_1 SM18_micro034_conf_1.in
(2) jaguar run pka_prot.bat -jobname SM18_micro034_conf_2 SM18_micro034_conf_2.in
(3) jaguar run pka_prot.bat -jobname SM18_micro034_conf_3 SM18_micro034_conf_3.in
(4) jaguar run pka_prot.bat -jobname SM18_micro034_conf_4 SM18_micro034_conf_4.in
(5) jaguar run pka_prot.bat -jobname SM18_micro034_conf_5 SM18_micro034_conf_5.in
(6) jaguar run pka_deprot.bat -jobname SM18_micro047_conf_1 SM18_micro047_conf_1.in
(7) jaguar run pka_deprot.bat -jobname SM18_micro047_conf_2 SM18_micro047_conf_2.in
(8) jaguar run pka_deprot.bat -jobname SM18_micro047_conf_3 SM18_micro047_conf_3.in
(9) jaguar run pka_deprot.bat -jobname SM18_micro047_conf_4 SM18_micro047_conf_4.in
(10) jaguar run pka_deprot.bat -jobname SM18_micro047_conf_5 SM18_micro047_conf_5.in

Running subjobs on hosts:
  lsf-cpu (Max: 10)
Number of jobs:       10
Max retries per job:  3
Max allowed failures: unlimited
Run with -LOCAL:      False
Verbosity:            normal

Starting JobDJ...

Keep one job on driver host: True
JobDJ columns:
  C: Number of completed subjobs
  A: Number of active subjobs (e.g., submitted, running)
  W: Number of waiting/pending subjobs

 C  A  W | Activity  JobId  JobName  JobHost
-- -- -- | --------- -----------------------
 0  1  9 | launched  ls17-0-5aecdc10 SM18_micro034_conf_1 localhost [ls17]
 0  2  8 | launched  ls17-0-5aecdc16 SM18_micro034_conf_2 lsf-cpu
 0  3  7 | launched  ls17-0-5aecdc1c SM18_micro034_conf_3 lsf-cpu
 0  4  6 | launched  ls17-0-5aecdc21 SM18_micro034_conf_4 lsf-cpu
 0  5  5 | launched  ls17-0-5aecdc26 SM18_micro034_conf_5 lsf-cpu
 0  6  4 | launched  ls17-0-5aecdc2c SM18_micro047_conf_1 lsf-cpu
 0  7  3 | launched  ls17-0-5aecdc32 SM18_micro047_conf_2 lsf-cpu
 0  8  2 | launched  ls17-0-5aecdc38 SM18_micro047_conf_3 lsf-cpu
 0  9  1 | launched  ls17-0-5aecdc3e SM18_micro047_conf_4 lsf-cpu
 0 10  0 | launched  ls17-0-5aecdc43 SM18_micro047_conf_5 lsf-cpu
 1  9  0 | finished  ls17-0-5aecdc10 SM18_micro034_conf_1 localhost [ls17]
 2  8  0 | finished  ls17-0-5aecdc21 SM18_micro034_conf_4 lsf-cpu [lt03]
 3  7  0 | finished  ls17-0-5aecdc1c SM18_micro034_conf_3 lsf-cpu [lt03]
