Command:    jaguar run pka.py -jobname jag_SM11_micro031_SM11_micro009 -PARALLEL 10 -n -csrch -prot SM11_micro031.in -deprot SM11_micro009.in
Release:    2017-4
Exec:       /data/chodera/schrodinger/schrodinger2017-4-advanced/jaguar-v9.8/bin/Linux-x86_64
Host:       lt02
JobId:      lilac-0-5aec9a45
JobDir:     /lila/data/chodera/schrodinger/tmpdir/rustenburg/jag_SM11_micro031_SM11_micro009
Date:       Fri May  4 13:37:15 2018

Contents of /lila/data/chodera/schrodinger/tmpdir/rustenburg/jag_SM11_micro031_SM11_micro009:
/lila/data/chodera/schrodinger/tmpdir/rustenburg/jag_SM11_micro031_SM11_micro009/lilac-0-5aec9a45.hosts
/lila/data/chodera/schrodinger/tmpdir/rustenburg/jag_SM11_micro031_SM11_micro009/lilac-0-5aec9a45.recover
/lila/data/chodera/schrodinger/tmpdir/rustenburg/jag_SM11_micro031_SM11_micro009/lilac-0-5aec9a45.mpinodes
/lila/data/chodera/schrodinger/tmpdir/rustenburg/jag_SM11_micro031_SM11_micro009/SM11_micro009.in
/lila/data/chodera/schrodinger/tmpdir/rustenburg/jag_SM11_micro031_SM11_micro009/lilac-0-5aec9a45
/lila/data/chodera/schrodinger/tmpdir/rustenburg/jag_SM11_micro031_SM11_micro009/lilac-0-5aec9a45.nodes
/lila/data/chodera/schrodinger/tmpdir/rustenburg/jag_SM11_micro031_SM11_micro009/jag_SM11_micro031_SM11_micro009.log
/lila/data/chodera/schrodinger/tmpdir/rustenburg/jag_SM11_micro031_SM11_micro009/SM11_micro031.mae
/lila/data/chodera/schrodinger/tmpdir/rustenburg/jag_SM11_micro031_SM11_micro009/jag_SM11_micro031_SM11_micro009.recover
/lila/data/chodera/schrodinger/tmpdir/rustenburg/jag_SM11_micro031_SM11_micro009/lilac-0-5aec9a45.jlog
/lila/data/chodera/schrodinger/tmpdir/rustenburg/jag_SM11_micro031_SM11_micro009/SM11_micro031.in
/lila/data/chodera/schrodinger/tmpdir/rustenburg/jag_SM11_micro031_SM11_micro009/SM11_micro009.mae

=====================
 Jaguar pKa workflow
=====================

Analysing user-provided (prot, deprot) pair:
(SM11_micro031.in, SM11_micro009.in)
Found labile hydrogen 18 in SM11_micro031.in
Found labile hydrogen at atom 14 in SM11_micro009.in
Adding 'ipkat' keyword to input files.

Identifying pKa functional group for pair:
(SM11_micro031, SM11_micro009)

Executing subprocess:
/data/chodera/schrodinger/schrodinger2017-4-advanced/jaguar-v9.8/bin/Linux-x86_64/pka -i -j SM11_micro031.tmp.jres -n

Taking protonated structures from:
SM11_micro031.mae
Taking deprotonated structures from:
SM11_micro009.mae

This molecule from 'SM11_micro031.mae' in water was recognized as:

 # 	           Shell           
---	---------------------------
1: 	pyrimidine                 
2: 	heterocycle custom 1       
3: 	heterocycle                
4: 	Protonation of generic atom


Executing conformational search...

Executing 2 distributed subjobs:
---------------------------------

No more than 8 cpu(s) will be used per subjob.
No more than 10 cpu(s) will be used simultaneously.

Processing the following subjobs:
(1) jaguar run csrch.py SM11_micro031.mae -jobname SM11_micro031 -max_conf 5 -erg_window 50.208 -acc_level 1 -TPP 5
(2) jaguar run csrch.py SM11_micro009.mae -jobname SM11_micro009 -max_conf 5 -erg_window 50.208 -acc_level 1 -TPP 5

Running subjobs on hosts:
  lsf-cpu (Max: 2)
Number of jobs:       2
Max retries per job:  3
Max allowed failures: unlimited
Run with -LOCAL:      False
Verbosity:            normal

Starting JobDJ...

Keep one job on driver host: False
JobDJ columns:
  C: Number of completed subjobs
  A: Number of active subjobs (e.g., submitted, running)
  W: Number of waiting/pending subjobs

C A W | Activity  JobId  JobName  JobHost
- - - | --------- -----------------------
0 1 1 | launched  lt02-0-5aec9a52 SM11_micro031 lsf-cpu
0 2 0 | launched  lt02-0-5aec9a5d SM11_micro009 lsf-cpu
1 1 0 | finished  lt02-0-5aec9a5d SM11_micro009 lsf-cpu
2 0 0 | finished  lt02-0-5aec9a52 SM11_micro031 lsf-cpu

All jobs have completed.

2 of 2 job(s) succeeded; 0 job(s) failed.

Timer (distribute subjobs) : 368.29 secs (0 hrs, 06 mins, 08 secs)

Setting up QM workflow for (protonated, deprotonated) pair:
(1) (SM11_micro031, SM11_micro009)

Executing Jaguar quantum-mechanical subjobs...

Executing 6 distributed subjobs:
---------------------------------

No more than 8 cpu(s) will be used per subjob.
No more than 10 cpu(s) will be used simultaneously.

Processing the following subjobs:
(1) jaguar run pka_prot.bat -jobname SM11_micro031_conf_1 SM11_micro031_conf_1.in -TPP 2
(2) jaguar run pka_prot.bat -jobname SM11_micro031_conf_2 SM11_micro031_conf_2.in -TPP 2
(3) jaguar run pka_prot.bat -jobname SM11_micro031_conf_3 SM11_micro031_conf_3.in -TPP 2
(4) jaguar run pka_deprot.bat -jobname SM11_micro009_conf_1 SM11_micro009_conf_1.in -TPP 2
(5) jaguar run pka_deprot.bat -jobname SM11_micro009_conf_2 SM11_micro009_conf_2.in
(6) jaguar run pka_deprot.bat -jobname SM11_micro009_conf_3 SM11_micro009_conf_3.in

Running subjobs on hosts:
  lsf-cpu (Max: 6)
Number of jobs:       6
Max retries per job:  3
Max allowed failures: unlimited
Run with -LOCAL:      False
Verbosity:            normal

Starting JobDJ...

Keep one job on driver host: False
JobDJ columns:
  C: Number of completed subjobs
  A: Number of active subjobs (e.g., submitted, running)
  W: Number of waiting/pending subjobs

C A W | Activity  JobId  JobName  JobHost
- - - | --------- -----------------------
0 1 5 | launched  lt02-0-5aec9bc3 SM11_micro031_conf_1 lsf-cpu
0 2 4 | launched  lt02-0-5aec9bc7 SM11_micro031_conf_2 lsf-cpu
0 3 3 | launched  lt02-0-5aec9bca SM11_micro031_conf_3 lsf-cpu
0 4 2 | launched  lt02-0-5aec9bcd SM11_micro009_conf_1 lsf-cpu
0 5 1 | launched  lt02-1-5aec9bd0 SM11_micro009_conf_2 lsf-cpu
0 6 0 | launched  lt02-0-5aec9bd4 SM11_micro009_conf_3 lsf-cpu
1 5 0 | finished  lt02-0-5aec9bca SM11_micro031_conf_3 lsf-cpu [ls12]
2 4 0 | finished  lt02-0-5aec9bd4 SM11_micro009_conf_3 lsf-cpu [ls12]
3 3 0 | finished  lt02-0-5aec9bc3 SM11_micro031_conf_1 lsf-cpu [ls12]
4 2 0 | finished  lt02-0-5aec9bcd SM11_micro009_conf_1 lsf-cpu [ls12]
5 1 0 | finished  lt02-0-5aec9bc7 SM11_micro031_conf_2 lsf-cpu [ls12]
6 0 0 | finished  lt02-1-5aec9bd0 SM11_micro009_conf_2 lsf-cpu [ls01]

All jobs have completed.

6 of 6 job(s) succeeded; 0 job(s) failed.

Timer (distribute subjobs) : 2308.08 secs (0 hrs, 38 mins, 28 secs)

Processing QM output files...

Executing subprocess:
/data/chodera/schrodinger/schrodinger2017-4-advanced/jaguar results -energy SM11_micro031_conf_1.nrg_h.out

Executing subprocess:
/data/chodera/schrodinger/schrodinger2017-4-advanced/jaguar results -esolv SM11_micro031_conf_1.sol_h.out

Executing subprocess:
/data/chodera/schrodinger/schrodinger2017-4-advanced/jaguar results -energy SM11_micro031_conf_2.nrg_h.out

Executing subprocess:
/data/chodera/schrodinger/schrodinger2017-4-advanced/jaguar results -esolv SM11_micro031_conf_2.sol_h.out

Executing subprocess:
/data/chodera/schrodinger/schrodinger2017-4-advanced/jaguar results -energy SM11_micro031_conf_3.nrg_h.out

Executing subprocess:
/data/chodera/schrodinger/schrodinger2017-4-advanced/jaguar results -esolv SM11_micro031_conf_3.sol_h.out

Executing subprocess:
/data/chodera/schrodinger/schrodinger2017-4-advanced/jaguar results -energy SM11_micro009_conf_1.nrg.out

Executing subprocess:
/data/chodera/schrodinger/schrodinger2017-4-advanced/jaguar results -esolv SM11_micro009_conf_1.sol.out

Executing subprocess:
/data/chodera/schrodinger/schrodinger2017-4-advanced/jaguar results -energy SM11_micro009_conf_2.nrg.out

Executing subprocess:
/data/chodera/schrodinger/schrodinger2017-4-advanced/jaguar results -esolv SM11_micro009_conf_2.sol.out

Executing subprocess:
/data/chodera/schrodinger/schrodinger2017-4-advanced/jaguar results -energy SM11_micro009_conf_3.nrg.out

Executing subprocess:
/data/chodera/schrodinger/schrodinger2017-4-advanced/jaguar results -esolv SM11_micro009_conf_3.sol.out

Executing subprocess:
/data/chodera/schrodinger/schrodinger2017-4-advanced/jaguar-v9.8/bin/Linux-x86_64/pka -o SM11_micro031_deprot-out.mae -j SM11_micro031.jres -n -d

Executing subprocess:
/data/chodera/schrodinger/schrodinger2017-4-advanced/jaguar-v9.8/bin/Linux-x86_64/pka -o SM11_micro031_prot-out.mae -j SM11_micro031.jres -n

pKa calculation for SM11_micro031 completed.

pKa workflow jag_SM11_micro031_SM11_micro009 completed.

Timer (Jaguar pKa) : 2737.61 secs (0 hrs, 45 mins, 37 secs)
Timer (jaguar_backend.py) : 2737.61 secs (0 hrs, 45 mins, 37 secs)
Finished:   Fri May  4 14:22:53 2018
