Taking protonated structures from:
SM24_micro020_conf_1.dft_h.01.mae
SM24_micro020_conf_2.dft_h.01.mae
SM24_micro020_conf_3.dft_h.01.mae
SM24_micro020_conf_4.dft_h.01.mae
SM24_micro020_conf_5.dft_h.01.mae
Taking deprotonated structures from:
SM24_micro031_conf_1.dft.01.mae
SM24_micro031_conf_2.dft.01.mae
SM24_micro031_conf_3.dft.01.mae
SM24_micro031_conf_4.dft.01.mae
SM24_micro031_conf_5.dft.01.mae

Corrected results for 'protonated' structure in water:
pKa atom: 52

 # 	            Shell             	 pKa 	RMSD	 Contribution
---	------------------------------	-----	-----	--------------
1: 	alcohol                       	 5.76	0.231	    98.11%
2: 	Protonation of generic atom   	-5.00	2.264	     0.68%
3: 	Protonation of sp2-like oxygen	-3.56	2.568	     1.21%

 Final weighted pKa value is 5.57



