Taking protonated structures from:
SM18_micro071_conf_1.dft_h.01.mae
SM18_micro071_conf_2.dft_h.01.mae
SM18_micro071_conf_3.dft_h.01.mae
SM18_micro071_conf_4.dft_h.01.mae
SM18_micro071_conf_5.dft_h.01.mae
Taking deprotonated structures from:
SM18_micro045_conf_1.dft.01.mae
SM18_micro045_conf_2.dft.01.mae
SM18_micro045_conf_3.dft.01.mae
SM18_micro045_conf_4.dft.01.mae
SM18_micro045_conf_5.dft.01.mae

Corrected results for 'protonated' structure in water:
pKa atom: 37

 # 	                 Shell                  	 pKa 	RMSD	 Contribution
---	----------------------------------------	-----	-----	--------------
1: 	mono keto CH acid                       	20.28	0.641	     1.47%
2: 	Protonation of generic atom             	17.47	2.264	    86.39%
3: 	aliphatic CH acid in water              	15.81	2.584	     6.04%
4: 	Protonation of sp2-like aliphatic carbon	15.94	2.605	     6.11%

 Final weighted pKa value is 17.32



