Command:    jaguar run pka.py -jobname jag_SM23_micro038_SM23_micro007 -PARALLEL 10 -n -csrch -prot SM23_micro038.in -deprot SM23_micro007.in
Release:    2017-4
Exec:       /data/chodera/schrodinger/schrodinger2017-4-advanced/jaguar-v9.8/bin/Linux-x86_64
Host:       ls11
JobId:      lilac-0-5aecd23b
JobDir:     /lila/data/chodera/schrodinger/tmpdir/rustenburg/jag_SM23_micro038_SM23_micro007
Date:       Fri May  4 19:19:40 2018

Contents of /lila/data/chodera/schrodinger/tmpdir/rustenburg/jag_SM23_micro038_SM23_micro007:
/lila/data/chodera/schrodinger/tmpdir/rustenburg/jag_SM23_micro038_SM23_micro007/SM23_micro007.in
/lila/data/chodera/schrodinger/tmpdir/rustenburg/jag_SM23_micro038_SM23_micro007/lilac-0-5aecd23b.recover
/lila/data/chodera/schrodinger/tmpdir/rustenburg/jag_SM23_micro038_SM23_micro007/lilac-0-5aecd23b.mpinodes
/lila/data/chodera/schrodinger/tmpdir/rustenburg/jag_SM23_micro038_SM23_micro007/lilac-0-5aecd23b
/lila/data/chodera/schrodinger/tmpdir/rustenburg/jag_SM23_micro038_SM23_micro007/jag_SM23_micro038_SM23_micro007.recover
/lila/data/chodera/schrodinger/tmpdir/rustenburg/jag_SM23_micro038_SM23_micro007/SM23_micro007.mae
/lila/data/chodera/schrodinger/tmpdir/rustenburg/jag_SM23_micro038_SM23_micro007/lilac-0-5aecd23b.jlog
/lila/data/chodera/schrodinger/tmpdir/rustenburg/jag_SM23_micro038_SM23_micro007/SM23_micro038.mae
/lila/data/chodera/schrodinger/tmpdir/rustenburg/jag_SM23_micro038_SM23_micro007/lilac-0-5aecd23b.hosts
/lila/data/chodera/schrodinger/tmpdir/rustenburg/jag_SM23_micro038_SM23_micro007/lilac-0-5aecd23b.nodes
/lila/data/chodera/schrodinger/tmpdir/rustenburg/jag_SM23_micro038_SM23_micro007/SM23_micro038.in
/lila/data/chodera/schrodinger/tmpdir/rustenburg/jag_SM23_micro038_SM23_micro007/jag_SM23_micro038_SM23_micro007.log

=====================
 Jaguar pKa workflow
=====================

Analysing user-provided (prot, deprot) pair:
(SM23_micro038.in, SM23_micro007.in)
Error: heavy atoms are different in input files:
SM23_micro038.in
SM23_micro007.in


An error has occurred.  Information about the error has been written to 
/home/rustenburg/.schrodinger/exceptions/error20180504-191940.txt 

Please contact help@schrodinger.com for assistance. Include error20180504-191940.txt and a description of what you were doing when the error occurred.
