Taking protonated structures from:
SM19_micro007_conf_1.dft_h.01.mae
SM19_micro007_conf_2.dft_h.01.mae
SM19_micro007_conf_3.dft_h.01.mae
SM19_micro007_conf_4.dft_h.01.mae
SM19_micro007_conf_5.dft_h.01.mae
Taking deprotonated structures from:
SM19_micro012_conf_1.dft.01.mae
SM19_micro012_conf_2.dft.01.mae
SM19_micro012_conf_3.dft.01.mae
SM19_micro012_conf_4.dft.01.mae
SM19_micro012_conf_5.dft.01.mae

Corrected results for 'protonated' structure in water:
pKa atom: 33

 # 	                  Shell                   	 pKa 	RMSD	 Contribution
---	------------------------------------------	-----	-----	--------------
1: 	amide as acid                             	 9.16	0.903	    28.37%
2: 	Protonation of sp2-like aliphatic nitrogen	 8.50	1.751	    52.50%
3: 	Protonation of generic atom               	 8.64	2.264	    19.13%

 Final weighted pKa value is 8.71



