Command:    jaguar run pka.py -jobname jag_SM17_micro009_SM17_micro005 -PARALLEL 10 -n -csrch -prot SM17_micro009.in -deprot SM17_micro005.in
Release:    2017-4
Exec:       /data/chodera/schrodinger/schrodinger2017-4-advanced/jaguar-v9.8/bin/Linux-x86_64
Host:       ls01
JobId:      lilac-0-5aeca92e
JobDir:     /lila/data/chodera/schrodinger/tmpdir/rustenburg/jag_SM17_micro009_SM17_micro005
Date:       Fri May  4 14:42:45 2018

Contents of /lila/data/chodera/schrodinger/tmpdir/rustenburg/jag_SM17_micro009_SM17_micro005:
/lila/data/chodera/schrodinger/tmpdir/rustenburg/jag_SM17_micro009_SM17_micro005/lilac-0-5aeca92e
/lila/data/chodera/schrodinger/tmpdir/rustenburg/jag_SM17_micro009_SM17_micro005/lilac-0-5aeca92e.recover
/lila/data/chodera/schrodinger/tmpdir/rustenburg/jag_SM17_micro009_SM17_micro005/lilac-0-5aeca92e.nodes
/lila/data/chodera/schrodinger/tmpdir/rustenburg/jag_SM17_micro009_SM17_micro005/lilac-0-5aeca92e.jlog
/lila/data/chodera/schrodinger/tmpdir/rustenburg/jag_SM17_micro009_SM17_micro005/jag_SM17_micro009_SM17_micro005.recover
/lila/data/chodera/schrodinger/tmpdir/rustenburg/jag_SM17_micro009_SM17_micro005/SM17_micro009.in
/lila/data/chodera/schrodinger/tmpdir/rustenburg/jag_SM17_micro009_SM17_micro005/SM17_micro005.in
/lila/data/chodera/schrodinger/tmpdir/rustenburg/jag_SM17_micro009_SM17_micro005/lilac-0-5aeca92e.hosts
/lila/data/chodera/schrodinger/tmpdir/rustenburg/jag_SM17_micro009_SM17_micro005/SM17_micro009.mae
/lila/data/chodera/schrodinger/tmpdir/rustenburg/jag_SM17_micro009_SM17_micro005/SM17_micro005.mae
/lila/data/chodera/schrodinger/tmpdir/rustenburg/jag_SM17_micro009_SM17_micro005/lilac-0-5aeca92e.mpinodes
/lila/data/chodera/schrodinger/tmpdir/rustenburg/jag_SM17_micro009_SM17_micro005/jag_SM17_micro009_SM17_micro005.log

=====================
 Jaguar pKa workflow
=====================

Analysing user-provided (prot, deprot) pair:
(SM17_micro009.in, SM17_micro005.in)
Found labile hydrogen 20 in SM17_micro009.in
Found labile hydrogen at atom 10 in SM17_micro005.in
Adding 'ipkat' keyword to input files.

Identifying pKa functional group for pair:
(SM17_micro009, SM17_micro005)

Executing subprocess:
/data/chodera/schrodinger/schrodinger2017-4-advanced/jaguar-v9.8/bin/Linux-x86_64/pka -i -j SM17_micro009.tmp.jres -n

Taking protonated structures from:
SM17_micro009.mae
Taking deprotonated structures from:
SM17_micro005.mae

This molecule from 'SM17_micro009.mae' in water was recognized as:

 # 	           Shell           
---	---------------------------
1: 	Protonation of generic atom


Executing conformational search...

Executing 2 distributed subjobs:
---------------------------------

No more than 8 cpu(s) will be used per subjob.
No more than 10 cpu(s) will be used simultaneously.

Processing the following subjobs:
(1) jaguar run csrch.py SM17_micro009.mae -jobname SM17_micro009 -max_conf 5 -erg_window 50.208 -acc_level 1 -TPP 5
(2) jaguar run csrch.py SM17_micro005.mae -jobname SM17_micro005 -max_conf 5 -erg_window 50.208 -acc_level 1 -TPP 5

Running subjobs on hosts:
  lsf-cpu (Max: 2)
Number of jobs:       2
Max retries per job:  3
Max allowed failures: unlimited
Run with -LOCAL:      False
Verbosity:            normal

Starting JobDJ...

Keep one job on driver host: False
JobDJ columns:
  C: Number of completed subjobs
  A: Number of active subjobs (e.g., submitted, running)
  W: Number of waiting/pending subjobs

C A W | Activity  JobId  JobName  JobHost
- - - | --------- -----------------------
0 1 1 | launched  ls01-0-5aeca9ac SM17_micro009 lsf-cpu
0 2 0 | launched  ls01-0-5aeca9af SM17_micro005 lsf-cpu
1 1 0 | finished  ls01-0-5aeca9ac SM17_micro009 lsf-cpu [lt22]
2 0 0 | finished  ls01-0-5aeca9af SM17_micro005 lsf-cpu [ls12]

All jobs have completed.

2 of 2 job(s) succeeded; 0 job(s) failed.

Timer (distribute subjobs) : 1886.77 secs (0 hrs, 31 mins, 26 secs)

Setting up QM workflow for (protonated, deprotonated) pair:
(1) (SM17_micro009, SM17_micro005)

Executing Jaguar quantum-mechanical subjobs...

Executing 10 distributed subjobs:
----------------------------------

No more than 8 cpu(s) will be used per subjob.
No more than 10 cpu(s) will be used simultaneously.

Processing the following subjobs:
(1) jaguar run pka_prot.bat -jobname SM17_micro009_conf_1 SM17_micro009_conf_1.in
(2) jaguar run pka_prot.bat -jobname SM17_micro009_conf_2 SM17_micro009_conf_2.in
(3) jaguar run pka_prot.bat -jobname SM17_micro009_conf_3 SM17_micro009_conf_3.in
(4) jaguar run pka_prot.bat -jobname SM17_micro009_conf_4 SM17_micro009_conf_4.in
(5) jaguar run pka_prot.bat -jobname SM17_micro009_conf_5 SM17_micro009_conf_5.in
(6) jaguar run pka_deprot.bat -jobname SM17_micro005_conf_1 SM17_micro005_conf_1.in
(7) jaguar run pka_deprot.bat -jobname SM17_micro005_conf_2 SM17_micro005_conf_2.in
(8) jaguar run pka_deprot.bat -jobname SM17_micro005_conf_3 SM17_micro005_conf_3.in
(9) jaguar run pka_deprot.bat -jobname SM17_micro005_conf_4 SM17_micro005_conf_4.in
(10) jaguar run pka_deprot.bat -jobname SM17_micro005_conf_5 SM17_micro005_conf_5.in

Running subjobs on hosts:
  lsf-cpu (Max: 10)
Number of jobs:       10
Max retries per job:  3
Max allowed failures: unlimited
Run with -LOCAL:      False
Verbosity:            normal

Starting JobDJ...

Keep one job on driver host: True
JobDJ columns:
  C: Number of completed subjobs
  A: Number of active subjobs (e.g., submitted, running)
  W: Number of waiting/pending subjobs

 C  A  W | Activity  JobId  JobName  JobHost
-- -- -- | --------- -----------------------
 0  1  9 | launched  ls01-0-5aecb10b SM17_micro009_conf_1 localhost [ls01]
 0  2  8 | launched  ls01-0-5aecb10e SM17_micro009_conf_2 lsf-cpu
 0  3  7 | launched  ls01-0-5aecb113 SM17_micro009_conf_3 lsf-cpu
 0  4  6 | launched  ls01-0-5aecb117 SM17_micro009_conf_4 lsf-cpu
 0  5  5 | launched  ls01-0-5aecb11c SM17_micro009_conf_5 lsf-cpu
 0  6  4 | launched  ls01-0-5aecb121 SM17_micro005_conf_1 lsf-cpu
 0  7  3 | launched  ls01-0-5aecb125 SM17_micro005_conf_2 lsf-cpu
 0  8  2 | launched  ls01-0-5aecb12a SM17_micro005_conf_3 lsf-cpu
 0  9  1 | launched  ls01-0-5aecb12d SM17_micro005_conf_4 lsf-cpu
 0 10  0 | launched  ls01-0-5aecb131 SM17_micro005_conf_5 lsf-cpu
 1  9  0 | finished  ls01-0-5aecb12d SM17_micro005_conf_4 lsf-cpu [lt09]
 2  8  0 | finished  ls01-0-5aecb121 SM17_micro005_conf_1 lsf-cpu [lt09]
 3  7  0 | finished  ls01-0-5aecb125 SM17_micro005_conf_2 lsf-cpu [lt09]
 4  6  0 | finished  ls01-0-5aecb12a SM17_micro005_conf_3 lsf-cpu [lt09]
 5  5  0 | finished  ls01-0-5aecb131 SM17_micro005_conf_5 lsf-cpu [ls14]
 6  4  0 | finished  ls01-0-5aecb10b SM17_micro009_conf_1 localhost [ls01]
 7  3  0 | finished  ls01-0-5aecb11c SM17_micro009_conf_5 lsf-cpu [ls10]
 8  2  0 | finished  ls01-0-5aecb10e SM17_micro009_conf_2 lsf-cpu [ls15]
 9  1  0 | finished  ls01-0-5aecb113 SM17_micro009_conf_3 lsf-cpu [ls15]
10  0  0 | finished  ls01-0-5aecb117 SM17_micro009_conf_4 lsf-cpu [ls15]

All jobs have completed.

10 of 10 job(s) succeeded; 0 job(s) failed.

Timer (distribute subjobs) : 10909.49 secs (3 hrs, 01 mins, 49 secs)

Processing QM output files...

Executing subprocess:
/data/chodera/schrodinger/schrodinger2017-4-advanced/jaguar results -energy SM17_micro009_conf_1.nrg_h.out

Executing subprocess:
/data/chodera/schrodinger/schrodinger2017-4-advanced/jaguar results -esolv SM17_micro009_conf_1.sol_h.out

Executing subprocess:
/data/chodera/schrodinger/schrodinger2017-4-advanced/jaguar results -energy SM17_micro009_conf_2.nrg_h.out

Executing subprocess:
/data/chodera/schrodinger/schrodinger2017-4-advanced/jaguar results -esolv SM17_micro009_conf_2.sol_h.out

Executing subprocess:
/data/chodera/schrodinger/schrodinger2017-4-advanced/jaguar results -energy SM17_micro009_conf_3.nrg_h.out

Executing subprocess:
/data/chodera/schrodinger/schrodinger2017-4-advanced/jaguar results -esolv SM17_micro009_conf_3.sol_h.out

Executing subprocess:
/data/chodera/schrodinger/schrodinger2017-4-advanced/jaguar results -energy SM17_micro009_conf_4.nrg_h.out

Executing subprocess:
/data/chodera/schrodinger/schrodinger2017-4-advanced/jaguar results -esolv SM17_micro009_conf_4.sol_h.out

Executing subprocess:
/data/chodera/schrodinger/schrodinger2017-4-advanced/jaguar results -energy SM17_micro009_conf_5.nrg_h.out

Executing subprocess:
/data/chodera/schrodinger/schrodinger2017-4-advanced/jaguar results -esolv SM17_micro009_conf_5.sol_h.out

Executing subprocess:
/data/chodera/schrodinger/schrodinger2017-4-advanced/jaguar results -energy SM17_micro005_conf_1.nrg.out

Executing subprocess:
/data/chodera/schrodinger/schrodinger2017-4-advanced/jaguar results -esolv SM17_micro005_conf_1.sol.out

Executing subprocess:
/data/chodera/schrodinger/schrodinger2017-4-advanced/jaguar results -energy SM17_micro005_conf_2.nrg.out

Executing subprocess:
/data/chodera/schrodinger/schrodinger2017-4-advanced/jaguar results -esolv SM17_micro005_conf_2.sol.out

Executing subprocess:
/data/chodera/schrodinger/schrodinger2017-4-advanced/jaguar results -energy SM17_micro005_conf_3.nrg.out

Executing subprocess:
/data/chodera/schrodinger/schrodinger2017-4-advanced/jaguar results -esolv SM17_micro005_conf_3.sol.out

Executing subprocess:
/data/chodera/schrodinger/schrodinger2017-4-advanced/jaguar results -energy SM17_micro005_conf_4.nrg.out

Executing subprocess:
/data/chodera/schrodinger/schrodinger2017-4-advanced/jaguar results -esolv SM17_micro005_conf_4.sol.out

Executing subprocess:
/data/chodera/schrodinger/schrodinger2017-4-advanced/jaguar results -energy SM17_micro005_conf_5.nrg.out

Executing subprocess:
/data/chodera/schrodinger/schrodinger2017-4-advanced/jaguar results -esolv SM17_micro005_conf_5.sol.out

Executing subprocess:
/data/chodera/schrodinger/schrodinger2017-4-advanced/jaguar-v9.8/bin/Linux-x86_64/pka -o SM17_micro009_deprot-out.mae -j SM17_micro009.jres -n -d

Executing subprocess:
/data/chodera/schrodinger/schrodinger2017-4-advanced/jaguar-v9.8/bin/Linux-x86_64/pka -o SM17_micro009_prot-out.mae -j SM17_micro009.jres -n

pKa calculation for SM17_micro009 completed.

pKa workflow jag_SM17_micro009_SM17_micro005 completed.

Timer (Jaguar pKa) : 12878.79 secs (3 hrs, 34 mins, 38 secs)
Timer (jaguar_backend.py) : 12878.79 secs (3 hrs, 34 mins, 38 secs)
Finished:   Fri May  4 18:17:24 2018
