Taking protonated structures from:
SM10_micro037_conf_1.dft_h.01.mae
SM10_micro037_conf_2.dft_h.01.mae
SM10_micro037_conf_3.dft_h.01.mae
SM10_micro037_conf_4.dft_h.01.mae
SM10_micro037_conf_5.dft_h.01.mae
Taking deprotonated structures from:
SM10_micro021_conf_1.dft.01.mae
SM10_micro021_conf_2.dft.01.mae
SM10_micro021_conf_3.dft.01.mae
SM10_micro021_conf_4.dft.01.mae
SM10_micro021_conf_5.dft.01.mae

Corrected results for 'protonated' structure in water:
pKa atom: 29

 # 	                 Shell                  	 pKa 	RMSD	 Contribution
---	----------------------------------------	-----	-----	--------------
1: 	Protonation of generic atom             	17.36	2.264	    99.66%
2: 	aliphatic CH acid in water              	15.71	2.584	     0.18%
3: 	Protonation of sp2-like aliphatic carbon	15.83	2.605	     0.16%

 Final weighted pKa value is 17.36



