Command:    jaguar run pka.py -jobname jag_SM18_micro037_SM18_micro009 -PARALLEL 10 -n -csrch -prot SM18_micro037.in -deprot SM18_micro009.in
Release:    2017-4
Exec:       /data/chodera/schrodinger/schrodinger2017-4-advanced/jaguar-v9.8/bin/Linux-x86_64
Host:       lt11
JobId:      lilac-0-5aecae6a
JobDir:     /lila/data/chodera/schrodinger/tmpdir/rustenburg/jag_SM18_micro037_SM18_micro009
Date:       Fri May  4 15:13:12 2018

Contents of /lila/data/chodera/schrodinger/tmpdir/rustenburg/jag_SM18_micro037_SM18_micro009:
/lila/data/chodera/schrodinger/tmpdir/rustenburg/jag_SM18_micro037_SM18_micro009/SM18_micro037.mae
/lila/data/chodera/schrodinger/tmpdir/rustenburg/jag_SM18_micro037_SM18_micro009/jag_SM18_micro037_SM18_micro009.recover
/lila/data/chodera/schrodinger/tmpdir/rustenburg/jag_SM18_micro037_SM18_micro009/SM18_micro037.in
/lila/data/chodera/schrodinger/tmpdir/rustenburg/jag_SM18_micro037_SM18_micro009/SM18_micro009.mae
/lila/data/chodera/schrodinger/tmpdir/rustenburg/jag_SM18_micro037_SM18_micro009/lilac-0-5aecae6a.nodes
/lila/data/chodera/schrodinger/tmpdir/rustenburg/jag_SM18_micro037_SM18_micro009/jag_SM18_micro037_SM18_micro009.log
/lila/data/chodera/schrodinger/tmpdir/rustenburg/jag_SM18_micro037_SM18_micro009/lilac-0-5aecae6a.jlog
/lila/data/chodera/schrodinger/tmpdir/rustenburg/jag_SM18_micro037_SM18_micro009/lilac-0-5aecae6a.recover
/lila/data/chodera/schrodinger/tmpdir/rustenburg/jag_SM18_micro037_SM18_micro009/lilac-0-5aecae6a.mpinodes
/lila/data/chodera/schrodinger/tmpdir/rustenburg/jag_SM18_micro037_SM18_micro009/SM18_micro009.in
/lila/data/chodera/schrodinger/tmpdir/rustenburg/jag_SM18_micro037_SM18_micro009/lilac-0-5aecae6a
/lila/data/chodera/schrodinger/tmpdir/rustenburg/jag_SM18_micro037_SM18_micro009/lilac-0-5aecae6a.hosts

=====================
 Jaguar pKa workflow
=====================

Analysing user-provided (prot, deprot) pair:
(SM18_micro037.in, SM18_micro009.in)
Found labile hydrogen 32 in SM18_micro037.in
Found labile hydrogen at atom 16 in SM18_micro009.in
Adding 'ipkat' keyword to input files.

Identifying pKa functional group for pair:
(SM18_micro037, SM18_micro009)

Executing subprocess:
/data/chodera/schrodinger/schrodinger2017-4-advanced/jaguar-v9.8/bin/Linux-x86_64/pka -i -j SM18_micro037.tmp.jres -n

Taking protonated structures from:
SM18_micro037.mae
Taking deprotonated structures from:
SM18_micro009.mae

This molecule from 'SM18_micro037.mae' in water was recognized as:

 # 	                  Shell                   
---	------------------------------------------
1: 	Protonation of sp2-like aliphatic nitrogen
2: 	Protonation of generic atom               


Executing conformational search...

Executing 2 distributed subjobs:
---------------------------------

No more than 8 cpu(s) will be used per subjob.
No more than 10 cpu(s) will be used simultaneously.

Processing the following subjobs:
(1) jaguar run csrch.py SM18_micro037.mae -jobname SM18_micro037 -max_conf 5 -erg_window 50.208 -acc_level 1 -TPP 5
(2) jaguar run csrch.py SM18_micro009.mae -jobname SM18_micro009 -max_conf 5 -erg_window 50.208 -acc_level 1 -TPP 5

Running subjobs on hosts:
  lsf-cpu (Max: 2)
Number of jobs:       2
Max retries per job:  3
Max allowed failures: unlimited
Run with -LOCAL:      False
Verbosity:            normal

Starting JobDJ...

Keep one job on driver host: False
JobDJ columns:
  C: Number of completed subjobs
  A: Number of active subjobs (e.g., submitted, running)
  W: Number of waiting/pending subjobs

C A W | Activity  JobId  JobName  JobHost
- - - | --------- -----------------------
0 1 1 | launched  lt11-0-5aecb0cd SM18_micro037 lsf-cpu
0 2 0 | launched  lt11-0-5aecb0d0 SM18_micro009 lsf-cpu
1 1 0 | finished  lt11-0-5aecb0cd SM18_micro037 lsf-cpu [ls07]
2 0 0 | finished  lt11-0-5aecb0d0 SM18_micro009 lsf-cpu [lt09]

All jobs have completed.

2 of 2 job(s) succeeded; 0 job(s) failed.

Timer (distribute subjobs) : 3005.35 secs (0 hrs, 50 mins, 05 secs)

Setting up QM workflow for (protonated, deprotonated) pair:
(1) (SM18_micro037, SM18_micro009)

Executing Jaguar quantum-mechanical subjobs...

Executing 10 distributed subjobs:
----------------------------------

No more than 8 cpu(s) will be used per subjob.
No more than 10 cpu(s) will be used simultaneously.

Processing the following subjobs:
(1) jaguar run pka_prot.bat -jobname SM18_micro037_conf_1 SM18_micro037_conf_1.in
(2) jaguar run pka_prot.bat -jobname SM18_micro037_conf_2 SM18_micro037_conf_2.in
(3) jaguar run pka_prot.bat -jobname SM18_micro037_conf_3 SM18_micro037_conf_3.in
(4) jaguar run pka_prot.bat -jobname SM18_micro037_conf_4 SM18_micro037_conf_4.in
(5) jaguar run pka_prot.bat -jobname SM18_micro037_conf_5 SM18_micro037_conf_5.in
(6) jaguar run pka_deprot.bat -jobname SM18_micro009_conf_1 SM18_micro009_conf_1.in
(7) jaguar run pka_deprot.bat -jobname SM18_micro009_conf_2 SM18_micro009_conf_2.in
(8) jaguar run pka_deprot.bat -jobname SM18_micro009_conf_3 SM18_micro009_conf_3.in
(9) jaguar run pka_deprot.bat -jobname SM18_micro009_conf_4 SM18_micro009_conf_4.in
(10) jaguar run pka_deprot.bat -jobname SM18_micro009_conf_5 SM18_micro009_conf_5.in

Running subjobs on hosts:
  lsf-cpu (Max: 10)
Number of jobs:       10
Max retries per job:  3
Max allowed failures: unlimited
Run with -LOCAL:      False
Verbosity:            normal

Starting JobDJ...

Keep one job on driver host: True
JobDJ columns:
  C: Number of completed subjobs
  A: Number of active subjobs (e.g., submitted, running)
  W: Number of waiting/pending subjobs

 C  A  W | Activity  JobId  JobName  JobHost
-- -- -- | --------- -----------------------
 0  1  9 | launched  lt11-0-5aecbc8e SM18_micro037_conf_1 localhost [lt11]
 0  2  8 | launched  lt11-0-5aecbc92 SM18_micro037_conf_2 lsf-cpu
 0  3  7 | launched  lt11-0-5aecbc95 SM18_micro037_conf_3 lsf-cpu
 0  4  6 | launched  lt11-0-5aecbc98 SM18_micro037_conf_4 lsf-cpu
 0  5  5 | launched  lt11-0-5aecbc9b SM18_micro037_conf_5 lsf-cpu
 0  6  4 | launched  lt11-0-5aecbc9e SM18_micro009_conf_1 lsf-cpu
 0  7  3 | launched  lt11-0-5aecbca2 SM18_micro009_conf_2 lsf-cpu
 0  8  2 | launched  lt11-0-5aecbca5 SM18_micro009_conf_3 lsf-cpu
 0  9  1 | launched  lt11-0-5aecbca8 SM18_micro009_conf_4 lsf-cpu
 0 10  0 | launched  lt11-0-5aecbcac SM18_micro009_conf_5 lsf-cpu
 1  9  0 | finished  lt11-0-5aecbca8 SM18_micro009_conf_4 lsf-cpu [lt09]
 2  8  0 | finished  lt11-0-5aecbc95 SM18_micro037_conf_3 lsf-cpu [lt20]
 3  7  0 | finished  lt11-0-5aecbc92 SM18_micro037_conf_2 lsf-cpu [lt02]
 4  6  0 | finished  lt11-0-5aecbc9b SM18_micro037_conf_5 lsf-cpu [lt20]
 5  5  0 | finished  lt11-0-5aecbc8e SM18_micro037_conf_1 localhost [lt11]
 6  4  0 | finished  lt11-0-5aecbc9e SM18_micro009_conf_1 lsf-cpu [lt20]
 7  3  0 | finished  lt11-0-5aecbca2 SM18_micro009_conf_2 lsf-cpu [lt20]
 8  2  0 | finished  lt11-0-5aecbc98 SM18_micro037_conf_4 lsf-cpu [lt20]
 9  1  0 | finished  lt11-0-5aecbcac SM18_micro009_conf_5 lsf-cpu [lt21]
10  0  0 | finished  lt11-0-5aecbca5 SM18_micro009_conf_3 lsf-cpu [lt20]

All jobs have completed.

10 of 10 job(s) succeeded; 0 job(s) failed.

Timer (distribute subjobs) : 19019.36 secs (5 hrs, 16 mins, 59 secs)

Processing QM output files...

Executing subprocess:
/data/chodera/schrodinger/schrodinger2017-4-advanced/jaguar results -energy SM18_micro037_conf_1.nrg_h.out

Executing subprocess:
/data/chodera/schrodinger/schrodinger2017-4-advanced/jaguar results -esolv SM18_micro037_conf_1.sol_h.out

Executing subprocess:
/data/chodera/schrodinger/schrodinger2017-4-advanced/jaguar results -energy SM18_micro037_conf_2.nrg_h.out

Executing subprocess:
/data/chodera/schrodinger/schrodinger2017-4-advanced/jaguar results -esolv SM18_micro037_conf_2.sol_h.out

Executing subprocess:
/data/chodera/schrodinger/schrodinger2017-4-advanced/jaguar results -energy SM18_micro037_conf_3.nrg_h.out

Executing subprocess:
/data/chodera/schrodinger/schrodinger2017-4-advanced/jaguar results -esolv SM18_micro037_conf_3.sol_h.out

Executing subprocess:
/data/chodera/schrodinger/schrodinger2017-4-advanced/jaguar results -energy SM18_micro037_conf_4.nrg_h.out

Executing subprocess:
/data/chodera/schrodinger/schrodinger2017-4-advanced/jaguar results -esolv SM18_micro037_conf_4.sol_h.out

Executing subprocess:
/data/chodera/schrodinger/schrodinger2017-4-advanced/jaguar results -energy SM18_micro037_conf_5.nrg_h.out

Executing subprocess:
/data/chodera/schrodinger/schrodinger2017-4-advanced/jaguar results -esolv SM18_micro037_conf_5.sol_h.out

Executing subprocess:
/data/chodera/schrodinger/schrodinger2017-4-advanced/jaguar results -energy SM18_micro009_conf_1.nrg.out

Executing subprocess:
/data/chodera/schrodinger/schrodinger2017-4-advanced/jaguar results -esolv SM18_micro009_conf_1.sol.out

Executing subprocess:
/data/chodera/schrodinger/schrodinger2017-4-advanced/jaguar results -energy SM18_micro009_conf_2.nrg.out

Executing subprocess:
/data/chodera/schrodinger/schrodinger2017-4-advanced/jaguar results -esolv SM18_micro009_conf_2.sol.out

Executing subprocess:
/data/chodera/schrodinger/schrodinger2017-4-advanced/jaguar results -energy SM18_micro009_conf_3.nrg.out

Executing subprocess:
/data/chodera/schrodinger/schrodinger2017-4-advanced/jaguar results -esolv SM18_micro009_conf_3.sol.out

Executing subprocess:
/data/chodera/schrodinger/schrodinger2017-4-advanced/jaguar results -energy SM18_micro009_conf_4.nrg.out

Executing subprocess:
/data/chodera/schrodinger/schrodinger2017-4-advanced/jaguar results -esolv SM18_micro009_conf_4.sol.out

Executing subprocess:
/data/chodera/schrodinger/schrodinger2017-4-advanced/jaguar results -energy SM18_micro009_conf_5.nrg.out

Executing subprocess:
/data/chodera/schrodinger/schrodinger2017-4-advanced/jaguar results -esolv SM18_micro009_conf_5.sol.out

Executing subprocess:
/data/chodera/schrodinger/schrodinger2017-4-advanced/jaguar-v9.8/bin/Linux-x86_64/pka -o SM18_micro037_deprot-out.mae -j SM18_micro037.jres -n -d

Executing subprocess:
/data/chodera/schrodinger/schrodinger2017-4-advanced/jaguar-v9.8/bin/Linux-x86_64/pka -o SM18_micro037_prot-out.mae -j SM18_micro037.jres -n

pKa calculation for SM18_micro037 completed.

pKa workflow jag_SM18_micro037_SM18_micro009 completed.

Timer (Jaguar pKa) : 22098.09 secs (6 hrs, 08 mins, 18 secs)
Timer (jaguar_backend.py) : 22098.09 secs (6 hrs, 08 mins, 18 secs)
Finished:   Fri May  4 21:21:30 2018
