Taking protonated structures from:
SM06_micro012_conf_1.dft_h.01.mae
SM06_micro012_conf_2.dft_h.01.mae
SM06_micro012_conf_3.dft_h.01.mae
SM06_micro012_conf_4.dft_h.01.mae
SM06_micro012_conf_5.dft_h.01.mae
Taking deprotonated structures from:
SM06_micro006_conf_1.dft.01.mae
SM06_micro006_conf_2.dft.01.mae
SM06_micro006_conf_3.dft.01.mae
SM06_micro006_conf_4.dft.01.mae
SM06_micro006_conf_5.dft.01.mae

Corrected results for 'protonated' structure in water:
pKa atom: 21

 # 	           Shell           	 pKa 	RMSD	 Contribution
---	---------------------------	-----	-----	--------------
1: 	quinoline                  	-2.87	0.374	    58.77%
2: 	pyridine                   	-6.82	0.493	    24.81%
3: 	heterocycle custom 1       	-8.74	0.617	    11.82%
4: 	heterocycle                	-8.01	0.837	     4.36%
5: 	Protonation of generic atom	-4.88	2.264	     0.24%

 Final weighted pKa value is -4.78



