Command:    jaguar run pka.py -jobname jag_SM23_micro041_SM23_micro021 -PARALLEL 10 -WAIT -n -csrch -prot SM23_micro041.in -deprot SM23_micro021.in
Release:    2017-4
Exec:       /data/chodera/schrodinger/schrodinger2017-4-advanced/jaguar-v9.8/bin/Linux-x86_64
Host:       lt22
JobId:      lt22-2-5af45f8c
JobDir:     /lila/data/chodera/schrodinger/tmpdir/rustenburg/jag_SM23_micro041_SM23_micro021.1
Date:       Thu May 10 11:04:47 2018

Contents of /lila/data/chodera/schrodinger/tmpdir/rustenburg/jag_SM23_micro041_SM23_micro021.1:
/lila/data/chodera/schrodinger/tmpdir/rustenburg/jag_SM23_micro041_SM23_micro021.1/SM23_micro021.mae
/lila/data/chodera/schrodinger/tmpdir/rustenburg/jag_SM23_micro041_SM23_micro021.1/jag_SM23_micro041_SM23_micro021.log
/lila/data/chodera/schrodinger/tmpdir/rustenburg/jag_SM23_micro041_SM23_micro021.1/SM23_micro041.mae
/lila/data/chodera/schrodinger/tmpdir/rustenburg/jag_SM23_micro041_SM23_micro021.1/lt22-2-5af45f8c.recover
/lila/data/chodera/schrodinger/tmpdir/rustenburg/jag_SM23_micro041_SM23_micro021.1/lt22-2-5af45f8c
/lila/data/chodera/schrodinger/tmpdir/rustenburg/jag_SM23_micro041_SM23_micro021.1/jag_SM23_micro041_SM23_micro021.recover
/lila/data/chodera/schrodinger/tmpdir/rustenburg/jag_SM23_micro041_SM23_micro021.1/SM23_micro041.in
/lila/data/chodera/schrodinger/tmpdir/rustenburg/jag_SM23_micro041_SM23_micro021.1/SM23_micro021.in
/lila/data/chodera/schrodinger/tmpdir/rustenburg/jag_SM23_micro041_SM23_micro021.1/lt22-2-5af45f8c.mpinodes

=====================
 Jaguar pKa workflow
=====================

Analysing user-provided (prot, deprot) pair:
(SM23_micro041.in, SM23_micro021.in)
Found labile hydrogen 34 in SM23_micro041.in
Found labile hydrogen at atom 19 in SM23_micro021.in
Adding 'ipkat' keyword to input files.

Identifying pKa functional group for pair:
(SM23_micro041, SM23_micro021)

Executing subprocess:
/data/chodera/schrodinger/schrodinger2017-4-advanced/jaguar-v9.8/bin/Linux-x86_64/pka -i -j SM23_micro041.tmp.jres -n

Taking protonated structures from:
SM23_micro041.mae
Taking deprotonated structures from:
SM23_micro021.mae

This molecule from 'SM23_micro041.mae' in water was recognized as:

 # 	           Shell           
---	---------------------------
1: 	pyrimidine                 
2: 	heterocycle custom 1       
3: 	heterocycle                
4: 	Protonation of generic atom


Executing conformational search...

Executing 2 distributed subjobs:
---------------------------------

No more than 8 cpu(s) will be used per subjob.
No more than 10 cpu(s) will be used simultaneously.

Processing the following subjobs:
(1) jaguar run csrch.py SM23_micro041.mae -jobname SM23_micro041 -max_conf 5 -erg_window 50.208 -acc_level 1 -TPP 5
(2) jaguar run csrch.py SM23_micro021.mae -jobname SM23_micro021 -max_conf 5 -erg_window 50.208 -acc_level 1 -TPP 5

Running subjobs on hosts:
  localhost (Max: 2)
Number of jobs:       2
Max retries per job:  3
Max allowed failures: unlimited
Run with -LOCAL:      False
Verbosity:            normal

Starting JobDJ...

Keep one job on driver host: False
JobDJ columns:
  C: Number of completed subjobs
  A: Number of active subjobs (e.g., submitted, running)
  W: Number of waiting/pending subjobs

C A W | Activity  JobId  JobName  JobHost
- - - | --------- -----------------------
0 1 1 | launched  lt22-1-5af45f9a SM23_micro041 localhost [lt22]
0 2 0 | launched  lt22-0-5af45f9d SM23_micro021 localhost [lt22]
1 1 0 | finished  lt22-1-5af45f9a SM23_micro041 localhost [lt22]
2 0 0 | finished  lt22-0-5af45f9d SM23_micro021 localhost [lt22]

All jobs have completed.

2 of 2 job(s) succeeded; 0 job(s) failed.

Timer (distribute subjobs) : 4099.63 secs (1 hrs, 08 mins, 19 secs)

Setting up QM workflow for (protonated, deprotonated) pair:
(1) (SM23_micro041, SM23_micro021)

Executing Jaguar quantum-mechanical subjobs...

Executing 10 distributed subjobs:
----------------------------------

No more than 8 cpu(s) will be used per subjob.
No more than 10 cpu(s) will be used simultaneously.

Processing the following subjobs:
(1) jaguar run pka_prot.bat -jobname SM23_micro041_conf_1 SM23_micro041_conf_1.in
(2) jaguar run pka_prot.bat -jobname SM23_micro041_conf_2 SM23_micro041_conf_2.in
(3) jaguar run pka_prot.bat -jobname SM23_micro041_conf_3 SM23_micro041_conf_3.in
(4) jaguar run pka_prot.bat -jobname SM23_micro041_conf_4 SM23_micro041_conf_4.in
(5) jaguar run pka_prot.bat -jobname SM23_micro041_conf_5 SM23_micro041_conf_5.in
(6) jaguar run pka_deprot.bat -jobname SM23_micro021_conf_1 SM23_micro021_conf_1.in
(7) jaguar run pka_deprot.bat -jobname SM23_micro021_conf_2 SM23_micro021_conf_2.in
(8) jaguar run pka_deprot.bat -jobname SM23_micro021_conf_3 SM23_micro021_conf_3.in
(9) jaguar run pka_deprot.bat -jobname SM23_micro021_conf_4 SM23_micro021_conf_4.in
(10) jaguar run pka_deprot.bat -jobname SM23_micro021_conf_5 SM23_micro021_conf_5.in

Running subjobs on hosts:
  localhost (Max: 10)
Number of jobs:       10
Max retries per job:  3
Max allowed failures: unlimited
Run with -LOCAL:      False
Verbosity:            normal

Starting JobDJ...

Keep one job on driver host: False
JobDJ columns:
  C: Number of completed subjobs
  A: Number of active subjobs (e.g., submitted, running)
  W: Number of waiting/pending subjobs

 C  A  W | Activity  JobId  JobName  JobHost
-- -- -- | --------- -----------------------
 0  1  9 | launched  lt22-0-5af46fd4 SM23_micro041_conf_1 localhost [lt22]
 0  2  8 | launched  lt22-0-5af46fe6 SM23_micro041_conf_2 localhost [lt22]
 0  3  7 | launched  lt22-1-5af46ff7 SM23_micro041_conf_3 localhost [lt22]
 0  4  6 | launched  lt22-1-5af47009 SM23_micro041_conf_4 localhost [lt22]
 0  5  5 | launched  lt22-0-5af4701f SM23_micro041_conf_5 localhost [lt22]
 0  6  4 | launched  lt22-1-5af47030 SM23_micro021_conf_1 localhost [lt22]
 0  7  3 | launched  lt22-0-5af4703c SM23_micro021_conf_2 localhost [lt22]
 0  8  2 | launched  lt22-1-5af47052 SM23_micro021_conf_3 localhost [lt22]
 0  9  1 | launched  lt22-0-5af47071 SM23_micro021_conf_4 localhost [lt22]
 0 10  0 | launched  lt22-0-5af470b3 SM23_micro021_conf_5 localhost [lt22]
 1  9  0 | finished  lt22-0-5af4701f SM23_micro041_conf_5 localhost [lt22]
 2  8  0 | finished  lt22-0-5af46fd4 SM23_micro041_conf_1 localhost [lt22]
 3  7  0 | finished  lt22-1-5af46ff7 SM23_micro041_conf_3 localhost [lt22]
 4  6  0 | finished  lt22-1-5af47009 SM23_micro041_conf_4 localhost [lt22]
 5  5  0 | finished  lt22-0-5af46fe6 SM23_micro041_conf_2 localhost [lt22]
 6  4  0 | finished  lt22-0-5af47071 SM23_micro021_conf_4 localhost [lt22]
 7  3  0 | finished  lt22-1-5af47030 SM23_micro021_conf_1 localhost [lt22]
 8  2  0 | finished  lt22-1-5af47052 SM23_micro021_conf_3 localhost [lt22]
 9  1  0 | finished  lt22-0-5af470b3 SM23_micro021_conf_5 localhost [lt22]
10  0  0 | finished  lt22-0-5af4703c SM23_micro021_conf_2 localhost [lt22]

All jobs have completed.

10 of 10 job(s) succeeded; 0 job(s) failed.

Timer (distribute subjobs) : 33948.77 secs (9 hrs, 25 mins, 48 secs)

Processing QM output files...

Executing subprocess:
/data/chodera/schrodinger/schrodinger2017-4-advanced/jaguar results -energy SM23_micro041_conf_1.nrg_h.out

Executing subprocess:
/data/chodera/schrodinger/schrodinger2017-4-advanced/jaguar results -esolv SM23_micro041_conf_1.sol_h.out

Executing subprocess:
/data/chodera/schrodinger/schrodinger2017-4-advanced/jaguar results -energy SM23_micro041_conf_2.nrg_h.out

Executing subprocess:
/data/chodera/schrodinger/schrodinger2017-4-advanced/jaguar results -esolv SM23_micro041_conf_2.sol_h.out

Executing subprocess:
/data/chodera/schrodinger/schrodinger2017-4-advanced/jaguar results -energy SM23_micro041_conf_3.nrg_h.out

Executing subprocess:
/data/chodera/schrodinger/schrodinger2017-4-advanced/jaguar results -esolv SM23_micro041_conf_3.sol_h.out

Executing subprocess:
/data/chodera/schrodinger/schrodinger2017-4-advanced/jaguar results -energy SM23_micro041_conf_4.nrg_h.out

Executing subprocess:
/data/chodera/schrodinger/schrodinger2017-4-advanced/jaguar results -esolv SM23_micro041_conf_4.sol_h.out

Executing subprocess:
/data/chodera/schrodinger/schrodinger2017-4-advanced/jaguar results -energy SM23_micro041_conf_5.nrg_h.out

Executing subprocess:
/data/chodera/schrodinger/schrodinger2017-4-advanced/jaguar results -esolv SM23_micro041_conf_5.sol_h.out

Executing subprocess:
/data/chodera/schrodinger/schrodinger2017-4-advanced/jaguar results -energy SM23_micro021_conf_1.nrg.out

Executing subprocess:
/data/chodera/schrodinger/schrodinger2017-4-advanced/jaguar results -esolv SM23_micro021_conf_1.sol.out

Executing subprocess:
/data/chodera/schrodinger/schrodinger2017-4-advanced/jaguar results -energy SM23_micro021_conf_2.nrg.out

Executing subprocess:
/data/chodera/schrodinger/schrodinger2017-4-advanced/jaguar results -esolv SM23_micro021_conf_2.sol.out

Executing subprocess:
/data/chodera/schrodinger/schrodinger2017-4-advanced/jaguar results -energy SM23_micro021_conf_3.nrg.out

Executing subprocess:
/data/chodera/schrodinger/schrodinger2017-4-advanced/jaguar results -esolv SM23_micro021_conf_3.sol.out

Executing subprocess:
/data/chodera/schrodinger/schrodinger2017-4-advanced/jaguar results -energy SM23_micro021_conf_4.nrg.out

Executing subprocess:
/data/chodera/schrodinger/schrodinger2017-4-advanced/jaguar results -esolv SM23_micro021_conf_4.sol.out

Executing subprocess:
/data/chodera/schrodinger/schrodinger2017-4-advanced/jaguar results -energy SM23_micro021_conf_5.nrg.out

Executing subprocess:
/data/chodera/schrodinger/schrodinger2017-4-advanced/jaguar results -esolv SM23_micro021_conf_5.sol.out

Executing subprocess:
/data/chodera/schrodinger/schrodinger2017-4-advanced/jaguar-v9.8/bin/Linux-x86_64/pka -o SM23_micro041_deprot-out.mae -j SM23_micro041.jres -n -d

Executing subprocess:
/data/chodera/schrodinger/schrodinger2017-4-advanced/jaguar-v9.8/bin/Linux-x86_64/pka -o SM23_micro041_prot-out.mae -j SM23_micro041.jres -n

pKa calculation for SM23_micro041 completed.

pKa workflow jag_SM23_micro041_SM23_micro021 completed.

Timer (Jaguar pKa) : 38134.84 secs (10 hrs, 35 mins, 34 secs)
Timer (jaguar_backend.py) : 38134.84 secs (10 hrs, 35 mins, 34 secs)
Finished:   Thu May 10 21:40:22 2018
