Taking protonated structures from:
SM21_micro028_conf_1.dft_h.01.mae
SM21_micro028_conf_2.dft_h.01.mae
SM21_micro028_conf_3.dft_h.01.mae
SM21_micro028_conf_4.dft_h.01.mae
SM21_micro028_conf_5.dft_h.01.mae
Taking deprotonated structures from:
SM21_micro024_conf_1.dft.01.mae
SM21_micro024_conf_2.dft.01.mae
SM21_micro024_conf_3.dft.01.mae
SM21_micro024_conf_4.dft.01.mae
SM21_micro024_conf_5.dft.01.mae

Corrected results for 'protonated' structure in water:
pKa atom: 24

 # 	                  Shell                   	 pKa 	RMSD	 Contribution
---	------------------------------------------	-----	-----	--------------
1: 	secondary aniline                         	-14.10	0.275	    95.57%
2: 	Protonation of sp3-like aliphatic nitrogen	-12.31	1.715	     4.15%
3: 	Protonation of generic atom               	-11.88	2.264	     0.28%

 Final weighted pKa value is -14.02



