Command:    jaguar run pka.py -jobname jag_SM06_micro012_SM06_micro006 -PARALLEL 10 -n -csrch -prot SM06_micro012.in -deprot SM06_micro006.in
Release:    2017-4
Exec:       /data/chodera/schrodinger/schrodinger2017-4-advanced/jaguar-v9.8/bin/Linux-x86_64
Host:       ls18
JobId:      lilac-0-5aec738e
JobDir:     /lila/data/chodera/schrodinger/tmpdir/rustenburg/jag_SM06_micro012_SM06_micro006
Date:       Fri May  4 10:53:14 2018

Contents of /lila/data/chodera/schrodinger/tmpdir/rustenburg/jag_SM06_micro012_SM06_micro006:
/lila/data/chodera/schrodinger/tmpdir/rustenburg/jag_SM06_micro012_SM06_micro006/SM06_micro006.in
/lila/data/chodera/schrodinger/tmpdir/rustenburg/jag_SM06_micro012_SM06_micro006/SM06_micro012.mae
/lila/data/chodera/schrodinger/tmpdir/rustenburg/jag_SM06_micro012_SM06_micro006/lilac-0-5aec738e.jlog
/lila/data/chodera/schrodinger/tmpdir/rustenburg/jag_SM06_micro012_SM06_micro006/lilac-0-5aec738e
/lila/data/chodera/schrodinger/tmpdir/rustenburg/jag_SM06_micro012_SM06_micro006/lilac-0-5aec738e.mpinodes
/lila/data/chodera/schrodinger/tmpdir/rustenburg/jag_SM06_micro012_SM06_micro006/lilac-0-5aec738e.nodes
/lila/data/chodera/schrodinger/tmpdir/rustenburg/jag_SM06_micro012_SM06_micro006/SM06_micro012.in
/lila/data/chodera/schrodinger/tmpdir/rustenburg/jag_SM06_micro012_SM06_micro006/SM06_micro006.mae
/lila/data/chodera/schrodinger/tmpdir/rustenburg/jag_SM06_micro012_SM06_micro006/jag_SM06_micro012_SM06_micro006.log
/lila/data/chodera/schrodinger/tmpdir/rustenburg/jag_SM06_micro012_SM06_micro006/jag_SM06_micro012_SM06_micro006.recover
/lila/data/chodera/schrodinger/tmpdir/rustenburg/jag_SM06_micro012_SM06_micro006/lilac-0-5aec738e.recover
/lila/data/chodera/schrodinger/tmpdir/rustenburg/jag_SM06_micro012_SM06_micro006/lilac-0-5aec738e.hosts

=====================
 Jaguar pKa workflow
=====================

Analysing user-provided (prot, deprot) pair:
(SM06_micro012.in, SM06_micro006.in)
Found labile hydrogen 21 in SM06_micro012.in
Found labile hydrogen at atom 4 in SM06_micro006.in
Adding 'ipkat' keyword to input files.

Identifying pKa functional group for pair:
(SM06_micro012, SM06_micro006)

Executing subprocess:
/data/chodera/schrodinger/schrodinger2017-4-advanced/jaguar-v9.8/bin/Linux-x86_64/pka -i -j SM06_micro012.tmp.jres -n

Taking protonated structures from:
SM06_micro012.mae
Taking deprotonated structures from:
SM06_micro006.mae

This molecule from 'SM06_micro012.mae' in water was recognized as:

 # 	           Shell           
---	---------------------------
1: 	quinoline                  
2: 	pyridine                   
3: 	heterocycle custom 1       
4: 	heterocycle                
5: 	Protonation of generic atom


Executing conformational search...

Executing 2 distributed subjobs:
---------------------------------

No more than 8 cpu(s) will be used per subjob.
No more than 10 cpu(s) will be used simultaneously.

Processing the following subjobs:
(1) jaguar run csrch.py SM06_micro012.mae -jobname SM06_micro012 -max_conf 5 -erg_window 50.208 -acc_level 1 -TPP 5
(2) jaguar run csrch.py SM06_micro006.mae -jobname SM06_micro006 -max_conf 5 -erg_window 50.208 -acc_level 1 -TPP 5

Running subjobs on hosts:
  lsf-cpu (Max: 2)
Number of jobs:       2
Max retries per job:  3
Max allowed failures: unlimited
Run with -LOCAL:      False
Verbosity:            normal

Starting JobDJ...

Keep one job on driver host: False
JobDJ columns:
  C: Number of completed subjobs
  A: Number of active subjobs (e.g., submitted, running)
  W: Number of waiting/pending subjobs

C A W | Activity  JobId  JobName  JobHost
- - - | --------- -----------------------
0 1 1 | launched  ls18-0-5aec73e0 SM06_micro012 lsf-cpu
0 2 0 | launched  ls18-0-5aec73e3 SM06_micro006 lsf-cpu
1 1 0 | finished  ls18-0-5aec73e0 SM06_micro012 lsf-cpu
2 0 0 | finished  ls18-0-5aec73e3 SM06_micro006 lsf-cpu

All jobs have completed.

2 of 2 job(s) succeeded; 0 job(s) failed.

Timer (distribute subjobs) : 519.30 secs (0 hrs, 08 mins, 39 secs)

Setting up QM workflow for (protonated, deprotonated) pair:
(1) (SM06_micro012, SM06_micro006)

Executing Jaguar quantum-mechanical subjobs...

Executing 10 distributed subjobs:
----------------------------------

No more than 8 cpu(s) will be used per subjob.
No more than 10 cpu(s) will be used simultaneously.

Processing the following subjobs:
(1) jaguar run pka_prot.bat -jobname SM06_micro012_conf_1 SM06_micro012_conf_1.in
(2) jaguar run pka_prot.bat -jobname SM06_micro012_conf_2 SM06_micro012_conf_2.in
(3) jaguar run pka_prot.bat -jobname SM06_micro012_conf_3 SM06_micro012_conf_3.in
(4) jaguar run pka_prot.bat -jobname SM06_micro012_conf_4 SM06_micro012_conf_4.in
(5) jaguar run pka_prot.bat -jobname SM06_micro012_conf_5 SM06_micro012_conf_5.in
(6) jaguar run pka_deprot.bat -jobname SM06_micro006_conf_1 SM06_micro006_conf_1.in
(7) jaguar run pka_deprot.bat -jobname SM06_micro006_conf_2 SM06_micro006_conf_2.in
(8) jaguar run pka_deprot.bat -jobname SM06_micro006_conf_3 SM06_micro006_conf_3.in
(9) jaguar run pka_deprot.bat -jobname SM06_micro006_conf_4 SM06_micro006_conf_4.in
(10) jaguar run pka_deprot.bat -jobname SM06_micro006_conf_5 SM06_micro006_conf_5.in

Running subjobs on hosts:
  lsf-cpu (Max: 10)
Number of jobs:       10
Max retries per job:  3
Max allowed failures: unlimited
Run with -LOCAL:      False
Verbosity:            normal

Starting JobDJ...

Keep one job on driver host: True
JobDJ columns:
  C: Number of completed subjobs
  A: Number of active subjobs (e.g., submitted, running)
  W: Number of waiting/pending subjobs

 C  A  W | Activity  JobId  JobName  JobHost
-- -- -- | --------- -----------------------
 0  1  9 | launched  ls18-0-5aec75e9 SM06_micro012_conf_1 localhost [ls18]
 0  2  8 | launched  ls18-0-5aec75ee SM06_micro012_conf_2 lsf-cpu
 0  3  7 | launched  ls18-0-5aec75f4 SM06_micro012_conf_3 lsf-cpu
 0  4  6 | launched  ls18-0-5aec75f9 SM06_micro012_conf_4 lsf-cpu
 0  5  5 | launched  ls18-0-5aec75ff SM06_micro012_conf_5 lsf-cpu
 0  6  4 | launched  ls18-0-5aec7605 SM06_micro006_conf_1 lsf-cpu
 0  7  3 | launched  ls18-0-5aec760c SM06_micro006_conf_2 lsf-cpu
 0  8  2 | launched  ls18-0-5aec7612 SM06_micro006_conf_3 lsf-cpu
 0  9  1 | launched  ls18-0-5aec7618 SM06_micro006_conf_4 lsf-cpu
 0 10  0 | launched  ls18-0-5aec761f SM06_micro006_conf_5 lsf-cpu
 1  9  0 | finished  ls18-0-5aec75e9 SM06_micro012_conf_1 localhost [ls18]
 2  8  0 | finished  ls18-0-5aec75ee SM06_micro012_conf_2 lsf-cpu [ls04]
 3  7  0 | finished  ls18-0-5aec75f9 SM06_micro012_conf_4 lsf-cpu [ls04]
 4  6  0 | finished  ls18-0-5aec75f4 SM06_micro012_conf_3 lsf-cpu [ls04]
 5  5  0 | finished  ls18-0-5aec7612 SM06_micro006_conf_3 lsf-cpu [ls17]
 6  4  0 | finished  ls18-0-5aec75ff SM06_micro012_conf_5 lsf-cpu [ls01]
 7  3  0 | finished  ls18-0-5aec761f SM06_micro006_conf_5 lsf-cpu [ls16]
 8  2  0 | finished  ls18-0-5aec7618 SM06_micro006_conf_4 lsf-cpu [ls17]
 9  1  0 | finished  ls18-0-5aec7605 SM06_micro006_conf_1 lsf-cpu [ls17]
10  0  0 | finished  ls18-0-5aec760c SM06_micro006_conf_2 lsf-cpu [ls17]

All jobs have completed.

10 of 10 job(s) succeeded; 0 job(s) failed.

Timer (distribute subjobs) : 7277.54 secs (2 hrs, 01 mins, 17 secs)

Processing QM output files...

Executing subprocess:
/data/chodera/schrodinger/schrodinger2017-4-advanced/jaguar results -energy SM06_micro012_conf_1.nrg_h.out

Executing subprocess:
/data/chodera/schrodinger/schrodinger2017-4-advanced/jaguar results -esolv SM06_micro012_conf_1.sol_h.out

Executing subprocess:
/data/chodera/schrodinger/schrodinger2017-4-advanced/jaguar results -energy SM06_micro012_conf_2.nrg_h.out

Executing subprocess:
/data/chodera/schrodinger/schrodinger2017-4-advanced/jaguar results -esolv SM06_micro012_conf_2.sol_h.out

Executing subprocess:
/data/chodera/schrodinger/schrodinger2017-4-advanced/jaguar results -energy SM06_micro012_conf_3.nrg_h.out

Executing subprocess:
/data/chodera/schrodinger/schrodinger2017-4-advanced/jaguar results -esolv SM06_micro012_conf_3.sol_h.out

Executing subprocess:
/data/chodera/schrodinger/schrodinger2017-4-advanced/jaguar results -energy SM06_micro012_conf_4.nrg_h.out

Executing subprocess:
/data/chodera/schrodinger/schrodinger2017-4-advanced/jaguar results -esolv SM06_micro012_conf_4.sol_h.out

Executing subprocess:
/data/chodera/schrodinger/schrodinger2017-4-advanced/jaguar results -energy SM06_micro012_conf_5.nrg_h.out

Executing subprocess:
/data/chodera/schrodinger/schrodinger2017-4-advanced/jaguar results -esolv SM06_micro012_conf_5.sol_h.out

Executing subprocess:
/data/chodera/schrodinger/schrodinger2017-4-advanced/jaguar results -energy SM06_micro006_conf_1.nrg.out

Executing subprocess:
/data/chodera/schrodinger/schrodinger2017-4-advanced/jaguar results -esolv SM06_micro006_conf_1.sol.out

Executing subprocess:
/data/chodera/schrodinger/schrodinger2017-4-advanced/jaguar results -energy SM06_micro006_conf_2.nrg.out

Executing subprocess:
/data/chodera/schrodinger/schrodinger2017-4-advanced/jaguar results -esolv SM06_micro006_conf_2.sol.out

Executing subprocess:
/data/chodera/schrodinger/schrodinger2017-4-advanced/jaguar results -energy SM06_micro006_conf_3.nrg.out

Executing subprocess:
/data/chodera/schrodinger/schrodinger2017-4-advanced/jaguar results -esolv SM06_micro006_conf_3.sol.out

Executing subprocess:
/data/chodera/schrodinger/schrodinger2017-4-advanced/jaguar results -energy SM06_micro006_conf_4.nrg.out

Executing subprocess:
/data/chodera/schrodinger/schrodinger2017-4-advanced/jaguar results -esolv SM06_micro006_conf_4.sol.out

Executing subprocess:
/data/chodera/schrodinger/schrodinger2017-4-advanced/jaguar results -energy SM06_micro006_conf_5.nrg.out

Executing subprocess:
/data/chodera/schrodinger/schrodinger2017-4-advanced/jaguar results -esolv SM06_micro006_conf_5.sol.out

Executing subprocess:
/data/chodera/schrodinger/schrodinger2017-4-advanced/jaguar-v9.8/bin/Linux-x86_64/pka -o SM06_micro012_deprot-out.mae -j SM06_micro012.jres -n -d

Executing subprocess:
/data/chodera/schrodinger/schrodinger2017-4-advanced/jaguar-v9.8/bin/Linux-x86_64/pka -o SM06_micro012_prot-out.mae -j SM06_micro012.jres -n

pKa calculation for SM06_micro012 completed.

pKa workflow jag_SM06_micro012_SM06_micro006 completed.

Timer (Jaguar pKa) : 7953.66 secs (2 hrs, 12 mins, 33 secs)
Timer (jaguar_backend.py) : 7953.66 secs (2 hrs, 12 mins, 33 secs)
Finished:   Fri May  4 13:05:47 2018
