Command:    jaguar run pka.py -jobname jag_SM18_micro003_SM18_micro048 -PARALLEL 10 -n -csrch -prot SM18_micro003.in -deprot SM18_micro048.in
Release:    2017-4
Exec:       /data/chodera/schrodinger/schrodinger2017-4-advanced/jaguar-v9.8/bin/Linux-x86_64
Host:       lt21
JobId:      lilac-0-5aecada7
JobDir:     /lila/data/chodera/schrodinger/tmpdir/rustenburg/jag_SM18_micro003_SM18_micro048
Date:       Fri May  4 15:00:07 2018

Contents of /lila/data/chodera/schrodinger/tmpdir/rustenburg/jag_SM18_micro003_SM18_micro048:
/lila/data/chodera/schrodinger/tmpdir/rustenburg/jag_SM18_micro003_SM18_micro048/lilac-0-5aecada7.nodes
/lila/data/chodera/schrodinger/tmpdir/rustenburg/jag_SM18_micro003_SM18_micro048/SM18_micro048.mae
/lila/data/chodera/schrodinger/tmpdir/rustenburg/jag_SM18_micro003_SM18_micro048/lilac-0-5aecada7.jlog
/lila/data/chodera/schrodinger/tmpdir/rustenburg/jag_SM18_micro003_SM18_micro048/lilac-0-5aecada7.hosts
/lila/data/chodera/schrodinger/tmpdir/rustenburg/jag_SM18_micro003_SM18_micro048/lilac-0-5aecada7.recover
/lila/data/chodera/schrodinger/tmpdir/rustenburg/jag_SM18_micro003_SM18_micro048/SM18_micro003.mae
/lila/data/chodera/schrodinger/tmpdir/rustenburg/jag_SM18_micro003_SM18_micro048/jag_SM18_micro003_SM18_micro048.log
/lila/data/chodera/schrodinger/tmpdir/rustenburg/jag_SM18_micro003_SM18_micro048/jag_SM18_micro003_SM18_micro048.recover
/lila/data/chodera/schrodinger/tmpdir/rustenburg/jag_SM18_micro003_SM18_micro048/SM18_micro048.in
/lila/data/chodera/schrodinger/tmpdir/rustenburg/jag_SM18_micro003_SM18_micro048/lilac-0-5aecada7
/lila/data/chodera/schrodinger/tmpdir/rustenburg/jag_SM18_micro003_SM18_micro048/lilac-0-5aecada7.mpinodes
/lila/data/chodera/schrodinger/tmpdir/rustenburg/jag_SM18_micro003_SM18_micro048/SM18_micro003.in

=====================
 Jaguar pKa workflow
=====================

Analysing user-provided (prot, deprot) pair:
(SM18_micro003.in, SM18_micro048.in)
Found labile hydrogen 40 in SM18_micro003.in
Found labile hydrogen at atom 16 in SM18_micro048.in
Adding 'ipkat' keyword to input files.

Identifying pKa functional group for pair:
(SM18_micro003, SM18_micro048)

Executing subprocess:
/data/chodera/schrodinger/schrodinger2017-4-advanced/jaguar-v9.8/bin/Linux-x86_64/pka -i -j SM18_micro003.tmp.jres -n

Taking protonated structures from:
SM18_micro003.mae
Taking deprotonated structures from:
SM18_micro048.mae

This molecule from 'SM18_micro003.mae' in water was recognized as:

 # 	                  Shell                   
---	------------------------------------------
1: 	RN=Het                                    
2: 	Protonation of sp2-like aliphatic nitrogen
3: 	Protonation of generic atom               


Executing conformational search...

Executing 2 distributed subjobs:
---------------------------------

No more than 8 cpu(s) will be used per subjob.
No more than 10 cpu(s) will be used simultaneously.

Processing the following subjobs:
(1) jaguar run csrch.py SM18_micro003.mae -jobname SM18_micro003 -max_conf 5 -erg_window 50.208 -acc_level 1 -TPP 5
(2) jaguar run csrch.py SM18_micro048.mae -jobname SM18_micro048 -max_conf 5 -erg_window 50.208 -acc_level 1 -TPP 5

Running subjobs on hosts:
  lsf-cpu (Max: 2)
Number of jobs:       2
Max retries per job:  3
Max allowed failures: unlimited
Run with -LOCAL:      False
Verbosity:            normal

Starting JobDJ...

Keep one job on driver host: False
JobDJ columns:
  C: Number of completed subjobs
  A: Number of active subjobs (e.g., submitted, running)
  W: Number of waiting/pending subjobs

C A W | Activity  JobId  JobName  JobHost
- - - | --------- -----------------------
0 1 1 | launched  lt21-0-5aecadbc SM18_micro003 lsf-cpu
0 2 0 | launched  lt21-0-5aecadbf SM18_micro048 lsf-cpu
1 1 0 | finished  lt21-0-5aecadbf SM18_micro048 lsf-cpu [ls15]
2 0 0 | finished  lt21-0-5aecadbc SM18_micro003 lsf-cpu [ls14]

All jobs have completed.

2 of 2 job(s) succeeded; 0 job(s) failed.

Timer (distribute subjobs) : 10091.25 secs (2 hrs, 48 mins, 11 secs)

Setting up QM workflow for (protonated, deprotonated) pair:
(1) (SM18_micro003, SM18_micro048)

Executing Jaguar quantum-mechanical subjobs...

Executing 10 distributed subjobs:
----------------------------------

No more than 8 cpu(s) will be used per subjob.
No more than 10 cpu(s) will be used simultaneously.

Processing the following subjobs:
(1) jaguar run pka_prot.bat -jobname SM18_micro003_conf_1 SM18_micro003_conf_1.in
(2) jaguar run pka_prot.bat -jobname SM18_micro003_conf_2 SM18_micro003_conf_2.in
(3) jaguar run pka_prot.bat -jobname SM18_micro003_conf_3 SM18_micro003_conf_3.in
(4) jaguar run pka_prot.bat -jobname SM18_micro003_conf_4 SM18_micro003_conf_4.in
(5) jaguar run pka_prot.bat -jobname SM18_micro003_conf_5 SM18_micro003_conf_5.in
(6) jaguar run pka_deprot.bat -jobname SM18_micro048_conf_1 SM18_micro048_conf_1.in
(7) jaguar run pka_deprot.bat -jobname SM18_micro048_conf_2 SM18_micro048_conf_2.in
(8) jaguar run pka_deprot.bat -jobname SM18_micro048_conf_3 SM18_micro048_conf_3.in
(9) jaguar run pka_deprot.bat -jobname SM18_micro048_conf_4 SM18_micro048_conf_4.in
(10) jaguar run pka_deprot.bat -jobname SM18_micro048_conf_5 SM18_micro048_conf_5.in

Running subjobs on hosts:
  lsf-cpu (Max: 10)
Number of jobs:       10
Max retries per job:  3
Max allowed failures: unlimited
Run with -LOCAL:      False
Verbosity:            normal

Starting JobDJ...

Keep one job on driver host: True
JobDJ columns:
  C: Number of completed subjobs
  A: Number of active subjobs (e.g., submitted, running)
  W: Number of waiting/pending subjobs

 C  A  W | Activity  JobId  JobName  JobHost
-- -- -- | --------- -----------------------
 0  1  9 | launched  lt21-0-5aecd530 SM18_micro003_conf_1 localhost [lt21]
 0  2  8 | launched  lt21-0-5aecd534 SM18_micro003_conf_2 lsf-cpu
 0  3  7 | launched  lt21-0-5aecd538 SM18_micro003_conf_3 lsf-cpu
 0  4  6 | launched  lt21-0-5aecd53b SM18_micro003_conf_4 lsf-cpu
 0  5  5 | launched  lt21-0-5aecd53f SM18_micro003_conf_5 lsf-cpu
 0  6  4 | launched  lt21-0-5aecd543 SM18_micro048_conf_1 lsf-cpu
 0  7  3 | launched  lt21-0-5aecd549 SM18_micro048_conf_2 lsf-cpu
 0  8  2 | launched  lt21-0-5aecd54d SM18_micro048_conf_3 lsf-cpu
 0  9  1 | launched  lt21-0-5aecd551 SM18_micro048_conf_4 lsf-cpu
 0 10  0 | launched  lt21-0-5aecd555 SM18_micro048_conf_5 lsf-cpu
 1  9  0 | finished  lt21-0-5aecd530 SM18_micro003_conf_1 localhost [lt21]
 2  8  0 | finished  lt21-0-5aecd555 SM18_micro048_conf_5 lsf-cpu [ls17]
 3  7  0 | finished  lt21-0-5aecd551 SM18_micro048_conf_4 lsf-cpu [ls17]
 4  6  0 | finished  lt21-0-5aecd543 SM18_micro048_conf_1 lsf-cpu [ls17]
 5  5  0 | finished  lt21-0-5aecd538 SM18_micro003_conf_3 lsf-cpu [ls17]
 6  4  0 | finished  lt21-0-5aecd549 SM18_micro048_conf_2 lsf-cpu [ls17]
 7  3  0 | finished  lt21-0-5aecd54d SM18_micro048_conf_3 lsf-cpu [ls17]
