Command:    jaguar run pka.py -jobname jag_SM23_micro022_SM23_micro028 -PARALLEL 10 -WAIT -n -csrch -prot SM23_micro022.in -deprot SM23_micro028.in
Release:    2017-4
Exec:       /data/chodera/schrodinger/schrodinger2017-4-advanced/jaguar-v9.8/bin/Linux-x86_64
Host:       ls12
JobId:      ls12-0-5af45fca
JobDir:     /lila/data/chodera/schrodinger/tmpdir/rustenburg/jag_SM23_micro022_SM23_micro028
Date:       Thu May 10 11:05:49 2018

Contents of /lila/data/chodera/schrodinger/tmpdir/rustenburg/jag_SM23_micro022_SM23_micro028:
/lila/data/chodera/schrodinger/tmpdir/rustenburg/jag_SM23_micro022_SM23_micro028/SM23_micro028.in
/lila/data/chodera/schrodinger/tmpdir/rustenburg/jag_SM23_micro022_SM23_micro028/ls12-0-5af45fca.mpinodes
/lila/data/chodera/schrodinger/tmpdir/rustenburg/jag_SM23_micro022_SM23_micro028/SM23_micro022.in
/lila/data/chodera/schrodinger/tmpdir/rustenburg/jag_SM23_micro022_SM23_micro028/ls12-0-5af45fca.recover
/lila/data/chodera/schrodinger/tmpdir/rustenburg/jag_SM23_micro022_SM23_micro028/jag_SM23_micro022_SM23_micro028.recover
/lila/data/chodera/schrodinger/tmpdir/rustenburg/jag_SM23_micro022_SM23_micro028/ls12-0-5af45fca
/lila/data/chodera/schrodinger/tmpdir/rustenburg/jag_SM23_micro022_SM23_micro028/SM23_micro022.mae
/lila/data/chodera/schrodinger/tmpdir/rustenburg/jag_SM23_micro022_SM23_micro028/SM23_micro028.mae
/lila/data/chodera/schrodinger/tmpdir/rustenburg/jag_SM23_micro022_SM23_micro028/jag_SM23_micro022_SM23_micro028.log

=====================
 Jaguar pKa workflow
=====================

Analysing user-provided (prot, deprot) pair:
(SM23_micro022.in, SM23_micro028.in)
Found labile hydrogen 42 in SM23_micro022.in
Found labile hydrogen at atom 12 in SM23_micro028.in
Adding 'ipkat' keyword to input files.

Identifying pKa functional group for pair:
(SM23_micro022, SM23_micro028)

Executing subprocess:
/data/chodera/schrodinger/schrodinger2017-4-advanced/jaguar-v9.8/bin/Linux-x86_64/pka -i -j SM23_micro022.tmp.jres -n

Taking protonated structures from:
SM23_micro022.mae
Taking deprotonated structures from:
SM23_micro028.mae

This molecule from 'SM23_micro022.mae' in water was recognized as:

 # 	                  Shell                   
---	------------------------------------------
1: 	Protonation of sp2-like aliphatic nitrogen
2: 	Protonation of generic atom               


Executing conformational search...

Executing 2 distributed subjobs:
---------------------------------

No more than 8 cpu(s) will be used per subjob.
No more than 10 cpu(s) will be used simultaneously.

Processing the following subjobs:
(1) jaguar run csrch.py SM23_micro022.mae -jobname SM23_micro022 -max_conf 5 -erg_window 50.208 -acc_level 1 -TPP 5
(2) jaguar run csrch.py SM23_micro028.mae -jobname SM23_micro028 -max_conf 5 -erg_window 50.208 -acc_level 1 -TPP 5

Running subjobs on hosts:
  localhost (Max: 2)
Number of jobs:       2
Max retries per job:  3
Max allowed failures: unlimited
Run with -LOCAL:      False
Verbosity:            normal

Starting JobDJ...

Keep one job on driver host: False
JobDJ columns:
  C: Number of completed subjobs
  A: Number of active subjobs (e.g., submitted, running)
  W: Number of waiting/pending subjobs

C A W | Activity  JobId  JobName  JobHost
- - - | --------- -----------------------
0 1 1 | launched  ls12-0-5af45fd2 SM23_micro022 localhost [ls12]
0 2 0 | launched  ls12-0-5af45fd4 SM23_micro028 localhost [ls12]
1 1 0 | finished  ls12-0-5af45fd2 SM23_micro022 localhost [ls12]
2 0 0 | finished  ls12-0-5af45fd4 SM23_micro028 localhost [ls12]

All jobs have completed.

2 of 2 job(s) succeeded; 0 job(s) failed.

Timer (distribute subjobs) : 1576.00 secs (0 hrs, 26 mins, 15 secs)

Setting up QM workflow for (protonated, deprotonated) pair:
(1) (SM23_micro022, SM23_micro028)

Executing Jaguar quantum-mechanical subjobs...

Executing 10 distributed subjobs:
----------------------------------

No more than 8 cpu(s) will be used per subjob.
No more than 10 cpu(s) will be used simultaneously.

Processing the following subjobs:
(1) jaguar run pka_prot.bat -jobname SM23_micro022_conf_1 SM23_micro022_conf_1.in
(2) jaguar run pka_prot.bat -jobname SM23_micro022_conf_2 SM23_micro022_conf_2.in
(3) jaguar run pka_prot.bat -jobname SM23_micro022_conf_3 SM23_micro022_conf_3.in
(4) jaguar run pka_prot.bat -jobname SM23_micro022_conf_4 SM23_micro022_conf_4.in
(5) jaguar run pka_prot.bat -jobname SM23_micro022_conf_5 SM23_micro022_conf_5.in
(6) jaguar run pka_deprot.bat -jobname SM23_micro028_conf_1 SM23_micro028_conf_1.in
(7) jaguar run pka_deprot.bat -jobname SM23_micro028_conf_2 SM23_micro028_conf_2.in
(8) jaguar run pka_deprot.bat -jobname SM23_micro028_conf_3 SM23_micro028_conf_3.in
(9) jaguar run pka_deprot.bat -jobname SM23_micro028_conf_4 SM23_micro028_conf_4.in
(10) jaguar run pka_deprot.bat -jobname SM23_micro028_conf_5 SM23_micro028_conf_5.in

Running subjobs on hosts:
  localhost (Max: 10)
Number of jobs:       10
Max retries per job:  3
Max allowed failures: unlimited
Run with -LOCAL:      False
Verbosity:            normal

Starting JobDJ...

Keep one job on driver host: False
JobDJ columns:
  C: Number of completed subjobs
  A: Number of active subjobs (e.g., submitted, running)
  W: Number of waiting/pending subjobs

 C  A  W | Activity  JobId  JobName  JobHost
-- -- -- | --------- -----------------------
 0  1  9 | launched  ls12-0-5af46617 SM23_micro022_conf_1 localhost [ls12]
 0  2  8 | launched  ls12-0-5af4661f SM23_micro022_conf_2 localhost [ls12]
 0  3  7 | launched  ls12-1-5af46621 SM23_micro022_conf_3 localhost [ls12]
 0  4  6 | launched  ls12-1-5af46623 SM23_micro022_conf_4 localhost [ls12]
 0  5  5 | launched  ls12-0-5af46626 SM23_micro022_conf_5 localhost [ls12]
 0  6  4 | launched  ls12-1-5af46628 SM23_micro028_conf_1 localhost [ls12]
 0  7  3 | launched  ls12-0-5af4662b SM23_micro028_conf_2 localhost [ls12]
 0  8  2 | launched  ls12-0-5af4662d SM23_micro028_conf_3 localhost [ls12]
 0  9  1 | launched  ls12-0-5af4662f SM23_micro028_conf_4 localhost [ls12]
 0 10  0 | launched  ls12-1-5af46631 SM23_micro028_conf_5 localhost [ls12]
 1  9  0 | finished  ls12-1-5af46623 SM23_micro022_conf_4 localhost [ls12]
 2  8  0 | finished  ls12-0-5af4661f SM23_micro022_conf_2 localhost [ls12]
 3  7  0 | finished  ls12-1-5af46631 SM23_micro028_conf_5 localhost [ls12]
 4  6  0 | finished  ls12-0-5af4662f SM23_micro028_conf_4 localhost [ls12]
 5  5  0 | finished  ls12-0-5af46626 SM23_micro022_conf_5 localhost [ls12]
 6  4  0 | finished  ls12-1-5af46628 SM23_micro028_conf_1 localhost [ls12]
 7  3  0 | finished  ls12-0-5af4662b SM23_micro028_conf_2 localhost [ls12]
 8  2  0 | finished  ls12-1-5af46621 SM23_micro022_conf_3 localhost [ls12]
 9  1  0 | finished  ls12-0-5af46617 SM23_micro022_conf_1 localhost [ls12]
10  0  0 | finished  ls12-0-5af4662d SM23_micro028_conf_3 localhost [ls12]

All jobs have completed.

10 of 10 job(s) succeeded; 0 job(s) failed.

Timer (distribute subjobs) : 15553.75 secs (4 hrs, 19 mins, 13 secs)

Processing QM output files...

Executing subprocess:
/data/chodera/schrodinger/schrodinger2017-4-advanced/jaguar results -energy SM23_micro022_conf_1.nrg_h.out

Executing subprocess:
/data/chodera/schrodinger/schrodinger2017-4-advanced/jaguar results -esolv SM23_micro022_conf_1.sol_h.out

Executing subprocess:
/data/chodera/schrodinger/schrodinger2017-4-advanced/jaguar results -energy SM23_micro022_conf_2.nrg_h.out

Executing subprocess:
/data/chodera/schrodinger/schrodinger2017-4-advanced/jaguar results -esolv SM23_micro022_conf_2.sol_h.out

Executing subprocess:
/data/chodera/schrodinger/schrodinger2017-4-advanced/jaguar results -energy SM23_micro022_conf_3.nrg_h.out

Executing subprocess:
/data/chodera/schrodinger/schrodinger2017-4-advanced/jaguar results -esolv SM23_micro022_conf_3.sol_h.out

Executing subprocess:
/data/chodera/schrodinger/schrodinger2017-4-advanced/jaguar results -energy SM23_micro022_conf_4.nrg_h.out

Executing subprocess:
/data/chodera/schrodinger/schrodinger2017-4-advanced/jaguar results -esolv SM23_micro022_conf_4.sol_h.out

Executing subprocess:
/data/chodera/schrodinger/schrodinger2017-4-advanced/jaguar results -energy SM23_micro022_conf_5.nrg_h.out

Executing subprocess:
/data/chodera/schrodinger/schrodinger2017-4-advanced/jaguar results -esolv SM23_micro022_conf_5.sol_h.out

Executing subprocess:
/data/chodera/schrodinger/schrodinger2017-4-advanced/jaguar results -energy SM23_micro028_conf_1.nrg.out

Executing subprocess:
/data/chodera/schrodinger/schrodinger2017-4-advanced/jaguar results -esolv SM23_micro028_conf_1.sol.out

Executing subprocess:
/data/chodera/schrodinger/schrodinger2017-4-advanced/jaguar results -energy SM23_micro028_conf_2.nrg.out

Executing subprocess:
/data/chodera/schrodinger/schrodinger2017-4-advanced/jaguar results -esolv SM23_micro028_conf_2.sol.out

Executing subprocess:
/data/chodera/schrodinger/schrodinger2017-4-advanced/jaguar results -energy SM23_micro028_conf_3.nrg.out

Executing subprocess:
/data/chodera/schrodinger/schrodinger2017-4-advanced/jaguar results -esolv SM23_micro028_conf_3.sol.out

Executing subprocess:
/data/chodera/schrodinger/schrodinger2017-4-advanced/jaguar results -energy SM23_micro028_conf_4.nrg.out

Executing subprocess:
/data/chodera/schrodinger/schrodinger2017-4-advanced/jaguar results -esolv SM23_micro028_conf_4.sol.out

Executing subprocess:
/data/chodera/schrodinger/schrodinger2017-4-advanced/jaguar results -energy SM23_micro028_conf_5.nrg.out

Executing subprocess:
/data/chodera/schrodinger/schrodinger2017-4-advanced/jaguar results -esolv SM23_micro028_conf_5.sol.out

Executing subprocess:
/data/chodera/schrodinger/schrodinger2017-4-advanced/jaguar-v9.8/bin/Linux-x86_64/pka -o SM23_micro022_deprot-out.mae -j SM23_micro022.jres -n -d

Executing subprocess:
/data/chodera/schrodinger/schrodinger2017-4-advanced/jaguar-v9.8/bin/Linux-x86_64/pka -o SM23_micro022_prot-out.mae -j SM23_micro022.jres -n

pKa calculation for SM23_micro022 completed.

pKa workflow jag_SM23_micro022_SM23_micro028 completed.

Timer (Jaguar pKa) : 17212.99 secs (4 hrs, 46 mins, 52 secs)
Timer (jaguar_backend.py) : 17212.99 secs (4 hrs, 46 mins, 52 secs)
Finished:   Thu May 10 15:52:42 2018
