Command:    jaguar run pka.py -jobname jag_SM04_micro008_SM04_micro003 -PARALLEL 10 -n -csrch -prot SM04_micro008.in -deprot SM04_micro003.in
Release:    2017-4
Exec:       /data/chodera/schrodinger/schrodinger2017-4-advanced/jaguar-v9.8/bin/Linux-x86_64
Host:       ls14
JobId:      lilac-0-5aec7009
JobDir:     /lila/data/chodera/schrodinger/tmpdir/rustenburg/jag_SM04_micro008_SM04_micro003
Date:       Fri May  4 10:37:01 2018

Contents of /lila/data/chodera/schrodinger/tmpdir/rustenburg/jag_SM04_micro008_SM04_micro003:
/lila/data/chodera/schrodinger/tmpdir/rustenburg/jag_SM04_micro008_SM04_micro003/lilac-0-5aec7009.mpinodes
/lila/data/chodera/schrodinger/tmpdir/rustenburg/jag_SM04_micro008_SM04_micro003/SM04_micro003.in
/lila/data/chodera/schrodinger/tmpdir/rustenburg/jag_SM04_micro008_SM04_micro003/jag_SM04_micro008_SM04_micro003.log
/lila/data/chodera/schrodinger/tmpdir/rustenburg/jag_SM04_micro008_SM04_micro003/SM04_micro008.in
/lila/data/chodera/schrodinger/tmpdir/rustenburg/jag_SM04_micro008_SM04_micro003/SM04_micro008.mae
/lila/data/chodera/schrodinger/tmpdir/rustenburg/jag_SM04_micro008_SM04_micro003/SM04_micro003.mae
/lila/data/chodera/schrodinger/tmpdir/rustenburg/jag_SM04_micro008_SM04_micro003/lilac-0-5aec7009.hosts
/lila/data/chodera/schrodinger/tmpdir/rustenburg/jag_SM04_micro008_SM04_micro003/lilac-0-5aec7009.recover
/lila/data/chodera/schrodinger/tmpdir/rustenburg/jag_SM04_micro008_SM04_micro003/jag_SM04_micro008_SM04_micro003.recover
/lila/data/chodera/schrodinger/tmpdir/rustenburg/jag_SM04_micro008_SM04_micro003/lilac-0-5aec7009.jlog
/lila/data/chodera/schrodinger/tmpdir/rustenburg/jag_SM04_micro008_SM04_micro003/lilac-0-5aec7009
/lila/data/chodera/schrodinger/tmpdir/rustenburg/jag_SM04_micro008_SM04_micro003/lilac-0-5aec7009.nodes

=====================
 Jaguar pKa workflow
=====================

Analysing user-provided (prot, deprot) pair:
(SM04_micro008.in, SM04_micro003.in)
Found labile hydrogen 20 in SM04_micro008.in
Found labile hydrogen at atom 11 in SM04_micro003.in
Adding 'ipkat' keyword to input files.

Identifying pKa functional group for pair:
(SM04_micro008, SM04_micro003)

Executing subprocess:
/data/chodera/schrodinger/schrodinger2017-4-advanced/jaguar-v9.8/bin/Linux-x86_64/pka -i -j SM04_micro008.tmp.jres -n

Taking protonated structures from:
SM04_micro008.mae
Taking deprotonated structures from:
SM04_micro003.mae

This molecule from 'SM04_micro008.mae' in water was recognized as:

 # 	                  Shell                   
---	------------------------------------------
1: 	NR2 attached to heterocycle               
2: 	Protonation of sp3-like aliphatic nitrogen
3: 	Protonation of generic atom               


Executing conformational search...

Executing 2 distributed subjobs:
---------------------------------

No more than 8 cpu(s) will be used per subjob.
No more than 10 cpu(s) will be used simultaneously.

Processing the following subjobs:
(1) jaguar run csrch.py SM04_micro008.mae -jobname SM04_micro008 -max_conf 5 -erg_window 50.208 -acc_level 1 -TPP 5
(2) jaguar run csrch.py SM04_micro003.mae -jobname SM04_micro003 -max_conf 5 -erg_window 50.208 -acc_level 1 -TPP 5

Running subjobs on hosts:
  lsf-cpu (Max: 2)
Number of jobs:       2
Max retries per job:  3
Max allowed failures: unlimited
Run with -LOCAL:      False
Verbosity:            normal

Starting JobDJ...

Keep one job on driver host: False
JobDJ columns:
  C: Number of completed subjobs
  A: Number of active subjobs (e.g., submitted, running)
  W: Number of waiting/pending subjobs

C A W | Activity  JobId  JobName  JobHost
- - - | --------- -----------------------
0 1 1 | launched  ls14-0-5aec7014 SM04_micro008 lsf-cpu
0 2 0 | launched  ls14-0-5aec7018 SM04_micro003 lsf-cpu
1 1 0 | finished  ls14-0-5aec7014 SM04_micro008 lsf-cpu
2 0 0 | finished  ls14-0-5aec7018 SM04_micro003 lsf-cpu [ls09]

All jobs have completed.

2 of 2 job(s) succeeded; 0 job(s) failed.

Timer (distribute subjobs) : 1101.58 secs (0 hrs, 18 mins, 21 secs)

Setting up QM workflow for (protonated, deprotonated) pair:
(1) (SM04_micro008, SM04_micro003)

Executing Jaguar quantum-mechanical subjobs...

Executing 10 distributed subjobs:
----------------------------------

No more than 8 cpu(s) will be used per subjob.
No more than 10 cpu(s) will be used simultaneously.

Processing the following subjobs:
(1) jaguar run pka_prot.bat -jobname SM04_micro008_conf_1 SM04_micro008_conf_1.in
(2) jaguar run pka_prot.bat -jobname SM04_micro008_conf_2 SM04_micro008_conf_2.in
(3) jaguar run pka_prot.bat -jobname SM04_micro008_conf_3 SM04_micro008_conf_3.in
(4) jaguar run pka_prot.bat -jobname SM04_micro008_conf_4 SM04_micro008_conf_4.in
(5) jaguar run pka_prot.bat -jobname SM04_micro008_conf_5 SM04_micro008_conf_5.in
(6) jaguar run pka_deprot.bat -jobname SM04_micro003_conf_1 SM04_micro003_conf_1.in
(7) jaguar run pka_deprot.bat -jobname SM04_micro003_conf_2 SM04_micro003_conf_2.in
(8) jaguar run pka_deprot.bat -jobname SM04_micro003_conf_3 SM04_micro003_conf_3.in
(9) jaguar run pka_deprot.bat -jobname SM04_micro003_conf_4 SM04_micro003_conf_4.in
(10) jaguar run pka_deprot.bat -jobname SM04_micro003_conf_5 SM04_micro003_conf_5.in

Running subjobs on hosts:
  lsf-cpu (Max: 10)
Number of jobs:       10
Max retries per job:  3
Max allowed failures: unlimited
Run with -LOCAL:      False
Verbosity:            normal

Starting JobDJ...

Keep one job on driver host: True
JobDJ columns:
  C: Number of completed subjobs
  A: Number of active subjobs (e.g., submitted, running)
  W: Number of waiting/pending subjobs

 C  A  W | Activity  JobId  JobName  JobHost
-- -- -- | --------- -----------------------
 0  1  9 | launched  ls14-0-5aec7468 SM04_micro008_conf_1 localhost [ls14]
 0  2  8 | launched  ls14-0-5aec7473 SM04_micro008_conf_2 lsf-cpu
 0  3  7 | launched  ls14-0-5aec747e SM04_micro008_conf_3 lsf-cpu
 0  4  6 | launched  ls14-0-5aec7483 SM04_micro008_conf_4 lsf-cpu
 0  5  5 | launched  ls14-0-5aec7489 SM04_micro008_conf_5 lsf-cpu
 0  6  4 | launched  ls14-0-5aec748f SM04_micro003_conf_1 lsf-cpu
 0  7  3 | launched  ls14-0-5aec7495 SM04_micro003_conf_2 lsf-cpu
 0  8  2 | launched  ls14-0-5aec749b SM04_micro003_conf_3 lsf-cpu
 0  9  1 | launched  ls14-0-5aec74a0 SM04_micro003_conf_4 lsf-cpu
 0 10  0 | launched  ls14-0-5aec74a5 SM04_micro003_conf_5 lsf-cpu
 1  9  0 | finished  ls14-0-5aec7495 SM04_micro003_conf_2 lsf-cpu [lt22]
 2  8  0 | finished  ls14-0-5aec7483 SM04_micro008_conf_4 lsf-cpu [ls07]
 3  7  0 | finished  ls14-0-5aec7468 SM04_micro008_conf_1 localhost [ls14]
 4  6  0 | finished  ls14-0-5aec747e SM04_micro008_conf_3 lsf-cpu [ls07]
 5  5  0 | finished  ls14-0-5aec748f SM04_micro003_conf_1 lsf-cpu [ls07]
 6  4  0 | finished  ls14-0-5aec749b SM04_micro003_conf_3 lsf-cpu [lt22]
 7  3  0 | finished  ls14-0-5aec7473 SM04_micro008_conf_2 lsf-cpu [ls01]
 8  2  0 | finished  ls14-0-5aec74a5 SM04_micro003_conf_5 lsf-cpu [lt22]
 9  1  0 | finished  ls14-0-5aec7489 SM04_micro008_conf_5 lsf-cpu [ls07]
10  0  0 | finished  ls14-0-5aec74a0 SM04_micro003_conf_4 lsf-cpu [lt22]

All jobs have completed.

10 of 10 job(s) succeeded; 0 job(s) failed.

Timer (distribute subjobs) : 2936.66 secs (0 hrs, 48 mins, 56 secs)

Processing QM output files...

Executing subprocess:
/data/chodera/schrodinger/schrodinger2017-4-advanced/jaguar results -energy SM04_micro008_conf_1.nrg_h.out

Executing subprocess:
/data/chodera/schrodinger/schrodinger2017-4-advanced/jaguar results -esolv SM04_micro008_conf_1.sol_h.out

Executing subprocess:
/data/chodera/schrodinger/schrodinger2017-4-advanced/jaguar results -energy SM04_micro008_conf_2.nrg_h.out

Executing subprocess:
/data/chodera/schrodinger/schrodinger2017-4-advanced/jaguar results -esolv SM04_micro008_conf_2.sol_h.out

Executing subprocess:
/data/chodera/schrodinger/schrodinger2017-4-advanced/jaguar results -energy SM04_micro008_conf_3.nrg_h.out

Executing subprocess:
/data/chodera/schrodinger/schrodinger2017-4-advanced/jaguar results -esolv SM04_micro008_conf_3.sol_h.out

Executing subprocess:
/data/chodera/schrodinger/schrodinger2017-4-advanced/jaguar results -energy SM04_micro008_conf_4.nrg_h.out

Executing subprocess:
/data/chodera/schrodinger/schrodinger2017-4-advanced/jaguar results -esolv SM04_micro008_conf_4.sol_h.out

Executing subprocess:
/data/chodera/schrodinger/schrodinger2017-4-advanced/jaguar results -energy SM04_micro008_conf_5.nrg_h.out

Executing subprocess:
/data/chodera/schrodinger/schrodinger2017-4-advanced/jaguar results -esolv SM04_micro008_conf_5.sol_h.out

Executing subprocess:
/data/chodera/schrodinger/schrodinger2017-4-advanced/jaguar results -energy SM04_micro003_conf_1.nrg.out

Executing subprocess:
/data/chodera/schrodinger/schrodinger2017-4-advanced/jaguar results -esolv SM04_micro003_conf_1.sol.out

Executing subprocess:
/data/chodera/schrodinger/schrodinger2017-4-advanced/jaguar results -energy SM04_micro003_conf_2.nrg.out

Executing subprocess:
/data/chodera/schrodinger/schrodinger2017-4-advanced/jaguar results -esolv SM04_micro003_conf_2.sol.out

Executing subprocess:
/data/chodera/schrodinger/schrodinger2017-4-advanced/jaguar results -energy SM04_micro003_conf_3.nrg.out

Executing subprocess:
/data/chodera/schrodinger/schrodinger2017-4-advanced/jaguar results -esolv SM04_micro003_conf_3.sol.out

Executing subprocess:
/data/chodera/schrodinger/schrodinger2017-4-advanced/jaguar results -energy SM04_micro003_conf_4.nrg.out

Executing subprocess:
/data/chodera/schrodinger/schrodinger2017-4-advanced/jaguar results -esolv SM04_micro003_conf_4.sol.out

Executing subprocess:
/data/chodera/schrodinger/schrodinger2017-4-advanced/jaguar results -energy SM04_micro003_conf_5.nrg.out

Executing subprocess:
/data/chodera/schrodinger/schrodinger2017-4-advanced/jaguar results -esolv SM04_micro003_conf_5.sol.out

Executing subprocess:
/data/chodera/schrodinger/schrodinger2017-4-advanced/jaguar-v9.8/bin/Linux-x86_64/pka -o SM04_micro008_deprot-out.mae -j SM04_micro008.jres -n -d

Executing subprocess:
/data/chodera/schrodinger/schrodinger2017-4-advanced/jaguar-v9.8/bin/Linux-x86_64/pka -o SM04_micro008_prot-out.mae -j SM04_micro008.jres -n

pKa calculation for SM04_micro008 completed.

pKa workflow jag_SM04_micro008_SM04_micro003 completed.

Timer (Jaguar pKa) : 4120.74 secs (1 hrs, 08 mins, 40 secs)
Timer (jaguar_backend.py) : 4120.74 secs (1 hrs, 08 mins, 40 secs)
Finished:   Fri May  4 11:45:42 2018
