Command:    jaguar run pka.py -jobname jag_SM19_micro015_SM19_micro008 -PARALLEL 10 -n -csrch -prot SM19_micro015.in -deprot SM19_micro008.in
Release:    2017-4
Exec:       /data/chodera/schrodinger/schrodinger2017-4-advanced/jaguar-v9.8/bin/Linux-x86_64
Host:       lt21
JobId:      lilac-0-5aecc1e1
JobDir:     /lila/data/chodera/schrodinger/tmpdir/rustenburg/jag_SM19_micro015_SM19_micro008
Date:       Fri May  4 16:53:23 2018

Contents of /lila/data/chodera/schrodinger/tmpdir/rustenburg/jag_SM19_micro015_SM19_micro008:
/lila/data/chodera/schrodinger/tmpdir/rustenburg/jag_SM19_micro015_SM19_micro008/jag_SM19_micro015_SM19_micro008.log
/lila/data/chodera/schrodinger/tmpdir/rustenburg/jag_SM19_micro015_SM19_micro008/lilac-0-5aecc1e1.mpinodes
/lila/data/chodera/schrodinger/tmpdir/rustenburg/jag_SM19_micro015_SM19_micro008/SM19_micro015.in
/lila/data/chodera/schrodinger/tmpdir/rustenburg/jag_SM19_micro015_SM19_micro008/SM19_micro015.mae
/lila/data/chodera/schrodinger/tmpdir/rustenburg/jag_SM19_micro015_SM19_micro008/lilac-0-5aecc1e1.hosts
/lila/data/chodera/schrodinger/tmpdir/rustenburg/jag_SM19_micro015_SM19_micro008/jag_SM19_micro015_SM19_micro008.recover
/lila/data/chodera/schrodinger/tmpdir/rustenburg/jag_SM19_micro015_SM19_micro008/SM19_micro008.mae
/lila/data/chodera/schrodinger/tmpdir/rustenburg/jag_SM19_micro015_SM19_micro008/SM19_micro008.in
/lila/data/chodera/schrodinger/tmpdir/rustenburg/jag_SM19_micro015_SM19_micro008/lilac-0-5aecc1e1.nodes
/lila/data/chodera/schrodinger/tmpdir/rustenburg/jag_SM19_micro015_SM19_micro008/lilac-0-5aecc1e1
/lila/data/chodera/schrodinger/tmpdir/rustenburg/jag_SM19_micro015_SM19_micro008/lilac-0-5aecc1e1.recover
/lila/data/chodera/schrodinger/tmpdir/rustenburg/jag_SM19_micro015_SM19_micro008/lilac-0-5aecc1e1.jlog

=====================
 Jaguar pKa workflow
=====================

Analysing user-provided (prot, deprot) pair:
(SM19_micro015.in, SM19_micro008.in)
Found labile hydrogen 34 in SM19_micro015.in
Found labile hydrogen at atom 13 in SM19_micro008.in
Adding 'ipkat' keyword to input files.

Identifying pKa functional group for pair:
(SM19_micro015, SM19_micro008)

Executing subprocess:
/data/chodera/schrodinger/schrodinger2017-4-advanced/jaguar-v9.8/bin/Linux-x86_64/pka -i -j SM19_micro015.tmp.jres -n

Taking protonated structures from:
SM19_micro015.mae
Taking deprotonated structures from:
SM19_micro008.mae

This molecule from 'SM19_micro015.mae' in water was recognized as:

 # 	                  Shell                   
---	------------------------------------------
1: 	RN=Het                                    
2: 	Protonation of sp2-like aliphatic nitrogen
3: 	Protonation of generic atom               


Executing conformational search...

Executing 2 distributed subjobs:
---------------------------------

No more than 8 cpu(s) will be used per subjob.
No more than 10 cpu(s) will be used simultaneously.

Processing the following subjobs:
(1) jaguar run csrch.py SM19_micro015.mae -jobname SM19_micro015 -max_conf 5 -erg_window 50.208 -acc_level 1 -TPP 5
(2) jaguar run csrch.py SM19_micro008.mae -jobname SM19_micro008 -max_conf 5 -erg_window 50.208 -acc_level 1 -TPP 5

Running subjobs on hosts:
  lsf-cpu (Max: 2)
Number of jobs:       2
Max retries per job:  3
Max allowed failures: unlimited
Run with -LOCAL:      False
Verbosity:            normal

Starting JobDJ...

Keep one job on driver host: False
JobDJ columns:
  C: Number of completed subjobs
  A: Number of active subjobs (e.g., submitted, running)
  W: Number of waiting/pending subjobs

C A W | Activity  JobId  JobName  JobHost
- - - | --------- -----------------------
0 1 1 | launched  lt21-1-5aecc849 SM19_micro015 lsf-cpu
0 2 0 | launched  lt21-0-5aecc84d SM19_micro008 lsf-cpu
1 1 0 | finished  lt21-0-5aecc84d SM19_micro008 lsf-cpu [ls07]
2 0 0 | finished  lt21-1-5aecc849 SM19_micro015 lsf-cpu [ls17]

All jobs have completed.

2 of 2 job(s) succeeded; 0 job(s) failed.

Timer (distribute subjobs) : 8589.05 secs (2 hrs, 23 mins, 09 secs)

Setting up QM workflow for (protonated, deprotonated) pair:
(1) (SM19_micro015, SM19_micro008)

Executing Jaguar quantum-mechanical subjobs...

Executing 10 distributed subjobs:
----------------------------------

No more than 8 cpu(s) will be used per subjob.
No more than 10 cpu(s) will be used simultaneously.

Processing the following subjobs:
(1) jaguar run pka_prot.bat -jobname SM19_micro015_conf_1 SM19_micro015_conf_1.in
(2) jaguar run pka_prot.bat -jobname SM19_micro015_conf_2 SM19_micro015_conf_2.in
(3) jaguar run pka_prot.bat -jobname SM19_micro015_conf_3 SM19_micro015_conf_3.in
(4) jaguar run pka_prot.bat -jobname SM19_micro015_conf_4 SM19_micro015_conf_4.in
(5) jaguar run pka_prot.bat -jobname SM19_micro015_conf_5 SM19_micro015_conf_5.in
(6) jaguar run pka_deprot.bat -jobname SM19_micro008_conf_1 SM19_micro008_conf_1.in
(7) jaguar run pka_deprot.bat -jobname SM19_micro008_conf_2 SM19_micro008_conf_2.in
(8) jaguar run pka_deprot.bat -jobname SM19_micro008_conf_3 SM19_micro008_conf_3.in
(9) jaguar run pka_deprot.bat -jobname SM19_micro008_conf_4 SM19_micro008_conf_4.in
(10) jaguar run pka_deprot.bat -jobname SM19_micro008_conf_5 SM19_micro008_conf_5.in

Running subjobs on hosts:
  lsf-cpu (Max: 10)
Number of jobs:       10
Max retries per job:  3
Max allowed failures: unlimited
Run with -LOCAL:      False
Verbosity:            normal

Starting JobDJ...

Keep one job on driver host: True
JobDJ columns:
  C: Number of completed subjobs
  A: Number of active subjobs (e.g., submitted, running)
  W: Number of waiting/pending subjobs

 C  A  W | Activity  JobId  JobName  JobHost
-- -- -- | --------- -----------------------
 0  1  9 | launched  lt21-0-5aece9de SM19_micro015_conf_1 localhost [lt21]
 0  2  8 | launched  lt21-0-5aece9e2 SM19_micro015_conf_2 lsf-cpu
 0  3  7 | launched  lt21-0-5aece9e5 SM19_micro015_conf_3 lsf-cpu
 0  4  6 | launched  lt21-0-5aece9e8 SM19_micro015_conf_4 lsf-cpu
 0  5  5 | launched  lt21-0-5aece9eb SM19_micro015_conf_5 lsf-cpu
 0  6  4 | launched  lt21-0-5aece9ef SM19_micro008_conf_1 lsf-cpu
 0  7  3 | launched  lt21-0-5aece9f2 SM19_micro008_conf_2 lsf-cpu
 0  8  2 | launched  lt21-0-5aece9f6 SM19_micro008_conf_3 lsf-cpu
 0  9  1 | launched  lt21-0-5aece9fa SM19_micro008_conf_4 lsf-cpu
 0 10  0 | launched  lt21-0-5aece9fe SM19_micro008_conf_5 lsf-cpu
 1  9  0 | finished  lt21-0-5aece9de SM19_micro015_conf_1 localhost [lt21]
 2  8  0 | finished  lt21-0-5aece9e8 SM19_micro015_conf_4 lsf-cpu [ls02]
 3  7  0 | finished  lt21-0-5aece9e5 SM19_micro015_conf_3 lsf-cpu [ls02]
 4  6  0 | finished  lt21-0-5aece9e2 SM19_micro015_conf_2 lsf-cpu [ls02]
 5  5  0 | finished  lt21-0-5aece9eb SM19_micro015_conf_5 lsf-cpu [ls02]
 6  4  0 | finished  lt21-0-5aece9fa SM19_micro008_conf_4 lsf-cpu [ls02]
 7  3  0 | finished  lt21-0-5aece9ef SM19_micro008_conf_1 lsf-cpu [ls02]
 8  2  0 | finished  lt21-0-5aece9f6 SM19_micro008_conf_3 lsf-cpu [ls02]
 9  1  0 | finished  lt21-0-5aece9fe SM19_micro008_conf_5 lsf-cpu [ls02]
10  0  0 | finished  lt21-0-5aece9f2 SM19_micro008_conf_2 lsf-cpu [ls02]

All jobs have completed.

10 of 10 job(s) succeeded; 0 job(s) failed.

Timer (distribute subjobs) : 7329.12 secs (2 hrs, 02 mins, 09 secs)

Processing QM output files...

Executing subprocess:
/data/chodera/schrodinger/schrodinger2017-4-advanced/jaguar results -energy SM19_micro015_conf_1.nrg_h.out

Executing subprocess:
/data/chodera/schrodinger/schrodinger2017-4-advanced/jaguar results -esolv SM19_micro015_conf_1.sol_h.out

Executing subprocess:
/data/chodera/schrodinger/schrodinger2017-4-advanced/jaguar results -energy SM19_micro015_conf_2.nrg_h.out

Executing subprocess:
/data/chodera/schrodinger/schrodinger2017-4-advanced/jaguar results -esolv SM19_micro015_conf_2.sol_h.out

Executing subprocess:
/data/chodera/schrodinger/schrodinger2017-4-advanced/jaguar results -energy SM19_micro015_conf_3.nrg_h.out

Executing subprocess:
/data/chodera/schrodinger/schrodinger2017-4-advanced/jaguar results -esolv SM19_micro015_conf_3.sol_h.out

Executing subprocess:
/data/chodera/schrodinger/schrodinger2017-4-advanced/jaguar results -energy SM19_micro015_conf_4.nrg_h.out

Executing subprocess:
/data/chodera/schrodinger/schrodinger2017-4-advanced/jaguar results -esolv SM19_micro015_conf_4.sol_h.out

Executing subprocess:
/data/chodera/schrodinger/schrodinger2017-4-advanced/jaguar results -energy SM19_micro015_conf_5.nrg_h.out

Executing subprocess:
/data/chodera/schrodinger/schrodinger2017-4-advanced/jaguar results -esolv SM19_micro015_conf_5.sol_h.out

Executing subprocess:
/data/chodera/schrodinger/schrodinger2017-4-advanced/jaguar results -energy SM19_micro008_conf_1.nrg.out

Executing subprocess:
/data/chodera/schrodinger/schrodinger2017-4-advanced/jaguar results -esolv SM19_micro008_conf_1.sol.out

Executing subprocess:
/data/chodera/schrodinger/schrodinger2017-4-advanced/jaguar results -energy SM19_micro008_conf_2.nrg.out

Executing subprocess:
/data/chodera/schrodinger/schrodinger2017-4-advanced/jaguar results -esolv SM19_micro008_conf_2.sol.out

Executing subprocess:
/data/chodera/schrodinger/schrodinger2017-4-advanced/jaguar results -energy SM19_micro008_conf_3.nrg.out

Executing subprocess:
/data/chodera/schrodinger/schrodinger2017-4-advanced/jaguar results -esolv SM19_micro008_conf_3.sol.out

Executing subprocess:
/data/chodera/schrodinger/schrodinger2017-4-advanced/jaguar results -energy SM19_micro008_conf_4.nrg.out

Executing subprocess:
/data/chodera/schrodinger/schrodinger2017-4-advanced/jaguar results -esolv SM19_micro008_conf_4.sol.out

Executing subprocess:
/data/chodera/schrodinger/schrodinger2017-4-advanced/jaguar results -energy SM19_micro008_conf_5.nrg.out

Executing subprocess:
/data/chodera/schrodinger/schrodinger2017-4-advanced/jaguar results -esolv SM19_micro008_conf_5.sol.out

Executing subprocess:
/data/chodera/schrodinger/schrodinger2017-4-advanced/jaguar-v9.8/bin/Linux-x86_64/pka -o SM19_micro015_deprot-out.mae -j SM19_micro015.jres -n -d

Executing subprocess:
/data/chodera/schrodinger/schrodinger2017-4-advanced/jaguar-v9.8/bin/Linux-x86_64/pka -o SM19_micro015_prot-out.mae -j SM19_micro015.jres -n

pKa calculation for SM19_micro015 completed.

pKa workflow jag_SM19_micro015_SM19_micro008 completed.

Timer (Jaguar pKa) : 16056.87 secs (4 hrs, 27 mins, 36 secs)
Timer (jaguar_backend.py) : 16056.87 secs (4 hrs, 27 mins, 36 secs)
Finished:   Fri May  4 21:21:00 2018
