Command:    jaguar run pka.py -jobname jag_SM08_micro002_SM08_micro011 -PARALLEL 10 -WAIT -n -csrch -prot SM08_micro002.in -deprot SM08_micro011.in
Release:    2017-4
Exec:       /data/chodera/schrodinger/schrodinger2017-4-advanced/jaguar-v9.8/bin/Linux-x86_64
Host:       lt02
JobId:      lt08-1-5af3622d
JobDir:     /lila/data/chodera/schrodinger/tmpdir/rustenburg/jag_SM08_micro002_SM08_micro011.1
Date:       Wed May  9 17:04:09 2018

Contents of /lila/data/chodera/schrodinger/tmpdir/rustenburg/jag_SM08_micro002_SM08_micro011.1:
/lila/data/chodera/schrodinger/tmpdir/rustenburg/jag_SM08_micro002_SM08_micro011.1/lt08-1-5af3622d.nodes
/lila/data/chodera/schrodinger/tmpdir/rustenburg/jag_SM08_micro002_SM08_micro011.1/SM08_micro011.mae
/lila/data/chodera/schrodinger/tmpdir/rustenburg/jag_SM08_micro002_SM08_micro011.1/lt08-1-5af3622d.hosts
/lila/data/chodera/schrodinger/tmpdir/rustenburg/jag_SM08_micro002_SM08_micro011.1/jag_SM08_micro002_SM08_micro011.recover
/lila/data/chodera/schrodinger/tmpdir/rustenburg/jag_SM08_micro002_SM08_micro011.1/lt08-1-5af3622d.mpinodes
/lila/data/chodera/schrodinger/tmpdir/rustenburg/jag_SM08_micro002_SM08_micro011.1/SM08_micro011.in
/lila/data/chodera/schrodinger/tmpdir/rustenburg/jag_SM08_micro002_SM08_micro011.1/lt08-1-5af3622d.recover
/lila/data/chodera/schrodinger/tmpdir/rustenburg/jag_SM08_micro002_SM08_micro011.1/SM08_micro002.in
/lila/data/chodera/schrodinger/tmpdir/rustenburg/jag_SM08_micro002_SM08_micro011.1/lt08-1-5af3622d
/lila/data/chodera/schrodinger/tmpdir/rustenburg/jag_SM08_micro002_SM08_micro011.1/SM08_micro002.mae
/lila/data/chodera/schrodinger/tmpdir/rustenburg/jag_SM08_micro002_SM08_micro011.1/jag_SM08_micro002_SM08_micro011.log
/lila/data/chodera/schrodinger/tmpdir/rustenburg/jag_SM08_micro002_SM08_micro011.1/lt08-1-5af3622d.jlog

=====================
 Jaguar pKa workflow
=====================

Analysing user-provided (prot, deprot) pair:
(SM08_micro002.in, SM08_micro011.in)
Found labile hydrogen 23 in SM08_micro002.in
Found labile hydrogen at atom 11 in SM08_micro011.in
Adding 'ipkat' keyword to input files.

Identifying pKa functional group for pair:
(SM08_micro002, SM08_micro011)

Executing subprocess:
/data/chodera/schrodinger/schrodinger2017-4-advanced/jaguar-v9.8/bin/Linux-x86_64/pka -i -j SM08_micro002.tmp.jres -n

Taking protonated structures from:
SM08_micro002.mae
Taking deprotonated structures from:
SM08_micro011.mae

This molecule from 'SM08_micro002.mae' in water was recognized as:

 # 	            Shell             
---	------------------------------
1: 	protonation of O=Het          
2: 	Protonation of generic atom   
3: 	Protonation of sp2-like oxygen


Executing conformational search...

Executing 2 distributed subjobs:
---------------------------------

No more than 8 cpu(s) will be used per subjob.
No more than 10 cpu(s) will be used simultaneously.

Processing the following subjobs:
(1) jaguar run csrch.py SM08_micro002.mae -jobname SM08_micro002 -max_conf 5 -erg_window 50.208 -acc_level 1 -TPP 5
(2) jaguar run csrch.py SM08_micro011.mae -jobname SM08_micro011 -max_conf 5 -erg_window 50.208 -acc_level 1 -TPP 5

Running subjobs on hosts:
  lsf-cpu (Max: 2)
Number of jobs:       2
Max retries per job:  3
Max allowed failures: unlimited
Run with -LOCAL:      False
Verbosity:            normal

Starting JobDJ...

Keep one job on driver host: False
JobDJ columns:
  C: Number of completed subjobs
  A: Number of active subjobs (e.g., submitted, running)
  W: Number of waiting/pending subjobs

C A W | Activity  JobId  JobName  JobHost
- - - | --------- -----------------------
0 1 1 | launched  lt02-5-5af36253 SM08_micro002 lsf-cpu
0 2 0 | launched  lt02-0-5af3625c SM08_micro011 lsf-cpu
1 1 0 | finished  lt02-0-5af3625c SM08_micro011 lsf-cpu
2 0 0 | finished  lt02-5-5af36253 SM08_micro002 lsf-cpu

All jobs have completed.

2 of 2 job(s) succeeded; 0 job(s) failed.

Timer (distribute subjobs) : 580.24 secs (0 hrs, 09 mins, 40 secs)

Setting up QM workflow for (protonated, deprotonated) pair:
(1) (SM08_micro002, SM08_micro011)

Executing Jaguar quantum-mechanical subjobs...

Executing 10 distributed subjobs:
----------------------------------

No more than 8 cpu(s) will be used per subjob.
No more than 10 cpu(s) will be used simultaneously.

Processing the following subjobs:
(1) jaguar run pka_prot.bat -jobname SM08_micro002_conf_1 SM08_micro002_conf_1.in
(2) jaguar run pka_prot.bat -jobname SM08_micro002_conf_2 SM08_micro002_conf_2.in
(3) jaguar run pka_prot.bat -jobname SM08_micro002_conf_3 SM08_micro002_conf_3.in
(4) jaguar run pka_prot.bat -jobname SM08_micro002_conf_4 SM08_micro002_conf_4.in
(5) jaguar run pka_prot.bat -jobname SM08_micro002_conf_5 SM08_micro002_conf_5.in
(6) jaguar run pka_deprot.bat -jobname SM08_micro011_conf_1 SM08_micro011_conf_1.in
(7) jaguar run pka_deprot.bat -jobname SM08_micro011_conf_2 SM08_micro011_conf_2.in
(8) jaguar run pka_deprot.bat -jobname SM08_micro011_conf_3 SM08_micro011_conf_3.in
(9) jaguar run pka_deprot.bat -jobname SM08_micro011_conf_4 SM08_micro011_conf_4.in
(10) jaguar run pka_deprot.bat -jobname SM08_micro011_conf_5 SM08_micro011_conf_5.in

Running subjobs on hosts:
  lsf-cpu (Max: 10)
Number of jobs:       10
Max retries per job:  3
Max allowed failures: unlimited
Run with -LOCAL:      False
Verbosity:            normal

Starting JobDJ...

Keep one job on driver host: True
JobDJ columns:
  C: Number of completed subjobs
  A: Number of active subjobs (e.g., submitted, running)
  W: Number of waiting/pending subjobs

 C  A  W | Activity  JobId  JobName  JobHost
-- -- -- | --------- -----------------------
 0  1  9 | launched  lt02-0-5af3649c SM08_micro002_conf_1 localhost [lt02]
 0  2  8 | launched  lt02-0-5af364a0 SM08_micro002_conf_2 lsf-cpu
 0  3  7 | launched  lt02-0-5af364d0 SM08_micro002_conf_3 lsf-cpu
 0  4  6 | launched  lt02-0-5af364fa SM08_micro002_conf_4 lsf-cpu
 0  5  5 | launched  lt02-0-5af36530 SM08_micro002_conf_5 lsf-cpu
 0  6  4 | launched  lt02-0-5af365a1 SM08_micro011_conf_1 lsf-cpu
 0  7  3 | launched  lt02-0-5af365eb SM08_micro011_conf_2 lsf-cpu
 0  8  2 | launched  lt02-1-5af36605 SM08_micro011_conf_3 lsf-cpu
 0  9  1 | launched  lt02-1-5af36627 SM08_micro011_conf_4 lsf-cpu
 0 10  0 | launched  lt02-0-5af36657 SM08_micro011_conf_5 lsf-cpu
 1  9  0 | finished  lt02-0-5af3649c SM08_micro002_conf_1 localhost [lt02]
 2  8  0 | finished  lt02-0-5af365a1 SM08_micro011_conf_1 lsf-cpu [ls01]
 3  7  0 | finished  lt02-1-5af36605 SM08_micro011_conf_3 lsf-cpu [ls16]
 4  6  0 | finished  lt02-1-5af36627 SM08_micro011_conf_4 lsf-cpu [ls01]
 5  5  0 | finished  lt02-0-5af365eb SM08_micro011_conf_2 lsf-cpu [lt09]
 6  4  0 | finished  lt02-0-5af36530 SM08_micro002_conf_5 lsf-cpu [lt02]
 7  3  0 | finished  lt02-0-5af364fa SM08_micro002_conf_4 lsf-cpu [lt07]
 8  2  0 | finished  lt02-0-5af364a0 SM08_micro002_conf_2 lsf-cpu [lt07]
 9  1  0 | finished  lt02-0-5af36657 SM08_micro011_conf_5 lsf-cpu [lt02]
10  0  0 | finished  lt02-0-5af364d0 SM08_micro002_conf_3 lsf-cpu [lt09]

All jobs have completed.

10 of 10 job(s) succeeded; 0 job(s) failed.

Timer (distribute subjobs) : 6941.80 secs (1 hrs, 55 mins, 41 secs)

Processing QM output files...

Executing subprocess:
/data/chodera/schrodinger/schrodinger2017-4-advanced/jaguar results -energy SM08_micro002_conf_1.nrg_h.out

Executing subprocess:
/data/chodera/schrodinger/schrodinger2017-4-advanced/jaguar results -esolv SM08_micro002_conf_1.sol_h.out

Executing subprocess:
/data/chodera/schrodinger/schrodinger2017-4-advanced/jaguar results -energy SM08_micro002_conf_2.nrg_h.out

Executing subprocess:
/data/chodera/schrodinger/schrodinger2017-4-advanced/jaguar results -esolv SM08_micro002_conf_2.sol_h.out

Executing subprocess:
/data/chodera/schrodinger/schrodinger2017-4-advanced/jaguar results -energy SM08_micro002_conf_3.nrg_h.out

Executing subprocess:
/data/chodera/schrodinger/schrodinger2017-4-advanced/jaguar results -esolv SM08_micro002_conf_3.sol_h.out

Executing subprocess:
/data/chodera/schrodinger/schrodinger2017-4-advanced/jaguar results -energy SM08_micro002_conf_4.nrg_h.out

Executing subprocess:
/data/chodera/schrodinger/schrodinger2017-4-advanced/jaguar results -esolv SM08_micro002_conf_4.sol_h.out

Executing subprocess:
/data/chodera/schrodinger/schrodinger2017-4-advanced/jaguar results -energy SM08_micro002_conf_5.nrg_h.out

Executing subprocess:
/data/chodera/schrodinger/schrodinger2017-4-advanced/jaguar results -esolv SM08_micro002_conf_5.sol_h.out

Executing subprocess:
/data/chodera/schrodinger/schrodinger2017-4-advanced/jaguar results -energy SM08_micro011_conf_1.nrg.out

Executing subprocess:
/data/chodera/schrodinger/schrodinger2017-4-advanced/jaguar results -esolv SM08_micro011_conf_1.sol.out

Executing subprocess:
/data/chodera/schrodinger/schrodinger2017-4-advanced/jaguar results -energy SM08_micro011_conf_2.nrg.out

Executing subprocess:
/data/chodera/schrodinger/schrodinger2017-4-advanced/jaguar results -esolv SM08_micro011_conf_2.sol.out

Executing subprocess:
/data/chodera/schrodinger/schrodinger2017-4-advanced/jaguar results -energy SM08_micro011_conf_3.nrg.out

Executing subprocess:
/data/chodera/schrodinger/schrodinger2017-4-advanced/jaguar results -esolv SM08_micro011_conf_3.sol.out

Executing subprocess:
/data/chodera/schrodinger/schrodinger2017-4-advanced/jaguar results -energy SM08_micro011_conf_4.nrg.out

Executing subprocess:
/data/chodera/schrodinger/schrodinger2017-4-advanced/jaguar results -esolv SM08_micro011_conf_4.sol.out

Executing subprocess:
/data/chodera/schrodinger/schrodinger2017-4-advanced/jaguar results -energy SM08_micro011_conf_5.nrg.out

Executing subprocess:
/data/chodera/schrodinger/schrodinger2017-4-advanced/jaguar results -esolv SM08_micro011_conf_5.sol.out

Executing subprocess:
/data/chodera/schrodinger/schrodinger2017-4-advanced/jaguar-v9.8/bin/Linux-x86_64/pka -o SM08_micro002_deprot-out.mae -j SM08_micro002.jres -n -d

Executing subprocess:
/data/chodera/schrodinger/schrodinger2017-4-advanced/jaguar-v9.8/bin/Linux-x86_64/pka -o SM08_micro002_prot-out.mae -j SM08_micro002.jres -n

pKa calculation for SM08_micro002 completed.

pKa workflow jag_SM08_micro002_SM08_micro011 completed.

Timer (Jaguar pKa) : 7605.70 secs (2 hrs, 06 mins, 45 secs)
Timer (jaguar_backend.py) : 7605.71 secs (2 hrs, 06 mins, 45 secs)
Finished:   Wed May  9 19:10:54 2018
