Command:    jaguar run pka.py -jobname jag_SM10_micro021_SM10_micro002 -PARALLEL 10 -n -csrch -prot SM10_micro021.in -deprot SM10_micro002.in
Release:    2017-4
Exec:       /data/chodera/schrodinger/schrodinger2017-4-advanced/jaguar-v9.8/bin/Linux-x86_64
Host:       lt07
JobId:      lilac-0-5aec8046
JobDir:     /lila/data/chodera/schrodinger/tmpdir/rustenburg/jag_SM10_micro021_SM10_micro002
Date:       Fri May  4 11:48:35 2018

Contents of /lila/data/chodera/schrodinger/tmpdir/rustenburg/jag_SM10_micro021_SM10_micro002:
/lila/data/chodera/schrodinger/tmpdir/rustenburg/jag_SM10_micro021_SM10_micro002/lilac-0-5aec8046
/lila/data/chodera/schrodinger/tmpdir/rustenburg/jag_SM10_micro021_SM10_micro002/lilac-0-5aec8046.recover
/lila/data/chodera/schrodinger/tmpdir/rustenburg/jag_SM10_micro021_SM10_micro002/lilac-0-5aec8046.hosts
/lila/data/chodera/schrodinger/tmpdir/rustenburg/jag_SM10_micro021_SM10_micro002/lilac-0-5aec8046.mpinodes
/lila/data/chodera/schrodinger/tmpdir/rustenburg/jag_SM10_micro021_SM10_micro002/SM10_micro021.in
/lila/data/chodera/schrodinger/tmpdir/rustenburg/jag_SM10_micro021_SM10_micro002/jag_SM10_micro021_SM10_micro002.log
/lila/data/chodera/schrodinger/tmpdir/rustenburg/jag_SM10_micro021_SM10_micro002/jag_SM10_micro021_SM10_micro002.recover
/lila/data/chodera/schrodinger/tmpdir/rustenburg/jag_SM10_micro021_SM10_micro002/SM10_micro002.in
/lila/data/chodera/schrodinger/tmpdir/rustenburg/jag_SM10_micro021_SM10_micro002/lilac-0-5aec8046.jlog
/lila/data/chodera/schrodinger/tmpdir/rustenburg/jag_SM10_micro021_SM10_micro002/SM10_micro002.mae
/lila/data/chodera/schrodinger/tmpdir/rustenburg/jag_SM10_micro021_SM10_micro002/SM10_micro021.mae
/lila/data/chodera/schrodinger/tmpdir/rustenburg/jag_SM10_micro021_SM10_micro002/lilac-0-5aec8046.nodes

=====================
 Jaguar pKa workflow
=====================

Analysing user-provided (prot, deprot) pair:
(SM10_micro021.in, SM10_micro002.in)
Found labile hydrogen 23 in SM10_micro021.in
Found labile hydrogen at atom 15 in SM10_micro002.in
Adding 'ipkat' keyword to input files.

Identifying pKa functional group for pair:
(SM10_micro021, SM10_micro002)

Executing subprocess:
/data/chodera/schrodinger/schrodinger2017-4-advanced/jaguar-v9.8/bin/Linux-x86_64/pka -i -j SM10_micro021.tmp.jres -n

Taking protonated structures from:
SM10_micro021.mae
Taking deprotonated structures from:
SM10_micro002.mae

This molecule from 'SM10_micro021.mae' in water was recognized as:

 # 	           Shell           
---	---------------------------
1: 	thiazole/benzothiazole     
2: 	heterocycle                
3: 	Protonation of generic atom


Executing conformational search...

Executing 2 distributed subjobs:
---------------------------------

No more than 8 cpu(s) will be used per subjob.
No more than 10 cpu(s) will be used simultaneously.

Processing the following subjobs:
(1) jaguar run csrch.py SM10_micro021.mae -jobname SM10_micro021 -max_conf 5 -erg_window 50.208 -acc_level 1 -TPP 5
(2) jaguar run csrch.py SM10_micro002.mae -jobname SM10_micro002 -max_conf 5 -erg_window 50.208 -acc_level 1 -TPP 5

Running subjobs on hosts:
  lsf-cpu (Max: 2)
Number of jobs:       2
Max retries per job:  3
Max allowed failures: unlimited
Run with -LOCAL:      False
Verbosity:            normal

Starting JobDJ...

Keep one job on driver host: False
JobDJ columns:
  C: Number of completed subjobs
  A: Number of active subjobs (e.g., submitted, running)
  W: Number of waiting/pending subjobs

C A W | Activity  JobId  JobName  JobHost
- - - | --------- -----------------------
0 1 1 | launched  lt07-0-5aec80d9 SM10_micro021 lsf-cpu
0 2 0 | launched  lt07-0-5aec80e0 SM10_micro002 lsf-cpu
1 1 0 | finished  lt07-0-5aec80d9 SM10_micro021 lsf-cpu [lt08]
2 0 0 | finished  lt07-0-5aec80e0 SM10_micro002 lsf-cpu [lt22]

All jobs have completed.

2 of 2 job(s) succeeded; 0 job(s) failed.

Timer (distribute subjobs) : 1280.22 secs (0 hrs, 21 mins, 20 secs)

Setting up QM workflow for (protonated, deprotonated) pair:
(1) (SM10_micro021, SM10_micro002)

Executing Jaguar quantum-mechanical subjobs...

Executing 10 distributed subjobs:
----------------------------------

No more than 8 cpu(s) will be used per subjob.
No more than 10 cpu(s) will be used simultaneously.

Processing the following subjobs:
(1) jaguar run pka_prot.bat -jobname SM10_micro021_conf_1 SM10_micro021_conf_1.in
(2) jaguar run pka_prot.bat -jobname SM10_micro021_conf_2 SM10_micro021_conf_2.in
(3) jaguar run pka_prot.bat -jobname SM10_micro021_conf_3 SM10_micro021_conf_3.in
(4) jaguar run pka_prot.bat -jobname SM10_micro021_conf_4 SM10_micro021_conf_4.in
(5) jaguar run pka_prot.bat -jobname SM10_micro021_conf_5 SM10_micro021_conf_5.in
(6) jaguar run pka_deprot.bat -jobname SM10_micro002_conf_1 SM10_micro002_conf_1.in
(7) jaguar run pka_deprot.bat -jobname SM10_micro002_conf_2 SM10_micro002_conf_2.in
(8) jaguar run pka_deprot.bat -jobname SM10_micro002_conf_3 SM10_micro002_conf_3.in
(9) jaguar run pka_deprot.bat -jobname SM10_micro002_conf_4 SM10_micro002_conf_4.in
(10) jaguar run pka_deprot.bat -jobname SM10_micro002_conf_5 SM10_micro002_conf_5.in

Running subjobs on hosts:
  lsf-cpu (Max: 10)
Number of jobs:       10
Max retries per job:  3
Max allowed failures: unlimited
Run with -LOCAL:      False
Verbosity:            normal

Starting JobDJ...

Keep one job on driver host: True
JobDJ columns:
  C: Number of completed subjobs
  A: Number of active subjobs (e.g., submitted, running)
  W: Number of waiting/pending subjobs

 C  A  W | Activity  JobId  JobName  JobHost
-- -- -- | --------- -----------------------
 0  1  9 | launched  lt07-0-5aec85da SM10_micro021_conf_1 localhost [lt07]
 0  2  8 | launched  lt07-0-5aec85dd SM10_micro021_conf_2 lsf-cpu
 0  3  7 | launched  lt07-0-5aec85e2 SM10_micro021_conf_3 lsf-cpu
 0  4  6 | launched  lt07-0-5aec85e5 SM10_micro021_conf_4 lsf-cpu
 0  5  5 | launched  lt07-0-5aec85e8 SM10_micro021_conf_5 lsf-cpu
 0  6  4 | launched  lt07-0-5aec85ec SM10_micro002_conf_1 lsf-cpu
 0  7  3 | launched  lt07-0-5aec85f0 SM10_micro002_conf_2 lsf-cpu
 0  8  2 | launched  lt07-0-5aec85f4 SM10_micro002_conf_3 lsf-cpu
 0  9  1 | launched  lt07-0-5aec85f8 SM10_micro002_conf_4 lsf-cpu
 0 10  0 | launched  lt07-0-5aec85fb SM10_micro002_conf_5 lsf-cpu
 1  9  0 | finished  lt07-0-5aec85fb SM10_micro002_conf_5 lsf-cpu [ls14]
 2  8  0 | finished  lt07-0-5aec85e8 SM10_micro021_conf_5 lsf-cpu [ls04]
 3  7  0 | finished  lt07-0-5aec85f4 SM10_micro002_conf_3 lsf-cpu [ls02]
 4  6  0 | finished  lt07-0-5aec85da SM10_micro021_conf_1 localhost [lt07]
 5  5  0 | finished  lt07-0-5aec85f0 SM10_micro002_conf_2 lsf-cpu [ls04]
 6  4  0 | finished  lt07-0-5aec85f8 SM10_micro002_conf_4 lsf-cpu [ls02]
 7  3  0 | finished  lt07-0-5aec85e5 SM10_micro021_conf_4 lsf-cpu [ls07]
 8  2  0 | finished  lt07-0-5aec85ec SM10_micro002_conf_1 lsf-cpu [ls04]
 9  1  0 | finished  lt07-0-5aec85e2 SM10_micro021_conf_3 lsf-cpu [ls07]
10  0  0 | finished  lt07-0-5aec85dd SM10_micro021_conf_2 lsf-cpu [ls07]

All jobs have completed.

10 of 10 job(s) succeeded; 0 job(s) failed.

Timer (distribute subjobs) : 6446.45 secs (1 hrs, 47 mins, 26 secs)

Processing QM output files...

Executing subprocess:
/data/chodera/schrodinger/schrodinger2017-4-advanced/jaguar results -energy SM10_micro021_conf_1.nrg_h.out

Executing subprocess:
/data/chodera/schrodinger/schrodinger2017-4-advanced/jaguar results -esolv SM10_micro021_conf_1.sol_h.out

Executing subprocess:
/data/chodera/schrodinger/schrodinger2017-4-advanced/jaguar results -energy SM10_micro021_conf_2.nrg_h.out

Executing subprocess:
/data/chodera/schrodinger/schrodinger2017-4-advanced/jaguar results -esolv SM10_micro021_conf_2.sol_h.out

Executing subprocess:
/data/chodera/schrodinger/schrodinger2017-4-advanced/jaguar results -energy SM10_micro021_conf_3.nrg_h.out

Executing subprocess:
/data/chodera/schrodinger/schrodinger2017-4-advanced/jaguar results -esolv SM10_micro021_conf_3.sol_h.out

Executing subprocess:
/data/chodera/schrodinger/schrodinger2017-4-advanced/jaguar results -energy SM10_micro021_conf_4.nrg_h.out

Executing subprocess:
/data/chodera/schrodinger/schrodinger2017-4-advanced/jaguar results -esolv SM10_micro021_conf_4.sol_h.out

Executing subprocess:
/data/chodera/schrodinger/schrodinger2017-4-advanced/jaguar results -energy SM10_micro021_conf_5.nrg_h.out

Executing subprocess:
/data/chodera/schrodinger/schrodinger2017-4-advanced/jaguar results -esolv SM10_micro021_conf_5.sol_h.out

Executing subprocess:
/data/chodera/schrodinger/schrodinger2017-4-advanced/jaguar results -energy SM10_micro002_conf_1.nrg.out

Executing subprocess:
/data/chodera/schrodinger/schrodinger2017-4-advanced/jaguar results -esolv SM10_micro002_conf_1.sol.out

Executing subprocess:
/data/chodera/schrodinger/schrodinger2017-4-advanced/jaguar results -energy SM10_micro002_conf_2.nrg.out

Executing subprocess:
/data/chodera/schrodinger/schrodinger2017-4-advanced/jaguar results -esolv SM10_micro002_conf_2.sol.out

Executing subprocess:
/data/chodera/schrodinger/schrodinger2017-4-advanced/jaguar results -energy SM10_micro002_conf_3.nrg.out

Executing subprocess:
/data/chodera/schrodinger/schrodinger2017-4-advanced/jaguar results -esolv SM10_micro002_conf_3.sol.out

Executing subprocess:
/data/chodera/schrodinger/schrodinger2017-4-advanced/jaguar results -energy SM10_micro002_conf_4.nrg.out

Executing subprocess:
/data/chodera/schrodinger/schrodinger2017-4-advanced/jaguar results -esolv SM10_micro002_conf_4.sol.out

Executing subprocess:
/data/chodera/schrodinger/schrodinger2017-4-advanced/jaguar results -energy SM10_micro002_conf_5.nrg.out

Executing subprocess:
/data/chodera/schrodinger/schrodinger2017-4-advanced/jaguar results -esolv SM10_micro002_conf_5.sol.out

Executing subprocess:
/data/chodera/schrodinger/schrodinger2017-4-advanced/jaguar-v9.8/bin/Linux-x86_64/pka -o SM10_micro021_deprot-out.mae -j SM10_micro021.jres -n -d

Executing subprocess:
/data/chodera/schrodinger/schrodinger2017-4-advanced/jaguar-v9.8/bin/Linux-x86_64/pka -o SM10_micro021_prot-out.mae -j SM10_micro021.jres -n

pKa calculation for SM10_micro021 completed.

pKa workflow jag_SM10_micro021_SM10_micro002 completed.

Timer (Jaguar pKa) : 7856.70 secs (2 hrs, 10 mins, 56 secs)
Timer (jaguar_backend.py) : 7856.70 secs (2 hrs, 10 mins, 56 secs)
Finished:   Fri May  4 13:59:32 2018
