Command:    jaguar run pka.py -jobname jag_SM08_micro006_SM08_micro004 -PARALLEL 10 -WAIT -n -csrch -prot SM08_micro006.in -deprot SM08_micro004.in
Release:    2017-4
Exec:       /data/chodera/schrodinger/schrodinger2017-4-advanced/jaguar-v9.8/bin/Linux-x86_64
Host:       lt07
JobId:      lt02-3-5af3624d
JobDir:     /lila/data/chodera/schrodinger/tmpdir/rustenburg/jag_SM08_micro006_SM08_micro004.1
Date:       Wed May  9 17:04:44 2018

Contents of /lila/data/chodera/schrodinger/tmpdir/rustenburg/jag_SM08_micro006_SM08_micro004.1:
/lila/data/chodera/schrodinger/tmpdir/rustenburg/jag_SM08_micro006_SM08_micro004.1/lt02-3-5af3624d.mpinodes
/lila/data/chodera/schrodinger/tmpdir/rustenburg/jag_SM08_micro006_SM08_micro004.1/SM08_micro006.mae
/lila/data/chodera/schrodinger/tmpdir/rustenburg/jag_SM08_micro006_SM08_micro004.1/lt02-3-5af3624d
/lila/data/chodera/schrodinger/tmpdir/rustenburg/jag_SM08_micro006_SM08_micro004.1/lt02-3-5af3624d.jlog
/lila/data/chodera/schrodinger/tmpdir/rustenburg/jag_SM08_micro006_SM08_micro004.1/lt02-3-5af3624d.nodes
/lila/data/chodera/schrodinger/tmpdir/rustenburg/jag_SM08_micro006_SM08_micro004.1/jag_SM08_micro006_SM08_micro004.log
/lila/data/chodera/schrodinger/tmpdir/rustenburg/jag_SM08_micro006_SM08_micro004.1/SM08_micro004.in
/lila/data/chodera/schrodinger/tmpdir/rustenburg/jag_SM08_micro006_SM08_micro004.1/SM08_micro004.mae
/lila/data/chodera/schrodinger/tmpdir/rustenburg/jag_SM08_micro006_SM08_micro004.1/lt02-3-5af3624d.recover
/lila/data/chodera/schrodinger/tmpdir/rustenburg/jag_SM08_micro006_SM08_micro004.1/jag_SM08_micro006_SM08_micro004.recover
/lila/data/chodera/schrodinger/tmpdir/rustenburg/jag_SM08_micro006_SM08_micro004.1/SM08_micro006.in
/lila/data/chodera/schrodinger/tmpdir/rustenburg/jag_SM08_micro006_SM08_micro004.1/lt02-3-5af3624d.hosts

=====================
 Jaguar pKa workflow
=====================

Analysing user-provided (prot, deprot) pair:
(SM08_micro006.in, SM08_micro004.in)
Found labile hydrogen 23 in SM08_micro006.in
Found labile hydrogen at atom 12 in SM08_micro004.in
Adding 'ipkat' keyword to input files.

Identifying pKa functional group for pair:
(SM08_micro006, SM08_micro004)

Executing subprocess:
/data/chodera/schrodinger/schrodinger2017-4-advanced/jaguar-v9.8/bin/Linux-x86_64/pka -i -j SM08_micro006.tmp.jres -n

Taking protonated structures from:
SM08_micro006.mae
Taking deprotonated structures from:
SM08_micro004.mae

This molecule from 'SM08_micro006.mae' in water was recognized as:

 # 	           Shell           
---	---------------------------
1: 	delta lactam               
2: 	Protonation of generic atom


Executing conformational search...

Executing 2 distributed subjobs:
---------------------------------

No more than 8 cpu(s) will be used per subjob.
No more than 10 cpu(s) will be used simultaneously.

Processing the following subjobs:
(1) jaguar run csrch.py SM08_micro006.mae -jobname SM08_micro006 -max_conf 5 -erg_window 50.208 -acc_level 1 -TPP 5
(2) jaguar run csrch.py SM08_micro004.mae -jobname SM08_micro004 -max_conf 5 -erg_window 50.208 -acc_level 1 -TPP 5

Running subjobs on hosts:
  lsf-cpu (Max: 2)
Number of jobs:       2
Max retries per job:  3
Max allowed failures: unlimited
Run with -LOCAL:      False
Verbosity:            normal

Starting JobDJ...

Keep one job on driver host: False
JobDJ columns:
  C: Number of completed subjobs
  A: Number of active subjobs (e.g., submitted, running)
  W: Number of waiting/pending subjobs

C A W | Activity  JobId  JobName  JobHost
- - - | --------- -----------------------
0 1 1 | launched  lt07-1-5af3627a SM08_micro006 lsf-cpu
0 2 0 | launched  lt07-6-5af36282 SM08_micro004 lsf-cpu
1 1 0 | finished  lt07-1-5af3627a SM08_micro006 lsf-cpu
2 0 0 | finished  lt07-6-5af36282 SM08_micro004 lsf-cpu

All jobs have completed.

2 of 2 job(s) succeeded; 0 job(s) failed.

Timer (distribute subjobs) : 522.53 secs (0 hrs, 08 mins, 42 secs)

Setting up QM workflow for (protonated, deprotonated) pair:
(1) (SM08_micro006, SM08_micro004)

Executing Jaguar quantum-mechanical subjobs...

Executing 2 distributed subjobs:
---------------------------------

No more than 8 cpu(s) will be used per subjob.
No more than 10 cpu(s) will be used simultaneously.

Processing the following subjobs:
(1) jaguar run pka_prot.bat -jobname SM08_micro006_conf SM08_micro006_conf.in -TPP 5
(2) jaguar run pka_deprot.bat -jobname SM08_micro004_conf SM08_micro004_conf.in -TPP 5

Running subjobs on hosts:
  lsf-cpu (Max: 2)
Number of jobs:       2
Max retries per job:  3
Max allowed failures: unlimited
Run with -LOCAL:      False
Verbosity:            normal

Starting JobDJ...

Keep one job on driver host: False
JobDJ columns:
  C: Number of completed subjobs
  A: Number of active subjobs (e.g., submitted, running)
  W: Number of waiting/pending subjobs

C A W | Activity  JobId  JobName  JobHost
- - - | --------- -----------------------
0 1 1 | launched  lt07-2-5af36515 SM08_micro006_conf lsf-cpu
0 2 0 | launched  lt07-1-5af3653a SM08_micro004_conf lsf-cpu
1 1 0 | finished  lt07-1-5af3653a SM08_micro004_conf lsf-cpu [ls11]
2 0 0 | finished  lt07-2-5af36515 SM08_micro006_conf lsf-cpu [lt07]

All jobs have completed.

2 of 2 job(s) succeeded; 0 job(s) failed.

Timer (distribute subjobs) : 3001.35 secs (0 hrs, 50 mins, 01 secs)

Processing QM output files...

Executing subprocess:
/data/chodera/schrodinger/schrodinger2017-4-advanced/jaguar results -energy SM08_micro006_conf.nrg_h.out

Executing subprocess:
/data/chodera/schrodinger/schrodinger2017-4-advanced/jaguar results -esolv SM08_micro006_conf.sol_h.out

Executing subprocess:
/data/chodera/schrodinger/schrodinger2017-4-advanced/jaguar results -energy SM08_micro004_conf.nrg.out

Executing subprocess:
/data/chodera/schrodinger/schrodinger2017-4-advanced/jaguar results -esolv SM08_micro004_conf.sol.out

Executing subprocess:
/data/chodera/schrodinger/schrodinger2017-4-advanced/jaguar-v9.8/bin/Linux-x86_64/pka -o SM08_micro006_deprot-out.mae -j SM08_micro006.jres -n -d

Executing subprocess:
/data/chodera/schrodinger/schrodinger2017-4-advanced/jaguar-v9.8/bin/Linux-x86_64/pka -o SM08_micro006_prot-out.mae -j SM08_micro006.jres -n

pKa calculation for SM08_micro006 completed.

pKa workflow jag_SM08_micro006_SM08_micro004 completed.

Timer (Jaguar pKa) : 3558.02 secs (0 hrs, 59 mins, 18 secs)
Timer (jaguar_backend.py) : 3558.02 secs (0 hrs, 59 mins, 18 secs)
Finished:   Wed May  9 18:04:02 2018
