Command:    jaguar run pka.py -jobname jag_SM23_micro007_SM23_micro020 -PARALLEL 10 -WAIT -n -csrch -prot SM23_micro007.in -deprot SM23_micro020.in
Release:    2017-4
Exec:       /data/chodera/schrodinger/schrodinger2017-4-advanced/jaguar-v9.8/bin/Linux-x86_64
Host:       lt07
JobId:      lt07-0-5af45f5b
JobDir:     /lila/data/chodera/schrodinger/tmpdir/rustenburg/jag_SM23_micro007_SM23_micro020
Date:       Thu May 10 11:03:58 2018

Contents of /lila/data/chodera/schrodinger/tmpdir/rustenburg/jag_SM23_micro007_SM23_micro020:
/lila/data/chodera/schrodinger/tmpdir/rustenburg/jag_SM23_micro007_SM23_micro020/SM23_micro020.mae
/lila/data/chodera/schrodinger/tmpdir/rustenburg/jag_SM23_micro007_SM23_micro020/SM23_micro007.in
/lila/data/chodera/schrodinger/tmpdir/rustenburg/jag_SM23_micro007_SM23_micro020/jag_SM23_micro007_SM23_micro020.recover
/lila/data/chodera/schrodinger/tmpdir/rustenburg/jag_SM23_micro007_SM23_micro020/SM23_micro007.mae
/lila/data/chodera/schrodinger/tmpdir/rustenburg/jag_SM23_micro007_SM23_micro020/SM23_micro020.in
/lila/data/chodera/schrodinger/tmpdir/rustenburg/jag_SM23_micro007_SM23_micro020/lt07-0-5af45f5b.recover
/lila/data/chodera/schrodinger/tmpdir/rustenburg/jag_SM23_micro007_SM23_micro020/lt07-0-5af45f5b.mpinodes
/lila/data/chodera/schrodinger/tmpdir/rustenburg/jag_SM23_micro007_SM23_micro020/lt07-0-5af45f5b
/lila/data/chodera/schrodinger/tmpdir/rustenburg/jag_SM23_micro007_SM23_micro020/jag_SM23_micro007_SM23_micro020.log

=====================
 Jaguar pKa workflow
=====================

Analysing user-provided (prot, deprot) pair:
(SM23_micro007.in, SM23_micro020.in)
Found labile hydrogen 44 in SM23_micro007.in
Found labile hydrogen at atom 20 in SM23_micro020.in
Adding 'ipkat' keyword to input files.

Identifying pKa functional group for pair:
(SM23_micro007, SM23_micro020)

Executing subprocess:
/data/chodera/schrodinger/schrodinger2017-4-advanced/jaguar-v9.8/bin/Linux-x86_64/pka -i -j SM23_micro007.tmp.jres -n

Taking protonated structures from:
SM23_micro007.mae
Taking deprotonated structures from:
SM23_micro020.mae

This molecule from 'SM23_micro007.mae' in water was recognized as:

 # 	                  Shell                   
---	------------------------------------------
1: 	Protonation of sp2-like aliphatic nitrogen
2: 	Protonation of generic atom               


Executing conformational search...

Executing 2 distributed subjobs:
---------------------------------

No more than 8 cpu(s) will be used per subjob.
No more than 10 cpu(s) will be used simultaneously.

Processing the following subjobs:
(1) jaguar run csrch.py SM23_micro007.mae -jobname SM23_micro007 -max_conf 5 -erg_window 50.208 -acc_level 1 -TPP 5
(2) jaguar run csrch.py SM23_micro020.mae -jobname SM23_micro020 -max_conf 5 -erg_window 50.208 -acc_level 1 -TPP 5

Running subjobs on hosts:
  localhost (Max: 2)
Number of jobs:       2
Max retries per job:  3
Max allowed failures: unlimited
Run with -LOCAL:      False
Verbosity:            normal

Starting JobDJ...

Keep one job on driver host: False
JobDJ columns:
  C: Number of completed subjobs
  A: Number of active subjobs (e.g., submitted, running)
  W: Number of waiting/pending subjobs

C A W | Activity  JobId  JobName  JobHost
- - - | --------- -----------------------
0 1 1 | launched  lt07-0-5af45f6b SM23_micro007 localhost [lt07]
0 2 0 | launched  lt07-0-5af45f6e SM23_micro020 localhost [lt07]
