Command:    jaguar run pka.py -jobname jag_SM13_micro012_SM13_micro007 -PARALLEL 10 -n -csrch -prot SM13_micro012.in -deprot SM13_micro007.in
Release:    2017-4
Exec:       /data/chodera/schrodinger/schrodinger2017-4-advanced/jaguar-v9.8/bin/Linux-x86_64
Host:       ls01
JobId:      lilac-0-5aeca2c4
JobDir:     /lila/data/chodera/schrodinger/tmpdir/rustenburg/jag_SM13_micro012_SM13_micro007
Date:       Fri May  4 14:13:33 2018

Contents of /lila/data/chodera/schrodinger/tmpdir/rustenburg/jag_SM13_micro012_SM13_micro007:
/lila/data/chodera/schrodinger/tmpdir/rustenburg/jag_SM13_micro012_SM13_micro007/lilac-0-5aeca2c4.nodes
/lila/data/chodera/schrodinger/tmpdir/rustenburg/jag_SM13_micro012_SM13_micro007/jag_SM13_micro012_SM13_micro007.log
/lila/data/chodera/schrodinger/tmpdir/rustenburg/jag_SM13_micro012_SM13_micro007/SM13_micro012.mae
/lila/data/chodera/schrodinger/tmpdir/rustenburg/jag_SM13_micro012_SM13_micro007/lilac-0-5aeca2c4
/lila/data/chodera/schrodinger/tmpdir/rustenburg/jag_SM13_micro012_SM13_micro007/lilac-0-5aeca2c4.recover
/lila/data/chodera/schrodinger/tmpdir/rustenburg/jag_SM13_micro012_SM13_micro007/lilac-0-5aeca2c4.mpinodes
/lila/data/chodera/schrodinger/tmpdir/rustenburg/jag_SM13_micro012_SM13_micro007/jag_SM13_micro012_SM13_micro007.recover
/lila/data/chodera/schrodinger/tmpdir/rustenburg/jag_SM13_micro012_SM13_micro007/lilac-0-5aeca2c4.hosts
/lila/data/chodera/schrodinger/tmpdir/rustenburg/jag_SM13_micro012_SM13_micro007/lilac-0-5aeca2c4.jlog
/lila/data/chodera/schrodinger/tmpdir/rustenburg/jag_SM13_micro012_SM13_micro007/SM13_micro007.in
/lila/data/chodera/schrodinger/tmpdir/rustenburg/jag_SM13_micro012_SM13_micro007/SM13_micro012.in
/lila/data/chodera/schrodinger/tmpdir/rustenburg/jag_SM13_micro012_SM13_micro007/SM13_micro007.mae

=====================
 Jaguar pKa workflow
=====================

Analysing user-provided (prot, deprot) pair:
(SM13_micro012.in, SM13_micro007.in)
Found labile hydrogen 31 in SM13_micro012.in
Found labile hydrogen at atom 8 in SM13_micro007.in
Adding 'ipkat' keyword to input files.

Identifying pKa functional group for pair:
(SM13_micro012, SM13_micro007)

Executing subprocess:
/data/chodera/schrodinger/schrodinger2017-4-advanced/jaguar-v9.8/bin/Linux-x86_64/pka -i -j SM13_micro012.tmp.jres -n

Taking protonated structures from:
SM13_micro012.mae
Taking deprotonated structures from:
SM13_micro007.mae

This molecule from 'SM13_micro012.mae' in water was recognized as:

 # 	                  Shell                   
---	------------------------------------------
1: 	RN=Het                                    
2: 	Protonation of sp2-like aliphatic nitrogen
3: 	Protonation of generic atom               


Executing conformational search...

Executing 2 distributed subjobs:
---------------------------------

No more than 8 cpu(s) will be used per subjob.
No more than 10 cpu(s) will be used simultaneously.

Processing the following subjobs:
(1) jaguar run csrch.py SM13_micro012.mae -jobname SM13_micro012 -max_conf 5 -erg_window 50.208 -acc_level 1 -TPP 5
(2) jaguar run csrch.py SM13_micro007.mae -jobname SM13_micro007 -max_conf 5 -erg_window 50.208 -acc_level 1 -TPP 5

Running subjobs on hosts:
  lsf-cpu (Max: 2)
Number of jobs:       2
Max retries per job:  3
Max allowed failures: unlimited
Run with -LOCAL:      False
Verbosity:            normal

Starting JobDJ...

Keep one job on driver host: False
JobDJ columns:
  C: Number of completed subjobs
  A: Number of active subjobs (e.g., submitted, running)
  W: Number of waiting/pending subjobs

C A W | Activity  JobId  JobName  JobHost
- - - | --------- -----------------------
0 1 1 | launched  ls01-1-5aeca2d4 SM13_micro012 lsf-cpu
0 2 0 | launched  ls01-1-5aeca2d8 SM13_micro007 lsf-cpu
1 1 0 | finished  ls01-1-5aeca2d4 SM13_micro012 lsf-cpu [ls04]
2 0 0 | finished  ls01-1-5aeca2d8 SM13_micro007 lsf-cpu [lt22]

All jobs have completed.

2 of 2 job(s) succeeded; 0 job(s) failed.

Timer (distribute subjobs) : 2606.86 secs (0 hrs, 43 mins, 26 secs)

Setting up QM workflow for (protonated, deprotonated) pair:
(1) (SM13_micro012, SM13_micro007)

Executing Jaguar quantum-mechanical subjobs...

Executing 10 distributed subjobs:
----------------------------------

No more than 8 cpu(s) will be used per subjob.
No more than 10 cpu(s) will be used simultaneously.

Processing the following subjobs:
(1) jaguar run pka_prot.bat -jobname SM13_micro012_conf_1 SM13_micro012_conf_1.in
(2) jaguar run pka_prot.bat -jobname SM13_micro012_conf_2 SM13_micro012_conf_2.in
(3) jaguar run pka_prot.bat -jobname SM13_micro012_conf_3 SM13_micro012_conf_3.in
(4) jaguar run pka_prot.bat -jobname SM13_micro012_conf_4 SM13_micro012_conf_4.in
(5) jaguar run pka_prot.bat -jobname SM13_micro012_conf_5 SM13_micro012_conf_5.in
(6) jaguar run pka_deprot.bat -jobname SM13_micro007_conf_1 SM13_micro007_conf_1.in
(7) jaguar run pka_deprot.bat -jobname SM13_micro007_conf_2 SM13_micro007_conf_2.in
(8) jaguar run pka_deprot.bat -jobname SM13_micro007_conf_3 SM13_micro007_conf_3.in
(9) jaguar run pka_deprot.bat -jobname SM13_micro007_conf_4 SM13_micro007_conf_4.in
(10) jaguar run pka_deprot.bat -jobname SM13_micro007_conf_5 SM13_micro007_conf_5.in

Running subjobs on hosts:
  lsf-cpu (Max: 10)
Number of jobs:       10
Max retries per job:  3
Max allowed failures: unlimited
Run with -LOCAL:      False
Verbosity:            normal

Starting JobDJ...

Keep one job on driver host: True
JobDJ columns:
  C: Number of completed subjobs
  A: Number of active subjobs (e.g., submitted, running)
  W: Number of waiting/pending subjobs

 C  A  W | Activity  JobId  JobName  JobHost
-- -- -- | --------- -----------------------
 0  1  9 | launched  ls01-0-5aecad03 SM13_micro012_conf_1 localhost [ls01]
 0  2  8 | launched  ls01-0-5aecad08 SM13_micro012_conf_2 lsf-cpu
 0  3  7 | launched  ls01-0-5aecad0d SM13_micro012_conf_3 lsf-cpu
 0  4  6 | launched  ls01-0-5aecad11 SM13_micro012_conf_4 lsf-cpu
 0  5  5 | launched  ls01-0-5aecad16 SM13_micro012_conf_5 lsf-cpu
 0  6  4 | launched  ls01-0-5aecad1b SM13_micro007_conf_1 lsf-cpu
 0  7  3 | launched  ls01-0-5aecad21 SM13_micro007_conf_2 lsf-cpu
 0  8  2 | launched  ls01-0-5aecad26 SM13_micro007_conf_3 lsf-cpu
 0  9  1 | launched  ls01-0-5aecad2c SM13_micro007_conf_4 lsf-cpu
 0 10  0 | launched  ls01-0-5aecad31 SM13_micro007_conf_5 lsf-cpu
 1  9  0 | finished  ls01-0-5aecad26 SM13_micro007_conf_3 lsf-cpu [ls10]
 2  8  0 | finished  ls01-0-5aecad03 SM13_micro012_conf_1 localhost [ls01]
 3  7  0 | finished  ls01-0-5aecad2c SM13_micro007_conf_4 lsf-cpu [ls17]
 4  6  0 | finished  ls01-0-5aecad0d SM13_micro012_conf_3 lsf-cpu [ls10]
 5  5  0 | finished  ls01-0-5aecad11 SM13_micro012_conf_4 lsf-cpu [ls04]
 6  4  0 | finished  ls01-0-5aecad21 SM13_micro007_conf_2 lsf-cpu [ls04]
 7  3  0 | finished  ls01-0-5aecad31 SM13_micro007_conf_5 lsf-cpu [ls18]
 8  2  0 | finished  ls01-0-5aecad1b SM13_micro007_conf_1 lsf-cpu [ls10]
 9  1  0 | finished  ls01-0-5aecad08 SM13_micro012_conf_2 lsf-cpu [ls15]
10  0  0 | finished  ls01-0-5aecad16 SM13_micro012_conf_5 lsf-cpu [ls15]

All jobs have completed.

10 of 10 job(s) succeeded; 0 job(s) failed.

Timer (distribute subjobs) : 4769.20 secs (1 hrs, 19 mins, 29 secs)

Processing QM output files...

Executing subprocess:
/data/chodera/schrodinger/schrodinger2017-4-advanced/jaguar results -energy SM13_micro012_conf_1.nrg_h.out

Executing subprocess:
/data/chodera/schrodinger/schrodinger2017-4-advanced/jaguar results -esolv SM13_micro012_conf_1.sol_h.out

Executing subprocess:
/data/chodera/schrodinger/schrodinger2017-4-advanced/jaguar results -energy SM13_micro012_conf_2.nrg_h.out

Executing subprocess:
/data/chodera/schrodinger/schrodinger2017-4-advanced/jaguar results -esolv SM13_micro012_conf_2.sol_h.out

Executing subprocess:
/data/chodera/schrodinger/schrodinger2017-4-advanced/jaguar results -energy SM13_micro012_conf_3.nrg_h.out

Executing subprocess:
/data/chodera/schrodinger/schrodinger2017-4-advanced/jaguar results -esolv SM13_micro012_conf_3.sol_h.out

Executing subprocess:
/data/chodera/schrodinger/schrodinger2017-4-advanced/jaguar results -energy SM13_micro012_conf_4.nrg_h.out

Executing subprocess:
/data/chodera/schrodinger/schrodinger2017-4-advanced/jaguar results -esolv SM13_micro012_conf_4.sol_h.out

Executing subprocess:
/data/chodera/schrodinger/schrodinger2017-4-advanced/jaguar results -energy SM13_micro012_conf_5.nrg_h.out

Executing subprocess:
/data/chodera/schrodinger/schrodinger2017-4-advanced/jaguar results -esolv SM13_micro012_conf_5.sol_h.out

Executing subprocess:
/data/chodera/schrodinger/schrodinger2017-4-advanced/jaguar results -energy SM13_micro007_conf_1.nrg.out

Executing subprocess:
/data/chodera/schrodinger/schrodinger2017-4-advanced/jaguar results -esolv SM13_micro007_conf_1.sol.out

Executing subprocess:
/data/chodera/schrodinger/schrodinger2017-4-advanced/jaguar results -energy SM13_micro007_conf_2.nrg.out

Executing subprocess:
/data/chodera/schrodinger/schrodinger2017-4-advanced/jaguar results -esolv SM13_micro007_conf_2.sol.out

Executing subprocess:
/data/chodera/schrodinger/schrodinger2017-4-advanced/jaguar results -energy SM13_micro007_conf_3.nrg.out

Executing subprocess:
/data/chodera/schrodinger/schrodinger2017-4-advanced/jaguar results -esolv SM13_micro007_conf_3.sol.out

Executing subprocess:
/data/chodera/schrodinger/schrodinger2017-4-advanced/jaguar results -energy SM13_micro007_conf_4.nrg.out

Executing subprocess:
/data/chodera/schrodinger/schrodinger2017-4-advanced/jaguar results -esolv SM13_micro007_conf_4.sol.out

Executing subprocess:
/data/chodera/schrodinger/schrodinger2017-4-advanced/jaguar results -energy SM13_micro007_conf_5.nrg.out

Executing subprocess:
/data/chodera/schrodinger/schrodinger2017-4-advanced/jaguar results -esolv SM13_micro007_conf_5.sol.out

Executing subprocess:
/data/chodera/schrodinger/schrodinger2017-4-advanced/jaguar-v9.8/bin/Linux-x86_64/pka -o SM13_micro012_deprot-out.mae -j SM13_micro012.jres -n -d

Executing subprocess:
/data/chodera/schrodinger/schrodinger2017-4-advanced/jaguar-v9.8/bin/Linux-x86_64/pka -o SM13_micro012_prot-out.mae -j SM13_micro012.jres -n

pKa calculation for SM13_micro012 completed.

pKa workflow jag_SM13_micro012_SM13_micro007 completed.

Timer (Jaguar pKa) : 7453.04 secs (2 hrs, 04 mins, 13 secs)
Timer (jaguar_backend.py) : 7453.04 secs (2 hrs, 04 mins, 13 secs)
Finished:   Fri May  4 16:17:46 2018
