Command:    jaguar run pka.py -jobname jag_SM19_micro002_SM19_micro008 -PARALLEL 10 -n -csrch -prot SM19_micro002.in -deprot SM19_micro008.in
Release:    2017-4
Exec:       /data/chodera/schrodinger/schrodinger2017-4-advanced/jaguar-v9.8/bin/Linux-x86_64
Host:       lt17
JobId:      lilac-0-5aecc192
JobDir:     /lila/data/chodera/schrodinger/tmpdir/rustenburg/jag_SM19_micro002_SM19_micro008
Date:       Fri May  4 16:51:37 2018

Contents of /lila/data/chodera/schrodinger/tmpdir/rustenburg/jag_SM19_micro002_SM19_micro008:
/lila/data/chodera/schrodinger/tmpdir/rustenburg/jag_SM19_micro002_SM19_micro008/SM19_micro002.mae
/lila/data/chodera/schrodinger/tmpdir/rustenburg/jag_SM19_micro002_SM19_micro008/lilac-0-5aecc192.jlog
/lila/data/chodera/schrodinger/tmpdir/rustenburg/jag_SM19_micro002_SM19_micro008/SM19_micro002.in
/lila/data/chodera/schrodinger/tmpdir/rustenburg/jag_SM19_micro002_SM19_micro008/lilac-0-5aecc192
/lila/data/chodera/schrodinger/tmpdir/rustenburg/jag_SM19_micro002_SM19_micro008/jag_SM19_micro002_SM19_micro008.log
/lila/data/chodera/schrodinger/tmpdir/rustenburg/jag_SM19_micro002_SM19_micro008/lilac-0-5aecc192.mpinodes
/lila/data/chodera/schrodinger/tmpdir/rustenburg/jag_SM19_micro002_SM19_micro008/SM19_micro008.mae
/lila/data/chodera/schrodinger/tmpdir/rustenburg/jag_SM19_micro002_SM19_micro008/SM19_micro008.in
/lila/data/chodera/schrodinger/tmpdir/rustenburg/jag_SM19_micro002_SM19_micro008/jag_SM19_micro002_SM19_micro008.recover
/lila/data/chodera/schrodinger/tmpdir/rustenburg/jag_SM19_micro002_SM19_micro008/lilac-0-5aecc192.nodes
/lila/data/chodera/schrodinger/tmpdir/rustenburg/jag_SM19_micro002_SM19_micro008/lilac-0-5aecc192.hosts
/lila/data/chodera/schrodinger/tmpdir/rustenburg/jag_SM19_micro002_SM19_micro008/lilac-0-5aecc192.recover

=====================
 Jaguar pKa workflow
=====================

Analysing user-provided (prot, deprot) pair:
(SM19_micro002.in, SM19_micro008.in)
Found labile hydrogen 34 in SM19_micro002.in
Found labile hydrogen at atom 16 in SM19_micro008.in
Adding 'ipkat' keyword to input files.

Identifying pKa functional group for pair:
(SM19_micro002, SM19_micro008)

Executing subprocess:
/data/chodera/schrodinger/schrodinger2017-4-advanced/jaguar-v9.8/bin/Linux-x86_64/pka -i -j SM19_micro002.tmp.jres -n

Taking protonated structures from:
SM19_micro002.mae
Taking deprotonated structures from:
SM19_micro008.mae

This molecule from 'SM19_micro002.mae' in water was recognized as:

 # 	                 Shell                  
---	----------------------------------------
1: 	mono keto CH acid                       
2: 	Protonation of generic atom             
3: 	aliphatic CH acid in water              
4: 	Protonation of sp2-like aliphatic carbon


Executing conformational search...

Executing 2 distributed subjobs:
---------------------------------

No more than 8 cpu(s) will be used per subjob.
No more than 10 cpu(s) will be used simultaneously.

Processing the following subjobs:
(1) jaguar run csrch.py SM19_micro002.mae -jobname SM19_micro002 -max_conf 5 -erg_window 50.208 -acc_level 1 -TPP 5
(2) jaguar run csrch.py SM19_micro008.mae -jobname SM19_micro008 -max_conf 5 -erg_window 50.208 -acc_level 1 -TPP 5

Running subjobs on hosts:
  lsf-cpu (Max: 2)
Number of jobs:       2
Max retries per job:  3
Max allowed failures: unlimited
Run with -LOCAL:      False
Verbosity:            normal

Starting JobDJ...

Keep one job on driver host: False
JobDJ columns:
  C: Number of completed subjobs
  A: Number of active subjobs (e.g., submitted, running)
  W: Number of waiting/pending subjobs

C A W | Activity  JobId  JobName  JobHost
- - - | --------- -----------------------
0 1 1 | launched  lt17-0-5aecc7e2 SM19_micro002 lsf-cpu
0 2 0 | launched  lt17-0-5aecc7e7 SM19_micro008 lsf-cpu
1 1 0 | finished  lt17-0-5aecc7e7 SM19_micro008 lsf-cpu [lt08]
2 0 0 | finished  lt17-0-5aecc7e2 SM19_micro002 lsf-cpu [ls16]

All jobs have completed.

2 of 2 job(s) succeeded; 0 job(s) failed.

Timer (distribute subjobs) : 11902.83 secs (3 hrs, 18 mins, 22 secs)

Setting up QM workflow for (protonated, deprotonated) pair:
(1) (SM19_micro002, SM19_micro008)

Executing Jaguar quantum-mechanical subjobs...

Executing 10 distributed subjobs:
----------------------------------

No more than 8 cpu(s) will be used per subjob.
No more than 10 cpu(s) will be used simultaneously.

Processing the following subjobs:
(1) jaguar run pka_prot.bat -jobname SM19_micro002_conf_1 SM19_micro002_conf_1.in
(2) jaguar run pka_prot.bat -jobname SM19_micro002_conf_2 SM19_micro002_conf_2.in
(3) jaguar run pka_prot.bat -jobname SM19_micro002_conf_3 SM19_micro002_conf_3.in
(4) jaguar run pka_prot.bat -jobname SM19_micro002_conf_4 SM19_micro002_conf_4.in
(5) jaguar run pka_prot.bat -jobname SM19_micro002_conf_5 SM19_micro002_conf_5.in
(6) jaguar run pka_deprot.bat -jobname SM19_micro008_conf_1 SM19_micro008_conf_1.in
(7) jaguar run pka_deprot.bat -jobname SM19_micro008_conf_2 SM19_micro008_conf_2.in
(8) jaguar run pka_deprot.bat -jobname SM19_micro008_conf_3 SM19_micro008_conf_3.in
(9) jaguar run pka_deprot.bat -jobname SM19_micro008_conf_4 SM19_micro008_conf_4.in
(10) jaguar run pka_deprot.bat -jobname SM19_micro008_conf_5 SM19_micro008_conf_5.in

Running subjobs on hosts:
  lsf-cpu (Max: 10)
Number of jobs:       10
Max retries per job:  3
Max allowed failures: unlimited
Run with -LOCAL:      False
Verbosity:            normal

Starting JobDJ...

Keep one job on driver host: True
JobDJ columns:
  C: Number of completed subjobs
  A: Number of active subjobs (e.g., submitted, running)
  W: Number of waiting/pending subjobs

 C  A  W | Activity  JobId  JobName  JobHost
-- -- -- | --------- -----------------------
 0  1  9 | launched  lt17-0-5aecf66c SM19_micro002_conf_1 localhost [lt17]
 0  2  8 | launched  lt17-0-5aecf67b SM19_micro002_conf_2 lsf-cpu
 0  3  7 | launched  lt17-1-5aecf691 SM19_micro002_conf_3 lsf-cpu
 0  4  6 | launched  lt17-0-5aecf69e SM19_micro002_conf_4 lsf-cpu
 0  5  5 | launched  lt17-0-5aecf6b0 SM19_micro002_conf_5 lsf-cpu
 0  6  4 | launched  lt17-0-5aecf6d7 SM19_micro008_conf_1 lsf-cpu
 0  7  3 | launched  lt17-0-5aecf70d SM19_micro008_conf_2 lsf-cpu
 0  8  2 | launched  lt17-0-5aecf73d SM19_micro008_conf_3 lsf-cpu
 0  9  1 | launched  lt17-0-5aecf76c SM19_micro008_conf_4 lsf-cpu
 0 10  0 | launched  lt17-0-5aecf798 SM19_micro008_conf_5 lsf-cpu
 1  9  0 | finished  lt17-0-5aecf66c SM19_micro002_conf_1 localhost [lt17]
 1  9  0 | launched  lt17-0-5aed0290 SM19_micro008_conf_5 localhost [lt17]
