Command:    jaguar run pka.py -jobname jag_SM06_micro003_SM06_micro009 -PARALLEL 10 -n -csrch -prot SM06_micro003.in -deprot SM06_micro009.in
Release:    2017-4
Exec:       /data/chodera/schrodinger/schrodinger2017-4-advanced/jaguar-v9.8/bin/Linux-x86_64
Host:       ls18
JobId:      lilac-0-5aec7321
JobDir:     /lila/data/chodera/schrodinger/tmpdir/rustenburg/jag_SM06_micro003_SM06_micro009
Date:       Fri May  4 10:50:23 2018

Contents of /lila/data/chodera/schrodinger/tmpdir/rustenburg/jag_SM06_micro003_SM06_micro009:
/lila/data/chodera/schrodinger/tmpdir/rustenburg/jag_SM06_micro003_SM06_micro009/SM06_micro009.mae
/lila/data/chodera/schrodinger/tmpdir/rustenburg/jag_SM06_micro003_SM06_micro009/SM06_micro003.mae
/lila/data/chodera/schrodinger/tmpdir/rustenburg/jag_SM06_micro003_SM06_micro009/lilac-0-5aec7321.jlog
/lila/data/chodera/schrodinger/tmpdir/rustenburg/jag_SM06_micro003_SM06_micro009/jag_SM06_micro003_SM06_micro009.recover
/lila/data/chodera/schrodinger/tmpdir/rustenburg/jag_SM06_micro003_SM06_micro009/lilac-0-5aec7321.hosts
/lila/data/chodera/schrodinger/tmpdir/rustenburg/jag_SM06_micro003_SM06_micro009/SM06_micro003.in
/lila/data/chodera/schrodinger/tmpdir/rustenburg/jag_SM06_micro003_SM06_micro009/lilac-0-5aec7321
/lila/data/chodera/schrodinger/tmpdir/rustenburg/jag_SM06_micro003_SM06_micro009/SM06_micro009.in
/lila/data/chodera/schrodinger/tmpdir/rustenburg/jag_SM06_micro003_SM06_micro009/lilac-0-5aec7321.mpinodes
/lila/data/chodera/schrodinger/tmpdir/rustenburg/jag_SM06_micro003_SM06_micro009/jag_SM06_micro003_SM06_micro009.log
/lila/data/chodera/schrodinger/tmpdir/rustenburg/jag_SM06_micro003_SM06_micro009/lilac-0-5aec7321.recover
/lila/data/chodera/schrodinger/tmpdir/rustenburg/jag_SM06_micro003_SM06_micro009/lilac-0-5aec7321.nodes

=====================
 Jaguar pKa workflow
=====================

Analysing user-provided (prot, deprot) pair:
(SM06_micro003.in, SM06_micro009.in)
Found labile hydrogen 22 in SM06_micro003.in
Found labile hydrogen at atom 13 in SM06_micro009.in
Adding 'ipkat' keyword to input files.

Identifying pKa functional group for pair:
(SM06_micro003, SM06_micro009)

Executing subprocess:
/data/chodera/schrodinger/schrodinger2017-4-advanced/jaguar-v9.8/bin/Linux-x86_64/pka -i -j SM06_micro003.tmp.jres -n

Taking protonated structures from:
SM06_micro003.mae
Taking deprotonated structures from:
SM06_micro009.mae

This molecule from 'SM06_micro003.mae' in water was recognized as:

 # 	            Shell             
---	------------------------------
1: 	Protonation of generic atom   
2: 	Protonation of sp2-like oxygen


Executing conformational search...

Executing 2 distributed subjobs:
---------------------------------

No more than 8 cpu(s) will be used per subjob.
No more than 10 cpu(s) will be used simultaneously.

Processing the following subjobs:
(1) jaguar run csrch.py SM06_micro003.mae -jobname SM06_micro003 -max_conf 5 -erg_window 50.208 -acc_level 1 -TPP 5
(2) jaguar run csrch.py SM06_micro009.mae -jobname SM06_micro009 -max_conf 5 -erg_window 50.208 -acc_level 1 -TPP 5

Running subjobs on hosts:
  lsf-cpu (Max: 2)
Number of jobs:       2
Max retries per job:  3
Max allowed failures: unlimited
Run with -LOCAL:      False
Verbosity:            normal

Starting JobDJ...

Keep one job on driver host: False
JobDJ columns:
  C: Number of completed subjobs
  A: Number of active subjobs (e.g., submitted, running)
  W: Number of waiting/pending subjobs

C A W | Activity  JobId  JobName  JobHost
- - - | --------- -----------------------
0 1 1 | launched  ls18-1-5aec7335 SM06_micro003 lsf-cpu
0 2 0 | launched  ls18-0-5aec7339 SM06_micro009 lsf-cpu
1 1 0 | finished  ls18-1-5aec7335 SM06_micro003 lsf-cpu
2 0 0 | finished  ls18-0-5aec7339 SM06_micro009 lsf-cpu

All jobs have completed.

2 of 2 job(s) succeeded; 0 job(s) failed.

Timer (distribute subjobs) : 392.96 secs (0 hrs, 06 mins, 32 secs)

Setting up QM workflow for (protonated, deprotonated) pair:
(1) (SM06_micro003, SM06_micro009)

Executing Jaguar quantum-mechanical subjobs...

Executing 10 distributed subjobs:
----------------------------------

No more than 8 cpu(s) will be used per subjob.
No more than 10 cpu(s) will be used simultaneously.

Processing the following subjobs:
(1) jaguar run pka_prot.bat -jobname SM06_micro003_conf_1 SM06_micro003_conf_1.in
(2) jaguar run pka_prot.bat -jobname SM06_micro003_conf_2 SM06_micro003_conf_2.in
(3) jaguar run pka_prot.bat -jobname SM06_micro003_conf_3 SM06_micro003_conf_3.in
(4) jaguar run pka_prot.bat -jobname SM06_micro003_conf_4 SM06_micro003_conf_4.in
(5) jaguar run pka_prot.bat -jobname SM06_micro003_conf_5 SM06_micro003_conf_5.in
(6) jaguar run pka_deprot.bat -jobname SM06_micro009_conf_1 SM06_micro009_conf_1.in
(7) jaguar run pka_deprot.bat -jobname SM06_micro009_conf_2 SM06_micro009_conf_2.in
(8) jaguar run pka_deprot.bat -jobname SM06_micro009_conf_3 SM06_micro009_conf_3.in
(9) jaguar run pka_deprot.bat -jobname SM06_micro009_conf_4 SM06_micro009_conf_4.in
(10) jaguar run pka_deprot.bat -jobname SM06_micro009_conf_5 SM06_micro009_conf_5.in

Running subjobs on hosts:
  lsf-cpu (Max: 10)
Number of jobs:       10
Max retries per job:  3
Max allowed failures: unlimited
Run with -LOCAL:      False
Verbosity:            normal

Starting JobDJ...

Keep one job on driver host: True
JobDJ columns:
  C: Number of completed subjobs
  A: Number of active subjobs (e.g., submitted, running)
  W: Number of waiting/pending subjobs

 C  A  W | Activity  JobId  JobName  JobHost
-- -- -- | --------- -----------------------
 0  1  9 | launched  ls18-0-5aec74bf SM06_micro003_conf_1 localhost [ls18]
 0  2  8 | launched  ls18-0-5aec74c4 SM06_micro003_conf_2 lsf-cpu
 0  3  7 | launched  ls18-0-5aec74ca SM06_micro003_conf_3 lsf-cpu
 0  4  6 | launched  ls18-0-5aec74ce SM06_micro003_conf_4 lsf-cpu
 0  5  5 | launched  ls18-0-5aec74d5 SM06_micro003_conf_5 lsf-cpu
 0  6  4 | launched  ls18-0-5aec74da SM06_micro009_conf_1 lsf-cpu
 0  7  3 | launched  ls18-0-5aec74e0 SM06_micro009_conf_2 lsf-cpu
 0  8  2 | launched  ls18-0-5aec74e5 SM06_micro009_conf_3 lsf-cpu
 0  9  1 | launched  ls18-0-5aec74ea SM06_micro009_conf_4 lsf-cpu
 0 10  0 | launched  ls18-0-5aec74f0 SM06_micro009_conf_5 lsf-cpu
 1  9  0 | finished  ls18-0-5aec74ce SM06_micro003_conf_4 lsf-cpu [ls01]
 2  8  0 | finished  ls18-0-5aec74bf SM06_micro003_conf_1 localhost [ls18]
 3  7  0 | finished  ls18-0-5aec74f0 SM06_micro009_conf_5 lsf-cpu [lt21]
 4  6  0 | finished  ls18-0-5aec74e0 SM06_micro009_conf_2 lsf-cpu [ls01]
 5  5  0 | finished  ls18-0-5aec74da SM06_micro009_conf_1 lsf-cpu [lt21]
 6  4  0 | finished  ls18-0-5aec74ca SM06_micro003_conf_3 lsf-cpu [lt05]
 7  3  0 | finished  ls18-0-5aec74d5 SM06_micro003_conf_5 lsf-cpu [lt21]
 8  2  0 | finished  ls18-0-5aec74e5 SM06_micro009_conf_3 lsf-cpu [lt21]
 9  1  0 | finished  ls18-0-5aec74ea SM06_micro009_conf_4 lsf-cpu [lt21]
10  0  0 | finished  ls18-0-5aec74c4 SM06_micro003_conf_2 lsf-cpu [lt05]

All jobs have completed.

10 of 10 job(s) succeeded; 0 job(s) failed.

Timer (distribute subjobs) : 9298.07 secs (2 hrs, 34 mins, 58 secs)

Processing QM output files...

Executing subprocess:
/data/chodera/schrodinger/schrodinger2017-4-advanced/jaguar results -energy SM06_micro003_conf_1.nrg_h.out

Executing subprocess:
/data/chodera/schrodinger/schrodinger2017-4-advanced/jaguar results -esolv SM06_micro003_conf_1.sol_h.out

Executing subprocess:
/data/chodera/schrodinger/schrodinger2017-4-advanced/jaguar results -energy SM06_micro003_conf_2.nrg_h.out

Executing subprocess:
/data/chodera/schrodinger/schrodinger2017-4-advanced/jaguar results -esolv SM06_micro003_conf_2.sol_h.out

Executing subprocess:
/data/chodera/schrodinger/schrodinger2017-4-advanced/jaguar results -energy SM06_micro003_conf_3.nrg_h.out

Executing subprocess:
/data/chodera/schrodinger/schrodinger2017-4-advanced/jaguar results -esolv SM06_micro003_conf_3.sol_h.out

Executing subprocess:
/data/chodera/schrodinger/schrodinger2017-4-advanced/jaguar results -energy SM06_micro003_conf_4.nrg_h.out

Executing subprocess:
/data/chodera/schrodinger/schrodinger2017-4-advanced/jaguar results -esolv SM06_micro003_conf_4.sol_h.out

Executing subprocess:
/data/chodera/schrodinger/schrodinger2017-4-advanced/jaguar results -energy SM06_micro003_conf_5.nrg_h.out

Executing subprocess:
/data/chodera/schrodinger/schrodinger2017-4-advanced/jaguar results -esolv SM06_micro003_conf_5.sol_h.out

Executing subprocess:
/data/chodera/schrodinger/schrodinger2017-4-advanced/jaguar results -energy SM06_micro009_conf_1.nrg.out

Executing subprocess:
/data/chodera/schrodinger/schrodinger2017-4-advanced/jaguar results -esolv SM06_micro009_conf_1.sol.out

Executing subprocess:
/data/chodera/schrodinger/schrodinger2017-4-advanced/jaguar results -energy SM06_micro009_conf_2.nrg.out

Executing subprocess:
/data/chodera/schrodinger/schrodinger2017-4-advanced/jaguar results -esolv SM06_micro009_conf_2.sol.out

Executing subprocess:
/data/chodera/schrodinger/schrodinger2017-4-advanced/jaguar results -energy SM06_micro009_conf_3.nrg.out

Executing subprocess:
/data/chodera/schrodinger/schrodinger2017-4-advanced/jaguar results -esolv SM06_micro009_conf_3.sol.out

Executing subprocess:
/data/chodera/schrodinger/schrodinger2017-4-advanced/jaguar results -energy SM06_micro009_conf_4.nrg.out

Executing subprocess:
/data/chodera/schrodinger/schrodinger2017-4-advanced/jaguar results -esolv SM06_micro009_conf_4.sol.out

Executing subprocess:
/data/chodera/schrodinger/schrodinger2017-4-advanced/jaguar results -energy SM06_micro009_conf_5.nrg.out

Executing subprocess:
/data/chodera/schrodinger/schrodinger2017-4-advanced/jaguar results -esolv SM06_micro009_conf_5.sol.out

Executing subprocess:
/data/chodera/schrodinger/schrodinger2017-4-advanced/jaguar-v9.8/bin/Linux-x86_64/pka -o SM06_micro003_deprot-out.mae -j SM06_micro003.jres -n -d

Executing subprocess:
/data/chodera/schrodinger/schrodinger2017-4-advanced/jaguar-v9.8/bin/Linux-x86_64/pka -o SM06_micro003_prot-out.mae -j SM06_micro003.jres -n

pKa calculation for SM06_micro003 completed.

pKa workflow jag_SM06_micro003_SM06_micro009 completed.

Timer (Jaguar pKa) : 9754.06 secs (2 hrs, 42 mins, 34 secs)
Timer (jaguar_backend.py) : 9754.06 secs (2 hrs, 42 mins, 34 secs)
Finished:   Fri May  4 13:32:57 2018
