Taking protonated structures from:
SM18_micro053_conf_1.dft_h.01.mae
SM18_micro053_conf_2.dft_h.01.mae
SM18_micro053_conf_3.dft_h.01.mae
SM18_micro053_conf_4.dft_h.01.mae
SM18_micro053_conf_5.dft_h.01.mae
Taking deprotonated structures from:
SM18_micro013_conf_1.dft.01.mae
SM18_micro013_conf_2.dft.01.mae
SM18_micro013_conf_3.dft.01.mae
SM18_micro013_conf_4.dft.01.mae
SM18_micro013_conf_5.dft.01.mae

Corrected results for 'protonated' structure in water:
pKa atom: 32

 # 	                  Shell                   	 pKa 	RMSD	 Contribution
---	------------------------------------------	-----	-----	--------------
1: 	imine                                     	-1.27	0.895	     0.00%
2: 	Protonation of sp2-like aliphatic nitrogen	-2.01	1.751	    23.52%
3: 	Protonation of generic atom               	-0.86	2.264	    76.48%

 Final weighted pKa value is -1.13



