Taking protonated structures from:
SM18_micro074_conf_1.dft_h.01.mae
SM18_micro074_conf_2.dft_h.01.mae
SM18_micro074_conf_3.dft_h.01.mae
SM18_micro074_conf_4.dft_h.01.mae
SM18_micro074_conf_5.dft_h.01.mae
Taking deprotonated structures from:
SM18_micro016_conf_1.dft.01.mae
SM18_micro016_conf_2.dft.01.mae
SM18_micro016_conf_3.dft.01.mae
SM18_micro016_conf_4.dft.01.mae
SM18_micro016_conf_5.dft.01.mae

Corrected results for 'protonated' structure in water:
pKa atom: 31

 # 	            Shell             	 pKa 	RMSD	 Contribution
---	------------------------------	-----	-----	--------------
1: 	protonation of O=Het          	-3.48	0.618	    98.21%
2: 	Protonation of generic atom   	 2.50	2.264	     0.61%
3: 	Protonation of sp2-like oxygen	 2.94	2.568	     1.18%

 Final weighted pKa value is -3.37



