Taking protonated structures from:
SM04_micro014_conf_1.dft_h.01.mae
SM04_micro014_conf_2.dft_h.01.mae
SM04_micro014_conf_3.dft_h.01.mae
SM04_micro014_conf_4.dft_h.01.mae
SM04_micro014_conf_5.dft_h.01.mae
Taking deprotonated structures from:
SM04_micro006_conf_1.dft.01.mae
SM04_micro006_conf_2.dft.01.mae
SM04_micro006_conf_3.dft.01.mae
SM04_micro006_conf_4.dft.01.mae
SM04_micro006_conf_5.dft.01.mae

Corrected results for 'protonated' structure in water:
pKa atom: 21

 # 	           Shell           	 pKa 	RMSD	 Contribution
---	---------------------------	-----	-----	--------------
1: 	heterocycle custom 1       	-2.56	0.617	    31.31%
2: 	heterocycle                	-2.07	0.837	    64.54%
3: 	Protonation of generic atom	-0.15	2.264	     4.15%

 Final weighted pKa value is -2.14



