Command:    jaguar run pka.py -jobname jag_SM10_micro028_SM10_micro036 -PARALLEL 10 -n -csrch -prot SM10_micro028.in -deprot SM10_micro036.in
Release:    2017-4
Exec:       /data/chodera/schrodinger/schrodinger2017-4-advanced/jaguar-v9.8/bin/Linux-x86_64
Host:       lt22
JobId:      lilac-0-5aec824b
JobDir:     /lila/data/chodera/schrodinger/tmpdir/rustenburg/jag_SM10_micro028_SM10_micro036
Date:       Fri May  4 12:10:16 2018

Contents of /lila/data/chodera/schrodinger/tmpdir/rustenburg/jag_SM10_micro028_SM10_micro036:
/lila/data/chodera/schrodinger/tmpdir/rustenburg/jag_SM10_micro028_SM10_micro036/lilac-0-5aec824b.jlog
/lila/data/chodera/schrodinger/tmpdir/rustenburg/jag_SM10_micro028_SM10_micro036/SM10_micro036.in
/lila/data/chodera/schrodinger/tmpdir/rustenburg/jag_SM10_micro028_SM10_micro036/SM10_micro028.mae
/lila/data/chodera/schrodinger/tmpdir/rustenburg/jag_SM10_micro028_SM10_micro036/lilac-0-5aec824b.recover
/lila/data/chodera/schrodinger/tmpdir/rustenburg/jag_SM10_micro028_SM10_micro036/jag_SM10_micro028_SM10_micro036.recover
/lila/data/chodera/schrodinger/tmpdir/rustenburg/jag_SM10_micro028_SM10_micro036/SM10_micro028.in
/lila/data/chodera/schrodinger/tmpdir/rustenburg/jag_SM10_micro028_SM10_micro036/lilac-0-5aec824b.hosts
/lila/data/chodera/schrodinger/tmpdir/rustenburg/jag_SM10_micro028_SM10_micro036/lilac-0-5aec824b.nodes
/lila/data/chodera/schrodinger/tmpdir/rustenburg/jag_SM10_micro028_SM10_micro036/lilac-0-5aec824b
/lila/data/chodera/schrodinger/tmpdir/rustenburg/jag_SM10_micro028_SM10_micro036/jag_SM10_micro028_SM10_micro036.log
/lila/data/chodera/schrodinger/tmpdir/rustenburg/jag_SM10_micro028_SM10_micro036/SM10_micro036.mae
/lila/data/chodera/schrodinger/tmpdir/rustenburg/jag_SM10_micro028_SM10_micro036/lilac-0-5aec824b.mpinodes

=====================
 Jaguar pKa workflow
=====================

Analysing user-provided (prot, deprot) pair:
(SM10_micro028.in, SM10_micro036.in)
Found labile hydrogen 23 in SM10_micro028.in
Found labile hydrogen at atom 15 in SM10_micro036.in
Adding 'ipkat' keyword to input files.

Identifying pKa functional group for pair:
(SM10_micro028, SM10_micro036)

Executing subprocess:
/data/chodera/schrodinger/schrodinger2017-4-advanced/jaguar-v9.8/bin/Linux-x86_64/pka -i -j SM10_micro028.tmp.jres -n

Taking protonated structures from:
SM10_micro028.mae
Taking deprotonated structures from:
SM10_micro036.mae

This molecule from 'SM10_micro028.mae' in water was recognized as:

 # 	           Shell           
---	---------------------------
1: 	thiazole/benzothiazole     
2: 	heterocycle                
3: 	Protonation of generic atom


Executing conformational search...

Executing 2 distributed subjobs:
---------------------------------

No more than 8 cpu(s) will be used per subjob.
No more than 10 cpu(s) will be used simultaneously.

Processing the following subjobs:
(1) jaguar run csrch.py SM10_micro028.mae -jobname SM10_micro028 -max_conf 5 -erg_window 50.208 -acc_level 1 -TPP 5
(2) jaguar run csrch.py SM10_micro036.mae -jobname SM10_micro036 -max_conf 5 -erg_window 50.208 -acc_level 1 -TPP 5

Running subjobs on hosts:
  lsf-cpu (Max: 2)
Number of jobs:       2
Max retries per job:  3
Max allowed failures: unlimited
Run with -LOCAL:      False
Verbosity:            normal

Starting JobDJ...

Keep one job on driver host: False
JobDJ columns:
  C: Number of completed subjobs
  A: Number of active subjobs (e.g., submitted, running)
  W: Number of waiting/pending subjobs

C A W | Activity  JobId  JobName  JobHost
- - - | --------- -----------------------
0 1 1 | launched  lt22-12-5aec85f1 SM10_micro028 lsf-cpu
0 2 0 | launched  lt22-3-5aec85f9 SM10_micro036 lsf-cpu
1 1 0 | finished  lt22-12-5aec85f1 SM10_micro028 lsf-cpu [ls17]
2 0 0 | finished  lt22-3-5aec85f9 SM10_micro036 lsf-cpu [ls15]

All jobs have completed.

2 of 2 job(s) succeeded; 0 job(s) failed.

Timer (distribute subjobs) : 1859.84 secs (0 hrs, 30 mins, 59 secs)

Setting up QM workflow for (protonated, deprotonated) pair:
(1) (SM10_micro028, SM10_micro036)

Executing Jaguar quantum-mechanical subjobs...

Executing 10 distributed subjobs:
----------------------------------

No more than 8 cpu(s) will be used per subjob.
No more than 10 cpu(s) will be used simultaneously.

Processing the following subjobs:
(1) jaguar run pka_prot.bat -jobname SM10_micro028_conf_1 SM10_micro028_conf_1.in
(2) jaguar run pka_prot.bat -jobname SM10_micro028_conf_2 SM10_micro028_conf_2.in
(3) jaguar run pka_prot.bat -jobname SM10_micro028_conf_3 SM10_micro028_conf_3.in
(4) jaguar run pka_prot.bat -jobname SM10_micro028_conf_4 SM10_micro028_conf_4.in
(5) jaguar run pka_prot.bat -jobname SM10_micro028_conf_5 SM10_micro028_conf_5.in
(6) jaguar run pka_deprot.bat -jobname SM10_micro036_conf_1 SM10_micro036_conf_1.in
(7) jaguar run pka_deprot.bat -jobname SM10_micro036_conf_2 SM10_micro036_conf_2.in
(8) jaguar run pka_deprot.bat -jobname SM10_micro036_conf_3 SM10_micro036_conf_3.in
(9) jaguar run pka_deprot.bat -jobname SM10_micro036_conf_4 SM10_micro036_conf_4.in
(10) jaguar run pka_deprot.bat -jobname SM10_micro036_conf_5 SM10_micro036_conf_5.in

Running subjobs on hosts:
  lsf-cpu (Max: 10)
Number of jobs:       10
Max retries per job:  3
Max allowed failures: unlimited
Run with -LOCAL:      False
Verbosity:            normal

Starting JobDJ...

Keep one job on driver host: True
JobDJ columns:
  C: Number of completed subjobs
  A: Number of active subjobs (e.g., submitted, running)
  W: Number of waiting/pending subjobs

 C  A  W | Activity  JobId  JobName  JobHost
-- -- -- | --------- -----------------------
 0  1  9 | launched  lt22-0-5aec8d39 SM10_micro028_conf_1 localhost [lt22]
 0  2  8 | launched  lt22-2-5aec8d41 SM10_micro028_conf_2 lsf-cpu
 0  3  7 | launched  lt22-0-5aec8d4c SM10_micro028_conf_3 lsf-cpu
 0  4  6 | launched  lt22-0-5aec8d5c SM10_micro028_conf_4 lsf-cpu
 0  5  5 | launched  lt22-0-5aec8d69 SM10_micro028_conf_5 lsf-cpu
 0  6  4 | launched  lt22-0-5aec8d76 SM10_micro036_conf_1 lsf-cpu
 0  7  3 | launched  lt22-0-5aec8d82 SM10_micro036_conf_2 lsf-cpu
 0  8  2 | launched  lt22-0-5aec8d8f SM10_micro036_conf_3 lsf-cpu
 0  9  1 | launched  lt22-1-5aec8da0 SM10_micro036_conf_4 lsf-cpu
 0 10  0 | launched  lt22-2-5aec8dab SM10_micro036_conf_5 lsf-cpu
 1  9  0 | finished  lt22-0-5aec8d8f SM10_micro036_conf_3 lsf-cpu [ls14]
 2  8  0 | finished  lt22-1-5aec8da0 SM10_micro036_conf_4 lsf-cpu [ls14]
 3  7  0 | finished  lt22-0-5aec8d76 SM10_micro036_conf_1 lsf-cpu [ls14]
 4  6  0 | finished  lt22-0-5aec8d82 SM10_micro036_conf_2 lsf-cpu [ls14]
 5  5  0 | finished  lt22-0-5aec8d39 SM10_micro028_conf_1 localhost [lt22]
 6  4  0 | finished  lt22-2-5aec8dab SM10_micro036_conf_5 lsf-cpu [ls14]
 7  3  0 | finished  lt22-2-5aec8d41 SM10_micro028_conf_2 lsf-cpu [lt22]
 8  2  0 | finished  lt22-0-5aec8d69 SM10_micro028_conf_5 lsf-cpu [lt22]
 9  1  0 | finished  lt22-0-5aec8d5c SM10_micro028_conf_4 lsf-cpu [lt22]
10  0  0 | finished  lt22-0-5aec8d4c SM10_micro028_conf_3 lsf-cpu [lt22]

All jobs have completed.

10 of 10 job(s) succeeded; 0 job(s) failed.

Timer (distribute subjobs) : 8049.43 secs (2 hrs, 14 mins, 09 secs)

Processing QM output files...

Executing subprocess:
/data/chodera/schrodinger/schrodinger2017-4-advanced/jaguar results -energy SM10_micro028_conf_1.nrg_h.out

Executing subprocess:
/data/chodera/schrodinger/schrodinger2017-4-advanced/jaguar results -esolv SM10_micro028_conf_1.sol_h.out

Executing subprocess:
/data/chodera/schrodinger/schrodinger2017-4-advanced/jaguar results -energy SM10_micro028_conf_2.nrg_h.out

Executing subprocess:
/data/chodera/schrodinger/schrodinger2017-4-advanced/jaguar results -esolv SM10_micro028_conf_2.sol_h.out

Executing subprocess:
/data/chodera/schrodinger/schrodinger2017-4-advanced/jaguar results -energy SM10_micro028_conf_3.nrg_h.out

Executing subprocess:
/data/chodera/schrodinger/schrodinger2017-4-advanced/jaguar results -esolv SM10_micro028_conf_3.sol_h.out

Executing subprocess:
/data/chodera/schrodinger/schrodinger2017-4-advanced/jaguar results -energy SM10_micro028_conf_4.nrg_h.out

Executing subprocess:
/data/chodera/schrodinger/schrodinger2017-4-advanced/jaguar results -esolv SM10_micro028_conf_4.sol_h.out

Executing subprocess:
/data/chodera/schrodinger/schrodinger2017-4-advanced/jaguar results -energy SM10_micro028_conf_5.nrg_h.out

Executing subprocess:
/data/chodera/schrodinger/schrodinger2017-4-advanced/jaguar results -esolv SM10_micro028_conf_5.sol_h.out

Executing subprocess:
/data/chodera/schrodinger/schrodinger2017-4-advanced/jaguar results -energy SM10_micro036_conf_1.nrg.out

Executing subprocess:
/data/chodera/schrodinger/schrodinger2017-4-advanced/jaguar results -esolv SM10_micro036_conf_1.sol.out

Executing subprocess:
/data/chodera/schrodinger/schrodinger2017-4-advanced/jaguar results -energy SM10_micro036_conf_2.nrg.out

Executing subprocess:
/data/chodera/schrodinger/schrodinger2017-4-advanced/jaguar results -esolv SM10_micro036_conf_2.sol.out

Executing subprocess:
/data/chodera/schrodinger/schrodinger2017-4-advanced/jaguar results -energy SM10_micro036_conf_3.nrg.out

Executing subprocess:
/data/chodera/schrodinger/schrodinger2017-4-advanced/jaguar results -esolv SM10_micro036_conf_3.sol.out

Executing subprocess:
/data/chodera/schrodinger/schrodinger2017-4-advanced/jaguar results -energy SM10_micro036_conf_4.nrg.out

Executing subprocess:
/data/chodera/schrodinger/schrodinger2017-4-advanced/jaguar results -esolv SM10_micro036_conf_4.sol.out

Executing subprocess:
/data/chodera/schrodinger/schrodinger2017-4-advanced/jaguar results -energy SM10_micro036_conf_5.nrg.out

Executing subprocess:
/data/chodera/schrodinger/schrodinger2017-4-advanced/jaguar results -esolv SM10_micro036_conf_5.sol.out

Executing subprocess:
/data/chodera/schrodinger/schrodinger2017-4-advanced/jaguar-v9.8/bin/Linux-x86_64/pka -o SM10_micro028_deprot-out.mae -j SM10_micro028.jres -n -d

Executing subprocess:
/data/chodera/schrodinger/schrodinger2017-4-advanced/jaguar-v9.8/bin/Linux-x86_64/pka -o SM10_micro028_prot-out.mae -j SM10_micro028.jres -n

pKa calculation for SM10_micro028 completed.

pKa workflow jag_SM10_micro028_SM10_micro036 completed.

Timer (Jaguar pKa) : 10003.89 secs (2 hrs, 46 mins, 43 secs)
Timer (jaguar_backend.py) : 10003.89 secs (2 hrs, 46 mins, 43 secs)
Finished:   Fri May  4 14:57:00 2018
