Taking protonated structures from:
SM16_micro006_conf_1.dft_h.01.mae
SM16_micro006_conf_2.dft_h.01.mae
SM16_micro006_conf_3.dft_h.01.mae
SM16_micro006_conf_4.dft_h.01.mae
SM16_micro006_conf_5.dft_h.01.mae
Taking deprotonated structures from:
SM16_micro002_conf_1.dft.01.mae
SM16_micro002_conf_2.dft.01.mae
SM16_micro002_conf_3.dft.01.mae
SM16_micro002_conf_4.dft.01.mae
SM16_micro002_conf_5.dft.01.mae

Corrected results for 'protonated' structure in water:
pKa atom: 18

 # 	            Shell             	 pKa 	RMSD	 Contribution
---	------------------------------	-----	-----	--------------
1: 	amide as base                 	-8.46	0.577	    99.79%
2: 	Protonation of generic atom   	-1.96	2.264	     0.07%
3: 	Protonation of sp2-like oxygen	-0.93	2.568	     0.14%

 Final weighted pKa value is -8.45



