Command:    jaguar run pka.py -jobname jag_SM06_micro004_SM06_micro010 -PARALLEL 10 -WAIT -n -csrch -prot SM06_micro004.in -deprot SM06_micro010.in
Release:    2017-4
Exec:       /data/chodera/schrodinger/schrodinger2017-4-advanced/jaguar-v9.8/bin/Linux-x86_64
Host:       lt01
JobId:      lt01-0-5b0311df
JobDir:     /lila/data/chodera/schrodinger/tmpdir/rustenburg/jag_SM06_micro004_SM06_micro010
Date:       Mon May 21 14:37:21 2018

Contents of /lila/data/chodera/schrodinger/tmpdir/rustenburg/jag_SM06_micro004_SM06_micro010:
/lila/data/chodera/schrodinger/tmpdir/rustenburg/jag_SM06_micro004_SM06_micro010/lt01-0-5b0311df.recover
/lila/data/chodera/schrodinger/tmpdir/rustenburg/jag_SM06_micro004_SM06_micro010/jag_SM06_micro004_SM06_micro010.recover
/lila/data/chodera/schrodinger/tmpdir/rustenburg/jag_SM06_micro004_SM06_micro010/SM06_micro004.in
/lila/data/chodera/schrodinger/tmpdir/rustenburg/jag_SM06_micro004_SM06_micro010/jag_SM06_micro004_SM06_micro010.log
/lila/data/chodera/schrodinger/tmpdir/rustenburg/jag_SM06_micro004_SM06_micro010/lt01-0-5b0311df
/lila/data/chodera/schrodinger/tmpdir/rustenburg/jag_SM06_micro004_SM06_micro010/SM06_micro010.mae
/lila/data/chodera/schrodinger/tmpdir/rustenburg/jag_SM06_micro004_SM06_micro010/SM06_micro004.mae
/lila/data/chodera/schrodinger/tmpdir/rustenburg/jag_SM06_micro004_SM06_micro010/lt01-0-5b0311df.mpinodes
/lila/data/chodera/schrodinger/tmpdir/rustenburg/jag_SM06_micro004_SM06_micro010/SM06_micro010.in

=====================
 Jaguar pKa workflow
=====================

Analysing user-provided (prot, deprot) pair:
(SM06_micro004.in, SM06_micro010.in)
Found labile hydrogen 21 in SM06_micro004.in
Found labile hydrogen at atom 4 in SM06_micro010.in
Adding 'ipkat' keyword to input files.

Identifying pKa functional group for pair:
(SM06_micro004, SM06_micro010)

Executing subprocess:
/data/chodera/schrodinger/schrodinger2017-4-advanced/jaguar-v9.8/bin/Linux-x86_64/pka -i -j SM06_micro004.tmp.jres -n

Taking protonated structures from:
SM06_micro004.mae
Taking deprotonated structures from:
SM06_micro010.mae

This molecule from 'SM06_micro004.mae' in water was recognized as:

 # 	           Shell           
---	---------------------------
1: 	quinoline                  
2: 	pyridine                   
3: 	heterocycle custom 1       
4: 	heterocycle                
5: 	Protonation of generic atom


Executing conformational search...

Executing 2 distributed subjobs:
---------------------------------

No more than 8 cpu(s) will be used per subjob.
No more than 10 cpu(s) will be used simultaneously.

Processing the following subjobs:
(1) jaguar run csrch.py SM06_micro004.mae -jobname SM06_micro004 -max_conf 5 -erg_window 50.208 -acc_level 1 -TPP 5
(2) jaguar run csrch.py SM06_micro010.mae -jobname SM06_micro010 -max_conf 5 -erg_window 50.208 -acc_level 1 -TPP 5

Running subjobs on hosts:
  localhost (Max: 2)
Number of jobs:       2
Max retries per job:  3
Max allowed failures: unlimited
Run with -LOCAL:      False
Verbosity:            normal

Starting JobDJ...

Keep one job on driver host: False
JobDJ columns:
  C: Number of completed subjobs
  A: Number of active subjobs (e.g., submitted, running)
  W: Number of waiting/pending subjobs

C A W | Activity  JobId  JobName  JobHost
- - - | --------- -----------------------
0 1 1 | launched  lt01-0-5b0311e5 SM06_micro004 localhost [lt01]
0 2 0 | launched  lt01-0-5b0311e8 SM06_micro010 localhost [lt01]
1 1 0 | finished  lt01-0-5b0311e5 SM06_micro004 localhost [lt01]
2 0 0 | finished  lt01-0-5b0311e8 SM06_micro010 localhost [lt01]

All jobs have completed.

2 of 2 job(s) succeeded; 0 job(s) failed.

Timer (distribute subjobs) : 373.26 secs (0 hrs, 06 mins, 13 secs)

Setting up QM workflow for (protonated, deprotonated) pair:
(1) (SM06_micro004, SM06_micro010)

Executing Jaguar quantum-mechanical subjobs...

Executing 10 distributed subjobs:
----------------------------------

No more than 8 cpu(s) will be used per subjob.
No more than 10 cpu(s) will be used simultaneously.

Processing the following subjobs:
(1) jaguar run pka_prot.bat -jobname SM06_micro004_conf_1 SM06_micro004_conf_1.in
(2) jaguar run pka_prot.bat -jobname SM06_micro004_conf_2 SM06_micro004_conf_2.in
(3) jaguar run pka_prot.bat -jobname SM06_micro004_conf_3 SM06_micro004_conf_3.in
(4) jaguar run pka_prot.bat -jobname SM06_micro004_conf_4 SM06_micro004_conf_4.in
(5) jaguar run pka_prot.bat -jobname SM06_micro004_conf_5 SM06_micro004_conf_5.in
(6) jaguar run pka_deprot.bat -jobname SM06_micro010_conf_1 SM06_micro010_conf_1.in
(7) jaguar run pka_deprot.bat -jobname SM06_micro010_conf_2 SM06_micro010_conf_2.in
(8) jaguar run pka_deprot.bat -jobname SM06_micro010_conf_3 SM06_micro010_conf_3.in
(9) jaguar run pka_deprot.bat -jobname SM06_micro010_conf_4 SM06_micro010_conf_4.in
(10) jaguar run pka_deprot.bat -jobname SM06_micro010_conf_5 SM06_micro010_conf_5.in

Running subjobs on hosts:
  localhost (Max: 10)
Number of jobs:       10
Max retries per job:  3
Max allowed failures: unlimited
Run with -LOCAL:      False
Verbosity:            normal

Starting JobDJ...

Keep one job on driver host: False
JobDJ columns:
  C: Number of completed subjobs
  A: Number of active subjobs (e.g., submitted, running)
  W: Number of waiting/pending subjobs

 C  A  W | Activity  JobId  JobName  JobHost
-- -- -- | --------- -----------------------
 0  1  9 | launched  lt01-0-5b03135d SM06_micro004_conf_1 localhost [lt01]
 0  2  8 | launched  lt01-0-5b031360 SM06_micro004_conf_2 localhost [lt01]
 0  3  7 | launched  lt01-1-5b031362 SM06_micro004_conf_3 localhost [lt01]
 0  4  6 | launched  lt01-0-5b031365 SM06_micro004_conf_4 localhost [lt01]
 0  5  5 | launched  lt01-0-5b031368 SM06_micro004_conf_5 localhost [lt01]
 0  6  4 | launched  lt01-1-5b03136a SM06_micro010_conf_1 localhost [lt01]
 0  7  3 | launched  lt01-0-5b03136d SM06_micro010_conf_2 localhost [lt01]
 0  8  2 | launched  lt01-0-5b031370 SM06_micro010_conf_3 localhost [lt01]
 0  9  1 | launched  lt01-0-5b031373 SM06_micro010_conf_4 localhost [lt01]
 0 10  0 | launched  lt01-0-5b031376 SM06_micro010_conf_5 localhost [lt01]
 1  9  0 | finished  lt01-1-5b03136a SM06_micro010_conf_1 localhost [lt01]
 2  8  0 | finished  lt01-0-5b031373 SM06_micro010_conf_4 localhost [lt01]
 3  7  0 | finished  lt01-0-5b031376 SM06_micro010_conf_5 localhost [lt01]
 4  6  0 | finished  lt01-0-5b031370 SM06_micro010_conf_3 localhost [lt01]
 5  5  0 | finished  lt01-0-5b03136d SM06_micro010_conf_2 localhost [lt01]
 6  4  0 | finished  lt01-0-5b03135d SM06_micro004_conf_1 localhost [lt01]
 7  3  0 | finished  lt01-0-5b031360 SM06_micro004_conf_2 localhost [lt01]
 8  2  0 | finished  lt01-0-5b031365 SM06_micro004_conf_4 localhost [lt01]
 9  1  0 | finished  lt01-1-5b031362 SM06_micro004_conf_3 localhost [lt01]
10  0  0 | finished  lt01-0-5b031368 SM06_micro004_conf_5 localhost [lt01]

All jobs have completed.

10 of 10 job(s) succeeded; 0 job(s) failed.

Timer (distribute subjobs) : 4285.89 secs (1 hrs, 11 mins, 25 secs)

Processing QM output files...

Executing subprocess:
/data/chodera/schrodinger/schrodinger2017-4-advanced/jaguar results -energy SM06_micro004_conf_1.nrg_h.out

Executing subprocess:
/data/chodera/schrodinger/schrodinger2017-4-advanced/jaguar results -esolv SM06_micro004_conf_1.sol_h.out

Executing subprocess:
/data/chodera/schrodinger/schrodinger2017-4-advanced/jaguar results -energy SM06_micro004_conf_2.nrg_h.out

Executing subprocess:
/data/chodera/schrodinger/schrodinger2017-4-advanced/jaguar results -esolv SM06_micro004_conf_2.sol_h.out

Executing subprocess:
/data/chodera/schrodinger/schrodinger2017-4-advanced/jaguar results -energy SM06_micro004_conf_3.nrg_h.out

Executing subprocess:
/data/chodera/schrodinger/schrodinger2017-4-advanced/jaguar results -esolv SM06_micro004_conf_3.sol_h.out

Executing subprocess:
/data/chodera/schrodinger/schrodinger2017-4-advanced/jaguar results -energy SM06_micro004_conf_4.nrg_h.out

Executing subprocess:
/data/chodera/schrodinger/schrodinger2017-4-advanced/jaguar results -esolv SM06_micro004_conf_4.sol_h.out

Executing subprocess:
/data/chodera/schrodinger/schrodinger2017-4-advanced/jaguar results -energy SM06_micro004_conf_5.nrg_h.out

Executing subprocess:
/data/chodera/schrodinger/schrodinger2017-4-advanced/jaguar results -esolv SM06_micro004_conf_5.sol_h.out

Executing subprocess:
/data/chodera/schrodinger/schrodinger2017-4-advanced/jaguar results -energy SM06_micro010_conf_1.nrg.out

Executing subprocess:
/data/chodera/schrodinger/schrodinger2017-4-advanced/jaguar results -esolv SM06_micro010_conf_1.sol.out

Executing subprocess:
/data/chodera/schrodinger/schrodinger2017-4-advanced/jaguar results -energy SM06_micro010_conf_2.nrg.out

Executing subprocess:
/data/chodera/schrodinger/schrodinger2017-4-advanced/jaguar results -esolv SM06_micro010_conf_2.sol.out

Executing subprocess:
/data/chodera/schrodinger/schrodinger2017-4-advanced/jaguar results -energy SM06_micro010_conf_3.nrg.out

Executing subprocess:
/data/chodera/schrodinger/schrodinger2017-4-advanced/jaguar results -esolv SM06_micro010_conf_3.sol.out

Executing subprocess:
/data/chodera/schrodinger/schrodinger2017-4-advanced/jaguar results -energy SM06_micro010_conf_4.nrg.out

Executing subprocess:
/data/chodera/schrodinger/schrodinger2017-4-advanced/jaguar results -esolv SM06_micro010_conf_4.sol.out

Executing subprocess:
/data/chodera/schrodinger/schrodinger2017-4-advanced/jaguar results -energy SM06_micro010_conf_5.nrg.out

Executing subprocess:
/data/chodera/schrodinger/schrodinger2017-4-advanced/jaguar results -esolv SM06_micro010_conf_5.sol.out

Executing subprocess:
/data/chodera/schrodinger/schrodinger2017-4-advanced/jaguar-v9.8/bin/Linux-x86_64/pka -o SM06_micro004_deprot-out.mae -j SM06_micro004.jres -n -d

Executing subprocess:
/data/chodera/schrodinger/schrodinger2017-4-advanced/jaguar-v9.8/bin/Linux-x86_64/pka -o SM06_micro004_prot-out.mae -j SM06_micro004.jres -n

pKa calculation for SM06_micro004 completed.

pKa workflow jag_SM06_micro004_SM06_micro010 completed.

Timer (Jaguar pKa) : 4739.98 secs (1 hrs, 18 mins, 59 secs)
Timer (jaguar_backend.py) : 4739.98 secs (1 hrs, 18 mins, 59 secs)
Finished:   Mon May 21 15:56:21 2018
