Taking protonated structures from:
SM24_micro010_conf_1.dft_h.01.mae
SM24_micro010_conf_2.dft_h.01.mae
SM24_micro010_conf_3.dft_h.01.mae
SM24_micro010_conf_4.dft_h.01.mae
SM24_micro010_conf_5.dft_h.01.mae
Taking deprotonated structures from:
SM24_micro006_conf_1.dft.01.mae
SM24_micro006_conf_2.dft.01.mae
SM24_micro006_conf_3.dft.01.mae
SM24_micro006_conf_4.dft.01.mae
SM24_micro006_conf_5.dft.01.mae

Corrected results for 'protonated' structure in water:
pKa atom: 30

 # 	           Shell           	 pKa 	RMSD	 Contribution
---	---------------------------	-----	-----	--------------
1: 	pyrimidine                 	 1.09	0.242	    90.94%
2: 	heterocycle custom 1       	 0.90	0.617	     6.04%
3: 	heterocycle                	 1.24	0.837	     2.70%
4: 	Protonation of generic atom	 2.36	2.264	     0.32%

 Final weighted pKa value is 1.09



