Taking protonated structures from:
SM18_micro070_conf_1.dft_h.01.mae
SM18_micro070_conf_2.dft_h.01.mae
SM18_micro070_conf_3.dft_h.01.mae
SM18_micro070_conf_4.dft_h.01.mae
SM18_micro070_conf_5.dft_h.01.mae
Taking deprotonated structures from:
SM18_micro045_conf_1.dft.01.mae
SM18_micro045_conf_2.dft.01.mae
SM18_micro045_conf_3.dft.01.mae
SM18_micro045_conf_4.dft.01.mae
SM18_micro045_conf_5.dft.01.mae

Corrected results for 'protonated' structure in water:
pKa atom: 31

 # 	                  Shell                  	 pKa 	RMSD	 Contribution
---	-----------------------------------------	-----	-----	--------------
1: 	delta lactam                             	13.58	0.508	    38.91%
2: 	4-pyrimidone as acid                     	13.49	0.530	    51.49%
3: 	Protonation of sp2-like aromatic nitrogen	15.11	1.014	     8.76%
4: 	Protonation of generic atom              	12.22	2.264	     0.84%

 Final weighted pKa value is 13.66



