Command:    jaguar run pka.py -jobname jag_SM18_micro065_SM18_micro049 -PARALLEL 10 -WAIT -n -csrch -prot SM18_micro065.in -deprot SM18_micro049.in
Release:    2017-4
Exec:       /data/chodera/schrodinger/schrodinger2017-4-advanced/jaguar-v9.8/bin/Linux-x86_64
Host:       ls12
JobId:      ls12-0-5b0318e5
JobDir:     /lila/data/chodera/schrodinger/tmpdir/rustenburg/jag_SM18_micro065_SM18_micro049.1
Date:       Mon May 21 15:07:20 2018

Contents of /lila/data/chodera/schrodinger/tmpdir/rustenburg/jag_SM18_micro065_SM18_micro049.1:
/lila/data/chodera/schrodinger/tmpdir/rustenburg/jag_SM18_micro065_SM18_micro049.1/ls12-0-5b0318e5
/lila/data/chodera/schrodinger/tmpdir/rustenburg/jag_SM18_micro065_SM18_micro049.1/jag_SM18_micro065_SM18_micro049.recover
/lila/data/chodera/schrodinger/tmpdir/rustenburg/jag_SM18_micro065_SM18_micro049.1/SM18_micro049.mae
/lila/data/chodera/schrodinger/tmpdir/rustenburg/jag_SM18_micro065_SM18_micro049.1/ls12-0-5b0318e5.recover
/lila/data/chodera/schrodinger/tmpdir/rustenburg/jag_SM18_micro065_SM18_micro049.1/SM18_micro065.in
/lila/data/chodera/schrodinger/tmpdir/rustenburg/jag_SM18_micro065_SM18_micro049.1/jag_SM18_micro065_SM18_micro049.log
/lila/data/chodera/schrodinger/tmpdir/rustenburg/jag_SM18_micro065_SM18_micro049.1/SM18_micro049.in
/lila/data/chodera/schrodinger/tmpdir/rustenburg/jag_SM18_micro065_SM18_micro049.1/SM18_micro065.mae
/lila/data/chodera/schrodinger/tmpdir/rustenburg/jag_SM18_micro065_SM18_micro049.1/ls12-0-5b0318e5.mpinodes

=====================
 Jaguar pKa workflow
=====================

Analysing user-provided (prot, deprot) pair:
(SM18_micro065.in, SM18_micro049.in)
Found labile hydrogen 31 in SM18_micro065.in
Found labile hydrogen at atom 9 in SM18_micro049.in
Adding 'ipkat' keyword to input files.

Identifying pKa functional group for pair:
(SM18_micro065, SM18_micro049)

Executing subprocess:
/data/chodera/schrodinger/schrodinger2017-4-advanced/jaguar-v9.8/bin/Linux-x86_64/pka -i -j SM18_micro065.tmp.jres -n

Taking protonated structures from:
SM18_micro065.mae
Taking deprotonated structures from:
SM18_micro049.mae

This molecule from 'SM18_micro065.mae' in water was recognized as:

 # 	                  Shell                  
---	-----------------------------------------
1: 	delta lactam                             
2: 	4-pyrimidone as acid                     
3: 	Protonation of sp2-like aromatic nitrogen
4: 	Protonation of generic atom              


Executing conformational search...

Executing 2 distributed subjobs:
---------------------------------

No more than 8 cpu(s) will be used per subjob.
No more than 10 cpu(s) will be used simultaneously.

Processing the following subjobs:
(1) jaguar run csrch.py SM18_micro065.mae -jobname SM18_micro065 -max_conf 5 -erg_window 50.208 -acc_level 1 -TPP 5
(2) jaguar run csrch.py SM18_micro049.mae -jobname SM18_micro049 -max_conf 5 -erg_window 50.208 -acc_level 1 -TPP 5

Running subjobs on hosts:
  localhost (Max: 2)
Number of jobs:       2
Max retries per job:  3
Max allowed failures: unlimited
Run with -LOCAL:      False
Verbosity:            normal

Starting JobDJ...

Keep one job on driver host: False
JobDJ columns:
  C: Number of completed subjobs
  A: Number of active subjobs (e.g., submitted, running)
  W: Number of waiting/pending subjobs

C A W | Activity  JobId  JobName  JobHost
- - - | --------- -----------------------
0 1 1 | launched  ls12-0-5b0318ee SM18_micro065 localhost [ls12]
0 2 0 | launched  ls12-0-5b0318f2 SM18_micro049 localhost [ls12]
1 1 0 | finished  ls12-0-5b0318f2 SM18_micro049 localhost [ls12]
2 0 0 | finished  ls12-0-5b0318ee SM18_micro065 localhost [ls12]

All jobs have completed.

2 of 2 job(s) succeeded; 0 job(s) failed.

Timer (distribute subjobs) : 5893.96 secs (1 hrs, 38 mins, 13 secs)

Setting up QM workflow for (protonated, deprotonated) pair:
(1) (SM18_micro065, SM18_micro049)

Executing Jaguar quantum-mechanical subjobs...

Executing 10 distributed subjobs:
----------------------------------

No more than 8 cpu(s) will be used per subjob.
No more than 10 cpu(s) will be used simultaneously.

Processing the following subjobs:
(1) jaguar run pka_prot.bat -jobname SM18_micro065_conf_1 SM18_micro065_conf_1.in
(2) jaguar run pka_prot.bat -jobname SM18_micro065_conf_2 SM18_micro065_conf_2.in
(3) jaguar run pka_prot.bat -jobname SM18_micro065_conf_3 SM18_micro065_conf_3.in
(4) jaguar run pka_prot.bat -jobname SM18_micro065_conf_4 SM18_micro065_conf_4.in
(5) jaguar run pka_prot.bat -jobname SM18_micro065_conf_5 SM18_micro065_conf_5.in
(6) jaguar run pka_deprot.bat -jobname SM18_micro049_conf_1 SM18_micro049_conf_1.in
(7) jaguar run pka_deprot.bat -jobname SM18_micro049_conf_2 SM18_micro049_conf_2.in
(8) jaguar run pka_deprot.bat -jobname SM18_micro049_conf_3 SM18_micro049_conf_3.in
(9) jaguar run pka_deprot.bat -jobname SM18_micro049_conf_4 SM18_micro049_conf_4.in
(10) jaguar run pka_deprot.bat -jobname SM18_micro049_conf_5 SM18_micro049_conf_5.in

Running subjobs on hosts:
  localhost (Max: 10)
Number of jobs:       10
Max retries per job:  3
Max allowed failures: unlimited
Run with -LOCAL:      False
Verbosity:            normal

Starting JobDJ...

Keep one job on driver host: False
JobDJ columns:
  C: Number of completed subjobs
  A: Number of active subjobs (e.g., submitted, running)
  W: Number of waiting/pending subjobs

 C  A  W | Activity  JobId  JobName  JobHost
-- -- -- | --------- -----------------------
 0  1  9 | launched  ls12-0-5b032ffc SM18_micro065_conf_1 localhost [ls12]
 0  2  8 | launched  ls12-0-5b033003 SM18_micro065_conf_2 localhost [ls12]
 0  3  7 | launched  ls12-0-5b033007 SM18_micro065_conf_3 localhost [ls12]
 0  4  6 | launched  ls12-0-5b03300c SM18_micro065_conf_4 localhost [ls12]
 0  5  5 | launched  ls12-0-5b033012 SM18_micro065_conf_5 localhost [ls12]
 0  6  4 | launched  ls12-0-5b03301a SM18_micro049_conf_1 localhost [ls12]
 0  7  3 | launched  ls12-1-5b033024 SM18_micro049_conf_2 localhost [ls12]
 0  8  2 | launched  ls12-1-5b03302e SM18_micro049_conf_3 localhost [ls12]
 0  9  1 | launched  ls12-0-5b03303d SM18_micro049_conf_4 localhost [ls12]
 0 10  0 | launched  ls12-1-5b03304b SM18_micro049_conf_5 localhost [ls12]
 1  9  0 | finished  ls12-0-5b033012 SM18_micro065_conf_5 localhost [ls12]
 2  8  0 | finished  ls12-0-5b033003 SM18_micro065_conf_2 localhost [ls12]
 3  7  0 | finished  ls12-0-5b033007 SM18_micro065_conf_3 localhost [ls12]
 4  6  0 | finished  ls12-0-5b032ffc SM18_micro065_conf_1 localhost [ls12]
 5  5  0 | finished  ls12-0-5b03300c SM18_micro065_conf_4 localhost [ls12]
 6  4  0 | finished  ls12-1-5b033024 SM18_micro049_conf_2 localhost [ls12]
 7  3  0 | finished  ls12-0-5b03301a SM18_micro049_conf_1 localhost [ls12]
 8  2  0 | finished  ls12-1-5b03304b SM18_micro049_conf_5 localhost [ls12]
 9  1  0 | finished  ls12-1-5b03302e SM18_micro049_conf_3 localhost [ls12]
10  0  0 | finished  ls12-0-5b03303d SM18_micro049_conf_4 localhost [ls12]

All jobs have completed.

10 of 10 job(s) succeeded; 0 job(s) failed.

Timer (distribute subjobs) : 42434.05 secs (11 hrs, 47 mins, 14 secs)

Processing QM output files...

Executing subprocess:
/data/chodera/schrodinger/schrodinger2017-4-advanced/jaguar results -energy SM18_micro065_conf_1.nrg_h.out

Executing subprocess:
/data/chodera/schrodinger/schrodinger2017-4-advanced/jaguar results -esolv SM18_micro065_conf_1.sol_h.out

Executing subprocess:
/data/chodera/schrodinger/schrodinger2017-4-advanced/jaguar results -energy SM18_micro065_conf_2.nrg_h.out

Executing subprocess:
/data/chodera/schrodinger/schrodinger2017-4-advanced/jaguar results -esolv SM18_micro065_conf_2.sol_h.out

Executing subprocess:
/data/chodera/schrodinger/schrodinger2017-4-advanced/jaguar results -energy SM18_micro065_conf_3.nrg_h.out

Executing subprocess:
/data/chodera/schrodinger/schrodinger2017-4-advanced/jaguar results -esolv SM18_micro065_conf_3.sol_h.out

Executing subprocess:
/data/chodera/schrodinger/schrodinger2017-4-advanced/jaguar results -energy SM18_micro065_conf_4.nrg_h.out

Executing subprocess:
/data/chodera/schrodinger/schrodinger2017-4-advanced/jaguar results -esolv SM18_micro065_conf_4.sol_h.out

Executing subprocess:
/data/chodera/schrodinger/schrodinger2017-4-advanced/jaguar results -energy SM18_micro065_conf_5.nrg_h.out

Executing subprocess:
/data/chodera/schrodinger/schrodinger2017-4-advanced/jaguar results -esolv SM18_micro065_conf_5.sol_h.out

Executing subprocess:
/data/chodera/schrodinger/schrodinger2017-4-advanced/jaguar results -energy SM18_micro049_conf_1.nrg.out

Executing subprocess:
/data/chodera/schrodinger/schrodinger2017-4-advanced/jaguar results -esolv SM18_micro049_conf_1.sol.out

Executing subprocess:
/data/chodera/schrodinger/schrodinger2017-4-advanced/jaguar results -energy SM18_micro049_conf_2.nrg.out

Executing subprocess:
/data/chodera/schrodinger/schrodinger2017-4-advanced/jaguar results -esolv SM18_micro049_conf_2.sol.out

Executing subprocess:
/data/chodera/schrodinger/schrodinger2017-4-advanced/jaguar results -energy SM18_micro049_conf_3.nrg.out

Executing subprocess:
/data/chodera/schrodinger/schrodinger2017-4-advanced/jaguar results -esolv SM18_micro049_conf_3.sol.out

Executing subprocess:
/data/chodera/schrodinger/schrodinger2017-4-advanced/jaguar results -energy SM18_micro049_conf_4.nrg.out

Executing subprocess:
/data/chodera/schrodinger/schrodinger2017-4-advanced/jaguar results -esolv SM18_micro049_conf_4.sol.out

Executing subprocess:
/data/chodera/schrodinger/schrodinger2017-4-advanced/jaguar results -energy SM18_micro049_conf_5.nrg.out

Executing subprocess:
/data/chodera/schrodinger/schrodinger2017-4-advanced/jaguar results -esolv SM18_micro049_conf_5.sol.out

Executing subprocess:
/data/chodera/schrodinger/schrodinger2017-4-advanced/jaguar-v9.8/bin/Linux-x86_64/pka -o SM18_micro065_deprot-out.mae -j SM18_micro065.jres -n -d

Executing subprocess:
/data/chodera/schrodinger/schrodinger2017-4-advanced/jaguar-v9.8/bin/Linux-x86_64/pka -o SM18_micro065_prot-out.mae -j SM18_micro065.jres -n

pKa calculation for SM18_micro065 completed.

pKa workflow jag_SM18_micro065_SM18_micro049 completed.

Timer (Jaguar pKa) : 48423.09 secs (13 hrs, 27 mins, 03 secs)
Timer (jaguar_backend.py) : 48423.09 secs (13 hrs, 27 mins, 03 secs)
Finished:   Tue May 22 04:34:23 2018
