Taking protonated structures from:
SM24_micro031_conf_1.dft_h.01.mae
SM24_micro031_conf_2.dft_h.01.mae
SM24_micro031_conf_3.dft_h.01.mae
SM24_micro031_conf_4.dft_h.01.mae
SM24_micro031_conf_5.dft_h.01.mae
Taking deprotonated structures from:
SM24_micro013_conf_1.dft.01.mae
SM24_micro013_conf_2.dft.01.mae
SM24_micro013_conf_3.dft.01.mae
SM24_micro013_conf_4.dft.01.mae
SM24_micro013_conf_5.dft.01.mae

Corrected results for 'protonated' structure in water:
pKa atom: 30

 # 	           Shell           	 pKa 	RMSD	 Contribution
---	---------------------------	-----	-----	--------------
1: 	heterocycle custom 1       	 0.29	0.617	    63.40%
2: 	heterocycle                	 0.66	0.837	    33.43%
3: 	Protonation of generic atom	 1.91	2.264	     3.17%

 Final weighted pKa value is 0.46



