Taking protonated structures from:
SM10_micro026_conf_1.dft_h.01.mae
SM10_micro026_conf_2.dft_h.01.mae
SM10_micro026_conf_3.dft_h.01.mae
SM10_micro026_conf_4.dft_h.01.mae
SM10_micro026_conf_5.dft_h.01.mae
Taking deprotonated structures from:
SM10_micro015_conf_1.dft.01.mae
SM10_micro015_conf_2.dft.01.mae
SM10_micro015_conf_3.dft.01.mae
SM10_micro015_conf_4.dft.01.mae
SM10_micro015_conf_5.dft.01.mae

Corrected results for 'protonated' structure in water:
pKa atom: 23

 # 	           Shell           	 pKa 	RMSD	 Contribution
---	---------------------------	-----	-----	--------------
1: 	thiazole/benzothiazole     	-4.28	0.647	    94.71%
2: 	heterocycle                	-4.29	0.837	     4.30%
3: 	Protonation of generic atom	-1.94	2.264	     0.98%

 Final weighted pKa value is -4.26



