Command:    jaguar run pka.py -jobname jag_SM10_micro032_SM10_micro015 -PARALLEL 10 -n -csrch -prot SM10_micro032.in -deprot SM10_micro015.in
Release:    2017-4
Exec:       /data/chodera/schrodinger/schrodinger2017-4-advanced/jaguar-v9.8/bin/Linux-x86_64
Host:       ls14
JobId:      lilac-0-5aec8183
JobDir:     /lila/data/chodera/schrodinger/tmpdir/rustenburg/jag_SM10_micro032_SM10_micro015
Date:       Fri May  4 11:57:45 2018

Contents of /lila/data/chodera/schrodinger/tmpdir/rustenburg/jag_SM10_micro032_SM10_micro015:
/lila/data/chodera/schrodinger/tmpdir/rustenburg/jag_SM10_micro032_SM10_micro015/lilac-0-5aec8183.recover
/lila/data/chodera/schrodinger/tmpdir/rustenburg/jag_SM10_micro032_SM10_micro015/jag_SM10_micro032_SM10_micro015.recover
/lila/data/chodera/schrodinger/tmpdir/rustenburg/jag_SM10_micro032_SM10_micro015/SM10_micro032.in
/lila/data/chodera/schrodinger/tmpdir/rustenburg/jag_SM10_micro032_SM10_micro015/lilac-0-5aec8183.mpinodes
/lila/data/chodera/schrodinger/tmpdir/rustenburg/jag_SM10_micro032_SM10_micro015/lilac-0-5aec8183.jlog
/lila/data/chodera/schrodinger/tmpdir/rustenburg/jag_SM10_micro032_SM10_micro015/lilac-0-5aec8183.nodes
/lila/data/chodera/schrodinger/tmpdir/rustenburg/jag_SM10_micro032_SM10_micro015/SM10_micro032.mae
/lila/data/chodera/schrodinger/tmpdir/rustenburg/jag_SM10_micro032_SM10_micro015/jag_SM10_micro032_SM10_micro015.log
/lila/data/chodera/schrodinger/tmpdir/rustenburg/jag_SM10_micro032_SM10_micro015/lilac-0-5aec8183
/lila/data/chodera/schrodinger/tmpdir/rustenburg/jag_SM10_micro032_SM10_micro015/SM10_micro015.mae
/lila/data/chodera/schrodinger/tmpdir/rustenburg/jag_SM10_micro032_SM10_micro015/SM10_micro015.in
/lila/data/chodera/schrodinger/tmpdir/rustenburg/jag_SM10_micro032_SM10_micro015/lilac-0-5aec8183.hosts

=====================
 Jaguar pKa workflow
=====================

Analysing user-provided (prot, deprot) pair:
(SM10_micro032.in, SM10_micro015.in)
Found labile hydrogen 30 in SM10_micro032.in
Found labile hydrogen at atom 10 in SM10_micro015.in
Adding 'ipkat' keyword to input files.

Identifying pKa functional group for pair:
(SM10_micro032, SM10_micro015)

Executing subprocess:
/data/chodera/schrodinger/schrodinger2017-4-advanced/jaguar-v9.8/bin/Linux-x86_64/pka -i -j SM10_micro032.tmp.jres -n

Taking protonated structures from:
SM10_micro032.mae
Taking deprotonated structures from:
SM10_micro015.mae

This molecule from 'SM10_micro032.mae' in water was recognized as:

 # 	                 Shell                  
---	----------------------------------------
1: 	Protonation of generic atom             
2: 	Protonation of sp2-like aliphatic carbon


Executing conformational search...

Executing 2 distributed subjobs:
---------------------------------

No more than 8 cpu(s) will be used per subjob.
No more than 10 cpu(s) will be used simultaneously.

Processing the following subjobs:
(1) jaguar run csrch.py SM10_micro032.mae -jobname SM10_micro032 -max_conf 5 -erg_window 50.208 -acc_level 1 -TPP 5
(2) jaguar run csrch.py SM10_micro015.mae -jobname SM10_micro015 -max_conf 5 -erg_window 50.208 -acc_level 1 -TPP 5

Running subjobs on hosts:
  lsf-cpu (Max: 2)
Number of jobs:       2
Max retries per job:  3
Max allowed failures: unlimited
Run with -LOCAL:      False
Verbosity:            normal

Starting JobDJ...

Keep one job on driver host: False
JobDJ columns:
  C: Number of completed subjobs
  A: Number of active subjobs (e.g., submitted, running)
  W: Number of waiting/pending subjobs

C A W | Activity  JobId  JobName  JobHost
- - - | --------- -----------------------
0 1 1 | launched  ls14-1-5aec8302 SM10_micro032 lsf-cpu
0 2 0 | launched  ls14-2-5aec8305 SM10_micro015 lsf-cpu
1 1 0 | finished  ls14-2-5aec8305 SM10_micro015 lsf-cpu
2 0 0 | finished  ls14-1-5aec8302 SM10_micro032 lsf-cpu [lt12]

All jobs have completed.

2 of 2 job(s) succeeded; 0 job(s) failed.

Timer (distribute subjobs) : 3101.90 secs (0 hrs, 51 mins, 41 secs)

Setting up QM workflow for (protonated, deprotonated) pair:
(1) (SM10_micro032, SM10_micro015)

Executing Jaguar quantum-mechanical subjobs...

Executing 10 distributed subjobs:
----------------------------------

No more than 8 cpu(s) will be used per subjob.
No more than 10 cpu(s) will be used simultaneously.

Processing the following subjobs:
(1) jaguar run pka_prot.bat -jobname SM10_micro032_conf_1 SM10_micro032_conf_1.in
(2) jaguar run pka_prot.bat -jobname SM10_micro032_conf_2 SM10_micro032_conf_2.in
(3) jaguar run pka_prot.bat -jobname SM10_micro032_conf_3 SM10_micro032_conf_3.in
(4) jaguar run pka_prot.bat -jobname SM10_micro032_conf_4 SM10_micro032_conf_4.in
(5) jaguar run pka_prot.bat -jobname SM10_micro032_conf_5 SM10_micro032_conf_5.in
(6) jaguar run pka_deprot.bat -jobname SM10_micro015_conf_1 SM10_micro015_conf_1.in
(7) jaguar run pka_deprot.bat -jobname SM10_micro015_conf_2 SM10_micro015_conf_2.in
(8) jaguar run pka_deprot.bat -jobname SM10_micro015_conf_3 SM10_micro015_conf_3.in
(9) jaguar run pka_deprot.bat -jobname SM10_micro015_conf_4 SM10_micro015_conf_4.in
(10) jaguar run pka_deprot.bat -jobname SM10_micro015_conf_5 SM10_micro015_conf_5.in

Running subjobs on hosts:
  lsf-cpu (Max: 10)
Number of jobs:       10
Max retries per job:  3
Max allowed failures: unlimited
Run with -LOCAL:      False
Verbosity:            normal

Starting JobDJ...

Keep one job on driver host: True
JobDJ columns:
  C: Number of completed subjobs
  A: Number of active subjobs (e.g., submitted, running)
  W: Number of waiting/pending subjobs

 C  A  W | Activity  JobId  JobName  JobHost
-- -- -- | --------- -----------------------
 0  1  9 | launched  ls14-0-5aec8f23 SM10_micro032_conf_1 localhost [ls14]
 0  2  8 | launched  ls14-0-5aec8f27 SM10_micro032_conf_2 lsf-cpu
 0  3  7 | launched  ls14-0-5aec8f2e SM10_micro032_conf_3 lsf-cpu
 0  4  6 | launched  ls14-0-5aec8f31 SM10_micro032_conf_4 lsf-cpu
 0  5  5 | launched  ls14-0-5aec8f35 SM10_micro032_conf_5 lsf-cpu
 0  6  4 | launched  ls14-1-5aec8f39 SM10_micro015_conf_1 lsf-cpu
 0  7  3 | launched  ls14-0-5aec8f3d SM10_micro015_conf_2 lsf-cpu
 0  8  2 | launched  ls14-0-5aec8f41 SM10_micro015_conf_3 lsf-cpu
 0  9  1 | launched  ls14-0-5aec8f45 SM10_micro015_conf_4 lsf-cpu
 0 10  0 | launched  ls14-0-5aec8f49 SM10_micro015_conf_5 lsf-cpu
 1  9  0 | finished  ls14-0-5aec8f23 SM10_micro032_conf_1 localhost [ls14]
 2  8  0 | finished  ls14-0-5aec8f45 SM10_micro015_conf_4 lsf-cpu [ls10]
 3  7  0 | finished  ls14-0-5aec8f3d SM10_micro015_conf_2 lsf-cpu [ls10]
 4  6  0 | finished  ls14-0-5aec8f49 SM10_micro015_conf_5 lsf-cpu [ls10]
 5  5  0 | finished  ls14-0-5aec8f27 SM10_micro032_conf_2 lsf-cpu [lt01]
 6  4  0 | finished  ls14-0-5aec8f41 SM10_micro015_conf_3 lsf-cpu [ls10]
 7  3  0 | finished  ls14-1-5aec8f39 SM10_micro015_conf_1 lsf-cpu [lt01]
 8  2  0 | finished  ls14-0-5aec8f35 SM10_micro032_conf_5 lsf-cpu [lt01]
 9  1  0 | finished  ls14-0-5aec8f2e SM10_micro032_conf_3 lsf-cpu [lt01]
10  0  0 | finished  ls14-0-5aec8f31 SM10_micro032_conf_4 lsf-cpu [lt01]

All jobs have completed.

10 of 10 job(s) succeeded; 0 job(s) failed.

Timer (distribute subjobs) : 6994.44 secs (1 hrs, 56 mins, 34 secs)

Processing QM output files...

Executing subprocess:
/data/chodera/schrodinger/schrodinger2017-4-advanced/jaguar results -energy SM10_micro032_conf_1.nrg_h.out

Executing subprocess:
/data/chodera/schrodinger/schrodinger2017-4-advanced/jaguar results -esolv SM10_micro032_conf_1.sol_h.out

Executing subprocess:
/data/chodera/schrodinger/schrodinger2017-4-advanced/jaguar results -energy SM10_micro032_conf_2.nrg_h.out

Executing subprocess:
/data/chodera/schrodinger/schrodinger2017-4-advanced/jaguar results -esolv SM10_micro032_conf_2.sol_h.out

Executing subprocess:
/data/chodera/schrodinger/schrodinger2017-4-advanced/jaguar results -energy SM10_micro032_conf_3.nrg_h.out

Executing subprocess:
/data/chodera/schrodinger/schrodinger2017-4-advanced/jaguar results -esolv SM10_micro032_conf_3.sol_h.out

Executing subprocess:
/data/chodera/schrodinger/schrodinger2017-4-advanced/jaguar results -energy SM10_micro032_conf_4.nrg_h.out

Executing subprocess:
/data/chodera/schrodinger/schrodinger2017-4-advanced/jaguar results -esolv SM10_micro032_conf_4.sol_h.out

Executing subprocess:
/data/chodera/schrodinger/schrodinger2017-4-advanced/jaguar results -energy SM10_micro032_conf_5.nrg_h.out

Executing subprocess:
/data/chodera/schrodinger/schrodinger2017-4-advanced/jaguar results -esolv SM10_micro032_conf_5.sol_h.out

Executing subprocess:
/data/chodera/schrodinger/schrodinger2017-4-advanced/jaguar results -energy SM10_micro015_conf_1.nrg.out

Executing subprocess:
/data/chodera/schrodinger/schrodinger2017-4-advanced/jaguar results -esolv SM10_micro015_conf_1.sol.out

Executing subprocess:
/data/chodera/schrodinger/schrodinger2017-4-advanced/jaguar results -energy SM10_micro015_conf_2.nrg.out

Executing subprocess:
/data/chodera/schrodinger/schrodinger2017-4-advanced/jaguar results -esolv SM10_micro015_conf_2.sol.out

Executing subprocess:
/data/chodera/schrodinger/schrodinger2017-4-advanced/jaguar results -energy SM10_micro015_conf_3.nrg.out

Executing subprocess:
/data/chodera/schrodinger/schrodinger2017-4-advanced/jaguar results -esolv SM10_micro015_conf_3.sol.out

Executing subprocess:
/data/chodera/schrodinger/schrodinger2017-4-advanced/jaguar results -energy SM10_micro015_conf_4.nrg.out

Executing subprocess:
/data/chodera/schrodinger/schrodinger2017-4-advanced/jaguar results -esolv SM10_micro015_conf_4.sol.out

Executing subprocess:
/data/chodera/schrodinger/schrodinger2017-4-advanced/jaguar results -energy SM10_micro015_conf_5.nrg.out

Executing subprocess:
/data/chodera/schrodinger/schrodinger2017-4-advanced/jaguar results -esolv SM10_micro015_conf_5.sol.out

Executing subprocess:
/data/chodera/schrodinger/schrodinger2017-4-advanced/jaguar-v9.8/bin/Linux-x86_64/pka -o SM10_micro032_deprot-out.mae -j SM10_micro032.jres -n -d

Executing subprocess:
/data/chodera/schrodinger/schrodinger2017-4-advanced/jaguar-v9.8/bin/Linux-x86_64/pka -o SM10_micro032_prot-out.mae -j SM10_micro032.jres -n

pKa calculation for SM10_micro032 completed.

pKa workflow jag_SM10_micro032_SM10_micro015 completed.

Timer (Jaguar pKa) : 10170.43 secs (2 hrs, 49 mins, 30 secs)
Timer (jaguar_backend.py) : 10170.43 secs (2 hrs, 49 mins, 30 secs)
Finished:   Fri May  4 14:47:15 2018
