Taking protonated structures from:
SM24_micro032_conf_1.dft_h.01.mae
SM24_micro032_conf_2.dft_h.01.mae
SM24_micro032_conf_3.dft_h.01.mae
SM24_micro032_conf_4.dft_h.01.mae
SM24_micro032_conf_5.dft_h.01.mae
Taking deprotonated structures from:
SM24_micro017_conf_1.dft.01.mae
SM24_micro017_conf_2.dft.01.mae
SM24_micro017_conf_3.dft.01.mae
SM24_micro017_conf_4.dft.01.mae
SM24_micro017_conf_5.dft.01.mae

Corrected results for 'protonated' structure in water:
pKa atom: 30

 # 	           Shell           	 pKa 	RMSD	 Contribution
---	---------------------------	-----	-----	--------------
1: 	pyrimidine                 	-2.99	0.242	    90.57%
2: 	heterocycle custom 1       	-6.03	0.617	     6.12%
3: 	heterocycle                	-5.40	0.837	     2.92%
4: 	Protonation of generic atom	-2.80	2.264	     0.40%

 Final weighted pKa value is -3.24



