Command:    jaguar run pka.py -jobname jag_SM19_micro016_SM19_micro004 -PARALLEL 10 -WAIT -n -csrch -prot SM19_micro016.in -deprot SM19_micro004.in
Release:    2017-4
Exec:       /data/chodera/schrodinger/schrodinger2017-4-advanced/jaguar-v9.8/bin/Linux-x86_64
Host:       ls07
JobId:      ls07-2-5af456e5
JobDir:     /lila/data/chodera/schrodinger/tmpdir/rustenburg/jag_SM19_micro016_SM19_micro004.1
Date:       Thu May 10 10:27:51 2018

Contents of /lila/data/chodera/schrodinger/tmpdir/rustenburg/jag_SM19_micro016_SM19_micro004.1:
/lila/data/chodera/schrodinger/tmpdir/rustenburg/jag_SM19_micro016_SM19_micro004.1/ls07-2-5af456e5.mpinodes
/lila/data/chodera/schrodinger/tmpdir/rustenburg/jag_SM19_micro016_SM19_micro004.1/ls07-2-5af456e5
/lila/data/chodera/schrodinger/tmpdir/rustenburg/jag_SM19_micro016_SM19_micro004.1/ls07-2-5af456e5.recover
/lila/data/chodera/schrodinger/tmpdir/rustenburg/jag_SM19_micro016_SM19_micro004.1/SM19_micro016.in
/lila/data/chodera/schrodinger/tmpdir/rustenburg/jag_SM19_micro016_SM19_micro004.1/SM19_micro004.in
/lila/data/chodera/schrodinger/tmpdir/rustenburg/jag_SM19_micro016_SM19_micro004.1/SM19_micro016.mae
/lila/data/chodera/schrodinger/tmpdir/rustenburg/jag_SM19_micro016_SM19_micro004.1/jag_SM19_micro016_SM19_micro004.log
/lila/data/chodera/schrodinger/tmpdir/rustenburg/jag_SM19_micro016_SM19_micro004.1/SM19_micro004.mae
/lila/data/chodera/schrodinger/tmpdir/rustenburg/jag_SM19_micro016_SM19_micro004.1/jag_SM19_micro016_SM19_micro004.recover

=====================
 Jaguar pKa workflow
=====================

Analysing user-provided (prot, deprot) pair:
(SM19_micro016.in, SM19_micro004.in)
Found labile hydrogen 25 in SM19_micro016.in
Found labile hydrogen at atom 12 in SM19_micro004.in
Adding 'ipkat' keyword to input files.

Identifying pKa functional group for pair:
(SM19_micro016, SM19_micro004)

Executing subprocess:
/data/chodera/schrodinger/schrodinger2017-4-advanced/jaguar-v9.8/bin/Linux-x86_64/pka -i -j SM19_micro016.tmp.jres -n

Taking protonated structures from:
SM19_micro016.mae
Taking deprotonated structures from:
SM19_micro004.mae

This molecule from 'SM19_micro016.mae' in water was recognized as:

 # 	           Shell           
---	---------------------------
1: 	Protonation of generic atom


Executing conformational search...

Executing 2 distributed subjobs:
---------------------------------

No more than 8 cpu(s) will be used per subjob.
No more than 10 cpu(s) will be used simultaneously.

Processing the following subjobs:
(1) jaguar run csrch.py SM19_micro016.mae -jobname SM19_micro016 -max_conf 5 -erg_window 50.208 -acc_level 1 -TPP 5
(2) jaguar run csrch.py SM19_micro004.mae -jobname SM19_micro004 -max_conf 5 -erg_window 50.208 -acc_level 1 -TPP 5

Running subjobs on hosts:
  localhost (Max: 2)
Number of jobs:       2
Max retries per job:  3
Max allowed failures: unlimited
Run with -LOCAL:      False
Verbosity:            normal

Starting JobDJ...

Keep one job on driver host: False
JobDJ columns:
  C: Number of completed subjobs
  A: Number of active subjobs (e.g., submitted, running)
  W: Number of waiting/pending subjobs

C A W | Activity  JobId  JobName  JobHost
- - - | --------- -----------------------
0 1 1 | launched  ls07-2-5af456ec SM19_micro016 localhost [ls07]
0 2 0 | launched  ls07-2-5af456ef SM19_micro004 localhost [ls07]
1 1 0 | finished  ls07-2-5af456ec SM19_micro016 localhost [ls07]
2 0 0 | finished  ls07-2-5af456ef SM19_micro004 localhost [ls07]

All jobs have completed.

2 of 2 job(s) succeeded; 0 job(s) failed.

Timer (distribute subjobs) : 735.27 secs (0 hrs, 12 mins, 15 secs)

Setting up QM workflow for (protonated, deprotonated) pair:
(1) (SM19_micro016, SM19_micro004)

Executing Jaguar quantum-mechanical subjobs...

Executing 10 distributed subjobs:
----------------------------------

No more than 8 cpu(s) will be used per subjob.
No more than 10 cpu(s) will be used simultaneously.

Processing the following subjobs:
(1) jaguar run pka_prot.bat -jobname SM19_micro016_conf_1 SM19_micro016_conf_1.in
(2) jaguar run pka_prot.bat -jobname SM19_micro016_conf_2 SM19_micro016_conf_2.in
(3) jaguar run pka_prot.bat -jobname SM19_micro016_conf_3 SM19_micro016_conf_3.in
(4) jaguar run pka_prot.bat -jobname SM19_micro016_conf_4 SM19_micro016_conf_4.in
(5) jaguar run pka_prot.bat -jobname SM19_micro016_conf_5 SM19_micro016_conf_5.in
(6) jaguar run pka_deprot.bat -jobname SM19_micro004_conf_1 SM19_micro004_conf_1.in
(7) jaguar run pka_deprot.bat -jobname SM19_micro004_conf_2 SM19_micro004_conf_2.in
(8) jaguar run pka_deprot.bat -jobname SM19_micro004_conf_3 SM19_micro004_conf_3.in
(9) jaguar run pka_deprot.bat -jobname SM19_micro004_conf_4 SM19_micro004_conf_4.in
(10) jaguar run pka_deprot.bat -jobname SM19_micro004_conf_5 SM19_micro004_conf_5.in

Running subjobs on hosts:
  localhost (Max: 10)
Number of jobs:       10
Max retries per job:  3
Max allowed failures: unlimited
Run with -LOCAL:      False
Verbosity:            normal

Starting JobDJ...

Keep one job on driver host: False
JobDJ columns:
  C: Number of completed subjobs
  A: Number of active subjobs (e.g., submitted, running)
  W: Number of waiting/pending subjobs

 C  A  W | Activity  JobId  JobName  JobHost
-- -- -- | --------- -----------------------
 0  1  9 | launched  ls07-0-5af459cc SM19_micro016_conf_1 localhost [ls07]
 0  2  8 | launched  ls07-0-5af459ce SM19_micro016_conf_2 localhost [ls07]
 0  3  7 | launched  ls07-2-5af459d0 SM19_micro016_conf_3 localhost [ls07]
 0  4  6 | launched  ls07-0-5af459d3 SM19_micro016_conf_4 localhost [ls07]
 0  5  5 | launched  ls07-1-5af459d5 SM19_micro016_conf_5 localhost [ls07]
 0  6  4 | launched  ls07-2-5af459d7 SM19_micro004_conf_1 localhost [ls07]
 0  7  3 | launched  ls07-0-5af459da SM19_micro004_conf_2 localhost [ls07]
 0  8  2 | launched  ls07-0-5af459dd SM19_micro004_conf_3 localhost [ls07]
 0  9  1 | launched  ls07-2-5af459df SM19_micro004_conf_4 localhost [ls07]
 0 10  0 | launched  ls07-1-5af459e2 SM19_micro004_conf_5 localhost [ls07]
 1  9  0 | finished  ls07-2-5af459d7 SM19_micro004_conf_1 localhost [ls07]
 2  8  0 | finished  ls07-0-5af459ce SM19_micro016_conf_2 localhost [ls07]
 3  7  0 | finished  ls07-2-5af459df SM19_micro004_conf_4 localhost [ls07]
 4  6  0 | finished  ls07-1-5af459e2 SM19_micro004_conf_5 localhost [ls07]
 5  5  0 | finished  ls07-0-5af459cc SM19_micro016_conf_1 localhost [ls07]
 6  4  0 | finished  ls07-0-5af459dd SM19_micro004_conf_3 localhost [ls07]
 7  3  0 | finished  ls07-1-5af459d5 SM19_micro016_conf_5 localhost [ls07]
 8  2  0 | finished  ls07-0-5af459d3 SM19_micro016_conf_4 localhost [ls07]
 9  1  0 | finished  ls07-0-5af459da SM19_micro004_conf_2 localhost [ls07]
10  0  0 | finished  ls07-2-5af459d0 SM19_micro016_conf_3 localhost [ls07]

All jobs have completed.

10 of 10 job(s) succeeded; 0 job(s) failed.

Timer (distribute subjobs) : 13818.69 secs (3 hrs, 50 mins, 18 secs)

Processing QM output files...

Executing subprocess:
/data/chodera/schrodinger/schrodinger2017-4-advanced/jaguar results -energy SM19_micro016_conf_1.nrg_h.out

Executing subprocess:
/data/chodera/schrodinger/schrodinger2017-4-advanced/jaguar results -esolv SM19_micro016_conf_1.sol_h.out

Executing subprocess:
/data/chodera/schrodinger/schrodinger2017-4-advanced/jaguar results -energy SM19_micro016_conf_2.nrg_h.out

Executing subprocess:
/data/chodera/schrodinger/schrodinger2017-4-advanced/jaguar results -esolv SM19_micro016_conf_2.sol_h.out

Executing subprocess:
/data/chodera/schrodinger/schrodinger2017-4-advanced/jaguar results -energy SM19_micro016_conf_3.nrg_h.out

Executing subprocess:
/data/chodera/schrodinger/schrodinger2017-4-advanced/jaguar results -esolv SM19_micro016_conf_3.sol_h.out

Executing subprocess:
/data/chodera/schrodinger/schrodinger2017-4-advanced/jaguar results -energy SM19_micro016_conf_4.nrg_h.out

Executing subprocess:
/data/chodera/schrodinger/schrodinger2017-4-advanced/jaguar results -esolv SM19_micro016_conf_4.sol_h.out

Executing subprocess:
/data/chodera/schrodinger/schrodinger2017-4-advanced/jaguar results -energy SM19_micro016_conf_5.nrg_h.out

Executing subprocess:
/data/chodera/schrodinger/schrodinger2017-4-advanced/jaguar results -esolv SM19_micro016_conf_5.sol_h.out

Executing subprocess:
/data/chodera/schrodinger/schrodinger2017-4-advanced/jaguar results -energy SM19_micro004_conf_1.nrg.out

Executing subprocess:
/data/chodera/schrodinger/schrodinger2017-4-advanced/jaguar results -esolv SM19_micro004_conf_1.sol.out

Executing subprocess:
/data/chodera/schrodinger/schrodinger2017-4-advanced/jaguar results -energy SM19_micro004_conf_2.nrg.out

Executing subprocess:
/data/chodera/schrodinger/schrodinger2017-4-advanced/jaguar results -esolv SM19_micro004_conf_2.sol.out

Executing subprocess:
/data/chodera/schrodinger/schrodinger2017-4-advanced/jaguar results -energy SM19_micro004_conf_3.nrg.out

Executing subprocess:
/data/chodera/schrodinger/schrodinger2017-4-advanced/jaguar results -esolv SM19_micro004_conf_3.sol.out

Executing subprocess:
/data/chodera/schrodinger/schrodinger2017-4-advanced/jaguar results -energy SM19_micro004_conf_4.nrg.out

Executing subprocess:
/data/chodera/schrodinger/schrodinger2017-4-advanced/jaguar results -esolv SM19_micro004_conf_4.sol.out

Executing subprocess:
/data/chodera/schrodinger/schrodinger2017-4-advanced/jaguar results -energy SM19_micro004_conf_5.nrg.out

Executing subprocess:
/data/chodera/schrodinger/schrodinger2017-4-advanced/jaguar results -esolv SM19_micro004_conf_5.sol.out

Executing subprocess:
/data/chodera/schrodinger/schrodinger2017-4-advanced/jaguar-v9.8/bin/Linux-x86_64/pka -o SM19_micro016_deprot-out.mae -j SM19_micro016.jres -n -d

Executing subprocess:
/data/chodera/schrodinger/schrodinger2017-4-advanced/jaguar-v9.8/bin/Linux-x86_64/pka -o SM19_micro016_prot-out.mae -j SM19_micro016.jres -n

pKa calculation for SM19_micro016 completed.

pKa workflow jag_SM19_micro016_SM19_micro004 completed.

Timer (Jaguar pKa) : 14628.17 secs (4 hrs, 03 mins, 48 secs)
Timer (jaguar_backend.py) : 14628.17 secs (4 hrs, 03 mins, 48 secs)
Finished:   Thu May 10 14:31:39 2018
