Taking protonated structures from:
SM07_micro013_conf_1.dft_h.01.mae
SM07_micro013_conf_2.dft_h.01.mae
SM07_micro013_conf_3.dft_h.01.mae
SM07_micro013_conf_4.dft_h.01.mae
SM07_micro013_conf_5.dft_h.01.mae
Taking deprotonated structures from:
SM07_micro011_conf_1.dft.01.mae
SM07_micro011_conf_2.dft.01.mae
SM07_micro011_conf_3.dft.01.mae
SM07_micro011_conf_4.dft.01.mae
SM07_micro011_conf_5.dft.01.mae

Corrected results for 'protonated' structure in water:
pKa atom: 21

 # 	           Shell           	 pKa 	RMSD	 Contribution
---	---------------------------	-----	-----	--------------
1: 	pyrimidine                 	-0.60	0.242	    84.80%
2: 	heterocycle custom 1       	-1.89	0.617	     8.07%
3: 	heterocycle                	-1.44	0.837	     6.72%
4: 	Protonation of generic atom	 0.24	2.264	     0.41%

 Final weighted pKa value is -0.76



