Taking protonated structures from:
SM13_micro008_conf_1.dft_h.01.mae
SM13_micro008_conf_2.dft_h.01.mae
SM13_micro008_conf_3.dft_h.01.mae
SM13_micro008_conf_4.dft_h.01.mae
SM13_micro008_conf_5.dft_h.01.mae
Taking deprotonated structures from:
SM13_micro005_conf_1.dft.01.mae
SM13_micro005_conf_2.dft.01.mae
SM13_micro005_conf_3.dft.01.mae
SM13_micro005_conf_4.dft.01.mae
SM13_micro005_conf_5.dft.01.mae

Corrected results for 'protonated' structure in water:
pKa atom: 23

 # 	                  Shell                   	 pKa 	RMSD	 Contribution
---	------------------------------------------	-----	-----	--------------
1: 	secondary aniline                         	-3.54	0.275	    94.12%
2: 	Protonation of sp3-like aliphatic nitrogen	-2.96	1.715	     5.47%
3: 	Protonation of generic atom               	-3.06	2.264	     0.41%

 Final weighted pKa value is -3.50



