Command:    jaguar run pka.py -jobname jag_SM18_micro033_SM18_micro049 -PARALLEL 10 -n -csrch -prot SM18_micro033.in -deprot SM18_micro049.in
Release:    2017-4
Exec:       /data/chodera/schrodinger/schrodinger2017-4-advanced/jaguar-v9.8/bin/Linux-x86_64
Host:       ls17
JobId:      lilac-0-5aecafbe
JobDir:     /lila/data/chodera/schrodinger/tmpdir/rustenburg/jag_SM18_micro033_SM18_micro049
Date:       Fri May  4 15:20:11 2018

Contents of /lila/data/chodera/schrodinger/tmpdir/rustenburg/jag_SM18_micro033_SM18_micro049:
/lila/data/chodera/schrodinger/tmpdir/rustenburg/jag_SM18_micro033_SM18_micro049/lilac-0-5aecafbe.mpinodes
/lila/data/chodera/schrodinger/tmpdir/rustenburg/jag_SM18_micro033_SM18_micro049/jag_SM18_micro033_SM18_micro049.recover
/lila/data/chodera/schrodinger/tmpdir/rustenburg/jag_SM18_micro033_SM18_micro049/lilac-0-5aecafbe.nodes
/lila/data/chodera/schrodinger/tmpdir/rustenburg/jag_SM18_micro033_SM18_micro049/jag_SM18_micro033_SM18_micro049.log
/lila/data/chodera/schrodinger/tmpdir/rustenburg/jag_SM18_micro033_SM18_micro049/SM18_micro033.in
/lila/data/chodera/schrodinger/tmpdir/rustenburg/jag_SM18_micro033_SM18_micro049/lilac-0-5aecafbe.hosts
/lila/data/chodera/schrodinger/tmpdir/rustenburg/jag_SM18_micro033_SM18_micro049/SM18_micro049.mae
/lila/data/chodera/schrodinger/tmpdir/rustenburg/jag_SM18_micro033_SM18_micro049/lilac-0-5aecafbe
/lila/data/chodera/schrodinger/tmpdir/rustenburg/jag_SM18_micro033_SM18_micro049/SM18_micro033.mae
/lila/data/chodera/schrodinger/tmpdir/rustenburg/jag_SM18_micro033_SM18_micro049/SM18_micro049.in
/lila/data/chodera/schrodinger/tmpdir/rustenburg/jag_SM18_micro033_SM18_micro049/lilac-0-5aecafbe.jlog
/lila/data/chodera/schrodinger/tmpdir/rustenburg/jag_SM18_micro033_SM18_micro049/lilac-0-5aecafbe.recover

=====================
 Jaguar pKa workflow
=====================

Analysing user-provided (prot, deprot) pair:
(SM18_micro033.in, SM18_micro049.in)
Found labile hydrogen 35 in SM18_micro033.in
Found labile hydrogen at atom 8 in SM18_micro049.in
Adding 'ipkat' keyword to input files.

Identifying pKa functional group for pair:
(SM18_micro033, SM18_micro049)

Executing subprocess:
/data/chodera/schrodinger/schrodinger2017-4-advanced/jaguar-v9.8/bin/Linux-x86_64/pka -i -j SM18_micro033.tmp.jres -n

Taking protonated structures from:
SM18_micro033.mae
Taking deprotonated structures from:
SM18_micro049.mae

This molecule from 'SM18_micro033.mae' in water was recognized as:

 # 	            Shell             
---	------------------------------
1: 	OH attached to heterocycle    
2: 	Protonation of generic atom   
3: 	Protonation of sp2-like oxygen


Executing conformational search...

Executing 2 distributed subjobs:
---------------------------------

No more than 8 cpu(s) will be used per subjob.
No more than 10 cpu(s) will be used simultaneously.

Processing the following subjobs:
(1) jaguar run csrch.py SM18_micro033.mae -jobname SM18_micro033 -max_conf 5 -erg_window 50.208 -acc_level 1 -TPP 5
(2) jaguar run csrch.py SM18_micro049.mae -jobname SM18_micro049 -max_conf 5 -erg_window 50.208 -acc_level 1 -TPP 5

Running subjobs on hosts:
  lsf-cpu (Max: 2)
Number of jobs:       2
Max retries per job:  3
Max allowed failures: unlimited
Run with -LOCAL:      False
Verbosity:            normal

Starting JobDJ...

Keep one job on driver host: False
JobDJ columns:
  C: Number of completed subjobs
  A: Number of active subjobs (e.g., submitted, running)
  W: Number of waiting/pending subjobs

C A W | Activity  JobId  JobName  JobHost
- - - | --------- -----------------------
0 1 1 | launched  ls17-8-5aecb274 SM18_micro033 lsf-cpu
0 2 0 | launched  ls17-0-5aecb27a SM18_micro049 lsf-cpu
1 1 0 | finished  ls17-8-5aecb274 SM18_micro033 lsf-cpu [ls12]
2 0 0 | finished  ls17-0-5aecb27a SM18_micro049 lsf-cpu [ls04]

All jobs have completed.

2 of 2 job(s) succeeded; 0 job(s) failed.

Timer (distribute subjobs) : 9812.59 secs (2 hrs, 43 mins, 32 secs)

Setting up QM workflow for (protonated, deprotonated) pair:
(1) (SM18_micro033, SM18_micro049)

Executing Jaguar quantum-mechanical subjobs...

Executing 10 distributed subjobs:
----------------------------------

No more than 8 cpu(s) will be used per subjob.
No more than 10 cpu(s) will be used simultaneously.

Processing the following subjobs:
(1) jaguar run pka_prot.bat -jobname SM18_micro033_conf_1 SM18_micro033_conf_1.in
(2) jaguar run pka_prot.bat -jobname SM18_micro033_conf_2 SM18_micro033_conf_2.in
(3) jaguar run pka_prot.bat -jobname SM18_micro033_conf_3 SM18_micro033_conf_3.in
(4) jaguar run pka_prot.bat -jobname SM18_micro033_conf_4 SM18_micro033_conf_4.in
(5) jaguar run pka_prot.bat -jobname SM18_micro033_conf_5 SM18_micro033_conf_5.in
(6) jaguar run pka_deprot.bat -jobname SM18_micro049_conf_1 SM18_micro049_conf_1.in
(7) jaguar run pka_deprot.bat -jobname SM18_micro049_conf_2 SM18_micro049_conf_2.in
(8) jaguar run pka_deprot.bat -jobname SM18_micro049_conf_3 SM18_micro049_conf_3.in
(9) jaguar run pka_deprot.bat -jobname SM18_micro049_conf_4 SM18_micro049_conf_4.in
(10) jaguar run pka_deprot.bat -jobname SM18_micro049_conf_5 SM18_micro049_conf_5.in

Running subjobs on hosts:
  lsf-cpu (Max: 10)
Number of jobs:       10
Max retries per job:  3
Max allowed failures: unlimited
Run with -LOCAL:      False
Verbosity:            normal

Starting JobDJ...

Keep one job on driver host: True
JobDJ columns:
  C: Number of completed subjobs
  A: Number of active subjobs (e.g., submitted, running)
  W: Number of waiting/pending subjobs

 C  A  W | Activity  JobId  JobName  JobHost
-- -- -- | --------- -----------------------
 0  1  9 | launched  ls17-1-5aecd8d1 SM18_micro033_conf_1 localhost [ls17]
 0  2  8 | launched  ls17-0-5aecd8d5 SM18_micro033_conf_2 lsf-cpu
 0  3  7 | launched  ls17-0-5aecd8db SM18_micro033_conf_3 lsf-cpu
 0  4  6 | launched  ls17-0-5aecd8e3 SM18_micro033_conf_4 lsf-cpu
 0  5  5 | launched  ls17-0-5aecd8e8 SM18_micro033_conf_5 lsf-cpu
 0  6  4 | launched  ls17-0-5aecd8ed SM18_micro049_conf_1 lsf-cpu
 0  7  3 | launched  ls17-0-5aecd8f5 SM18_micro049_conf_2 lsf-cpu
 0  8  2 | launched  ls17-0-5aecd8fc SM18_micro049_conf_3 lsf-cpu
 0  9  1 | launched  ls17-0-5aecd902 SM18_micro049_conf_4 lsf-cpu
 0 10  0 | launched  ls17-0-5aecd908 SM18_micro049_conf_5 lsf-cpu
 1  9  0 | finished  ls17-1-5aecd8d1 SM18_micro033_conf_1 localhost [ls17]
 2  8  0 | finished  ls17-0-5aecd8f5 SM18_micro049_conf_2 lsf-cpu [lt21]
