Command:    jaguar run pka.py -jobname jag_SM23_micro046_SM23_micro040 -PARALLEL 10 -WAIT -n -csrch -prot SM23_micro046.in -deprot SM23_micro040.in
Release:    2017-4
Exec:       /data/chodera/schrodinger/schrodinger2017-4-advanced/jaguar-v9.8/bin/Linux-x86_64
Host:       ls10
JobId:      ls10-0-5af46edf
JobDir:     /lila/data/chodera/schrodinger/tmpdir/rustenburg/jag_SM23_micro046_SM23_micro040
Date:       Thu May 10 12:10:18 2018

Contents of /lila/data/chodera/schrodinger/tmpdir/rustenburg/jag_SM23_micro046_SM23_micro040:
/lila/data/chodera/schrodinger/tmpdir/rustenburg/jag_SM23_micro046_SM23_micro040/SM23_micro046.in
/lila/data/chodera/schrodinger/tmpdir/rustenburg/jag_SM23_micro046_SM23_micro040/jag_SM23_micro046_SM23_micro040.recover
/lila/data/chodera/schrodinger/tmpdir/rustenburg/jag_SM23_micro046_SM23_micro040/SM23_micro040.mae
/lila/data/chodera/schrodinger/tmpdir/rustenburg/jag_SM23_micro046_SM23_micro040/SM23_micro046.mae
/lila/data/chodera/schrodinger/tmpdir/rustenburg/jag_SM23_micro046_SM23_micro040/ls10-0-5af46edf.mpinodes
/lila/data/chodera/schrodinger/tmpdir/rustenburg/jag_SM23_micro046_SM23_micro040/SM23_micro040.in
/lila/data/chodera/schrodinger/tmpdir/rustenburg/jag_SM23_micro046_SM23_micro040/jag_SM23_micro046_SM23_micro040.log
/lila/data/chodera/schrodinger/tmpdir/rustenburg/jag_SM23_micro046_SM23_micro040/ls10-0-5af46edf
/lila/data/chodera/schrodinger/tmpdir/rustenburg/jag_SM23_micro046_SM23_micro040/ls10-0-5af46edf.recover

=====================
 Jaguar pKa workflow
=====================

Analysing user-provided (prot, deprot) pair:
(SM23_micro046.in, SM23_micro040.in)
Error: more than 1 heavy atom differs by 1 proton in:
SM23_micro046.in
SM23_micro040.in


An error has occurred.  Information about the error has been written to 
/home/rustenburg/.schrodinger/exceptions/error20180510-121018.txt 

Please contact help@schrodinger.com for assistance. Include error20180510-121018.txt and a description of what you were doing when the error occurred.
