Command:    jaguar run pka.py -jobname jag_SM18_micro017_SM18_micro075 -PARALLEL 10 -n -csrch -prot SM18_micro017.in -deprot SM18_micro075.in
Release:    2017-4
Exec:       /data/chodera/schrodinger/schrodinger2017-4-advanced/jaguar-v9.8/bin/Linux-x86_64
Host:       lt04
JobId:      lilac-0-5aecaedb
JobDir:     /lila/data/chodera/schrodinger/tmpdir/rustenburg/jag_SM18_micro017_SM18_micro075
Date:       Fri May  4 15:16:44 2018

Contents of /lila/data/chodera/schrodinger/tmpdir/rustenburg/jag_SM18_micro017_SM18_micro075:
/lila/data/chodera/schrodinger/tmpdir/rustenburg/jag_SM18_micro017_SM18_micro075/lilac-0-5aecaedb.recover
/lila/data/chodera/schrodinger/tmpdir/rustenburg/jag_SM18_micro017_SM18_micro075/jag_SM18_micro017_SM18_micro075.log
/lila/data/chodera/schrodinger/tmpdir/rustenburg/jag_SM18_micro017_SM18_micro075/lilac-0-5aecaedb.mpinodes
/lila/data/chodera/schrodinger/tmpdir/rustenburg/jag_SM18_micro017_SM18_micro075/SM18_micro075.in
/lila/data/chodera/schrodinger/tmpdir/rustenburg/jag_SM18_micro017_SM18_micro075/SM18_micro075.mae
/lila/data/chodera/schrodinger/tmpdir/rustenburg/jag_SM18_micro017_SM18_micro075/SM18_micro017.mae
/lila/data/chodera/schrodinger/tmpdir/rustenburg/jag_SM18_micro017_SM18_micro075/SM18_micro017.in
/lila/data/chodera/schrodinger/tmpdir/rustenburg/jag_SM18_micro017_SM18_micro075/lilac-0-5aecaedb.nodes
/lila/data/chodera/schrodinger/tmpdir/rustenburg/jag_SM18_micro017_SM18_micro075/lilac-0-5aecaedb.hosts
/lila/data/chodera/schrodinger/tmpdir/rustenburg/jag_SM18_micro017_SM18_micro075/lilac-0-5aecaedb
/lila/data/chodera/schrodinger/tmpdir/rustenburg/jag_SM18_micro017_SM18_micro075/lilac-0-5aecaedb.jlog
/lila/data/chodera/schrodinger/tmpdir/rustenburg/jag_SM18_micro017_SM18_micro075/jag_SM18_micro017_SM18_micro075.recover

=====================
 Jaguar pKa workflow
=====================

Analysing user-provided (prot, deprot) pair:
(SM18_micro017.in, SM18_micro075.in)
Error: heavy atoms are different in input files:
SM18_micro017.in
SM18_micro075.in


An error has occurred.  Information about the error has been written to 
/home/rustenburg/.schrodinger/exceptions/error20180504-151644.txt 

Please contact help@schrodinger.com for assistance. Include error20180504-151644.txt and a description of what you were doing when the error occurred.
