Command:    jaguar run pka.py -jobname jag_SM11_micro017_SM11_micro011 -PARALLEL 10 -n -csrch -prot SM11_micro017.in -deprot SM11_micro011.in
Release:    2017-4
Exec:       /data/chodera/schrodinger/schrodinger2017-4-advanced/jaguar-v9.8/bin/Linux-x86_64
Host:       lt20
JobId:      lilac-0-5aec9a50
JobDir:     /lila/data/chodera/schrodinger/tmpdir/rustenburg/jag_SM11_micro017_SM11_micro011
Date:       Fri May  4 13:37:25 2018

Contents of /lila/data/chodera/schrodinger/tmpdir/rustenburg/jag_SM11_micro017_SM11_micro011:
/lila/data/chodera/schrodinger/tmpdir/rustenburg/jag_SM11_micro017_SM11_micro011/lilac-0-5aec9a50.mpinodes
/lila/data/chodera/schrodinger/tmpdir/rustenburg/jag_SM11_micro017_SM11_micro011/jag_SM11_micro017_SM11_micro011.recover
/lila/data/chodera/schrodinger/tmpdir/rustenburg/jag_SM11_micro017_SM11_micro011/SM11_micro017.in
/lila/data/chodera/schrodinger/tmpdir/rustenburg/jag_SM11_micro017_SM11_micro011/SM11_micro017.mae
/lila/data/chodera/schrodinger/tmpdir/rustenburg/jag_SM11_micro017_SM11_micro011/lilac-0-5aec9a50.recover
/lila/data/chodera/schrodinger/tmpdir/rustenburg/jag_SM11_micro017_SM11_micro011/lilac-0-5aec9a50.nodes
/lila/data/chodera/schrodinger/tmpdir/rustenburg/jag_SM11_micro017_SM11_micro011/SM11_micro011.in
/lila/data/chodera/schrodinger/tmpdir/rustenburg/jag_SM11_micro017_SM11_micro011/lilac-0-5aec9a50.jlog
/lila/data/chodera/schrodinger/tmpdir/rustenburg/jag_SM11_micro017_SM11_micro011/lilac-0-5aec9a50.hosts
/lila/data/chodera/schrodinger/tmpdir/rustenburg/jag_SM11_micro017_SM11_micro011/lilac-0-5aec9a50
/lila/data/chodera/schrodinger/tmpdir/rustenburg/jag_SM11_micro017_SM11_micro011/jag_SM11_micro017_SM11_micro011.log
/lila/data/chodera/schrodinger/tmpdir/rustenburg/jag_SM11_micro017_SM11_micro011/SM11_micro011.mae

=====================
 Jaguar pKa workflow
=====================

Analysing user-provided (prot, deprot) pair:
(SM11_micro017.in, SM11_micro011.in)
Found labile hydrogen 17 in SM11_micro017.in
Found labile hydrogen at atom 13 in SM11_micro011.in
Adding 'ipkat' keyword to input files.

Identifying pKa functional group for pair:
(SM11_micro017, SM11_micro011)

Executing subprocess:
/data/chodera/schrodinger/schrodinger2017-4-advanced/jaguar-v9.8/bin/Linux-x86_64/pka -i -j SM11_micro017.tmp.jres -n

Taking protonated structures from:
SM11_micro017.mae
Taking deprotonated structures from:
SM11_micro011.mae

This molecule from 'SM11_micro017.mae' in water was recognized as:

 # 	                  Shell                   
---	------------------------------------------
1: 	Protonation of sp3-like aliphatic nitrogen
2: 	Protonation of generic atom               


Executing conformational search...

Executing 2 distributed subjobs:
---------------------------------

No more than 8 cpu(s) will be used per subjob.
No more than 10 cpu(s) will be used simultaneously.

Processing the following subjobs:
(1) jaguar run csrch.py SM11_micro017.mae -jobname SM11_micro017 -max_conf 5 -erg_window 50.208 -acc_level 1 -TPP 5
(2) jaguar run csrch.py SM11_micro011.mae -jobname SM11_micro011 -max_conf 5 -erg_window 50.208 -acc_level 1 -TPP 5

Running subjobs on hosts:
  lsf-cpu (Max: 2)
Number of jobs:       2
Max retries per job:  3
Max allowed failures: unlimited
Run with -LOCAL:      False
Verbosity:            normal

Starting JobDJ...

Keep one job on driver host: False
JobDJ columns:
  C: Number of completed subjobs
  A: Number of active subjobs (e.g., submitted, running)
  W: Number of waiting/pending subjobs

C A W | Activity  JobId  JobName  JobHost
- - - | --------- -----------------------
0 1 1 | launched  lt20-0-5aec9a5b SM11_micro017 lsf-cpu
0 2 0 | launched  lt20-0-5aec9a5e SM11_micro011 lsf-cpu
1 1 0 | finished  lt20-0-5aec9a5e SM11_micro011 lsf-cpu
2 0 0 | finished  lt20-0-5aec9a5b SM11_micro017 lsf-cpu

All jobs have completed.

2 of 2 job(s) succeeded; 0 job(s) failed.

Timer (distribute subjobs) : 300.00 secs (0 hrs, 04 mins, 59 secs)

Setting up QM workflow for (protonated, deprotonated) pair:
(1) (SM11_micro017, SM11_micro011)

Executing Jaguar quantum-mechanical subjobs...

Executing 4 distributed subjobs:
---------------------------------

No more than 8 cpu(s) will be used per subjob.
No more than 10 cpu(s) will be used simultaneously.

Processing the following subjobs:
(1) jaguar run pka_prot.bat -jobname SM11_micro017_conf_1 SM11_micro017_conf_1.in -TPP 3
(2) jaguar run pka_prot.bat -jobname SM11_micro017_conf_2 SM11_micro017_conf_2.in -TPP 3
(3) jaguar run pka_deprot.bat -jobname SM11_micro011_conf_1 SM11_micro011_conf_1.in -TPP 2
(4) jaguar run pka_deprot.bat -jobname SM11_micro011_conf_2 SM11_micro011_conf_2.in -TPP 2

Running subjobs on hosts:
  lsf-cpu (Max: 4)
Number of jobs:       4
Max retries per job:  3
Max allowed failures: unlimited
Run with -LOCAL:      False
Verbosity:            normal

Starting JobDJ...

Keep one job on driver host: False
JobDJ columns:
  C: Number of completed subjobs
  A: Number of active subjobs (e.g., submitted, running)
  W: Number of waiting/pending subjobs

C A W | Activity  JobId  JobName  JobHost
- - - | --------- -----------------------
0 1 3 | launched  lt20-0-5aec9b87 SM11_micro017_conf_1 lsf-cpu
0 2 2 | launched  lt20-1-5aec9b89 SM11_micro017_conf_2 lsf-cpu
0 3 1 | launched  lt20-0-5aec9b8c SM11_micro011_conf_1 lsf-cpu
0 4 0 | launched  lt20-0-5aec9b8f SM11_micro011_conf_2 lsf-cpu
1 3 0 | finished  lt20-1-5aec9b89 SM11_micro017_conf_2 lsf-cpu
2 2 0 | finished  lt20-0-5aec9b8c SM11_micro011_conf_1 lsf-cpu [lt14]
3 1 0 | finished  lt20-0-5aec9b8f SM11_micro011_conf_2 lsf-cpu [lt17]
4 0 0 | finished  lt20-0-5aec9b87 SM11_micro017_conf_1 lsf-cpu [ls04]

All jobs have completed.

4 of 4 job(s) succeeded; 0 job(s) failed.

Timer (distribute subjobs) : 1243.25 secs (0 hrs, 20 mins, 43 secs)

Processing QM output files...

Executing subprocess:
/data/chodera/schrodinger/schrodinger2017-4-advanced/jaguar results -energy SM11_micro017_conf_1.nrg_h.out

Executing subprocess:
/data/chodera/schrodinger/schrodinger2017-4-advanced/jaguar results -esolv SM11_micro017_conf_1.sol_h.out

Executing subprocess:
/data/chodera/schrodinger/schrodinger2017-4-advanced/jaguar results -energy SM11_micro017_conf_2.nrg_h.out

Executing subprocess:
/data/chodera/schrodinger/schrodinger2017-4-advanced/jaguar results -esolv SM11_micro017_conf_2.sol_h.out

Executing subprocess:
/data/chodera/schrodinger/schrodinger2017-4-advanced/jaguar results -energy SM11_micro011_conf_1.nrg.out

Executing subprocess:
/data/chodera/schrodinger/schrodinger2017-4-advanced/jaguar results -esolv SM11_micro011_conf_1.sol.out

Executing subprocess:
/data/chodera/schrodinger/schrodinger2017-4-advanced/jaguar results -energy SM11_micro011_conf_2.nrg.out

Executing subprocess:
/data/chodera/schrodinger/schrodinger2017-4-advanced/jaguar results -esolv SM11_micro011_conf_2.sol.out

Executing subprocess:
/data/chodera/schrodinger/schrodinger2017-4-advanced/jaguar-v9.8/bin/Linux-x86_64/pka -o SM11_micro017_deprot-out.mae -j SM11_micro017.jres -n -d

Executing subprocess:
/data/chodera/schrodinger/schrodinger2017-4-advanced/jaguar-v9.8/bin/Linux-x86_64/pka -o SM11_micro017_prot-out.mae -j SM11_micro017.jres -n

pKa calculation for SM11_micro017 completed.

pKa workflow jag_SM11_micro017_SM11_micro011 completed.

Timer (Jaguar pKa) : 1585.66 secs (0 hrs, 26 mins, 25 secs)
Timer (jaguar_backend.py) : 1585.66 secs (0 hrs, 26 mins, 25 secs)
Finished:   Fri May  4 14:03:50 2018
