Command:    jaguar run pka.py -jobname jag_SM10_micro009_SM10_micro013 -PARALLEL 10 -WAIT -n -csrch -prot SM10_micro009.in -deprot SM10_micro013.in
Release:    2017-4
Exec:       /data/chodera/schrodinger/schrodinger2017-4-advanced/jaguar-v9.8/bin/Linux-x86_64
Host:       lt07
JobId:      lt02-9-5af3624d
JobDir:     /lila/data/chodera/schrodinger/tmpdir/rustenburg/jag_SM10_micro009_SM10_micro013
Date:       Wed May  9 17:04:44 2018

Contents of /lila/data/chodera/schrodinger/tmpdir/rustenburg/jag_SM10_micro009_SM10_micro013:
/lila/data/chodera/schrodinger/tmpdir/rustenburg/jag_SM10_micro009_SM10_micro013/jag_SM10_micro009_SM10_micro013.recover
/lila/data/chodera/schrodinger/tmpdir/rustenburg/jag_SM10_micro009_SM10_micro013/lt02-9-5af3624d.jlog
/lila/data/chodera/schrodinger/tmpdir/rustenburg/jag_SM10_micro009_SM10_micro013/lt02-9-5af3624d
/lila/data/chodera/schrodinger/tmpdir/rustenburg/jag_SM10_micro009_SM10_micro013/lt02-9-5af3624d.hosts
/lila/data/chodera/schrodinger/tmpdir/rustenburg/jag_SM10_micro009_SM10_micro013/SM10_micro009.mae
/lila/data/chodera/schrodinger/tmpdir/rustenburg/jag_SM10_micro009_SM10_micro013/SM10_micro013.mae
/lila/data/chodera/schrodinger/tmpdir/rustenburg/jag_SM10_micro009_SM10_micro013/SM10_micro009.in
/lila/data/chodera/schrodinger/tmpdir/rustenburg/jag_SM10_micro009_SM10_micro013/lt02-9-5af3624d.mpinodes
/lila/data/chodera/schrodinger/tmpdir/rustenburg/jag_SM10_micro009_SM10_micro013/lt02-9-5af3624d.nodes
/lila/data/chodera/schrodinger/tmpdir/rustenburg/jag_SM10_micro009_SM10_micro013/jag_SM10_micro009_SM10_micro013.log
/lila/data/chodera/schrodinger/tmpdir/rustenburg/jag_SM10_micro009_SM10_micro013/lt02-9-5af3624d.recover
/lila/data/chodera/schrodinger/tmpdir/rustenburg/jag_SM10_micro009_SM10_micro013/SM10_micro013.in

=====================
 Jaguar pKa workflow
=====================

Analysing user-provided (prot, deprot) pair:
(SM10_micro009.in, SM10_micro013.in)
Found labile hydrogen 35 in SM10_micro009.in
Found labile hydrogen at atom 12 in SM10_micro013.in
Adding 'ipkat' keyword to input files.

Identifying pKa functional group for pair:
(SM10_micro009, SM10_micro013)

Executing subprocess:
/data/chodera/schrodinger/schrodinger2017-4-advanced/jaguar-v9.8/bin/Linux-x86_64/pka -i -j SM10_micro009.tmp.jres -n

Taking protonated structures from:
SM10_micro009.mae
Taking deprotonated structures from:
SM10_micro013.mae

This molecule from 'SM10_micro009.mae' in water was recognized as:

 # 	            Shell             
---	------------------------------
1: 	Protonation of generic atom   
2: 	Protonation of sp2-like oxygen


Executing conformational search...

Executing 2 distributed subjobs:
---------------------------------

No more than 8 cpu(s) will be used per subjob.
No more than 10 cpu(s) will be used simultaneously.

Processing the following subjobs:
(1) jaguar run csrch.py SM10_micro009.mae -jobname SM10_micro009 -max_conf 5 -erg_window 50.208 -acc_level 1 -TPP 5
(2) jaguar run csrch.py SM10_micro013.mae -jobname SM10_micro013 -max_conf 5 -erg_window 50.208 -acc_level 1 -TPP 5

Running subjobs on hosts:
  lsf-cpu (Max: 2)
Number of jobs:       2
Max retries per job:  3
Max allowed failures: unlimited
Run with -LOCAL:      False
Verbosity:            normal

Starting JobDJ...

Keep one job on driver host: False
JobDJ columns:
  C: Number of completed subjobs
  A: Number of active subjobs (e.g., submitted, running)
  W: Number of waiting/pending subjobs

C A W | Activity  JobId  JobName  JobHost
- - - | --------- -----------------------
0 1 1 | launched  lt07-0-5af36279 SM10_micro009 lsf-cpu
0 2 0 | launched  lt07-4-5af36282 SM10_micro013 lsf-cpu
1 1 0 | finished  lt07-4-5af36282 SM10_micro013 lsf-cpu [lt09]
2 0 0 | finished  lt07-0-5af36279 SM10_micro009 lsf-cpu [lt07]

All jobs have completed.

2 of 2 job(s) succeeded; 0 job(s) failed.

Timer (distribute subjobs) : 1464.59 secs (0 hrs, 24 mins, 24 secs)

Setting up QM workflow for (protonated, deprotonated) pair:
(1) (SM10_micro009, SM10_micro013)

Executing Jaguar quantum-mechanical subjobs...

Executing 10 distributed subjobs:
----------------------------------

No more than 8 cpu(s) will be used per subjob.
No more than 10 cpu(s) will be used simultaneously.

Processing the following subjobs:
(1) jaguar run pka_prot.bat -jobname SM10_micro009_conf_1 SM10_micro009_conf_1.in
(2) jaguar run pka_prot.bat -jobname SM10_micro009_conf_2 SM10_micro009_conf_2.in
(3) jaguar run pka_prot.bat -jobname SM10_micro009_conf_3 SM10_micro009_conf_3.in
(4) jaguar run pka_prot.bat -jobname SM10_micro009_conf_4 SM10_micro009_conf_4.in
(5) jaguar run pka_prot.bat -jobname SM10_micro009_conf_5 SM10_micro009_conf_5.in
(6) jaguar run pka_deprot.bat -jobname SM10_micro013_conf_1 SM10_micro013_conf_1.in
(7) jaguar run pka_deprot.bat -jobname SM10_micro013_conf_2 SM10_micro013_conf_2.in
(8) jaguar run pka_deprot.bat -jobname SM10_micro013_conf_3 SM10_micro013_conf_3.in
(9) jaguar run pka_deprot.bat -jobname SM10_micro013_conf_4 SM10_micro013_conf_4.in
(10) jaguar run pka_deprot.bat -jobname SM10_micro013_conf_5 SM10_micro013_conf_5.in

Running subjobs on hosts:
  lsf-cpu (Max: 10)
Number of jobs:       10
Max retries per job:  3
Max allowed failures: unlimited
Run with -LOCAL:      False
Verbosity:            normal

Starting JobDJ...

Keep one job on driver host: True
JobDJ columns:
  C: Number of completed subjobs
  A: Number of active subjobs (e.g., submitted, running)
  W: Number of waiting/pending subjobs

 C  A  W | Activity  JobId  JobName  JobHost
-- -- -- | --------- -----------------------
 0  1  9 | launched  lt07-0-5af3682f SM10_micro009_conf_1 localhost [lt07]
 0  2  8 | launched  lt07-0-5af36833 SM10_micro009_conf_2 lsf-cpu
 0  3  7 | launched  lt07-0-5af3684f SM10_micro009_conf_3 lsf-cpu
 0  4  6 | launched  lt07-0-5af3686c SM10_micro009_conf_4 lsf-cpu
 0  5  5 | launched  lt07-0-5af36881 SM10_micro009_conf_5 lsf-cpu
 0  6  4 | launched  lt07-0-5af3689d SM10_micro013_conf_1 lsf-cpu
 0  7  3 | launched  lt07-0-5af368b7 SM10_micro013_conf_2 lsf-cpu
 0  8  2 | launched  lt07-0-5af368d5 SM10_micro013_conf_3 lsf-cpu
 0  9  1 | launched  lt07-0-5af368e9 SM10_micro013_conf_4 lsf-cpu
 0 10  0 | launched  lt07-0-5af36907 SM10_micro013_conf_5 lsf-cpu
 1  9  0 | finished  lt07-0-5af3686c SM10_micro009_conf_4 lsf-cpu [lt07]
 2  8  0 | finished  lt07-0-5af3682f SM10_micro009_conf_1 localhost [lt07]
 3  7  0 | finished  lt07-0-5af36881 SM10_micro009_conf_5 lsf-cpu [lt09]
 4  6  0 | finished  lt07-0-5af3684f SM10_micro009_conf_3 lsf-cpu [ls01]
 5  5  0 | finished  lt07-0-5af368d5 SM10_micro013_conf_3 lsf-cpu [lt09]
 6  4  0 | finished  lt07-0-5af3689d SM10_micro013_conf_1 lsf-cpu [lt02]
 7  3  0 | finished  lt07-0-5af36833 SM10_micro009_conf_2 lsf-cpu [lt02]
 8  2  0 | finished  lt07-0-5af36907 SM10_micro013_conf_5 lsf-cpu [lt14]
 9  1  0 | finished  lt07-0-5af368b7 SM10_micro013_conf_2 lsf-cpu [lt09]
10  0  0 | finished  lt07-0-5af368e9 SM10_micro013_conf_4 lsf-cpu [lt09]

All jobs have completed.

10 of 10 job(s) succeeded; 0 job(s) failed.

Timer (distribute subjobs) : 3504.62 secs (0 hrs, 58 mins, 24 secs)

Processing QM output files...

Executing subprocess:
/data/chodera/schrodinger/schrodinger2017-4-advanced/jaguar results -energy SM10_micro009_conf_1.nrg_h.out

Executing subprocess:
/data/chodera/schrodinger/schrodinger2017-4-advanced/jaguar results -esolv SM10_micro009_conf_1.sol_h.out

Executing subprocess:
/data/chodera/schrodinger/schrodinger2017-4-advanced/jaguar results -energy SM10_micro009_conf_2.nrg_h.out

Executing subprocess:
/data/chodera/schrodinger/schrodinger2017-4-advanced/jaguar results -esolv SM10_micro009_conf_2.sol_h.out

Executing subprocess:
/data/chodera/schrodinger/schrodinger2017-4-advanced/jaguar results -energy SM10_micro009_conf_3.nrg_h.out

Executing subprocess:
/data/chodera/schrodinger/schrodinger2017-4-advanced/jaguar results -esolv SM10_micro009_conf_3.sol_h.out

Executing subprocess:
/data/chodera/schrodinger/schrodinger2017-4-advanced/jaguar results -energy SM10_micro009_conf_4.nrg_h.out

Executing subprocess:
/data/chodera/schrodinger/schrodinger2017-4-advanced/jaguar results -esolv SM10_micro009_conf_4.sol_h.out

Executing subprocess:
/data/chodera/schrodinger/schrodinger2017-4-advanced/jaguar results -energy SM10_micro009_conf_5.nrg_h.out

Executing subprocess:
/data/chodera/schrodinger/schrodinger2017-4-advanced/jaguar results -esolv SM10_micro009_conf_5.sol_h.out

Executing subprocess:
/data/chodera/schrodinger/schrodinger2017-4-advanced/jaguar results -energy SM10_micro013_conf_1.nrg.out

Executing subprocess:
/data/chodera/schrodinger/schrodinger2017-4-advanced/jaguar results -esolv SM10_micro013_conf_1.sol.out

Executing subprocess:
/data/chodera/schrodinger/schrodinger2017-4-advanced/jaguar results -energy SM10_micro013_conf_2.nrg.out

Executing subprocess:
/data/chodera/schrodinger/schrodinger2017-4-advanced/jaguar results -esolv SM10_micro013_conf_2.sol.out

Executing subprocess:
/data/chodera/schrodinger/schrodinger2017-4-advanced/jaguar results -energy SM10_micro013_conf_3.nrg.out

Executing subprocess:
/data/chodera/schrodinger/schrodinger2017-4-advanced/jaguar results -esolv SM10_micro013_conf_3.sol.out

Executing subprocess:
/data/chodera/schrodinger/schrodinger2017-4-advanced/jaguar results -energy SM10_micro013_conf_4.nrg.out

Executing subprocess:
/data/chodera/schrodinger/schrodinger2017-4-advanced/jaguar results -esolv SM10_micro013_conf_4.sol.out

Executing subprocess:
/data/chodera/schrodinger/schrodinger2017-4-advanced/jaguar results -energy SM10_micro013_conf_5.nrg.out

Executing subprocess:
/data/chodera/schrodinger/schrodinger2017-4-advanced/jaguar results -esolv SM10_micro013_conf_5.sol.out

Executing subprocess:
/data/chodera/schrodinger/schrodinger2017-4-advanced/jaguar-v9.8/bin/Linux-x86_64/pka -o SM10_micro009_deprot-out.mae -j SM10_micro009.jres -n -d

Executing subprocess:
/data/chodera/schrodinger/schrodinger2017-4-advanced/jaguar-v9.8/bin/Linux-x86_64/pka -o SM10_micro009_prot-out.mae -j SM10_micro009.jres -n

pKa calculation for SM10_micro009 completed.

pKa workflow jag_SM10_micro009_SM10_micro013 completed.

Timer (Jaguar pKa) : 5076.30 secs (1 hrs, 24 mins, 36 secs)
Timer (jaguar_backend.py) : 5076.30 secs (1 hrs, 24 mins, 36 secs)
Finished:   Wed May  9 18:29:21 2018
