Command:    jaguar run pka.py -jobname jag_SM10_micro018_SM10_micro022 -PARALLEL 10 -n -csrch -prot SM10_micro018.in -deprot SM10_micro022.in
Release:    2017-4
Exec:       /data/chodera/schrodinger/schrodinger2017-4-advanced/jaguar-v9.8/bin/Linux-x86_64
Host:       ls12
JobId:      lilac-0-5aec81d3
JobDir:     /lila/data/chodera/schrodinger/tmpdir/rustenburg/jag_SM10_micro018_SM10_micro022
Date:       Fri May  4 12:04:05 2018

Contents of /lila/data/chodera/schrodinger/tmpdir/rustenburg/jag_SM10_micro018_SM10_micro022:
/lila/data/chodera/schrodinger/tmpdir/rustenburg/jag_SM10_micro018_SM10_micro022/lilac-0-5aec81d3.recover
/lila/data/chodera/schrodinger/tmpdir/rustenburg/jag_SM10_micro018_SM10_micro022/SM10_micro018.mae
/lila/data/chodera/schrodinger/tmpdir/rustenburg/jag_SM10_micro018_SM10_micro022/lilac-0-5aec81d3.hosts
/lila/data/chodera/schrodinger/tmpdir/rustenburg/jag_SM10_micro018_SM10_micro022/lilac-0-5aec81d3.nodes
/lila/data/chodera/schrodinger/tmpdir/rustenburg/jag_SM10_micro018_SM10_micro022/lilac-0-5aec81d3
/lila/data/chodera/schrodinger/tmpdir/rustenburg/jag_SM10_micro018_SM10_micro022/lilac-0-5aec81d3.mpinodes
/lila/data/chodera/schrodinger/tmpdir/rustenburg/jag_SM10_micro018_SM10_micro022/SM10_micro018.in
/lila/data/chodera/schrodinger/tmpdir/rustenburg/jag_SM10_micro018_SM10_micro022/SM10_micro022.mae
/lila/data/chodera/schrodinger/tmpdir/rustenburg/jag_SM10_micro018_SM10_micro022/SM10_micro022.in
/lila/data/chodera/schrodinger/tmpdir/rustenburg/jag_SM10_micro018_SM10_micro022/jag_SM10_micro018_SM10_micro022.recover
/lila/data/chodera/schrodinger/tmpdir/rustenburg/jag_SM10_micro018_SM10_micro022/jag_SM10_micro018_SM10_micro022.log
/lila/data/chodera/schrodinger/tmpdir/rustenburg/jag_SM10_micro018_SM10_micro022/lilac-0-5aec81d3.jlog

=====================
 Jaguar pKa workflow
=====================

Analysing user-provided (prot, deprot) pair:
(SM10_micro018.in, SM10_micro022.in)
Found labile hydrogen 28 in SM10_micro018.in
Found labile hydrogen at atom 10 in SM10_micro022.in
Adding 'ipkat' keyword to input files.

Identifying pKa functional group for pair:
(SM10_micro018, SM10_micro022)

Executing subprocess:
/data/chodera/schrodinger/schrodinger2017-4-advanced/jaguar-v9.8/bin/Linux-x86_64/pka -i -j SM10_micro018.tmp.jres -n

Taking protonated structures from:
SM10_micro018.mae
Taking deprotonated structures from:
SM10_micro022.mae

This molecule from 'SM10_micro018.mae' in water was recognized as:

 # 	                 Shell                  
---	----------------------------------------
1: 	Protonation of generic atom             
2: 	aliphatic CH acid in water              
3: 	Protonation of sp2-like aliphatic carbon


Executing conformational search...

Executing 2 distributed subjobs:
---------------------------------

No more than 8 cpu(s) will be used per subjob.
No more than 10 cpu(s) will be used simultaneously.

Processing the following subjobs:
(1) jaguar run csrch.py SM10_micro018.mae -jobname SM10_micro018 -max_conf 5 -erg_window 50.208 -acc_level 1 -TPP 5
(2) jaguar run csrch.py SM10_micro022.mae -jobname SM10_micro022 -max_conf 5 -erg_window 50.208 -acc_level 1 -TPP 5

Running subjobs on hosts:
  lsf-cpu (Max: 2)
Number of jobs:       2
Max retries per job:  3
Max allowed failures: unlimited
Run with -LOCAL:      False
Verbosity:            normal

Starting JobDJ...

Keep one job on driver host: False
JobDJ columns:
  C: Number of completed subjobs
  A: Number of active subjobs (e.g., submitted, running)
  W: Number of waiting/pending subjobs

C A W | Activity  JobId  JobName  JobHost
- - - | --------- -----------------------
0 1 1 | launched  ls12-0-5aec847e SM10_micro018 lsf-cpu
0 2 0 | launched  ls12-0-5aec8481 SM10_micro022 lsf-cpu
1 1 0 | finished  ls12-0-5aec8481 SM10_micro022 lsf-cpu [lt08]
2 0 0 | finished  ls12-0-5aec847e SM10_micro018 lsf-cpu [ls11]

All jobs have completed.

2 of 2 job(s) succeeded; 0 job(s) failed.

Timer (distribute subjobs) : 1864.51 secs (0 hrs, 31 mins, 04 secs)

Setting up QM workflow for (protonated, deprotonated) pair:
(1) (SM10_micro018, SM10_micro022)

Executing Jaguar quantum-mechanical subjobs...

Executing 10 distributed subjobs:
----------------------------------

No more than 8 cpu(s) will be used per subjob.
No more than 10 cpu(s) will be used simultaneously.

Processing the following subjobs:
(1) jaguar run pka_prot.bat -jobname SM10_micro018_conf_1 SM10_micro018_conf_1.in
(2) jaguar run pka_prot.bat -jobname SM10_micro018_conf_2 SM10_micro018_conf_2.in
(3) jaguar run pka_prot.bat -jobname SM10_micro018_conf_3 SM10_micro018_conf_3.in
(4) jaguar run pka_prot.bat -jobname SM10_micro018_conf_4 SM10_micro018_conf_4.in
(5) jaguar run pka_prot.bat -jobname SM10_micro018_conf_5 SM10_micro018_conf_5.in
(6) jaguar run pka_deprot.bat -jobname SM10_micro022_conf_1 SM10_micro022_conf_1.in
(7) jaguar run pka_deprot.bat -jobname SM10_micro022_conf_2 SM10_micro022_conf_2.in
(8) jaguar run pka_deprot.bat -jobname SM10_micro022_conf_3 SM10_micro022_conf_3.in
(9) jaguar run pka_deprot.bat -jobname SM10_micro022_conf_4 SM10_micro022_conf_4.in
(10) jaguar run pka_deprot.bat -jobname SM10_micro022_conf_5 SM10_micro022_conf_5.in

Running subjobs on hosts:
  lsf-cpu (Max: 10)
Number of jobs:       10
Max retries per job:  3
Max allowed failures: unlimited
Run with -LOCAL:      False
Verbosity:            normal

Starting JobDJ...

Keep one job on driver host: True
JobDJ columns:
  C: Number of completed subjobs
  A: Number of active subjobs (e.g., submitted, running)
  W: Number of waiting/pending subjobs

 C  A  W | Activity  JobId  JobName  JobHost
-- -- -- | --------- -----------------------
 0  1  9 | launched  ls12-0-5aec8bc9 SM10_micro018_conf_1 localhost [ls12]
 0  2  8 | launched  ls12-0-5aec8bcc SM10_micro018_conf_2 lsf-cpu
 0  3  7 | launched  ls12-0-5aec8bd0 SM10_micro018_conf_3 lsf-cpu
 0  4  6 | launched  ls12-0-5aec8bd3 SM10_micro018_conf_4 lsf-cpu
 0  5  5 | launched  ls12-0-5aec8bd7 SM10_micro018_conf_5 lsf-cpu
 0  6  4 | launched  ls12-0-5aec8bdf SM10_micro022_conf_1 lsf-cpu
 0  7  3 | launched  ls12-0-5aec8be4 SM10_micro022_conf_2 lsf-cpu
 0  8  2 | launched  ls12-0-5aec8be8 SM10_micro022_conf_3 lsf-cpu
 0  9  1 | launched  ls12-0-5aec8bec SM10_micro022_conf_4 lsf-cpu
 0 10  0 | launched  ls12-0-5aec8bf0 SM10_micro022_conf_5 lsf-cpu
 1  9  0 | finished  ls12-0-5aec8bc9 SM10_micro018_conf_1 localhost [ls12]
 2  8  0 | finished  ls12-0-5aec8bd3 SM10_micro018_conf_4 lsf-cpu [ls18]
 3  7  0 | finished  ls12-0-5aec8bdf SM10_micro022_conf_1 lsf-cpu [lt17]
 4  6  0 | finished  ls12-0-5aec8bd0 SM10_micro018_conf_3 lsf-cpu [ls13]
 5  5  0 | finished  ls12-0-5aec8bd7 SM10_micro018_conf_5 lsf-cpu [lt02]
 6  4  0 | finished  ls12-0-5aec8bcc SM10_micro018_conf_2 lsf-cpu [ls13]
 7  3  0 | finished  ls12-0-5aec8be4 SM10_micro022_conf_2 lsf-cpu [lt11]
 8  2  0 | finished  ls12-0-5aec8be8 SM10_micro022_conf_3 lsf-cpu [lt07]
 9  1  0 | finished  ls12-0-5aec8bf0 SM10_micro022_conf_5 lsf-cpu [lt14]
10  0  0 | finished  ls12-0-5aec8bec SM10_micro022_conf_4 lsf-cpu [lt14]

All jobs have completed.

10 of 10 job(s) succeeded; 0 job(s) failed.

Timer (distribute subjobs) : 9116.97 secs (2 hrs, 31 mins, 56 secs)

Processing QM output files...

Executing subprocess:
/data/chodera/schrodinger/schrodinger2017-4-advanced/jaguar results -energy SM10_micro018_conf_1.nrg_h.out

Executing subprocess:
/data/chodera/schrodinger/schrodinger2017-4-advanced/jaguar results -esolv SM10_micro018_conf_1.sol_h.out

Executing subprocess:
/data/chodera/schrodinger/schrodinger2017-4-advanced/jaguar results -energy SM10_micro018_conf_2.nrg_h.out

Executing subprocess:
/data/chodera/schrodinger/schrodinger2017-4-advanced/jaguar results -esolv SM10_micro018_conf_2.sol_h.out

Executing subprocess:
/data/chodera/schrodinger/schrodinger2017-4-advanced/jaguar results -energy SM10_micro018_conf_3.nrg_h.out

Executing subprocess:
/data/chodera/schrodinger/schrodinger2017-4-advanced/jaguar results -esolv SM10_micro018_conf_3.sol_h.out

Executing subprocess:
/data/chodera/schrodinger/schrodinger2017-4-advanced/jaguar results -energy SM10_micro018_conf_4.nrg_h.out

Executing subprocess:
/data/chodera/schrodinger/schrodinger2017-4-advanced/jaguar results -esolv SM10_micro018_conf_4.sol_h.out

Executing subprocess:
/data/chodera/schrodinger/schrodinger2017-4-advanced/jaguar results -energy SM10_micro018_conf_5.nrg_h.out

Executing subprocess:
/data/chodera/schrodinger/schrodinger2017-4-advanced/jaguar results -esolv SM10_micro018_conf_5.sol_h.out

Executing subprocess:
/data/chodera/schrodinger/schrodinger2017-4-advanced/jaguar results -energy SM10_micro022_conf_1.nrg.out

Executing subprocess:
/data/chodera/schrodinger/schrodinger2017-4-advanced/jaguar results -esolv SM10_micro022_conf_1.sol.out

Executing subprocess:
/data/chodera/schrodinger/schrodinger2017-4-advanced/jaguar results -energy SM10_micro022_conf_2.nrg.out

Executing subprocess:
/data/chodera/schrodinger/schrodinger2017-4-advanced/jaguar results -esolv SM10_micro022_conf_2.sol.out

Executing subprocess:
/data/chodera/schrodinger/schrodinger2017-4-advanced/jaguar results -energy SM10_micro022_conf_3.nrg.out

Executing subprocess:
/data/chodera/schrodinger/schrodinger2017-4-advanced/jaguar results -esolv SM10_micro022_conf_3.sol.out

Executing subprocess:
/data/chodera/schrodinger/schrodinger2017-4-advanced/jaguar results -energy SM10_micro022_conf_4.nrg.out

Executing subprocess:
/data/chodera/schrodinger/schrodinger2017-4-advanced/jaguar results -esolv SM10_micro022_conf_4.sol.out

Executing subprocess:
/data/chodera/schrodinger/schrodinger2017-4-advanced/jaguar results -energy SM10_micro022_conf_5.nrg.out

Executing subprocess:
/data/chodera/schrodinger/schrodinger2017-4-advanced/jaguar results -esolv SM10_micro022_conf_5.sol.out

Executing subprocess:
/data/chodera/schrodinger/schrodinger2017-4-advanced/jaguar-v9.8/bin/Linux-x86_64/pka -o SM10_micro018_deprot-out.mae -j SM10_micro018.jres -n -d

Executing subprocess:
/data/chodera/schrodinger/schrodinger2017-4-advanced/jaguar-v9.8/bin/Linux-x86_64/pka -o SM10_micro018_prot-out.mae -j SM10_micro018.jres -n

pKa calculation for SM10_micro018 completed.

pKa workflow jag_SM10_micro018_SM10_micro022 completed.

Timer (Jaguar pKa) : 11102.02 secs (3 hrs, 05 mins, 02 secs)
Timer (jaguar_backend.py) : 11102.02 secs (3 hrs, 05 mins, 02 secs)
Finished:   Fri May  4 15:09:07 2018
