Taking protonated structures from:
SM10_micro003_conf_1.dft_h.01.mae
SM10_micro003_conf_2.dft_h.01.mae
SM10_micro003_conf_3.dft_h.01.mae
SM10_micro003_conf_4.dft_h.01.mae
SM10_micro003_conf_5.dft_h.01.mae
Taking deprotonated structures from:
SM10_micro008_conf_1.dft.01.mae
SM10_micro008_conf_2.dft.01.mae
SM10_micro008_conf_3.dft.01.mae
SM10_micro008_conf_4.dft.01.mae
SM10_micro008_conf_5.dft.01.mae

Corrected results for 'protonated' structure in water:
pKa atom: 32

 # 	                  Shell                   	 pKa 	RMSD	 Contribution
---	------------------------------------------	-----	-----	--------------
1: 	amide as acid                             	-1.45	0.903	    25.88%
2: 	Protonation of sp2-like aliphatic nitrogen	-1.01	1.751	    55.81%
3: 	Protonation of generic atom               	 0.04	2.264	    18.30%

 Final weighted pKa value is -0.93



