Taking protonated structures from:
SM18_micro068_conf_1.dft_h.01.mae
SM18_micro068_conf_2.dft_h.01.mae
SM18_micro068_conf_3.dft_h.01.mae
SM18_micro068_conf_4.dft_h.01.mae
SM18_micro068_conf_5.dft_h.01.mae
Taking deprotonated structures from:
SM18_micro062_conf_1.dft.01.mae
SM18_micro062_conf_2.dft.01.mae
SM18_micro062_conf_3.dft.01.mae
SM18_micro062_conf_4.dft.01.mae
SM18_micro062_conf_5.dft.01.mae

Corrected results for 'protonated' structure in water:
pKa atom: 32

 # 	           Shell           	 pKa 	RMSD	 Contribution
---	---------------------------	-----	-----	--------------
1: 	4-pyrimidone as base       	21.74	0.363	    21.52%
2: 	heterocycle custom 1       	21.49	0.617	     3.90%
3: 	heterocycle                	20.96	0.837	    23.41%
4: 	Protonation of generic atom	17.73	2.264	    51.17%

 Final weighted pKa value is 19.50



