Command:    jaguar run pka.py -jobname jag_SM18_micro004_SM18_micro002 -PARALLEL 10 -WAIT -n -csrch -prot SM18_micro004.in -deprot SM18_micro002.in
Release:    2017-4
Exec:       /data/chodera/schrodinger/schrodinger2017-4-advanced/jaguar-v9.8/bin/Linux-x86_64
Host:       lt02
JobId:      lt02-0-5af455f7
JobDir:     /lila/data/chodera/schrodinger/tmpdir/rustenburg/jag_SM18_micro004_SM18_micro002.1
Date:       Thu May 10 10:23:53 2018

Contents of /lila/data/chodera/schrodinger/tmpdir/rustenburg/jag_SM18_micro004_SM18_micro002.1:
/lila/data/chodera/schrodinger/tmpdir/rustenburg/jag_SM18_micro004_SM18_micro002.1/lt02-0-5af455f7.recover
/lila/data/chodera/schrodinger/tmpdir/rustenburg/jag_SM18_micro004_SM18_micro002.1/lt02-0-5af455f7
/lila/data/chodera/schrodinger/tmpdir/rustenburg/jag_SM18_micro004_SM18_micro002.1/SM18_micro004.in
/lila/data/chodera/schrodinger/tmpdir/rustenburg/jag_SM18_micro004_SM18_micro002.1/SM18_micro002.mae
/lila/data/chodera/schrodinger/tmpdir/rustenburg/jag_SM18_micro004_SM18_micro002.1/SM18_micro004.mae
/lila/data/chodera/schrodinger/tmpdir/rustenburg/jag_SM18_micro004_SM18_micro002.1/jag_SM18_micro004_SM18_micro002.log
/lila/data/chodera/schrodinger/tmpdir/rustenburg/jag_SM18_micro004_SM18_micro002.1/SM18_micro002.in
/lila/data/chodera/schrodinger/tmpdir/rustenburg/jag_SM18_micro004_SM18_micro002.1/lt02-0-5af455f7.mpinodes
/lila/data/chodera/schrodinger/tmpdir/rustenburg/jag_SM18_micro004_SM18_micro002.1/jag_SM18_micro004_SM18_micro002.recover

=====================
 Jaguar pKa workflow
=====================

Analysing user-provided (prot, deprot) pair:
(SM18_micro004.in, SM18_micro002.in)
Found labile hydrogen 33 in SM18_micro004.in
Found labile hydrogen at atom 18 in SM18_micro002.in
Adding 'ipkat' keyword to input files.

Identifying pKa functional group for pair:
(SM18_micro004, SM18_micro002)

Executing subprocess:
/data/chodera/schrodinger/schrodinger2017-4-advanced/jaguar-v9.8/bin/Linux-x86_64/pka -i -j SM18_micro004.tmp.jres -n

Taking protonated structures from:
SM18_micro004.mae
Taking deprotonated structures from:
SM18_micro002.mae

This molecule from 'SM18_micro004.mae' in water was recognized as:

 # 	           Shell           
---	---------------------------
1: 	Protonation of generic atom


Executing conformational search...

Executing 2 distributed subjobs:
---------------------------------

No more than 8 cpu(s) will be used per subjob.
No more than 10 cpu(s) will be used simultaneously.

Processing the following subjobs:
(1) jaguar run csrch.py SM18_micro004.mae -jobname SM18_micro004 -max_conf 5 -erg_window 50.208 -acc_level 1 -TPP 5
(2) jaguar run csrch.py SM18_micro002.mae -jobname SM18_micro002 -max_conf 5 -erg_window 50.208 -acc_level 1 -TPP 5

Running subjobs on hosts:
  localhost (Max: 2)
Number of jobs:       2
Max retries per job:  3
Max allowed failures: unlimited
Run with -LOCAL:      False
Verbosity:            normal

Starting JobDJ...

Keep one job on driver host: False
JobDJ columns:
  C: Number of completed subjobs
  A: Number of active subjobs (e.g., submitted, running)
  W: Number of waiting/pending subjobs

C A W | Activity  JobId  JobName  JobHost
- - - | --------- -----------------------
0 1 1 | launched  lt02-0-5af455fe SM18_micro004 localhost [lt02]
0 2 0 | launched  lt02-0-5af45600 SM18_micro002 localhost [lt02]
1 1 0 | finished  lt02-0-5af455fe SM18_micro004 localhost [lt02]
2 0 0 | finished  lt02-0-5af45600 SM18_micro002 localhost [lt02]

All jobs have completed.

2 of 2 job(s) succeeded; 0 job(s) failed.

Timer (distribute subjobs) : 5534.47 secs (1 hrs, 32 mins, 14 secs)

Setting up QM workflow for (protonated, deprotonated) pair:
(1) (SM18_micro004, SM18_micro002)

Executing Jaguar quantum-mechanical subjobs...

Executing 10 distributed subjobs:
----------------------------------

No more than 8 cpu(s) will be used per subjob.
No more than 10 cpu(s) will be used simultaneously.

Processing the following subjobs:
(1) jaguar run pka_prot.bat -jobname SM18_micro004_conf_1 SM18_micro004_conf_1.in
(2) jaguar run pka_prot.bat -jobname SM18_micro004_conf_2 SM18_micro004_conf_2.in
(3) jaguar run pka_prot.bat -jobname SM18_micro004_conf_3 SM18_micro004_conf_3.in
(4) jaguar run pka_prot.bat -jobname SM18_micro004_conf_4 SM18_micro004_conf_4.in
(5) jaguar run pka_prot.bat -jobname SM18_micro004_conf_5 SM18_micro004_conf_5.in
(6) jaguar run pka_deprot.bat -jobname SM18_micro002_conf_1 SM18_micro002_conf_1.in
(7) jaguar run pka_deprot.bat -jobname SM18_micro002_conf_2 SM18_micro002_conf_2.in
(8) jaguar run pka_deprot.bat -jobname SM18_micro002_conf_3 SM18_micro002_conf_3.in
(9) jaguar run pka_deprot.bat -jobname SM18_micro002_conf_4 SM18_micro002_conf_4.in
(10) jaguar run pka_deprot.bat -jobname SM18_micro002_conf_5 SM18_micro002_conf_5.in

Running subjobs on hosts:
  localhost (Max: 10)
Number of jobs:       10
Max retries per job:  3
Max allowed failures: unlimited
Run with -LOCAL:      False
Verbosity:            normal

Starting JobDJ...

Keep one job on driver host: False
JobDJ columns:
  C: Number of completed subjobs
  A: Number of active subjobs (e.g., submitted, running)
  W: Number of waiting/pending subjobs

 C  A  W | Activity  JobId  JobName  JobHost
-- -- -- | --------- -----------------------
 0  1  9 | launched  lt02-1-5af46bac SM18_micro004_conf_1 localhost [lt02]
 0  2  8 | launched  lt02-1-5af46bdd SM18_micro004_conf_2 localhost [lt02]
 0  3  7 | launched  lt02-1-5af46be6 SM18_micro004_conf_3 localhost [lt02]
 0  4  6 | launched  lt02-2-5af46be9 SM18_micro004_conf_4 localhost [lt02]
 0  5  5 | launched  lt02-2-5af46bed SM18_micro004_conf_5 localhost [lt02]
 0  6  4 | launched  lt02-1-5af46bf1 SM18_micro002_conf_1 localhost [lt02]
 0  7  3 | launched  lt02-1-5af46bf8 SM18_micro002_conf_2 localhost [lt02]
 0  8  2 | launched  lt02-2-5af46c0b SM18_micro002_conf_3 localhost [lt02]
 0  9  1 | launched  lt02-0-5af46c2d SM18_micro002_conf_4 localhost [lt02]
 0 10  0 | launched  lt02-0-5af46c5d SM18_micro002_conf_5 localhost [lt02]
