Command:    jaguar run pka.py -jobname jag_SM03_micro021_SM03_micro001 -PARALLEL 10 -n -csrch -prot SM03_micro021.in -deprot SM03_micro001.in
Release:    2017-4
Exec:       /data/chodera/schrodinger/schrodinger2017-4-advanced/jaguar-v9.8/bin/Linux-x86_64
Host:       ls07
JobId:      lilac-0-5aec67af
JobDir:     /lila/data/chodera/schrodinger/tmpdir/rustenburg/jag_SM03_micro021_SM03_micro001
Date:       Fri May  4 10:01:25 2018

Contents of /lila/data/chodera/schrodinger/tmpdir/rustenburg/jag_SM03_micro021_SM03_micro001:
/lila/data/chodera/schrodinger/tmpdir/rustenburg/jag_SM03_micro021_SM03_micro001/jag_SM03_micro021_SM03_micro001.recover
/lila/data/chodera/schrodinger/tmpdir/rustenburg/jag_SM03_micro021_SM03_micro001/lilac-0-5aec67af.mpinodes
/lila/data/chodera/schrodinger/tmpdir/rustenburg/jag_SM03_micro021_SM03_micro001/jag_SM03_micro021_SM03_micro001.log
/lila/data/chodera/schrodinger/tmpdir/rustenburg/jag_SM03_micro021_SM03_micro001/SM03_micro001.in
/lila/data/chodera/schrodinger/tmpdir/rustenburg/jag_SM03_micro021_SM03_micro001/lilac-0-5aec67af
/lila/data/chodera/schrodinger/tmpdir/rustenburg/jag_SM03_micro021_SM03_micro001/lilac-0-5aec67af.nodes
/lila/data/chodera/schrodinger/tmpdir/rustenburg/jag_SM03_micro021_SM03_micro001/lilac-0-5aec67af.jlog
/lila/data/chodera/schrodinger/tmpdir/rustenburg/jag_SM03_micro021_SM03_micro001/lilac-0-5aec67af.hosts
/lila/data/chodera/schrodinger/tmpdir/rustenburg/jag_SM03_micro021_SM03_micro001/SM03_micro021.in
/lila/data/chodera/schrodinger/tmpdir/rustenburg/jag_SM03_micro021_SM03_micro001/SM03_micro001.mae
/lila/data/chodera/schrodinger/tmpdir/rustenburg/jag_SM03_micro021_SM03_micro001/SM03_micro021.mae
/lila/data/chodera/schrodinger/tmpdir/rustenburg/jag_SM03_micro021_SM03_micro001/lilac-0-5aec67af.recover

=====================
 Jaguar pKa workflow
=====================

Analysing user-provided (prot, deprot) pair:
(SM03_micro021.in, SM03_micro001.in)
Error: prot/deprot structures appear to be reversed:
SM03_micro021.in
SM03_micro001.in


An error has occurred.  Information about the error has been written to 
/home/rustenburg/.schrodinger/exceptions/error20180504-100125.txt 

Please contact help@schrodinger.com for assistance. Include error20180504-100125.txt and a description of what you were doing when the error occurred.
