Command:    jaguar run pka.py -jobname jag_SM21_micro020_SM21_micro012 -PARALLEL 10 -n -csrch -prot SM21_micro020.in -deprot SM21_micro012.in
Release:    2017-4
Exec:       /data/chodera/schrodinger/schrodinger2017-4-advanced/jaguar-v9.8/bin/Linux-x86_64
Host:       ls15
JobId:      lilac-0-5aecd05d
JobDir:     /lila/data/chodera/schrodinger/tmpdir/rustenburg/jag_SM21_micro020_SM21_micro012
Date:       Fri May  4 19:18:54 2018

Contents of /lila/data/chodera/schrodinger/tmpdir/rustenburg/jag_SM21_micro020_SM21_micro012:
/lila/data/chodera/schrodinger/tmpdir/rustenburg/jag_SM21_micro020_SM21_micro012/SM21_micro020.mae
/lila/data/chodera/schrodinger/tmpdir/rustenburg/jag_SM21_micro020_SM21_micro012/lilac-0-5aecd05d
/lila/data/chodera/schrodinger/tmpdir/rustenburg/jag_SM21_micro020_SM21_micro012/SM21_micro020.in
/lila/data/chodera/schrodinger/tmpdir/rustenburg/jag_SM21_micro020_SM21_micro012/lilac-0-5aecd05d.jlog
/lila/data/chodera/schrodinger/tmpdir/rustenburg/jag_SM21_micro020_SM21_micro012/jag_SM21_micro020_SM21_micro012.recover
/lila/data/chodera/schrodinger/tmpdir/rustenburg/jag_SM21_micro020_SM21_micro012/lilac-0-5aecd05d.hosts
/lila/data/chodera/schrodinger/tmpdir/rustenburg/jag_SM21_micro020_SM21_micro012/lilac-0-5aecd05d.nodes
/lila/data/chodera/schrodinger/tmpdir/rustenburg/jag_SM21_micro020_SM21_micro012/SM21_micro012.mae
/lila/data/chodera/schrodinger/tmpdir/rustenburg/jag_SM21_micro020_SM21_micro012/lilac-0-5aecd05d.recover
/lila/data/chodera/schrodinger/tmpdir/rustenburg/jag_SM21_micro020_SM21_micro012/lilac-0-5aecd05d.mpinodes
/lila/data/chodera/schrodinger/tmpdir/rustenburg/jag_SM21_micro020_SM21_micro012/jag_SM21_micro020_SM21_micro012.log
/lila/data/chodera/schrodinger/tmpdir/rustenburg/jag_SM21_micro020_SM21_micro012/SM21_micro012.in

=====================
 Jaguar pKa workflow
=====================

Analysing user-provided (prot, deprot) pair:
(SM21_micro020.in, SM21_micro012.in)
Error: heavy atoms are different in input files:
SM21_micro020.in
SM21_micro012.in


An error has occurred.  Information about the error has been written to 
/home/rustenburg/.schrodinger/exceptions/error20180504-191854.txt 

Please contact help@schrodinger.com for assistance. Include error20180504-191854.txt and a description of what you were doing when the error occurred.
