Command:    jaguar run pka.py -jobname jag_SM18_micro057_SM18_micro032 -PARALLEL 10 -n -csrch -prot SM18_micro057.in -deprot SM18_micro032.in
Release:    2017-4
Exec:       /data/chodera/schrodinger/schrodinger2017-4-advanced/jaguar-v9.8/bin/Linux-x86_64
Host:       lt21
JobId:      lilac-0-5aecaf8f
JobDir:     /lila/data/chodera/schrodinger/tmpdir/rustenburg/jag_SM18_micro057_SM18_micro032
Date:       Fri May  4 15:19:05 2018

Contents of /lila/data/chodera/schrodinger/tmpdir/rustenburg/jag_SM18_micro057_SM18_micro032:
/lila/data/chodera/schrodinger/tmpdir/rustenburg/jag_SM18_micro057_SM18_micro032/SM18_micro057.in
/lila/data/chodera/schrodinger/tmpdir/rustenburg/jag_SM18_micro057_SM18_micro032/lilac-0-5aecaf8f.nodes
/lila/data/chodera/schrodinger/tmpdir/rustenburg/jag_SM18_micro057_SM18_micro032/lilac-0-5aecaf8f.hosts
/lila/data/chodera/schrodinger/tmpdir/rustenburg/jag_SM18_micro057_SM18_micro032/SM18_micro057.mae
/lila/data/chodera/schrodinger/tmpdir/rustenburg/jag_SM18_micro057_SM18_micro032/lilac-0-5aecaf8f.recover
/lila/data/chodera/schrodinger/tmpdir/rustenburg/jag_SM18_micro057_SM18_micro032/lilac-0-5aecaf8f.mpinodes
/lila/data/chodera/schrodinger/tmpdir/rustenburg/jag_SM18_micro057_SM18_micro032/jag_SM18_micro057_SM18_micro032.log
/lila/data/chodera/schrodinger/tmpdir/rustenburg/jag_SM18_micro057_SM18_micro032/lilac-0-5aecaf8f
/lila/data/chodera/schrodinger/tmpdir/rustenburg/jag_SM18_micro057_SM18_micro032/SM18_micro032.in
/lila/data/chodera/schrodinger/tmpdir/rustenburg/jag_SM18_micro057_SM18_micro032/lilac-0-5aecaf8f.jlog
/lila/data/chodera/schrodinger/tmpdir/rustenburg/jag_SM18_micro057_SM18_micro032/jag_SM18_micro057_SM18_micro032.recover
/lila/data/chodera/schrodinger/tmpdir/rustenburg/jag_SM18_micro057_SM18_micro032/SM18_micro032.mae

=====================
 Jaguar pKa workflow
=====================

Analysing user-provided (prot, deprot) pair:
(SM18_micro057.in, SM18_micro032.in)
Found labile hydrogen 36 in SM18_micro057.in
Found labile hydrogen at atom 8 in SM18_micro032.in
Adding 'ipkat' keyword to input files.

Identifying pKa functional group for pair:
(SM18_micro057, SM18_micro032)

Executing subprocess:
/data/chodera/schrodinger/schrodinger2017-4-advanced/jaguar-v9.8/bin/Linux-x86_64/pka -i -j SM18_micro057.tmp.jres -n

Taking protonated structures from:
SM18_micro057.mae
Taking deprotonated structures from:
SM18_micro032.mae

This molecule from 'SM18_micro057.mae' in water was recognized as:

 # 	            Shell             
---	------------------------------
1: 	OH attached to heterocycle    
2: 	Protonation of generic atom   
3: 	Protonation of sp2-like oxygen


Executing conformational search...

Executing 2 distributed subjobs:
---------------------------------

No more than 8 cpu(s) will be used per subjob.
No more than 10 cpu(s) will be used simultaneously.

Processing the following subjobs:
(1) jaguar run csrch.py SM18_micro057.mae -jobname SM18_micro057 -max_conf 5 -erg_window 50.208 -acc_level 1 -TPP 5
(2) jaguar run csrch.py SM18_micro032.mae -jobname SM18_micro032 -max_conf 5 -erg_window 50.208 -acc_level 1 -TPP 5

Running subjobs on hosts:
  lsf-cpu (Max: 2)
Number of jobs:       2
Max retries per job:  3
Max allowed failures: unlimited
Run with -LOCAL:      False
Verbosity:            normal

Starting JobDJ...

Keep one job on driver host: False
JobDJ columns:
  C: Number of completed subjobs
  A: Number of active subjobs (e.g., submitted, running)
  W: Number of waiting/pending subjobs

C A W | Activity  JobId  JobName  JobHost
- - - | --------- -----------------------
0 1 1 | launched  lt21-0-5aecb231 SM18_micro057 lsf-cpu
0 2 0 | launched  lt21-0-5aecb234 SM18_micro032 lsf-cpu
1 1 0 | finished  lt21-0-5aecb234 SM18_micro032 lsf-cpu [ls15]
2 0 0 | finished  lt21-0-5aecb231 SM18_micro057 lsf-cpu [ls15]

All jobs have completed.

2 of 2 job(s) succeeded; 0 job(s) failed.

Timer (distribute subjobs) : 4688.36 secs (1 hrs, 18 mins, 08 secs)

Setting up QM workflow for (protonated, deprotonated) pair:
(1) (SM18_micro057, SM18_micro032)

Executing Jaguar quantum-mechanical subjobs...

Executing 10 distributed subjobs:
----------------------------------

No more than 8 cpu(s) will be used per subjob.
No more than 10 cpu(s) will be used simultaneously.

Processing the following subjobs:
(1) jaguar run pka_prot.bat -jobname SM18_micro057_conf_1 SM18_micro057_conf_1.in
(2) jaguar run pka_prot.bat -jobname SM18_micro057_conf_2 SM18_micro057_conf_2.in
(3) jaguar run pka_prot.bat -jobname SM18_micro057_conf_3 SM18_micro057_conf_3.in
(4) jaguar run pka_prot.bat -jobname SM18_micro057_conf_4 SM18_micro057_conf_4.in
(5) jaguar run pka_prot.bat -jobname SM18_micro057_conf_5 SM18_micro057_conf_5.in
(6) jaguar run pka_deprot.bat -jobname SM18_micro032_conf_1 SM18_micro032_conf_1.in
(7) jaguar run pka_deprot.bat -jobname SM18_micro032_conf_2 SM18_micro032_conf_2.in
(8) jaguar run pka_deprot.bat -jobname SM18_micro032_conf_3 SM18_micro032_conf_3.in
(9) jaguar run pka_deprot.bat -jobname SM18_micro032_conf_4 SM18_micro032_conf_4.in
(10) jaguar run pka_deprot.bat -jobname SM18_micro032_conf_5 SM18_micro032_conf_5.in

Running subjobs on hosts:
  lsf-cpu (Max: 10)
Number of jobs:       10
Max retries per job:  3
Max allowed failures: unlimited
Run with -LOCAL:      False
Verbosity:            normal

Starting JobDJ...

Keep one job on driver host: True
JobDJ columns:
  C: Number of completed subjobs
  A: Number of active subjobs (e.g., submitted, running)
  W: Number of waiting/pending subjobs

 C  A  W | Activity  JobId  JobName  JobHost
-- -- -- | --------- -----------------------
 0  1  9 | launched  lt21-0-5aecc486 SM18_micro057_conf_1 localhost [lt21]
 0  2  8 | launched  lt21-0-5aecc48a SM18_micro057_conf_2 lsf-cpu
 0  3  7 | launched  lt21-0-5aecc48d SM18_micro057_conf_3 lsf-cpu
 0  4  6 | launched  lt21-0-5aecc491 SM18_micro057_conf_4 lsf-cpu
 0  5  5 | launched  lt21-0-5aecc494 SM18_micro057_conf_5 lsf-cpu
 0  6  4 | launched  lt21-0-5aecc497 SM18_micro032_conf_1 lsf-cpu
 0  7  3 | launched  lt21-0-5aecc49b SM18_micro032_conf_2 lsf-cpu
 0  8  2 | launched  lt21-0-5aecc49e SM18_micro032_conf_3 lsf-cpu
 0  9  1 | launched  lt21-0-5aecc4a2 SM18_micro032_conf_4 lsf-cpu
 0 10  0 | launched  lt21-0-5aecc4a5 SM18_micro032_conf_5 lsf-cpu
 1  9  0 | finished  lt21-0-5aecc486 SM18_micro057_conf_1 localhost [lt21]
 2  8  0 | finished  lt21-0-5aecc494 SM18_micro057_conf_5 lsf-cpu [lt14]
 3  7  0 | finished  lt21-0-5aecc48a SM18_micro057_conf_2 lsf-cpu [ls15]
 4  6  0 | finished  lt21-0-5aecc497 SM18_micro032_conf_1 lsf-cpu [ls14]
 5  5  0 | finished  lt21-0-5aecc49e SM18_micro032_conf_3 lsf-cpu [lt03]
 6  4  0 | finished  lt21-0-5aecc48d SM18_micro057_conf_3 lsf-cpu [ls15]
 7  3  0 | finished  lt21-0-5aecc49b SM18_micro032_conf_2 lsf-cpu [lt03]
 8  2  0 | finished  lt21-0-5aecc4a2 SM18_micro032_conf_4 lsf-cpu [lt08]
 9  1  0 | finished  lt21-0-5aecc491 SM18_micro057_conf_4 lsf-cpu [lt04]
