Taking protonated structures from:
SM24_micro011_conf_1.dft_h.01.mae
SM24_micro011_conf_2.dft_h.01.mae
SM24_micro011_conf_3.dft_h.01.mae
SM24_micro011_conf_4.dft_h.01.mae
SM24_micro011_conf_5.dft_h.01.mae
Taking deprotonated structures from:
SM24_micro013_conf_1.dft.01.mae
SM24_micro013_conf_2.dft.01.mae
SM24_micro013_conf_3.dft.01.mae
SM24_micro013_conf_4.dft.01.mae
SM24_micro013_conf_5.dft.01.mae

Corrected results for 'protonated' structure in water:
pKa atom: 51

 # 	            Shell             	 pKa 	RMSD	 Contribution
---	------------------------------	-----	-----	--------------
1: 	alcohol                       	 8.22	0.231	    97.86%
2: 	Protonation of generic atom   	-0.43	2.264	     0.73%
3: 	Protonation of sp2-like oxygen	 0.39	2.568	     1.41%

 Final weighted pKa value is 8.04



