Command:    jaguar run pka.py -jobname jag_SM18_micro025_SM18_micro032 -PARALLEL 10 -n -csrch -prot SM18_micro025.in -deprot SM18_micro032.in
Release:    2017-4
Exec:       /data/chodera/schrodinger/schrodinger2017-4-advanced/jaguar-v9.8/bin/Linux-x86_64
Host:       lt02
JobId:      lilac-0-5aecaef4
JobDir:     /lila/data/chodera/schrodinger/tmpdir/rustenburg/jag_SM18_micro025_SM18_micro032
Date:       Fri May  4 15:16:57 2018

Contents of /lila/data/chodera/schrodinger/tmpdir/rustenburg/jag_SM18_micro025_SM18_micro032:
/lila/data/chodera/schrodinger/tmpdir/rustenburg/jag_SM18_micro025_SM18_micro032/lilac-0-5aecaef4.recover
/lila/data/chodera/schrodinger/tmpdir/rustenburg/jag_SM18_micro025_SM18_micro032/lilac-0-5aecaef4
/lila/data/chodera/schrodinger/tmpdir/rustenburg/jag_SM18_micro025_SM18_micro032/lilac-0-5aecaef4.hosts
/lila/data/chodera/schrodinger/tmpdir/rustenburg/jag_SM18_micro025_SM18_micro032/lilac-0-5aecaef4.jlog
/lila/data/chodera/schrodinger/tmpdir/rustenburg/jag_SM18_micro025_SM18_micro032/SM18_micro025.in
/lila/data/chodera/schrodinger/tmpdir/rustenburg/jag_SM18_micro025_SM18_micro032/lilac-0-5aecaef4.nodes
/lila/data/chodera/schrodinger/tmpdir/rustenburg/jag_SM18_micro025_SM18_micro032/lilac-0-5aecaef4.mpinodes
/lila/data/chodera/schrodinger/tmpdir/rustenburg/jag_SM18_micro025_SM18_micro032/jag_SM18_micro025_SM18_micro032.recover
/lila/data/chodera/schrodinger/tmpdir/rustenburg/jag_SM18_micro025_SM18_micro032/SM18_micro032.in
/lila/data/chodera/schrodinger/tmpdir/rustenburg/jag_SM18_micro025_SM18_micro032/SM18_micro025.mae
/lila/data/chodera/schrodinger/tmpdir/rustenburg/jag_SM18_micro025_SM18_micro032/jag_SM18_micro025_SM18_micro032.log
/lila/data/chodera/schrodinger/tmpdir/rustenburg/jag_SM18_micro025_SM18_micro032/SM18_micro032.mae

=====================
 Jaguar pKa workflow
=====================

Analysing user-provided (prot, deprot) pair:
(SM18_micro025.in, SM18_micro032.in)
Found labile hydrogen 31 in SM18_micro025.in
Found labile hydrogen at atom 11 in SM18_micro032.in
Adding 'ipkat' keyword to input files.

Identifying pKa functional group for pair:
(SM18_micro025, SM18_micro032)

Executing subprocess:
/data/chodera/schrodinger/schrodinger2017-4-advanced/jaguar-v9.8/bin/Linux-x86_64/pka -i -j SM18_micro025.tmp.jres -n

Taking protonated structures from:
SM18_micro025.mae
Taking deprotonated structures from:
SM18_micro032.mae

This molecule from 'SM18_micro025.mae' in water was recognized as:

 # 	           Shell           
---	---------------------------
1: 	Protonation of generic atom


Executing conformational search...

Executing 2 distributed subjobs:
---------------------------------

No more than 8 cpu(s) will be used per subjob.
No more than 10 cpu(s) will be used simultaneously.

Processing the following subjobs:
(1) jaguar run csrch.py SM18_micro025.mae -jobname SM18_micro025 -max_conf 5 -erg_window 50.208 -acc_level 1 -TPP 5
(2) jaguar run csrch.py SM18_micro032.mae -jobname SM18_micro032 -max_conf 5 -erg_window 50.208 -acc_level 1 -TPP 5

Running subjobs on hosts:
  lsf-cpu (Max: 2)
Number of jobs:       2
Max retries per job:  3
Max allowed failures: unlimited
Run with -LOCAL:      False
Verbosity:            normal

Starting JobDJ...

Keep one job on driver host: False
JobDJ columns:
  C: Number of completed subjobs
  A: Number of active subjobs (e.g., submitted, running)
  W: Number of waiting/pending subjobs

C A W | Activity  JobId  JobName  JobHost
- - - | --------- -----------------------
0 1 1 | launched  lt02-1-5aecb1b0 SM18_micro025 lsf-cpu
0 2 0 | launched  lt02-1-5aecb1b4 SM18_micro032 lsf-cpu
1 1 0 | finished  lt02-1-5aecb1b4 SM18_micro032 lsf-cpu [lt04]
2 0 0 | finished  lt02-1-5aecb1b0 SM18_micro025 lsf-cpu [ls17]

All jobs have completed.

2 of 2 job(s) succeeded; 0 job(s) failed.

Timer (distribute subjobs) : 7623.62 secs (2 hrs, 07 mins, 03 secs)

Setting up QM workflow for (protonated, deprotonated) pair:
(1) (SM18_micro025, SM18_micro032)

Executing Jaguar quantum-mechanical subjobs...

Executing 10 distributed subjobs:
----------------------------------

No more than 8 cpu(s) will be used per subjob.
No more than 10 cpu(s) will be used simultaneously.

Processing the following subjobs:
(1) jaguar run pka_prot.bat -jobname SM18_micro025_conf_1 SM18_micro025_conf_1.in
(2) jaguar run pka_prot.bat -jobname SM18_micro025_conf_2 SM18_micro025_conf_2.in
(3) jaguar run pka_prot.bat -jobname SM18_micro025_conf_3 SM18_micro025_conf_3.in
(4) jaguar run pka_prot.bat -jobname SM18_micro025_conf_4 SM18_micro025_conf_4.in
(5) jaguar run pka_prot.bat -jobname SM18_micro025_conf_5 SM18_micro025_conf_5.in
(6) jaguar run pka_deprot.bat -jobname SM18_micro032_conf_1 SM18_micro032_conf_1.in
(7) jaguar run pka_deprot.bat -jobname SM18_micro032_conf_2 SM18_micro032_conf_2.in
(8) jaguar run pka_deprot.bat -jobname SM18_micro032_conf_3 SM18_micro032_conf_3.in
(9) jaguar run pka_deprot.bat -jobname SM18_micro032_conf_4 SM18_micro032_conf_4.in
(10) jaguar run pka_deprot.bat -jobname SM18_micro032_conf_5 SM18_micro032_conf_5.in

Running subjobs on hosts:
  lsf-cpu (Max: 10)
Number of jobs:       10
Max retries per job:  3
Max allowed failures: unlimited
Run with -LOCAL:      False
Verbosity:            normal

Starting JobDJ...

Keep one job on driver host: True
JobDJ columns:
  C: Number of completed subjobs
  A: Number of active subjobs (e.g., submitted, running)
  W: Number of waiting/pending subjobs

 C  A  W | Activity  JobId  JobName  JobHost
-- -- -- | --------- -----------------------
 0  1  9 | launched  lt02-0-5aeccf85 SM18_micro025_conf_1 localhost [lt02]
 0  2  8 | launched  lt02-0-5aeccf91 SM18_micro025_conf_2 lsf-cpu
 0  3  7 | launched  lt02-1-5aeccf9e SM18_micro025_conf_3 lsf-cpu
 0  4  6 | launched  lt02-1-5aeccfa9 SM18_micro025_conf_4 lsf-cpu
 0  5  5 | launched  lt02-0-5aeccfb2 SM18_micro025_conf_5 lsf-cpu
 0  6  4 | launched  lt02-1-5aeccfbd SM18_micro032_conf_1 lsf-cpu
 0  7  3 | launched  lt02-0-5aeccfc5 SM18_micro032_conf_2 lsf-cpu
 0  8  2 | launched  lt02-0-5aeccfcd SM18_micro032_conf_3 lsf-cpu
 0  9  1 | launched  lt02-0-5aeccfd8 SM18_micro032_conf_4 lsf-cpu
 0 10  0 | launched  lt02-0-5aeccfe2 SM18_micro032_conf_5 lsf-cpu
 1  9  0 | finished  lt02-0-5aeccf85 SM18_micro025_conf_1 localhost [lt02]
 2  8  0 | finished  lt02-0-5aeccfb2 SM18_micro025_conf_5 lsf-cpu [lt20]
 3  7  0 | finished  lt02-0-5aeccfd8 SM18_micro032_conf_4 lsf-cpu [lt11]
 4  6  0 | finished  lt02-1-5aeccfbd SM18_micro032_conf_1 lsf-cpu [lt20]
 5  5  0 | finished  lt02-0-5aeccfe2 SM18_micro032_conf_5 lsf-cpu [ls15]
 6  4  0 | finished  lt02-0-5aeccfcd SM18_micro032_conf_3 lsf-cpu [lt08]
