Taking protonated structures from:
SM07_micro007_conf_1.dft_h.01.mae
SM07_micro007_conf_2.dft_h.01.mae
SM07_micro007_conf_3.dft_h.01.mae
SM07_micro007_conf_4.dft_h.01.mae
SM07_micro007_conf_5.dft_h.01.mae
Taking deprotonated structures from:
SM07_micro004_conf_1.dft.01.mae
SM07_micro004_conf_2.dft.01.mae
SM07_micro004_conf_3.dft.01.mae
SM07_micro004_conf_4.dft.01.mae
SM07_micro004_conf_5.dft.01.mae

Corrected results for 'protonated' structure in water:
pKa atom: 19

 # 	           Shell           	 pKa 	RMSD	 Contribution
---	---------------------------	-----	-----	--------------
1: 	pyrimidine                 	 2.42	0.242	    75.28%
2: 	heterocycle custom 1       	 3.32	0.617	     9.55%
3: 	heterocycle                	 3.54	0.837	     6.45%
4: 	Protonation of generic atom	 4.10	2.264	     8.71%

 Final weighted pKa value is 2.73



