Command:    jaguar run pka.py -jobname jag_SM21_micro033_SM21_micro031 -PARALLEL 10 -WAIT -n -csrch -prot SM21_micro033.in -deprot SM21_micro031.in
Release:    2017-4
Exec:       /data/chodera/schrodinger/schrodinger2017-4-advanced/jaguar-v9.8/bin/Linux-x86_64
Host:       ls06
JobId:      ls06-2-5af45703
JobDir:     /lila/data/chodera/schrodinger/tmpdir/rustenburg/jag_SM21_micro033_SM21_micro031.1
Date:       Thu May 10 10:28:22 2018

Contents of /lila/data/chodera/schrodinger/tmpdir/rustenburg/jag_SM21_micro033_SM21_micro031.1:
/lila/data/chodera/schrodinger/tmpdir/rustenburg/jag_SM21_micro033_SM21_micro031.1/SM21_micro031.mae
/lila/data/chodera/schrodinger/tmpdir/rustenburg/jag_SM21_micro033_SM21_micro031.1/ls06-2-5af45703.recover
/lila/data/chodera/schrodinger/tmpdir/rustenburg/jag_SM21_micro033_SM21_micro031.1/jag_SM21_micro033_SM21_micro031.recover
/lila/data/chodera/schrodinger/tmpdir/rustenburg/jag_SM21_micro033_SM21_micro031.1/ls06-2-5af45703.mpinodes
/lila/data/chodera/schrodinger/tmpdir/rustenburg/jag_SM21_micro033_SM21_micro031.1/SM21_micro031.in
/lila/data/chodera/schrodinger/tmpdir/rustenburg/jag_SM21_micro033_SM21_micro031.1/ls06-2-5af45703
/lila/data/chodera/schrodinger/tmpdir/rustenburg/jag_SM21_micro033_SM21_micro031.1/SM21_micro033.mae
/lila/data/chodera/schrodinger/tmpdir/rustenburg/jag_SM21_micro033_SM21_micro031.1/SM21_micro033.in
/lila/data/chodera/schrodinger/tmpdir/rustenburg/jag_SM21_micro033_SM21_micro031.1/jag_SM21_micro033_SM21_micro031.log

=====================
 Jaguar pKa workflow
=====================

Analysing user-provided (prot, deprot) pair:
(SM21_micro033.in, SM21_micro031.in)
Found labile hydrogen 26 in SM21_micro033.in
Found labile hydrogen at atom 15 in SM21_micro031.in
Adding 'ipkat' keyword to input files.

Identifying pKa functional group for pair:
(SM21_micro033, SM21_micro031)

Executing subprocess:
/data/chodera/schrodinger/schrodinger2017-4-advanced/jaguar-v9.8/bin/Linux-x86_64/pka -i -j SM21_micro033.tmp.jres -n

Taking protonated structures from:
SM21_micro033.mae
Taking deprotonated structures from:
SM21_micro031.mae

This molecule from 'SM21_micro033.mae' in water was recognized as:

 # 	           Shell           
---	---------------------------
1: 	pyrimidine                 
2: 	heterocycle custom 1       
3: 	heterocycle                
4: 	Protonation of generic atom


Executing conformational search...

Executing 2 distributed subjobs:
---------------------------------

No more than 8 cpu(s) will be used per subjob.
No more than 10 cpu(s) will be used simultaneously.

Processing the following subjobs:
(1) jaguar run csrch.py SM21_micro033.mae -jobname SM21_micro033 -max_conf 5 -erg_window 50.208 -acc_level 1 -TPP 5
(2) jaguar run csrch.py SM21_micro031.mae -jobname SM21_micro031 -max_conf 5 -erg_window 50.208 -acc_level 1 -TPP 5

Running subjobs on hosts:
  localhost (Max: 2)
Number of jobs:       2
Max retries per job:  3
Max allowed failures: unlimited
Run with -LOCAL:      False
Verbosity:            normal

Starting JobDJ...

Keep one job on driver host: False
JobDJ columns:
  C: Number of completed subjobs
  A: Number of active subjobs (e.g., submitted, running)
  W: Number of waiting/pending subjobs

C A W | Activity  JobId  JobName  JobHost
- - - | --------- -----------------------
0 1 1 | launched  ls06-1-5af4570b SM21_micro033 localhost [ls06]
0 2 0 | launched  ls06-3-5af45710 SM21_micro031 localhost [ls06]
1 1 0 | finished  ls06-3-5af45710 SM21_micro031 localhost [ls06]
2 0 0 | finished  ls06-1-5af4570b SM21_micro033 localhost [ls06]

All jobs have completed.

2 of 2 job(s) succeeded; 0 job(s) failed.

Timer (distribute subjobs) : 733.05 secs (0 hrs, 12 mins, 13 secs)

Setting up QM workflow for (protonated, deprotonated) pair:
(1) (SM21_micro033, SM21_micro031)

Executing Jaguar quantum-mechanical subjobs...

Executing 10 distributed subjobs:
----------------------------------

No more than 8 cpu(s) will be used per subjob.
No more than 10 cpu(s) will be used simultaneously.

Processing the following subjobs:
(1) jaguar run pka_prot.bat -jobname SM21_micro033_conf_1 SM21_micro033_conf_1.in
(2) jaguar run pka_prot.bat -jobname SM21_micro033_conf_2 SM21_micro033_conf_2.in
(3) jaguar run pka_prot.bat -jobname SM21_micro033_conf_3 SM21_micro033_conf_3.in
(4) jaguar run pka_prot.bat -jobname SM21_micro033_conf_4 SM21_micro033_conf_4.in
(5) jaguar run pka_prot.bat -jobname SM21_micro033_conf_5 SM21_micro033_conf_5.in
(6) jaguar run pka_deprot.bat -jobname SM21_micro031_conf_1 SM21_micro031_conf_1.in
(7) jaguar run pka_deprot.bat -jobname SM21_micro031_conf_2 SM21_micro031_conf_2.in
(8) jaguar run pka_deprot.bat -jobname SM21_micro031_conf_3 SM21_micro031_conf_3.in
(9) jaguar run pka_deprot.bat -jobname SM21_micro031_conf_4 SM21_micro031_conf_4.in
(10) jaguar run pka_deprot.bat -jobname SM21_micro031_conf_5 SM21_micro031_conf_5.in

Running subjobs on hosts:
  localhost (Max: 10)
Number of jobs:       10
Max retries per job:  3
Max allowed failures: unlimited
Run with -LOCAL:      False
Verbosity:            normal

Starting JobDJ...

Keep one job on driver host: False
JobDJ columns:
  C: Number of completed subjobs
  A: Number of active subjobs (e.g., submitted, running)
  W: Number of waiting/pending subjobs

 C  A  W | Activity  JobId  JobName  JobHost
-- -- -- | --------- -----------------------
 0  1  9 | launched  ls06-0-5af459e9 SM21_micro033_conf_1 localhost [ls06]
 0  2  8 | launched  ls06-0-5af459eb SM21_micro033_conf_2 localhost [ls06]
 0  3  7 | launched  ls06-0-5af459ee SM21_micro033_conf_3 localhost [ls06]
 0  4  6 | launched  ls06-1-5af459f0 SM21_micro033_conf_4 localhost [ls06]
 0  5  5 | launched  ls06-1-5af459f2 SM21_micro033_conf_5 localhost [ls06]
 0  6  4 | launched  ls06-0-5af459f5 SM21_micro031_conf_1 localhost [ls06]
 0  7  3 | launched  ls06-0-5af459f7 SM21_micro031_conf_2 localhost [ls06]
 0  8  2 | launched  ls06-0-5af459fa SM21_micro031_conf_3 localhost [ls06]
 0  9  1 | launched  ls06-0-5af459fd SM21_micro031_conf_4 localhost [ls06]
 0 10  0 | launched  ls06-0-5af45a00 SM21_micro031_conf_5 localhost [ls06]
 1  9  0 | finished  ls06-0-5af459f5 SM21_micro031_conf_1 localhost [ls06]
 2  8  0 | finished  ls06-0-5af45a00 SM21_micro031_conf_5 localhost [ls06]
 3  7  0 | finished  ls06-0-5af459fa SM21_micro031_conf_3 localhost [ls06]
 4  6  0 | finished  ls06-0-5af459f7 SM21_micro031_conf_2 localhost [ls06]
 5  5  0 | finished  ls06-0-5af459eb SM21_micro033_conf_2 localhost [ls06]
 6  4  0 | finished  ls06-0-5af459fd SM21_micro031_conf_4 localhost [ls06]
 7  3  0 | finished  ls06-1-5af459f0 SM21_micro033_conf_4 localhost [ls06]
 8  2  0 | finished  ls06-1-5af459f2 SM21_micro033_conf_5 localhost [ls06]
 9  1  0 | finished  ls06-0-5af459e9 SM21_micro033_conf_1 localhost [ls06]
10  0  0 | finished  ls06-0-5af459ee SM21_micro033_conf_3 localhost [ls06]

All jobs have completed.

10 of 10 job(s) succeeded; 0 job(s) failed.

Timer (distribute subjobs) : 12867.06 secs (3 hrs, 34 mins, 27 secs)

Processing QM output files...

Executing subprocess:
/data/chodera/schrodinger/schrodinger2017-4-advanced/jaguar results -energy SM21_micro033_conf_1.nrg_h.out

Executing subprocess:
/data/chodera/schrodinger/schrodinger2017-4-advanced/jaguar results -esolv SM21_micro033_conf_1.sol_h.out

Executing subprocess:
/data/chodera/schrodinger/schrodinger2017-4-advanced/jaguar results -energy SM21_micro033_conf_2.nrg_h.out

Executing subprocess:
/data/chodera/schrodinger/schrodinger2017-4-advanced/jaguar results -esolv SM21_micro033_conf_2.sol_h.out

Executing subprocess:
/data/chodera/schrodinger/schrodinger2017-4-advanced/jaguar results -energy SM21_micro033_conf_3.nrg_h.out

Executing subprocess:
/data/chodera/schrodinger/schrodinger2017-4-advanced/jaguar results -esolv SM21_micro033_conf_3.sol_h.out

Executing subprocess:
/data/chodera/schrodinger/schrodinger2017-4-advanced/jaguar results -energy SM21_micro033_conf_4.nrg_h.out

Executing subprocess:
/data/chodera/schrodinger/schrodinger2017-4-advanced/jaguar results -esolv SM21_micro033_conf_4.sol_h.out

Executing subprocess:
/data/chodera/schrodinger/schrodinger2017-4-advanced/jaguar results -energy SM21_micro033_conf_5.nrg_h.out

Executing subprocess:
/data/chodera/schrodinger/schrodinger2017-4-advanced/jaguar results -esolv SM21_micro033_conf_5.sol_h.out

Executing subprocess:
/data/chodera/schrodinger/schrodinger2017-4-advanced/jaguar results -energy SM21_micro031_conf_1.nrg.out

Executing subprocess:
/data/chodera/schrodinger/schrodinger2017-4-advanced/jaguar results -esolv SM21_micro031_conf_1.sol.out

Executing subprocess:
/data/chodera/schrodinger/schrodinger2017-4-advanced/jaguar results -energy SM21_micro031_conf_2.nrg.out

Executing subprocess:
/data/chodera/schrodinger/schrodinger2017-4-advanced/jaguar results -esolv SM21_micro031_conf_2.sol.out

Executing subprocess:
/data/chodera/schrodinger/schrodinger2017-4-advanced/jaguar results -energy SM21_micro031_conf_3.nrg.out

Executing subprocess:
/data/chodera/schrodinger/schrodinger2017-4-advanced/jaguar results -esolv SM21_micro031_conf_3.sol.out

Executing subprocess:
/data/chodera/schrodinger/schrodinger2017-4-advanced/jaguar results -energy SM21_micro031_conf_4.nrg.out

Executing subprocess:
/data/chodera/schrodinger/schrodinger2017-4-advanced/jaguar results -esolv SM21_micro031_conf_4.sol.out

Executing subprocess:
/data/chodera/schrodinger/schrodinger2017-4-advanced/jaguar results -energy SM21_micro031_conf_5.nrg.out

Executing subprocess:
/data/chodera/schrodinger/schrodinger2017-4-advanced/jaguar results -esolv SM21_micro031_conf_5.sol.out

Executing subprocess:
/data/chodera/schrodinger/schrodinger2017-4-advanced/jaguar-v9.8/bin/Linux-x86_64/pka -o SM21_micro033_deprot-out.mae -j SM21_micro033.jres -n -d

Executing subprocess:
/data/chodera/schrodinger/schrodinger2017-4-advanced/jaguar-v9.8/bin/Linux-x86_64/pka -o SM21_micro033_prot-out.mae -j SM21_micro033.jres -n

pKa calculation for SM21_micro033 completed.

pKa workflow jag_SM21_micro033_SM21_micro031 completed.

Timer (Jaguar pKa) : 13682.17 secs (3 hrs, 48 mins, 02 secs)
Timer (jaguar_backend.py) : 13682.17 secs (3 hrs, 48 mins, 02 secs)
Finished:   Thu May 10 14:16:24 2018
