Command:    jaguar run pka.py -jobname jag_SM11_micro022_SM11_micro013 -PARALLEL 10 -n -csrch -prot SM11_micro022.in -deprot SM11_micro013.in
Release:    2017-4
Exec:       /data/chodera/schrodinger/schrodinger2017-4-advanced/jaguar-v9.8/bin/Linux-x86_64
Host:       lt21
JobId:      lilac-0-5aec9a82
JobDir:     /lila/data/chodera/schrodinger/tmpdir/rustenburg/jag_SM11_micro022_SM11_micro013
Date:       Fri May  4 13:38:27 2018

Contents of /lila/data/chodera/schrodinger/tmpdir/rustenburg/jag_SM11_micro022_SM11_micro013:
/lila/data/chodera/schrodinger/tmpdir/rustenburg/jag_SM11_micro022_SM11_micro013/SM11_micro013.mae
/lila/data/chodera/schrodinger/tmpdir/rustenburg/jag_SM11_micro022_SM11_micro013/lilac-0-5aec9a82.hosts
/lila/data/chodera/schrodinger/tmpdir/rustenburg/jag_SM11_micro022_SM11_micro013/jag_SM11_micro022_SM11_micro013.log
/lila/data/chodera/schrodinger/tmpdir/rustenburg/jag_SM11_micro022_SM11_micro013/lilac-0-5aec9a82.mpinodes
/lila/data/chodera/schrodinger/tmpdir/rustenburg/jag_SM11_micro022_SM11_micro013/jag_SM11_micro022_SM11_micro013.recover
/lila/data/chodera/schrodinger/tmpdir/rustenburg/jag_SM11_micro022_SM11_micro013/lilac-0-5aec9a82.nodes
/lila/data/chodera/schrodinger/tmpdir/rustenburg/jag_SM11_micro022_SM11_micro013/lilac-0-5aec9a82.jlog
/lila/data/chodera/schrodinger/tmpdir/rustenburg/jag_SM11_micro022_SM11_micro013/lilac-0-5aec9a82.recover
/lila/data/chodera/schrodinger/tmpdir/rustenburg/jag_SM11_micro022_SM11_micro013/lilac-0-5aec9a82
/lila/data/chodera/schrodinger/tmpdir/rustenburg/jag_SM11_micro022_SM11_micro013/SM11_micro022.in
/lila/data/chodera/schrodinger/tmpdir/rustenburg/jag_SM11_micro022_SM11_micro013/SM11_micro022.mae
/lila/data/chodera/schrodinger/tmpdir/rustenburg/jag_SM11_micro022_SM11_micro013/SM11_micro013.in

=====================
 Jaguar pKa workflow
=====================

Analysing user-provided (prot, deprot) pair:
(SM11_micro022.in, SM11_micro013.in)
Found labile hydrogen 17 in SM11_micro022.in
Found labile hydrogen at atom 8 in SM11_micro013.in
Adding 'ipkat' keyword to input files.

Identifying pKa functional group for pair:
(SM11_micro022, SM11_micro013)

Executing subprocess:
/data/chodera/schrodinger/schrodinger2017-4-advanced/jaguar-v9.8/bin/Linux-x86_64/pka -i -j SM11_micro022.tmp.jres -n

Taking protonated structures from:
SM11_micro022.mae
Taking deprotonated structures from:
SM11_micro013.mae

This molecule from 'SM11_micro022.mae' in water was recognized as:

 # 	           Shell           
---	---------------------------
1: 	pyrazole as base           
2: 	heterocycle custom 1       
3: 	heterocycle                
4: 	Protonation of generic atom


Executing conformational search...

Executing 2 distributed subjobs:
---------------------------------

No more than 8 cpu(s) will be used per subjob.
No more than 10 cpu(s) will be used simultaneously.

Processing the following subjobs:
(1) jaguar run csrch.py SM11_micro022.mae -jobname SM11_micro022 -max_conf 5 -erg_window 50.208 -acc_level 1 -TPP 5
(2) jaguar run csrch.py SM11_micro013.mae -jobname SM11_micro013 -max_conf 5 -erg_window 50.208 -acc_level 1 -TPP 5

Running subjobs on hosts:
  lsf-cpu (Max: 2)
Number of jobs:       2
Max retries per job:  3
Max allowed failures: unlimited
Run with -LOCAL:      False
Verbosity:            normal

Starting JobDJ...

Keep one job on driver host: False
JobDJ columns:
  C: Number of completed subjobs
  A: Number of active subjobs (e.g., submitted, running)
  W: Number of waiting/pending subjobs

C A W | Activity  JobId  JobName  JobHost
- - - | --------- -----------------------
0 1 1 | launched  lt21-0-5aec9a9b SM11_micro022 lsf-cpu
0 2 0 | launched  lt21-0-5aec9a9f SM11_micro013 lsf-cpu
1 1 0 | finished  lt21-0-5aec9a9b SM11_micro022 lsf-cpu
2 0 0 | finished  lt21-0-5aec9a9f SM11_micro013 lsf-cpu

All jobs have completed.

2 of 2 job(s) succeeded; 0 job(s) failed.

Timer (distribute subjobs) : 364.42 secs (0 hrs, 06 mins, 04 secs)

Setting up QM workflow for (protonated, deprotonated) pair:
(1) (SM11_micro022, SM11_micro013)

Executing Jaguar quantum-mechanical subjobs...

Executing 5 distributed subjobs:
---------------------------------

No more than 8 cpu(s) will be used per subjob.
No more than 10 cpu(s) will be used simultaneously.

Processing the following subjobs:
(1) jaguar run pka_prot.bat -jobname SM11_micro022_conf_1 SM11_micro022_conf_1.in -TPP 2
(2) jaguar run pka_prot.bat -jobname SM11_micro022_conf_2 SM11_micro022_conf_2.in -TPP 2
(3) jaguar run pka_prot.bat -jobname SM11_micro022_conf_3 SM11_micro022_conf_3.in -TPP 2
(4) jaguar run pka_deprot.bat -jobname SM11_micro013_conf_1 SM11_micro013_conf_1.in -TPP 2
(5) jaguar run pka_deprot.bat -jobname SM11_micro013_conf_2 SM11_micro013_conf_2.in -TPP 2

Running subjobs on hosts:
  lsf-cpu (Max: 5)
Number of jobs:       5
Max retries per job:  3
Max allowed failures: unlimited
Run with -LOCAL:      False
Verbosity:            normal

Starting JobDJ...

Keep one job on driver host: False
JobDJ columns:
  C: Number of completed subjobs
  A: Number of active subjobs (e.g., submitted, running)
  W: Number of waiting/pending subjobs

C A W | Activity  JobId  JobName  JobHost
- - - | --------- -----------------------
0 1 4 | launched  lt21-0-5aec9c0a SM11_micro022_conf_1 lsf-cpu
0 2 3 | launched  lt21-0-5aec9c0e SM11_micro022_conf_2 lsf-cpu
0 3 2 | launched  lt21-0-5aec9c11 SM11_micro022_conf_3 lsf-cpu
0 4 1 | launched  lt21-0-5aec9c14 SM11_micro013_conf_1 lsf-cpu
0 5 0 | launched  lt21-0-5aec9c17 SM11_micro013_conf_2 lsf-cpu
1 4 0 | finished  lt21-0-5aec9c14 SM11_micro013_conf_1 lsf-cpu
2 3 0 | finished  lt21-0-5aec9c0a SM11_micro022_conf_1 lsf-cpu [lt04]
3 2 0 | finished  lt21-0-5aec9c11 SM11_micro022_conf_3 lsf-cpu [lt17]
4 1 0 | finished  lt21-0-5aec9c17 SM11_micro013_conf_2 lsf-cpu [lt17]
5 0 0 | finished  lt21-0-5aec9c0e SM11_micro022_conf_2 lsf-cpu [lt21]

All jobs have completed.

5 of 5 job(s) succeeded; 0 job(s) failed.

Timer (distribute subjobs) : 1495.72 secs (0 hrs, 24 mins, 55 secs)

Processing QM output files...

Executing subprocess:
/data/chodera/schrodinger/schrodinger2017-4-advanced/jaguar results -energy SM11_micro022_conf_1.nrg_h.out

Executing subprocess:
/data/chodera/schrodinger/schrodinger2017-4-advanced/jaguar results -esolv SM11_micro022_conf_1.sol_h.out

Executing subprocess:
/data/chodera/schrodinger/schrodinger2017-4-advanced/jaguar results -energy SM11_micro022_conf_2.nrg_h.out

Executing subprocess:
/data/chodera/schrodinger/schrodinger2017-4-advanced/jaguar results -esolv SM11_micro022_conf_2.sol_h.out

Executing subprocess:
/data/chodera/schrodinger/schrodinger2017-4-advanced/jaguar results -energy SM11_micro022_conf_3.nrg_h.out

Executing subprocess:
/data/chodera/schrodinger/schrodinger2017-4-advanced/jaguar results -esolv SM11_micro022_conf_3.sol_h.out

Executing subprocess:
/data/chodera/schrodinger/schrodinger2017-4-advanced/jaguar results -energy SM11_micro013_conf_1.nrg.out

Executing subprocess:
/data/chodera/schrodinger/schrodinger2017-4-advanced/jaguar results -esolv SM11_micro013_conf_1.sol.out

Executing subprocess:
/data/chodera/schrodinger/schrodinger2017-4-advanced/jaguar results -energy SM11_micro013_conf_2.nrg.out

Executing subprocess:
/data/chodera/schrodinger/schrodinger2017-4-advanced/jaguar results -esolv SM11_micro013_conf_2.sol.out

Executing subprocess:
/data/chodera/schrodinger/schrodinger2017-4-advanced/jaguar-v9.8/bin/Linux-x86_64/pka -o SM11_micro022_deprot-out.mae -j SM11_micro022.jres -n -d

Executing subprocess:
/data/chodera/schrodinger/schrodinger2017-4-advanced/jaguar-v9.8/bin/Linux-x86_64/pka -o SM11_micro022_prot-out.mae -j SM11_micro022.jres -n

pKa calculation for SM11_micro022 completed.

pKa workflow jag_SM11_micro022_SM11_micro013 completed.

Timer (Jaguar pKa) : 1909.27 secs (0 hrs, 31 mins, 49 secs)
Timer (jaguar_backend.py) : 1909.27 secs (0 hrs, 31 mins, 49 secs)
Finished:   Fri May  4 14:10:16 2018
