Command:    jaguar run pka.py -jobname jag_SM24_micro030_SM24_micro013 -PARALLEL 10 -n -csrch -prot SM24_micro030.in -deprot SM24_micro013.in
Release:    2017-4
Exec:       /data/chodera/schrodinger/schrodinger2017-4-advanced/jaguar-v9.8/bin/Linux-x86_64
Host:       lt02
JobId:      lilac-0-5aecd5f8
JobDir:     /lila/data/chodera/schrodinger/tmpdir/rustenburg/jag_SM24_micro030_SM24_micro013
Date:       Fri May  4 19:23:16 2018

Contents of /lila/data/chodera/schrodinger/tmpdir/rustenburg/jag_SM24_micro030_SM24_micro013:
/lila/data/chodera/schrodinger/tmpdir/rustenburg/jag_SM24_micro030_SM24_micro013/SM24_micro013.in
/lila/data/chodera/schrodinger/tmpdir/rustenburg/jag_SM24_micro030_SM24_micro013/lilac-0-5aecd5f8.mpinodes
/lila/data/chodera/schrodinger/tmpdir/rustenburg/jag_SM24_micro030_SM24_micro013/lilac-0-5aecd5f8.jlog
/lila/data/chodera/schrodinger/tmpdir/rustenburg/jag_SM24_micro030_SM24_micro013/jag_SM24_micro030_SM24_micro013.log
/lila/data/chodera/schrodinger/tmpdir/rustenburg/jag_SM24_micro030_SM24_micro013/SM24_micro030.in
/lila/data/chodera/schrodinger/tmpdir/rustenburg/jag_SM24_micro030_SM24_micro013/lilac-0-5aecd5f8
/lila/data/chodera/schrodinger/tmpdir/rustenburg/jag_SM24_micro030_SM24_micro013/lilac-0-5aecd5f8.hosts
/lila/data/chodera/schrodinger/tmpdir/rustenburg/jag_SM24_micro030_SM24_micro013/SM24_micro030.mae
/lila/data/chodera/schrodinger/tmpdir/rustenburg/jag_SM24_micro030_SM24_micro013/lilac-0-5aecd5f8.nodes
/lila/data/chodera/schrodinger/tmpdir/rustenburg/jag_SM24_micro030_SM24_micro013/lilac-0-5aecd5f8.recover
/lila/data/chodera/schrodinger/tmpdir/rustenburg/jag_SM24_micro030_SM24_micro013/jag_SM24_micro030_SM24_micro013.recover
/lila/data/chodera/schrodinger/tmpdir/rustenburg/jag_SM24_micro030_SM24_micro013/SM24_micro013.mae

=====================
 Jaguar pKa workflow
=====================

Analysing user-provided (prot, deprot) pair:
(SM24_micro030.in, SM24_micro013.in)
Found labile hydrogen 31 in SM24_micro030.in
Found labile hydrogen at atom 26 in SM24_micro013.in
Adding 'ipkat' keyword to input files.

Identifying pKa functional group for pair:
(SM24_micro030, SM24_micro013)

Executing subprocess:
/data/chodera/schrodinger/schrodinger2017-4-advanced/jaguar-v9.8/bin/Linux-x86_64/pka -i -j SM24_micro030.tmp.jres -n

Taking protonated structures from:
SM24_micro030.mae
Taking deprotonated structures from:
SM24_micro013.mae

This molecule from 'SM24_micro030.mae' in water was recognized as:

 # 	                  Shell                   
---	------------------------------------------
1: 	Protonation of sp3-like aliphatic nitrogen
2: 	Protonation of generic atom               


Executing conformational search...

Executing 2 distributed subjobs:
---------------------------------

No more than 8 cpu(s) will be used per subjob.
No more than 10 cpu(s) will be used simultaneously.

Processing the following subjobs:
(1) jaguar run csrch.py SM24_micro030.mae -jobname SM24_micro030 -max_conf 5 -erg_window 50.208 -acc_level 1 -TPP 5
(2) jaguar run csrch.py SM24_micro013.mae -jobname SM24_micro013 -max_conf 5 -erg_window 50.208 -acc_level 1 -TPP 5

Running subjobs on hosts:
  lsf-cpu (Max: 2)
Number of jobs:       2
Max retries per job:  3
Max allowed failures: unlimited
Run with -LOCAL:      False
Verbosity:            normal

Starting JobDJ...

Keep one job on driver host: False
JobDJ columns:
  C: Number of completed subjobs
  A: Number of active subjobs (e.g., submitted, running)
  W: Number of waiting/pending subjobs

C A W | Activity  JobId  JobName  JobHost
- - - | --------- -----------------------
0 1 1 | launched  lt02-2-5aeceb85 SM24_micro030 lsf-cpu
0 2 0 | launched  lt02-4-5aeceb99 SM24_micro013 lsf-cpu
1 1 0 | finished  lt02-2-5aeceb85 SM24_micro030 lsf-cpu [lt14]
2 0 0 | finished  lt02-4-5aeceb99 SM24_micro013 lsf-cpu [ls12]

All jobs have completed.

2 of 2 job(s) succeeded; 0 job(s) failed.

Timer (distribute subjobs) : 7697.34 secs (2 hrs, 08 mins, 17 secs)

Setting up QM workflow for (protonated, deprotonated) pair:
(1) (SM24_micro030, SM24_micro013)

Executing Jaguar quantum-mechanical subjobs...

Executing 10 distributed subjobs:
----------------------------------

No more than 8 cpu(s) will be used per subjob.
No more than 10 cpu(s) will be used simultaneously.

Processing the following subjobs:
(1) jaguar run pka_prot.bat -jobname SM24_micro030_conf_1 SM24_micro030_conf_1.in
(2) jaguar run pka_prot.bat -jobname SM24_micro030_conf_2 SM24_micro030_conf_2.in
(3) jaguar run pka_prot.bat -jobname SM24_micro030_conf_3 SM24_micro030_conf_3.in
(4) jaguar run pka_prot.bat -jobname SM24_micro030_conf_4 SM24_micro030_conf_4.in
(5) jaguar run pka_prot.bat -jobname SM24_micro030_conf_5 SM24_micro030_conf_5.in
(6) jaguar run pka_deprot.bat -jobname SM24_micro013_conf_1 SM24_micro013_conf_1.in
(7) jaguar run pka_deprot.bat -jobname SM24_micro013_conf_2 SM24_micro013_conf_2.in
(8) jaguar run pka_deprot.bat -jobname SM24_micro013_conf_3 SM24_micro013_conf_3.in
(9) jaguar run pka_deprot.bat -jobname SM24_micro013_conf_4 SM24_micro013_conf_4.in
(10) jaguar run pka_deprot.bat -jobname SM24_micro013_conf_5 SM24_micro013_conf_5.in

Running subjobs on hosts:
  lsf-cpu (Max: 10)
Number of jobs:       10
Max retries per job:  3
Max allowed failures: unlimited
Run with -LOCAL:      False
Verbosity:            normal

Starting JobDJ...

Keep one job on driver host: True
JobDJ columns:
  C: Number of completed subjobs
  A: Number of active subjobs (e.g., submitted, running)
  W: Number of waiting/pending subjobs

 C  A  W | Activity  JobId  JobName  JobHost
-- -- -- | --------- -----------------------
 0  1  9 | launched  lt02-0-5aed0985 SM24_micro030_conf_1 localhost [lt02]
 0  2  8 | launched  lt02-0-5aed0989 SM24_micro030_conf_2 lsf-cpu
 0  3  7 | launched  lt02-0-5aed098f SM24_micro030_conf_3 lsf-cpu
 0  4  6 | launched  lt02-0-5aed0993 SM24_micro030_conf_4 lsf-cpu
 0  5  5 | launched  lt02-1-5aed0998 SM24_micro030_conf_5 lsf-cpu
 0  6  4 | launched  lt02-0-5aed099e SM24_micro013_conf_1 lsf-cpu
 0  7  3 | launched  lt02-0-5aed09a3 SM24_micro013_conf_2 lsf-cpu
 0  8  2 | launched  lt02-1-5aed09a8 SM24_micro013_conf_3 lsf-cpu
 0  9  1 | launched  lt02-0-5aed09ad SM24_micro013_conf_4 lsf-cpu
 0 10  0 | launched  lt02-0-5aed09b3 SM24_micro013_conf_5 lsf-cpu
