Taking protonated structures from:
SM10_micro018_conf_1.dft_h.01.mae
SM10_micro018_conf_2.dft_h.01.mae
SM10_micro018_conf_3.dft_h.01.mae
SM10_micro018_conf_4.dft_h.01.mae
SM10_micro018_conf_5.dft_h.01.mae
Taking deprotonated structures from:
SM10_micro022_conf_1.dft.01.mae
SM10_micro022_conf_2.dft.01.mae
SM10_micro022_conf_3.dft.01.mae
SM10_micro022_conf_4.dft.01.mae
SM10_micro022_conf_5.dft.01.mae

Corrected results for 'protonated' structure in water:
pKa atom: 28

 # 	                 Shell                  	 pKa 	RMSD	 Contribution
---	----------------------------------------	-----	-----	--------------
1: 	Protonation of generic atom             	19.64	2.264	    96.93%
2: 	aliphatic CH acid in water              	17.98	2.584	     1.62%
3: 	Protonation of sp2-like aliphatic carbon	18.07	2.605	     1.45%

 Final weighted pKa value is 19.59



