Taking protonated structures from:
SM02_micro013_conf_1.dft_h.01.mae
SM02_micro013_conf_2.dft_h.01.mae
SM02_micro013_conf_3.dft_h.01.mae
SM02_micro013_conf_4.dft_h.01.mae
SM02_micro013_conf_5.dft_h.01.mae
Taking deprotonated structures from:
SM02_micro006_conf_1.dft.01.mae
SM02_micro006_conf_2.dft.01.mae
SM02_micro006_conf_3.dft.01.mae
SM02_micro006_conf_4.dft.01.mae
SM02_micro006_conf_5.dft.01.mae

Corrected results for 'protonated' structure in water:
pKa atom: 22

 # 	           Shell           	 pKa 	RMSD	 Contribution
---	---------------------------	-----	-----	--------------
1: 	pyrimidine                 	-4.67	0.242	    51.95%
2: 	heterocycle custom 1       	-8.70	0.617	    24.72%
3: 	heterocycle                	-7.97	0.837	    19.63%
4: 	Protonation of generic atom	-4.87	2.264	     3.70%

 Final weighted pKa value is -6.32



