Command:    jaguar run pka.py -jobname jag_SM24_micro010_SM24_micro028 -PARALLEL 10 -WAIT -n -csrch -prot SM24_micro010.in -deprot SM24_micro028.in
Release:    2017-4
Exec:       /data/chodera/schrodinger/schrodinger2017-4-advanced/jaguar-v9.8/bin/Linux-x86_64
Host:       lt06
JobId:      lt06-0-5af5cfe4
JobDir:     /lila/data/chodera/schrodinger/tmpdir/rustenburg/jag_SM24_micro010_SM24_micro028.1
Date:       Fri May 11 13:16:23 2018

Contents of /lila/data/chodera/schrodinger/tmpdir/rustenburg/jag_SM24_micro010_SM24_micro028.1:
/lila/data/chodera/schrodinger/tmpdir/rustenburg/jag_SM24_micro010_SM24_micro028.1/SM24_micro028.mae
/lila/data/chodera/schrodinger/tmpdir/rustenburg/jag_SM24_micro010_SM24_micro028.1/SM24_micro010.mae
/lila/data/chodera/schrodinger/tmpdir/rustenburg/jag_SM24_micro010_SM24_micro028.1/SM24_micro028.in
/lila/data/chodera/schrodinger/tmpdir/rustenburg/jag_SM24_micro010_SM24_micro028.1/lt06-0-5af5cfe4.recover
/lila/data/chodera/schrodinger/tmpdir/rustenburg/jag_SM24_micro010_SM24_micro028.1/SM24_micro010.in
/lila/data/chodera/schrodinger/tmpdir/rustenburg/jag_SM24_micro010_SM24_micro028.1/lt06-0-5af5cfe4.mpinodes
/lila/data/chodera/schrodinger/tmpdir/rustenburg/jag_SM24_micro010_SM24_micro028.1/jag_SM24_micro010_SM24_micro028.log
/lila/data/chodera/schrodinger/tmpdir/rustenburg/jag_SM24_micro010_SM24_micro028.1/lt06-0-5af5cfe4
/lila/data/chodera/schrodinger/tmpdir/rustenburg/jag_SM24_micro010_SM24_micro028.1/jag_SM24_micro010_SM24_micro028.recover

=====================
 Jaguar pKa workflow
=====================

Analysing user-provided (prot, deprot) pair:
(SM24_micro010.in, SM24_micro028.in)
Found labile hydrogen 46 in SM24_micro010.in
Found labile hydrogen at atom 26 in SM24_micro028.in
Adding 'ipkat' keyword to input files.

Identifying pKa functional group for pair:
(SM24_micro010, SM24_micro028)

Executing subprocess:
/data/chodera/schrodinger/schrodinger2017-4-advanced/jaguar-v9.8/bin/Linux-x86_64/pka -i -j SM24_micro010.tmp.jres -n

Taking protonated structures from:
SM24_micro010.mae
Taking deprotonated structures from:
SM24_micro028.mae

This molecule from 'SM24_micro010.mae' in water was recognized as:

 # 	                  Shell                   
---	------------------------------------------
1: 	Protonation of sp2-like aliphatic nitrogen
2: 	Protonation of generic atom               


Executing conformational search...

Executing 2 distributed subjobs:
---------------------------------

No more than 8 cpu(s) will be used per subjob.
No more than 10 cpu(s) will be used simultaneously.

Processing the following subjobs:
(1) jaguar run csrch.py SM24_micro010.mae -jobname SM24_micro010 -max_conf 5 -erg_window 50.208 -acc_level 1 -TPP 5
(2) jaguar run csrch.py SM24_micro028.mae -jobname SM24_micro028 -max_conf 5 -erg_window 50.208 -acc_level 1 -TPP 5

Running subjobs on hosts:
  localhost (Max: 2)
Number of jobs:       2
Max retries per job:  3
Max allowed failures: unlimited
Run with -LOCAL:      False
Verbosity:            normal

Starting JobDJ...

Keep one job on driver host: False
JobDJ columns:
  C: Number of completed subjobs
  A: Number of active subjobs (e.g., submitted, running)
  W: Number of waiting/pending subjobs

C A W | Activity  JobId  JobName  JobHost
- - - | --------- -----------------------
0 1 1 | launched  lt06-1-5af5cfed SM24_micro010 localhost [lt06]
0 2 0 | launched  lt06-2-5af5cff1 SM24_micro028 localhost [lt06]
1 1 0 | finished  lt06-2-5af5cff1 SM24_micro028 localhost [lt06]
2 0 0 | finished  lt06-1-5af5cfed SM24_micro010 localhost [lt06]

All jobs have completed.

2 of 2 job(s) succeeded; 0 job(s) failed.

Timer (distribute subjobs) : 853.84 secs (0 hrs, 14 mins, 13 secs)

Setting up QM workflow for (protonated, deprotonated) pair:
(1) (SM24_micro010, SM24_micro028)

Executing Jaguar quantum-mechanical subjobs...

Executing 10 distributed subjobs:
----------------------------------

No more than 8 cpu(s) will be used per subjob.
No more than 10 cpu(s) will be used simultaneously.

Processing the following subjobs:
(1) jaguar run pka_prot.bat -jobname SM24_micro010_conf_1 SM24_micro010_conf_1.in
(2) jaguar run pka_prot.bat -jobname SM24_micro010_conf_2 SM24_micro010_conf_2.in
(3) jaguar run pka_prot.bat -jobname SM24_micro010_conf_3 SM24_micro010_conf_3.in
(4) jaguar run pka_prot.bat -jobname SM24_micro010_conf_4 SM24_micro010_conf_4.in
(5) jaguar run pka_prot.bat -jobname SM24_micro010_conf_5 SM24_micro010_conf_5.in
(6) jaguar run pka_deprot.bat -jobname SM24_micro028_conf_1 SM24_micro028_conf_1.in
(7) jaguar run pka_deprot.bat -jobname SM24_micro028_conf_2 SM24_micro028_conf_2.in
(8) jaguar run pka_deprot.bat -jobname SM24_micro028_conf_3 SM24_micro028_conf_3.in
(9) jaguar run pka_deprot.bat -jobname SM24_micro028_conf_4 SM24_micro028_conf_4.in
(10) jaguar run pka_deprot.bat -jobname SM24_micro028_conf_5 SM24_micro028_conf_5.in

Running subjobs on hosts:
  localhost (Max: 10)
Number of jobs:       10
Max retries per job:  3
Max allowed failures: unlimited
Run with -LOCAL:      False
Verbosity:            normal

Starting JobDJ...

Keep one job on driver host: False
JobDJ columns:
  C: Number of completed subjobs
  A: Number of active subjobs (e.g., submitted, running)
  W: Number of waiting/pending subjobs

 C  A  W | Activity  JobId  JobName  JobHost
-- -- -- | --------- -----------------------
 0  1  9 | launched  lt06-0-5af5d34c SM24_micro010_conf_1 localhost [lt06]
 0  2  8 | launched  lt06-0-5af5d351 SM24_micro010_conf_2 localhost [lt06]
 0  3  7 | launched  lt06-1-5af5d354 SM24_micro010_conf_3 localhost [lt06]
 0  4  6 | launched  lt06-1-5af5d356 SM24_micro010_conf_4 localhost [lt06]
 0  5  5 | launched  lt06-0-5af5d359 SM24_micro010_conf_5 localhost [lt06]
 0  6  4 | launched  lt06-0-5af5d35b SM24_micro028_conf_1 localhost [lt06]
 0  7  3 | launched  lt06-0-5af5d35e SM24_micro028_conf_2 localhost [lt06]
 0  8  2 | launched  lt06-1-5af5d360 SM24_micro028_conf_3 localhost [lt06]
 0  9  1 | launched  lt06-1-5af5d363 SM24_micro028_conf_4 localhost [lt06]
 0 10  0 | launched  lt06-0-5af5d366 SM24_micro028_conf_5 localhost [lt06]
 1  9  0 | finished  lt06-0-5af5d359 SM24_micro010_conf_5 localhost [lt06]
 2  8  0 | finished  lt06-0-5af5d35b SM24_micro028_conf_1 localhost [lt06]
 3  7  0 | finished  lt06-0-5af5d366 SM24_micro028_conf_5 localhost [lt06]
 4  6  0 | finished  lt06-1-5af5d360 SM24_micro028_conf_3 localhost [lt06]
 5  5  0 | finished  lt06-0-5af5d35e SM24_micro028_conf_2 localhost [lt06]
 6  4  0 | finished  lt06-1-5af5d354 SM24_micro010_conf_3 localhost [lt06]
 7  3  0 | finished  lt06-1-5af5d356 SM24_micro010_conf_4 localhost [lt06]
 8  2  0 | finished  lt06-0-5af5d34c SM24_micro010_conf_1 localhost [lt06]
 9  1  0 | finished  lt06-1-5af5d363 SM24_micro028_conf_4 localhost [lt06]
10  0  0 | finished  lt06-0-5af5d351 SM24_micro010_conf_2 localhost [lt06]

All jobs have completed.

10 of 10 job(s) succeeded; 0 job(s) failed.

Timer (distribute subjobs) : 4568.13 secs (1 hrs, 16 mins, 08 secs)

Processing QM output files...

Executing subprocess:
/data/chodera/schrodinger/schrodinger2017-4-advanced/jaguar results -energy SM24_micro010_conf_1.nrg_h.out

Executing subprocess:
/data/chodera/schrodinger/schrodinger2017-4-advanced/jaguar results -esolv SM24_micro010_conf_1.sol_h.out

Executing subprocess:
/data/chodera/schrodinger/schrodinger2017-4-advanced/jaguar results -energy SM24_micro010_conf_2.nrg_h.out

Executing subprocess:
/data/chodera/schrodinger/schrodinger2017-4-advanced/jaguar results -esolv SM24_micro010_conf_2.sol_h.out

Executing subprocess:
/data/chodera/schrodinger/schrodinger2017-4-advanced/jaguar results -energy SM24_micro010_conf_3.nrg_h.out

Executing subprocess:
/data/chodera/schrodinger/schrodinger2017-4-advanced/jaguar results -esolv SM24_micro010_conf_3.sol_h.out

Executing subprocess:
/data/chodera/schrodinger/schrodinger2017-4-advanced/jaguar results -energy SM24_micro010_conf_4.nrg_h.out

Executing subprocess:
/data/chodera/schrodinger/schrodinger2017-4-advanced/jaguar results -esolv SM24_micro010_conf_4.sol_h.out

Executing subprocess:
/data/chodera/schrodinger/schrodinger2017-4-advanced/jaguar results -energy SM24_micro010_conf_5.nrg_h.out

Executing subprocess:
/data/chodera/schrodinger/schrodinger2017-4-advanced/jaguar results -esolv SM24_micro010_conf_5.sol_h.out

Executing subprocess:
/data/chodera/schrodinger/schrodinger2017-4-advanced/jaguar results -energy SM24_micro028_conf_1.nrg.out

Executing subprocess:
/data/chodera/schrodinger/schrodinger2017-4-advanced/jaguar results -esolv SM24_micro028_conf_1.sol.out

Executing subprocess:
/data/chodera/schrodinger/schrodinger2017-4-advanced/jaguar results -energy SM24_micro028_conf_2.nrg.out

Executing subprocess:
/data/chodera/schrodinger/schrodinger2017-4-advanced/jaguar results -esolv SM24_micro028_conf_2.sol.out

Executing subprocess:
/data/chodera/schrodinger/schrodinger2017-4-advanced/jaguar results -energy SM24_micro028_conf_3.nrg.out

Executing subprocess:
/data/chodera/schrodinger/schrodinger2017-4-advanced/jaguar results -esolv SM24_micro028_conf_3.sol.out

Executing subprocess:
/data/chodera/schrodinger/schrodinger2017-4-advanced/jaguar results -energy SM24_micro028_conf_4.nrg.out

Executing subprocess:
/data/chodera/schrodinger/schrodinger2017-4-advanced/jaguar results -esolv SM24_micro028_conf_4.sol.out

Executing subprocess:
/data/chodera/schrodinger/schrodinger2017-4-advanced/jaguar results -energy SM24_micro028_conf_5.nrg.out

Executing subprocess:
/data/chodera/schrodinger/schrodinger2017-4-advanced/jaguar results -esolv SM24_micro028_conf_5.sol.out

Executing subprocess:
/data/chodera/schrodinger/schrodinger2017-4-advanced/jaguar-v9.8/bin/Linux-x86_64/pka -o SM24_micro010_deprot-out.mae -j SM24_micro010.jres -n -d

Executing subprocess:
/data/chodera/schrodinger/schrodinger2017-4-advanced/jaguar-v9.8/bin/Linux-x86_64/pka -o SM24_micro010_prot-out.mae -j SM24_micro010.jres -n

pKa calculation for SM24_micro010 completed.

pKa workflow jag_SM24_micro010_SM24_micro028 completed.

Timer (Jaguar pKa) : 5498.32 secs (1 hrs, 31 mins, 38 secs)
Timer (jaguar_backend.py) : 5498.32 secs (1 hrs, 31 mins, 38 secs)
Finished:   Fri May 11 14:48:01 2018
