Taking protonated structures from:
SM24_micro032_conf_1.dft_h.01.mae
SM24_micro032_conf_2.dft_h.01.mae
SM24_micro032_conf_3.dft_h.01.mae
SM24_micro032_conf_4.dft_h.01.mae
SM24_micro032_conf_5.dft_h.01.mae
Taking deprotonated structures from:
SM24_micro029_conf_1.dft.01.mae
SM24_micro029_conf_2.dft.01.mae
SM24_micro029_conf_3.dft.01.mae
SM24_micro029_conf_4.dft.01.mae
SM24_micro029_conf_5.dft.01.mae

Corrected results for 'protonated' structure in water:
pKa atom: 52

 # 	            Shell             	 pKa 	RMSD	 Contribution
---	------------------------------	-----	-----	--------------
1: 	alcohol                       	 2.87	0.231	    96.41%
2: 	Protonation of generic atom   	-10.40	2.264	     1.22%
3: 	Protonation of sp2-like oxygen	-8.23	2.568	     2.37%

 Final weighted pKa value is 2.44



