Command:    jaguar run pka.py -jobname jag_SM22_micro001_SM22_micro004 -PARALLEL 10 -n -csrch -prot SM22_micro001.in -deprot SM22_micro004.in
Release:    2017-4
Exec:       /data/chodera/schrodinger/schrodinger2017-4-advanced/jaguar-v9.8/bin/Linux-x86_64
Host:       ls15
JobId:      lilac-0-5aecd15e
JobDir:     /lila/data/chodera/schrodinger/tmpdir/rustenburg/jag_SM22_micro001_SM22_micro004
Date:       Fri May  4 19:19:16 2018

Contents of /lila/data/chodera/schrodinger/tmpdir/rustenburg/jag_SM22_micro001_SM22_micro004:
/lila/data/chodera/schrodinger/tmpdir/rustenburg/jag_SM22_micro001_SM22_micro004/jag_SM22_micro001_SM22_micro004.recover
/lila/data/chodera/schrodinger/tmpdir/rustenburg/jag_SM22_micro001_SM22_micro004/lilac-0-5aecd15e.nodes
/lila/data/chodera/schrodinger/tmpdir/rustenburg/jag_SM22_micro001_SM22_micro004/jag_SM22_micro001_SM22_micro004.log
/lila/data/chodera/schrodinger/tmpdir/rustenburg/jag_SM22_micro001_SM22_micro004/SM22_micro004.mae
/lila/data/chodera/schrodinger/tmpdir/rustenburg/jag_SM22_micro001_SM22_micro004/SM22_micro001.in
/lila/data/chodera/schrodinger/tmpdir/rustenburg/jag_SM22_micro001_SM22_micro004/lilac-0-5aecd15e.jlog
/lila/data/chodera/schrodinger/tmpdir/rustenburg/jag_SM22_micro001_SM22_micro004/lilac-0-5aecd15e.mpinodes
/lila/data/chodera/schrodinger/tmpdir/rustenburg/jag_SM22_micro001_SM22_micro004/SM22_micro001.mae
/lila/data/chodera/schrodinger/tmpdir/rustenburg/jag_SM22_micro001_SM22_micro004/lilac-0-5aecd15e
/lila/data/chodera/schrodinger/tmpdir/rustenburg/jag_SM22_micro001_SM22_micro004/SM22_micro004.in
/lila/data/chodera/schrodinger/tmpdir/rustenburg/jag_SM22_micro001_SM22_micro004/lilac-0-5aecd15e.hosts
/lila/data/chodera/schrodinger/tmpdir/rustenburg/jag_SM22_micro001_SM22_micro004/lilac-0-5aecd15e.recover

=====================
 Jaguar pKa workflow
=====================

Analysing user-provided (prot, deprot) pair:
(SM22_micro001.in, SM22_micro004.in)
Found labile hydrogen 17 in SM22_micro001.in
Found labile hydrogen at atom 8 in SM22_micro004.in
Adding 'ipkat' keyword to input files.

Identifying pKa functional group for pair:
(SM22_micro001, SM22_micro004)

Executing subprocess:
/data/chodera/schrodinger/schrodinger2017-4-advanced/jaguar-v9.8/bin/Linux-x86_64/pka -i -j SM22_micro001.tmp.jres -n

Taking protonated structures from:
SM22_micro001.mae
Taking deprotonated structures from:
SM22_micro004.mae

This molecule from 'SM22_micro001.mae' in water was recognized as:

 # 	                    Shell                     
---	----------------------------------------------
1: 	8-hydroxyquinoline                            
2: 	phenol excluding o-nitro- and o-nitrosophenols
3: 	Protonation of generic atom                   
4: 	Protonation of sp2-like oxygen                


Executing conformational search...

Executing 2 distributed subjobs:
---------------------------------

No more than 8 cpu(s) will be used per subjob.
No more than 10 cpu(s) will be used simultaneously.

Processing the following subjobs:
(1) jaguar run csrch.py SM22_micro001.mae -jobname SM22_micro001 -max_conf 5 -erg_window 50.208 -acc_level 1 -TPP 5
(2) jaguar run csrch.py SM22_micro004.mae -jobname SM22_micro004 -max_conf 5 -erg_window 50.208 -acc_level 1 -TPP 5

Running subjobs on hosts:
  lsf-cpu (Max: 2)
Number of jobs:       2
Max retries per job:  3
Max allowed failures: unlimited
Run with -LOCAL:      False
Verbosity:            normal

Starting JobDJ...

Keep one job on driver host: False
JobDJ columns:
  C: Number of completed subjobs
  A: Number of active subjobs (e.g., submitted, running)
  W: Number of waiting/pending subjobs

C A W | Activity  JobId  JobName  JobHost
- - - | --------- -----------------------
0 1 1 | launched  ls15-0-5aecea7d SM22_micro001 lsf-cpu
0 2 0 | launched  ls15-0-5aecea81 SM22_micro004 lsf-cpu
1 1 0 | finished  ls15-0-5aecea7d SM22_micro001 lsf-cpu
2 0 0 | finished  ls15-0-5aecea81 SM22_micro004 lsf-cpu

All jobs have completed.

2 of 2 job(s) succeeded; 0 job(s) failed.

Timer (distribute subjobs) : 3426.58 secs (0 hrs, 57 mins, 06 secs)

Setting up QM workflow for (protonated, deprotonated) pair:
(1) (SM22_micro001, SM22_micro004)

Executing Jaguar quantum-mechanical subjobs...

Executing 3 distributed subjobs:
---------------------------------

No more than 8 cpu(s) will be used per subjob.
No more than 10 cpu(s) will be used simultaneously.

Processing the following subjobs:
(1) jaguar run pka_prot.bat -jobname SM22_micro001_conf_1 SM22_micro001_conf_1.in -TPP 4
(2) jaguar run pka_prot.bat -jobname SM22_micro001_conf_2 SM22_micro001_conf_2.in -TPP 3
(3) jaguar run pka_deprot.bat -jobname SM22_micro004_conf SM22_micro004_conf.in -TPP 3

Running subjobs on hosts:
  lsf-cpu (Max: 3)
Number of jobs:       3
Max retries per job:  3
Max allowed failures: unlimited
Run with -LOCAL:      False
Verbosity:            normal

Starting JobDJ...

Keep one job on driver host: False
JobDJ columns:
  C: Number of completed subjobs
  A: Number of active subjobs (e.g., submitted, running)
  W: Number of waiting/pending subjobs

C A W | Activity  JobId  JobName  JobHost
- - - | --------- -----------------------
0 1 2 | launched  ls15-0-5aecf7eb SM22_micro001_conf_1 lsf-cpu
0 2 1 | launched  ls15-0-5aecf7f6 SM22_micro001_conf_2 lsf-cpu
0 3 0 | launched  ls15-0-5aecf7fa SM22_micro004_conf lsf-cpu
1 2 0 | finished  ls15-0-5aecf7eb SM22_micro001_conf_1 lsf-cpu
2 1 0 | finished  ls15-0-5aecf7f6 SM22_micro001_conf_2 lsf-cpu
3 0 0 | finished  ls15-0-5aecf7fa SM22_micro004_conf lsf-cpu

All jobs have completed.

3 of 3 job(s) succeeded; 0 job(s) failed.

Timer (distribute subjobs) : 5398.73 secs (1 hrs, 29 mins, 58 secs)

Processing QM output files...

Executing subprocess:
/data/chodera/schrodinger/schrodinger2017-4-advanced/jaguar results -energy SM22_micro001_conf_1.nrg_h.out

Executing subprocess:
/data/chodera/schrodinger/schrodinger2017-4-advanced/jaguar results -esolv SM22_micro001_conf_1.sol_h.out

Executing subprocess:
/data/chodera/schrodinger/schrodinger2017-4-advanced/jaguar results -energy SM22_micro001_conf_2.nrg_h.out

Executing subprocess:
/data/chodera/schrodinger/schrodinger2017-4-advanced/jaguar results -esolv SM22_micro001_conf_2.sol_h.out

Executing subprocess:
/data/chodera/schrodinger/schrodinger2017-4-advanced/jaguar results -energy SM22_micro004_conf.nrg.out

Executing subprocess:
/data/chodera/schrodinger/schrodinger2017-4-advanced/jaguar results -esolv SM22_micro004_conf.sol.out

Executing subprocess:
/data/chodera/schrodinger/schrodinger2017-4-advanced/jaguar-v9.8/bin/Linux-x86_64/pka -o SM22_micro001_deprot-out.mae -j SM22_micro001.jres -n -d

Executing subprocess:
/data/chodera/schrodinger/schrodinger2017-4-advanced/jaguar-v9.8/bin/Linux-x86_64/pka -o SM22_micro001_prot-out.mae -j SM22_micro001.jres -n

pKa calculation for SM22_micro001 completed.

pKa workflow jag_SM22_micro001_SM22_micro004 completed.

Timer (Jaguar pKa) : 8870.02 secs (2 hrs, 27 mins, 50 secs)
Timer (jaguar_backend.py) : 8870.02 secs (2 hrs, 27 mins, 50 secs)
Finished:   Fri May  4 21:47:06 2018
