Command:    jaguar run pka.py -jobname jag_SM19_micro016_SM19_micro008 -PARALLEL 10 -n -csrch -prot SM19_micro016.in -deprot SM19_micro008.in
Release:    2017-4
Exec:       /data/chodera/schrodinger/schrodinger2017-4-advanced/jaguar-v9.8/bin/Linux-x86_64
Host:       lt16
JobId:      lilac-0-5aecc1e7
JobDir:     /lila/data/chodera/schrodinger/tmpdir/rustenburg/jag_SM19_micro016_SM19_micro008
Date:       Fri May  4 16:53:23 2018

Contents of /lila/data/chodera/schrodinger/tmpdir/rustenburg/jag_SM19_micro016_SM19_micro008:
/lila/data/chodera/schrodinger/tmpdir/rustenburg/jag_SM19_micro016_SM19_micro008/lilac-0-5aecc1e7.hosts
/lila/data/chodera/schrodinger/tmpdir/rustenburg/jag_SM19_micro016_SM19_micro008/jag_SM19_micro016_SM19_micro008.log
/lila/data/chodera/schrodinger/tmpdir/rustenburg/jag_SM19_micro016_SM19_micro008/lilac-0-5aecc1e7.mpinodes
/lila/data/chodera/schrodinger/tmpdir/rustenburg/jag_SM19_micro016_SM19_micro008/lilac-0-5aecc1e7.recover
/lila/data/chodera/schrodinger/tmpdir/rustenburg/jag_SM19_micro016_SM19_micro008/SM19_micro016.in
/lila/data/chodera/schrodinger/tmpdir/rustenburg/jag_SM19_micro016_SM19_micro008/lilac-0-5aecc1e7
/lila/data/chodera/schrodinger/tmpdir/rustenburg/jag_SM19_micro016_SM19_micro008/SM19_micro008.mae
/lila/data/chodera/schrodinger/tmpdir/rustenburg/jag_SM19_micro016_SM19_micro008/SM19_micro016.mae
/lila/data/chodera/schrodinger/tmpdir/rustenburg/jag_SM19_micro016_SM19_micro008/jag_SM19_micro016_SM19_micro008.recover
/lila/data/chodera/schrodinger/tmpdir/rustenburg/jag_SM19_micro016_SM19_micro008/SM19_micro008.in
/lila/data/chodera/schrodinger/tmpdir/rustenburg/jag_SM19_micro016_SM19_micro008/lilac-0-5aecc1e7.nodes
/lila/data/chodera/schrodinger/tmpdir/rustenburg/jag_SM19_micro016_SM19_micro008/lilac-0-5aecc1e7.jlog

=====================
 Jaguar pKa workflow
=====================

Analysing user-provided (prot, deprot) pair:
(SM19_micro016.in, SM19_micro008.in)
Error: more than 1 heavy atom differs by 1 proton in:
SM19_micro016.in
SM19_micro008.in


An error has occurred.  Information about the error has been written to 
/home/rustenburg/.schrodinger/exceptions/error20180504-165323.txt 

Please contact help@schrodinger.com for assistance. Include error20180504-165323.txt and a description of what you were doing when the error occurred.
