Command:    jaguar run pka.py -jobname jag_SM18_micro059_SM18_micro025 -PARALLEL 10 -WAIT -n -csrch -prot SM18_micro059.in -deprot SM18_micro025.in
Release:    2017-4
Exec:       /data/chodera/schrodinger/schrodinger2017-4-advanced/jaguar-v9.8/bin/Linux-x86_64
Host:       ls11
JobId:      ls11-2-5af456d4
JobDir:     /lila/data/chodera/schrodinger/tmpdir/rustenburg/jag_SM18_micro059_SM18_micro025.1
Date:       Thu May 10 10:27:34 2018

Contents of /lila/data/chodera/schrodinger/tmpdir/rustenburg/jag_SM18_micro059_SM18_micro025.1:
/lila/data/chodera/schrodinger/tmpdir/rustenburg/jag_SM18_micro059_SM18_micro025.1/jag_SM18_micro059_SM18_micro025.recover
/lila/data/chodera/schrodinger/tmpdir/rustenburg/jag_SM18_micro059_SM18_micro025.1/ls11-2-5af456d4
/lila/data/chodera/schrodinger/tmpdir/rustenburg/jag_SM18_micro059_SM18_micro025.1/SM18_micro025.in
/lila/data/chodera/schrodinger/tmpdir/rustenburg/jag_SM18_micro059_SM18_micro025.1/jag_SM18_micro059_SM18_micro025.log
/lila/data/chodera/schrodinger/tmpdir/rustenburg/jag_SM18_micro059_SM18_micro025.1/SM18_micro059.in
/lila/data/chodera/schrodinger/tmpdir/rustenburg/jag_SM18_micro059_SM18_micro025.1/SM18_micro059.mae
/lila/data/chodera/schrodinger/tmpdir/rustenburg/jag_SM18_micro059_SM18_micro025.1/ls11-2-5af456d4.mpinodes
/lila/data/chodera/schrodinger/tmpdir/rustenburg/jag_SM18_micro059_SM18_micro025.1/SM18_micro025.mae
/lila/data/chodera/schrodinger/tmpdir/rustenburg/jag_SM18_micro059_SM18_micro025.1/ls11-2-5af456d4.recover

=====================
 Jaguar pKa workflow
=====================

Analysing user-provided (prot, deprot) pair:
(SM18_micro059.in, SM18_micro025.in)
Found labile hydrogen 47 in SM18_micro059.in
Found labile hydrogen at atom 15 in SM18_micro025.in
Adding 'ipkat' keyword to input files.

Identifying pKa functional group for pair:
(SM18_micro059, SM18_micro025)

Executing subprocess:
/data/chodera/schrodinger/schrodinger2017-4-advanced/jaguar-v9.8/bin/Linux-x86_64/pka -i -j SM18_micro059.tmp.jres -n

Taking protonated structures from:
SM18_micro059.mae
Taking deprotonated structures from:
SM18_micro025.mae

This molecule from 'SM18_micro059.mae' in water was recognized as:

 # 	            Shell             
---	------------------------------
1: 	Protonation of generic atom   
2: 	Protonation of sp2-like oxygen


Executing conformational search...

Executing 2 distributed subjobs:
---------------------------------

No more than 8 cpu(s) will be used per subjob.
No more than 10 cpu(s) will be used simultaneously.

Processing the following subjobs:
(1) jaguar run csrch.py SM18_micro059.mae -jobname SM18_micro059 -max_conf 5 -erg_window 50.208 -acc_level 1 -TPP 5
(2) jaguar run csrch.py SM18_micro025.mae -jobname SM18_micro025 -max_conf 5 -erg_window 50.208 -acc_level 1 -TPP 5

Running subjobs on hosts:
  localhost (Max: 2)
Number of jobs:       2
Max retries per job:  3
Max allowed failures: unlimited
Run with -LOCAL:      False
Verbosity:            normal

Starting JobDJ...

Keep one job on driver host: False
JobDJ columns:
  C: Number of completed subjobs
  A: Number of active subjobs (e.g., submitted, running)
  W: Number of waiting/pending subjobs

C A W | Activity  JobId  JobName  JobHost
- - - | --------- -----------------------
0 1 1 | launched  ls11-2-5af456dc SM18_micro059 localhost [ls11]
0 2 0 | launched  ls11-2-5af456df SM18_micro025 localhost [ls11]
1 1 0 | finished  ls11-2-5af456dc SM18_micro059 localhost [ls11]
2 0 0 | finished  ls11-2-5af456df SM18_micro025 localhost [ls11]

All jobs have completed.

2 of 2 job(s) succeeded; 0 job(s) failed.

Timer (distribute subjobs) : 1754.39 secs (0 hrs, 29 mins, 14 secs)

Setting up QM workflow for (protonated, deprotonated) pair:
(1) (SM18_micro059, SM18_micro025)

Executing Jaguar quantum-mechanical subjobs...

Executing 10 distributed subjobs:
----------------------------------

No more than 8 cpu(s) will be used per subjob.
No more than 10 cpu(s) will be used simultaneously.

Processing the following subjobs:
(1) jaguar run pka_prot.bat -jobname SM18_micro059_conf_1 SM18_micro059_conf_1.in
(2) jaguar run pka_prot.bat -jobname SM18_micro059_conf_2 SM18_micro059_conf_2.in
(3) jaguar run pka_prot.bat -jobname SM18_micro059_conf_3 SM18_micro059_conf_3.in
(4) jaguar run pka_prot.bat -jobname SM18_micro059_conf_4 SM18_micro059_conf_4.in
(5) jaguar run pka_prot.bat -jobname SM18_micro059_conf_5 SM18_micro059_conf_5.in
(6) jaguar run pka_deprot.bat -jobname SM18_micro025_conf_1 SM18_micro025_conf_1.in
(7) jaguar run pka_deprot.bat -jobname SM18_micro025_conf_2 SM18_micro025_conf_2.in
(8) jaguar run pka_deprot.bat -jobname SM18_micro025_conf_3 SM18_micro025_conf_3.in
(9) jaguar run pka_deprot.bat -jobname SM18_micro025_conf_4 SM18_micro025_conf_4.in
(10) jaguar run pka_deprot.bat -jobname SM18_micro025_conf_5 SM18_micro025_conf_5.in

Running subjobs on hosts:
  localhost (Max: 10)
Number of jobs:       10
Max retries per job:  3
Max allowed failures: unlimited
Run with -LOCAL:      False
Verbosity:            normal

Starting JobDJ...

Keep one job on driver host: False
JobDJ columns:
  C: Number of completed subjobs
  A: Number of active subjobs (e.g., submitted, running)
  W: Number of waiting/pending subjobs

 C  A  W | Activity  JobId  JobName  JobHost
-- -- -- | --------- -----------------------
 0  1  9 | launched  ls11-0-5af45dcd SM18_micro059_conf_1 localhost [ls11]
 0  2  8 | launched  ls11-0-5af45dd4 SM18_micro059_conf_2 localhost [ls11]
 0  3  7 | launched  ls11-0-5af45dd6 SM18_micro059_conf_3 localhost [ls11]
 0  4  6 | launched  ls11-1-5af45dd8 SM18_micro059_conf_4 localhost [ls11]
 0  5  5 | launched  ls11-1-5af45dda SM18_micro059_conf_5 localhost [ls11]
 0  6  4 | launched  ls11-0-5af45ddd SM18_micro025_conf_1 localhost [ls11]
 0  7  3 | launched  ls11-0-5af45ddf SM18_micro025_conf_2 localhost [ls11]
 0  8  2 | launched  ls11-1-5af45de1 SM18_micro025_conf_3 localhost [ls11]
 0  9  1 | launched  ls11-0-5af45de4 SM18_micro025_conf_4 localhost [ls11]
 0 10  0 | launched  ls11-1-5af45de6 SM18_micro025_conf_5 localhost [ls11]
 1  9  0 | finished  ls11-1-5af45de6 SM18_micro025_conf_5 localhost [ls11]
 2  8  0 | finished  ls11-0-5af45dd4 SM18_micro059_conf_2 localhost [ls11]
 3  7  0 | finished  ls11-0-5af45ddf SM18_micro025_conf_2 localhost [ls11]
 4  6  0 | finished  ls11-1-5af45dd8 SM18_micro059_conf_4 localhost [ls11]
 5  5  0 | finished  ls11-0-5af45ddd SM18_micro025_conf_1 localhost [ls11]
 6  4  0 | finished  ls11-1-5af45dda SM18_micro059_conf_5 localhost [ls11]
 7  3  0 | finished  ls11-1-5af45de1 SM18_micro025_conf_3 localhost [ls11]
 8  2  0 | finished  ls11-0-5af45dcd SM18_micro059_conf_1 localhost [ls11]
 9  1  0 | finished  ls11-0-5af45de4 SM18_micro025_conf_4 localhost [ls11]
10  0  0 | finished  ls11-0-5af45dd6 SM18_micro059_conf_3 localhost [ls11]

All jobs have completed.

10 of 10 job(s) succeeded; 0 job(s) failed.

Timer (distribute subjobs) : 27918.81 secs (7 hrs, 45 mins, 18 secs)

Processing QM output files...

Executing subprocess:
/data/chodera/schrodinger/schrodinger2017-4-advanced/jaguar results -energy SM18_micro059_conf_1.nrg_h.out

Executing subprocess:
/data/chodera/schrodinger/schrodinger2017-4-advanced/jaguar results -esolv SM18_micro059_conf_1.sol_h.out

Executing subprocess:
/data/chodera/schrodinger/schrodinger2017-4-advanced/jaguar results -energy SM18_micro059_conf_2.nrg_h.out

Executing subprocess:
/data/chodera/schrodinger/schrodinger2017-4-advanced/jaguar results -esolv SM18_micro059_conf_2.sol_h.out

Executing subprocess:
/data/chodera/schrodinger/schrodinger2017-4-advanced/jaguar results -energy SM18_micro059_conf_3.nrg_h.out

Executing subprocess:
/data/chodera/schrodinger/schrodinger2017-4-advanced/jaguar results -esolv SM18_micro059_conf_3.sol_h.out

Executing subprocess:
/data/chodera/schrodinger/schrodinger2017-4-advanced/jaguar results -energy SM18_micro059_conf_4.nrg_h.out

Executing subprocess:
/data/chodera/schrodinger/schrodinger2017-4-advanced/jaguar results -esolv SM18_micro059_conf_4.sol_h.out

Executing subprocess:
/data/chodera/schrodinger/schrodinger2017-4-advanced/jaguar results -energy SM18_micro059_conf_5.nrg_h.out

Executing subprocess:
/data/chodera/schrodinger/schrodinger2017-4-advanced/jaguar results -esolv SM18_micro059_conf_5.sol_h.out

Executing subprocess:
/data/chodera/schrodinger/schrodinger2017-4-advanced/jaguar results -energy SM18_micro025_conf_1.nrg.out

Executing subprocess:
/data/chodera/schrodinger/schrodinger2017-4-advanced/jaguar results -esolv SM18_micro025_conf_1.sol.out

Executing subprocess:
/data/chodera/schrodinger/schrodinger2017-4-advanced/jaguar results -energy SM18_micro025_conf_2.nrg.out

Executing subprocess:
/data/chodera/schrodinger/schrodinger2017-4-advanced/jaguar results -esolv SM18_micro025_conf_2.sol.out

Executing subprocess:
/data/chodera/schrodinger/schrodinger2017-4-advanced/jaguar results -energy SM18_micro025_conf_3.nrg.out

Executing subprocess:
/data/chodera/schrodinger/schrodinger2017-4-advanced/jaguar results -esolv SM18_micro025_conf_3.sol.out

Executing subprocess:
/data/chodera/schrodinger/schrodinger2017-4-advanced/jaguar results -energy SM18_micro025_conf_4.nrg.out

Executing subprocess:
/data/chodera/schrodinger/schrodinger2017-4-advanced/jaguar results -esolv SM18_micro025_conf_4.sol.out

Executing subprocess:
/data/chodera/schrodinger/schrodinger2017-4-advanced/jaguar results -energy SM18_micro025_conf_5.nrg.out

Executing subprocess:
/data/chodera/schrodinger/schrodinger2017-4-advanced/jaguar results -esolv SM18_micro025_conf_5.sol.out

Executing subprocess:
/data/chodera/schrodinger/schrodinger2017-4-advanced/jaguar-v9.8/bin/Linux-x86_64/pka -o SM18_micro059_deprot-out.mae -j SM18_micro059.jres -n -d

Executing subprocess:
/data/chodera/schrodinger/schrodinger2017-4-advanced/jaguar-v9.8/bin/Linux-x86_64/pka -o SM18_micro059_prot-out.mae -j SM18_micro059.jres -n

pKa calculation for SM18_micro059 completed.

pKa workflow jag_SM18_micro059_SM18_micro025 completed.

Timer (Jaguar pKa) : 29753.62 secs (8 hrs, 15 mins, 53 secs)
Timer (jaguar_backend.py) : 29753.62 secs (8 hrs, 15 mins, 53 secs)
Finished:   Thu May 10 18:43:28 2018
