Taking protonated structures from:
SM24_micro017_conf_1.dft_h.01.mae
SM24_micro017_conf_2.dft_h.01.mae
SM24_micro017_conf_3.dft_h.01.mae
SM24_micro017_conf_4.dft_h.01.mae
SM24_micro017_conf_5.dft_h.01.mae
Taking deprotonated structures from:
SM24_micro009_conf_1.dft.01.mae
SM24_micro009_conf_2.dft.01.mae
SM24_micro009_conf_3.dft.01.mae
SM24_micro009_conf_4.dft.01.mae
SM24_micro009_conf_5.dft.01.mae

Corrected results for 'protonated' structure in water:
pKa atom: 51

 # 	            Shell             	 pKa 	RMSD	 Contribution
---	------------------------------	-----	-----	--------------
1: 	alcohol                       	 5.96	0.231	    96.64%
2: 	Protonation of generic atom   	-4.63	2.264	     1.14%
3: 	Protonation of sp2-like oxygen	-3.24	2.568	     2.22%

 Final weighted pKa value is 5.64



