Taking protonated structures from:
SM23_micro046_conf_1.dft_h.01.mae
SM23_micro046_conf_2.dft_h.01.mae
SM23_micro046_conf_3.dft_h.01.mae
SM23_micro046_conf_4.dft_h.01.mae
SM23_micro046_conf_5.dft_h.01.mae
Taking deprotonated structures from:
SM23_micro038_conf_1.dft.01.mae
SM23_micro038_conf_2.dft.01.mae
SM23_micro038_conf_3.dft.01.mae
SM23_micro038_conf_4.dft.01.mae
SM23_micro038_conf_5.dft.01.mae

Corrected results for 'protonated' structure in water:
pKa atom: 54

 # 	                  Shell                   	 pKa 	RMSD	 Contribution
---	------------------------------------------	-----	-----	--------------
1: 	secondary aniline                         	-21.37	0.275	    97.35%
2: 	Protonation of sp3-like aliphatic nitrogen	-18.72	1.715	     2.37%
3: 	Protonation of generic atom               	-17.93	2.264	     0.28%

 Final weighted pKa value is -21.30



