Command:    jaguar run pka.py -jobname jag_SM10_micro031_SM10_micro021 -PARALLEL 10 -n -csrch -prot SM10_micro031.in -deprot SM10_micro021.in
Release:    2017-4
Exec:       /data/chodera/schrodinger/schrodinger2017-4-advanced/jaguar-v9.8/bin/Linux-x86_64
Host:       lt14
JobId:      lilac-0-5aec820c
JobDir:     /lila/data/chodera/schrodinger/tmpdir/rustenburg/jag_SM10_micro031_SM10_micro021
Date:       Fri May  4 12:07:12 2018

Contents of /lila/data/chodera/schrodinger/tmpdir/rustenburg/jag_SM10_micro031_SM10_micro021:
/lila/data/chodera/schrodinger/tmpdir/rustenburg/jag_SM10_micro031_SM10_micro021/lilac-0-5aec820c.recover
/lila/data/chodera/schrodinger/tmpdir/rustenburg/jag_SM10_micro031_SM10_micro021/lilac-0-5aec820c.nodes
/lila/data/chodera/schrodinger/tmpdir/rustenburg/jag_SM10_micro031_SM10_micro021/SM10_micro031.in
/lila/data/chodera/schrodinger/tmpdir/rustenburg/jag_SM10_micro031_SM10_micro021/jag_SM10_micro031_SM10_micro021.recover
/lila/data/chodera/schrodinger/tmpdir/rustenburg/jag_SM10_micro031_SM10_micro021/SM10_micro031.mae
/lila/data/chodera/schrodinger/tmpdir/rustenburg/jag_SM10_micro031_SM10_micro021/lilac-0-5aec820c
/lila/data/chodera/schrodinger/tmpdir/rustenburg/jag_SM10_micro031_SM10_micro021/jag_SM10_micro031_SM10_micro021.log
/lila/data/chodera/schrodinger/tmpdir/rustenburg/jag_SM10_micro031_SM10_micro021/SM10_micro021.in
/lila/data/chodera/schrodinger/tmpdir/rustenburg/jag_SM10_micro031_SM10_micro021/lilac-0-5aec820c.mpinodes
/lila/data/chodera/schrodinger/tmpdir/rustenburg/jag_SM10_micro031_SM10_micro021/lilac-0-5aec820c.jlog
/lila/data/chodera/schrodinger/tmpdir/rustenburg/jag_SM10_micro031_SM10_micro021/lilac-0-5aec820c.hosts
/lila/data/chodera/schrodinger/tmpdir/rustenburg/jag_SM10_micro031_SM10_micro021/SM10_micro021.mae

=====================
 Jaguar pKa workflow
=====================

Analysing user-provided (prot, deprot) pair:
(SM10_micro031.in, SM10_micro021.in)
Found labile hydrogen 29 in SM10_micro031.in
Found labile hydrogen at atom 9 in SM10_micro021.in
Adding 'ipkat' keyword to input files.

Identifying pKa functional group for pair:
(SM10_micro031, SM10_micro021)

Executing subprocess:
/data/chodera/schrodinger/schrodinger2017-4-advanced/jaguar-v9.8/bin/Linux-x86_64/pka -i -j SM10_micro031.tmp.jres -n

Taking protonated structures from:
SM10_micro031.mae
Taking deprotonated structures from:
SM10_micro021.mae

This molecule from 'SM10_micro031.mae' in water was recognized as:

 # 	                  Shell                   
---	------------------------------------------
1: 	amide as acid                             
2: 	Protonation of sp2-like aliphatic nitrogen
3: 	Protonation of generic atom               


Executing conformational search...

Executing 2 distributed subjobs:
---------------------------------

No more than 8 cpu(s) will be used per subjob.
No more than 10 cpu(s) will be used simultaneously.

Processing the following subjobs:
(1) jaguar run csrch.py SM10_micro031.mae -jobname SM10_micro031 -max_conf 5 -erg_window 50.208 -acc_level 1 -TPP 5
(2) jaguar run csrch.py SM10_micro021.mae -jobname SM10_micro021 -max_conf 5 -erg_window 50.208 -acc_level 1 -TPP 5

Running subjobs on hosts:
  lsf-cpu (Max: 2)
Number of jobs:       2
Max retries per job:  3
Max allowed failures: unlimited
Run with -LOCAL:      False
Verbosity:            normal

Starting JobDJ...

Keep one job on driver host: False
JobDJ columns:
  C: Number of completed subjobs
  A: Number of active subjobs (e.g., submitted, running)
  W: Number of waiting/pending subjobs

C A W | Activity  JobId  JobName  JobHost
- - - | --------- -----------------------
0 1 1 | launched  lt14-0-5aec8536 SM10_micro031 lsf-cpu
0 2 0 | launched  lt14-0-5aec853a SM10_micro021 lsf-cpu
1 1 0 | finished  lt14-0-5aec8536 SM10_micro031 lsf-cpu [ls07]
2 0 0 | finished  lt14-0-5aec853a SM10_micro021 lsf-cpu [ls07]

All jobs have completed.

2 of 2 job(s) succeeded; 0 job(s) failed.

Timer (distribute subjobs) : 1857.68 secs (0 hrs, 30 mins, 57 secs)

Setting up QM workflow for (protonated, deprotonated) pair:
(1) (SM10_micro031, SM10_micro021)

Executing Jaguar quantum-mechanical subjobs...

Executing 10 distributed subjobs:
----------------------------------

No more than 8 cpu(s) will be used per subjob.
No more than 10 cpu(s) will be used simultaneously.

Processing the following subjobs:
(1) jaguar run pka_prot.bat -jobname SM10_micro031_conf_1 SM10_micro031_conf_1.in
(2) jaguar run pka_prot.bat -jobname SM10_micro031_conf_2 SM10_micro031_conf_2.in
(3) jaguar run pka_prot.bat -jobname SM10_micro031_conf_3 SM10_micro031_conf_3.in
(4) jaguar run pka_prot.bat -jobname SM10_micro031_conf_4 SM10_micro031_conf_4.in
(5) jaguar run pka_prot.bat -jobname SM10_micro031_conf_5 SM10_micro031_conf_5.in
(6) jaguar run pka_deprot.bat -jobname SM10_micro021_conf_1 SM10_micro021_conf_1.in
(7) jaguar run pka_deprot.bat -jobname SM10_micro021_conf_2 SM10_micro021_conf_2.in
(8) jaguar run pka_deprot.bat -jobname SM10_micro021_conf_3 SM10_micro021_conf_3.in
(9) jaguar run pka_deprot.bat -jobname SM10_micro021_conf_4 SM10_micro021_conf_4.in
(10) jaguar run pka_deprot.bat -jobname SM10_micro021_conf_5 SM10_micro021_conf_5.in

Running subjobs on hosts:
  lsf-cpu (Max: 10)
Number of jobs:       10
Max retries per job:  3
Max allowed failures: unlimited
Run with -LOCAL:      False
Verbosity:            normal

Starting JobDJ...

Keep one job on driver host: True
JobDJ columns:
  C: Number of completed subjobs
  A: Number of active subjobs (e.g., submitted, running)
  W: Number of waiting/pending subjobs

 C  A  W | Activity  JobId  JobName  JobHost
-- -- -- | --------- -----------------------
 0  1  9 | launched  lt14-1-5aec8c78 SM10_micro031_conf_1 localhost [lt14]
 0  2  8 | launched  lt14-0-5aec8c7b SM10_micro031_conf_2 lsf-cpu
 0  3  7 | launched  lt14-0-5aec8c7f SM10_micro031_conf_3 lsf-cpu
 0  4  6 | launched  lt14-0-5aec8c84 SM10_micro031_conf_4 lsf-cpu
 0  5  5 | launched  lt14-0-5aec8c88 SM10_micro031_conf_5 lsf-cpu
 0  6  4 | launched  lt14-0-5aec8c8c SM10_micro021_conf_1 lsf-cpu
 0  7  3 | launched  lt14-0-5aec8c90 SM10_micro021_conf_2 lsf-cpu
 0  8  2 | launched  lt14-0-5aec8c94 SM10_micro021_conf_3 lsf-cpu
 0  9  1 | launched  lt14-0-5aec8c9a SM10_micro021_conf_4 lsf-cpu
 0 10  0 | launched  lt14-0-5aec8c9d SM10_micro021_conf_5 lsf-cpu
 1  9  0 | finished  lt14-1-5aec8c78 SM10_micro031_conf_1 localhost [lt14]
 2  8  0 | finished  lt14-0-5aec8c94 SM10_micro021_conf_3 lsf-cpu [ls11]
 3  7  0 | finished  lt14-0-5aec8c9a SM10_micro021_conf_4 lsf-cpu [lt02]
 4  6  0 | finished  lt14-0-5aec8c9d SM10_micro021_conf_5 lsf-cpu [lt02]
 5  5  0 | finished  lt14-0-5aec8c7b SM10_micro031_conf_2 lsf-cpu [lt02]
 6  4  0 | finished  lt14-0-5aec8c8c SM10_micro021_conf_1 lsf-cpu [ls10]
 7  3  0 | finished  lt14-0-5aec8c7f SM10_micro031_conf_3 lsf-cpu [lt21]
 8  2  0 | finished  lt14-0-5aec8c90 SM10_micro021_conf_2 lsf-cpu [ls10]
 9  1  0 | finished  lt14-0-5aec8c88 SM10_micro031_conf_5 lsf-cpu [lt12]
10  0  0 | finished  lt14-0-5aec8c84 SM10_micro031_conf_4 lsf-cpu [lt12]

All jobs have completed.

10 of 10 job(s) succeeded; 0 job(s) failed.

Timer (distribute subjobs) : 7123.90 secs (1 hrs, 58 mins, 43 secs)

Processing QM output files...

Executing subprocess:
/data/chodera/schrodinger/schrodinger2017-4-advanced/jaguar results -energy SM10_micro031_conf_1.nrg_h.out

Executing subprocess:
/data/chodera/schrodinger/schrodinger2017-4-advanced/jaguar results -esolv SM10_micro031_conf_1.sol_h.out

Executing subprocess:
/data/chodera/schrodinger/schrodinger2017-4-advanced/jaguar results -energy SM10_micro031_conf_2.nrg_h.out

Executing subprocess:
/data/chodera/schrodinger/schrodinger2017-4-advanced/jaguar results -esolv SM10_micro031_conf_2.sol_h.out

Executing subprocess:
/data/chodera/schrodinger/schrodinger2017-4-advanced/jaguar results -energy SM10_micro031_conf_3.nrg_h.out

Executing subprocess:
/data/chodera/schrodinger/schrodinger2017-4-advanced/jaguar results -esolv SM10_micro031_conf_3.sol_h.out

Executing subprocess:
/data/chodera/schrodinger/schrodinger2017-4-advanced/jaguar results -energy SM10_micro031_conf_4.nrg_h.out

Executing subprocess:
/data/chodera/schrodinger/schrodinger2017-4-advanced/jaguar results -esolv SM10_micro031_conf_4.sol_h.out

Executing subprocess:
/data/chodera/schrodinger/schrodinger2017-4-advanced/jaguar results -energy SM10_micro031_conf_5.nrg_h.out

Executing subprocess:
/data/chodera/schrodinger/schrodinger2017-4-advanced/jaguar results -esolv SM10_micro031_conf_5.sol_h.out

Executing subprocess:
/data/chodera/schrodinger/schrodinger2017-4-advanced/jaguar results -energy SM10_micro021_conf_1.nrg.out

Executing subprocess:
/data/chodera/schrodinger/schrodinger2017-4-advanced/jaguar results -esolv SM10_micro021_conf_1.sol.out

Executing subprocess:
/data/chodera/schrodinger/schrodinger2017-4-advanced/jaguar results -energy SM10_micro021_conf_2.nrg.out

Executing subprocess:
/data/chodera/schrodinger/schrodinger2017-4-advanced/jaguar results -esolv SM10_micro021_conf_2.sol.out

Executing subprocess:
/data/chodera/schrodinger/schrodinger2017-4-advanced/jaguar results -energy SM10_micro021_conf_3.nrg.out

Executing subprocess:
/data/chodera/schrodinger/schrodinger2017-4-advanced/jaguar results -esolv SM10_micro021_conf_3.sol.out

Executing subprocess:
/data/chodera/schrodinger/schrodinger2017-4-advanced/jaguar results -energy SM10_micro021_conf_4.nrg.out

Executing subprocess:
/data/chodera/schrodinger/schrodinger2017-4-advanced/jaguar results -esolv SM10_micro021_conf_4.sol.out

Executing subprocess:
/data/chodera/schrodinger/schrodinger2017-4-advanced/jaguar results -energy SM10_micro021_conf_5.nrg.out

Executing subprocess:
/data/chodera/schrodinger/schrodinger2017-4-advanced/jaguar results -esolv SM10_micro021_conf_5.sol.out

Executing subprocess:
/data/chodera/schrodinger/schrodinger2017-4-advanced/jaguar-v9.8/bin/Linux-x86_64/pka -o SM10_micro031_deprot-out.mae -j SM10_micro031.jres -n -d

Executing subprocess:
/data/chodera/schrodinger/schrodinger2017-4-advanced/jaguar-v9.8/bin/Linux-x86_64/pka -o SM10_micro031_prot-out.mae -j SM10_micro031.jres -n

pKa calculation for SM10_micro031 completed.

pKa workflow jag_SM10_micro031_SM10_micro021 completed.

Timer (Jaguar pKa) : 9111.38 secs (2 hrs, 31 mins, 51 secs)
Timer (jaguar_backend.py) : 9111.38 secs (2 hrs, 31 mins, 51 secs)
Finished:   Fri May  4 14:39:03 2018
