Command:    jaguar run pka.py -jobname jag_SM02_micro014_SM02_micro013 -PARALLEL 10 -n -csrch -prot SM02_micro014.in -deprot SM02_micro013.in
Release:    2017-4
Exec:       /data/chodera/schrodinger/schrodinger2017-4-advanced/jaguar-v9.8/bin/Linux-x86_64
Host:       ls01
JobId:      lilac-0-5aec676f
JobDir:     /lila/data/chodera/schrodinger/tmpdir/rustenburg/jag_SM02_micro014_SM02_micro013
Date:       Fri May  4 10:00:19 2018

Contents of /lila/data/chodera/schrodinger/tmpdir/rustenburg/jag_SM02_micro014_SM02_micro013:
/lila/data/chodera/schrodinger/tmpdir/rustenburg/jag_SM02_micro014_SM02_micro013/lilac-0-5aec676f.hosts
/lila/data/chodera/schrodinger/tmpdir/rustenburg/jag_SM02_micro014_SM02_micro013/SM02_micro014.mae
/lila/data/chodera/schrodinger/tmpdir/rustenburg/jag_SM02_micro014_SM02_micro013/lilac-0-5aec676f.recover
/lila/data/chodera/schrodinger/tmpdir/rustenburg/jag_SM02_micro014_SM02_micro013/SM02_micro013.in
/lila/data/chodera/schrodinger/tmpdir/rustenburg/jag_SM02_micro014_SM02_micro013/lilac-0-5aec676f.nodes
/lila/data/chodera/schrodinger/tmpdir/rustenburg/jag_SM02_micro014_SM02_micro013/SM02_micro013.mae
/lila/data/chodera/schrodinger/tmpdir/rustenburg/jag_SM02_micro014_SM02_micro013/lilac-0-5aec676f.jlog
/lila/data/chodera/schrodinger/tmpdir/rustenburg/jag_SM02_micro014_SM02_micro013/jag_SM02_micro014_SM02_micro013.log
/lila/data/chodera/schrodinger/tmpdir/rustenburg/jag_SM02_micro014_SM02_micro013/lilac-0-5aec676f.mpinodes
/lila/data/chodera/schrodinger/tmpdir/rustenburg/jag_SM02_micro014_SM02_micro013/lilac-0-5aec676f
/lila/data/chodera/schrodinger/tmpdir/rustenburg/jag_SM02_micro014_SM02_micro013/SM02_micro014.in
/lila/data/chodera/schrodinger/tmpdir/rustenburg/jag_SM02_micro014_SM02_micro013/jag_SM02_micro014_SM02_micro013.recover

=====================
 Jaguar pKa workflow
=====================

Analysing user-provided (prot, deprot) pair:
(SM02_micro014.in, SM02_micro013.in)
Found labile hydrogen 23 in SM02_micro014.in
Found labile hydrogen at atom 10 in SM02_micro013.in
Adding 'ipkat' keyword to input files.

Identifying pKa functional group for pair:
(SM02_micro014, SM02_micro013)

Executing subprocess:
/data/chodera/schrodinger/schrodinger2017-4-advanced/jaguar-v9.8/bin/Linux-x86_64/pka -i -j SM02_micro014.tmp.jres -n

Taking protonated structures from:
SM02_micro014.mae
Taking deprotonated structures from:
SM02_micro013.mae

This molecule from 'SM02_micro014.mae' in water was recognized as:

 # 	           Shell           
---	---------------------------
1: 	Protonation of generic atom


Executing conformational search...

Executing 2 distributed subjobs:
---------------------------------

No more than 8 cpu(s) will be used per subjob.
No more than 10 cpu(s) will be used simultaneously.

Processing the following subjobs:
(1) jaguar run csrch.py SM02_micro014.mae -jobname SM02_micro014 -max_conf 5 -erg_window 50.208 -acc_level 1 -TPP 5
(2) jaguar run csrch.py SM02_micro013.mae -jobname SM02_micro013 -max_conf 5 -erg_window 50.208 -acc_level 1 -TPP 5

Running subjobs on hosts:
  lsf-cpu (Max: 2)
Number of jobs:       2
Max retries per job:  3
Max allowed failures: unlimited
Run with -LOCAL:      False
Verbosity:            normal

Starting JobDJ...

Keep one job on driver host: False
JobDJ columns:
  C: Number of completed subjobs
  A: Number of active subjobs (e.g., submitted, running)
  W: Number of waiting/pending subjobs

C A W | Activity  JobId  JobName  JobHost
- - - | --------- -----------------------
0 1 1 | launched  ls01-0-5aec6778 SM02_micro014 lsf-cpu
0 2 0 | launched  ls01-0-5aec677a SM02_micro013 lsf-cpu
1 1 0 | finished  ls01-0-5aec677a SM02_micro013 lsf-cpu
2 0 0 | finished  ls01-0-5aec6778 SM02_micro014 lsf-cpu

All jobs have completed.

2 of 2 job(s) succeeded; 0 job(s) failed.

Timer (distribute subjobs) : 552.86 secs (0 hrs, 09 mins, 12 secs)

Setting up QM workflow for (protonated, deprotonated) pair:
(1) (SM02_micro014, SM02_micro013)

Executing Jaguar quantum-mechanical subjobs...

Executing 10 distributed subjobs:
----------------------------------

No more than 8 cpu(s) will be used per subjob.
No more than 10 cpu(s) will be used simultaneously.

Processing the following subjobs:
(1) jaguar run pka_prot.bat -jobname SM02_micro014_conf_1 SM02_micro014_conf_1.in
(2) jaguar run pka_prot.bat -jobname SM02_micro014_conf_2 SM02_micro014_conf_2.in
(3) jaguar run pka_prot.bat -jobname SM02_micro014_conf_3 SM02_micro014_conf_3.in
(4) jaguar run pka_prot.bat -jobname SM02_micro014_conf_4 SM02_micro014_conf_4.in
(5) jaguar run pka_prot.bat -jobname SM02_micro014_conf_5 SM02_micro014_conf_5.in
(6) jaguar run pka_deprot.bat -jobname SM02_micro013_conf_1 SM02_micro013_conf_1.in
(7) jaguar run pka_deprot.bat -jobname SM02_micro013_conf_2 SM02_micro013_conf_2.in
(8) jaguar run pka_deprot.bat -jobname SM02_micro013_conf_3 SM02_micro013_conf_3.in
(9) jaguar run pka_deprot.bat -jobname SM02_micro013_conf_4 SM02_micro013_conf_4.in
(10) jaguar run pka_deprot.bat -jobname SM02_micro013_conf_5 SM02_micro013_conf_5.in

Running subjobs on hosts:
  lsf-cpu (Max: 10)
Number of jobs:       10
Max retries per job:  3
Max allowed failures: unlimited
Run with -LOCAL:      False
Verbosity:            normal

Starting JobDJ...

Keep one job on driver host: True
JobDJ columns:
  C: Number of completed subjobs
  A: Number of active subjobs (e.g., submitted, running)
  W: Number of waiting/pending subjobs

 C  A  W | Activity  JobId  JobName  JobHost
-- -- -- | --------- -----------------------
 0  1  9 | launched  ls01-1-5aec69a1 SM02_micro014_conf_1 localhost [ls01]
 0  2  8 | launched  ls01-0-5aec69a4 SM02_micro014_conf_2 lsf-cpu
 0  3  7 | launched  ls01-0-5aec69a7 SM02_micro014_conf_3 lsf-cpu
 0  4  6 | launched  ls01-0-5aec69aa SM02_micro014_conf_4 lsf-cpu
 0  5  5 | launched  ls01-0-5aec69ad SM02_micro014_conf_5 lsf-cpu
 0  6  4 | launched  ls01-0-5aec69b1 SM02_micro013_conf_1 lsf-cpu
 0  7  3 | launched  ls01-0-5aec69b4 SM02_micro013_conf_2 lsf-cpu
 0  8  2 | launched  ls01-0-5aec69b8 SM02_micro013_conf_3 lsf-cpu
 0  9  1 | launched  ls01-0-5aec69bb SM02_micro013_conf_4 lsf-cpu
 0 10  0 | launched  ls01-0-5aec69bf SM02_micro013_conf_5 lsf-cpu
 1  9  0 | finished  ls01-1-5aec69a1 SM02_micro014_conf_1 localhost [ls01]
 2  8  0 | finished  ls01-0-5aec69bf SM02_micro013_conf_5 lsf-cpu [ls10]
 3  7  0 | finished  ls01-0-5aec69bb SM02_micro013_conf_4 lsf-cpu [ls02]
 4  6  0 | finished  ls01-0-5aec69b1 SM02_micro013_conf_1 lsf-cpu [ls12]
 5  5  0 | finished  ls01-0-5aec69aa SM02_micro014_conf_4 lsf-cpu [ls17]
 6  4  0 | finished  ls01-0-5aec69a7 SM02_micro014_conf_3 lsf-cpu [ls17]
 7  3  0 | finished  ls01-0-5aec69b4 SM02_micro013_conf_2 lsf-cpu [ls12]
 8  2  0 | finished  ls01-0-5aec69a4 SM02_micro014_conf_2 lsf-cpu [ls17]
 9  1  0 | finished  ls01-0-5aec69ad SM02_micro014_conf_5 lsf-cpu [ls17]
10  0  0 | finished  ls01-0-5aec69b8 SM02_micro013_conf_3 lsf-cpu [ls12]

All jobs have completed.

10 of 10 job(s) succeeded; 0 job(s) failed.

Timer (distribute subjobs) : 4050.75 secs (1 hrs, 07 mins, 30 secs)

Processing QM output files...

Executing subprocess:
/data/chodera/schrodinger/schrodinger2017-4-advanced/jaguar results -energy SM02_micro014_conf_1.nrg_h.out

Executing subprocess:
/data/chodera/schrodinger/schrodinger2017-4-advanced/jaguar results -esolv SM02_micro014_conf_1.sol_h.out

Executing subprocess:
/data/chodera/schrodinger/schrodinger2017-4-advanced/jaguar results -energy SM02_micro014_conf_2.nrg_h.out

Executing subprocess:
/data/chodera/schrodinger/schrodinger2017-4-advanced/jaguar results -esolv SM02_micro014_conf_2.sol_h.out

Executing subprocess:
/data/chodera/schrodinger/schrodinger2017-4-advanced/jaguar results -energy SM02_micro014_conf_3.nrg_h.out

Executing subprocess:
/data/chodera/schrodinger/schrodinger2017-4-advanced/jaguar results -esolv SM02_micro014_conf_3.sol_h.out

Executing subprocess:
/data/chodera/schrodinger/schrodinger2017-4-advanced/jaguar results -energy SM02_micro014_conf_4.nrg_h.out

Executing subprocess:
/data/chodera/schrodinger/schrodinger2017-4-advanced/jaguar results -esolv SM02_micro014_conf_4.sol_h.out

Executing subprocess:
/data/chodera/schrodinger/schrodinger2017-4-advanced/jaguar results -energy SM02_micro014_conf_5.nrg_h.out

Executing subprocess:
/data/chodera/schrodinger/schrodinger2017-4-advanced/jaguar results -esolv SM02_micro014_conf_5.sol_h.out

Executing subprocess:
/data/chodera/schrodinger/schrodinger2017-4-advanced/jaguar results -energy SM02_micro013_conf_1.nrg.out

Executing subprocess:
/data/chodera/schrodinger/schrodinger2017-4-advanced/jaguar results -esolv SM02_micro013_conf_1.sol.out

Executing subprocess:
/data/chodera/schrodinger/schrodinger2017-4-advanced/jaguar results -energy SM02_micro013_conf_2.nrg.out

Executing subprocess:
/data/chodera/schrodinger/schrodinger2017-4-advanced/jaguar results -esolv SM02_micro013_conf_2.sol.out

Executing subprocess:
/data/chodera/schrodinger/schrodinger2017-4-advanced/jaguar results -energy SM02_micro013_conf_3.nrg.out

Executing subprocess:
/data/chodera/schrodinger/schrodinger2017-4-advanced/jaguar results -esolv SM02_micro013_conf_3.sol.out

Executing subprocess:
/data/chodera/schrodinger/schrodinger2017-4-advanced/jaguar results -energy SM02_micro013_conf_4.nrg.out

Executing subprocess:
/data/chodera/schrodinger/schrodinger2017-4-advanced/jaguar results -esolv SM02_micro013_conf_4.sol.out

Executing subprocess:
/data/chodera/schrodinger/schrodinger2017-4-advanced/jaguar results -energy SM02_micro013_conf_5.nrg.out

Executing subprocess:
/data/chodera/schrodinger/schrodinger2017-4-advanced/jaguar results -esolv SM02_micro013_conf_5.sol.out

Executing subprocess:
/data/chodera/schrodinger/schrodinger2017-4-advanced/jaguar-v9.8/bin/Linux-x86_64/pka -o SM02_micro014_deprot-out.mae -j SM02_micro014.jres -n -d

Executing subprocess:
/data/chodera/schrodinger/schrodinger2017-4-advanced/jaguar-v9.8/bin/Linux-x86_64/pka -o SM02_micro014_prot-out.mae -j SM02_micro014.jres -n

pKa calculation for SM02_micro014 completed.

pKa workflow jag_SM02_micro014_SM02_micro013 completed.

Timer (Jaguar pKa) : 4666.46 secs (1 hrs, 17 mins, 46 secs)
Timer (jaguar_backend.py) : 4666.46 secs (1 hrs, 17 mins, 46 secs)
Finished:   Fri May  4 11:18:05 2018
