Command:    jaguar run pka.py -jobname jag_SM23_micro022_SM23_micro035 -PARALLEL 10 -n -csrch -prot SM23_micro022.in -deprot SM23_micro035.in
Release:    2017-4
Exec:       /data/chodera/schrodinger/schrodinger2017-4-advanced/jaguar-v9.8/bin/Linux-x86_64
Host:       lt22
JobId:      lilac-0-5aecd37b
JobDir:     /lila/data/chodera/schrodinger/tmpdir/rustenburg/jag_SM23_micro022_SM23_micro035
Date:       Fri May  4 19:20:53 2018

Contents of /lila/data/chodera/schrodinger/tmpdir/rustenburg/jag_SM23_micro022_SM23_micro035:
/lila/data/chodera/schrodinger/tmpdir/rustenburg/jag_SM23_micro022_SM23_micro035/lilac-0-5aecd37b.recover
/lila/data/chodera/schrodinger/tmpdir/rustenburg/jag_SM23_micro022_SM23_micro035/SM23_micro035.in
/lila/data/chodera/schrodinger/tmpdir/rustenburg/jag_SM23_micro022_SM23_micro035/lilac-0-5aecd37b.jlog
/lila/data/chodera/schrodinger/tmpdir/rustenburg/jag_SM23_micro022_SM23_micro035/SM23_micro022.in
/lila/data/chodera/schrodinger/tmpdir/rustenburg/jag_SM23_micro022_SM23_micro035/lilac-0-5aecd37b
/lila/data/chodera/schrodinger/tmpdir/rustenburg/jag_SM23_micro022_SM23_micro035/lilac-0-5aecd37b.hosts
/lila/data/chodera/schrodinger/tmpdir/rustenburg/jag_SM23_micro022_SM23_micro035/lilac-0-5aecd37b.mpinodes
/lila/data/chodera/schrodinger/tmpdir/rustenburg/jag_SM23_micro022_SM23_micro035/lilac-0-5aecd37b.nodes
/lila/data/chodera/schrodinger/tmpdir/rustenburg/jag_SM23_micro022_SM23_micro035/SM23_micro022.mae
/lila/data/chodera/schrodinger/tmpdir/rustenburg/jag_SM23_micro022_SM23_micro035/jag_SM23_micro022_SM23_micro035.log
/lila/data/chodera/schrodinger/tmpdir/rustenburg/jag_SM23_micro022_SM23_micro035/jag_SM23_micro022_SM23_micro035.recover
/lila/data/chodera/schrodinger/tmpdir/rustenburg/jag_SM23_micro022_SM23_micro035/SM23_micro035.mae

=====================
 Jaguar pKa workflow
=====================

Analysing user-provided (prot, deprot) pair:
(SM23_micro022.in, SM23_micro035.in)
Found labile hydrogen 32 in SM23_micro022.in
Found labile hydrogen at atom 19 in SM23_micro035.in
Adding 'ipkat' keyword to input files.

Identifying pKa functional group for pair:
(SM23_micro022, SM23_micro035)

Executing subprocess:
/data/chodera/schrodinger/schrodinger2017-4-advanced/jaguar-v9.8/bin/Linux-x86_64/pka -i -j SM23_micro022.tmp.jres -n

Taking protonated structures from:
SM23_micro022.mae
Taking deprotonated structures from:
SM23_micro035.mae

This molecule from 'SM23_micro022.mae' in water was recognized as:

 # 	           Shell           
---	---------------------------
1: 	Protonation of generic atom


Executing conformational search...

Executing 2 distributed subjobs:
---------------------------------

No more than 8 cpu(s) will be used per subjob.
No more than 10 cpu(s) will be used simultaneously.

Processing the following subjobs:
(1) jaguar run csrch.py SM23_micro022.mae -jobname SM23_micro022 -max_conf 5 -erg_window 50.208 -acc_level 1 -TPP 5
(2) jaguar run csrch.py SM23_micro035.mae -jobname SM23_micro035 -max_conf 5 -erg_window 50.208 -acc_level 1 -TPP 5

Running subjobs on hosts:
  lsf-cpu (Max: 2)
Number of jobs:       2
Max retries per job:  3
Max allowed failures: unlimited
Run with -LOCAL:      False
Verbosity:            normal

Starting JobDJ...

Keep one job on driver host: False
JobDJ columns:
  C: Number of completed subjobs
  A: Number of active subjobs (e.g., submitted, running)
  W: Number of waiting/pending subjobs

C A W | Activity  JobId  JobName  JobHost
- - - | --------- -----------------------
0 1 1 | launched  lt22-0-5aeceade SM23_micro022 lsf-cpu
0 2 0 | launched  lt22-1-5aeceae5 SM23_micro035 lsf-cpu
1 1 0 | finished  lt22-1-5aeceae5 SM23_micro035 lsf-cpu [ls07]
2 0 0 | finished  lt22-0-5aeceade SM23_micro022 lsf-cpu [lt03]

All jobs have completed.

2 of 2 job(s) succeeded; 0 job(s) failed.

Timer (distribute subjobs) : 9660.36 secs (2 hrs, 41 mins, 00 secs)

Setting up QM workflow for (protonated, deprotonated) pair:
(1) (SM23_micro022, SM23_micro035)

Executing Jaguar quantum-mechanical subjobs...

Executing 10 distributed subjobs:
----------------------------------

No more than 8 cpu(s) will be used per subjob.
No more than 10 cpu(s) will be used simultaneously.

Processing the following subjobs:
(1) jaguar run pka_prot.bat -jobname SM23_micro022_conf_1 SM23_micro022_conf_1.in
(2) jaguar run pka_prot.bat -jobname SM23_micro022_conf_2 SM23_micro022_conf_2.in
(3) jaguar run pka_prot.bat -jobname SM23_micro022_conf_3 SM23_micro022_conf_3.in
(4) jaguar run pka_prot.bat -jobname SM23_micro022_conf_4 SM23_micro022_conf_4.in
(5) jaguar run pka_prot.bat -jobname SM23_micro022_conf_5 SM23_micro022_conf_5.in
(6) jaguar run pka_deprot.bat -jobname SM23_micro035_conf_1 SM23_micro035_conf_1.in
(7) jaguar run pka_deprot.bat -jobname SM23_micro035_conf_2 SM23_micro035_conf_2.in
(8) jaguar run pka_deprot.bat -jobname SM23_micro035_conf_3 SM23_micro035_conf_3.in
(9) jaguar run pka_deprot.bat -jobname SM23_micro035_conf_4 SM23_micro035_conf_4.in
(10) jaguar run pka_deprot.bat -jobname SM23_micro035_conf_5 SM23_micro035_conf_5.in

Running subjobs on hosts:
  lsf-cpu (Max: 10)
Number of jobs:       10
Max retries per job:  3
Max allowed failures: unlimited
Run with -LOCAL:      False
Verbosity:            normal

Starting JobDJ...

Keep one job on driver host: True
JobDJ columns:
  C: Number of completed subjobs
  A: Number of active subjobs (e.g., submitted, running)
  W: Number of waiting/pending subjobs

 C  A  W | Activity  JobId  JobName  JobHost
-- -- -- | --------- -----------------------
 0  1  9 | launched  lt22-0-5aed10a3 SM23_micro022_conf_1 localhost [lt22]
 0  2  8 | launched  lt22-1-5aed10ae SM23_micro022_conf_2 lsf-cpu
 0  3  7 | launched  lt22-1-5aed10c3 SM23_micro022_conf_3 lsf-cpu
 0  4  6 | launched  lt22-1-5aed10d4 SM23_micro022_conf_4 lsf-cpu
 0  5  5 | launched  lt22-0-5aed10e6 SM23_micro022_conf_5 lsf-cpu
 0  6  4 | launched  lt22-0-5aed10f1 SM23_micro035_conf_1 lsf-cpu
 0  7  3 | launched  lt22-0-5aed10ff SM23_micro035_conf_2 lsf-cpu
 0  8  2 | launched  lt22-0-5aed110b SM23_micro035_conf_3 lsf-cpu
 0  9  1 | launched  lt22-0-5aed1119 SM23_micro035_conf_4 lsf-cpu
 0 10  0 | launched  lt22-0-5aed1125 SM23_micro035_conf_5 lsf-cpu
