Command:    jaguar run pka.py -jobname jag_SM10_micro038_SM10_micro016 -PARALLEL 10 -n -csrch -prot SM10_micro038.in -deprot SM10_micro016.in
Release:    2017-4
Exec:       /data/chodera/schrodinger/schrodinger2017-4-advanced/jaguar-v9.8/bin/Linux-x86_64
Host:       ls14
JobId:      lilac-0-5aec8192
JobDir:     /lila/data/chodera/schrodinger/tmpdir/rustenburg/jag_SM10_micro038_SM10_micro016
Date:       Fri May  4 11:57:45 2018

Contents of /lila/data/chodera/schrodinger/tmpdir/rustenburg/jag_SM10_micro038_SM10_micro016:
/lila/data/chodera/schrodinger/tmpdir/rustenburg/jag_SM10_micro038_SM10_micro016/lilac-0-5aec8192.nodes
/lila/data/chodera/schrodinger/tmpdir/rustenburg/jag_SM10_micro038_SM10_micro016/lilac-0-5aec8192.recover
/lila/data/chodera/schrodinger/tmpdir/rustenburg/jag_SM10_micro038_SM10_micro016/lilac-0-5aec8192
/lila/data/chodera/schrodinger/tmpdir/rustenburg/jag_SM10_micro038_SM10_micro016/lilac-0-5aec8192.hosts
/lila/data/chodera/schrodinger/tmpdir/rustenburg/jag_SM10_micro038_SM10_micro016/SM10_micro016.in
/lila/data/chodera/schrodinger/tmpdir/rustenburg/jag_SM10_micro038_SM10_micro016/SM10_micro038.mae
/lila/data/chodera/schrodinger/tmpdir/rustenburg/jag_SM10_micro038_SM10_micro016/lilac-0-5aec8192.jlog
/lila/data/chodera/schrodinger/tmpdir/rustenburg/jag_SM10_micro038_SM10_micro016/lilac-0-5aec8192.mpinodes
/lila/data/chodera/schrodinger/tmpdir/rustenburg/jag_SM10_micro038_SM10_micro016/SM10_micro016.mae
/lila/data/chodera/schrodinger/tmpdir/rustenburg/jag_SM10_micro038_SM10_micro016/SM10_micro038.in
/lila/data/chodera/schrodinger/tmpdir/rustenburg/jag_SM10_micro038_SM10_micro016/jag_SM10_micro038_SM10_micro016.recover
/lila/data/chodera/schrodinger/tmpdir/rustenburg/jag_SM10_micro038_SM10_micro016/jag_SM10_micro038_SM10_micro016.log

=====================
 Jaguar pKa workflow
=====================

Analysing user-provided (prot, deprot) pair:
(SM10_micro038.in, SM10_micro016.in)
Found labile hydrogen 33 in SM10_micro038.in
Found labile hydrogen at atom 13 in SM10_micro016.in
Adding 'ipkat' keyword to input files.

Identifying pKa functional group for pair:
(SM10_micro038, SM10_micro016)

Executing subprocess:
/data/chodera/schrodinger/schrodinger2017-4-advanced/jaguar-v9.8/bin/Linux-x86_64/pka -i -j SM10_micro038.tmp.jres -n

Taking protonated structures from:
SM10_micro038.mae
Taking deprotonated structures from:
SM10_micro016.mae

This molecule from 'SM10_micro038.mae' in water was recognized as:

 # 	                  Shell                   
---	------------------------------------------
1: 	Protonation of sp2-like aliphatic nitrogen
2: 	Protonation of generic atom               


Executing conformational search...

Executing 2 distributed subjobs:
---------------------------------

No more than 8 cpu(s) will be used per subjob.
No more than 10 cpu(s) will be used simultaneously.

Processing the following subjobs:
(1) jaguar run csrch.py SM10_micro038.mae -jobname SM10_micro038 -max_conf 5 -erg_window 50.208 -acc_level 1 -TPP 5
(2) jaguar run csrch.py SM10_micro016.mae -jobname SM10_micro016 -max_conf 5 -erg_window 50.208 -acc_level 1 -TPP 5

Running subjobs on hosts:
  lsf-cpu (Max: 2)
Number of jobs:       2
Max retries per job:  3
Max allowed failures: unlimited
Run with -LOCAL:      False
Verbosity:            normal

Starting JobDJ...

Keep one job on driver host: False
JobDJ columns:
  C: Number of completed subjobs
  A: Number of active subjobs (e.g., submitted, running)
  W: Number of waiting/pending subjobs

C A W | Activity  JobId  JobName  JobHost
- - - | --------- -----------------------
0 1 1 | launched  ls14-0-5aec8302 SM10_micro038 lsf-cpu
0 2 0 | launched  ls14-3-5aec8305 SM10_micro016 lsf-cpu
1 1 0 | finished  ls14-3-5aec8305 SM10_micro016 lsf-cpu [ls16]
2 0 0 | finished  ls14-0-5aec8302 SM10_micro038 lsf-cpu [lt02]

All jobs have completed.

2 of 2 job(s) succeeded; 0 job(s) failed.

Timer (distribute subjobs) : 1780.26 secs (0 hrs, 29 mins, 40 secs)

Setting up QM workflow for (protonated, deprotonated) pair:
(1) (SM10_micro038, SM10_micro016)

Executing Jaguar quantum-mechanical subjobs...

Executing 10 distributed subjobs:
----------------------------------

No more than 8 cpu(s) will be used per subjob.
No more than 10 cpu(s) will be used simultaneously.

Processing the following subjobs:
(1) jaguar run pka_prot.bat -jobname SM10_micro038_conf_1 SM10_micro038_conf_1.in
(2) jaguar run pka_prot.bat -jobname SM10_micro038_conf_2 SM10_micro038_conf_2.in
(3) jaguar run pka_prot.bat -jobname SM10_micro038_conf_3 SM10_micro038_conf_3.in
(4) jaguar run pka_prot.bat -jobname SM10_micro038_conf_4 SM10_micro038_conf_4.in
(5) jaguar run pka_prot.bat -jobname SM10_micro038_conf_5 SM10_micro038_conf_5.in
(6) jaguar run pka_deprot.bat -jobname SM10_micro016_conf_1 SM10_micro016_conf_1.in
(7) jaguar run pka_deprot.bat -jobname SM10_micro016_conf_2 SM10_micro016_conf_2.in
(8) jaguar run pka_deprot.bat -jobname SM10_micro016_conf_3 SM10_micro016_conf_3.in
(9) jaguar run pka_deprot.bat -jobname SM10_micro016_conf_4 SM10_micro016_conf_4.in
(10) jaguar run pka_deprot.bat -jobname SM10_micro016_conf_5 SM10_micro016_conf_5.in

Running subjobs on hosts:
  lsf-cpu (Max: 10)
Number of jobs:       10
Max retries per job:  3
Max allowed failures: unlimited
Run with -LOCAL:      False
Verbosity:            normal

Starting JobDJ...

Keep one job on driver host: True
JobDJ columns:
  C: Number of completed subjobs
  A: Number of active subjobs (e.g., submitted, running)
  W: Number of waiting/pending subjobs

 C  A  W | Activity  JobId  JobName  JobHost
-- -- -- | --------- -----------------------
 0  1  9 | launched  ls14-0-5aec89f5 SM10_micro038_conf_1 localhost [ls14]
 0  2  8 | launched  ls14-0-5aec89f9 SM10_micro038_conf_2 lsf-cpu
 0  3  7 | launched  ls14-0-5aec89fc SM10_micro038_conf_3 lsf-cpu
 0  4  6 | launched  ls14-0-5aec89fe SM10_micro038_conf_4 lsf-cpu
 0  5  5 | launched  ls14-0-5aec8a02 SM10_micro038_conf_5 lsf-cpu
 0  6  4 | launched  ls14-0-5aec8a05 SM10_micro016_conf_1 lsf-cpu
 0  7  3 | launched  ls14-0-5aec8a09 SM10_micro016_conf_2 lsf-cpu
 0  8  2 | launched  ls14-0-5aec8a0c SM10_micro016_conf_3 lsf-cpu
 0  9  1 | launched  ls14-0-5aec8a10 SM10_micro016_conf_4 lsf-cpu
 0 10  0 | launched  ls14-0-5aec8a14 SM10_micro016_conf_5 lsf-cpu
 1  9  0 | finished  ls14-0-5aec89fe SM10_micro038_conf_4 lsf-cpu [ls01]
 2  8  0 | finished  ls14-0-5aec8a05 SM10_micro016_conf_1 lsf-cpu [ls18]
 3  7  0 | finished  ls14-0-5aec8a10 SM10_micro016_conf_4 lsf-cpu [ls11]
 4  6  0 | finished  ls14-0-5aec8a14 SM10_micro016_conf_5 lsf-cpu [ls11]
 5  5  0 | finished  ls14-0-5aec8a0c SM10_micro016_conf_3 lsf-cpu [ls11]
 6  4  0 | finished  ls14-0-5aec8a09 SM10_micro016_conf_2 lsf-cpu [lt17]
 7  3  0 | finished  ls14-0-5aec8a02 SM10_micro038_conf_5 lsf-cpu [ls18]
 8  2  0 | finished  ls14-0-5aec89fc SM10_micro038_conf_3 lsf-cpu [ls09]
 9  1  0 | finished  ls14-0-5aec89f5 SM10_micro038_conf_1 localhost [ls14]
10  0  0 | finished  ls14-0-5aec89f9 SM10_micro038_conf_2 lsf-cpu [ls15]

All jobs have completed.

10 of 10 job(s) succeeded; 0 job(s) failed.

Timer (distribute subjobs) : 5104.74 secs (1 hrs, 25 mins, 04 secs)

Processing QM output files...

Executing subprocess:
/data/chodera/schrodinger/schrodinger2017-4-advanced/jaguar results -energy SM10_micro038_conf_1.nrg_h.out

Executing subprocess:
/data/chodera/schrodinger/schrodinger2017-4-advanced/jaguar results -esolv SM10_micro038_conf_1.sol_h.out

Executing subprocess:
/data/chodera/schrodinger/schrodinger2017-4-advanced/jaguar results -energy SM10_micro038_conf_2.nrg_h.out

Executing subprocess:
/data/chodera/schrodinger/schrodinger2017-4-advanced/jaguar results -esolv SM10_micro038_conf_2.sol_h.out

Executing subprocess:
/data/chodera/schrodinger/schrodinger2017-4-advanced/jaguar results -energy SM10_micro038_conf_3.nrg_h.out

Executing subprocess:
/data/chodera/schrodinger/schrodinger2017-4-advanced/jaguar results -esolv SM10_micro038_conf_3.sol_h.out

Executing subprocess:
/data/chodera/schrodinger/schrodinger2017-4-advanced/jaguar results -energy SM10_micro038_conf_4.nrg_h.out

Executing subprocess:
/data/chodera/schrodinger/schrodinger2017-4-advanced/jaguar results -esolv SM10_micro038_conf_4.sol_h.out

Executing subprocess:
/data/chodera/schrodinger/schrodinger2017-4-advanced/jaguar results -energy SM10_micro038_conf_5.nrg_h.out

Executing subprocess:
/data/chodera/schrodinger/schrodinger2017-4-advanced/jaguar results -esolv SM10_micro038_conf_5.sol_h.out

Executing subprocess:
/data/chodera/schrodinger/schrodinger2017-4-advanced/jaguar results -energy SM10_micro016_conf_1.nrg.out

Executing subprocess:
/data/chodera/schrodinger/schrodinger2017-4-advanced/jaguar results -esolv SM10_micro016_conf_1.sol.out

Executing subprocess:
/data/chodera/schrodinger/schrodinger2017-4-advanced/jaguar results -energy SM10_micro016_conf_2.nrg.out

Executing subprocess:
/data/chodera/schrodinger/schrodinger2017-4-advanced/jaguar results -esolv SM10_micro016_conf_2.sol.out

Executing subprocess:
/data/chodera/schrodinger/schrodinger2017-4-advanced/jaguar results -energy SM10_micro016_conf_3.nrg.out

Executing subprocess:
/data/chodera/schrodinger/schrodinger2017-4-advanced/jaguar results -esolv SM10_micro016_conf_3.sol.out

Executing subprocess:
/data/chodera/schrodinger/schrodinger2017-4-advanced/jaguar results -energy SM10_micro016_conf_4.nrg.out

Executing subprocess:
/data/chodera/schrodinger/schrodinger2017-4-advanced/jaguar results -esolv SM10_micro016_conf_4.sol.out

Executing subprocess:
/data/chodera/schrodinger/schrodinger2017-4-advanced/jaguar results -energy SM10_micro016_conf_5.nrg.out

Executing subprocess:
/data/chodera/schrodinger/schrodinger2017-4-advanced/jaguar results -esolv SM10_micro016_conf_5.sol.out

Executing subprocess:
/data/chodera/schrodinger/schrodinger2017-4-advanced/jaguar-v9.8/bin/Linux-x86_64/pka -o SM10_micro038_deprot-out.mae -j SM10_micro038.jres -n -d

Executing subprocess:
/data/chodera/schrodinger/schrodinger2017-4-advanced/jaguar-v9.8/bin/Linux-x86_64/pka -o SM10_micro038_prot-out.mae -j SM10_micro038.jres -n

pKa calculation for SM10_micro038 completed.

pKa workflow jag_SM10_micro038_SM10_micro016 completed.

Timer (Jaguar pKa) : 6962.26 secs (1 hrs, 56 mins, 02 secs)
Timer (jaguar_backend.py) : 6962.26 secs (1 hrs, 56 mins, 02 secs)
Finished:   Fri May  4 13:53:47 2018
