Command:    jaguar run pka.py -jobname jag_SM09_micro008_SM09_micro006 -PARALLEL 10 -n -csrch -prot SM09_micro008.in -deprot SM09_micro006.in
Release:    2017-4
Exec:       /data/chodera/schrodinger/schrodinger2017-4-advanced/jaguar-v9.8/bin/Linux-x86_64
Host:       ls01
JobId:      lilac-0-5aec7fb9
JobDir:     /lila/data/chodera/schrodinger/tmpdir/rustenburg/jag_SM09_micro008_SM09_micro006
Date:       Fri May  4 11:46:33 2018

Contents of /lila/data/chodera/schrodinger/tmpdir/rustenburg/jag_SM09_micro008_SM09_micro006:
/lila/data/chodera/schrodinger/tmpdir/rustenburg/jag_SM09_micro008_SM09_micro006/jag_SM09_micro008_SM09_micro006.recover
/lila/data/chodera/schrodinger/tmpdir/rustenburg/jag_SM09_micro008_SM09_micro006/SM09_micro006.mae
/lila/data/chodera/schrodinger/tmpdir/rustenburg/jag_SM09_micro008_SM09_micro006/SM09_micro006.in
/lila/data/chodera/schrodinger/tmpdir/rustenburg/jag_SM09_micro008_SM09_micro006/lilac-0-5aec7fb9.recover
/lila/data/chodera/schrodinger/tmpdir/rustenburg/jag_SM09_micro008_SM09_micro006/lilac-0-5aec7fb9.hosts
/lila/data/chodera/schrodinger/tmpdir/rustenburg/jag_SM09_micro008_SM09_micro006/jag_SM09_micro008_SM09_micro006.log
/lila/data/chodera/schrodinger/tmpdir/rustenburg/jag_SM09_micro008_SM09_micro006/SM09_micro008.in
/lila/data/chodera/schrodinger/tmpdir/rustenburg/jag_SM09_micro008_SM09_micro006/lilac-0-5aec7fb9
/lila/data/chodera/schrodinger/tmpdir/rustenburg/jag_SM09_micro008_SM09_micro006/lilac-0-5aec7fb9.nodes
/lila/data/chodera/schrodinger/tmpdir/rustenburg/jag_SM09_micro008_SM09_micro006/lilac-0-5aec7fb9.mpinodes
/lila/data/chodera/schrodinger/tmpdir/rustenburg/jag_SM09_micro008_SM09_micro006/SM09_micro008.mae
/lila/data/chodera/schrodinger/tmpdir/rustenburg/jag_SM09_micro008_SM09_micro006/lilac-0-5aec7fb9.jlog

=====================
 Jaguar pKa workflow
=====================

Analysing user-provided (prot, deprot) pair:
(SM09_micro008.in, SM09_micro006.in)
Found labile hydrogen 22 in SM09_micro008.in
Found labile hydrogen at atom 13 in SM09_micro006.in
Adding 'ipkat' keyword to input files.

Identifying pKa functional group for pair:
(SM09_micro008, SM09_micro006)

Executing subprocess:
/data/chodera/schrodinger/schrodinger2017-4-advanced/jaguar-v9.8/bin/Linux-x86_64/pka -i -j SM09_micro008.tmp.jres -n

Taking protonated structures from:
SM09_micro008.mae
Taking deprotonated structures from:
SM09_micro006.mae

This molecule from 'SM09_micro008.mae' in water was recognized as:

 # 	           Shell           
---	---------------------------
1: 	pyrimidine                 
2: 	heterocycle custom 1       
3: 	heterocycle                
4: 	Protonation of generic atom


Executing conformational search...

Executing 2 distributed subjobs:
---------------------------------

No more than 8 cpu(s) will be used per subjob.
No more than 10 cpu(s) will be used simultaneously.

Processing the following subjobs:
(1) jaguar run csrch.py SM09_micro008.mae -jobname SM09_micro008 -max_conf 5 -erg_window 50.208 -acc_level 1 -TPP 5
(2) jaguar run csrch.py SM09_micro006.mae -jobname SM09_micro006 -max_conf 5 -erg_window 50.208 -acc_level 1 -TPP 5

Running subjobs on hosts:
  lsf-cpu (Max: 2)
Number of jobs:       2
Max retries per job:  3
Max allowed failures: unlimited
Run with -LOCAL:      False
Verbosity:            normal

Starting JobDJ...

Keep one job on driver host: False
JobDJ columns:
  C: Number of completed subjobs
  A: Number of active subjobs (e.g., submitted, running)
  W: Number of waiting/pending subjobs

C A W | Activity  JobId  JobName  JobHost
- - - | --------- -----------------------
0 1 1 | launched  ls01-0-5aec805e SM09_micro008 lsf-cpu
0 2 0 | launched  ls01-0-5aec8061 SM09_micro006 lsf-cpu
1 1 0 | finished  ls01-0-5aec805e SM09_micro008 lsf-cpu [ls13]
2 0 0 | finished  ls01-0-5aec8061 SM09_micro006 lsf-cpu [ls13]

All jobs have completed.

2 of 2 job(s) succeeded; 0 job(s) failed.

Timer (distribute subjobs) : 937.00 secs (0 hrs, 15 mins, 36 secs)

Setting up QM workflow for (protonated, deprotonated) pair:
(1) (SM09_micro008, SM09_micro006)

Executing Jaguar quantum-mechanical subjobs...

Executing 10 distributed subjobs:
----------------------------------

No more than 8 cpu(s) will be used per subjob.
No more than 10 cpu(s) will be used simultaneously.

Processing the following subjobs:
(1) jaguar run pka_prot.bat -jobname SM09_micro008_conf_1 SM09_micro008_conf_1.in
(2) jaguar run pka_prot.bat -jobname SM09_micro008_conf_2 SM09_micro008_conf_2.in
(3) jaguar run pka_prot.bat -jobname SM09_micro008_conf_3 SM09_micro008_conf_3.in
(4) jaguar run pka_prot.bat -jobname SM09_micro008_conf_4 SM09_micro008_conf_4.in
(5) jaguar run pka_prot.bat -jobname SM09_micro008_conf_5 SM09_micro008_conf_5.in
(6) jaguar run pka_deprot.bat -jobname SM09_micro006_conf_1 SM09_micro006_conf_1.in
(7) jaguar run pka_deprot.bat -jobname SM09_micro006_conf_2 SM09_micro006_conf_2.in
(8) jaguar run pka_deprot.bat -jobname SM09_micro006_conf_3 SM09_micro006_conf_3.in
(9) jaguar run pka_deprot.bat -jobname SM09_micro006_conf_4 SM09_micro006_conf_4.in
(10) jaguar run pka_deprot.bat -jobname SM09_micro006_conf_5 SM09_micro006_conf_5.in

Running subjobs on hosts:
  lsf-cpu (Max: 10)
Number of jobs:       10
Max retries per job:  3
Max allowed failures: unlimited
Run with -LOCAL:      False
Verbosity:            normal

Starting JobDJ...

Keep one job on driver host: True
JobDJ columns:
  C: Number of completed subjobs
  A: Number of active subjobs (e.g., submitted, running)
  W: Number of waiting/pending subjobs

 C  A  W | Activity  JobId  JobName  JobHost
-- -- -- | --------- -----------------------
 0  1  9 | launched  ls01-0-5aec8407 SM09_micro008_conf_1 localhost [ls01]
 0  2  8 | launched  ls01-0-5aec840a SM09_micro008_conf_2 lsf-cpu
 0  3  7 | launched  ls01-0-5aec840e SM09_micro008_conf_3 lsf-cpu
 0  4  6 | launched  ls01-0-5aec8411 SM09_micro008_conf_4 lsf-cpu
 0  5  5 | launched  ls01-0-5aec8415 SM09_micro008_conf_5 lsf-cpu
 0  6  4 | launched  ls01-0-5aec8418 SM09_micro006_conf_1 lsf-cpu
 0  7  3 | launched  ls01-0-5aec841c SM09_micro006_conf_2 lsf-cpu
 0  8  2 | launched  ls01-0-5aec8420 SM09_micro006_conf_3 lsf-cpu
 0  9  1 | launched  ls01-0-5aec8423 SM09_micro006_conf_4 lsf-cpu
 0 10  0 | launched  ls01-0-5aec8427 SM09_micro006_conf_5 lsf-cpu
 1  9  0 | finished  ls01-0-5aec8407 SM09_micro008_conf_1 localhost [ls01]
 2  8  0 | finished  ls01-0-5aec841c SM09_micro006_conf_2 lsf-cpu [lt02]
 3  7  0 | finished  ls01-0-5aec8420 SM09_micro006_conf_3 lsf-cpu [lt02]
 4  6  0 | finished  ls01-0-5aec8423 SM09_micro006_conf_4 lsf-cpu [lt02]
 5  5  0 | finished  ls01-0-5aec8418 SM09_micro006_conf_1 lsf-cpu [lt02]
 6  4  0 | finished  ls01-0-5aec8427 SM09_micro006_conf_5 lsf-cpu [lt02]
 7  3  0 | finished  ls01-0-5aec840e SM09_micro008_conf_3 lsf-cpu [lt02]
 8  2  0 | finished  ls01-0-5aec840a SM09_micro008_conf_2 lsf-cpu [lt02]
 9  1  0 | finished  ls01-0-5aec8415 SM09_micro008_conf_5 lsf-cpu [lt02]
10  0  0 | finished  ls01-0-5aec8411 SM09_micro008_conf_4 lsf-cpu [lt02]

All jobs have completed.

10 of 10 job(s) succeeded; 0 job(s) failed.

Timer (distribute subjobs) : 3968.52 secs (1 hrs, 06 mins, 08 secs)

Processing QM output files...

Executing subprocess:
/data/chodera/schrodinger/schrodinger2017-4-advanced/jaguar results -energy SM09_micro008_conf_1.nrg_h.out

Executing subprocess:
/data/chodera/schrodinger/schrodinger2017-4-advanced/jaguar results -esolv SM09_micro008_conf_1.sol_h.out

Executing subprocess:
/data/chodera/schrodinger/schrodinger2017-4-advanced/jaguar results -energy SM09_micro008_conf_2.nrg_h.out

Executing subprocess:
/data/chodera/schrodinger/schrodinger2017-4-advanced/jaguar results -esolv SM09_micro008_conf_2.sol_h.out

Executing subprocess:
/data/chodera/schrodinger/schrodinger2017-4-advanced/jaguar results -energy SM09_micro008_conf_3.nrg_h.out

Executing subprocess:
/data/chodera/schrodinger/schrodinger2017-4-advanced/jaguar results -esolv SM09_micro008_conf_3.sol_h.out

Executing subprocess:
/data/chodera/schrodinger/schrodinger2017-4-advanced/jaguar results -energy SM09_micro008_conf_4.nrg_h.out

Executing subprocess:
/data/chodera/schrodinger/schrodinger2017-4-advanced/jaguar results -esolv SM09_micro008_conf_4.sol_h.out

Executing subprocess:
/data/chodera/schrodinger/schrodinger2017-4-advanced/jaguar results -energy SM09_micro008_conf_5.nrg_h.out

Executing subprocess:
/data/chodera/schrodinger/schrodinger2017-4-advanced/jaguar results -esolv SM09_micro008_conf_5.sol_h.out

Executing subprocess:
/data/chodera/schrodinger/schrodinger2017-4-advanced/jaguar results -energy SM09_micro006_conf_1.nrg.out

Executing subprocess:
/data/chodera/schrodinger/schrodinger2017-4-advanced/jaguar results -esolv SM09_micro006_conf_1.sol.out

Executing subprocess:
/data/chodera/schrodinger/schrodinger2017-4-advanced/jaguar results -energy SM09_micro006_conf_2.nrg.out

Executing subprocess:
/data/chodera/schrodinger/schrodinger2017-4-advanced/jaguar results -esolv SM09_micro006_conf_2.sol.out

Executing subprocess:
/data/chodera/schrodinger/schrodinger2017-4-advanced/jaguar results -energy SM09_micro006_conf_3.nrg.out

Executing subprocess:
/data/chodera/schrodinger/schrodinger2017-4-advanced/jaguar results -esolv SM09_micro006_conf_3.sol.out

Executing subprocess:
/data/chodera/schrodinger/schrodinger2017-4-advanced/jaguar results -energy SM09_micro006_conf_4.nrg.out

Executing subprocess:
/data/chodera/schrodinger/schrodinger2017-4-advanced/jaguar results -esolv SM09_micro006_conf_4.sol.out

Executing subprocess:
/data/chodera/schrodinger/schrodinger2017-4-advanced/jaguar results -energy SM09_micro006_conf_5.nrg.out

Executing subprocess:
/data/chodera/schrodinger/schrodinger2017-4-advanced/jaguar results -esolv SM09_micro006_conf_5.sol.out

Executing subprocess:
/data/chodera/schrodinger/schrodinger2017-4-advanced/jaguar-v9.8/bin/Linux-x86_64/pka -o SM09_micro008_deprot-out.mae -j SM09_micro008.jres -n -d

Executing subprocess:
/data/chodera/schrodinger/schrodinger2017-4-advanced/jaguar-v9.8/bin/Linux-x86_64/pka -o SM09_micro008_prot-out.mae -j SM09_micro008.jres -n

pKa calculation for SM09_micro008 completed.

pKa workflow jag_SM09_micro008_SM09_micro006 completed.

Timer (Jaguar pKa) : 4995.01 secs (1 hrs, 23 mins, 15 secs)
Timer (jaguar_backend.py) : 4995.01 secs (1 hrs, 23 mins, 15 secs)
Finished:   Fri May  4 13:09:48 2018
