Taking protonated structures from:
SM24_micro022_conf_1.dft_h.01.mae
SM24_micro022_conf_2.dft_h.01.mae
SM24_micro022_conf_3.dft_h.01.mae
SM24_micro022_conf_4.dft_h.01.mae
SM24_micro022_conf_5.dft_h.01.mae
Taking deprotonated structures from:
SM24_micro014_conf_1.dft.01.mae
SM24_micro014_conf_2.dft.01.mae
SM24_micro014_conf_3.dft.01.mae
SM24_micro014_conf_4.dft.01.mae
SM24_micro014_conf_5.dft.01.mae

Corrected results for 'protonated' structure in water:
pKa atom: 48

 # 	                  Shell                   	 pKa 	RMSD	 Contribution
---	------------------------------------------	-----	-----	--------------
1: 	RN=Het                                    	 0.33	0.551	     0.00%
2: 	Protonation of sp2-like aliphatic nitrogen	-8.62	1.751	    76.97%
3: 	Protonation of generic atom               	-6.82	2.264	    23.03%

 Final weighted pKa value is -8.20



