Command:    jaguar run pka.py -jobname jag_SM11_micro009_SM11_micro030 -PARALLEL 10 -n -csrch -prot SM11_micro009.in -deprot SM11_micro030.in
Release:    2017-4
Exec:       /data/chodera/schrodinger/schrodinger2017-4-advanced/jaguar-v9.8/bin/Linux-x86_64
Host:       lt02
JobId:      lilac-0-5aec9a3d
JobDir:     /lila/data/chodera/schrodinger/tmpdir/rustenburg/jag_SM11_micro009_SM11_micro030
Date:       Fri May  4 13:37:09 2018

Contents of /lila/data/chodera/schrodinger/tmpdir/rustenburg/jag_SM11_micro009_SM11_micro030:
/lila/data/chodera/schrodinger/tmpdir/rustenburg/jag_SM11_micro009_SM11_micro030/jag_SM11_micro009_SM11_micro030.log
/lila/data/chodera/schrodinger/tmpdir/rustenburg/jag_SM11_micro009_SM11_micro030/SM11_micro009.in
/lila/data/chodera/schrodinger/tmpdir/rustenburg/jag_SM11_micro009_SM11_micro030/lilac-0-5aec9a3d.mpinodes
/lila/data/chodera/schrodinger/tmpdir/rustenburg/jag_SM11_micro009_SM11_micro030/SM11_micro030.in
/lila/data/chodera/schrodinger/tmpdir/rustenburg/jag_SM11_micro009_SM11_micro030/jag_SM11_micro009_SM11_micro030.recover
/lila/data/chodera/schrodinger/tmpdir/rustenburg/jag_SM11_micro009_SM11_micro030/SM11_micro030.mae
/lila/data/chodera/schrodinger/tmpdir/rustenburg/jag_SM11_micro009_SM11_micro030/lilac-0-5aec9a3d.hosts
/lila/data/chodera/schrodinger/tmpdir/rustenburg/jag_SM11_micro009_SM11_micro030/lilac-0-5aec9a3d.recover
/lila/data/chodera/schrodinger/tmpdir/rustenburg/jag_SM11_micro009_SM11_micro030/lilac-0-5aec9a3d.jlog
/lila/data/chodera/schrodinger/tmpdir/rustenburg/jag_SM11_micro009_SM11_micro030/lilac-0-5aec9a3d
/lila/data/chodera/schrodinger/tmpdir/rustenburg/jag_SM11_micro009_SM11_micro030/SM11_micro009.mae
/lila/data/chodera/schrodinger/tmpdir/rustenburg/jag_SM11_micro009_SM11_micro030/lilac-0-5aec9a3d.nodes

=====================
 Jaguar pKa workflow
=====================

Analysing user-provided (prot, deprot) pair:
(SM11_micro009.in, SM11_micro030.in)
Found labile hydrogen 24 in SM11_micro009.in
Found labile hydrogen at atom 13 in SM11_micro030.in
Adding 'ipkat' keyword to input files.

Identifying pKa functional group for pair:
(SM11_micro009, SM11_micro030)

Executing subprocess:
/data/chodera/schrodinger/schrodinger2017-4-advanced/jaguar-v9.8/bin/Linux-x86_64/pka -i -j SM11_micro009.tmp.jres -n

Taking protonated structures from:
SM11_micro009.mae
Taking deprotonated structures from:
SM11_micro030.mae

This molecule from 'SM11_micro009.mae' in water was recognized as:

 # 	                  Shell                   
---	------------------------------------------
1: 	Protonation of sp2-like aliphatic nitrogen
2: 	Protonation of generic atom               


Executing conformational search...

Executing 2 distributed subjobs:
---------------------------------

No more than 8 cpu(s) will be used per subjob.
No more than 10 cpu(s) will be used simultaneously.

Processing the following subjobs:
(1) jaguar run csrch.py SM11_micro009.mae -jobname SM11_micro009 -max_conf 5 -erg_window 50.208 -acc_level 1 -TPP 5
(2) jaguar run csrch.py SM11_micro030.mae -jobname SM11_micro030 -max_conf 5 -erg_window 50.208 -acc_level 1 -TPP 5

Running subjobs on hosts:
  lsf-cpu (Max: 2)
Number of jobs:       2
Max retries per job:  3
Max allowed failures: unlimited
Run with -LOCAL:      False
Verbosity:            normal

Starting JobDJ...

Keep one job on driver host: False
JobDJ columns:
  C: Number of completed subjobs
  A: Number of active subjobs (e.g., submitted, running)
  W: Number of waiting/pending subjobs

C A W | Activity  JobId  JobName  JobHost
- - - | --------- -----------------------
0 1 1 | launched  lt02-0-5aec9a4c SM11_micro009 lsf-cpu
0 2 0 | launched  lt02-0-5aec9a51 SM11_micro030 lsf-cpu
1 1 0 | finished  lt02-0-5aec9a4c SM11_micro009 lsf-cpu
2 0 0 | finished  lt02-0-5aec9a51 SM11_micro030 lsf-cpu

All jobs have completed.

2 of 2 job(s) succeeded; 0 job(s) failed.

Timer (distribute subjobs) : 372.61 secs (0 hrs, 06 mins, 12 secs)

Setting up QM workflow for (protonated, deprotonated) pair:
(1) (SM11_micro009, SM11_micro030)

Executing Jaguar quantum-mechanical subjobs...

Executing 7 distributed subjobs:
---------------------------------

No more than 8 cpu(s) will be used per subjob.
No more than 10 cpu(s) will be used simultaneously.

Processing the following subjobs:
(1) jaguar run pka_prot.bat -jobname SM11_micro009_conf_1 SM11_micro009_conf_1.in -TPP 2
(2) jaguar run pka_prot.bat -jobname SM11_micro009_conf_2 SM11_micro009_conf_2.in -TPP 2
(3) jaguar run pka_prot.bat -jobname SM11_micro009_conf_3 SM11_micro009_conf_3.in -TPP 2
(4) jaguar run pka_deprot.bat -jobname SM11_micro030_conf_1 SM11_micro030_conf_1.in
(5) jaguar run pka_deprot.bat -jobname SM11_micro030_conf_2 SM11_micro030_conf_2.in
(6) jaguar run pka_deprot.bat -jobname SM11_micro030_conf_3 SM11_micro030_conf_3.in
(7) jaguar run pka_deprot.bat -jobname SM11_micro030_conf_4 SM11_micro030_conf_4.in

Running subjobs on hosts:
  lsf-cpu (Max: 7)
Number of jobs:       7
Max retries per job:  3
Max allowed failures: unlimited
Run with -LOCAL:      False
Verbosity:            normal

Starting JobDJ...

Keep one job on driver host: False
JobDJ columns:
  C: Number of completed subjobs
  A: Number of active subjobs (e.g., submitted, running)
  W: Number of waiting/pending subjobs

C A W | Activity  JobId  JobName  JobHost
- - - | --------- -----------------------
0 1 6 | launched  lt02-0-5aec9bc2 SM11_micro009_conf_1 lsf-cpu
0 2 5 | launched  lt02-0-5aec9bc5 SM11_micro009_conf_2 lsf-cpu
0 3 4 | launched  lt02-0-5aec9bc8 SM11_micro009_conf_3 lsf-cpu
0 4 3 | launched  lt02-0-5aec9bcb SM11_micro030_conf_1 lsf-cpu
0 5 2 | launched  lt02-1-5aec9bcd SM11_micro030_conf_2 lsf-cpu
0 6 1 | launched  lt02-0-5aec9bd0 SM11_micro030_conf_3 lsf-cpu
0 7 0 | launched  lt02-0-5aec9bd3 SM11_micro030_conf_4 lsf-cpu
1 6 0 | finished  lt02-0-5aec9bd0 SM11_micro030_conf_3 lsf-cpu [ls13]
2 5 0 | finished  lt02-0-5aec9bc8 SM11_micro009_conf_3 lsf-cpu [ls12]
3 4 0 | finished  lt02-0-5aec9bc2 SM11_micro009_conf_1 lsf-cpu [ls12]
4 3 0 | finished  lt02-0-5aec9bcb SM11_micro030_conf_1 lsf-cpu [ls13]
5 2 0 | finished  lt02-0-5aec9bc5 SM11_micro009_conf_2 lsf-cpu [ls12]
6 1 0 | finished  lt02-1-5aec9bcd SM11_micro030_conf_2 lsf-cpu [ls11]
7 0 0 | finished  lt02-0-5aec9bd3 SM11_micro030_conf_4 lsf-cpu [ls01]

All jobs have completed.

7 of 7 job(s) succeeded; 0 job(s) failed.

Timer (distribute subjobs) : 2169.40 secs (0 hrs, 36 mins, 09 secs)

Processing QM output files...

Executing subprocess:
/data/chodera/schrodinger/schrodinger2017-4-advanced/jaguar results -energy SM11_micro009_conf_1.nrg_h.out

Executing subprocess:
/data/chodera/schrodinger/schrodinger2017-4-advanced/jaguar results -esolv SM11_micro009_conf_1.sol_h.out

Executing subprocess:
/data/chodera/schrodinger/schrodinger2017-4-advanced/jaguar results -energy SM11_micro009_conf_2.nrg_h.out

Executing subprocess:
/data/chodera/schrodinger/schrodinger2017-4-advanced/jaguar results -esolv SM11_micro009_conf_2.sol_h.out

Executing subprocess:
/data/chodera/schrodinger/schrodinger2017-4-advanced/jaguar results -energy SM11_micro009_conf_3.nrg_h.out

Executing subprocess:
/data/chodera/schrodinger/schrodinger2017-4-advanced/jaguar results -esolv SM11_micro009_conf_3.sol_h.out

Executing subprocess:
/data/chodera/schrodinger/schrodinger2017-4-advanced/jaguar results -energy SM11_micro030_conf_1.nrg.out

Executing subprocess:
/data/chodera/schrodinger/schrodinger2017-4-advanced/jaguar results -esolv SM11_micro030_conf_1.sol.out

Executing subprocess:
/data/chodera/schrodinger/schrodinger2017-4-advanced/jaguar results -energy SM11_micro030_conf_2.nrg.out

Executing subprocess:
/data/chodera/schrodinger/schrodinger2017-4-advanced/jaguar results -esolv SM11_micro030_conf_2.sol.out

Executing subprocess:
/data/chodera/schrodinger/schrodinger2017-4-advanced/jaguar results -energy SM11_micro030_conf_3.nrg.out

Executing subprocess:
/data/chodera/schrodinger/schrodinger2017-4-advanced/jaguar results -esolv SM11_micro030_conf_3.sol.out

Executing subprocess:
/data/chodera/schrodinger/schrodinger2017-4-advanced/jaguar results -energy SM11_micro030_conf_4.nrg.out

Executing subprocess:
/data/chodera/schrodinger/schrodinger2017-4-advanced/jaguar results -esolv SM11_micro030_conf_4.sol.out

Executing subprocess:
/data/chodera/schrodinger/schrodinger2017-4-advanced/jaguar-v9.8/bin/Linux-x86_64/pka -o SM11_micro009_deprot-out.mae -j SM11_micro009.jres -n -d

Executing subprocess:
/data/chodera/schrodinger/schrodinger2017-4-advanced/jaguar-v9.8/bin/Linux-x86_64/pka -o SM11_micro009_prot-out.mae -j SM11_micro009.jres -n

pKa calculation for SM11_micro009 completed.

pKa workflow jag_SM11_micro009_SM11_micro030 completed.

Timer (Jaguar pKa) : 2590.66 secs (0 hrs, 43 mins, 10 secs)
Timer (jaguar_backend.py) : 2590.66 secs (0 hrs, 43 mins, 10 secs)
Finished:   Fri May  4 14:20:19 2018
