Taking protonated structures from:
SM16_micro004_conf_1.dft_h.01.mae
SM16_micro004_conf_2.dft_h.01.mae
SM16_micro004_conf_3.dft_h.01.mae
SM16_micro004_conf_4.dft_h.01.mae
SM16_micro004_conf_5.dft_h.01.mae
Taking deprotonated structures from:
SM16_micro002_conf_1.dft.01.mae
SM16_micro002_conf_2.dft.01.mae
SM16_micro002_conf_3.dft.01.mae
SM16_micro002_conf_4.dft.01.mae
SM16_micro002_conf_5.dft.01.mae

Corrected results for 'protonated' structure in water:
pKa atom: 19

 # 	           Shell           	 pKa 	RMSD	 Contribution
---	---------------------------	-----	-----	--------------
1: 	pyridine                   	 4.98	0.493	    58.92%
2: 	heterocycle custom 1       	 4.76	0.617	    28.92%
3: 	heterocycle                	 4.94	0.837	    11.48%
4: 	Protonation of generic atom	 5.24	2.264	     0.68%

 Final weighted pKa value is 4.91



