Taking protonated structures from:
SM18_micro063_conf_1.dft_h.01.mae
SM18_micro063_conf_2.dft_h.01.mae
SM18_micro063_conf_3.dft_h.01.mae
SM18_micro063_conf_4.dft_h.01.mae
SM18_micro063_conf_5.dft_h.01.mae
Taking deprotonated structures from:
SM18_micro068_conf_1.dft.01.mae
SM18_micro068_conf_2.dft.01.mae
SM18_micro068_conf_3.dft.01.mae
SM18_micro068_conf_4.dft.01.mae
SM18_micro068_conf_5.dft.01.mae

Corrected results for 'protonated' structure in water:
pKa atom: 40

 # 	                 Shell                  	 pKa 	RMSD	 Contribution
---	----------------------------------------	-----	-----	--------------
1: 	mono keto CH acid                       	 5.25	0.641	     0.88%
2: 	Protonation of generic atom             	 1.87	2.264	    93.70%
3: 	aliphatic CH acid in water              	 0.26	2.584	     2.58%
4: 	Protonation of sp2-like aliphatic carbon	 0.59	2.605	     2.84%

 Final weighted pKa value is 1.82



