Command:    jaguar run pka.py -jobname jag_SM11_micro022_SM11_micro009 -PARALLEL 10 -n -csrch -prot SM11_micro022.in -deprot SM11_micro009.in
Release:    2017-4
Exec:       /data/chodera/schrodinger/schrodinger2017-4-advanced/jaguar-v9.8/bin/Linux-x86_64
Host:       lt20
JobId:      lilac-0-5aec9a33
JobDir:     /lila/data/chodera/schrodinger/tmpdir/rustenburg/jag_SM11_micro022_SM11_micro009
Date:       Fri May  4 13:37:03 2018

Contents of /lila/data/chodera/schrodinger/tmpdir/rustenburg/jag_SM11_micro022_SM11_micro009:
/lila/data/chodera/schrodinger/tmpdir/rustenburg/jag_SM11_micro022_SM11_micro009/jag_SM11_micro022_SM11_micro009.log
/lila/data/chodera/schrodinger/tmpdir/rustenburg/jag_SM11_micro022_SM11_micro009/SM11_micro009.in
/lila/data/chodera/schrodinger/tmpdir/rustenburg/jag_SM11_micro022_SM11_micro009/lilac-0-5aec9a33.hosts
/lila/data/chodera/schrodinger/tmpdir/rustenburg/jag_SM11_micro022_SM11_micro009/lilac-0-5aec9a33.nodes
/lila/data/chodera/schrodinger/tmpdir/rustenburg/jag_SM11_micro022_SM11_micro009/lilac-0-5aec9a33.recover
/lila/data/chodera/schrodinger/tmpdir/rustenburg/jag_SM11_micro022_SM11_micro009/SM11_micro022.in
/lila/data/chodera/schrodinger/tmpdir/rustenburg/jag_SM11_micro022_SM11_micro009/SM11_micro022.mae
/lila/data/chodera/schrodinger/tmpdir/rustenburg/jag_SM11_micro022_SM11_micro009/jag_SM11_micro022_SM11_micro009.recover
/lila/data/chodera/schrodinger/tmpdir/rustenburg/jag_SM11_micro022_SM11_micro009/lilac-0-5aec9a33
/lila/data/chodera/schrodinger/tmpdir/rustenburg/jag_SM11_micro022_SM11_micro009/lilac-0-5aec9a33.jlog
/lila/data/chodera/schrodinger/tmpdir/rustenburg/jag_SM11_micro022_SM11_micro009/lilac-0-5aec9a33.mpinodes
/lila/data/chodera/schrodinger/tmpdir/rustenburg/jag_SM11_micro022_SM11_micro009/SM11_micro009.mae

=====================
 Jaguar pKa workflow
=====================

Analysing user-provided (prot, deprot) pair:
(SM11_micro022.in, SM11_micro009.in)
Found labile hydrogen 18 in SM11_micro022.in
Found labile hydrogen at atom 13 in SM11_micro009.in
Adding 'ipkat' keyword to input files.

Identifying pKa functional group for pair:
(SM11_micro022, SM11_micro009)

Executing subprocess:
/data/chodera/schrodinger/schrodinger2017-4-advanced/jaguar-v9.8/bin/Linux-x86_64/pka -i -j SM11_micro022.tmp.jres -n

Taking protonated structures from:
SM11_micro022.mae
Taking deprotonated structures from:
SM11_micro009.mae

This molecule from 'SM11_micro022.mae' in water was recognized as:

 # 	                  Shell                   
---	------------------------------------------
1: 	NR2 attached to heterocycle               
2: 	Protonation of sp3-like aliphatic nitrogen
3: 	Protonation of generic atom               


Executing conformational search...

Executing 2 distributed subjobs:
---------------------------------

No more than 8 cpu(s) will be used per subjob.
No more than 10 cpu(s) will be used simultaneously.

Processing the following subjobs:
(1) jaguar run csrch.py SM11_micro022.mae -jobname SM11_micro022 -max_conf 5 -erg_window 50.208 -acc_level 1 -TPP 5
(2) jaguar run csrch.py SM11_micro009.mae -jobname SM11_micro009 -max_conf 5 -erg_window 50.208 -acc_level 1 -TPP 5

Running subjobs on hosts:
  lsf-cpu (Max: 2)
Number of jobs:       2
Max retries per job:  3
Max allowed failures: unlimited
Run with -LOCAL:      False
Verbosity:            normal

Starting JobDJ...

Keep one job on driver host: False
JobDJ columns:
  C: Number of completed subjobs
  A: Number of active subjobs (e.g., submitted, running)
  W: Number of waiting/pending subjobs

C A W | Activity  JobId  JobName  JobHost
- - - | --------- -----------------------
0 1 1 | launched  lt20-0-5aec9a45 SM11_micro022 lsf-cpu
0 2 0 | launched  lt20-1-5aec9a48 SM11_micro009 lsf-cpu
1 1 0 | finished  lt20-1-5aec9a48 SM11_micro009 lsf-cpu
2 0 0 | finished  lt20-0-5aec9a45 SM11_micro022 lsf-cpu

All jobs have completed.

2 of 2 job(s) succeeded; 0 job(s) failed.

Timer (distribute subjobs) : 316.11 secs (0 hrs, 05 mins, 16 secs)

Setting up QM workflow for (protonated, deprotonated) pair:
(1) (SM11_micro022, SM11_micro009)

Executing Jaguar quantum-mechanical subjobs...

Executing 6 distributed subjobs:
---------------------------------

No more than 8 cpu(s) will be used per subjob.
No more than 10 cpu(s) will be used simultaneously.

Processing the following subjobs:
(1) jaguar run pka_prot.bat -jobname SM11_micro022_conf_1 SM11_micro022_conf_1.in -TPP 2
(2) jaguar run pka_prot.bat -jobname SM11_micro022_conf_2 SM11_micro022_conf_2.in -TPP 2
(3) jaguar run pka_prot.bat -jobname SM11_micro022_conf_3 SM11_micro022_conf_3.in -TPP 2
(4) jaguar run pka_deprot.bat -jobname SM11_micro009_conf_1 SM11_micro009_conf_1.in -TPP 2
(5) jaguar run pka_deprot.bat -jobname SM11_micro009_conf_2 SM11_micro009_conf_2.in
(6) jaguar run pka_deprot.bat -jobname SM11_micro009_conf_3 SM11_micro009_conf_3.in

Running subjobs on hosts:
  lsf-cpu (Max: 6)
Number of jobs:       6
Max retries per job:  3
Max allowed failures: unlimited
Run with -LOCAL:      False
Verbosity:            normal

Starting JobDJ...

Keep one job on driver host: False
JobDJ columns:
  C: Number of completed subjobs
  A: Number of active subjobs (e.g., submitted, running)
  W: Number of waiting/pending subjobs

C A W | Activity  JobId  JobName  JobHost
- - - | --------- -----------------------
0 1 5 | launched  lt20-0-5aec9b85 SM11_micro022_conf_1 lsf-cpu
0 2 4 | launched  lt20-1-5aec9b87 SM11_micro022_conf_2 lsf-cpu
0 3 3 | launched  lt20-0-5aec9b8a SM11_micro022_conf_3 lsf-cpu
0 4 2 | launched  lt20-0-5aec9b8d SM11_micro009_conf_1 lsf-cpu
0 5 1 | launched  lt20-0-5aec9b90 SM11_micro009_conf_2 lsf-cpu
0 6 0 | launched  lt20-0-5aec9b93 SM11_micro009_conf_3 lsf-cpu
1 5 0 | finished  lt20-0-5aec9b85 SM11_micro022_conf_1 lsf-cpu [lt08]
2 4 0 | finished  lt20-0-5aec9b8a SM11_micro022_conf_3 lsf-cpu [ls01]
3 3 0 | finished  lt20-0-5aec9b93 SM11_micro009_conf_3 lsf-cpu [ls13]
4 2 0 | finished  lt20-1-5aec9b87 SM11_micro022_conf_2 lsf-cpu [ls11]
5 1 0 | finished  lt20-0-5aec9b8d SM11_micro009_conf_1 lsf-cpu [ls13]
6 0 0 | finished  lt20-0-5aec9b90 SM11_micro009_conf_2 lsf-cpu [ls18]

All jobs have completed.

6 of 6 job(s) succeeded; 0 job(s) failed.

Timer (distribute subjobs) : 2012.40 secs (0 hrs, 33 mins, 32 secs)

Processing QM output files...

Executing subprocess:
/data/chodera/schrodinger/schrodinger2017-4-advanced/jaguar results -energy SM11_micro022_conf_1.nrg_h.out

Executing subprocess:
/data/chodera/schrodinger/schrodinger2017-4-advanced/jaguar results -esolv SM11_micro022_conf_1.sol_h.out

Executing subprocess:
/data/chodera/schrodinger/schrodinger2017-4-advanced/jaguar results -energy SM11_micro022_conf_2.nrg_h.out

Executing subprocess:
/data/chodera/schrodinger/schrodinger2017-4-advanced/jaguar results -esolv SM11_micro022_conf_2.sol_h.out

Executing subprocess:
/data/chodera/schrodinger/schrodinger2017-4-advanced/jaguar results -energy SM11_micro022_conf_3.nrg_h.out

Executing subprocess:
/data/chodera/schrodinger/schrodinger2017-4-advanced/jaguar results -esolv SM11_micro022_conf_3.sol_h.out

Executing subprocess:
/data/chodera/schrodinger/schrodinger2017-4-advanced/jaguar results -energy SM11_micro009_conf_1.nrg.out

Executing subprocess:
/data/chodera/schrodinger/schrodinger2017-4-advanced/jaguar results -esolv SM11_micro009_conf_1.sol.out

Executing subprocess:
/data/chodera/schrodinger/schrodinger2017-4-advanced/jaguar results -energy SM11_micro009_conf_2.nrg.out

Executing subprocess:
/data/chodera/schrodinger/schrodinger2017-4-advanced/jaguar results -esolv SM11_micro009_conf_2.sol.out

Executing subprocess:
/data/chodera/schrodinger/schrodinger2017-4-advanced/jaguar results -energy SM11_micro009_conf_3.nrg.out

Executing subprocess:
/data/chodera/schrodinger/schrodinger2017-4-advanced/jaguar results -esolv SM11_micro009_conf_3.sol.out

Executing subprocess:
/data/chodera/schrodinger/schrodinger2017-4-advanced/jaguar-v9.8/bin/Linux-x86_64/pka -o SM11_micro022_deprot-out.mae -j SM11_micro022.jres -n -d

Executing subprocess:
/data/chodera/schrodinger/schrodinger2017-4-advanced/jaguar-v9.8/bin/Linux-x86_64/pka -o SM11_micro022_prot-out.mae -j SM11_micro022.jres -n

pKa calculation for SM11_micro022 completed.

pKa workflow jag_SM11_micro022_SM11_micro009 completed.

Timer (Jaguar pKa) : 2382.85 secs (0 hrs, 39 mins, 42 secs)
Timer (jaguar_backend.py) : 2382.85 secs (0 hrs, 39 mins, 42 secs)
Finished:   Fri May  4 14:16:45 2018
