Command:    jaguar run pka.py -jobname jag_SM08_micro003_SM08_micro004 -PARALLEL 10 -n -csrch -prot SM08_micro003.in -deprot SM08_micro004.in
Release:    2017-4
Exec:       /data/chodera/schrodinger/schrodinger2017-4-advanced/jaguar-v9.8/bin/Linux-x86_64
Host:       lt04
JobId:      lilac-0-5aec7ca3
JobDir:     /lila/data/chodera/schrodinger/tmpdir/rustenburg/jag_SM08_micro003_SM08_micro004
Date:       Fri May  4 11:31:45 2018

Contents of /lila/data/chodera/schrodinger/tmpdir/rustenburg/jag_SM08_micro003_SM08_micro004:
/lila/data/chodera/schrodinger/tmpdir/rustenburg/jag_SM08_micro003_SM08_micro004/lilac-0-5aec7ca3.jlog
/lila/data/chodera/schrodinger/tmpdir/rustenburg/jag_SM08_micro003_SM08_micro004/SM08_micro003.in
/lila/data/chodera/schrodinger/tmpdir/rustenburg/jag_SM08_micro003_SM08_micro004/lilac-0-5aec7ca3.nodes
/lila/data/chodera/schrodinger/tmpdir/rustenburg/jag_SM08_micro003_SM08_micro004/lilac-0-5aec7ca3
/lila/data/chodera/schrodinger/tmpdir/rustenburg/jag_SM08_micro003_SM08_micro004/lilac-0-5aec7ca3.hosts
/lila/data/chodera/schrodinger/tmpdir/rustenburg/jag_SM08_micro003_SM08_micro004/lilac-0-5aec7ca3.mpinodes
/lila/data/chodera/schrodinger/tmpdir/rustenburg/jag_SM08_micro003_SM08_micro004/lilac-0-5aec7ca3.recover
/lila/data/chodera/schrodinger/tmpdir/rustenburg/jag_SM08_micro003_SM08_micro004/jag_SM08_micro003_SM08_micro004.log
/lila/data/chodera/schrodinger/tmpdir/rustenburg/jag_SM08_micro003_SM08_micro004/jag_SM08_micro003_SM08_micro004.recover
/lila/data/chodera/schrodinger/tmpdir/rustenburg/jag_SM08_micro003_SM08_micro004/SM08_micro003.mae
/lila/data/chodera/schrodinger/tmpdir/rustenburg/jag_SM08_micro003_SM08_micro004/SM08_micro004.in
/lila/data/chodera/schrodinger/tmpdir/rustenburg/jag_SM08_micro003_SM08_micro004/SM08_micro004.mae

=====================
 Jaguar pKa workflow
=====================

Analysing user-provided (prot, deprot) pair:
(SM08_micro003.in, SM08_micro004.in)
Found labile hydrogen 31 in SM08_micro003.in
Found labile hydrogen at atom 16 in SM08_micro004.in
Adding 'ipkat' keyword to input files.

Identifying pKa functional group for pair:
(SM08_micro003, SM08_micro004)

Executing subprocess:
/data/chodera/schrodinger/schrodinger2017-4-advanced/jaguar-v9.8/bin/Linux-x86_64/pka -i -j SM08_micro003.tmp.jres -n

Taking protonated structures from:
SM08_micro003.mae
Taking deprotonated structures from:
SM08_micro004.mae

This molecule from 'SM08_micro003.mae' in water was recognized as:

 # 	             Shell             
---	-------------------------------
1: 	carboxylic acid                
2: 	carboxylic acid, non-conjugated
3: 	Protonation of generic atom    
4: 	Protonation of sp2-like oxygen 


Executing conformational search...

Executing 2 distributed subjobs:
---------------------------------

No more than 8 cpu(s) will be used per subjob.
No more than 10 cpu(s) will be used simultaneously.

Processing the following subjobs:
(1) jaguar run csrch.py SM08_micro003.mae -jobname SM08_micro003 -max_conf 5 -erg_window 50.208 -acc_level 1 -TPP 5
(2) jaguar run csrch.py SM08_micro004.mae -jobname SM08_micro004 -max_conf 5 -erg_window 50.208 -acc_level 1 -TPP 5

Running subjobs on hosts:
  lsf-cpu (Max: 2)
Number of jobs:       2
Max retries per job:  3
Max allowed failures: unlimited
Run with -LOCAL:      False
Verbosity:            normal

Starting JobDJ...

Keep one job on driver host: False
JobDJ columns:
  C: Number of completed subjobs
  A: Number of active subjobs (e.g., submitted, running)
  W: Number of waiting/pending subjobs

C A W | Activity  JobId  JobName  JobHost
- - - | --------- -----------------------
0 1 1 | launched  lt04-0-5aec7ce8 SM08_micro003 lsf-cpu
0 2 0 | launched  lt04-2-5aec7cf0 SM08_micro004 lsf-cpu
1 1 0 | finished  lt04-0-5aec7ce8 SM08_micro003 lsf-cpu
2 0 0 | finished  lt04-2-5aec7cf0 SM08_micro004 lsf-cpu

All jobs have completed.

2 of 2 job(s) succeeded; 0 job(s) failed.

Timer (distribute subjobs) : 612.67 secs (0 hrs, 10 mins, 12 secs)

Setting up QM workflow for (protonated, deprotonated) pair:
(1) (SM08_micro003, SM08_micro004)

Executing Jaguar quantum-mechanical subjobs...

Executing 6 distributed subjobs:
---------------------------------

No more than 8 cpu(s) will be used per subjob.
No more than 10 cpu(s) will be used simultaneously.

Processing the following subjobs:
(1) jaguar run pka_prot.bat -jobname SM08_micro003_conf_1 SM08_micro003_conf_1.in -TPP 2
(2) jaguar run pka_prot.bat -jobname SM08_micro003_conf_2 SM08_micro003_conf_2.in -TPP 2
(3) jaguar run pka_prot.bat -jobname SM08_micro003_conf_3 SM08_micro003_conf_3.in -TPP 2
(4) jaguar run pka_prot.bat -jobname SM08_micro003_conf_4 SM08_micro003_conf_4.in -TPP 2
(5) jaguar run pka_prot.bat -jobname SM08_micro003_conf_5 SM08_micro003_conf_5.in
(6) jaguar run pka_deprot.bat -jobname SM08_micro004_conf SM08_micro004_conf.in

Running subjobs on hosts:
  lsf-cpu (Max: 6)
Number of jobs:       6
Max retries per job:  3
Max allowed failures: unlimited
Run with -LOCAL:      False
Verbosity:            normal

Starting JobDJ...

Keep one job on driver host: False
JobDJ columns:
  C: Number of completed subjobs
  A: Number of active subjobs (e.g., submitted, running)
  W: Number of waiting/pending subjobs

C A W | Activity  JobId  JobName  JobHost
- - - | --------- -----------------------
0 1 5 | launched  lt04-1-5aec7f4d SM08_micro003_conf_1 lsf-cpu
0 2 4 | launched  lt04-0-5aec7f52 SM08_micro003_conf_2 lsf-cpu
0 3 3 | launched  lt04-0-5aec7f55 SM08_micro003_conf_3 lsf-cpu
0 4 2 | launched  lt04-0-5aec7f59 SM08_micro003_conf_4 lsf-cpu
0 5 1 | launched  lt04-0-5aec7f5c SM08_micro003_conf_5 lsf-cpu
0 6 0 | launched  lt04-0-5aec7f60 SM08_micro004_conf lsf-cpu
1 5 0 | finished  lt04-1-5aec7f4d SM08_micro003_conf_1 lsf-cpu [ls12]
2 4 0 | finished  lt04-0-5aec7f55 SM08_micro003_conf_3 lsf-cpu [ls17]
3 3 0 | finished  lt04-0-5aec7f52 SM08_micro003_conf_2 lsf-cpu [lt02]
4 2 0 | finished  lt04-0-5aec7f60 SM08_micro004_conf lsf-cpu [lt05]
5 1 0 | finished  lt04-0-5aec7f59 SM08_micro003_conf_4 lsf-cpu [lt02]
6 0 0 | finished  lt04-0-5aec7f5c SM08_micro003_conf_5 lsf-cpu [lt02]

All jobs have completed.

6 of 6 job(s) succeeded; 0 job(s) failed.

Timer (distribute subjobs) : 4714.53 secs (1 hrs, 18 mins, 34 secs)

Processing QM output files...

Executing subprocess:
/data/chodera/schrodinger/schrodinger2017-4-advanced/jaguar results -energy SM08_micro003_conf_1.nrg_h.out

Executing subprocess:
/data/chodera/schrodinger/schrodinger2017-4-advanced/jaguar results -esolv SM08_micro003_conf_1.sol_h.out

Executing subprocess:
/data/chodera/schrodinger/schrodinger2017-4-advanced/jaguar results -energy SM08_micro003_conf_2.nrg_h.out

Executing subprocess:
/data/chodera/schrodinger/schrodinger2017-4-advanced/jaguar results -esolv SM08_micro003_conf_2.sol_h.out

Executing subprocess:
/data/chodera/schrodinger/schrodinger2017-4-advanced/jaguar results -energy SM08_micro003_conf_3.nrg_h.out

Executing subprocess:
/data/chodera/schrodinger/schrodinger2017-4-advanced/jaguar results -esolv SM08_micro003_conf_3.sol_h.out

Executing subprocess:
/data/chodera/schrodinger/schrodinger2017-4-advanced/jaguar results -energy SM08_micro003_conf_4.nrg_h.out

Executing subprocess:
/data/chodera/schrodinger/schrodinger2017-4-advanced/jaguar results -esolv SM08_micro003_conf_4.sol_h.out

Executing subprocess:
/data/chodera/schrodinger/schrodinger2017-4-advanced/jaguar results -energy SM08_micro003_conf_5.nrg_h.out

Executing subprocess:
/data/chodera/schrodinger/schrodinger2017-4-advanced/jaguar results -esolv SM08_micro003_conf_5.sol_h.out

Executing subprocess:
/data/chodera/schrodinger/schrodinger2017-4-advanced/jaguar results -energy SM08_micro004_conf.nrg.out

Executing subprocess:
/data/chodera/schrodinger/schrodinger2017-4-advanced/jaguar results -esolv SM08_micro004_conf.sol.out

Executing subprocess:
/data/chodera/schrodinger/schrodinger2017-4-advanced/jaguar-v9.8/bin/Linux-x86_64/pka -o SM08_micro003_deprot-out.mae -j SM08_micro003.jres -n -d

Executing subprocess:
/data/chodera/schrodinger/schrodinger2017-4-advanced/jaguar-v9.8/bin/Linux-x86_64/pka -o SM08_micro003_prot-out.mae -j SM08_micro003.jres -n

pKa calculation for SM08_micro003 completed.

pKa workflow jag_SM08_micro003_SM08_micro004 completed.

Timer (Jaguar pKa) : 5396.95 secs (1 hrs, 29 mins, 56 secs)
Timer (jaguar_backend.py) : 5396.95 secs (1 hrs, 29 mins, 56 secs)
Finished:   Fri May  4 13:01:42 2018
