Command:    jaguar run pka.py -jobname jag_SM23_micro040_SM23_micro024 -PARALLEL 10 -WAIT -n -csrch -prot SM23_micro040.in -deprot SM23_micro024.in
Release:    2017-4
Exec:       /data/chodera/schrodinger/schrodinger2017-4-advanced/jaguar-v9.8/bin/Linux-x86_64
Host:       ls04
JobId:      ls04-0-5af46007
JobDir:     /lila/data/chodera/schrodinger/tmpdir/rustenburg/jag_SM23_micro040_SM23_micro024.1
Date:       Thu May 10 11:06:56 2018

Contents of /lila/data/chodera/schrodinger/tmpdir/rustenburg/jag_SM23_micro040_SM23_micro024.1:
/lila/data/chodera/schrodinger/tmpdir/rustenburg/jag_SM23_micro040_SM23_micro024.1/jag_SM23_micro040_SM23_micro024.recover
/lila/data/chodera/schrodinger/tmpdir/rustenburg/jag_SM23_micro040_SM23_micro024.1/SM23_micro040.mae
/lila/data/chodera/schrodinger/tmpdir/rustenburg/jag_SM23_micro040_SM23_micro024.1/jag_SM23_micro040_SM23_micro024.log
/lila/data/chodera/schrodinger/tmpdir/rustenburg/jag_SM23_micro040_SM23_micro024.1/SM23_micro024.mae
/lila/data/chodera/schrodinger/tmpdir/rustenburg/jag_SM23_micro040_SM23_micro024.1/SM23_micro024.in
/lila/data/chodera/schrodinger/tmpdir/rustenburg/jag_SM23_micro040_SM23_micro024.1/SM23_micro040.in
/lila/data/chodera/schrodinger/tmpdir/rustenburg/jag_SM23_micro040_SM23_micro024.1/ls04-0-5af46007.mpinodes
/lila/data/chodera/schrodinger/tmpdir/rustenburg/jag_SM23_micro040_SM23_micro024.1/ls04-0-5af46007.recover
/lila/data/chodera/schrodinger/tmpdir/rustenburg/jag_SM23_micro040_SM23_micro024.1/ls04-0-5af46007

=====================
 Jaguar pKa workflow
=====================

Analysing user-provided (prot, deprot) pair:
(SM23_micro040.in, SM23_micro024.in)
Error: prot/deprot structures appear to be reversed:
SM23_micro040.in
SM23_micro024.in


An error has occurred.  Information about the error has been written to 
/home/rustenburg/.schrodinger/exceptions/error20180510-110656.txt 

Please contact help@schrodinger.com for assistance. Include error20180510-110656.txt and a description of what you were doing when the error occurred.
