Taking protonated structures from:
SM06_micro001_conf_1.dft_h.01.mae
SM06_micro001_conf_2.dft_h.01.mae
SM06_micro001_conf_3.dft_h.01.mae
SM06_micro001_conf_4.dft_h.01.mae
SM06_micro001_conf_5.dft_h.01.mae
Taking deprotonated structures from:
SM06_micro008_conf_1.dft.01.mae
SM06_micro008_conf_2.dft.01.mae
SM06_micro008_conf_3.dft.01.mae
SM06_micro008_conf_4.dft.01.mae
SM06_micro008_conf_5.dft.01.mae

Corrected results for 'protonated' structure in water:
pKa atom: 27

 # 	                  Shell                   	 pKa 	RMSD	 Contribution
---	------------------------------------------	-----	-----	--------------
1: 	amide as acid                             	15.18	0.903	    96.11%
2: 	Protonation of sp2-like aliphatic nitrogen	13.91	1.751	     2.71%
3: 	Protonation of generic atom               	13.52	2.264	     1.18%

 Final weighted pKa value is 15.12



