Taking protonated structures from:
SM17_micro007_conf_1.dft_h.01.mae
SM17_micro007_conf_2.dft_h.01.mae
SM17_micro007_conf_3.dft_h.01.mae
SM17_micro007_conf_4.dft_h.01.mae
SM17_micro007_conf_5.dft_h.01.mae
Taking deprotonated structures from:
SM17_micro005_conf_1.dft.01.mae
SM17_micro005_conf_2.dft.01.mae
SM17_micro005_conf_3.dft.01.mae
SM17_micro005_conf_4.dft.01.mae
SM17_micro005_conf_5.dft.01.mae

Corrected results for 'protonated' structure in water:
pKa atom: 21

 # 	           Shell           	 pKa 	RMSD	 Contribution
---	---------------------------	-----	-----	--------------
1: 	pyridine                   	 1.16	0.493	    58.87%
2: 	heterocycle custom 1       	 0.37	0.617	    28.94%
3: 	heterocycle                	 0.73	0.837	    11.49%
4: 	Protonation of generic atom	 1.99	2.264	     0.70%

 Final weighted pKa value is 0.89



