Command:    jaguar run pka.py -jobname jag_SM06_micro005_SM06_micro001 -PARALLEL 10 -n -csrch -prot SM06_micro005.in -deprot SM06_micro001.in
Release:    2017-4
Exec:       /data/chodera/schrodinger/schrodinger2017-4-advanced/jaguar-v9.8/bin/Linux-x86_64
Host:       ls15
JobId:      lilac-0-5aec72ae
JobDir:     /lila/data/chodera/schrodinger/tmpdir/rustenburg/jag_SM06_micro005_SM06_micro001
Date:       Fri May  4 10:48:18 2018

Contents of /lila/data/chodera/schrodinger/tmpdir/rustenburg/jag_SM06_micro005_SM06_micro001:
/lila/data/chodera/schrodinger/tmpdir/rustenburg/jag_SM06_micro005_SM06_micro001/SM06_micro005.in
/lila/data/chodera/schrodinger/tmpdir/rustenburg/jag_SM06_micro005_SM06_micro001/SM06_micro001.mae
/lila/data/chodera/schrodinger/tmpdir/rustenburg/jag_SM06_micro005_SM06_micro001/SM06_micro001.in
/lila/data/chodera/schrodinger/tmpdir/rustenburg/jag_SM06_micro005_SM06_micro001/jag_SM06_micro005_SM06_micro001.recover
/lila/data/chodera/schrodinger/tmpdir/rustenburg/jag_SM06_micro005_SM06_micro001/lilac-0-5aec72ae.hosts
/lila/data/chodera/schrodinger/tmpdir/rustenburg/jag_SM06_micro005_SM06_micro001/SM06_micro005.mae
/lila/data/chodera/schrodinger/tmpdir/rustenburg/jag_SM06_micro005_SM06_micro001/lilac-0-5aec72ae.jlog
/lila/data/chodera/schrodinger/tmpdir/rustenburg/jag_SM06_micro005_SM06_micro001/lilac-0-5aec72ae.mpinodes
/lila/data/chodera/schrodinger/tmpdir/rustenburg/jag_SM06_micro005_SM06_micro001/lilac-0-5aec72ae
/lila/data/chodera/schrodinger/tmpdir/rustenburg/jag_SM06_micro005_SM06_micro001/lilac-0-5aec72ae.nodes
/lila/data/chodera/schrodinger/tmpdir/rustenburg/jag_SM06_micro005_SM06_micro001/jag_SM06_micro005_SM06_micro001.log
/lila/data/chodera/schrodinger/tmpdir/rustenburg/jag_SM06_micro005_SM06_micro001/lilac-0-5aec72ae.recover

=====================
 Jaguar pKa workflow
=====================

Analysing user-provided (prot, deprot) pair:
(SM06_micro005.in, SM06_micro001.in)
Found labile hydrogen 22 in SM06_micro005.in
Found labile hydrogen at atom 19 in SM06_micro001.in
Adding 'ipkat' keyword to input files.

Identifying pKa functional group for pair:
(SM06_micro005, SM06_micro001)

Executing subprocess:
/data/chodera/schrodinger/schrodinger2017-4-advanced/jaguar-v9.8/bin/Linux-x86_64/pka -i -j SM06_micro005.tmp.jres -n

Taking protonated structures from:
SM06_micro005.mae
Taking deprotonated structures from:
SM06_micro001.mae

This molecule from 'SM06_micro005.mae' in water was recognized as:

 # 	           Shell           
---	---------------------------
1: 	pyridine                   
2: 	heterocycle custom 1       
3: 	heterocycle                
4: 	Protonation of generic atom


Executing conformational search...

Executing 2 distributed subjobs:
---------------------------------

No more than 8 cpu(s) will be used per subjob.
No more than 10 cpu(s) will be used simultaneously.

Processing the following subjobs:
(1) jaguar run csrch.py SM06_micro005.mae -jobname SM06_micro005 -max_conf 5 -erg_window 50.208 -acc_level 1 -TPP 5
(2) jaguar run csrch.py SM06_micro001.mae -jobname SM06_micro001 -max_conf 5 -erg_window 50.208 -acc_level 1 -TPP 5

Running subjobs on hosts:
  lsf-cpu (Max: 2)
Number of jobs:       2
Max retries per job:  3
Max allowed failures: unlimited
Run with -LOCAL:      False
Verbosity:            normal

Starting JobDJ...

Keep one job on driver host: False
JobDJ columns:
  C: Number of completed subjobs
  A: Number of active subjobs (e.g., submitted, running)
  W: Number of waiting/pending subjobs

C A W | Activity  JobId  JobName  JobHost
- - - | --------- -----------------------
0 1 1 | launched  ls15-0-5aec72ba SM06_micro005 lsf-cpu
0 2 0 | launched  ls15-0-5aec72bf SM06_micro001 lsf-cpu
1 1 0 | finished  ls15-0-5aec72ba SM06_micro005 lsf-cpu
2 0 0 | finished  ls15-0-5aec72bf SM06_micro001 lsf-cpu

All jobs have completed.

2 of 2 job(s) succeeded; 0 job(s) failed.

Timer (distribute subjobs) : 441.88 secs (0 hrs, 07 mins, 21 secs)

Setting up QM workflow for (protonated, deprotonated) pair:
(1) (SM06_micro005, SM06_micro001)

Executing Jaguar quantum-mechanical subjobs...

Executing 10 distributed subjobs:
----------------------------------

No more than 8 cpu(s) will be used per subjob.
No more than 10 cpu(s) will be used simultaneously.

Processing the following subjobs:
(1) jaguar run pka_prot.bat -jobname SM06_micro005_conf_1 SM06_micro005_conf_1.in
(2) jaguar run pka_prot.bat -jobname SM06_micro005_conf_2 SM06_micro005_conf_2.in
(3) jaguar run pka_prot.bat -jobname SM06_micro005_conf_3 SM06_micro005_conf_3.in
(4) jaguar run pka_prot.bat -jobname SM06_micro005_conf_4 SM06_micro005_conf_4.in
(5) jaguar run pka_prot.bat -jobname SM06_micro005_conf_5 SM06_micro005_conf_5.in
(6) jaguar run pka_deprot.bat -jobname SM06_micro001_conf_1 SM06_micro001_conf_1.in
(7) jaguar run pka_deprot.bat -jobname SM06_micro001_conf_2 SM06_micro001_conf_2.in
(8) jaguar run pka_deprot.bat -jobname SM06_micro001_conf_3 SM06_micro001_conf_3.in
(9) jaguar run pka_deprot.bat -jobname SM06_micro001_conf_4 SM06_micro001_conf_4.in
(10) jaguar run pka_deprot.bat -jobname SM06_micro001_conf_5 SM06_micro001_conf_5.in

Running subjobs on hosts:
  lsf-cpu (Max: 10)
Number of jobs:       10
Max retries per job:  3
Max allowed failures: unlimited
Run with -LOCAL:      False
Verbosity:            normal

Starting JobDJ...

Keep one job on driver host: True
JobDJ columns:
  C: Number of completed subjobs
  A: Number of active subjobs (e.g., submitted, running)
  W: Number of waiting/pending subjobs

 C  A  W | Activity  JobId  JobName  JobHost
-- -- -- | --------- -----------------------
 0  1  9 | launched  ls15-0-5aec747a SM06_micro005_conf_1 localhost [ls15]
 0  2  8 | launched  ls15-0-5aec7483 SM06_micro005_conf_2 lsf-cpu
 0  3  7 | launched  ls15-0-5aec7489 SM06_micro005_conf_3 lsf-cpu
 0  4  6 | launched  ls15-0-5aec748d SM06_micro005_conf_4 lsf-cpu
 0  5  5 | launched  ls15-0-5aec7493 SM06_micro005_conf_5 lsf-cpu
 0  6  4 | launched  ls15-0-5aec7498 SM06_micro001_conf_1 lsf-cpu
 0  7  3 | launched  ls15-0-5aec749e SM06_micro001_conf_2 lsf-cpu
 0  8  2 | launched  ls15-0-5aec74a4 SM06_micro001_conf_3 lsf-cpu
 0  9  1 | launched  ls15-0-5aec74aa SM06_micro001_conf_4 lsf-cpu
 0 10  0 | launched  ls15-0-5aec74b0 SM06_micro001_conf_5 lsf-cpu
 1  9  0 | finished  ls15-0-5aec749e SM06_micro001_conf_2 lsf-cpu [lt22]
 2  8  0 | finished  ls15-0-5aec7498 SM06_micro001_conf_1 lsf-cpu [lt22]
 3  7  0 | finished  ls15-0-5aec74b0 SM06_micro001_conf_5 lsf-cpu [lt22]
 4  6  0 | finished  ls15-0-5aec74aa SM06_micro001_conf_4 lsf-cpu [lt22]
 5  5  0 | finished  ls15-0-5aec747a SM06_micro005_conf_1 localhost [ls15]
 6  4  0 | finished  ls15-0-5aec74a4 SM06_micro001_conf_3 lsf-cpu [lt22]
 7  3  0 | finished  ls15-0-5aec748d SM06_micro005_conf_4 lsf-cpu [ls07]
 8  2  0 | finished  ls15-0-5aec7483 SM06_micro005_conf_2 lsf-cpu [ls07]
 9  1  0 | finished  ls15-0-5aec7493 SM06_micro005_conf_5 lsf-cpu [lt22]
10  0  0 | finished  ls15-0-5aec7489 SM06_micro005_conf_3 lsf-cpu [ls07]

All jobs have completed.

10 of 10 job(s) succeeded; 0 job(s) failed.

Timer (distribute subjobs) : 5230.37 secs (1 hrs, 27 mins, 10 secs)

Processing QM output files...

Executing subprocess:
/data/chodera/schrodinger/schrodinger2017-4-advanced/jaguar results -energy SM06_micro005_conf_1.nrg_h.out

Executing subprocess:
/data/chodera/schrodinger/schrodinger2017-4-advanced/jaguar results -esolv SM06_micro005_conf_1.sol_h.out

Executing subprocess:
/data/chodera/schrodinger/schrodinger2017-4-advanced/jaguar results -energy SM06_micro005_conf_2.nrg_h.out

Executing subprocess:
/data/chodera/schrodinger/schrodinger2017-4-advanced/jaguar results -esolv SM06_micro005_conf_2.sol_h.out

Executing subprocess:
/data/chodera/schrodinger/schrodinger2017-4-advanced/jaguar results -energy SM06_micro005_conf_3.nrg_h.out

Executing subprocess:
/data/chodera/schrodinger/schrodinger2017-4-advanced/jaguar results -esolv SM06_micro005_conf_3.sol_h.out

Executing subprocess:
/data/chodera/schrodinger/schrodinger2017-4-advanced/jaguar results -energy SM06_micro005_conf_4.nrg_h.out

Executing subprocess:
/data/chodera/schrodinger/schrodinger2017-4-advanced/jaguar results -esolv SM06_micro005_conf_4.sol_h.out

Executing subprocess:
/data/chodera/schrodinger/schrodinger2017-4-advanced/jaguar results -energy SM06_micro005_conf_5.nrg_h.out

Executing subprocess:
/data/chodera/schrodinger/schrodinger2017-4-advanced/jaguar results -esolv SM06_micro005_conf_5.sol_h.out

Executing subprocess:
/data/chodera/schrodinger/schrodinger2017-4-advanced/jaguar results -energy SM06_micro001_conf_1.nrg.out

Executing subprocess:
/data/chodera/schrodinger/schrodinger2017-4-advanced/jaguar results -esolv SM06_micro001_conf_1.sol.out

Executing subprocess:
/data/chodera/schrodinger/schrodinger2017-4-advanced/jaguar results -energy SM06_micro001_conf_2.nrg.out

Executing subprocess:
/data/chodera/schrodinger/schrodinger2017-4-advanced/jaguar results -esolv SM06_micro001_conf_2.sol.out

Executing subprocess:
/data/chodera/schrodinger/schrodinger2017-4-advanced/jaguar results -energy SM06_micro001_conf_3.nrg.out

Executing subprocess:
/data/chodera/schrodinger/schrodinger2017-4-advanced/jaguar results -esolv SM06_micro001_conf_3.sol.out

Executing subprocess:
/data/chodera/schrodinger/schrodinger2017-4-advanced/jaguar results -energy SM06_micro001_conf_4.nrg.out

Executing subprocess:
/data/chodera/schrodinger/schrodinger2017-4-advanced/jaguar results -esolv SM06_micro001_conf_4.sol.out

Executing subprocess:
/data/chodera/schrodinger/schrodinger2017-4-advanced/jaguar results -energy SM06_micro001_conf_5.nrg.out

Executing subprocess:
/data/chodera/schrodinger/schrodinger2017-4-advanced/jaguar results -esolv SM06_micro001_conf_5.sol.out

Executing subprocess:
/data/chodera/schrodinger/schrodinger2017-4-advanced/jaguar-v9.8/bin/Linux-x86_64/pka -o SM06_micro005_deprot-out.mae -j SM06_micro005.jres -n -d

Executing subprocess:
/data/chodera/schrodinger/schrodinger2017-4-advanced/jaguar-v9.8/bin/Linux-x86_64/pka -o SM06_micro005_prot-out.mae -j SM06_micro005.jres -n

pKa calculation for SM06_micro005 completed.

pKa workflow jag_SM06_micro005_SM06_micro001 completed.

Timer (Jaguar pKa) : 5763.73 secs (1 hrs, 36 mins, 03 secs)
Timer (jaguar_backend.py) : 5763.73 secs (1 hrs, 36 mins, 03 secs)
Finished:   Fri May  4 12:24:22 2018
