Command:    jaguar run pka.py -jobname jag_SM21_micro029_SM21_micro024 -PARALLEL 10 -WAIT -n -csrch -prot SM21_micro029.in -deprot SM21_micro024.in
Release:    2017-4
Exec:       /data/chodera/schrodinger/schrodinger2017-4-advanced/jaguar-v9.8/bin/Linux-x86_64
Host:       lt03
JobId:      lt03-5-5af45703
JobDir:     /lila/data/chodera/schrodinger/tmpdir/rustenburg/jag_SM21_micro029_SM21_micro024
Date:       Thu May 10 10:28:22 2018

Contents of /lila/data/chodera/schrodinger/tmpdir/rustenburg/jag_SM21_micro029_SM21_micro024:
/lila/data/chodera/schrodinger/tmpdir/rustenburg/jag_SM21_micro029_SM21_micro024/lt03-5-5af45703.recover
/lila/data/chodera/schrodinger/tmpdir/rustenburg/jag_SM21_micro029_SM21_micro024/jag_SM21_micro029_SM21_micro024.recover
/lila/data/chodera/schrodinger/tmpdir/rustenburg/jag_SM21_micro029_SM21_micro024/SM21_micro024.mae
/lila/data/chodera/schrodinger/tmpdir/rustenburg/jag_SM21_micro029_SM21_micro024/lt03-5-5af45703.mpinodes
/lila/data/chodera/schrodinger/tmpdir/rustenburg/jag_SM21_micro029_SM21_micro024/SM21_micro024.in
/lila/data/chodera/schrodinger/tmpdir/rustenburg/jag_SM21_micro029_SM21_micro024/SM21_micro029.in
/lila/data/chodera/schrodinger/tmpdir/rustenburg/jag_SM21_micro029_SM21_micro024/jag_SM21_micro029_SM21_micro024.log
/lila/data/chodera/schrodinger/tmpdir/rustenburg/jag_SM21_micro029_SM21_micro024/SM21_micro029.mae
/lila/data/chodera/schrodinger/tmpdir/rustenburg/jag_SM21_micro029_SM21_micro024/lt03-5-5af45703

=====================
 Jaguar pKa workflow
=====================

Analysing user-provided (prot, deprot) pair:
(SM21_micro029.in, SM21_micro024.in)
Found labile hydrogen 34 in SM21_micro029.in
Found labile hydrogen at atom 16 in SM21_micro024.in
Adding 'ipkat' keyword to input files.

Identifying pKa functional group for pair:
(SM21_micro029, SM21_micro024)

Executing subprocess:
/data/chodera/schrodinger/schrodinger2017-4-advanced/jaguar-v9.8/bin/Linux-x86_64/pka -i -j SM21_micro029.tmp.jres -n

Taking protonated structures from:
SM21_micro029.mae
Taking deprotonated structures from:
SM21_micro024.mae

This molecule from 'SM21_micro029.mae' in water was recognized as:

 # 	                  Shell                   
---	------------------------------------------
1: 	secondary aniline                         
2: 	Protonation of sp3-like aliphatic nitrogen
3: 	Protonation of generic atom               


Executing conformational search...

Executing 2 distributed subjobs:
---------------------------------

No more than 8 cpu(s) will be used per subjob.
No more than 10 cpu(s) will be used simultaneously.

Processing the following subjobs:
(1) jaguar run csrch.py SM21_micro029.mae -jobname SM21_micro029 -max_conf 5 -erg_window 50.208 -acc_level 1 -TPP 5
(2) jaguar run csrch.py SM21_micro024.mae -jobname SM21_micro024 -max_conf 5 -erg_window 50.208 -acc_level 1 -TPP 5

Running subjobs on hosts:
  localhost (Max: 2)
Number of jobs:       2
Max retries per job:  3
Max allowed failures: unlimited
Run with -LOCAL:      False
Verbosity:            normal

Starting JobDJ...

Keep one job on driver host: False
JobDJ columns:
  C: Number of completed subjobs
  A: Number of active subjobs (e.g., submitted, running)
  W: Number of waiting/pending subjobs

C A W | Activity  JobId  JobName  JobHost
- - - | --------- -----------------------
0 1 1 | launched  lt03-1-5af4570b SM21_micro029 localhost [lt03]
0 2 0 | launched  lt03-1-5af4570f SM21_micro024 localhost [lt03]
1 1 0 | finished  lt03-1-5af4570f SM21_micro024 localhost [lt03]
2 0 0 | finished  lt03-1-5af4570b SM21_micro029 localhost [lt03]

All jobs have completed.

2 of 2 job(s) succeeded; 0 job(s) failed.

Timer (distribute subjobs) : 553.32 secs (0 hrs, 09 mins, 13 secs)

Setting up QM workflow for (protonated, deprotonated) pair:
(1) (SM21_micro029, SM21_micro024)

Executing Jaguar quantum-mechanical subjobs...

Executing 10 distributed subjobs:
----------------------------------

No more than 8 cpu(s) will be used per subjob.
No more than 10 cpu(s) will be used simultaneously.

Processing the following subjobs:
(1) jaguar run pka_prot.bat -jobname SM21_micro029_conf_1 SM21_micro029_conf_1.in
(2) jaguar run pka_prot.bat -jobname SM21_micro029_conf_2 SM21_micro029_conf_2.in
(3) jaguar run pka_prot.bat -jobname SM21_micro029_conf_3 SM21_micro029_conf_3.in
(4) jaguar run pka_prot.bat -jobname SM21_micro029_conf_4 SM21_micro029_conf_4.in
(5) jaguar run pka_prot.bat -jobname SM21_micro029_conf_5 SM21_micro029_conf_5.in
(6) jaguar run pka_deprot.bat -jobname SM21_micro024_conf_1 SM21_micro024_conf_1.in
(7) jaguar run pka_deprot.bat -jobname SM21_micro024_conf_2 SM21_micro024_conf_2.in
(8) jaguar run pka_deprot.bat -jobname SM21_micro024_conf_3 SM21_micro024_conf_3.in
(9) jaguar run pka_deprot.bat -jobname SM21_micro024_conf_4 SM21_micro024_conf_4.in
(10) jaguar run pka_deprot.bat -jobname SM21_micro024_conf_5 SM21_micro024_conf_5.in

Running subjobs on hosts:
  localhost (Max: 10)
Number of jobs:       10
Max retries per job:  3
Max allowed failures: unlimited
Run with -LOCAL:      False
Verbosity:            normal

Starting JobDJ...

Keep one job on driver host: False
JobDJ columns:
  C: Number of completed subjobs
  A: Number of active subjobs (e.g., submitted, running)
  W: Number of waiting/pending subjobs

 C  A  W | Activity  JobId  JobName  JobHost
-- -- -- | --------- -----------------------
 0  1  9 | launched  lt03-1-5af45934 SM21_micro029_conf_1 localhost [lt03]
 0  2  8 | launched  lt03-2-5af45938 SM21_micro029_conf_2 localhost [lt03]
 0  3  7 | launched  lt03-1-5af4593b SM21_micro029_conf_3 localhost [lt03]
 0  4  6 | launched  lt03-2-5af4593f SM21_micro029_conf_4 localhost [lt03]
 0  5  5 | launched  lt03-2-5af45945 SM21_micro029_conf_5 localhost [lt03]
 0  6  4 | launched  lt03-1-5af45949 SM21_micro024_conf_1 localhost [lt03]
 0  7  3 | launched  lt03-1-5af4594e SM21_micro024_conf_2 localhost [lt03]
 0  8  2 | launched  lt03-0-5af45951 SM21_micro024_conf_3 localhost [lt03]
 0  9  1 | launched  lt03-0-5af45954 SM21_micro024_conf_4 localhost [lt03]
 0 10  0 | launched  lt03-2-5af45958 SM21_micro024_conf_5 localhost [lt03]
 1  9  0 | finished  lt03-0-5af45951 SM21_micro024_conf_3 localhost [lt03]
 2  8  0 | finished  lt03-1-5af4594e SM21_micro024_conf_2 localhost [lt03]
 3  7  0 | finished  lt03-2-5af45958 SM21_micro024_conf_5 localhost [lt03]
 4  6  0 | finished  lt03-1-5af45934 SM21_micro029_conf_1 localhost [lt03]
 5  5  0 | finished  lt03-2-5af45945 SM21_micro029_conf_5 localhost [lt03]
 6  4  0 | finished  lt03-1-5af45949 SM21_micro024_conf_1 localhost [lt03]
 7  3  0 | finished  lt03-2-5af45938 SM21_micro029_conf_2 localhost [lt03]
 8  2  0 | finished  lt03-1-5af4593b SM21_micro029_conf_3 localhost [lt03]
 9  1  0 | finished  lt03-0-5af45954 SM21_micro024_conf_4 localhost [lt03]
10  0  0 | finished  lt03-2-5af4593f SM21_micro029_conf_4 localhost [lt03]

All jobs have completed.

10 of 10 job(s) succeeded; 0 job(s) failed.

Timer (distribute subjobs) : 10194.46 secs (2 hrs, 49 mins, 54 secs)

Processing QM output files...

Executing subprocess:
/data/chodera/schrodinger/schrodinger2017-4-advanced/jaguar results -energy SM21_micro029_conf_1.nrg_h.out

Executing subprocess:
/data/chodera/schrodinger/schrodinger2017-4-advanced/jaguar results -esolv SM21_micro029_conf_1.sol_h.out

Executing subprocess:
/data/chodera/schrodinger/schrodinger2017-4-advanced/jaguar results -energy SM21_micro029_conf_2.nrg_h.out

Executing subprocess:
/data/chodera/schrodinger/schrodinger2017-4-advanced/jaguar results -esolv SM21_micro029_conf_2.sol_h.out

Executing subprocess:
/data/chodera/schrodinger/schrodinger2017-4-advanced/jaguar results -energy SM21_micro029_conf_3.nrg_h.out

Executing subprocess:
/data/chodera/schrodinger/schrodinger2017-4-advanced/jaguar results -esolv SM21_micro029_conf_3.sol_h.out

Executing subprocess:
/data/chodera/schrodinger/schrodinger2017-4-advanced/jaguar results -energy SM21_micro029_conf_4.nrg_h.out

Executing subprocess:
/data/chodera/schrodinger/schrodinger2017-4-advanced/jaguar results -esolv SM21_micro029_conf_4.sol_h.out

Executing subprocess:
/data/chodera/schrodinger/schrodinger2017-4-advanced/jaguar results -energy SM21_micro029_conf_5.nrg_h.out

Executing subprocess:
/data/chodera/schrodinger/schrodinger2017-4-advanced/jaguar results -esolv SM21_micro029_conf_5.sol_h.out

Executing subprocess:
/data/chodera/schrodinger/schrodinger2017-4-advanced/jaguar results -energy SM21_micro024_conf_1.nrg.out

Executing subprocess:
/data/chodera/schrodinger/schrodinger2017-4-advanced/jaguar results -esolv SM21_micro024_conf_1.sol.out

Executing subprocess:
/data/chodera/schrodinger/schrodinger2017-4-advanced/jaguar results -energy SM21_micro024_conf_2.nrg.out

Executing subprocess:
/data/chodera/schrodinger/schrodinger2017-4-advanced/jaguar results -esolv SM21_micro024_conf_2.sol.out

Executing subprocess:
/data/chodera/schrodinger/schrodinger2017-4-advanced/jaguar results -energy SM21_micro024_conf_3.nrg.out

Executing subprocess:
/data/chodera/schrodinger/schrodinger2017-4-advanced/jaguar results -esolv SM21_micro024_conf_3.sol.out

Executing subprocess:
/data/chodera/schrodinger/schrodinger2017-4-advanced/jaguar results -energy SM21_micro024_conf_4.nrg.out

Executing subprocess:
/data/chodera/schrodinger/schrodinger2017-4-advanced/jaguar results -esolv SM21_micro024_conf_4.sol.out

Executing subprocess:
/data/chodera/schrodinger/schrodinger2017-4-advanced/jaguar results -energy SM21_micro024_conf_5.nrg.out

Executing subprocess:
/data/chodera/schrodinger/schrodinger2017-4-advanced/jaguar results -esolv SM21_micro024_conf_5.sol.out

Executing subprocess:
/data/chodera/schrodinger/schrodinger2017-4-advanced/jaguar-v9.8/bin/Linux-x86_64/pka -o SM21_micro029_deprot-out.mae -j SM21_micro029.jres -n -d

Executing subprocess:
/data/chodera/schrodinger/schrodinger2017-4-advanced/jaguar-v9.8/bin/Linux-x86_64/pka -o SM21_micro029_prot-out.mae -j SM21_micro029.jres -n

pKa calculation for SM21_micro029 completed.

pKa workflow jag_SM21_micro029_SM21_micro024 completed.

Timer (Jaguar pKa) : 10831.65 secs (3 hrs, 00 mins, 31 secs)
Timer (jaguar_backend.py) : 10831.65 secs (3 hrs, 00 mins, 31 secs)
Finished:   Thu May 10 13:28:53 2018
