Taking protonated structures from:
SM10_micro031_conf_1.dft_h.01.mae
SM10_micro031_conf_2.dft_h.01.mae
SM10_micro031_conf_3.dft_h.01.mae
SM10_micro031_conf_4.dft_h.01.mae
SM10_micro031_conf_5.dft_h.01.mae
Taking deprotonated structures from:
SM10_micro017_conf_1.dft.01.mae
SM10_micro017_conf_2.dft.01.mae
SM10_micro017_conf_3.dft.01.mae
SM10_micro017_conf_4.dft.01.mae
SM10_micro017_conf_5.dft.01.mae

Corrected results for 'protonated' structure in water:
pKa atom: 23

 # 	           Shell           	 pKa 	RMSD	 Contribution
---	---------------------------	-----	-----	--------------
1: 	thiazole/benzothiazole     	 4.26	0.647	    94.28%
2: 	heterocycle                	 5.09	0.837	     4.56%
3: 	Protonation of generic atom	 5.39	2.264	     1.16%

 Final weighted pKa value is 4.31



