Taking protonated structures from:
SM02_micro006_conf_1.dft_h.01.mae
SM02_micro006_conf_2.dft_h.01.mae
SM02_micro006_conf_3.dft_h.01.mae
SM02_micro006_conf_4.dft_h.01.mae
SM02_micro006_conf_5.dft_h.01.mae
Taking deprotonated structures from:
SM02_micro002_conf_1.dft.01.mae
SM02_micro002_conf_2.dft.01.mae
SM02_micro002_conf_3.dft.01.mae
SM02_micro002_conf_4.dft.01.mae
SM02_micro002_conf_5.dft.01.mae

Corrected results for 'protonated' structure in water:
pKa atom: 22

 # 	                  Shell                   	 pKa 	RMSD	 Contribution
---	------------------------------------------	-----	-----	--------------
1: 	secondary aniline                         	-6.77	0.275	    93.92%
2: 	Protonation of sp3-like aliphatic nitrogen	-5.83	1.715	     5.66%
3: 	Protonation of generic atom               	-5.77	2.264	     0.42%

 Final weighted pKa value is -6.72



