Taking protonated structures from:
SM06_micro005_conf_1.dft_h.01.mae
SM06_micro005_conf_2.dft_h.01.mae
SM06_micro005_conf_3.dft_h.01.mae
SM06_micro005_conf_4.dft_h.01.mae
SM06_micro005_conf_5.dft_h.01.mae
Taking deprotonated structures from:
SM06_micro010_conf_1.dft.01.mae
SM06_micro010_conf_2.dft.01.mae
SM06_micro010_conf_3.dft.01.mae
SM06_micro010_conf_4.dft.01.mae
SM06_micro010_conf_5.dft.01.mae

Corrected results for 'protonated' structure in water:
pKa atom: 21

 # 	                  Shell                   	 pKa 	RMSD	 Contribution
---	------------------------------------------	-----	-----	--------------
1: 	amide as acid                             	 -inf	0.903	    95.98%
2: 	Protonation of sp2-like aliphatic nitrogen	 -inf	1.751	     2.80%
3: 	Protonation of generic atom               	 -inf	2.264	     1.22%

 Final weighted pKa value is -inf



