Taking protonated structures from:
SM07_micro014_conf_1.dft_h.01.mae
SM07_micro014_conf_2.dft_h.01.mae
SM07_micro014_conf_3.dft_h.01.mae
SM07_micro014_conf_4.dft_h.01.mae
SM07_micro014_conf_5.dft_h.01.mae
Taking deprotonated structures from:
SM07_micro007_conf_1.dft.01.mae
SM07_micro007_conf_2.dft.01.mae
SM07_micro007_conf_3.dft.01.mae
SM07_micro007_conf_4.dft.01.mae
SM07_micro007_conf_5.dft.01.mae

Corrected results for 'protonated' structure in water:
pKa atom: 20

 # 	           Shell           	 pKa 	RMSD	 Contribution
---	---------------------------	-----	-----	--------------
1: 	heterocycle custom 1       	-2.37	0.617	    31.28%
2: 	heterocycle                	-1.88	0.837	    64.57%
3: 	Protonation of generic atom	-0.01	2.264	     4.15%

 Final weighted pKa value is -1.95



