Taking protonated structures from:
SM24_micro030_conf_1.dft_h.01.mae
SM24_micro030_conf_2.dft_h.01.mae
SM24_micro030_conf_3.dft_h.01.mae
SM24_micro030_conf_4.dft_h.01.mae
SM24_micro030_conf_5.dft_h.01.mae
Taking deprotonated structures from:
SM24_micro009_conf_1.dft.01.mae
SM24_micro009_conf_2.dft.01.mae
SM24_micro009_conf_3.dft.01.mae
SM24_micro009_conf_4.dft.01.mae
SM24_micro009_conf_5.dft.01.mae

Corrected results for 'protonated' structure in water:
pKa atom: 30

 # 	           Shell           	 pKa 	RMSD	 Contribution
---	---------------------------	-----	-----	--------------
1: 	pyrimidine                 	-1.75	0.242	    47.57%
2: 	heterocycle custom 1       	-3.75	0.617	    16.82%
3: 	heterocycle                	-3.22	0.837	    21.75%
4: 	Protonation of generic atom	-1.17	2.264	    13.86%

 Final weighted pKa value is -2.33



