Taking protonated structures from:
SM09_micro013_conf_1.dft_h.01.mae
SM09_micro013_conf_2.dft_h.01.mae
SM09_micro013_conf_3.dft_h.01.mae
SM09_micro013_conf_4.dft_h.01.mae
SM09_micro013_conf_5.dft_h.01.mae
Taking deprotonated structures from:
SM09_micro005_conf_1.dft.01.mae
SM09_micro005_conf_2.dft.01.mae
SM09_micro005_conf_3.dft.01.mae
SM09_micro005_conf_4.dft.01.mae
SM09_micro005_conf_5.dft.01.mae

Corrected results for 'protonated' structure in water:
pKa atom: 21

 # 	           Shell           	 pKa 	RMSD	 Contribution
---	---------------------------	-----	-----	--------------
1: 	heterocycle custom 1       	-3.25	0.617	    31.15%
2: 	heterocycle                	-2.74	0.837	    64.69%
3: 	Protonation of generic atom	-0.76	2.264	     4.15%

 Final weighted pKa value is -2.82



