Command:    jaguar run pka.py -jobname jag_SM24_micro010_SM24_micro006 -PARALLEL 10 -WAIT -n -csrch -prot SM24_micro010.in -deprot SM24_micro006.in
Release:    2017-4
Exec:       /data/chodera/schrodinger/schrodinger2017-4-advanced/jaguar-v9.8/bin/Linux-x86_64
Host:       lt07
JobId:      lt07-0-5af47a9d
JobDir:     /lila/data/chodera/schrodinger/tmpdir/rustenburg/jag_SM24_micro010_SM24_micro006.1
Date:       Thu May 10 13:00:17 2018

Contents of /lila/data/chodera/schrodinger/tmpdir/rustenburg/jag_SM24_micro010_SM24_micro006.1:
/lila/data/chodera/schrodinger/tmpdir/rustenburg/jag_SM24_micro010_SM24_micro006.1/jag_SM24_micro010_SM24_micro006.recover
/lila/data/chodera/schrodinger/tmpdir/rustenburg/jag_SM24_micro010_SM24_micro006.1/lt07-0-5af47a9d.recover
/lila/data/chodera/schrodinger/tmpdir/rustenburg/jag_SM24_micro010_SM24_micro006.1/SM24_micro010.mae
/lila/data/chodera/schrodinger/tmpdir/rustenburg/jag_SM24_micro010_SM24_micro006.1/SM24_micro006.in
/lila/data/chodera/schrodinger/tmpdir/rustenburg/jag_SM24_micro010_SM24_micro006.1/SM24_micro010.in
/lila/data/chodera/schrodinger/tmpdir/rustenburg/jag_SM24_micro010_SM24_micro006.1/lt07-0-5af47a9d.mpinodes
/lila/data/chodera/schrodinger/tmpdir/rustenburg/jag_SM24_micro010_SM24_micro006.1/SM24_micro006.mae
/lila/data/chodera/schrodinger/tmpdir/rustenburg/jag_SM24_micro010_SM24_micro006.1/lt07-0-5af47a9d
/lila/data/chodera/schrodinger/tmpdir/rustenburg/jag_SM24_micro010_SM24_micro006.1/jag_SM24_micro010_SM24_micro006.log

=====================
 Jaguar pKa workflow
=====================

Analysing user-provided (prot, deprot) pair:
(SM24_micro010.in, SM24_micro006.in)
Found labile hydrogen 30 in SM24_micro010.in
Found labile hydrogen at atom 22 in SM24_micro006.in
Adding 'ipkat' keyword to input files.

Identifying pKa functional group for pair:
(SM24_micro010, SM24_micro006)

Executing subprocess:
/data/chodera/schrodinger/schrodinger2017-4-advanced/jaguar-v9.8/bin/Linux-x86_64/pka -i -j SM24_micro010.tmp.jres -n

Taking protonated structures from:
SM24_micro010.mae
Taking deprotonated structures from:
SM24_micro006.mae

This molecule from 'SM24_micro010.mae' in water was recognized as:

 # 	           Shell           
---	---------------------------
1: 	pyrimidine                 
2: 	heterocycle custom 1       
3: 	heterocycle                
4: 	Protonation of generic atom


Executing conformational search...

Executing 2 distributed subjobs:
---------------------------------

No more than 8 cpu(s) will be used per subjob.
No more than 10 cpu(s) will be used simultaneously.

Processing the following subjobs:
(1) jaguar run csrch.py SM24_micro010.mae -jobname SM24_micro010 -max_conf 5 -erg_window 50.208 -acc_level 1 -TPP 5
(2) jaguar run csrch.py SM24_micro006.mae -jobname SM24_micro006 -max_conf 5 -erg_window 50.208 -acc_level 1 -TPP 5

Running subjobs on hosts:
  localhost (Max: 2)
Number of jobs:       2
Max retries per job:  3
Max allowed failures: unlimited
Run with -LOCAL:      False
Verbosity:            normal

Starting JobDJ...

Keep one job on driver host: False
JobDJ columns:
  C: Number of completed subjobs
  A: Number of active subjobs (e.g., submitted, running)
  W: Number of waiting/pending subjobs

C A W | Activity  JobId  JobName  JobHost
- - - | --------- -----------------------
0 1 1 | launched  lt07-0-5af47aaa SM24_micro010 localhost [lt07]
0 2 0 | launched  lt07-0-5af47aaf SM24_micro006 localhost [lt07]
