Command:    jaguar run pka.py -jobname jag_SM18_micro001_SM18_micro013 -PARALLEL 10 -n -csrch -prot SM18_micro001.in -deprot SM18_micro013.in
Release:    2017-4
Exec:       /data/chodera/schrodinger/schrodinger2017-4-advanced/jaguar-v9.8/bin/Linux-x86_64
Host:       ls04
JobId:      lilac-0-5aecad25
JobDir:     /lila/data/chodera/schrodinger/tmpdir/rustenburg/jag_SM18_micro001_SM18_micro013
Date:       Fri May  4 14:57:46 2018

Contents of /lila/data/chodera/schrodinger/tmpdir/rustenburg/jag_SM18_micro001_SM18_micro013:
/lila/data/chodera/schrodinger/tmpdir/rustenburg/jag_SM18_micro001_SM18_micro013/SM18_micro001.mae
/lila/data/chodera/schrodinger/tmpdir/rustenburg/jag_SM18_micro001_SM18_micro013/lilac-0-5aecad25.nodes
/lila/data/chodera/schrodinger/tmpdir/rustenburg/jag_SM18_micro001_SM18_micro013/SM18_micro013.in
/lila/data/chodera/schrodinger/tmpdir/rustenburg/jag_SM18_micro001_SM18_micro013/SM18_micro013.mae
/lila/data/chodera/schrodinger/tmpdir/rustenburg/jag_SM18_micro001_SM18_micro013/jag_SM18_micro001_SM18_micro013.recover
/lila/data/chodera/schrodinger/tmpdir/rustenburg/jag_SM18_micro001_SM18_micro013/lilac-0-5aecad25.jlog
/lila/data/chodera/schrodinger/tmpdir/rustenburg/jag_SM18_micro001_SM18_micro013/lilac-0-5aecad25
/lila/data/chodera/schrodinger/tmpdir/rustenburg/jag_SM18_micro001_SM18_micro013/lilac-0-5aecad25.recover
/lila/data/chodera/schrodinger/tmpdir/rustenburg/jag_SM18_micro001_SM18_micro013/jag_SM18_micro001_SM18_micro013.log
/lila/data/chodera/schrodinger/tmpdir/rustenburg/jag_SM18_micro001_SM18_micro013/lilac-0-5aecad25.mpinodes
/lila/data/chodera/schrodinger/tmpdir/rustenburg/jag_SM18_micro001_SM18_micro013/SM18_micro001.in
/lila/data/chodera/schrodinger/tmpdir/rustenburg/jag_SM18_micro001_SM18_micro013/lilac-0-5aecad25.hosts

=====================
 Jaguar pKa workflow
=====================

Analysing user-provided (prot, deprot) pair:
(SM18_micro001.in, SM18_micro013.in)
Found labile hydrogen 32 in SM18_micro001.in
Found labile hydrogen at atom 16 in SM18_micro013.in
Adding 'ipkat' keyword to input files.

Identifying pKa functional group for pair:
(SM18_micro001, SM18_micro013)

Executing subprocess:
/data/chodera/schrodinger/schrodinger2017-4-advanced/jaguar-v9.8/bin/Linux-x86_64/pka -i -j SM18_micro001.tmp.jres -n

Taking protonated structures from:
SM18_micro001.mae
Taking deprotonated structures from:
SM18_micro013.mae

This molecule from 'SM18_micro001.mae' in water was recognized as:

 # 	                  Shell                   
---	------------------------------------------
1: 	Protonation of sp2-like aliphatic nitrogen
2: 	Protonation of generic atom               


Executing conformational search...

Executing 2 distributed subjobs:
---------------------------------

No more than 8 cpu(s) will be used per subjob.
No more than 10 cpu(s) will be used simultaneously.

Processing the following subjobs:
(1) jaguar run csrch.py SM18_micro001.mae -jobname SM18_micro001 -max_conf 5 -erg_window 50.208 -acc_level 1 -TPP 5
(2) jaguar run csrch.py SM18_micro013.mae -jobname SM18_micro013 -max_conf 5 -erg_window 50.208 -acc_level 1 -TPP 5

Running subjobs on hosts:
  lsf-cpu (Max: 2)
Number of jobs:       2
Max retries per job:  3
Max allowed failures: unlimited
Run with -LOCAL:      False
Verbosity:            normal

Starting JobDJ...

Keep one job on driver host: False
JobDJ columns:
  C: Number of completed subjobs
  A: Number of active subjobs (e.g., submitted, running)
  W: Number of waiting/pending subjobs

C A W | Activity  JobId  JobName  JobHost
- - - | --------- -----------------------
0 1 1 | launched  ls04-0-5aecad30 SM18_micro001 lsf-cpu
0 2 0 | launched  ls04-0-5aecad34 SM18_micro013 lsf-cpu
1 1 0 | finished  ls04-0-5aecad34 SM18_micro013 lsf-cpu [ls17]
2 0 0 | finished  ls04-0-5aecad30 SM18_micro001 lsf-cpu [ls10]

All jobs have completed.

2 of 2 job(s) succeeded; 0 job(s) failed.

Timer (distribute subjobs) : 7274.82 secs (2 hrs, 01 mins, 14 secs)

Setting up QM workflow for (protonated, deprotonated) pair:
(1) (SM18_micro001, SM18_micro013)

Executing Jaguar quantum-mechanical subjobs...

Executing 10 distributed subjobs:
----------------------------------

No more than 8 cpu(s) will be used per subjob.
No more than 10 cpu(s) will be used simultaneously.

Processing the following subjobs:
(1) jaguar run pka_prot.bat -jobname SM18_micro001_conf_1 SM18_micro001_conf_1.in
(2) jaguar run pka_prot.bat -jobname SM18_micro001_conf_2 SM18_micro001_conf_2.in
(3) jaguar run pka_prot.bat -jobname SM18_micro001_conf_3 SM18_micro001_conf_3.in
(4) jaguar run pka_prot.bat -jobname SM18_micro001_conf_4 SM18_micro001_conf_4.in
(5) jaguar run pka_prot.bat -jobname SM18_micro001_conf_5 SM18_micro001_conf_5.in
(6) jaguar run pka_deprot.bat -jobname SM18_micro013_conf_1 SM18_micro013_conf_1.in
(7) jaguar run pka_deprot.bat -jobname SM18_micro013_conf_2 SM18_micro013_conf_2.in
(8) jaguar run pka_deprot.bat -jobname SM18_micro013_conf_3 SM18_micro013_conf_3.in
(9) jaguar run pka_deprot.bat -jobname SM18_micro013_conf_4 SM18_micro013_conf_4.in
(10) jaguar run pka_deprot.bat -jobname SM18_micro013_conf_5 SM18_micro013_conf_5.in

Running subjobs on hosts:
  lsf-cpu (Max: 10)
Number of jobs:       10
Max retries per job:  3
Max allowed failures: unlimited
Run with -LOCAL:      False
Verbosity:            normal

Starting JobDJ...

Keep one job on driver host: True
JobDJ columns:
  C: Number of completed subjobs
  A: Number of active subjobs (e.g., submitted, running)
  W: Number of waiting/pending subjobs

 C  A  W | Activity  JobId  JobName  JobHost
-- -- -- | --------- -----------------------
 0  1  9 | launched  ls04-0-5aecc99c SM18_micro001_conf_1 localhost [ls04]
 0  2  8 | launched  ls04-0-5aecc9a1 SM18_micro001_conf_2 lsf-cpu
 0  3  7 | launched  ls04-0-5aecc9a6 SM18_micro001_conf_3 lsf-cpu
 0  4  6 | launched  ls04-0-5aecc9ab SM18_micro001_conf_4 lsf-cpu
 0  5  5 | launched  ls04-0-5aecc9b0 SM18_micro001_conf_5 lsf-cpu
 0  6  4 | launched  ls04-0-5aecc9b4 SM18_micro013_conf_1 lsf-cpu
 0  7  3 | launched  ls04-0-5aecc9b9 SM18_micro013_conf_2 lsf-cpu
 0  8  2 | launched  ls04-0-5aecc9be SM18_micro013_conf_3 lsf-cpu
 0  9  1 | launched  ls04-0-5aecc9c3 SM18_micro013_conf_4 lsf-cpu
 0 10  0 | launched  ls04-0-5aecc9c8 SM18_micro013_conf_5 lsf-cpu
 1  9  0 | finished  ls04-0-5aecc99c SM18_micro001_conf_1 localhost [ls04]
 1  9  0 | launched  ls04-0-5aece43e SM18_micro013_conf_5 localhost [ls04]
 2  8  0 | finished  ls04-0-5aecc9be SM18_micro013_conf_3 lsf-cpu [lt12]
 3  7  0 | finished  ls04-0-5aecc9c3 SM18_micro013_conf_4 lsf-cpu [lt12]
 4  6  0 | finished  ls04-0-5aecc9b4 SM18_micro013_conf_1 lsf-cpu [lt12]
 5  5  0 | finished  ls04-0-5aecc9b9 SM18_micro013_conf_2 lsf-cpu [lt12]
 6  4  0 | finished  ls04-0-5aece43e SM18_micro013_conf_5 localhost [ls04]
 7  3  0 | finished  ls04-0-5aecc9a6 SM18_micro001_conf_3 lsf-cpu [lt12]
 8  2  0 | finished  ls04-0-5aecc9ab SM18_micro001_conf_4 lsf-cpu [lt12]
 9  1  0 | finished  ls04-0-5aecc9a1 SM18_micro001_conf_2 lsf-cpu [lt12]
