Taking protonated structures from:
SM19_micro002_conf_1.dft_h.01.mae
SM19_micro002_conf_2.dft_h.01.mae
SM19_micro002_conf_3.dft_h.01.mae
SM19_micro002_conf_4.dft_h.01.mae
SM19_micro002_conf_5.dft_h.01.mae
Taking deprotonated structures from:
SM19_micro008_conf_1.dft.01.mae
SM19_micro008_conf_2.dft.01.mae
SM19_micro008_conf_3.dft.01.mae
SM19_micro008_conf_4.dft.01.mae
SM19_micro008_conf_5.dft.01.mae

Corrected results for 'protonated' structure in water:
pKa atom: 34

 # 	                 Shell                  	 pKa 	RMSD	 Contribution
---	----------------------------------------	-----	-----	--------------
1: 	mono keto CH acid                       	14.66	0.641	    62.26%
2: 	Protonation of generic atom             	11.64	2.264	    32.27%
3: 	aliphatic CH acid in water              	10.00	2.584	     2.81%
4: 	Protonation of sp2-like aliphatic carbon	10.20	2.605	     2.66%

 Final weighted pKa value is 13.44



