Command:    jaguar run pka.py -jobname jag_SM19_micro001_SM19_micro016 -PARALLEL 10 -n -csrch -prot SM19_micro001.in -deprot SM19_micro016.in
Release:    2017-4
Exec:       /data/chodera/schrodinger/schrodinger2017-4-advanced/jaguar-v9.8/bin/Linux-x86_64
Host:       lt17
JobId:      lilac-0-5aecc177
JobDir:     /lila/data/chodera/schrodinger/tmpdir/rustenburg/jag_SM19_micro001_SM19_micro016
Date:       Fri May  4 16:51:30 2018

Contents of /lila/data/chodera/schrodinger/tmpdir/rustenburg/jag_SM19_micro001_SM19_micro016:
/lila/data/chodera/schrodinger/tmpdir/rustenburg/jag_SM19_micro001_SM19_micro016/lilac-0-5aecc177.hosts
/lila/data/chodera/schrodinger/tmpdir/rustenburg/jag_SM19_micro001_SM19_micro016/lilac-0-5aecc177.mpinodes
/lila/data/chodera/schrodinger/tmpdir/rustenburg/jag_SM19_micro001_SM19_micro016/lilac-0-5aecc177.nodes
/lila/data/chodera/schrodinger/tmpdir/rustenburg/jag_SM19_micro001_SM19_micro016/jag_SM19_micro001_SM19_micro016.recover
/lila/data/chodera/schrodinger/tmpdir/rustenburg/jag_SM19_micro001_SM19_micro016/jag_SM19_micro001_SM19_micro016.log
/lila/data/chodera/schrodinger/tmpdir/rustenburg/jag_SM19_micro001_SM19_micro016/lilac-0-5aecc177
/lila/data/chodera/schrodinger/tmpdir/rustenburg/jag_SM19_micro001_SM19_micro016/SM19_micro001.mae
/lila/data/chodera/schrodinger/tmpdir/rustenburg/jag_SM19_micro001_SM19_micro016/lilac-0-5aecc177.recover
/lila/data/chodera/schrodinger/tmpdir/rustenburg/jag_SM19_micro001_SM19_micro016/SM19_micro016.in
/lila/data/chodera/schrodinger/tmpdir/rustenburg/jag_SM19_micro001_SM19_micro016/SM19_micro001.in
/lila/data/chodera/schrodinger/tmpdir/rustenburg/jag_SM19_micro001_SM19_micro016/SM19_micro016.mae
/lila/data/chodera/schrodinger/tmpdir/rustenburg/jag_SM19_micro001_SM19_micro016/lilac-0-5aecc177.jlog

=====================
 Jaguar pKa workflow
=====================

Analysing user-provided (prot, deprot) pair:
(SM19_micro001.in, SM19_micro016.in)
Error: heavy atoms are different in input files:
SM19_micro001.in
SM19_micro016.in


An error has occurred.  Information about the error has been written to 
/home/rustenburg/.schrodinger/exceptions/error20180504-165130.txt 

Please contact help@schrodinger.com for assistance. Include error20180504-165130.txt and a description of what you were doing when the error occurred.
