Command:    jaguar run pka.py -jobname jag_SM21_micro032_SM21_micro026 -PARALLEL 10 -n -csrch -prot SM21_micro032.in -deprot SM21_micro026.in
Release:    2017-4
Exec:       /data/chodera/schrodinger/schrodinger2017-4-advanced/jaguar-v9.8/bin/Linux-x86_64
Host:       ls07
JobId:      lilac-0-5aecd0bf
JobDir:     /lila/data/chodera/schrodinger/tmpdir/rustenburg/jag_SM21_micro032_SM21_micro026
Date:       Fri May  4 19:19:24 2018

Contents of /lila/data/chodera/schrodinger/tmpdir/rustenburg/jag_SM21_micro032_SM21_micro026:
/lila/data/chodera/schrodinger/tmpdir/rustenburg/jag_SM21_micro032_SM21_micro026/lilac-0-5aecd0bf
/lila/data/chodera/schrodinger/tmpdir/rustenburg/jag_SM21_micro032_SM21_micro026/lilac-0-5aecd0bf.nodes
/lila/data/chodera/schrodinger/tmpdir/rustenburg/jag_SM21_micro032_SM21_micro026/SM21_micro032.in
/lila/data/chodera/schrodinger/tmpdir/rustenburg/jag_SM21_micro032_SM21_micro026/lilac-0-5aecd0bf.recover
/lila/data/chodera/schrodinger/tmpdir/rustenburg/jag_SM21_micro032_SM21_micro026/SM21_micro026.in
/lila/data/chodera/schrodinger/tmpdir/rustenburg/jag_SM21_micro032_SM21_micro026/SM21_micro026.mae
/lila/data/chodera/schrodinger/tmpdir/rustenburg/jag_SM21_micro032_SM21_micro026/lilac-0-5aecd0bf.mpinodes
/lila/data/chodera/schrodinger/tmpdir/rustenburg/jag_SM21_micro032_SM21_micro026/jag_SM21_micro032_SM21_micro026.log
/lila/data/chodera/schrodinger/tmpdir/rustenburg/jag_SM21_micro032_SM21_micro026/jag_SM21_micro032_SM21_micro026.recover
/lila/data/chodera/schrodinger/tmpdir/rustenburg/jag_SM21_micro032_SM21_micro026/lilac-0-5aecd0bf.hosts
/lila/data/chodera/schrodinger/tmpdir/rustenburg/jag_SM21_micro032_SM21_micro026/lilac-0-5aecd0bf.jlog
/lila/data/chodera/schrodinger/tmpdir/rustenburg/jag_SM21_micro032_SM21_micro026/SM21_micro032.mae

=====================
 Jaguar pKa workflow
=====================

Analysing user-provided (prot, deprot) pair:
(SM21_micro032.in, SM21_micro026.in)
Found labile hydrogen 24 in SM21_micro032.in
Found labile hydrogen at atom 8 in SM21_micro026.in
Adding 'ipkat' keyword to input files.

Identifying pKa functional group for pair:
(SM21_micro032, SM21_micro026)

Executing subprocess:
/data/chodera/schrodinger/schrodinger2017-4-advanced/jaguar-v9.8/bin/Linux-x86_64/pka -i -j SM21_micro032.tmp.jres -n

Taking protonated structures from:
SM21_micro032.mae
Taking deprotonated structures from:
SM21_micro026.mae

This molecule from 'SM21_micro032.mae' in water was recognized as:

 # 	                  Shell                   
---	------------------------------------------
1: 	Protonation of sp3-like aliphatic nitrogen
2: 	Protonation of generic atom               


Executing conformational search...

Executing 2 distributed subjobs:
---------------------------------

No more than 8 cpu(s) will be used per subjob.
No more than 10 cpu(s) will be used simultaneously.

Processing the following subjobs:
(1) jaguar run csrch.py SM21_micro032.mae -jobname SM21_micro032 -max_conf 5 -erg_window 50.208 -acc_level 1 -TPP 5
(2) jaguar run csrch.py SM21_micro026.mae -jobname SM21_micro026 -max_conf 5 -erg_window 50.208 -acc_level 1 -TPP 5

Running subjobs on hosts:
  lsf-cpu (Max: 2)
Number of jobs:       2
Max retries per job:  3
Max allowed failures: unlimited
Run with -LOCAL:      False
Verbosity:            normal

Starting JobDJ...

Keep one job on driver host: False
JobDJ columns:
  C: Number of completed subjobs
  A: Number of active subjobs (e.g., submitted, running)
  W: Number of waiting/pending subjobs

C A W | Activity  JobId  JobName  JobHost
- - - | --------- -----------------------
0 1 1 | launched  ls07-0-5aecea92 SM21_micro032 lsf-cpu
WARNING: Job launch failed for 1/2 times.
% jaguar run csrch.py SM21_micro026.mae -jobname SM21_micro026 -max_conf 5 -erg_window 50.208 -acc_level 1 -TPP 5 -HOST lsf-cpu
Output
Launch failed: no JobId found.

Command:
/data/chodera/schrodinger/schrodinger2017-4-advanced/jaguar run csrch.py SM21_micro026.mae -jobname SM21_micro026 -max_conf 5 -erg_window 50.208 -acc_level 1 -TPP 5 -HOST lsf-cpu
Output:
Launching JAGUAR under jobcontrol.
An error has occurred.  Information about the error has been written to 
/home/rustenburg/.schrodinger/exceptions/error20180504-192019.txt 

Please contact help@schrodinger.com for assistance. Include error20180504-192019.txt and a description of what you were doing when the error occurred.

0 2 0 | launched  ls07-1-5aeceabc SM21_micro026 lsf-cpu
1 1 0 | finished  ls07-0-5aecea92 SM21_micro032 lsf-cpu [lt04]
2 0 0 | finished  ls07-1-5aeceabc SM21_micro026 lsf-cpu

All jobs have completed.

2 of 2 job(s) succeeded; 0 job(s) failed.

Timer (distribute subjobs) : 4571.95 secs (1 hrs, 16 mins, 11 secs)

Setting up QM workflow for (protonated, deprotonated) pair:
(1) (SM21_micro032, SM21_micro026)

Executing Jaguar quantum-mechanical subjobs...

Executing 10 distributed subjobs:
----------------------------------

No more than 8 cpu(s) will be used per subjob.
No more than 10 cpu(s) will be used simultaneously.

Processing the following subjobs:
(1) jaguar run pka_prot.bat -jobname SM21_micro032_conf_1 SM21_micro032_conf_1.in
(2) jaguar run pka_prot.bat -jobname SM21_micro032_conf_2 SM21_micro032_conf_2.in
(3) jaguar run pka_prot.bat -jobname SM21_micro032_conf_3 SM21_micro032_conf_3.in
(4) jaguar run pka_prot.bat -jobname SM21_micro032_conf_4 SM21_micro032_conf_4.in
(5) jaguar run pka_prot.bat -jobname SM21_micro032_conf_5 SM21_micro032_conf_5.in
(6) jaguar run pka_deprot.bat -jobname SM21_micro026_conf_1 SM21_micro026_conf_1.in
(7) jaguar run pka_deprot.bat -jobname SM21_micro026_conf_2 SM21_micro026_conf_2.in
(8) jaguar run pka_deprot.bat -jobname SM21_micro026_conf_3 SM21_micro026_conf_3.in
(9) jaguar run pka_deprot.bat -jobname SM21_micro026_conf_4 SM21_micro026_conf_4.in
(10) jaguar run pka_deprot.bat -jobname SM21_micro026_conf_5 SM21_micro026_conf_5.in

Running subjobs on hosts:
  lsf-cpu (Max: 10)
Number of jobs:       10
Max retries per job:  3
Max allowed failures: unlimited
Run with -LOCAL:      False
Verbosity:            normal

Starting JobDJ...

Keep one job on driver host: True
JobDJ columns:
  C: Number of completed subjobs
  A: Number of active subjobs (e.g., submitted, running)
  W: Number of waiting/pending subjobs

 C  A  W | Activity  JobId  JobName  JobHost
-- -- -- | --------- -----------------------
 0  1  9 | launched  ls07-0-5aecfc69 SM21_micro032_conf_1 localhost [ls07]
 0  2  8 | launched  ls07-1-5aecfc6c SM21_micro032_conf_2 lsf-cpu
 0  3  7 | launched  ls07-0-5aecfc70 SM21_micro032_conf_3 lsf-cpu
 0  4  6 | launched  ls07-2-5aecfc73 SM21_micro032_conf_4 lsf-cpu
 0  5  5 | launched  ls07-0-5aecfc77 SM21_micro032_conf_5 lsf-cpu
 0  6  4 | launched  ls07-0-5aecfc7b SM21_micro026_conf_1 lsf-cpu
 0  7  3 | launched  ls07-1-5aecfc7e SM21_micro026_conf_2 lsf-cpu
 0  8  2 | launched  ls07-0-5aecfc82 SM21_micro026_conf_3 lsf-cpu
 0  9  1 | launched  ls07-0-5aecfc86 SM21_micro026_conf_4 lsf-cpu
 0 10  0 | launched  ls07-0-5aecfc8a SM21_micro026_conf_5 lsf-cpu
 1  9  0 | finished  ls07-0-5aecfc69 SM21_micro032_conf_1 localhost [ls07]
 1  9  0 | launched  ls07-0-5aed08b6 SM21_micro026_conf_5 localhost [ls07]
