Command:    jaguar run pka.py -jobname jag_SM21_micro035_SM21_micro030 -PARALLEL 10 -n -csrch -prot SM21_micro035.in -deprot SM21_micro030.in
Release:    2017-4
Exec:       /data/chodera/schrodinger/schrodinger2017-4-advanced/jaguar-v9.8/bin/Linux-x86_64
Host:       ls07
JobId:      lilac-0-5aecd0fa
JobDir:     /lila/data/chodera/schrodinger/tmpdir/rustenburg/jag_SM21_micro035_SM21_micro030
Date:       Fri May  4 19:19:24 2018

Contents of /lila/data/chodera/schrodinger/tmpdir/rustenburg/jag_SM21_micro035_SM21_micro030:
/lila/data/chodera/schrodinger/tmpdir/rustenburg/jag_SM21_micro035_SM21_micro030/lilac-0-5aecd0fa.jlog
/lila/data/chodera/schrodinger/tmpdir/rustenburg/jag_SM21_micro035_SM21_micro030/lilac-0-5aecd0fa
/lila/data/chodera/schrodinger/tmpdir/rustenburg/jag_SM21_micro035_SM21_micro030/lilac-0-5aecd0fa.hosts
/lila/data/chodera/schrodinger/tmpdir/rustenburg/jag_SM21_micro035_SM21_micro030/lilac-0-5aecd0fa.recover
/lila/data/chodera/schrodinger/tmpdir/rustenburg/jag_SM21_micro035_SM21_micro030/SM21_micro035.mae
/lila/data/chodera/schrodinger/tmpdir/rustenburg/jag_SM21_micro035_SM21_micro030/jag_SM21_micro035_SM21_micro030.recover
/lila/data/chodera/schrodinger/tmpdir/rustenburg/jag_SM21_micro035_SM21_micro030/SM21_micro030.mae
/lila/data/chodera/schrodinger/tmpdir/rustenburg/jag_SM21_micro035_SM21_micro030/lilac-0-5aecd0fa.mpinodes
/lila/data/chodera/schrodinger/tmpdir/rustenburg/jag_SM21_micro035_SM21_micro030/SM21_micro035.in
/lila/data/chodera/schrodinger/tmpdir/rustenburg/jag_SM21_micro035_SM21_micro030/SM21_micro030.in
/lila/data/chodera/schrodinger/tmpdir/rustenburg/jag_SM21_micro035_SM21_micro030/lilac-0-5aecd0fa.nodes
/lila/data/chodera/schrodinger/tmpdir/rustenburg/jag_SM21_micro035_SM21_micro030/jag_SM21_micro035_SM21_micro030.log

=====================
 Jaguar pKa workflow
=====================

Analysing user-provided (prot, deprot) pair:
(SM21_micro035.in, SM21_micro030.in)
Error: heavy atoms are different in input files:
SM21_micro035.in
SM21_micro030.in


An error has occurred.  Information about the error has been written to 
/home/rustenburg/.schrodinger/exceptions/error20180504-191925-3.txt 

Please contact help@schrodinger.com for assistance. Include error20180504-191925-3.txt and a description of what you were doing when the error occurred.
