Command:    jaguar run pka.py -jobname jag_SM09_micro001_SM09_micro003 -PARALLEL 10 -n -csrch -prot SM09_micro001.in -deprot SM09_micro003.in
Release:    2017-4
Exec:       /data/chodera/schrodinger/schrodinger2017-4-advanced/jaguar-v9.8/bin/Linux-x86_64
Host:       ls12
JobId:      lilac-0-5aec7f4e
JobDir:     /lila/data/chodera/schrodinger/tmpdir/rustenburg/jag_SM09_micro001_SM09_micro003
Date:       Fri May  4 11:42:13 2018

Contents of /lila/data/chodera/schrodinger/tmpdir/rustenburg/jag_SM09_micro001_SM09_micro003:
/lila/data/chodera/schrodinger/tmpdir/rustenburg/jag_SM09_micro001_SM09_micro003/lilac-0-5aec7f4e.jlog
/lila/data/chodera/schrodinger/tmpdir/rustenburg/jag_SM09_micro001_SM09_micro003/SM09_micro001.mae
/lila/data/chodera/schrodinger/tmpdir/rustenburg/jag_SM09_micro001_SM09_micro003/lilac-0-5aec7f4e
/lila/data/chodera/schrodinger/tmpdir/rustenburg/jag_SM09_micro001_SM09_micro003/SM09_micro001.in
/lila/data/chodera/schrodinger/tmpdir/rustenburg/jag_SM09_micro001_SM09_micro003/lilac-0-5aec7f4e.mpinodes
/lila/data/chodera/schrodinger/tmpdir/rustenburg/jag_SM09_micro001_SM09_micro003/jag_SM09_micro001_SM09_micro003.recover
/lila/data/chodera/schrodinger/tmpdir/rustenburg/jag_SM09_micro001_SM09_micro003/lilac-0-5aec7f4e.recover
/lila/data/chodera/schrodinger/tmpdir/rustenburg/jag_SM09_micro001_SM09_micro003/SM09_micro003.mae
/lila/data/chodera/schrodinger/tmpdir/rustenburg/jag_SM09_micro001_SM09_micro003/jag_SM09_micro001_SM09_micro003.log
/lila/data/chodera/schrodinger/tmpdir/rustenburg/jag_SM09_micro001_SM09_micro003/SM09_micro003.in
/lila/data/chodera/schrodinger/tmpdir/rustenburg/jag_SM09_micro001_SM09_micro003/lilac-0-5aec7f4e.nodes
/lila/data/chodera/schrodinger/tmpdir/rustenburg/jag_SM09_micro001_SM09_micro003/lilac-0-5aec7f4e.hosts

=====================
 Jaguar pKa workflow
=====================

Analysing user-provided (prot, deprot) pair:
(SM09_micro001.in, SM09_micro003.in)
Found labile hydrogen 21 in SM09_micro001.in
Found labile hydrogen at atom 13 in SM09_micro003.in
Adding 'ipkat' keyword to input files.

Identifying pKa functional group for pair:
(SM09_micro001, SM09_micro003)

Executing subprocess:
/data/chodera/schrodinger/schrodinger2017-4-advanced/jaguar-v9.8/bin/Linux-x86_64/pka -i -j SM09_micro001.tmp.jres -n

Taking protonated structures from:
SM09_micro001.mae
Taking deprotonated structures from:
SM09_micro003.mae

This molecule from 'SM09_micro001.mae' in water was recognized as:

 # 	           Shell           
---	---------------------------
1: 	Protonation of generic atom


Executing conformational search...

Executing 2 distributed subjobs:
---------------------------------

No more than 8 cpu(s) will be used per subjob.
No more than 10 cpu(s) will be used simultaneously.

Processing the following subjobs:
(1) jaguar run csrch.py SM09_micro001.mae -jobname SM09_micro001 -max_conf 5 -erg_window 50.208 -acc_level 1 -TPP 5
(2) jaguar run csrch.py SM09_micro003.mae -jobname SM09_micro003 -max_conf 5 -erg_window 50.208 -acc_level 1 -TPP 5

Running subjobs on hosts:
  lsf-cpu (Max: 2)
Number of jobs:       2
Max retries per job:  3
Max allowed failures: unlimited
Run with -LOCAL:      False
Verbosity:            normal

Starting JobDJ...

Keep one job on driver host: False
JobDJ columns:
  C: Number of completed subjobs
  A: Number of active subjobs (e.g., submitted, running)
  W: Number of waiting/pending subjobs

C A W | Activity  JobId  JobName  JobHost
- - - | --------- -----------------------
0 1 1 | launched  ls12-0-5aec7f5c SM09_micro001 lsf-cpu
0 2 0 | launched  ls12-0-5aec7f60 SM09_micro003 lsf-cpu
1 1 0 | finished  ls12-0-5aec7f5c SM09_micro001 lsf-cpu
2 0 0 | finished  ls12-0-5aec7f60 SM09_micro003 lsf-cpu [lt05]

All jobs have completed.

2 of 2 job(s) succeeded; 0 job(s) failed.

Timer (distribute subjobs) : 1458.74 secs (0 hrs, 24 mins, 18 secs)

Setting up QM workflow for (protonated, deprotonated) pair:
(1) (SM09_micro001, SM09_micro003)

Executing Jaguar quantum-mechanical subjobs...

Executing 10 distributed subjobs:
----------------------------------

No more than 8 cpu(s) will be used per subjob.
No more than 10 cpu(s) will be used simultaneously.

Processing the following subjobs:
(1) jaguar run pka_prot.bat -jobname SM09_micro001_conf_1 SM09_micro001_conf_1.in
(2) jaguar run pka_prot.bat -jobname SM09_micro001_conf_2 SM09_micro001_conf_2.in
(3) jaguar run pka_prot.bat -jobname SM09_micro001_conf_3 SM09_micro001_conf_3.in
(4) jaguar run pka_prot.bat -jobname SM09_micro001_conf_4 SM09_micro001_conf_4.in
(5) jaguar run pka_prot.bat -jobname SM09_micro001_conf_5 SM09_micro001_conf_5.in
(6) jaguar run pka_deprot.bat -jobname SM09_micro003_conf_1 SM09_micro003_conf_1.in
(7) jaguar run pka_deprot.bat -jobname SM09_micro003_conf_2 SM09_micro003_conf_2.in
(8) jaguar run pka_deprot.bat -jobname SM09_micro003_conf_3 SM09_micro003_conf_3.in
(9) jaguar run pka_deprot.bat -jobname SM09_micro003_conf_4 SM09_micro003_conf_4.in
(10) jaguar run pka_deprot.bat -jobname SM09_micro003_conf_5 SM09_micro003_conf_5.in

Running subjobs on hosts:
  lsf-cpu (Max: 10)
Number of jobs:       10
Max retries per job:  3
Max allowed failures: unlimited
Run with -LOCAL:      False
Verbosity:            normal

Starting JobDJ...

Keep one job on driver host: True
JobDJ columns:
  C: Number of completed subjobs
  A: Number of active subjobs (e.g., submitted, running)
  W: Number of waiting/pending subjobs

 C  A  W | Activity  JobId  JobName  JobHost
-- -- -- | --------- -----------------------
 0  1  9 | launched  ls12-0-5aec850f SM09_micro001_conf_1 localhost [ls12]
 0  2  8 | launched  ls12-0-5aec8515 SM09_micro001_conf_2 lsf-cpu
 0  3  7 | launched  ls12-0-5aec851a SM09_micro001_conf_3 lsf-cpu
 0  4  6 | launched  ls12-0-5aec851e SM09_micro001_conf_4 lsf-cpu
 0  5  5 | launched  ls12-1-5aec8523 SM09_micro001_conf_5 lsf-cpu
 0  6  4 | launched  ls12-0-5aec8529 SM09_micro003_conf_1 lsf-cpu
 0  7  3 | launched  ls12-0-5aec852e SM09_micro003_conf_2 lsf-cpu
 0  8  2 | launched  ls12-1-5aec8533 SM09_micro003_conf_3 lsf-cpu
 0  9  1 | launched  ls12-1-5aec8538 SM09_micro003_conf_4 lsf-cpu
 0 10  0 | launched  ls12-0-5aec853d SM09_micro003_conf_5 lsf-cpu
 1  9  0 | finished  ls12-0-5aec850f SM09_micro001_conf_1 localhost [ls12]
 2  8  0 | finished  ls12-1-5aec8538 SM09_micro003_conf_4 lsf-cpu [lt21]
 3  7  0 | finished  ls12-0-5aec851e SM09_micro001_conf_4 lsf-cpu [ls13]
 4  6  0 | finished  ls12-0-5aec853d SM09_micro003_conf_5 lsf-cpu [ls07]
 5  5  0 | finished  ls12-0-5aec8529 SM09_micro003_conf_1 lsf-cpu [ls13]
 6  4  0 | finished  ls12-0-5aec852e SM09_micro003_conf_2 lsf-cpu [ls01]
 7  3  0 | finished  ls12-1-5aec8533 SM09_micro003_conf_3 lsf-cpu [lt04]
 8  2  0 | finished  ls12-0-5aec8515 SM09_micro001_conf_2 lsf-cpu [ls13]
 9  1  0 | finished  ls12-1-5aec8523 SM09_micro001_conf_5 lsf-cpu [ls13]
10  0  0 | finished  ls12-0-5aec851a SM09_micro001_conf_3 lsf-cpu [ls13]

All jobs have completed.

10 of 10 job(s) succeeded; 0 job(s) failed.

Timer (distribute subjobs) : 3471.33 secs (0 hrs, 57 mins, 51 secs)

Processing QM output files...

Executing subprocess:
/data/chodera/schrodinger/schrodinger2017-4-advanced/jaguar results -energy SM09_micro001_conf_1.nrg_h.out

Executing subprocess:
/data/chodera/schrodinger/schrodinger2017-4-advanced/jaguar results -esolv SM09_micro001_conf_1.sol_h.out

Executing subprocess:
/data/chodera/schrodinger/schrodinger2017-4-advanced/jaguar results -energy SM09_micro001_conf_2.nrg_h.out

Executing subprocess:
/data/chodera/schrodinger/schrodinger2017-4-advanced/jaguar results -esolv SM09_micro001_conf_2.sol_h.out

Executing subprocess:
/data/chodera/schrodinger/schrodinger2017-4-advanced/jaguar results -energy SM09_micro001_conf_3.nrg_h.out

Executing subprocess:
/data/chodera/schrodinger/schrodinger2017-4-advanced/jaguar results -esolv SM09_micro001_conf_3.sol_h.out

Executing subprocess:
/data/chodera/schrodinger/schrodinger2017-4-advanced/jaguar results -energy SM09_micro001_conf_4.nrg_h.out

Executing subprocess:
/data/chodera/schrodinger/schrodinger2017-4-advanced/jaguar results -esolv SM09_micro001_conf_4.sol_h.out

Executing subprocess:
/data/chodera/schrodinger/schrodinger2017-4-advanced/jaguar results -energy SM09_micro001_conf_5.nrg_h.out

Executing subprocess:
/data/chodera/schrodinger/schrodinger2017-4-advanced/jaguar results -esolv SM09_micro001_conf_5.sol_h.out

Executing subprocess:
/data/chodera/schrodinger/schrodinger2017-4-advanced/jaguar results -energy SM09_micro003_conf_1.nrg.out

Executing subprocess:
/data/chodera/schrodinger/schrodinger2017-4-advanced/jaguar results -esolv SM09_micro003_conf_1.sol.out

Executing subprocess:
/data/chodera/schrodinger/schrodinger2017-4-advanced/jaguar results -energy SM09_micro003_conf_2.nrg.out

Executing subprocess:
/data/chodera/schrodinger/schrodinger2017-4-advanced/jaguar results -esolv SM09_micro003_conf_2.sol.out

Executing subprocess:
/data/chodera/schrodinger/schrodinger2017-4-advanced/jaguar results -energy SM09_micro003_conf_3.nrg.out

Executing subprocess:
/data/chodera/schrodinger/schrodinger2017-4-advanced/jaguar results -esolv SM09_micro003_conf_3.sol.out

Executing subprocess:
/data/chodera/schrodinger/schrodinger2017-4-advanced/jaguar results -energy SM09_micro003_conf_4.nrg.out

Executing subprocess:
/data/chodera/schrodinger/schrodinger2017-4-advanced/jaguar results -esolv SM09_micro003_conf_4.sol.out

Executing subprocess:
/data/chodera/schrodinger/schrodinger2017-4-advanced/jaguar results -energy SM09_micro003_conf_5.nrg.out

Executing subprocess:
/data/chodera/schrodinger/schrodinger2017-4-advanced/jaguar results -esolv SM09_micro003_conf_5.sol.out

Executing subprocess:
/data/chodera/schrodinger/schrodinger2017-4-advanced/jaguar-v9.8/bin/Linux-x86_64/pka -o SM09_micro001_deprot-out.mae -j SM09_micro001.jres -n -d

Executing subprocess:
/data/chodera/schrodinger/schrodinger2017-4-advanced/jaguar-v9.8/bin/Linux-x86_64/pka -o SM09_micro001_prot-out.mae -j SM09_micro001.jres -n

pKa calculation for SM09_micro001 completed.

pKa workflow jag_SM09_micro001_SM09_micro003 completed.

Timer (Jaguar pKa) : 4996.56 secs (1 hrs, 23 mins, 16 secs)
Timer (jaguar_backend.py) : 4996.56 secs (1 hrs, 23 mins, 16 secs)
Finished:   Fri May  4 13:05:30 2018
