Taking protonated structures from:
SM18_micro065_conf_1.dft_h.01.mae
SM18_micro065_conf_2.dft_h.01.mae
SM18_micro065_conf_3.dft_h.01.mae
SM18_micro065_conf_4.dft_h.01.mae
SM18_micro065_conf_5.dft_h.01.mae
Taking deprotonated structures from:
SM18_micro049_conf_1.dft.01.mae
SM18_micro049_conf_2.dft.01.mae
SM18_micro049_conf_3.dft.01.mae
SM18_micro049_conf_4.dft.01.mae
SM18_micro049_conf_5.dft.01.mae

Corrected results for 'protonated' structure in water:
pKa atom: 31

 # 	                  Shell                  	 pKa 	RMSD	 Contribution
---	-----------------------------------------	-----	-----	--------------
1: 	delta lactam                             	12.28	0.508	    31.29%
2: 	4-pyrimidone as acid                     	12.14	0.530	    60.26%
3: 	Protonation of sp2-like aromatic nitrogen	13.45	1.014	     7.65%
4: 	Protonation of generic atom              	11.11	2.264	     0.79%

 Final weighted pKa value is 12.27



