Taking protonated structures from:
SM18_micro047_conf_1.dft_h.01.mae
SM18_micro047_conf_2.dft_h.01.mae
SM18_micro047_conf_3.dft_h.01.mae
SM18_micro047_conf_4.dft_h.01.mae
SM18_micro047_conf_5.dft_h.01.mae
Taking deprotonated structures from:
SM18_micro065_conf_1.dft.01.mae
SM18_micro065_conf_2.dft.01.mae
SM18_micro065_conf_3.dft.01.mae
SM18_micro065_conf_4.dft.01.mae
SM18_micro065_conf_5.dft.01.mae

Corrected results for 'protonated' structure in water:
pKa atom: 32

 # 	           Shell           	 pKa 	RMSD	 Contribution
---	---------------------------	-----	-----	--------------
1: 	4-pyrimidone as base       	 7.88	0.363	    52.02%
2: 	heterocycle custom 1       	 7.72	0.617	    11.26%
3: 	heterocycle                	 7.78	0.837	    35.20%
4: 	Protonation of generic atom	 7.46	2.264	     1.52%

 Final weighted pKa value is 7.82



