Command:    jaguar run pka.py -jobname jag_SM24_micro034_SM24_micro031 -PARALLEL 10 -n -csrch -prot SM24_micro034.in -deprot SM24_micro031.in
Release:    2017-4
Exec:       /data/chodera/schrodinger/schrodinger2017-4-advanced/jaguar-v9.8/bin/Linux-x86_64
Host:       lt09
JobId:      lilac-0-5aecd65c
JobDir:     /lila/data/chodera/schrodinger/tmpdir/rustenburg/jag_SM24_micro034_SM24_micro031
Date:       Fri May  4 19:24:34 2018

Contents of /lila/data/chodera/schrodinger/tmpdir/rustenburg/jag_SM24_micro034_SM24_micro031:
/lila/data/chodera/schrodinger/tmpdir/rustenburg/jag_SM24_micro034_SM24_micro031/lilac-0-5aecd65c.recover
/lila/data/chodera/schrodinger/tmpdir/rustenburg/jag_SM24_micro034_SM24_micro031/SM24_micro034.mae
/lila/data/chodera/schrodinger/tmpdir/rustenburg/jag_SM24_micro034_SM24_micro031/SM24_micro031.mae
/lila/data/chodera/schrodinger/tmpdir/rustenburg/jag_SM24_micro034_SM24_micro031/jag_SM24_micro034_SM24_micro031.recover
/lila/data/chodera/schrodinger/tmpdir/rustenburg/jag_SM24_micro034_SM24_micro031/SM24_micro031.in
/lila/data/chodera/schrodinger/tmpdir/rustenburg/jag_SM24_micro034_SM24_micro031/lilac-0-5aecd65c
/lila/data/chodera/schrodinger/tmpdir/rustenburg/jag_SM24_micro034_SM24_micro031/lilac-0-5aecd65c.nodes
/lila/data/chodera/schrodinger/tmpdir/rustenburg/jag_SM24_micro034_SM24_micro031/lilac-0-5aecd65c.jlog
/lila/data/chodera/schrodinger/tmpdir/rustenburg/jag_SM24_micro034_SM24_micro031/SM24_micro034.in
/lila/data/chodera/schrodinger/tmpdir/rustenburg/jag_SM24_micro034_SM24_micro031/lilac-0-5aecd65c.hosts
/lila/data/chodera/schrodinger/tmpdir/rustenburg/jag_SM24_micro034_SM24_micro031/jag_SM24_micro034_SM24_micro031.log
/lila/data/chodera/schrodinger/tmpdir/rustenburg/jag_SM24_micro034_SM24_micro031/lilac-0-5aecd65c.mpinodes

=====================
 Jaguar pKa workflow
=====================

Analysing user-provided (prot, deprot) pair:
(SM24_micro034.in, SM24_micro031.in)
Found labile hydrogen 32 in SM24_micro034.in
Found labile hydrogen at atom 26 in SM24_micro031.in
Adding 'ipkat' keyword to input files.

Identifying pKa functional group for pair:
(SM24_micro034, SM24_micro031)

Executing subprocess:
/data/chodera/schrodinger/schrodinger2017-4-advanced/jaguar-v9.8/bin/Linux-x86_64/pka -i -j SM24_micro034.tmp.jres -n

Taking protonated structures from:
SM24_micro034.mae
Taking deprotonated structures from:
SM24_micro031.mae

This molecule from 'SM24_micro034.mae' in water was recognized as:

 # 	                  Shell                   
---	------------------------------------------
1: 	Protonation of sp3-like aliphatic nitrogen
2: 	Protonation of generic atom               


Executing conformational search...

Executing 2 distributed subjobs:
---------------------------------

No more than 8 cpu(s) will be used per subjob.
No more than 10 cpu(s) will be used simultaneously.

Processing the following subjobs:
(1) jaguar run csrch.py SM24_micro034.mae -jobname SM24_micro034 -max_conf 5 -erg_window 50.208 -acc_level 1 -TPP 5
(2) jaguar run csrch.py SM24_micro031.mae -jobname SM24_micro031 -max_conf 5 -erg_window 50.208 -acc_level 1 -TPP 5

Running subjobs on hosts:
  lsf-cpu (Max: 2)
Number of jobs:       2
Max retries per job:  3
Max allowed failures: unlimited
Run with -LOCAL:      False
Verbosity:            normal

Starting JobDJ...

Keep one job on driver host: False
JobDJ columns:
  C: Number of completed subjobs
  A: Number of active subjobs (e.g., submitted, running)
  W: Number of waiting/pending subjobs

C A W | Activity  JobId  JobName  JobHost
- - - | --------- -----------------------
0 1 1 | launched  lt09-2-5aecebc1 SM24_micro034 lsf-cpu
0 2 0 | launched  lt09-3-5aecebd3 SM24_micro031 lsf-cpu
1 1 0 | finished  lt09-2-5aecebc1 SM24_micro034 lsf-cpu [ls04]
2 0 0 | finished  lt09-3-5aecebd3 SM24_micro031 lsf-cpu [ls10]

All jobs have completed.

2 of 2 job(s) succeeded; 0 job(s) failed.

Timer (distribute subjobs) : 8628.38 secs (2 hrs, 23 mins, 48 secs)

Setting up QM workflow for (protonated, deprotonated) pair:
(1) (SM24_micro034, SM24_micro031)

Executing Jaguar quantum-mechanical subjobs...

Executing 10 distributed subjobs:
----------------------------------

No more than 8 cpu(s) will be used per subjob.
No more than 10 cpu(s) will be used simultaneously.

Processing the following subjobs:
(1) jaguar run pka_prot.bat -jobname SM24_micro034_conf_1 SM24_micro034_conf_1.in
(2) jaguar run pka_prot.bat -jobname SM24_micro034_conf_2 SM24_micro034_conf_2.in
(3) jaguar run pka_prot.bat -jobname SM24_micro034_conf_3 SM24_micro034_conf_3.in
(4) jaguar run pka_prot.bat -jobname SM24_micro034_conf_4 SM24_micro034_conf_4.in
(5) jaguar run pka_prot.bat -jobname SM24_micro034_conf_5 SM24_micro034_conf_5.in
(6) jaguar run pka_deprot.bat -jobname SM24_micro031_conf_1 SM24_micro031_conf_1.in
(7) jaguar run pka_deprot.bat -jobname SM24_micro031_conf_2 SM24_micro031_conf_2.in
(8) jaguar run pka_deprot.bat -jobname SM24_micro031_conf_3 SM24_micro031_conf_3.in
(9) jaguar run pka_deprot.bat -jobname SM24_micro031_conf_4 SM24_micro031_conf_4.in
(10) jaguar run pka_deprot.bat -jobname SM24_micro031_conf_5 SM24_micro031_conf_5.in

Running subjobs on hosts:
  lsf-cpu (Max: 10)
Number of jobs:       10
Max retries per job:  3
Max allowed failures: unlimited
Run with -LOCAL:      False
Verbosity:            normal

Starting JobDJ...

Keep one job on driver host: True
JobDJ columns:
  C: Number of completed subjobs
  A: Number of active subjobs (e.g., submitted, running)
  W: Number of waiting/pending subjobs

 C  A  W | Activity  JobId  JobName  JobHost
-- -- -- | --------- -----------------------
 0  1  9 | launched  lt09-0-5aed0d73 SM24_micro034_conf_1 localhost [lt09]
 0  2  8 | launched  lt09-0-5aed0d7a SM24_micro034_conf_2 lsf-cpu
 0  3  7 | launched  lt09-0-5aed0d7d SM24_micro034_conf_3 lsf-cpu
 0  4  6 | launched  lt09-0-5aed0d81 SM24_micro034_conf_4 lsf-cpu
 0  5  5 | launched  lt09-0-5aed0d84 SM24_micro034_conf_5 lsf-cpu
 0  6  4 | launched  lt09-1-5aed0d88 SM24_micro031_conf_1 lsf-cpu
 0  7  3 | launched  lt09-1-5aed0d8c SM24_micro031_conf_2 lsf-cpu
 0  8  2 | launched  lt09-0-5aed0d91 SM24_micro031_conf_3 lsf-cpu
 0  9  1 | launched  lt09-0-5aed0d95 SM24_micro031_conf_4 lsf-cpu
 0 10  0 | launched  lt09-0-5aed0d9a SM24_micro031_conf_5 lsf-cpu
Subjob 'SM24_micro034_conf_2' died (fizzled) [jobid lt09-0-5aed0d7a]
 0  9  1 | fizzled   lt09-0-5aed0d7a SM24_micro034_conf_2 lsf-cpu
WARNING: Job launch failed for 1/2 times.
% jaguar run pka_prot.bat -jobname SM24_micro034_conf_2 SM24_micro034_conf_2.in -HOST lsf-cpu
Output
Launch failed: no JobId found.

Command:
/data/chodera/schrodinger/schrodinger2017-4-advanced/jaguar run pka_prot.bat -jobname SM24_micro034_conf_2 SM24_micro034_conf_2.in -HOST lsf-cpu
Output:
Launching JAGUAR under jobcontrol.
An error has occurred.  Information about the error has been written to 
/home/rustenburg/.schrodinger/exceptions/error20180504-223614.txt 

Please contact help@schrodinger.com for assistance. Include error20180504-223614.txt and a description of what you were doing when the error occurred.

WARNING: Job launch failed for 2/2 times.
% jaguar run pka_prot.bat -jobname SM24_micro034_conf_2 SM24_micro034_conf_2.in -HOST lsf-cpu
Output
Launch failed: no JobId found.

Command:
/data/chodera/schrodinger/schrodinger2017-4-advanced/jaguar run pka_prot.bat -jobname SM24_micro034_conf_2 SM24_micro034_conf_2.in -HOST lsf-cpu
Output:
Launching JAGUAR under jobcontrol.
An error has occurred.  Information about the error has been written to 
/home/rustenburg/.schrodinger/exceptions/error20180504-224058-1.txt 

Please contact help@schrodinger.com for assistance. Include error20180504-224058-1.txt and a description of what you were doing when the error occurred.

Subjob 'SM24_micro034_conf_3' died (fizzled) [jobid lt09-0-5aed0d7d]
 0  8  2 | fizzled   lt09-0-5aed0d7d SM24_micro034_conf_3 lsf-cpu
WARNING: Job launch failed for 1/2 times.
% jaguar run pka_prot.bat -jobname SM24_micro034_conf_2 SM24_micro034_conf_2.in -HOST lsf-cpu
Output
Launch failed: no JobId found.

Command:
/data/chodera/schrodinger/schrodinger2017-4-advanced/jaguar run pka_prot.bat -jobname SM24_micro034_conf_2 SM24_micro034_conf_2.in -HOST lsf-cpu
Output:
Launching JAGUAR under jobcontrol.
An error has occurred.  Information about the error has been written to 
/home/rustenburg/.schrodinger/exceptions/error20180504-224543-2.txt 

Please contact help@schrodinger.com for assistance. Include error20180504-224543-2.txt and a description of what you were doing when the error occurred.

WARNING: Job launch failed for 2/2 times.
% jaguar run pka_prot.bat -jobname SM24_micro034_conf_2 SM24_micro034_conf_2.in -HOST lsf-cpu
Output
Launch failed: no JobId found.

Command:
/data/chodera/schrodinger/schrodinger2017-4-advanced/jaguar run pka_prot.bat -jobname SM24_micro034_conf_2 SM24_micro034_conf_2.in -HOST lsf-cpu
Output:
Launching JAGUAR under jobcontrol.
An error has occurred.  Information about the error has been written to 
/home/rustenburg/.schrodinger/exceptions/error20180504-225027-2.txt 

Please contact help@schrodinger.com for assistance. Include error20180504-225027-2.txt and a description of what you were doing when the error occurred.

WARNING: Job launch failed for 1/2 times.
% jaguar run pka_prot.bat -jobname SM24_micro034_conf_3 SM24_micro034_conf_3.in -HOST lsf-cpu
Output
Launch failed: no JobId found.

Command:
/data/chodera/schrodinger/schrodinger2017-4-advanced/jaguar run pka_prot.bat -jobname SM24_micro034_conf_3 SM24_micro034_conf_3.in -HOST lsf-cpu
Output:
Launching JAGUAR under jobcontrol.
An error has occurred.  Information about the error has been written to 
/home/rustenburg/.schrodinger/exceptions/error20180504-225510-1.txt 

Please contact help@schrodinger.com for assistance. Include error20180504-225510-1.txt and a description of what you were doing when the error occurred.

WARNING: Job launch failed for 2/2 times.
% jaguar run pka_prot.bat -jobname SM24_micro034_conf_3 SM24_micro034_conf_3.in -HOST lsf-cpu
Output
Launch failed: no JobId found.

Command:
/data/chodera/schrodinger/schrodinger2017-4-advanced/jaguar run pka_prot.bat -jobname SM24_micro034_conf_3 SM24_micro034_conf_3.in -HOST lsf-cpu
Output:
Launching JAGUAR under jobcontrol.
An error has occurred.  Information about the error has been written to 
/home/rustenburg/.schrodinger/exceptions/error20180504-225952.txt 

Please contact help@schrodinger.com for assistance. Include error20180504-225952.txt and a description of what you were doing when the error occurred.

Subjob 'SM24_micro034_conf_4' died (fizzled) [jobid lt09-0-5aed0d81]
 0  7  3 | fizzled   lt09-0-5aed0d81 SM24_micro034_conf_4 lsf-cpu
WARNING: Job launch failed for 1/2 times.
% jaguar run pka_prot.bat -jobname SM24_micro034_conf_2 SM24_micro034_conf_2.in -HOST lsf-cpu
Output
Launch failed: no JobId found.

Command:
/data/chodera/schrodinger/schrodinger2017-4-advanced/jaguar run pka_prot.bat -jobname SM24_micro034_conf_2 SM24_micro034_conf_2.in -HOST lsf-cpu
Output:
Launching JAGUAR under jobcontrol.
An error has occurred.  Information about the error has been written to 
/home/rustenburg/.schrodinger/exceptions/error20180504-230434-3.txt 

Please contact help@schrodinger.com for assistance. Include error20180504-230434-3.txt and a description of what you were doing when the error occurred.

WARNING: Job launch failed for 2/2 times.
% jaguar run pka_prot.bat -jobname SM24_micro034_conf_2 SM24_micro034_conf_2.in -HOST lsf-cpu
Output
Launch failed: no JobId found.

Command:
/data/chodera/schrodinger/schrodinger2017-4-advanced/jaguar run pka_prot.bat -jobname SM24_micro034_conf_2 SM24_micro034_conf_2.in -HOST lsf-cpu
Output:
Launching JAGUAR under jobcontrol.
An error has occurred.  Information about the error has been written to 
/home/rustenburg/.schrodinger/exceptions/error20180504-230917.txt 

Please contact help@schrodinger.com for assistance. Include error20180504-230917.txt and a description of what you were doing when the error occurred.

WARNING: Job launch failed for 1/2 times.
% jaguar run pka_prot.bat -jobname SM24_micro034_conf_3 SM24_micro034_conf_3.in -HOST lsf-cpu
Output
Launch failed: no JobId found.

Command:
/data/chodera/schrodinger/schrodinger2017-4-advanced/jaguar run pka_prot.bat -jobname SM24_micro034_conf_3 SM24_micro034_conf_3.in -HOST lsf-cpu
Output:
Launching JAGUAR under jobcontrol.
An error has occurred.  Information about the error has been written to 
/home/rustenburg/.schrodinger/exceptions/error20180504-231359-1.txt 

Please contact help@schrodinger.com for assistance. Include error20180504-231359-1.txt and a description of what you were doing when the error occurred.

WARNING: Job launch failed for 2/2 times.
% jaguar run pka_prot.bat -jobname SM24_micro034_conf_3 SM24_micro034_conf_3.in -HOST lsf-cpu
Output
Launch failed: no JobId found.

Command:
/data/chodera/schrodinger/schrodinger2017-4-advanced/jaguar run pka_prot.bat -jobname SM24_micro034_conf_3 SM24_micro034_conf_3.in -HOST lsf-cpu
Output:
Launching JAGUAR under jobcontrol.
An error has occurred.  Information about the error has been written to 
/home/rustenburg/.schrodinger/exceptions/error20180504-231841-3.txt 

Please contact help@schrodinger.com for assistance. Include error20180504-231841-3.txt and a description of what you were doing when the error occurred.

WARNING: Job launch failed for 1/2 times.
% jaguar run pka_prot.bat -jobname SM24_micro034_conf_4 SM24_micro034_conf_4.in -HOST lsf-cpu
Output
Launch failed: no JobId found.

Command:
/data/chodera/schrodinger/schrodinger2017-4-advanced/jaguar run pka_prot.bat -jobname SM24_micro034_conf_4 SM24_micro034_conf_4.in -HOST lsf-cpu
Output:
Launching JAGUAR under jobcontrol.
An error has occurred.  Information about the error has been written to 
/home/rustenburg/.schrodinger/exceptions/error20180504-232323-2.txt 

Please contact help@schrodinger.com for assistance. Include error20180504-232323-2.txt and a description of what you were doing when the error occurred.

WARNING: Job launch failed for 2/2 times.
% jaguar run pka_prot.bat -jobname SM24_micro034_conf_4 SM24_micro034_conf_4.in -HOST lsf-cpu
Output
Launch failed: no JobId found.

Command:
/data/chodera/schrodinger/schrodinger2017-4-advanced/jaguar run pka_prot.bat -jobname SM24_micro034_conf_4 SM24_micro034_conf_4.in -HOST lsf-cpu
Output:
Launching JAGUAR under jobcontrol.
An error has occurred.  Information about the error has been written to 
/home/rustenburg/.schrodinger/exceptions/error20180504-232806-1.txt 

Please contact help@schrodinger.com for assistance. Include error20180504-232806-1.txt and a description of what you were doing when the error occurred.

 1  7  2 | fizzled   lt09-0-5aed0d7a SM24_micro034_conf_2 lsf-cpu
ERROR: Subjob 'SM24_micro034_conf_2' has failed after 3 retries.

Last 20 lines of 'SM24_micro034_conf_2.recover':

  ERROR: this job could not be launched.
  
  Launch host: lt09.hpc.private
  Launch directory: /lila/data/chodera/schrodinger/tmpdir/rustenburg/jag_SM24_micro034_SM24_micro031/jag_SM24_micro034_SM24_micro031.workdir
  Launch time: 2018-05-04-23:04:39
  Command line: /data/chodera/schrodinger/schrodinger2017-4-advanced/jaguar run pka_prot.bat -jobname SM24_micro034_conf_2 SM24_micro034_conf_2.in -HOST lsf-cpu
  
  The following error message was returned:
  Error: in replying to 'JPROXYPORT lilac rustenburg "/data/chodera/schrodinger/schrodinger2017-4-advanced"' - dial tcp lilac:35321: i/o timeout


Last 20 lines of 'SM24_micro034_conf_2.log':

  

Job control errors (from job record):
  ERROR: job is no longer on the queue [queue says: '/home/rustenburg/.bashrc: line 24: bind: warning: line editing not enabled\n/home/rustenburg/.bashrc: line 25: bind: warning: line editing not enabled']
Launch failed: no JobId found.

Command:
/data/chodera/schrodinger/schrodinger2017-4-advanced/jaguar run pka_prot.bat -jobname SM24_micro034_conf_2 SM24_micro034_conf_2.in -HOST lsf-cpu
Output:
Launching JAGUAR under jobcontrol.
An error has occurred.  Information about the error has been written to 
/home/rustenburg/.schrodinger/exceptions/error20180504-230917.txt 

Please contact help@schrodinger.com for assistance. Include error20180504-230917.txt and a description of what you were doing when the error occurred.

Subjob 'SM24_micro034_conf_5' died (fizzled) [jobid lt09-0-5aed0d84]
 1  6  3 | fizzled   lt09-0-5aed0d84 SM24_micro034_conf_5 lsf-cpu
WARNING: Job launch failed for 1/2 times.
% jaguar run pka_prot.bat -jobname SM24_micro034_conf_3 SM24_micro034_conf_3.in -HOST lsf-cpu
Output
Launch failed: no JobId found.

Command:
/data/chodera/schrodinger/schrodinger2017-4-advanced/jaguar run pka_prot.bat -jobname SM24_micro034_conf_3 SM24_micro034_conf_3.in -HOST lsf-cpu
Output:
Launching JAGUAR under jobcontrol.
An error has occurred.  Information about the error has been written to 
/home/rustenburg/.schrodinger/exceptions/error20180504-233249.txt 

Please contact help@schrodinger.com for assistance. Include error20180504-233249.txt and a description of what you were doing when the error occurred.

WARNING: Job launch failed for 2/2 times.
% jaguar run pka_prot.bat -jobname SM24_micro034_conf_3 SM24_micro034_conf_3.in -HOST lsf-cpu
Output
Launch failed: no JobId found.

Command:
/data/chodera/schrodinger/schrodinger2017-4-advanced/jaguar run pka_prot.bat -jobname SM24_micro034_conf_3 SM24_micro034_conf_3.in -HOST lsf-cpu
Output:
Launching JAGUAR under jobcontrol.
An error has occurred.  Information about the error has been written to 
/home/rustenburg/.schrodinger/exceptions/error20180504-233731-1.txt 

Please contact help@schrodinger.com for assistance. Include error20180504-233731-1.txt and a description of what you were doing when the error occurred.

WARNING: Job launch failed for 1/2 times.
% jaguar run pka_prot.bat -jobname SM24_micro034_conf_4 SM24_micro034_conf_4.in -HOST lsf-cpu
Output
Launch failed: no JobId found.

Command:
/data/chodera/schrodinger/schrodinger2017-4-advanced/jaguar run pka_prot.bat -jobname SM24_micro034_conf_4 SM24_micro034_conf_4.in -HOST lsf-cpu
Output:
Launching JAGUAR under jobcontrol.
An error has occurred.  Information about the error has been written to 
/home/rustenburg/.schrodinger/exceptions/error20180504-234213-2.txt 

Please contact help@schrodinger.com for assistance. Include error20180504-234213-2.txt and a description of what you were doing when the error occurred.

WARNING: Job launch failed for 2/2 times.
% jaguar run pka_prot.bat -jobname SM24_micro034_conf_4 SM24_micro034_conf_4.in -HOST lsf-cpu
Output
Launch failed: no JobId found.

Command:
/data/chodera/schrodinger/schrodinger2017-4-advanced/jaguar run pka_prot.bat -jobname SM24_micro034_conf_4 SM24_micro034_conf_4.in -HOST lsf-cpu
Output:
Launching JAGUAR under jobcontrol.
An error has occurred.  Information about the error has been written to 
/home/rustenburg/.schrodinger/exceptions/error20180504-234656-2.txt 

Please contact help@schrodinger.com for assistance. Include error20180504-234656-2.txt and a description of what you were doing when the error occurred.

WARNING: Job launch failed for 1/2 times.
% jaguar run pka_prot.bat -jobname SM24_micro034_conf_5 SM24_micro034_conf_5.in -HOST lsf-cpu
Output
Launch failed: no JobId found.

Command:
/data/chodera/schrodinger/schrodinger2017-4-advanced/jaguar run pka_prot.bat -jobname SM24_micro034_conf_5 SM24_micro034_conf_5.in -HOST lsf-cpu
Output:
Launching JAGUAR under jobcontrol.
An error has occurred.  Information about the error has been written to 
/home/rustenburg/.schrodinger/exceptions/error20180504-235138-1.txt 

Please contact help@schrodinger.com for assistance. Include error20180504-235138-1.txt and a description of what you were doing when the error occurred.

WARNING: Job launch failed for 2/2 times.
% jaguar run pka_prot.bat -jobname SM24_micro034_conf_5 SM24_micro034_conf_5.in -HOST lsf-cpu
Output
Launch failed: no JobId found.

Command:
/data/chodera/schrodinger/schrodinger2017-4-advanced/jaguar run pka_prot.bat -jobname SM24_micro034_conf_5 SM24_micro034_conf_5.in -HOST lsf-cpu
Output:
Launching JAGUAR under jobcontrol.
An error has occurred.  Information about the error has been written to 
/home/rustenburg/.schrodinger/exceptions/error20180504-235621-2.txt 

Please contact help@schrodinger.com for assistance. Include error20180504-235621-2.txt and a description of what you were doing when the error occurred.

 2  6  2 | fizzled   lt09-0-5aed0d7d SM24_micro034_conf_3 lsf-cpu
ERROR: Subjob 'SM24_micro034_conf_3' has failed after 3 retries.

Last 20 lines of 'SM24_micro034_conf_3.log':

  ERROR: this job could not be launched.
  
  Launch host: lt09.hpc.private
  Launch directory: /lila/data/chodera/schrodinger/tmpdir/rustenburg/jag_SM24_micro034_SM24_micro031/jag_SM24_micro034_SM24_micro031.workdir
  Launch time: 2018-05-04-23:32:53
  Command line: /data/chodera/schrodinger/schrodinger2017-4-advanced/jaguar run pka_prot.bat -jobname SM24_micro034_conf_3 SM24_micro034_conf_3.in -HOST lsf-cpu
  
  The following error message was returned:
  Error: in replying to 'JPROXYPORT lilac rustenburg "/data/chodera/schrodinger/schrodinger2017-4-advanced"' - dial tcp lilac:35321: i/o timeout


Last 20 lines of 'SM24_micro034_conf_3.recover':

  

Job control errors (from job record):
  ERROR: job is no longer on the queue [queue says: '/home/rustenburg/.bashrc: line 24: bind: warning: line editing not enabled\n/home/rustenburg/.bashrc: line 25: bind: warning: line editing not enabled']
Launch failed: no JobId found.

Command:
/data/chodera/schrodinger/schrodinger2017-4-advanced/jaguar run pka_prot.bat -jobname SM24_micro034_conf_3 SM24_micro034_conf_3.in -HOST lsf-cpu
Output:
Launching JAGUAR under jobcontrol.
An error has occurred.  Information about the error has been written to 
/home/rustenburg/.schrodinger/exceptions/error20180504-233731-1.txt 

Please contact help@schrodinger.com for assistance. Include error20180504-233731-1.txt and a description of what you were doing when the error occurred.

Subjob 'SM24_micro031_conf_1' died (fizzled) [jobid lt09-1-5aed0d88]
 2  5  3 | fizzled   lt09-1-5aed0d88 SM24_micro031_conf_1 lsf-cpu
WARNING: Job launch failed for 1/2 times.
% jaguar run pka_prot.bat -jobname SM24_micro034_conf_4 SM24_micro034_conf_4.in -HOST lsf-cpu
Output
Launch failed: no JobId found.

Command:
/data/chodera/schrodinger/schrodinger2017-4-advanced/jaguar run pka_prot.bat -jobname SM24_micro034_conf_4 SM24_micro034_conf_4.in -HOST lsf-cpu
Output:
Launching JAGUAR under jobcontrol.
An error has occurred.  Information about the error has been written to 
/home/rustenburg/.schrodinger/exceptions/error20180505-000103-4.txt 

Please contact help@schrodinger.com for assistance. Include error20180505-000103-4.txt and a description of what you were doing when the error occurred.

WARNING: Job launch failed for 2/2 times.
% jaguar run pka_prot.bat -jobname SM24_micro034_conf_4 SM24_micro034_conf_4.in -HOST lsf-cpu
Output
Launch failed: no JobId found.

Command:
/data/chodera/schrodinger/schrodinger2017-4-advanced/jaguar run pka_prot.bat -jobname SM24_micro034_conf_4 SM24_micro034_conf_4.in -HOST lsf-cpu
Output:
Launching JAGUAR under jobcontrol.
An error has occurred.  Information about the error has been written to 
/home/rustenburg/.schrodinger/exceptions/error20180505-000545-2.txt 

Please contact help@schrodinger.com for assistance. Include error20180505-000545-2.txt and a description of what you were doing when the error occurred.

WARNING: Job launch failed for 1/2 times.
% jaguar run pka_prot.bat -jobname SM24_micro034_conf_5 SM24_micro034_conf_5.in -HOST lsf-cpu
Output
Launch failed: no JobId found.

Command:
/data/chodera/schrodinger/schrodinger2017-4-advanced/jaguar run pka_prot.bat -jobname SM24_micro034_conf_5 SM24_micro034_conf_5.in -HOST lsf-cpu
Output:
Launching JAGUAR under jobcontrol.
An error has occurred.  Information about the error has been written to 
/home/rustenburg/.schrodinger/exceptions/error20180505-001027.txt 

Please contact help@schrodinger.com for assistance. Include error20180505-001027.txt and a description of what you were doing when the error occurred.

WARNING: Job launch failed for 2/2 times.
% jaguar run pka_prot.bat -jobname SM24_micro034_conf_5 SM24_micro034_conf_5.in -HOST lsf-cpu
Output
Launch failed: no JobId found.

Command:
/data/chodera/schrodinger/schrodinger2017-4-advanced/jaguar run pka_prot.bat -jobname SM24_micro034_conf_5 SM24_micro034_conf_5.in -HOST lsf-cpu
Output:
Launching JAGUAR under jobcontrol.
An error has occurred.  Information about the error has been written to 
/home/rustenburg/.schrodinger/exceptions/error20180505-001509.txt 

Please contact help@schrodinger.com for assistance. Include error20180505-001509.txt and a description of what you were doing when the error occurred.

WARNING: Job launch failed for 1/2 times.
% jaguar run pka_deprot.bat -jobname SM24_micro031_conf_1 SM24_micro031_conf_1.in -HOST lsf-cpu
Output
Launch failed: no JobId found.

Command:
/data/chodera/schrodinger/schrodinger2017-4-advanced/jaguar run pka_deprot.bat -jobname SM24_micro031_conf_1 SM24_micro031_conf_1.in -HOST lsf-cpu
Output:
Launching JAGUAR under jobcontrol.
An error has occurred.  Information about the error has been written to 
/home/rustenburg/.schrodinger/exceptions/error20180505-001951.txt 

Please contact help@schrodinger.com for assistance. Include error20180505-001951.txt and a description of what you were doing when the error occurred.

WARNING: Job launch failed for 2/2 times.
% jaguar run pka_deprot.bat -jobname SM24_micro031_conf_1 SM24_micro031_conf_1.in -HOST lsf-cpu
Output
Launch failed: no JobId found.

Command:
/data/chodera/schrodinger/schrodinger2017-4-advanced/jaguar run pka_deprot.bat -jobname SM24_micro031_conf_1 SM24_micro031_conf_1.in -HOST lsf-cpu
Output:
Launching JAGUAR under jobcontrol.
An error has occurred.  Information about the error has been written to 
/home/rustenburg/.schrodinger/exceptions/error20180505-002433.txt 

Please contact help@schrodinger.com for assistance. Include error20180505-002433.txt and a description of what you were doing when the error occurred.

 3  5  2 | fizzled   lt09-0-5aed0d81 SM24_micro034_conf_4 lsf-cpu
ERROR: Subjob 'SM24_micro034_conf_4' has failed after 3 retries.

Last 20 lines of 'SM24_micro034_conf_4.recover':

  ERROR: this job could not be launched.
  
  Launch host: lt09.hpc.private
  Launch directory: /lila/data/chodera/schrodinger/tmpdir/rustenburg/jag_SM24_micro034_SM24_micro031/jag_SM24_micro034_SM24_micro031.workdir
  Launch time: 2018-05-05-00:01:07
  Command line: /data/chodera/schrodinger/schrodinger2017-4-advanced/jaguar run pka_prot.bat -jobname SM24_micro034_conf_4 SM24_micro034_conf_4.in -HOST lsf-cpu
  
  The following error message was returned:
  Error: in replying to 'JPROXYPORT lilac rustenburg "/data/chodera/schrodinger/schrodinger2017-4-advanced"' - dial tcp lilac:35321: i/o timeout


Last 20 lines of 'SM24_micro034_conf_4.log':

  

Job control errors (from job record):
  ERROR: job is no longer on the queue [queue says: '/home/rustenburg/.bashrc: line 24: bind: warning: line editing not enabled\n/home/rustenburg/.bashrc: line 25: bind: warning: line editing not enabled']
Launch failed: no JobId found.

Command:
/data/chodera/schrodinger/schrodinger2017-4-advanced/jaguar run pka_prot.bat -jobname SM24_micro034_conf_4 SM24_micro034_conf_4.in -HOST lsf-cpu
Output:
Launching JAGUAR under jobcontrol.
An error has occurred.  Information about the error has been written to 
/home/rustenburg/.schrodinger/exceptions/error20180505-000545-2.txt 

Please contact help@schrodinger.com for assistance. Include error20180505-000545-2.txt and a description of what you were doing when the error occurred.

Subjob 'SM24_micro031_conf_2' died (fizzled) [jobid lt09-1-5aed0d8c]
 3  4  3 | fizzled   lt09-1-5aed0d8c SM24_micro031_conf_2 lsf-cpu
WARNING: Job launch failed for 1/2 times.
% jaguar run pka_prot.bat -jobname SM24_micro034_conf_5 SM24_micro034_conf_5.in -HOST lsf-cpu
Output
Launch failed: no JobId found.

Command:
/data/chodera/schrodinger/schrodinger2017-4-advanced/jaguar run pka_prot.bat -jobname SM24_micro034_conf_5 SM24_micro034_conf_5.in -HOST lsf-cpu
Output:
Launching JAGUAR under jobcontrol.
An error has occurred.  Information about the error has been written to 
/home/rustenburg/.schrodinger/exceptions/error20180505-002915.txt 

Please contact help@schrodinger.com for assistance. Include error20180505-002915.txt and a description of what you were doing when the error occurred.

WARNING: Job launch failed for 2/2 times.
% jaguar run pka_prot.bat -jobname SM24_micro034_conf_5 SM24_micro034_conf_5.in -HOST lsf-cpu
Output
Launch failed: no JobId found.

Command:
/data/chodera/schrodinger/schrodinger2017-4-advanced/jaguar run pka_prot.bat -jobname SM24_micro034_conf_5 SM24_micro034_conf_5.in -HOST lsf-cpu
Output:
Launching JAGUAR under jobcontrol.
An error has occurred.  Information about the error has been written to 
/home/rustenburg/.schrodinger/exceptions/error20180505-003357.txt 

Please contact help@schrodinger.com for assistance. Include error20180505-003357.txt and a description of what you were doing when the error occurred.

WARNING: Job launch failed for 1/2 times.
% jaguar run pka_deprot.bat -jobname SM24_micro031_conf_1 SM24_micro031_conf_1.in -HOST lsf-cpu
Output
Launch failed: no JobId found.

Command:
/data/chodera/schrodinger/schrodinger2017-4-advanced/jaguar run pka_deprot.bat -jobname SM24_micro031_conf_1 SM24_micro031_conf_1.in -HOST lsf-cpu
Output:
Launching JAGUAR under jobcontrol.
An error has occurred.  Information about the error has been written to 
/home/rustenburg/.schrodinger/exceptions/error20180505-003838.txt 

Please contact help@schrodinger.com for assistance. Include error20180505-003838.txt and a description of what you were doing when the error occurred.

WARNING: Job launch failed for 2/2 times.
% jaguar run pka_deprot.bat -jobname SM24_micro031_conf_1 SM24_micro031_conf_1.in -HOST lsf-cpu
Output
Launch failed: no JobId found.

Command:
/data/chodera/schrodinger/schrodinger2017-4-advanced/jaguar run pka_deprot.bat -jobname SM24_micro031_conf_1 SM24_micro031_conf_1.in -HOST lsf-cpu
Output:
Launching JAGUAR under jobcontrol.
An error has occurred.  Information about the error has been written to 
/home/rustenburg/.schrodinger/exceptions/error20180505-004315-3.txt 

Please contact help@schrodinger.com for assistance. Include error20180505-004315-3.txt and a description of what you were doing when the error occurred.

WARNING: Job launch failed for 1/2 times.
% jaguar run pka_deprot.bat -jobname SM24_micro031_conf_2 SM24_micro031_conf_2.in -HOST lsf-cpu
Output
Launch failed: no JobId found.

Command:
/data/chodera/schrodinger/schrodinger2017-4-advanced/jaguar run pka_deprot.bat -jobname SM24_micro031_conf_2 SM24_micro031_conf_2.in -HOST lsf-cpu
Output:
Launching JAGUAR under jobcontrol.
An error has occurred.  Information about the error has been written to 
/home/rustenburg/.schrodinger/exceptions/error20180505-004754.txt 

Please contact help@schrodinger.com for assistance. Include error20180505-004754.txt and a description of what you were doing when the error occurred.

WARNING: Job launch failed for 2/2 times.
% jaguar run pka_deprot.bat -jobname SM24_micro031_conf_2 SM24_micro031_conf_2.in -HOST lsf-cpu
Output
Launch failed: no JobId found.

Command:
/data/chodera/schrodinger/schrodinger2017-4-advanced/jaguar run pka_deprot.bat -jobname SM24_micro031_conf_2 SM24_micro031_conf_2.in -HOST lsf-cpu
Output:
Launching JAGUAR under jobcontrol.
An error has occurred.  Information about the error has been written to 
/home/rustenburg/.schrodinger/exceptions/error20180505-005233.txt 

Please contact help@schrodinger.com for assistance. Include error20180505-005233.txt and a description of what you were doing when the error occurred.

 4  4  2 | fizzled   lt09-0-5aed0d84 SM24_micro034_conf_5 lsf-cpu
ERROR: Subjob 'SM24_micro034_conf_5' has failed after 3 retries.

Last 20 lines of 'SM24_micro034_conf_5.log':

  ERROR: this job could not be launched.
  
  Launch host: lt09.hpc.private
  Launch directory: /lila/data/chodera/schrodinger/tmpdir/rustenburg/jag_SM24_micro034_SM24_micro031/jag_SM24_micro034_SM24_micro031.workdir
  Launch time: 2018-05-05-00:29:19
  Command line: /data/chodera/schrodinger/schrodinger2017-4-advanced/jaguar run pka_prot.bat -jobname SM24_micro034_conf_5 SM24_micro034_conf_5.in -HOST lsf-cpu
  
  The following error message was returned:
  Error: in replying to 'JPROXYPORT lilac rustenburg "/data/chodera/schrodinger/schrodinger2017-4-advanced"' - dial tcp lilac:35321: i/o timeout


Last 20 lines of 'SM24_micro034_conf_5.recover':

  

Job control errors (from job record):
  ERROR: job is no longer on the queue [queue says: '/home/rustenburg/.bashrc: line 24: bind: warning: line editing not enabled\n/home/rustenburg/.bashrc: line 25: bind: warning: line editing not enabled']
Launch failed: no JobId found.

Command:
/data/chodera/schrodinger/schrodinger2017-4-advanced/jaguar run pka_prot.bat -jobname SM24_micro034_conf_5 SM24_micro034_conf_5.in -HOST lsf-cpu
Output:
Launching JAGUAR under jobcontrol.
An error has occurred.  Information about the error has been written to 
/home/rustenburg/.schrodinger/exceptions/error20180505-003357.txt 

Please contact help@schrodinger.com for assistance. Include error20180505-003357.txt and a description of what you were doing when the error occurred.

Subjob 'SM24_micro031_conf_3' died (fizzled) [jobid lt09-0-5aed0d91]
 4  3  3 | fizzled   lt09-0-5aed0d91 SM24_micro031_conf_3 lsf-cpu
WARNING: Job launch failed for 1/2 times.
% jaguar run pka_deprot.bat -jobname SM24_micro031_conf_1 SM24_micro031_conf_1.in -HOST lsf-cpu
Output
Launch failed: no JobId found.

Command:
/data/chodera/schrodinger/schrodinger2017-4-advanced/jaguar run pka_deprot.bat -jobname SM24_micro031_conf_1 SM24_micro031_conf_1.in -HOST lsf-cpu
Output:
Launching JAGUAR under jobcontrol.
An error has occurred.  Information about the error has been written to 
/home/rustenburg/.schrodinger/exceptions/error20180505-005711.txt 

Please contact help@schrodinger.com for assistance. Include error20180505-005711.txt and a description of what you were doing when the error occurred.

WARNING: Job launch failed for 2/2 times.
% jaguar run pka_deprot.bat -jobname SM24_micro031_conf_1 SM24_micro031_conf_1.in -HOST lsf-cpu
Output
Launch failed: no JobId found.

Command:
/data/chodera/schrodinger/schrodinger2017-4-advanced/jaguar run pka_deprot.bat -jobname SM24_micro031_conf_1 SM24_micro031_conf_1.in -HOST lsf-cpu
Output:
Launching JAGUAR under jobcontrol.
An error has occurred.  Information about the error has been written to 
/home/rustenburg/.schrodinger/exceptions/error20180505-010148.txt 

Please contact help@schrodinger.com for assistance. Include error20180505-010148.txt and a description of what you were doing when the error occurred.

WARNING: Job launch failed for 1/2 times.
% jaguar run pka_deprot.bat -jobname SM24_micro031_conf_2 SM24_micro031_conf_2.in -HOST lsf-cpu
Output
Launch failed: no JobId found.

Command:
/data/chodera/schrodinger/schrodinger2017-4-advanced/jaguar run pka_deprot.bat -jobname SM24_micro031_conf_2 SM24_micro031_conf_2.in -HOST lsf-cpu
Output:
Launching JAGUAR under jobcontrol.
An error has occurred.  Information about the error has been written to 
/home/rustenburg/.schrodinger/exceptions/error20180505-010625.txt 

Please contact help@schrodinger.com for assistance. Include error20180505-010625.txt and a description of what you were doing when the error occurred.

WARNING: Job launch failed for 2/2 times.
% jaguar run pka_deprot.bat -jobname SM24_micro031_conf_2 SM24_micro031_conf_2.in -HOST lsf-cpu
Output
Launch failed: no JobId found.

Command:
/data/chodera/schrodinger/schrodinger2017-4-advanced/jaguar run pka_deprot.bat -jobname SM24_micro031_conf_2 SM24_micro031_conf_2.in -HOST lsf-cpu
Output:
Launching JAGUAR under jobcontrol.
An error has occurred.  Information about the error has been written to 
/home/rustenburg/.schrodinger/exceptions/error20180505-011100.txt 

Please contact help@schrodinger.com for assistance. Include error20180505-011100.txt and a description of what you were doing when the error occurred.

WARNING: Job launch failed for 1/2 times.
% jaguar run pka_deprot.bat -jobname SM24_micro031_conf_3 SM24_micro031_conf_3.in -HOST lsf-cpu
Output
Launch failed: no JobId found.

Command:
/data/chodera/schrodinger/schrodinger2017-4-advanced/jaguar run pka_deprot.bat -jobname SM24_micro031_conf_3 SM24_micro031_conf_3.in -HOST lsf-cpu
Output:
Launching JAGUAR under jobcontrol.
An error has occurred.  Information about the error has been written to 
/home/rustenburg/.schrodinger/exceptions/error20180505-011534.txt 

Please contact help@schrodinger.com for assistance. Include error20180505-011534.txt and a description of what you were doing when the error occurred.

WARNING: Job launch failed for 2/2 times.
% jaguar run pka_deprot.bat -jobname SM24_micro031_conf_3 SM24_micro031_conf_3.in -HOST lsf-cpu
Output
Launch failed: no JobId found.

Command:
/data/chodera/schrodinger/schrodinger2017-4-advanced/jaguar run pka_deprot.bat -jobname SM24_micro031_conf_3 SM24_micro031_conf_3.in -HOST lsf-cpu
Output:
Launching JAGUAR under jobcontrol.
An error has occurred.  Information about the error has been written to 
/home/rustenburg/.schrodinger/exceptions/error20180505-012008.txt 

Please contact help@schrodinger.com for assistance. Include error20180505-012008.txt and a description of what you were doing when the error occurred.

 5  3  2 | fizzled   lt09-1-5aed0d88 SM24_micro031_conf_1 lsf-cpu
ERROR: Subjob 'SM24_micro031_conf_1' has failed after 3 retries.

Last 20 lines of 'SM24_micro031_conf_1.recover':

  ERROR: this job could not be launched.
  
  Launch host: lt09.hpc.private
  Launch directory: /lila/data/chodera/schrodinger/tmpdir/rustenburg/jag_SM24_micro034_SM24_micro031/jag_SM24_micro034_SM24_micro031.workdir
  Launch time: 2018-05-05-00:57:14
  Command line: /data/chodera/schrodinger/schrodinger2017-4-advanced/jaguar run pka_deprot.bat -jobname SM24_micro031_conf_1 SM24_micro031_conf_1.in -HOST lsf-cpu
  
  The following error message was returned:
  Error: in replying to 'JPROXYPORT lilac rustenburg "/data/chodera/schrodinger/schrodinger2017-4-advanced"' - dial tcp lilac:35321: i/o timeout


Last 20 lines of 'SM24_micro031_conf_1.log':

  

Job control errors (from job record):
  ERROR: job is no longer on the queue [queue says: '/home/rustenburg/.bashrc: line 24: bind: warning: line editing not enabled\n/home/rustenburg/.bashrc: line 25: bind: warning: line editing not enabled']
Launch failed: no JobId found.

Command:
/data/chodera/schrodinger/schrodinger2017-4-advanced/jaguar run pka_deprot.bat -jobname SM24_micro031_conf_1 SM24_micro031_conf_1.in -HOST lsf-cpu
Output:
Launching JAGUAR under jobcontrol.
An error has occurred.  Information about the error has been written to 
/home/rustenburg/.schrodinger/exceptions/error20180505-010148.txt 

Please contact help@schrodinger.com for assistance. Include error20180505-010148.txt and a description of what you were doing when the error occurred.

Subjob 'SM24_micro031_conf_4' died (fizzled) [jobid lt09-0-5aed0d95]
 5  2  3 | fizzled   lt09-0-5aed0d95 SM24_micro031_conf_4 lsf-cpu
WARNING: Job launch failed for 1/2 times.
% jaguar run pka_deprot.bat -jobname SM24_micro031_conf_2 SM24_micro031_conf_2.in -HOST lsf-cpu
Output
Launch failed: no JobId found.

Command:
/data/chodera/schrodinger/schrodinger2017-4-advanced/jaguar run pka_deprot.bat -jobname SM24_micro031_conf_2 SM24_micro031_conf_2.in -HOST lsf-cpu
Output:
Launching JAGUAR under jobcontrol.
An error has occurred.  Information about the error has been written to 
/home/rustenburg/.schrodinger/exceptions/error20180505-012442.txt 

Please contact help@schrodinger.com for assistance. Include error20180505-012442.txt and a description of what you were doing when the error occurred.

WARNING: Job launch failed for 2/2 times.
% jaguar run pka_deprot.bat -jobname SM24_micro031_conf_2 SM24_micro031_conf_2.in -HOST lsf-cpu
Output
Launch failed: no JobId found.

Command:
/data/chodera/schrodinger/schrodinger2017-4-advanced/jaguar run pka_deprot.bat -jobname SM24_micro031_conf_2 SM24_micro031_conf_2.in -HOST lsf-cpu
Output:
Launching JAGUAR under jobcontrol.
An error has occurred.  Information about the error has been written to 
/home/rustenburg/.schrodinger/exceptions/error20180505-012917.txt 

Please contact help@schrodinger.com for assistance. Include error20180505-012917.txt and a description of what you were doing when the error occurred.

WARNING: Job launch failed for 1/2 times.
% jaguar run pka_deprot.bat -jobname SM24_micro031_conf_3 SM24_micro031_conf_3.in -HOST lsf-cpu
Output
Launch failed: no JobId found.

Command:
/data/chodera/schrodinger/schrodinger2017-4-advanced/jaguar run pka_deprot.bat -jobname SM24_micro031_conf_3 SM24_micro031_conf_3.in -HOST lsf-cpu
Output:
Launching JAGUAR under jobcontrol.
An error has occurred.  Information about the error has been written to 
/home/rustenburg/.schrodinger/exceptions/error20180505-013351.txt 

Please contact help@schrodinger.com for assistance. Include error20180505-013351.txt and a description of what you were doing when the error occurred.

WARNING: Job launch failed for 2/2 times.
% jaguar run pka_deprot.bat -jobname SM24_micro031_conf_3 SM24_micro031_conf_3.in -HOST lsf-cpu
Output
Launch failed: no JobId found.

Command:
/data/chodera/schrodinger/schrodinger2017-4-advanced/jaguar run pka_deprot.bat -jobname SM24_micro031_conf_3 SM24_micro031_conf_3.in -HOST lsf-cpu
Output:
Launching JAGUAR under jobcontrol.
An error has occurred.  Information about the error has been written to 
/home/rustenburg/.schrodinger/exceptions/error20180505-013825-2.txt 

Please contact help@schrodinger.com for assistance. Include error20180505-013825-2.txt and a description of what you were doing when the error occurred.

WARNING: Job launch failed for 1/2 times.
% jaguar run pka_deprot.bat -jobname SM24_micro031_conf_4 SM24_micro031_conf_4.in -HOST lsf-cpu
Output
Launch failed: no JobId found.

Command:
/data/chodera/schrodinger/schrodinger2017-4-advanced/jaguar run pka_deprot.bat -jobname SM24_micro031_conf_4 SM24_micro031_conf_4.in -HOST lsf-cpu
Output:
Launching JAGUAR under jobcontrol.
An error has occurred.  Information about the error has been written to 
/home/rustenburg/.schrodinger/exceptions/error20180505-014300.txt 

Please contact help@schrodinger.com for assistance. Include error20180505-014300.txt and a description of what you were doing when the error occurred.

WARNING: Job launch failed for 2/2 times.
% jaguar run pka_deprot.bat -jobname SM24_micro031_conf_4 SM24_micro031_conf_4.in -HOST lsf-cpu
Output
Launch failed: no JobId found.

Command:
/data/chodera/schrodinger/schrodinger2017-4-advanced/jaguar run pka_deprot.bat -jobname SM24_micro031_conf_4 SM24_micro031_conf_4.in -HOST lsf-cpu
Output:
Launching JAGUAR under jobcontrol.
An error has occurred.  Information about the error has been written to 
/home/rustenburg/.schrodinger/exceptions/error20180505-014733-3.txt 

Please contact help@schrodinger.com for assistance. Include error20180505-014733-3.txt and a description of what you were doing when the error occurred.

 6  2  2 | fizzled   lt09-1-5aed0d8c SM24_micro031_conf_2 lsf-cpu
ERROR: Subjob 'SM24_micro031_conf_2' has failed after 3 retries.

Last 20 lines of 'SM24_micro031_conf_2.recover':

  ERROR: this job could not be launched.
  
  Launch host: lt09.hpc.private
  Launch directory: /lila/data/chodera/schrodinger/tmpdir/rustenburg/jag_SM24_micro034_SM24_micro031/jag_SM24_micro034_SM24_micro031.workdir
  Launch time: 2018-05-05-01:24:44
  Command line: /data/chodera/schrodinger/schrodinger2017-4-advanced/jaguar run pka_deprot.bat -jobname SM24_micro031_conf_2 SM24_micro031_conf_2.in -HOST lsf-cpu
  
  The following error message was returned:
  Error: in replying to 'JPROXYPORT lilac rustenburg "/data/chodera/schrodinger/schrodinger2017-4-advanced"' - dial tcp lilac:35321: i/o timeout


Last 20 lines of 'SM24_micro031_conf_2.log':

  

Job control errors (from job record):
  ERROR: job is no longer on the queue [queue says: '/home/rustenburg/.bashrc: line 24: bind: warning: line editing not enabled\n/home/rustenburg/.bashrc: line 25: bind: warning: line editing not enabled']
Launch failed: no JobId found.

Command:
/data/chodera/schrodinger/schrodinger2017-4-advanced/jaguar run pka_deprot.bat -jobname SM24_micro031_conf_2 SM24_micro031_conf_2.in -HOST lsf-cpu
Output:
Launching JAGUAR under jobcontrol.
An error has occurred.  Information about the error has been written to 
/home/rustenburg/.schrodinger/exceptions/error20180505-012917.txt 

Please contact help@schrodinger.com for assistance. Include error20180505-012917.txt and a description of what you were doing when the error occurred.

Subjob 'SM24_micro031_conf_5' died (fizzled) [jobid lt09-0-5aed0d9a]
 6  1  3 | fizzled   lt09-0-5aed0d9a SM24_micro031_conf_5 lsf-cpu
WARNING: Job launch failed for 1/2 times.
% jaguar run pka_deprot.bat -jobname SM24_micro031_conf_3 SM24_micro031_conf_3.in -HOST lsf-cpu
Output
Launch failed: no JobId found.

Command:
/data/chodera/schrodinger/schrodinger2017-4-advanced/jaguar run pka_deprot.bat -jobname SM24_micro031_conf_3 SM24_micro031_conf_3.in -HOST lsf-cpu
Output:
Launching JAGUAR under jobcontrol.
An error has occurred.  Information about the error has been written to 
/home/rustenburg/.schrodinger/exceptions/error20180505-015208.txt 

Please contact help@schrodinger.com for assistance. Include error20180505-015208.txt and a description of what you were doing when the error occurred.

WARNING: Job launch failed for 2/2 times.
% jaguar run pka_deprot.bat -jobname SM24_micro031_conf_3 SM24_micro031_conf_3.in -HOST lsf-cpu
Output
Launch failed: no JobId found.

Command:
/data/chodera/schrodinger/schrodinger2017-4-advanced/jaguar run pka_deprot.bat -jobname SM24_micro031_conf_3 SM24_micro031_conf_3.in -HOST lsf-cpu
Output:
Launching JAGUAR under jobcontrol.
An error has occurred.  Information about the error has been written to 
/home/rustenburg/.schrodinger/exceptions/error20180505-015642-1.txt 

Please contact help@schrodinger.com for assistance. Include error20180505-015642-1.txt and a description of what you were doing when the error occurred.

WARNING: Job launch failed for 1/2 times.
% jaguar run pka_deprot.bat -jobname SM24_micro031_conf_4 SM24_micro031_conf_4.in -HOST lsf-cpu
Output
Launch failed: no JobId found.

Command:
/data/chodera/schrodinger/schrodinger2017-4-advanced/jaguar run pka_deprot.bat -jobname SM24_micro031_conf_4 SM24_micro031_conf_4.in -HOST lsf-cpu
Output:
Launching JAGUAR under jobcontrol.
An error has occurred.  Information about the error has been written to 
/home/rustenburg/.schrodinger/exceptions/error20180505-020116.txt 

Please contact help@schrodinger.com for assistance. Include error20180505-020116.txt and a description of what you were doing when the error occurred.

WARNING: Job launch failed for 2/2 times.
% jaguar run pka_deprot.bat -jobname SM24_micro031_conf_4 SM24_micro031_conf_4.in -HOST lsf-cpu
Output
Launch failed: no JobId found.

Command:
/data/chodera/schrodinger/schrodinger2017-4-advanced/jaguar run pka_deprot.bat -jobname SM24_micro031_conf_4 SM24_micro031_conf_4.in -HOST lsf-cpu
Output:
Launching JAGUAR under jobcontrol.
An error has occurred.  Information about the error has been written to 
/home/rustenburg/.schrodinger/exceptions/error20180505-020551-2.txt 

Please contact help@schrodinger.com for assistance. Include error20180505-020551-2.txt and a description of what you were doing when the error occurred.

WARNING: Job launch failed for 1/2 times.
% jaguar run pka_deprot.bat -jobname SM24_micro031_conf_5 SM24_micro031_conf_5.in -HOST lsf-cpu
Output
Launch failed: no JobId found.

Command:
/data/chodera/schrodinger/schrodinger2017-4-advanced/jaguar run pka_deprot.bat -jobname SM24_micro031_conf_5 SM24_micro031_conf_5.in -HOST lsf-cpu
Output:
Launching JAGUAR under jobcontrol.
An error has occurred.  Information about the error has been written to 
/home/rustenburg/.schrodinger/exceptions/error20180505-021025.txt 

Please contact help@schrodinger.com for assistance. Include error20180505-021025.txt and a description of what you were doing when the error occurred.

WARNING: Job launch failed for 2/2 times.
% jaguar run pka_deprot.bat -jobname SM24_micro031_conf_5 SM24_micro031_conf_5.in -HOST lsf-cpu
Output
Launch failed: no JobId found.

Command:
/data/chodera/schrodinger/schrodinger2017-4-advanced/jaguar run pka_deprot.bat -jobname SM24_micro031_conf_5 SM24_micro031_conf_5.in -HOST lsf-cpu
Output:
Launching JAGUAR under jobcontrol.
An error has occurred.  Information about the error has been written to 
/home/rustenburg/.schrodinger/exceptions/error20180505-021500-7.txt 

Please contact help@schrodinger.com for assistance. Include error20180505-021500-7.txt and a description of what you were doing when the error occurred.

 7  1  2 | fizzled   lt09-0-5aed0d91 SM24_micro031_conf_3 lsf-cpu
ERROR: Subjob 'SM24_micro031_conf_3' has failed after 3 retries.

Last 20 lines of 'SM24_micro031_conf_3.log':

  ERROR: this job could not be launched.
  
  Launch host: lt09.hpc.private
  Launch directory: /lila/data/chodera/schrodinger/tmpdir/rustenburg/jag_SM24_micro034_SM24_micro031/jag_SM24_micro034_SM24_micro031.workdir
  Launch time: 2018-05-05-01:52:10
  Command line: /data/chodera/schrodinger/schrodinger2017-4-advanced/jaguar run pka_deprot.bat -jobname SM24_micro031_conf_3 SM24_micro031_conf_3.in -HOST lsf-cpu
  
  The following error message was returned:
  Error: in replying to 'JPROXYPORT lilac rustenburg "/data/chodera/schrodinger/schrodinger2017-4-advanced"' - dial tcp lilac:35321: i/o timeout


Last 20 lines of 'SM24_micro031_conf_3.recover':

  

Job control errors (from job record):
  ERROR: job is no longer on the queue [queue says: '/home/rustenburg/.bashrc: line 24: bind: warning: line editing not enabled\n/home/rustenburg/.bashrc: line 25: bind: warning: line editing not enabled']
Launch failed: no JobId found.

Command:
/data/chodera/schrodinger/schrodinger2017-4-advanced/jaguar run pka_deprot.bat -jobname SM24_micro031_conf_3 SM24_micro031_conf_3.in -HOST lsf-cpu
Output:
Launching JAGUAR under jobcontrol.
An error has occurred.  Information about the error has been written to 
/home/rustenburg/.schrodinger/exceptions/error20180505-015642-1.txt 

Please contact help@schrodinger.com for assistance. Include error20180505-015642-1.txt and a description of what you were doing when the error occurred.

WARNING: Job launch failed for 1/2 times.
% jaguar run pka_deprot.bat -jobname SM24_micro031_conf_4 SM24_micro031_conf_4.in -HOST lsf-cpu
Output
Launch failed: no JobId found.

Command:
/data/chodera/schrodinger/schrodinger2017-4-advanced/jaguar run pka_deprot.bat -jobname SM24_micro031_conf_4 SM24_micro031_conf_4.in -HOST lsf-cpu
Output:
Launching JAGUAR under jobcontrol.
An error has occurred.  Information about the error has been written to 
/home/rustenburg/.schrodinger/exceptions/error20180505-021937.txt 

Please contact help@schrodinger.com for assistance. Include error20180505-021937.txt and a description of what you were doing when the error occurred.

WARNING: Job launch failed for 2/2 times.
% jaguar run pka_deprot.bat -jobname SM24_micro031_conf_4 SM24_micro031_conf_4.in -HOST lsf-cpu
Output
Launch failed: no JobId found.

Command:
/data/chodera/schrodinger/schrodinger2017-4-advanced/jaguar run pka_deprot.bat -jobname SM24_micro031_conf_4 SM24_micro031_conf_4.in -HOST lsf-cpu
Output:
Launching JAGUAR under jobcontrol.
An error has occurred.  Information about the error has been written to 
/home/rustenburg/.schrodinger/exceptions/error20180505-022413-1.txt 

Please contact help@schrodinger.com for assistance. Include error20180505-022413-1.txt and a description of what you were doing when the error occurred.

WARNING: Job launch failed for 1/2 times.
% jaguar run pka_deprot.bat -jobname SM24_micro031_conf_5 SM24_micro031_conf_5.in -HOST lsf-cpu
Output
Launch failed: no JobId found.

Command:
/data/chodera/schrodinger/schrodinger2017-4-advanced/jaguar run pka_deprot.bat -jobname SM24_micro031_conf_5 SM24_micro031_conf_5.in -HOST lsf-cpu
Output:
Launching JAGUAR under jobcontrol.
An error has occurred.  Information about the error has been written to 
/home/rustenburg/.schrodinger/exceptions/error20180505-022849-1.txt 

Please contact help@schrodinger.com for assistance. Include error20180505-022849-1.txt and a description of what you were doing when the error occurred.

WARNING: Job launch failed for 2/2 times.
% jaguar run pka_deprot.bat -jobname SM24_micro031_conf_5 SM24_micro031_conf_5.in -HOST lsf-cpu
Output
Launch failed: no JobId found.

Command:
/data/chodera/schrodinger/schrodinger2017-4-advanced/jaguar run pka_deprot.bat -jobname SM24_micro031_conf_5 SM24_micro031_conf_5.in -HOST lsf-cpu
Output:
Launching JAGUAR under jobcontrol.
An error has occurred.  Information about the error has been written to 
/home/rustenburg/.schrodinger/exceptions/error20180505-023326.txt 

Please contact help@schrodinger.com for assistance. Include error20180505-023326.txt and a description of what you were doing when the error occurred.

 8  1  1 | fizzled   lt09-0-5aed0d95 SM24_micro031_conf_4 lsf-cpu
ERROR: Subjob 'SM24_micro031_conf_4' has failed after 3 retries.

Last 20 lines of 'SM24_micro031_conf_4.recover':

  ERROR: this job could not be launched.
  
  Launch host: lt09.hpc.private
  Launch directory: /lila/data/chodera/schrodinger/tmpdir/rustenburg/jag_SM24_micro034_SM24_micro031/jag_SM24_micro034_SM24_micro031.workdir
  Launch time: 2018-05-05-02:19:39
  Command line: /data/chodera/schrodinger/schrodinger2017-4-advanced/jaguar run pka_deprot.bat -jobname SM24_micro031_conf_4 SM24_micro031_conf_4.in -HOST lsf-cpu
  
  The following error message was returned:
  Error: in replying to 'JPROXYPORT lilac rustenburg "/data/chodera/schrodinger/schrodinger2017-4-advanced"' - dial tcp lilac:35321: i/o timeout


Last 20 lines of 'SM24_micro031_conf_4.log':

  

Job control errors (from job record):
  ERROR: job is no longer on the queue [queue says: '/home/rustenburg/.bashrc: line 24: bind: warning: line editing not enabled\n/home/rustenburg/.bashrc: line 25: bind: warning: line editing not enabled']
Launch failed: no JobId found.

Command:
/data/chodera/schrodinger/schrodinger2017-4-advanced/jaguar run pka_deprot.bat -jobname SM24_micro031_conf_4 SM24_micro031_conf_4.in -HOST lsf-cpu
Output:
Launching JAGUAR under jobcontrol.
An error has occurred.  Information about the error has been written to 
/home/rustenburg/.schrodinger/exceptions/error20180505-022413-1.txt 

Please contact help@schrodinger.com for assistance. Include error20180505-022413-1.txt and a description of what you were doing when the error occurred.

 9  0  1 | finished  lt09-0-5aed0d73 SM24_micro034_conf_1 localhost [lt09]
 9  1  0 | restarted lt09-1-5aed5039 SM24_micro031_conf_5 localhost [lt09]
10  0  0 | finished  lt09-1-5aed5039 SM24_micro031_conf_5 localhost [lt09]

All jobs have completed.

2 of 10 job(s) succeeded; 8 job(s) failed.

Timer (distribute subjobs) : 22939.82 secs (6 hrs, 22 mins, 19 secs)

Processing QM output files...

Executing subprocess:
/data/chodera/schrodinger/schrodinger2017-4-advanced/jaguar results -energy SM24_micro034_conf_1.nrg_h.out

Executing subprocess:
/data/chodera/schrodinger/schrodinger2017-4-advanced/jaguar results -esolv SM24_micro034_conf_1.sol_h.out

Executing subprocess:
/data/chodera/schrodinger/schrodinger2017-4-advanced/jaguar results -energy SM24_micro034_conf_2.nrg_h.out

  Results command failed: "/data/chodera/schrodinger/schrodinger2017-4-advanced/jaguar results -energy SM24_micro034_conf_2.nrg_h.out"

An error has occurred.  Information about the error has been written to 
/home/rustenburg/.schrodinger/exceptions/error20180505-041055.txt 

Please contact help@schrodinger.com for assistance. Include error20180505-041055.txt and a description of what you were doing when the error occurred.
