Command:    jaguar run pka.py -jobname jag_SM23_micro012_SM23_micro034 -PARALLEL 10 -WAIT -n -csrch -prot SM23_micro012.in -deprot SM23_micro034.in
Release:    2017-4
Exec:       /data/chodera/schrodinger/schrodinger2017-4-advanced/jaguar-v9.8/bin/Linux-x86_64
Host:       lt02
JobId:      lt02-0-5af45f3b
JobDir:     /lila/data/chodera/schrodinger/tmpdir/rustenburg/jag_SM23_micro012_SM23_micro034
Date:       Thu May 10 11:23:18 2018

Contents of /lila/data/chodera/schrodinger/tmpdir/rustenburg/jag_SM23_micro012_SM23_micro034:
/lila/data/chodera/schrodinger/tmpdir/rustenburg/jag_SM23_micro012_SM23_micro034/jag_SM23_micro012_SM23_micro034.log
/lila/data/chodera/schrodinger/tmpdir/rustenburg/jag_SM23_micro012_SM23_micro034/lt02-0-5af45f3b.recover
/lila/data/chodera/schrodinger/tmpdir/rustenburg/jag_SM23_micro012_SM23_micro034/SM23_micro034.in
/lila/data/chodera/schrodinger/tmpdir/rustenburg/jag_SM23_micro012_SM23_micro034/SM23_micro012.mae
/lila/data/chodera/schrodinger/tmpdir/rustenburg/jag_SM23_micro012_SM23_micro034/lt02-0-5af45f3b.mpinodes
/lila/data/chodera/schrodinger/tmpdir/rustenburg/jag_SM23_micro012_SM23_micro034/lt02-0-5af45f3b
/lila/data/chodera/schrodinger/tmpdir/rustenburg/jag_SM23_micro012_SM23_micro034/SM23_micro034.mae
/lila/data/chodera/schrodinger/tmpdir/rustenburg/jag_SM23_micro012_SM23_micro034/SM23_micro012.in
/lila/data/chodera/schrodinger/tmpdir/rustenburg/jag_SM23_micro012_SM23_micro034/jag_SM23_micro012_SM23_micro034.recover

=====================
 Jaguar pKa workflow
=====================

Analysing user-provided (prot, deprot) pair:
(SM23_micro012.in, SM23_micro034.in)
Found labile hydrogen 41 in SM23_micro012.in
Found labile hydrogen at atom 12 in SM23_micro034.in
Adding 'ipkat' keyword to input files.

Identifying pKa functional group for pair:
(SM23_micro012, SM23_micro034)

Executing subprocess:
/data/chodera/schrodinger/schrodinger2017-4-advanced/jaguar-v9.8/bin/Linux-x86_64/pka -i -j SM23_micro012.tmp.jres -n

Taking protonated structures from:
SM23_micro012.mae
Taking deprotonated structures from:
SM23_micro034.mae

This molecule from 'SM23_micro012.mae' in water was recognized as:

 # 	                  Shell                   
---	------------------------------------------
1: 	Protonation of sp2-like aliphatic nitrogen
2: 	Protonation of generic atom               


Executing conformational search...

Executing 2 distributed subjobs:
---------------------------------

No more than 8 cpu(s) will be used per subjob.
No more than 10 cpu(s) will be used simultaneously.

Processing the following subjobs:
(1) jaguar run csrch.py SM23_micro012.mae -jobname SM23_micro012 -max_conf 5 -erg_window 50.208 -acc_level 1 -TPP 5
(2) jaguar run csrch.py SM23_micro034.mae -jobname SM23_micro034 -max_conf 5 -erg_window 50.208 -acc_level 1 -TPP 5

Running subjobs on hosts:
  localhost (Max: 2)
Number of jobs:       2
Max retries per job:  3
Max allowed failures: unlimited
Run with -LOCAL:      False
Verbosity:            normal

Starting JobDJ...

Keep one job on driver host: False
JobDJ columns:
  C: Number of completed subjobs
  A: Number of active subjobs (e.g., submitted, running)
  W: Number of waiting/pending subjobs

C A W | Activity  JobId  JobName  JobHost
- - - | --------- -----------------------
0 1 1 | launched  lt02-1-5af463f6 SM23_micro012 localhost [lt02]
0 2 0 | launched  lt02-0-5af463fa SM23_micro034 localhost [lt02]
1 1 0 | finished  lt02-1-5af463f6 SM23_micro012 localhost [lt02]
2 0 0 | finished  lt02-0-5af463fa SM23_micro034 localhost [lt02]

All jobs have completed.

2 of 2 job(s) succeeded; 0 job(s) failed.

Timer (distribute subjobs) : 6932.89 secs (1 hrs, 55 mins, 32 secs)

Setting up QM workflow for (protonated, deprotonated) pair:
(1) (SM23_micro012, SM23_micro034)

Executing Jaguar quantum-mechanical subjobs...

Executing 10 distributed subjobs:
----------------------------------

No more than 8 cpu(s) will be used per subjob.
No more than 10 cpu(s) will be used simultaneously.

Processing the following subjobs:
(1) jaguar run pka_prot.bat -jobname SM23_micro012_conf_1 SM23_micro012_conf_1.in
(2) jaguar run pka_prot.bat -jobname SM23_micro012_conf_2 SM23_micro012_conf_2.in
(3) jaguar run pka_prot.bat -jobname SM23_micro012_conf_3 SM23_micro012_conf_3.in
(4) jaguar run pka_prot.bat -jobname SM23_micro012_conf_4 SM23_micro012_conf_4.in
(5) jaguar run pka_prot.bat -jobname SM23_micro012_conf_5 SM23_micro012_conf_5.in
(6) jaguar run pka_deprot.bat -jobname SM23_micro034_conf_1 SM23_micro034_conf_1.in
(7) jaguar run pka_deprot.bat -jobname SM23_micro034_conf_2 SM23_micro034_conf_2.in
(8) jaguar run pka_deprot.bat -jobname SM23_micro034_conf_3 SM23_micro034_conf_3.in
(9) jaguar run pka_deprot.bat -jobname SM23_micro034_conf_4 SM23_micro034_conf_4.in
(10) jaguar run pka_deprot.bat -jobname SM23_micro034_conf_5 SM23_micro034_conf_5.in

Running subjobs on hosts:
  localhost (Max: 10)
Number of jobs:       10
Max retries per job:  3
Max allowed failures: unlimited
Run with -LOCAL:      False
Verbosity:            normal

Starting JobDJ...

Keep one job on driver host: False
JobDJ columns:
  C: Number of completed subjobs
  A: Number of active subjobs (e.g., submitted, running)
  W: Number of waiting/pending subjobs

 C  A  W | Activity  JobId  JobName  JobHost
-- -- -- | --------- -----------------------
 0  1  9 | launched  lt02-0-5af47f2f SM23_micro012_conf_1 localhost [lt02]
 0  2  8 | launched  lt02-0-5af47f3d SM23_micro012_conf_2 localhost [lt02]
 0  3  7 | launched  lt02-0-5af47f41 SM23_micro012_conf_3 localhost [lt02]
 0  4  6 | launched  lt02-1-5af47f45 SM23_micro012_conf_4 localhost [lt02]
 0  5  5 | launched  lt02-0-5af47f49 SM23_micro012_conf_5 localhost [lt02]
 0  6  4 | launched  lt02-1-5af47f57 SM23_micro034_conf_1 localhost [lt02]
 0  7  3 | launched  lt02-0-5af47f63 SM23_micro034_conf_2 localhost [lt02]
 0  8  2 | launched  lt02-0-5af47f72 SM23_micro034_conf_3 localhost [lt02]
 0  9  1 | launched  lt02-0-5af47f91 SM23_micro034_conf_4 localhost [lt02]
 0 10  0 | launched  lt02-1-5af47faf SM23_micro034_conf_5 localhost [lt02]
