Command:    jaguar run pka.py -jobname jag_SM10_micro009_SM10_micro034 -PARALLEL 10 -n -csrch -prot SM10_micro009.in -deprot SM10_micro034.in
Release:    2017-4
Exec:       /data/chodera/schrodinger/schrodinger2017-4-advanced/jaguar-v9.8/bin/Linux-x86_64
Host:       ls14
JobId:      lilac-0-5aec8133
JobDir:     /lila/data/chodera/schrodinger/tmpdir/rustenburg/jag_SM10_micro009_SM10_micro034
Date:       Fri May  4 11:57:49 2018

Contents of /lila/data/chodera/schrodinger/tmpdir/rustenburg/jag_SM10_micro009_SM10_micro034:
/lila/data/chodera/schrodinger/tmpdir/rustenburg/jag_SM10_micro009_SM10_micro034/jag_SM10_micro009_SM10_micro034.recover
/lila/data/chodera/schrodinger/tmpdir/rustenburg/jag_SM10_micro009_SM10_micro034/SM10_micro009.mae
/lila/data/chodera/schrodinger/tmpdir/rustenburg/jag_SM10_micro009_SM10_micro034/SM10_micro034.in
/lila/data/chodera/schrodinger/tmpdir/rustenburg/jag_SM10_micro009_SM10_micro034/lilac-0-5aec8133.hosts
/lila/data/chodera/schrodinger/tmpdir/rustenburg/jag_SM10_micro009_SM10_micro034/lilac-0-5aec8133.mpinodes
/lila/data/chodera/schrodinger/tmpdir/rustenburg/jag_SM10_micro009_SM10_micro034/lilac-0-5aec8133.nodes
/lila/data/chodera/schrodinger/tmpdir/rustenburg/jag_SM10_micro009_SM10_micro034/SM10_micro034.mae
/lila/data/chodera/schrodinger/tmpdir/rustenburg/jag_SM10_micro009_SM10_micro034/SM10_micro009.in
/lila/data/chodera/schrodinger/tmpdir/rustenburg/jag_SM10_micro009_SM10_micro034/lilac-0-5aec8133
/lila/data/chodera/schrodinger/tmpdir/rustenburg/jag_SM10_micro009_SM10_micro034/jag_SM10_micro009_SM10_micro034.log
/lila/data/chodera/schrodinger/tmpdir/rustenburg/jag_SM10_micro009_SM10_micro034/lilac-0-5aec8133.jlog
/lila/data/chodera/schrodinger/tmpdir/rustenburg/jag_SM10_micro009_SM10_micro034/lilac-0-5aec8133.recover

=====================
 Jaguar pKa workflow
=====================

Analysing user-provided (prot, deprot) pair:
(SM10_micro009.in, SM10_micro034.in)
Error: heavy atoms are different in input files:
SM10_micro009.in
SM10_micro034.in


An error has occurred.  Information about the error has been written to 
/home/rustenburg/.schrodinger/exceptions/error20180504-115749.txt 

Please contact help@schrodinger.com for assistance. Include error20180504-115749.txt and a description of what you were doing when the error occurred.
