Taking protonated structures from:
SM10_micro014_conf_1.dft_h.01.mae
SM10_micro014_conf_2.dft_h.01.mae
SM10_micro014_conf_3.dft_h.01.mae
SM10_micro014_conf_4.dft_h.01.mae
SM10_micro014_conf_5.dft_h.01.mae
Taking deprotonated structures from:
SM10_micro002_conf_1.dft.01.mae
SM10_micro002_conf_2.dft.01.mae
SM10_micro002_conf_3.dft.01.mae
SM10_micro002_conf_4.dft.01.mae
SM10_micro002_conf_5.dft.01.mae

Corrected results for 'protonated' structure in water:
pKa atom: 29

 # 	            Shell             	 pKa 	RMSD	 Contribution
---	------------------------------	-----	-----	--------------
1: 	enol                          	11.31	0.533	    93.10%
2: 	Protonation of generic atom   	 8.80	2.264	     2.35%
3: 	Protonation of sp2-like oxygen	 8.34	2.568	     4.54%

 Final weighted pKa value is 11.12



