Command:    jaguar run pka.py -jobname jag_SM10_micro033_SM10_micro007 -PARALLEL 10 -n -csrch -prot SM10_micro033.in -deprot SM10_micro007.in
Release:    2017-4
Exec:       /data/chodera/schrodinger/schrodinger2017-4-advanced/jaguar-v9.8/bin/Linux-x86_64
Host:       ls01
JobId:      lilac-0-5aec80fc
JobDir:     /lila/data/chodera/schrodinger/tmpdir/rustenburg/jag_SM10_micro033_SM10_micro007
Date:       Fri May  4 11:56:14 2018

Contents of /lila/data/chodera/schrodinger/tmpdir/rustenburg/jag_SM10_micro033_SM10_micro007:
/lila/data/chodera/schrodinger/tmpdir/rustenburg/jag_SM10_micro033_SM10_micro007/lilac-0-5aec80fc.recover
/lila/data/chodera/schrodinger/tmpdir/rustenburg/jag_SM10_micro033_SM10_micro007/jag_SM10_micro033_SM10_micro007.log
/lila/data/chodera/schrodinger/tmpdir/rustenburg/jag_SM10_micro033_SM10_micro007/lilac-0-5aec80fc.jlog
/lila/data/chodera/schrodinger/tmpdir/rustenburg/jag_SM10_micro033_SM10_micro007/jag_SM10_micro033_SM10_micro007.recover
/lila/data/chodera/schrodinger/tmpdir/rustenburg/jag_SM10_micro033_SM10_micro007/lilac-0-5aec80fc.mpinodes
/lila/data/chodera/schrodinger/tmpdir/rustenburg/jag_SM10_micro033_SM10_micro007/SM10_micro033.in
/lila/data/chodera/schrodinger/tmpdir/rustenburg/jag_SM10_micro033_SM10_micro007/SM10_micro007.in
/lila/data/chodera/schrodinger/tmpdir/rustenburg/jag_SM10_micro033_SM10_micro007/lilac-0-5aec80fc
/lila/data/chodera/schrodinger/tmpdir/rustenburg/jag_SM10_micro033_SM10_micro007/SM10_micro033.mae
/lila/data/chodera/schrodinger/tmpdir/rustenburg/jag_SM10_micro033_SM10_micro007/lilac-0-5aec80fc.nodes
/lila/data/chodera/schrodinger/tmpdir/rustenburg/jag_SM10_micro033_SM10_micro007/SM10_micro007.mae
/lila/data/chodera/schrodinger/tmpdir/rustenburg/jag_SM10_micro033_SM10_micro007/lilac-0-5aec80fc.hosts

=====================
 Jaguar pKa workflow
=====================

Analysing user-provided (prot, deprot) pair:
(SM10_micro033.in, SM10_micro007.in)
Error: heavy atoms are different in input files:
SM10_micro033.in
SM10_micro007.in


An error has occurred.  Information about the error has been written to 
/home/rustenburg/.schrodinger/exceptions/error20180504-115615.txt 

Please contact help@schrodinger.com for assistance. Include error20180504-115615.txt and a description of what you were doing when the error occurred.
