Command:    jaguar run pka.py -jobname jag_SM03_micro004_SM03_micro002 -PARALLEL 10 -n -csrch -prot SM03_micro004.in -deprot SM03_micro002.in
Release:    2017-4
Exec:       /data/chodera/schrodinger/schrodinger2017-4-advanced/jaguar-v9.8/bin/Linux-x86_64
Host:       ls02
JobId:      lilac-0-5aec67c2
JobDir:     /lila/data/chodera/schrodinger/tmpdir/rustenburg/jag_SM03_micro004_SM03_micro002
Date:       Fri May  4 10:01:43 2018

Contents of /lila/data/chodera/schrodinger/tmpdir/rustenburg/jag_SM03_micro004_SM03_micro002:
/lila/data/chodera/schrodinger/tmpdir/rustenburg/jag_SM03_micro004_SM03_micro002/SM03_micro002.in
/lila/data/chodera/schrodinger/tmpdir/rustenburg/jag_SM03_micro004_SM03_micro002/lilac-0-5aec67c2
/lila/data/chodera/schrodinger/tmpdir/rustenburg/jag_SM03_micro004_SM03_micro002/jag_SM03_micro004_SM03_micro002.recover
/lila/data/chodera/schrodinger/tmpdir/rustenburg/jag_SM03_micro004_SM03_micro002/SM03_micro002.mae
/lila/data/chodera/schrodinger/tmpdir/rustenburg/jag_SM03_micro004_SM03_micro002/lilac-0-5aec67c2.nodes
/lila/data/chodera/schrodinger/tmpdir/rustenburg/jag_SM03_micro004_SM03_micro002/SM03_micro004.mae
/lila/data/chodera/schrodinger/tmpdir/rustenburg/jag_SM03_micro004_SM03_micro002/lilac-0-5aec67c2.hosts
/lila/data/chodera/schrodinger/tmpdir/rustenburg/jag_SM03_micro004_SM03_micro002/lilac-0-5aec67c2.recover
/lila/data/chodera/schrodinger/tmpdir/rustenburg/jag_SM03_micro004_SM03_micro002/jag_SM03_micro004_SM03_micro002.log
/lila/data/chodera/schrodinger/tmpdir/rustenburg/jag_SM03_micro004_SM03_micro002/SM03_micro004.in
/lila/data/chodera/schrodinger/tmpdir/rustenburg/jag_SM03_micro004_SM03_micro002/lilac-0-5aec67c2.jlog
/lila/data/chodera/schrodinger/tmpdir/rustenburg/jag_SM03_micro004_SM03_micro002/lilac-0-5aec67c2.mpinodes

=====================
 Jaguar pKa workflow
=====================

Analysing user-provided (prot, deprot) pair:
(SM03_micro004.in, SM03_micro002.in)
Found labile hydrogen 21 in SM03_micro004.in
Found labile hydrogen at atom 9 in SM03_micro002.in
Adding 'ipkat' keyword to input files.

Identifying pKa functional group for pair:
(SM03_micro004, SM03_micro002)

Executing subprocess:
/data/chodera/schrodinger/schrodinger2017-4-advanced/jaguar-v9.8/bin/Linux-x86_64/pka -i -j SM03_micro004.tmp.jres -n

Taking protonated structures from:
SM03_micro004.mae
Taking deprotonated structures from:
SM03_micro002.mae

This molecule from 'SM03_micro004.mae' in water was recognized as:

 # 	           Shell           
---	---------------------------
1: 	heterocycle                
2: 	Protonation of generic atom


Executing conformational search...

Executing 2 distributed subjobs:
---------------------------------

No more than 8 cpu(s) will be used per subjob.
No more than 10 cpu(s) will be used simultaneously.

Processing the following subjobs:
(1) jaguar run csrch.py SM03_micro004.mae -jobname SM03_micro004 -max_conf 5 -erg_window 50.208 -acc_level 1 -TPP 5
(2) jaguar run csrch.py SM03_micro002.mae -jobname SM03_micro002 -max_conf 5 -erg_window 50.208 -acc_level 1 -TPP 5

Running subjobs on hosts:
  lsf-cpu (Max: 2)
Number of jobs:       2
Max retries per job:  3
Max allowed failures: unlimited
Run with -LOCAL:      False
Verbosity:            normal

Starting JobDJ...

Keep one job on driver host: False
JobDJ columns:
  C: Number of completed subjobs
  A: Number of active subjobs (e.g., submitted, running)
  W: Number of waiting/pending subjobs

C A W | Activity  JobId  JobName  JobHost
- - - | --------- -----------------------
0 1 1 | launched  ls02-0-5aec67d1 SM03_micro004 lsf-cpu
0 2 0 | launched  ls02-0-5aec67d9 SM03_micro002 lsf-cpu
1 1 0 | finished  ls02-0-5aec67d9 SM03_micro002 lsf-cpu [ls07]
2 0 0 | finished  ls02-0-5aec67d1 SM03_micro004 lsf-cpu [ls10]

All jobs have completed.

2 of 2 job(s) succeeded; 0 job(s) failed.

Timer (distribute subjobs) : 920.01 secs (0 hrs, 15 mins, 20 secs)

Setting up QM workflow for (protonated, deprotonated) pair:
(1) (SM03_micro004, SM03_micro002)

Executing Jaguar quantum-mechanical subjobs...

Executing 10 distributed subjobs:
----------------------------------

No more than 8 cpu(s) will be used per subjob.
No more than 10 cpu(s) will be used simultaneously.

Processing the following subjobs:
(1) jaguar run pka_prot.bat -jobname SM03_micro004_conf_1 SM03_micro004_conf_1.in
(2) jaguar run pka_prot.bat -jobname SM03_micro004_conf_2 SM03_micro004_conf_2.in
(3) jaguar run pka_prot.bat -jobname SM03_micro004_conf_3 SM03_micro004_conf_3.in
(4) jaguar run pka_prot.bat -jobname SM03_micro004_conf_4 SM03_micro004_conf_4.in
(5) jaguar run pka_prot.bat -jobname SM03_micro004_conf_5 SM03_micro004_conf_5.in
(6) jaguar run pka_deprot.bat -jobname SM03_micro002_conf_1 SM03_micro002_conf_1.in
(7) jaguar run pka_deprot.bat -jobname SM03_micro002_conf_2 SM03_micro002_conf_2.in
(8) jaguar run pka_deprot.bat -jobname SM03_micro002_conf_3 SM03_micro002_conf_3.in
(9) jaguar run pka_deprot.bat -jobname SM03_micro002_conf_4 SM03_micro002_conf_4.in
(10) jaguar run pka_deprot.bat -jobname SM03_micro002_conf_5 SM03_micro002_conf_5.in

Running subjobs on hosts:
  lsf-cpu (Max: 10)
Number of jobs:       10
Max retries per job:  3
Max allowed failures: unlimited
Run with -LOCAL:      False
Verbosity:            normal

Starting JobDJ...

Keep one job on driver host: True
JobDJ columns:
  C: Number of completed subjobs
  A: Number of active subjobs (e.g., submitted, running)
  W: Number of waiting/pending subjobs

 C  A  W | Activity  JobId  JobName  JobHost
-- -- -- | --------- -----------------------
 0  1  9 | launched  ls02-0-5aec6b6a SM03_micro004_conf_1 localhost [ls02]
 0  2  8 | launched  ls02-0-5aec6b71 SM03_micro004_conf_2 lsf-cpu
 0  3  7 | launched  ls02-0-5aec6b78 SM03_micro004_conf_3 lsf-cpu
 0  4  6 | launched  ls02-0-5aec6b7e SM03_micro004_conf_4 lsf-cpu
 0  5  5 | launched  ls02-0-5aec6b84 SM03_micro004_conf_5 lsf-cpu
 0  6  4 | launched  ls02-0-5aec6b8b SM03_micro002_conf_1 lsf-cpu
 0  7  3 | launched  ls02-0-5aec6b92 SM03_micro002_conf_2 lsf-cpu
 0  8  2 | launched  ls02-0-5aec6b99 SM03_micro002_conf_3 lsf-cpu
 0  9  1 | launched  ls02-0-5aec6ba0 SM03_micro002_conf_4 lsf-cpu
 0 10  0 | launched  ls02-0-5aec6ba7 SM03_micro002_conf_5 lsf-cpu
 1  9  0 | finished  ls02-0-5aec6ba7 SM03_micro002_conf_5 lsf-cpu [lt08]
 2  8  0 | finished  ls02-0-5aec6ba0 SM03_micro002_conf_4 lsf-cpu [ls07]
 3  7  0 | finished  ls02-0-5aec6b84 SM03_micro004_conf_5 lsf-cpu [ls15]
 4  6  0 | finished  ls02-0-5aec6b99 SM03_micro002_conf_3 lsf-cpu [ls13]
 5  5  0 | finished  ls02-0-5aec6b8b SM03_micro002_conf_1 lsf-cpu [ls15]
 6  4  0 | finished  ls02-0-5aec6b6a SM03_micro004_conf_1 localhost [ls02]
 7  3  0 | finished  ls02-0-5aec6b78 SM03_micro004_conf_3 lsf-cpu [lt08]
 8  2  0 | finished  ls02-0-5aec6b92 SM03_micro002_conf_2 lsf-cpu [lt08]
 9  1  0 | finished  ls02-0-5aec6b71 SM03_micro004_conf_2 lsf-cpu [lt01]
10  0  0 | finished  ls02-0-5aec6b7e SM03_micro004_conf_4 lsf-cpu [lt01]

All jobs have completed.

10 of 10 job(s) succeeded; 0 job(s) failed.

Timer (distribute subjobs) : 3361.65 secs (0 hrs, 56 mins, 01 secs)

Processing QM output files...

Executing subprocess:
/data/chodera/schrodinger/schrodinger2017-4-advanced/jaguar results -energy SM03_micro004_conf_1.nrg_h.out

Executing subprocess:
/data/chodera/schrodinger/schrodinger2017-4-advanced/jaguar results -esolv SM03_micro004_conf_1.sol_h.out

Executing subprocess:
/data/chodera/schrodinger/schrodinger2017-4-advanced/jaguar results -energy SM03_micro004_conf_2.nrg_h.out

Executing subprocess:
/data/chodera/schrodinger/schrodinger2017-4-advanced/jaguar results -esolv SM03_micro004_conf_2.sol_h.out

Executing subprocess:
/data/chodera/schrodinger/schrodinger2017-4-advanced/jaguar results -energy SM03_micro004_conf_3.nrg_h.out

Executing subprocess:
/data/chodera/schrodinger/schrodinger2017-4-advanced/jaguar results -esolv SM03_micro004_conf_3.sol_h.out

Executing subprocess:
/data/chodera/schrodinger/schrodinger2017-4-advanced/jaguar results -energy SM03_micro004_conf_4.nrg_h.out

Executing subprocess:
/data/chodera/schrodinger/schrodinger2017-4-advanced/jaguar results -esolv SM03_micro004_conf_4.sol_h.out

Executing subprocess:
/data/chodera/schrodinger/schrodinger2017-4-advanced/jaguar results -energy SM03_micro004_conf_5.nrg_h.out

Executing subprocess:
/data/chodera/schrodinger/schrodinger2017-4-advanced/jaguar results -esolv SM03_micro004_conf_5.sol_h.out

Executing subprocess:
/data/chodera/schrodinger/schrodinger2017-4-advanced/jaguar results -energy SM03_micro002_conf_1.nrg.out

Executing subprocess:
/data/chodera/schrodinger/schrodinger2017-4-advanced/jaguar results -esolv SM03_micro002_conf_1.sol.out

Executing subprocess:
/data/chodera/schrodinger/schrodinger2017-4-advanced/jaguar results -energy SM03_micro002_conf_2.nrg.out

Executing subprocess:
/data/chodera/schrodinger/schrodinger2017-4-advanced/jaguar results -esolv SM03_micro002_conf_2.sol.out

Executing subprocess:
/data/chodera/schrodinger/schrodinger2017-4-advanced/jaguar results -energy SM03_micro002_conf_3.nrg.out

Executing subprocess:
/data/chodera/schrodinger/schrodinger2017-4-advanced/jaguar results -esolv SM03_micro002_conf_3.sol.out

Executing subprocess:
/data/chodera/schrodinger/schrodinger2017-4-advanced/jaguar results -energy SM03_micro002_conf_4.nrg.out

Executing subprocess:
/data/chodera/schrodinger/schrodinger2017-4-advanced/jaguar results -esolv SM03_micro002_conf_4.sol.out

Executing subprocess:
/data/chodera/schrodinger/schrodinger2017-4-advanced/jaguar results -energy SM03_micro002_conf_5.nrg.out

Executing subprocess:
/data/chodera/schrodinger/schrodinger2017-4-advanced/jaguar results -esolv SM03_micro002_conf_5.sol.out

Executing subprocess:
/data/chodera/schrodinger/schrodinger2017-4-advanced/jaguar-v9.8/bin/Linux-x86_64/pka -o SM03_micro004_deprot-out.mae -j SM03_micro004.jres -n -d

Executing subprocess:
/data/chodera/schrodinger/schrodinger2017-4-advanced/jaguar-v9.8/bin/Linux-x86_64/pka -o SM03_micro004_prot-out.mae -j SM03_micro004.jres -n

pKa calculation for SM03_micro004 completed.

pKa workflow jag_SM03_micro004_SM03_micro002 completed.

Timer (Jaguar pKa) : 4397.85 secs (1 hrs, 13 mins, 17 secs)
Timer (jaguar_backend.py) : 4397.85 secs (1 hrs, 13 mins, 17 secs)
Finished:   Fri May  4 11:15:01 2018
