Command:    jaguar run pka.py -jobname jag_SM18_micro068_SM18_micro062 -PARALLEL 10 -WAIT -n -csrch -prot SM18_micro068.in -deprot SM18_micro062.in
Release:    2017-4
Exec:       /data/chodera/schrodinger/schrodinger2017-4-advanced/jaguar-v9.8/bin/Linux-x86_64
Host:       lt12
JobId:      lt12-1-5af456e8
JobDir:     /lila/data/chodera/schrodinger/tmpdir/rustenburg/jag_SM18_micro068_SM18_micro062.1
Date:       Thu May 10 10:27:55 2018

Contents of /lila/data/chodera/schrodinger/tmpdir/rustenburg/jag_SM18_micro068_SM18_micro062.1:
/lila/data/chodera/schrodinger/tmpdir/rustenburg/jag_SM18_micro068_SM18_micro062.1/jag_SM18_micro068_SM18_micro062.recover
/lila/data/chodera/schrodinger/tmpdir/rustenburg/jag_SM18_micro068_SM18_micro062.1/lt12-1-5af456e8
/lila/data/chodera/schrodinger/tmpdir/rustenburg/jag_SM18_micro068_SM18_micro062.1/lt12-1-5af456e8.mpinodes
/lila/data/chodera/schrodinger/tmpdir/rustenburg/jag_SM18_micro068_SM18_micro062.1/lt12-1-5af456e8.recover
/lila/data/chodera/schrodinger/tmpdir/rustenburg/jag_SM18_micro068_SM18_micro062.1/jag_SM18_micro068_SM18_micro062.log
/lila/data/chodera/schrodinger/tmpdir/rustenburg/jag_SM18_micro068_SM18_micro062.1/SM18_micro068.mae
/lila/data/chodera/schrodinger/tmpdir/rustenburg/jag_SM18_micro068_SM18_micro062.1/SM18_micro062.in
/lila/data/chodera/schrodinger/tmpdir/rustenburg/jag_SM18_micro068_SM18_micro062.1/SM18_micro068.in
/lila/data/chodera/schrodinger/tmpdir/rustenburg/jag_SM18_micro068_SM18_micro062.1/SM18_micro062.mae

=====================
 Jaguar pKa workflow
=====================

Analysing user-provided (prot, deprot) pair:
(SM18_micro068.in, SM18_micro062.in)
Found labile hydrogen 32 in SM18_micro068.in
Found labile hydrogen at atom 11 in SM18_micro062.in
Adding 'ipkat' keyword to input files.

Identifying pKa functional group for pair:
(SM18_micro068, SM18_micro062)

Executing subprocess:
/data/chodera/schrodinger/schrodinger2017-4-advanced/jaguar-v9.8/bin/Linux-x86_64/pka -i -j SM18_micro068.tmp.jres -n

Taking protonated structures from:
SM18_micro068.mae
Taking deprotonated structures from:
SM18_micro062.mae

This molecule from 'SM18_micro068.mae' in water was recognized as:

 # 	           Shell           
---	---------------------------
1: 	4-pyrimidone as base       
2: 	heterocycle custom 1       
3: 	heterocycle                
4: 	Protonation of generic atom


Executing conformational search...

Executing 2 distributed subjobs:
---------------------------------

No more than 8 cpu(s) will be used per subjob.
No more than 10 cpu(s) will be used simultaneously.

Processing the following subjobs:
(1) jaguar run csrch.py SM18_micro068.mae -jobname SM18_micro068 -max_conf 5 -erg_window 50.208 -acc_level 1 -TPP 5
(2) jaguar run csrch.py SM18_micro062.mae -jobname SM18_micro062 -max_conf 5 -erg_window 50.208 -acc_level 1 -TPP 5

Running subjobs on hosts:
  localhost (Max: 2)
Number of jobs:       2
Max retries per job:  3
Max allowed failures: unlimited
Run with -LOCAL:      False
Verbosity:            normal

Starting JobDJ...

Keep one job on driver host: False
JobDJ columns:
  C: Number of completed subjobs
  A: Number of active subjobs (e.g., submitted, running)
  W: Number of waiting/pending subjobs

C A W | Activity  JobId  JobName  JobHost
- - - | --------- -----------------------
0 1 1 | launched  lt12-2-5af456f1 SM18_micro068 localhost [lt12]
0 2 0 | launched  lt12-3-5af456f5 SM18_micro062 localhost [lt12]
1 1 0 | finished  lt12-3-5af456f5 SM18_micro062 localhost [lt12]
2 0 0 | finished  lt12-2-5af456f1 SM18_micro068 localhost [lt12]

All jobs have completed.

2 of 2 job(s) succeeded; 0 job(s) failed.

Timer (distribute subjobs) : 1094.03 secs (0 hrs, 18 mins, 14 secs)

Setting up QM workflow for (protonated, deprotonated) pair:
(1) (SM18_micro068, SM18_micro062)

Executing Jaguar quantum-mechanical subjobs...

Executing 10 distributed subjobs:
----------------------------------

No more than 8 cpu(s) will be used per subjob.
No more than 10 cpu(s) will be used simultaneously.

Processing the following subjobs:
(1) jaguar run pka_prot.bat -jobname SM18_micro068_conf_1 SM18_micro068_conf_1.in
(2) jaguar run pka_prot.bat -jobname SM18_micro068_conf_2 SM18_micro068_conf_2.in
(3) jaguar run pka_prot.bat -jobname SM18_micro068_conf_3 SM18_micro068_conf_3.in
(4) jaguar run pka_prot.bat -jobname SM18_micro068_conf_4 SM18_micro068_conf_4.in
(5) jaguar run pka_prot.bat -jobname SM18_micro068_conf_5 SM18_micro068_conf_5.in
(6) jaguar run pka_deprot.bat -jobname SM18_micro062_conf_1 SM18_micro062_conf_1.in
(7) jaguar run pka_deprot.bat -jobname SM18_micro062_conf_2 SM18_micro062_conf_2.in
(8) jaguar run pka_deprot.bat -jobname SM18_micro062_conf_3 SM18_micro062_conf_3.in
(9) jaguar run pka_deprot.bat -jobname SM18_micro062_conf_4 SM18_micro062_conf_4.in
(10) jaguar run pka_deprot.bat -jobname SM18_micro062_conf_5 SM18_micro062_conf_5.in

Running subjobs on hosts:
  localhost (Max: 10)
Number of jobs:       10
Max retries per job:  3
Max allowed failures: unlimited
Run with -LOCAL:      False
Verbosity:            normal

Starting JobDJ...

Keep one job on driver host: False
JobDJ columns:
  C: Number of completed subjobs
  A: Number of active subjobs (e.g., submitted, running)
  W: Number of waiting/pending subjobs

 C  A  W | Activity  JobId  JobName  JobHost
-- -- -- | --------- -----------------------
 0  1  9 | launched  lt12-1-5af45b41 SM18_micro068_conf_1 localhost [lt12]
 0  2  8 | launched  lt12-1-5af45b44 SM18_micro068_conf_2 localhost [lt12]
 0  3  7 | launched  lt12-1-5af45b47 SM18_micro068_conf_3 localhost [lt12]
 0  4  6 | launched  lt12-2-5af45b49 SM18_micro068_conf_4 localhost [lt12]
 0  5  5 | launched  lt12-0-5af45b4c SM18_micro068_conf_5 localhost [lt12]
 0  6  4 | launched  lt12-1-5af45b4f SM18_micro062_conf_1 localhost [lt12]
 0  7  3 | launched  lt12-1-5af45b52 SM18_micro062_conf_2 localhost [lt12]
 0  8  2 | launched  lt12-3-5af45b54 SM18_micro062_conf_3 localhost [lt12]
 0  9  1 | launched  lt12-2-5af45b57 SM18_micro062_conf_4 localhost [lt12]
 0 10  0 | launched  lt12-1-5af45b5a SM18_micro062_conf_5 localhost [lt12]
 1  9  0 | finished  lt12-2-5af45b57 SM18_micro062_conf_4 localhost [lt12]
 2  8  0 | finished  lt12-1-5af45b41 SM18_micro068_conf_1 localhost [lt12]
 3  7  0 | finished  lt12-3-5af45b54 SM18_micro062_conf_3 localhost [lt12]
 4  6  0 | finished  lt12-1-5af45b4f SM18_micro062_conf_1 localhost [lt12]
 5  5  0 | finished  lt12-1-5af45b5a SM18_micro062_conf_5 localhost [lt12]
 6  4  0 | finished  lt12-1-5af45b44 SM18_micro068_conf_2 localhost [lt12]
 7  3  0 | finished  lt12-1-5af45b52 SM18_micro062_conf_2 localhost [lt12]
 8  2  0 | finished  lt12-0-5af45b4c SM18_micro068_conf_5 localhost [lt12]
 9  1  0 | finished  lt12-2-5af45b49 SM18_micro068_conf_4 localhost [lt12]
10  0  0 | finished  lt12-1-5af45b47 SM18_micro068_conf_3 localhost [lt12]

All jobs have completed.

10 of 10 job(s) succeeded; 0 job(s) failed.

Timer (distribute subjobs) : 22618.00 secs (6 hrs, 16 mins, 57 secs)

Processing QM output files...

Executing subprocess:
/data/chodera/schrodinger/schrodinger2017-4-advanced/jaguar results -energy SM18_micro068_conf_1.nrg_h.out

Executing subprocess:
/data/chodera/schrodinger/schrodinger2017-4-advanced/jaguar results -esolv SM18_micro068_conf_1.sol_h.out

Executing subprocess:
/data/chodera/schrodinger/schrodinger2017-4-advanced/jaguar results -energy SM18_micro068_conf_2.nrg_h.out

Executing subprocess:
/data/chodera/schrodinger/schrodinger2017-4-advanced/jaguar results -esolv SM18_micro068_conf_2.sol_h.out

Executing subprocess:
/data/chodera/schrodinger/schrodinger2017-4-advanced/jaguar results -energy SM18_micro068_conf_3.nrg_h.out

Executing subprocess:
/data/chodera/schrodinger/schrodinger2017-4-advanced/jaguar results -esolv SM18_micro068_conf_3.sol_h.out

Executing subprocess:
/data/chodera/schrodinger/schrodinger2017-4-advanced/jaguar results -energy SM18_micro068_conf_4.nrg_h.out

Executing subprocess:
/data/chodera/schrodinger/schrodinger2017-4-advanced/jaguar results -esolv SM18_micro068_conf_4.sol_h.out

Executing subprocess:
/data/chodera/schrodinger/schrodinger2017-4-advanced/jaguar results -energy SM18_micro068_conf_5.nrg_h.out

Executing subprocess:
/data/chodera/schrodinger/schrodinger2017-4-advanced/jaguar results -esolv SM18_micro068_conf_5.sol_h.out

Executing subprocess:
/data/chodera/schrodinger/schrodinger2017-4-advanced/jaguar results -energy SM18_micro062_conf_1.nrg.out

Executing subprocess:
/data/chodera/schrodinger/schrodinger2017-4-advanced/jaguar results -esolv SM18_micro062_conf_1.sol.out

Executing subprocess:
/data/chodera/schrodinger/schrodinger2017-4-advanced/jaguar results -energy SM18_micro062_conf_2.nrg.out

Executing subprocess:
/data/chodera/schrodinger/schrodinger2017-4-advanced/jaguar results -esolv SM18_micro062_conf_2.sol.out

Executing subprocess:
/data/chodera/schrodinger/schrodinger2017-4-advanced/jaguar results -energy SM18_micro062_conf_3.nrg.out

Executing subprocess:
/data/chodera/schrodinger/schrodinger2017-4-advanced/jaguar results -esolv SM18_micro062_conf_3.sol.out

Executing subprocess:
/data/chodera/schrodinger/schrodinger2017-4-advanced/jaguar results -energy SM18_micro062_conf_4.nrg.out

Executing subprocess:
/data/chodera/schrodinger/schrodinger2017-4-advanced/jaguar results -esolv SM18_micro062_conf_4.sol.out

Executing subprocess:
/data/chodera/schrodinger/schrodinger2017-4-advanced/jaguar results -energy SM18_micro062_conf_5.nrg.out

Executing subprocess:
/data/chodera/schrodinger/schrodinger2017-4-advanced/jaguar results -esolv SM18_micro062_conf_5.sol.out

Executing subprocess:
/data/chodera/schrodinger/schrodinger2017-4-advanced/jaguar-v9.8/bin/Linux-x86_64/pka -o SM18_micro068_deprot-out.mae -j SM18_micro068.jres -n -d

Executing subprocess:
/data/chodera/schrodinger/schrodinger2017-4-advanced/jaguar-v9.8/bin/Linux-x86_64/pka -o SM18_micro068_prot-out.mae -j SM18_micro068.jres -n

pKa calculation for SM18_micro068 completed.

pKa workflow jag_SM18_micro068_SM18_micro062 completed.

Timer (Jaguar pKa) : 23796.38 secs (6 hrs, 36 mins, 36 secs)
Timer (jaguar_backend.py) : 23796.38 secs (6 hrs, 36 mins, 36 secs)
Finished:   Thu May 10 17:04:31 2018
