Command:    jaguar run pka.py -jobname jag_SM21_micro024_SM21_micro006 -PARALLEL 10 -n -csrch -prot SM21_micro024.in -deprot SM21_micro006.in
Release:    2017-4
Exec:       /data/chodera/schrodinger/schrodinger2017-4-advanced/jaguar-v9.8/bin/Linux-x86_64
Host:       ls11
JobId:      lilac-0-5aecd051
JobDir:     /lila/data/chodera/schrodinger/tmpdir/rustenburg/jag_SM21_micro024_SM21_micro006
Date:       Fri May  4 19:18:58 2018

Contents of /lila/data/chodera/schrodinger/tmpdir/rustenburg/jag_SM21_micro024_SM21_micro006:
/lila/data/chodera/schrodinger/tmpdir/rustenburg/jag_SM21_micro024_SM21_micro006/lilac-0-5aecd051.hosts
/lila/data/chodera/schrodinger/tmpdir/rustenburg/jag_SM21_micro024_SM21_micro006/lilac-0-5aecd051.nodes
/lila/data/chodera/schrodinger/tmpdir/rustenburg/jag_SM21_micro024_SM21_micro006/lilac-0-5aecd051.jlog
/lila/data/chodera/schrodinger/tmpdir/rustenburg/jag_SM21_micro024_SM21_micro006/SM21_micro024.mae
/lila/data/chodera/schrodinger/tmpdir/rustenburg/jag_SM21_micro024_SM21_micro006/SM21_micro006.mae
/lila/data/chodera/schrodinger/tmpdir/rustenburg/jag_SM21_micro024_SM21_micro006/jag_SM21_micro024_SM21_micro006.recover
/lila/data/chodera/schrodinger/tmpdir/rustenburg/jag_SM21_micro024_SM21_micro006/lilac-0-5aecd051.recover
/lila/data/chodera/schrodinger/tmpdir/rustenburg/jag_SM21_micro024_SM21_micro006/jag_SM21_micro024_SM21_micro006.log
/lila/data/chodera/schrodinger/tmpdir/rustenburg/jag_SM21_micro024_SM21_micro006/SM21_micro024.in
/lila/data/chodera/schrodinger/tmpdir/rustenburg/jag_SM21_micro024_SM21_micro006/SM21_micro006.in
/lila/data/chodera/schrodinger/tmpdir/rustenburg/jag_SM21_micro024_SM21_micro006/lilac-0-5aecd051
/lila/data/chodera/schrodinger/tmpdir/rustenburg/jag_SM21_micro024_SM21_micro006/lilac-0-5aecd051.mpinodes

=====================
 Jaguar pKa workflow
=====================

Analysing user-provided (prot, deprot) pair:
(SM21_micro024.in, SM21_micro006.in)
Error: heavy atoms are different in input files:
SM21_micro024.in
SM21_micro006.in


An error has occurred.  Information about the error has been written to 
/home/rustenburg/.schrodinger/exceptions/error20180504-191859.txt 

Please contact help@schrodinger.com for assistance. Include error20180504-191859.txt and a description of what you were doing when the error occurred.
