Command:    jaguar run pka.py -jobname jag_SM21_micro026_SM21_micro001 -PARALLEL 10 -n -csrch -prot SM21_micro026.in -deprot SM21_micro001.in
Release:    2017-4
Exec:       /data/chodera/schrodinger/schrodinger2017-4-advanced/jaguar-v9.8/bin/Linux-x86_64
Host:       ls15
JobId:      lilac-0-5aeccffa
JobDir:     /lila/data/chodera/schrodinger/tmpdir/rustenburg/jag_SM21_micro026_SM21_micro001
Date:       Fri May  4 19:18:39 2018

Contents of /lila/data/chodera/schrodinger/tmpdir/rustenburg/jag_SM21_micro026_SM21_micro001:
/lila/data/chodera/schrodinger/tmpdir/rustenburg/jag_SM21_micro026_SM21_micro001/SM21_micro001.in
/lila/data/chodera/schrodinger/tmpdir/rustenburg/jag_SM21_micro026_SM21_micro001/lilac-0-5aeccffa.jlog
/lila/data/chodera/schrodinger/tmpdir/rustenburg/jag_SM21_micro026_SM21_micro001/SM21_micro026.in
/lila/data/chodera/schrodinger/tmpdir/rustenburg/jag_SM21_micro026_SM21_micro001/jag_SM21_micro026_SM21_micro001.log
/lila/data/chodera/schrodinger/tmpdir/rustenburg/jag_SM21_micro026_SM21_micro001/SM21_micro026.mae
/lila/data/chodera/schrodinger/tmpdir/rustenburg/jag_SM21_micro026_SM21_micro001/lilac-0-5aeccffa
/lila/data/chodera/schrodinger/tmpdir/rustenburg/jag_SM21_micro026_SM21_micro001/lilac-0-5aeccffa.hosts
/lila/data/chodera/schrodinger/tmpdir/rustenburg/jag_SM21_micro026_SM21_micro001/jag_SM21_micro026_SM21_micro001.recover
/lila/data/chodera/schrodinger/tmpdir/rustenburg/jag_SM21_micro026_SM21_micro001/lilac-0-5aeccffa.recover
/lila/data/chodera/schrodinger/tmpdir/rustenburg/jag_SM21_micro026_SM21_micro001/lilac-0-5aeccffa.nodes
/lila/data/chodera/schrodinger/tmpdir/rustenburg/jag_SM21_micro026_SM21_micro001/lilac-0-5aeccffa.mpinodes
/lila/data/chodera/schrodinger/tmpdir/rustenburg/jag_SM21_micro026_SM21_micro001/SM21_micro001.mae

=====================
 Jaguar pKa workflow
=====================

Analysing user-provided (prot, deprot) pair:
(SM21_micro026.in, SM21_micro001.in)
Error: heavy atoms are different in input files:
SM21_micro026.in
SM21_micro001.in


An error has occurred.  Information about the error has been written to 
/home/rustenburg/.schrodinger/exceptions/error20180504-191839-2.txt 

Please contact help@schrodinger.com for assistance. Include error20180504-191839-2.txt and a description of what you were doing when the error occurred.
