Command:    jaguar run pka.py -jobname jag_SM09_micro015_SM09_micro013 -PARALLEL 10 -n -csrch -prot SM09_micro015.in -deprot SM09_micro013.in
Release:    2017-4
Exec:       /data/chodera/schrodinger/schrodinger2017-4-advanced/jaguar-v9.8/bin/Linux-x86_64
Host:       lt17
JobId:      lilac-0-5aec7fdc
JobDir:     /lila/data/chodera/schrodinger/tmpdir/rustenburg/jag_SM09_micro015_SM09_micro013
Date:       Fri May  4 11:47:07 2018

Contents of /lila/data/chodera/schrodinger/tmpdir/rustenburg/jag_SM09_micro015_SM09_micro013:
/lila/data/chodera/schrodinger/tmpdir/rustenburg/jag_SM09_micro015_SM09_micro013/SM09_micro013.mae
/lila/data/chodera/schrodinger/tmpdir/rustenburg/jag_SM09_micro015_SM09_micro013/lilac-0-5aec7fdc
/lila/data/chodera/schrodinger/tmpdir/rustenburg/jag_SM09_micro015_SM09_micro013/SM09_micro015.mae
/lila/data/chodera/schrodinger/tmpdir/rustenburg/jag_SM09_micro015_SM09_micro013/lilac-0-5aec7fdc.nodes
/lila/data/chodera/schrodinger/tmpdir/rustenburg/jag_SM09_micro015_SM09_micro013/jag_SM09_micro015_SM09_micro013.recover
/lila/data/chodera/schrodinger/tmpdir/rustenburg/jag_SM09_micro015_SM09_micro013/lilac-0-5aec7fdc.recover
/lila/data/chodera/schrodinger/tmpdir/rustenburg/jag_SM09_micro015_SM09_micro013/SM09_micro015.in
/lila/data/chodera/schrodinger/tmpdir/rustenburg/jag_SM09_micro015_SM09_micro013/jag_SM09_micro015_SM09_micro013.log
/lila/data/chodera/schrodinger/tmpdir/rustenburg/jag_SM09_micro015_SM09_micro013/lilac-0-5aec7fdc.hosts
/lila/data/chodera/schrodinger/tmpdir/rustenburg/jag_SM09_micro015_SM09_micro013/lilac-0-5aec7fdc.mpinodes
/lila/data/chodera/schrodinger/tmpdir/rustenburg/jag_SM09_micro015_SM09_micro013/lilac-0-5aec7fdc.jlog
/lila/data/chodera/schrodinger/tmpdir/rustenburg/jag_SM09_micro015_SM09_micro013/SM09_micro013.in

=====================
 Jaguar pKa workflow
=====================

Analysing user-provided (prot, deprot) pair:
(SM09_micro015.in, SM09_micro013.in)
Found labile hydrogen 20 in SM09_micro015.in
Found labile hydrogen at atom 9 in SM09_micro013.in
Adding 'ipkat' keyword to input files.

Identifying pKa functional group for pair:
(SM09_micro015, SM09_micro013)

Executing subprocess:
/data/chodera/schrodinger/schrodinger2017-4-advanced/jaguar-v9.8/bin/Linux-x86_64/pka -i -j SM09_micro015.tmp.jres -n

Taking protonated structures from:
SM09_micro015.mae
Taking deprotonated structures from:
SM09_micro013.mae

This molecule from 'SM09_micro015.mae' in water was recognized as:

 # 	                  Shell                   
---	------------------------------------------
1: 	Protonation of sp3-like aliphatic nitrogen
2: 	Protonation of generic atom               


Executing conformational search...

Executing 2 distributed subjobs:
---------------------------------

No more than 8 cpu(s) will be used per subjob.
No more than 10 cpu(s) will be used simultaneously.

Processing the following subjobs:
(1) jaguar run csrch.py SM09_micro015.mae -jobname SM09_micro015 -max_conf 5 -erg_window 50.208 -acc_level 1 -TPP 5
(2) jaguar run csrch.py SM09_micro013.mae -jobname SM09_micro013 -max_conf 5 -erg_window 50.208 -acc_level 1 -TPP 5

Running subjobs on hosts:
  lsf-cpu (Max: 2)
Number of jobs:       2
Max retries per job:  3
Max allowed failures: unlimited
Run with -LOCAL:      False
Verbosity:            normal

Starting JobDJ...

Keep one job on driver host: False
JobDJ columns:
  C: Number of completed subjobs
  A: Number of active subjobs (e.g., submitted, running)
  W: Number of waiting/pending subjobs

C A W | Activity  JobId  JobName  JobHost
- - - | --------- -----------------------
0 1 1 | launched  lt17-3-5aec8083 SM09_micro015 lsf-cpu
0 2 0 | launched  lt17-3-5aec8089 SM09_micro013 lsf-cpu
1 1 0 | finished  lt17-3-5aec8089 SM09_micro013 lsf-cpu
2 0 0 | finished  lt17-3-5aec8083 SM09_micro015 lsf-cpu

All jobs have completed.

2 of 2 job(s) succeeded; 0 job(s) failed.

Timer (distribute subjobs) : 814.53 secs (0 hrs, 13 mins, 34 secs)

Setting up QM workflow for (protonated, deprotonated) pair:
(1) (SM09_micro015, SM09_micro013)

Executing Jaguar quantum-mechanical subjobs...

Executing 10 distributed subjobs:
----------------------------------

No more than 8 cpu(s) will be used per subjob.
No more than 10 cpu(s) will be used simultaneously.

Processing the following subjobs:
(1) jaguar run pka_prot.bat -jobname SM09_micro015_conf_1 SM09_micro015_conf_1.in
(2) jaguar run pka_prot.bat -jobname SM09_micro015_conf_2 SM09_micro015_conf_2.in
(3) jaguar run pka_prot.bat -jobname SM09_micro015_conf_3 SM09_micro015_conf_3.in
(4) jaguar run pka_prot.bat -jobname SM09_micro015_conf_4 SM09_micro015_conf_4.in
(5) jaguar run pka_prot.bat -jobname SM09_micro015_conf_5 SM09_micro015_conf_5.in
(6) jaguar run pka_deprot.bat -jobname SM09_micro013_conf_1 SM09_micro013_conf_1.in
(7) jaguar run pka_deprot.bat -jobname SM09_micro013_conf_2 SM09_micro013_conf_2.in
(8) jaguar run pka_deprot.bat -jobname SM09_micro013_conf_3 SM09_micro013_conf_3.in
(9) jaguar run pka_deprot.bat -jobname SM09_micro013_conf_4 SM09_micro013_conf_4.in
(10) jaguar run pka_deprot.bat -jobname SM09_micro013_conf_5 SM09_micro013_conf_5.in

Running subjobs on hosts:
  lsf-cpu (Max: 10)
Number of jobs:       10
Max retries per job:  3
Max allowed failures: unlimited
Run with -LOCAL:      False
Verbosity:            normal

Starting JobDJ...

Keep one job on driver host: True
JobDJ columns:
  C: Number of completed subjobs
  A: Number of active subjobs (e.g., submitted, running)
  W: Number of waiting/pending subjobs

 C  A  W | Activity  JobId  JobName  JobHost
-- -- -- | --------- -----------------------
 0  1  9 | launched  lt17-0-5aec83b5 SM09_micro015_conf_1 localhost [lt17]
 0  2  8 | launched  lt17-0-5aec83bf SM09_micro015_conf_2 lsf-cpu
 0  3  7 | launched  lt17-1-5aec83c5 SM09_micro015_conf_3 lsf-cpu
 0  4  6 | launched  lt17-0-5aec83cc SM09_micro015_conf_4 lsf-cpu
 0  5  5 | launched  lt17-0-5aec83e1 SM09_micro015_conf_5 lsf-cpu
 0  6  4 | launched  lt17-0-5aec8405 SM09_micro013_conf_1 lsf-cpu
 0  7  3 | launched  lt17-1-5aec842e SM09_micro013_conf_2 lsf-cpu
 0  8  2 | launched  lt17-0-5aec8456 SM09_micro013_conf_3 lsf-cpu
 0  9  1 | launched  lt17-0-5aec8476 SM09_micro013_conf_4 lsf-cpu
 0 10  0 | launched  lt17-0-5aec84d7 SM09_micro013_conf_5 lsf-cpu
 1  9  0 | finished  lt17-0-5aec83bf SM09_micro015_conf_2 lsf-cpu [ls04]
 2  8  0 | finished  lt17-0-5aec8476 SM09_micro013_conf_4 lsf-cpu [ls11]
 3  7  0 | finished  lt17-0-5aec8405 SM09_micro013_conf_1 lsf-cpu [ls04]
 4  6  0 | finished  lt17-1-5aec842e SM09_micro013_conf_2 lsf-cpu [lt02]
 5  5  0 | finished  lt17-0-5aec8456 SM09_micro013_conf_3 lsf-cpu [ls11]
 6  4  0 | finished  lt17-0-5aec83cc SM09_micro015_conf_4 lsf-cpu [ls04]
 7  3  0 | finished  lt17-0-5aec83b5 SM09_micro015_conf_1 localhost [lt17]
 8  2  0 | finished  lt17-0-5aec83e1 SM09_micro015_conf_5 lsf-cpu [ls04]
 9  1  0 | finished  lt17-0-5aec84d7 SM09_micro013_conf_5 lsf-cpu [lt08]
10  0  0 | finished  lt17-1-5aec83c5 SM09_micro015_conf_3 lsf-cpu [ls04]

All jobs have completed.

10 of 10 job(s) succeeded; 0 job(s) failed.

Timer (distribute subjobs) : 4555.68 secs (1 hrs, 15 mins, 55 secs)

Processing QM output files...

Executing subprocess:
/data/chodera/schrodinger/schrodinger2017-4-advanced/jaguar results -energy SM09_micro015_conf_1.nrg_h.out

Executing subprocess:
/data/chodera/schrodinger/schrodinger2017-4-advanced/jaguar results -esolv SM09_micro015_conf_1.sol_h.out

Executing subprocess:
/data/chodera/schrodinger/schrodinger2017-4-advanced/jaguar results -energy SM09_micro015_conf_2.nrg_h.out

Executing subprocess:
/data/chodera/schrodinger/schrodinger2017-4-advanced/jaguar results -esolv SM09_micro015_conf_2.sol_h.out

Executing subprocess:
/data/chodera/schrodinger/schrodinger2017-4-advanced/jaguar results -energy SM09_micro015_conf_3.nrg_h.out

Executing subprocess:
/data/chodera/schrodinger/schrodinger2017-4-advanced/jaguar results -esolv SM09_micro015_conf_3.sol_h.out

Executing subprocess:
/data/chodera/schrodinger/schrodinger2017-4-advanced/jaguar results -energy SM09_micro015_conf_4.nrg_h.out

Executing subprocess:
/data/chodera/schrodinger/schrodinger2017-4-advanced/jaguar results -esolv SM09_micro015_conf_4.sol_h.out

Executing subprocess:
/data/chodera/schrodinger/schrodinger2017-4-advanced/jaguar results -energy SM09_micro015_conf_5.nrg_h.out

Executing subprocess:
/data/chodera/schrodinger/schrodinger2017-4-advanced/jaguar results -esolv SM09_micro015_conf_5.sol_h.out

Executing subprocess:
/data/chodera/schrodinger/schrodinger2017-4-advanced/jaguar results -energy SM09_micro013_conf_1.nrg.out

Executing subprocess:
/data/chodera/schrodinger/schrodinger2017-4-advanced/jaguar results -esolv SM09_micro013_conf_1.sol.out

Executing subprocess:
/data/chodera/schrodinger/schrodinger2017-4-advanced/jaguar results -energy SM09_micro013_conf_2.nrg.out

Executing subprocess:
/data/chodera/schrodinger/schrodinger2017-4-advanced/jaguar results -esolv SM09_micro013_conf_2.sol.out

Executing subprocess:
/data/chodera/schrodinger/schrodinger2017-4-advanced/jaguar results -energy SM09_micro013_conf_3.nrg.out

Executing subprocess:
/data/chodera/schrodinger/schrodinger2017-4-advanced/jaguar results -esolv SM09_micro013_conf_3.sol.out

Executing subprocess:
/data/chodera/schrodinger/schrodinger2017-4-advanced/jaguar results -energy SM09_micro013_conf_4.nrg.out

Executing subprocess:
/data/chodera/schrodinger/schrodinger2017-4-advanced/jaguar results -esolv SM09_micro013_conf_4.sol.out

Executing subprocess:
/data/chodera/schrodinger/schrodinger2017-4-advanced/jaguar results -energy SM09_micro013_conf_5.nrg.out

Executing subprocess:
/data/chodera/schrodinger/schrodinger2017-4-advanced/jaguar results -esolv SM09_micro013_conf_5.sol.out

Executing subprocess:
/data/chodera/schrodinger/schrodinger2017-4-advanced/jaguar-v9.8/bin/Linux-x86_64/pka -o SM09_micro015_deprot-out.mae -j SM09_micro015.jres -n -d

Executing subprocess:
/data/chodera/schrodinger/schrodinger2017-4-advanced/jaguar-v9.8/bin/Linux-x86_64/pka -o SM09_micro015_prot-out.mae -j SM09_micro015.jres -n

pKa calculation for SM09_micro015 completed.

pKa workflow jag_SM09_micro015_SM09_micro013 completed.

Timer (Jaguar pKa) : 5478.74 secs (1 hrs, 31 mins, 18 secs)
Timer (jaguar_backend.py) : 5478.74 secs (1 hrs, 31 mins, 18 secs)
Finished:   Fri May  4 13:18:26 2018
