Command:    jaguar run pka.py -jobname jag_SM11_micro026_SM11_micro019 -PARALLEL 10 -n -csrch -prot SM11_micro026.in -deprot SM11_micro019.in
Release:    2017-4
Exec:       /data/chodera/schrodinger/schrodinger2017-4-advanced/jaguar-v9.8/bin/Linux-x86_64
Host:       lt12
JobId:      lilac-0-5aec9aab
JobDir:     /lila/data/chodera/schrodinger/tmpdir/rustenburg/jag_SM11_micro026_SM11_micro019
Date:       Fri May  4 13:39:53 2018

Contents of /lila/data/chodera/schrodinger/tmpdir/rustenburg/jag_SM11_micro026_SM11_micro019:
/lila/data/chodera/schrodinger/tmpdir/rustenburg/jag_SM11_micro026_SM11_micro019/SM11_micro026.mae
/lila/data/chodera/schrodinger/tmpdir/rustenburg/jag_SM11_micro026_SM11_micro019/SM11_micro019.mae
/lila/data/chodera/schrodinger/tmpdir/rustenburg/jag_SM11_micro026_SM11_micro019/jag_SM11_micro026_SM11_micro019.log
/lila/data/chodera/schrodinger/tmpdir/rustenburg/jag_SM11_micro026_SM11_micro019/lilac-0-5aec9aab.mpinodes
/lila/data/chodera/schrodinger/tmpdir/rustenburg/jag_SM11_micro026_SM11_micro019/jag_SM11_micro026_SM11_micro019.recover
/lila/data/chodera/schrodinger/tmpdir/rustenburg/jag_SM11_micro026_SM11_micro019/lilac-0-5aec9aab.jlog
/lila/data/chodera/schrodinger/tmpdir/rustenburg/jag_SM11_micro026_SM11_micro019/SM11_micro019.in
/lila/data/chodera/schrodinger/tmpdir/rustenburg/jag_SM11_micro026_SM11_micro019/lilac-0-5aec9aab.nodes
/lila/data/chodera/schrodinger/tmpdir/rustenburg/jag_SM11_micro026_SM11_micro019/SM11_micro026.in
/lila/data/chodera/schrodinger/tmpdir/rustenburg/jag_SM11_micro026_SM11_micro019/lilac-0-5aec9aab.hosts
/lila/data/chodera/schrodinger/tmpdir/rustenburg/jag_SM11_micro026_SM11_micro019/lilac-0-5aec9aab.recover
/lila/data/chodera/schrodinger/tmpdir/rustenburg/jag_SM11_micro026_SM11_micro019/lilac-0-5aec9aab

=====================
 Jaguar pKa workflow
=====================

Analysing user-provided (prot, deprot) pair:
(SM11_micro026.in, SM11_micro019.in)
Found labile hydrogen 21 in SM11_micro026.in
Found labile hydrogen at atom 16 in SM11_micro019.in
Adding 'ipkat' keyword to input files.

Identifying pKa functional group for pair:
(SM11_micro026, SM11_micro019)

Executing subprocess:
/data/chodera/schrodinger/schrodinger2017-4-advanced/jaguar-v9.8/bin/Linux-x86_64/pka -i -j SM11_micro026.tmp.jres -n

Taking protonated structures from:
SM11_micro026.mae
Taking deprotonated structures from:
SM11_micro019.mae

This molecule from 'SM11_micro026.mae' in water was recognized as:

 # 	           Shell           
---	---------------------------
1: 	Protonation of generic atom


Executing conformational search...

Executing 2 distributed subjobs:
---------------------------------

No more than 8 cpu(s) will be used per subjob.
No more than 10 cpu(s) will be used simultaneously.

Processing the following subjobs:
(1) jaguar run csrch.py SM11_micro026.mae -jobname SM11_micro026 -max_conf 5 -erg_window 50.208 -acc_level 1 -TPP 5
(2) jaguar run csrch.py SM11_micro019.mae -jobname SM11_micro019 -max_conf 5 -erg_window 50.208 -acc_level 1 -TPP 5

Running subjobs on hosts:
  lsf-cpu (Max: 2)
Number of jobs:       2
Max retries per job:  3
Max allowed failures: unlimited
Run with -LOCAL:      False
Verbosity:            normal

Starting JobDJ...

Keep one job on driver host: False
JobDJ columns:
  C: Number of completed subjobs
  A: Number of active subjobs (e.g., submitted, running)
  W: Number of waiting/pending subjobs

C A W | Activity  JobId  JobName  JobHost
- - - | --------- -----------------------
0 1 1 | launched  lt12-1-5aec9aee SM11_micro026 lsf-cpu
0 2 0 | launched  lt12-0-5aec9af2 SM11_micro019 lsf-cpu
1 1 0 | finished  lt12-0-5aec9af2 SM11_micro019 lsf-cpu
2 0 0 | finished  lt12-1-5aec9aee SM11_micro026 lsf-cpu

All jobs have completed.

2 of 2 job(s) succeeded; 0 job(s) failed.

Timer (distribute subjobs) : 444.34 secs (0 hrs, 07 mins, 24 secs)

Setting up QM workflow for (protonated, deprotonated) pair:
(1) (SM11_micro026, SM11_micro019)

Executing Jaguar quantum-mechanical subjobs...

Executing 6 distributed subjobs:
---------------------------------

No more than 8 cpu(s) will be used per subjob.
No more than 10 cpu(s) will be used simultaneously.

Processing the following subjobs:
(1) jaguar run pka_prot.bat -jobname SM11_micro026_conf_1 SM11_micro026_conf_1.in -TPP 2
(2) jaguar run pka_prot.bat -jobname SM11_micro026_conf_2 SM11_micro026_conf_2.in -TPP 2
(3) jaguar run pka_prot.bat -jobname SM11_micro026_conf_3 SM11_micro026_conf_3.in -TPP 2
(4) jaguar run pka_deprot.bat -jobname SM11_micro019_conf_1 SM11_micro019_conf_1.in -TPP 2
(5) jaguar run pka_deprot.bat -jobname SM11_micro019_conf_2 SM11_micro019_conf_2.in
(6) jaguar run pka_deprot.bat -jobname SM11_micro019_conf_3 SM11_micro019_conf_3.in

Running subjobs on hosts:
  lsf-cpu (Max: 6)
Number of jobs:       6
Max retries per job:  3
Max allowed failures: unlimited
Run with -LOCAL:      False
Verbosity:            normal

Starting JobDJ...

Keep one job on driver host: False
JobDJ columns:
  C: Number of completed subjobs
  A: Number of active subjobs (e.g., submitted, running)
  W: Number of waiting/pending subjobs

C A W | Activity  JobId  JobName  JobHost
- - - | --------- -----------------------
0 1 5 | launched  lt12-0-5aec9cb0 SM11_micro026_conf_1 lsf-cpu
0 2 4 | launched  lt12-0-5aec9cb4 SM11_micro026_conf_2 lsf-cpu
0 3 3 | launched  lt12-0-5aec9cb6 SM11_micro026_conf_3 lsf-cpu
0 4 2 | launched  lt12-0-5aec9cb9 SM11_micro019_conf_1 lsf-cpu
0 5 1 | launched  lt12-0-5aec9cbb SM11_micro019_conf_2 lsf-cpu
0 6 0 | launched  lt12-0-5aec9cbe SM11_micro019_conf_3 lsf-cpu
1 5 0 | finished  lt12-0-5aec9cbb SM11_micro019_conf_2 lsf-cpu [lt20]
2 4 0 | finished  lt12-0-5aec9cbe SM11_micro019_conf_3 lsf-cpu [ls18]
3 3 0 | finished  lt12-0-5aec9cb0 SM11_micro026_conf_1 lsf-cpu [ls17]
4 2 0 | finished  lt12-0-5aec9cb9 SM11_micro019_conf_1 lsf-cpu [ls10]
5 1 0 | finished  lt12-0-5aec9cb4 SM11_micro026_conf_2 lsf-cpu [ls17]
6 0 0 | finished  lt12-0-5aec9cb6 SM11_micro026_conf_3 lsf-cpu [ls17]

All jobs have completed.

6 of 6 job(s) succeeded; 0 job(s) failed.

Timer (distribute subjobs) : 2433.72 secs (0 hrs, 40 mins, 33 secs)

Processing QM output files...

Executing subprocess:
/data/chodera/schrodinger/schrodinger2017-4-advanced/jaguar results -energy SM11_micro026_conf_1.nrg_h.out

Executing subprocess:
/data/chodera/schrodinger/schrodinger2017-4-advanced/jaguar results -esolv SM11_micro026_conf_1.sol_h.out

Executing subprocess:
/data/chodera/schrodinger/schrodinger2017-4-advanced/jaguar results -energy SM11_micro026_conf_2.nrg_h.out

Executing subprocess:
/data/chodera/schrodinger/schrodinger2017-4-advanced/jaguar results -esolv SM11_micro026_conf_2.sol_h.out

Executing subprocess:
/data/chodera/schrodinger/schrodinger2017-4-advanced/jaguar results -energy SM11_micro026_conf_3.nrg_h.out

Executing subprocess:
/data/chodera/schrodinger/schrodinger2017-4-advanced/jaguar results -esolv SM11_micro026_conf_3.sol_h.out

Executing subprocess:
/data/chodera/schrodinger/schrodinger2017-4-advanced/jaguar results -energy SM11_micro019_conf_1.nrg.out

Executing subprocess:
/data/chodera/schrodinger/schrodinger2017-4-advanced/jaguar results -esolv SM11_micro019_conf_1.sol.out

Executing subprocess:
/data/chodera/schrodinger/schrodinger2017-4-advanced/jaguar results -energy SM11_micro019_conf_2.nrg.out

Executing subprocess:
/data/chodera/schrodinger/schrodinger2017-4-advanced/jaguar results -esolv SM11_micro019_conf_2.sol.out

Executing subprocess:
/data/chodera/schrodinger/schrodinger2017-4-advanced/jaguar results -energy SM11_micro019_conf_3.nrg.out

Executing subprocess:
/data/chodera/schrodinger/schrodinger2017-4-advanced/jaguar results -esolv SM11_micro019_conf_3.sol.out

Executing subprocess:
/data/chodera/schrodinger/schrodinger2017-4-advanced/jaguar-v9.8/bin/Linux-x86_64/pka -o SM11_micro026_deprot-out.mae -j SM11_micro026.jres -n -d

Executing subprocess:
/data/chodera/schrodinger/schrodinger2017-4-advanced/jaguar-v9.8/bin/Linux-x86_64/pka -o SM11_micro026_prot-out.mae -j SM11_micro026.jres -n

pKa calculation for SM11_micro026 completed.

pKa workflow jag_SM11_micro026_SM11_micro019 completed.

Timer (Jaguar pKa) : 2927.39 secs (0 hrs, 48 mins, 47 secs)
Timer (jaguar_backend.py) : 2927.39 secs (0 hrs, 48 mins, 47 secs)
Finished:   Fri May  4 14:28:41 2018
