Taking protonated structures from:
SM18_micro026_conf_1.dft_h.01.mae
SM18_micro026_conf_2.dft_h.01.mae
SM18_micro026_conf_3.dft_h.01.mae
SM18_micro026_conf_4.dft_h.01.mae
SM18_micro026_conf_5.dft_h.01.mae
Taking deprotonated structures from:
SM18_micro034_conf_1.dft.01.mae
SM18_micro034_conf_2.dft.01.mae
SM18_micro034_conf_3.dft.01.mae
SM18_micro034_conf_4.dft.01.mae
SM18_micro034_conf_5.dft.01.mae

Corrected results for 'protonated' structure in water:
pKa atom: 33

 # 	           Shell           	 pKa 	RMSD	 Contribution
---	---------------------------	-----	-----	--------------
1: 	thiazole/benzothiazole     	 2.17	0.647	    95.29%
2: 	heterocycle                	 2.80	0.837	     4.27%
3: 	Protonation of generic atom	 3.60	2.264	     0.44%

 Final weighted pKa value is 2.21



