Command:    jaguar run pka.py -jobname jag_SM18_micro002_SM18_micro020 -PARALLEL 10 -n -csrch -prot SM18_micro002.in -deprot SM18_micro020.in
Release:    2017-4
Exec:       /data/chodera/schrodinger/schrodinger2017-4-advanced/jaguar-v9.8/bin/Linux-x86_64
Host:       ls01
JobId:      lilac-0-5aecad57
JobDir:     /lila/data/chodera/schrodinger/tmpdir/rustenburg/jag_SM18_micro002_SM18_micro020
Date:       Fri May  4 14:59:30 2018

Contents of /lila/data/chodera/schrodinger/tmpdir/rustenburg/jag_SM18_micro002_SM18_micro020:
/lila/data/chodera/schrodinger/tmpdir/rustenburg/jag_SM18_micro002_SM18_micro020/lilac-0-5aecad57.mpinodes
/lila/data/chodera/schrodinger/tmpdir/rustenburg/jag_SM18_micro002_SM18_micro020/lilac-0-5aecad57.jlog
/lila/data/chodera/schrodinger/tmpdir/rustenburg/jag_SM18_micro002_SM18_micro020/SM18_micro020.mae
/lila/data/chodera/schrodinger/tmpdir/rustenburg/jag_SM18_micro002_SM18_micro020/jag_SM18_micro002_SM18_micro020.log
/lila/data/chodera/schrodinger/tmpdir/rustenburg/jag_SM18_micro002_SM18_micro020/lilac-0-5aecad57.recover
/lila/data/chodera/schrodinger/tmpdir/rustenburg/jag_SM18_micro002_SM18_micro020/SM18_micro020.in
/lila/data/chodera/schrodinger/tmpdir/rustenburg/jag_SM18_micro002_SM18_micro020/SM18_micro002.mae
/lila/data/chodera/schrodinger/tmpdir/rustenburg/jag_SM18_micro002_SM18_micro020/jag_SM18_micro002_SM18_micro020.recover
/lila/data/chodera/schrodinger/tmpdir/rustenburg/jag_SM18_micro002_SM18_micro020/lilac-0-5aecad57.nodes
/lila/data/chodera/schrodinger/tmpdir/rustenburg/jag_SM18_micro002_SM18_micro020/lilac-0-5aecad57.hosts
/lila/data/chodera/schrodinger/tmpdir/rustenburg/jag_SM18_micro002_SM18_micro020/SM18_micro002.in
/lila/data/chodera/schrodinger/tmpdir/rustenburg/jag_SM18_micro002_SM18_micro020/lilac-0-5aecad57

=====================
 Jaguar pKa workflow
=====================

Analysing user-provided (prot, deprot) pair:
(SM18_micro002.in, SM18_micro020.in)
Found labile hydrogen 38 in SM18_micro002.in
Found labile hydrogen at atom 13 in SM18_micro020.in
Adding 'ipkat' keyword to input files.

Identifying pKa functional group for pair:
(SM18_micro002, SM18_micro020)

Executing subprocess:
/data/chodera/schrodinger/schrodinger2017-4-advanced/jaguar-v9.8/bin/Linux-x86_64/pka -i -j SM18_micro002.tmp.jres -n

Taking protonated structures from:
SM18_micro002.mae
Taking deprotonated structures from:
SM18_micro020.mae

This molecule from 'SM18_micro002.mae' in water was recognized as:

 # 	                 Shell                  
---	----------------------------------------
1: 	mono keto CH acid                       
2: 	Protonation of generic atom             
3: 	aliphatic CH acid in water              
4: 	Protonation of sp2-like aliphatic carbon


Executing conformational search...

Executing 2 distributed subjobs:
---------------------------------

No more than 8 cpu(s) will be used per subjob.
No more than 10 cpu(s) will be used simultaneously.

Processing the following subjobs:
(1) jaguar run csrch.py SM18_micro002.mae -jobname SM18_micro002 -max_conf 5 -erg_window 50.208 -acc_level 1 -TPP 5
(2) jaguar run csrch.py SM18_micro020.mae -jobname SM18_micro020 -max_conf 5 -erg_window 50.208 -acc_level 1 -TPP 5

Running subjobs on hosts:
  lsf-cpu (Max: 2)
Number of jobs:       2
Max retries per job:  3
Max allowed failures: unlimited
Run with -LOCAL:      False
Verbosity:            normal

Starting JobDJ...

Keep one job on driver host: False
JobDJ columns:
  C: Number of completed subjobs
  A: Number of active subjobs (e.g., submitted, running)
  W: Number of waiting/pending subjobs

C A W | Activity  JobId  JobName  JobHost
- - - | --------- -----------------------
0 1 1 | launched  ls01-1-5aecad97 SM18_micro002 lsf-cpu
0 2 0 | launched  ls01-0-5aecad9a SM18_micro020 lsf-cpu
1 1 0 | finished  ls01-0-5aecad9a SM18_micro020 lsf-cpu [ls04]
2 0 0 | finished  ls01-1-5aecad97 SM18_micro002 lsf-cpu [ls14]

All jobs have completed.

2 of 2 job(s) succeeded; 0 job(s) failed.

Timer (distribute subjobs) : 8520.84 secs (2 hrs, 22 mins, 00 secs)

Setting up QM workflow for (protonated, deprotonated) pair:
(1) (SM18_micro002, SM18_micro020)

Executing Jaguar quantum-mechanical subjobs...

Executing 10 distributed subjobs:
----------------------------------

No more than 8 cpu(s) will be used per subjob.
No more than 10 cpu(s) will be used simultaneously.

Processing the following subjobs:
(1) jaguar run pka_prot.bat -jobname SM18_micro002_conf_1 SM18_micro002_conf_1.in
(2) jaguar run pka_prot.bat -jobname SM18_micro002_conf_2 SM18_micro002_conf_2.in
(3) jaguar run pka_prot.bat -jobname SM18_micro002_conf_3 SM18_micro002_conf_3.in
(4) jaguar run pka_prot.bat -jobname SM18_micro002_conf_4 SM18_micro002_conf_4.in
(5) jaguar run pka_prot.bat -jobname SM18_micro002_conf_5 SM18_micro002_conf_5.in
(6) jaguar run pka_deprot.bat -jobname SM18_micro020_conf_1 SM18_micro020_conf_1.in
(7) jaguar run pka_deprot.bat -jobname SM18_micro020_conf_2 SM18_micro020_conf_2.in
(8) jaguar run pka_deprot.bat -jobname SM18_micro020_conf_3 SM18_micro020_conf_3.in
(9) jaguar run pka_deprot.bat -jobname SM18_micro020_conf_4 SM18_micro020_conf_4.in
(10) jaguar run pka_deprot.bat -jobname SM18_micro020_conf_5 SM18_micro020_conf_5.in

Running subjobs on hosts:
  lsf-cpu (Max: 10)
Number of jobs:       10
Max retries per job:  3
Max allowed failures: unlimited
Run with -LOCAL:      False
Verbosity:            normal

Starting JobDJ...

Keep one job on driver host: True
JobDJ columns:
  C: Number of completed subjobs
  A: Number of active subjobs (e.g., submitted, running)
  W: Number of waiting/pending subjobs

 C  A  W | Activity  JobId  JobName  JobHost
-- -- -- | --------- -----------------------
 0  1  9 | launched  ls01-0-5aeccee5 SM18_micro002_conf_1 localhost [ls01]
 0  2  8 | launched  ls01-0-5aeccee8 SM18_micro002_conf_2 lsf-cpu
 0  3  7 | launched  ls01-0-5aecceec SM18_micro002_conf_3 lsf-cpu
 0  4  6 | launched  ls01-0-5aecceef SM18_micro002_conf_4 lsf-cpu
 0  5  5 | launched  ls01-0-5aeccef3 SM18_micro002_conf_5 lsf-cpu
 0  6  4 | launched  ls01-0-5aeccef6 SM18_micro020_conf_1 lsf-cpu
 0  7  3 | launched  ls01-0-5aeccefa SM18_micro020_conf_2 lsf-cpu
 0  8  2 | launched  ls01-0-5aeccefe SM18_micro020_conf_3 lsf-cpu
 0  9  1 | launched  ls01-0-5aeccf02 SM18_micro020_conf_4 lsf-cpu
 0 10  0 | launched  ls01-0-5aeccf06 SM18_micro020_conf_5 lsf-cpu
 1  9  0 | finished  ls01-0-5aeccee5 SM18_micro002_conf_1 localhost [ls01]
 1  9  0 | launched  ls01-0-5aecdb41 SM18_micro020_conf_5 localhost [ls01]
 2  8  0 | finished  ls01-0-5aecdb41 SM18_micro020_conf_5 localhost [ls01]
 3  7  0 | finished  ls01-0-5aecceec SM18_micro002_conf_3 lsf-cpu [lt02]
 4  6  0 | finished  ls01-0-5aeccf02 SM18_micro020_conf_4 lsf-cpu [lt21]
 5  5  0 | finished  ls01-0-5aeccee8 SM18_micro002_conf_2 lsf-cpu [lt02]
 6  4  0 | finished  ls01-0-5aecceef SM18_micro002_conf_4 lsf-cpu [lt04]
 7  3  0 | finished  ls01-0-5aeccefe SM18_micro020_conf_3 lsf-cpu [lt21]
