Command:    jaguar run pka.py -jobname jag_SM18_micro069_SM18_micro071 -PARALLEL 10 -n -csrch -prot SM18_micro069.in -deprot SM18_micro071.in
Release:    2017-4
Exec:       /data/chodera/schrodinger/schrodinger2017-4-advanced/jaguar-v9.8/bin/Linux-x86_64
Host:       ls15
JobId:      lilac-0-5aecb10d
JobDir:     /lila/data/chodera/schrodinger/tmpdir/rustenburg/jag_SM18_micro069_SM18_micro071
Date:       Fri May  4 15:38:05 2018

Contents of /lila/data/chodera/schrodinger/tmpdir/rustenburg/jag_SM18_micro069_SM18_micro071:
/lila/data/chodera/schrodinger/tmpdir/rustenburg/jag_SM18_micro069_SM18_micro071/lilac-0-5aecb10d.recover
/lila/data/chodera/schrodinger/tmpdir/rustenburg/jag_SM18_micro069_SM18_micro071/SM18_micro069.mae
/lila/data/chodera/schrodinger/tmpdir/rustenburg/jag_SM18_micro069_SM18_micro071/lilac-0-5aecb10d.hosts
/lila/data/chodera/schrodinger/tmpdir/rustenburg/jag_SM18_micro069_SM18_micro071/jag_SM18_micro069_SM18_micro071.recover
/lila/data/chodera/schrodinger/tmpdir/rustenburg/jag_SM18_micro069_SM18_micro071/lilac-0-5aecb10d.nodes
/lila/data/chodera/schrodinger/tmpdir/rustenburg/jag_SM18_micro069_SM18_micro071/lilac-0-5aecb10d.mpinodes
/lila/data/chodera/schrodinger/tmpdir/rustenburg/jag_SM18_micro069_SM18_micro071/lilac-0-5aecb10d.jlog
/lila/data/chodera/schrodinger/tmpdir/rustenburg/jag_SM18_micro069_SM18_micro071/SM18_micro069.in
/lila/data/chodera/schrodinger/tmpdir/rustenburg/jag_SM18_micro069_SM18_micro071/jag_SM18_micro069_SM18_micro071.log
/lila/data/chodera/schrodinger/tmpdir/rustenburg/jag_SM18_micro069_SM18_micro071/lilac-0-5aecb10d
/lila/data/chodera/schrodinger/tmpdir/rustenburg/jag_SM18_micro069_SM18_micro071/SM18_micro071.mae
/lila/data/chodera/schrodinger/tmpdir/rustenburg/jag_SM18_micro069_SM18_micro071/SM18_micro071.in

=====================
 Jaguar pKa workflow
=====================

Analysing user-provided (prot, deprot) pair:
(SM18_micro069.in, SM18_micro071.in)
Found labile hydrogen 31 in SM18_micro069.in
Found labile hydrogen at atom 18 in SM18_micro071.in
Adding 'ipkat' keyword to input files.

Identifying pKa functional group for pair:
(SM18_micro069, SM18_micro071)

Executing subprocess:
/data/chodera/schrodinger/schrodinger2017-4-advanced/jaguar-v9.8/bin/Linux-x86_64/pka -i -j SM18_micro069.tmp.jres -n

Taking protonated structures from:
SM18_micro069.mae
Taking deprotonated structures from:
SM18_micro071.mae

This molecule from 'SM18_micro069.mae' in water was recognized as:

 # 	           Shell           
---	---------------------------
1: 	thiazole/benzothiazole     
2: 	heterocycle                
3: 	Protonation of generic atom


Executing conformational search...

Executing 2 distributed subjobs:
---------------------------------

No more than 8 cpu(s) will be used per subjob.
No more than 10 cpu(s) will be used simultaneously.

Processing the following subjobs:
(1) jaguar run csrch.py SM18_micro069.mae -jobname SM18_micro069 -max_conf 5 -erg_window 50.208 -acc_level 1 -TPP 5
(2) jaguar run csrch.py SM18_micro071.mae -jobname SM18_micro071 -max_conf 5 -erg_window 50.208 -acc_level 1 -TPP 5

Running subjobs on hosts:
  lsf-cpu (Max: 2)
Number of jobs:       2
Max retries per job:  3
Max allowed failures: unlimited
Run with -LOCAL:      False
Verbosity:            normal

Starting JobDJ...

Keep one job on driver host: False
JobDJ columns:
  C: Number of completed subjobs
  A: Number of active subjobs (e.g., submitted, running)
  W: Number of waiting/pending subjobs

C A W | Activity  JobId  JobName  JobHost
- - - | --------- -----------------------
0 1 1 | launched  ls15-4-5aecb6a4 SM18_micro069 lsf-cpu
0 2 0 | launched  ls15-0-5aecb6a8 SM18_micro071 lsf-cpu
1 1 0 | finished  ls15-4-5aecb6a4 SM18_micro069 lsf-cpu [ls12]
2 0 0 | finished  ls15-0-5aecb6a8 SM18_micro071 lsf-cpu [ls17]

All jobs have completed.

2 of 2 job(s) succeeded; 0 job(s) failed.

Timer (distribute subjobs) : 5609.08 secs (1 hrs, 33 mins, 29 secs)

Setting up QM workflow for (protonated, deprotonated) pair:
(1) (SM18_micro069, SM18_micro071)

Executing Jaguar quantum-mechanical subjobs...

Executing 10 distributed subjobs:
----------------------------------

No more than 8 cpu(s) will be used per subjob.
No more than 10 cpu(s) will be used simultaneously.

Processing the following subjobs:
(1) jaguar run pka_prot.bat -jobname SM18_micro069_conf_1 SM18_micro069_conf_1.in
(2) jaguar run pka_prot.bat -jobname SM18_micro069_conf_2 SM18_micro069_conf_2.in
(3) jaguar run pka_prot.bat -jobname SM18_micro069_conf_3 SM18_micro069_conf_3.in
(4) jaguar run pka_prot.bat -jobname SM18_micro069_conf_4 SM18_micro069_conf_4.in
(5) jaguar run pka_prot.bat -jobname SM18_micro069_conf_5 SM18_micro069_conf_5.in
(6) jaguar run pka_deprot.bat -jobname SM18_micro071_conf_1 SM18_micro071_conf_1.in
(7) jaguar run pka_deprot.bat -jobname SM18_micro071_conf_2 SM18_micro071_conf_2.in
(8) jaguar run pka_deprot.bat -jobname SM18_micro071_conf_3 SM18_micro071_conf_3.in
(9) jaguar run pka_deprot.bat -jobname SM18_micro071_conf_4 SM18_micro071_conf_4.in
(10) jaguar run pka_deprot.bat -jobname SM18_micro071_conf_5 SM18_micro071_conf_5.in

Running subjobs on hosts:
  lsf-cpu (Max: 10)
Number of jobs:       10
Max retries per job:  3
Max allowed failures: unlimited
Run with -LOCAL:      False
Verbosity:            normal

Starting JobDJ...

Keep one job on driver host: True
JobDJ columns:
  C: Number of completed subjobs
  A: Number of active subjobs (e.g., submitted, running)
  W: Number of waiting/pending subjobs

 C  A  W | Activity  JobId  JobName  JobHost
-- -- -- | --------- -----------------------
 0  1  9 | launched  ls15-0-5aeccc8e SM18_micro069_conf_1 localhost [ls15]
 0  2  8 | launched  ls15-0-5aeccc93 SM18_micro069_conf_2 lsf-cpu
 0  3  7 | launched  ls15-0-5aeccc97 SM18_micro069_conf_3 lsf-cpu
 0  4  6 | launched  ls15-0-5aeccc9b SM18_micro069_conf_4 lsf-cpu
 0  5  5 | launched  ls15-0-5aeccca0 SM18_micro069_conf_5 lsf-cpu
 0  6  4 | launched  ls15-0-5aeccca5 SM18_micro071_conf_1 lsf-cpu
 0  7  3 | launched  ls15-0-5aecccaa SM18_micro071_conf_2 lsf-cpu
 0  8  2 | launched  ls15-0-5aecccae SM18_micro071_conf_3 lsf-cpu
 0  9  1 | launched  ls15-0-5aecccb3 SM18_micro071_conf_4 lsf-cpu
 0 10  0 | launched  ls15-0-5aecccb8 SM18_micro071_conf_5 lsf-cpu
 1  9  0 | finished  ls15-0-5aeccc8e SM18_micro069_conf_1 localhost [ls15]
 2  8  0 | finished  ls15-0-5aecccae SM18_micro071_conf_3 lsf-cpu [lt17]
 3  7  0 | finished  ls15-0-5aeccca5 SM18_micro071_conf_1 lsf-cpu [lt17]
 4  6  0 | finished  ls15-0-5aecccb8 SM18_micro071_conf_5 lsf-cpu [lt17]
 5  5  0 | finished  ls15-0-5aecccaa SM18_micro071_conf_2 lsf-cpu [lt17]
 6  4  0 | finished  ls15-0-5aeccc93 SM18_micro069_conf_2 lsf-cpu [lt17]
 7  3  0 | finished  ls15-0-5aecccb3 SM18_micro071_conf_4 lsf-cpu [lt17]
