Command:    jaguar run pka.py -jobname jag_SM23_micro048_SM23_micro044 -PARALLEL 10 -n -csrch -prot SM23_micro048.in -deprot SM23_micro044.in
Release:    2017-4
Exec:       /data/chodera/schrodinger/schrodinger2017-4-advanced/jaguar-v9.8/bin/Linux-x86_64
Host:       lt09
JobId:      lilac-0-5aecd4a4
JobDir:     /lila/data/chodera/schrodinger/tmpdir/rustenburg/jag_SM23_micro048_SM23_micro044
Date:       Fri May  4 19:23:16 2018

Contents of /lila/data/chodera/schrodinger/tmpdir/rustenburg/jag_SM23_micro048_SM23_micro044:
/lila/data/chodera/schrodinger/tmpdir/rustenburg/jag_SM23_micro048_SM23_micro044/jag_SM23_micro048_SM23_micro044.log
/lila/data/chodera/schrodinger/tmpdir/rustenburg/jag_SM23_micro048_SM23_micro044/SM23_micro044.mae
/lila/data/chodera/schrodinger/tmpdir/rustenburg/jag_SM23_micro048_SM23_micro044/lilac-0-5aecd4a4
/lila/data/chodera/schrodinger/tmpdir/rustenburg/jag_SM23_micro048_SM23_micro044/lilac-0-5aecd4a4.recover
/lila/data/chodera/schrodinger/tmpdir/rustenburg/jag_SM23_micro048_SM23_micro044/SM23_micro044.in
/lila/data/chodera/schrodinger/tmpdir/rustenburg/jag_SM23_micro048_SM23_micro044/lilac-0-5aecd4a4.mpinodes
/lila/data/chodera/schrodinger/tmpdir/rustenburg/jag_SM23_micro048_SM23_micro044/lilac-0-5aecd4a4.jlog
/lila/data/chodera/schrodinger/tmpdir/rustenburg/jag_SM23_micro048_SM23_micro044/SM23_micro048.mae
/lila/data/chodera/schrodinger/tmpdir/rustenburg/jag_SM23_micro048_SM23_micro044/SM23_micro048.in
/lila/data/chodera/schrodinger/tmpdir/rustenburg/jag_SM23_micro048_SM23_micro044/lilac-0-5aecd4a4.nodes
/lila/data/chodera/schrodinger/tmpdir/rustenburg/jag_SM23_micro048_SM23_micro044/jag_SM23_micro048_SM23_micro044.recover
/lila/data/chodera/schrodinger/tmpdir/rustenburg/jag_SM23_micro048_SM23_micro044/lilac-0-5aecd4a4.hosts

=====================
 Jaguar pKa workflow
=====================

Analysing user-provided (prot, deprot) pair:
(SM23_micro048.in, SM23_micro044.in)
Found labile hydrogen 36 in SM23_micro048.in
Found labile hydrogen at atom 20 in SM23_micro044.in
Adding 'ipkat' keyword to input files.

Identifying pKa functional group for pair:
(SM23_micro048, SM23_micro044)

Executing subprocess:
/data/chodera/schrodinger/schrodinger2017-4-advanced/jaguar-v9.8/bin/Linux-x86_64/pka -i -j SM23_micro048.tmp.jres -n

Taking protonated structures from:
SM23_micro048.mae
Taking deprotonated structures from:
SM23_micro044.mae

This molecule from 'SM23_micro048.mae' in water was recognized as:

 # 	                  Shell                   
---	------------------------------------------
1: 	secondary aniline                         
2: 	Protonation of sp3-like aliphatic nitrogen
3: 	Protonation of generic atom               


Executing conformational search...

Executing 2 distributed subjobs:
---------------------------------

No more than 8 cpu(s) will be used per subjob.
No more than 10 cpu(s) will be used simultaneously.

Processing the following subjobs:
(1) jaguar run csrch.py SM23_micro048.mae -jobname SM23_micro048 -max_conf 5 -erg_window 50.208 -acc_level 1 -TPP 5
(2) jaguar run csrch.py SM23_micro044.mae -jobname SM23_micro044 -max_conf 5 -erg_window 50.208 -acc_level 1 -TPP 5

Running subjobs on hosts:
  lsf-cpu (Max: 2)
Number of jobs:       2
Max retries per job:  3
Max allowed failures: unlimited
Run with -LOCAL:      False
Verbosity:            normal

Starting JobDJ...

Keep one job on driver host: False
JobDJ columns:
  C: Number of completed subjobs
  A: Number of active subjobs (e.g., submitted, running)
  W: Number of waiting/pending subjobs

C A W | Activity  JobId  JobName  JobHost
- - - | --------- -----------------------
0 1 1 | launched  lt09-6-5aeceb75 SM23_micro048 lsf-cpu
0 2 0 | launched  lt09-4-5aeceb89 SM23_micro044 lsf-cpu
1 1 0 | finished  lt09-6-5aeceb75 SM23_micro048 lsf-cpu [lt22]
2 0 0 | finished  lt09-4-5aeceb89 SM23_micro044 lsf-cpu [ls04]

All jobs have completed.

2 of 2 job(s) succeeded; 0 job(s) failed.

Timer (distribute subjobs) : 8538.16 secs (2 hrs, 22 mins, 18 secs)

Setting up QM workflow for (protonated, deprotonated) pair:
(1) (SM23_micro048, SM23_micro044)

Executing Jaguar quantum-mechanical subjobs...

Executing 10 distributed subjobs:
----------------------------------

No more than 8 cpu(s) will be used per subjob.
No more than 10 cpu(s) will be used simultaneously.

Processing the following subjobs:
(1) jaguar run pka_prot.bat -jobname SM23_micro048_conf_1 SM23_micro048_conf_1.in
(2) jaguar run pka_prot.bat -jobname SM23_micro048_conf_2 SM23_micro048_conf_2.in
(3) jaguar run pka_prot.bat -jobname SM23_micro048_conf_3 SM23_micro048_conf_3.in
(4) jaguar run pka_prot.bat -jobname SM23_micro048_conf_4 SM23_micro048_conf_4.in
(5) jaguar run pka_prot.bat -jobname SM23_micro048_conf_5 SM23_micro048_conf_5.in
(6) jaguar run pka_deprot.bat -jobname SM23_micro044_conf_1 SM23_micro044_conf_1.in
(7) jaguar run pka_deprot.bat -jobname SM23_micro044_conf_2 SM23_micro044_conf_2.in
(8) jaguar run pka_deprot.bat -jobname SM23_micro044_conf_3 SM23_micro044_conf_3.in
(9) jaguar run pka_deprot.bat -jobname SM23_micro044_conf_4 SM23_micro044_conf_4.in
(10) jaguar run pka_deprot.bat -jobname SM23_micro044_conf_5 SM23_micro044_conf_5.in

Running subjobs on hosts:
  lsf-cpu (Max: 10)
Number of jobs:       10
Max retries per job:  3
Max allowed failures: unlimited
Run with -LOCAL:      False
Verbosity:            normal

Starting JobDJ...

Keep one job on driver host: True
JobDJ columns:
  C: Number of completed subjobs
  A: Number of active subjobs (e.g., submitted, running)
  W: Number of waiting/pending subjobs

 C  A  W | Activity  JobId  JobName  JobHost
-- -- -- | --------- -----------------------
 0  1  9 | launched  lt09-0-5aed0cc8 SM23_micro048_conf_1 localhost [lt09]
 0  2  8 | launched  lt09-0-5aed0ccb SM23_micro048_conf_2 lsf-cpu
 0  3  7 | launched  lt09-0-5aed0ccf SM23_micro048_conf_3 lsf-cpu
 0  4  6 | launched  lt09-0-5aed0cd2 SM23_micro048_conf_4 lsf-cpu
 0  5  5 | launched  lt09-0-5aed0cd5 SM23_micro048_conf_5 lsf-cpu
 0  6  4 | launched  lt09-1-5aed0cd9 SM23_micro044_conf_1 lsf-cpu
 0  7  3 | launched  lt09-0-5aed0cdd SM23_micro044_conf_2 lsf-cpu
 0  8  2 | launched  lt09-2-5aed0ce0 SM23_micro044_conf_3 lsf-cpu
 0  9  1 | launched  lt09-0-5aed0ce5 SM23_micro044_conf_4 lsf-cpu
 0 10  0 | launched  lt09-1-5aed0ce9 SM23_micro044_conf_5 lsf-cpu
Subjob 'SM23_micro044_conf_2' died (fizzled) [jobid lt09-0-5aed0cdd]
 0  9  1 | fizzled   lt09-0-5aed0cdd SM23_micro044_conf_2 lsf-cpu [ls07]
WARNING: Job launch failed for 1/2 times.
% jaguar run pka_deprot.bat -jobname SM23_micro044_conf_2 SM23_micro044_conf_2.in -HOST lsf-cpu
Output
Launch failed: no JobId found.

Command:
/data/chodera/schrodinger/schrodinger2017-4-advanced/jaguar run pka_deprot.bat -jobname SM23_micro044_conf_2 SM23_micro044_conf_2.in -HOST lsf-cpu
Output:
Launching JAGUAR under jobcontrol.
An error has occurred.  Information about the error has been written to 
/home/rustenburg/.schrodinger/exceptions/error20180505-000712.txt 

Please contact help@schrodinger.com for assistance. Include error20180505-000712.txt and a description of what you were doing when the error occurred.

WARNING: Job launch failed for 2/2 times.
% jaguar run pka_deprot.bat -jobname SM23_micro044_conf_2 SM23_micro044_conf_2.in -HOST lsf-cpu
Output
Launch failed: no JobId found.

Command:
/data/chodera/schrodinger/schrodinger2017-4-advanced/jaguar run pka_deprot.bat -jobname SM23_micro044_conf_2 SM23_micro044_conf_2.in -HOST lsf-cpu
Output:
Launching JAGUAR under jobcontrol.
An error has occurred.  Information about the error has been written to 
/home/rustenburg/.schrodinger/exceptions/error20180505-001151.txt 

Please contact help@schrodinger.com for assistance. Include error20180505-001151.txt and a description of what you were doing when the error occurred.

WARNING: Job launch failed for 1/2 times.
% jaguar run pka_deprot.bat -jobname SM23_micro044_conf_2 SM23_micro044_conf_2.in -HOST lsf-cpu
Output
Launch failed: no JobId found.

Command:
/data/chodera/schrodinger/schrodinger2017-4-advanced/jaguar run pka_deprot.bat -jobname SM23_micro044_conf_2 SM23_micro044_conf_2.in -HOST lsf-cpu
Output:
Launching JAGUAR under jobcontrol.
An error has occurred.  Information about the error has been written to 
/home/rustenburg/.schrodinger/exceptions/error20180505-001630-2.txt 

Please contact help@schrodinger.com for assistance. Include error20180505-001630-2.txt and a description of what you were doing when the error occurred.

WARNING: Job launch failed for 2/2 times.
% jaguar run pka_deprot.bat -jobname SM23_micro044_conf_2 SM23_micro044_conf_2.in -HOST lsf-cpu
Output
Launch failed: no JobId found.

Command:
/data/chodera/schrodinger/schrodinger2017-4-advanced/jaguar run pka_deprot.bat -jobname SM23_micro044_conf_2 SM23_micro044_conf_2.in -HOST lsf-cpu
Output:
Launching JAGUAR under jobcontrol.
An error has occurred.  Information about the error has been written to 
/home/rustenburg/.schrodinger/exceptions/error20180505-002109-1.txt 

Please contact help@schrodinger.com for assistance. Include error20180505-002109-1.txt and a description of what you were doing when the error occurred.

Subjob 'SM23_micro048_conf_4' died (fizzled) [jobid lt09-0-5aed0cd2]
 0  8  2 | fizzled   lt09-0-5aed0cd2 SM23_micro048_conf_4 lsf-cpu [ls07]
WARNING: Job launch failed for 1/2 times.
% jaguar run pka_prot.bat -jobname SM23_micro048_conf_4 SM23_micro048_conf_4.in -HOST lsf-cpu
Output
Launch failed: no JobId found.

Command:
/data/chodera/schrodinger/schrodinger2017-4-advanced/jaguar run pka_prot.bat -jobname SM23_micro048_conf_4 SM23_micro048_conf_4.in -HOST lsf-cpu
Output:
Launching JAGUAR under jobcontrol.
An error has occurred.  Information about the error has been written to 
/home/rustenburg/.schrodinger/exceptions/error20180505-002550.txt 

Please contact help@schrodinger.com for assistance. Include error20180505-002550.txt and a description of what you were doing when the error occurred.

WARNING: Job launch failed for 2/2 times.
% jaguar run pka_prot.bat -jobname SM23_micro048_conf_4 SM23_micro048_conf_4.in -HOST lsf-cpu
Output
Launch failed: no JobId found.

Command:
/data/chodera/schrodinger/schrodinger2017-4-advanced/jaguar run pka_prot.bat -jobname SM23_micro048_conf_4 SM23_micro048_conf_4.in -HOST lsf-cpu
Output:
Launching JAGUAR under jobcontrol.
An error has occurred.  Information about the error has been written to 
/home/rustenburg/.schrodinger/exceptions/error20180505-003029.txt 

Please contact help@schrodinger.com for assistance. Include error20180505-003029.txt and a description of what you were doing when the error occurred.

WARNING: Job launch failed for 1/2 times.
% jaguar run pka_deprot.bat -jobname SM23_micro044_conf_2 SM23_micro044_conf_2.in -HOST lsf-cpu
Output
Launch failed: no JobId found.

Command:
/data/chodera/schrodinger/schrodinger2017-4-advanced/jaguar run pka_deprot.bat -jobname SM23_micro044_conf_2 SM23_micro044_conf_2.in -HOST lsf-cpu
Output:
Launching JAGUAR under jobcontrol.
An error has occurred.  Information about the error has been written to 
/home/rustenburg/.schrodinger/exceptions/error20180505-003509.txt 

Please contact help@schrodinger.com for assistance. Include error20180505-003509.txt and a description of what you were doing when the error occurred.

WARNING: Job launch failed for 2/2 times.
% jaguar run pka_deprot.bat -jobname SM23_micro044_conf_2 SM23_micro044_conf_2.in -HOST lsf-cpu
Output
Launch failed: no JobId found.

Command:
/data/chodera/schrodinger/schrodinger2017-4-advanced/jaguar run pka_deprot.bat -jobname SM23_micro044_conf_2 SM23_micro044_conf_2.in -HOST lsf-cpu
Output:
Launching JAGUAR under jobcontrol.
An error has occurred.  Information about the error has been written to 
/home/rustenburg/.schrodinger/exceptions/error20180505-003947.txt 

Please contact help@schrodinger.com for assistance. Include error20180505-003947.txt and a description of what you were doing when the error occurred.

 1  8  1 | fizzled   lt09-0-5aed0cdd SM23_micro044_conf_2 lsf-cpu [ls07]
ERROR: Subjob 'SM23_micro044_conf_2' has failed after 3 retries.

Last 20 lines of 'SM23_micro044_conf_2.recover':

  ERROR: this job could not be launched.
  
  Launch host: lt09.hpc.private
  Launch directory: /lila/data/chodera/schrodinger/tmpdir/rustenburg/jag_SM23_micro048_SM23_micro044/jag_SM23_micro048_SM23_micro044.workdir
  Launch time: 2018-05-05-00:35:13
  Command line: /data/chodera/schrodinger/schrodinger2017-4-advanced/jaguar run pka_deprot.bat -jobname SM23_micro044_conf_2 SM23_micro044_conf_2.in -HOST lsf-cpu
  
  The following error message was returned:
  Error: in replying to 'JPROXYPORT lilac rustenburg "/data/chodera/schrodinger/schrodinger2017-4-advanced"' - dial tcp lilac:35321: i/o timeout


Last 20 lines of 'SM23_micro044_conf_2.log':

  

Job control errors (from job record):
  ERROR: could not recover job: remote command failed with exit code 127 [remote host: lilac, output: 'ssh_exchange_identification: Connection closed by remote host']
Launch failed: no JobId found.

Command:
/data/chodera/schrodinger/schrodinger2017-4-advanced/jaguar run pka_deprot.bat -jobname SM23_micro044_conf_2 SM23_micro044_conf_2.in -HOST lsf-cpu
Output:
Launching JAGUAR under jobcontrol.
An error has occurred.  Information about the error has been written to 
/home/rustenburg/.schrodinger/exceptions/error20180505-003947.txt 

Please contact help@schrodinger.com for assistance. Include error20180505-003947.txt and a description of what you were doing when the error occurred.

Subjob 'SM23_micro048_conf_5' died (fizzled) [jobid lt09-0-5aed0cd5]
 1  7  2 | fizzled   lt09-0-5aed0cd5 SM23_micro048_conf_5 lsf-cpu [ls07]
WARNING: Job launch failed for 1/2 times.
% jaguar run pka_prot.bat -jobname SM23_micro048_conf_4 SM23_micro048_conf_4.in -HOST lsf-cpu
Output
Launch failed: no JobId found.

Command:
/data/chodera/schrodinger/schrodinger2017-4-advanced/jaguar run pka_prot.bat -jobname SM23_micro048_conf_4 SM23_micro048_conf_4.in -HOST lsf-cpu
Output:
Launching JAGUAR under jobcontrol.
An error has occurred.  Information about the error has been written to 
/home/rustenburg/.schrodinger/exceptions/error20180505-004428.txt 

Please contact help@schrodinger.com for assistance. Include error20180505-004428.txt and a description of what you were doing when the error occurred.

WARNING: Job launch failed for 2/2 times.
% jaguar run pka_prot.bat -jobname SM23_micro048_conf_4 SM23_micro048_conf_4.in -HOST lsf-cpu
Output
Launch failed: no JobId found.

Command:
/data/chodera/schrodinger/schrodinger2017-4-advanced/jaguar run pka_prot.bat -jobname SM23_micro048_conf_4 SM23_micro048_conf_4.in -HOST lsf-cpu
Output:
Launching JAGUAR under jobcontrol.
An error has occurred.  Information about the error has been written to 
/home/rustenburg/.schrodinger/exceptions/error20180505-004905.txt 

Please contact help@schrodinger.com for assistance. Include error20180505-004905.txt and a description of what you were doing when the error occurred.

WARNING: Job launch failed for 1/2 times.
% jaguar run pka_prot.bat -jobname SM23_micro048_conf_5 SM23_micro048_conf_5.in -HOST lsf-cpu
Output
Launch failed: no JobId found.

Command:
/data/chodera/schrodinger/schrodinger2017-4-advanced/jaguar run pka_prot.bat -jobname SM23_micro048_conf_5 SM23_micro048_conf_5.in -HOST lsf-cpu
Output:
Launching JAGUAR under jobcontrol.
An error has occurred.  Information about the error has been written to 
/home/rustenburg/.schrodinger/exceptions/error20180505-005342.txt 

Please contact help@schrodinger.com for assistance. Include error20180505-005342.txt and a description of what you were doing when the error occurred.

WARNING: Job launch failed for 2/2 times.
% jaguar run pka_prot.bat -jobname SM23_micro048_conf_5 SM23_micro048_conf_5.in -HOST lsf-cpu
Output
Launch failed: no JobId found.

Command:
/data/chodera/schrodinger/schrodinger2017-4-advanced/jaguar run pka_prot.bat -jobname SM23_micro048_conf_5 SM23_micro048_conf_5.in -HOST lsf-cpu
Output:
Launching JAGUAR under jobcontrol.
An error has occurred.  Information about the error has been written to 
/home/rustenburg/.schrodinger/exceptions/error20180505-005821-1.txt 

Please contact help@schrodinger.com for assistance. Include error20180505-005821-1.txt and a description of what you were doing when the error occurred.

Subjob 'SM23_micro044_conf_1' died (fizzled) [jobid lt09-1-5aed0cd9]
 1  6  3 | fizzled   lt09-1-5aed0cd9 SM23_micro044_conf_1 lsf-cpu [ls07]
WARNING: Job launch failed for 1/2 times.
% jaguar run pka_prot.bat -jobname SM23_micro048_conf_4 SM23_micro048_conf_4.in -HOST lsf-cpu
Output
Launch failed: no JobId found.

Command:
/data/chodera/schrodinger/schrodinger2017-4-advanced/jaguar run pka_prot.bat -jobname SM23_micro048_conf_4 SM23_micro048_conf_4.in -HOST lsf-cpu
Output:
Launching JAGUAR under jobcontrol.
An error has occurred.  Information about the error has been written to 
/home/rustenburg/.schrodinger/exceptions/error20180505-010258.txt 

Please contact help@schrodinger.com for assistance. Include error20180505-010258.txt and a description of what you were doing when the error occurred.

WARNING: Job launch failed for 2/2 times.
% jaguar run pka_prot.bat -jobname SM23_micro048_conf_4 SM23_micro048_conf_4.in -HOST lsf-cpu
Output
Launch failed: no JobId found.

Command:
/data/chodera/schrodinger/schrodinger2017-4-advanced/jaguar run pka_prot.bat -jobname SM23_micro048_conf_4 SM23_micro048_conf_4.in -HOST lsf-cpu
Output:
Launching JAGUAR under jobcontrol.
An error has occurred.  Information about the error has been written to 
/home/rustenburg/.schrodinger/exceptions/error20180505-010738.txt 

Please contact help@schrodinger.com for assistance. Include error20180505-010738.txt and a description of what you were doing when the error occurred.

WARNING: Job launch failed for 1/2 times.
% jaguar run pka_prot.bat -jobname SM23_micro048_conf_5 SM23_micro048_conf_5.in -HOST lsf-cpu
Output
Launch failed: no JobId found.

Command:
/data/chodera/schrodinger/schrodinger2017-4-advanced/jaguar run pka_prot.bat -jobname SM23_micro048_conf_5 SM23_micro048_conf_5.in -HOST lsf-cpu
Output:
Launching JAGUAR under jobcontrol.
An error has occurred.  Information about the error has been written to 
/home/rustenburg/.schrodinger/exceptions/error20180505-011217.txt 

Please contact help@schrodinger.com for assistance. Include error20180505-011217.txt and a description of what you were doing when the error occurred.

WARNING: Job launch failed for 2/2 times.
% jaguar run pka_prot.bat -jobname SM23_micro048_conf_5 SM23_micro048_conf_5.in -HOST lsf-cpu
Output
Launch failed: no JobId found.

Command:
/data/chodera/schrodinger/schrodinger2017-4-advanced/jaguar run pka_prot.bat -jobname SM23_micro048_conf_5 SM23_micro048_conf_5.in -HOST lsf-cpu
Output:
Launching JAGUAR under jobcontrol.
An error has occurred.  Information about the error has been written to 
/home/rustenburg/.schrodinger/exceptions/error20180505-011701.txt 

Please contact help@schrodinger.com for assistance. Include error20180505-011701.txt and a description of what you were doing when the error occurred.

WARNING: Job launch failed for 1/2 times.
% jaguar run pka_deprot.bat -jobname SM23_micro044_conf_1 SM23_micro044_conf_1.in -HOST lsf-cpu
Output
Launch failed: no JobId found.

Command:
/data/chodera/schrodinger/schrodinger2017-4-advanced/jaguar run pka_deprot.bat -jobname SM23_micro044_conf_1 SM23_micro044_conf_1.in -HOST lsf-cpu
Output:
Launching JAGUAR under jobcontrol.
An error has occurred.  Information about the error has been written to 
/home/rustenburg/.schrodinger/exceptions/error20180505-012138.txt 

Please contact help@schrodinger.com for assistance. Include error20180505-012138.txt and a description of what you were doing when the error occurred.

WARNING: Job launch failed for 2/2 times.
% jaguar run pka_deprot.bat -jobname SM23_micro044_conf_1 SM23_micro044_conf_1.in -HOST lsf-cpu
Output
Launch failed: no JobId found.

Command:
/data/chodera/schrodinger/schrodinger2017-4-advanced/jaguar run pka_deprot.bat -jobname SM23_micro044_conf_1 SM23_micro044_conf_1.in -HOST lsf-cpu
Output:
Launching JAGUAR under jobcontrol.
An error has occurred.  Information about the error has been written to 
/home/rustenburg/.schrodinger/exceptions/error20180505-012620.txt 

Please contact help@schrodinger.com for assistance. Include error20180505-012620.txt and a description of what you were doing when the error occurred.

 2  6  2 | fizzled   lt09-0-5aed0cd2 SM23_micro048_conf_4 lsf-cpu [ls07]
ERROR: Subjob 'SM23_micro048_conf_4' has failed after 3 retries.

Last 20 lines of 'SM23_micro048_conf_4.log':

  ERROR: this job could not be launched.
  
  Launch host: lt09.hpc.private
  Launch directory: /lila/data/chodera/schrodinger/tmpdir/rustenburg/jag_SM23_micro048_SM23_micro044/jag_SM23_micro048_SM23_micro044.workdir
  Launch time: 2018-05-05-01:03:04
  Command line: /data/chodera/schrodinger/schrodinger2017-4-advanced/jaguar run pka_prot.bat -jobname SM23_micro048_conf_4 SM23_micro048_conf_4.in -HOST lsf-cpu
  
  The following error message was returned:
  Error: in replying to 'JPROXYPORT lilac rustenburg "/data/chodera/schrodinger/schrodinger2017-4-advanced"' - dial tcp lilac:35321: i/o timeout


Last 20 lines of 'SM23_micro048_conf_4.recover':

  

Job control errors (from job record):
  ERROR: could not recover job: remote command failed with exit code 127 [remote host: lilac, output: 'ssh_exchange_identification: Connection closed by remote host']
Launch failed: no JobId found.

Command:
/data/chodera/schrodinger/schrodinger2017-4-advanced/jaguar run pka_prot.bat -jobname SM23_micro048_conf_4 SM23_micro048_conf_4.in -HOST lsf-cpu
Output:
Launching JAGUAR under jobcontrol.
An error has occurred.  Information about the error has been written to 
/home/rustenburg/.schrodinger/exceptions/error20180505-010738.txt 

Please contact help@schrodinger.com for assistance. Include error20180505-010738.txt and a description of what you were doing when the error occurred.

Subjob 'SM23_micro044_conf_3' died (fizzled) [jobid lt09-2-5aed0ce0]
 2  5  3 | fizzled   lt09-2-5aed0ce0 SM23_micro044_conf_3 lsf-cpu [ls07]
WARNING: Job launch failed for 1/2 times.
% jaguar run pka_prot.bat -jobname SM23_micro048_conf_5 SM23_micro048_conf_5.in -HOST lsf-cpu
Output
Launch failed: no JobId found.

Command:
/data/chodera/schrodinger/schrodinger2017-4-advanced/jaguar run pka_prot.bat -jobname SM23_micro048_conf_5 SM23_micro048_conf_5.in -HOST lsf-cpu
Output:
Launching JAGUAR under jobcontrol.
An error has occurred.  Information about the error has been written to 
/home/rustenburg/.schrodinger/exceptions/error20180505-013100.txt 

Please contact help@schrodinger.com for assistance. Include error20180505-013100.txt and a description of what you were doing when the error occurred.

WARNING: Job launch failed for 2/2 times.
% jaguar run pka_prot.bat -jobname SM23_micro048_conf_5 SM23_micro048_conf_5.in -HOST lsf-cpu
Output
Launch failed: no JobId found.

Command:
/data/chodera/schrodinger/schrodinger2017-4-advanced/jaguar run pka_prot.bat -jobname SM23_micro048_conf_5 SM23_micro048_conf_5.in -HOST lsf-cpu
Output:
Launching JAGUAR under jobcontrol.
An error has occurred.  Information about the error has been written to 
/home/rustenburg/.schrodinger/exceptions/error20180505-013541.txt 

Please contact help@schrodinger.com for assistance. Include error20180505-013541.txt and a description of what you were doing when the error occurred.

WARNING: Job launch failed for 1/2 times.
% jaguar run pka_deprot.bat -jobname SM23_micro044_conf_1 SM23_micro044_conf_1.in -HOST lsf-cpu
Output
Launch failed: no JobId found.

Command:
/data/chodera/schrodinger/schrodinger2017-4-advanced/jaguar run pka_deprot.bat -jobname SM23_micro044_conf_1 SM23_micro044_conf_1.in -HOST lsf-cpu
Output:
Launching JAGUAR under jobcontrol.
An error has occurred.  Information about the error has been written to 
/home/rustenburg/.schrodinger/exceptions/error20180505-014021.txt 

Please contact help@schrodinger.com for assistance. Include error20180505-014021.txt and a description of what you were doing when the error occurred.

WARNING: Job launch failed for 2/2 times.
% jaguar run pka_deprot.bat -jobname SM23_micro044_conf_1 SM23_micro044_conf_1.in -HOST lsf-cpu
Output
Launch failed: no JobId found.

Command:
/data/chodera/schrodinger/schrodinger2017-4-advanced/jaguar run pka_deprot.bat -jobname SM23_micro044_conf_1 SM23_micro044_conf_1.in -HOST lsf-cpu
Output:
Launching JAGUAR under jobcontrol.
An error has occurred.  Information about the error has been written to 
/home/rustenburg/.schrodinger/exceptions/error20180505-014500.txt 

Please contact help@schrodinger.com for assistance. Include error20180505-014500.txt and a description of what you were doing when the error occurred.

WARNING: Job launch failed for 1/2 times.
% jaguar run pka_deprot.bat -jobname SM23_micro044_conf_3 SM23_micro044_conf_3.in -HOST lsf-cpu
Output
Launch failed: no JobId found.

Command:
/data/chodera/schrodinger/schrodinger2017-4-advanced/jaguar run pka_deprot.bat -jobname SM23_micro044_conf_3 SM23_micro044_conf_3.in -HOST lsf-cpu
Output:
Launching JAGUAR under jobcontrol.
An error has occurred.  Information about the error has been written to 
/home/rustenburg/.schrodinger/exceptions/error20180505-014940.txt 

Please contact help@schrodinger.com for assistance. Include error20180505-014940.txt and a description of what you were doing when the error occurred.

WARNING: Job launch failed for 2/2 times.
% jaguar run pka_deprot.bat -jobname SM23_micro044_conf_3 SM23_micro044_conf_3.in -HOST lsf-cpu
Output
Launch failed: no JobId found.

Command:
/data/chodera/schrodinger/schrodinger2017-4-advanced/jaguar run pka_deprot.bat -jobname SM23_micro044_conf_3 SM23_micro044_conf_3.in -HOST lsf-cpu
Output:
Launching JAGUAR under jobcontrol.
An error has occurred.  Information about the error has been written to 
/home/rustenburg/.schrodinger/exceptions/error20180505-015421.txt 

Please contact help@schrodinger.com for assistance. Include error20180505-015421.txt and a description of what you were doing when the error occurred.

 3  5  2 | fizzled   lt09-0-5aed0cd5 SM23_micro048_conf_5 lsf-cpu [ls07]
ERROR: Subjob 'SM23_micro048_conf_5' has failed after 3 retries.

Last 20 lines of 'SM23_micro048_conf_5.recover':

  ERROR: this job could not be launched.
  
  Launch host: lt09.hpc.private
  Launch directory: /lila/data/chodera/schrodinger/tmpdir/rustenburg/jag_SM23_micro048_SM23_micro044/jag_SM23_micro048_SM23_micro044.workdir
  Launch time: 2018-05-05-01:31:06
  Command line: /data/chodera/schrodinger/schrodinger2017-4-advanced/jaguar run pka_prot.bat -jobname SM23_micro048_conf_5 SM23_micro048_conf_5.in -HOST lsf-cpu
  
  The following error message was returned:
  Error: in replying to 'JPROXYPORT lilac rustenburg "/data/chodera/schrodinger/schrodinger2017-4-advanced"' - dial tcp lilac:35321: i/o timeout


Last 20 lines of 'SM23_micro048_conf_5.log':

  

Job control errors (from job record):
  ERROR: could not recover job: remote command failed with exit code 127 [remote host: lilac, output: 'ssh_exchange_identification: Connection closed by remote host']
Launch failed: no JobId found.

Command:
/data/chodera/schrodinger/schrodinger2017-4-advanced/jaguar run pka_prot.bat -jobname SM23_micro048_conf_5 SM23_micro048_conf_5.in -HOST lsf-cpu
Output:
Launching JAGUAR under jobcontrol.
An error has occurred.  Information about the error has been written to 
/home/rustenburg/.schrodinger/exceptions/error20180505-013541.txt 

Please contact help@schrodinger.com for assistance. Include error20180505-013541.txt and a description of what you were doing when the error occurred.

Subjob 'SM23_micro044_conf_4' died (fizzled) [jobid lt09-0-5aed0ce5]
 3  4  3 | fizzled   lt09-0-5aed0ce5 SM23_micro044_conf_4 lsf-cpu [ls07]
WARNING: Job launch failed for 1/2 times.
% jaguar run pka_deprot.bat -jobname SM23_micro044_conf_1 SM23_micro044_conf_1.in -HOST lsf-cpu
Output
Launch failed: no JobId found.

Command:
/data/chodera/schrodinger/schrodinger2017-4-advanced/jaguar run pka_deprot.bat -jobname SM23_micro044_conf_1 SM23_micro044_conf_1.in -HOST lsf-cpu
Output:
Launching JAGUAR under jobcontrol.
An error has occurred.  Information about the error has been written to 
/home/rustenburg/.schrodinger/exceptions/error20180505-015900.txt 

Please contact help@schrodinger.com for assistance. Include error20180505-015900.txt and a description of what you were doing when the error occurred.

WARNING: Job launch failed for 2/2 times.
% jaguar run pka_deprot.bat -jobname SM23_micro044_conf_1 SM23_micro044_conf_1.in -HOST lsf-cpu
Output
Launch failed: no JobId found.

Command:
/data/chodera/schrodinger/schrodinger2017-4-advanced/jaguar run pka_deprot.bat -jobname SM23_micro044_conf_1 SM23_micro044_conf_1.in -HOST lsf-cpu
Output:
Launching JAGUAR under jobcontrol.
An error has occurred.  Information about the error has been written to 
/home/rustenburg/.schrodinger/exceptions/error20180505-020340.txt 

Please contact help@schrodinger.com for assistance. Include error20180505-020340.txt and a description of what you were doing when the error occurred.

WARNING: Job launch failed for 1/2 times.
% jaguar run pka_deprot.bat -jobname SM23_micro044_conf_3 SM23_micro044_conf_3.in -HOST lsf-cpu
Output
Launch failed: no JobId found.

Command:
/data/chodera/schrodinger/schrodinger2017-4-advanced/jaguar run pka_deprot.bat -jobname SM23_micro044_conf_3 SM23_micro044_conf_3.in -HOST lsf-cpu
Output:
Launching JAGUAR under jobcontrol.
An error has occurred.  Information about the error has been written to 
/home/rustenburg/.schrodinger/exceptions/error20180505-020816.txt 

Please contact help@schrodinger.com for assistance. Include error20180505-020816.txt and a description of what you were doing when the error occurred.

WARNING: Job launch failed for 2/2 times.
% jaguar run pka_deprot.bat -jobname SM23_micro044_conf_3 SM23_micro044_conf_3.in -HOST lsf-cpu
Output
Launch failed: no JobId found.

Command:
/data/chodera/schrodinger/schrodinger2017-4-advanced/jaguar run pka_deprot.bat -jobname SM23_micro044_conf_3 SM23_micro044_conf_3.in -HOST lsf-cpu
Output:
Launching JAGUAR under jobcontrol.
An error has occurred.  Information about the error has been written to 
/home/rustenburg/.schrodinger/exceptions/error20180505-021257.txt 

Please contact help@schrodinger.com for assistance. Include error20180505-021257.txt and a description of what you were doing when the error occurred.

WARNING: Job launch failed for 1/2 times.
% jaguar run pka_deprot.bat -jobname SM23_micro044_conf_4 SM23_micro044_conf_4.in -HOST lsf-cpu
Output
Launch failed: no JobId found.

Command:
/data/chodera/schrodinger/schrodinger2017-4-advanced/jaguar run pka_deprot.bat -jobname SM23_micro044_conf_4 SM23_micro044_conf_4.in -HOST lsf-cpu
Output:
Launching JAGUAR under jobcontrol.
An error has occurred.  Information about the error has been written to 
/home/rustenburg/.schrodinger/exceptions/error20180505-021737.txt 

Please contact help@schrodinger.com for assistance. Include error20180505-021737.txt and a description of what you were doing when the error occurred.

WARNING: Job launch failed for 2/2 times.
% jaguar run pka_deprot.bat -jobname SM23_micro044_conf_4 SM23_micro044_conf_4.in -HOST lsf-cpu
Output
Launch failed: no JobId found.

Command:
/data/chodera/schrodinger/schrodinger2017-4-advanced/jaguar run pka_deprot.bat -jobname SM23_micro044_conf_4 SM23_micro044_conf_4.in -HOST lsf-cpu
Output:
Launching JAGUAR under jobcontrol.
An error has occurred.  Information about the error has been written to 
/home/rustenburg/.schrodinger/exceptions/error20180505-022217.txt 

Please contact help@schrodinger.com for assistance. Include error20180505-022217.txt and a description of what you were doing when the error occurred.

 4  4  2 | fizzled   lt09-1-5aed0cd9 SM23_micro044_conf_1 lsf-cpu [ls07]
ERROR: Subjob 'SM23_micro044_conf_1' has failed after 3 retries.

Last 20 lines of 'SM23_micro044_conf_1.recover':

  ERROR: this job could not be launched.
  
  Launch host: lt09.hpc.private
  Launch directory: /lila/data/chodera/schrodinger/tmpdir/rustenburg/jag_SM23_micro048_SM23_micro044/jag_SM23_micro048_SM23_micro044.workdir
  Launch time: 2018-05-05-01:59:05
  Command line: /data/chodera/schrodinger/schrodinger2017-4-advanced/jaguar run pka_deprot.bat -jobname SM23_micro044_conf_1 SM23_micro044_conf_1.in -HOST lsf-cpu
  
  The following error message was returned:
  Error: in replying to 'JPROXYPORT lilac rustenburg "/data/chodera/schrodinger/schrodinger2017-4-advanced"' - dial tcp lilac:35321: i/o timeout


Last 20 lines of 'SM23_micro044_conf_1.log':

  

Job control errors (from job record):
  ERROR: could not recover job: remote command failed with exit code 127 [remote host: lilac, output: 'ssh_exchange_identification: Connection closed by remote host']
Launch failed: no JobId found.

Command:
/data/chodera/schrodinger/schrodinger2017-4-advanced/jaguar run pka_deprot.bat -jobname SM23_micro044_conf_1 SM23_micro044_conf_1.in -HOST lsf-cpu
Output:
Launching JAGUAR under jobcontrol.
An error has occurred.  Information about the error has been written to 
/home/rustenburg/.schrodinger/exceptions/error20180505-020340.txt 

Please contact help@schrodinger.com for assistance. Include error20180505-020340.txt and a description of what you were doing when the error occurred.

Subjob 'SM23_micro044_conf_5' died (fizzled) [jobid lt09-1-5aed0ce9]
 4  3  3 | fizzled   lt09-1-5aed0ce9 SM23_micro044_conf_5 lsf-cpu [ls16]
WARNING: Job launch failed for 1/2 times.
% jaguar run pka_deprot.bat -jobname SM23_micro044_conf_3 SM23_micro044_conf_3.in -HOST lsf-cpu
Output
Launch failed: no JobId found.

Command:
/data/chodera/schrodinger/schrodinger2017-4-advanced/jaguar run pka_deprot.bat -jobname SM23_micro044_conf_3 SM23_micro044_conf_3.in -HOST lsf-cpu
Output:
Launching JAGUAR under jobcontrol.
An error has occurred.  Information about the error has been written to 
/home/rustenburg/.schrodinger/exceptions/error20180505-022656.txt 

Please contact help@schrodinger.com for assistance. Include error20180505-022656.txt and a description of what you were doing when the error occurred.

WARNING: Job launch failed for 2/2 times.
% jaguar run pka_deprot.bat -jobname SM23_micro044_conf_3 SM23_micro044_conf_3.in -HOST lsf-cpu
Output
Launch failed: no JobId found.

Command:
/data/chodera/schrodinger/schrodinger2017-4-advanced/jaguar run pka_deprot.bat -jobname SM23_micro044_conf_3 SM23_micro044_conf_3.in -HOST lsf-cpu
Output:
Launching JAGUAR under jobcontrol.
An error has occurred.  Information about the error has been written to 
/home/rustenburg/.schrodinger/exceptions/error20180505-023135.txt 

Please contact help@schrodinger.com for assistance. Include error20180505-023135.txt and a description of what you were doing when the error occurred.

WARNING: Job launch failed for 1/2 times.
% jaguar run pka_deprot.bat -jobname SM23_micro044_conf_4 SM23_micro044_conf_4.in -HOST lsf-cpu
Output
Launch failed: no JobId found.

Command:
/data/chodera/schrodinger/schrodinger2017-4-advanced/jaguar run pka_deprot.bat -jobname SM23_micro044_conf_4 SM23_micro044_conf_4.in -HOST lsf-cpu
Output:
Launching JAGUAR under jobcontrol.
An error has occurred.  Information about the error has been written to 
/home/rustenburg/.schrodinger/exceptions/error20180505-023613.txt 

Please contact help@schrodinger.com for assistance. Include error20180505-023613.txt and a description of what you were doing when the error occurred.

WARNING: Job launch failed for 2/2 times.
% jaguar run pka_deprot.bat -jobname SM23_micro044_conf_4 SM23_micro044_conf_4.in -HOST lsf-cpu
Output
Launch failed: no JobId found.

Command:
/data/chodera/schrodinger/schrodinger2017-4-advanced/jaguar run pka_deprot.bat -jobname SM23_micro044_conf_4 SM23_micro044_conf_4.in -HOST lsf-cpu
Output:
Launching JAGUAR under jobcontrol.
An error has occurred.  Information about the error has been written to 
/home/rustenburg/.schrodinger/exceptions/error20180505-024052.txt 

Please contact help@schrodinger.com for assistance. Include error20180505-024052.txt and a description of what you were doing when the error occurred.

WARNING: Job launch failed for 1/2 times.
% jaguar run pka_deprot.bat -jobname SM23_micro044_conf_5 SM23_micro044_conf_5.in -HOST lsf-cpu
Output
Launch failed: no JobId found.

Command:
/data/chodera/schrodinger/schrodinger2017-4-advanced/jaguar run pka_deprot.bat -jobname SM23_micro044_conf_5 SM23_micro044_conf_5.in -HOST lsf-cpu
Output:
Launching JAGUAR under jobcontrol.
An error has occurred.  Information about the error has been written to 
/home/rustenburg/.schrodinger/exceptions/error20180505-024532.txt 

Please contact help@schrodinger.com for assistance. Include error20180505-024532.txt and a description of what you were doing when the error occurred.

WARNING: Job launch failed for 2/2 times.
% jaguar run pka_deprot.bat -jobname SM23_micro044_conf_5 SM23_micro044_conf_5.in -HOST lsf-cpu
Output
Launch failed: no JobId found.

Command:
/data/chodera/schrodinger/schrodinger2017-4-advanced/jaguar run pka_deprot.bat -jobname SM23_micro044_conf_5 SM23_micro044_conf_5.in -HOST lsf-cpu
Output:
Launching JAGUAR under jobcontrol.
An error has occurred.  Information about the error has been written to 
/home/rustenburg/.schrodinger/exceptions/error20180505-025013.txt 

Please contact help@schrodinger.com for assistance. Include error20180505-025013.txt and a description of what you were doing when the error occurred.

 5  3  2 | fizzled   lt09-2-5aed0ce0 SM23_micro044_conf_3 lsf-cpu [ls07]
ERROR: Subjob 'SM23_micro044_conf_3' has failed after 3 retries.

Last 20 lines of 'SM23_micro044_conf_3.log':

  ERROR: this job could not be launched.
  
  Launch host: lt09.hpc.private
  Launch directory: /lila/data/chodera/schrodinger/tmpdir/rustenburg/jag_SM23_micro048_SM23_micro044/jag_SM23_micro048_SM23_micro044.workdir
  Launch time: 2018-05-05-02:27:00
  Command line: /data/chodera/schrodinger/schrodinger2017-4-advanced/jaguar run pka_deprot.bat -jobname SM23_micro044_conf_3 SM23_micro044_conf_3.in -HOST lsf-cpu
  
  The following error message was returned:
  Error: in replying to 'JPROXYPORT lilac rustenburg "/data/chodera/schrodinger/schrodinger2017-4-advanced"' - dial tcp lilac:35321: i/o timeout


Last 20 lines of 'SM23_micro044_conf_3.recover':

  

Job control errors (from job record):
  ERROR: could not recover job: remote command failed with exit code 127 [remote host: lilac, output: 'ssh_exchange_identification: Connection closed by remote host']
Launch failed: no JobId found.

Command:
/data/chodera/schrodinger/schrodinger2017-4-advanced/jaguar run pka_deprot.bat -jobname SM23_micro044_conf_3 SM23_micro044_conf_3.in -HOST lsf-cpu
Output:
Launching JAGUAR under jobcontrol.
An error has occurred.  Information about the error has been written to 
/home/rustenburg/.schrodinger/exceptions/error20180505-023135.txt 

Please contact help@schrodinger.com for assistance. Include error20180505-023135.txt and a description of what you were doing when the error occurred.

WARNING: Job launch failed for 1/2 times.
% jaguar run pka_deprot.bat -jobname SM23_micro044_conf_4 SM23_micro044_conf_4.in -HOST lsf-cpu
Output
Launch failed: no JobId found.

Command:
/data/chodera/schrodinger/schrodinger2017-4-advanced/jaguar run pka_deprot.bat -jobname SM23_micro044_conf_4 SM23_micro044_conf_4.in -HOST lsf-cpu
Output:
Launching JAGUAR under jobcontrol.
An error has occurred.  Information about the error has been written to 
/home/rustenburg/.schrodinger/exceptions/error20180505-025454.txt 

Please contact help@schrodinger.com for assistance. Include error20180505-025454.txt and a description of what you were doing when the error occurred.

WARNING: Job launch failed for 2/2 times.
% jaguar run pka_deprot.bat -jobname SM23_micro044_conf_4 SM23_micro044_conf_4.in -HOST lsf-cpu
Output
Launch failed: no JobId found.

Command:
/data/chodera/schrodinger/schrodinger2017-4-advanced/jaguar run pka_deprot.bat -jobname SM23_micro044_conf_4 SM23_micro044_conf_4.in -HOST lsf-cpu
Output:
Launching JAGUAR under jobcontrol.
An error has occurred.  Information about the error has been written to 
/home/rustenburg/.schrodinger/exceptions/error20180505-025936.txt 

Please contact help@schrodinger.com for assistance. Include error20180505-025936.txt and a description of what you were doing when the error occurred.

WARNING: Job launch failed for 1/2 times.
% jaguar run pka_deprot.bat -jobname SM23_micro044_conf_5 SM23_micro044_conf_5.in -HOST lsf-cpu
Output
Launch failed: no JobId found.

Command:
/data/chodera/schrodinger/schrodinger2017-4-advanced/jaguar run pka_deprot.bat -jobname SM23_micro044_conf_5 SM23_micro044_conf_5.in -HOST lsf-cpu
Output:
Launching JAGUAR under jobcontrol.
An error has occurred.  Information about the error has been written to 
/home/rustenburg/.schrodinger/exceptions/error20180505-030417.txt 

Please contact help@schrodinger.com for assistance. Include error20180505-030417.txt and a description of what you were doing when the error occurred.

WARNING: Job launch failed for 2/2 times.
% jaguar run pka_deprot.bat -jobname SM23_micro044_conf_5 SM23_micro044_conf_5.in -HOST lsf-cpu
Output
Launch failed: no JobId found.

Command:
/data/chodera/schrodinger/schrodinger2017-4-advanced/jaguar run pka_deprot.bat -jobname SM23_micro044_conf_5 SM23_micro044_conf_5.in -HOST lsf-cpu
Output:
Launching JAGUAR under jobcontrol.
An error has occurred.  Information about the error has been written to 
/home/rustenburg/.schrodinger/exceptions/error20180505-030859.txt 

Please contact help@schrodinger.com for assistance. Include error20180505-030859.txt and a description of what you were doing when the error occurred.

 6  3  1 | fizzled   lt09-0-5aed0ce5 SM23_micro044_conf_4 lsf-cpu [ls07]
ERROR: Subjob 'SM23_micro044_conf_4' has failed after 3 retries.

Last 20 lines of 'SM23_micro044_conf_4.recover':

  ERROR: this job could not be launched.
  
  Launch host: lt09.hpc.private
  Launch directory: /lila/data/chodera/schrodinger/tmpdir/rustenburg/jag_SM23_micro048_SM23_micro044/jag_SM23_micro048_SM23_micro044.workdir
  Launch time: 2018-05-05-02:55:02
  Command line: /data/chodera/schrodinger/schrodinger2017-4-advanced/jaguar run pka_deprot.bat -jobname SM23_micro044_conf_4 SM23_micro044_conf_4.in -HOST lsf-cpu
  
  The following error message was returned:
  Error: in replying to 'JPROXYPORT lilac rustenburg "/data/chodera/schrodinger/schrodinger2017-4-advanced"' - dial tcp lilac:35321: i/o timeout


Last 20 lines of 'SM23_micro044_conf_4.log':

  

Job control errors (from job record):
  ERROR: could not recover job: remote command failed with exit code 127 [remote host: lilac, output: 'ssh_exchange_identification: Connection closed by remote host']
Launch failed: no JobId found.

Command:
/data/chodera/schrodinger/schrodinger2017-4-advanced/jaguar run pka_deprot.bat -jobname SM23_micro044_conf_4 SM23_micro044_conf_4.in -HOST lsf-cpu
Output:
Launching JAGUAR under jobcontrol.
An error has occurred.  Information about the error has been written to 
/home/rustenburg/.schrodinger/exceptions/error20180505-025936.txt 

Please contact help@schrodinger.com for assistance. Include error20180505-025936.txt and a description of what you were doing when the error occurred.

Subjob 'SM23_micro048_conf_2' died (fizzled) [jobid lt09-0-5aed0ccb]
 6  2  2 | fizzled   lt09-0-5aed0ccb SM23_micro048_conf_2 lsf-cpu [ls07]
WARNING: Job launch failed for 1/2 times.
% jaguar run pka_prot.bat -jobname SM23_micro048_conf_2 SM23_micro048_conf_2.in -HOST lsf-cpu
Output
Launch failed: no JobId found.

Command:
/data/chodera/schrodinger/schrodinger2017-4-advanced/jaguar run pka_prot.bat -jobname SM23_micro048_conf_2 SM23_micro048_conf_2.in -HOST lsf-cpu
Output:
Launching JAGUAR under jobcontrol.
An error has occurred.  Information about the error has been written to 
/home/rustenburg/.schrodinger/exceptions/error20180505-031342.txt 

Please contact help@schrodinger.com for assistance. Include error20180505-031342.txt and a description of what you were doing when the error occurred.

WARNING: Job launch failed for 2/2 times.
% jaguar run pka_prot.bat -jobname SM23_micro048_conf_2 SM23_micro048_conf_2.in -HOST lsf-cpu
Output
Launch failed: no JobId found.

Command:
/data/chodera/schrodinger/schrodinger2017-4-advanced/jaguar run pka_prot.bat -jobname SM23_micro048_conf_2 SM23_micro048_conf_2.in -HOST lsf-cpu
Output:
Launching JAGUAR under jobcontrol.
An error has occurred.  Information about the error has been written to 
/home/rustenburg/.schrodinger/exceptions/error20180505-031823.txt 

Please contact help@schrodinger.com for assistance. Include error20180505-031823.txt and a description of what you were doing when the error occurred.

WARNING: Job launch failed for 1/2 times.
% jaguar run pka_deprot.bat -jobname SM23_micro044_conf_5 SM23_micro044_conf_5.in -HOST lsf-cpu
Output
Launch failed: no JobId found.

Command:
/data/chodera/schrodinger/schrodinger2017-4-advanced/jaguar run pka_deprot.bat -jobname SM23_micro044_conf_5 SM23_micro044_conf_5.in -HOST lsf-cpu
Output:
Launching JAGUAR under jobcontrol.
An error has occurred.  Information about the error has been written to 
/home/rustenburg/.schrodinger/exceptions/error20180505-032307.txt 

Please contact help@schrodinger.com for assistance. Include error20180505-032307.txt and a description of what you were doing when the error occurred.

WARNING: Job launch failed for 2/2 times.
% jaguar run pka_deprot.bat -jobname SM23_micro044_conf_5 SM23_micro044_conf_5.in -HOST lsf-cpu
Output
Launch failed: no JobId found.

Command:
/data/chodera/schrodinger/schrodinger2017-4-advanced/jaguar run pka_deprot.bat -jobname SM23_micro044_conf_5 SM23_micro044_conf_5.in -HOST lsf-cpu
Output:
Launching JAGUAR under jobcontrol.
An error has occurred.  Information about the error has been written to 
/home/rustenburg/.schrodinger/exceptions/error20180505-032749-3.txt 

Please contact help@schrodinger.com for assistance. Include error20180505-032749-3.txt and a description of what you were doing when the error occurred.

 7  2  1 | fizzled   lt09-1-5aed0ce9 SM23_micro044_conf_5 lsf-cpu [ls16]
ERROR: Subjob 'SM23_micro044_conf_5' has failed after 3 retries.

Last 20 lines of 'SM23_micro044_conf_5.log':

  ERROR: this job could not be launched.
  
  Launch host: lt09.hpc.private
  Launch directory: /lila/data/chodera/schrodinger/tmpdir/rustenburg/jag_SM23_micro048_SM23_micro044/jag_SM23_micro048_SM23_micro044.workdir
  Launch time: 2018-05-05-03:23:15
  Command line: /data/chodera/schrodinger/schrodinger2017-4-advanced/jaguar run pka_deprot.bat -jobname SM23_micro044_conf_5 SM23_micro044_conf_5.in -HOST lsf-cpu
  
  The following error message was returned:
  Error: in replying to 'JPROXYPORT lilac rustenburg "/data/chodera/schrodinger/schrodinger2017-4-advanced"' - dial tcp lilac:35321: i/o timeout


Last 20 lines of 'SM23_micro044_conf_5.recover':

  

Job control errors (from job record):
  ERROR: could not recover job: remote command failed with exit code 127 [remote host: lilac, output: 'ssh_exchange_identification: Connection closed by remote host']
Launch failed: no JobId found.

Command:
/data/chodera/schrodinger/schrodinger2017-4-advanced/jaguar run pka_deprot.bat -jobname SM23_micro044_conf_5 SM23_micro044_conf_5.in -HOST lsf-cpu
Output:
Launching JAGUAR under jobcontrol.
An error has occurred.  Information about the error has been written to 
/home/rustenburg/.schrodinger/exceptions/error20180505-032749-3.txt 

Please contact help@schrodinger.com for assistance. Include error20180505-032749-3.txt and a description of what you were doing when the error occurred.

Subjob 'SM23_micro048_conf_3' died (fizzled) [jobid lt09-0-5aed0ccf]
 7  1  2 | fizzled   lt09-0-5aed0ccf SM23_micro048_conf_3 lsf-cpu [ls07]
WARNING: Job launch failed for 1/2 times.
% jaguar run pka_prot.bat -jobname SM23_micro048_conf_2 SM23_micro048_conf_2.in -HOST lsf-cpu
Output
Launch failed: no JobId found.

Command:
/data/chodera/schrodinger/schrodinger2017-4-advanced/jaguar run pka_prot.bat -jobname SM23_micro048_conf_2 SM23_micro048_conf_2.in -HOST lsf-cpu
Output:
Launching JAGUAR under jobcontrol.
An error has occurred.  Information about the error has been written to 
/home/rustenburg/.schrodinger/exceptions/error20180505-033227.txt 

Please contact help@schrodinger.com for assistance. Include error20180505-033227.txt and a description of what you were doing when the error occurred.

WARNING: Job launch failed for 2/2 times.
% jaguar run pka_prot.bat -jobname SM23_micro048_conf_2 SM23_micro048_conf_2.in -HOST lsf-cpu
Output
Launch failed: no JobId found.

Command:
/data/chodera/schrodinger/schrodinger2017-4-advanced/jaguar run pka_prot.bat -jobname SM23_micro048_conf_2 SM23_micro048_conf_2.in -HOST lsf-cpu
Output:
Launching JAGUAR under jobcontrol.
An error has occurred.  Information about the error has been written to 
/home/rustenburg/.schrodinger/exceptions/error20180505-033709.txt 

Please contact help@schrodinger.com for assistance. Include error20180505-033709.txt and a description of what you were doing when the error occurred.

WARNING: Job launch failed for 1/2 times.
% jaguar run pka_prot.bat -jobname SM23_micro048_conf_3 SM23_micro048_conf_3.in -HOST lsf-cpu
Output
Launch failed: no JobId found.

Command:
/data/chodera/schrodinger/schrodinger2017-4-advanced/jaguar run pka_prot.bat -jobname SM23_micro048_conf_3 SM23_micro048_conf_3.in -HOST lsf-cpu
Output:
Launching JAGUAR under jobcontrol.
An error has occurred.  Information about the error has been written to 
/home/rustenburg/.schrodinger/exceptions/error20180505-034146.txt 

Please contact help@schrodinger.com for assistance. Include error20180505-034146.txt and a description of what you were doing when the error occurred.

WARNING: Job launch failed for 2/2 times.
% jaguar run pka_prot.bat -jobname SM23_micro048_conf_3 SM23_micro048_conf_3.in -HOST lsf-cpu
Output
Launch failed: no JobId found.

Command:
/data/chodera/schrodinger/schrodinger2017-4-advanced/jaguar run pka_prot.bat -jobname SM23_micro048_conf_3 SM23_micro048_conf_3.in -HOST lsf-cpu
Output:
Launching JAGUAR under jobcontrol.
An error has occurred.  Information about the error has been written to 
/home/rustenburg/.schrodinger/exceptions/error20180505-034628.txt 

Please contact help@schrodinger.com for assistance. Include error20180505-034628.txt and a description of what you were doing when the error occurred.

WARNING: Job launch failed for 1/2 times.
% jaguar run pka_prot.bat -jobname SM23_micro048_conf_2 SM23_micro048_conf_2.in -HOST lsf-cpu
Output
Launch failed: no JobId found.

Command:
/data/chodera/schrodinger/schrodinger2017-4-advanced/jaguar run pka_prot.bat -jobname SM23_micro048_conf_2 SM23_micro048_conf_2.in -HOST lsf-cpu
Output:
Launching JAGUAR under jobcontrol.
An error has occurred.  Information about the error has been written to 
/home/rustenburg/.schrodinger/exceptions/error20180505-035110.txt 

Please contact help@schrodinger.com for assistance. Include error20180505-035110.txt and a description of what you were doing when the error occurred.

WARNING: Job launch failed for 2/2 times.
% jaguar run pka_prot.bat -jobname SM23_micro048_conf_2 SM23_micro048_conf_2.in -HOST lsf-cpu
Output
Launch failed: no JobId found.

Command:
/data/chodera/schrodinger/schrodinger2017-4-advanced/jaguar run pka_prot.bat -jobname SM23_micro048_conf_2 SM23_micro048_conf_2.in -HOST lsf-cpu
Output:
Launching JAGUAR under jobcontrol.
An error has occurred.  Information about the error has been written to 
/home/rustenburg/.schrodinger/exceptions/error20180505-035556.txt 

Please contact help@schrodinger.com for assistance. Include error20180505-035556.txt and a description of what you were doing when the error occurred.

WARNING: Job launch failed for 1/2 times.
% jaguar run pka_prot.bat -jobname SM23_micro048_conf_3 SM23_micro048_conf_3.in -HOST lsf-cpu
Output
Launch failed: no JobId found.

Command:
/data/chodera/schrodinger/schrodinger2017-4-advanced/jaguar run pka_prot.bat -jobname SM23_micro048_conf_3 SM23_micro048_conf_3.in -HOST lsf-cpu
Output:
Launching JAGUAR under jobcontrol.
An error has occurred.  Information about the error has been written to 
/home/rustenburg/.schrodinger/exceptions/error20180505-040039.txt 

Please contact help@schrodinger.com for assistance. Include error20180505-040039.txt and a description of what you were doing when the error occurred.

WARNING: Job launch failed for 2/2 times.
% jaguar run pka_prot.bat -jobname SM23_micro048_conf_3 SM23_micro048_conf_3.in -HOST lsf-cpu
Output
Launch failed: no JobId found.

Command:
/data/chodera/schrodinger/schrodinger2017-4-advanced/jaguar run pka_prot.bat -jobname SM23_micro048_conf_3 SM23_micro048_conf_3.in -HOST lsf-cpu
Output:
Launching JAGUAR under jobcontrol.
An error has occurred.  Information about the error has been written to 
/home/rustenburg/.schrodinger/exceptions/error20180505-040518.txt 

Please contact help@schrodinger.com for assistance. Include error20180505-040518.txt and a description of what you were doing when the error occurred.

 8  1  1 | fizzled   lt09-0-5aed0ccb SM23_micro048_conf_2 lsf-cpu [ls07]
ERROR: Subjob 'SM23_micro048_conf_2' has failed after 3 retries.

Last 20 lines of 'SM23_micro048_conf_2.log':

  ERROR: this job could not be launched.
  
  Launch host: lt09.hpc.private
  Launch directory: /lila/data/chodera/schrodinger/tmpdir/rustenburg/jag_SM23_micro048_SM23_micro044/jag_SM23_micro048_SM23_micro044.workdir
  Launch time: 2018-05-05-03:51:21
  Command line: /data/chodera/schrodinger/schrodinger2017-4-advanced/jaguar run pka_prot.bat -jobname SM23_micro048_conf_2 SM23_micro048_conf_2.in -HOST lsf-cpu
  
  The following error message was returned:
  Error: in replying to 'JPROXYPORT lilac rustenburg "/data/chodera/schrodinger/schrodinger2017-4-advanced"' - dial tcp lilac:35321: i/o timeout


Last 20 lines of 'SM23_micro048_conf_2.recover':

  

Job control errors (from job record):
  ERROR: could not recover job: remote command failed with exit code 127 [remote host: lilac, output: 'ssh_exchange_identification: Connection closed by remote host']
Launch failed: no JobId found.

Command:
/data/chodera/schrodinger/schrodinger2017-4-advanced/jaguar run pka_prot.bat -jobname SM23_micro048_conf_2 SM23_micro048_conf_2.in -HOST lsf-cpu
Output:
Launching JAGUAR under jobcontrol.
An error has occurred.  Information about the error has been written to 
/home/rustenburg/.schrodinger/exceptions/error20180505-035556.txt 

Please contact help@schrodinger.com for assistance. Include error20180505-035556.txt and a description of what you were doing when the error occurred.

WARNING: Job launch failed for 1/2 times.
% jaguar run pka_prot.bat -jobname SM23_micro048_conf_3 SM23_micro048_conf_3.in -HOST lsf-cpu
Output
Launch failed: no JobId found.

Command:
/data/chodera/schrodinger/schrodinger2017-4-advanced/jaguar run pka_prot.bat -jobname SM23_micro048_conf_3 SM23_micro048_conf_3.in -HOST lsf-cpu
Output:
Launching JAGUAR under jobcontrol.
An error has occurred.  Information about the error has been written to 
/home/rustenburg/.schrodinger/exceptions/error20180505-041000.txt 

Please contact help@schrodinger.com for assistance. Include error20180505-041000.txt and a description of what you were doing when the error occurred.

WARNING: Job launch failed for 2/2 times.
% jaguar run pka_prot.bat -jobname SM23_micro048_conf_3 SM23_micro048_conf_3.in -HOST lsf-cpu
Output
Launch failed: no JobId found.

Command:
/data/chodera/schrodinger/schrodinger2017-4-advanced/jaguar run pka_prot.bat -jobname SM23_micro048_conf_3 SM23_micro048_conf_3.in -HOST lsf-cpu
Output:
Launching JAGUAR under jobcontrol.
An error has occurred.  Information about the error has been written to 
/home/rustenburg/.schrodinger/exceptions/error20180505-041440.txt 

Please contact help@schrodinger.com for assistance. Include error20180505-041440.txt and a description of what you were doing when the error occurred.

 9  1  0 | fizzled   lt09-0-5aed0ccf SM23_micro048_conf_3 lsf-cpu [ls07]
ERROR: Subjob 'SM23_micro048_conf_3' has failed after 3 retries.

Last 20 lines of 'SM23_micro048_conf_3.recover':

  ERROR: this job could not be launched.
  
  Launch host: lt09.hpc.private
  Launch directory: /lila/data/chodera/schrodinger/tmpdir/rustenburg/jag_SM23_micro048_SM23_micro044/jag_SM23_micro048_SM23_micro044.workdir
  Launch time: 2018-05-05-04:10:06
  Command line: /data/chodera/schrodinger/schrodinger2017-4-advanced/jaguar run pka_prot.bat -jobname SM23_micro048_conf_3 SM23_micro048_conf_3.in -HOST lsf-cpu
  
  The following error message was returned:
  Error: in replying to 'JPROXYPORT lilac rustenburg "/data/chodera/schrodinger/schrodinger2017-4-advanced"' - dial tcp lilac:35321: i/o timeout


Last 20 lines of 'SM23_micro048_conf_3.log':

  

Job control errors (from job record):
  ERROR: could not recover job: remote command failed with exit code 127 [remote host: lilac, output: 'ssh_exchange_identification: Connection closed by remote host']
Launch failed: no JobId found.

Command:
/data/chodera/schrodinger/schrodinger2017-4-advanced/jaguar run pka_prot.bat -jobname SM23_micro048_conf_3 SM23_micro048_conf_3.in -HOST lsf-cpu
Output:
Launching JAGUAR under jobcontrol.
An error has occurred.  Information about the error has been written to 
/home/rustenburg/.schrodinger/exceptions/error20180505-041440.txt 

Please contact help@schrodinger.com for assistance. Include error20180505-041440.txt and a description of what you were doing when the error occurred.

10  0  0 | finished  lt09-0-5aed0cc8 SM23_micro048_conf_1 localhost [lt09]

All jobs have completed.

1 of 10 job(s) succeeded; 9 job(s) failed.

Timer (distribute subjobs) : 24338.99 secs (6 hrs, 45 mins, 38 secs)

Processing QM output files...

Executing subprocess:
/data/chodera/schrodinger/schrodinger2017-4-advanced/jaguar results -energy SM23_micro048_conf_1.nrg_h.out

Executing subprocess:
/data/chodera/schrodinger/schrodinger2017-4-advanced/jaguar results -esolv SM23_micro048_conf_1.sol_h.out

Executing subprocess:
/data/chodera/schrodinger/schrodinger2017-4-advanced/jaguar results -energy SM23_micro048_conf_2.nrg_h.out

  Results command failed: "/data/chodera/schrodinger/schrodinger2017-4-advanced/jaguar results -energy SM23_micro048_conf_2.nrg_h.out"

An error has occurred.  Information about the error has been written to 
/home/rustenburg/.schrodinger/exceptions/error20180505-043128.txt 

Please contact help@schrodinger.com for assistance. Include error20180505-043128.txt and a description of what you were doing when the error occurred.
