Taking protonated structures from:
SM18_micro003_conf_1.dft_h.01.mae
SM18_micro003_conf_2.dft_h.01.mae
SM18_micro003_conf_3.dft_h.01.mae
SM18_micro003_conf_4.dft_h.01.mae
SM18_micro003_conf_5.dft_h.01.mae
Taking deprotonated structures from:
SM18_micro020_conf_1.dft.01.mae
SM18_micro020_conf_2.dft.01.mae
SM18_micro020_conf_3.dft.01.mae
SM18_micro020_conf_4.dft.01.mae
SM18_micro020_conf_5.dft.01.mae

Corrected results for 'protonated' structure in water:
pKa atom: 32

 # 	           Shell           	 pKa 	RMSD	 Contribution
---	---------------------------	-----	-----	--------------
1: 	thiazole/benzothiazole     	 4.67	0.647	    95.26%
2: 	heterocycle                	 5.56	0.837	     4.30%
3: 	Protonation of generic atom	 5.73	2.264	     0.44%

 Final weighted pKa value is 4.72



