Command:    jaguar run pka.py -jobname jag_SM18_micro005_SM18_micro049 -PARALLEL 10 -WAIT -n -csrch -prot SM18_micro005.in -deprot SM18_micro049.in
Release:    2017-4
Exec:       /data/chodera/schrodinger/schrodinger2017-4-advanced/jaguar-v9.8/bin/Linux-x86_64
Host:       lt08
JobId:      lt08-0-5af456cf
JobDir:     /lila/data/chodera/schrodinger/tmpdir/rustenburg/jag_SM18_micro005_SM18_micro049.1
Date:       Thu May 10 10:27:29 2018

Contents of /lila/data/chodera/schrodinger/tmpdir/rustenburg/jag_SM18_micro005_SM18_micro049.1:
/lila/data/chodera/schrodinger/tmpdir/rustenburg/jag_SM18_micro005_SM18_micro049.1/SM18_micro005.mae
/lila/data/chodera/schrodinger/tmpdir/rustenburg/jag_SM18_micro005_SM18_micro049.1/SM18_micro049.mae
/lila/data/chodera/schrodinger/tmpdir/rustenburg/jag_SM18_micro005_SM18_micro049.1/jag_SM18_micro005_SM18_micro049.recover
/lila/data/chodera/schrodinger/tmpdir/rustenburg/jag_SM18_micro005_SM18_micro049.1/jag_SM18_micro005_SM18_micro049.log
/lila/data/chodera/schrodinger/tmpdir/rustenburg/jag_SM18_micro005_SM18_micro049.1/lt08-0-5af456cf
/lila/data/chodera/schrodinger/tmpdir/rustenburg/jag_SM18_micro005_SM18_micro049.1/SM18_micro005.in
/lila/data/chodera/schrodinger/tmpdir/rustenburg/jag_SM18_micro005_SM18_micro049.1/lt08-0-5af456cf.recover
/lila/data/chodera/schrodinger/tmpdir/rustenburg/jag_SM18_micro005_SM18_micro049.1/lt08-0-5af456cf.mpinodes
/lila/data/chodera/schrodinger/tmpdir/rustenburg/jag_SM18_micro005_SM18_micro049.1/SM18_micro049.in

=====================
 Jaguar pKa workflow
=====================

Analysing user-provided (prot, deprot) pair:
(SM18_micro005.in, SM18_micro049.in)
Found labile hydrogen 31 in SM18_micro005.in
Found labile hydrogen at atom 11 in SM18_micro049.in
Adding 'ipkat' keyword to input files.

Identifying pKa functional group for pair:
(SM18_micro005, SM18_micro049)

Executing subprocess:
/data/chodera/schrodinger/schrodinger2017-4-advanced/jaguar-v9.8/bin/Linux-x86_64/pka -i -j SM18_micro005.tmp.jres -n

Taking protonated structures from:
SM18_micro005.mae
Taking deprotonated structures from:
SM18_micro049.mae

This molecule from 'SM18_micro005.mae' in water was recognized as:

 # 	           Shell           
---	---------------------------
1: 	Protonation of generic atom


Executing conformational search...

Executing 2 distributed subjobs:
---------------------------------

No more than 8 cpu(s) will be used per subjob.
No more than 10 cpu(s) will be used simultaneously.

Processing the following subjobs:
(1) jaguar run csrch.py SM18_micro005.mae -jobname SM18_micro005 -max_conf 5 -erg_window 50.208 -acc_level 1 -TPP 5
(2) jaguar run csrch.py SM18_micro049.mae -jobname SM18_micro049 -max_conf 5 -erg_window 50.208 -acc_level 1 -TPP 5

Running subjobs on hosts:
  localhost (Max: 2)
Number of jobs:       2
Max retries per job:  3
Max allowed failures: unlimited
Run with -LOCAL:      False
Verbosity:            normal

Starting JobDJ...

Keep one job on driver host: False
JobDJ columns:
  C: Number of completed subjobs
  A: Number of active subjobs (e.g., submitted, running)
  W: Number of waiting/pending subjobs

C A W | Activity  JobId  JobName  JobHost
- - - | --------- -----------------------
0 1 1 | launched  lt08-0-5af456d6 SM18_micro005 localhost [lt08]
0 2 0 | launched  lt08-0-5af456d9 SM18_micro049 localhost [lt08]
1 1 0 | finished  lt08-0-5af456d9 SM18_micro049 localhost [lt08]
2 0 0 | finished  lt08-0-5af456d6 SM18_micro005 localhost [lt08]

All jobs have completed.

2 of 2 job(s) succeeded; 0 job(s) failed.

Timer (distribute subjobs) : 7904.02 secs (2 hrs, 11 mins, 44 secs)

Setting up QM workflow for (protonated, deprotonated) pair:
(1) (SM18_micro005, SM18_micro049)

Executing Jaguar quantum-mechanical subjobs...

Executing 10 distributed subjobs:
----------------------------------

No more than 8 cpu(s) will be used per subjob.
No more than 10 cpu(s) will be used simultaneously.

Processing the following subjobs:
(1) jaguar run pka_prot.bat -jobname SM18_micro005_conf_1 SM18_micro005_conf_1.in
(2) jaguar run pka_prot.bat -jobname SM18_micro005_conf_2 SM18_micro005_conf_2.in
(3) jaguar run pka_prot.bat -jobname SM18_micro005_conf_3 SM18_micro005_conf_3.in
(4) jaguar run pka_prot.bat -jobname SM18_micro005_conf_4 SM18_micro005_conf_4.in
(5) jaguar run pka_prot.bat -jobname SM18_micro005_conf_5 SM18_micro005_conf_5.in
(6) jaguar run pka_deprot.bat -jobname SM18_micro049_conf_1 SM18_micro049_conf_1.in
(7) jaguar run pka_deprot.bat -jobname SM18_micro049_conf_2 SM18_micro049_conf_2.in
(8) jaguar run pka_deprot.bat -jobname SM18_micro049_conf_3 SM18_micro049_conf_3.in
(9) jaguar run pka_deprot.bat -jobname SM18_micro049_conf_4 SM18_micro049_conf_4.in
(10) jaguar run pka_deprot.bat -jobname SM18_micro049_conf_5 SM18_micro049_conf_5.in

Running subjobs on hosts:
  localhost (Max: 10)
Number of jobs:       10
Max retries per job:  3
Max allowed failures: unlimited
Run with -LOCAL:      False
Verbosity:            normal

Starting JobDJ...

Keep one job on driver host: False
JobDJ columns:
  C: Number of completed subjobs
  A: Number of active subjobs (e.g., submitted, running)
  W: Number of waiting/pending subjobs

 C  A  W | Activity  JobId  JobName  JobHost
-- -- -- | --------- -----------------------
 0  1  9 | launched  lt08-0-5af475e1 SM18_micro005_conf_1 localhost [lt08]
 0  2  8 | launched  lt08-0-5af47601 SM18_micro005_conf_2 localhost [lt08]
 0  3  7 | launched  lt08-1-5af47633 SM18_micro005_conf_3 localhost [lt08]
 0  4  6 | launched  lt08-1-5af47643 SM18_micro005_conf_4 localhost [lt08]
 0  5  5 | launched  lt08-0-5af47688 SM18_micro005_conf_5 localhost [lt08]
 0  6  4 | launched  lt08-0-5af476ae SM18_micro049_conf_1 localhost [lt08]
 0  7  3 | launched  lt08-0-5af476d9 SM18_micro049_conf_2 localhost [lt08]
 0  8  2 | launched  lt08-0-5af476fd SM18_micro049_conf_3 localhost [lt08]
 0  9  1 | launched  lt08-0-5af4771b SM18_micro049_conf_4 localhost [lt08]
 0 10  0 | launched  lt08-0-5af47731 SM18_micro049_conf_5 localhost [lt08]
