Taking protonated structures from:
SM05_micro010_conf_1.dft_h.01.mae
SM05_micro010_conf_2.dft_h.01.mae
SM05_micro010_conf_3.dft_h.01.mae
SM05_micro010_conf_4.dft_h.01.mae
SM05_micro010_conf_5.dft_h.01.mae
Taking deprotonated structures from:
SM05_micro006_conf_1.dft.01.mae
SM05_micro006_conf_2.dft.01.mae
SM05_micro006_conf_3.dft.01.mae
SM05_micro006_conf_4.dft.01.mae
SM05_micro006_conf_5.dft.01.mae

Corrected results for 'protonated' structure in water:
pKa atom: 37

 # 	                  Shell                   	 pKa 	RMSD	 Contribution
---	------------------------------------------	-----	-----	--------------
1: 	amide as acid                             	 5.56	0.903	    96.41%
2: 	Protonation of sp2-like aliphatic nitrogen	 5.29	1.751	     2.44%
3: 	Protonation of generic atom               	 5.73	2.264	     1.14%

 Final weighted pKa value is 5.56



