Command:    jaguar run pka.py -jobname jag_SM10_micro026_SM10_micro009 -PARALLEL 10 -n -csrch -prot SM10_micro026.in -deprot SM10_micro009.in
Release:    2017-4
Exec:       /data/chodera/schrodinger/schrodinger2017-4-advanced/jaguar-v9.8/bin/Linux-x86_64
Host:       ls14
JobId:      lilac-0-5aec8125
JobDir:     /lila/data/chodera/schrodinger/tmpdir/rustenburg/jag_SM10_micro026_SM10_micro009
Date:       Fri May  4 11:57:49 2018

Contents of /lila/data/chodera/schrodinger/tmpdir/rustenburg/jag_SM10_micro026_SM10_micro009:
/lila/data/chodera/schrodinger/tmpdir/rustenburg/jag_SM10_micro026_SM10_micro009/SM10_micro026.mae
/lila/data/chodera/schrodinger/tmpdir/rustenburg/jag_SM10_micro026_SM10_micro009/lilac-0-5aec8125.nodes
/lila/data/chodera/schrodinger/tmpdir/rustenburg/jag_SM10_micro026_SM10_micro009/lilac-0-5aec8125.hosts
/lila/data/chodera/schrodinger/tmpdir/rustenburg/jag_SM10_micro026_SM10_micro009/lilac-0-5aec8125.mpinodes
/lila/data/chodera/schrodinger/tmpdir/rustenburg/jag_SM10_micro026_SM10_micro009/SM10_micro009.mae
/lila/data/chodera/schrodinger/tmpdir/rustenburg/jag_SM10_micro026_SM10_micro009/SM10_micro026.in
/lila/data/chodera/schrodinger/tmpdir/rustenburg/jag_SM10_micro026_SM10_micro009/jag_SM10_micro026_SM10_micro009.recover
/lila/data/chodera/schrodinger/tmpdir/rustenburg/jag_SM10_micro026_SM10_micro009/lilac-0-5aec8125
/lila/data/chodera/schrodinger/tmpdir/rustenburg/jag_SM10_micro026_SM10_micro009/SM10_micro009.in
/lila/data/chodera/schrodinger/tmpdir/rustenburg/jag_SM10_micro026_SM10_micro009/lilac-0-5aec8125.jlog
/lila/data/chodera/schrodinger/tmpdir/rustenburg/jag_SM10_micro026_SM10_micro009/jag_SM10_micro026_SM10_micro009.log
/lila/data/chodera/schrodinger/tmpdir/rustenburg/jag_SM10_micro026_SM10_micro009/lilac-0-5aec8125.recover

=====================
 Jaguar pKa workflow
=====================

Analysing user-provided (prot, deprot) pair:
(SM10_micro026.in, SM10_micro009.in)
Error: heavy atoms are different in input files:
SM10_micro026.in
SM10_micro009.in


An error has occurred.  Information about the error has been written to 
/home/rustenburg/.schrodinger/exceptions/error20180504-115749-1.txt 

Please contact help@schrodinger.com for assistance. Include error20180504-115749-1.txt and a description of what you were doing when the error occurred.
