Command:    jaguar run pka.py -jobname jag_SM24_micro004_SM24_micro006 -PARALLEL 10 -WAIT -n -csrch -prot SM24_micro004.in -deprot SM24_micro006.in
Release:    2017-4
Exec:       /data/chodera/schrodinger/schrodinger2017-4-advanced/jaguar-v9.8/bin/Linux-x86_64
Host:       ls04
JobId:      ls04-0-5af47601
JobDir:     /lila/data/chodera/schrodinger/tmpdir/rustenburg/jag_SM24_micro004_SM24_micro006.1
Date:       Thu May 10 12:41:03 2018

Contents of /lila/data/chodera/schrodinger/tmpdir/rustenburg/jag_SM24_micro004_SM24_micro006.1:
/lila/data/chodera/schrodinger/tmpdir/rustenburg/jag_SM24_micro004_SM24_micro006.1/jag_SM24_micro004_SM24_micro006.recover
/lila/data/chodera/schrodinger/tmpdir/rustenburg/jag_SM24_micro004_SM24_micro006.1/jag_SM24_micro004_SM24_micro006.log
/lila/data/chodera/schrodinger/tmpdir/rustenburg/jag_SM24_micro004_SM24_micro006.1/ls04-0-5af47601.mpinodes
/lila/data/chodera/schrodinger/tmpdir/rustenburg/jag_SM24_micro004_SM24_micro006.1/SM24_micro006.in
/lila/data/chodera/schrodinger/tmpdir/rustenburg/jag_SM24_micro004_SM24_micro006.1/ls04-0-5af47601.recover
/lila/data/chodera/schrodinger/tmpdir/rustenburg/jag_SM24_micro004_SM24_micro006.1/SM24_micro004.mae
/lila/data/chodera/schrodinger/tmpdir/rustenburg/jag_SM24_micro004_SM24_micro006.1/ls04-0-5af47601
/lila/data/chodera/schrodinger/tmpdir/rustenburg/jag_SM24_micro004_SM24_micro006.1/SM24_micro004.in
/lila/data/chodera/schrodinger/tmpdir/rustenburg/jag_SM24_micro004_SM24_micro006.1/SM24_micro006.mae

=====================
 Jaguar pKa workflow
=====================

Analysing user-provided (prot, deprot) pair:
(SM24_micro004.in, SM24_micro006.in)
Found labile hydrogen 30 in SM24_micro004.in
Found labile hydrogen at atom 29 in SM24_micro006.in
Adding 'ipkat' keyword to input files.

Identifying pKa functional group for pair:
(SM24_micro004, SM24_micro006)

Executing subprocess:
/data/chodera/schrodinger/schrodinger2017-4-advanced/jaguar-v9.8/bin/Linux-x86_64/pka -i -j SM24_micro004.tmp.jres -n

Taking protonated structures from:
SM24_micro004.mae
Taking deprotonated structures from:
SM24_micro006.mae

This molecule from 'SM24_micro004.mae' in water was recognized as:

 # 	           Shell           
---	---------------------------
1: 	Ether                      
2: 	Protonation of generic atom


Executing conformational search...

Executing 2 distributed subjobs:
---------------------------------

No more than 8 cpu(s) will be used per subjob.
No more than 10 cpu(s) will be used simultaneously.

Processing the following subjobs:
(1) jaguar run csrch.py SM24_micro004.mae -jobname SM24_micro004 -max_conf 5 -erg_window 50.208 -acc_level 1 -TPP 5
(2) jaguar run csrch.py SM24_micro006.mae -jobname SM24_micro006 -max_conf 5 -erg_window 50.208 -acc_level 1 -TPP 5

Running subjobs on hosts:
  localhost (Max: 2)
Number of jobs:       2
Max retries per job:  3
Max allowed failures: unlimited
Run with -LOCAL:      False
Verbosity:            normal

Starting JobDJ...

Keep one job on driver host: False
JobDJ columns:
  C: Number of completed subjobs
  A: Number of active subjobs (e.g., submitted, running)
  W: Number of waiting/pending subjobs

C A W | Activity  JobId  JobName  JobHost
- - - | --------- -----------------------
0 1 1 | launched  ls04-0-5af47631 SM24_micro004 localhost [ls04]
0 2 0 | launched  ls04-0-5af4764d SM24_micro006 localhost [ls04]
1 1 0 | finished  ls04-0-5af47631 SM24_micro004 localhost [ls04]
2 0 0 | finished  ls04-0-5af4764d SM24_micro006 localhost [ls04]

All jobs have completed.

2 of 2 job(s) succeeded; 0 job(s) failed.

Timer (distribute subjobs) : 3134.69 secs (0 hrs, 52 mins, 14 secs)

Setting up QM workflow for (protonated, deprotonated) pair:
(1) (SM24_micro004, SM24_micro006)

Executing Jaguar quantum-mechanical subjobs...

Executing 10 distributed subjobs:
----------------------------------

No more than 8 cpu(s) will be used per subjob.
No more than 10 cpu(s) will be used simultaneously.

Processing the following subjobs:
(1) jaguar run pka_prot.bat -jobname SM24_micro004_conf_1 SM24_micro004_conf_1.in
(2) jaguar run pka_prot.bat -jobname SM24_micro004_conf_2 SM24_micro004_conf_2.in
(3) jaguar run pka_prot.bat -jobname SM24_micro004_conf_3 SM24_micro004_conf_3.in
(4) jaguar run pka_prot.bat -jobname SM24_micro004_conf_4 SM24_micro004_conf_4.in
(5) jaguar run pka_prot.bat -jobname SM24_micro004_conf_5 SM24_micro004_conf_5.in
(6) jaguar run pka_deprot.bat -jobname SM24_micro006_conf_1 SM24_micro006_conf_1.in
(7) jaguar run pka_deprot.bat -jobname SM24_micro006_conf_2 SM24_micro006_conf_2.in
(8) jaguar run pka_deprot.bat -jobname SM24_micro006_conf_3 SM24_micro006_conf_3.in
(9) jaguar run pka_deprot.bat -jobname SM24_micro006_conf_4 SM24_micro006_conf_4.in
(10) jaguar run pka_deprot.bat -jobname SM24_micro006_conf_5 SM24_micro006_conf_5.in

Running subjobs on hosts:
  localhost (Max: 10)
Number of jobs:       10
Max retries per job:  3
Max allowed failures: unlimited
Run with -LOCAL:      False
Verbosity:            normal

Starting JobDJ...

Keep one job on driver host: False
JobDJ columns:
  C: Number of completed subjobs
  A: Number of active subjobs (e.g., submitted, running)
  W: Number of waiting/pending subjobs

 C  A  W | Activity  JobId  JobName  JobHost
-- -- -- | --------- -----------------------
 0  1  9 | launched  ls04-3-5af4829d SM24_micro004_conf_1 localhost [ls04]
 0  2  8 | launched  ls04-1-5af482c2 SM24_micro004_conf_2 localhost [ls04]
 0  3  7 | launched  ls04-0-5af482c8 SM24_micro004_conf_3 localhost [ls04]
 0  4  6 | launched  ls04-0-5af482cd SM24_micro004_conf_4 localhost [ls04]
 0  5  5 | launched  ls04-1-5af482e3 SM24_micro004_conf_5 localhost [ls04]
 0  6  4 | launched  ls04-0-5af482e8 SM24_micro006_conf_1 localhost [ls04]
 0  7  3 | launched  ls04-1-5af482eb SM24_micro006_conf_2 localhost [ls04]
 0  8  2 | launched  ls04-1-5af482ef SM24_micro006_conf_3 localhost [ls04]
 0  9  1 | launched  ls04-0-5af482f4 SM24_micro006_conf_4 localhost [ls04]
 0 10  0 | launched  ls04-1-5af48313 SM24_micro006_conf_5 localhost [ls04]
