Taking protonated structures from:
SM07_micro007_conf_1.dft_h.01.mae
SM07_micro007_conf_2.dft_h.01.mae
SM07_micro007_conf_3.dft_h.01.mae
SM07_micro007_conf_4.dft_h.01.mae
SM07_micro007_conf_5.dft_h.01.mae
Taking deprotonated structures from:
SM07_micro003_conf_1.dft.01.mae
SM07_micro003_conf_2.dft.01.mae
SM07_micro003_conf_3.dft.01.mae
SM07_micro003_conf_4.dft.01.mae
SM07_micro003_conf_5.dft.01.mae

Corrected results for 'protonated' structure in water:
pKa atom: 27

 # 	                  Shell                   	 pKa 	RMSD	 Contribution
---	------------------------------------------	-----	-----	--------------
1: 	RN=Het                                    	10.16	0.551	     0.01%
2: 	Protonation of sp2-like aliphatic nitrogen	 7.85	1.751	    76.96%
3: 	Protonation of generic atom               	 8.03	2.264	    23.03%

 Final weighted pKa value is 7.89



