Taking protonated structures from:
SM18_micro010_conf_1.dft_h.01.mae
SM18_micro010_conf_2.dft_h.01.mae
SM18_micro010_conf_3.dft_h.01.mae
SM18_micro010_conf_4.dft_h.01.mae
SM18_micro010_conf_5.dft_h.01.mae
Taking deprotonated structures from:
SM18_micro009_conf_1.dft.01.mae
SM18_micro009_conf_2.dft.01.mae
SM18_micro009_conf_3.dft.01.mae
SM18_micro009_conf_4.dft.01.mae
SM18_micro009_conf_5.dft.01.mae

Corrected results for 'protonated' structure in water:
pKa atom: 32

 # 	                  Shell                   	 pKa 	RMSD	 Contribution
---	------------------------------------------	-----	-----	--------------
1: 	imine                                     	-0.58	0.895	     0.00%
2: 	Protonation of sp2-like aliphatic nitrogen	-1.18	1.751	    24.80%
3: 	Protonation of generic atom               	-0.13	2.264	    75.20%

 Final weighted pKa value is -0.39



