Command:    jaguar run pka.py -jobname jag_SM19_micro019_SM19_micro007 -PARALLEL 10 -n -csrch -prot SM19_micro019.in -deprot SM19_micro007.in
Release:    2017-4
Exec:       /data/chodera/schrodinger/schrodinger2017-4-advanced/jaguar-v9.8/bin/Linux-x86_64
Host:       lt21
JobId:      lilac-0-5aecc1d6
JobDir:     /lila/data/chodera/schrodinger/tmpdir/rustenburg/jag_SM19_micro019_SM19_micro007
Date:       Fri May  4 16:53:23 2018

Contents of /lila/data/chodera/schrodinger/tmpdir/rustenburg/jag_SM19_micro019_SM19_micro007:
/lila/data/chodera/schrodinger/tmpdir/rustenburg/jag_SM19_micro019_SM19_micro007/lilac-0-5aecc1d6.nodes
/lila/data/chodera/schrodinger/tmpdir/rustenburg/jag_SM19_micro019_SM19_micro007/lilac-0-5aecc1d6
/lila/data/chodera/schrodinger/tmpdir/rustenburg/jag_SM19_micro019_SM19_micro007/lilac-0-5aecc1d6.hosts
/lila/data/chodera/schrodinger/tmpdir/rustenburg/jag_SM19_micro019_SM19_micro007/SM19_micro007.mae
/lila/data/chodera/schrodinger/tmpdir/rustenburg/jag_SM19_micro019_SM19_micro007/SM19_micro007.in
/lila/data/chodera/schrodinger/tmpdir/rustenburg/jag_SM19_micro019_SM19_micro007/lilac-0-5aecc1d6.recover
/lila/data/chodera/schrodinger/tmpdir/rustenburg/jag_SM19_micro019_SM19_micro007/jag_SM19_micro019_SM19_micro007.log
/lila/data/chodera/schrodinger/tmpdir/rustenburg/jag_SM19_micro019_SM19_micro007/jag_SM19_micro019_SM19_micro007.recover
/lila/data/chodera/schrodinger/tmpdir/rustenburg/jag_SM19_micro019_SM19_micro007/lilac-0-5aecc1d6.mpinodes
/lila/data/chodera/schrodinger/tmpdir/rustenburg/jag_SM19_micro019_SM19_micro007/SM19_micro019.mae
/lila/data/chodera/schrodinger/tmpdir/rustenburg/jag_SM19_micro019_SM19_micro007/SM19_micro019.in
/lila/data/chodera/schrodinger/tmpdir/rustenburg/jag_SM19_micro019_SM19_micro007/lilac-0-5aecc1d6.jlog

=====================
 Jaguar pKa workflow
=====================

Analysing user-provided (prot, deprot) pair:
(SM19_micro019.in, SM19_micro007.in)
Found labile hydrogen 25 in SM19_micro019.in
Found labile hydrogen at atom 15 in SM19_micro007.in
Adding 'ipkat' keyword to input files.

Identifying pKa functional group for pair:
(SM19_micro019, SM19_micro007)

Executing subprocess:
/data/chodera/schrodinger/schrodinger2017-4-advanced/jaguar-v9.8/bin/Linux-x86_64/pka -i -j SM19_micro019.tmp.jres -n

Taking protonated structures from:
SM19_micro019.mae
Taking deprotonated structures from:
SM19_micro007.mae

This molecule from 'SM19_micro019.mae' in water was recognized as:

 # 	            Shell             
---	------------------------------
1: 	amide as base                 
2: 	Protonation of generic atom   
3: 	Protonation of sp2-like oxygen


Executing conformational search...

Executing 2 distributed subjobs:
---------------------------------

No more than 8 cpu(s) will be used per subjob.
No more than 10 cpu(s) will be used simultaneously.

Processing the following subjobs:
(1) jaguar run csrch.py SM19_micro019.mae -jobname SM19_micro019 -max_conf 5 -erg_window 50.208 -acc_level 1 -TPP 5
(2) jaguar run csrch.py SM19_micro007.mae -jobname SM19_micro007 -max_conf 5 -erg_window 50.208 -acc_level 1 -TPP 5

Running subjobs on hosts:
  lsf-cpu (Max: 2)
Number of jobs:       2
Max retries per job:  3
Max allowed failures: unlimited
Run with -LOCAL:      False
Verbosity:            normal

Starting JobDJ...

Keep one job on driver host: False
JobDJ columns:
  C: Number of completed subjobs
  A: Number of active subjobs (e.g., submitted, running)
  W: Number of waiting/pending subjobs

C A W | Activity  JobId  JobName  JobHost
- - - | --------- -----------------------
0 1 1 | launched  lt21-0-5aecc848 SM19_micro019 lsf-cpu
0 2 0 | launched  lt21-0-5aecc84c SM19_micro007 lsf-cpu
1 1 0 | finished  lt21-0-5aecc848 SM19_micro019 lsf-cpu [lt21]
2 0 0 | finished  lt21-0-5aecc84c SM19_micro007 lsf-cpu [ls17]

All jobs have completed.

2 of 2 job(s) succeeded; 0 job(s) failed.

Timer (distribute subjobs) : 8710.05 secs (2 hrs, 25 mins, 10 secs)

Setting up QM workflow for (protonated, deprotonated) pair:
(1) (SM19_micro019, SM19_micro007)

Executing Jaguar quantum-mechanical subjobs...

Executing 10 distributed subjobs:
----------------------------------

No more than 8 cpu(s) will be used per subjob.
No more than 10 cpu(s) will be used simultaneously.

Processing the following subjobs:
(1) jaguar run pka_prot.bat -jobname SM19_micro019_conf_1 SM19_micro019_conf_1.in
(2) jaguar run pka_prot.bat -jobname SM19_micro019_conf_2 SM19_micro019_conf_2.in
(3) jaguar run pka_prot.bat -jobname SM19_micro019_conf_3 SM19_micro019_conf_3.in
(4) jaguar run pka_prot.bat -jobname SM19_micro019_conf_4 SM19_micro019_conf_4.in
(5) jaguar run pka_prot.bat -jobname SM19_micro019_conf_5 SM19_micro019_conf_5.in
(6) jaguar run pka_deprot.bat -jobname SM19_micro007_conf_1 SM19_micro007_conf_1.in
(7) jaguar run pka_deprot.bat -jobname SM19_micro007_conf_2 SM19_micro007_conf_2.in
(8) jaguar run pka_deprot.bat -jobname SM19_micro007_conf_3 SM19_micro007_conf_3.in
(9) jaguar run pka_deprot.bat -jobname SM19_micro007_conf_4 SM19_micro007_conf_4.in
(10) jaguar run pka_deprot.bat -jobname SM19_micro007_conf_5 SM19_micro007_conf_5.in

Running subjobs on hosts:
  lsf-cpu (Max: 10)
Number of jobs:       10
Max retries per job:  3
Max allowed failures: unlimited
Run with -LOCAL:      False
Verbosity:            normal

Starting JobDJ...

Keep one job on driver host: True
JobDJ columns:
  C: Number of completed subjobs
  A: Number of active subjobs (e.g., submitted, running)
  W: Number of waiting/pending subjobs

 C  A  W | Activity  JobId  JobName  JobHost
-- -- -- | --------- -----------------------
 0  1  9 | launched  lt21-0-5aecea5a SM19_micro019_conf_1 localhost [lt21]
 0  2  8 | launched  lt21-1-5aecea61 SM19_micro019_conf_2 lsf-cpu
 0  3  7 | launched  lt21-0-5aecea68 SM19_micro019_conf_3 lsf-cpu
 0  4  6 | launched  lt21-0-5aecea6f SM19_micro019_conf_4 lsf-cpu
 0  5  5 | launched  lt21-0-5aecea75 SM19_micro019_conf_5 lsf-cpu
 0  6  4 | launched  lt21-1-5aecea7b SM19_micro007_conf_1 lsf-cpu
 0  7  3 | launched  lt21-1-5aecea81 SM19_micro007_conf_2 lsf-cpu
 0  8  2 | launched  lt21-0-5aecea87 SM19_micro007_conf_3 lsf-cpu
 0  9  1 | launched  lt21-0-5aecea8d SM19_micro007_conf_4 lsf-cpu
 0 10  0 | launched  lt21-0-5aecea93 SM19_micro007_conf_5 lsf-cpu
 1  9  0 | finished  lt21-1-5aecea81 SM19_micro007_conf_2 lsf-cpu [ls01]
 2  8  0 | finished  lt21-1-5aecea61 SM19_micro019_conf_2 lsf-cpu [lt11]
 3  7  0 | finished  lt21-0-5aecea68 SM19_micro019_conf_3 lsf-cpu [ls11]
 4  6  0 | finished  lt21-0-5aecea5a SM19_micro019_conf_1 localhost [lt21]
 5  5  0 | finished  lt21-0-5aecea87 SM19_micro007_conf_3 lsf-cpu [ls18]
 6  4  0 | finished  lt21-1-5aecea7b SM19_micro007_conf_1 lsf-cpu [lt22]
 7  3  0 | finished  lt21-0-5aecea6f SM19_micro019_conf_4 lsf-cpu [ls10]
 8  2  0 | finished  lt21-0-5aecea75 SM19_micro019_conf_5 lsf-cpu [ls10]
 9  1  0 | finished  lt21-0-5aecea93 SM19_micro007_conf_5 lsf-cpu [ls09]
10  0  0 | finished  lt21-0-5aecea8d SM19_micro007_conf_4 lsf-cpu [lt16]

All jobs have completed.

10 of 10 job(s) succeeded; 0 job(s) failed.

Timer (distribute subjobs) : 7095.25 secs (1 hrs, 58 mins, 15 secs)

Processing QM output files...

Executing subprocess:
/data/chodera/schrodinger/schrodinger2017-4-advanced/jaguar results -energy SM19_micro019_conf_1.nrg_h.out

Executing subprocess:
/data/chodera/schrodinger/schrodinger2017-4-advanced/jaguar results -esolv SM19_micro019_conf_1.sol_h.out

Executing subprocess:
/data/chodera/schrodinger/schrodinger2017-4-advanced/jaguar results -energy SM19_micro019_conf_2.nrg_h.out

Executing subprocess:
/data/chodera/schrodinger/schrodinger2017-4-advanced/jaguar results -esolv SM19_micro019_conf_2.sol_h.out

Executing subprocess:
/data/chodera/schrodinger/schrodinger2017-4-advanced/jaguar results -energy SM19_micro019_conf_3.nrg_h.out

Executing subprocess:
/data/chodera/schrodinger/schrodinger2017-4-advanced/jaguar results -esolv SM19_micro019_conf_3.sol_h.out

Executing subprocess:
/data/chodera/schrodinger/schrodinger2017-4-advanced/jaguar results -energy SM19_micro019_conf_4.nrg_h.out

Executing subprocess:
/data/chodera/schrodinger/schrodinger2017-4-advanced/jaguar results -esolv SM19_micro019_conf_4.sol_h.out

Executing subprocess:
/data/chodera/schrodinger/schrodinger2017-4-advanced/jaguar results -energy SM19_micro019_conf_5.nrg_h.out

Executing subprocess:
/data/chodera/schrodinger/schrodinger2017-4-advanced/jaguar results -esolv SM19_micro019_conf_5.sol_h.out

Executing subprocess:
/data/chodera/schrodinger/schrodinger2017-4-advanced/jaguar results -energy SM19_micro007_conf_1.nrg.out

Executing subprocess:
/data/chodera/schrodinger/schrodinger2017-4-advanced/jaguar results -esolv SM19_micro007_conf_1.sol.out

Executing subprocess:
/data/chodera/schrodinger/schrodinger2017-4-advanced/jaguar results -energy SM19_micro007_conf_2.nrg.out

Executing subprocess:
/data/chodera/schrodinger/schrodinger2017-4-advanced/jaguar results -esolv SM19_micro007_conf_2.sol.out

Executing subprocess:
/data/chodera/schrodinger/schrodinger2017-4-advanced/jaguar results -energy SM19_micro007_conf_3.nrg.out

Executing subprocess:
/data/chodera/schrodinger/schrodinger2017-4-advanced/jaguar results -esolv SM19_micro007_conf_3.sol.out

Executing subprocess:
/data/chodera/schrodinger/schrodinger2017-4-advanced/jaguar results -energy SM19_micro007_conf_4.nrg.out

Executing subprocess:
/data/chodera/schrodinger/schrodinger2017-4-advanced/jaguar results -esolv SM19_micro007_conf_4.sol.out

Executing subprocess:
/data/chodera/schrodinger/schrodinger2017-4-advanced/jaguar results -energy SM19_micro007_conf_5.nrg.out

Executing subprocess:
/data/chodera/schrodinger/schrodinger2017-4-advanced/jaguar results -esolv SM19_micro007_conf_5.sol.out

Executing subprocess:
/data/chodera/schrodinger/schrodinger2017-4-advanced/jaguar-v9.8/bin/Linux-x86_64/pka -o SM19_micro019_deprot-out.mae -j SM19_micro019.jres -n -d

Executing subprocess:
/data/chodera/schrodinger/schrodinger2017-4-advanced/jaguar-v9.8/bin/Linux-x86_64/pka -o SM19_micro019_prot-out.mae -j SM19_micro019.jres -n

pKa calculation for SM19_micro019 completed.

pKa workflow jag_SM19_micro019_SM19_micro007 completed.

Timer (Jaguar pKa) : 15884.58 secs (4 hrs, 24 mins, 44 secs)
Timer (jaguar_backend.py) : 15884.58 secs (4 hrs, 24 mins, 44 secs)
Finished:   Fri May  4 21:18:07 2018
