Taking protonated structures from:
SM10_micro005_conf_1.dft_h.01.mae
SM10_micro005_conf_2.dft_h.01.mae
SM10_micro005_conf_3.dft_h.01.mae
SM10_micro005_conf_4.dft_h.01.mae
SM10_micro005_conf_5.dft_h.01.mae
Taking deprotonated structures from:
SM10_micro004_conf_1.dft.01.mae
SM10_micro004_conf_2.dft.01.mae
SM10_micro004_conf_3.dft.01.mae
SM10_micro004_conf_4.dft.01.mae
SM10_micro004_conf_5.dft.01.mae

Corrected results for 'protonated' structure in water:
pKa atom: 31

 # 	            Shell             	 pKa 	RMSD	 Contribution
---	------------------------------	-----	-----	--------------
1: 	amide as base                 	10.16	0.577	    55.72%
2: 	Protonation of generic atom   	12.85	2.264	    15.28%
3: 	Protonation of sp2-like oxygen	11.88	2.568	    29.00%

 Final weighted pKa value is 11.07



