Taking protonated structures from:
SM18_micro016_conf_1.dft_h.01.mae
SM18_micro016_conf_2.dft_h.01.mae
SM18_micro016_conf_3.dft_h.01.mae
SM18_micro016_conf_4.dft_h.01.mae
SM18_micro016_conf_5.dft_h.01.mae
Taking deprotonated structures from:
SM18_micro071_conf_1.dft.01.mae
SM18_micro071_conf_2.dft.01.mae
SM18_micro071_conf_3.dft.01.mae
SM18_micro071_conf_4.dft.01.mae
SM18_micro071_conf_5.dft.01.mae

Corrected results for 'protonated' structure in water:
pKa atom: 31

 # 	                  Shell                  	 pKa 	RMSD	 Contribution
---	-----------------------------------------	-----	-----	--------------
1: 	delta lactam                             	10.67	0.508	    34.34%
2: 	4-pyrimidone as acid                     	10.48	0.530	    58.02%
3: 	Protonation of sp2-like aromatic nitrogen	11.60	1.014	     7.04%
4: 	Protonation of generic atom              	 9.64	2.264	     0.59%

 Final weighted pKa value is 10.62



