Command:    jaguar run pka.py -jobname jag_SM18_micro002_SM18_micro071 -PARALLEL 10 -n -csrch -prot SM18_micro002.in -deprot SM18_micro071.in
Release:    2017-4
Exec:       /data/chodera/schrodinger/schrodinger2017-4-advanced/jaguar-v9.8/bin/Linux-x86_64
Host:       lt11
JobId:      lilac-0-5aecad83
JobDir:     /lila/data/chodera/schrodinger/tmpdir/rustenburg/jag_SM18_micro002_SM18_micro071
Date:       Fri May  4 14:59:32 2018

Contents of /lila/data/chodera/schrodinger/tmpdir/rustenburg/jag_SM18_micro002_SM18_micro071:
/lila/data/chodera/schrodinger/tmpdir/rustenburg/jag_SM18_micro002_SM18_micro071/lilac-0-5aecad83
/lila/data/chodera/schrodinger/tmpdir/rustenburg/jag_SM18_micro002_SM18_micro071/jag_SM18_micro002_SM18_micro071.recover
/lila/data/chodera/schrodinger/tmpdir/rustenburg/jag_SM18_micro002_SM18_micro071/lilac-0-5aecad83.recover
/lila/data/chodera/schrodinger/tmpdir/rustenburg/jag_SM18_micro002_SM18_micro071/SM18_micro002.mae
/lila/data/chodera/schrodinger/tmpdir/rustenburg/jag_SM18_micro002_SM18_micro071/lilac-0-5aecad83.jlog
/lila/data/chodera/schrodinger/tmpdir/rustenburg/jag_SM18_micro002_SM18_micro071/jag_SM18_micro002_SM18_micro071.log
/lila/data/chodera/schrodinger/tmpdir/rustenburg/jag_SM18_micro002_SM18_micro071/lilac-0-5aecad83.mpinodes
/lila/data/chodera/schrodinger/tmpdir/rustenburg/jag_SM18_micro002_SM18_micro071/lilac-0-5aecad83.hosts
/lila/data/chodera/schrodinger/tmpdir/rustenburg/jag_SM18_micro002_SM18_micro071/SM18_micro002.in
/lila/data/chodera/schrodinger/tmpdir/rustenburg/jag_SM18_micro002_SM18_micro071/lilac-0-5aecad83.nodes
/lila/data/chodera/schrodinger/tmpdir/rustenburg/jag_SM18_micro002_SM18_micro071/SM18_micro071.mae
/lila/data/chodera/schrodinger/tmpdir/rustenburg/jag_SM18_micro002_SM18_micro071/SM18_micro071.in

=====================
 Jaguar pKa workflow
=====================

Analysing user-provided (prot, deprot) pair:
(SM18_micro002.in, SM18_micro071.in)
Found labile hydrogen 31 in SM18_micro002.in
Found labile hydrogen at atom 11 in SM18_micro071.in
Adding 'ipkat' keyword to input files.

Identifying pKa functional group for pair:
(SM18_micro002, SM18_micro071)

Executing subprocess:
/data/chodera/schrodinger/schrodinger2017-4-advanced/jaguar-v9.8/bin/Linux-x86_64/pka -i -j SM18_micro002.tmp.jres -n

Taking protonated structures from:
SM18_micro002.mae
Taking deprotonated structures from:
SM18_micro071.mae

This molecule from 'SM18_micro002.mae' in water was recognized as:

 # 	           Shell           
---	---------------------------
1: 	Protonation of generic atom


Executing conformational search...

Executing 2 distributed subjobs:
---------------------------------

No more than 8 cpu(s) will be used per subjob.
No more than 10 cpu(s) will be used simultaneously.

Processing the following subjobs:
(1) jaguar run csrch.py SM18_micro002.mae -jobname SM18_micro002 -max_conf 5 -erg_window 50.208 -acc_level 1 -TPP 5
(2) jaguar run csrch.py SM18_micro071.mae -jobname SM18_micro071 -max_conf 5 -erg_window 50.208 -acc_level 1 -TPP 5

Running subjobs on hosts:
  lsf-cpu (Max: 2)
Number of jobs:       2
Max retries per job:  3
Max allowed failures: unlimited
Run with -LOCAL:      False
Verbosity:            normal

Starting JobDJ...

Keep one job on driver host: False
JobDJ columns:
  C: Number of completed subjobs
  A: Number of active subjobs (e.g., submitted, running)
  W: Number of waiting/pending subjobs

C A W | Activity  JobId  JobName  JobHost
- - - | --------- -----------------------
0 1 1 | launched  lt11-1-5aecad99 SM18_micro002 lsf-cpu
0 2 0 | launched  lt11-0-5aecad9e SM18_micro071 lsf-cpu
1 1 0 | finished  lt11-0-5aecad9e SM18_micro071 lsf-cpu [ls07]
2 0 0 | finished  lt11-1-5aecad99 SM18_micro002 lsf-cpu [ls12]

All jobs have completed.

2 of 2 job(s) succeeded; 0 job(s) failed.

Timer (distribute subjobs) : 3237.58 secs (0 hrs, 53 mins, 57 secs)

Setting up QM workflow for (protonated, deprotonated) pair:
(1) (SM18_micro002, SM18_micro071)

Executing Jaguar quantum-mechanical subjobs...

Executing 10 distributed subjobs:
----------------------------------

No more than 8 cpu(s) will be used per subjob.
No more than 10 cpu(s) will be used simultaneously.

Processing the following subjobs:
(1) jaguar run pka_prot.bat -jobname SM18_micro002_conf_1 SM18_micro002_conf_1.in
(2) jaguar run pka_prot.bat -jobname SM18_micro002_conf_2 SM18_micro002_conf_2.in
(3) jaguar run pka_prot.bat -jobname SM18_micro002_conf_3 SM18_micro002_conf_3.in
(4) jaguar run pka_prot.bat -jobname SM18_micro002_conf_4 SM18_micro002_conf_4.in
(5) jaguar run pka_prot.bat -jobname SM18_micro002_conf_5 SM18_micro002_conf_5.in
(6) jaguar run pka_deprot.bat -jobname SM18_micro071_conf_1 SM18_micro071_conf_1.in
(7) jaguar run pka_deprot.bat -jobname SM18_micro071_conf_2 SM18_micro071_conf_2.in
(8) jaguar run pka_deprot.bat -jobname SM18_micro071_conf_3 SM18_micro071_conf_3.in
(9) jaguar run pka_deprot.bat -jobname SM18_micro071_conf_4 SM18_micro071_conf_4.in
(10) jaguar run pka_deprot.bat -jobname SM18_micro071_conf_5 SM18_micro071_conf_5.in

Running subjobs on hosts:
  lsf-cpu (Max: 10)
Number of jobs:       10
Max retries per job:  3
Max allowed failures: unlimited
Run with -LOCAL:      False
Verbosity:            normal

Starting JobDJ...

Keep one job on driver host: True
JobDJ columns:
  C: Number of completed subjobs
  A: Number of active subjobs (e.g., submitted, running)
  W: Number of waiting/pending subjobs

 C  A  W | Activity  JobId  JobName  JobHost
-- -- -- | --------- -----------------------
 0  1  9 | launched  lt11-0-5aecba43 SM18_micro002_conf_1 localhost [lt11]
 0  2  8 | launched  lt11-0-5aecba46 SM18_micro002_conf_2 lsf-cpu
 0  3  7 | launched  lt11-0-5aecba4a SM18_micro002_conf_3 lsf-cpu
 0  4  6 | launched  lt11-0-5aecba4d SM18_micro002_conf_4 lsf-cpu
 0  5  5 | launched  lt11-0-5aecba50 SM18_micro002_conf_5 lsf-cpu
 0  6  4 | launched  lt11-0-5aecba53 SM18_micro071_conf_1 lsf-cpu
 0  7  3 | launched  lt11-0-5aecba56 SM18_micro071_conf_2 lsf-cpu
 0  8  2 | launched  lt11-0-5aecba5a SM18_micro071_conf_3 lsf-cpu
 0  9  1 | launched  lt11-0-5aecba5d SM18_micro071_conf_4 lsf-cpu
 0 10  0 | launched  lt11-0-5aecba60 SM18_micro071_conf_5 lsf-cpu
 1  9  0 | finished  lt11-0-5aecba43 SM18_micro002_conf_1 localhost [lt11]
 1  9  0 | launched  lt11-0-5aecc667 SM18_micro071_conf_5 localhost [lt11]
 2  8  0 | finished  lt11-0-5aecc667 SM18_micro071_conf_5 localhost [lt11]
 3  7  0 | finished  lt11-0-5aecba5a SM18_micro071_conf_3 lsf-cpu [ls10]
 4  6  0 | finished  lt11-0-5aecba4a SM18_micro002_conf_3 lsf-cpu [lt11]
 5  5  0 | finished  lt11-0-5aecba53 SM18_micro071_conf_1 lsf-cpu [lt11]
 6  4  0 | finished  lt11-0-5aecba56 SM18_micro071_conf_2 lsf-cpu [lt11]
 7  3  0 | finished  lt11-0-5aecba46 SM18_micro002_conf_2 lsf-cpu [lt11]
 8  2  0 | finished  lt11-0-5aecba5d SM18_micro071_conf_4 lsf-cpu [ls10]
 9  1  0 | finished  lt11-0-5aecba4d SM18_micro002_conf_4 lsf-cpu [lt11]
10  0  0 | finished  lt11-0-5aecba50 SM18_micro002_conf_5 lsf-cpu [lt11]

All jobs have completed.

10 of 10 job(s) succeeded; 0 job(s) failed.

Timer (distribute subjobs) : 17689.36 secs (4 hrs, 54 mins, 49 secs)

Processing QM output files...

Executing subprocess:
/data/chodera/schrodinger/schrodinger2017-4-advanced/jaguar results -energy SM18_micro002_conf_1.nrg_h.out

Executing subprocess:
/data/chodera/schrodinger/schrodinger2017-4-advanced/jaguar results -esolv SM18_micro002_conf_1.sol_h.out

Executing subprocess:
/data/chodera/schrodinger/schrodinger2017-4-advanced/jaguar results -energy SM18_micro002_conf_2.nrg_h.out

Executing subprocess:
/data/chodera/schrodinger/schrodinger2017-4-advanced/jaguar results -esolv SM18_micro002_conf_2.sol_h.out

Executing subprocess:
/data/chodera/schrodinger/schrodinger2017-4-advanced/jaguar results -energy SM18_micro002_conf_3.nrg_h.out

Executing subprocess:
/data/chodera/schrodinger/schrodinger2017-4-advanced/jaguar results -esolv SM18_micro002_conf_3.sol_h.out

Executing subprocess:
/data/chodera/schrodinger/schrodinger2017-4-advanced/jaguar results -energy SM18_micro002_conf_4.nrg_h.out

Executing subprocess:
/data/chodera/schrodinger/schrodinger2017-4-advanced/jaguar results -esolv SM18_micro002_conf_4.sol_h.out

Executing subprocess:
/data/chodera/schrodinger/schrodinger2017-4-advanced/jaguar results -energy SM18_micro002_conf_5.nrg_h.out

Executing subprocess:
/data/chodera/schrodinger/schrodinger2017-4-advanced/jaguar results -esolv SM18_micro002_conf_5.sol_h.out

Executing subprocess:
/data/chodera/schrodinger/schrodinger2017-4-advanced/jaguar results -energy SM18_micro071_conf_1.nrg.out

Executing subprocess:
/data/chodera/schrodinger/schrodinger2017-4-advanced/jaguar results -esolv SM18_micro071_conf_1.sol.out

Executing subprocess:
/data/chodera/schrodinger/schrodinger2017-4-advanced/jaguar results -energy SM18_micro071_conf_2.nrg.out

Executing subprocess:
/data/chodera/schrodinger/schrodinger2017-4-advanced/jaguar results -esolv SM18_micro071_conf_2.sol.out

Executing subprocess:
/data/chodera/schrodinger/schrodinger2017-4-advanced/jaguar results -energy SM18_micro071_conf_3.nrg.out

Executing subprocess:
/data/chodera/schrodinger/schrodinger2017-4-advanced/jaguar results -esolv SM18_micro071_conf_3.sol.out

Executing subprocess:
/data/chodera/schrodinger/schrodinger2017-4-advanced/jaguar results -energy SM18_micro071_conf_4.nrg.out

Executing subprocess:
/data/chodera/schrodinger/schrodinger2017-4-advanced/jaguar results -esolv SM18_micro071_conf_4.sol.out

Executing subprocess:
/data/chodera/schrodinger/schrodinger2017-4-advanced/jaguar results -energy SM18_micro071_conf_5.nrg.out

Executing subprocess:
/data/chodera/schrodinger/schrodinger2017-4-advanced/jaguar results -esolv SM18_micro071_conf_5.sol.out

Executing subprocess:
/data/chodera/schrodinger/schrodinger2017-4-advanced/jaguar-v9.8/bin/Linux-x86_64/pka -o SM18_micro002_deprot-out.mae -j SM18_micro002.jres -n -d

Executing subprocess:
/data/chodera/schrodinger/schrodinger2017-4-advanced/jaguar-v9.8/bin/Linux-x86_64/pka -o SM18_micro002_prot-out.mae -j SM18_micro002.jres -n

pKa calculation for SM18_micro002 completed.

pKa workflow jag_SM18_micro002_SM18_micro071 completed.

Timer (Jaguar pKa) : 21028.53 secs (5 hrs, 50 mins, 28 secs)
Timer (jaguar_backend.py) : 21028.53 secs (5 hrs, 50 mins, 28 secs)
Finished:   Fri May  4 20:50:01 2018
