Command:    jaguar run pka.py -jobname jag_SM18_micro001_SM18_micro038 -PARALLEL 10 -n -csrch -prot SM18_micro001.in -deprot SM18_micro038.in
Release:    2017-4
Exec:       /data/chodera/schrodinger/schrodinger2017-4-advanced/jaguar-v9.8/bin/Linux-x86_64
Host:       ls17
JobId:      lilac-0-5aecad3b
JobDir:     /lila/data/chodera/schrodinger/tmpdir/rustenburg/jag_SM18_micro001_SM18_micro038
Date:       Fri May  4 14:58:12 2018

Contents of /lila/data/chodera/schrodinger/tmpdir/rustenburg/jag_SM18_micro001_SM18_micro038:
/lila/data/chodera/schrodinger/tmpdir/rustenburg/jag_SM18_micro001_SM18_micro038/SM18_micro001.mae
/lila/data/chodera/schrodinger/tmpdir/rustenburg/jag_SM18_micro001_SM18_micro038/SM18_micro038.mae
/lila/data/chodera/schrodinger/tmpdir/rustenburg/jag_SM18_micro001_SM18_micro038/SM18_micro038.in
/lila/data/chodera/schrodinger/tmpdir/rustenburg/jag_SM18_micro001_SM18_micro038/lilac-0-5aecad3b.hosts
/lila/data/chodera/schrodinger/tmpdir/rustenburg/jag_SM18_micro001_SM18_micro038/lilac-0-5aecad3b.nodes
/lila/data/chodera/schrodinger/tmpdir/rustenburg/jag_SM18_micro001_SM18_micro038/lilac-0-5aecad3b.recover
/lila/data/chodera/schrodinger/tmpdir/rustenburg/jag_SM18_micro001_SM18_micro038/jag_SM18_micro001_SM18_micro038.log
/lila/data/chodera/schrodinger/tmpdir/rustenburg/jag_SM18_micro001_SM18_micro038/lilac-0-5aecad3b
/lila/data/chodera/schrodinger/tmpdir/rustenburg/jag_SM18_micro001_SM18_micro038/jag_SM18_micro001_SM18_micro038.recover
/lila/data/chodera/schrodinger/tmpdir/rustenburg/jag_SM18_micro001_SM18_micro038/lilac-0-5aecad3b.jlog
/lila/data/chodera/schrodinger/tmpdir/rustenburg/jag_SM18_micro001_SM18_micro038/lilac-0-5aecad3b.mpinodes
/lila/data/chodera/schrodinger/tmpdir/rustenburg/jag_SM18_micro001_SM18_micro038/SM18_micro001.in

=====================
 Jaguar pKa workflow
=====================

Analysing user-provided (prot, deprot) pair:
(SM18_micro001.in, SM18_micro038.in)
Found labile hydrogen 31 in SM18_micro001.in
Found labile hydrogen at atom 9 in SM18_micro038.in
Adding 'ipkat' keyword to input files.

Identifying pKa functional group for pair:
(SM18_micro001, SM18_micro038)

Executing subprocess:
/data/chodera/schrodinger/schrodinger2017-4-advanced/jaguar-v9.8/bin/Linux-x86_64/pka -i -j SM18_micro001.tmp.jres -n

Taking protonated structures from:
SM18_micro001.mae
Taking deprotonated structures from:
SM18_micro038.mae

This molecule from 'SM18_micro001.mae' in water was recognized as:

 # 	                  Shell                  
---	-----------------------------------------
1: 	delta lactam                             
2: 	4-pyrimidone as acid                     
3: 	Protonation of sp2-like aromatic nitrogen
4: 	Protonation of generic atom              


Executing conformational search...

Executing 2 distributed subjobs:
---------------------------------

No more than 8 cpu(s) will be used per subjob.
No more than 10 cpu(s) will be used simultaneously.

Processing the following subjobs:
(1) jaguar run csrch.py SM18_micro001.mae -jobname SM18_micro001 -max_conf 5 -erg_window 50.208 -acc_level 1 -TPP 5
(2) jaguar run csrch.py SM18_micro038.mae -jobname SM18_micro038 -max_conf 5 -erg_window 50.208 -acc_level 1 -TPP 5

Running subjobs on hosts:
  lsf-cpu (Max: 2)
Number of jobs:       2
Max retries per job:  3
Max allowed failures: unlimited
Run with -LOCAL:      False
Verbosity:            normal

Starting JobDJ...

Keep one job on driver host: False
JobDJ columns:
  C: Number of completed subjobs
  A: Number of active subjobs (e.g., submitted, running)
  W: Number of waiting/pending subjobs

C A W | Activity  JobId  JobName  JobHost
- - - | --------- -----------------------
0 1 1 | launched  ls17-0-5aecad49 SM18_micro001 lsf-cpu
0 2 0 | launched  ls17-1-5aecad4c SM18_micro038 lsf-cpu
1 1 0 | finished  ls17-0-5aecad49 SM18_micro001 lsf-cpu [ls13]
2 0 0 | finished  ls17-1-5aecad4c SM18_micro038 lsf-cpu [ls10]

All jobs have completed.

2 of 2 job(s) succeeded; 0 job(s) failed.

Timer (distribute subjobs) : 3488.19 secs (0 hrs, 58 mins, 08 secs)

Setting up QM workflow for (protonated, deprotonated) pair:
(1) (SM18_micro001, SM18_micro038)

Executing Jaguar quantum-mechanical subjobs...

Executing 10 distributed subjobs:
----------------------------------

No more than 8 cpu(s) will be used per subjob.
No more than 10 cpu(s) will be used simultaneously.

Processing the following subjobs:
(1) jaguar run pka_prot.bat -jobname SM18_micro001_conf_1 SM18_micro001_conf_1.in
(2) jaguar run pka_prot.bat -jobname SM18_micro001_conf_2 SM18_micro001_conf_2.in
(3) jaguar run pka_prot.bat -jobname SM18_micro001_conf_3 SM18_micro001_conf_3.in
(4) jaguar run pka_prot.bat -jobname SM18_micro001_conf_4 SM18_micro001_conf_4.in
(5) jaguar run pka_prot.bat -jobname SM18_micro001_conf_5 SM18_micro001_conf_5.in
(6) jaguar run pka_deprot.bat -jobname SM18_micro038_conf_1 SM18_micro038_conf_1.in
(7) jaguar run pka_deprot.bat -jobname SM18_micro038_conf_2 SM18_micro038_conf_2.in
(8) jaguar run pka_deprot.bat -jobname SM18_micro038_conf_3 SM18_micro038_conf_3.in
(9) jaguar run pka_deprot.bat -jobname SM18_micro038_conf_4 SM18_micro038_conf_4.in
(10) jaguar run pka_deprot.bat -jobname SM18_micro038_conf_5 SM18_micro038_conf_5.in

Running subjobs on hosts:
  lsf-cpu (Max: 10)
Number of jobs:       10
Max retries per job:  3
Max allowed failures: unlimited
Run with -LOCAL:      False
Verbosity:            normal

Starting JobDJ...

Keep one job on driver host: True
JobDJ columns:
  C: Number of completed subjobs
  A: Number of active subjobs (e.g., submitted, running)
  W: Number of waiting/pending subjobs

 C  A  W | Activity  JobId  JobName  JobHost
-- -- -- | --------- -----------------------
 0  1  9 | launched  ls17-0-5aecbaeb SM18_micro001_conf_1 localhost [ls17]
 0  2  8 | launched  ls17-0-5aecbaef SM18_micro001_conf_2 lsf-cpu
 0  3  7 | launched  ls17-0-5aecbaf3 SM18_micro001_conf_3 lsf-cpu
 0  4  6 | launched  ls17-0-5aecbaf6 SM18_micro001_conf_4 lsf-cpu
 0  5  5 | launched  ls17-0-5aecbaf9 SM18_micro001_conf_5 lsf-cpu
 0  6  4 | launched  ls17-0-5aecbafd SM18_micro038_conf_1 lsf-cpu
 0  7  3 | launched  ls17-0-5aecbb00 SM18_micro038_conf_2 lsf-cpu
 0  8  2 | launched  ls17-0-5aecbb04 SM18_micro038_conf_3 lsf-cpu
 0  9  1 | launched  ls17-0-5aecbb08 SM18_micro038_conf_4 lsf-cpu
 0 10  0 | launched  ls17-0-5aecbb0c SM18_micro038_conf_5 lsf-cpu
 1  9  0 | finished  ls17-0-5aecbaeb SM18_micro001_conf_1 localhost [ls17]
 2  8  0 | finished  ls17-0-5aecbafd SM18_micro038_conf_1 lsf-cpu [lt09]
 3  7  0 | finished  ls17-0-5aecbb0c SM18_micro038_conf_5 lsf-cpu [lt14]
 4  6  0 | finished  ls17-0-5aecbb08 SM18_micro038_conf_4 lsf-cpu [lt14]
 5  5  0 | finished  ls17-0-5aecbaf3 SM18_micro001_conf_3 lsf-cpu [ls10]
 6  4  0 | finished  ls17-0-5aecbb04 SM18_micro038_conf_3 lsf-cpu [lt14]
 7  3  0 | finished  ls17-0-5aecbaf6 SM18_micro001_conf_4 lsf-cpu [lt09]
 8  2  0 | finished  ls17-0-5aecbaef SM18_micro001_conf_2 lsf-cpu [ls10]
 9  1  0 | finished  ls17-0-5aecbaf9 SM18_micro001_conf_5 lsf-cpu [lt09]
