Command:    jaguar run pka.py -jobname jag_SM24_micro011_SM24_micro006 -PARALLEL 10 -n -csrch -prot SM24_micro011.in -deprot SM24_micro006.in
Release:    2017-4
Exec:       /data/chodera/schrodinger/schrodinger2017-4-advanced/jaguar-v9.8/bin/Linux-x86_64
Host:       ls17
JobId:      lilac-0-5aecd55d
JobDir:     /lila/data/chodera/schrodinger/tmpdir/rustenburg/jag_SM24_micro011_SM24_micro006
Date:       Fri May  4 19:23:01 2018

Contents of /lila/data/chodera/schrodinger/tmpdir/rustenburg/jag_SM24_micro011_SM24_micro006:
/lila/data/chodera/schrodinger/tmpdir/rustenburg/jag_SM24_micro011_SM24_micro006/lilac-0-5aecd55d.mpinodes
/lila/data/chodera/schrodinger/tmpdir/rustenburg/jag_SM24_micro011_SM24_micro006/SM24_micro006.in
/lila/data/chodera/schrodinger/tmpdir/rustenburg/jag_SM24_micro011_SM24_micro006/SM24_micro011.mae
/lila/data/chodera/schrodinger/tmpdir/rustenburg/jag_SM24_micro011_SM24_micro006/SM24_micro011.in
/lila/data/chodera/schrodinger/tmpdir/rustenburg/jag_SM24_micro011_SM24_micro006/jag_SM24_micro011_SM24_micro006.log
/lila/data/chodera/schrodinger/tmpdir/rustenburg/jag_SM24_micro011_SM24_micro006/lilac-0-5aecd55d.recover
/lila/data/chodera/schrodinger/tmpdir/rustenburg/jag_SM24_micro011_SM24_micro006/lilac-0-5aecd55d
/lila/data/chodera/schrodinger/tmpdir/rustenburg/jag_SM24_micro011_SM24_micro006/SM24_micro006.mae
/lila/data/chodera/schrodinger/tmpdir/rustenburg/jag_SM24_micro011_SM24_micro006/lilac-0-5aecd55d.jlog
/lila/data/chodera/schrodinger/tmpdir/rustenburg/jag_SM24_micro011_SM24_micro006/lilac-0-5aecd55d.hosts
/lila/data/chodera/schrodinger/tmpdir/rustenburg/jag_SM24_micro011_SM24_micro006/lilac-0-5aecd55d.nodes
/lila/data/chodera/schrodinger/tmpdir/rustenburg/jag_SM24_micro011_SM24_micro006/jag_SM24_micro011_SM24_micro006.recover

=====================
 Jaguar pKa workflow
=====================

Analysing user-provided (prot, deprot) pair:
(SM24_micro011.in, SM24_micro006.in)
Found labile hydrogen 30 in SM24_micro011.in
Found labile hydrogen at atom 24 in SM24_micro006.in
Adding 'ipkat' keyword to input files.

Identifying pKa functional group for pair:
(SM24_micro011, SM24_micro006)

Executing subprocess:
/data/chodera/schrodinger/schrodinger2017-4-advanced/jaguar-v9.8/bin/Linux-x86_64/pka -i -j SM24_micro011.tmp.jres -n

Taking protonated structures from:
SM24_micro011.mae
Taking deprotonated structures from:
SM24_micro006.mae

This molecule from 'SM24_micro011.mae' in water was recognized as:

 # 	           Shell           
---	---------------------------
1: 	Protonation of generic atom


Executing conformational search...

Executing 2 distributed subjobs:
---------------------------------

No more than 8 cpu(s) will be used per subjob.
No more than 10 cpu(s) will be used simultaneously.

Processing the following subjobs:
(1) jaguar run csrch.py SM24_micro011.mae -jobname SM24_micro011 -max_conf 5 -erg_window 50.208 -acc_level 1 -TPP 5
(2) jaguar run csrch.py SM24_micro006.mae -jobname SM24_micro006 -max_conf 5 -erg_window 50.208 -acc_level 1 -TPP 5

Running subjobs on hosts:
  lsf-cpu (Max: 2)
Number of jobs:       2
Max retries per job:  3
Max allowed failures: unlimited
Run with -LOCAL:      False
Verbosity:            normal

Starting JobDJ...

Keep one job on driver host: False
JobDJ columns:
  C: Number of completed subjobs
  A: Number of active subjobs (e.g., submitted, running)
  W: Number of waiting/pending subjobs

C A W | Activity  JobId  JobName  JobHost
- - - | --------- -----------------------
0 1 1 | launched  ls17-0-5aeceb67 SM24_micro011 lsf-cpu
0 2 0 | launched  ls17-0-5aeceb71 SM24_micro006 lsf-cpu
1 1 0 | finished  ls17-0-5aeceb71 SM24_micro006 lsf-cpu [ls14]
2 0 0 | finished  ls17-0-5aeceb67 SM24_micro011 lsf-cpu [lt09]

All jobs have completed.

2 of 2 job(s) succeeded; 0 job(s) failed.

Timer (distribute subjobs) : 8345.39 secs (2 hrs, 19 mins, 05 secs)

Setting up QM workflow for (protonated, deprotonated) pair:
(1) (SM24_micro011, SM24_micro006)

Executing Jaguar quantum-mechanical subjobs...

Executing 10 distributed subjobs:
----------------------------------

No more than 8 cpu(s) will be used per subjob.
No more than 10 cpu(s) will be used simultaneously.

Processing the following subjobs:
(1) jaguar run pka_prot.bat -jobname SM24_micro011_conf_1 SM24_micro011_conf_1.in
(2) jaguar run pka_prot.bat -jobname SM24_micro011_conf_2 SM24_micro011_conf_2.in
(3) jaguar run pka_prot.bat -jobname SM24_micro011_conf_3 SM24_micro011_conf_3.in
(4) jaguar run pka_prot.bat -jobname SM24_micro011_conf_4 SM24_micro011_conf_4.in
(5) jaguar run pka_prot.bat -jobname SM24_micro011_conf_5 SM24_micro011_conf_5.in
(6) jaguar run pka_deprot.bat -jobname SM24_micro006_conf_1 SM24_micro006_conf_1.in
(7) jaguar run pka_deprot.bat -jobname SM24_micro006_conf_2 SM24_micro006_conf_2.in
(8) jaguar run pka_deprot.bat -jobname SM24_micro006_conf_3 SM24_micro006_conf_3.in
(9) jaguar run pka_deprot.bat -jobname SM24_micro006_conf_4 SM24_micro006_conf_4.in
(10) jaguar run pka_deprot.bat -jobname SM24_micro006_conf_5 SM24_micro006_conf_5.in

Running subjobs on hosts:
  lsf-cpu (Max: 10)
Number of jobs:       10
Max retries per job:  3
Max allowed failures: unlimited
Run with -LOCAL:      False
Verbosity:            normal

Starting JobDJ...

Keep one job on driver host: True
JobDJ columns:
  C: Number of completed subjobs
  A: Number of active subjobs (e.g., submitted, running)
  W: Number of waiting/pending subjobs

 C  A  W | Activity  JobId  JobName  JobHost
-- -- -- | --------- -----------------------
 0  1  9 | launched  ls17-0-5aed0bfe SM24_micro011_conf_1 localhost [ls17]
 0  2  8 | launched  ls17-0-5aed0c03 SM24_micro011_conf_2 lsf-cpu
 0  3  7 | launched  ls17-0-5aed0c08 SM24_micro011_conf_3 lsf-cpu
 0  4  6 | launched  ls17-0-5aed0c0c SM24_micro011_conf_4 lsf-cpu
 0  5  5 | launched  ls17-0-5aed0c11 SM24_micro011_conf_5 lsf-cpu
 0  6  4 | launched  ls17-0-5aed0c16 SM24_micro006_conf_1 lsf-cpu
 0  7  3 | launched  ls17-0-5aed0c1b SM24_micro006_conf_2 lsf-cpu
 0  8  2 | launched  ls17-0-5aed0c20 SM24_micro006_conf_3 lsf-cpu
 0  9  1 | launched  ls17-0-5aed0c25 SM24_micro006_conf_4 lsf-cpu
 0 10  0 | launched  ls17-0-5aed0c2a SM24_micro006_conf_5 lsf-cpu
