Taking protonated structures from:
SM03_micro012_conf_1.dft_h.01.mae
SM03_micro012_conf_2.dft_h.01.mae
SM03_micro012_conf_3.dft_h.01.mae
SM03_micro012_conf_4.dft_h.01.mae
SM03_micro012_conf_5.dft_h.01.mae
Taking deprotonated structures from:
SM03_micro002_conf_1.dft.01.mae
SM03_micro002_conf_2.dft.01.mae
SM03_micro002_conf_3.dft.01.mae
SM03_micro002_conf_4.dft.01.mae
SM03_micro002_conf_5.dft.01.mae

Corrected results for 'protonated' structure in water:
pKa atom: 28

 # 	                  Shell                   	 pKa 	RMSD	 Contribution
---	------------------------------------------	-----	-----	--------------
1: 	amide as acid                             	 7.26	0.903	    27.24%
2: 	Protonation of sp2-like aliphatic nitrogen	 6.80	1.751	    52.81%
3: 	Protonation of generic atom               	 7.09	2.264	    19.95%

 Final weighted pKa value is 6.98



