Command:    jaguar run pka.py -jobname jag_SM02_micro006_SM02_micro002 -PARALLEL 10 -n -csrch -prot SM02_micro006.in -deprot SM02_micro002.in
Release:    2017-4
Exec:       /data/chodera/schrodinger/schrodinger2017-4-advanced/jaguar-v9.8/bin/Linux-x86_64
Host:       lt12
JobId:      lilac-0-5aec66e2
JobDir:     /lila/data/chodera/schrodinger/tmpdir/rustenburg/jag_SM02_micro006_SM02_micro002
Date:       Fri May  4 09:57:58 2018

Contents of /lila/data/chodera/schrodinger/tmpdir/rustenburg/jag_SM02_micro006_SM02_micro002:
/lila/data/chodera/schrodinger/tmpdir/rustenburg/jag_SM02_micro006_SM02_micro002/lilac-0-5aec66e2.hosts
/lila/data/chodera/schrodinger/tmpdir/rustenburg/jag_SM02_micro006_SM02_micro002/lilac-0-5aec66e2
/lila/data/chodera/schrodinger/tmpdir/rustenburg/jag_SM02_micro006_SM02_micro002/SM02_micro002.mae
/lila/data/chodera/schrodinger/tmpdir/rustenburg/jag_SM02_micro006_SM02_micro002/lilac-0-5aec66e2.nodes
/lila/data/chodera/schrodinger/tmpdir/rustenburg/jag_SM02_micro006_SM02_micro002/SM02_micro006.in
/lila/data/chodera/schrodinger/tmpdir/rustenburg/jag_SM02_micro006_SM02_micro002/SM02_micro006.mae
/lila/data/chodera/schrodinger/tmpdir/rustenburg/jag_SM02_micro006_SM02_micro002/lilac-0-5aec66e2.recover
/lila/data/chodera/schrodinger/tmpdir/rustenburg/jag_SM02_micro006_SM02_micro002/jag_SM02_micro006_SM02_micro002.recover
/lila/data/chodera/schrodinger/tmpdir/rustenburg/jag_SM02_micro006_SM02_micro002/lilac-0-5aec66e2.mpinodes
/lila/data/chodera/schrodinger/tmpdir/rustenburg/jag_SM02_micro006_SM02_micro002/lilac-0-5aec66e2.jlog
/lila/data/chodera/schrodinger/tmpdir/rustenburg/jag_SM02_micro006_SM02_micro002/jag_SM02_micro006_SM02_micro002.log
/lila/data/chodera/schrodinger/tmpdir/rustenburg/jag_SM02_micro006_SM02_micro002/SM02_micro002.in

=====================
 Jaguar pKa workflow
=====================

Analysing user-provided (prot, deprot) pair:
(SM02_micro006.in, SM02_micro002.in)
Found labile hydrogen 22 in SM02_micro006.in
Found labile hydrogen at atom 11 in SM02_micro002.in
Adding 'ipkat' keyword to input files.

Identifying pKa functional group for pair:
(SM02_micro006, SM02_micro002)

Executing subprocess:
/data/chodera/schrodinger/schrodinger2017-4-advanced/jaguar-v9.8/bin/Linux-x86_64/pka -i -j SM02_micro006.tmp.jres -n

Taking protonated structures from:
SM02_micro006.mae
Taking deprotonated structures from:
SM02_micro002.mae

This molecule from 'SM02_micro006.mae' in water was recognized as:

 # 	                  Shell                   
---	------------------------------------------
1: 	secondary aniline                         
2: 	Protonation of sp3-like aliphatic nitrogen
3: 	Protonation of generic atom               


Executing conformational search...

Executing 2 distributed subjobs:
---------------------------------

No more than 8 cpu(s) will be used per subjob.
No more than 10 cpu(s) will be used simultaneously.

Processing the following subjobs:
(1) jaguar run csrch.py SM02_micro006.mae -jobname SM02_micro006 -max_conf 5 -erg_window 50.208 -acc_level 1 -TPP 5
(2) jaguar run csrch.py SM02_micro002.mae -jobname SM02_micro002 -max_conf 5 -erg_window 50.208 -acc_level 1 -TPP 5

Running subjobs on hosts:
  lsf-cpu (Max: 2)
Number of jobs:       2
Max retries per job:  3
Max allowed failures: unlimited
Run with -LOCAL:      False
Verbosity:            normal

Starting JobDJ...

Keep one job on driver host: False
JobDJ columns:
  C: Number of completed subjobs
  A: Number of active subjobs (e.g., submitted, running)
  W: Number of waiting/pending subjobs

C A W | Activity  JobId  JobName  JobHost
- - - | --------- -----------------------
0 1 1 | launched  lt12-0-5aec66eb SM02_micro006 lsf-cpu
0 2 0 | launched  lt12-0-5aec66ef SM02_micro002 lsf-cpu
1 1 0 | finished  lt12-0-5aec66eb SM02_micro006 lsf-cpu
2 0 0 | finished  lt12-0-5aec66ef SM02_micro002 lsf-cpu [lt07]

All jobs have completed.

2 of 2 job(s) succeeded; 0 job(s) failed.

Timer (distribute subjobs) : 737.83 secs (0 hrs, 12 mins, 17 secs)

Setting up QM workflow for (protonated, deprotonated) pair:
(1) (SM02_micro006, SM02_micro002)

Executing Jaguar quantum-mechanical subjobs...

Executing 10 distributed subjobs:
----------------------------------

No more than 8 cpu(s) will be used per subjob.
No more than 10 cpu(s) will be used simultaneously.

Processing the following subjobs:
(1) jaguar run pka_prot.bat -jobname SM02_micro006_conf_1 SM02_micro006_conf_1.in
(2) jaguar run pka_prot.bat -jobname SM02_micro006_conf_2 SM02_micro006_conf_2.in
(3) jaguar run pka_prot.bat -jobname SM02_micro006_conf_3 SM02_micro006_conf_3.in
(4) jaguar run pka_prot.bat -jobname SM02_micro006_conf_4 SM02_micro006_conf_4.in
(5) jaguar run pka_prot.bat -jobname SM02_micro006_conf_5 SM02_micro006_conf_5.in
(6) jaguar run pka_deprot.bat -jobname SM02_micro002_conf_1 SM02_micro002_conf_1.in
(7) jaguar run pka_deprot.bat -jobname SM02_micro002_conf_2 SM02_micro002_conf_2.in
(8) jaguar run pka_deprot.bat -jobname SM02_micro002_conf_3 SM02_micro002_conf_3.in
(9) jaguar run pka_deprot.bat -jobname SM02_micro002_conf_4 SM02_micro002_conf_4.in
(10) jaguar run pka_deprot.bat -jobname SM02_micro002_conf_5 SM02_micro002_conf_5.in

Running subjobs on hosts:
  lsf-cpu (Max: 10)
Number of jobs:       10
Max retries per job:  3
Max allowed failures: unlimited
Run with -LOCAL:      False
Verbosity:            normal

Starting JobDJ...

Keep one job on driver host: True
JobDJ columns:
  C: Number of completed subjobs
  A: Number of active subjobs (e.g., submitted, running)
  W: Number of waiting/pending subjobs

 C  A  W | Activity  JobId  JobName  JobHost
-- -- -- | --------- -----------------------
 0  1  9 | launched  lt12-0-5aec69cd SM02_micro006_conf_1 localhost [lt12]
 0  2  8 | launched  lt12-0-5aec69d3 SM02_micro006_conf_2 lsf-cpu
 0  3  7 | launched  lt12-0-5aec69d7 SM02_micro006_conf_3 lsf-cpu
 0  4  6 | launched  lt12-1-5aec69dc SM02_micro006_conf_4 lsf-cpu
 0  5  5 | launched  lt12-0-5aec69e1 SM02_micro006_conf_5 lsf-cpu
 0  6  4 | launched  lt12-0-5aec69e7 SM02_micro002_conf_1 lsf-cpu
 0  7  3 | launched  lt12-0-5aec69ef SM02_micro002_conf_2 lsf-cpu
 0  8  2 | launched  lt12-0-5aec69f5 SM02_micro002_conf_3 lsf-cpu
 0  9  1 | launched  lt12-0-5aec69fa SM02_micro002_conf_4 lsf-cpu
 0 10  0 | launched  lt12-0-5aec69ff SM02_micro002_conf_5 lsf-cpu
 1  9  0 | finished  lt12-0-5aec69e7 SM02_micro002_conf_1 lsf-cpu [ls12]
 2  8  0 | finished  lt12-0-5aec69ff SM02_micro002_conf_5 lsf-cpu [ls02]
 3  7  0 | finished  lt12-0-5aec69e1 SM02_micro006_conf_5 lsf-cpu [ls10]
 4  6  0 | finished  lt12-0-5aec69cd SM02_micro006_conf_1 localhost [lt12]
 5  5  0 | finished  lt12-0-5aec69ef SM02_micro002_conf_2 lsf-cpu [lt08]
 6  4  0 | finished  lt12-0-5aec69f5 SM02_micro002_conf_3 lsf-cpu [lt08]
 7  3  0 | finished  lt12-1-5aec69dc SM02_micro006_conf_4 lsf-cpu [ls17]
 8  2  0 | finished  lt12-0-5aec69d7 SM02_micro006_conf_3 lsf-cpu [lt01]
 9  1  0 | finished  lt12-0-5aec69d3 SM02_micro006_conf_2 lsf-cpu [ls17]
10  0  0 | finished  lt12-0-5aec69fa SM02_micro002_conf_4 lsf-cpu [ls02]

All jobs have completed.

10 of 10 job(s) succeeded; 0 job(s) failed.

Timer (distribute subjobs) : 3550.51 secs (0 hrs, 59 mins, 10 secs)

Processing QM output files...

Executing subprocess:
/data/chodera/schrodinger/schrodinger2017-4-advanced/jaguar results -energy SM02_micro006_conf_1.nrg_h.out

Executing subprocess:
/data/chodera/schrodinger/schrodinger2017-4-advanced/jaguar results -esolv SM02_micro006_conf_1.sol_h.out

Executing subprocess:
/data/chodera/schrodinger/schrodinger2017-4-advanced/jaguar results -energy SM02_micro006_conf_2.nrg_h.out

Executing subprocess:
/data/chodera/schrodinger/schrodinger2017-4-advanced/jaguar results -esolv SM02_micro006_conf_2.sol_h.out

Executing subprocess:
/data/chodera/schrodinger/schrodinger2017-4-advanced/jaguar results -energy SM02_micro006_conf_3.nrg_h.out

Executing subprocess:
/data/chodera/schrodinger/schrodinger2017-4-advanced/jaguar results -esolv SM02_micro006_conf_3.sol_h.out

Executing subprocess:
/data/chodera/schrodinger/schrodinger2017-4-advanced/jaguar results -energy SM02_micro006_conf_4.nrg_h.out

Executing subprocess:
/data/chodera/schrodinger/schrodinger2017-4-advanced/jaguar results -esolv SM02_micro006_conf_4.sol_h.out

Executing subprocess:
/data/chodera/schrodinger/schrodinger2017-4-advanced/jaguar results -energy SM02_micro006_conf_5.nrg_h.out

Executing subprocess:
/data/chodera/schrodinger/schrodinger2017-4-advanced/jaguar results -esolv SM02_micro006_conf_5.sol_h.out

Executing subprocess:
/data/chodera/schrodinger/schrodinger2017-4-advanced/jaguar results -energy SM02_micro002_conf_1.nrg.out

Executing subprocess:
/data/chodera/schrodinger/schrodinger2017-4-advanced/jaguar results -esolv SM02_micro002_conf_1.sol.out

Executing subprocess:
/data/chodera/schrodinger/schrodinger2017-4-advanced/jaguar results -energy SM02_micro002_conf_2.nrg.out

Executing subprocess:
/data/chodera/schrodinger/schrodinger2017-4-advanced/jaguar results -esolv SM02_micro002_conf_2.sol.out

Executing subprocess:
/data/chodera/schrodinger/schrodinger2017-4-advanced/jaguar results -energy SM02_micro002_conf_3.nrg.out

Executing subprocess:
/data/chodera/schrodinger/schrodinger2017-4-advanced/jaguar results -esolv SM02_micro002_conf_3.sol.out

Executing subprocess:
/data/chodera/schrodinger/schrodinger2017-4-advanced/jaguar results -energy SM02_micro002_conf_4.nrg.out

Executing subprocess:
/data/chodera/schrodinger/schrodinger2017-4-advanced/jaguar results -esolv SM02_micro002_conf_4.sol.out

Executing subprocess:
/data/chodera/schrodinger/schrodinger2017-4-advanced/jaguar results -energy SM02_micro002_conf_5.nrg.out

Executing subprocess:
/data/chodera/schrodinger/schrodinger2017-4-advanced/jaguar results -esolv SM02_micro002_conf_5.sol.out

Executing subprocess:
/data/chodera/schrodinger/schrodinger2017-4-advanced/jaguar-v9.8/bin/Linux-x86_64/pka -o SM02_micro006_deprot-out.mae -j SM02_micro006.jres -n -d

Executing subprocess:
/data/chodera/schrodinger/schrodinger2017-4-advanced/jaguar-v9.8/bin/Linux-x86_64/pka -o SM02_micro006_prot-out.mae -j SM02_micro006.jres -n

pKa calculation for SM02_micro006 completed.

pKa workflow jag_SM02_micro006_SM02_micro002 completed.

Timer (Jaguar pKa) : 4371.94 secs (1 hrs, 12 mins, 51 secs)
Timer (jaguar_backend.py) : 4371.94 secs (1 hrs, 12 mins, 51 secs)
Finished:   Fri May  4 11:10:50 2018
