Command:    jaguar run pka.py -jobname jag_SM03_micro022_SM03_micro009 -PARALLEL 10 -n -csrch -prot SM03_micro022.in -deprot SM03_micro009.in
Release:    2017-4
Exec:       /data/chodera/schrodinger/schrodinger2017-4-advanced/jaguar-v9.8/bin/Linux-x86_64
Host:       ls14
JobId:      lilac-0-5aec681e
JobDir:     /lila/data/chodera/schrodinger/tmpdir/rustenburg/jag_SM03_micro022_SM03_micro009
Date:       Fri May  4 10:03:14 2018

Contents of /lila/data/chodera/schrodinger/tmpdir/rustenburg/jag_SM03_micro022_SM03_micro009:
/lila/data/chodera/schrodinger/tmpdir/rustenburg/jag_SM03_micro022_SM03_micro009/lilac-0-5aec681e.recover
/lila/data/chodera/schrodinger/tmpdir/rustenburg/jag_SM03_micro022_SM03_micro009/SM03_micro022.mae
/lila/data/chodera/schrodinger/tmpdir/rustenburg/jag_SM03_micro022_SM03_micro009/jag_SM03_micro022_SM03_micro009.recover
/lila/data/chodera/schrodinger/tmpdir/rustenburg/jag_SM03_micro022_SM03_micro009/SM03_micro022.in
/lila/data/chodera/schrodinger/tmpdir/rustenburg/jag_SM03_micro022_SM03_micro009/lilac-0-5aec681e
/lila/data/chodera/schrodinger/tmpdir/rustenburg/jag_SM03_micro022_SM03_micro009/lilac-0-5aec681e.mpinodes
/lila/data/chodera/schrodinger/tmpdir/rustenburg/jag_SM03_micro022_SM03_micro009/SM03_micro009.mae
/lila/data/chodera/schrodinger/tmpdir/rustenburg/jag_SM03_micro022_SM03_micro009/lilac-0-5aec681e.nodes
/lila/data/chodera/schrodinger/tmpdir/rustenburg/jag_SM03_micro022_SM03_micro009/lilac-0-5aec681e.jlog
/lila/data/chodera/schrodinger/tmpdir/rustenburg/jag_SM03_micro022_SM03_micro009/lilac-0-5aec681e.hosts
/lila/data/chodera/schrodinger/tmpdir/rustenburg/jag_SM03_micro022_SM03_micro009/jag_SM03_micro022_SM03_micro009.log
/lila/data/chodera/schrodinger/tmpdir/rustenburg/jag_SM03_micro022_SM03_micro009/SM03_micro009.in

=====================
 Jaguar pKa workflow
=====================

Analysing user-provided (prot, deprot) pair:
(SM03_micro022.in, SM03_micro009.in)
Error: more than 1 heavy atom differs by 1 proton in:
SM03_micro022.in
SM03_micro009.in


An error has occurred.  Information about the error has been written to 
/home/rustenburg/.schrodinger/exceptions/error20180504-100315.txt 

Please contact help@schrodinger.com for assistance. Include error20180504-100315.txt and a description of what you were doing when the error occurred.
