Command:    jaguar run pka.py -jobname jag_SM19_micro005_SM19_micro002 -PARALLEL 10 -n -csrch -prot SM19_micro005.in -deprot SM19_micro002.in
Release:    2017-4
Exec:       /data/chodera/schrodinger/schrodinger2017-4-advanced/jaguar-v9.8/bin/Linux-x86_64
Host:       ls01
JobId:      lilac-0-5aecc186
JobDir:     /lila/data/chodera/schrodinger/tmpdir/rustenburg/jag_SM19_micro005_SM19_micro002
Date:       Fri May  4 16:51:27 2018

Contents of /lila/data/chodera/schrodinger/tmpdir/rustenburg/jag_SM19_micro005_SM19_micro002:
/lila/data/chodera/schrodinger/tmpdir/rustenburg/jag_SM19_micro005_SM19_micro002/SM19_micro002.mae
/lila/data/chodera/schrodinger/tmpdir/rustenburg/jag_SM19_micro005_SM19_micro002/SM19_micro002.in
/lila/data/chodera/schrodinger/tmpdir/rustenburg/jag_SM19_micro005_SM19_micro002/lilac-0-5aecc186.hosts
/lila/data/chodera/schrodinger/tmpdir/rustenburg/jag_SM19_micro005_SM19_micro002/lilac-0-5aecc186.nodes
/lila/data/chodera/schrodinger/tmpdir/rustenburg/jag_SM19_micro005_SM19_micro002/lilac-0-5aecc186
/lila/data/chodera/schrodinger/tmpdir/rustenburg/jag_SM19_micro005_SM19_micro002/jag_SM19_micro005_SM19_micro002.log
/lila/data/chodera/schrodinger/tmpdir/rustenburg/jag_SM19_micro005_SM19_micro002/lilac-0-5aecc186.mpinodes
/lila/data/chodera/schrodinger/tmpdir/rustenburg/jag_SM19_micro005_SM19_micro002/lilac-0-5aecc186.jlog
/lila/data/chodera/schrodinger/tmpdir/rustenburg/jag_SM19_micro005_SM19_micro002/lilac-0-5aecc186.recover
/lila/data/chodera/schrodinger/tmpdir/rustenburg/jag_SM19_micro005_SM19_micro002/jag_SM19_micro005_SM19_micro002.recover
/lila/data/chodera/schrodinger/tmpdir/rustenburg/jag_SM19_micro005_SM19_micro002/SM19_micro005.in
/lila/data/chodera/schrodinger/tmpdir/rustenburg/jag_SM19_micro005_SM19_micro002/SM19_micro005.mae

=====================
 Jaguar pKa workflow
=====================

Analysing user-provided (prot, deprot) pair:
(SM19_micro005.in, SM19_micro002.in)
Error: more than 1 heavy atom differs by 1 proton in:
SM19_micro005.in
SM19_micro002.in


An error has occurred.  Information about the error has been written to 
/home/rustenburg/.schrodinger/exceptions/error20180504-165127.txt 

Please contact help@schrodinger.com for assistance. Include error20180504-165127.txt and a description of what you were doing when the error occurred.
