Taking protonated structures from:
SM12_micro013_conf_1.dft_h.01.mae
SM12_micro013_conf_2.dft_h.01.mae
SM12_micro013_conf_3.dft_h.01.mae
SM12_micro013_conf_4.dft_h.01.mae
SM12_micro013_conf_5.dft_h.01.mae
Taking deprotonated structures from:
SM12_micro001_conf_1.dft.01.mae
SM12_micro001_conf_2.dft.01.mae
SM12_micro001_conf_3.dft.01.mae
SM12_micro001_conf_4.dft.01.mae
SM12_micro001_conf_5.dft.01.mae

Corrected results for 'protonated' structure in water:
pKa atom: 20

 # 	           Shell           	 pKa 	RMSD	 Contribution
---	---------------------------	-----	-----	--------------
1: 	heterocycle custom 1       	-3.33	0.617	    31.09%
2: 	heterocycle                	-2.81	0.837	    64.76%
3: 	Protonation of generic atom	-0.79	2.264	     4.15%

 Final weighted pKa value is -2.89



