Command:    jaguar run pka.py -jobname jag_SM01_micro009_SM01_micro005 -PARALLEL 10 -n -csrch -prot SM01_micro009.in -deprot SM01_micro005.in
Release:    2017-4
Exec:       /data/chodera/schrodinger/schrodinger2017-4-advanced/jaguar-v9.8/bin/Linux-x86_64
Host:       ls01
JobId:      lilac-0-5aec6652
JobDir:     /lila/data/chodera/schrodinger/tmpdir/rustenburg/jag_SM01_micro009_SM01_micro005
Date:       Fri May  4 09:55:43 2018

Contents of /lila/data/chodera/schrodinger/tmpdir/rustenburg/jag_SM01_micro009_SM01_micro005:
/lila/data/chodera/schrodinger/tmpdir/rustenburg/jag_SM01_micro009_SM01_micro005/SM01_micro005.mae
/lila/data/chodera/schrodinger/tmpdir/rustenburg/jag_SM01_micro009_SM01_micro005/lilac-0-5aec6652.jlog
/lila/data/chodera/schrodinger/tmpdir/rustenburg/jag_SM01_micro009_SM01_micro005/lilac-0-5aec6652.mpinodes
/lila/data/chodera/schrodinger/tmpdir/rustenburg/jag_SM01_micro009_SM01_micro005/lilac-0-5aec6652
/lila/data/chodera/schrodinger/tmpdir/rustenburg/jag_SM01_micro009_SM01_micro005/lilac-0-5aec6652.recover
/lila/data/chodera/schrodinger/tmpdir/rustenburg/jag_SM01_micro009_SM01_micro005/SM01_micro009.in
/lila/data/chodera/schrodinger/tmpdir/rustenburg/jag_SM01_micro009_SM01_micro005/lilac-0-5aec6652.hosts
/lila/data/chodera/schrodinger/tmpdir/rustenburg/jag_SM01_micro009_SM01_micro005/lilac-0-5aec6652.nodes
/lila/data/chodera/schrodinger/tmpdir/rustenburg/jag_SM01_micro009_SM01_micro005/jag_SM01_micro009_SM01_micro005.recover
/lila/data/chodera/schrodinger/tmpdir/rustenburg/jag_SM01_micro009_SM01_micro005/SM01_micro005.in
/lila/data/chodera/schrodinger/tmpdir/rustenburg/jag_SM01_micro009_SM01_micro005/SM01_micro009.mae
/lila/data/chodera/schrodinger/tmpdir/rustenburg/jag_SM01_micro009_SM01_micro005/jag_SM01_micro009_SM01_micro005.log

=====================
 Jaguar pKa workflow
=====================

Analysing user-provided (prot, deprot) pair:
(SM01_micro009.in, SM01_micro005.in)
Found labile hydrogen 17 in SM01_micro009.in
Found labile hydrogen at atom 13 in SM01_micro005.in
Adding 'ipkat' keyword to input files.

Identifying pKa functional group for pair:
(SM01_micro009, SM01_micro005)

Executing subprocess:
/data/chodera/schrodinger/schrodinger2017-4-advanced/jaguar-v9.8/bin/Linux-x86_64/pka -i -j SM01_micro009.tmp.jres -n

Taking protonated structures from:
SM01_micro009.mae
Taking deprotonated structures from:
SM01_micro005.mae

This molecule from 'SM01_micro009.mae' in water was recognized as:

 # 	                  Shell                   
---	------------------------------------------
1: 	Protonation of sp3-like aliphatic nitrogen
2: 	Protonation of generic atom               


Executing conformational search...

Executing 2 distributed subjobs:
---------------------------------

No more than 8 cpu(s) will be used per subjob.
No more than 10 cpu(s) will be used simultaneously.

Processing the following subjobs:
(1) jaguar run csrch.py SM01_micro009.mae -jobname SM01_micro009 -max_conf 5 -erg_window 50.208 -acc_level 1 -TPP 5
(2) jaguar run csrch.py SM01_micro005.mae -jobname SM01_micro005 -max_conf 5 -erg_window 50.208 -acc_level 1 -TPP 5

Running subjobs on hosts:
  lsf-cpu (Max: 2)
Number of jobs:       2
Max retries per job:  3
Max allowed failures: unlimited
Run with -LOCAL:      False
Verbosity:            normal

Starting JobDJ...

Keep one job on driver host: False
JobDJ columns:
  C: Number of completed subjobs
  A: Number of active subjobs (e.g., submitted, running)
  W: Number of waiting/pending subjobs

C A W | Activity  JobId  JobName  JobHost
- - - | --------- -----------------------
0 1 1 | launched  ls01-1-5aec6665 SM01_micro009 lsf-cpu
0 2 0 | launched  ls01-1-5aec6669 SM01_micro005 lsf-cpu
1 1 0 | finished  ls01-1-5aec6665 SM01_micro009 lsf-cpu
2 0 0 | finished  ls01-1-5aec6669 SM01_micro005 lsf-cpu

All jobs have completed.

2 of 2 job(s) succeeded; 0 job(s) failed.

Timer (distribute subjobs) : 208.20 secs (0 hrs, 03 mins, 28 secs)

Setting up QM workflow for (protonated, deprotonated) pair:
(1) (SM01_micro009, SM01_micro005)

Executing Jaguar quantum-mechanical subjobs...

Executing 9 distributed subjobs:
---------------------------------

No more than 8 cpu(s) will be used per subjob.
No more than 10 cpu(s) will be used simultaneously.

Processing the following subjobs:
(1) jaguar run pka_prot.bat -jobname SM01_micro009_conf_1 SM01_micro009_conf_1.in -TPP 2
(2) jaguar run pka_prot.bat -jobname SM01_micro009_conf_2 SM01_micro009_conf_2.in
(3) jaguar run pka_prot.bat -jobname SM01_micro009_conf_3 SM01_micro009_conf_3.in
(4) jaguar run pka_prot.bat -jobname SM01_micro009_conf_4 SM01_micro009_conf_4.in
(5) jaguar run pka_prot.bat -jobname SM01_micro009_conf_5 SM01_micro009_conf_5.in
(6) jaguar run pka_deprot.bat -jobname SM01_micro005_conf_1 SM01_micro005_conf_1.in
(7) jaguar run pka_deprot.bat -jobname SM01_micro005_conf_2 SM01_micro005_conf_2.in
(8) jaguar run pka_deprot.bat -jobname SM01_micro005_conf_3 SM01_micro005_conf_3.in
(9) jaguar run pka_deprot.bat -jobname SM01_micro005_conf_4 SM01_micro005_conf_4.in

Running subjobs on hosts:
  lsf-cpu (Max: 9)
Number of jobs:       9
Max retries per job:  3
Max allowed failures: unlimited
Run with -LOCAL:      False
Verbosity:            normal

Starting JobDJ...

Keep one job on driver host: False
JobDJ columns:
  C: Number of completed subjobs
  A: Number of active subjobs (e.g., submitted, running)
  W: Number of waiting/pending subjobs

C A W | Activity  JobId  JobName  JobHost
- - - | --------- -----------------------
0 1 8 | launched  ls01-1-5aec6735 SM01_micro009_conf_1 lsf-cpu
0 2 7 | launched  ls01-2-5aec6738 SM01_micro009_conf_2 lsf-cpu
0 3 6 | launched  ls01-0-5aec673c SM01_micro009_conf_3 lsf-cpu
0 4 5 | launched  ls01-0-5aec6740 SM01_micro009_conf_4 lsf-cpu
0 5 4 | launched  ls01-0-5aec6743 SM01_micro009_conf_5 lsf-cpu
0 6 3 | launched  ls01-0-5aec6746 SM01_micro005_conf_1 lsf-cpu
0 7 2 | launched  ls01-0-5aec6749 SM01_micro005_conf_2 lsf-cpu
0 8 1 | launched  ls01-0-5aec674e SM01_micro005_conf_3 lsf-cpu
0 9 0 | launched  ls01-0-5aec6751 SM01_micro005_conf_4 lsf-cpu
1 8 0 | finished  ls01-2-5aec6738 SM01_micro009_conf_2 lsf-cpu [lt05]
2 7 0 | finished  ls01-1-5aec6735 SM01_micro009_conf_1 lsf-cpu [lt05]
3 6 0 | finished  ls01-0-5aec674e SM01_micro005_conf_3 lsf-cpu [ls10]
4 5 0 | finished  ls01-0-5aec6751 SM01_micro005_conf_4 lsf-cpu [ls07]
5 4 0 | finished  ls01-0-5aec6740 SM01_micro009_conf_4 lsf-cpu [lt01]
6 3 0 | finished  ls01-0-5aec6743 SM01_micro009_conf_5 lsf-cpu [lt03]
7 2 0 | finished  ls01-0-5aec6746 SM01_micro005_conf_1 lsf-cpu [lt04]
8 1 0 | finished  ls01-0-5aec673c SM01_micro009_conf_3 lsf-cpu [lt01]
9 0 0 | finished  ls01-0-5aec6749 SM01_micro005_conf_2 lsf-cpu [ls10]

All jobs have completed.

9 of 9 job(s) succeeded; 0 job(s) failed.

Timer (distribute subjobs) : 1405.75 secs (0 hrs, 23 mins, 25 secs)

Processing QM output files...

Executing subprocess:
/data/chodera/schrodinger/schrodinger2017-4-advanced/jaguar results -energy SM01_micro009_conf_1.nrg_h.out

Executing subprocess:
/data/chodera/schrodinger/schrodinger2017-4-advanced/jaguar results -esolv SM01_micro009_conf_1.sol_h.out

Executing subprocess:
/data/chodera/schrodinger/schrodinger2017-4-advanced/jaguar results -energy SM01_micro009_conf_2.nrg_h.out

Executing subprocess:
/data/chodera/schrodinger/schrodinger2017-4-advanced/jaguar results -esolv SM01_micro009_conf_2.sol_h.out

Executing subprocess:
/data/chodera/schrodinger/schrodinger2017-4-advanced/jaguar results -energy SM01_micro009_conf_3.nrg_h.out

Executing subprocess:
/data/chodera/schrodinger/schrodinger2017-4-advanced/jaguar results -esolv SM01_micro009_conf_3.sol_h.out

Executing subprocess:
/data/chodera/schrodinger/schrodinger2017-4-advanced/jaguar results -energy SM01_micro009_conf_4.nrg_h.out

Executing subprocess:
/data/chodera/schrodinger/schrodinger2017-4-advanced/jaguar results -esolv SM01_micro009_conf_4.sol_h.out

Executing subprocess:
/data/chodera/schrodinger/schrodinger2017-4-advanced/jaguar results -energy SM01_micro009_conf_5.nrg_h.out

Executing subprocess:
/data/chodera/schrodinger/schrodinger2017-4-advanced/jaguar results -esolv SM01_micro009_conf_5.sol_h.out

Executing subprocess:
/data/chodera/schrodinger/schrodinger2017-4-advanced/jaguar results -energy SM01_micro005_conf_1.nrg.out

Executing subprocess:
/data/chodera/schrodinger/schrodinger2017-4-advanced/jaguar results -esolv SM01_micro005_conf_1.sol.out

Executing subprocess:
/data/chodera/schrodinger/schrodinger2017-4-advanced/jaguar results -energy SM01_micro005_conf_2.nrg.out

Executing subprocess:
/data/chodera/schrodinger/schrodinger2017-4-advanced/jaguar results -esolv SM01_micro005_conf_2.sol.out

Executing subprocess:
/data/chodera/schrodinger/schrodinger2017-4-advanced/jaguar results -energy SM01_micro005_conf_3.nrg.out

Executing subprocess:
/data/chodera/schrodinger/schrodinger2017-4-advanced/jaguar results -esolv SM01_micro005_conf_3.sol.out

Executing subprocess:
/data/chodera/schrodinger/schrodinger2017-4-advanced/jaguar results -energy SM01_micro005_conf_4.nrg.out

Executing subprocess:
/data/chodera/schrodinger/schrodinger2017-4-advanced/jaguar results -esolv SM01_micro005_conf_4.sol.out

Executing subprocess:
/data/chodera/schrodinger/schrodinger2017-4-advanced/jaguar-v9.8/bin/Linux-x86_64/pka -o SM01_micro009_deprot-out.mae -j SM01_micro009.jres -n -d

Executing subprocess:
/data/chodera/schrodinger/schrodinger2017-4-advanced/jaguar-v9.8/bin/Linux-x86_64/pka -o SM01_micro009_prot-out.mae -j SM01_micro009.jres -n

pKa calculation for SM01_micro009 completed.

pKa workflow jag_SM01_micro009_SM01_micro005 completed.

Timer (Jaguar pKa) : 1677.30 secs (0 hrs, 27 mins, 57 secs)
Timer (jaguar_backend.py) : 1677.30 secs (0 hrs, 27 mins, 57 secs)
Finished:   Fri May  4 10:23:40 2018
