Command:    jaguar run pka.py -jobname jag_SM23_micro020_SM23_micro036 -PARALLEL 10 -n -csrch -prot SM23_micro020.in -deprot SM23_micro036.in
Release:    2017-4
Exec:       /data/chodera/schrodinger/schrodinger2017-4-advanced/jaguar-v9.8/bin/Linux-x86_64
Host:       lt01
JobId:      lilac-0-5aecd2ed
JobDir:     /lila/data/chodera/schrodinger/tmpdir/rustenburg/jag_SM23_micro020_SM23_micro036
Date:       Fri May  4 19:20:54 2018

Contents of /lila/data/chodera/schrodinger/tmpdir/rustenburg/jag_SM23_micro020_SM23_micro036:
/lila/data/chodera/schrodinger/tmpdir/rustenburg/jag_SM23_micro020_SM23_micro036/SM23_micro020.mae
/lila/data/chodera/schrodinger/tmpdir/rustenburg/jag_SM23_micro020_SM23_micro036/jag_SM23_micro020_SM23_micro036.recover
/lila/data/chodera/schrodinger/tmpdir/rustenburg/jag_SM23_micro020_SM23_micro036/lilac-0-5aecd2ed.hosts
/lila/data/chodera/schrodinger/tmpdir/rustenburg/jag_SM23_micro020_SM23_micro036/jag_SM23_micro020_SM23_micro036.log
/lila/data/chodera/schrodinger/tmpdir/rustenburg/jag_SM23_micro020_SM23_micro036/SM23_micro036.mae
/lila/data/chodera/schrodinger/tmpdir/rustenburg/jag_SM23_micro020_SM23_micro036/SM23_micro020.in
/lila/data/chodera/schrodinger/tmpdir/rustenburg/jag_SM23_micro020_SM23_micro036/lilac-0-5aecd2ed.recover
/lila/data/chodera/schrodinger/tmpdir/rustenburg/jag_SM23_micro020_SM23_micro036/lilac-0-5aecd2ed.mpinodes
/lila/data/chodera/schrodinger/tmpdir/rustenburg/jag_SM23_micro020_SM23_micro036/lilac-0-5aecd2ed.nodes
/lila/data/chodera/schrodinger/tmpdir/rustenburg/jag_SM23_micro020_SM23_micro036/lilac-0-5aecd2ed.jlog
/lila/data/chodera/schrodinger/tmpdir/rustenburg/jag_SM23_micro020_SM23_micro036/SM23_micro036.in
/lila/data/chodera/schrodinger/tmpdir/rustenburg/jag_SM23_micro020_SM23_micro036/lilac-0-5aecd2ed

=====================
 Jaguar pKa workflow
=====================

Analysing user-provided (prot, deprot) pair:
(SM23_micro020.in, SM23_micro036.in)
Error: heavy atoms are different in input files:
SM23_micro020.in
SM23_micro036.in


An error has occurred.  Information about the error has been written to 
/home/rustenburg/.schrodinger/exceptions/error20180504-192054.txt 

Please contact help@schrodinger.com for assistance. Include error20180504-192054.txt and a description of what you were doing when the error occurred.
