Command:    jaguar run pka.py -jobname jag_SM24_micro025_SM24_micro004 -PARALLEL 10 -WAIT -n -csrch -prot SM24_micro025.in -deprot SM24_micro004.in
Release:    2017-4
Exec:       /data/chodera/schrodinger/schrodinger2017-4-advanced/jaguar-v9.8/bin/Linux-x86_64
Host:       lt08
JobId:      lt08-0-5af477c9
JobDir:     /lila/data/chodera/schrodinger/tmpdir/rustenburg/jag_SM24_micro025_SM24_micro004.1
Date:       Thu May 10 12:48:21 2018

Contents of /lila/data/chodera/schrodinger/tmpdir/rustenburg/jag_SM24_micro025_SM24_micro004.1:
/lila/data/chodera/schrodinger/tmpdir/rustenburg/jag_SM24_micro025_SM24_micro004.1/jag_SM24_micro025_SM24_micro004.recover
/lila/data/chodera/schrodinger/tmpdir/rustenburg/jag_SM24_micro025_SM24_micro004.1/lt08-0-5af477c9
/lila/data/chodera/schrodinger/tmpdir/rustenburg/jag_SM24_micro025_SM24_micro004.1/jag_SM24_micro025_SM24_micro004.log
/lila/data/chodera/schrodinger/tmpdir/rustenburg/jag_SM24_micro025_SM24_micro004.1/SM24_micro004.mae
/lila/data/chodera/schrodinger/tmpdir/rustenburg/jag_SM24_micro025_SM24_micro004.1/SM24_micro025.mae
/lila/data/chodera/schrodinger/tmpdir/rustenburg/jag_SM24_micro025_SM24_micro004.1/SM24_micro004.in
/lila/data/chodera/schrodinger/tmpdir/rustenburg/jag_SM24_micro025_SM24_micro004.1/lt08-0-5af477c9.recover
/lila/data/chodera/schrodinger/tmpdir/rustenburg/jag_SM24_micro025_SM24_micro004.1/lt08-0-5af477c9.mpinodes
/lila/data/chodera/schrodinger/tmpdir/rustenburg/jag_SM24_micro025_SM24_micro004.1/SM24_micro025.in

=====================
 Jaguar pKa workflow
=====================

Analysing user-provided (prot, deprot) pair:
(SM24_micro025.in, SM24_micro004.in)
Found labile hydrogen 30 in SM24_micro025.in
Found labile hydrogen at atom 22 in SM24_micro004.in
Adding 'ipkat' keyword to input files.

Identifying pKa functional group for pair:
(SM24_micro025, SM24_micro004)

Executing subprocess:
/data/chodera/schrodinger/schrodinger2017-4-advanced/jaguar-v9.8/bin/Linux-x86_64/pka -i -j SM24_micro025.tmp.jres -n

Taking protonated structures from:
SM24_micro025.mae
Taking deprotonated structures from:
SM24_micro004.mae

This molecule from 'SM24_micro025.mae' in water was recognized as:

 # 	           Shell           
---	---------------------------
1: 	Protonation of generic atom


Executing conformational search...

Executing 2 distributed subjobs:
---------------------------------

No more than 8 cpu(s) will be used per subjob.
No more than 10 cpu(s) will be used simultaneously.

Processing the following subjobs:
(1) jaguar run csrch.py SM24_micro025.mae -jobname SM24_micro025 -max_conf 5 -erg_window 50.208 -acc_level 1 -TPP 5
(2) jaguar run csrch.py SM24_micro004.mae -jobname SM24_micro004 -max_conf 5 -erg_window 50.208 -acc_level 1 -TPP 5

Running subjobs on hosts:
  localhost (Max: 2)
Number of jobs:       2
Max retries per job:  3
Max allowed failures: unlimited
Run with -LOCAL:      False
Verbosity:            normal

Starting JobDJ...

Keep one job on driver host: False
JobDJ columns:
  C: Number of completed subjobs
  A: Number of active subjobs (e.g., submitted, running)
  W: Number of waiting/pending subjobs

C A W | Activity  JobId  JobName  JobHost
- - - | --------- -----------------------
0 1 1 | launched  lt08-0-5af477e9 SM24_micro025 localhost [lt08]
0 2 0 | launched  lt08-0-5af477f5 SM24_micro004 localhost [lt08]
1 1 0 | finished  lt08-0-5af477e9 SM24_micro025 localhost [lt08]
2 0 0 | finished  lt08-0-5af477f5 SM24_micro004 localhost [lt08]

All jobs have completed.

2 of 2 job(s) succeeded; 0 job(s) failed.

Timer (distribute subjobs) : 4200.80 secs (1 hrs, 10 mins, 00 secs)

Setting up QM workflow for (protonated, deprotonated) pair:
(1) (SM24_micro025, SM24_micro004)

Executing Jaguar quantum-mechanical subjobs...

Executing 10 distributed subjobs:
----------------------------------

No more than 8 cpu(s) will be used per subjob.
No more than 10 cpu(s) will be used simultaneously.

Processing the following subjobs:
(1) jaguar run pka_prot.bat -jobname SM24_micro025_conf_1 SM24_micro025_conf_1.in
(2) jaguar run pka_prot.bat -jobname SM24_micro025_conf_2 SM24_micro025_conf_2.in
(3) jaguar run pka_prot.bat -jobname SM24_micro025_conf_3 SM24_micro025_conf_3.in
(4) jaguar run pka_prot.bat -jobname SM24_micro025_conf_4 SM24_micro025_conf_4.in
(5) jaguar run pka_prot.bat -jobname SM24_micro025_conf_5 SM24_micro025_conf_5.in
(6) jaguar run pka_deprot.bat -jobname SM24_micro004_conf_1 SM24_micro004_conf_1.in
(7) jaguar run pka_deprot.bat -jobname SM24_micro004_conf_2 SM24_micro004_conf_2.in
(8) jaguar run pka_deprot.bat -jobname SM24_micro004_conf_3 SM24_micro004_conf_3.in
(9) jaguar run pka_deprot.bat -jobname SM24_micro004_conf_4 SM24_micro004_conf_4.in
(10) jaguar run pka_deprot.bat -jobname SM24_micro004_conf_5 SM24_micro004_conf_5.in

Running subjobs on hosts:
  localhost (Max: 10)
Number of jobs:       10
Max retries per job:  3
Max allowed failures: unlimited
Run with -LOCAL:      False
Verbosity:            normal

Starting JobDJ...

Keep one job on driver host: False
JobDJ columns:
  C: Number of completed subjobs
  A: Number of active subjobs (e.g., submitted, running)
  W: Number of waiting/pending subjobs

 C  A  W | Activity  JobId  JobName  JobHost
-- -- -- | --------- -----------------------
 0  1  9 | launched  lt08-0-5af4885c SM24_micro025_conf_1 localhost [lt08]
 0  2  8 | launched  lt08-0-5af48871 SM24_micro025_conf_2 localhost [lt08]
 0  3  7 | launched  lt08-0-5af48884 SM24_micro025_conf_3 localhost [lt08]
 0  4  6 | launched  lt08-0-5af488b0 SM24_micro025_conf_4 localhost [lt08]
 0  5  5 | launched  lt08-0-5af488c2 SM24_micro025_conf_5 localhost [lt08]
 0  6  4 | launched  lt08-0-5af488f8 SM24_micro004_conf_1 localhost [lt08]
 0  7  3 | launched  lt08-0-5af48912 SM24_micro004_conf_2 localhost [lt08]
 0  8  2 | launched  lt08-1-5af48936 SM24_micro004_conf_3 localhost [lt08]
 0  9  1 | launched  lt08-0-5af4895a SM24_micro004_conf_4 localhost [lt08]
 0 10  0 | launched  lt08-1-5af48973 SM24_micro004_conf_5 localhost [lt08]
