Command:    jaguar run pka.py -jobname jag_SM18_micro007_SM18_micro070 -PARALLEL 10 -n -csrch -prot SM18_micro007.in -deprot SM18_micro070.in
Release:    2017-4
Exec:       /data/chodera/schrodinger/schrodinger2017-4-advanced/jaguar-v9.8/bin/Linux-x86_64
Host:       lt05
JobId:      lilac-0-5aecae51
JobDir:     /lila/data/chodera/schrodinger/tmpdir/rustenburg/jag_SM18_micro007_SM18_micro070
Date:       Fri May  4 15:11:35 2018

Contents of /lila/data/chodera/schrodinger/tmpdir/rustenburg/jag_SM18_micro007_SM18_micro070:
/lila/data/chodera/schrodinger/tmpdir/rustenburg/jag_SM18_micro007_SM18_micro070/lilac-0-5aecae51.recover
/lila/data/chodera/schrodinger/tmpdir/rustenburg/jag_SM18_micro007_SM18_micro070/SM18_micro070.in
/lila/data/chodera/schrodinger/tmpdir/rustenburg/jag_SM18_micro007_SM18_micro070/lilac-0-5aecae51.mpinodes
/lila/data/chodera/schrodinger/tmpdir/rustenburg/jag_SM18_micro007_SM18_micro070/lilac-0-5aecae51
/lila/data/chodera/schrodinger/tmpdir/rustenburg/jag_SM18_micro007_SM18_micro070/jag_SM18_micro007_SM18_micro070.log
/lila/data/chodera/schrodinger/tmpdir/rustenburg/jag_SM18_micro007_SM18_micro070/lilac-0-5aecae51.hosts
/lila/data/chodera/schrodinger/tmpdir/rustenburg/jag_SM18_micro007_SM18_micro070/SM18_micro007.mae
/lila/data/chodera/schrodinger/tmpdir/rustenburg/jag_SM18_micro007_SM18_micro070/SM18_micro007.in
/lila/data/chodera/schrodinger/tmpdir/rustenburg/jag_SM18_micro007_SM18_micro070/lilac-0-5aecae51.jlog
/lila/data/chodera/schrodinger/tmpdir/rustenburg/jag_SM18_micro007_SM18_micro070/jag_SM18_micro007_SM18_micro070.recover
/lila/data/chodera/schrodinger/tmpdir/rustenburg/jag_SM18_micro007_SM18_micro070/SM18_micro070.mae
/lila/data/chodera/schrodinger/tmpdir/rustenburg/jag_SM18_micro007_SM18_micro070/lilac-0-5aecae51.nodes

=====================
 Jaguar pKa workflow
=====================

Analysing user-provided (prot, deprot) pair:
(SM18_micro007.in, SM18_micro070.in)
Found labile hydrogen 32 in SM18_micro007.in
Found labile hydrogen at atom 11 in SM18_micro070.in
Adding 'ipkat' keyword to input files.

Identifying pKa functional group for pair:
(SM18_micro007, SM18_micro070)

Executing subprocess:
/data/chodera/schrodinger/schrodinger2017-4-advanced/jaguar-v9.8/bin/Linux-x86_64/pka -i -j SM18_micro007.tmp.jres -n

Taking protonated structures from:
SM18_micro007.mae
Taking deprotonated structures from:
SM18_micro070.mae

This molecule from 'SM18_micro007.mae' in water was recognized as:

 # 	           Shell           
---	---------------------------
1: 	4-pyrimidone as base       
2: 	heterocycle custom 1       
3: 	heterocycle                
4: 	Protonation of generic atom


Executing conformational search...

Executing 2 distributed subjobs:
---------------------------------

No more than 8 cpu(s) will be used per subjob.
No more than 10 cpu(s) will be used simultaneously.

Processing the following subjobs:
(1) jaguar run csrch.py SM18_micro007.mae -jobname SM18_micro007 -max_conf 5 -erg_window 50.208 -acc_level 1 -TPP 5
(2) jaguar run csrch.py SM18_micro070.mae -jobname SM18_micro070 -max_conf 5 -erg_window 50.208 -acc_level 1 -TPP 5

Running subjobs on hosts:
  lsf-cpu (Max: 2)
Number of jobs:       2
Max retries per job:  3
Max allowed failures: unlimited
Run with -LOCAL:      False
Verbosity:            normal

Starting JobDJ...

Keep one job on driver host: False
JobDJ columns:
  C: Number of completed subjobs
  A: Number of active subjobs (e.g., submitted, running)
  W: Number of waiting/pending subjobs

C A W | Activity  JobId  JobName  JobHost
- - - | --------- -----------------------
0 1 1 | launched  lt05-0-5aecb06e SM18_micro007 lsf-cpu
0 2 0 | launched  lt05-0-5aecb071 SM18_micro070 lsf-cpu
1 1 0 | finished  lt05-0-5aecb06e SM18_micro007 lsf-cpu [ls15]
2 0 0 | finished  lt05-0-5aecb071 SM18_micro070 lsf-cpu [ls10]

All jobs have completed.

2 of 2 job(s) succeeded; 0 job(s) failed.

Timer (distribute subjobs) : 2966.19 secs (0 hrs, 49 mins, 26 secs)

Setting up QM workflow for (protonated, deprotonated) pair:
(1) (SM18_micro007, SM18_micro070)

Executing Jaguar quantum-mechanical subjobs...

Executing 10 distributed subjobs:
----------------------------------

No more than 8 cpu(s) will be used per subjob.
No more than 10 cpu(s) will be used simultaneously.

Processing the following subjobs:
(1) jaguar run pka_prot.bat -jobname SM18_micro007_conf_1 SM18_micro007_conf_1.in
(2) jaguar run pka_prot.bat -jobname SM18_micro007_conf_2 SM18_micro007_conf_2.in
(3) jaguar run pka_prot.bat -jobname SM18_micro007_conf_3 SM18_micro007_conf_3.in
(4) jaguar run pka_prot.bat -jobname SM18_micro007_conf_4 SM18_micro007_conf_4.in
(5) jaguar run pka_prot.bat -jobname SM18_micro007_conf_5 SM18_micro007_conf_5.in
(6) jaguar run pka_deprot.bat -jobname SM18_micro070_conf_1 SM18_micro070_conf_1.in
(7) jaguar run pka_deprot.bat -jobname SM18_micro070_conf_2 SM18_micro070_conf_2.in
(8) jaguar run pka_deprot.bat -jobname SM18_micro070_conf_3 SM18_micro070_conf_3.in
(9) jaguar run pka_deprot.bat -jobname SM18_micro070_conf_4 SM18_micro070_conf_4.in
(10) jaguar run pka_deprot.bat -jobname SM18_micro070_conf_5 SM18_micro070_conf_5.in

Running subjobs on hosts:
  lsf-cpu (Max: 10)
Number of jobs:       10
Max retries per job:  3
Max allowed failures: unlimited
Run with -LOCAL:      False
Verbosity:            normal

Starting JobDJ...

Keep one job on driver host: True
JobDJ columns:
  C: Number of completed subjobs
  A: Number of active subjobs (e.g., submitted, running)
  W: Number of waiting/pending subjobs

 C  A  W | Activity  JobId  JobName  JobHost
-- -- -- | --------- -----------------------
 0  1  9 | launched  lt05-0-5aecbc04 SM18_micro007_conf_1 localhost [lt05]
 0  2  8 | launched  lt05-0-5aecbc07 SM18_micro007_conf_2 lsf-cpu
 0  3  7 | launched  lt05-0-5aecbc0b SM18_micro007_conf_3 lsf-cpu
 0  4  6 | launched  lt05-0-5aecbc0d SM18_micro007_conf_4 lsf-cpu
 0  5  5 | launched  lt05-0-5aecbc11 SM18_micro007_conf_5 lsf-cpu
 0  6  4 | launched  lt05-0-5aecbc14 SM18_micro070_conf_1 lsf-cpu
 0  7  3 | launched  lt05-0-5aecbc18 SM18_micro070_conf_2 lsf-cpu
 0  8  2 | launched  lt05-0-5aecbc1c SM18_micro070_conf_3 lsf-cpu
 0  9  1 | launched  lt05-0-5aecbc1f SM18_micro070_conf_4 lsf-cpu
 0 10  0 | launched  lt05-0-5aecbc22 SM18_micro070_conf_5 lsf-cpu
 1  9  0 | finished  lt05-0-5aecbc18 SM18_micro070_conf_2 lsf-cpu [lt02]
 2  8  0 | finished  lt05-0-5aecbc14 SM18_micro070_conf_1 lsf-cpu [lt02]
 3  7  0 | finished  lt05-0-5aecbc22 SM18_micro070_conf_5 lsf-cpu [lt02]
 4  6  0 | finished  lt05-0-5aecbc1c SM18_micro070_conf_3 lsf-cpu [lt02]
 5  5  0 | finished  lt05-0-5aecbc1f SM18_micro070_conf_4 lsf-cpu [lt02]
 6  4  0 | finished  lt05-0-5aecbc04 SM18_micro007_conf_1 localhost [lt05]
 7  3  0 | finished  lt05-0-5aecbc07 SM18_micro007_conf_2 lsf-cpu [lt02]
 8  2  0 | finished  lt05-0-5aecbc0d SM18_micro007_conf_4 lsf-cpu [lt02]
 9  1  0 | finished  lt05-0-5aecbc11 SM18_micro007_conf_5 lsf-cpu [lt02]
10  0  0 | finished  lt05-0-5aecbc0b SM18_micro007_conf_3 lsf-cpu [lt02]

All jobs have completed.

10 of 10 job(s) succeeded; 0 job(s) failed.

Timer (distribute subjobs) : 20270.19 secs (5 hrs, 37 mins, 50 secs)

Processing QM output files...

Executing subprocess:
/data/chodera/schrodinger/schrodinger2017-4-advanced/jaguar results -energy SM18_micro007_conf_1.nrg_h.out

Executing subprocess:
/data/chodera/schrodinger/schrodinger2017-4-advanced/jaguar results -esolv SM18_micro007_conf_1.sol_h.out

Executing subprocess:
/data/chodera/schrodinger/schrodinger2017-4-advanced/jaguar results -energy SM18_micro007_conf_2.nrg_h.out

Executing subprocess:
/data/chodera/schrodinger/schrodinger2017-4-advanced/jaguar results -esolv SM18_micro007_conf_2.sol_h.out

Executing subprocess:
/data/chodera/schrodinger/schrodinger2017-4-advanced/jaguar results -energy SM18_micro007_conf_3.nrg_h.out

Executing subprocess:
/data/chodera/schrodinger/schrodinger2017-4-advanced/jaguar results -esolv SM18_micro007_conf_3.sol_h.out

Executing subprocess:
/data/chodera/schrodinger/schrodinger2017-4-advanced/jaguar results -energy SM18_micro007_conf_4.nrg_h.out

Executing subprocess:
/data/chodera/schrodinger/schrodinger2017-4-advanced/jaguar results -esolv SM18_micro007_conf_4.sol_h.out

Executing subprocess:
/data/chodera/schrodinger/schrodinger2017-4-advanced/jaguar results -energy SM18_micro007_conf_5.nrg_h.out

Executing subprocess:
/data/chodera/schrodinger/schrodinger2017-4-advanced/jaguar results -esolv SM18_micro007_conf_5.sol_h.out

Executing subprocess:
/data/chodera/schrodinger/schrodinger2017-4-advanced/jaguar results -energy SM18_micro070_conf_1.nrg.out

Executing subprocess:
/data/chodera/schrodinger/schrodinger2017-4-advanced/jaguar results -esolv SM18_micro070_conf_1.sol.out

Executing subprocess:
/data/chodera/schrodinger/schrodinger2017-4-advanced/jaguar results -energy SM18_micro070_conf_2.nrg.out

Executing subprocess:
/data/chodera/schrodinger/schrodinger2017-4-advanced/jaguar results -esolv SM18_micro070_conf_2.sol.out

Executing subprocess:
/data/chodera/schrodinger/schrodinger2017-4-advanced/jaguar results -energy SM18_micro070_conf_3.nrg.out

Executing subprocess:
/data/chodera/schrodinger/schrodinger2017-4-advanced/jaguar results -esolv SM18_micro070_conf_3.sol.out

Executing subprocess:
/data/chodera/schrodinger/schrodinger2017-4-advanced/jaguar results -energy SM18_micro070_conf_4.nrg.out

Executing subprocess:
/data/chodera/schrodinger/schrodinger2017-4-advanced/jaguar results -esolv SM18_micro070_conf_4.sol.out

Executing subprocess:
/data/chodera/schrodinger/schrodinger2017-4-advanced/jaguar results -energy SM18_micro070_conf_5.nrg.out

Executing subprocess:
/data/chodera/schrodinger/schrodinger2017-4-advanced/jaguar results -esolv SM18_micro070_conf_5.sol.out

Executing subprocess:
/data/chodera/schrodinger/schrodinger2017-4-advanced/jaguar-v9.8/bin/Linux-x86_64/pka -o SM18_micro007_deprot-out.mae -j SM18_micro007.jres -n -d

Executing subprocess:
/data/chodera/schrodinger/schrodinger2017-4-advanced/jaguar-v9.8/bin/Linux-x86_64/pka -o SM18_micro007_prot-out.mae -j SM18_micro007.jres -n

pKa calculation for SM18_micro007 completed.

pKa workflow jag_SM18_micro007_SM18_micro070 completed.

Timer (Jaguar pKa) : 23329.15 secs (6 hrs, 28 mins, 49 secs)
Timer (jaguar_backend.py) : 23329.15 secs (6 hrs, 28 mins, 49 secs)
Finished:   Fri May  4 21:40:24 2018
