Command:    jaguar run pka.py -jobname jag_SM18_micro065_SM18_micro052 -PARALLEL 10 -WAIT -n -csrch -prot SM18_micro065.in -deprot SM18_micro052.in
Release:    2017-4
Exec:       /data/chodera/schrodinger/schrodinger2017-4-advanced/jaguar-v9.8/bin/Linux-x86_64
Host:       lt04
JobId:      lt04-1-5af456dc
JobDir:     /lila/data/chodera/schrodinger/tmpdir/rustenburg/jag_SM18_micro065_SM18_micro052.1
Date:       Thu May 10 10:27:43 2018

Contents of /lila/data/chodera/schrodinger/tmpdir/rustenburg/jag_SM18_micro065_SM18_micro052.1:
/lila/data/chodera/schrodinger/tmpdir/rustenburg/jag_SM18_micro065_SM18_micro052.1/SM18_micro052.in
/lila/data/chodera/schrodinger/tmpdir/rustenburg/jag_SM18_micro065_SM18_micro052.1/lt04-1-5af456dc
/lila/data/chodera/schrodinger/tmpdir/rustenburg/jag_SM18_micro065_SM18_micro052.1/jag_SM18_micro065_SM18_micro052.log
/lila/data/chodera/schrodinger/tmpdir/rustenburg/jag_SM18_micro065_SM18_micro052.1/lt04-1-5af456dc.mpinodes
/lila/data/chodera/schrodinger/tmpdir/rustenburg/jag_SM18_micro065_SM18_micro052.1/SM18_micro052.mae
/lila/data/chodera/schrodinger/tmpdir/rustenburg/jag_SM18_micro065_SM18_micro052.1/jag_SM18_micro065_SM18_micro052.recover
/lila/data/chodera/schrodinger/tmpdir/rustenburg/jag_SM18_micro065_SM18_micro052.1/SM18_micro065.in
/lila/data/chodera/schrodinger/tmpdir/rustenburg/jag_SM18_micro065_SM18_micro052.1/SM18_micro065.mae
/lila/data/chodera/schrodinger/tmpdir/rustenburg/jag_SM18_micro065_SM18_micro052.1/lt04-1-5af456dc.recover

=====================
 Jaguar pKa workflow
=====================

Analysing user-provided (prot, deprot) pair:
(SM18_micro065.in, SM18_micro052.in)
Found labile hydrogen 38 in SM18_micro065.in
Found labile hydrogen at atom 13 in SM18_micro052.in
Adding 'ipkat' keyword to input files.

Identifying pKa functional group for pair:
(SM18_micro065, SM18_micro052)

Executing subprocess:
/data/chodera/schrodinger/schrodinger2017-4-advanced/jaguar-v9.8/bin/Linux-x86_64/pka -i -j SM18_micro065.tmp.jres -n

Taking protonated structures from:
SM18_micro065.mae
Taking deprotonated structures from:
SM18_micro052.mae

This molecule from 'SM18_micro065.mae' in water was recognized as:

 # 	                 Shell                  
---	----------------------------------------
1: 	mono keto CH acid                       
2: 	Protonation of generic atom             
3: 	aliphatic CH acid in water              
4: 	Protonation of sp2-like aliphatic carbon


Executing conformational search...

Executing 2 distributed subjobs:
---------------------------------

No more than 8 cpu(s) will be used per subjob.
No more than 10 cpu(s) will be used simultaneously.

Processing the following subjobs:
(1) jaguar run csrch.py SM18_micro065.mae -jobname SM18_micro065 -max_conf 5 -erg_window 50.208 -acc_level 1 -TPP 5
(2) jaguar run csrch.py SM18_micro052.mae -jobname SM18_micro052 -max_conf 5 -erg_window 50.208 -acc_level 1 -TPP 5

Running subjobs on hosts:
  localhost (Max: 2)
Number of jobs:       2
Max retries per job:  3
Max allowed failures: unlimited
Run with -LOCAL:      False
Verbosity:            normal

Starting JobDJ...

Keep one job on driver host: False
JobDJ columns:
  C: Number of completed subjobs
  A: Number of active subjobs (e.g., submitted, running)
  W: Number of waiting/pending subjobs

C A W | Activity  JobId  JobName  JobHost
- - - | --------- -----------------------
0 1 1 | launched  lt04-0-5af456e4 SM18_micro065 localhost [lt04]
0 2 0 | launched  lt04-0-5af456e6 SM18_micro052 localhost [lt04]
1 1 0 | finished  lt04-0-5af456e6 SM18_micro052 localhost [lt04]
2 0 0 | finished  lt04-0-5af456e4 SM18_micro065 localhost [lt04]

All jobs have completed.

2 of 2 job(s) succeeded; 0 job(s) failed.

Timer (distribute subjobs) : 8515.69 secs (2 hrs, 21 mins, 55 secs)

Setting up QM workflow for (protonated, deprotonated) pair:
(1) (SM18_micro065, SM18_micro052)

Executing Jaguar quantum-mechanical subjobs...

Executing 10 distributed subjobs:
----------------------------------

No more than 8 cpu(s) will be used per subjob.
No more than 10 cpu(s) will be used simultaneously.

Processing the following subjobs:
(1) jaguar run pka_prot.bat -jobname SM18_micro065_conf_1 SM18_micro065_conf_1.in
(2) jaguar run pka_prot.bat -jobname SM18_micro065_conf_2 SM18_micro065_conf_2.in
(3) jaguar run pka_prot.bat -jobname SM18_micro065_conf_3 SM18_micro065_conf_3.in
(4) jaguar run pka_prot.bat -jobname SM18_micro065_conf_4 SM18_micro065_conf_4.in
(5) jaguar run pka_prot.bat -jobname SM18_micro065_conf_5 SM18_micro065_conf_5.in
(6) jaguar run pka_deprot.bat -jobname SM18_micro052_conf_1 SM18_micro052_conf_1.in
(7) jaguar run pka_deprot.bat -jobname SM18_micro052_conf_2 SM18_micro052_conf_2.in
(8) jaguar run pka_deprot.bat -jobname SM18_micro052_conf_3 SM18_micro052_conf_3.in
(9) jaguar run pka_deprot.bat -jobname SM18_micro052_conf_4 SM18_micro052_conf_4.in
(10) jaguar run pka_deprot.bat -jobname SM18_micro052_conf_5 SM18_micro052_conf_5.in

Running subjobs on hosts:
  localhost (Max: 10)
Number of jobs:       10
Max retries per job:  3
Max allowed failures: unlimited
Run with -LOCAL:      False
Verbosity:            normal

Starting JobDJ...

Keep one job on driver host: False
JobDJ columns:
  C: Number of completed subjobs
  A: Number of active subjobs (e.g., submitted, running)
  W: Number of waiting/pending subjobs

 C  A  W | Activity  JobId  JobName  JobHost
-- -- -- | --------- -----------------------
 0  1  9 | launched  lt04-0-5af47844 SM18_micro065_conf_1 localhost [lt04]
 0  2  8 | launched  lt04-0-5af47872 SM18_micro065_conf_2 localhost [lt04]
 0  3  7 | launched  lt04-0-5af4788f SM18_micro065_conf_3 localhost [lt04]
 0  4  6 | launched  lt04-0-5af478ab SM18_micro065_conf_4 localhost [lt04]
 0  5  5 | launched  lt04-1-5af478ce SM18_micro065_conf_5 localhost [lt04]
 0  6  4 | launched  lt04-0-5af4790c SM18_micro052_conf_1 localhost [lt04]
 0  7  3 | launched  lt04-0-5af47950 SM18_micro052_conf_2 localhost [lt04]
 0  8  2 | launched  lt04-0-5af4796b SM18_micro052_conf_3 localhost [lt04]
 0  9  1 | launched  lt04-0-5af47987 SM18_micro052_conf_4 localhost [lt04]
 0 10  0 | launched  lt04-0-5af479af SM18_micro052_conf_5 localhost [lt04]
