Command:    jaguar run pka.py -jobname jag_SM10_micro020_SM10_micro018 -PARALLEL 10 -n -csrch -prot SM10_micro020.in -deprot SM10_micro018.in
Release:    2017-4
Exec:       /data/chodera/schrodinger/schrodinger2017-4-advanced/jaguar-v9.8/bin/Linux-x86_64
Host:       lt16
JobId:      lilac-0-5aec81c4
JobDir:     /lila/data/chodera/schrodinger/tmpdir/rustenburg/jag_SM10_micro020_SM10_micro018
Date:       Fri May  4 12:03:44 2018

Contents of /lila/data/chodera/schrodinger/tmpdir/rustenburg/jag_SM10_micro020_SM10_micro018:
/lila/data/chodera/schrodinger/tmpdir/rustenburg/jag_SM10_micro020_SM10_micro018/lilac-0-5aec81c4.recover
/lila/data/chodera/schrodinger/tmpdir/rustenburg/jag_SM10_micro020_SM10_micro018/SM10_micro020.mae
/lila/data/chodera/schrodinger/tmpdir/rustenburg/jag_SM10_micro020_SM10_micro018/lilac-0-5aec81c4.nodes
/lila/data/chodera/schrodinger/tmpdir/rustenburg/jag_SM10_micro020_SM10_micro018/lilac-0-5aec81c4.jlog
/lila/data/chodera/schrodinger/tmpdir/rustenburg/jag_SM10_micro020_SM10_micro018/SM10_micro018.mae
/lila/data/chodera/schrodinger/tmpdir/rustenburg/jag_SM10_micro020_SM10_micro018/lilac-0-5aec81c4
/lila/data/chodera/schrodinger/tmpdir/rustenburg/jag_SM10_micro020_SM10_micro018/jag_SM10_micro020_SM10_micro018.recover
/lila/data/chodera/schrodinger/tmpdir/rustenburg/jag_SM10_micro020_SM10_micro018/SM10_micro018.in
/lila/data/chodera/schrodinger/tmpdir/rustenburg/jag_SM10_micro020_SM10_micro018/lilac-0-5aec81c4.hosts
/lila/data/chodera/schrodinger/tmpdir/rustenburg/jag_SM10_micro020_SM10_micro018/jag_SM10_micro020_SM10_micro018.log
/lila/data/chodera/schrodinger/tmpdir/rustenburg/jag_SM10_micro020_SM10_micro018/lilac-0-5aec81c4.mpinodes
/lila/data/chodera/schrodinger/tmpdir/rustenburg/jag_SM10_micro020_SM10_micro018/SM10_micro020.in

=====================
 Jaguar pKa workflow
=====================

Analysing user-provided (prot, deprot) pair:
(SM10_micro020.in, SM10_micro018.in)
Found labile hydrogen 23 in SM10_micro020.in
Found labile hydrogen at atom 15 in SM10_micro018.in
Adding 'ipkat' keyword to input files.

Identifying pKa functional group for pair:
(SM10_micro020, SM10_micro018)

Executing subprocess:
/data/chodera/schrodinger/schrodinger2017-4-advanced/jaguar-v9.8/bin/Linux-x86_64/pka -i -j SM10_micro020.tmp.jres -n

Taking protonated structures from:
SM10_micro020.mae
Taking deprotonated structures from:
SM10_micro018.mae

This molecule from 'SM10_micro020.mae' in water was recognized as:

 # 	           Shell           
---	---------------------------
1: 	Protonation of generic atom


Executing conformational search...

Executing 2 distributed subjobs:
---------------------------------

No more than 8 cpu(s) will be used per subjob.
No more than 10 cpu(s) will be used simultaneously.

Processing the following subjobs:
(1) jaguar run csrch.py SM10_micro020.mae -jobname SM10_micro020 -max_conf 5 -erg_window 50.208 -acc_level 1 -TPP 5
(2) jaguar run csrch.py SM10_micro018.mae -jobname SM10_micro018 -max_conf 5 -erg_window 50.208 -acc_level 1 -TPP 5

Running subjobs on hosts:
  lsf-cpu (Max: 2)
Number of jobs:       2
Max retries per job:  3
Max allowed failures: unlimited
Run with -LOCAL:      False
Verbosity:            normal

Starting JobDJ...

Keep one job on driver host: False
JobDJ columns:
  C: Number of completed subjobs
  A: Number of active subjobs (e.g., submitted, running)
  W: Number of waiting/pending subjobs

C A W | Activity  JobId  JobName  JobHost
- - - | --------- -----------------------
0 1 1 | launched  lt16-0-5aec8468 SM10_micro020 lsf-cpu
0 2 0 | launched  lt16-0-5aec846c SM10_micro018 lsf-cpu
1 1 0 | finished  lt16-0-5aec8468 SM10_micro020 lsf-cpu [ls11]
2 0 0 | finished  lt16-0-5aec846c SM10_micro018 lsf-cpu [ls11]

All jobs have completed.

2 of 2 job(s) succeeded; 0 job(s) failed.

Timer (distribute subjobs) : 2140.01 secs (0 hrs, 35 mins, 40 secs)

Setting up QM workflow for (protonated, deprotonated) pair:
(1) (SM10_micro020, SM10_micro018)

Executing Jaguar quantum-mechanical subjobs...

Executing 10 distributed subjobs:
----------------------------------

No more than 8 cpu(s) will be used per subjob.
No more than 10 cpu(s) will be used simultaneously.

Processing the following subjobs:
(1) jaguar run pka_prot.bat -jobname SM10_micro020_conf_1 SM10_micro020_conf_1.in
(2) jaguar run pka_prot.bat -jobname SM10_micro020_conf_2 SM10_micro020_conf_2.in
(3) jaguar run pka_prot.bat -jobname SM10_micro020_conf_3 SM10_micro020_conf_3.in
(4) jaguar run pka_prot.bat -jobname SM10_micro020_conf_4 SM10_micro020_conf_4.in
(5) jaguar run pka_prot.bat -jobname SM10_micro020_conf_5 SM10_micro020_conf_5.in
(6) jaguar run pka_deprot.bat -jobname SM10_micro018_conf_1 SM10_micro018_conf_1.in
(7) jaguar run pka_deprot.bat -jobname SM10_micro018_conf_2 SM10_micro018_conf_2.in
(8) jaguar run pka_deprot.bat -jobname SM10_micro018_conf_3 SM10_micro018_conf_3.in
(9) jaguar run pka_deprot.bat -jobname SM10_micro018_conf_4 SM10_micro018_conf_4.in
(10) jaguar run pka_deprot.bat -jobname SM10_micro018_conf_5 SM10_micro018_conf_5.in

Running subjobs on hosts:
  lsf-cpu (Max: 10)
Number of jobs:       10
Max retries per job:  3
Max allowed failures: unlimited
Run with -LOCAL:      False
Verbosity:            normal

Starting JobDJ...

Keep one job on driver host: True
JobDJ columns:
  C: Number of completed subjobs
  A: Number of active subjobs (e.g., submitted, running)
  W: Number of waiting/pending subjobs

 C  A  W | Activity  JobId  JobName  JobHost
-- -- -- | --------- -----------------------
 0  1  9 | launched  lt16-0-5aec8cc9 SM10_micro020_conf_1 localhost [lt16]
 0  2  8 | launched  lt16-0-5aec8cd1 SM10_micro020_conf_2 lsf-cpu
 0  3  7 | launched  lt16-0-5aec8cd5 SM10_micro020_conf_3 lsf-cpu
 0  4  6 | launched  lt16-0-5aec8cd8 SM10_micro020_conf_4 lsf-cpu
 0  5  5 | launched  lt16-0-5aec8cdb SM10_micro020_conf_5 lsf-cpu
 0  6  4 | launched  lt16-0-5aec8cdf SM10_micro018_conf_1 lsf-cpu
 0  7  3 | launched  lt16-0-5aec8ce2 SM10_micro018_conf_2 lsf-cpu
 0  8  2 | launched  lt16-0-5aec8ce6 SM10_micro018_conf_3 lsf-cpu
 0  9  1 | launched  lt16-0-5aec8cea SM10_micro018_conf_4 lsf-cpu
 0 10  0 | launched  lt16-0-5aec8ced SM10_micro018_conf_5 lsf-cpu
 1  9  0 | finished  lt16-0-5aec8cc9 SM10_micro020_conf_1 localhost [lt16]
 1  9  0 | launched  lt16-0-5aec9494 SM10_micro018_conf_5 localhost [lt16]
 2  8  0 | finished  lt16-0-5aec8ce6 SM10_micro018_conf_3 lsf-cpu [ls04]
 3  7  0 | finished  lt16-0-5aec9494 SM10_micro018_conf_5 localhost [lt16]
 4  6  0 | finished  lt16-0-5aec8cdb SM10_micro020_conf_5 lsf-cpu [ls01]
 5  5  0 | finished  lt16-0-5aec8cdf SM10_micro018_conf_1 lsf-cpu [lt21]
 6  4  0 | finished  lt16-0-5aec8cd8 SM10_micro020_conf_4 lsf-cpu [ls04]
 7  3  0 | finished  lt16-0-5aec8cd1 SM10_micro020_conf_2 lsf-cpu [ls15]
 8  2  0 | finished  lt16-0-5aec8cd5 SM10_micro020_conf_3 lsf-cpu [ls04]
 9  1  0 | finished  lt16-0-5aec8ce2 SM10_micro018_conf_2 lsf-cpu [ls18]
10  0  0 | finished  lt16-0-5aec8cea SM10_micro018_conf_4 lsf-cpu [lt11]

All jobs have completed.

10 of 10 job(s) succeeded; 0 job(s) failed.

Timer (distribute subjobs) : 5956.10 secs (1 hrs, 39 mins, 16 secs)

Processing QM output files...

Executing subprocess:
/data/chodera/schrodinger/schrodinger2017-4-advanced/jaguar results -energy SM10_micro020_conf_1.nrg_h.out

Executing subprocess:
/data/chodera/schrodinger/schrodinger2017-4-advanced/jaguar results -esolv SM10_micro020_conf_1.sol_h.out

Executing subprocess:
/data/chodera/schrodinger/schrodinger2017-4-advanced/jaguar results -energy SM10_micro020_conf_2.nrg_h.out

Executing subprocess:
/data/chodera/schrodinger/schrodinger2017-4-advanced/jaguar results -esolv SM10_micro020_conf_2.sol_h.out

Executing subprocess:
/data/chodera/schrodinger/schrodinger2017-4-advanced/jaguar results -energy SM10_micro020_conf_3.nrg_h.out

Executing subprocess:
/data/chodera/schrodinger/schrodinger2017-4-advanced/jaguar results -esolv SM10_micro020_conf_3.sol_h.out

Executing subprocess:
/data/chodera/schrodinger/schrodinger2017-4-advanced/jaguar results -energy SM10_micro020_conf_4.nrg_h.out

Executing subprocess:
/data/chodera/schrodinger/schrodinger2017-4-advanced/jaguar results -esolv SM10_micro020_conf_4.sol_h.out

Executing subprocess:
/data/chodera/schrodinger/schrodinger2017-4-advanced/jaguar results -energy SM10_micro020_conf_5.nrg_h.out

Executing subprocess:
/data/chodera/schrodinger/schrodinger2017-4-advanced/jaguar results -esolv SM10_micro020_conf_5.sol_h.out

Executing subprocess:
/data/chodera/schrodinger/schrodinger2017-4-advanced/jaguar results -energy SM10_micro018_conf_1.nrg.out

Executing subprocess:
/data/chodera/schrodinger/schrodinger2017-4-advanced/jaguar results -esolv SM10_micro018_conf_1.sol.out

Executing subprocess:
/data/chodera/schrodinger/schrodinger2017-4-advanced/jaguar results -energy SM10_micro018_conf_2.nrg.out

Executing subprocess:
/data/chodera/schrodinger/schrodinger2017-4-advanced/jaguar results -esolv SM10_micro018_conf_2.sol.out

Executing subprocess:
/data/chodera/schrodinger/schrodinger2017-4-advanced/jaguar results -energy SM10_micro018_conf_3.nrg.out

Executing subprocess:
/data/chodera/schrodinger/schrodinger2017-4-advanced/jaguar results -esolv SM10_micro018_conf_3.sol.out

Executing subprocess:
/data/chodera/schrodinger/schrodinger2017-4-advanced/jaguar results -energy SM10_micro018_conf_4.nrg.out

Executing subprocess:
/data/chodera/schrodinger/schrodinger2017-4-advanced/jaguar results -esolv SM10_micro018_conf_4.sol.out

Executing subprocess:
/data/chodera/schrodinger/schrodinger2017-4-advanced/jaguar results -energy SM10_micro018_conf_5.nrg.out

Executing subprocess:
/data/chodera/schrodinger/schrodinger2017-4-advanced/jaguar results -esolv SM10_micro018_conf_5.sol.out

Executing subprocess:
/data/chodera/schrodinger/schrodinger2017-4-advanced/jaguar-v9.8/bin/Linux-x86_64/pka -o SM10_micro020_deprot-out.mae -j SM10_micro020.jres -n -d

Executing subprocess:
/data/chodera/schrodinger/schrodinger2017-4-advanced/jaguar-v9.8/bin/Linux-x86_64/pka -o SM10_micro020_prot-out.mae -j SM10_micro020.jres -n

pKa calculation for SM10_micro020 completed.

pKa workflow jag_SM10_micro020_SM10_micro018 completed.

Timer (Jaguar pKa) : 8162.89 secs (2 hrs, 16 mins, 02 secs)
Timer (jaguar_backend.py) : 8162.89 secs (2 hrs, 16 mins, 02 secs)
Finished:   Fri May  4 14:19:47 2018
