Command:    jaguar run pka.py -jobname jag_SM08_micro008_SM08_micro006 -PARALLEL 10 -n -csrch -prot SM08_micro008.in -deprot SM08_micro006.in
Release:    2017-4
Exec:       /data/chodera/schrodinger/schrodinger2017-4-advanced/jaguar-v9.8/bin/Linux-x86_64
Host:       ls13
JobId:      lilac-0-5aec7cc7
JobDir:     /lila/data/chodera/schrodinger/tmpdir/rustenburg/jag_SM08_micro008_SM08_micro006
Date:       Fri May  4 11:32:57 2018

Contents of /lila/data/chodera/schrodinger/tmpdir/rustenburg/jag_SM08_micro008_SM08_micro006:
/lila/data/chodera/schrodinger/tmpdir/rustenburg/jag_SM08_micro008_SM08_micro006/SM08_micro008.in
/lila/data/chodera/schrodinger/tmpdir/rustenburg/jag_SM08_micro008_SM08_micro006/lilac-0-5aec7cc7
/lila/data/chodera/schrodinger/tmpdir/rustenburg/jag_SM08_micro008_SM08_micro006/jag_SM08_micro008_SM08_micro006.recover
/lila/data/chodera/schrodinger/tmpdir/rustenburg/jag_SM08_micro008_SM08_micro006/SM08_micro006.mae
/lila/data/chodera/schrodinger/tmpdir/rustenburg/jag_SM08_micro008_SM08_micro006/jag_SM08_micro008_SM08_micro006.log
/lila/data/chodera/schrodinger/tmpdir/rustenburg/jag_SM08_micro008_SM08_micro006/lilac-0-5aec7cc7.mpinodes
/lila/data/chodera/schrodinger/tmpdir/rustenburg/jag_SM08_micro008_SM08_micro006/SM08_micro008.mae
/lila/data/chodera/schrodinger/tmpdir/rustenburg/jag_SM08_micro008_SM08_micro006/lilac-0-5aec7cc7.recover
/lila/data/chodera/schrodinger/tmpdir/rustenburg/jag_SM08_micro008_SM08_micro006/lilac-0-5aec7cc7.jlog
/lila/data/chodera/schrodinger/tmpdir/rustenburg/jag_SM08_micro008_SM08_micro006/lilac-0-5aec7cc7.nodes
/lila/data/chodera/schrodinger/tmpdir/rustenburg/jag_SM08_micro008_SM08_micro006/lilac-0-5aec7cc7.hosts
/lila/data/chodera/schrodinger/tmpdir/rustenburg/jag_SM08_micro008_SM08_micro006/SM08_micro006.in

=====================
 Jaguar pKa workflow
=====================

Analysing user-provided (prot, deprot) pair:
(SM08_micro008.in, SM08_micro006.in)
Error: heavy atoms are different in input files:
SM08_micro008.in
SM08_micro006.in


An error has occurred.  Information about the error has been written to 
/home/rustenburg/.schrodinger/exceptions/error20180504-113257.txt 

Please contact help@schrodinger.com for assistance. Include error20180504-113257.txt and a description of what you were doing when the error occurred.
