Command:    jaguar run pka.py -jobname jag_SM19_micro005_SM19_micro016 -PARALLEL 10 -n -csrch -prot SM19_micro005.in -deprot SM19_micro016.in
Release:    2017-4
Exec:       /data/chodera/schrodinger/schrodinger2017-4-advanced/jaguar-v9.8/bin/Linux-x86_64
Host:       lt08
JobId:      lilac-0-5aecc1b4
JobDir:     /lila/data/chodera/schrodinger/tmpdir/rustenburg/jag_SM19_micro005_SM19_micro016
Date:       Fri May  4 16:53:08 2018

Contents of /lila/data/chodera/schrodinger/tmpdir/rustenburg/jag_SM19_micro005_SM19_micro016:
/lila/data/chodera/schrodinger/tmpdir/rustenburg/jag_SM19_micro005_SM19_micro016/jag_SM19_micro005_SM19_micro016.recover
/lila/data/chodera/schrodinger/tmpdir/rustenburg/jag_SM19_micro005_SM19_micro016/lilac-0-5aecc1b4.recover
/lila/data/chodera/schrodinger/tmpdir/rustenburg/jag_SM19_micro005_SM19_micro016/lilac-0-5aecc1b4.jlog
/lila/data/chodera/schrodinger/tmpdir/rustenburg/jag_SM19_micro005_SM19_micro016/SM19_micro016.in
/lila/data/chodera/schrodinger/tmpdir/rustenburg/jag_SM19_micro005_SM19_micro016/SM19_micro016.mae
/lila/data/chodera/schrodinger/tmpdir/rustenburg/jag_SM19_micro005_SM19_micro016/lilac-0-5aecc1b4.nodes
/lila/data/chodera/schrodinger/tmpdir/rustenburg/jag_SM19_micro005_SM19_micro016/lilac-0-5aecc1b4.mpinodes
/lila/data/chodera/schrodinger/tmpdir/rustenburg/jag_SM19_micro005_SM19_micro016/lilac-0-5aecc1b4
/lila/data/chodera/schrodinger/tmpdir/rustenburg/jag_SM19_micro005_SM19_micro016/SM19_micro005.in
/lila/data/chodera/schrodinger/tmpdir/rustenburg/jag_SM19_micro005_SM19_micro016/jag_SM19_micro005_SM19_micro016.log
/lila/data/chodera/schrodinger/tmpdir/rustenburg/jag_SM19_micro005_SM19_micro016/lilac-0-5aecc1b4.hosts
/lila/data/chodera/schrodinger/tmpdir/rustenburg/jag_SM19_micro005_SM19_micro016/SM19_micro005.mae

=====================
 Jaguar pKa workflow
=====================

Analysing user-provided (prot, deprot) pair:
(SM19_micro005.in, SM19_micro016.in)
Found labile hydrogen 35 in SM19_micro005.in
Found labile hydrogen at atom 17 in SM19_micro016.in
Adding 'ipkat' keyword to input files.

Identifying pKa functional group for pair:
(SM19_micro005, SM19_micro016)

Executing subprocess:
/data/chodera/schrodinger/schrodinger2017-4-advanced/jaguar-v9.8/bin/Linux-x86_64/pka -i -j SM19_micro005.tmp.jres -n

Taking protonated structures from:
SM19_micro005.mae
Taking deprotonated structures from:
SM19_micro016.mae

This molecule from 'SM19_micro005.mae' in water was recognized as:

 # 	                 Shell                  
---	----------------------------------------
1: 	Protonation of generic atom             
2: 	Protonation of sp2-like aliphatic carbon


Executing conformational search...

Executing 2 distributed subjobs:
---------------------------------

No more than 8 cpu(s) will be used per subjob.
No more than 10 cpu(s) will be used simultaneously.

Processing the following subjobs:
(1) jaguar run csrch.py SM19_micro005.mae -jobname SM19_micro005 -max_conf 5 -erg_window 50.208 -acc_level 1 -TPP 5
(2) jaguar run csrch.py SM19_micro016.mae -jobname SM19_micro016 -max_conf 5 -erg_window 50.208 -acc_level 1 -TPP 5

Running subjobs on hosts:
  lsf-cpu (Max: 2)
Number of jobs:       2
Max retries per job:  3
Max allowed failures: unlimited
Run with -LOCAL:      False
Verbosity:            normal

Starting JobDJ...

Keep one job on driver host: False
JobDJ columns:
  C: Number of completed subjobs
  A: Number of active subjobs (e.g., submitted, running)
  W: Number of waiting/pending subjobs

C A W | Activity  JobId  JobName  JobHost
- - - | --------- -----------------------
0 1 1 | launched  lt08-1-5aecc83b SM19_micro005 lsf-cpu
0 2 0 | launched  lt08-0-5aecc83e SM19_micro016 lsf-cpu
1 1 0 | finished  lt08-0-5aecc83e SM19_micro016 lsf-cpu [ls14]
2 0 0 | finished  lt08-1-5aecc83b SM19_micro005 lsf-cpu [lt03]

All jobs have completed.

2 of 2 job(s) succeeded; 0 job(s) failed.

Timer (distribute subjobs) : 9178.48 secs (2 hrs, 32 mins, 58 secs)

Setting up QM workflow for (protonated, deprotonated) pair:
(1) (SM19_micro005, SM19_micro016)

Executing Jaguar quantum-mechanical subjobs...

Executing 10 distributed subjobs:
----------------------------------

No more than 8 cpu(s) will be used per subjob.
No more than 10 cpu(s) will be used simultaneously.

Processing the following subjobs:
(1) jaguar run pka_prot.bat -jobname SM19_micro005_conf_1 SM19_micro005_conf_1.in
(2) jaguar run pka_prot.bat -jobname SM19_micro005_conf_2 SM19_micro005_conf_2.in
(3) jaguar run pka_prot.bat -jobname SM19_micro005_conf_3 SM19_micro005_conf_3.in
(4) jaguar run pka_prot.bat -jobname SM19_micro005_conf_4 SM19_micro005_conf_4.in
(5) jaguar run pka_prot.bat -jobname SM19_micro005_conf_5 SM19_micro005_conf_5.in
(6) jaguar run pka_deprot.bat -jobname SM19_micro016_conf_1 SM19_micro016_conf_1.in
(7) jaguar run pka_deprot.bat -jobname SM19_micro016_conf_2 SM19_micro016_conf_2.in
(8) jaguar run pka_deprot.bat -jobname SM19_micro016_conf_3 SM19_micro016_conf_3.in
(9) jaguar run pka_deprot.bat -jobname SM19_micro016_conf_4 SM19_micro016_conf_4.in
(10) jaguar run pka_deprot.bat -jobname SM19_micro016_conf_5 SM19_micro016_conf_5.in

Running subjobs on hosts:
  lsf-cpu (Max: 10)
Number of jobs:       10
Max retries per job:  3
Max allowed failures: unlimited
Run with -LOCAL:      False
Verbosity:            normal

Starting JobDJ...

Keep one job on driver host: True
JobDJ columns:
  C: Number of completed subjobs
  A: Number of active subjobs (e.g., submitted, running)
  W: Number of waiting/pending subjobs

 C  A  W | Activity  JobId  JobName  JobHost
-- -- -- | --------- -----------------------
 0  1  9 | launched  lt08-0-5aecec17 SM19_micro005_conf_1 localhost [lt08]
 0  2  8 | launched  lt08-0-5aecec1a SM19_micro005_conf_2 lsf-cpu
 0  3  7 | launched  lt08-0-5aecec1e SM19_micro005_conf_3 lsf-cpu
 0  4  6 | launched  lt08-0-5aecec21 SM19_micro005_conf_4 lsf-cpu
 0  5  5 | launched  lt08-0-5aecec25 SM19_micro005_conf_5 lsf-cpu
 0  6  4 | launched  lt08-0-5aecec2a SM19_micro016_conf_1 lsf-cpu
 0  7  3 | launched  lt08-0-5aecec2e SM19_micro016_conf_2 lsf-cpu
 0  8  2 | launched  lt08-0-5aecec32 SM19_micro016_conf_3 lsf-cpu
 0  9  1 | launched  lt08-0-5aecec38 SM19_micro016_conf_4 lsf-cpu
 0 10  0 | launched  lt08-0-5aecec3c SM19_micro016_conf_5 lsf-cpu
 1  9  0 | finished  lt08-0-5aecec17 SM19_micro005_conf_1 localhost [lt08]
 1  9  0 | launched  lt08-0-5aecf8e5 SM19_micro016_conf_5 localhost [lt08]
 2  8  0 | finished  lt08-0-5aecf8e5 SM19_micro016_conf_5 localhost [lt08]
 2  8  0 | launched  lt08-0-5aed03c9 SM19_micro016_conf_4 localhost [lt08]
 3  7  0 | finished  lt08-0-5aed03c9 SM19_micro016_conf_4 localhost [lt08]
