Taking protonated structures from:
SM23_micro044_conf_1.dft_h.01.mae
SM23_micro044_conf_2.dft_h.01.mae
SM23_micro044_conf_3.dft_h.01.mae
SM23_micro044_conf_4.dft_h.01.mae
SM23_micro044_conf_5.dft_h.01.mae
Taking deprotonated structures from:
SM23_micro038_conf_1.dft.01.mae
SM23_micro038_conf_2.dft.01.mae
SM23_micro038_conf_3.dft.01.mae
SM23_micro038_conf_4.dft.01.mae
SM23_micro038_conf_5.dft.01.mae

Corrected results for 'protonated' structure in water:
pKa atom: 32

 # 	                  Shell                   	 pKa 	RMSD	 Contribution
---	------------------------------------------	-----	-----	--------------
1: 	secondary aniline                         	-20.33	0.275	    97.93%
2: 	Protonation of sp3-like aliphatic nitrogen	-17.81	1.715	     1.95%
3: 	Protonation of generic atom               	-17.07	2.264	     0.12%

 Final weighted pKa value is -20.27



