Taking protonated structures from:
SM24_micro017_conf_1.dft_h.01.mae
SM24_micro017_conf_2.dft_h.01.mae
SM24_micro017_conf_3.dft_h.01.mae
SM24_micro017_conf_4.dft_h.01.mae
SM24_micro017_conf_5.dft_h.01.mae
Taking deprotonated structures from:
SM24_micro006_conf_1.dft.01.mae
SM24_micro006_conf_2.dft.01.mae
SM24_micro006_conf_3.dft.01.mae
SM24_micro006_conf_4.dft.01.mae
SM24_micro006_conf_5.dft.01.mae

Corrected results for 'protonated' structure in water:
pKa atom: 30

 # 	                  Shell                   	 pKa 	RMSD	 Contribution
---	------------------------------------------	-----	-----	--------------
1: 	NR2 attached to heterocycle               	-1.11	0.116	     0.11%
2: 	Protonation of sp3-like aliphatic nitrogen	-2.09	1.715	    94.07%
3: 	Protonation of generic atom               	-2.25	2.264	     5.81%

 Final weighted pKa value is -2.10



