Command:    jaguar run pka.py -jobname jag_SM16_micro007_SM16_micro005 -PARALLEL 10 -n -csrch -prot SM16_micro007.in -deprot SM16_micro005.in
Release:    2017-4
Exec:       /data/chodera/schrodinger/schrodinger2017-4-advanced/jaguar-v9.8/bin/Linux-x86_64
Host:       lt22
JobId:      lilac-0-5aeca5ac
JobDir:     /lila/data/chodera/schrodinger/tmpdir/rustenburg/jag_SM16_micro007_SM16_micro005
Date:       Fri May  4 14:27:33 2018

Contents of /lila/data/chodera/schrodinger/tmpdir/rustenburg/jag_SM16_micro007_SM16_micro005:
/lila/data/chodera/schrodinger/tmpdir/rustenburg/jag_SM16_micro007_SM16_micro005/lilac-0-5aeca5ac.nodes
/lila/data/chodera/schrodinger/tmpdir/rustenburg/jag_SM16_micro007_SM16_micro005/SM16_micro007.mae
/lila/data/chodera/schrodinger/tmpdir/rustenburg/jag_SM16_micro007_SM16_micro005/lilac-0-5aeca5ac.mpinodes
/lila/data/chodera/schrodinger/tmpdir/rustenburg/jag_SM16_micro007_SM16_micro005/jag_SM16_micro007_SM16_micro005.recover
/lila/data/chodera/schrodinger/tmpdir/rustenburg/jag_SM16_micro007_SM16_micro005/SM16_micro005.in
/lila/data/chodera/schrodinger/tmpdir/rustenburg/jag_SM16_micro007_SM16_micro005/SM16_micro005.mae
/lila/data/chodera/schrodinger/tmpdir/rustenburg/jag_SM16_micro007_SM16_micro005/lilac-0-5aeca5ac.jlog
/lila/data/chodera/schrodinger/tmpdir/rustenburg/jag_SM16_micro007_SM16_micro005/jag_SM16_micro007_SM16_micro005.log
/lila/data/chodera/schrodinger/tmpdir/rustenburg/jag_SM16_micro007_SM16_micro005/lilac-0-5aeca5ac.recover
/lila/data/chodera/schrodinger/tmpdir/rustenburg/jag_SM16_micro007_SM16_micro005/SM16_micro007.in
/lila/data/chodera/schrodinger/tmpdir/rustenburg/jag_SM16_micro007_SM16_micro005/lilac-0-5aeca5ac.hosts
/lila/data/chodera/schrodinger/tmpdir/rustenburg/jag_SM16_micro007_SM16_micro005/lilac-0-5aeca5ac

=====================
 Jaguar pKa workflow
=====================

Analysing user-provided (prot, deprot) pair:
(SM16_micro007.in, SM16_micro005.in)
Found labile hydrogen 18 in SM16_micro007.in
Found labile hydrogen at atom 15 in SM16_micro005.in
Adding 'ipkat' keyword to input files.

Identifying pKa functional group for pair:
(SM16_micro007, SM16_micro005)

Executing subprocess:
/data/chodera/schrodinger/schrodinger2017-4-advanced/jaguar-v9.8/bin/Linux-x86_64/pka -i -j SM16_micro007.tmp.jres -n

Taking protonated structures from:
SM16_micro007.mae
Taking deprotonated structures from:
SM16_micro005.mae

This molecule from 'SM16_micro007.mae' in water was recognized as:

 # 	           Shell           
---	---------------------------
1: 	Protonation of generic atom


Executing conformational search...

Executing 2 distributed subjobs:
---------------------------------

No more than 8 cpu(s) will be used per subjob.
No more than 10 cpu(s) will be used simultaneously.

Processing the following subjobs:
(1) jaguar run csrch.py SM16_micro007.mae -jobname SM16_micro007 -max_conf 5 -erg_window 50.208 -acc_level 1 -TPP 5
(2) jaguar run csrch.py SM16_micro005.mae -jobname SM16_micro005 -max_conf 5 -erg_window 50.208 -acc_level 1 -TPP 5

Running subjobs on hosts:
  lsf-cpu (Max: 2)
Number of jobs:       2
Max retries per job:  3
Max allowed failures: unlimited
Run with -LOCAL:      False
Verbosity:            normal

Starting JobDJ...

Keep one job on driver host: False
JobDJ columns:
  C: Number of completed subjobs
  A: Number of active subjobs (e.g., submitted, running)
  W: Number of waiting/pending subjobs

C A W | Activity  JobId  JobName  JobHost
- - - | --------- -----------------------
0 1 1 | launched  lt22-19-5aeca625 SM16_micro007 lsf-cpu
0 2 0 | launched  lt22-0-5aeca634 SM16_micro005 lsf-cpu
1 1 0 | finished  lt22-19-5aeca625 SM16_micro007 lsf-cpu
2 0 0 | finished  lt22-0-5aeca634 SM16_micro005 lsf-cpu

All jobs have completed.

2 of 2 job(s) succeeded; 0 job(s) failed.

Timer (distribute subjobs) : 482.18 secs (0 hrs, 08 mins, 02 secs)

Setting up QM workflow for (protonated, deprotonated) pair:
(1) (SM16_micro007, SM16_micro005)

Executing Jaguar quantum-mechanical subjobs...

Executing 7 distributed subjobs:
---------------------------------

No more than 8 cpu(s) will be used per subjob.
No more than 10 cpu(s) will be used simultaneously.

Processing the following subjobs:
(1) jaguar run pka_prot.bat -jobname SM16_micro007_conf_1 SM16_micro007_conf_1.in -TPP 2
(2) jaguar run pka_prot.bat -jobname SM16_micro007_conf_2 SM16_micro007_conf_2.in -TPP 2
(3) jaguar run pka_prot.bat -jobname SM16_micro007_conf_3 SM16_micro007_conf_3.in -TPP 2
(4) jaguar run pka_prot.bat -jobname SM16_micro007_conf_4 SM16_micro007_conf_4.in
(5) jaguar run pka_deprot.bat -jobname SM16_micro005_conf_1 SM16_micro005_conf_1.in
(6) jaguar run pka_deprot.bat -jobname SM16_micro005_conf_2 SM16_micro005_conf_2.in
(7) jaguar run pka_deprot.bat -jobname SM16_micro005_conf_3 SM16_micro005_conf_3.in

Running subjobs on hosts:
  lsf-cpu (Max: 7)
Number of jobs:       7
Max retries per job:  3
Max allowed failures: unlimited
Run with -LOCAL:      False
Verbosity:            normal

Starting JobDJ...

Keep one job on driver host: False
JobDJ columns:
  C: Number of completed subjobs
  A: Number of active subjobs (e.g., submitted, running)
  W: Number of waiting/pending subjobs

C A W | Activity  JobId  JobName  JobHost
- - - | --------- -----------------------
0 1 6 | launched  lt22-0-5aeca80c SM16_micro007_conf_1 lsf-cpu
0 2 5 | launched  lt22-0-5aeca81c SM16_micro007_conf_2 lsf-cpu
0 3 4 | launched  lt22-0-5aeca829 SM16_micro007_conf_3 lsf-cpu
0 4 3 | launched  lt22-0-5aeca834 SM16_micro007_conf_4 lsf-cpu
0 5 2 | launched  lt22-0-5aeca840 SM16_micro005_conf_1 lsf-cpu
0 6 1 | launched  lt22-0-5aeca84c SM16_micro005_conf_2 lsf-cpu
0 7 0 | launched  lt22-0-5aeca854 SM16_micro005_conf_3 lsf-cpu
1 6 0 | finished  lt22-0-5aeca81c SM16_micro007_conf_2 lsf-cpu
2 5 0 | finished  lt22-0-5aeca854 SM16_micro005_conf_3 lsf-cpu [lt20]
3 4 0 | finished  lt22-0-5aeca80c SM16_micro007_conf_1 lsf-cpu [ls04]
4 3 0 | finished  lt22-0-5aeca829 SM16_micro007_conf_3 lsf-cpu [lt12]
5 2 0 | finished  lt22-0-5aeca834 SM16_micro007_conf_4 lsf-cpu [lt14]
6 1 0 | finished  lt22-0-5aeca84c SM16_micro005_conf_2 lsf-cpu [ls09]
7 0 0 | finished  lt22-0-5aeca840 SM16_micro005_conf_1 lsf-cpu [lt05]

All jobs have completed.

7 of 7 job(s) succeeded; 0 job(s) failed.

Timer (distribute subjobs) : 2153.52 secs (0 hrs, 35 mins, 53 secs)

Processing QM output files...

Executing subprocess:
/data/chodera/schrodinger/schrodinger2017-4-advanced/jaguar results -energy SM16_micro007_conf_1.nrg_h.out

Executing subprocess:
/data/chodera/schrodinger/schrodinger2017-4-advanced/jaguar results -esolv SM16_micro007_conf_1.sol_h.out

Executing subprocess:
/data/chodera/schrodinger/schrodinger2017-4-advanced/jaguar results -energy SM16_micro007_conf_2.nrg_h.out

Executing subprocess:
/data/chodera/schrodinger/schrodinger2017-4-advanced/jaguar results -esolv SM16_micro007_conf_2.sol_h.out

Executing subprocess:
/data/chodera/schrodinger/schrodinger2017-4-advanced/jaguar results -energy SM16_micro007_conf_3.nrg_h.out

Executing subprocess:
/data/chodera/schrodinger/schrodinger2017-4-advanced/jaguar results -esolv SM16_micro007_conf_3.sol_h.out

Executing subprocess:
/data/chodera/schrodinger/schrodinger2017-4-advanced/jaguar results -energy SM16_micro007_conf_4.nrg_h.out

Executing subprocess:
/data/chodera/schrodinger/schrodinger2017-4-advanced/jaguar results -esolv SM16_micro007_conf_4.sol_h.out

Executing subprocess:
/data/chodera/schrodinger/schrodinger2017-4-advanced/jaguar results -energy SM16_micro005_conf_1.nrg.out

Executing subprocess:
/data/chodera/schrodinger/schrodinger2017-4-advanced/jaguar results -esolv SM16_micro005_conf_1.sol.out

Executing subprocess:
/data/chodera/schrodinger/schrodinger2017-4-advanced/jaguar results -energy SM16_micro005_conf_2.nrg.out

Executing subprocess:
/data/chodera/schrodinger/schrodinger2017-4-advanced/jaguar results -esolv SM16_micro005_conf_2.sol.out

Executing subprocess:
/data/chodera/schrodinger/schrodinger2017-4-advanced/jaguar results -energy SM16_micro005_conf_3.nrg.out

Executing subprocess:
/data/chodera/schrodinger/schrodinger2017-4-advanced/jaguar results -esolv SM16_micro005_conf_3.sol.out

Executing subprocess:
/data/chodera/schrodinger/schrodinger2017-4-advanced/jaguar-v9.8/bin/Linux-x86_64/pka -o SM16_micro007_deprot-out.mae -j SM16_micro007.jres -n -d

Executing subprocess:
/data/chodera/schrodinger/schrodinger2017-4-advanced/jaguar-v9.8/bin/Linux-x86_64/pka -o SM16_micro007_prot-out.mae -j SM16_micro007.jres -n

pKa calculation for SM16_micro007 completed.

pKa workflow jag_SM16_micro007_SM16_micro005 completed.

Timer (Jaguar pKa) : 2684.84 secs (0 hrs, 44 mins, 44 secs)
Timer (jaguar_backend.py) : 2684.84 secs (0 hrs, 44 mins, 44 secs)
Finished:   Fri May  4 15:12:18 2018
