Taking protonated structures from:
SM17_micro008_conf_1.dft_h.01.mae
SM17_micro008_conf_2.dft_h.01.mae
SM17_micro008_conf_3.dft_h.01.mae
SM17_micro008_conf_4.dft_h.01.mae
SM17_micro008_conf_5.dft_h.01.mae
Taking deprotonated structures from:
SM17_micro009_conf_1.dft.01.mae
SM17_micro009_conf_2.dft.01.mae
SM17_micro009_conf_3.dft.01.mae
SM17_micro009_conf_4.dft.01.mae
SM17_micro009_conf_5.dft.01.mae

Corrected results for 'protonated' structure in water:
pKa atom: 22

 # 	           Shell           	 pKa 	RMSD	 Contribution
---	---------------------------	-----	-----	--------------
1: 	pyridine                   	 1.64	0.493	    58.85%
2: 	heterocycle custom 1       	 0.94	0.617	    28.95%
3: 	heterocycle                	 1.28	0.837	    11.49%
4: 	Protonation of generic atom	 2.38	2.264	     0.71%

 Final weighted pKa value is 1.40



