Taking protonated structures from:
SM13_micro013_conf_1.dft_h.01.mae
SM13_micro013_conf_2.dft_h.01.mae
SM13_micro013_conf_3.dft_h.01.mae
SM13_micro013_conf_4.dft_h.01.mae
SM13_micro013_conf_5.dft_h.01.mae
Taking deprotonated structures from:
SM13_micro001_conf_1.dft.01.mae
SM13_micro001_conf_2.dft.01.mae
SM13_micro001_conf_3.dft.01.mae
SM13_micro001_conf_4.dft.01.mae
SM13_micro001_conf_5.dft.01.mae

Corrected results for 'protonated' structure in water:
pKa atom: 23

 # 	           Shell           	 pKa 	RMSD	 Contribution
---	---------------------------	-----	-----	--------------
1: 	heterocycle custom 1       	-3.52	0.617	    64.43%
2: 	heterocycle                	-3.00	0.837	    33.18%
3: 	Protonation of generic atom	-0.95	2.264	     2.39%

 Final weighted pKa value is -3.29



