Command:    jaguar run pka.py -jobname jag_SM24_micro034_SM24_micro030 -PARALLEL 10 -WAIT -n -csrch -prot SM24_micro034.in -deprot SM24_micro030.in
Release:    2017-4
Exec:       /data/chodera/schrodinger/schrodinger2017-4-advanced/jaguar-v9.8/bin/Linux-x86_64
Host:       lt07
JobId:      lt07-0-5b082179
JobDir:     /lila/data/chodera/schrodinger/tmpdir/rustenburg/jag_SM24_micro034_SM24_micro030
Date:       Fri May 25 10:45:17 2018

Contents of /lila/data/chodera/schrodinger/tmpdir/rustenburg/jag_SM24_micro034_SM24_micro030:
/lila/data/chodera/schrodinger/tmpdir/rustenburg/jag_SM24_micro034_SM24_micro030/SM24_micro034.mae
/lila/data/chodera/schrodinger/tmpdir/rustenburg/jag_SM24_micro034_SM24_micro030/jag_SM24_micro034_SM24_micro030.log
/lila/data/chodera/schrodinger/tmpdir/rustenburg/jag_SM24_micro034_SM24_micro030/lt07-0-5b082179.recover
/lila/data/chodera/schrodinger/tmpdir/rustenburg/jag_SM24_micro034_SM24_micro030/SM24_micro030.in
/lila/data/chodera/schrodinger/tmpdir/rustenburg/jag_SM24_micro034_SM24_micro030/lt07-0-5b082179
/lila/data/chodera/schrodinger/tmpdir/rustenburg/jag_SM24_micro034_SM24_micro030/SM24_micro034.in
/lila/data/chodera/schrodinger/tmpdir/rustenburg/jag_SM24_micro034_SM24_micro030/lt07-0-5b082179.mpinodes
/lila/data/chodera/schrodinger/tmpdir/rustenburg/jag_SM24_micro034_SM24_micro030/SM24_micro030.mae
/lila/data/chodera/schrodinger/tmpdir/rustenburg/jag_SM24_micro034_SM24_micro030/jag_SM24_micro034_SM24_micro030.recover

=====================
 Jaguar pKa workflow
=====================

Analysing user-provided (prot, deprot) pair:
(SM24_micro034.in, SM24_micro030.in)
Found labile hydrogen 30 in SM24_micro034.in
Found labile hydrogen at atom 22 in SM24_micro030.in
Adding 'ipkat' keyword to input files.

Identifying pKa functional group for pair:
(SM24_micro034, SM24_micro030)

Executing subprocess:
/data/chodera/schrodinger/schrodinger2017-4-advanced/jaguar-v9.8/bin/Linux-x86_64/pka -i -j SM24_micro034.tmp.jres -n

Taking protonated structures from:
SM24_micro034.mae
Taking deprotonated structures from:
SM24_micro030.mae

This molecule from 'SM24_micro034.mae' in water was recognized as:

 # 	           Shell           
---	---------------------------
1: 	Protonation of generic atom


Executing conformational search...

Executing 2 distributed subjobs:
---------------------------------

No more than 8 cpu(s) will be used per subjob.
No more than 10 cpu(s) will be used simultaneously.

Processing the following subjobs:
(1) jaguar run csrch.py SM24_micro034.mae -jobname SM24_micro034 -max_conf 5 -erg_window 50.208 -acc_level 1 -TPP 5
(2) jaguar run csrch.py SM24_micro030.mae -jobname SM24_micro030 -max_conf 5 -erg_window 50.208 -acc_level 1 -TPP 5

Running subjobs on hosts:
  localhost (Max: 2)
Number of jobs:       2
Max retries per job:  3
Max allowed failures: unlimited
Run with -LOCAL:      False
Verbosity:            normal

Starting JobDJ...

Keep one job on driver host: False
JobDJ columns:
  C: Number of completed subjobs
  A: Number of active subjobs (e.g., submitted, running)
  W: Number of waiting/pending subjobs

C A W | Activity  JobId  JobName  JobHost
- - - | --------- -----------------------
0 1 1 | launched  lt07-0-5b082184 SM24_micro034 localhost [lt07]
0 2 0 | launched  lt07-0-5b08218a SM24_micro030 localhost [lt07]
1 1 0 | finished  lt07-0-5b082184 SM24_micro034 localhost [lt07]
2 0 0 | finished  lt07-0-5b08218a SM24_micro030 localhost [lt07]

All jobs have completed.

2 of 2 job(s) succeeded; 0 job(s) failed.

Timer (distribute subjobs) : 6683.55 secs (1 hrs, 51 mins, 23 secs)

Setting up QM workflow for (protonated, deprotonated) pair:
(1) (SM24_micro034, SM24_micro030)

Executing Jaguar quantum-mechanical subjobs...

Executing 10 distributed subjobs:
----------------------------------

No more than 8 cpu(s) will be used per subjob.
No more than 10 cpu(s) will be used simultaneously.

Processing the following subjobs:
(1) jaguar run pka_prot.bat -jobname SM24_micro034_conf_1 SM24_micro034_conf_1.in
(2) jaguar run pka_prot.bat -jobname SM24_micro034_conf_2 SM24_micro034_conf_2.in
(3) jaguar run pka_prot.bat -jobname SM24_micro034_conf_3 SM24_micro034_conf_3.in
(4) jaguar run pka_prot.bat -jobname SM24_micro034_conf_4 SM24_micro034_conf_4.in
(5) jaguar run pka_prot.bat -jobname SM24_micro034_conf_5 SM24_micro034_conf_5.in
(6) jaguar run pka_deprot.bat -jobname SM24_micro030_conf_1 SM24_micro030_conf_1.in
(7) jaguar run pka_deprot.bat -jobname SM24_micro030_conf_2 SM24_micro030_conf_2.in
(8) jaguar run pka_deprot.bat -jobname SM24_micro030_conf_3 SM24_micro030_conf_3.in
(9) jaguar run pka_deprot.bat -jobname SM24_micro030_conf_4 SM24_micro030_conf_4.in
(10) jaguar run pka_deprot.bat -jobname SM24_micro030_conf_5 SM24_micro030_conf_5.in

Running subjobs on hosts:
  localhost (Max: 10)
Number of jobs:       10
Max retries per job:  3
Max allowed failures: unlimited
Run with -LOCAL:      False
Verbosity:            normal

Starting JobDJ...

Keep one job on driver host: False
JobDJ columns:
  C: Number of completed subjobs
  A: Number of active subjobs (e.g., submitted, running)
  W: Number of waiting/pending subjobs

 C  A  W | Activity  JobId  JobName  JobHost
-- -- -- | --------- -----------------------
 0  1  9 | launched  lt07-0-5b083ba0 SM24_micro034_conf_1 localhost [lt07]
 0  2  8 | launched  lt07-0-5b083ba6 SM24_micro034_conf_2 localhost [lt07]
 0  3  7 | launched  lt07-1-5b083bae SM24_micro034_conf_3 localhost [lt07]
 0  4  6 | launched  lt07-0-5b083bba SM24_micro034_conf_4 localhost [lt07]
 0  5  5 | launched  lt07-0-5b083bc8 SM24_micro034_conf_5 localhost [lt07]
 0  6  4 | launched  lt07-0-5b083bd9 SM24_micro030_conf_1 localhost [lt07]
 0  7  3 | launched  lt07-0-5b083bed SM24_micro030_conf_2 localhost [lt07]
 0  8  2 | launched  lt07-0-5b083c02 SM24_micro030_conf_3 localhost [lt07]
 0  9  1 | launched  lt07-0-5b083c1b SM24_micro030_conf_4 localhost [lt07]
 0 10  0 | launched  lt07-0-5b083c37 SM24_micro030_conf_5 localhost [lt07]
 1  9  0 | finished  lt07-0-5b083bed SM24_micro030_conf_2 localhost [lt07]
 2  8  0 | finished  lt07-1-5b083bae SM24_micro034_conf_3 localhost [lt07]
 3  7  0 | finished  lt07-0-5b083bd9 SM24_micro030_conf_1 localhost [lt07]
 4  6  0 | finished  lt07-0-5b083c1b SM24_micro030_conf_4 localhost [lt07]
 5  5  0 | finished  lt07-0-5b083ba0 SM24_micro034_conf_1 localhost [lt07]
 6  4  0 | finished  lt07-0-5b083ba6 SM24_micro034_conf_2 localhost [lt07]
 7  3  0 | finished  lt07-0-5b083c02 SM24_micro030_conf_3 localhost [lt07]
 8  2  0 | finished  lt07-0-5b083bba SM24_micro034_conf_4 localhost [lt07]
 9  1  0 | finished  lt07-0-5b083c37 SM24_micro030_conf_5 localhost [lt07]
10  0  0 | finished  lt07-0-5b083bc8 SM24_micro034_conf_5 localhost [lt07]

All jobs have completed.

10 of 10 job(s) succeeded; 0 job(s) failed.

Timer (distribute subjobs) : 86502.14 secs (1 day, 0 hrs, 01 mins, 42 secs)

Processing QM output files...

Executing subprocess:
/data/chodera/schrodinger/schrodinger2017-4-advanced/jaguar results -energy SM24_micro034_conf_1.nrg_h.out

Executing subprocess:
/data/chodera/schrodinger/schrodinger2017-4-advanced/jaguar results -esolv SM24_micro034_conf_1.sol_h.out

Executing subprocess:
/data/chodera/schrodinger/schrodinger2017-4-advanced/jaguar results -energy SM24_micro034_conf_2.nrg_h.out

Executing subprocess:
/data/chodera/schrodinger/schrodinger2017-4-advanced/jaguar results -esolv SM24_micro034_conf_2.sol_h.out

Executing subprocess:
/data/chodera/schrodinger/schrodinger2017-4-advanced/jaguar results -energy SM24_micro034_conf_3.nrg_h.out

Executing subprocess:
/data/chodera/schrodinger/schrodinger2017-4-advanced/jaguar results -esolv SM24_micro034_conf_3.sol_h.out

Executing subprocess:
/data/chodera/schrodinger/schrodinger2017-4-advanced/jaguar results -energy SM24_micro034_conf_4.nrg_h.out

Executing subprocess:
/data/chodera/schrodinger/schrodinger2017-4-advanced/jaguar results -esolv SM24_micro034_conf_4.sol_h.out

Executing subprocess:
/data/chodera/schrodinger/schrodinger2017-4-advanced/jaguar results -energy SM24_micro034_conf_5.nrg_h.out

Executing subprocess:
/data/chodera/schrodinger/schrodinger2017-4-advanced/jaguar results -esolv SM24_micro034_conf_5.sol_h.out

Executing subprocess:
/data/chodera/schrodinger/schrodinger2017-4-advanced/jaguar results -energy SM24_micro030_conf_1.nrg.out

Executing subprocess:
/data/chodera/schrodinger/schrodinger2017-4-advanced/jaguar results -esolv SM24_micro030_conf_1.sol.out

Executing subprocess:
/data/chodera/schrodinger/schrodinger2017-4-advanced/jaguar results -energy SM24_micro030_conf_2.nrg.out

Executing subprocess:
/data/chodera/schrodinger/schrodinger2017-4-advanced/jaguar results -esolv SM24_micro030_conf_2.sol.out

Executing subprocess:
/data/chodera/schrodinger/schrodinger2017-4-advanced/jaguar results -energy SM24_micro030_conf_3.nrg.out

Executing subprocess:
/data/chodera/schrodinger/schrodinger2017-4-advanced/jaguar results -esolv SM24_micro030_conf_3.sol.out

Executing subprocess:
/data/chodera/schrodinger/schrodinger2017-4-advanced/jaguar results -energy SM24_micro030_conf_4.nrg.out

Executing subprocess:
/data/chodera/schrodinger/schrodinger2017-4-advanced/jaguar results -esolv SM24_micro030_conf_4.sol.out

Executing subprocess:
/data/chodera/schrodinger/schrodinger2017-4-advanced/jaguar results -energy SM24_micro030_conf_5.nrg.out

Executing subprocess:
/data/chodera/schrodinger/schrodinger2017-4-advanced/jaguar results -esolv SM24_micro030_conf_5.sol.out

Executing subprocess:
/data/chodera/schrodinger/schrodinger2017-4-advanced/jaguar-v9.8/bin/Linux-x86_64/pka -o SM24_micro034_deprot-out.mae -j SM24_micro034.jres -n -d

Executing subprocess:
/data/chodera/schrodinger/schrodinger2017-4-advanced/jaguar-v9.8/bin/Linux-x86_64/pka -o SM24_micro034_prot-out.mae -j SM24_micro034.jres -n

pKa calculation for SM24_micro034 completed.

pKa workflow jag_SM24_micro034_SM24_micro030 completed.

Timer (Jaguar pKa) : 93237.75 secs (1 day, 1 hrs, 53 mins, 57 secs)
Timer (jaguar_backend.py) : 93237.75 secs (1 day, 1 hrs, 53 mins, 57 secs)
Finished:   Sat May 26 12:39:15 2018
