Taking protonated structures from:
SM21_micro029_conf_1.dft_h.01.mae
SM21_micro029_conf_2.dft_h.01.mae
SM21_micro029_conf_3.dft_h.01.mae
SM21_micro029_conf_4.dft_h.01.mae
SM21_micro029_conf_5.dft_h.01.mae
Taking deprotonated structures from:
SM21_micro002_conf_1.dft.01.mae
SM21_micro002_conf_2.dft.01.mae
SM21_micro002_conf_3.dft.01.mae
SM21_micro002_conf_4.dft.01.mae
SM21_micro002_conf_5.dft.01.mae

Corrected results for 'protonated' structure in water:
pKa atom: 35

 # 	           Shell           	 pKa 	RMSD	 Contribution
---	---------------------------	-----	-----	--------------
1: 	pyrimidine                 	-5.62	0.242	    19.31%
2: 	heterocycle custom 1       	-10.47	0.617	    10.60%
3: 	heterocycle                	-9.65	0.837	     7.84%
4: 	Protonation of generic atom	-6.12	2.264	    62.24%

 Final weighted pKa value is -6.76



