Taking protonated structures from:
SM10_micro023_conf_1.dft_h.01.mae
SM10_micro023_conf_2.dft_h.01.mae
SM10_micro023_conf_3.dft_h.01.mae
SM10_micro023_conf_4.dft_h.01.mae
SM10_micro023_conf_5.dft_h.01.mae
Taking deprotonated structures from:
SM10_micro027_conf_1.dft.01.mae
SM10_micro027_conf_2.dft.01.mae
SM10_micro027_conf_3.dft.01.mae
SM10_micro027_conf_4.dft.01.mae
SM10_micro027_conf_5.dft.01.mae

Corrected results for 'protonated' structure in water:
pKa atom: 29

 # 	                 Shell                  	 pKa 	RMSD	 Contribution
---	----------------------------------------	-----	-----	--------------
1: 	Protonation of generic atom             	17.11	2.264	    99.87%
2: 	aliphatic CH acid in water              	15.45	2.584	     0.07%
3: 	Protonation of sp2-like aliphatic carbon	15.58	2.605	     0.06%

 Final weighted pKa value is 17.11



