Command:    jaguar run pka.py -jobname jag_SM24_micro001_SM24_micro028 -PARALLEL 10 -n -csrch -prot SM24_micro001.in -deprot SM24_micro028.in
Release:    2017-4
Exec:       /data/chodera/schrodinger/schrodinger2017-4-advanced/jaguar-v9.8/bin/Linux-x86_64
Host:       lt09
JobId:      lilac-0-5aecd50e
JobDir:     /lila/data/chodera/schrodinger/tmpdir/rustenburg/jag_SM24_micro001_SM24_micro028
Date:       Fri May  4 19:23:15 2018

Contents of /lila/data/chodera/schrodinger/tmpdir/rustenburg/jag_SM24_micro001_SM24_micro028:
/lila/data/chodera/schrodinger/tmpdir/rustenburg/jag_SM24_micro001_SM24_micro028/SM24_micro028.mae
/lila/data/chodera/schrodinger/tmpdir/rustenburg/jag_SM24_micro001_SM24_micro028/lilac-0-5aecd50e
/lila/data/chodera/schrodinger/tmpdir/rustenburg/jag_SM24_micro001_SM24_micro028/SM24_micro001.mae
/lila/data/chodera/schrodinger/tmpdir/rustenburg/jag_SM24_micro001_SM24_micro028/lilac-0-5aecd50e.hosts
/lila/data/chodera/schrodinger/tmpdir/rustenburg/jag_SM24_micro001_SM24_micro028/SM24_micro028.in
/lila/data/chodera/schrodinger/tmpdir/rustenburg/jag_SM24_micro001_SM24_micro028/SM24_micro001.in
/lila/data/chodera/schrodinger/tmpdir/rustenburg/jag_SM24_micro001_SM24_micro028/lilac-0-5aecd50e.nodes
/lila/data/chodera/schrodinger/tmpdir/rustenburg/jag_SM24_micro001_SM24_micro028/jag_SM24_micro001_SM24_micro028.log
/lila/data/chodera/schrodinger/tmpdir/rustenburg/jag_SM24_micro001_SM24_micro028/lilac-0-5aecd50e.jlog
/lila/data/chodera/schrodinger/tmpdir/rustenburg/jag_SM24_micro001_SM24_micro028/jag_SM24_micro001_SM24_micro028.recover
/lila/data/chodera/schrodinger/tmpdir/rustenburg/jag_SM24_micro001_SM24_micro028/lilac-0-5aecd50e.recover
/lila/data/chodera/schrodinger/tmpdir/rustenburg/jag_SM24_micro001_SM24_micro028/lilac-0-5aecd50e.mpinodes

=====================
 Jaguar pKa workflow
=====================

Analysing user-provided (prot, deprot) pair:
(SM24_micro001.in, SM24_micro028.in)
Found labile hydrogen 31 in SM24_micro001.in
Found labile hydrogen at atom 24 in SM24_micro028.in
Adding 'ipkat' keyword to input files.

Identifying pKa functional group for pair:
(SM24_micro001, SM24_micro028)

Executing subprocess:
/data/chodera/schrodinger/schrodinger2017-4-advanced/jaguar-v9.8/bin/Linux-x86_64/pka -i -j SM24_micro001.tmp.jres -n

Taking protonated structures from:
SM24_micro001.mae
Taking deprotonated structures from:
SM24_micro028.mae

This molecule from 'SM24_micro001.mae' in water was recognized as:

 # 	           Shell           
---	---------------------------
1: 	heterocycle custom 1       
2: 	heterocycle                
3: 	Protonation of generic atom


Executing conformational search...

Executing 2 distributed subjobs:
---------------------------------

No more than 8 cpu(s) will be used per subjob.
No more than 10 cpu(s) will be used simultaneously.

Processing the following subjobs:
(1) jaguar run csrch.py SM24_micro001.mae -jobname SM24_micro001 -max_conf 5 -erg_window 50.208 -acc_level 1 -TPP 5
(2) jaguar run csrch.py SM24_micro028.mae -jobname SM24_micro028 -max_conf 5 -erg_window 50.208 -acc_level 1 -TPP 5

Running subjobs on hosts:
  lsf-cpu (Max: 2)
Number of jobs:       2
Max retries per job:  3
Max allowed failures: unlimited
Run with -LOCAL:      False
Verbosity:            normal

Starting JobDJ...

Keep one job on driver host: False
JobDJ columns:
  C: Number of completed subjobs
  A: Number of active subjobs (e.g., submitted, running)
  W: Number of waiting/pending subjobs

C A W | Activity  JobId  JobName  JobHost
- - - | --------- -----------------------
0 1 1 | launched  lt09-9-5aeceb75 SM24_micro001 lsf-cpu
0 2 0 | launched  lt09-11-5aeceb89 SM24_micro028 lsf-cpu
1 1 0 | finished  lt09-9-5aeceb75 SM24_micro001 lsf-cpu [lt04]
2 0 0 | finished  lt09-11-5aeceb89 SM24_micro028 lsf-cpu [lt08]

All jobs have completed.

2 of 2 job(s) succeeded; 0 job(s) failed.

Timer (distribute subjobs) : 7517.94 secs (2 hrs, 05 mins, 17 secs)

Setting up QM workflow for (protonated, deprotonated) pair:
(1) (SM24_micro001, SM24_micro028)

Executing Jaguar quantum-mechanical subjobs...

Executing 10 distributed subjobs:
----------------------------------

No more than 8 cpu(s) will be used per subjob.
No more than 10 cpu(s) will be used simultaneously.

Processing the following subjobs:
(1) jaguar run pka_prot.bat -jobname SM24_micro001_conf_1 SM24_micro001_conf_1.in
(2) jaguar run pka_prot.bat -jobname SM24_micro001_conf_2 SM24_micro001_conf_2.in
(3) jaguar run pka_prot.bat -jobname SM24_micro001_conf_3 SM24_micro001_conf_3.in
(4) jaguar run pka_prot.bat -jobname SM24_micro001_conf_4 SM24_micro001_conf_4.in
(5) jaguar run pka_prot.bat -jobname SM24_micro001_conf_5 SM24_micro001_conf_5.in
(6) jaguar run pka_deprot.bat -jobname SM24_micro028_conf_1 SM24_micro028_conf_1.in
(7) jaguar run pka_deprot.bat -jobname SM24_micro028_conf_2 SM24_micro028_conf_2.in
(8) jaguar run pka_deprot.bat -jobname SM24_micro028_conf_3 SM24_micro028_conf_3.in
(9) jaguar run pka_deprot.bat -jobname SM24_micro028_conf_4 SM24_micro028_conf_4.in
(10) jaguar run pka_deprot.bat -jobname SM24_micro028_conf_5 SM24_micro028_conf_5.in

Running subjobs on hosts:
  lsf-cpu (Max: 10)
Number of jobs:       10
Max retries per job:  3
Max allowed failures: unlimited
Run with -LOCAL:      False
Verbosity:            normal

Starting JobDJ...

Keep one job on driver host: True
JobDJ columns:
  C: Number of completed subjobs
  A: Number of active subjobs (e.g., submitted, running)
  W: Number of waiting/pending subjobs

 C  A  W | Activity  JobId  JobName  JobHost
-- -- -- | --------- -----------------------
 0  1  9 | launched  lt09-0-5aed08cb SM24_micro001_conf_1 localhost [lt09]
 0  2  8 | launched  lt09-0-5aed08d0 SM24_micro001_conf_2 lsf-cpu
 0  3  7 | launched  lt09-1-5aed08d4 SM24_micro001_conf_3 lsf-cpu
 0  4  6 | launched  lt09-0-5aed08d8 SM24_micro001_conf_4 lsf-cpu
 0  5  5 | launched  lt09-0-5aed08dc SM24_micro001_conf_5 lsf-cpu
 0  6  4 | launched  lt09-0-5aed08e1 SM24_micro028_conf_1 lsf-cpu
 0  7  3 | launched  lt09-0-5aed08e6 SM24_micro028_conf_2 lsf-cpu
 0  8  2 | launched  lt09-0-5aed08eb SM24_micro028_conf_3 lsf-cpu
 0  9  1 | launched  lt09-0-5aed08f0 SM24_micro028_conf_4 lsf-cpu
 0 10  0 | launched  lt09-0-5aed08f4 SM24_micro028_conf_5 lsf-cpu
 1  9  0 | finished  lt09-0-5aed08cb SM24_micro001_conf_1 localhost [lt09]
Subjob 'SM24_micro001_conf_5' died (fizzled) [jobid lt09-0-5aed08dc]
 1  8  1 | fizzled   lt09-0-5aed08dc SM24_micro001_conf_5 lsf-cpu [lt21]
 1  9  0 | restarted lt09-0-5aed2371 SM24_micro001_conf_5 localhost [lt09]
Subjob 'SM24_micro028_conf_4' died (fizzled) [jobid lt09-0-5aed08f0]
 1  8  1 | fizzled   lt09-0-5aed08f0 SM24_micro028_conf_4 lsf-cpu [lt22]
WARNING: Job launch failed for 1/2 times.
% jaguar run pka_deprot.bat -jobname SM24_micro028_conf_4 SM24_micro028_conf_4.in -HOST lsf-cpu
Output
Launch failed: no JobId found.

Command:
/data/chodera/schrodinger/schrodinger2017-4-advanced/jaguar run pka_deprot.bat -jobname SM24_micro028_conf_4 SM24_micro028_conf_4.in -HOST lsf-cpu
Output:
Launching JAGUAR under jobcontrol.
An error has occurred.  Information about the error has been written to 
/home/rustenburg/.schrodinger/exceptions/error20180504-232902-1.txt 

Please contact help@schrodinger.com for assistance. Include error20180504-232902-1.txt and a description of what you were doing when the error occurred.

WARNING: Job launch failed for 2/2 times.
% jaguar run pka_deprot.bat -jobname SM24_micro028_conf_4 SM24_micro028_conf_4.in -HOST lsf-cpu
Output
Launch failed: no JobId found.

Command:
/data/chodera/schrodinger/schrodinger2017-4-advanced/jaguar run pka_deprot.bat -jobname SM24_micro028_conf_4 SM24_micro028_conf_4.in -HOST lsf-cpu
Output:
Launching JAGUAR under jobcontrol.
An error has occurred.  Information about the error has been written to 
/home/rustenburg/.schrodinger/exceptions/error20180504-233340.txt 

Please contact help@schrodinger.com for assistance. Include error20180504-233340.txt and a description of what you were doing when the error occurred.

WARNING: Job launch failed for 1/2 times.
% jaguar run pka_deprot.bat -jobname SM24_micro028_conf_4 SM24_micro028_conf_4.in -HOST lsf-cpu
Output
Launch failed: no JobId found.

Command:
/data/chodera/schrodinger/schrodinger2017-4-advanced/jaguar run pka_deprot.bat -jobname SM24_micro028_conf_4 SM24_micro028_conf_4.in -HOST lsf-cpu
Output:
Launching JAGUAR under jobcontrol.
An error has occurred.  Information about the error has been written to 
/home/rustenburg/.schrodinger/exceptions/error20180504-233818.txt 

Please contact help@schrodinger.com for assistance. Include error20180504-233818.txt and a description of what you were doing when the error occurred.

WARNING: Job launch failed for 2/2 times.
% jaguar run pka_deprot.bat -jobname SM24_micro028_conf_4 SM24_micro028_conf_4.in -HOST lsf-cpu
Output
Launch failed: no JobId found.

Command:
/data/chodera/schrodinger/schrodinger2017-4-advanced/jaguar run pka_deprot.bat -jobname SM24_micro028_conf_4 SM24_micro028_conf_4.in -HOST lsf-cpu
Output:
Launching JAGUAR under jobcontrol.
An error has occurred.  Information about the error has been written to 
/home/rustenburg/.schrodinger/exceptions/error20180504-234257.txt 

Please contact help@schrodinger.com for assistance. Include error20180504-234257.txt and a description of what you were doing when the error occurred.

Subjob 'SM24_micro001_conf_3' died (fizzled) [jobid lt09-1-5aed08d4]
 1  7  2 | fizzled   lt09-1-5aed08d4 SM24_micro001_conf_3 lsf-cpu [ls02]
WARNING: Job launch failed for 1/2 times.
% jaguar run pka_prot.bat -jobname SM24_micro001_conf_3 SM24_micro001_conf_3.in -HOST lsf-cpu
Output
Launch failed: no JobId found.

Command:
/data/chodera/schrodinger/schrodinger2017-4-advanced/jaguar run pka_prot.bat -jobname SM24_micro001_conf_3 SM24_micro001_conf_3.in -HOST lsf-cpu
Output:
Launching JAGUAR under jobcontrol.
An error has occurred.  Information about the error has been written to 
/home/rustenburg/.schrodinger/exceptions/error20180504-234735.txt 

Please contact help@schrodinger.com for assistance. Include error20180504-234735.txt and a description of what you were doing when the error occurred.

WARNING: Job launch failed for 2/2 times.
% jaguar run pka_prot.bat -jobname SM24_micro001_conf_3 SM24_micro001_conf_3.in -HOST lsf-cpu
Output
Launch failed: no JobId found.

Command:
/data/chodera/schrodinger/schrodinger2017-4-advanced/jaguar run pka_prot.bat -jobname SM24_micro001_conf_3 SM24_micro001_conf_3.in -HOST lsf-cpu
Output:
Launching JAGUAR under jobcontrol.
An error has occurred.  Information about the error has been written to 
/home/rustenburg/.schrodinger/exceptions/error20180504-235213.txt 

Please contact help@schrodinger.com for assistance. Include error20180504-235213.txt and a description of what you were doing when the error occurred.

WARNING: Job launch failed for 1/2 times.
% jaguar run pka_deprot.bat -jobname SM24_micro028_conf_4 SM24_micro028_conf_4.in -HOST lsf-cpu
Output
Launch failed: no JobId found.

Command:
/data/chodera/schrodinger/schrodinger2017-4-advanced/jaguar run pka_deprot.bat -jobname SM24_micro028_conf_4 SM24_micro028_conf_4.in -HOST lsf-cpu
Output:
Launching JAGUAR under jobcontrol.
An error has occurred.  Information about the error has been written to 
/home/rustenburg/.schrodinger/exceptions/error20180504-235650.txt 

Please contact help@schrodinger.com for assistance. Include error20180504-235650.txt and a description of what you were doing when the error occurred.

WARNING: Job launch failed for 2/2 times.
% jaguar run pka_deprot.bat -jobname SM24_micro028_conf_4 SM24_micro028_conf_4.in -HOST lsf-cpu
Output
Launch failed: no JobId found.

Command:
/data/chodera/schrodinger/schrodinger2017-4-advanced/jaguar run pka_deprot.bat -jobname SM24_micro028_conf_4 SM24_micro028_conf_4.in -HOST lsf-cpu
Output:
Launching JAGUAR under jobcontrol.
An error has occurred.  Information about the error has been written to 
/home/rustenburg/.schrodinger/exceptions/error20180505-000128.txt 

Please contact help@schrodinger.com for assistance. Include error20180505-000128.txt and a description of what you were doing when the error occurred.

 2  7  1 | fizzled   lt09-0-5aed08f0 SM24_micro028_conf_4 lsf-cpu [lt22]
ERROR: Subjob 'SM24_micro028_conf_4' has failed after 3 retries.

Last 20 lines of 'SM24_micro028_conf_4.log':

  ERROR: this job could not be launched.
  
  Launch host: lt09.hpc.private
  Launch directory: /lila/data/chodera/schrodinger/tmpdir/rustenburg/jag_SM24_micro001_SM24_micro028/jag_SM24_micro001_SM24_micro028.workdir
  Launch time: 2018-05-04-23:56:54
  Command line: /data/chodera/schrodinger/schrodinger2017-4-advanced/jaguar run pka_deprot.bat -jobname SM24_micro028_conf_4 SM24_micro028_conf_4.in -HOST lsf-cpu
  
  The following error message was returned:
  Error: in replying to 'JPROXYPORT lilac rustenburg "/data/chodera/schrodinger/schrodinger2017-4-advanced"' - dial tcp lilac:35321: i/o timeout


Last 20 lines of 'SM24_micro028_conf_4.recover':

  

Job control errors (from job record):
  ERROR: could not recover job: remote command failed with exit code 127 [remote host: lilac, output: 'ssh_exchange_identification: Connection closed by remote host']
Launch failed: no JobId found.

Command:
/data/chodera/schrodinger/schrodinger2017-4-advanced/jaguar run pka_deprot.bat -jobname SM24_micro028_conf_4 SM24_micro028_conf_4.in -HOST lsf-cpu
Output:
Launching JAGUAR under jobcontrol.
An error has occurred.  Information about the error has been written to 
/home/rustenburg/.schrodinger/exceptions/error20180505-000128.txt 

Please contact help@schrodinger.com for assistance. Include error20180505-000128.txt and a description of what you were doing when the error occurred.

 3  6  1 | finished  lt09-0-5aed2371 SM24_micro001_conf_5 localhost [lt09]
 3  7  0 | restarted lt09-0-5aed2c9b SM24_micro001_conf_3 localhost [lt09]
Subjob 'SM24_micro001_conf_4' died (fizzled) [jobid lt09-0-5aed08d8]
 3  6  1 | fizzled   lt09-0-5aed08d8 SM24_micro001_conf_4 lsf-cpu [lt21]
WARNING: Job launch failed for 1/2 times.
% jaguar run pka_prot.bat -jobname SM24_micro001_conf_4 SM24_micro001_conf_4.in -HOST lsf-cpu
Output
Launch failed: no JobId found.

Command:
/data/chodera/schrodinger/schrodinger2017-4-advanced/jaguar run pka_prot.bat -jobname SM24_micro001_conf_4 SM24_micro001_conf_4.in -HOST lsf-cpu
Output:
Launching JAGUAR under jobcontrol.
An error has occurred.  Information about the error has been written to 
/home/rustenburg/.schrodinger/exceptions/error20180505-002842-1.txt 

Please contact help@schrodinger.com for assistance. Include error20180505-002842-1.txt and a description of what you were doing when the error occurred.

WARNING: Job launch failed for 2/2 times.
% jaguar run pka_prot.bat -jobname SM24_micro001_conf_4 SM24_micro001_conf_4.in -HOST lsf-cpu
Output
Launch failed: no JobId found.

Command:
/data/chodera/schrodinger/schrodinger2017-4-advanced/jaguar run pka_prot.bat -jobname SM24_micro001_conf_4 SM24_micro001_conf_4.in -HOST lsf-cpu
Output:
Launching JAGUAR under jobcontrol.
An error has occurred.  Information about the error has been written to 
/home/rustenburg/.schrodinger/exceptions/error20180505-003327-1.txt 

Please contact help@schrodinger.com for assistance. Include error20180505-003327-1.txt and a description of what you were doing when the error occurred.

Subjob 'SM24_micro028_conf_1' died (fizzled) [jobid lt09-0-5aed08e1]
 3  5  2 | fizzled   lt09-0-5aed08e1 SM24_micro028_conf_1 lsf-cpu [lt21]
WARNING: Job launch failed for 1/2 times.
% jaguar run pka_prot.bat -jobname SM24_micro001_conf_4 SM24_micro001_conf_4.in -HOST lsf-cpu
Output
Launch failed: no JobId found.

Command:
/data/chodera/schrodinger/schrodinger2017-4-advanced/jaguar run pka_prot.bat -jobname SM24_micro001_conf_4 SM24_micro001_conf_4.in -HOST lsf-cpu
Output:
Launching JAGUAR under jobcontrol.
An error has occurred.  Information about the error has been written to 
/home/rustenburg/.schrodinger/exceptions/error20180505-003809-1.txt 

Please contact help@schrodinger.com for assistance. Include error20180505-003809-1.txt and a description of what you were doing when the error occurred.

WARNING: Job launch failed for 2/2 times.
% jaguar run pka_prot.bat -jobname SM24_micro001_conf_4 SM24_micro001_conf_4.in -HOST lsf-cpu
Output
Launch failed: no JobId found.

Command:
/data/chodera/schrodinger/schrodinger2017-4-advanced/jaguar run pka_prot.bat -jobname SM24_micro001_conf_4 SM24_micro001_conf_4.in -HOST lsf-cpu
Output:
Launching JAGUAR under jobcontrol.
An error has occurred.  Information about the error has been written to 
/home/rustenburg/.schrodinger/exceptions/error20180505-004251-2.txt 

Please contact help@schrodinger.com for assistance. Include error20180505-004251-2.txt and a description of what you were doing when the error occurred.

WARNING: Job launch failed for 1/2 times.
% jaguar run pka_deprot.bat -jobname SM24_micro028_conf_1 SM24_micro028_conf_1.in -HOST lsf-cpu
Output
Launch failed: no JobId found.

Command:
/data/chodera/schrodinger/schrodinger2017-4-advanced/jaguar run pka_deprot.bat -jobname SM24_micro028_conf_1 SM24_micro028_conf_1.in -HOST lsf-cpu
Output:
Launching JAGUAR under jobcontrol.
An error has occurred.  Information about the error has been written to 
/home/rustenburg/.schrodinger/exceptions/error20180505-004734-1.txt 

Please contact help@schrodinger.com for assistance. Include error20180505-004734-1.txt and a description of what you were doing when the error occurred.

WARNING: Job launch failed for 2/2 times.
% jaguar run pka_deprot.bat -jobname SM24_micro028_conf_1 SM24_micro028_conf_1.in -HOST lsf-cpu
Output
Launch failed: no JobId found.

Command:
/data/chodera/schrodinger/schrodinger2017-4-advanced/jaguar run pka_deprot.bat -jobname SM24_micro028_conf_1 SM24_micro028_conf_1.in -HOST lsf-cpu
Output:
Launching JAGUAR under jobcontrol.
An error has occurred.  Information about the error has been written to 
/home/rustenburg/.schrodinger/exceptions/error20180505-005216-1.txt 

Please contact help@schrodinger.com for assistance. Include error20180505-005216-1.txt and a description of what you were doing when the error occurred.

Subjob 'SM24_micro028_conf_2' died (fizzled) [jobid lt09-0-5aed08e6]
 3  4  3 | fizzled   lt09-0-5aed08e6 SM24_micro028_conf_2 lsf-cpu [lt22]
WARNING: Job launch failed for 1/2 times.
% jaguar run pka_prot.bat -jobname SM24_micro001_conf_4 SM24_micro001_conf_4.in -HOST lsf-cpu
Output
Launch failed: no JobId found.

Command:
/data/chodera/schrodinger/schrodinger2017-4-advanced/jaguar run pka_prot.bat -jobname SM24_micro001_conf_4 SM24_micro001_conf_4.in -HOST lsf-cpu
Output:
Launching JAGUAR under jobcontrol.
An error has occurred.  Information about the error has been written to 
/home/rustenburg/.schrodinger/exceptions/error20180505-005658-1.txt 

Please contact help@schrodinger.com for assistance. Include error20180505-005658-1.txt and a description of what you were doing when the error occurred.

WARNING: Job launch failed for 2/2 times.
% jaguar run pka_prot.bat -jobname SM24_micro001_conf_4 SM24_micro001_conf_4.in -HOST lsf-cpu
Output
Launch failed: no JobId found.

Command:
/data/chodera/schrodinger/schrodinger2017-4-advanced/jaguar run pka_prot.bat -jobname SM24_micro001_conf_4 SM24_micro001_conf_4.in -HOST lsf-cpu
Output:
Launching JAGUAR under jobcontrol.
An error has occurred.  Information about the error has been written to 
/home/rustenburg/.schrodinger/exceptions/error20180505-010142-1.txt 

Please contact help@schrodinger.com for assistance. Include error20180505-010142-1.txt and a description of what you were doing when the error occurred.

WARNING: Job launch failed for 1/2 times.
% jaguar run pka_deprot.bat -jobname SM24_micro028_conf_1 SM24_micro028_conf_1.in -HOST lsf-cpu
Output
Launch failed: no JobId found.

Command:
/data/chodera/schrodinger/schrodinger2017-4-advanced/jaguar run pka_deprot.bat -jobname SM24_micro028_conf_1 SM24_micro028_conf_1.in -HOST lsf-cpu
Output:
Launching JAGUAR under jobcontrol.
An error has occurred.  Information about the error has been written to 
/home/rustenburg/.schrodinger/exceptions/error20180505-010621.txt 

Please contact help@schrodinger.com for assistance. Include error20180505-010621.txt and a description of what you were doing when the error occurred.

WARNING: Job launch failed for 2/2 times.
% jaguar run pka_deprot.bat -jobname SM24_micro028_conf_1 SM24_micro028_conf_1.in -HOST lsf-cpu
Output
Launch failed: no JobId found.

Command:
/data/chodera/schrodinger/schrodinger2017-4-advanced/jaguar run pka_deprot.bat -jobname SM24_micro028_conf_1 SM24_micro028_conf_1.in -HOST lsf-cpu
Output:
Launching JAGUAR under jobcontrol.
An error has occurred.  Information about the error has been written to 
/home/rustenburg/.schrodinger/exceptions/error20180505-011057.txt 

Please contact help@schrodinger.com for assistance. Include error20180505-011057.txt and a description of what you were doing when the error occurred.

WARNING: Job launch failed for 1/2 times.
% jaguar run pka_deprot.bat -jobname SM24_micro028_conf_2 SM24_micro028_conf_2.in -HOST lsf-cpu
Output
Launch failed: no JobId found.

Command:
/data/chodera/schrodinger/schrodinger2017-4-advanced/jaguar run pka_deprot.bat -jobname SM24_micro028_conf_2 SM24_micro028_conf_2.in -HOST lsf-cpu
Output:
Launching JAGUAR under jobcontrol.
An error has occurred.  Information about the error has been written to 
/home/rustenburg/.schrodinger/exceptions/error20180505-011533.txt 

Please contact help@schrodinger.com for assistance. Include error20180505-011533.txt and a description of what you were doing when the error occurred.

WARNING: Job launch failed for 2/2 times.
% jaguar run pka_deprot.bat -jobname SM24_micro028_conf_2 SM24_micro028_conf_2.in -HOST lsf-cpu
Output
Launch failed: no JobId found.

Command:
/data/chodera/schrodinger/schrodinger2017-4-advanced/jaguar run pka_deprot.bat -jobname SM24_micro028_conf_2 SM24_micro028_conf_2.in -HOST lsf-cpu
Output:
Launching JAGUAR under jobcontrol.
An error has occurred.  Information about the error has been written to 
/home/rustenburg/.schrodinger/exceptions/error20180505-012010.txt 

Please contact help@schrodinger.com for assistance. Include error20180505-012010.txt and a description of what you were doing when the error occurred.

 4  4  2 | fizzled   lt09-0-5aed08d8 SM24_micro001_conf_4 lsf-cpu [lt21]
ERROR: Subjob 'SM24_micro001_conf_4' has failed after 3 retries.

Last 20 lines of 'SM24_micro001_conf_4.log':

  ERROR: this job could not be launched.
  
  Launch host: lt09.hpc.private
  Launch directory: /lila/data/chodera/schrodinger/tmpdir/rustenburg/jag_SM24_micro001_SM24_micro028/jag_SM24_micro001_SM24_micro028.workdir
  Launch time: 2018-05-05-00:57:05
  Command line: /data/chodera/schrodinger/schrodinger2017-4-advanced/jaguar run pka_prot.bat -jobname SM24_micro001_conf_4 SM24_micro001_conf_4.in -HOST lsf-cpu
  
  The following error message was returned:
  Error: in replying to 'JPROXYPORT lilac rustenburg "/data/chodera/schrodinger/schrodinger2017-4-advanced"' - dial tcp lilac:35321: i/o timeout


Last 20 lines of 'SM24_micro001_conf_4.recover':

  

Job control errors (from job record):
  ERROR: could not recover job: remote command failed with exit code 127 [remote host: lilac, output: 'ssh_exchange_identification: Connection closed by remote host']
Launch failed: no JobId found.

Command:
/data/chodera/schrodinger/schrodinger2017-4-advanced/jaguar run pka_prot.bat -jobname SM24_micro001_conf_4 SM24_micro001_conf_4.in -HOST lsf-cpu
Output:
Launching JAGUAR under jobcontrol.
An error has occurred.  Information about the error has been written to 
/home/rustenburg/.schrodinger/exceptions/error20180505-010142-1.txt 

Please contact help@schrodinger.com for assistance. Include error20180505-010142-1.txt and a description of what you were doing when the error occurred.

Subjob 'SM24_micro028_conf_3' died (fizzled) [jobid lt09-0-5aed08eb]
 4  3  3 | fizzled   lt09-0-5aed08eb SM24_micro028_conf_3 lsf-cpu [lt22]
WARNING: Job launch failed for 1/2 times.
% jaguar run pka_deprot.bat -jobname SM24_micro028_conf_1 SM24_micro028_conf_1.in -HOST lsf-cpu
Output
Launch failed: no JobId found.

Command:
/data/chodera/schrodinger/schrodinger2017-4-advanced/jaguar run pka_deprot.bat -jobname SM24_micro028_conf_1 SM24_micro028_conf_1.in -HOST lsf-cpu
Output:
Launching JAGUAR under jobcontrol.
An error has occurred.  Information about the error has been written to 
/home/rustenburg/.schrodinger/exceptions/error20180505-012446.txt 

Please contact help@schrodinger.com for assistance. Include error20180505-012446.txt and a description of what you were doing when the error occurred.

WARNING: Job launch failed for 2/2 times.
% jaguar run pka_deprot.bat -jobname SM24_micro028_conf_1 SM24_micro028_conf_1.in -HOST lsf-cpu
Output
Launch failed: no JobId found.

Command:
/data/chodera/schrodinger/schrodinger2017-4-advanced/jaguar run pka_deprot.bat -jobname SM24_micro028_conf_1 SM24_micro028_conf_1.in -HOST lsf-cpu
Output:
Launching JAGUAR under jobcontrol.
An error has occurred.  Information about the error has been written to 
/home/rustenburg/.schrodinger/exceptions/error20180505-012921.txt 

Please contact help@schrodinger.com for assistance. Include error20180505-012921.txt and a description of what you were doing when the error occurred.

WARNING: Job launch failed for 1/2 times.
% jaguar run pka_deprot.bat -jobname SM24_micro028_conf_2 SM24_micro028_conf_2.in -HOST lsf-cpu
Output
Launch failed: no JobId found.

Command:
/data/chodera/schrodinger/schrodinger2017-4-advanced/jaguar run pka_deprot.bat -jobname SM24_micro028_conf_2 SM24_micro028_conf_2.in -HOST lsf-cpu
Output:
Launching JAGUAR under jobcontrol.
An error has occurred.  Information about the error has been written to 
/home/rustenburg/.schrodinger/exceptions/error20180505-013356.txt 

Please contact help@schrodinger.com for assistance. Include error20180505-013356.txt and a description of what you were doing when the error occurred.

WARNING: Job launch failed for 2/2 times.
% jaguar run pka_deprot.bat -jobname SM24_micro028_conf_2 SM24_micro028_conf_2.in -HOST lsf-cpu
Output
Launch failed: no JobId found.

Command:
/data/chodera/schrodinger/schrodinger2017-4-advanced/jaguar run pka_deprot.bat -jobname SM24_micro028_conf_2 SM24_micro028_conf_2.in -HOST lsf-cpu
Output:
Launching JAGUAR under jobcontrol.
An error has occurred.  Information about the error has been written to 
/home/rustenburg/.schrodinger/exceptions/error20180505-013830.txt 

Please contact help@schrodinger.com for assistance. Include error20180505-013830.txt and a description of what you were doing when the error occurred.

WARNING: Job launch failed for 1/2 times.
% jaguar run pka_deprot.bat -jobname SM24_micro028_conf_3 SM24_micro028_conf_3.in -HOST lsf-cpu
Output
Launch failed: no JobId found.

Command:
/data/chodera/schrodinger/schrodinger2017-4-advanced/jaguar run pka_deprot.bat -jobname SM24_micro028_conf_3 SM24_micro028_conf_3.in -HOST lsf-cpu
Output:
Launching JAGUAR under jobcontrol.
An error has occurred.  Information about the error has been written to 
/home/rustenburg/.schrodinger/exceptions/error20180505-014305.txt 

Please contact help@schrodinger.com for assistance. Include error20180505-014305.txt and a description of what you were doing when the error occurred.

WARNING: Job launch failed for 2/2 times.
% jaguar run pka_deprot.bat -jobname SM24_micro028_conf_3 SM24_micro028_conf_3.in -HOST lsf-cpu
Output
Launch failed: no JobId found.

Command:
/data/chodera/schrodinger/schrodinger2017-4-advanced/jaguar run pka_deprot.bat -jobname SM24_micro028_conf_3 SM24_micro028_conf_3.in -HOST lsf-cpu
Output:
Launching JAGUAR under jobcontrol.
An error has occurred.  Information about the error has been written to 
/home/rustenburg/.schrodinger/exceptions/error20180505-014739.txt 

Please contact help@schrodinger.com for assistance. Include error20180505-014739.txt and a description of what you were doing when the error occurred.

 5  3  2 | fizzled   lt09-0-5aed08e1 SM24_micro028_conf_1 lsf-cpu [lt21]
ERROR: Subjob 'SM24_micro028_conf_1' has failed after 3 retries.

Last 20 lines of 'SM24_micro028_conf_1.log':

  ERROR: this job could not be launched.
  
  Launch host: lt09.hpc.private
  Launch directory: /lila/data/chodera/schrodinger/tmpdir/rustenburg/jag_SM24_micro001_SM24_micro028/jag_SM24_micro001_SM24_micro028.workdir
  Launch time: 2018-05-05-01:24:49
  Command line: /data/chodera/schrodinger/schrodinger2017-4-advanced/jaguar run pka_deprot.bat -jobname SM24_micro028_conf_1 SM24_micro028_conf_1.in -HOST lsf-cpu
  
  The following error message was returned:
  Error: in replying to 'JPROXYPORT lilac rustenburg "/data/chodera/schrodinger/schrodinger2017-4-advanced"' - dial tcp lilac:35321: i/o timeout


Last 20 lines of 'SM24_micro028_conf_1.recover':

  

Job control errors (from job record):
  ERROR: could not recover job: remote command failed with exit code 127 [remote host: lilac, output: 'ssh_exchange_identification: Connection closed by remote host']
Launch failed: no JobId found.

Command:
/data/chodera/schrodinger/schrodinger2017-4-advanced/jaguar run pka_deprot.bat -jobname SM24_micro028_conf_1 SM24_micro028_conf_1.in -HOST lsf-cpu
Output:
Launching JAGUAR under jobcontrol.
An error has occurred.  Information about the error has been written to 
/home/rustenburg/.schrodinger/exceptions/error20180505-012921.txt 

Please contact help@schrodinger.com for assistance. Include error20180505-012921.txt and a description of what you were doing when the error occurred.

Subjob 'SM24_micro028_conf_5' died (fizzled) [jobid lt09-0-5aed08f4]
 5  2  3 | fizzled   lt09-0-5aed08f4 SM24_micro028_conf_5 lsf-cpu [lt22]
WARNING: Job launch failed for 1/2 times.
% jaguar run pka_deprot.bat -jobname SM24_micro028_conf_2 SM24_micro028_conf_2.in -HOST lsf-cpu
Output
Launch failed: no JobId found.

Command:
/data/chodera/schrodinger/schrodinger2017-4-advanced/jaguar run pka_deprot.bat -jobname SM24_micro028_conf_2 SM24_micro028_conf_2.in -HOST lsf-cpu
Output:
Launching JAGUAR under jobcontrol.
An error has occurred.  Information about the error has been written to 
/home/rustenburg/.schrodinger/exceptions/error20180505-015213.txt 

Please contact help@schrodinger.com for assistance. Include error20180505-015213.txt and a description of what you were doing when the error occurred.

WARNING: Job launch failed for 2/2 times.
% jaguar run pka_deprot.bat -jobname SM24_micro028_conf_2 SM24_micro028_conf_2.in -HOST lsf-cpu
Output
Launch failed: no JobId found.

Command:
/data/chodera/schrodinger/schrodinger2017-4-advanced/jaguar run pka_deprot.bat -jobname SM24_micro028_conf_2 SM24_micro028_conf_2.in -HOST lsf-cpu
Output:
Launching JAGUAR under jobcontrol.
An error has occurred.  Information about the error has been written to 
/home/rustenburg/.schrodinger/exceptions/error20180505-015647.txt 

Please contact help@schrodinger.com for assistance. Include error20180505-015647.txt and a description of what you were doing when the error occurred.

WARNING: Job launch failed for 1/2 times.
% jaguar run pka_deprot.bat -jobname SM24_micro028_conf_3 SM24_micro028_conf_3.in -HOST lsf-cpu
Output
Launch failed: no JobId found.

Command:
/data/chodera/schrodinger/schrodinger2017-4-advanced/jaguar run pka_deprot.bat -jobname SM24_micro028_conf_3 SM24_micro028_conf_3.in -HOST lsf-cpu
Output:
Launching JAGUAR under jobcontrol.
An error has occurred.  Information about the error has been written to 
/home/rustenburg/.schrodinger/exceptions/error20180505-020121.txt 

Please contact help@schrodinger.com for assistance. Include error20180505-020121.txt and a description of what you were doing when the error occurred.

WARNING: Job launch failed for 2/2 times.
% jaguar run pka_deprot.bat -jobname SM24_micro028_conf_3 SM24_micro028_conf_3.in -HOST lsf-cpu
Output
Launch failed: no JobId found.

Command:
/data/chodera/schrodinger/schrodinger2017-4-advanced/jaguar run pka_deprot.bat -jobname SM24_micro028_conf_3 SM24_micro028_conf_3.in -HOST lsf-cpu
Output:
Launching JAGUAR under jobcontrol.
An error has occurred.  Information about the error has been written to 
/home/rustenburg/.schrodinger/exceptions/error20180505-020555.txt 

Please contact help@schrodinger.com for assistance. Include error20180505-020555.txt and a description of what you were doing when the error occurred.

WARNING: Job launch failed for 1/2 times.
% jaguar run pka_deprot.bat -jobname SM24_micro028_conf_5 SM24_micro028_conf_5.in -HOST lsf-cpu
Output
Launch failed: no JobId found.

Command:
/data/chodera/schrodinger/schrodinger2017-4-advanced/jaguar run pka_deprot.bat -jobname SM24_micro028_conf_5 SM24_micro028_conf_5.in -HOST lsf-cpu
Output:
Launching JAGUAR under jobcontrol.
An error has occurred.  Information about the error has been written to 
/home/rustenburg/.schrodinger/exceptions/error20180505-021029.txt 

Please contact help@schrodinger.com for assistance. Include error20180505-021029.txt and a description of what you were doing when the error occurred.

WARNING: Job launch failed for 2/2 times.
% jaguar run pka_deprot.bat -jobname SM24_micro028_conf_5 SM24_micro028_conf_5.in -HOST lsf-cpu
Output
Launch failed: no JobId found.

Command:
/data/chodera/schrodinger/schrodinger2017-4-advanced/jaguar run pka_deprot.bat -jobname SM24_micro028_conf_5 SM24_micro028_conf_5.in -HOST lsf-cpu
Output:
Launching JAGUAR under jobcontrol.
An error has occurred.  Information about the error has been written to 
/home/rustenburg/.schrodinger/exceptions/error20180505-021503-2.txt 

Please contact help@schrodinger.com for assistance. Include error20180505-021503-2.txt and a description of what you were doing when the error occurred.

 6  2  2 | fizzled   lt09-0-5aed08e6 SM24_micro028_conf_2 lsf-cpu [lt22]
ERROR: Subjob 'SM24_micro028_conf_2' has failed after 3 retries.

Last 20 lines of 'SM24_micro028_conf_2.log':

  ERROR: this job could not be launched.
  
  Launch host: lt09.hpc.private
  Launch directory: /lila/data/chodera/schrodinger/tmpdir/rustenburg/jag_SM24_micro001_SM24_micro028/jag_SM24_micro001_SM24_micro028.workdir
  Launch time: 2018-05-05-01:52:15
  Command line: /data/chodera/schrodinger/schrodinger2017-4-advanced/jaguar run pka_deprot.bat -jobname SM24_micro028_conf_2 SM24_micro028_conf_2.in -HOST lsf-cpu
  
  The following error message was returned:
  Error: in replying to 'JPROXYPORT lilac rustenburg "/data/chodera/schrodinger/schrodinger2017-4-advanced"' - dial tcp lilac:35321: i/o timeout


Last 20 lines of 'SM24_micro028_conf_2.recover':

  

Job control errors (from job record):
  ERROR: could not recover job: remote command failed with exit code 127 [remote host: lilac, output: 'ssh_exchange_identification: Connection closed by remote host']
Launch failed: no JobId found.

Command:
/data/chodera/schrodinger/schrodinger2017-4-advanced/jaguar run pka_deprot.bat -jobname SM24_micro028_conf_2 SM24_micro028_conf_2.in -HOST lsf-cpu
Output:
Launching JAGUAR under jobcontrol.
An error has occurred.  Information about the error has been written to 
/home/rustenburg/.schrodinger/exceptions/error20180505-015647.txt 

Please contact help@schrodinger.com for assistance. Include error20180505-015647.txt and a description of what you were doing when the error occurred.

 7  1  2 | finished  lt09-0-5aed2c9b SM24_micro001_conf_3 localhost [lt09]
 7  2  1 | restarted lt09-0-5aed4be9 SM24_micro028_conf_3 localhost [lt09]
WARNING: Job launch failed for 1/2 times.
% jaguar run pka_deprot.bat -jobname SM24_micro028_conf_5 SM24_micro028_conf_5.in -HOST lsf-cpu
Output
Launch failed: no JobId found.

Command:
/data/chodera/schrodinger/schrodinger2017-4-advanced/jaguar run pka_deprot.bat -jobname SM24_micro028_conf_5 SM24_micro028_conf_5.in -HOST lsf-cpu
Output:
Launching JAGUAR under jobcontrol.
An error has occurred.  Information about the error has been written to 
/home/rustenburg/.schrodinger/exceptions/error20180505-021943.txt 

Please contact help@schrodinger.com for assistance. Include error20180505-021943.txt and a description of what you were doing when the error occurred.

WARNING: Job launch failed for 2/2 times.
% jaguar run pka_deprot.bat -jobname SM24_micro028_conf_5 SM24_micro028_conf_5.in -HOST lsf-cpu
Output
Launch failed: no JobId found.

Command:
/data/chodera/schrodinger/schrodinger2017-4-advanced/jaguar run pka_deprot.bat -jobname SM24_micro028_conf_5 SM24_micro028_conf_5.in -HOST lsf-cpu
Output:
Launching JAGUAR under jobcontrol.
An error has occurred.  Information about the error has been written to 
/home/rustenburg/.schrodinger/exceptions/error20180505-022420.txt 

Please contact help@schrodinger.com for assistance. Include error20180505-022420.txt and a description of what you were doing when the error occurred.

Subjob 'SM24_micro001_conf_2' died (fizzled) [jobid lt09-0-5aed08d0]
 7  1  2 | fizzled   lt09-0-5aed08d0 SM24_micro001_conf_2 lsf-cpu [ls02]
WARNING: Job launch failed for 1/2 times.
% jaguar run pka_prot.bat -jobname SM24_micro001_conf_2 SM24_micro001_conf_2.in -HOST lsf-cpu
Output
Launch failed: no JobId found.

Command:
/data/chodera/schrodinger/schrodinger2017-4-advanced/jaguar run pka_prot.bat -jobname SM24_micro001_conf_2 SM24_micro001_conf_2.in -HOST lsf-cpu
Output:
Launching JAGUAR under jobcontrol.
An error has occurred.  Information about the error has been written to 
/home/rustenburg/.schrodinger/exceptions/error20180505-022857.txt 

Please contact help@schrodinger.com for assistance. Include error20180505-022857.txt and a description of what you were doing when the error occurred.

WARNING: Job launch failed for 2/2 times.
% jaguar run pka_prot.bat -jobname SM24_micro001_conf_2 SM24_micro001_conf_2.in -HOST lsf-cpu
Output
Launch failed: no JobId found.

Command:
/data/chodera/schrodinger/schrodinger2017-4-advanced/jaguar run pka_prot.bat -jobname SM24_micro001_conf_2 SM24_micro001_conf_2.in -HOST lsf-cpu
Output:
Launching JAGUAR under jobcontrol.
An error has occurred.  Information about the error has been written to 
/home/rustenburg/.schrodinger/exceptions/error20180505-023335.txt 

Please contact help@schrodinger.com for assistance. Include error20180505-023335.txt and a description of what you were doing when the error occurred.

WARNING: Job launch failed for 1/2 times.
% jaguar run pka_deprot.bat -jobname SM24_micro028_conf_5 SM24_micro028_conf_5.in -HOST lsf-cpu
Output
Launch failed: no JobId found.

Command:
/data/chodera/schrodinger/schrodinger2017-4-advanced/jaguar run pka_deprot.bat -jobname SM24_micro028_conf_5 SM24_micro028_conf_5.in -HOST lsf-cpu
Output:
Launching JAGUAR under jobcontrol.
An error has occurred.  Information about the error has been written to 
/home/rustenburg/.schrodinger/exceptions/error20180505-023813.txt 

Please contact help@schrodinger.com for assistance. Include error20180505-023813.txt and a description of what you were doing when the error occurred.

WARNING: Job launch failed for 2/2 times.
% jaguar run pka_deprot.bat -jobname SM24_micro028_conf_5 SM24_micro028_conf_5.in -HOST lsf-cpu
Output
Launch failed: no JobId found.

Command:
/data/chodera/schrodinger/schrodinger2017-4-advanced/jaguar run pka_deprot.bat -jobname SM24_micro028_conf_5 SM24_micro028_conf_5.in -HOST lsf-cpu
Output:
Launching JAGUAR under jobcontrol.
An error has occurred.  Information about the error has been written to 
/home/rustenburg/.schrodinger/exceptions/error20180505-024252.txt 

Please contact help@schrodinger.com for assistance. Include error20180505-024252.txt and a description of what you were doing when the error occurred.

 8  1  1 | fizzled   lt09-0-5aed08f4 SM24_micro028_conf_5 lsf-cpu [lt22]
ERROR: Subjob 'SM24_micro028_conf_5' has failed after 3 retries.

Last 20 lines of 'SM24_micro028_conf_5.recover':

  ERROR: this job could not be launched.
  
  Launch host: lt09.hpc.private
  Launch directory: /lila/data/chodera/schrodinger/tmpdir/rustenburg/jag_SM24_micro001_SM24_micro028/jag_SM24_micro001_SM24_micro028.workdir
  Launch time: 2018-05-05-02:38:17
  Command line: /data/chodera/schrodinger/schrodinger2017-4-advanced/jaguar run pka_deprot.bat -jobname SM24_micro028_conf_5 SM24_micro028_conf_5.in -HOST lsf-cpu
  
  The following error message was returned:
  Error: in replying to 'JPROXYPORT lilac rustenburg "/data/chodera/schrodinger/schrodinger2017-4-advanced"' - dial tcp lilac:35321: i/o timeout


Last 20 lines of 'SM24_micro028_conf_5.log':

  

Job control errors (from job record):
  ERROR: could not recover job: remote command failed with exit code 127 [remote host: lilac, output: 'ssh_exchange_identification: Connection closed by remote host']
Launch failed: no JobId found.

Command:
/data/chodera/schrodinger/schrodinger2017-4-advanced/jaguar run pka_deprot.bat -jobname SM24_micro028_conf_5 SM24_micro028_conf_5.in -HOST lsf-cpu
Output:
Launching JAGUAR under jobcontrol.
An error has occurred.  Information about the error has been written to 
/home/rustenburg/.schrodinger/exceptions/error20180505-024252.txt 

Please contact help@schrodinger.com for assistance. Include error20180505-024252.txt and a description of what you were doing when the error occurred.

WARNING: Job launch failed for 1/2 times.
% jaguar run pka_prot.bat -jobname SM24_micro001_conf_2 SM24_micro001_conf_2.in -HOST lsf-cpu
Output
Launch failed: no JobId found.

Command:
/data/chodera/schrodinger/schrodinger2017-4-advanced/jaguar run pka_prot.bat -jobname SM24_micro001_conf_2 SM24_micro001_conf_2.in -HOST lsf-cpu
Output:
Launching JAGUAR under jobcontrol.
An error has occurred.  Information about the error has been written to 
/home/rustenburg/.schrodinger/exceptions/error20180505-024733-2.txt 

Please contact help@schrodinger.com for assistance. Include error20180505-024733-2.txt and a description of what you were doing when the error occurred.

WARNING: Job launch failed for 2/2 times.
% jaguar run pka_prot.bat -jobname SM24_micro001_conf_2 SM24_micro001_conf_2.in -HOST lsf-cpu
Output
Launch failed: no JobId found.

Command:
/data/chodera/schrodinger/schrodinger2017-4-advanced/jaguar run pka_prot.bat -jobname SM24_micro001_conf_2 SM24_micro001_conf_2.in -HOST lsf-cpu
Output:
Launching JAGUAR under jobcontrol.
An error has occurred.  Information about the error has been written to 
/home/rustenburg/.schrodinger/exceptions/error20180505-025209.txt 

Please contact help@schrodinger.com for assistance. Include error20180505-025209.txt and a description of what you were doing when the error occurred.

 9  0  1 | finished  lt09-0-5aed4be9 SM24_micro028_conf_3 localhost [lt09]
 9  1  0 | restarted lt09-0-5aed549d SM24_micro001_conf_2 localhost [lt09]
10  0  0 | finished  lt09-0-5aed549d SM24_micro001_conf_2 localhost [lt09]

All jobs have completed.

5 of 10 job(s) succeeded; 5 job(s) failed.

Timer (distribute subjobs) : 22099.99 secs (6 hrs, 08 mins, 19 secs)

Processing QM output files...

Executing subprocess:
/data/chodera/schrodinger/schrodinger2017-4-advanced/jaguar results -energy SM24_micro001_conf_1.nrg_h.out

Executing subprocess:
/data/chodera/schrodinger/schrodinger2017-4-advanced/jaguar results -esolv SM24_micro001_conf_1.sol_h.out

Executing subprocess:
/data/chodera/schrodinger/schrodinger2017-4-advanced/jaguar results -energy SM24_micro001_conf_2.nrg_h.out

Executing subprocess:
/data/chodera/schrodinger/schrodinger2017-4-advanced/jaguar results -esolv SM24_micro001_conf_2.sol_h.out

Executing subprocess:
/data/chodera/schrodinger/schrodinger2017-4-advanced/jaguar results -energy SM24_micro001_conf_3.nrg_h.out

Executing subprocess:
/data/chodera/schrodinger/schrodinger2017-4-advanced/jaguar results -esolv SM24_micro001_conf_3.sol_h.out

Executing subprocess:
/data/chodera/schrodinger/schrodinger2017-4-advanced/jaguar results -energy SM24_micro001_conf_4.nrg_h.out

  Results command failed: "/data/chodera/schrodinger/schrodinger2017-4-advanced/jaguar results -energy SM24_micro001_conf_4.nrg_h.out"

An error has occurred.  Information about the error has been written to 
/home/rustenburg/.schrodinger/exceptions/error20180505-033715.txt 

Please contact help@schrodinger.com for assistance. Include error20180505-033715.txt and a description of what you were doing when the error occurred.
