Taking protonated structures from:
SM10_micro013_conf_1.dft_h.01.mae
SM10_micro013_conf_2.dft_h.01.mae
SM10_micro013_conf_3.dft_h.01.mae
SM10_micro013_conf_4.dft_h.01.mae
SM10_micro013_conf_5.dft_h.01.mae
Taking deprotonated structures from:
SM10_micro030_conf_1.dft.01.mae
SM10_micro030_conf_2.dft.01.mae
SM10_micro030_conf_3.dft.01.mae
SM10_micro030_conf_4.dft.01.mae
SM10_micro030_conf_5.dft.01.mae

Corrected results for 'protonated' structure in water:
pKa atom: 29

 # 	                  Shell                   	 pKa 	RMSD	 Contribution
---	------------------------------------------	-----	-----	--------------
1: 	amide as acid                             	17.20	0.903	    95.04%
2: 	Protonation of sp2-like aliphatic nitrogen	15.70	1.751	     2.76%
3: 	Protonation of generic atom               	15.13	2.264	     2.20%

 Final weighted pKa value is 17.11



