Command:    jaguar run pka.py -jobname jag_SM18_micro063_SM18_micro047 -PARALLEL 10 -WAIT -n -csrch -prot SM18_micro063.in -deprot SM18_micro047.in
Release:    2017-4
Exec:       /data/chodera/schrodinger/schrodinger2017-4-advanced/jaguar-v9.8/bin/Linux-x86_64
Host:       ls15
JobId:      ls15-0-5af456dd
JobDir:     /lila/data/chodera/schrodinger/tmpdir/rustenburg/jag_SM18_micro063_SM18_micro047.1
Date:       Thu May 10 10:27:44 2018

Contents of /lila/data/chodera/schrodinger/tmpdir/rustenburg/jag_SM18_micro063_SM18_micro047.1:
/lila/data/chodera/schrodinger/tmpdir/rustenburg/jag_SM18_micro063_SM18_micro047.1/ls15-0-5af456dd.recover
/lila/data/chodera/schrodinger/tmpdir/rustenburg/jag_SM18_micro063_SM18_micro047.1/SM18_micro063.in
/lila/data/chodera/schrodinger/tmpdir/rustenburg/jag_SM18_micro063_SM18_micro047.1/ls15-0-5af456dd.mpinodes
/lila/data/chodera/schrodinger/tmpdir/rustenburg/jag_SM18_micro063_SM18_micro047.1/ls15-0-5af456dd
/lila/data/chodera/schrodinger/tmpdir/rustenburg/jag_SM18_micro063_SM18_micro047.1/jag_SM18_micro063_SM18_micro047.log
/lila/data/chodera/schrodinger/tmpdir/rustenburg/jag_SM18_micro063_SM18_micro047.1/jag_SM18_micro063_SM18_micro047.recover
/lila/data/chodera/schrodinger/tmpdir/rustenburg/jag_SM18_micro063_SM18_micro047.1/SM18_micro047.mae
/lila/data/chodera/schrodinger/tmpdir/rustenburg/jag_SM18_micro063_SM18_micro047.1/SM18_micro063.mae
/lila/data/chodera/schrodinger/tmpdir/rustenburg/jag_SM18_micro063_SM18_micro047.1/SM18_micro047.in

=====================
 Jaguar pKa workflow
=====================

Analysing user-provided (prot, deprot) pair:
(SM18_micro063.in, SM18_micro047.in)
Found labile hydrogen 33 in SM18_micro063.in
Found labile hydrogen at atom 18 in SM18_micro047.in
Adding 'ipkat' keyword to input files.

Identifying pKa functional group for pair:
(SM18_micro063, SM18_micro047)

Executing subprocess:
/data/chodera/schrodinger/schrodinger2017-4-advanced/jaguar-v9.8/bin/Linux-x86_64/pka -i -j SM18_micro063.tmp.jres -n

Taking protonated structures from:
SM18_micro063.mae
Taking deprotonated structures from:
SM18_micro047.mae

This molecule from 'SM18_micro063.mae' in water was recognized as:

 # 	           Shell           
---	---------------------------
1: 	Protonation of generic atom


Executing conformational search...

Executing 2 distributed subjobs:
---------------------------------

No more than 8 cpu(s) will be used per subjob.
No more than 10 cpu(s) will be used simultaneously.

Processing the following subjobs:
(1) jaguar run csrch.py SM18_micro063.mae -jobname SM18_micro063 -max_conf 5 -erg_window 50.208 -acc_level 1 -TPP 5
(2) jaguar run csrch.py SM18_micro047.mae -jobname SM18_micro047 -max_conf 5 -erg_window 50.208 -acc_level 1 -TPP 5

Running subjobs on hosts:
  localhost (Max: 2)
Number of jobs:       2
Max retries per job:  3
Max allowed failures: unlimited
Run with -LOCAL:      False
Verbosity:            normal

Starting JobDJ...

Keep one job on driver host: False
JobDJ columns:
  C: Number of completed subjobs
  A: Number of active subjobs (e.g., submitted, running)
  W: Number of waiting/pending subjobs

C A W | Activity  JobId  JobName  JobHost
- - - | --------- -----------------------
0 1 1 | launched  ls15-2-5af456e6 SM18_micro063 localhost [ls15]
0 2 0 | launched  ls15-1-5af456e8 SM18_micro047 localhost [ls15]
1 1 0 | finished  ls15-2-5af456e6 SM18_micro063 localhost [ls15]
2 0 0 | finished  ls15-1-5af456e8 SM18_micro047 localhost [ls15]

All jobs have completed.

2 of 2 job(s) succeeded; 0 job(s) failed.

Timer (distribute subjobs) : 1755.88 secs (0 hrs, 29 mins, 15 secs)

Setting up QM workflow for (protonated, deprotonated) pair:
(1) (SM18_micro063, SM18_micro047)

Executing Jaguar quantum-mechanical subjobs...

Executing 10 distributed subjobs:
----------------------------------

No more than 8 cpu(s) will be used per subjob.
No more than 10 cpu(s) will be used simultaneously.

Processing the following subjobs:
(1) jaguar run pka_prot.bat -jobname SM18_micro063_conf_1 SM18_micro063_conf_1.in
(2) jaguar run pka_prot.bat -jobname SM18_micro063_conf_2 SM18_micro063_conf_2.in
(3) jaguar run pka_prot.bat -jobname SM18_micro063_conf_3 SM18_micro063_conf_3.in
(4) jaguar run pka_prot.bat -jobname SM18_micro063_conf_4 SM18_micro063_conf_4.in
(5) jaguar run pka_prot.bat -jobname SM18_micro063_conf_5 SM18_micro063_conf_5.in
(6) jaguar run pka_deprot.bat -jobname SM18_micro047_conf_1 SM18_micro047_conf_1.in
(7) jaguar run pka_deprot.bat -jobname SM18_micro047_conf_2 SM18_micro047_conf_2.in
(8) jaguar run pka_deprot.bat -jobname SM18_micro047_conf_3 SM18_micro047_conf_3.in
(9) jaguar run pka_deprot.bat -jobname SM18_micro047_conf_4 SM18_micro047_conf_4.in
(10) jaguar run pka_deprot.bat -jobname SM18_micro047_conf_5 SM18_micro047_conf_5.in

Running subjobs on hosts:
  localhost (Max: 10)
Number of jobs:       10
Max retries per job:  3
Max allowed failures: unlimited
Run with -LOCAL:      False
Verbosity:            normal

Starting JobDJ...

Keep one job on driver host: False
JobDJ columns:
  C: Number of completed subjobs
  A: Number of active subjobs (e.g., submitted, running)
  W: Number of waiting/pending subjobs

 C  A  W | Activity  JobId  JobName  JobHost
-- -- -- | --------- -----------------------
 0  1  9 | launched  ls15-0-5af45ddc SM18_micro063_conf_1 localhost [ls15]
 0  2  8 | launched  ls15-0-5af45dfb SM18_micro063_conf_2 localhost [ls15]
 0  3  7 | launched  ls15-0-5af45e2a SM18_micro063_conf_3 localhost [ls15]
 0  4  6 | launched  ls15-1-5af45e54 SM18_micro063_conf_4 localhost [ls15]
 0  5  5 | launched  ls15-0-5af45e8b SM18_micro063_conf_5 localhost [ls15]
 0  6  4 | launched  ls15-0-5af45ea1 SM18_micro047_conf_1 localhost [ls15]
 0  7  3 | launched  ls15-0-5af45ed5 SM18_micro047_conf_2 localhost [ls15]
 0  8  2 | launched  ls15-0-5af45f0d SM18_micro047_conf_3 localhost [ls15]
 0  9  1 | launched  ls15-0-5af45f71 SM18_micro047_conf_4 localhost [ls15]
 0 10  0 | launched  ls15-1-5af45f92 SM18_micro047_conf_5 localhost [ls15]
 1  9  0 | finished  ls15-0-5af45f71 SM18_micro047_conf_4 localhost [ls15]
 2  8  0 | finished  ls15-0-5af45e8b SM18_micro063_conf_5 localhost [ls15]
 3  7  0 | finished  ls15-0-5af45ddc SM18_micro063_conf_1 localhost [ls15]
 4  6  0 | finished  ls15-0-5af45dfb SM18_micro063_conf_2 localhost [ls15]
 5  5  0 | finished  ls15-1-5af45e54 SM18_micro063_conf_4 localhost [ls15]
 6  4  0 | finished  ls15-0-5af45f0d SM18_micro047_conf_3 localhost [ls15]
 7  3  0 | finished  ls15-0-5af45ea1 SM18_micro047_conf_1 localhost [ls15]
 8  2  0 | finished  ls15-0-5af45ed5 SM18_micro047_conf_2 localhost [ls15]
 9  1  0 | finished  ls15-0-5af45e2a SM18_micro063_conf_3 localhost [ls15]
10  0  0 | finished  ls15-1-5af45f92 SM18_micro047_conf_5 localhost [ls15]

All jobs have completed.

10 of 10 job(s) succeeded; 0 job(s) failed.

Timer (distribute subjobs) : 22363.09 secs (6 hrs, 12 mins, 43 secs)

Processing QM output files...

Executing subprocess:
/data/chodera/schrodinger/schrodinger2017-4-advanced/jaguar results -energy SM18_micro063_conf_1.nrg_h.out

Executing subprocess:
/data/chodera/schrodinger/schrodinger2017-4-advanced/jaguar results -esolv SM18_micro063_conf_1.sol_h.out

Executing subprocess:
/data/chodera/schrodinger/schrodinger2017-4-advanced/jaguar results -energy SM18_micro063_conf_2.nrg_h.out

Executing subprocess:
/data/chodera/schrodinger/schrodinger2017-4-advanced/jaguar results -esolv SM18_micro063_conf_2.sol_h.out

Executing subprocess:
/data/chodera/schrodinger/schrodinger2017-4-advanced/jaguar results -energy SM18_micro063_conf_3.nrg_h.out

Executing subprocess:
/data/chodera/schrodinger/schrodinger2017-4-advanced/jaguar results -esolv SM18_micro063_conf_3.sol_h.out

Executing subprocess:
/data/chodera/schrodinger/schrodinger2017-4-advanced/jaguar results -energy SM18_micro063_conf_4.nrg_h.out

Executing subprocess:
/data/chodera/schrodinger/schrodinger2017-4-advanced/jaguar results -esolv SM18_micro063_conf_4.sol_h.out

Executing subprocess:
/data/chodera/schrodinger/schrodinger2017-4-advanced/jaguar results -energy SM18_micro063_conf_5.nrg_h.out

Executing subprocess:
/data/chodera/schrodinger/schrodinger2017-4-advanced/jaguar results -esolv SM18_micro063_conf_5.sol_h.out

Executing subprocess:
/data/chodera/schrodinger/schrodinger2017-4-advanced/jaguar results -energy SM18_micro047_conf_1.nrg.out

Executing subprocess:
/data/chodera/schrodinger/schrodinger2017-4-advanced/jaguar results -esolv SM18_micro047_conf_1.sol.out

Executing subprocess:
/data/chodera/schrodinger/schrodinger2017-4-advanced/jaguar results -energy SM18_micro047_conf_2.nrg.out

Executing subprocess:
/data/chodera/schrodinger/schrodinger2017-4-advanced/jaguar results -esolv SM18_micro047_conf_2.sol.out

Executing subprocess:
/data/chodera/schrodinger/schrodinger2017-4-advanced/jaguar results -energy SM18_micro047_conf_3.nrg.out

Executing subprocess:
/data/chodera/schrodinger/schrodinger2017-4-advanced/jaguar results -esolv SM18_micro047_conf_3.sol.out

Executing subprocess:
/data/chodera/schrodinger/schrodinger2017-4-advanced/jaguar results -energy SM18_micro047_conf_4.nrg.out

Executing subprocess:
/data/chodera/schrodinger/schrodinger2017-4-advanced/jaguar results -esolv SM18_micro047_conf_4.sol.out

Executing subprocess:
/data/chodera/schrodinger/schrodinger2017-4-advanced/jaguar results -energy SM18_micro047_conf_5.nrg.out

Executing subprocess:
/data/chodera/schrodinger/schrodinger2017-4-advanced/jaguar results -esolv SM18_micro047_conf_5.sol.out

Executing subprocess:
/data/chodera/schrodinger/schrodinger2017-4-advanced/jaguar-v9.8/bin/Linux-x86_64/pka -o SM18_micro063_deprot-out.mae -j SM18_micro063.jres -n -d

Executing subprocess:
/data/chodera/schrodinger/schrodinger2017-4-advanced/jaguar-v9.8/bin/Linux-x86_64/pka -o SM18_micro063_prot-out.mae -j SM18_micro063.jres -n

pKa calculation for SM18_micro063 completed.

pKa workflow jag_SM18_micro063_SM18_micro047 completed.

Timer (Jaguar pKa) : 24177.59 secs (6 hrs, 42 mins, 57 secs)
Timer (jaguar_backend.py) : 24177.59 secs (6 hrs, 42 mins, 57 secs)
Finished:   Thu May 10 17:10:41 2018
