Taking protonated structures from:
SM10_micro027_conf_1.dft_h.01.mae
SM10_micro027_conf_2.dft_h.01.mae
SM10_micro027_conf_3.dft_h.01.mae
SM10_micro027_conf_4.dft_h.01.mae
SM10_micro027_conf_5.dft_h.01.mae
Taking deprotonated structures from:
SM10_micro022_conf_1.dft.01.mae
SM10_micro022_conf_2.dft.01.mae
SM10_micro022_conf_3.dft.01.mae
SM10_micro022_conf_4.dft.01.mae
SM10_micro022_conf_5.dft.01.mae

Corrected results for 'protonated' structure in water:
pKa atom: 28

 # 	                  Shell                   	 pKa 	RMSD	 Contribution
---	------------------------------------------	-----	-----	--------------
1: 	amide as acid                             	22.42	0.903	    95.03%
2: 	Protonation of sp2-like aliphatic nitrogen	20.40	1.751	     2.81%
3: 	Protonation of generic atom               	19.40	2.264	     2.16%

 Final weighted pKa value is 22.30



