Taking protonated structures from:
SM17_micro006_conf_1.dft_h.01.mae
SM17_micro006_conf_2.dft_h.01.mae
SM17_micro006_conf_3.dft_h.01.mae
SM17_micro006_conf_4.dft_h.01.mae
SM17_micro006_conf_5.dft_h.01.mae
Taking deprotonated structures from:
SM17_micro004_conf_1.dft.01.mae
SM17_micro004_conf_2.dft.01.mae
SM17_micro004_conf_3.dft.01.mae
SM17_micro004_conf_4.dft.01.mae
SM17_micro004_conf_5.dft.01.mae

Corrected results for 'protonated' structure in water:
pKa atom: 21

 # 	           Shell           	 pKa 	RMSD	 Contribution
---	---------------------------	-----	-----	--------------
1: 	pyridine                   	 2.12	0.493	    58.85%
2: 	heterocycle custom 1       	 1.48	0.617	    28.95%
3: 	heterocycle                	 1.79	0.837	    11.49%
4: 	Protonation of generic atom	 2.80	2.264	     0.71%

 Final weighted pKa value is 1.90



