Command:    jaguar run pka.py -jobname jag_SM23_micro042_SM23_micro025 -PARALLEL 10 -n -csrch -prot SM23_micro042.in -deprot SM23_micro025.in
Release:    2017-4
Exec:       /data/chodera/schrodinger/schrodinger2017-4-advanced/jaguar-v9.8/bin/Linux-x86_64
Host:       ls18
JobId:      lilac-0-5aecd3c5
JobDir:     /lila/data/chodera/schrodinger/tmpdir/rustenburg/jag_SM23_micro042_SM23_micro025
Date:       Fri May  4 19:21:17 2018

Contents of /lila/data/chodera/schrodinger/tmpdir/rustenburg/jag_SM23_micro042_SM23_micro025:
/lila/data/chodera/schrodinger/tmpdir/rustenburg/jag_SM23_micro042_SM23_micro025/SM23_micro042.in
/lila/data/chodera/schrodinger/tmpdir/rustenburg/jag_SM23_micro042_SM23_micro025/lilac-0-5aecd3c5.mpinodes
/lila/data/chodera/schrodinger/tmpdir/rustenburg/jag_SM23_micro042_SM23_micro025/lilac-0-5aecd3c5.nodes
/lila/data/chodera/schrodinger/tmpdir/rustenburg/jag_SM23_micro042_SM23_micro025/jag_SM23_micro042_SM23_micro025.log
/lila/data/chodera/schrodinger/tmpdir/rustenburg/jag_SM23_micro042_SM23_micro025/SM23_micro025.in
/lila/data/chodera/schrodinger/tmpdir/rustenburg/jag_SM23_micro042_SM23_micro025/lilac-0-5aecd3c5.recover
/lila/data/chodera/schrodinger/tmpdir/rustenburg/jag_SM23_micro042_SM23_micro025/jag_SM23_micro042_SM23_micro025.recover
/lila/data/chodera/schrodinger/tmpdir/rustenburg/jag_SM23_micro042_SM23_micro025/lilac-0-5aecd3c5.jlog
/lila/data/chodera/schrodinger/tmpdir/rustenburg/jag_SM23_micro042_SM23_micro025/lilac-0-5aecd3c5
/lila/data/chodera/schrodinger/tmpdir/rustenburg/jag_SM23_micro042_SM23_micro025/lilac-0-5aecd3c5.hosts
/lila/data/chodera/schrodinger/tmpdir/rustenburg/jag_SM23_micro042_SM23_micro025/SM23_micro025.mae
/lila/data/chodera/schrodinger/tmpdir/rustenburg/jag_SM23_micro042_SM23_micro025/SM23_micro042.mae

=====================
 Jaguar pKa workflow
=====================

Analysing user-provided (prot, deprot) pair:
(SM23_micro042.in, SM23_micro025.in)
Error: heavy atoms are different in input files:
SM23_micro042.in
SM23_micro025.in


An error has occurred.  Information about the error has been written to 
/home/rustenburg/.schrodinger/exceptions/error20180504-192117.txt 

Please contact help@schrodinger.com for assistance. Include error20180504-192117.txt and a description of what you were doing when the error occurred.
