Command:    jaguar run pka.py -jobname jag_SM23_micro007_SM23_micro012 -PARALLEL 10 -n -csrch -prot SM23_micro007.in -deprot SM23_micro012.in
Release:    2017-4
Exec:       /data/chodera/schrodinger/schrodinger2017-4-advanced/jaguar-v9.8/bin/Linux-x86_64
Host:       ls07
JobId:      lilac-0-5aecd216
JobDir:     /lila/data/chodera/schrodinger/tmpdir/rustenburg/jag_SM23_micro007_SM23_micro012
Date:       Fri May  4 19:19:43 2018

Contents of /lila/data/chodera/schrodinger/tmpdir/rustenburg/jag_SM23_micro007_SM23_micro012:
/lila/data/chodera/schrodinger/tmpdir/rustenburg/jag_SM23_micro007_SM23_micro012/SM23_micro007.in
/lila/data/chodera/schrodinger/tmpdir/rustenburg/jag_SM23_micro007_SM23_micro012/lilac-0-5aecd216.hosts
/lila/data/chodera/schrodinger/tmpdir/rustenburg/jag_SM23_micro007_SM23_micro012/SM23_micro012.mae
/lila/data/chodera/schrodinger/tmpdir/rustenburg/jag_SM23_micro007_SM23_micro012/lilac-0-5aecd216.recover
/lila/data/chodera/schrodinger/tmpdir/rustenburg/jag_SM23_micro007_SM23_micro012/lilac-0-5aecd216.mpinodes
/lila/data/chodera/schrodinger/tmpdir/rustenburg/jag_SM23_micro007_SM23_micro012/jag_SM23_micro007_SM23_micro012.recover
/lila/data/chodera/schrodinger/tmpdir/rustenburg/jag_SM23_micro007_SM23_micro012/lilac-0-5aecd216.jlog
/lila/data/chodera/schrodinger/tmpdir/rustenburg/jag_SM23_micro007_SM23_micro012/jag_SM23_micro007_SM23_micro012.log
/lila/data/chodera/schrodinger/tmpdir/rustenburg/jag_SM23_micro007_SM23_micro012/SM23_micro007.mae
/lila/data/chodera/schrodinger/tmpdir/rustenburg/jag_SM23_micro007_SM23_micro012/lilac-0-5aecd216
/lila/data/chodera/schrodinger/tmpdir/rustenburg/jag_SM23_micro007_SM23_micro012/SM23_micro012.in
/lila/data/chodera/schrodinger/tmpdir/rustenburg/jag_SM23_micro007_SM23_micro012/lilac-0-5aecd216.nodes

=====================
 Jaguar pKa workflow
=====================

Analysing user-provided (prot, deprot) pair:
(SM23_micro007.in, SM23_micro012.in)
Error: heavy atoms are different in input files:
SM23_micro007.in
SM23_micro012.in


An error has occurred.  Information about the error has been written to 
/home/rustenburg/.schrodinger/exceptions/error20180504-191944-1.txt 

Please contact help@schrodinger.com for assistance. Include error20180504-191944-1.txt and a description of what you were doing when the error occurred.
