Taking protonated structures from:
SM10_micro037_conf_1.dft_h.01.mae
SM10_micro037_conf_2.dft_h.01.mae
SM10_micro037_conf_3.dft_h.01.mae
SM10_micro037_conf_4.dft_h.01.mae
SM10_micro037_conf_5.dft_h.01.mae
Taking deprotonated structures from:
SM10_micro004_conf_1.dft.01.mae
SM10_micro004_conf_2.dft.01.mae
SM10_micro004_conf_3.dft.01.mae
SM10_micro004_conf_4.dft.01.mae
SM10_micro004_conf_5.dft.01.mae

Corrected results for 'protonated' structure in water:
pKa atom: 23

 # 	           Shell           	 pKa 	RMSD	 Contribution
---	---------------------------	-----	-----	--------------
1: 	thiazole/benzothiazole     	11.12	0.647	    94.23%
2: 	heterocycle                	12.66	0.837	     4.56%
3: 	Protonation of generic atom	11.23	2.264	     1.21%

 Final weighted pKa value is 11.19



