Command:    jaguar run pka.py -jobname jag_SM11_micro008_SM11_micro005 -PARALLEL 10 -n -csrch -prot SM11_micro008.in -deprot SM11_micro005.in
Release:    2017-4
Exec:       /data/chodera/schrodinger/schrodinger2017-4-advanced/jaguar-v9.8/bin/Linux-x86_64
Host:       ls10
JobId:      lilac-0-5aec99cf
JobDir:     /lila/data/chodera/schrodinger/tmpdir/rustenburg/jag_SM11_micro008_SM11_micro005
Date:       Fri May  4 13:35:16 2018

Contents of /lila/data/chodera/schrodinger/tmpdir/rustenburg/jag_SM11_micro008_SM11_micro005:
/lila/data/chodera/schrodinger/tmpdir/rustenburg/jag_SM11_micro008_SM11_micro005/jag_SM11_micro008_SM11_micro005.recover
/lila/data/chodera/schrodinger/tmpdir/rustenburg/jag_SM11_micro008_SM11_micro005/SM11_micro005.in
/lila/data/chodera/schrodinger/tmpdir/rustenburg/jag_SM11_micro008_SM11_micro005/SM11_micro005.mae
/lila/data/chodera/schrodinger/tmpdir/rustenburg/jag_SM11_micro008_SM11_micro005/SM11_micro008.mae
/lila/data/chodera/schrodinger/tmpdir/rustenburg/jag_SM11_micro008_SM11_micro005/lilac-0-5aec99cf.nodes
/lila/data/chodera/schrodinger/tmpdir/rustenburg/jag_SM11_micro008_SM11_micro005/jag_SM11_micro008_SM11_micro005.log
/lila/data/chodera/schrodinger/tmpdir/rustenburg/jag_SM11_micro008_SM11_micro005/lilac-0-5aec99cf.mpinodes
/lila/data/chodera/schrodinger/tmpdir/rustenburg/jag_SM11_micro008_SM11_micro005/lilac-0-5aec99cf.jlog
/lila/data/chodera/schrodinger/tmpdir/rustenburg/jag_SM11_micro008_SM11_micro005/lilac-0-5aec99cf
/lila/data/chodera/schrodinger/tmpdir/rustenburg/jag_SM11_micro008_SM11_micro005/lilac-0-5aec99cf.hosts
/lila/data/chodera/schrodinger/tmpdir/rustenburg/jag_SM11_micro008_SM11_micro005/lilac-0-5aec99cf.recover
/lila/data/chodera/schrodinger/tmpdir/rustenburg/jag_SM11_micro008_SM11_micro005/SM11_micro008.in

=====================
 Jaguar pKa workflow
=====================

Analysing user-provided (prot, deprot) pair:
(SM11_micro008.in, SM11_micro005.in)
Found labile hydrogen 17 in SM11_micro008.in
Found labile hydrogen at atom 14 in SM11_micro005.in
Adding 'ipkat' keyword to input files.

Identifying pKa functional group for pair:
(SM11_micro008, SM11_micro005)

Executing subprocess:
/data/chodera/schrodinger/schrodinger2017-4-advanced/jaguar-v9.8/bin/Linux-x86_64/pka -i -j SM11_micro008.tmp.jres -n

Taking protonated structures from:
SM11_micro008.mae
Taking deprotonated structures from:
SM11_micro005.mae

This molecule from 'SM11_micro008.mae' in water was recognized as:

 # 	           Shell           
---	---------------------------
1: 	pyrimidine                 
2: 	heterocycle custom 1       
3: 	heterocycle                
4: 	Protonation of generic atom


Executing conformational search...

Executing 2 distributed subjobs:
---------------------------------

No more than 8 cpu(s) will be used per subjob.
No more than 10 cpu(s) will be used simultaneously.

Processing the following subjobs:
(1) jaguar run csrch.py SM11_micro008.mae -jobname SM11_micro008 -max_conf 5 -erg_window 50.208 -acc_level 1 -TPP 5
(2) jaguar run csrch.py SM11_micro005.mae -jobname SM11_micro005 -max_conf 5 -erg_window 50.208 -acc_level 1 -TPP 5

Running subjobs on hosts:
  lsf-cpu (Max: 2)
Number of jobs:       2
Max retries per job:  3
Max allowed failures: unlimited
Run with -LOCAL:      False
Verbosity:            normal

Starting JobDJ...

Keep one job on driver host: False
JobDJ columns:
  C: Number of completed subjobs
  A: Number of active subjobs (e.g., submitted, running)
  W: Number of waiting/pending subjobs

C A W | Activity  JobId  JobName  JobHost
- - - | --------- -----------------------
0 1 1 | launched  ls10-0-5aec99d9 SM11_micro008 lsf-cpu
0 2 0 | launched  ls10-0-5aec99dc SM11_micro005 lsf-cpu
1 1 0 | finished  ls10-0-5aec99d9 SM11_micro008 lsf-cpu
2 0 0 | finished  ls10-0-5aec99dc SM11_micro005 lsf-cpu

All jobs have completed.

2 of 2 job(s) succeeded; 0 job(s) failed.

Timer (distribute subjobs) : 257.49 secs (0 hrs, 04 mins, 17 secs)

Setting up QM workflow for (protonated, deprotonated) pair:
(1) (SM11_micro008, SM11_micro005)

Executing Jaguar quantum-mechanical subjobs...

Executing 6 distributed subjobs:
---------------------------------

No more than 8 cpu(s) will be used per subjob.
No more than 10 cpu(s) will be used simultaneously.

Processing the following subjobs:
(1) jaguar run pka_prot.bat -jobname SM11_micro008_conf_1 SM11_micro008_conf_1.in -TPP 2
(2) jaguar run pka_prot.bat -jobname SM11_micro008_conf_2 SM11_micro008_conf_2.in -TPP 2
(3) jaguar run pka_prot.bat -jobname SM11_micro008_conf_3 SM11_micro008_conf_3.in -TPP 2
(4) jaguar run pka_deprot.bat -jobname SM11_micro005_conf_1 SM11_micro005_conf_1.in -TPP 2
(5) jaguar run pka_deprot.bat -jobname SM11_micro005_conf_2 SM11_micro005_conf_2.in
(6) jaguar run pka_deprot.bat -jobname SM11_micro005_conf_3 SM11_micro005_conf_3.in

Running subjobs on hosts:
  lsf-cpu (Max: 6)
Number of jobs:       6
Max retries per job:  3
Max allowed failures: unlimited
Run with -LOCAL:      False
Verbosity:            normal

Starting JobDJ...

Keep one job on driver host: False
JobDJ columns:
  C: Number of completed subjobs
  A: Number of active subjobs (e.g., submitted, running)
  W: Number of waiting/pending subjobs

C A W | Activity  JobId  JobName  JobHost
- - - | --------- -----------------------
0 1 5 | launched  ls10-0-5aec9adb SM11_micro008_conf_1 lsf-cpu
0 2 4 | launched  ls10-0-5aec9ade SM11_micro008_conf_2 lsf-cpu
0 3 3 | launched  ls10-0-5aec9ae1 SM11_micro008_conf_3 lsf-cpu
0 4 2 | launched  ls10-0-5aec9ae5 SM11_micro005_conf_1 lsf-cpu
0 5 1 | launched  ls10-0-5aec9ae8 SM11_micro005_conf_2 lsf-cpu
0 6 0 | launched  ls10-0-5aec9aeb SM11_micro005_conf_3 lsf-cpu
1 5 0 | finished  ls10-0-5aec9adb SM11_micro008_conf_1 lsf-cpu
2 4 0 | finished  ls10-0-5aec9ade SM11_micro008_conf_2 lsf-cpu
3 3 0 | finished  ls10-0-5aec9ae8 SM11_micro005_conf_2 lsf-cpu
4 2 0 | finished  ls10-0-5aec9ae1 SM11_micro008_conf_3 lsf-cpu [lt20]
5 1 0 | finished  ls10-0-5aec9ae5 SM11_micro005_conf_1 lsf-cpu [lt20]
6 0 0 | finished  ls10-0-5aec9aeb SM11_micro005_conf_3 lsf-cpu [lt05]

All jobs have completed.

6 of 6 job(s) succeeded; 0 job(s) failed.

Timer (distribute subjobs) : 1233.99 secs (0 hrs, 20 mins, 33 secs)

Processing QM output files...

Executing subprocess:
/data/chodera/schrodinger/schrodinger2017-4-advanced/jaguar results -energy SM11_micro008_conf_1.nrg_h.out

Executing subprocess:
/data/chodera/schrodinger/schrodinger2017-4-advanced/jaguar results -esolv SM11_micro008_conf_1.sol_h.out

Executing subprocess:
/data/chodera/schrodinger/schrodinger2017-4-advanced/jaguar results -energy SM11_micro008_conf_2.nrg_h.out

Executing subprocess:
/data/chodera/schrodinger/schrodinger2017-4-advanced/jaguar results -esolv SM11_micro008_conf_2.sol_h.out

Executing subprocess:
/data/chodera/schrodinger/schrodinger2017-4-advanced/jaguar results -energy SM11_micro008_conf_3.nrg_h.out

Executing subprocess:
/data/chodera/schrodinger/schrodinger2017-4-advanced/jaguar results -esolv SM11_micro008_conf_3.sol_h.out

Executing subprocess:
/data/chodera/schrodinger/schrodinger2017-4-advanced/jaguar results -energy SM11_micro005_conf_1.nrg.out

Executing subprocess:
/data/chodera/schrodinger/schrodinger2017-4-advanced/jaguar results -esolv SM11_micro005_conf_1.sol.out

Executing subprocess:
/data/chodera/schrodinger/schrodinger2017-4-advanced/jaguar results -energy SM11_micro005_conf_2.nrg.out

Executing subprocess:
/data/chodera/schrodinger/schrodinger2017-4-advanced/jaguar results -esolv SM11_micro005_conf_2.sol.out

Executing subprocess:
/data/chodera/schrodinger/schrodinger2017-4-advanced/jaguar results -energy SM11_micro005_conf_3.nrg.out

Executing subprocess:
/data/chodera/schrodinger/schrodinger2017-4-advanced/jaguar results -esolv SM11_micro005_conf_3.sol.out

Executing subprocess:
/data/chodera/schrodinger/schrodinger2017-4-advanced/jaguar-v9.8/bin/Linux-x86_64/pka -o SM11_micro008_deprot-out.mae -j SM11_micro008.jres -n -d

Executing subprocess:
/data/chodera/schrodinger/schrodinger2017-4-advanced/jaguar-v9.8/bin/Linux-x86_64/pka -o SM11_micro008_prot-out.mae -j SM11_micro008.jres -n

pKa calculation for SM11_micro008 completed.

pKa workflow jag_SM11_micro008_SM11_micro005 completed.

Timer (Jaguar pKa) : 1552.20 secs (0 hrs, 25 mins, 52 secs)
Timer (jaguar_backend.py) : 1552.20 secs (0 hrs, 25 mins, 52 secs)
Finished:   Fri May  4 14:01:08 2018
