Taking protonated structures from:
SM18_micro007_conf_1.dft_h.01.mae
SM18_micro007_conf_2.dft_h.01.mae
SM18_micro007_conf_3.dft_h.01.mae
SM18_micro007_conf_4.dft_h.01.mae
SM18_micro007_conf_5.dft_h.01.mae
Taking deprotonated structures from:
SM18_micro020_conf_1.dft.01.mae
SM18_micro020_conf_2.dft.01.mae
SM18_micro020_conf_3.dft.01.mae
SM18_micro020_conf_4.dft.01.mae
SM18_micro020_conf_5.dft.01.mae

Corrected results for 'protonated' structure in water:
pKa atom: 31

 # 	           Shell           	 pKa 	RMSD	 Contribution
---	---------------------------	-----	-----	--------------
1: 	heterocycle custom 1       	19.30	0.617	    31.07%
2: 	heterocycle                	18.87	0.837	    64.53%
3: 	Protonation of generic atom	16.12	2.264	     4.39%

 Final weighted pKa value is 18.89



