Taking protonated structures from:
SM06_micro009_conf_1.dft_h.01.mae
SM06_micro009_conf_2.dft_h.01.mae
SM06_micro009_conf_3.dft_h.01.mae
SM06_micro009_conf_4.dft_h.01.mae
SM06_micro009_conf_5.dft_h.01.mae
Taking deprotonated structures from:
SM06_micro008_conf_1.dft.01.mae
SM06_micro008_conf_2.dft.01.mae
SM06_micro008_conf_3.dft.01.mae
SM06_micro008_conf_4.dft.01.mae
SM06_micro008_conf_5.dft.01.mae

Corrected results for 'protonated' structure in water:
pKa atom: 21

 # 	           Shell           	 pKa 	RMSD	 Contribution
---	---------------------------	-----	-----	--------------
1: 	quinoline                  	 7.68	0.374	    57.40%
2: 	pyridine                   	 8.98	0.493	    25.25%
3: 	heterocycle custom 1       	 9.34	0.617	    12.17%
4: 	heterocycle                	 9.33	0.837	     4.92%
5: 	Protonation of generic atom	 8.66	2.264	     0.26%

 Final weighted pKa value is 8.29



