Command:    jaguar run pka.py -jobname jag_SM18_micro009_SM18_micro011 -PARALLEL 10 -WAIT -n -csrch -prot SM18_micro009.in -deprot SM18_micro011.in
Release:    2017-4
Exec:       /data/chodera/schrodinger/schrodinger2017-4-advanced/jaguar-v9.8/bin/Linux-x86_64
Host:       lt01
JobId:      lt01-1-5af456d4
JobDir:     /lila/data/chodera/schrodinger/tmpdir/rustenburg/jag_SM18_micro009_SM18_micro011.1
Date:       Thu May 10 10:27:35 2018

Contents of /lila/data/chodera/schrodinger/tmpdir/rustenburg/jag_SM18_micro009_SM18_micro011.1:
/lila/data/chodera/schrodinger/tmpdir/rustenburg/jag_SM18_micro009_SM18_micro011.1/SM18_micro009.mae
/lila/data/chodera/schrodinger/tmpdir/rustenburg/jag_SM18_micro009_SM18_micro011.1/lt01-1-5af456d4
/lila/data/chodera/schrodinger/tmpdir/rustenburg/jag_SM18_micro009_SM18_micro011.1/SM18_micro011.mae
/lila/data/chodera/schrodinger/tmpdir/rustenburg/jag_SM18_micro009_SM18_micro011.1/jag_SM18_micro009_SM18_micro011.log
/lila/data/chodera/schrodinger/tmpdir/rustenburg/jag_SM18_micro009_SM18_micro011.1/jag_SM18_micro009_SM18_micro011.recover
/lila/data/chodera/schrodinger/tmpdir/rustenburg/jag_SM18_micro009_SM18_micro011.1/lt01-1-5af456d4.mpinodes
/lila/data/chodera/schrodinger/tmpdir/rustenburg/jag_SM18_micro009_SM18_micro011.1/SM18_micro009.in
/lila/data/chodera/schrodinger/tmpdir/rustenburg/jag_SM18_micro009_SM18_micro011.1/SM18_micro011.in
/lila/data/chodera/schrodinger/tmpdir/rustenburg/jag_SM18_micro009_SM18_micro011.1/lt01-1-5af456d4.recover

=====================
 Jaguar pKa workflow
=====================

Analysing user-provided (prot, deprot) pair:
(SM18_micro009.in, SM18_micro011.in)
Found labile hydrogen 31 in SM18_micro009.in
Found labile hydrogen at atom 11 in SM18_micro011.in
Adding 'ipkat' keyword to input files.

Identifying pKa functional group for pair:
(SM18_micro009, SM18_micro011)

Executing subprocess:
/data/chodera/schrodinger/schrodinger2017-4-advanced/jaguar-v9.8/bin/Linux-x86_64/pka -i -j SM18_micro009.tmp.jres -n

Taking protonated structures from:
SM18_micro009.mae
Taking deprotonated structures from:
SM18_micro011.mae

This molecule from 'SM18_micro009.mae' in water was recognized as:

 # 	           Shell           
---	---------------------------
1: 	Protonation of generic atom


Executing conformational search...

Executing 2 distributed subjobs:
---------------------------------

No more than 8 cpu(s) will be used per subjob.
No more than 10 cpu(s) will be used simultaneously.

Processing the following subjobs:
(1) jaguar run csrch.py SM18_micro009.mae -jobname SM18_micro009 -max_conf 5 -erg_window 50.208 -acc_level 1 -TPP 5
(2) jaguar run csrch.py SM18_micro011.mae -jobname SM18_micro011 -max_conf 5 -erg_window 50.208 -acc_level 1 -TPP 5

Running subjobs on hosts:
  localhost (Max: 2)
Number of jobs:       2
Max retries per job:  3
Max allowed failures: unlimited
Run with -LOCAL:      False
Verbosity:            normal

Starting JobDJ...

Keep one job on driver host: False
JobDJ columns:
  C: Number of completed subjobs
  A: Number of active subjobs (e.g., submitted, running)
  W: Number of waiting/pending subjobs

C A W | Activity  JobId  JobName  JobHost
- - - | --------- -----------------------
0 1 1 | launched  lt01-3-5af456dc SM18_micro009 localhost [lt01]
0 2 0 | launched  lt01-0-5af456e0 SM18_micro011 localhost [lt01]
1 1 0 | finished  lt01-0-5af456e0 SM18_micro011 localhost [lt01]
2 0 0 | finished  lt01-3-5af456dc SM18_micro009 localhost [lt01]

All jobs have completed.

2 of 2 job(s) succeeded; 0 job(s) failed.

Timer (distribute subjobs) : 1451.63 secs (0 hrs, 24 mins, 11 secs)

Setting up QM workflow for (protonated, deprotonated) pair:
(1) (SM18_micro009, SM18_micro011)

Executing Jaguar quantum-mechanical subjobs...

Executing 10 distributed subjobs:
----------------------------------

No more than 8 cpu(s) will be used per subjob.
No more than 10 cpu(s) will be used simultaneously.

Processing the following subjobs:
(1) jaguar run pka_prot.bat -jobname SM18_micro009_conf_1 SM18_micro009_conf_1.in
(2) jaguar run pka_prot.bat -jobname SM18_micro009_conf_2 SM18_micro009_conf_2.in
(3) jaguar run pka_prot.bat -jobname SM18_micro009_conf_3 SM18_micro009_conf_3.in
(4) jaguar run pka_prot.bat -jobname SM18_micro009_conf_4 SM18_micro009_conf_4.in
(5) jaguar run pka_prot.bat -jobname SM18_micro009_conf_5 SM18_micro009_conf_5.in
(6) jaguar run pka_deprot.bat -jobname SM18_micro011_conf_1 SM18_micro011_conf_1.in
(7) jaguar run pka_deprot.bat -jobname SM18_micro011_conf_2 SM18_micro011_conf_2.in
(8) jaguar run pka_deprot.bat -jobname SM18_micro011_conf_3 SM18_micro011_conf_3.in
(9) jaguar run pka_deprot.bat -jobname SM18_micro011_conf_4 SM18_micro011_conf_4.in
(10) jaguar run pka_deprot.bat -jobname SM18_micro011_conf_5 SM18_micro011_conf_5.in

Running subjobs on hosts:
  localhost (Max: 10)
Number of jobs:       10
Max retries per job:  3
Max allowed failures: unlimited
Run with -LOCAL:      False
Verbosity:            normal

Starting JobDJ...

Keep one job on driver host: False
JobDJ columns:
  C: Number of completed subjobs
  A: Number of active subjobs (e.g., submitted, running)
  W: Number of waiting/pending subjobs

 C  A  W | Activity  JobId  JobName  JobHost
-- -- -- | --------- -----------------------
 0  1  9 | launched  lt01-1-5af45ca6 SM18_micro009_conf_1 localhost [lt01]
 0  2  8 | launched  lt01-1-5af45ca9 SM18_micro009_conf_2 localhost [lt01]
 0  3  7 | launched  lt01-2-5af45cac SM18_micro009_conf_3 localhost [lt01]
 0  4  6 | launched  lt01-0-5af45caf SM18_micro009_conf_4 localhost [lt01]
 0  5  5 | launched  lt01-1-5af45cb1 SM18_micro009_conf_5 localhost [lt01]
 0  6  4 | launched  lt01-0-5af45cb4 SM18_micro011_conf_1 localhost [lt01]
 0  7  3 | launched  lt01-1-5af45cb6 SM18_micro011_conf_2 localhost [lt01]
 0  8  2 | launched  lt01-2-5af45cb8 SM18_micro011_conf_3 localhost [lt01]
 0  9  1 | launched  lt01-2-5af45cba SM18_micro011_conf_4 localhost [lt01]
 0 10  0 | launched  lt01-0-5af45cbd SM18_micro011_conf_5 localhost [lt01]
 1  9  0 | finished  lt01-0-5af45cb4 SM18_micro011_conf_1 localhost [lt01]
 2  8  0 | finished  lt01-0-5af45caf SM18_micro009_conf_4 localhost [lt01]
 3  7  0 | finished  lt01-0-5af45cbd SM18_micro011_conf_5 localhost [lt01]
 4  6  0 | finished  lt01-1-5af45cb6 SM18_micro011_conf_2 localhost [lt01]
 5  5  0 | finished  lt01-2-5af45cb8 SM18_micro011_conf_3 localhost [lt01]
 6  4  0 | finished  lt01-1-5af45ca6 SM18_micro009_conf_1 localhost [lt01]
 7  3  0 | finished  lt01-1-5af45ca9 SM18_micro009_conf_2 localhost [lt01]
 8  2  0 | finished  lt01-2-5af45cba SM18_micro011_conf_4 localhost [lt01]
 9  1  0 | finished  lt01-1-5af45cb1 SM18_micro009_conf_5 localhost [lt01]
10  0  0 | finished  lt01-2-5af45cac SM18_micro009_conf_3 localhost [lt01]

All jobs have completed.

10 of 10 job(s) succeeded; 0 job(s) failed.

Timer (distribute subjobs) : 20816.17 secs (5 hrs, 46 mins, 56 secs)

Processing QM output files...

Executing subprocess:
/data/chodera/schrodinger/schrodinger2017-4-advanced/jaguar results -energy SM18_micro009_conf_1.nrg_h.out

Executing subprocess:
/data/chodera/schrodinger/schrodinger2017-4-advanced/jaguar results -esolv SM18_micro009_conf_1.sol_h.out

Executing subprocess:
/data/chodera/schrodinger/schrodinger2017-4-advanced/jaguar results -energy SM18_micro009_conf_2.nrg_h.out

Executing subprocess:
/data/chodera/schrodinger/schrodinger2017-4-advanced/jaguar results -esolv SM18_micro009_conf_2.sol_h.out

Executing subprocess:
/data/chodera/schrodinger/schrodinger2017-4-advanced/jaguar results -energy SM18_micro009_conf_3.nrg_h.out

Executing subprocess:
/data/chodera/schrodinger/schrodinger2017-4-advanced/jaguar results -esolv SM18_micro009_conf_3.sol_h.out

Executing subprocess:
/data/chodera/schrodinger/schrodinger2017-4-advanced/jaguar results -energy SM18_micro009_conf_4.nrg_h.out

Executing subprocess:
/data/chodera/schrodinger/schrodinger2017-4-advanced/jaguar results -esolv SM18_micro009_conf_4.sol_h.out

Executing subprocess:
/data/chodera/schrodinger/schrodinger2017-4-advanced/jaguar results -energy SM18_micro009_conf_5.nrg_h.out

Executing subprocess:
/data/chodera/schrodinger/schrodinger2017-4-advanced/jaguar results -esolv SM18_micro009_conf_5.sol_h.out

Executing subprocess:
/data/chodera/schrodinger/schrodinger2017-4-advanced/jaguar results -energy SM18_micro011_conf_1.nrg.out

Executing subprocess:
/data/chodera/schrodinger/schrodinger2017-4-advanced/jaguar results -esolv SM18_micro011_conf_1.sol.out

Executing subprocess:
/data/chodera/schrodinger/schrodinger2017-4-advanced/jaguar results -energy SM18_micro011_conf_2.nrg.out

Executing subprocess:
/data/chodera/schrodinger/schrodinger2017-4-advanced/jaguar results -esolv SM18_micro011_conf_2.sol.out

Executing subprocess:
/data/chodera/schrodinger/schrodinger2017-4-advanced/jaguar results -energy SM18_micro011_conf_3.nrg.out

Executing subprocess:
/data/chodera/schrodinger/schrodinger2017-4-advanced/jaguar results -esolv SM18_micro011_conf_3.sol.out

Executing subprocess:
/data/chodera/schrodinger/schrodinger2017-4-advanced/jaguar results -energy SM18_micro011_conf_4.nrg.out

Executing subprocess:
/data/chodera/schrodinger/schrodinger2017-4-advanced/jaguar results -esolv SM18_micro011_conf_4.sol.out

Executing subprocess:
/data/chodera/schrodinger/schrodinger2017-4-advanced/jaguar results -energy SM18_micro011_conf_5.nrg.out

Executing subprocess:
/data/chodera/schrodinger/schrodinger2017-4-advanced/jaguar results -esolv SM18_micro011_conf_5.sol.out

Executing subprocess:
/data/chodera/schrodinger/schrodinger2017-4-advanced/jaguar-v9.8/bin/Linux-x86_64/pka -o SM18_micro009_deprot-out.mae -j SM18_micro009.jres -n -d

Executing subprocess:
/data/chodera/schrodinger/schrodinger2017-4-advanced/jaguar-v9.8/bin/Linux-x86_64/pka -o SM18_micro009_prot-out.mae -j SM18_micro009.jres -n

pKa calculation for SM18_micro009 completed.

pKa workflow jag_SM18_micro009_SM18_micro011 completed.

Timer (Jaguar pKa) : 22325.85 secs (6 hrs, 12 mins, 05 secs)
Timer (jaguar_backend.py) : 22325.85 secs (6 hrs, 12 mins, 05 secs)
Finished:   Thu May 10 16:39:40 2018
