Command:    jaguar run pka.py -jobname jag_SM18_micro055_SM18_micro042 -PARALLEL 10 -n -csrch -prot SM18_micro055.in -deprot SM18_micro042.in
Release:    2017-4
Exec:       /data/chodera/schrodinger/schrodinger2017-4-advanced/jaguar-v9.8/bin/Linux-x86_64
Host:       ls17
JobId:      lilac-0-5aecafe5
JobDir:     /lila/data/chodera/schrodinger/tmpdir/rustenburg/jag_SM18_micro055_SM18_micro042
Date:       Fri May  4 15:20:11 2018

Contents of /lila/data/chodera/schrodinger/tmpdir/rustenburg/jag_SM18_micro055_SM18_micro042:
/lila/data/chodera/schrodinger/tmpdir/rustenburg/jag_SM18_micro055_SM18_micro042/SM18_micro042.in
/lila/data/chodera/schrodinger/tmpdir/rustenburg/jag_SM18_micro055_SM18_micro042/lilac-0-5aecafe5.jlog
/lila/data/chodera/schrodinger/tmpdir/rustenburg/jag_SM18_micro055_SM18_micro042/lilac-0-5aecafe5.recover
/lila/data/chodera/schrodinger/tmpdir/rustenburg/jag_SM18_micro055_SM18_micro042/lilac-0-5aecafe5.mpinodes
/lila/data/chodera/schrodinger/tmpdir/rustenburg/jag_SM18_micro055_SM18_micro042/jag_SM18_micro055_SM18_micro042.log
/lila/data/chodera/schrodinger/tmpdir/rustenburg/jag_SM18_micro055_SM18_micro042/SM18_micro055.in
/lila/data/chodera/schrodinger/tmpdir/rustenburg/jag_SM18_micro055_SM18_micro042/lilac-0-5aecafe5.hosts
/lila/data/chodera/schrodinger/tmpdir/rustenburg/jag_SM18_micro055_SM18_micro042/lilac-0-5aecafe5
/lila/data/chodera/schrodinger/tmpdir/rustenburg/jag_SM18_micro055_SM18_micro042/SM18_micro042.mae
/lila/data/chodera/schrodinger/tmpdir/rustenburg/jag_SM18_micro055_SM18_micro042/lilac-0-5aecafe5.nodes
/lila/data/chodera/schrodinger/tmpdir/rustenburg/jag_SM18_micro055_SM18_micro042/SM18_micro055.mae
/lila/data/chodera/schrodinger/tmpdir/rustenburg/jag_SM18_micro055_SM18_micro042/jag_SM18_micro055_SM18_micro042.recover

=====================
 Jaguar pKa workflow
=====================

Analysing user-provided (prot, deprot) pair:
(SM18_micro055.in, SM18_micro042.in)
Error: heavy atoms are different in input files:
SM18_micro055.in
SM18_micro042.in


An error has occurred.  Information about the error has been written to 
/home/rustenburg/.schrodinger/exceptions/error20180504-152011.txt 

Please contact help@schrodinger.com for assistance. Include error20180504-152011.txt and a description of what you were doing when the error occurred.
