Taking protonated structures from:
SM18_micro028_conf_1.dft_h.01.mae
SM18_micro028_conf_2.dft_h.01.mae
SM18_micro028_conf_3.dft_h.01.mae
SM18_micro028_conf_4.dft_h.01.mae
SM18_micro028_conf_5.dft_h.01.mae
Taking deprotonated structures from:
SM18_micro033_conf_1.dft.01.mae
SM18_micro033_conf_2.dft.01.mae
SM18_micro033_conf_3.dft.01.mae
SM18_micro033_conf_4.dft.01.mae
SM18_micro033_conf_5.dft.01.mae

Corrected results for 'protonated' structure in water:
pKa atom: 40

 # 	                  Shell                   	 pKa 	RMSD	 Contribution
---	------------------------------------------	-----	-----	--------------
1: 	amide as acid                             	10.08	0.903	    22.60%
2: 	Protonation of sp2-like aliphatic nitrogen	 9.34	1.751	    57.01%
3: 	Protonation of generic atom               	 9.40	2.264	    20.38%

 Final weighted pKa value is 9.52



