Taking protonated structures from:
SM18_micro061_conf_1.dft_h.01.mae
SM18_micro061_conf_2.dft_h.01.mae
SM18_micro061_conf_3.dft_h.01.mae
SM18_micro061_conf_4.dft_h.01.mae
SM18_micro061_conf_5.dft_h.01.mae
Taking deprotonated structures from:
SM18_micro011_conf_1.dft.01.mae
SM18_micro011_conf_2.dft.01.mae
SM18_micro011_conf_3.dft.01.mae
SM18_micro011_conf_4.dft.01.mae
SM18_micro011_conf_5.dft.01.mae

Corrected results for 'protonated' structure in water:
pKa atom: 31

 # 	                  Shell                   	 pKa 	RMSD	 Contribution
---	------------------------------------------	-----	-----	--------------
1: 	imine                                     	 8.81	0.895	     0.00%
2: 	Protonation of sp2-like aliphatic nitrogen	 9.73	1.751	    35.03%
3: 	Protonation of generic atom               	 9.74	2.264	    64.97%

 Final weighted pKa value is 9.74



