Taking protonated structures from:
SM03_micro001_conf_1.dft_h.01.mae
SM03_micro001_conf_2.dft_h.01.mae
SM03_micro001_conf_3.dft_h.01.mae
SM03_micro001_conf_4.dft_h.01.mae
SM03_micro001_conf_5.dft_h.01.mae
Taking deprotonated structures from:
SM03_micro004_conf_1.dft.01.mae
SM03_micro004_conf_2.dft.01.mae
SM03_micro004_conf_3.dft.01.mae
SM03_micro004_conf_4.dft.01.mae
SM03_micro004_conf_5.dft.01.mae

Corrected results for 'protonated' structure in water:
pKa atom: 29

 # 	                  Shell                   	 pKa 	RMSD	 Contribution
---	------------------------------------------	-----	-----	--------------
1: 	amide as acid                             	 4.57	0.903	    18.70%
2: 	Protonation of sp2-like aliphatic nitrogen	 4.39	1.751	    57.03%
3: 	Protonation of generic atom               	 4.91	2.264	    24.27%

 Final weighted pKa value is 4.55



