Command:    jaguar run pka.py -jobname jag_SM08_micro010_SM08_micro003 -PARALLEL 10 -n -csrch -prot SM08_micro010.in -deprot SM08_micro003.in
Release:    2017-4
Exec:       /data/chodera/schrodinger/schrodinger2017-4-advanced/jaguar-v9.8/bin/Linux-x86_64
Host:       lt04
JobId:      lilac-0-5aec7caa
JobDir:     /lila/data/chodera/schrodinger/tmpdir/rustenburg/jag_SM08_micro010_SM08_micro003
Date:       Fri May  4 11:31:51 2018

Contents of /lila/data/chodera/schrodinger/tmpdir/rustenburg/jag_SM08_micro010_SM08_micro003:
/lila/data/chodera/schrodinger/tmpdir/rustenburg/jag_SM08_micro010_SM08_micro003/SM08_micro010.in
/lila/data/chodera/schrodinger/tmpdir/rustenburg/jag_SM08_micro010_SM08_micro003/SM08_micro003.in
/lila/data/chodera/schrodinger/tmpdir/rustenburg/jag_SM08_micro010_SM08_micro003/lilac-0-5aec7caa
/lila/data/chodera/schrodinger/tmpdir/rustenburg/jag_SM08_micro010_SM08_micro003/lilac-0-5aec7caa.recover
/lila/data/chodera/schrodinger/tmpdir/rustenburg/jag_SM08_micro010_SM08_micro003/lilac-0-5aec7caa.mpinodes
/lila/data/chodera/schrodinger/tmpdir/rustenburg/jag_SM08_micro010_SM08_micro003/SM08_micro010.mae
/lila/data/chodera/schrodinger/tmpdir/rustenburg/jag_SM08_micro010_SM08_micro003/lilac-0-5aec7caa.jlog
/lila/data/chodera/schrodinger/tmpdir/rustenburg/jag_SM08_micro010_SM08_micro003/jag_SM08_micro010_SM08_micro003.recover
/lila/data/chodera/schrodinger/tmpdir/rustenburg/jag_SM08_micro010_SM08_micro003/SM08_micro003.mae
/lila/data/chodera/schrodinger/tmpdir/rustenburg/jag_SM08_micro010_SM08_micro003/lilac-0-5aec7caa.nodes
/lila/data/chodera/schrodinger/tmpdir/rustenburg/jag_SM08_micro010_SM08_micro003/lilac-0-5aec7caa.hosts
/lila/data/chodera/schrodinger/tmpdir/rustenburg/jag_SM08_micro010_SM08_micro003/jag_SM08_micro010_SM08_micro003.log

=====================
 Jaguar pKa workflow
=====================

Analysing user-provided (prot, deprot) pair:
(SM08_micro010.in, SM08_micro003.in)
Found labile hydrogen 29 in SM08_micro010.in
Found labile hydrogen at atom 12 in SM08_micro003.in
Adding 'ipkat' keyword to input files.

Identifying pKa functional group for pair:
(SM08_micro010, SM08_micro003)

Executing subprocess:
/data/chodera/schrodinger/schrodinger2017-4-advanced/jaguar-v9.8/bin/Linux-x86_64/pka -i -j SM08_micro010.tmp.jres -n

Taking protonated structures from:
SM08_micro010.mae
Taking deprotonated structures from:
SM08_micro003.mae

This molecule from 'SM08_micro010.mae' in water was recognized as:

 # 	                 Shell                 
---	---------------------------------------
1: 	OH attached to heterocycle (with one N)
2: 	Protonation of generic atom            
3: 	Protonation of sp2-like oxygen         


Executing conformational search...

Executing 2 distributed subjobs:
---------------------------------

No more than 8 cpu(s) will be used per subjob.
No more than 10 cpu(s) will be used simultaneously.

Processing the following subjobs:
(1) jaguar run csrch.py SM08_micro010.mae -jobname SM08_micro010 -max_conf 5 -erg_window 50.208 -acc_level 1 -TPP 5
(2) jaguar run csrch.py SM08_micro003.mae -jobname SM08_micro003 -max_conf 5 -erg_window 50.208 -acc_level 1 -TPP 5

Running subjobs on hosts:
  lsf-cpu (Max: 2)
Number of jobs:       2
Max retries per job:  3
Max allowed failures: unlimited
Run with -LOCAL:      False
Verbosity:            normal

Starting JobDJ...

Keep one job on driver host: False
JobDJ columns:
  C: Number of completed subjobs
  A: Number of active subjobs (e.g., submitted, running)
  W: Number of waiting/pending subjobs

C A W | Activity  JobId  JobName  JobHost
- - - | --------- -----------------------
0 1 1 | launched  lt04-0-5aec7ced SM08_micro010 lsf-cpu
0 2 0 | launched  lt04-0-5aec7cf0 SM08_micro003 lsf-cpu
1 1 0 | finished  lt04-0-5aec7ced SM08_micro010 lsf-cpu
2 0 0 | finished  lt04-0-5aec7cf0 SM08_micro003 lsf-cpu

All jobs have completed.

2 of 2 job(s) succeeded; 0 job(s) failed.

Timer (distribute subjobs) : 636.69 secs (0 hrs, 10 mins, 36 secs)

Setting up QM workflow for (protonated, deprotonated) pair:
(1) (SM08_micro010, SM08_micro003)

Executing Jaguar quantum-mechanical subjobs...

Executing 10 distributed subjobs:
----------------------------------

No more than 8 cpu(s) will be used per subjob.
No more than 10 cpu(s) will be used simultaneously.

Processing the following subjobs:
(1) jaguar run pka_prot.bat -jobname SM08_micro010_conf_1 SM08_micro010_conf_1.in
(2) jaguar run pka_prot.bat -jobname SM08_micro010_conf_2 SM08_micro010_conf_2.in
(3) jaguar run pka_prot.bat -jobname SM08_micro010_conf_3 SM08_micro010_conf_3.in
(4) jaguar run pka_prot.bat -jobname SM08_micro010_conf_4 SM08_micro010_conf_4.in
(5) jaguar run pka_prot.bat -jobname SM08_micro010_conf_5 SM08_micro010_conf_5.in
(6) jaguar run pka_deprot.bat -jobname SM08_micro003_conf_1 SM08_micro003_conf_1.in
(7) jaguar run pka_deprot.bat -jobname SM08_micro003_conf_2 SM08_micro003_conf_2.in
(8) jaguar run pka_deprot.bat -jobname SM08_micro003_conf_3 SM08_micro003_conf_3.in
(9) jaguar run pka_deprot.bat -jobname SM08_micro003_conf_4 SM08_micro003_conf_4.in
(10) jaguar run pka_deprot.bat -jobname SM08_micro003_conf_5 SM08_micro003_conf_5.in

Running subjobs on hosts:
  lsf-cpu (Max: 10)
Number of jobs:       10
Max retries per job:  3
Max allowed failures: unlimited
Run with -LOCAL:      False
Verbosity:            normal

Starting JobDJ...

Keep one job on driver host: True
JobDJ columns:
  C: Number of completed subjobs
  A: Number of active subjobs (e.g., submitted, running)
  W: Number of waiting/pending subjobs

 C  A  W | Activity  JobId  JobName  JobHost
-- -- -- | --------- -----------------------
 0  1  9 | launched  lt04-0-5aec7f6a SM08_micro010_conf_1 localhost [lt04]
 0  2  8 | launched  lt04-0-5aec7f6e SM08_micro010_conf_2 lsf-cpu
 0  3  7 | launched  lt04-0-5aec7f72 SM08_micro010_conf_3 lsf-cpu
 0  4  6 | launched  lt04-0-5aec7f75 SM08_micro010_conf_4 lsf-cpu
 0  5  5 | launched  lt04-0-5aec7f79 SM08_micro010_conf_5 lsf-cpu
 0  6  4 | launched  lt04-0-5aec7f7d SM08_micro003_conf_1 lsf-cpu
 0  7  3 | launched  lt04-0-5aec7f81 SM08_micro003_conf_2 lsf-cpu
 0  8  2 | launched  lt04-0-5aec7f85 SM08_micro003_conf_3 lsf-cpu
 0  9  1 | launched  lt04-0-5aec7f89 SM08_micro003_conf_4 lsf-cpu
 0 10  0 | launched  lt04-0-5aec7f8d SM08_micro003_conf_5 lsf-cpu
 1  9  0 | finished  lt04-0-5aec7f6a SM08_micro010_conf_1 localhost [lt04]
 2  8  0 | finished  lt04-0-5aec7f72 SM08_micro010_conf_3 lsf-cpu [lt05]
 3  7  0 | finished  lt04-0-5aec7f85 SM08_micro003_conf_3 lsf-cpu [ls13]
 4  6  0 | finished  lt04-0-5aec7f6e SM08_micro010_conf_2 lsf-cpu [lt08]
 5  5  0 | finished  lt04-0-5aec7f81 SM08_micro003_conf_2 lsf-cpu [ls13]
 6  4  0 | finished  lt04-0-5aec7f79 SM08_micro010_conf_5 lsf-cpu [ls13]
 7  3  0 | finished  lt04-0-5aec7f7d SM08_micro003_conf_1 lsf-cpu [ls13]
 8  2  0 | finished  lt04-0-5aec7f89 SM08_micro003_conf_4 lsf-cpu [ls13]
 9  1  0 | finished  lt04-0-5aec7f75 SM08_micro010_conf_4 lsf-cpu [ls13]
10  0  0 | finished  lt04-0-5aec7f8d SM08_micro003_conf_5 lsf-cpu [lt21]

All jobs have completed.

10 of 10 job(s) succeeded; 0 job(s) failed.

Timer (distribute subjobs) : 6564.25 secs (1 hrs, 49 mins, 24 secs)

Processing QM output files...

Executing subprocess:
/data/chodera/schrodinger/schrodinger2017-4-advanced/jaguar results -energy SM08_micro010_conf_1.nrg_h.out

Executing subprocess:
/data/chodera/schrodinger/schrodinger2017-4-advanced/jaguar results -esolv SM08_micro010_conf_1.sol_h.out

Executing subprocess:
/data/chodera/schrodinger/schrodinger2017-4-advanced/jaguar results -energy SM08_micro010_conf_2.nrg_h.out

Executing subprocess:
/data/chodera/schrodinger/schrodinger2017-4-advanced/jaguar results -esolv SM08_micro010_conf_2.sol_h.out

Executing subprocess:
/data/chodera/schrodinger/schrodinger2017-4-advanced/jaguar results -energy SM08_micro010_conf_3.nrg_h.out

Executing subprocess:
/data/chodera/schrodinger/schrodinger2017-4-advanced/jaguar results -esolv SM08_micro010_conf_3.sol_h.out

Executing subprocess:
/data/chodera/schrodinger/schrodinger2017-4-advanced/jaguar results -energy SM08_micro010_conf_4.nrg_h.out

Executing subprocess:
/data/chodera/schrodinger/schrodinger2017-4-advanced/jaguar results -esolv SM08_micro010_conf_4.sol_h.out

Executing subprocess:
/data/chodera/schrodinger/schrodinger2017-4-advanced/jaguar results -energy SM08_micro010_conf_5.nrg_h.out

Executing subprocess:
/data/chodera/schrodinger/schrodinger2017-4-advanced/jaguar results -esolv SM08_micro010_conf_5.sol_h.out

Executing subprocess:
/data/chodera/schrodinger/schrodinger2017-4-advanced/jaguar results -energy SM08_micro003_conf_1.nrg.out

Executing subprocess:
/data/chodera/schrodinger/schrodinger2017-4-advanced/jaguar results -esolv SM08_micro003_conf_1.sol.out

Executing subprocess:
/data/chodera/schrodinger/schrodinger2017-4-advanced/jaguar results -energy SM08_micro003_conf_2.nrg.out

Executing subprocess:
/data/chodera/schrodinger/schrodinger2017-4-advanced/jaguar results -esolv SM08_micro003_conf_2.sol.out

Executing subprocess:
/data/chodera/schrodinger/schrodinger2017-4-advanced/jaguar results -energy SM08_micro003_conf_3.nrg.out

Executing subprocess:
/data/chodera/schrodinger/schrodinger2017-4-advanced/jaguar results -esolv SM08_micro003_conf_3.sol.out

Executing subprocess:
/data/chodera/schrodinger/schrodinger2017-4-advanced/jaguar results -energy SM08_micro003_conf_4.nrg.out

Executing subprocess:
/data/chodera/schrodinger/schrodinger2017-4-advanced/jaguar results -esolv SM08_micro003_conf_4.sol.out

Executing subprocess:
/data/chodera/schrodinger/schrodinger2017-4-advanced/jaguar results -energy SM08_micro003_conf_5.nrg.out

Executing subprocess:
/data/chodera/schrodinger/schrodinger2017-4-advanced/jaguar results -esolv SM08_micro003_conf_5.sol.out

Executing subprocess:
/data/chodera/schrodinger/schrodinger2017-4-advanced/jaguar-v9.8/bin/Linux-x86_64/pka -o SM08_micro010_deprot-out.mae -j SM08_micro010.jres -n -d

Executing subprocess:
/data/chodera/schrodinger/schrodinger2017-4-advanced/jaguar-v9.8/bin/Linux-x86_64/pka -o SM08_micro010_prot-out.mae -j SM08_micro010.jres -n

pKa calculation for SM08_micro010 completed.

pKa workflow jag_SM08_micro010_SM08_micro003 completed.

Timer (Jaguar pKa) : 7276.72 secs (2 hrs, 01 mins, 16 secs)
Timer (jaguar_backend.py) : 7276.72 secs (2 hrs, 01 mins, 16 secs)
Finished:   Fri May  4 13:33:08 2018
