Taking protonated structures from:
SM18_micro007_conf_1.dft_h.01.mae
SM18_micro007_conf_2.dft_h.01.mae
SM18_micro007_conf_3.dft_h.01.mae
SM18_micro007_conf_4.dft_h.01.mae
SM18_micro007_conf_5.dft_h.01.mae
Taking deprotonated structures from:
SM18_micro070_conf_1.dft.01.mae
SM18_micro070_conf_2.dft.01.mae
SM18_micro070_conf_3.dft.01.mae
SM18_micro070_conf_4.dft.01.mae
SM18_micro070_conf_5.dft.01.mae

Corrected results for 'protonated' structure in water:
pKa atom: 32

 # 	           Shell           	 pKa 	RMSD	 Contribution
---	---------------------------	-----	-----	--------------
1: 	4-pyrimidone as base       	19.48	0.363	    20.19%
2: 	heterocycle custom 1       	19.24	0.617	     3.67%
3: 	heterocycle                	18.81	0.837	    21.93%
4: 	Protonation of generic atom	16.08	2.264	    54.20%

 Final weighted pKa value is 17.48



