Command:    jaguar run pka.py -jobname jag_SM09_micro014_SM09_micro005 -PARALLEL 10 -n -csrch -prot SM09_micro014.in -deprot SM09_micro005.in
Release:    2017-4
Exec:       /data/chodera/schrodinger/schrodinger2017-4-advanced/jaguar-v9.8/bin/Linux-x86_64
Host:       ls10
JobId:      lilac-0-5aec7fb1
JobDir:     /lila/data/chodera/schrodinger/tmpdir/rustenburg/jag_SM09_micro014_SM09_micro005
Date:       Fri May  4 11:46:27 2018

Contents of /lila/data/chodera/schrodinger/tmpdir/rustenburg/jag_SM09_micro014_SM09_micro005:
/lila/data/chodera/schrodinger/tmpdir/rustenburg/jag_SM09_micro014_SM09_micro005/jag_SM09_micro014_SM09_micro005.log
/lila/data/chodera/schrodinger/tmpdir/rustenburg/jag_SM09_micro014_SM09_micro005/lilac-0-5aec7fb1.nodes
/lila/data/chodera/schrodinger/tmpdir/rustenburg/jag_SM09_micro014_SM09_micro005/lilac-0-5aec7fb1.mpinodes
/lila/data/chodera/schrodinger/tmpdir/rustenburg/jag_SM09_micro014_SM09_micro005/lilac-0-5aec7fb1.hosts
/lila/data/chodera/schrodinger/tmpdir/rustenburg/jag_SM09_micro014_SM09_micro005/SM09_micro014.mae
/lila/data/chodera/schrodinger/tmpdir/rustenburg/jag_SM09_micro014_SM09_micro005/SM09_micro014.in
/lila/data/chodera/schrodinger/tmpdir/rustenburg/jag_SM09_micro014_SM09_micro005/lilac-0-5aec7fb1
/lila/data/chodera/schrodinger/tmpdir/rustenburg/jag_SM09_micro014_SM09_micro005/lilac-0-5aec7fb1.jlog
/lila/data/chodera/schrodinger/tmpdir/rustenburg/jag_SM09_micro014_SM09_micro005/SM09_micro005.mae
/lila/data/chodera/schrodinger/tmpdir/rustenburg/jag_SM09_micro014_SM09_micro005/SM09_micro005.in
/lila/data/chodera/schrodinger/tmpdir/rustenburg/jag_SM09_micro014_SM09_micro005/jag_SM09_micro014_SM09_micro005.recover
/lila/data/chodera/schrodinger/tmpdir/rustenburg/jag_SM09_micro014_SM09_micro005/lilac-0-5aec7fb1.recover

=====================
 Jaguar pKa workflow
=====================

Analysing user-provided (prot, deprot) pair:
(SM09_micro014.in, SM09_micro005.in)
Found labile hydrogen 20 in SM09_micro014.in
Found labile hydrogen at atom 9 in SM09_micro005.in
Adding 'ipkat' keyword to input files.

Identifying pKa functional group for pair:
(SM09_micro014, SM09_micro005)

Executing subprocess:
/data/chodera/schrodinger/schrodinger2017-4-advanced/jaguar-v9.8/bin/Linux-x86_64/pka -i -j SM09_micro014.tmp.jres -n

Taking protonated structures from:
SM09_micro014.mae
Taking deprotonated structures from:
SM09_micro005.mae

This molecule from 'SM09_micro014.mae' in water was recognized as:

 # 	                  Shell                   
---	------------------------------------------
1: 	secondary aniline                         
2: 	Protonation of sp3-like aliphatic nitrogen
3: 	Protonation of generic atom               


Executing conformational search...

Executing 2 distributed subjobs:
---------------------------------

No more than 8 cpu(s) will be used per subjob.
No more than 10 cpu(s) will be used simultaneously.

Processing the following subjobs:
(1) jaguar run csrch.py SM09_micro014.mae -jobname SM09_micro014 -max_conf 5 -erg_window 50.208 -acc_level 1 -TPP 5
(2) jaguar run csrch.py SM09_micro005.mae -jobname SM09_micro005 -max_conf 5 -erg_window 50.208 -acc_level 1 -TPP 5

Running subjobs on hosts:
  lsf-cpu (Max: 2)
Number of jobs:       2
Max retries per job:  3
Max allowed failures: unlimited
Run with -LOCAL:      False
Verbosity:            normal

Starting JobDJ...

Keep one job on driver host: False
JobDJ columns:
  C: Number of completed subjobs
  A: Number of active subjobs (e.g., submitted, running)
  W: Number of waiting/pending subjobs

C A W | Activity  JobId  JobName  JobHost
- - - | --------- -----------------------
0 1 1 | launched  ls10-0-5aec8059 SM09_micro014 lsf-cpu
0 2 0 | launched  ls10-4-5aec805d SM09_micro005 lsf-cpu
1 1 0 | finished  ls10-4-5aec805d SM09_micro005 lsf-cpu
2 0 0 | finished  ls10-0-5aec8059 SM09_micro014 lsf-cpu

All jobs have completed.

2 of 2 job(s) succeeded; 0 job(s) failed.

Timer (distribute subjobs) : 704.78 secs (0 hrs, 11 mins, 44 secs)

Setting up QM workflow for (protonated, deprotonated) pair:
(1) (SM09_micro014, SM09_micro005)

Executing Jaguar quantum-mechanical subjobs...

Executing 10 distributed subjobs:
----------------------------------

No more than 8 cpu(s) will be used per subjob.
No more than 10 cpu(s) will be used simultaneously.

Processing the following subjobs:
(1) jaguar run pka_prot.bat -jobname SM09_micro014_conf_1 SM09_micro014_conf_1.in
(2) jaguar run pka_prot.bat -jobname SM09_micro014_conf_2 SM09_micro014_conf_2.in
(3) jaguar run pka_prot.bat -jobname SM09_micro014_conf_3 SM09_micro014_conf_3.in
(4) jaguar run pka_prot.bat -jobname SM09_micro014_conf_4 SM09_micro014_conf_4.in
(5) jaguar run pka_prot.bat -jobname SM09_micro014_conf_5 SM09_micro014_conf_5.in
(6) jaguar run pka_deprot.bat -jobname SM09_micro005_conf_1 SM09_micro005_conf_1.in
(7) jaguar run pka_deprot.bat -jobname SM09_micro005_conf_2 SM09_micro005_conf_2.in
(8) jaguar run pka_deprot.bat -jobname SM09_micro005_conf_3 SM09_micro005_conf_3.in
(9) jaguar run pka_deprot.bat -jobname SM09_micro005_conf_4 SM09_micro005_conf_4.in
(10) jaguar run pka_deprot.bat -jobname SM09_micro005_conf_5 SM09_micro005_conf_5.in

Running subjobs on hosts:
  lsf-cpu (Max: 10)
Number of jobs:       10
Max retries per job:  3
Max allowed failures: unlimited
Run with -LOCAL:      False
Verbosity:            normal

Starting JobDJ...

Keep one job on driver host: True
JobDJ columns:
  C: Number of completed subjobs
  A: Number of active subjobs (e.g., submitted, running)
  W: Number of waiting/pending subjobs

 C  A  W | Activity  JobId  JobName  JobHost
-- -- -- | --------- -----------------------
 0  1  9 | launched  ls10-0-5aec831a SM09_micro014_conf_1 localhost [ls10]
 0  2  8 | launched  ls10-0-5aec831d SM09_micro014_conf_2 lsf-cpu
 0  3  7 | launched  ls10-1-5aec8321 SM09_micro014_conf_3 lsf-cpu
 0  4  6 | launched  ls10-0-5aec8325 SM09_micro014_conf_4 lsf-cpu
 0  5  5 | launched  ls10-0-5aec832b SM09_micro014_conf_5 lsf-cpu
 0  6  4 | launched  ls10-0-5aec832f SM09_micro005_conf_1 lsf-cpu
 0  7  3 | launched  ls10-0-5aec8334 SM09_micro005_conf_2 lsf-cpu
 0  8  2 | launched  ls10-0-5aec8339 SM09_micro005_conf_3 lsf-cpu
 0  9  1 | launched  ls10-0-5aec833e SM09_micro005_conf_4 lsf-cpu
 0 10  0 | launched  ls10-0-5aec8343 SM09_micro005_conf_5 lsf-cpu
 1  9  0 | finished  ls10-0-5aec831a SM09_micro014_conf_1 localhost [ls10]
 2  8  0 | finished  ls10-0-5aec8325 SM09_micro014_conf_4 lsf-cpu [lt16]
 3  7  0 | finished  ls10-1-5aec8321 SM09_micro014_conf_3 lsf-cpu [lt11]
 4  6  0 | finished  ls10-0-5aec831d SM09_micro014_conf_2 lsf-cpu [lt04]
 5  5  0 | finished  ls10-0-5aec8334 SM09_micro005_conf_2 lsf-cpu [ls17]
 6  4  0 | finished  ls10-0-5aec8343 SM09_micro005_conf_5 lsf-cpu [lt17]
 7  3  0 | finished  ls10-0-5aec832f SM09_micro005_conf_1 lsf-cpu [ls18]
 8  2  0 | finished  ls10-0-5aec833e SM09_micro005_conf_4 lsf-cpu [lt17]
 9  1  0 | finished  ls10-0-5aec832b SM09_micro014_conf_5 lsf-cpu [lt05]
10  0  0 | finished  ls10-0-5aec8339 SM09_micro005_conf_3 lsf-cpu [lt17]

All jobs have completed.

10 of 10 job(s) succeeded; 0 job(s) failed.

Timer (distribute subjobs) : 4354.48 secs (1 hrs, 12 mins, 34 secs)

Processing QM output files...

Executing subprocess:
/data/chodera/schrodinger/schrodinger2017-4-advanced/jaguar results -energy SM09_micro014_conf_1.nrg_h.out

Executing subprocess:
/data/chodera/schrodinger/schrodinger2017-4-advanced/jaguar results -esolv SM09_micro014_conf_1.sol_h.out

Executing subprocess:
/data/chodera/schrodinger/schrodinger2017-4-advanced/jaguar results -energy SM09_micro014_conf_2.nrg_h.out

Executing subprocess:
/data/chodera/schrodinger/schrodinger2017-4-advanced/jaguar results -esolv SM09_micro014_conf_2.sol_h.out

Executing subprocess:
/data/chodera/schrodinger/schrodinger2017-4-advanced/jaguar results -energy SM09_micro014_conf_3.nrg_h.out

Executing subprocess:
/data/chodera/schrodinger/schrodinger2017-4-advanced/jaguar results -esolv SM09_micro014_conf_3.sol_h.out

Executing subprocess:
/data/chodera/schrodinger/schrodinger2017-4-advanced/jaguar results -energy SM09_micro014_conf_4.nrg_h.out

Executing subprocess:
/data/chodera/schrodinger/schrodinger2017-4-advanced/jaguar results -esolv SM09_micro014_conf_4.sol_h.out

Executing subprocess:
/data/chodera/schrodinger/schrodinger2017-4-advanced/jaguar results -energy SM09_micro014_conf_5.nrg_h.out

Executing subprocess:
/data/chodera/schrodinger/schrodinger2017-4-advanced/jaguar results -esolv SM09_micro014_conf_5.sol_h.out

Executing subprocess:
/data/chodera/schrodinger/schrodinger2017-4-advanced/jaguar results -energy SM09_micro005_conf_1.nrg.out

Executing subprocess:
/data/chodera/schrodinger/schrodinger2017-4-advanced/jaguar results -esolv SM09_micro005_conf_1.sol.out

Executing subprocess:
/data/chodera/schrodinger/schrodinger2017-4-advanced/jaguar results -energy SM09_micro005_conf_2.nrg.out

Executing subprocess:
/data/chodera/schrodinger/schrodinger2017-4-advanced/jaguar results -esolv SM09_micro005_conf_2.sol.out

Executing subprocess:
/data/chodera/schrodinger/schrodinger2017-4-advanced/jaguar results -energy SM09_micro005_conf_3.nrg.out

Executing subprocess:
/data/chodera/schrodinger/schrodinger2017-4-advanced/jaguar results -esolv SM09_micro005_conf_3.sol.out

Executing subprocess:
/data/chodera/schrodinger/schrodinger2017-4-advanced/jaguar results -energy SM09_micro005_conf_4.nrg.out

Executing subprocess:
/data/chodera/schrodinger/schrodinger2017-4-advanced/jaguar results -esolv SM09_micro005_conf_4.sol.out

Executing subprocess:
/data/chodera/schrodinger/schrodinger2017-4-advanced/jaguar results -energy SM09_micro005_conf_5.nrg.out

Executing subprocess:
/data/chodera/schrodinger/schrodinger2017-4-advanced/jaguar results -esolv SM09_micro005_conf_5.sol.out

Executing subprocess:
/data/chodera/schrodinger/schrodinger2017-4-advanced/jaguar-v9.8/bin/Linux-x86_64/pka -o SM09_micro014_deprot-out.mae -j SM09_micro014.jres -n -d

Executing subprocess:
/data/chodera/schrodinger/schrodinger2017-4-advanced/jaguar-v9.8/bin/Linux-x86_64/pka -o SM09_micro014_prot-out.mae -j SM09_micro014.jres -n

pKa calculation for SM09_micro014 completed.

pKa workflow jag_SM09_micro014_SM09_micro005 completed.

Timer (Jaguar pKa) : 5141.06 secs (1 hrs, 25 mins, 41 secs)
Timer (jaguar_backend.py) : 5141.06 secs (1 hrs, 25 mins, 41 secs)
Finished:   Fri May  4 13:12:08 2018
