Taking protonated structures from:
SM18_micro050_conf_1.dft_h.01.mae
SM18_micro050_conf_2.dft_h.01.mae
SM18_micro050_conf_3.dft_h.01.mae
SM18_micro050_conf_4.dft_h.01.mae
SM18_micro050_conf_5.dft_h.01.mae
Taking deprotonated structures from:
SM18_micro070_conf_1.dft.01.mae
SM18_micro070_conf_2.dft.01.mae
SM18_micro070_conf_3.dft.01.mae
SM18_micro070_conf_4.dft.01.mae
SM18_micro070_conf_5.dft.01.mae

Corrected results for 'protonated' structure in water:
pKa atom: 39

 # 	            Shell             	 pKa 	RMSD	 Contribution
---	------------------------------	-----	-----	--------------
1: 	enol                          	 6.07	0.533	    91.97%
2: 	Protonation of generic atom   	 3.83	2.264	     2.75%
3: 	Protonation of sp2-like oxygen	 4.10	2.568	     5.27%

 Final weighted pKa value is 5.90



