Taking protonated structures from:
SM19_micro004_conf_1.dft_h.01.mae
SM19_micro004_conf_2.dft_h.01.mae
SM19_micro004_conf_3.dft_h.01.mae
SM19_micro004_conf_4.dft_h.01.mae
SM19_micro004_conf_5.dft_h.01.mae
Taking deprotonated structures from:
SM19_micro010_conf_1.dft.01.mae
SM19_micro010_conf_2.dft.01.mae
SM19_micro010_conf_3.dft.01.mae
SM19_micro010_conf_4.dft.01.mae
SM19_micro010_conf_5.dft.01.mae

Corrected results for 'protonated' structure in water:
pKa atom: 33

 # 	            Shell             	 pKa 	RMSD	 Contribution
---	------------------------------	-----	-----	--------------
1: 	enol                          	10.27	0.533	    92.67%
2: 	Protonation of generic atom   	 7.82	2.264	     2.55%
3: 	Protonation of sp2-like oxygen	 7.53	2.568	     4.79%

 Final weighted pKa value is 10.08



