Command:    jaguar run pka.py -jobname jag_SM18_micro070_SM18_micro045 -PARALLEL 10 -n -csrch -prot SM18_micro070.in -deprot SM18_micro045.in
Release:    2017-4
Exec:       /data/chodera/schrodinger/schrodinger2017-4-advanced/jaguar-v9.8/bin/Linux-x86_64
Host:       lt20
JobId:      lilac-0-5aecb008
JobDir:     /lila/data/chodera/schrodinger/tmpdir/rustenburg/jag_SM18_micro070_SM18_micro045
Date:       Fri May  4 15:20:39 2018

Contents of /lila/data/chodera/schrodinger/tmpdir/rustenburg/jag_SM18_micro070_SM18_micro045:
/lila/data/chodera/schrodinger/tmpdir/rustenburg/jag_SM18_micro070_SM18_micro045/lilac-0-5aecb008
/lila/data/chodera/schrodinger/tmpdir/rustenburg/jag_SM18_micro070_SM18_micro045/SM18_micro070.in
/lila/data/chodera/schrodinger/tmpdir/rustenburg/jag_SM18_micro070_SM18_micro045/jag_SM18_micro070_SM18_micro045.log
/lila/data/chodera/schrodinger/tmpdir/rustenburg/jag_SM18_micro070_SM18_micro045/jag_SM18_micro070_SM18_micro045.recover
/lila/data/chodera/schrodinger/tmpdir/rustenburg/jag_SM18_micro070_SM18_micro045/lilac-0-5aecb008.recover
/lila/data/chodera/schrodinger/tmpdir/rustenburg/jag_SM18_micro070_SM18_micro045/lilac-0-5aecb008.hosts
/lila/data/chodera/schrodinger/tmpdir/rustenburg/jag_SM18_micro070_SM18_micro045/SM18_micro045.mae
/lila/data/chodera/schrodinger/tmpdir/rustenburg/jag_SM18_micro070_SM18_micro045/lilac-0-5aecb008.jlog
/lila/data/chodera/schrodinger/tmpdir/rustenburg/jag_SM18_micro070_SM18_micro045/lilac-0-5aecb008.nodes
/lila/data/chodera/schrodinger/tmpdir/rustenburg/jag_SM18_micro070_SM18_micro045/lilac-0-5aecb008.mpinodes
/lila/data/chodera/schrodinger/tmpdir/rustenburg/jag_SM18_micro070_SM18_micro045/SM18_micro070.mae
/lila/data/chodera/schrodinger/tmpdir/rustenburg/jag_SM18_micro070_SM18_micro045/SM18_micro045.in

=====================
 Jaguar pKa workflow
=====================

Analysing user-provided (prot, deprot) pair:
(SM18_micro070.in, SM18_micro045.in)
Found labile hydrogen 31 in SM18_micro070.in
Found labile hydrogen at atom 9 in SM18_micro045.in
Adding 'ipkat' keyword to input files.

Identifying pKa functional group for pair:
(SM18_micro070, SM18_micro045)

Executing subprocess:
/data/chodera/schrodinger/schrodinger2017-4-advanced/jaguar-v9.8/bin/Linux-x86_64/pka -i -j SM18_micro070.tmp.jres -n

Taking protonated structures from:
SM18_micro070.mae
Taking deprotonated structures from:
SM18_micro045.mae

This molecule from 'SM18_micro070.mae' in water was recognized as:

 # 	                  Shell                  
---	-----------------------------------------
1: 	delta lactam                             
2: 	4-pyrimidone as acid                     
3: 	Protonation of sp2-like aromatic nitrogen
4: 	Protonation of generic atom              


Executing conformational search...

Executing 2 distributed subjobs:
---------------------------------

No more than 8 cpu(s) will be used per subjob.
No more than 10 cpu(s) will be used simultaneously.

Processing the following subjobs:
(1) jaguar run csrch.py SM18_micro070.mae -jobname SM18_micro070 -max_conf 5 -erg_window 50.208 -acc_level 1 -TPP 5
(2) jaguar run csrch.py SM18_micro045.mae -jobname SM18_micro045 -max_conf 5 -erg_window 50.208 -acc_level 1 -TPP 5

Running subjobs on hosts:
  lsf-cpu (Max: 2)
Number of jobs:       2
Max retries per job:  3
Max allowed failures: unlimited
Run with -LOCAL:      False
Verbosity:            normal

Starting JobDJ...

Keep one job on driver host: False
JobDJ columns:
  C: Number of completed subjobs
  A: Number of active subjobs (e.g., submitted, running)
  W: Number of waiting/pending subjobs

C A W | Activity  JobId  JobName  JobHost
- - - | --------- -----------------------
0 1 1 | launched  lt20-0-5aecb28c SM18_micro070 lsf-cpu
0 2 0 | launched  lt20-0-5aecb28f SM18_micro045 lsf-cpu
1 1 0 | finished  lt20-0-5aecb28f SM18_micro045 lsf-cpu [lt09]
2 0 0 | finished  lt20-0-5aecb28c SM18_micro070 lsf-cpu [lt17]

All jobs have completed.

2 of 2 job(s) succeeded; 0 job(s) failed.

Timer (distribute subjobs) : 5426.42 secs (1 hrs, 30 mins, 26 secs)

Setting up QM workflow for (protonated, deprotonated) pair:
(1) (SM18_micro070, SM18_micro045)

Executing Jaguar quantum-mechanical subjobs...

Executing 10 distributed subjobs:
----------------------------------

No more than 8 cpu(s) will be used per subjob.
No more than 10 cpu(s) will be used simultaneously.

Processing the following subjobs:
(1) jaguar run pka_prot.bat -jobname SM18_micro070_conf_1 SM18_micro070_conf_1.in
(2) jaguar run pka_prot.bat -jobname SM18_micro070_conf_2 SM18_micro070_conf_2.in
(3) jaguar run pka_prot.bat -jobname SM18_micro070_conf_3 SM18_micro070_conf_3.in
(4) jaguar run pka_prot.bat -jobname SM18_micro070_conf_4 SM18_micro070_conf_4.in
(5) jaguar run pka_prot.bat -jobname SM18_micro070_conf_5 SM18_micro070_conf_5.in
(6) jaguar run pka_deprot.bat -jobname SM18_micro045_conf_1 SM18_micro045_conf_1.in
(7) jaguar run pka_deprot.bat -jobname SM18_micro045_conf_2 SM18_micro045_conf_2.in
(8) jaguar run pka_deprot.bat -jobname SM18_micro045_conf_3 SM18_micro045_conf_3.in
(9) jaguar run pka_deprot.bat -jobname SM18_micro045_conf_4 SM18_micro045_conf_4.in
(10) jaguar run pka_deprot.bat -jobname SM18_micro045_conf_5 SM18_micro045_conf_5.in

Running subjobs on hosts:
  lsf-cpu (Max: 10)
Number of jobs:       10
Max retries per job:  3
Max allowed failures: unlimited
Run with -LOCAL:      False
Verbosity:            normal

Starting JobDJ...

Keep one job on driver host: True
JobDJ columns:
  C: Number of completed subjobs
  A: Number of active subjobs (e.g., submitted, running)
  W: Number of waiting/pending subjobs

 C  A  W | Activity  JobId  JobName  JobHost
-- -- -- | --------- -----------------------
 0  1  9 | launched  lt20-0-5aecc7c2 SM18_micro070_conf_1 localhost [lt20]
 0  2  8 | launched  lt20-0-5aecc7c6 SM18_micro070_conf_2 lsf-cpu
 0  3  7 | launched  lt20-0-5aecc7ca SM18_micro070_conf_3 lsf-cpu
 0  4  6 | launched  lt20-0-5aecc7cd SM18_micro070_conf_4 lsf-cpu
 0  5  5 | launched  lt20-0-5aecc7d0 SM18_micro070_conf_5 lsf-cpu
 0  6  4 | launched  lt20-0-5aecc7d4 SM18_micro045_conf_1 lsf-cpu
 0  7  3 | launched  lt20-0-5aecc7d7 SM18_micro045_conf_2 lsf-cpu
 0  8  2 | launched  lt20-0-5aecc7db SM18_micro045_conf_3 lsf-cpu
 0  9  1 | launched  lt20-0-5aecc7df SM18_micro045_conf_4 lsf-cpu
 0 10  0 | launched  lt20-0-5aecc7e2 SM18_micro045_conf_5 lsf-cpu
 1  9  0 | finished  lt20-0-5aecc7c2 SM18_micro070_conf_1 localhost [lt20]
 1  9  0 | launched  lt20-0-5aecd3de SM18_micro045_conf_5 localhost [lt20]
 2  8  0 | finished  lt20-0-5aecd3de SM18_micro045_conf_5 localhost [lt20]
 3  7  0 | finished  lt20-0-5aecc7d0 SM18_micro070_conf_5 lsf-cpu [ls11]
 4  6  0 | finished  lt20-0-5aecc7df SM18_micro045_conf_4 lsf-cpu [lt02]
 5  5  0 | finished  lt20-0-5aecc7ca SM18_micro070_conf_3 lsf-cpu [lt03]
 6  4  0 | finished  lt20-0-5aecc7cd SM18_micro070_conf_4 lsf-cpu [lt11]
 7  3  0 | finished  lt20-0-5aecc7c6 SM18_micro070_conf_2 lsf-cpu [ls10]
