Command:    jaguar run pka.py -jobname jag_SM13_micro013_SM13_micro012 -PARALLEL 10 -n -csrch -prot SM13_micro013.in -deprot SM13_micro012.in
Release:    2017-4
Exec:       /data/chodera/schrodinger/schrodinger2017-4-advanced/jaguar-v9.8/bin/Linux-x86_64
Host:       lt14
JobId:      lilac-0-5aeca2df
JobDir:     /lila/data/chodera/schrodinger/tmpdir/rustenburg/jag_SM13_micro013_SM13_micro012
Date:       Fri May  4 14:14:11 2018

Contents of /lila/data/chodera/schrodinger/tmpdir/rustenburg/jag_SM13_micro013_SM13_micro012:
/lila/data/chodera/schrodinger/tmpdir/rustenburg/jag_SM13_micro013_SM13_micro012/lilac-0-5aeca2df.jlog
/lila/data/chodera/schrodinger/tmpdir/rustenburg/jag_SM13_micro013_SM13_micro012/lilac-0-5aeca2df.hosts
/lila/data/chodera/schrodinger/tmpdir/rustenburg/jag_SM13_micro013_SM13_micro012/lilac-0-5aeca2df
/lila/data/chodera/schrodinger/tmpdir/rustenburg/jag_SM13_micro013_SM13_micro012/jag_SM13_micro013_SM13_micro012.log
/lila/data/chodera/schrodinger/tmpdir/rustenburg/jag_SM13_micro013_SM13_micro012/SM13_micro012.mae
/lila/data/chodera/schrodinger/tmpdir/rustenburg/jag_SM13_micro013_SM13_micro012/lilac-0-5aeca2df.mpinodes
/lila/data/chodera/schrodinger/tmpdir/rustenburg/jag_SM13_micro013_SM13_micro012/SM13_micro013.mae
/lila/data/chodera/schrodinger/tmpdir/rustenburg/jag_SM13_micro013_SM13_micro012/jag_SM13_micro013_SM13_micro012.recover
/lila/data/chodera/schrodinger/tmpdir/rustenburg/jag_SM13_micro013_SM13_micro012/SM13_micro013.in
/lila/data/chodera/schrodinger/tmpdir/rustenburg/jag_SM13_micro013_SM13_micro012/lilac-0-5aeca2df.nodes
/lila/data/chodera/schrodinger/tmpdir/rustenburg/jag_SM13_micro013_SM13_micro012/SM13_micro012.in
/lila/data/chodera/schrodinger/tmpdir/rustenburg/jag_SM13_micro013_SM13_micro012/lilac-0-5aeca2df.recover

=====================
 Jaguar pKa workflow
=====================

Analysing user-provided (prot, deprot) pair:
(SM13_micro013.in, SM13_micro012.in)
Found labile hydrogen 24 in SM13_micro013.in
Found labile hydrogen at atom 12 in SM13_micro012.in
Adding 'ipkat' keyword to input files.

Identifying pKa functional group for pair:
(SM13_micro013, SM13_micro012)

Executing subprocess:
/data/chodera/schrodinger/schrodinger2017-4-advanced/jaguar-v9.8/bin/Linux-x86_64/pka -i -j SM13_micro013.tmp.jres -n

Taking protonated structures from:
SM13_micro013.mae
Taking deprotonated structures from:
SM13_micro012.mae

This molecule from 'SM13_micro013.mae' in water was recognized as:

 # 	           Shell           
---	---------------------------
1: 	heterocycle custom 1       
2: 	heterocycle                
3: 	Protonation of generic atom


Executing conformational search...

Executing 2 distributed subjobs:
---------------------------------

No more than 8 cpu(s) will be used per subjob.
No more than 10 cpu(s) will be used simultaneously.

Processing the following subjobs:
(1) jaguar run csrch.py SM13_micro013.mae -jobname SM13_micro013 -max_conf 5 -erg_window 50.208 -acc_level 1 -TPP 5
(2) jaguar run csrch.py SM13_micro012.mae -jobname SM13_micro012 -max_conf 5 -erg_window 50.208 -acc_level 1 -TPP 5

Running subjobs on hosts:
  lsf-cpu (Max: 2)
Number of jobs:       2
Max retries per job:  3
Max allowed failures: unlimited
Run with -LOCAL:      False
Verbosity:            normal

Starting JobDJ...

Keep one job on driver host: False
JobDJ columns:
  C: Number of completed subjobs
  A: Number of active subjobs (e.g., submitted, running)
  W: Number of waiting/pending subjobs

C A W | Activity  JobId  JobName  JobHost
- - - | --------- -----------------------
0 1 1 | launched  lt14-0-5aeca2fa SM13_micro013 lsf-cpu
0 2 0 | launched  lt14-0-5aeca2fd SM13_micro012 lsf-cpu
1 1 0 | finished  lt14-0-5aeca2fa SM13_micro013 lsf-cpu [lt04]
2 0 0 | finished  lt14-0-5aeca2fd SM13_micro012 lsf-cpu [lt04]

All jobs have completed.

2 of 2 job(s) succeeded; 0 job(s) failed.

Timer (distribute subjobs) : 665.08 secs (0 hrs, 11 mins, 05 secs)

Setting up QM workflow for (protonated, deprotonated) pair:
(1) (SM13_micro013, SM13_micro012)

Executing Jaguar quantum-mechanical subjobs...

Executing 10 distributed subjobs:
----------------------------------

No more than 8 cpu(s) will be used per subjob.
No more than 10 cpu(s) will be used simultaneously.

Processing the following subjobs:
(1) jaguar run pka_prot.bat -jobname SM13_micro013_conf_1 SM13_micro013_conf_1.in
(2) jaguar run pka_prot.bat -jobname SM13_micro013_conf_2 SM13_micro013_conf_2.in
(3) jaguar run pka_prot.bat -jobname SM13_micro013_conf_3 SM13_micro013_conf_3.in
(4) jaguar run pka_prot.bat -jobname SM13_micro013_conf_4 SM13_micro013_conf_4.in
(5) jaguar run pka_prot.bat -jobname SM13_micro013_conf_5 SM13_micro013_conf_5.in
(6) jaguar run pka_deprot.bat -jobname SM13_micro012_conf_1 SM13_micro012_conf_1.in
(7) jaguar run pka_deprot.bat -jobname SM13_micro012_conf_2 SM13_micro012_conf_2.in
(8) jaguar run pka_deprot.bat -jobname SM13_micro012_conf_3 SM13_micro012_conf_3.in
(9) jaguar run pka_deprot.bat -jobname SM13_micro012_conf_4 SM13_micro012_conf_4.in
(10) jaguar run pka_deprot.bat -jobname SM13_micro012_conf_5 SM13_micro012_conf_5.in

Running subjobs on hosts:
  lsf-cpu (Max: 10)
Number of jobs:       10
Max retries per job:  3
Max allowed failures: unlimited
Run with -LOCAL:      False
Verbosity:            normal

Starting JobDJ...

Keep one job on driver host: True
JobDJ columns:
  C: Number of completed subjobs
  A: Number of active subjobs (e.g., submitted, running)
  W: Number of waiting/pending subjobs

 C  A  W | Activity  JobId  JobName  JobHost
-- -- -- | --------- -----------------------
 0  1  9 | launched  lt14-0-5aeca597 SM13_micro013_conf_1 localhost [lt14]
 0  2  8 | launched  lt14-0-5aeca59d SM13_micro013_conf_2 lsf-cpu
 0  3  7 | launched  lt14-0-5aeca5a2 SM13_micro013_conf_3 lsf-cpu
 0  4  6 | launched  lt14-0-5aeca5a6 SM13_micro013_conf_4 lsf-cpu
 0  5  5 | launched  lt14-0-5aeca5ab SM13_micro013_conf_5 lsf-cpu
 0  6  4 | launched  lt14-0-5aeca5b1 SM13_micro012_conf_1 lsf-cpu
 0  7  3 | launched  lt14-0-5aeca5b6 SM13_micro012_conf_2 lsf-cpu
 0  8  2 | launched  lt14-1-5aeca5bb SM13_micro012_conf_3 lsf-cpu
 0  9  1 | launched  lt14-0-5aeca5c0 SM13_micro012_conf_4 lsf-cpu
 0 10  0 | launched  lt14-0-5aeca5c5 SM13_micro012_conf_5 lsf-cpu
 1  9  0 | finished  lt14-0-5aeca59d SM13_micro013_conf_2 lsf-cpu [ls18]
 2  8  0 | finished  lt14-0-5aeca5ab SM13_micro013_conf_5 lsf-cpu [lt22]
 3  7  0 | finished  lt14-0-5aeca5a2 SM13_micro013_conf_3 lsf-cpu [lt11]
 4  6  0 | finished  lt14-0-5aeca5c0 SM13_micro012_conf_4 lsf-cpu [lt22]
 5  5  0 | finished  lt14-0-5aeca5b1 SM13_micro012_conf_1 lsf-cpu [lt22]
 6  4  0 | finished  lt14-0-5aeca5a6 SM13_micro013_conf_4 lsf-cpu [lt21]
 7  3  0 | finished  lt14-0-5aeca5b6 SM13_micro012_conf_2 lsf-cpu [lt22]
 8  2  0 | finished  lt14-1-5aeca5bb SM13_micro012_conf_3 lsf-cpu [lt22]
 9  1  0 | finished  lt14-0-5aeca597 SM13_micro013_conf_1 localhost [lt14]
10  0  0 | finished  lt14-0-5aeca5c5 SM13_micro012_conf_5 lsf-cpu [lt22]

All jobs have completed.

10 of 10 job(s) succeeded; 0 job(s) failed.

Timer (distribute subjobs) : 5087.89 secs (1 hrs, 24 mins, 47 secs)

Processing QM output files...

Executing subprocess:
/data/chodera/schrodinger/schrodinger2017-4-advanced/jaguar results -energy SM13_micro013_conf_1.nrg_h.out

Executing subprocess:
/data/chodera/schrodinger/schrodinger2017-4-advanced/jaguar results -esolv SM13_micro013_conf_1.sol_h.out

Executing subprocess:
/data/chodera/schrodinger/schrodinger2017-4-advanced/jaguar results -energy SM13_micro013_conf_2.nrg_h.out

Executing subprocess:
/data/chodera/schrodinger/schrodinger2017-4-advanced/jaguar results -esolv SM13_micro013_conf_2.sol_h.out

Executing subprocess:
/data/chodera/schrodinger/schrodinger2017-4-advanced/jaguar results -energy SM13_micro013_conf_3.nrg_h.out

Executing subprocess:
/data/chodera/schrodinger/schrodinger2017-4-advanced/jaguar results -esolv SM13_micro013_conf_3.sol_h.out

Executing subprocess:
/data/chodera/schrodinger/schrodinger2017-4-advanced/jaguar results -energy SM13_micro013_conf_4.nrg_h.out

Executing subprocess:
/data/chodera/schrodinger/schrodinger2017-4-advanced/jaguar results -esolv SM13_micro013_conf_4.sol_h.out

Executing subprocess:
/data/chodera/schrodinger/schrodinger2017-4-advanced/jaguar results -energy SM13_micro013_conf_5.nrg_h.out

Executing subprocess:
/data/chodera/schrodinger/schrodinger2017-4-advanced/jaguar results -esolv SM13_micro013_conf_5.sol_h.out

Executing subprocess:
/data/chodera/schrodinger/schrodinger2017-4-advanced/jaguar results -energy SM13_micro012_conf_1.nrg.out

Executing subprocess:
/data/chodera/schrodinger/schrodinger2017-4-advanced/jaguar results -esolv SM13_micro012_conf_1.sol.out

Executing subprocess:
/data/chodera/schrodinger/schrodinger2017-4-advanced/jaguar results -energy SM13_micro012_conf_2.nrg.out

Executing subprocess:
/data/chodera/schrodinger/schrodinger2017-4-advanced/jaguar results -esolv SM13_micro012_conf_2.sol.out

Executing subprocess:
/data/chodera/schrodinger/schrodinger2017-4-advanced/jaguar results -energy SM13_micro012_conf_3.nrg.out

Executing subprocess:
/data/chodera/schrodinger/schrodinger2017-4-advanced/jaguar results -esolv SM13_micro012_conf_3.sol.out

Executing subprocess:
/data/chodera/schrodinger/schrodinger2017-4-advanced/jaguar results -energy SM13_micro012_conf_4.nrg.out

Executing subprocess:
/data/chodera/schrodinger/schrodinger2017-4-advanced/jaguar results -esolv SM13_micro012_conf_4.sol.out

Executing subprocess:
/data/chodera/schrodinger/schrodinger2017-4-advanced/jaguar results -energy SM13_micro012_conf_5.nrg.out

Executing subprocess:
/data/chodera/schrodinger/schrodinger2017-4-advanced/jaguar results -esolv SM13_micro012_conf_5.sol.out

Executing subprocess:
/data/chodera/schrodinger/schrodinger2017-4-advanced/jaguar-v9.8/bin/Linux-x86_64/pka -o SM13_micro013_deprot-out.mae -j SM13_micro013.jres -n -d

Executing subprocess:
/data/chodera/schrodinger/schrodinger2017-4-advanced/jaguar-v9.8/bin/Linux-x86_64/pka -o SM13_micro013_prot-out.mae -j SM13_micro013.jres -n

pKa calculation for SM13_micro013 completed.

pKa workflow jag_SM13_micro013_SM13_micro012 completed.

Timer (Jaguar pKa) : 5869.31 secs (1 hrs, 37 mins, 49 secs)
Timer (jaguar_backend.py) : 5869.31 secs (1 hrs, 37 mins, 49 secs)
Finished:   Fri May  4 15:52:01 2018
