Command:    jaguar run pka.py -jobname jag_SM23_micro046_SM23_micro038 -PARALLEL 10 -n -csrch -prot SM23_micro046.in -deprot SM23_micro038.in
Release:    2017-4
Exec:       /data/chodera/schrodinger/schrodinger2017-4-advanced/jaguar-v9.8/bin/Linux-x86_64
Host:       ls18
JobId:      lilac-0-5aecd3d8
JobDir:     /lila/data/chodera/schrodinger/tmpdir/rustenburg/jag_SM23_micro046_SM23_micro038
Date:       Fri May  4 19:21:23 2018

Contents of /lila/data/chodera/schrodinger/tmpdir/rustenburg/jag_SM23_micro046_SM23_micro038:
/lila/data/chodera/schrodinger/tmpdir/rustenburg/jag_SM23_micro046_SM23_micro038/lilac-0-5aecd3d8.jlog
/lila/data/chodera/schrodinger/tmpdir/rustenburg/jag_SM23_micro046_SM23_micro038/lilac-0-5aecd3d8
/lila/data/chodera/schrodinger/tmpdir/rustenburg/jag_SM23_micro046_SM23_micro038/SM23_micro046.in
/lila/data/chodera/schrodinger/tmpdir/rustenburg/jag_SM23_micro046_SM23_micro038/SM23_micro046.mae
/lila/data/chodera/schrodinger/tmpdir/rustenburg/jag_SM23_micro046_SM23_micro038/lilac-0-5aecd3d8.nodes
/lila/data/chodera/schrodinger/tmpdir/rustenburg/jag_SM23_micro046_SM23_micro038/jag_SM23_micro046_SM23_micro038.recover
/lila/data/chodera/schrodinger/tmpdir/rustenburg/jag_SM23_micro046_SM23_micro038/jag_SM23_micro046_SM23_micro038.log
/lila/data/chodera/schrodinger/tmpdir/rustenburg/jag_SM23_micro046_SM23_micro038/SM23_micro038.mae
/lila/data/chodera/schrodinger/tmpdir/rustenburg/jag_SM23_micro046_SM23_micro038/SM23_micro038.in
/lila/data/chodera/schrodinger/tmpdir/rustenburg/jag_SM23_micro046_SM23_micro038/lilac-0-5aecd3d8.mpinodes
/lila/data/chodera/schrodinger/tmpdir/rustenburg/jag_SM23_micro046_SM23_micro038/lilac-0-5aecd3d8.recover
/lila/data/chodera/schrodinger/tmpdir/rustenburg/jag_SM23_micro046_SM23_micro038/lilac-0-5aecd3d8.hosts

=====================
 Jaguar pKa workflow
=====================

Analysing user-provided (prot, deprot) pair:
(SM23_micro046.in, SM23_micro038.in)
Error: heavy atoms are different in input files:
SM23_micro046.in
SM23_micro038.in


An error has occurred.  Information about the error has been written to 
/home/rustenburg/.schrodinger/exceptions/error20180504-192123.txt 

Please contact help@schrodinger.com for assistance. Include error20180504-192123.txt and a description of what you were doing when the error occurred.
