Command:    jaguar run pka.py -jobname jag_SM18_micro038_SM18_micro071 -PARALLEL 10 -WAIT -n -csrch -prot SM18_micro038.in -deprot SM18_micro071.in
Release:    2017-4
Exec:       /data/chodera/schrodinger/schrodinger2017-4-advanced/jaguar-v9.8/bin/Linux-x86_64
Host:       ls09
JobId:      ls09-3-5af456de
JobDir:     /lila/data/chodera/schrodinger/tmpdir/rustenburg/jag_SM18_micro038_SM18_micro071.1
Date:       Thu May 10 10:27:45 2018

Contents of /lila/data/chodera/schrodinger/tmpdir/rustenburg/jag_SM18_micro038_SM18_micro071.1:
/lila/data/chodera/schrodinger/tmpdir/rustenburg/jag_SM18_micro038_SM18_micro071.1/jag_SM18_micro038_SM18_micro071.recover
/lila/data/chodera/schrodinger/tmpdir/rustenburg/jag_SM18_micro038_SM18_micro071.1/ls09-3-5af456de.mpinodes
/lila/data/chodera/schrodinger/tmpdir/rustenburg/jag_SM18_micro038_SM18_micro071.1/SM18_micro038.mae
/lila/data/chodera/schrodinger/tmpdir/rustenburg/jag_SM18_micro038_SM18_micro071.1/SM18_micro038.in
/lila/data/chodera/schrodinger/tmpdir/rustenburg/jag_SM18_micro038_SM18_micro071.1/ls09-3-5af456de.recover
/lila/data/chodera/schrodinger/tmpdir/rustenburg/jag_SM18_micro038_SM18_micro071.1/SM18_micro071.mae
/lila/data/chodera/schrodinger/tmpdir/rustenburg/jag_SM18_micro038_SM18_micro071.1/SM18_micro071.in
/lila/data/chodera/schrodinger/tmpdir/rustenburg/jag_SM18_micro038_SM18_micro071.1/jag_SM18_micro038_SM18_micro071.log
/lila/data/chodera/schrodinger/tmpdir/rustenburg/jag_SM18_micro038_SM18_micro071.1/ls09-3-5af456de

=====================
 Jaguar pKa workflow
=====================

Analysing user-provided (prot, deprot) pair:
(SM18_micro038.in, SM18_micro071.in)
Found labile hydrogen 41 in SM18_micro038.in
Found labile hydrogen at atom 20 in SM18_micro071.in
Adding 'ipkat' keyword to input files.

Identifying pKa functional group for pair:
(SM18_micro038, SM18_micro071)

Executing subprocess:
/data/chodera/schrodinger/schrodinger2017-4-advanced/jaguar-v9.8/bin/Linux-x86_64/pka -i -j SM18_micro038.tmp.jres -n

Taking protonated structures from:
SM18_micro038.mae
Taking deprotonated structures from:
SM18_micro071.mae

This molecule from 'SM18_micro038.mae' in water was recognized as:

 # 	           Shell           
---	---------------------------
1: 	Protonation of generic atom


Executing conformational search...

Executing 2 distributed subjobs:
---------------------------------

No more than 8 cpu(s) will be used per subjob.
No more than 10 cpu(s) will be used simultaneously.

Processing the following subjobs:
(1) jaguar run csrch.py SM18_micro038.mae -jobname SM18_micro038 -max_conf 5 -erg_window 50.208 -acc_level 1 -TPP 5
(2) jaguar run csrch.py SM18_micro071.mae -jobname SM18_micro071 -max_conf 5 -erg_window 50.208 -acc_level 1 -TPP 5

Running subjobs on hosts:
  localhost (Max: 2)
Number of jobs:       2
Max retries per job:  3
Max allowed failures: unlimited
Run with -LOCAL:      False
Verbosity:            normal

Starting JobDJ...

Keep one job on driver host: False
JobDJ columns:
  C: Number of completed subjobs
  A: Number of active subjobs (e.g., submitted, running)
  W: Number of waiting/pending subjobs

C A W | Activity  JobId  JobName  JobHost
- - - | --------- -----------------------
0 1 1 | launched  ls09-0-5af456e6 SM18_micro038 localhost [ls09]
0 2 0 | launched  ls09-0-5af456e8 SM18_micro071 localhost [ls09]
1 1 0 | finished  ls09-0-5af456e6 SM18_micro038 localhost [ls09]
2 0 0 | finished  ls09-0-5af456e8 SM18_micro071 localhost [ls09]

All jobs have completed.

2 of 2 job(s) succeeded; 0 job(s) failed.

Timer (distribute subjobs) : 1392.99 secs (0 hrs, 23 mins, 12 secs)

Setting up QM workflow for (protonated, deprotonated) pair:
(1) (SM18_micro038, SM18_micro071)

Executing Jaguar quantum-mechanical subjobs...

Executing 10 distributed subjobs:
----------------------------------

No more than 8 cpu(s) will be used per subjob.
No more than 10 cpu(s) will be used simultaneously.

Processing the following subjobs:
(1) jaguar run pka_prot.bat -jobname SM18_micro038_conf_1 SM18_micro038_conf_1.in
(2) jaguar run pka_prot.bat -jobname SM18_micro038_conf_2 SM18_micro038_conf_2.in
(3) jaguar run pka_prot.bat -jobname SM18_micro038_conf_3 SM18_micro038_conf_3.in
(4) jaguar run pka_prot.bat -jobname SM18_micro038_conf_4 SM18_micro038_conf_4.in
(5) jaguar run pka_prot.bat -jobname SM18_micro038_conf_5 SM18_micro038_conf_5.in
(6) jaguar run pka_deprot.bat -jobname SM18_micro071_conf_1 SM18_micro071_conf_1.in
(7) jaguar run pka_deprot.bat -jobname SM18_micro071_conf_2 SM18_micro071_conf_2.in
(8) jaguar run pka_deprot.bat -jobname SM18_micro071_conf_3 SM18_micro071_conf_3.in
(9) jaguar run pka_deprot.bat -jobname SM18_micro071_conf_4 SM18_micro071_conf_4.in
(10) jaguar run pka_deprot.bat -jobname SM18_micro071_conf_5 SM18_micro071_conf_5.in

Running subjobs on hosts:
  localhost (Max: 10)
Number of jobs:       10
Max retries per job:  3
Max allowed failures: unlimited
Run with -LOCAL:      False
Verbosity:            normal

Starting JobDJ...

Keep one job on driver host: False
JobDJ columns:
  C: Number of completed subjobs
  A: Number of active subjobs (e.g., submitted, running)
  W: Number of waiting/pending subjobs

 C  A  W | Activity  JobId  JobName  JobHost
-- -- -- | --------- -----------------------
 0  1  9 | launched  ls09-0-5af45c69 SM18_micro038_conf_1 localhost [ls09]
 0  2  8 | launched  ls09-1-5af45c6c SM18_micro038_conf_2 localhost [ls09]
 0  3  7 | launched  ls09-1-5af45c6f SM18_micro038_conf_3 localhost [ls09]
 0  4  6 | launched  ls09-1-5af45c71 SM18_micro038_conf_4 localhost [ls09]
 0  5  5 | launched  ls09-1-5af45c74 SM18_micro038_conf_5 localhost [ls09]
 0  6  4 | launched  ls09-1-5af45c77 SM18_micro071_conf_1 localhost [ls09]
 0  7  3 | launched  ls09-1-5af45c7a SM18_micro071_conf_2 localhost [ls09]
 0  8  2 | launched  ls09-1-5af45c7c SM18_micro071_conf_3 localhost [ls09]
 0  9  1 | launched  ls09-1-5af45c7f SM18_micro071_conf_4 localhost [ls09]
 0 10  0 | launched  ls09-0-5af45c82 SM18_micro071_conf_5 localhost [ls09]
 1  9  0 | finished  ls09-1-5af45c7c SM18_micro071_conf_3 localhost [ls09]
 2  8  0 | finished  ls09-1-5af45c7f SM18_micro071_conf_4 localhost [ls09]
 3  7  0 | finished  ls09-0-5af45c82 SM18_micro071_conf_5 localhost [ls09]
 4  6  0 | finished  ls09-0-5af45c69 SM18_micro038_conf_1 localhost [ls09]
 5  5  0 | finished  ls09-1-5af45c71 SM18_micro038_conf_4 localhost [ls09]
 6  4  0 | finished  ls09-1-5af45c7a SM18_micro071_conf_2 localhost [ls09]
 7  3  0 | finished  ls09-1-5af45c74 SM18_micro038_conf_5 localhost [ls09]
 8  2  0 | finished  ls09-1-5af45c6f SM18_micro038_conf_3 localhost [ls09]
 9  1  0 | finished  ls09-1-5af45c77 SM18_micro071_conf_1 localhost [ls09]
10  0  0 | finished  ls09-1-5af45c6c SM18_micro038_conf_2 localhost [ls09]

All jobs have completed.

10 of 10 job(s) succeeded; 0 job(s) failed.

Timer (distribute subjobs) : 21687.19 secs (6 hrs, 01 mins, 27 secs)

Processing QM output files...

Executing subprocess:
/data/chodera/schrodinger/schrodinger2017-4-advanced/jaguar results -energy SM18_micro038_conf_1.nrg_h.out

Executing subprocess:
/data/chodera/schrodinger/schrodinger2017-4-advanced/jaguar results -esolv SM18_micro038_conf_1.sol_h.out

Executing subprocess:
/data/chodera/schrodinger/schrodinger2017-4-advanced/jaguar results -energy SM18_micro038_conf_2.nrg_h.out

Executing subprocess:
/data/chodera/schrodinger/schrodinger2017-4-advanced/jaguar results -esolv SM18_micro038_conf_2.sol_h.out

Executing subprocess:
/data/chodera/schrodinger/schrodinger2017-4-advanced/jaguar results -energy SM18_micro038_conf_3.nrg_h.out

Executing subprocess:
/data/chodera/schrodinger/schrodinger2017-4-advanced/jaguar results -esolv SM18_micro038_conf_3.sol_h.out

Executing subprocess:
/data/chodera/schrodinger/schrodinger2017-4-advanced/jaguar results -energy SM18_micro038_conf_4.nrg_h.out

Executing subprocess:
/data/chodera/schrodinger/schrodinger2017-4-advanced/jaguar results -esolv SM18_micro038_conf_4.sol_h.out

Executing subprocess:
/data/chodera/schrodinger/schrodinger2017-4-advanced/jaguar results -energy SM18_micro038_conf_5.nrg_h.out

Executing subprocess:
/data/chodera/schrodinger/schrodinger2017-4-advanced/jaguar results -esolv SM18_micro038_conf_5.sol_h.out

Executing subprocess:
/data/chodera/schrodinger/schrodinger2017-4-advanced/jaguar results -energy SM18_micro071_conf_1.nrg.out

Executing subprocess:
/data/chodera/schrodinger/schrodinger2017-4-advanced/jaguar results -esolv SM18_micro071_conf_1.sol.out

Executing subprocess:
/data/chodera/schrodinger/schrodinger2017-4-advanced/jaguar results -energy SM18_micro071_conf_2.nrg.out

Executing subprocess:
/data/chodera/schrodinger/schrodinger2017-4-advanced/jaguar results -esolv SM18_micro071_conf_2.sol.out

Executing subprocess:
/data/chodera/schrodinger/schrodinger2017-4-advanced/jaguar results -energy SM18_micro071_conf_3.nrg.out

Executing subprocess:
/data/chodera/schrodinger/schrodinger2017-4-advanced/jaguar results -esolv SM18_micro071_conf_3.sol.out

Executing subprocess:
/data/chodera/schrodinger/schrodinger2017-4-advanced/jaguar results -energy SM18_micro071_conf_4.nrg.out

Executing subprocess:
/data/chodera/schrodinger/schrodinger2017-4-advanced/jaguar results -esolv SM18_micro071_conf_4.sol.out

Executing subprocess:
/data/chodera/schrodinger/schrodinger2017-4-advanced/jaguar results -energy SM18_micro071_conf_5.nrg.out

Executing subprocess:
/data/chodera/schrodinger/schrodinger2017-4-advanced/jaguar results -esolv SM18_micro071_conf_5.sol.out

Executing subprocess:
/data/chodera/schrodinger/schrodinger2017-4-advanced/jaguar-v9.8/bin/Linux-x86_64/pka -o SM18_micro038_deprot-out.mae -j SM18_micro038.jres -n -d

Executing subprocess:
/data/chodera/schrodinger/schrodinger2017-4-advanced/jaguar-v9.8/bin/Linux-x86_64/pka -o SM18_micro038_prot-out.mae -j SM18_micro038.jres -n

pKa calculation for SM18_micro038 completed.

pKa workflow jag_SM18_micro038_SM18_micro071 completed.

Timer (Jaguar pKa) : 23141.63 secs (6 hrs, 25 mins, 41 secs)
Timer (jaguar_backend.py) : 23141.63 secs (6 hrs, 25 mins, 41 secs)
Finished:   Thu May 10 16:53:27 2018
