Taking protonated structures from:
SM19_micro006_conf_1.dft_h.01.mae
SM19_micro006_conf_2.dft_h.01.mae
SM19_micro006_conf_3.dft_h.01.mae
SM19_micro006_conf_4.dft_h.01.mae
SM19_micro006_conf_5.dft_h.01.mae
Taking deprotonated structures from:
SM19_micro015_conf_1.dft.01.mae
SM19_micro015_conf_2.dft.01.mae
SM19_micro015_conf_3.dft.01.mae
SM19_micro015_conf_4.dft.01.mae
SM19_micro015_conf_5.dft.01.mae

Corrected results for 'protonated' structure in water:
pKa atom: 35

 # 	                 Shell                  	 pKa 	RMSD	 Contribution
---	----------------------------------------	-----	-----	--------------
1: 	mono keto CH acid                       	12.31	0.641	    58.12%
2: 	Protonation of generic atom             	 9.20	2.264	    38.17%
3: 	aliphatic CH acid in water              	 7.57	2.584	     1.90%
4: 	Protonation of sp2-like aliphatic carbon	 7.80	2.605	     1.81%

 Final weighted pKa value is 10.95



