Taking protonated structures from:
SM21_micro033_conf_1.dft_h.01.mae
SM21_micro033_conf_2.dft_h.01.mae
SM21_micro033_conf_3.dft_h.01.mae
SM21_micro033_conf_4.dft_h.01.mae
SM21_micro033_conf_5.dft_h.01.mae
Taking deprotonated structures from:
SM21_micro031_conf_1.dft.01.mae
SM21_micro031_conf_2.dft.01.mae
SM21_micro031_conf_3.dft.01.mae
SM21_micro031_conf_4.dft.01.mae
SM21_micro031_conf_5.dft.01.mae

Corrected results for 'protonated' structure in water:
pKa atom: 26

 # 	           Shell           	 pKa 	RMSD	 Contribution
---	---------------------------	-----	-----	--------------
1: 	pyrimidine                 	-17.87	0.242	    26.95%
2: 	heterocycle custom 1       	-31.05	0.617	    39.13%
3: 	heterocycle                	-29.38	0.837	    21.79%
4: 	Protonation of generic atom	-21.54	2.264	    12.13%

 Final weighted pKa value is -25.98



