Command:    jaguar run pka.py -jobname jag_SM08_micro002_SM08_micro010 -PARALLEL 10 -n -csrch -prot SM08_micro002.in -deprot SM08_micro010.in
Release:    2017-4
Exec:       /data/chodera/schrodinger/schrodinger2017-4-advanced/jaguar-v9.8/bin/Linux-x86_64
Host:       lt04
JobId:      lilac-0-5aec7c8f
JobDir:     /lila/data/chodera/schrodinger/tmpdir/rustenburg/jag_SM08_micro002_SM08_micro010
Date:       Fri May  4 11:31:45 2018

Contents of /lila/data/chodera/schrodinger/tmpdir/rustenburg/jag_SM08_micro002_SM08_micro010:
/lila/data/chodera/schrodinger/tmpdir/rustenburg/jag_SM08_micro002_SM08_micro010/SM08_micro010.in
/lila/data/chodera/schrodinger/tmpdir/rustenburg/jag_SM08_micro002_SM08_micro010/lilac-0-5aec7c8f.recover
/lila/data/chodera/schrodinger/tmpdir/rustenburg/jag_SM08_micro002_SM08_micro010/SM08_micro002.in
/lila/data/chodera/schrodinger/tmpdir/rustenburg/jag_SM08_micro002_SM08_micro010/lilac-0-5aec7c8f.hosts
/lila/data/chodera/schrodinger/tmpdir/rustenburg/jag_SM08_micro002_SM08_micro010/SM08_micro010.mae
/lila/data/chodera/schrodinger/tmpdir/rustenburg/jag_SM08_micro002_SM08_micro010/SM08_micro002.mae
/lila/data/chodera/schrodinger/tmpdir/rustenburg/jag_SM08_micro002_SM08_micro010/lilac-0-5aec7c8f.nodes
/lila/data/chodera/schrodinger/tmpdir/rustenburg/jag_SM08_micro002_SM08_micro010/jag_SM08_micro002_SM08_micro010.log
/lila/data/chodera/schrodinger/tmpdir/rustenburg/jag_SM08_micro002_SM08_micro010/lilac-0-5aec7c8f.mpinodes
/lila/data/chodera/schrodinger/tmpdir/rustenburg/jag_SM08_micro002_SM08_micro010/lilac-0-5aec7c8f.jlog
/lila/data/chodera/schrodinger/tmpdir/rustenburg/jag_SM08_micro002_SM08_micro010/lilac-0-5aec7c8f
/lila/data/chodera/schrodinger/tmpdir/rustenburg/jag_SM08_micro002_SM08_micro010/jag_SM08_micro002_SM08_micro010.recover

=====================
 Jaguar pKa workflow
=====================

Analysing user-provided (prot, deprot) pair:
(SM08_micro002.in, SM08_micro010.in)
Error: heavy atoms are different in input files:
SM08_micro002.in
SM08_micro010.in


An error has occurred.  Information about the error has been written to 
/home/rustenburg/.schrodinger/exceptions/error20180504-113145.txt 

Please contact help@schrodinger.com for assistance. Include error20180504-113145.txt and a description of what you were doing when the error occurred.
