Command:    jaguar run pka.py -jobname jag_SM15_micro003_SM15_micro002 -PARALLEL 10 -n -csrch -prot SM15_micro003.in -deprot SM15_micro002.in
Release:    2017-4
Exec:       /data/chodera/schrodinger/schrodinger2017-4-advanced/jaguar-v9.8/bin/Linux-x86_64
Host:       lt21
JobId:      lilac-0-5aeca519
JobDir:     /lila/data/chodera/schrodinger/tmpdir/rustenburg/jag_SM15_micro003_SM15_micro002
Date:       Fri May  4 14:23:44 2018

Contents of /lila/data/chodera/schrodinger/tmpdir/rustenburg/jag_SM15_micro003_SM15_micro002:
/lila/data/chodera/schrodinger/tmpdir/rustenburg/jag_SM15_micro003_SM15_micro002/SM15_micro002.in
/lila/data/chodera/schrodinger/tmpdir/rustenburg/jag_SM15_micro003_SM15_micro002/lilac-0-5aeca519
/lila/data/chodera/schrodinger/tmpdir/rustenburg/jag_SM15_micro003_SM15_micro002/lilac-0-5aeca519.nodes
/lila/data/chodera/schrodinger/tmpdir/rustenburg/jag_SM15_micro003_SM15_micro002/SM15_micro002.mae
/lila/data/chodera/schrodinger/tmpdir/rustenburg/jag_SM15_micro003_SM15_micro002/lilac-0-5aeca519.hosts
/lila/data/chodera/schrodinger/tmpdir/rustenburg/jag_SM15_micro003_SM15_micro002/jag_SM15_micro003_SM15_micro002.recover
/lila/data/chodera/schrodinger/tmpdir/rustenburg/jag_SM15_micro003_SM15_micro002/SM15_micro003.mae
/lila/data/chodera/schrodinger/tmpdir/rustenburg/jag_SM15_micro003_SM15_micro002/lilac-0-5aeca519.recover
/lila/data/chodera/schrodinger/tmpdir/rustenburg/jag_SM15_micro003_SM15_micro002/jag_SM15_micro003_SM15_micro002.log
/lila/data/chodera/schrodinger/tmpdir/rustenburg/jag_SM15_micro003_SM15_micro002/lilac-0-5aeca519.jlog
/lila/data/chodera/schrodinger/tmpdir/rustenburg/jag_SM15_micro003_SM15_micro002/SM15_micro003.in
/lila/data/chodera/schrodinger/tmpdir/rustenburg/jag_SM15_micro003_SM15_micro002/lilac-0-5aeca519.mpinodes

=====================
 Jaguar pKa workflow
=====================

Analysing user-provided (prot, deprot) pair:
(SM15_micro003.in, SM15_micro002.in)
Found labile hydrogen 17 in SM15_micro003.in
Found labile hydrogen at atom 7 in SM15_micro002.in
Adding 'ipkat' keyword to input files.

Identifying pKa functional group for pair:
(SM15_micro003, SM15_micro002)

Executing subprocess:
/data/chodera/schrodinger/schrodinger2017-4-advanced/jaguar-v9.8/bin/Linux-x86_64/pka -i -j SM15_micro003.tmp.jres -n

Taking protonated structures from:
SM15_micro003.mae
Taking deprotonated structures from:
SM15_micro002.mae

This molecule from 'SM15_micro003.mae' in water was recognized as:

 # 	           Shell           
---	---------------------------
1: 	imidazole as base          
2: 	benzimidazole as base      
3: 	heterocycle                
4: 	Protonation of generic atom


Executing conformational search...

Executing 2 distributed subjobs:
---------------------------------

No more than 8 cpu(s) will be used per subjob.
No more than 10 cpu(s) will be used simultaneously.

Processing the following subjobs:
(1) jaguar run csrch.py SM15_micro003.mae -jobname SM15_micro003 -max_conf 5 -erg_window 50.208 -acc_level 1 -TPP 5
(2) jaguar run csrch.py SM15_micro002.mae -jobname SM15_micro002 -max_conf 5 -erg_window 50.208 -acc_level 1 -TPP 5

Running subjobs on hosts:
  lsf-cpu (Max: 2)
Number of jobs:       2
Max retries per job:  3
Max allowed failures: unlimited
Run with -LOCAL:      False
Verbosity:            normal

Starting JobDJ...

Keep one job on driver host: False
JobDJ columns:
  C: Number of completed subjobs
  A: Number of active subjobs (e.g., submitted, running)
  W: Number of waiting/pending subjobs

C A W | Activity  JobId  JobName  JobHost
- - - | --------- -----------------------
0 1 1 | launched  lt21-0-5aeca536 SM15_micro003 lsf-cpu
0 2 0 | launched  lt21-0-5aeca539 SM15_micro002 lsf-cpu
1 1 0 | finished  lt21-0-5aeca536 SM15_micro003 lsf-cpu
2 0 0 | finished  lt21-0-5aeca539 SM15_micro002 lsf-cpu

All jobs have completed.

2 of 2 job(s) succeeded; 0 job(s) failed.

Timer (distribute subjobs) : 425.19 secs (0 hrs, 07 mins, 05 secs)

Setting up QM workflow for (protonated, deprotonated) pair:
(1) (SM15_micro003, SM15_micro002)

Executing Jaguar quantum-mechanical subjobs...

Executing 6 distributed subjobs:
---------------------------------

No more than 8 cpu(s) will be used per subjob.
No more than 10 cpu(s) will be used simultaneously.

Processing the following subjobs:
(1) jaguar run pka_prot.bat -jobname SM15_micro003_conf_1 SM15_micro003_conf_1.in -TPP 2
(2) jaguar run pka_prot.bat -jobname SM15_micro003_conf_2 SM15_micro003_conf_2.in -TPP 2
(3) jaguar run pka_prot.bat -jobname SM15_micro003_conf_3 SM15_micro003_conf_3.in -TPP 2
(4) jaguar run pka_deprot.bat -jobname SM15_micro002_conf_1 SM15_micro002_conf_1.in -TPP 2
(5) jaguar run pka_deprot.bat -jobname SM15_micro002_conf_2 SM15_micro002_conf_2.in
(6) jaguar run pka_deprot.bat -jobname SM15_micro002_conf_3 SM15_micro002_conf_3.in

Running subjobs on hosts:
  lsf-cpu (Max: 6)
Number of jobs:       6
Max retries per job:  3
Max allowed failures: unlimited
Run with -LOCAL:      False
Verbosity:            normal

Starting JobDJ...

Keep one job on driver host: False
JobDJ columns:
  C: Number of completed subjobs
  A: Number of active subjobs (e.g., submitted, running)
  W: Number of waiting/pending subjobs

C A W | Activity  JobId  JobName  JobHost
- - - | --------- -----------------------
0 1 5 | launched  lt21-0-5aeca6e4 SM15_micro003_conf_1 lsf-cpu
0 2 4 | launched  lt21-0-5aeca6e6 SM15_micro003_conf_2 lsf-cpu
0 3 3 | launched  lt21-0-5aeca6e9 SM15_micro003_conf_3 lsf-cpu
0 4 2 | launched  lt21-0-5aeca6eb SM15_micro002_conf_1 lsf-cpu
0 5 1 | launched  lt21-0-5aeca6ee SM15_micro002_conf_2 lsf-cpu
0 6 0 | launched  lt21-0-5aeca6f1 SM15_micro002_conf_3 lsf-cpu
1 5 0 | finished  lt21-0-5aeca6e6 SM15_micro003_conf_2 lsf-cpu
2 4 0 | finished  lt21-0-5aeca6eb SM15_micro002_conf_1 lsf-cpu [ls16]
3 3 0 | finished  lt21-0-5aeca6e4 SM15_micro003_conf_1 lsf-cpu [lt16]
4 2 0 | finished  lt21-0-5aeca6ee SM15_micro002_conf_2 lsf-cpu [ls16]
5 1 0 | finished  lt21-0-5aeca6e9 SM15_micro003_conf_3 lsf-cpu [lt07]
6 0 0 | finished  lt21-0-5aeca6f1 SM15_micro002_conf_3 lsf-cpu [lt04]

All jobs have completed.

6 of 6 job(s) succeeded; 0 job(s) failed.

Timer (distribute subjobs) : 1463.62 secs (0 hrs, 24 mins, 23 secs)

Processing QM output files...

Executing subprocess:
/data/chodera/schrodinger/schrodinger2017-4-advanced/jaguar results -energy SM15_micro003_conf_1.nrg_h.out

Executing subprocess:
/data/chodera/schrodinger/schrodinger2017-4-advanced/jaguar results -esolv SM15_micro003_conf_1.sol_h.out

Executing subprocess:
/data/chodera/schrodinger/schrodinger2017-4-advanced/jaguar results -energy SM15_micro003_conf_2.nrg_h.out

Executing subprocess:
/data/chodera/schrodinger/schrodinger2017-4-advanced/jaguar results -esolv SM15_micro003_conf_2.sol_h.out

Executing subprocess:
/data/chodera/schrodinger/schrodinger2017-4-advanced/jaguar results -energy SM15_micro003_conf_3.nrg_h.out

Executing subprocess:
/data/chodera/schrodinger/schrodinger2017-4-advanced/jaguar results -esolv SM15_micro003_conf_3.sol_h.out

Executing subprocess:
/data/chodera/schrodinger/schrodinger2017-4-advanced/jaguar results -energy SM15_micro002_conf_1.nrg.out

Executing subprocess:
/data/chodera/schrodinger/schrodinger2017-4-advanced/jaguar results -esolv SM15_micro002_conf_1.sol.out

Executing subprocess:
/data/chodera/schrodinger/schrodinger2017-4-advanced/jaguar results -energy SM15_micro002_conf_2.nrg.out

Executing subprocess:
/data/chodera/schrodinger/schrodinger2017-4-advanced/jaguar results -esolv SM15_micro002_conf_2.sol.out

Executing subprocess:
/data/chodera/schrodinger/schrodinger2017-4-advanced/jaguar results -energy SM15_micro002_conf_3.nrg.out

Executing subprocess:
/data/chodera/schrodinger/schrodinger2017-4-advanced/jaguar results -esolv SM15_micro002_conf_3.sol.out

Executing subprocess:
/data/chodera/schrodinger/schrodinger2017-4-advanced/jaguar-v9.8/bin/Linux-x86_64/pka -o SM15_micro003_deprot-out.mae -j SM15_micro003.jres -n -d

Executing subprocess:
/data/chodera/schrodinger/schrodinger2017-4-advanced/jaguar-v9.8/bin/Linux-x86_64/pka -o SM15_micro003_prot-out.mae -j SM15_micro003.jres -n

pKa calculation for SM15_micro003 completed.

pKa workflow jag_SM15_micro003_SM15_micro002 completed.

Timer (Jaguar pKa) : 1941.39 secs (0 hrs, 32 mins, 21 secs)
Timer (jaguar_backend.py) : 1941.39 secs (0 hrs, 32 mins, 21 secs)
Finished:   Fri May  4 14:56:06 2018
