Command:    jaguar run pka.py -jobname jag_SM23_micro020_SM23_micro035 -PARALLEL 10 -n -csrch -prot SM23_micro020.in -deprot SM23_micro035.in
Release:    2017-4
Exec:       /data/chodera/schrodinger/schrodinger2017-4-advanced/jaguar-v9.8/bin/Linux-x86_64
Host:       lt01
JobId:      lilac-0-5aecd2d9
JobDir:     /lila/data/chodera/schrodinger/tmpdir/rustenburg/jag_SM23_micro020_SM23_micro035
Date:       Fri May  4 19:20:54 2018

Contents of /lila/data/chodera/schrodinger/tmpdir/rustenburg/jag_SM23_micro020_SM23_micro035:
/lila/data/chodera/schrodinger/tmpdir/rustenburg/jag_SM23_micro020_SM23_micro035/SM23_micro020.mae
/lila/data/chodera/schrodinger/tmpdir/rustenburg/jag_SM23_micro020_SM23_micro035/lilac-0-5aecd2d9.jlog
/lila/data/chodera/schrodinger/tmpdir/rustenburg/jag_SM23_micro020_SM23_micro035/SM23_micro035.in
/lila/data/chodera/schrodinger/tmpdir/rustenburg/jag_SM23_micro020_SM23_micro035/jag_SM23_micro020_SM23_micro035.log
/lila/data/chodera/schrodinger/tmpdir/rustenburg/jag_SM23_micro020_SM23_micro035/lilac-0-5aecd2d9.hosts
/lila/data/chodera/schrodinger/tmpdir/rustenburg/jag_SM23_micro020_SM23_micro035/lilac-0-5aecd2d9.nodes
/lila/data/chodera/schrodinger/tmpdir/rustenburg/jag_SM23_micro020_SM23_micro035/lilac-0-5aecd2d9
/lila/data/chodera/schrodinger/tmpdir/rustenburg/jag_SM23_micro020_SM23_micro035/lilac-0-5aecd2d9.recover
/lila/data/chodera/schrodinger/tmpdir/rustenburg/jag_SM23_micro020_SM23_micro035/jag_SM23_micro020_SM23_micro035.recover
/lila/data/chodera/schrodinger/tmpdir/rustenburg/jag_SM23_micro020_SM23_micro035/lilac-0-5aecd2d9.mpinodes
/lila/data/chodera/schrodinger/tmpdir/rustenburg/jag_SM23_micro020_SM23_micro035/SM23_micro020.in
/lila/data/chodera/schrodinger/tmpdir/rustenburg/jag_SM23_micro020_SM23_micro035/SM23_micro035.mae

=====================
 Jaguar pKa workflow
=====================

Analysing user-provided (prot, deprot) pair:
(SM23_micro020.in, SM23_micro035.in)
Found labile hydrogen 32 in SM23_micro020.in
Found labile hydrogen at atom 17 in SM23_micro035.in
Adding 'ipkat' keyword to input files.

Identifying pKa functional group for pair:
(SM23_micro020, SM23_micro035)

Executing subprocess:
/data/chodera/schrodinger/schrodinger2017-4-advanced/jaguar-v9.8/bin/Linux-x86_64/pka -i -j SM23_micro020.tmp.jres -n

Taking protonated structures from:
SM23_micro020.mae
Taking deprotonated structures from:
SM23_micro035.mae

This molecule from 'SM23_micro020.mae' in water was recognized as:

 # 	           Shell           
---	---------------------------
1: 	Protonation of generic atom


Executing conformational search...

Executing 2 distributed subjobs:
---------------------------------

No more than 8 cpu(s) will be used per subjob.
No more than 10 cpu(s) will be used simultaneously.

Processing the following subjobs:
(1) jaguar run csrch.py SM23_micro020.mae -jobname SM23_micro020 -max_conf 5 -erg_window 50.208 -acc_level 1 -TPP 5
(2) jaguar run csrch.py SM23_micro035.mae -jobname SM23_micro035 -max_conf 5 -erg_window 50.208 -acc_level 1 -TPP 5

Running subjobs on hosts:
  lsf-cpu (Max: 2)
Number of jobs:       2
Max retries per job:  3
Max allowed failures: unlimited
Run with -LOCAL:      False
Verbosity:            normal

Starting JobDJ...

Keep one job on driver host: False
JobDJ columns:
  C: Number of completed subjobs
  A: Number of active subjobs (e.g., submitted, running)
  W: Number of waiting/pending subjobs

C A W | Activity  JobId  JobName  JobHost
- - - | --------- -----------------------
0 1 1 | launched  lt01-0-5aeceadc SM23_micro020 lsf-cpu
0 2 0 | launched  lt01-0-5aeceae1 SM23_micro035 lsf-cpu
1 1 0 | finished  lt01-0-5aeceadc SM23_micro020 lsf-cpu [lt08]
2 0 0 | finished  lt01-0-5aeceae1 SM23_micro035 lsf-cpu [ls12]

All jobs have completed.

2 of 2 job(s) succeeded; 0 job(s) failed.

Timer (distribute subjobs) : 7029.77 secs (1 hrs, 57 mins, 09 secs)

Setting up QM workflow for (protonated, deprotonated) pair:
(1) (SM23_micro020, SM23_micro035)

Executing Jaguar quantum-mechanical subjobs...

Executing 10 distributed subjobs:
----------------------------------

No more than 8 cpu(s) will be used per subjob.
No more than 10 cpu(s) will be used simultaneously.

Processing the following subjobs:
(1) jaguar run pka_prot.bat -jobname SM23_micro020_conf_1 SM23_micro020_conf_1.in
(2) jaguar run pka_prot.bat -jobname SM23_micro020_conf_2 SM23_micro020_conf_2.in
(3) jaguar run pka_prot.bat -jobname SM23_micro020_conf_3 SM23_micro020_conf_3.in
(4) jaguar run pka_prot.bat -jobname SM23_micro020_conf_4 SM23_micro020_conf_4.in
(5) jaguar run pka_prot.bat -jobname SM23_micro020_conf_5 SM23_micro020_conf_5.in
(6) jaguar run pka_deprot.bat -jobname SM23_micro035_conf_1 SM23_micro035_conf_1.in
(7) jaguar run pka_deprot.bat -jobname SM23_micro035_conf_2 SM23_micro035_conf_2.in
(8) jaguar run pka_deprot.bat -jobname SM23_micro035_conf_3 SM23_micro035_conf_3.in
(9) jaguar run pka_deprot.bat -jobname SM23_micro035_conf_4 SM23_micro035_conf_4.in
(10) jaguar run pka_deprot.bat -jobname SM23_micro035_conf_5 SM23_micro035_conf_5.in

Running subjobs on hosts:
  lsf-cpu (Max: 10)
Number of jobs:       10
Max retries per job:  3
Max allowed failures: unlimited
Run with -LOCAL:      False
Verbosity:            normal

Starting JobDJ...

Keep one job on driver host: True
JobDJ columns:
  C: Number of completed subjobs
  A: Number of active subjobs (e.g., submitted, running)
  W: Number of waiting/pending subjobs

 C  A  W | Activity  JobId  JobName  JobHost
-- -- -- | --------- -----------------------
 0  1  9 | launched  lt01-0-5aed0657 SM23_micro020_conf_1 localhost [lt01]
 0  2  8 | launched  lt01-0-5aed065a SM23_micro020_conf_2 lsf-cpu
 0  3  7 | launched  lt01-0-5aed065e SM23_micro020_conf_3 lsf-cpu
 0  4  6 | launched  lt01-0-5aed0661 SM23_micro020_conf_4 lsf-cpu
 0  5  5 | launched  lt01-0-5aed0665 SM23_micro020_conf_5 lsf-cpu
 0  6  4 | launched  lt01-0-5aed0669 SM23_micro035_conf_1 lsf-cpu
 0  7  3 | launched  lt01-0-5aed066d SM23_micro035_conf_2 lsf-cpu
 0  8  2 | launched  lt01-0-5aed0672 SM23_micro035_conf_3 lsf-cpu
 0  9  1 | launched  lt01-0-5aed0676 SM23_micro035_conf_4 lsf-cpu
 0 10  0 | launched  lt01-0-5aed067a SM23_micro035_conf_5 lsf-cpu
