Command:    jaguar run pka.py -jobname jag_SM21_micro015_SM21_micro021 -PARALLEL 10 -WAIT -n -csrch -prot SM21_micro015.in -deprot SM21_micro021.in
Release:    2017-4
Exec:       /data/chodera/schrodinger/schrodinger2017-4-advanced/jaguar-v9.8/bin/Linux-x86_64
Host:       lt19
JobId:      lt19-0-5af456fa
JobDir:     /lila/data/chodera/schrodinger/tmpdir/rustenburg/jag_SM21_micro015_SM21_micro021
Date:       Thu May 10 10:28:12 2018

Contents of /lila/data/chodera/schrodinger/tmpdir/rustenburg/jag_SM21_micro015_SM21_micro021:
/lila/data/chodera/schrodinger/tmpdir/rustenburg/jag_SM21_micro015_SM21_micro021/SM21_micro021.mae
/lila/data/chodera/schrodinger/tmpdir/rustenburg/jag_SM21_micro015_SM21_micro021/SM21_micro021.in
/lila/data/chodera/schrodinger/tmpdir/rustenburg/jag_SM21_micro015_SM21_micro021/lt19-0-5af456fa.mpinodes
/lila/data/chodera/schrodinger/tmpdir/rustenburg/jag_SM21_micro015_SM21_micro021/jag_SM21_micro015_SM21_micro021.log
/lila/data/chodera/schrodinger/tmpdir/rustenburg/jag_SM21_micro015_SM21_micro021/lt19-0-5af456fa
/lila/data/chodera/schrodinger/tmpdir/rustenburg/jag_SM21_micro015_SM21_micro021/SM21_micro015.mae
/lila/data/chodera/schrodinger/tmpdir/rustenburg/jag_SM21_micro015_SM21_micro021/lt19-0-5af456fa.recover
/lila/data/chodera/schrodinger/tmpdir/rustenburg/jag_SM21_micro015_SM21_micro021/SM21_micro015.in
/lila/data/chodera/schrodinger/tmpdir/rustenburg/jag_SM21_micro015_SM21_micro021/jag_SM21_micro015_SM21_micro021.recover

=====================
 Jaguar pKa workflow
=====================

Analysing user-provided (prot, deprot) pair:
(SM21_micro015.in, SM21_micro021.in)
Found labile hydrogen 33 in SM21_micro015.in
Found labile hydrogen at atom 15 in SM21_micro021.in
Adding 'ipkat' keyword to input files.

Identifying pKa functional group for pair:
(SM21_micro015, SM21_micro021)

Executing subprocess:
/data/chodera/schrodinger/schrodinger2017-4-advanced/jaguar-v9.8/bin/Linux-x86_64/pka -i -j SM21_micro015.tmp.jres -n

Taking protonated structures from:
SM21_micro015.mae
Taking deprotonated structures from:
SM21_micro021.mae

This molecule from 'SM21_micro015.mae' in water was recognized as:

 # 	           Shell           
---	---------------------------
1: 	Protonation of generic atom


Executing conformational search...

Executing 2 distributed subjobs:
---------------------------------

No more than 8 cpu(s) will be used per subjob.
No more than 10 cpu(s) will be used simultaneously.

Processing the following subjobs:
(1) jaguar run csrch.py SM21_micro015.mae -jobname SM21_micro015 -max_conf 5 -erg_window 50.208 -acc_level 1 -TPP 5
(2) jaguar run csrch.py SM21_micro021.mae -jobname SM21_micro021 -max_conf 5 -erg_window 50.208 -acc_level 1 -TPP 5

Running subjobs on hosts:
  localhost (Max: 2)
Number of jobs:       2
Max retries per job:  3
Max allowed failures: unlimited
Run with -LOCAL:      False
Verbosity:            normal

Starting JobDJ...

Keep one job on driver host: False
JobDJ columns:
  C: Number of completed subjobs
  A: Number of active subjobs (e.g., submitted, running)
  W: Number of waiting/pending subjobs

C A W | Activity  JobId  JobName  JobHost
- - - | --------- -----------------------
0 1 1 | launched  lt19-2-5af45701 SM21_micro015 localhost [lt19]
0 2 0 | launched  lt19-1-5af45704 SM21_micro021 localhost [lt19]
1 1 0 | finished  lt19-1-5af45704 SM21_micro021 localhost [lt19]
2 0 0 | finished  lt19-2-5af45701 SM21_micro015 localhost [lt19]

All jobs have completed.

2 of 2 job(s) succeeded; 0 job(s) failed.

Timer (distribute subjobs) : 551.12 secs (0 hrs, 09 mins, 11 secs)

Setting up QM workflow for (protonated, deprotonated) pair:
(1) (SM21_micro015, SM21_micro021)

Executing Jaguar quantum-mechanical subjobs...

Executing 10 distributed subjobs:
----------------------------------

No more than 8 cpu(s) will be used per subjob.
No more than 10 cpu(s) will be used simultaneously.

Processing the following subjobs:
(1) jaguar run pka_prot.bat -jobname SM21_micro015_conf_1 SM21_micro015_conf_1.in
(2) jaguar run pka_prot.bat -jobname SM21_micro015_conf_2 SM21_micro015_conf_2.in
(3) jaguar run pka_prot.bat -jobname SM21_micro015_conf_3 SM21_micro015_conf_3.in
(4) jaguar run pka_prot.bat -jobname SM21_micro015_conf_4 SM21_micro015_conf_4.in
(5) jaguar run pka_prot.bat -jobname SM21_micro015_conf_5 SM21_micro015_conf_5.in
(6) jaguar run pka_deprot.bat -jobname SM21_micro021_conf_1 SM21_micro021_conf_1.in
(7) jaguar run pka_deprot.bat -jobname SM21_micro021_conf_2 SM21_micro021_conf_2.in
(8) jaguar run pka_deprot.bat -jobname SM21_micro021_conf_3 SM21_micro021_conf_3.in
(9) jaguar run pka_deprot.bat -jobname SM21_micro021_conf_4 SM21_micro021_conf_4.in
(10) jaguar run pka_deprot.bat -jobname SM21_micro021_conf_5 SM21_micro021_conf_5.in

Running subjobs on hosts:
  localhost (Max: 10)
Number of jobs:       10
Max retries per job:  3
Max allowed failures: unlimited
Run with -LOCAL:      False
Verbosity:            normal

Starting JobDJ...

Keep one job on driver host: False
JobDJ columns:
  C: Number of completed subjobs
  A: Number of active subjobs (e.g., submitted, running)
  W: Number of waiting/pending subjobs

 C  A  W | Activity  JobId  JobName  JobHost
-- -- -- | --------- -----------------------
 0  1  9 | launched  lt19-0-5af4592e SM21_micro015_conf_1 localhost [lt19]
 0  2  8 | launched  lt19-0-5af45931 SM21_micro015_conf_2 localhost [lt19]
 0  3  7 | launched  lt19-1-5af45933 SM21_micro015_conf_3 localhost [lt19]
 0  4  6 | launched  lt19-1-5af45935 SM21_micro015_conf_4 localhost [lt19]
 0  5  5 | launched  lt19-1-5af45937 SM21_micro015_conf_5 localhost [lt19]
 0  6  4 | launched  lt19-1-5af45939 SM21_micro021_conf_1 localhost [lt19]
 0  7  3 | launched  lt19-0-5af4593c SM21_micro021_conf_2 localhost [lt19]
 0  8  2 | launched  lt19-0-5af4593f SM21_micro021_conf_3 localhost [lt19]
 0  9  1 | launched  lt19-0-5af45942 SM21_micro021_conf_4 localhost [lt19]
 0 10  0 | launched  lt19-0-5af45945 SM21_micro021_conf_5 localhost [lt19]
 1  9  0 | finished  lt19-0-5af4593f SM21_micro021_conf_3 localhost [lt19]
 2  8  0 | finished  lt19-0-5af45942 SM21_micro021_conf_4 localhost [lt19]
 3  7  0 | finished  lt19-0-5af45945 SM21_micro021_conf_5 localhost [lt19]
 4  6  0 | finished  lt19-1-5af45939 SM21_micro021_conf_1 localhost [lt19]
 5  5  0 | finished  lt19-1-5af45933 SM21_micro015_conf_3 localhost [lt19]
 6  4  0 | finished  lt19-0-5af4592e SM21_micro015_conf_1 localhost [lt19]
 7  3  0 | finished  lt19-1-5af45937 SM21_micro015_conf_5 localhost [lt19]
 8  2  0 | finished  lt19-1-5af45935 SM21_micro015_conf_4 localhost [lt19]
 9  1  0 | finished  lt19-0-5af45931 SM21_micro015_conf_2 localhost [lt19]
10  0  0 | finished  lt19-0-5af4593c SM21_micro021_conf_2 localhost [lt19]

All jobs have completed.

10 of 10 job(s) succeeded; 0 job(s) failed.

Timer (distribute subjobs) : 14961.11 secs (4 hrs, 09 mins, 21 secs)

Processing QM output files...

Executing subprocess:
/data/chodera/schrodinger/schrodinger2017-4-advanced/jaguar results -energy SM21_micro015_conf_1.nrg_h.out

Executing subprocess:
/data/chodera/schrodinger/schrodinger2017-4-advanced/jaguar results -esolv SM21_micro015_conf_1.sol_h.out

Executing subprocess:
/data/chodera/schrodinger/schrodinger2017-4-advanced/jaguar results -energy SM21_micro015_conf_2.nrg_h.out

Executing subprocess:
/data/chodera/schrodinger/schrodinger2017-4-advanced/jaguar results -esolv SM21_micro015_conf_2.sol_h.out

Executing subprocess:
/data/chodera/schrodinger/schrodinger2017-4-advanced/jaguar results -energy SM21_micro015_conf_3.nrg_h.out

Executing subprocess:
/data/chodera/schrodinger/schrodinger2017-4-advanced/jaguar results -esolv SM21_micro015_conf_3.sol_h.out

Executing subprocess:
/data/chodera/schrodinger/schrodinger2017-4-advanced/jaguar results -energy SM21_micro015_conf_4.nrg_h.out

Executing subprocess:
/data/chodera/schrodinger/schrodinger2017-4-advanced/jaguar results -esolv SM21_micro015_conf_4.sol_h.out

Executing subprocess:
/data/chodera/schrodinger/schrodinger2017-4-advanced/jaguar results -energy SM21_micro015_conf_5.nrg_h.out

Executing subprocess:
/data/chodera/schrodinger/schrodinger2017-4-advanced/jaguar results -esolv SM21_micro015_conf_5.sol_h.out

Executing subprocess:
/data/chodera/schrodinger/schrodinger2017-4-advanced/jaguar results -energy SM21_micro021_conf_1.nrg.out

Executing subprocess:
/data/chodera/schrodinger/schrodinger2017-4-advanced/jaguar results -esolv SM21_micro021_conf_1.sol.out

Executing subprocess:
/data/chodera/schrodinger/schrodinger2017-4-advanced/jaguar results -energy SM21_micro021_conf_2.nrg.out

Executing subprocess:
/data/chodera/schrodinger/schrodinger2017-4-advanced/jaguar results -esolv SM21_micro021_conf_2.sol.out

Executing subprocess:
/data/chodera/schrodinger/schrodinger2017-4-advanced/jaguar results -energy SM21_micro021_conf_3.nrg.out

Executing subprocess:
/data/chodera/schrodinger/schrodinger2017-4-advanced/jaguar results -esolv SM21_micro021_conf_3.sol.out

Executing subprocess:
/data/chodera/schrodinger/schrodinger2017-4-advanced/jaguar results -energy SM21_micro021_conf_4.nrg.out

Executing subprocess:
/data/chodera/schrodinger/schrodinger2017-4-advanced/jaguar results -esolv SM21_micro021_conf_4.sol.out

Executing subprocess:
/data/chodera/schrodinger/schrodinger2017-4-advanced/jaguar results -energy SM21_micro021_conf_5.nrg.out

Executing subprocess:
/data/chodera/schrodinger/schrodinger2017-4-advanced/jaguar results -esolv SM21_micro021_conf_5.sol.out

Executing subprocess:
/data/chodera/schrodinger/schrodinger2017-4-advanced/jaguar-v9.8/bin/Linux-x86_64/pka -o SM21_micro015_deprot-out.mae -j SM21_micro015.jres -n -d

Executing subprocess:
/data/chodera/schrodinger/schrodinger2017-4-advanced/jaguar-v9.8/bin/Linux-x86_64/pka -o SM21_micro015_prot-out.mae -j SM21_micro015.jres -n

pKa calculation for SM21_micro015 completed.

pKa workflow jag_SM21_micro015_SM21_micro021 completed.

Timer (Jaguar pKa) : 15572.02 secs (4 hrs, 19 mins, 32 secs)
Timer (jaguar_backend.py) : 15572.02 secs (4 hrs, 19 mins, 32 secs)
Finished:   Thu May 10 14:47:44 2018
