Command:    jaguar run pka.py -jobname jag_SM18_micro063_SM18_micro068 -PARALLEL 10 -n -csrch -prot SM18_micro063.in -deprot SM18_micro068.in
Release:    2017-4
Exec:       /data/chodera/schrodinger/schrodinger2017-4-advanced/jaguar-v9.8/bin/Linux-x86_64
Host:       ls18
JobId:      lilac-0-5aecb0d2
JobDir:     /lila/data/chodera/schrodinger/tmpdir/rustenburg/jag_SM18_micro063_SM18_micro068
Date:       Fri May  4 15:32:54 2018

Contents of /lila/data/chodera/schrodinger/tmpdir/rustenburg/jag_SM18_micro063_SM18_micro068:
/lila/data/chodera/schrodinger/tmpdir/rustenburg/jag_SM18_micro063_SM18_micro068/lilac-0-5aecb0d2.nodes
/lila/data/chodera/schrodinger/tmpdir/rustenburg/jag_SM18_micro063_SM18_micro068/SM18_micro063.in
/lila/data/chodera/schrodinger/tmpdir/rustenburg/jag_SM18_micro063_SM18_micro068/jag_SM18_micro063_SM18_micro068.recover
/lila/data/chodera/schrodinger/tmpdir/rustenburg/jag_SM18_micro063_SM18_micro068/lilac-0-5aecb0d2.mpinodes
/lila/data/chodera/schrodinger/tmpdir/rustenburg/jag_SM18_micro063_SM18_micro068/SM18_micro068.mae
/lila/data/chodera/schrodinger/tmpdir/rustenburg/jag_SM18_micro063_SM18_micro068/lilac-0-5aecb0d2.hosts
/lila/data/chodera/schrodinger/tmpdir/rustenburg/jag_SM18_micro063_SM18_micro068/lilac-0-5aecb0d2
/lila/data/chodera/schrodinger/tmpdir/rustenburg/jag_SM18_micro063_SM18_micro068/jag_SM18_micro063_SM18_micro068.log
/lila/data/chodera/schrodinger/tmpdir/rustenburg/jag_SM18_micro063_SM18_micro068/SM18_micro063.mae
/lila/data/chodera/schrodinger/tmpdir/rustenburg/jag_SM18_micro063_SM18_micro068/lilac-0-5aecb0d2.recover
/lila/data/chodera/schrodinger/tmpdir/rustenburg/jag_SM18_micro063_SM18_micro068/SM18_micro068.in
/lila/data/chodera/schrodinger/tmpdir/rustenburg/jag_SM18_micro063_SM18_micro068/lilac-0-5aecb0d2.jlog

=====================
 Jaguar pKa workflow
=====================

Analysing user-provided (prot, deprot) pair:
(SM18_micro063.in, SM18_micro068.in)
Found labile hydrogen 40 in SM18_micro063.in
Found labile hydrogen at atom 13 in SM18_micro068.in
Adding 'ipkat' keyword to input files.

Identifying pKa functional group for pair:
(SM18_micro063, SM18_micro068)

Executing subprocess:
/data/chodera/schrodinger/schrodinger2017-4-advanced/jaguar-v9.8/bin/Linux-x86_64/pka -i -j SM18_micro063.tmp.jres -n

Taking protonated structures from:
SM18_micro063.mae
Taking deprotonated structures from:
SM18_micro068.mae

This molecule from 'SM18_micro063.mae' in water was recognized as:

 # 	                 Shell                  
---	----------------------------------------
1: 	mono keto CH acid                       
2: 	Protonation of generic atom             
3: 	aliphatic CH acid in water              
4: 	Protonation of sp2-like aliphatic carbon


Executing conformational search...

Executing 2 distributed subjobs:
---------------------------------

No more than 8 cpu(s) will be used per subjob.
No more than 10 cpu(s) will be used simultaneously.

Processing the following subjobs:
(1) jaguar run csrch.py SM18_micro063.mae -jobname SM18_micro063 -max_conf 5 -erg_window 50.208 -acc_level 1 -TPP 5
(2) jaguar run csrch.py SM18_micro068.mae -jobname SM18_micro068 -max_conf 5 -erg_window 50.208 -acc_level 1 -TPP 5

Running subjobs on hosts:
  lsf-cpu (Max: 2)
Number of jobs:       2
Max retries per job:  3
Max allowed failures: unlimited
Run with -LOCAL:      False
Verbosity:            normal

Starting JobDJ...

Keep one job on driver host: False
JobDJ columns:
  C: Number of completed subjobs
  A: Number of active subjobs (e.g., submitted, running)
  W: Number of waiting/pending subjobs

C A W | Activity  JobId  JobName  JobHost
- - - | --------- -----------------------
0 1 1 | launched  ls18-0-5aecb56c SM18_micro063 lsf-cpu
0 2 0 | launched  ls18-0-5aecb56f SM18_micro068 lsf-cpu
1 1 0 | finished  ls18-0-5aecb56f SM18_micro068 lsf-cpu [ls12]
2 0 0 | finished  ls18-0-5aecb56c SM18_micro063 lsf-cpu [ls12]

All jobs have completed.

2 of 2 job(s) succeeded; 0 job(s) failed.

Timer (distribute subjobs) : 5790.55 secs (1 hrs, 36 mins, 30 secs)

Setting up QM workflow for (protonated, deprotonated) pair:
(1) (SM18_micro063, SM18_micro068)

Executing Jaguar quantum-mechanical subjobs...

Executing 10 distributed subjobs:
----------------------------------

No more than 8 cpu(s) will be used per subjob.
No more than 10 cpu(s) will be used simultaneously.

Processing the following subjobs:
(1) jaguar run pka_prot.bat -jobname SM18_micro063_conf_1 SM18_micro063_conf_1.in
(2) jaguar run pka_prot.bat -jobname SM18_micro063_conf_2 SM18_micro063_conf_2.in
(3) jaguar run pka_prot.bat -jobname SM18_micro063_conf_3 SM18_micro063_conf_3.in
(4) jaguar run pka_prot.bat -jobname SM18_micro063_conf_4 SM18_micro063_conf_4.in
(5) jaguar run pka_prot.bat -jobname SM18_micro063_conf_5 SM18_micro063_conf_5.in
(6) jaguar run pka_deprot.bat -jobname SM18_micro068_conf_1 SM18_micro068_conf_1.in
(7) jaguar run pka_deprot.bat -jobname SM18_micro068_conf_2 SM18_micro068_conf_2.in
(8) jaguar run pka_deprot.bat -jobname SM18_micro068_conf_3 SM18_micro068_conf_3.in
(9) jaguar run pka_deprot.bat -jobname SM18_micro068_conf_4 SM18_micro068_conf_4.in
(10) jaguar run pka_deprot.bat -jobname SM18_micro068_conf_5 SM18_micro068_conf_5.in

Running subjobs on hosts:
  lsf-cpu (Max: 10)
Number of jobs:       10
Max retries per job:  3
Max allowed failures: unlimited
Run with -LOCAL:      False
Verbosity:            normal

Starting JobDJ...

Keep one job on driver host: True
JobDJ columns:
  C: Number of completed subjobs
  A: Number of active subjobs (e.g., submitted, running)
  W: Number of waiting/pending subjobs

 C  A  W | Activity  JobId  JobName  JobHost
-- -- -- | --------- -----------------------
 0  1  9 | launched  ls18-0-5aeccc0d SM18_micro063_conf_1 localhost [ls18]
 0  2  8 | launched  ls18-0-5aeccc12 SM18_micro063_conf_2 lsf-cpu
 0  3  7 | launched  ls18-0-5aeccc17 SM18_micro063_conf_3 lsf-cpu
 0  4  6 | launched  ls18-0-5aeccc1c SM18_micro063_conf_4 lsf-cpu
 0  5  5 | launched  ls18-0-5aeccc21 SM18_micro063_conf_5 lsf-cpu
 0  6  4 | launched  ls18-0-5aeccc26 SM18_micro068_conf_1 lsf-cpu
 0  7  3 | launched  ls18-0-5aeccc2b SM18_micro068_conf_2 lsf-cpu
 0  8  2 | launched  ls18-0-5aeccc31 SM18_micro068_conf_3 lsf-cpu
 0  9  1 | launched  ls18-0-5aeccc36 SM18_micro068_conf_4 lsf-cpu
 0 10  0 | launched  ls18-0-5aeccc3c SM18_micro068_conf_5 lsf-cpu
 1  9  0 | finished  ls18-0-5aeccc0d SM18_micro063_conf_1 localhost [ls18]
 2  8  0 | finished  ls18-0-5aeccc21 SM18_micro063_conf_5 lsf-cpu [ls11]
 3  7  0 | finished  ls18-0-5aeccc26 SM18_micro068_conf_1 lsf-cpu [ls18]
 4  6  0 | finished  ls18-0-5aeccc17 SM18_micro063_conf_3 lsf-cpu [ls11]
 5  5  0 | finished  ls18-0-5aeccc2b SM18_micro068_conf_2 lsf-cpu [lt16]
 6  4  0 | finished  ls18-0-5aeccc1c SM18_micro063_conf_4 lsf-cpu [ls11]
