Taking protonated structures from:
SM18_micro025_conf_1.dft_h.01.mae
SM18_micro025_conf_2.dft_h.01.mae
SM18_micro025_conf_3.dft_h.01.mae
SM18_micro025_conf_4.dft_h.01.mae
SM18_micro025_conf_5.dft_h.01.mae
Taking deprotonated structures from:
SM18_micro048_conf_1.dft.01.mae
SM18_micro048_conf_2.dft.01.mae
SM18_micro048_conf_3.dft.01.mae
SM18_micro048_conf_4.dft.01.mae
SM18_micro048_conf_5.dft.01.mae

Corrected results for 'protonated' structure in water:
pKa atom: 39

 # 	                 Shell                  	 pKa 	RMSD	 Contribution
---	----------------------------------------	-----	-----	--------------
1: 	mono keto CH acid                       	16.27	0.641	     1.69%
2: 	Protonation of generic atom             	13.31	2.264	    80.86%
3: 	aliphatic CH acid in water              	11.67	2.584	     8.70%
4: 	Protonation of sp2-like aliphatic carbon	11.85	2.605	     8.74%

 Final weighted pKa value is 13.09



