Taking protonated structures from:
SM23_micro041_conf_1.dft_h.01.mae
SM23_micro041_conf_2.dft_h.01.mae
SM23_micro041_conf_3.dft_h.01.mae
SM23_micro041_conf_4.dft_h.01.mae
SM23_micro041_conf_5.dft_h.01.mae
Taking deprotonated structures from:
SM23_micro025_conf_1.dft.01.mae
SM23_micro025_conf_2.dft.01.mae
SM23_micro025_conf_3.dft.01.mae
SM23_micro025_conf_4.dft.01.mae
SM23_micro025_conf_5.dft.01.mae

Corrected results for 'protonated' structure in water:
pKa atom: 32

 # 	                  Shell                   	 pKa 	RMSD	 Contribution
---	------------------------------------------	-----	-----	--------------
1: 	secondary aniline                         	-12.61	0.275	    94.72%
2: 	Protonation of sp3-like aliphatic nitrogen	-10.99	1.715	     4.95%
3: 	Protonation of generic atom               	-10.63	2.264	     0.34%

 Final weighted pKa value is -12.53



