Command:    jaguar run pka.py -jobname jag_SM24_micro020_SM24_micro001 -PARALLEL 10 -WAIT -n -csrch -prot SM24_micro020.in -deprot SM24_micro001.in
Release:    2017-4
Exec:       /data/chodera/schrodinger/schrodinger2017-4-advanced/jaguar-v9.8/bin/Linux-x86_64
Host:       ls10
JobId:      ls10-0-5af472c0
JobDir:     /lila/data/chodera/schrodinger/tmpdir/rustenburg/jag_SM24_micro020_SM24_micro001
Date:       Thu May 10 12:26:57 2018

Contents of /lila/data/chodera/schrodinger/tmpdir/rustenburg/jag_SM24_micro020_SM24_micro001:
/lila/data/chodera/schrodinger/tmpdir/rustenburg/jag_SM24_micro020_SM24_micro001/ls10-0-5af472c0
/lila/data/chodera/schrodinger/tmpdir/rustenburg/jag_SM24_micro020_SM24_micro001/ls10-0-5af472c0.mpinodes
/lila/data/chodera/schrodinger/tmpdir/rustenburg/jag_SM24_micro020_SM24_micro001/SM24_micro020.in
/lila/data/chodera/schrodinger/tmpdir/rustenburg/jag_SM24_micro020_SM24_micro001/jag_SM24_micro020_SM24_micro001.recover
/lila/data/chodera/schrodinger/tmpdir/rustenburg/jag_SM24_micro020_SM24_micro001/SM24_micro001.mae
/lila/data/chodera/schrodinger/tmpdir/rustenburg/jag_SM24_micro020_SM24_micro001/ls10-0-5af472c0.recover
/lila/data/chodera/schrodinger/tmpdir/rustenburg/jag_SM24_micro020_SM24_micro001/SM24_micro001.in
/lila/data/chodera/schrodinger/tmpdir/rustenburg/jag_SM24_micro020_SM24_micro001/SM24_micro020.mae
/lila/data/chodera/schrodinger/tmpdir/rustenburg/jag_SM24_micro020_SM24_micro001/jag_SM24_micro020_SM24_micro001.log

=====================
 Jaguar pKa workflow
=====================

Analysing user-provided (prot, deprot) pair:
(SM24_micro020.in, SM24_micro001.in)
Found labile hydrogen 47 in SM24_micro020.in
Found labile hydrogen at atom 26 in SM24_micro001.in
Adding 'ipkat' keyword to input files.

Identifying pKa functional group for pair:
(SM24_micro020, SM24_micro001)

Executing subprocess:
/data/chodera/schrodinger/schrodinger2017-4-advanced/jaguar-v9.8/bin/Linux-x86_64/pka -i -j SM24_micro020.tmp.jres -n

Taking protonated structures from:
SM24_micro020.mae
Taking deprotonated structures from:
SM24_micro001.mae

This molecule from 'SM24_micro020.mae' in water was recognized as:

 # 	                  Shell                   
---	------------------------------------------
1: 	RN=Het                                    
2: 	Protonation of sp2-like aliphatic nitrogen
3: 	Protonation of generic atom               


Executing conformational search...

Executing 2 distributed subjobs:
---------------------------------

No more than 8 cpu(s) will be used per subjob.
No more than 10 cpu(s) will be used simultaneously.

Processing the following subjobs:
(1) jaguar run csrch.py SM24_micro020.mae -jobname SM24_micro020 -max_conf 5 -erg_window 50.208 -acc_level 1 -TPP 5
(2) jaguar run csrch.py SM24_micro001.mae -jobname SM24_micro001 -max_conf 5 -erg_window 50.208 -acc_level 1 -TPP 5

Running subjobs on hosts:
  localhost (Max: 2)
Number of jobs:       2
Max retries per job:  3
Max allowed failures: unlimited
Run with -LOCAL:      False
Verbosity:            normal

Starting JobDJ...

Keep one job on driver host: False
JobDJ columns:
  C: Number of completed subjobs
  A: Number of active subjobs (e.g., submitted, running)
  W: Number of waiting/pending subjobs

C A W | Activity  JobId  JobName  JobHost
- - - | --------- -----------------------
0 1 1 | launched  ls10-1-5af472ff SM24_micro020 localhost [ls10]
0 2 0 | launched  ls10-1-5af47339 SM24_micro001 localhost [ls10]
