Command:    jaguar run pka.py -jobname jag_SM10_micro032_SM10_micro036 -PARALLEL 10 -n -csrch -prot SM10_micro032.in -deprot SM10_micro036.in
Release:    2017-4
Exec:       /data/chodera/schrodinger/schrodinger2017-4-advanced/jaguar-v9.8/bin/Linux-x86_64
Host:       lt21
JobId:      lilac-0-5aec8261
JobDir:     /lila/data/chodera/schrodinger/tmpdir/rustenburg/jag_SM10_micro032_SM10_micro036
Date:       Fri May  4 12:10:28 2018

Contents of /lila/data/chodera/schrodinger/tmpdir/rustenburg/jag_SM10_micro032_SM10_micro036:
/lila/data/chodera/schrodinger/tmpdir/rustenburg/jag_SM10_micro032_SM10_micro036/SM10_micro032.in
/lila/data/chodera/schrodinger/tmpdir/rustenburg/jag_SM10_micro032_SM10_micro036/lilac-0-5aec8261.jlog
/lila/data/chodera/schrodinger/tmpdir/rustenburg/jag_SM10_micro032_SM10_micro036/jag_SM10_micro032_SM10_micro036.recover
/lila/data/chodera/schrodinger/tmpdir/rustenburg/jag_SM10_micro032_SM10_micro036/SM10_micro036.in
/lila/data/chodera/schrodinger/tmpdir/rustenburg/jag_SM10_micro032_SM10_micro036/lilac-0-5aec8261.recover
/lila/data/chodera/schrodinger/tmpdir/rustenburg/jag_SM10_micro032_SM10_micro036/lilac-0-5aec8261
/lila/data/chodera/schrodinger/tmpdir/rustenburg/jag_SM10_micro032_SM10_micro036/lilac-0-5aec8261.hosts
/lila/data/chodera/schrodinger/tmpdir/rustenburg/jag_SM10_micro032_SM10_micro036/SM10_micro032.mae
/lila/data/chodera/schrodinger/tmpdir/rustenburg/jag_SM10_micro032_SM10_micro036/jag_SM10_micro032_SM10_micro036.log
/lila/data/chodera/schrodinger/tmpdir/rustenburg/jag_SM10_micro032_SM10_micro036/SM10_micro036.mae
/lila/data/chodera/schrodinger/tmpdir/rustenburg/jag_SM10_micro032_SM10_micro036/lilac-0-5aec8261.mpinodes
/lila/data/chodera/schrodinger/tmpdir/rustenburg/jag_SM10_micro032_SM10_micro036/lilac-0-5aec8261.nodes

=====================
 Jaguar pKa workflow
=====================

Analysing user-provided (prot, deprot) pair:
(SM10_micro032.in, SM10_micro036.in)
Found labile hydrogen 32 in SM10_micro032.in
Found labile hydrogen at atom 12 in SM10_micro036.in
Adding 'ipkat' keyword to input files.

Identifying pKa functional group for pair:
(SM10_micro032, SM10_micro036)

Executing subprocess:
/data/chodera/schrodinger/schrodinger2017-4-advanced/jaguar-v9.8/bin/Linux-x86_64/pka -i -j SM10_micro032.tmp.jres -n

Taking protonated structures from:
SM10_micro032.mae
Taking deprotonated structures from:
SM10_micro036.mae

This molecule from 'SM10_micro032.mae' in water was recognized as:

 # 	            Shell             
---	------------------------------
1: 	amide as base                 
2: 	Protonation of generic atom   
3: 	Protonation of sp2-like oxygen


Executing conformational search...

Executing 2 distributed subjobs:
---------------------------------

No more than 8 cpu(s) will be used per subjob.
No more than 10 cpu(s) will be used simultaneously.

Processing the following subjobs:
(1) jaguar run csrch.py SM10_micro032.mae -jobname SM10_micro032 -max_conf 5 -erg_window 50.208 -acc_level 1 -TPP 5
(2) jaguar run csrch.py SM10_micro036.mae -jobname SM10_micro036 -max_conf 5 -erg_window 50.208 -acc_level 1 -TPP 5

Running subjobs on hosts:
  lsf-cpu (Max: 2)
Number of jobs:       2
Max retries per job:  3
Max allowed failures: unlimited
Run with -LOCAL:      False
Verbosity:            normal

Starting JobDJ...

Keep one job on driver host: False
JobDJ columns:
  C: Number of completed subjobs
  A: Number of active subjobs (e.g., submitted, running)
  W: Number of waiting/pending subjobs

C A W | Activity  JobId  JobName  JobHost
- - - | --------- -----------------------
0 1 1 | launched  lt21-0-5aec85f9 SM10_micro032 lsf-cpu
0 2 0 | launched  lt21-0-5aec85fb SM10_micro036 lsf-cpu
1 1 0 | finished  lt21-0-5aec85fb SM10_micro036 lsf-cpu [ls14]
2 0 0 | finished  lt21-0-5aec85f9 SM10_micro032 lsf-cpu [lt01]

All jobs have completed.

2 of 2 job(s) succeeded; 0 job(s) failed.

Timer (distribute subjobs) : 1732.43 secs (0 hrs, 28 mins, 52 secs)

Setting up QM workflow for (protonated, deprotonated) pair:
(1) (SM10_micro032, SM10_micro036)

Executing Jaguar quantum-mechanical subjobs...

Executing 10 distributed subjobs:
----------------------------------

No more than 8 cpu(s) will be used per subjob.
No more than 10 cpu(s) will be used simultaneously.

Processing the following subjobs:
(1) jaguar run pka_prot.bat -jobname SM10_micro032_conf_1 SM10_micro032_conf_1.in
(2) jaguar run pka_prot.bat -jobname SM10_micro032_conf_2 SM10_micro032_conf_2.in
(3) jaguar run pka_prot.bat -jobname SM10_micro032_conf_3 SM10_micro032_conf_3.in
(4) jaguar run pka_prot.bat -jobname SM10_micro032_conf_4 SM10_micro032_conf_4.in
(5) jaguar run pka_prot.bat -jobname SM10_micro032_conf_5 SM10_micro032_conf_5.in
(6) jaguar run pka_deprot.bat -jobname SM10_micro036_conf_1 SM10_micro036_conf_1.in
(7) jaguar run pka_deprot.bat -jobname SM10_micro036_conf_2 SM10_micro036_conf_2.in
(8) jaguar run pka_deprot.bat -jobname SM10_micro036_conf_3 SM10_micro036_conf_3.in
(9) jaguar run pka_deprot.bat -jobname SM10_micro036_conf_4 SM10_micro036_conf_4.in
(10) jaguar run pka_deprot.bat -jobname SM10_micro036_conf_5 SM10_micro036_conf_5.in

Running subjobs on hosts:
  lsf-cpu (Max: 10)
Number of jobs:       10
Max retries per job:  3
Max allowed failures: unlimited
Run with -LOCAL:      False
Verbosity:            normal

Starting JobDJ...

Keep one job on driver host: True
JobDJ columns:
  C: Number of completed subjobs
  A: Number of active subjobs (e.g., submitted, running)
  W: Number of waiting/pending subjobs

 C  A  W | Activity  JobId  JobName  JobHost
-- -- -- | --------- -----------------------
 0  1  9 | launched  lt21-0-5aec8cbf SM10_micro032_conf_1 localhost [lt21]
 0  2  8 | launched  lt21-0-5aec8cc4 SM10_micro032_conf_2 lsf-cpu
 0  3  7 | launched  lt21-0-5aec8cc9 SM10_micro032_conf_3 lsf-cpu
 0  4  6 | launched  lt21-0-5aec8ccf SM10_micro032_conf_4 lsf-cpu
 0  5  5 | launched  lt21-0-5aec8cd2 SM10_micro032_conf_5 lsf-cpu
 0  6  4 | launched  lt21-0-5aec8cd6 SM10_micro036_conf_1 lsf-cpu
 0  7  3 | launched  lt21-0-5aec8cdc SM10_micro036_conf_2 lsf-cpu
 0  8  2 | launched  lt21-0-5aec8cdf SM10_micro036_conf_3 lsf-cpu
 0  9  1 | launched  lt21-0-5aec8ce3 SM10_micro036_conf_4 lsf-cpu
 0 10  0 | launched  lt21-0-5aec8ce7 SM10_micro036_conf_5 lsf-cpu
 1  9  0 | finished  lt21-0-5aec8cbf SM10_micro032_conf_1 localhost [lt21]
 1  9  0 | launched  lt21-0-5aec930e SM10_micro036_conf_5 localhost [lt21]
 2  8  0 | finished  lt21-0-5aec930e SM10_micro036_conf_5 localhost [lt21]
 3  7  0 | finished  lt21-0-5aec8cd6 SM10_micro036_conf_1 lsf-cpu [ls04]
 4  6  0 | finished  lt21-0-5aec8cdf SM10_micro036_conf_3 lsf-cpu [lt05]
 5  5  0 | finished  lt21-0-5aec8cc4 SM10_micro032_conf_2 lsf-cpu [ls15]
 6  4  0 | finished  lt21-0-5aec8ce3 SM10_micro036_conf_4 lsf-cpu [ls16]
 7  3  0 | finished  lt21-0-5aec8cdc SM10_micro036_conf_2 lsf-cpu [lt17]
 8  2  0 | finished  lt21-0-5aec8cd2 SM10_micro032_conf_5 lsf-cpu [ls04]
 9  1  0 | finished  lt21-0-5aec8cc9 SM10_micro032_conf_3 lsf-cpu [ls15]
10  0  0 | finished  lt21-0-5aec8ccf SM10_micro032_conf_4 lsf-cpu [ls15]

All jobs have completed.

10 of 10 job(s) succeeded; 0 job(s) failed.

Timer (distribute subjobs) : 7486.04 secs (2 hrs, 04 mins, 46 secs)

Processing QM output files...

Executing subprocess:
/data/chodera/schrodinger/schrodinger2017-4-advanced/jaguar results -energy SM10_micro032_conf_1.nrg_h.out

Executing subprocess:
/data/chodera/schrodinger/schrodinger2017-4-advanced/jaguar results -esolv SM10_micro032_conf_1.sol_h.out

Executing subprocess:
/data/chodera/schrodinger/schrodinger2017-4-advanced/jaguar results -energy SM10_micro032_conf_2.nrg_h.out

Executing subprocess:
/data/chodera/schrodinger/schrodinger2017-4-advanced/jaguar results -esolv SM10_micro032_conf_2.sol_h.out

Executing subprocess:
/data/chodera/schrodinger/schrodinger2017-4-advanced/jaguar results -energy SM10_micro032_conf_3.nrg_h.out

Executing subprocess:
/data/chodera/schrodinger/schrodinger2017-4-advanced/jaguar results -esolv SM10_micro032_conf_3.sol_h.out

Executing subprocess:
/data/chodera/schrodinger/schrodinger2017-4-advanced/jaguar results -energy SM10_micro032_conf_4.nrg_h.out

Executing subprocess:
/data/chodera/schrodinger/schrodinger2017-4-advanced/jaguar results -esolv SM10_micro032_conf_4.sol_h.out

Executing subprocess:
/data/chodera/schrodinger/schrodinger2017-4-advanced/jaguar results -energy SM10_micro032_conf_5.nrg_h.out

Executing subprocess:
/data/chodera/schrodinger/schrodinger2017-4-advanced/jaguar results -esolv SM10_micro032_conf_5.sol_h.out

Executing subprocess:
/data/chodera/schrodinger/schrodinger2017-4-advanced/jaguar results -energy SM10_micro036_conf_1.nrg.out

Executing subprocess:
/data/chodera/schrodinger/schrodinger2017-4-advanced/jaguar results -esolv SM10_micro036_conf_1.sol.out

Executing subprocess:
/data/chodera/schrodinger/schrodinger2017-4-advanced/jaguar results -energy SM10_micro036_conf_2.nrg.out

Executing subprocess:
/data/chodera/schrodinger/schrodinger2017-4-advanced/jaguar results -esolv SM10_micro036_conf_2.sol.out

Executing subprocess:
/data/chodera/schrodinger/schrodinger2017-4-advanced/jaguar results -energy SM10_micro036_conf_3.nrg.out

Executing subprocess:
/data/chodera/schrodinger/schrodinger2017-4-advanced/jaguar results -esolv SM10_micro036_conf_3.sol.out

Executing subprocess:
/data/chodera/schrodinger/schrodinger2017-4-advanced/jaguar results -energy SM10_micro036_conf_4.nrg.out

Executing subprocess:
/data/chodera/schrodinger/schrodinger2017-4-advanced/jaguar results -esolv SM10_micro036_conf_4.sol.out

Executing subprocess:
/data/chodera/schrodinger/schrodinger2017-4-advanced/jaguar results -energy SM10_micro036_conf_5.nrg.out

Executing subprocess:
/data/chodera/schrodinger/schrodinger2017-4-advanced/jaguar results -esolv SM10_micro036_conf_5.sol.out

Executing subprocess:
/data/chodera/schrodinger/schrodinger2017-4-advanced/jaguar-v9.8/bin/Linux-x86_64/pka -o SM10_micro032_deprot-out.mae -j SM10_micro032.jres -n -d

Executing subprocess:
/data/chodera/schrodinger/schrodinger2017-4-advanced/jaguar-v9.8/bin/Linux-x86_64/pka -o SM10_micro032_prot-out.mae -j SM10_micro032.jres -n

pKa calculation for SM10_micro032 completed.

pKa workflow jag_SM10_micro032_SM10_micro036 completed.

Timer (Jaguar pKa) : 9294.85 secs (2 hrs, 34 mins, 54 secs)
Timer (jaguar_backend.py) : 9294.85 secs (2 hrs, 34 mins, 54 secs)
Finished:   Fri May  4 14:45:23 2018
