Taking protonated structures from:
SM18_micro029_conf_1.dft_h.01.mae
SM18_micro029_conf_2.dft_h.01.mae
SM18_micro029_conf_3.dft_h.01.mae
SM18_micro029_conf_4.dft_h.01.mae
SM18_micro029_conf_5.dft_h.01.mae
Taking deprotonated structures from:
SM18_micro001_conf_1.dft.01.mae
SM18_micro001_conf_2.dft.01.mae
SM18_micro001_conf_3.dft.01.mae
SM18_micro001_conf_4.dft.01.mae
SM18_micro001_conf_5.dft.01.mae

Corrected results for 'protonated' structure in water:
pKa atom: 32

 # 	           Shell           	 pKa 	RMSD	 Contribution
---	---------------------------	-----	-----	--------------
1: 	4-pyrimidone as base       	 1.40	0.363	    46.00%
2: 	heterocycle custom 1       	 1.30	0.617	     8.98%
3: 	heterocycle                	 1.62	0.837	    43.16%
4: 	Protonation of generic atom	 2.66	2.264	     1.86%

 Final weighted pKa value is 1.51



