Command:    jaguar run pka.py -jobname jag_SM03_micro022_SM03_micro013 -PARALLEL 10 -n -csrch -prot SM03_micro022.in -deprot SM03_micro013.in
Release:    2017-4
Exec:       /data/chodera/schrodinger/schrodinger2017-4-advanced/jaguar-v9.8/bin/Linux-x86_64
Host:       lt12
JobId:      lilac-0-5aec6861
JobDir:     /lila/data/chodera/schrodinger/tmpdir/rustenburg/jag_SM03_micro022_SM03_micro013
Date:       Fri May  4 10:04:26 2018

Contents of /lila/data/chodera/schrodinger/tmpdir/rustenburg/jag_SM03_micro022_SM03_micro013:
/lila/data/chodera/schrodinger/tmpdir/rustenburg/jag_SM03_micro022_SM03_micro013/lilac-0-5aec6861.mpinodes
/lila/data/chodera/schrodinger/tmpdir/rustenburg/jag_SM03_micro022_SM03_micro013/SM03_micro022.mae
/lila/data/chodera/schrodinger/tmpdir/rustenburg/jag_SM03_micro022_SM03_micro013/lilac-0-5aec6861.nodes
/lila/data/chodera/schrodinger/tmpdir/rustenburg/jag_SM03_micro022_SM03_micro013/SM03_micro013.mae
/lila/data/chodera/schrodinger/tmpdir/rustenburg/jag_SM03_micro022_SM03_micro013/SM03_micro022.in
/lila/data/chodera/schrodinger/tmpdir/rustenburg/jag_SM03_micro022_SM03_micro013/jag_SM03_micro022_SM03_micro013.recover
/lila/data/chodera/schrodinger/tmpdir/rustenburg/jag_SM03_micro022_SM03_micro013/lilac-0-5aec6861.hosts
/lila/data/chodera/schrodinger/tmpdir/rustenburg/jag_SM03_micro022_SM03_micro013/lilac-0-5aec6861.jlog
/lila/data/chodera/schrodinger/tmpdir/rustenburg/jag_SM03_micro022_SM03_micro013/lilac-0-5aec6861
/lila/data/chodera/schrodinger/tmpdir/rustenburg/jag_SM03_micro022_SM03_micro013/jag_SM03_micro022_SM03_micro013.log
/lila/data/chodera/schrodinger/tmpdir/rustenburg/jag_SM03_micro022_SM03_micro013/lilac-0-5aec6861.recover
/lila/data/chodera/schrodinger/tmpdir/rustenburg/jag_SM03_micro022_SM03_micro013/SM03_micro013.in

=====================
 Jaguar pKa workflow
=====================

Analysing user-provided (prot, deprot) pair:
(SM03_micro022.in, SM03_micro013.in)
Error: more than 1 heavy atom differs by 1 proton in:
SM03_micro022.in
SM03_micro013.in


An error has occurred.  Information about the error has been written to 
/home/rustenburg/.schrodinger/exceptions/error20180504-100427.txt 

Please contact help@schrodinger.com for assistance. Include error20180504-100427.txt and a description of what you were doing when the error occurred.
