Taking protonated structures from:
SM19_micro001_conf_1.dft_h.01.mae
SM19_micro001_conf_2.dft_h.01.mae
SM19_micro001_conf_3.dft_h.01.mae
SM19_micro001_conf_4.dft_h.01.mae
SM19_micro001_conf_5.dft_h.01.mae
Taking deprotonated structures from:
SM19_micro014_conf_1.dft.01.mae
SM19_micro014_conf_2.dft.01.mae
SM19_micro014_conf_3.dft.01.mae
SM19_micro014_conf_4.dft.01.mae
SM19_micro014_conf_5.dft.01.mae

Corrected results for 'protonated' structure in water:
pKa atom: 25

 # 	           Shell           	 pKa 	RMSD	 Contribution
---	---------------------------	-----	-----	--------------
1: 	thiazole/benzothiazole     	 1.78	0.647	    94.79%
2: 	heterocycle                	 2.36	0.837	     4.27%
3: 	Protonation of generic atom	 3.26	2.264	     0.94%

 Final weighted pKa value is 1.82



