Command:    jaguar run pka.py -jobname jag_SM23_micro025_SM23_micro022 -PARALLEL 10 -n -csrch -prot SM23_micro025.in -deprot SM23_micro022.in
Release:    2017-4
Exec:       /data/chodera/schrodinger/schrodinger2017-4-advanced/jaguar-v9.8/bin/Linux-x86_64
Host:       lt01
JobId:      lilac-0-5aecd364
JobDir:     /lila/data/chodera/schrodinger/tmpdir/rustenburg/jag_SM23_micro025_SM23_micro022
Date:       Fri May  4 19:20:54 2018

Contents of /lila/data/chodera/schrodinger/tmpdir/rustenburg/jag_SM23_micro025_SM23_micro022:
/lila/data/chodera/schrodinger/tmpdir/rustenburg/jag_SM23_micro025_SM23_micro022/SM23_micro022.in
/lila/data/chodera/schrodinger/tmpdir/rustenburg/jag_SM23_micro025_SM23_micro022/lilac-0-5aecd364.nodes
/lila/data/chodera/schrodinger/tmpdir/rustenburg/jag_SM23_micro025_SM23_micro022/lilac-0-5aecd364.mpinodes
/lila/data/chodera/schrodinger/tmpdir/rustenburg/jag_SM23_micro025_SM23_micro022/SM23_micro022.mae
/lila/data/chodera/schrodinger/tmpdir/rustenburg/jag_SM23_micro025_SM23_micro022/SM23_micro025.in
/lila/data/chodera/schrodinger/tmpdir/rustenburg/jag_SM23_micro025_SM23_micro022/jag_SM23_micro025_SM23_micro022.log
/lila/data/chodera/schrodinger/tmpdir/rustenburg/jag_SM23_micro025_SM23_micro022/lilac-0-5aecd364.jlog
/lila/data/chodera/schrodinger/tmpdir/rustenburg/jag_SM23_micro025_SM23_micro022/lilac-0-5aecd364.recover
/lila/data/chodera/schrodinger/tmpdir/rustenburg/jag_SM23_micro025_SM23_micro022/SM23_micro025.mae
/lila/data/chodera/schrodinger/tmpdir/rustenburg/jag_SM23_micro025_SM23_micro022/lilac-0-5aecd364.hosts
/lila/data/chodera/schrodinger/tmpdir/rustenburg/jag_SM23_micro025_SM23_micro022/lilac-0-5aecd364
/lila/data/chodera/schrodinger/tmpdir/rustenburg/jag_SM23_micro025_SM23_micro022/jag_SM23_micro025_SM23_micro022.recover

=====================
 Jaguar pKa workflow
=====================

Analysing user-provided (prot, deprot) pair:
(SM23_micro025.in, SM23_micro022.in)
Found labile hydrogen 47 in SM23_micro025.in
Found labile hydrogen at atom 20 in SM23_micro022.in
Adding 'ipkat' keyword to input files.

Identifying pKa functional group for pair:
(SM23_micro025, SM23_micro022)

Executing subprocess:
/data/chodera/schrodinger/schrodinger2017-4-advanced/jaguar-v9.8/bin/Linux-x86_64/pka -i -j SM23_micro025.tmp.jres -n

Taking protonated structures from:
SM23_micro025.mae
Taking deprotonated structures from:
SM23_micro022.mae

This molecule from 'SM23_micro025.mae' in water was recognized as:

 # 	                  Shell                   
---	------------------------------------------
1: 	RN=Het                                    
2: 	Protonation of sp2-like aliphatic nitrogen
3: 	Protonation of generic atom               


Executing conformational search...

Executing 2 distributed subjobs:
---------------------------------

No more than 8 cpu(s) will be used per subjob.
No more than 10 cpu(s) will be used simultaneously.

Processing the following subjobs:
(1) jaguar run csrch.py SM23_micro025.mae -jobname SM23_micro025 -max_conf 5 -erg_window 50.208 -acc_level 1 -TPP 5
(2) jaguar run csrch.py SM23_micro022.mae -jobname SM23_micro022 -max_conf 5 -erg_window 50.208 -acc_level 1 -TPP 5

Running subjobs on hosts:
  lsf-cpu (Max: 2)
Number of jobs:       2
Max retries per job:  3
Max allowed failures: unlimited
Run with -LOCAL:      False
Verbosity:            normal

Starting JobDJ...

Keep one job on driver host: False
JobDJ columns:
  C: Number of completed subjobs
  A: Number of active subjobs (e.g., submitted, running)
  W: Number of waiting/pending subjobs

C A W | Activity  JobId  JobName  JobHost
- - - | --------- -----------------------
0 1 1 | launched  lt01-3-5aeceadd SM23_micro025 lsf-cpu
0 2 0 | launched  lt01-3-5aeceae4 SM23_micro022 lsf-cpu
1 1 0 | finished  lt01-3-5aeceadd SM23_micro025 lsf-cpu [lt08]
2 0 0 | finished  lt01-3-5aeceae4 SM23_micro022 lsf-cpu [lt16]

All jobs have completed.

2 of 2 job(s) succeeded; 0 job(s) failed.

Timer (distribute subjobs) : 7566.17 secs (2 hrs, 06 mins, 06 secs)

Setting up QM workflow for (protonated, deprotonated) pair:
(1) (SM23_micro025, SM23_micro022)

Executing Jaguar quantum-mechanical subjobs...

Executing 10 distributed subjobs:
----------------------------------

No more than 8 cpu(s) will be used per subjob.
No more than 10 cpu(s) will be used simultaneously.

Processing the following subjobs:
(1) jaguar run pka_prot.bat -jobname SM23_micro025_conf_1 SM23_micro025_conf_1.in
(2) jaguar run pka_prot.bat -jobname SM23_micro025_conf_2 SM23_micro025_conf_2.in
(3) jaguar run pka_prot.bat -jobname SM23_micro025_conf_3 SM23_micro025_conf_3.in
(4) jaguar run pka_prot.bat -jobname SM23_micro025_conf_4 SM23_micro025_conf_4.in
(5) jaguar run pka_prot.bat -jobname SM23_micro025_conf_5 SM23_micro025_conf_5.in
(6) jaguar run pka_deprot.bat -jobname SM23_micro022_conf_1 SM23_micro022_conf_1.in
(7) jaguar run pka_deprot.bat -jobname SM23_micro022_conf_2 SM23_micro022_conf_2.in
(8) jaguar run pka_deprot.bat -jobname SM23_micro022_conf_3 SM23_micro022_conf_3.in
(9) jaguar run pka_deprot.bat -jobname SM23_micro022_conf_4 SM23_micro022_conf_4.in
(10) jaguar run pka_deprot.bat -jobname SM23_micro022_conf_5 SM23_micro022_conf_5.in

Running subjobs on hosts:
  lsf-cpu (Max: 10)
Number of jobs:       10
Max retries per job:  3
Max allowed failures: unlimited
Run with -LOCAL:      False
Verbosity:            normal

Starting JobDJ...

Keep one job on driver host: True
JobDJ columns:
  C: Number of completed subjobs
  A: Number of active subjobs (e.g., submitted, running)
  W: Number of waiting/pending subjobs

 C  A  W | Activity  JobId  JobName  JobHost
-- -- -- | --------- -----------------------
 0  1  9 | launched  lt01-0-5aed086f SM23_micro025_conf_1 localhost [lt01]
 0  2  8 | launched  lt01-0-5aed0876 SM23_micro025_conf_2 lsf-cpu
 0  3  7 | launched  lt01-0-5aed087b SM23_micro025_conf_3 lsf-cpu
 0  4  6 | launched  lt01-0-5aed087f SM23_micro025_conf_4 lsf-cpu
 0  5  5 | launched  lt01-0-5aed0884 SM23_micro025_conf_5 lsf-cpu
 0  6  4 | launched  lt01-0-5aed0889 SM23_micro022_conf_1 lsf-cpu
 0  7  3 | launched  lt01-0-5aed088e SM23_micro022_conf_2 lsf-cpu
 0  8  2 | launched  lt01-0-5aed0894 SM23_micro022_conf_3 lsf-cpu
 0  9  1 | launched  lt01-0-5aed0899 SM23_micro022_conf_4 lsf-cpu
 0 10  0 | launched  lt01-0-5aed08a0 SM23_micro022_conf_5 lsf-cpu
