Command:    jaguar run pka.py -jobname jag_SM12_micro013_SM12_micro001 -PARALLEL 10 -n -csrch -prot SM12_micro013.in -deprot SM12_micro001.in
Release:    2017-4
Exec:       /data/chodera/schrodinger/schrodinger2017-4-advanced/jaguar-v9.8/bin/Linux-x86_64
Host:       lt05
JobId:      lilac-0-5aeca163
JobDir:     /lila/data/chodera/schrodinger/tmpdir/rustenburg/jag_SM12_micro013_SM12_micro001
Date:       Fri May  4 14:07:39 2018

Contents of /lila/data/chodera/schrodinger/tmpdir/rustenburg/jag_SM12_micro013_SM12_micro001:
/lila/data/chodera/schrodinger/tmpdir/rustenburg/jag_SM12_micro013_SM12_micro001/SM12_micro001.in
/lila/data/chodera/schrodinger/tmpdir/rustenburg/jag_SM12_micro013_SM12_micro001/jag_SM12_micro013_SM12_micro001.recover
/lila/data/chodera/schrodinger/tmpdir/rustenburg/jag_SM12_micro013_SM12_micro001/lilac-0-5aeca163.nodes
/lila/data/chodera/schrodinger/tmpdir/rustenburg/jag_SM12_micro013_SM12_micro001/lilac-0-5aeca163.jlog
/lila/data/chodera/schrodinger/tmpdir/rustenburg/jag_SM12_micro013_SM12_micro001/lilac-0-5aeca163.hosts
/lila/data/chodera/schrodinger/tmpdir/rustenburg/jag_SM12_micro013_SM12_micro001/jag_SM12_micro013_SM12_micro001.log
/lila/data/chodera/schrodinger/tmpdir/rustenburg/jag_SM12_micro013_SM12_micro001/lilac-0-5aeca163.recover
/lila/data/chodera/schrodinger/tmpdir/rustenburg/jag_SM12_micro013_SM12_micro001/SM12_micro001.mae
/lila/data/chodera/schrodinger/tmpdir/rustenburg/jag_SM12_micro013_SM12_micro001/lilac-0-5aeca163
/lila/data/chodera/schrodinger/tmpdir/rustenburg/jag_SM12_micro013_SM12_micro001/SM12_micro013.mae
/lila/data/chodera/schrodinger/tmpdir/rustenburg/jag_SM12_micro013_SM12_micro001/SM12_micro013.in
/lila/data/chodera/schrodinger/tmpdir/rustenburg/jag_SM12_micro013_SM12_micro001/lilac-0-5aeca163.mpinodes

=====================
 Jaguar pKa workflow
=====================

Analysing user-provided (prot, deprot) pair:
(SM12_micro013.in, SM12_micro001.in)
Found labile hydrogen 20 in SM12_micro013.in
Found labile hydrogen at atom 10 in SM12_micro001.in
Adding 'ipkat' keyword to input files.

Identifying pKa functional group for pair:
(SM12_micro013, SM12_micro001)

Executing subprocess:
/data/chodera/schrodinger/schrodinger2017-4-advanced/jaguar-v9.8/bin/Linux-x86_64/pka -i -j SM12_micro013.tmp.jres -n

Taking protonated structures from:
SM12_micro013.mae
Taking deprotonated structures from:
SM12_micro001.mae

This molecule from 'SM12_micro013.mae' in water was recognized as:

 # 	           Shell           
---	---------------------------
1: 	heterocycle custom 1       
2: 	heterocycle                
3: 	Protonation of generic atom


Executing conformational search...

Executing 2 distributed subjobs:
---------------------------------

No more than 8 cpu(s) will be used per subjob.
No more than 10 cpu(s) will be used simultaneously.

Processing the following subjobs:
(1) jaguar run csrch.py SM12_micro013.mae -jobname SM12_micro013 -max_conf 5 -erg_window 50.208 -acc_level 1 -TPP 5
(2) jaguar run csrch.py SM12_micro001.mae -jobname SM12_micro001 -max_conf 5 -erg_window 50.208 -acc_level 1 -TPP 5

Running subjobs on hosts:
  lsf-cpu (Max: 2)
Number of jobs:       2
Max retries per job:  3
Max allowed failures: unlimited
Run with -LOCAL:      False
Verbosity:            normal

Starting JobDJ...

Keep one job on driver host: False
JobDJ columns:
  C: Number of completed subjobs
  A: Number of active subjobs (e.g., submitted, running)
  W: Number of waiting/pending subjobs

C A W | Activity  JobId  JobName  JobHost
- - - | --------- -----------------------
0 1 1 | launched  lt05-0-5aeca170 SM12_micro013 lsf-cpu
0 2 0 | launched  lt05-0-5aeca174 SM12_micro001 lsf-cpu
1 1 0 | finished  lt05-0-5aeca174 SM12_micro001 lsf-cpu
2 0 0 | finished  lt05-0-5aeca170 SM12_micro013 lsf-cpu [ls04]

All jobs have completed.

2 of 2 job(s) succeeded; 0 job(s) failed.

Timer (distribute subjobs) : 616.66 secs (0 hrs, 10 mins, 16 secs)

Setting up QM workflow for (protonated, deprotonated) pair:
(1) (SM12_micro013, SM12_micro001)

Executing Jaguar quantum-mechanical subjobs...

Executing 10 distributed subjobs:
----------------------------------

No more than 8 cpu(s) will be used per subjob.
No more than 10 cpu(s) will be used simultaneously.

Processing the following subjobs:
(1) jaguar run pka_prot.bat -jobname SM12_micro013_conf_1 SM12_micro013_conf_1.in
(2) jaguar run pka_prot.bat -jobname SM12_micro013_conf_2 SM12_micro013_conf_2.in
(3) jaguar run pka_prot.bat -jobname SM12_micro013_conf_3 SM12_micro013_conf_3.in
(4) jaguar run pka_prot.bat -jobname SM12_micro013_conf_4 SM12_micro013_conf_4.in
(5) jaguar run pka_prot.bat -jobname SM12_micro013_conf_5 SM12_micro013_conf_5.in
(6) jaguar run pka_deprot.bat -jobname SM12_micro001_conf_1 SM12_micro001_conf_1.in
(7) jaguar run pka_deprot.bat -jobname SM12_micro001_conf_2 SM12_micro001_conf_2.in
(8) jaguar run pka_deprot.bat -jobname SM12_micro001_conf_3 SM12_micro001_conf_3.in
(9) jaguar run pka_deprot.bat -jobname SM12_micro001_conf_4 SM12_micro001_conf_4.in
(10) jaguar run pka_deprot.bat -jobname SM12_micro001_conf_5 SM12_micro001_conf_5.in

Running subjobs on hosts:
  lsf-cpu (Max: 10)
Number of jobs:       10
Max retries per job:  3
Max allowed failures: unlimited
Run with -LOCAL:      False
Verbosity:            normal

Starting JobDJ...

Keep one job on driver host: True
JobDJ columns:
  C: Number of completed subjobs
  A: Number of active subjobs (e.g., submitted, running)
  W: Number of waiting/pending subjobs

 C  A  W | Activity  JobId  JobName  JobHost
-- -- -- | --------- -----------------------
 0  1  9 | launched  lt05-0-5aeca3d9 SM12_micro013_conf_1 localhost [lt05]
 0  2  8 | launched  lt05-0-5aeca3dc SM12_micro013_conf_2 lsf-cpu
 0  3  7 | launched  lt05-0-5aeca3e1 SM12_micro013_conf_3 lsf-cpu
 0  4  6 | launched  lt05-0-5aeca3e5 SM12_micro013_conf_4 lsf-cpu
 0  5  5 | launched  lt05-0-5aeca3e8 SM12_micro013_conf_5 lsf-cpu
 0  6  4 | launched  lt05-0-5aeca3ed SM12_micro001_conf_1 lsf-cpu
 0  7  3 | launched  lt05-0-5aeca3f1 SM12_micro001_conf_2 lsf-cpu
 0  8  2 | launched  lt05-0-5aeca3f5 SM12_micro001_conf_3 lsf-cpu
 0  9  1 | launched  lt05-0-5aeca3f9 SM12_micro001_conf_4 lsf-cpu
 0 10  0 | launched  lt05-0-5aeca3fd SM12_micro001_conf_5 lsf-cpu
 1  9  0 | finished  lt05-0-5aeca3dc SM12_micro013_conf_2 lsf-cpu [lt17]
 2  8  0 | finished  lt05-0-5aeca3f5 SM12_micro001_conf_3 lsf-cpu [lt17]
 3  7  0 | finished  lt05-0-5aeca3f9 SM12_micro001_conf_4 lsf-cpu [ls01]
 4  6  0 | finished  lt05-0-5aeca3d9 SM12_micro013_conf_1 localhost [lt05]
 5  5  0 | finished  lt05-0-5aeca3e1 SM12_micro013_conf_3 lsf-cpu [lt20]
 6  4  0 | finished  lt05-0-5aeca3fd SM12_micro001_conf_5 lsf-cpu [ls11]
 7  3  0 | finished  lt05-0-5aeca3ed SM12_micro001_conf_1 lsf-cpu [lt12]
 8  2  0 | finished  lt05-0-5aeca3f1 SM12_micro001_conf_2 lsf-cpu [lt22]
 9  1  0 | finished  lt05-0-5aeca3e5 SM12_micro013_conf_4 lsf-cpu [lt17]
10  0  0 | finished  lt05-0-5aeca3e8 SM12_micro013_conf_5 lsf-cpu [lt17]

All jobs have completed.

10 of 10 job(s) succeeded; 0 job(s) failed.

Timer (distribute subjobs) : 2409.79 secs (0 hrs, 40 mins, 09 secs)

Processing QM output files...

Executing subprocess:
/data/chodera/schrodinger/schrodinger2017-4-advanced/jaguar results -energy SM12_micro013_conf_1.nrg_h.out

Executing subprocess:
/data/chodera/schrodinger/schrodinger2017-4-advanced/jaguar results -esolv SM12_micro013_conf_1.sol_h.out

Executing subprocess:
/data/chodera/schrodinger/schrodinger2017-4-advanced/jaguar results -energy SM12_micro013_conf_2.nrg_h.out

Executing subprocess:
/data/chodera/schrodinger/schrodinger2017-4-advanced/jaguar results -esolv SM12_micro013_conf_2.sol_h.out

Executing subprocess:
/data/chodera/schrodinger/schrodinger2017-4-advanced/jaguar results -energy SM12_micro013_conf_3.nrg_h.out

Executing subprocess:
/data/chodera/schrodinger/schrodinger2017-4-advanced/jaguar results -esolv SM12_micro013_conf_3.sol_h.out

Executing subprocess:
/data/chodera/schrodinger/schrodinger2017-4-advanced/jaguar results -energy SM12_micro013_conf_4.nrg_h.out

Executing subprocess:
/data/chodera/schrodinger/schrodinger2017-4-advanced/jaguar results -esolv SM12_micro013_conf_4.sol_h.out

Executing subprocess:
/data/chodera/schrodinger/schrodinger2017-4-advanced/jaguar results -energy SM12_micro013_conf_5.nrg_h.out

Executing subprocess:
/data/chodera/schrodinger/schrodinger2017-4-advanced/jaguar results -esolv SM12_micro013_conf_5.sol_h.out

Executing subprocess:
/data/chodera/schrodinger/schrodinger2017-4-advanced/jaguar results -energy SM12_micro001_conf_1.nrg.out

Executing subprocess:
/data/chodera/schrodinger/schrodinger2017-4-advanced/jaguar results -esolv SM12_micro001_conf_1.sol.out

Executing subprocess:
/data/chodera/schrodinger/schrodinger2017-4-advanced/jaguar results -energy SM12_micro001_conf_2.nrg.out

Executing subprocess:
/data/chodera/schrodinger/schrodinger2017-4-advanced/jaguar results -esolv SM12_micro001_conf_2.sol.out

Executing subprocess:
/data/chodera/schrodinger/schrodinger2017-4-advanced/jaguar results -energy SM12_micro001_conf_3.nrg.out

Executing subprocess:
/data/chodera/schrodinger/schrodinger2017-4-advanced/jaguar results -esolv SM12_micro001_conf_3.sol.out

Executing subprocess:
/data/chodera/schrodinger/schrodinger2017-4-advanced/jaguar results -energy SM12_micro001_conf_4.nrg.out

Executing subprocess:
/data/chodera/schrodinger/schrodinger2017-4-advanced/jaguar results -esolv SM12_micro001_conf_4.sol.out

Executing subprocess:
/data/chodera/schrodinger/schrodinger2017-4-advanced/jaguar results -energy SM12_micro001_conf_5.nrg.out

Executing subprocess:
/data/chodera/schrodinger/schrodinger2017-4-advanced/jaguar results -esolv SM12_micro001_conf_5.sol.out

Executing subprocess:
/data/chodera/schrodinger/schrodinger2017-4-advanced/jaguar-v9.8/bin/Linux-x86_64/pka -o SM12_micro013_deprot-out.mae -j SM12_micro013.jres -n -d

Executing subprocess:
/data/chodera/schrodinger/schrodinger2017-4-advanced/jaguar-v9.8/bin/Linux-x86_64/pka -o SM12_micro013_prot-out.mae -j SM12_micro013.jres -n

pKa calculation for SM12_micro013 completed.

pKa workflow jag_SM12_micro013_SM12_micro001 completed.

Timer (Jaguar pKa) : 3155.39 secs (0 hrs, 52 mins, 35 secs)
Timer (jaguar_backend.py) : 3155.39 secs (0 hrs, 52 mins, 35 secs)
Finished:   Fri May  4 15:00:14 2018
