Command:    jaguar run pka.py -jobname jag_SM21_micro028_SM21_micro024 -PARALLEL 10 -n -csrch -prot SM21_micro028.in -deprot SM21_micro024.in
Release:    2017-4
Exec:       /data/chodera/schrodinger/schrodinger2017-4-advanced/jaguar-v9.8/bin/Linux-x86_64
Host:       ls07
JobId:      lilac-0-5aecd0b3
JobDir:     /lila/data/chodera/schrodinger/tmpdir/rustenburg/jag_SM21_micro028_SM21_micro024
Date:       Fri May  4 19:19:24 2018

Contents of /lila/data/chodera/schrodinger/tmpdir/rustenburg/jag_SM21_micro028_SM21_micro024:
/lila/data/chodera/schrodinger/tmpdir/rustenburg/jag_SM21_micro028_SM21_micro024/SM21_micro028.mae
/lila/data/chodera/schrodinger/tmpdir/rustenburg/jag_SM21_micro028_SM21_micro024/SM21_micro024.mae
/lila/data/chodera/schrodinger/tmpdir/rustenburg/jag_SM21_micro028_SM21_micro024/lilac-0-5aecd0b3
/lila/data/chodera/schrodinger/tmpdir/rustenburg/jag_SM21_micro028_SM21_micro024/jag_SM21_micro028_SM21_micro024.recover
/lila/data/chodera/schrodinger/tmpdir/rustenburg/jag_SM21_micro028_SM21_micro024/SM21_micro028.in
/lila/data/chodera/schrodinger/tmpdir/rustenburg/jag_SM21_micro028_SM21_micro024/lilac-0-5aecd0b3.mpinodes
/lila/data/chodera/schrodinger/tmpdir/rustenburg/jag_SM21_micro028_SM21_micro024/SM21_micro024.in
/lila/data/chodera/schrodinger/tmpdir/rustenburg/jag_SM21_micro028_SM21_micro024/jag_SM21_micro028_SM21_micro024.log
/lila/data/chodera/schrodinger/tmpdir/rustenburg/jag_SM21_micro028_SM21_micro024/lilac-0-5aecd0b3.recover
/lila/data/chodera/schrodinger/tmpdir/rustenburg/jag_SM21_micro028_SM21_micro024/lilac-0-5aecd0b3.nodes
/lila/data/chodera/schrodinger/tmpdir/rustenburg/jag_SM21_micro028_SM21_micro024/lilac-0-5aecd0b3.jlog
/lila/data/chodera/schrodinger/tmpdir/rustenburg/jag_SM21_micro028_SM21_micro024/lilac-0-5aecd0b3.hosts

=====================
 Jaguar pKa workflow
=====================

Analysing user-provided (prot, deprot) pair:
(SM21_micro028.in, SM21_micro024.in)
Found labile hydrogen 24 in SM21_micro028.in
Found labile hydrogen at atom 8 in SM21_micro024.in
Adding 'ipkat' keyword to input files.

Identifying pKa functional group for pair:
(SM21_micro028, SM21_micro024)

Executing subprocess:
/data/chodera/schrodinger/schrodinger2017-4-advanced/jaguar-v9.8/bin/Linux-x86_64/pka -i -j SM21_micro028.tmp.jres -n

Taking protonated structures from:
SM21_micro028.mae
Taking deprotonated structures from:
SM21_micro024.mae

This molecule from 'SM21_micro028.mae' in water was recognized as:

 # 	                  Shell                   
---	------------------------------------------
1: 	secondary aniline                         
2: 	Protonation of sp3-like aliphatic nitrogen
3: 	Protonation of generic atom               


Executing conformational search...

Executing 2 distributed subjobs:
---------------------------------

No more than 8 cpu(s) will be used per subjob.
No more than 10 cpu(s) will be used simultaneously.

Processing the following subjobs:
(1) jaguar run csrch.py SM21_micro028.mae -jobname SM21_micro028 -max_conf 5 -erg_window 50.208 -acc_level 1 -TPP 5
(2) jaguar run csrch.py SM21_micro024.mae -jobname SM21_micro024 -max_conf 5 -erg_window 50.208 -acc_level 1 -TPP 5

Running subjobs on hosts:
  lsf-cpu (Max: 2)
Number of jobs:       2
Max retries per job:  3
Max allowed failures: unlimited
Run with -LOCAL:      False
Verbosity:            normal

Starting JobDJ...

Keep one job on driver host: False
JobDJ columns:
  C: Number of completed subjobs
  A: Number of active subjobs (e.g., submitted, running)
  W: Number of waiting/pending subjobs

C A W | Activity  JobId  JobName  JobHost
- - - | --------- -----------------------
0 1 1 | launched  ls07-6-5aecea92 SM21_micro028 lsf-cpu
0 2 0 | launched  ls07-2-5aeceaa4 SM21_micro024 lsf-cpu
1 1 0 | finished  ls07-2-5aeceaa4 SM21_micro024 lsf-cpu
2 0 0 | finished  ls07-6-5aecea92 SM21_micro028 lsf-cpu [lt12]

All jobs have completed.

2 of 2 job(s) succeeded; 0 job(s) failed.

Timer (distribute subjobs) : 4878.41 secs (1 hrs, 21 mins, 18 secs)

Setting up QM workflow for (protonated, deprotonated) pair:
(1) (SM21_micro028, SM21_micro024)

Executing Jaguar quantum-mechanical subjobs...

Executing 10 distributed subjobs:
----------------------------------

No more than 8 cpu(s) will be used per subjob.
No more than 10 cpu(s) will be used simultaneously.

Processing the following subjobs:
(1) jaguar run pka_prot.bat -jobname SM21_micro028_conf_1 SM21_micro028_conf_1.in
(2) jaguar run pka_prot.bat -jobname SM21_micro028_conf_2 SM21_micro028_conf_2.in
(3) jaguar run pka_prot.bat -jobname SM21_micro028_conf_3 SM21_micro028_conf_3.in
(4) jaguar run pka_prot.bat -jobname SM21_micro028_conf_4 SM21_micro028_conf_4.in
(5) jaguar run pka_prot.bat -jobname SM21_micro028_conf_5 SM21_micro028_conf_5.in
(6) jaguar run pka_deprot.bat -jobname SM21_micro024_conf_1 SM21_micro024_conf_1.in
(7) jaguar run pka_deprot.bat -jobname SM21_micro024_conf_2 SM21_micro024_conf_2.in
(8) jaguar run pka_deprot.bat -jobname SM21_micro024_conf_3 SM21_micro024_conf_3.in
(9) jaguar run pka_deprot.bat -jobname SM21_micro024_conf_4 SM21_micro024_conf_4.in
(10) jaguar run pka_deprot.bat -jobname SM21_micro024_conf_5 SM21_micro024_conf_5.in

Running subjobs on hosts:
  lsf-cpu (Max: 10)
Number of jobs:       10
Max retries per job:  3
Max allowed failures: unlimited
Run with -LOCAL:      False
Verbosity:            normal

Starting JobDJ...

Keep one job on driver host: True
JobDJ columns:
  C: Number of completed subjobs
  A: Number of active subjobs (e.g., submitted, running)
  W: Number of waiting/pending subjobs

 C  A  W | Activity  JobId  JobName  JobHost
-- -- -- | --------- -----------------------
 0  1  9 | launched  ls07-0-5aecfd93 SM21_micro028_conf_1 localhost [ls07]
 0  2  8 | launched  ls07-0-5aecfd97 SM21_micro028_conf_2 lsf-cpu
 0  3  7 | launched  ls07-0-5aecfd9b SM21_micro028_conf_3 lsf-cpu
 0  4  6 | launched  ls07-0-5aecfd9f SM21_micro028_conf_4 lsf-cpu
 0  5  5 | launched  ls07-0-5aecfda3 SM21_micro028_conf_5 lsf-cpu
 0  6  4 | launched  ls07-0-5aecfda8 SM21_micro024_conf_1 lsf-cpu
 0  7  3 | launched  ls07-0-5aecfdac SM21_micro024_conf_2 lsf-cpu
 0  8  2 | launched  ls07-0-5aecfdb0 SM21_micro024_conf_3 lsf-cpu
 0  9  1 | launched  ls07-0-5aecfdb5 SM21_micro024_conf_4 lsf-cpu
 0 10  0 | launched  ls07-0-5aecfdb9 SM21_micro024_conf_5 lsf-cpu
 1  9  0 | finished  ls07-0-5aecfd93 SM21_micro028_conf_1 localhost [ls07]
 1  9  0 | launched  ls07-0-5aed09b7 SM21_micro024_conf_5 localhost [ls07]
