Command:    jaguar run pka.py -jobname jag_SM23_micro044_SM23_micro039 -PARALLEL 10 -n -csrch -prot SM23_micro044.in -deprot SM23_micro039.in
Release:    2017-4
Exec:       /data/chodera/schrodinger/schrodinger2017-4-advanced/jaguar-v9.8/bin/Linux-x86_64
Host:       ls18
JobId:      lilac-0-5aecd3f5
JobDir:     /lila/data/chodera/schrodinger/tmpdir/rustenburg/jag_SM23_micro044_SM23_micro039
Date:       Fri May  4 19:21:30 2018

Contents of /lila/data/chodera/schrodinger/tmpdir/rustenburg/jag_SM23_micro044_SM23_micro039:
/lila/data/chodera/schrodinger/tmpdir/rustenburg/jag_SM23_micro044_SM23_micro039/SM23_micro044.mae
/lila/data/chodera/schrodinger/tmpdir/rustenburg/jag_SM23_micro044_SM23_micro039/lilac-0-5aecd3f5.jlog
/lila/data/chodera/schrodinger/tmpdir/rustenburg/jag_SM23_micro044_SM23_micro039/jag_SM23_micro044_SM23_micro039.log
/lila/data/chodera/schrodinger/tmpdir/rustenburg/jag_SM23_micro044_SM23_micro039/lilac-0-5aecd3f5.mpinodes
/lila/data/chodera/schrodinger/tmpdir/rustenburg/jag_SM23_micro044_SM23_micro039/lilac-0-5aecd3f5.recover
/lila/data/chodera/schrodinger/tmpdir/rustenburg/jag_SM23_micro044_SM23_micro039/SM23_micro044.in
/lila/data/chodera/schrodinger/tmpdir/rustenburg/jag_SM23_micro044_SM23_micro039/lilac-0-5aecd3f5.nodes
/lila/data/chodera/schrodinger/tmpdir/rustenburg/jag_SM23_micro044_SM23_micro039/lilac-0-5aecd3f5.hosts
/lila/data/chodera/schrodinger/tmpdir/rustenburg/jag_SM23_micro044_SM23_micro039/SM23_micro039.in
/lila/data/chodera/schrodinger/tmpdir/rustenburg/jag_SM23_micro044_SM23_micro039/SM23_micro039.mae
/lila/data/chodera/schrodinger/tmpdir/rustenburg/jag_SM23_micro044_SM23_micro039/jag_SM23_micro044_SM23_micro039.recover
/lila/data/chodera/schrodinger/tmpdir/rustenburg/jag_SM23_micro044_SM23_micro039/lilac-0-5aecd3f5

=====================
 Jaguar pKa workflow
=====================

Analysing user-provided (prot, deprot) pair:
(SM23_micro044.in, SM23_micro039.in)
Found labile hydrogen 35 in SM23_micro044.in
Found labile hydrogen at atom 19 in SM23_micro039.in
Adding 'ipkat' keyword to input files.

Identifying pKa functional group for pair:
(SM23_micro044, SM23_micro039)

Executing subprocess:
/data/chodera/schrodinger/schrodinger2017-4-advanced/jaguar-v9.8/bin/Linux-x86_64/pka -i -j SM23_micro044.tmp.jres -n

Taking protonated structures from:
SM23_micro044.mae
Taking deprotonated structures from:
SM23_micro039.mae

This molecule from 'SM23_micro044.mae' in water was recognized as:

 # 	           Shell           
---	---------------------------
1: 	Protonation of generic atom


Executing conformational search...

Executing 2 distributed subjobs:
---------------------------------

No more than 8 cpu(s) will be used per subjob.
No more than 10 cpu(s) will be used simultaneously.

Processing the following subjobs:
(1) jaguar run csrch.py SM23_micro044.mae -jobname SM23_micro044 -max_conf 5 -erg_window 50.208 -acc_level 1 -TPP 5
(2) jaguar run csrch.py SM23_micro039.mae -jobname SM23_micro039 -max_conf 5 -erg_window 50.208 -acc_level 1 -TPP 5

Running subjobs on hosts:
  lsf-cpu (Max: 2)
Number of jobs:       2
Max retries per job:  3
Max allowed failures: unlimited
Run with -LOCAL:      False
Verbosity:            normal

Starting JobDJ...

Keep one job on driver host: False
JobDJ columns:
  C: Number of completed subjobs
  A: Number of active subjobs (e.g., submitted, running)
  W: Number of waiting/pending subjobs

C A W | Activity  JobId  JobName  JobHost
- - - | --------- -----------------------
0 1 1 | launched  ls18-0-5aeceb01 SM23_micro044 lsf-cpu
0 2 0 | launched  ls18-0-5aeceb05 SM23_micro039 lsf-cpu
1 1 0 | finished  ls18-0-5aeceb05 SM23_micro039 lsf-cpu [lt03]
2 0 0 | finished  ls18-0-5aeceb01 SM23_micro044 lsf-cpu [ls04]

All jobs have completed.

2 of 2 job(s) succeeded; 0 job(s) failed.

Timer (distribute subjobs) : 7313.87 secs (2 hrs, 01 mins, 53 secs)

Setting up QM workflow for (protonated, deprotonated) pair:
(1) (SM23_micro044, SM23_micro039)

Executing Jaguar quantum-mechanical subjobs...

Executing 10 distributed subjobs:
----------------------------------

No more than 8 cpu(s) will be used per subjob.
No more than 10 cpu(s) will be used simultaneously.

Processing the following subjobs:
(1) jaguar run pka_prot.bat -jobname SM23_micro044_conf_1 SM23_micro044_conf_1.in
(2) jaguar run pka_prot.bat -jobname SM23_micro044_conf_2 SM23_micro044_conf_2.in
(3) jaguar run pka_prot.bat -jobname SM23_micro044_conf_3 SM23_micro044_conf_3.in
(4) jaguar run pka_prot.bat -jobname SM23_micro044_conf_4 SM23_micro044_conf_4.in
(5) jaguar run pka_prot.bat -jobname SM23_micro044_conf_5 SM23_micro044_conf_5.in
(6) jaguar run pka_deprot.bat -jobname SM23_micro039_conf_1 SM23_micro039_conf_1.in
(7) jaguar run pka_deprot.bat -jobname SM23_micro039_conf_2 SM23_micro039_conf_2.in
(8) jaguar run pka_deprot.bat -jobname SM23_micro039_conf_3 SM23_micro039_conf_3.in
(9) jaguar run pka_deprot.bat -jobname SM23_micro039_conf_4 SM23_micro039_conf_4.in
(10) jaguar run pka_deprot.bat -jobname SM23_micro039_conf_5 SM23_micro039_conf_5.in

Running subjobs on hosts:
  lsf-cpu (Max: 10)
Number of jobs:       10
Max retries per job:  3
Max allowed failures: unlimited
Run with -LOCAL:      False
Verbosity:            normal

Starting JobDJ...

Keep one job on driver host: True
JobDJ columns:
  C: Number of completed subjobs
  A: Number of active subjobs (e.g., submitted, running)
  W: Number of waiting/pending subjobs

 C  A  W | Activity  JobId  JobName  JobHost
-- -- -- | --------- -----------------------
 0  1  9 | launched  ls18-0-5aed0793 SM23_micro044_conf_1 localhost [ls18]
 0  2  8 | launched  ls18-0-5aed0797 SM23_micro044_conf_2 lsf-cpu
 0  3  7 | launched  ls18-0-5aed079b SM23_micro044_conf_3 lsf-cpu
 0  4  6 | launched  ls18-0-5aed079e SM23_micro044_conf_4 lsf-cpu
 0  5  5 | launched  ls18-0-5aed07a3 SM23_micro044_conf_5 lsf-cpu
 0  6  4 | launched  ls18-0-5aed07a8 SM23_micro039_conf_1 lsf-cpu
 0  7  3 | launched  ls18-0-5aed07ad SM23_micro039_conf_2 lsf-cpu
 0  8  2 | launched  ls18-0-5aed07b2 SM23_micro039_conf_3 lsf-cpu
 0  9  1 | launched  ls18-0-5aed07b7 SM23_micro039_conf_4 lsf-cpu
 0 10  0 | launched  ls18-0-5aed07bc SM23_micro039_conf_5 lsf-cpu
