Command:    jaguar run pka.py -jobname jag_SM23_micro043_SM23_micro021 -PARALLEL 10 -n -csrch -prot SM23_micro043.in -deprot SM23_micro021.in
Release:    2017-4
Exec:       /data/chodera/schrodinger/schrodinger2017-4-advanced/jaguar-v9.8/bin/Linux-x86_64
Host:       lt01
JobId:      lilac-0-5aecd354
JobDir:     /lila/data/chodera/schrodinger/tmpdir/rustenburg/jag_SM23_micro043_SM23_micro021
Date:       Fri May  4 19:20:54 2018

Contents of /lila/data/chodera/schrodinger/tmpdir/rustenburg/jag_SM23_micro043_SM23_micro021:
/lila/data/chodera/schrodinger/tmpdir/rustenburg/jag_SM23_micro043_SM23_micro021/SM23_micro021.mae
/lila/data/chodera/schrodinger/tmpdir/rustenburg/jag_SM23_micro043_SM23_micro021/lilac-0-5aecd354
/lila/data/chodera/schrodinger/tmpdir/rustenburg/jag_SM23_micro043_SM23_micro021/SM23_micro043.in
/lila/data/chodera/schrodinger/tmpdir/rustenburg/jag_SM23_micro043_SM23_micro021/lilac-0-5aecd354.jlog
/lila/data/chodera/schrodinger/tmpdir/rustenburg/jag_SM23_micro043_SM23_micro021/SM23_micro043.mae
/lila/data/chodera/schrodinger/tmpdir/rustenburg/jag_SM23_micro043_SM23_micro021/lilac-0-5aecd354.nodes
/lila/data/chodera/schrodinger/tmpdir/rustenburg/jag_SM23_micro043_SM23_micro021/jag_SM23_micro043_SM23_micro021.recover
/lila/data/chodera/schrodinger/tmpdir/rustenburg/jag_SM23_micro043_SM23_micro021/lilac-0-5aecd354.hosts
/lila/data/chodera/schrodinger/tmpdir/rustenburg/jag_SM23_micro043_SM23_micro021/lilac-0-5aecd354.recover
/lila/data/chodera/schrodinger/tmpdir/rustenburg/jag_SM23_micro043_SM23_micro021/lilac-0-5aecd354.mpinodes
/lila/data/chodera/schrodinger/tmpdir/rustenburg/jag_SM23_micro043_SM23_micro021/SM23_micro021.in
/lila/data/chodera/schrodinger/tmpdir/rustenburg/jag_SM23_micro043_SM23_micro021/jag_SM23_micro043_SM23_micro021.log

=====================
 Jaguar pKa workflow
=====================

Analysing user-provided (prot, deprot) pair:
(SM23_micro043.in, SM23_micro021.in)
Found labile hydrogen 34 in SM23_micro043.in
Found labile hydrogen at atom 20 in SM23_micro021.in
Adding 'ipkat' keyword to input files.

Identifying pKa functional group for pair:
(SM23_micro043, SM23_micro021)

Executing subprocess:
/data/chodera/schrodinger/schrodinger2017-4-advanced/jaguar-v9.8/bin/Linux-x86_64/pka -i -j SM23_micro043.tmp.jres -n

Taking protonated structures from:
SM23_micro043.mae
Taking deprotonated structures from:
SM23_micro021.mae

This molecule from 'SM23_micro043.mae' in water was recognized as:

 # 	                  Shell                   
---	------------------------------------------
1: 	secondary aniline                         
2: 	Protonation of sp3-like aliphatic nitrogen
3: 	Protonation of generic atom               


Executing conformational search...

Executing 2 distributed subjobs:
---------------------------------

No more than 8 cpu(s) will be used per subjob.
No more than 10 cpu(s) will be used simultaneously.

Processing the following subjobs:
(1) jaguar run csrch.py SM23_micro043.mae -jobname SM23_micro043 -max_conf 5 -erg_window 50.208 -acc_level 1 -TPP 5
(2) jaguar run csrch.py SM23_micro021.mae -jobname SM23_micro021 -max_conf 5 -erg_window 50.208 -acc_level 1 -TPP 5

Running subjobs on hosts:
  lsf-cpu (Max: 2)
Number of jobs:       2
Max retries per job:  3
Max allowed failures: unlimited
Run with -LOCAL:      False
Verbosity:            normal

Starting JobDJ...

Keep one job on driver host: False
JobDJ columns:
  C: Number of completed subjobs
  A: Number of active subjobs (e.g., submitted, running)
  W: Number of waiting/pending subjobs

C A W | Activity  JobId  JobName  JobHost
- - - | --------- -----------------------
0 1 1 | launched  lt01-1-5aeceadd SM23_micro043 lsf-cpu
0 2 0 | launched  lt01-2-5aeceae4 SM23_micro021 lsf-cpu
1 1 0 | finished  lt01-1-5aeceadd SM23_micro043 lsf-cpu [ls01]
2 0 0 | finished  lt01-2-5aeceae4 SM23_micro021 lsf-cpu [ls07]

All jobs have completed.

2 of 2 job(s) succeeded; 0 job(s) failed.

Timer (distribute subjobs) : 7139.01 secs (1 hrs, 58 mins, 59 secs)

Setting up QM workflow for (protonated, deprotonated) pair:
(1) (SM23_micro043, SM23_micro021)

Executing Jaguar quantum-mechanical subjobs...

Executing 10 distributed subjobs:
----------------------------------

No more than 8 cpu(s) will be used per subjob.
No more than 10 cpu(s) will be used simultaneously.

Processing the following subjobs:
(1) jaguar run pka_prot.bat -jobname SM23_micro043_conf_1 SM23_micro043_conf_1.in
(2) jaguar run pka_prot.bat -jobname SM23_micro043_conf_2 SM23_micro043_conf_2.in
(3) jaguar run pka_prot.bat -jobname SM23_micro043_conf_3 SM23_micro043_conf_3.in
(4) jaguar run pka_prot.bat -jobname SM23_micro043_conf_4 SM23_micro043_conf_4.in
(5) jaguar run pka_prot.bat -jobname SM23_micro043_conf_5 SM23_micro043_conf_5.in
(6) jaguar run pka_deprot.bat -jobname SM23_micro021_conf_1 SM23_micro021_conf_1.in
(7) jaguar run pka_deprot.bat -jobname SM23_micro021_conf_2 SM23_micro021_conf_2.in
(8) jaguar run pka_deprot.bat -jobname SM23_micro021_conf_3 SM23_micro021_conf_3.in
(9) jaguar run pka_deprot.bat -jobname SM23_micro021_conf_4 SM23_micro021_conf_4.in
(10) jaguar run pka_deprot.bat -jobname SM23_micro021_conf_5 SM23_micro021_conf_5.in

Running subjobs on hosts:
  lsf-cpu (Max: 10)
Number of jobs:       10
Max retries per job:  3
Max allowed failures: unlimited
Run with -LOCAL:      False
Verbosity:            normal

Starting JobDJ...

Keep one job on driver host: True
JobDJ columns:
  C: Number of completed subjobs
  A: Number of active subjobs (e.g., submitted, running)
  W: Number of waiting/pending subjobs

 C  A  W | Activity  JobId  JobName  JobHost
-- -- -- | --------- -----------------------
 0  1  9 | launched  lt01-0-5aed06c7 SM23_micro043_conf_1 localhost [lt01]
 0  2  8 | launched  lt01-0-5aed06cc SM23_micro043_conf_2 lsf-cpu
 0  3  7 | launched  lt01-0-5aed06d0 SM23_micro043_conf_3 lsf-cpu
 0  4  6 | launched  lt01-0-5aed06d3 SM23_micro043_conf_4 lsf-cpu
 0  5  5 | launched  lt01-0-5aed06d6 SM23_micro043_conf_5 lsf-cpu
 0  6  4 | launched  lt01-0-5aed06d9 SM23_micro021_conf_1 lsf-cpu
 0  7  3 | launched  lt01-0-5aed06dd SM23_micro021_conf_2 lsf-cpu
 0  8  2 | launched  lt01-0-5aed06e1 SM23_micro021_conf_3 lsf-cpu
 0  9  1 | launched  lt01-0-5aed06e5 SM23_micro021_conf_4 lsf-cpu
 0 10  0 | launched  lt01-0-5aed06e8 SM23_micro021_conf_5 lsf-cpu
