Taking protonated structures from:
SM08_micro002_conf_1.dft_h.01.mae
SM08_micro002_conf_2.dft_h.01.mae
SM08_micro002_conf_3.dft_h.01.mae
SM08_micro002_conf_4.dft_h.01.mae
SM08_micro002_conf_5.dft_h.01.mae
Taking deprotonated structures from:
SM08_micro011_conf_1.dft.01.mae
SM08_micro011_conf_2.dft.01.mae
SM08_micro011_conf_3.dft.01.mae
SM08_micro011_conf_4.dft.01.mae
SM08_micro011_conf_5.dft.01.mae

Corrected results for 'protonated' structure in water:
pKa atom: 23

 # 	            Shell             	 pKa 	RMSD	 Contribution
---	------------------------------	-----	-----	--------------
1: 	protonation of O=Het          	-0.86	0.618	    98.34%
2: 	Protonation of generic atom   	 4.82	2.264	     0.57%
3: 	Protonation of sp2-like oxygen	 4.94	2.568	     1.09%

 Final weighted pKa value is -0.77



