Taking protonated structures from:
SM05_micro011_conf_1.dft_h.01.mae
SM05_micro011_conf_2.dft_h.01.mae
SM05_micro011_conf_3.dft_h.01.mae
SM05_micro011_conf_4.dft_h.01.mae
SM05_micro011_conf_5.dft_h.01.mae
Taking deprotonated structures from:
SM05_micro008_conf_1.dft.01.mae
SM05_micro008_conf_2.dft.01.mae
SM05_micro008_conf_3.dft.01.mae
SM05_micro008_conf_4.dft.01.mae
SM05_micro008_conf_5.dft.01.mae

Corrected results for 'protonated' structure in water:
pKa atom: 22

 # 	                  Shell                   	 pKa 	RMSD	 Contribution
---	------------------------------------------	-----	-----	--------------
1: 	tertiary aniline                          	 4.38	0.448	    94.60%
2: 	Protonation of sp3-like aliphatic nitrogen	 4.83	1.715	     5.02%
3: 	Protonation of generic atom               	 4.30	2.264	     0.37%

 Final weighted pKa value is 4.40



