Command:    jaguar run pka.py -jobname jag_SM24_micro033_SM24_micro030 -PARALLEL 10 -WAIT -n -csrch -prot SM24_micro033.in -deprot SM24_micro030.in
Release:    2017-4
Exec:       /data/chodera/schrodinger/schrodinger2017-4-advanced/jaguar-v9.8/bin/Linux-x86_64
Host:       lt14
JobId:      lt14-0-5af5cfe4
JobDir:     /lila/data/chodera/schrodinger/tmpdir/rustenburg/jag_SM24_micro033_SM24_micro030.1
Date:       Fri May 11 13:16:22 2018

Contents of /lila/data/chodera/schrodinger/tmpdir/rustenburg/jag_SM24_micro033_SM24_micro030.1:
/lila/data/chodera/schrodinger/tmpdir/rustenburg/jag_SM24_micro033_SM24_micro030.1/SM24_micro033.in
/lila/data/chodera/schrodinger/tmpdir/rustenburg/jag_SM24_micro033_SM24_micro030.1/lt14-0-5af5cfe4.recover
/lila/data/chodera/schrodinger/tmpdir/rustenburg/jag_SM24_micro033_SM24_micro030.1/lt14-0-5af5cfe4
/lila/data/chodera/schrodinger/tmpdir/rustenburg/jag_SM24_micro033_SM24_micro030.1/jag_SM24_micro033_SM24_micro030.recover
/lila/data/chodera/schrodinger/tmpdir/rustenburg/jag_SM24_micro033_SM24_micro030.1/SM24_micro033.mae
/lila/data/chodera/schrodinger/tmpdir/rustenburg/jag_SM24_micro033_SM24_micro030.1/SM24_micro030.in
/lila/data/chodera/schrodinger/tmpdir/rustenburg/jag_SM24_micro033_SM24_micro030.1/jag_SM24_micro033_SM24_micro030.log
/lila/data/chodera/schrodinger/tmpdir/rustenburg/jag_SM24_micro033_SM24_micro030.1/lt14-0-5af5cfe4.mpinodes
/lila/data/chodera/schrodinger/tmpdir/rustenburg/jag_SM24_micro033_SM24_micro030.1/SM24_micro030.mae

=====================
 Jaguar pKa workflow
=====================

Analysing user-provided (prot, deprot) pair:
(SM24_micro033.in, SM24_micro030.in)
Found labile hydrogen 52 in SM24_micro033.in
Found labile hydrogen at atom 29 in SM24_micro030.in
Adding 'ipkat' keyword to input files.

Identifying pKa functional group for pair:
(SM24_micro033, SM24_micro030)

Executing subprocess:
/data/chodera/schrodinger/schrodinger2017-4-advanced/jaguar-v9.8/bin/Linux-x86_64/pka -i -j SM24_micro033.tmp.jres -n

Taking protonated structures from:
SM24_micro033.mae
Taking deprotonated structures from:
SM24_micro030.mae

This molecule from 'SM24_micro033.mae' in water was recognized as:

 # 	            Shell             
---	------------------------------
1: 	alcohol                       
2: 	Protonation of generic atom   
3: 	Protonation of sp2-like oxygen


Executing conformational search...

Executing 2 distributed subjobs:
---------------------------------

No more than 8 cpu(s) will be used per subjob.
No more than 10 cpu(s) will be used simultaneously.

Processing the following subjobs:
(1) jaguar run csrch.py SM24_micro033.mae -jobname SM24_micro033 -max_conf 5 -erg_window 50.208 -acc_level 1 -TPP 5
(2) jaguar run csrch.py SM24_micro030.mae -jobname SM24_micro030 -max_conf 5 -erg_window 50.208 -acc_level 1 -TPP 5

Running subjobs on hosts:
  localhost (Max: 2)
Number of jobs:       2
Max retries per job:  3
Max allowed failures: unlimited
Run with -LOCAL:      False
Verbosity:            normal

Starting JobDJ...

Keep one job on driver host: False
JobDJ columns:
  C: Number of completed subjobs
  A: Number of active subjobs (e.g., submitted, running)
  W: Number of waiting/pending subjobs

C A W | Activity  JobId  JobName  JobHost
- - - | --------- -----------------------
0 1 1 | launched  lt14-1-5af5cfeb SM24_micro033 localhost [lt14]
0 2 0 | launched  lt14-0-5af5cfef SM24_micro030 localhost [lt14]
1 1 0 | finished  lt14-1-5af5cfeb SM24_micro033 localhost [lt14]
2 0 0 | finished  lt14-0-5af5cfef SM24_micro030 localhost [lt14]

All jobs have completed.

2 of 2 job(s) succeeded; 0 job(s) failed.

Timer (distribute subjobs) : 795.18 secs (0 hrs, 13 mins, 15 secs)

Setting up QM workflow for (protonated, deprotonated) pair:
(1) (SM24_micro033, SM24_micro030)

Executing Jaguar quantum-mechanical subjobs...

Executing 10 distributed subjobs:
----------------------------------

No more than 8 cpu(s) will be used per subjob.
No more than 10 cpu(s) will be used simultaneously.

Processing the following subjobs:
(1) jaguar run pka_prot.bat -jobname SM24_micro033_conf_1 SM24_micro033_conf_1.in
(2) jaguar run pka_prot.bat -jobname SM24_micro033_conf_2 SM24_micro033_conf_2.in
(3) jaguar run pka_prot.bat -jobname SM24_micro033_conf_3 SM24_micro033_conf_3.in
(4) jaguar run pka_prot.bat -jobname SM24_micro033_conf_4 SM24_micro033_conf_4.in
(5) jaguar run pka_prot.bat -jobname SM24_micro033_conf_5 SM24_micro033_conf_5.in
(6) jaguar run pka_deprot.bat -jobname SM24_micro030_conf_1 SM24_micro030_conf_1.in
(7) jaguar run pka_deprot.bat -jobname SM24_micro030_conf_2 SM24_micro030_conf_2.in
(8) jaguar run pka_deprot.bat -jobname SM24_micro030_conf_3 SM24_micro030_conf_3.in
(9) jaguar run pka_deprot.bat -jobname SM24_micro030_conf_4 SM24_micro030_conf_4.in
(10) jaguar run pka_deprot.bat -jobname SM24_micro030_conf_5 SM24_micro030_conf_5.in

Running subjobs on hosts:
  localhost (Max: 10)
Number of jobs:       10
Max retries per job:  3
Max allowed failures: unlimited
Run with -LOCAL:      False
Verbosity:            normal

Starting JobDJ...

Keep one job on driver host: False
JobDJ columns:
  C: Number of completed subjobs
  A: Number of active subjobs (e.g., submitted, running)
  W: Number of waiting/pending subjobs

 C  A  W | Activity  JobId  JobName  JobHost
-- -- -- | --------- -----------------------
 0  1  9 | launched  lt14-1-5af5d307 SM24_micro033_conf_1 localhost [lt14]
 0  2  8 | launched  lt14-0-5af5d30a SM24_micro033_conf_2 localhost [lt14]
 0  3  7 | launched  lt14-0-5af5d30c SM24_micro033_conf_3 localhost [lt14]
 0  4  6 | launched  lt14-0-5af5d30f SM24_micro033_conf_4 localhost [lt14]
 0  5  5 | launched  lt14-0-5af5d313 SM24_micro033_conf_5 localhost [lt14]
 0  6  4 | launched  lt14-0-5af5d318 SM24_micro030_conf_1 localhost [lt14]
 0  7  3 | launched  lt14-0-5af5d31c SM24_micro030_conf_2 localhost [lt14]
 0  8  2 | launched  lt14-2-5af5d321 SM24_micro030_conf_3 localhost [lt14]
 0  9  1 | launched  lt14-0-5af5d325 SM24_micro030_conf_4 localhost [lt14]
 0 10  0 | launched  lt14-0-5af5d329 SM24_micro030_conf_5 localhost [lt14]
 1  9  0 | finished  lt14-0-5af5d313 SM24_micro033_conf_5 localhost [lt14]
 2  8  0 | finished  lt14-0-5af5d30a SM24_micro033_conf_2 localhost [lt14]
 3  7  0 | finished  lt14-0-5af5d30c SM24_micro033_conf_3 localhost [lt14]
 4  6  0 | finished  lt14-1-5af5d307 SM24_micro033_conf_1 localhost [lt14]
 5  5  0 | finished  lt14-0-5af5d30f SM24_micro033_conf_4 localhost [lt14]
Subjob 'SM24_micro030_conf_5' died (died) [jobid lt14-0-5af5d329]
 6  4  0 | died      lt14-0-5af5d329 SM24_micro030_conf_5 localhost [lt14]
ERROR: Subjob 'SM24_micro030_conf_5' has failed.

Last 20 lines of 'SM24_micro030_conf_5.recover':

  Name: 'SM24_micro030_conf_5'
  JobId: 'lt14-0-5af5d329'
  Commandline: '/data/chodera/schrodinger/schrodinger2017-4-advanced/jaguar run pka_deprot.bat -jobname SM24_micro030_conf_5 SM24_micro030_conf_5.in -HOST localhost'
  BackendCmdline: 'run batscript.py -jobname SM24_micro030_conf_5 SM24_micro030_conf_5.in -script pka_deprot.bat'
  Outfiles:


Last 20 lines of 'SM24_micro030_conf_5.log':

    displacement rms:        1.4087E-02 .  (  1.2000E-03 )
    
    predicted energy change: -1.3846E-01
    step size:     0.18795
    trust radius:  0.30000
  WARNING: atoms  29 and  30 are < 0.300 angstroms apart
   ERROR 1454: fatal error
    The optimizer has produced an unreasonable geometry
  Error: jaguar died in program geopt
  
  Job SM24_micro030_conf_5.dft halted prematurely on lt14 at Fri May 11 15:41:00 2018
  Timer (jaguar_backend.py) : 7832.77 secs (2 hrs, 10 mins, 32 secs)
  Finished:   Fri May 11 15:41:00 2018
  
  Errors from job record lt14-1-5af5d330:
  [transfer] FAILURE: lt14-1-5af5d330 -> _localhost_ [Could not read local file /data/chodera/schrodinger/tmpdir/rustenburg/SM24_micro030_conf_5.dft/lt14-1-5af5d330] @ 180511-13:30:33
  Done. 
  Fri, 11 May 2018 15:41:06
  Timer (jaguar_backend.py) : 7846.30 secs (2 hrs, 10 mins, 46 secs)
  Finished:   Fri May 11 15:41:06 2018


No job control errors were found.
 6  4  0 | died      lt14-0-5af5d329 SM24_micro030_conf_5 localhost [lt14]
 7  3  0 | finished  lt14-0-5af5d31c SM24_micro030_conf_2 localhost [lt14]
 8  2  0 | finished  lt14-0-5af5d325 SM24_micro030_conf_4 localhost [lt14]
 9  1  0 | finished  lt14-0-5af5d318 SM24_micro030_conf_1 localhost [lt14]
10  0  0 | finished  lt14-2-5af5d321 SM24_micro030_conf_3 localhost [lt14]

All jobs have completed.

9 of 10 job(s) succeeded; 1 job(s) failed.

Timer (distribute subjobs) : 16337.17 secs (4 hrs, 32 mins, 17 secs)

Processing QM output files...

Executing subprocess:
/data/chodera/schrodinger/schrodinger2017-4-advanced/jaguar results -energy SM24_micro033_conf_1.nrg_h.out

Executing subprocess:
/data/chodera/schrodinger/schrodinger2017-4-advanced/jaguar results -esolv SM24_micro033_conf_1.sol_h.out

Executing subprocess:
/data/chodera/schrodinger/schrodinger2017-4-advanced/jaguar results -energy SM24_micro033_conf_2.nrg_h.out

Executing subprocess:
/data/chodera/schrodinger/schrodinger2017-4-advanced/jaguar results -esolv SM24_micro033_conf_2.sol_h.out

Executing subprocess:
/data/chodera/schrodinger/schrodinger2017-4-advanced/jaguar results -energy SM24_micro033_conf_3.nrg_h.out

Executing subprocess:
/data/chodera/schrodinger/schrodinger2017-4-advanced/jaguar results -esolv SM24_micro033_conf_3.sol_h.out

Executing subprocess:
/data/chodera/schrodinger/schrodinger2017-4-advanced/jaguar results -energy SM24_micro033_conf_4.nrg_h.out

Executing subprocess:
/data/chodera/schrodinger/schrodinger2017-4-advanced/jaguar results -esolv SM24_micro033_conf_4.sol_h.out

Executing subprocess:
/data/chodera/schrodinger/schrodinger2017-4-advanced/jaguar results -energy SM24_micro033_conf_5.nrg_h.out

Executing subprocess:
/data/chodera/schrodinger/schrodinger2017-4-advanced/jaguar results -esolv SM24_micro033_conf_5.sol_h.out

Executing subprocess:
/data/chodera/schrodinger/schrodinger2017-4-advanced/jaguar results -energy SM24_micro030_conf_1.nrg.out

Executing subprocess:
/data/chodera/schrodinger/schrodinger2017-4-advanced/jaguar results -esolv SM24_micro030_conf_1.sol.out

Executing subprocess:
/data/chodera/schrodinger/schrodinger2017-4-advanced/jaguar results -energy SM24_micro030_conf_2.nrg.out

Executing subprocess:
/data/chodera/schrodinger/schrodinger2017-4-advanced/jaguar results -esolv SM24_micro030_conf_2.sol.out

Executing subprocess:
/data/chodera/schrodinger/schrodinger2017-4-advanced/jaguar results -energy SM24_micro030_conf_3.nrg.out

Executing subprocess:
/data/chodera/schrodinger/schrodinger2017-4-advanced/jaguar results -esolv SM24_micro030_conf_3.sol.out

Executing subprocess:
/data/chodera/schrodinger/schrodinger2017-4-advanced/jaguar results -energy SM24_micro030_conf_4.nrg.out

Executing subprocess:
/data/chodera/schrodinger/schrodinger2017-4-advanced/jaguar results -esolv SM24_micro030_conf_4.sol.out

Executing subprocess:
/data/chodera/schrodinger/schrodinger2017-4-advanced/jaguar results -energy SM24_micro030_conf_5.nrg.out

  Results command failed: "/data/chodera/schrodinger/schrodinger2017-4-advanced/jaguar results -energy SM24_micro030_conf_5.nrg.out"

An error has occurred.  Information about the error has been written to 
/home/rustenburg/.schrodinger/exceptions/error20180511-180237.txt 

Please contact help@schrodinger.com for assistance. Include error20180511-180237.txt and a description of what you were doing when the error occurred.
