Command:    jaguar run pka.py -jobname jag_SM23_micro042_SM23_micro024 -PARALLEL 10 -WAIT -n -csrch -prot SM23_micro042.in -deprot SM23_micro024.in
Release:    2017-4
Exec:       /data/chodera/schrodinger/schrodinger2017-4-advanced/jaguar-v9.8/bin/Linux-x86_64
Host:       ls04
JobId:      ls04-0-5af4602b
JobDir:     /lila/data/chodera/schrodinger/tmpdir/rustenburg/jag_SM23_micro042_SM23_micro024
Date:       Thu May 10 11:07:28 2018

Contents of /lila/data/chodera/schrodinger/tmpdir/rustenburg/jag_SM23_micro042_SM23_micro024:
/lila/data/chodera/schrodinger/tmpdir/rustenburg/jag_SM23_micro042_SM23_micro024/jag_SM23_micro042_SM23_micro024.log
/lila/data/chodera/schrodinger/tmpdir/rustenburg/jag_SM23_micro042_SM23_micro024/SM23_micro042.in
/lila/data/chodera/schrodinger/tmpdir/rustenburg/jag_SM23_micro042_SM23_micro024/ls04-0-5af4602b.recover
/lila/data/chodera/schrodinger/tmpdir/rustenburg/jag_SM23_micro042_SM23_micro024/ls04-0-5af4602b.mpinodes
/lila/data/chodera/schrodinger/tmpdir/rustenburg/jag_SM23_micro042_SM23_micro024/ls04-0-5af4602b
/lila/data/chodera/schrodinger/tmpdir/rustenburg/jag_SM23_micro042_SM23_micro024/SM23_micro024.mae
/lila/data/chodera/schrodinger/tmpdir/rustenburg/jag_SM23_micro042_SM23_micro024/SM23_micro024.in
/lila/data/chodera/schrodinger/tmpdir/rustenburg/jag_SM23_micro042_SM23_micro024/jag_SM23_micro042_SM23_micro024.recover
/lila/data/chodera/schrodinger/tmpdir/rustenburg/jag_SM23_micro042_SM23_micro024/SM23_micro042.mae

=====================
 Jaguar pKa workflow
=====================

Analysing user-provided (prot, deprot) pair:
(SM23_micro042.in, SM23_micro024.in)
Found labile hydrogen 57 in SM23_micro042.in
Found labile hydrogen at atom 19 in SM23_micro024.in
Adding 'ipkat' keyword to input files.

Identifying pKa functional group for pair:
(SM23_micro042, SM23_micro024)

Executing subprocess:
/data/chodera/schrodinger/schrodinger2017-4-advanced/jaguar-v9.8/bin/Linux-x86_64/pka -i -j SM23_micro042.tmp.jres -n

Taking protonated structures from:
SM23_micro042.mae
Taking deprotonated structures from:
SM23_micro024.mae

This molecule from 'SM23_micro042.mae' in water was recognized as:

 # 	           Shell           
---	---------------------------
1: 	pyrimidine                 
2: 	heterocycle custom 1       
3: 	heterocycle                
4: 	Protonation of generic atom


Executing conformational search...

Executing 2 distributed subjobs:
---------------------------------

No more than 8 cpu(s) will be used per subjob.
No more than 10 cpu(s) will be used simultaneously.

Processing the following subjobs:
(1) jaguar run csrch.py SM23_micro042.mae -jobname SM23_micro042 -max_conf 5 -erg_window 50.208 -acc_level 1 -TPP 5
(2) jaguar run csrch.py SM23_micro024.mae -jobname SM23_micro024 -max_conf 5 -erg_window 50.208 -acc_level 1 -TPP 5

Running subjobs on hosts:
  localhost (Max: 2)
Number of jobs:       2
Max retries per job:  3
Max allowed failures: unlimited
Run with -LOCAL:      False
Verbosity:            normal

Starting JobDJ...

Keep one job on driver host: False
JobDJ columns:
  C: Number of completed subjobs
  A: Number of active subjobs (e.g., submitted, running)
  W: Number of waiting/pending subjobs

C A W | Activity  JobId  JobName  JobHost
- - - | --------- -----------------------
0 1 1 | launched  ls04-0-5af46039 SM23_micro042 localhost [ls04]
0 2 0 | launched  ls04-0-5af4603f SM23_micro024 localhost [ls04]
