Taking protonated structures from:
SM19_micro007_conf_1.dft_h.01.mae
SM19_micro007_conf_2.dft_h.01.mae
SM19_micro007_conf_3.dft_h.01.mae
SM19_micro007_conf_4.dft_h.01.mae
SM19_micro007_conf_5.dft_h.01.mae
Taking deprotonated structures from:
SM19_micro013_conf_1.dft.01.mae
SM19_micro013_conf_2.dft.01.mae
SM19_micro013_conf_3.dft.01.mae
SM19_micro013_conf_4.dft.01.mae
SM19_micro013_conf_5.dft.01.mae

Corrected results for 'protonated' structure in water:
pKa atom: 34

 # 	                 Shell                  	 pKa 	RMSD	 Contribution
---	----------------------------------------	-----	-----	--------------
1: 	mono keto CH acid                       	13.73	0.641	    62.88%
2: 	Protonation of generic atom             	10.68	2.264	    31.84%
3: 	aliphatic CH acid in water              	 9.04	2.584	     2.74%
4: 	Protonation of sp2-like aliphatic carbon	 9.26	2.605	     2.54%

 Final weighted pKa value is 12.52



