Command:    jaguar run pka.py -jobname jag_SM10_micro033_SM10_micro006 -PARALLEL 10 -n -csrch -prot SM10_micro033.in -deprot SM10_micro006.in
Release:    2017-4
Exec:       /data/chodera/schrodinger/schrodinger2017-4-advanced/jaguar-v9.8/bin/Linux-x86_64
Host:       lt08
JobId:      lilac-0-5aec80df
JobDir:     /lila/data/chodera/schrodinger/tmpdir/rustenburg/jag_SM10_micro033_SM10_micro006
Date:       Fri May  4 11:53:28 2018

Contents of /lila/data/chodera/schrodinger/tmpdir/rustenburg/jag_SM10_micro033_SM10_micro006:
/lila/data/chodera/schrodinger/tmpdir/rustenburg/jag_SM10_micro033_SM10_micro006/jag_SM10_micro033_SM10_micro006.log
/lila/data/chodera/schrodinger/tmpdir/rustenburg/jag_SM10_micro033_SM10_micro006/lilac-0-5aec80df.mpinodes
/lila/data/chodera/schrodinger/tmpdir/rustenburg/jag_SM10_micro033_SM10_micro006/lilac-0-5aec80df.jlog
/lila/data/chodera/schrodinger/tmpdir/rustenburg/jag_SM10_micro033_SM10_micro006/lilac-0-5aec80df.nodes
/lila/data/chodera/schrodinger/tmpdir/rustenburg/jag_SM10_micro033_SM10_micro006/SM10_micro033.in
/lila/data/chodera/schrodinger/tmpdir/rustenburg/jag_SM10_micro033_SM10_micro006/lilac-0-5aec80df.hosts
/lila/data/chodera/schrodinger/tmpdir/rustenburg/jag_SM10_micro033_SM10_micro006/SM10_micro006.in
/lila/data/chodera/schrodinger/tmpdir/rustenburg/jag_SM10_micro033_SM10_micro006/lilac-0-5aec80df.recover
/lila/data/chodera/schrodinger/tmpdir/rustenburg/jag_SM10_micro033_SM10_micro006/SM10_micro006.mae
/lila/data/chodera/schrodinger/tmpdir/rustenburg/jag_SM10_micro033_SM10_micro006/SM10_micro033.mae
/lila/data/chodera/schrodinger/tmpdir/rustenburg/jag_SM10_micro033_SM10_micro006/lilac-0-5aec80df
/lila/data/chodera/schrodinger/tmpdir/rustenburg/jag_SM10_micro033_SM10_micro006/jag_SM10_micro033_SM10_micro006.recover

=====================
 Jaguar pKa workflow
=====================

Analysing user-provided (prot, deprot) pair:
(SM10_micro033.in, SM10_micro006.in)
Error: heavy atoms are different in input files:
SM10_micro033.in
SM10_micro006.in


An error has occurred.  Information about the error has been written to 
/home/rustenburg/.schrodinger/exceptions/error20180504-115328.txt 

Please contact help@schrodinger.com for assistance. Include error20180504-115328.txt and a description of what you were doing when the error occurred.
