Command:    jaguar run pka.py -jobname jag_SM02_micro002_SM02_micro011 -PARALLEL 10 -n -csrch -prot SM02_micro002.in -deprot SM02_micro011.in
Release:    2017-4
Exec:       /data/chodera/schrodinger/schrodinger2017-4-advanced/jaguar-v9.8/bin/Linux-x86_64
Host:       lt12
JobId:      lilac-0-5aec66e7
JobDir:     /lila/data/chodera/schrodinger/tmpdir/rustenburg/jag_SM02_micro002_SM02_micro011
Date:       Fri May  4 09:58:03 2018

Contents of /lila/data/chodera/schrodinger/tmpdir/rustenburg/jag_SM02_micro002_SM02_micro011:
/lila/data/chodera/schrodinger/tmpdir/rustenburg/jag_SM02_micro002_SM02_micro011/jag_SM02_micro002_SM02_micro011.recover
/lila/data/chodera/schrodinger/tmpdir/rustenburg/jag_SM02_micro002_SM02_micro011/lilac-0-5aec66e7.mpinodes
/lila/data/chodera/schrodinger/tmpdir/rustenburg/jag_SM02_micro002_SM02_micro011/lilac-0-5aec66e7.hosts
/lila/data/chodera/schrodinger/tmpdir/rustenburg/jag_SM02_micro002_SM02_micro011/SM02_micro011.mae
/lila/data/chodera/schrodinger/tmpdir/rustenburg/jag_SM02_micro002_SM02_micro011/SM02_micro011.in
/lila/data/chodera/schrodinger/tmpdir/rustenburg/jag_SM02_micro002_SM02_micro011/lilac-0-5aec66e7.jlog
/lila/data/chodera/schrodinger/tmpdir/rustenburg/jag_SM02_micro002_SM02_micro011/lilac-0-5aec66e7
/lila/data/chodera/schrodinger/tmpdir/rustenburg/jag_SM02_micro002_SM02_micro011/SM02_micro002.mae
/lila/data/chodera/schrodinger/tmpdir/rustenburg/jag_SM02_micro002_SM02_micro011/lilac-0-5aec66e7.nodes
/lila/data/chodera/schrodinger/tmpdir/rustenburg/jag_SM02_micro002_SM02_micro011/lilac-0-5aec66e7.recover
/lila/data/chodera/schrodinger/tmpdir/rustenburg/jag_SM02_micro002_SM02_micro011/jag_SM02_micro002_SM02_micro011.log
/lila/data/chodera/schrodinger/tmpdir/rustenburg/jag_SM02_micro002_SM02_micro011/SM02_micro002.in

=====================
 Jaguar pKa workflow
=====================

Analysing user-provided (prot, deprot) pair:
(SM02_micro002.in, SM02_micro011.in)
Found labile hydrogen 27 in SM02_micro002.in
Found labile hydrogen at atom 11 in SM02_micro011.in
Adding 'ipkat' keyword to input files.

Identifying pKa functional group for pair:
(SM02_micro002, SM02_micro011)

Executing subprocess:
/data/chodera/schrodinger/schrodinger2017-4-advanced/jaguar-v9.8/bin/Linux-x86_64/pka -i -j SM02_micro002.tmp.jres -n

Taking protonated structures from:
SM02_micro002.mae
Taking deprotonated structures from:
SM02_micro011.mae

This molecule from 'SM02_micro002.mae' in water was recognized as:

 # 	                  Shell                   
---	------------------------------------------
1: 	Protonation of sp2-like aliphatic nitrogen
2: 	Protonation of generic atom               


Executing conformational search...

Executing 2 distributed subjobs:
---------------------------------

No more than 8 cpu(s) will be used per subjob.
No more than 10 cpu(s) will be used simultaneously.

Processing the following subjobs:
(1) jaguar run csrch.py SM02_micro002.mae -jobname SM02_micro002 -max_conf 5 -erg_window 50.208 -acc_level 1 -TPP 5
(2) jaguar run csrch.py SM02_micro011.mae -jobname SM02_micro011 -max_conf 5 -erg_window 50.208 -acc_level 1 -TPP 5

Running subjobs on hosts:
  lsf-cpu (Max: 2)
Number of jobs:       2
Max retries per job:  3
Max allowed failures: unlimited
Run with -LOCAL:      False
Verbosity:            normal

Starting JobDJ...

Keep one job on driver host: False
JobDJ columns:
  C: Number of completed subjobs
  A: Number of active subjobs (e.g., submitted, running)
  W: Number of waiting/pending subjobs

C A W | Activity  JobId  JobName  JobHost
- - - | --------- -----------------------
0 1 1 | launched  lt12-0-5aec66f0 SM02_micro002 lsf-cpu
0 2 0 | launched  lt12-0-5aec66f3 SM02_micro011 lsf-cpu
1 1 0 | finished  lt12-0-5aec66f0 SM02_micro002 lsf-cpu
2 0 0 | finished  lt12-0-5aec66f3 SM02_micro011 lsf-cpu

All jobs have completed.

2 of 2 job(s) succeeded; 0 job(s) failed.

Timer (distribute subjobs) : 509.80 secs (0 hrs, 08 mins, 29 secs)

Setting up QM workflow for (protonated, deprotonated) pair:
(1) (SM02_micro002, SM02_micro011)

Executing Jaguar quantum-mechanical subjobs...

Executing 10 distributed subjobs:
----------------------------------

No more than 8 cpu(s) will be used per subjob.
No more than 10 cpu(s) will be used simultaneously.

Processing the following subjobs:
(1) jaguar run pka_prot.bat -jobname SM02_micro002_conf_1 SM02_micro002_conf_1.in
(2) jaguar run pka_prot.bat -jobname SM02_micro002_conf_2 SM02_micro002_conf_2.in
(3) jaguar run pka_prot.bat -jobname SM02_micro002_conf_3 SM02_micro002_conf_3.in
(4) jaguar run pka_prot.bat -jobname SM02_micro002_conf_4 SM02_micro002_conf_4.in
(5) jaguar run pka_prot.bat -jobname SM02_micro002_conf_5 SM02_micro002_conf_5.in
(6) jaguar run pka_deprot.bat -jobname SM02_micro011_conf_1 SM02_micro011_conf_1.in
(7) jaguar run pka_deprot.bat -jobname SM02_micro011_conf_2 SM02_micro011_conf_2.in
(8) jaguar run pka_deprot.bat -jobname SM02_micro011_conf_3 SM02_micro011_conf_3.in
(9) jaguar run pka_deprot.bat -jobname SM02_micro011_conf_4 SM02_micro011_conf_4.in
(10) jaguar run pka_deprot.bat -jobname SM02_micro011_conf_5 SM02_micro011_conf_5.in

Running subjobs on hosts:
  lsf-cpu (Max: 10)
Number of jobs:       10
Max retries per job:  3
Max allowed failures: unlimited
Run with -LOCAL:      False
Verbosity:            normal

Starting JobDJ...

Keep one job on driver host: True
JobDJ columns:
  C: Number of completed subjobs
  A: Number of active subjobs (e.g., submitted, running)
  W: Number of waiting/pending subjobs

 C  A  W | Activity  JobId  JobName  JobHost
-- -- -- | --------- -----------------------
 0  1  9 | launched  lt12-0-5aec68f4 SM02_micro002_conf_1 localhost [lt12]
 0  2  8 | launched  lt12-0-5aec68fc SM02_micro002_conf_2 lsf-cpu
 0  3  7 | launched  lt12-0-5aec6905 SM02_micro002_conf_3 lsf-cpu
 0  4  6 | launched  lt12-0-5aec690e SM02_micro002_conf_4 lsf-cpu
 0  5  5 | launched  lt12-0-5aec6917 SM02_micro002_conf_5 lsf-cpu
 0  6  4 | launched  lt12-0-5aec6920 SM02_micro011_conf_1 lsf-cpu
 0  7  3 | launched  lt12-0-5aec6929 SM02_micro011_conf_2 lsf-cpu
 0  8  2 | launched  lt12-0-5aec6932 SM02_micro011_conf_3 lsf-cpu
 0  9  1 | launched  lt12-0-5aec693c SM02_micro011_conf_4 lsf-cpu
 0 10  0 | launched  lt12-0-5aec6946 SM02_micro011_conf_5 lsf-cpu
 1  9  0 | finished  lt12-0-5aec6920 SM02_micro011_conf_1 lsf-cpu [lt12]
 2  8  0 | finished  lt12-0-5aec6917 SM02_micro002_conf_5 lsf-cpu [lt12]
 3  7  0 | finished  lt12-0-5aec6905 SM02_micro002_conf_3 lsf-cpu [lt22]
 4  6  0 | finished  lt12-0-5aec68fc SM02_micro002_conf_2 lsf-cpu [lt08]
 5  5  0 | finished  lt12-0-5aec68f4 SM02_micro002_conf_1 localhost [lt12]
 6  4  0 | finished  lt12-0-5aec6932 SM02_micro011_conf_3 lsf-cpu [ls02]
 7  3  0 | finished  lt12-0-5aec6946 SM02_micro011_conf_5 lsf-cpu [lt17]
 8  2  0 | finished  lt12-0-5aec6929 SM02_micro011_conf_2 lsf-cpu [lt17]
 9  1  0 | finished  lt12-0-5aec690e SM02_micro002_conf_4 lsf-cpu [lt17]
10  0  0 | finished  lt12-0-5aec693c SM02_micro011_conf_4 lsf-cpu [lt17]

All jobs have completed.

10 of 10 job(s) succeeded; 0 job(s) failed.

Timer (distribute subjobs) : 4374.15 secs (1 hrs, 12 mins, 54 secs)

Processing QM output files...

Executing subprocess:
/data/chodera/schrodinger/schrodinger2017-4-advanced/jaguar results -energy SM02_micro002_conf_1.nrg_h.out

Executing subprocess:
/data/chodera/schrodinger/schrodinger2017-4-advanced/jaguar results -esolv SM02_micro002_conf_1.sol_h.out

Executing subprocess:
/data/chodera/schrodinger/schrodinger2017-4-advanced/jaguar results -energy SM02_micro002_conf_2.nrg_h.out

Executing subprocess:
/data/chodera/schrodinger/schrodinger2017-4-advanced/jaguar results -esolv SM02_micro002_conf_2.sol_h.out

Executing subprocess:
/data/chodera/schrodinger/schrodinger2017-4-advanced/jaguar results -energy SM02_micro002_conf_3.nrg_h.out

Executing subprocess:
/data/chodera/schrodinger/schrodinger2017-4-advanced/jaguar results -esolv SM02_micro002_conf_3.sol_h.out

Executing subprocess:
/data/chodera/schrodinger/schrodinger2017-4-advanced/jaguar results -energy SM02_micro002_conf_4.nrg_h.out

Executing subprocess:
/data/chodera/schrodinger/schrodinger2017-4-advanced/jaguar results -esolv SM02_micro002_conf_4.sol_h.out

Executing subprocess:
/data/chodera/schrodinger/schrodinger2017-4-advanced/jaguar results -energy SM02_micro002_conf_5.nrg_h.out

Executing subprocess:
/data/chodera/schrodinger/schrodinger2017-4-advanced/jaguar results -esolv SM02_micro002_conf_5.sol_h.out

Executing subprocess:
/data/chodera/schrodinger/schrodinger2017-4-advanced/jaguar results -energy SM02_micro011_conf_1.nrg.out

Executing subprocess:
/data/chodera/schrodinger/schrodinger2017-4-advanced/jaguar results -esolv SM02_micro011_conf_1.sol.out

Executing subprocess:
/data/chodera/schrodinger/schrodinger2017-4-advanced/jaguar results -energy SM02_micro011_conf_2.nrg.out

Executing subprocess:
/data/chodera/schrodinger/schrodinger2017-4-advanced/jaguar results -esolv SM02_micro011_conf_2.sol.out

Executing subprocess:
/data/chodera/schrodinger/schrodinger2017-4-advanced/jaguar results -energy SM02_micro011_conf_3.nrg.out

Executing subprocess:
/data/chodera/schrodinger/schrodinger2017-4-advanced/jaguar results -esolv SM02_micro011_conf_3.sol.out

Executing subprocess:
/data/chodera/schrodinger/schrodinger2017-4-advanced/jaguar results -energy SM02_micro011_conf_4.nrg.out

Executing subprocess:
/data/chodera/schrodinger/schrodinger2017-4-advanced/jaguar results -esolv SM02_micro011_conf_4.sol.out

Executing subprocess:
/data/chodera/schrodinger/schrodinger2017-4-advanced/jaguar results -energy SM02_micro011_conf_5.nrg.out

Executing subprocess:
/data/chodera/schrodinger/schrodinger2017-4-advanced/jaguar results -esolv SM02_micro011_conf_5.sol.out

Executing subprocess:
/data/chodera/schrodinger/schrodinger2017-4-advanced/jaguar-v9.8/bin/Linux-x86_64/pka -o SM02_micro002_deprot-out.mae -j SM02_micro002.jres -n -d

Executing subprocess:
/data/chodera/schrodinger/schrodinger2017-4-advanced/jaguar-v9.8/bin/Linux-x86_64/pka -o SM02_micro002_prot-out.mae -j SM02_micro002.jres -n

pKa calculation for SM02_micro002 completed.

pKa workflow jag_SM02_micro002_SM02_micro011 completed.

Timer (Jaguar pKa) : 4952.02 secs (1 hrs, 22 mins, 32 secs)
Timer (jaguar_backend.py) : 4952.02 secs (1 hrs, 22 mins, 32 secs)
Finished:   Fri May  4 11:20:35 2018
