Command:    jaguar run pka.py -jobname jag_SM18_micro055_SM18_micro072 -PARALLEL 10 -WAIT -n -csrch -prot SM18_micro055.in -deprot SM18_micro072.in
Release:    2017-4
Exec:       /data/chodera/schrodinger/schrodinger2017-4-advanced/jaguar-v9.8/bin/Linux-x86_64
Host:       ls14
JobId:      ls14-0-5b031a18
JobDir:     /lila/data/chodera/schrodinger/tmpdir/rustenburg/jag_SM18_micro055_SM18_micro072
Date:       Mon May 21 15:12:26 2018

Contents of /lila/data/chodera/schrodinger/tmpdir/rustenburg/jag_SM18_micro055_SM18_micro072:
/lila/data/chodera/schrodinger/tmpdir/rustenburg/jag_SM18_micro055_SM18_micro072/jag_SM18_micro055_SM18_micro072.log
/lila/data/chodera/schrodinger/tmpdir/rustenburg/jag_SM18_micro055_SM18_micro072/SM18_micro072.mae
/lila/data/chodera/schrodinger/tmpdir/rustenburg/jag_SM18_micro055_SM18_micro072/SM18_micro072.in
/lila/data/chodera/schrodinger/tmpdir/rustenburg/jag_SM18_micro055_SM18_micro072/ls14-0-5b031a18
/lila/data/chodera/schrodinger/tmpdir/rustenburg/jag_SM18_micro055_SM18_micro072/SM18_micro055.in
/lila/data/chodera/schrodinger/tmpdir/rustenburg/jag_SM18_micro055_SM18_micro072/ls14-0-5b031a18.recover
/lila/data/chodera/schrodinger/tmpdir/rustenburg/jag_SM18_micro055_SM18_micro072/jag_SM18_micro055_SM18_micro072.recover
/lila/data/chodera/schrodinger/tmpdir/rustenburg/jag_SM18_micro055_SM18_micro072/ls14-0-5b031a18.mpinodes
/lila/data/chodera/schrodinger/tmpdir/rustenburg/jag_SM18_micro055_SM18_micro072/SM18_micro055.mae

=====================
 Jaguar pKa workflow
=====================

Analysing user-provided (prot, deprot) pair:
(SM18_micro055.in, SM18_micro072.in)
Found labile hydrogen 47 in SM18_micro055.in
Found labile hydrogen at atom 18 in SM18_micro072.in
Adding 'ipkat' keyword to input files.

Identifying pKa functional group for pair:
(SM18_micro055, SM18_micro072)

Executing subprocess:
/data/chodera/schrodinger/schrodinger2017-4-advanced/jaguar-v9.8/bin/Linux-x86_64/pka -i -j SM18_micro055.tmp.jres -n

Taking protonated structures from:
SM18_micro055.mae
Taking deprotonated structures from:
SM18_micro072.mae

This molecule from 'SM18_micro055.mae' in water was recognized as:

 # 	           Shell           
---	---------------------------
1: 	thiazole/benzothiazole     
2: 	heterocycle                
3: 	Protonation of generic atom


Executing conformational search...

Executing 2 distributed subjobs:
---------------------------------

No more than 8 cpu(s) will be used per subjob.
No more than 10 cpu(s) will be used simultaneously.

Processing the following subjobs:
(1) jaguar run csrch.py SM18_micro055.mae -jobname SM18_micro055 -max_conf 5 -erg_window 50.208 -acc_level 1 -TPP 5
(2) jaguar run csrch.py SM18_micro072.mae -jobname SM18_micro072 -max_conf 5 -erg_window 50.208 -acc_level 1 -TPP 5

Running subjobs on hosts:
  localhost (Max: 2)
Number of jobs:       2
Max retries per job:  3
Max allowed failures: unlimited
Run with -LOCAL:      False
Verbosity:            normal

Starting JobDJ...

Keep one job on driver host: False
JobDJ columns:
  C: Number of completed subjobs
  A: Number of active subjobs (e.g., submitted, running)
  W: Number of waiting/pending subjobs

C A W | Activity  JobId  JobName  JobHost
- - - | --------- -----------------------
0 1 1 | launched  ls14-0-5b031a1f SM18_micro055 localhost [ls14]
0 2 0 | launched  ls14-0-5b031a22 SM18_micro072 localhost [ls14]
1 1 0 | finished  ls14-0-5b031a22 SM18_micro072 localhost [ls14]
2 0 0 | finished  ls14-0-5b031a1f SM18_micro055 localhost [ls14]

All jobs have completed.

2 of 2 job(s) succeeded; 0 job(s) failed.

Timer (distribute subjobs) : 2351.51 secs (0 hrs, 39 mins, 11 secs)

Setting up QM workflow for (protonated, deprotonated) pair:
(1) (SM18_micro055, SM18_micro072)

Executing Jaguar quantum-mechanical subjobs...

Executing 10 distributed subjobs:
----------------------------------

No more than 8 cpu(s) will be used per subjob.
No more than 10 cpu(s) will be used simultaneously.

Processing the following subjobs:
(1) jaguar run pka_prot.bat -jobname SM18_micro055_conf_1 SM18_micro055_conf_1.in
(2) jaguar run pka_prot.bat -jobname SM18_micro055_conf_2 SM18_micro055_conf_2.in
(3) jaguar run pka_prot.bat -jobname SM18_micro055_conf_3 SM18_micro055_conf_3.in
(4) jaguar run pka_prot.bat -jobname SM18_micro055_conf_4 SM18_micro055_conf_4.in
(5) jaguar run pka_prot.bat -jobname SM18_micro055_conf_5 SM18_micro055_conf_5.in
(6) jaguar run pka_deprot.bat -jobname SM18_micro072_conf_1 SM18_micro072_conf_1.in
(7) jaguar run pka_deprot.bat -jobname SM18_micro072_conf_2 SM18_micro072_conf_2.in
(8) jaguar run pka_deprot.bat -jobname SM18_micro072_conf_3 SM18_micro072_conf_3.in
(9) jaguar run pka_deprot.bat -jobname SM18_micro072_conf_4 SM18_micro072_conf_4.in
(10) jaguar run pka_deprot.bat -jobname SM18_micro072_conf_5 SM18_micro072_conf_5.in

Running subjobs on hosts:
  localhost (Max: 10)
Number of jobs:       10
Max retries per job:  3
Max allowed failures: unlimited
Run with -LOCAL:      False
Verbosity:            normal

Starting JobDJ...

Keep one job on driver host: False
JobDJ columns:
  C: Number of completed subjobs
  A: Number of active subjobs (e.g., submitted, running)
  W: Number of waiting/pending subjobs

 C  A  W | Activity  JobId  JobName  JobHost
-- -- -- | --------- -----------------------
 0  1  9 | launched  ls14-0-5b032354 SM18_micro055_conf_1 localhost [ls14]
 0  2  8 | launched  ls14-0-5b032357 SM18_micro055_conf_2 localhost [ls14]
 0  3  7 | launched  ls14-1-5b032359 SM18_micro055_conf_3 localhost [ls14]
 0  4  6 | launched  ls14-0-5b03235d SM18_micro055_conf_4 localhost [ls14]
 0  5  5 | launched  ls14-0-5b03235f SM18_micro055_conf_5 localhost [ls14]
 0  6  4 | launched  ls14-0-5b032362 SM18_micro072_conf_1 localhost [ls14]
 0  7  3 | launched  ls14-0-5b032365 SM18_micro072_conf_2 localhost [ls14]
 0  8  2 | launched  ls14-1-5b032367 SM18_micro072_conf_3 localhost [ls14]
 0  9  1 | launched  ls14-0-5b03236b SM18_micro072_conf_4 localhost [ls14]
 0 10  0 | launched  ls14-0-5b03236e SM18_micro072_conf_5 localhost [ls14]
 1  9  0 | finished  ls14-1-5b032359 SM18_micro055_conf_3 localhost [ls14]
 2  8  0 | finished  ls14-0-5b032357 SM18_micro055_conf_2 localhost [ls14]
 3  7  0 | finished  ls14-0-5b032354 SM18_micro055_conf_1 localhost [ls14]
 4  6  0 | finished  ls14-0-5b032362 SM18_micro072_conf_1 localhost [ls14]
 5  5  0 | finished  ls14-0-5b03235d SM18_micro055_conf_4 localhost [ls14]
 6  4  0 | finished  ls14-0-5b032365 SM18_micro072_conf_2 localhost [ls14]
 7  3  0 | finished  ls14-1-5b032367 SM18_micro072_conf_3 localhost [ls14]
 8  2  0 | finished  ls14-0-5b03236e SM18_micro072_conf_5 localhost [ls14]
 9  1  0 | finished  ls14-0-5b03236b SM18_micro072_conf_4 localhost [ls14]
10  0  0 | finished  ls14-0-5b03235f SM18_micro055_conf_5 localhost [ls14]

All jobs have completed.

10 of 10 job(s) succeeded; 0 job(s) failed.

Timer (distribute subjobs) : 10841.27 secs (3 hrs, 00 mins, 41 secs)

Processing QM output files...

Executing subprocess:
/data/chodera/schrodinger/schrodinger2017-4-advanced/jaguar results -energy SM18_micro055_conf_1.nrg_h.out

Executing subprocess:
/data/chodera/schrodinger/schrodinger2017-4-advanced/jaguar results -esolv SM18_micro055_conf_1.sol_h.out

Executing subprocess:
/data/chodera/schrodinger/schrodinger2017-4-advanced/jaguar results -energy SM18_micro055_conf_2.nrg_h.out

Executing subprocess:
/data/chodera/schrodinger/schrodinger2017-4-advanced/jaguar results -esolv SM18_micro055_conf_2.sol_h.out

Executing subprocess:
/data/chodera/schrodinger/schrodinger2017-4-advanced/jaguar results -energy SM18_micro055_conf_3.nrg_h.out

Executing subprocess:
/data/chodera/schrodinger/schrodinger2017-4-advanced/jaguar results -esolv SM18_micro055_conf_3.sol_h.out

Executing subprocess:
/data/chodera/schrodinger/schrodinger2017-4-advanced/jaguar results -energy SM18_micro055_conf_4.nrg_h.out

Executing subprocess:
/data/chodera/schrodinger/schrodinger2017-4-advanced/jaguar results -esolv SM18_micro055_conf_4.sol_h.out

Executing subprocess:
/data/chodera/schrodinger/schrodinger2017-4-advanced/jaguar results -energy SM18_micro055_conf_5.nrg_h.out

Executing subprocess:
/data/chodera/schrodinger/schrodinger2017-4-advanced/jaguar results -esolv SM18_micro055_conf_5.sol_h.out

Executing subprocess:
/data/chodera/schrodinger/schrodinger2017-4-advanced/jaguar results -energy SM18_micro072_conf_1.nrg.out

Executing subprocess:
/data/chodera/schrodinger/schrodinger2017-4-advanced/jaguar results -esolv SM18_micro072_conf_1.sol.out

Executing subprocess:
/data/chodera/schrodinger/schrodinger2017-4-advanced/jaguar results -energy SM18_micro072_conf_2.nrg.out

Executing subprocess:
/data/chodera/schrodinger/schrodinger2017-4-advanced/jaguar results -esolv SM18_micro072_conf_2.sol.out

Executing subprocess:
/data/chodera/schrodinger/schrodinger2017-4-advanced/jaguar results -energy SM18_micro072_conf_3.nrg.out

Executing subprocess:
/data/chodera/schrodinger/schrodinger2017-4-advanced/jaguar results -esolv SM18_micro072_conf_3.sol.out

Executing subprocess:
/data/chodera/schrodinger/schrodinger2017-4-advanced/jaguar results -energy SM18_micro072_conf_4.nrg.out

Executing subprocess:
/data/chodera/schrodinger/schrodinger2017-4-advanced/jaguar results -esolv SM18_micro072_conf_4.sol.out

Executing subprocess:
/data/chodera/schrodinger/schrodinger2017-4-advanced/jaguar results -energy SM18_micro072_conf_5.nrg.out

Executing subprocess:
/data/chodera/schrodinger/schrodinger2017-4-advanced/jaguar results -esolv SM18_micro072_conf_5.sol.out

Executing subprocess:
/data/chodera/schrodinger/schrodinger2017-4-advanced/jaguar-v9.8/bin/Linux-x86_64/pka -o SM18_micro055_deprot-out.mae -j SM18_micro055.jres -n -d

Executing subprocess:
/data/chodera/schrodinger/schrodinger2017-4-advanced/jaguar-v9.8/bin/Linux-x86_64/pka -o SM18_micro055_prot-out.mae -j SM18_micro055.jres -n

pKa calculation for SM18_micro055 completed.

pKa workflow jag_SM18_micro055_SM18_micro072 completed.

Timer (Jaguar pKa) : 13259.00 secs (3 hrs, 40 mins, 59 secs)
Timer (jaguar_backend.py) : 13259.00 secs (3 hrs, 40 mins, 59 secs)
Finished:   Mon May 21 18:53:25 2018
