Command:    jaguar run pka.py -jobname jag_SM11_micro008_SM11_micro028 -PARALLEL 10 -n -csrch -prot SM11_micro008.in -deprot SM11_micro028.in
Release:    2017-4
Exec:       /data/chodera/schrodinger/schrodinger2017-4-advanced/jaguar-v9.8/bin/Linux-x86_64
Host:       lt05
JobId:      lilac-0-5aec9a1a
JobDir:     /lila/data/chodera/schrodinger/tmpdir/rustenburg/jag_SM11_micro008_SM11_micro028
Date:       Fri May  4 13:36:32 2018

Contents of /lila/data/chodera/schrodinger/tmpdir/rustenburg/jag_SM11_micro008_SM11_micro028:
/lila/data/chodera/schrodinger/tmpdir/rustenburg/jag_SM11_micro008_SM11_micro028/jag_SM11_micro008_SM11_micro028.log
/lila/data/chodera/schrodinger/tmpdir/rustenburg/jag_SM11_micro008_SM11_micro028/lilac-0-5aec9a1a.jlog
/lila/data/chodera/schrodinger/tmpdir/rustenburg/jag_SM11_micro008_SM11_micro028/SM11_micro008.mae
/lila/data/chodera/schrodinger/tmpdir/rustenburg/jag_SM11_micro008_SM11_micro028/lilac-0-5aec9a1a.hosts
/lila/data/chodera/schrodinger/tmpdir/rustenburg/jag_SM11_micro008_SM11_micro028/lilac-0-5aec9a1a.mpinodes
/lila/data/chodera/schrodinger/tmpdir/rustenburg/jag_SM11_micro008_SM11_micro028/lilac-0-5aec9a1a.nodes
/lila/data/chodera/schrodinger/tmpdir/rustenburg/jag_SM11_micro008_SM11_micro028/lilac-0-5aec9a1a
/lila/data/chodera/schrodinger/tmpdir/rustenburg/jag_SM11_micro008_SM11_micro028/SM11_micro028.mae
/lila/data/chodera/schrodinger/tmpdir/rustenburg/jag_SM11_micro008_SM11_micro028/lilac-0-5aec9a1a.recover
/lila/data/chodera/schrodinger/tmpdir/rustenburg/jag_SM11_micro008_SM11_micro028/SM11_micro008.in
/lila/data/chodera/schrodinger/tmpdir/rustenburg/jag_SM11_micro008_SM11_micro028/SM11_micro028.in
/lila/data/chodera/schrodinger/tmpdir/rustenburg/jag_SM11_micro008_SM11_micro028/jag_SM11_micro008_SM11_micro028.recover

=====================
 Jaguar pKa workflow
=====================

Analysing user-provided (prot, deprot) pair:
(SM11_micro008.in, SM11_micro028.in)
Found labile hydrogen 24 in SM11_micro008.in
Found labile hydrogen at atom 13 in SM11_micro028.in
Adding 'ipkat' keyword to input files.

Identifying pKa functional group for pair:
(SM11_micro008, SM11_micro028)

Executing subprocess:
/data/chodera/schrodinger/schrodinger2017-4-advanced/jaguar-v9.8/bin/Linux-x86_64/pka -i -j SM11_micro008.tmp.jres -n

Taking protonated structures from:
SM11_micro008.mae
Taking deprotonated structures from:
SM11_micro028.mae

This molecule from 'SM11_micro008.mae' in water was recognized as:

 # 	                  Shell                   
---	------------------------------------------
1: 	RN=Het                                    
2: 	Protonation of sp2-like aliphatic nitrogen
3: 	Protonation of generic atom               


Executing conformational search...

Executing 2 distributed subjobs:
---------------------------------

No more than 8 cpu(s) will be used per subjob.
No more than 10 cpu(s) will be used simultaneously.

Processing the following subjobs:
(1) jaguar run csrch.py SM11_micro008.mae -jobname SM11_micro008 -max_conf 5 -erg_window 50.208 -acc_level 1 -TPP 5
(2) jaguar run csrch.py SM11_micro028.mae -jobname SM11_micro028 -max_conf 5 -erg_window 50.208 -acc_level 1 -TPP 5

Running subjobs on hosts:
  lsf-cpu (Max: 2)
Number of jobs:       2
Max retries per job:  3
Max allowed failures: unlimited
Run with -LOCAL:      False
Verbosity:            normal

Starting JobDJ...

Keep one job on driver host: False
JobDJ columns:
  C: Number of completed subjobs
  A: Number of active subjobs (e.g., submitted, running)
  W: Number of waiting/pending subjobs

C A W | Activity  JobId  JobName  JobHost
- - - | --------- -----------------------
0 1 1 | launched  lt05-0-5aec9a27 SM11_micro008 lsf-cpu
0 2 0 | launched  lt05-0-5aec9a2b SM11_micro028 lsf-cpu
1 1 0 | finished  lt05-0-5aec9a2b SM11_micro028 lsf-cpu
2 0 0 | finished  lt05-0-5aec9a27 SM11_micro008 lsf-cpu

All jobs have completed.

2 of 2 job(s) succeeded; 0 job(s) failed.

Timer (distribute subjobs) : 374.75 secs (0 hrs, 06 mins, 14 secs)

Setting up QM workflow for (protonated, deprotonated) pair:
(1) (SM11_micro008, SM11_micro028)

Executing Jaguar quantum-mechanical subjobs...

Executing 8 distributed subjobs:
---------------------------------

No more than 8 cpu(s) will be used per subjob.
No more than 10 cpu(s) will be used simultaneously.

Processing the following subjobs:
(1) jaguar run pka_prot.bat -jobname SM11_micro008_conf_1 SM11_micro008_conf_1.in -TPP 2
(2) jaguar run pka_prot.bat -jobname SM11_micro008_conf_2 SM11_micro008_conf_2.in -TPP 2
(3) jaguar run pka_prot.bat -jobname SM11_micro008_conf_3 SM11_micro008_conf_3.in
(4) jaguar run pka_deprot.bat -jobname SM11_micro028_conf_1 SM11_micro028_conf_1.in
(5) jaguar run pka_deprot.bat -jobname SM11_micro028_conf_2 SM11_micro028_conf_2.in
(6) jaguar run pka_deprot.bat -jobname SM11_micro028_conf_3 SM11_micro028_conf_3.in
(7) jaguar run pka_deprot.bat -jobname SM11_micro028_conf_4 SM11_micro028_conf_4.in
(8) jaguar run pka_deprot.bat -jobname SM11_micro028_conf_5 SM11_micro028_conf_5.in

Running subjobs on hosts:
  lsf-cpu (Max: 8)
Number of jobs:       8
Max retries per job:  3
Max allowed failures: unlimited
Run with -LOCAL:      False
Verbosity:            normal

Starting JobDJ...

Keep one job on driver host: False
JobDJ columns:
  C: Number of completed subjobs
  A: Number of active subjobs (e.g., submitted, running)
  W: Number of waiting/pending subjobs

C A W | Activity  JobId  JobName  JobHost
- - - | --------- -----------------------
0 1 7 | launched  lt05-0-5aec9b9e SM11_micro008_conf_1 lsf-cpu
0 2 6 | launched  lt05-0-5aec9ba2 SM11_micro008_conf_2 lsf-cpu
0 3 5 | launched  lt05-0-5aec9ba5 SM11_micro008_conf_3 lsf-cpu
0 4 4 | launched  lt05-0-5aec9ba9 SM11_micro028_conf_1 lsf-cpu
0 5 3 | launched  lt05-0-5aec9bac SM11_micro028_conf_2 lsf-cpu
0 6 2 | launched  lt05-0-5aec9baf SM11_micro028_conf_3 lsf-cpu
0 7 1 | launched  lt05-0-5aec9bb2 SM11_micro028_conf_4 lsf-cpu
0 8 0 | launched  lt05-0-5aec9bb5 SM11_micro028_conf_5 lsf-cpu
1 7 0 | finished  lt05-0-5aec9b9e SM11_micro008_conf_1 lsf-cpu
2 6 0 | finished  lt05-0-5aec9bac SM11_micro028_conf_2 lsf-cpu
3 5 0 | finished  lt05-0-5aec9ba2 SM11_micro008_conf_2 lsf-cpu [ls17]
4 4 0 | finished  lt05-0-5aec9bb5 SM11_micro028_conf_5 lsf-cpu
5 3 0 | finished  lt05-0-5aec9baf SM11_micro028_conf_3 lsf-cpu [ls18]
6 2 0 | finished  lt05-0-5aec9ba5 SM11_micro008_conf_3 lsf-cpu [ls17]
7 1 0 | finished  lt05-0-5aec9bb2 SM11_micro028_conf_4 lsf-cpu [lt14]
8 0 0 | finished  lt05-0-5aec9ba9 SM11_micro028_conf_1 lsf-cpu [ls17]

All jobs have completed.

8 of 8 job(s) succeeded; 0 job(s) failed.

Timer (distribute subjobs) : 1390.58 secs (0 hrs, 23 mins, 10 secs)

Processing QM output files...

Executing subprocess:
/data/chodera/schrodinger/schrodinger2017-4-advanced/jaguar results -energy SM11_micro008_conf_1.nrg_h.out

Executing subprocess:
/data/chodera/schrodinger/schrodinger2017-4-advanced/jaguar results -esolv SM11_micro008_conf_1.sol_h.out

Executing subprocess:
/data/chodera/schrodinger/schrodinger2017-4-advanced/jaguar results -energy SM11_micro008_conf_2.nrg_h.out

Executing subprocess:
/data/chodera/schrodinger/schrodinger2017-4-advanced/jaguar results -esolv SM11_micro008_conf_2.sol_h.out

Executing subprocess:
/data/chodera/schrodinger/schrodinger2017-4-advanced/jaguar results -energy SM11_micro008_conf_3.nrg_h.out

Executing subprocess:
/data/chodera/schrodinger/schrodinger2017-4-advanced/jaguar results -esolv SM11_micro008_conf_3.sol_h.out

Executing subprocess:
/data/chodera/schrodinger/schrodinger2017-4-advanced/jaguar results -energy SM11_micro028_conf_1.nrg.out

Executing subprocess:
/data/chodera/schrodinger/schrodinger2017-4-advanced/jaguar results -esolv SM11_micro028_conf_1.sol.out

Executing subprocess:
/data/chodera/schrodinger/schrodinger2017-4-advanced/jaguar results -energy SM11_micro028_conf_2.nrg.out

Executing subprocess:
/data/chodera/schrodinger/schrodinger2017-4-advanced/jaguar results -esolv SM11_micro028_conf_2.sol.out

Executing subprocess:
/data/chodera/schrodinger/schrodinger2017-4-advanced/jaguar results -energy SM11_micro028_conf_3.nrg.out

Executing subprocess:
/data/chodera/schrodinger/schrodinger2017-4-advanced/jaguar results -esolv SM11_micro028_conf_3.sol.out

Executing subprocess:
/data/chodera/schrodinger/schrodinger2017-4-advanced/jaguar results -energy SM11_micro028_conf_4.nrg.out

Executing subprocess:
/data/chodera/schrodinger/schrodinger2017-4-advanced/jaguar results -esolv SM11_micro028_conf_4.sol.out

Executing subprocess:
/data/chodera/schrodinger/schrodinger2017-4-advanced/jaguar results -energy SM11_micro028_conf_5.nrg.out

Executing subprocess:
/data/chodera/schrodinger/schrodinger2017-4-advanced/jaguar results -esolv SM11_micro028_conf_5.sol.out

Executing subprocess:
/data/chodera/schrodinger/schrodinger2017-4-advanced/jaguar-v9.8/bin/Linux-x86_64/pka -o SM11_micro008_deprot-out.mae -j SM11_micro008.jres -n -d

Executing subprocess:
/data/chodera/schrodinger/schrodinger2017-4-advanced/jaguar-v9.8/bin/Linux-x86_64/pka -o SM11_micro008_prot-out.mae -j SM11_micro008.jres -n

pKa calculation for SM11_micro008 completed.

pKa workflow jag_SM11_micro008_SM11_micro028 completed.

Timer (Jaguar pKa) : 1838.60 secs (0 hrs, 30 mins, 38 secs)
Timer (jaguar_backend.py) : 1838.60 secs (0 hrs, 30 mins, 38 secs)
Finished:   Fri May  4 14:07:11 2018
