Taking protonated structures from:
SM04_micro015_conf_1.dft_h.01.mae
SM04_micro015_conf_2.dft_h.01.mae
SM04_micro015_conf_3.dft_h.01.mae
SM04_micro015_conf_4.dft_h.01.mae
SM04_micro015_conf_5.dft_h.01.mae
Taking deprotonated structures from:
SM04_micro008_conf_1.dft.01.mae
SM04_micro008_conf_2.dft.01.mae
SM04_micro008_conf_3.dft.01.mae
SM04_micro008_conf_4.dft.01.mae
SM04_micro008_conf_5.dft.01.mae

Corrected results for 'protonated' structure in water:
pKa atom: 20

 # 	           Shell           	 pKa 	RMSD	 Contribution
---	---------------------------	-----	-----	--------------
1: 	pyrimidine                 	-3.53	0.242	    29.52%
2: 	heterocycle custom 1       	-6.96	0.617	    40.39%
3: 	heterocycle                	-6.29	0.837	    23.87%
4: 	Protonation of generic atom	-3.49	2.264	     6.21%

 Final weighted pKa value is -5.57



