Taking protonated structures from:
SM21_micro030_conf_1.dft_h.01.mae
SM21_micro030_conf_2.dft_h.01.mae
SM21_micro030_conf_3.dft_h.01.mae
SM21_micro030_conf_4.dft_h.01.mae
SM21_micro030_conf_5.dft_h.01.mae
Taking deprotonated structures from:
SM21_micro001_conf_1.dft.01.mae
SM21_micro001_conf_2.dft.01.mae
SM21_micro001_conf_3.dft.01.mae
SM21_micro001_conf_4.dft.01.mae
SM21_micro001_conf_5.dft.01.mae

Corrected results for 'protonated' structure in water:
pKa atom: 33

 # 	                  Shell                   	 pKa 	RMSD	 Contribution
---	------------------------------------------	-----	-----	--------------
1: 	secondary aniline                         	-11.52	0.275	    13.48%
2: 	Protonation of sp3-like aliphatic nitrogen	-10.03	1.715	    81.23%
3: 	Protonation of generic atom               	-9.74	2.264	     5.28%

 Final weighted pKa value is -10.22



