Taking protonated structures from:
SM06_micro007_conf_1.dft_h.01.mae
SM06_micro007_conf_2.dft_h.01.mae
SM06_micro007_conf_3.dft_h.01.mae
SM06_micro007_conf_4.dft_h.01.mae
SM06_micro007_conf_5.dft_h.01.mae
Taking deprotonated structures from:
SM06_micro001_conf_1.dft.01.mae
SM06_micro001_conf_2.dft.01.mae
SM06_micro001_conf_3.dft.01.mae
SM06_micro001_conf_4.dft.01.mae
SM06_micro001_conf_5.dft.01.mae

Corrected results for 'protonated' structure in water:
pKa atom: 21

 # 	           Shell           	 pKa 	RMSD	 Contribution
---	---------------------------	-----	-----	--------------
1: 	quinoline                  	 4.78	0.374	    58.90%
2: 	pyridine                   	 4.62	0.493	    24.74%
3: 	heterocycle custom 1       	 4.35	0.617	    11.77%
4: 	heterocycle                	 4.55	0.837	     4.35%
5: 	Protonation of generic atom	 4.94	2.264	     0.25%

 Final weighted pKa value is 4.68



