Command:    jaguar run pka.py -jobname jag_SM18_micro002_SM18_micro005 -PARALLEL 10 -n -csrch -prot SM18_micro002.in -deprot SM18_micro005.in
Release:    2017-4
Exec:       /data/chodera/schrodinger/schrodinger2017-4-advanced/jaguar-v9.8/bin/Linux-x86_64
Host:       ls01
JobId:      lilac-0-5aecad4f
JobDir:     /lila/data/chodera/schrodinger/tmpdir/rustenburg/jag_SM18_micro002_SM18_micro005
Date:       Fri May  4 14:58:27 2018

Contents of /lila/data/chodera/schrodinger/tmpdir/rustenburg/jag_SM18_micro002_SM18_micro005:
/lila/data/chodera/schrodinger/tmpdir/rustenburg/jag_SM18_micro002_SM18_micro005/SM18_micro005.mae
/lila/data/chodera/schrodinger/tmpdir/rustenburg/jag_SM18_micro002_SM18_micro005/jag_SM18_micro002_SM18_micro005.log
/lila/data/chodera/schrodinger/tmpdir/rustenburg/jag_SM18_micro002_SM18_micro005/jag_SM18_micro002_SM18_micro005.recover
/lila/data/chodera/schrodinger/tmpdir/rustenburg/jag_SM18_micro002_SM18_micro005/lilac-0-5aecad4f.recover
/lila/data/chodera/schrodinger/tmpdir/rustenburg/jag_SM18_micro002_SM18_micro005/SM18_micro002.mae
/lila/data/chodera/schrodinger/tmpdir/rustenburg/jag_SM18_micro002_SM18_micro005/lilac-0-5aecad4f.mpinodes
/lila/data/chodera/schrodinger/tmpdir/rustenburg/jag_SM18_micro002_SM18_micro005/lilac-0-5aecad4f.hosts
/lila/data/chodera/schrodinger/tmpdir/rustenburg/jag_SM18_micro002_SM18_micro005/SM18_micro005.in
/lila/data/chodera/schrodinger/tmpdir/rustenburg/jag_SM18_micro002_SM18_micro005/lilac-0-5aecad4f.jlog
/lila/data/chodera/schrodinger/tmpdir/rustenburg/jag_SM18_micro002_SM18_micro005/SM18_micro002.in
/lila/data/chodera/schrodinger/tmpdir/rustenburg/jag_SM18_micro002_SM18_micro005/lilac-0-5aecad4f.nodes
/lila/data/chodera/schrodinger/tmpdir/rustenburg/jag_SM18_micro002_SM18_micro005/lilac-0-5aecad4f

=====================
 Jaguar pKa workflow
=====================

Analysing user-provided (prot, deprot) pair:
(SM18_micro002.in, SM18_micro005.in)
Found labile hydrogen 40 in SM18_micro002.in
Found labile hydrogen at atom 16 in SM18_micro005.in
Adding 'ipkat' keyword to input files.

Identifying pKa functional group for pair:
(SM18_micro002, SM18_micro005)

Executing subprocess:
/data/chodera/schrodinger/schrodinger2017-4-advanced/jaguar-v9.8/bin/Linux-x86_64/pka -i -j SM18_micro002.tmp.jres -n

Taking protonated structures from:
SM18_micro002.mae
Taking deprotonated structures from:
SM18_micro005.mae

This molecule from 'SM18_micro002.mae' in water was recognized as:

 # 	                  Shell                   
---	------------------------------------------
1: 	amide as acid                             
2: 	Protonation of sp2-like aliphatic nitrogen
3: 	Protonation of generic atom               


Executing conformational search...

Executing 2 distributed subjobs:
---------------------------------

No more than 8 cpu(s) will be used per subjob.
No more than 10 cpu(s) will be used simultaneously.

Processing the following subjobs:
(1) jaguar run csrch.py SM18_micro002.mae -jobname SM18_micro002 -max_conf 5 -erg_window 50.208 -acc_level 1 -TPP 5
(2) jaguar run csrch.py SM18_micro005.mae -jobname SM18_micro005 -max_conf 5 -erg_window 50.208 -acc_level 1 -TPP 5

Running subjobs on hosts:
  lsf-cpu (Max: 2)
Number of jobs:       2
Max retries per job:  3
Max allowed failures: unlimited
Run with -LOCAL:      False
Verbosity:            normal

Starting JobDJ...

Keep one job on driver host: False
JobDJ columns:
  C: Number of completed subjobs
  A: Number of active subjobs (e.g., submitted, running)
  W: Number of waiting/pending subjobs

C A W | Activity  JobId  JobName  JobHost
- - - | --------- -----------------------
0 1 1 | launched  ls01-0-5aecad5a SM18_micro002 lsf-cpu
0 2 0 | launched  ls01-0-5aecad5d SM18_micro005 lsf-cpu
1 1 0 | finished  ls01-0-5aecad5a SM18_micro002 lsf-cpu [ls14]
2 0 0 | finished  ls01-0-5aecad5d SM18_micro005 lsf-cpu [ls15]

All jobs have completed.

2 of 2 job(s) succeeded; 0 job(s) failed.

Timer (distribute subjobs) : 8048.54 secs (2 hrs, 14 mins, 08 secs)

Setting up QM workflow for (protonated, deprotonated) pair:
(1) (SM18_micro002, SM18_micro005)

Executing Jaguar quantum-mechanical subjobs...

Executing 10 distributed subjobs:
----------------------------------

No more than 8 cpu(s) will be used per subjob.
No more than 10 cpu(s) will be used simultaneously.

Processing the following subjobs:
(1) jaguar run pka_prot.bat -jobname SM18_micro002_conf_1 SM18_micro002_conf_1.in
(2) jaguar run pka_prot.bat -jobname SM18_micro002_conf_2 SM18_micro002_conf_2.in
(3) jaguar run pka_prot.bat -jobname SM18_micro002_conf_3 SM18_micro002_conf_3.in
(4) jaguar run pka_prot.bat -jobname SM18_micro002_conf_4 SM18_micro002_conf_4.in
(5) jaguar run pka_prot.bat -jobname SM18_micro002_conf_5 SM18_micro002_conf_5.in
(6) jaguar run pka_deprot.bat -jobname SM18_micro005_conf_1 SM18_micro005_conf_1.in
(7) jaguar run pka_deprot.bat -jobname SM18_micro005_conf_2 SM18_micro005_conf_2.in
(8) jaguar run pka_deprot.bat -jobname SM18_micro005_conf_3 SM18_micro005_conf_3.in
(9) jaguar run pka_deprot.bat -jobname SM18_micro005_conf_4 SM18_micro005_conf_4.in
(10) jaguar run pka_deprot.bat -jobname SM18_micro005_conf_5 SM18_micro005_conf_5.in

Running subjobs on hosts:
  lsf-cpu (Max: 10)
Number of jobs:       10
Max retries per job:  3
Max allowed failures: unlimited
Run with -LOCAL:      False
Verbosity:            normal

Starting JobDJ...

Keep one job on driver host: True
JobDJ columns:
  C: Number of completed subjobs
  A: Number of active subjobs (e.g., submitted, running)
  W: Number of waiting/pending subjobs

 C  A  W | Activity  JobId  JobName  JobHost
-- -- -- | --------- -----------------------
 0  1  9 | launched  ls01-0-5aecccd3 SM18_micro002_conf_1 localhost [ls01]
 0  2  8 | launched  ls01-0-5aecccd8 SM18_micro002_conf_2 lsf-cpu
 0  3  7 | launched  ls01-0-5aecccdd SM18_micro002_conf_3 lsf-cpu
 0  4  6 | launched  ls01-0-5aeccce1 SM18_micro002_conf_4 lsf-cpu
 0  5  5 | launched  ls01-0-5aeccce6 SM18_micro002_conf_5 lsf-cpu
 0  6  4 | launched  ls01-0-5aeccceb SM18_micro005_conf_1 lsf-cpu
 0  7  3 | launched  ls01-0-5aecccf0 SM18_micro005_conf_2 lsf-cpu
 0  8  2 | launched  ls01-0-5aecccf5 SM18_micro005_conf_3 lsf-cpu
 0  9  1 | launched  ls01-0-5aecccfa SM18_micro005_conf_4 lsf-cpu
 0 10  0 | launched  ls01-0-5aecccff SM18_micro005_conf_5 lsf-cpu
 1  9  0 | finished  ls01-0-5aecccd3 SM18_micro002_conf_1 localhost [ls01]
 1  9  0 | launched  ls01-0-5aece13f SM18_micro005_conf_5 localhost [ls01]
 2  8  0 | finished  ls01-0-5aece13f SM18_micro005_conf_5 localhost [ls01]
 3  7  0 | finished  ls01-0-5aecccdd SM18_micro002_conf_3 lsf-cpu [lt17]
 4  6  0 | finished  ls01-0-5aecccf5 SM18_micro005_conf_3 lsf-cpu [ls16]
 5  5  0 | finished  ls01-0-5aecccd8 SM18_micro002_conf_2 lsf-cpu [lt17]
 6  4  0 | finished  ls01-0-5aecccf0 SM18_micro005_conf_2 lsf-cpu [ls16]
 7  3  0 | finished  ls01-0-5aeccceb SM18_micro005_conf_1 lsf-cpu [lt17]
 8  2  0 | finished  ls01-0-5aecccfa SM18_micro005_conf_4 lsf-cpu [lt22]
 9  1  0 | finished  ls01-0-5aeccce1 SM18_micro002_conf_4 lsf-cpu [lt17]
