Taking protonated structures from:
SM23_micro045_conf_1.dft_h.01.mae
SM23_micro045_conf_2.dft_h.01.mae
SM23_micro045_conf_3.dft_h.01.mae
SM23_micro045_conf_4.dft_h.01.mae
SM23_micro045_conf_5.dft_h.01.mae
Taking deprotonated structures from:
SM23_micro040_conf_1.dft.01.mae
SM23_micro040_conf_2.dft.01.mae
SM23_micro040_conf_3.dft.01.mae
SM23_micro040_conf_4.dft.01.mae
SM23_micro040_conf_5.dft.01.mae

Corrected results for 'protonated' structure in water:
pKa atom: 32

 # 	                  Shell                   	 pKa 	RMSD	 Contribution
---	------------------------------------------	-----	-----	--------------
1: 	secondary aniline                         	-16.99	0.275	    93.76%
2: 	Protonation of sp3-like aliphatic nitrogen	-14.87	1.715	     5.85%
3: 	Protonation of generic atom               	-14.31	2.264	     0.40%

 Final weighted pKa value is -16.85



