Command:    jaguar run pka.py -jobname jag_SM21_micro003_SM21_micro015 -PARALLEL 10 -WAIT -n -csrch -prot SM21_micro003.in -deprot SM21_micro015.in
Release:    2017-4
Exec:       /data/chodera/schrodinger/schrodinger2017-4-advanced/jaguar-v9.8/bin/Linux-x86_64
Host:       lt18
JobId:      lt18-2-5af456ee
JobDir:     /lila/data/chodera/schrodinger/tmpdir/rustenburg/jag_SM21_micro003_SM21_micro015
Date:       Thu May 10 10:28:00 2018

Contents of /lila/data/chodera/schrodinger/tmpdir/rustenburg/jag_SM21_micro003_SM21_micro015:
/lila/data/chodera/schrodinger/tmpdir/rustenburg/jag_SM21_micro003_SM21_micro015/SM21_micro015.mae
/lila/data/chodera/schrodinger/tmpdir/rustenburg/jag_SM21_micro003_SM21_micro015/SM21_micro015.in
/lila/data/chodera/schrodinger/tmpdir/rustenburg/jag_SM21_micro003_SM21_micro015/jag_SM21_micro003_SM21_micro015.recover
/lila/data/chodera/schrodinger/tmpdir/rustenburg/jag_SM21_micro003_SM21_micro015/lt18-2-5af456ee.recover
/lila/data/chodera/schrodinger/tmpdir/rustenburg/jag_SM21_micro003_SM21_micro015/SM21_micro003.mae
/lila/data/chodera/schrodinger/tmpdir/rustenburg/jag_SM21_micro003_SM21_micro015/SM21_micro003.in
/lila/data/chodera/schrodinger/tmpdir/rustenburg/jag_SM21_micro003_SM21_micro015/lt18-2-5af456ee
/lila/data/chodera/schrodinger/tmpdir/rustenburg/jag_SM21_micro003_SM21_micro015/jag_SM21_micro003_SM21_micro015.log
/lila/data/chodera/schrodinger/tmpdir/rustenburg/jag_SM21_micro003_SM21_micro015/lt18-2-5af456ee.mpinodes

=====================
 Jaguar pKa workflow
=====================

Analysing user-provided (prot, deprot) pair:
(SM21_micro003.in, SM21_micro015.in)
Found labile hydrogen 29 in SM21_micro003.in
Found labile hydrogen at atom 8 in SM21_micro015.in
Adding 'ipkat' keyword to input files.

Identifying pKa functional group for pair:
(SM21_micro003, SM21_micro015)

Executing subprocess:
/data/chodera/schrodinger/schrodinger2017-4-advanced/jaguar-v9.8/bin/Linux-x86_64/pka -i -j SM21_micro003.tmp.jres -n

Taking protonated structures from:
SM21_micro003.mae
Taking deprotonated structures from:
SM21_micro015.mae

This molecule from 'SM21_micro003.mae' in water was recognized as:

 # 	                  Shell                   
---	------------------------------------------
1: 	Protonation of sp2-like aliphatic nitrogen
2: 	Protonation of generic atom               


Executing conformational search...

Executing 2 distributed subjobs:
---------------------------------

No more than 8 cpu(s) will be used per subjob.
No more than 10 cpu(s) will be used simultaneously.

Processing the following subjobs:
(1) jaguar run csrch.py SM21_micro003.mae -jobname SM21_micro003 -max_conf 5 -erg_window 50.208 -acc_level 1 -TPP 5
(2) jaguar run csrch.py SM21_micro015.mae -jobname SM21_micro015 -max_conf 5 -erg_window 50.208 -acc_level 1 -TPP 5

Running subjobs on hosts:
  localhost (Max: 2)
Number of jobs:       2
Max retries per job:  3
Max allowed failures: unlimited
Run with -LOCAL:      False
Verbosity:            normal

Starting JobDJ...

Keep one job on driver host: False
JobDJ columns:
  C: Number of completed subjobs
  A: Number of active subjobs (e.g., submitted, running)
  W: Number of waiting/pending subjobs

C A W | Activity  JobId  JobName  JobHost
- - - | --------- -----------------------
0 1 1 | launched  lt18-2-5af456f6 SM21_micro003 localhost [lt18]
0 2 0 | launched  lt18-1-5af456fa SM21_micro015 localhost [lt18]
1 1 0 | finished  lt18-2-5af456f6 SM21_micro003 localhost [lt18]
2 0 0 | finished  lt18-1-5af456fa SM21_micro015 localhost [lt18]

All jobs have completed.

2 of 2 job(s) succeeded; 0 job(s) failed.

Timer (distribute subjobs) : 1969.39 secs (0 hrs, 32 mins, 49 secs)

Setting up QM workflow for (protonated, deprotonated) pair:
(1) (SM21_micro003, SM21_micro015)

Executing Jaguar quantum-mechanical subjobs...

Executing 10 distributed subjobs:
----------------------------------

No more than 8 cpu(s) will be used per subjob.
No more than 10 cpu(s) will be used simultaneously.

Processing the following subjobs:
(1) jaguar run pka_prot.bat -jobname SM21_micro003_conf_1 SM21_micro003_conf_1.in
(2) jaguar run pka_prot.bat -jobname SM21_micro003_conf_2 SM21_micro003_conf_2.in
(3) jaguar run pka_prot.bat -jobname SM21_micro003_conf_3 SM21_micro003_conf_3.in
(4) jaguar run pka_prot.bat -jobname SM21_micro003_conf_4 SM21_micro003_conf_4.in
(5) jaguar run pka_prot.bat -jobname SM21_micro003_conf_5 SM21_micro003_conf_5.in
(6) jaguar run pka_deprot.bat -jobname SM21_micro015_conf_1 SM21_micro015_conf_1.in
(7) jaguar run pka_deprot.bat -jobname SM21_micro015_conf_2 SM21_micro015_conf_2.in
(8) jaguar run pka_deprot.bat -jobname SM21_micro015_conf_3 SM21_micro015_conf_3.in
(9) jaguar run pka_deprot.bat -jobname SM21_micro015_conf_4 SM21_micro015_conf_4.in
(10) jaguar run pka_deprot.bat -jobname SM21_micro015_conf_5 SM21_micro015_conf_5.in

Running subjobs on hosts:
  localhost (Max: 10)
Number of jobs:       10
Max retries per job:  3
Max allowed failures: unlimited
Run with -LOCAL:      False
Verbosity:            normal

Starting JobDJ...

Keep one job on driver host: False
JobDJ columns:
  C: Number of completed subjobs
  A: Number of active subjobs (e.g., submitted, running)
  W: Number of waiting/pending subjobs

 C  A  W | Activity  JobId  JobName  JobHost
-- -- -- | --------- -----------------------
 0  1  9 | launched  lt18-0-5af45ebe SM21_micro003_conf_1 localhost [lt18]
WARNING: Job launch failed for 1/2 times.
% jaguar run pka_prot.bat -jobname SM21_micro003_conf_2 SM21_micro003_conf_2.in -HOST localhost
Output
Launch failed: Process timed out after 300.0 seconds.

Command:
/data/chodera/schrodinger/schrodinger2017-4-advanced/jaguar run pka_prot.bat -jobname SM21_micro003_conf_2 SM21_micro003_conf_2.in -HOST localhost
Output:

WARNING: Job launch failed for 2/2 times.
% jaguar run pka_prot.bat -jobname SM21_micro003_conf_2 SM21_micro003_conf_2.in -HOST localhost
Output
Launch failed: Process timed out after 300.0 seconds.

Command:
/data/chodera/schrodinger/schrodinger2017-4-advanced/jaguar run pka_prot.bat -jobname SM21_micro003_conf_2 SM21_micro003_conf_2.in -HOST localhost
Output:

 0  2  8 | launched  lt18-0-5af4616c SM21_micro003_conf_3 localhost [lt18]
 0  3  7 | launched  lt18-0-5af46286 SM21_micro003_conf_4 localhost [lt18]
 0  4  6 | launched  lt18-0-5af462a3 SM21_micro003_conf_5 localhost [lt18]
 0  5  5 | launched  lt18-5-5af462c1 SM21_micro015_conf_1 localhost [lt18]
 0  6  4 | restarted lt18-1-5af462f7 SM21_micro003_conf_2 localhost [lt18]
 0  7  3 | launched  lt18-0-5af46316 SM21_micro015_conf_2 localhost [lt18]
 0  8  2 | launched  lt18-0-5af4633b SM21_micro015_conf_3 localhost [lt18]
 0  9  1 | launched  lt18-0-5af46363 SM21_micro015_conf_4 localhost [lt18]
