Command:    jaguar run pka.py -jobname jag_SM24_micro017_SM24_micro009 -PARALLEL 10 -WAIT -n -csrch -prot SM24_micro017.in -deprot SM24_micro009.in
Release:    2017-4
Exec:       /data/chodera/schrodinger/schrodinger2017-4-advanced/jaguar-v9.8/bin/Linux-x86_64
Host:       ls17
JobId:      ls17-0-5af47cb7
JobDir:     /lila/data/chodera/schrodinger/tmpdir/rustenburg/jag_SM24_micro017_SM24_micro009.1
Date:       Thu May 10 13:09:12 2018

Contents of /lila/data/chodera/schrodinger/tmpdir/rustenburg/jag_SM24_micro017_SM24_micro009.1:
/lila/data/chodera/schrodinger/tmpdir/rustenburg/jag_SM24_micro017_SM24_micro009.1/ls17-0-5af47cb7.mpinodes
/lila/data/chodera/schrodinger/tmpdir/rustenburg/jag_SM24_micro017_SM24_micro009.1/ls17-0-5af47cb7.recover
/lila/data/chodera/schrodinger/tmpdir/rustenburg/jag_SM24_micro017_SM24_micro009.1/SM24_micro017.in
/lila/data/chodera/schrodinger/tmpdir/rustenburg/jag_SM24_micro017_SM24_micro009.1/SM24_micro017.mae
/lila/data/chodera/schrodinger/tmpdir/rustenburg/jag_SM24_micro017_SM24_micro009.1/jag_SM24_micro017_SM24_micro009.log
/lila/data/chodera/schrodinger/tmpdir/rustenburg/jag_SM24_micro017_SM24_micro009.1/SM24_micro009.mae
/lila/data/chodera/schrodinger/tmpdir/rustenburg/jag_SM24_micro017_SM24_micro009.1/SM24_micro009.in
/lila/data/chodera/schrodinger/tmpdir/rustenburg/jag_SM24_micro017_SM24_micro009.1/jag_SM24_micro017_SM24_micro009.recover
/lila/data/chodera/schrodinger/tmpdir/rustenburg/jag_SM24_micro017_SM24_micro009.1/ls17-0-5af47cb7

=====================
 Jaguar pKa workflow
=====================

Analysing user-provided (prot, deprot) pair:
(SM24_micro017.in, SM24_micro009.in)
Found labile hydrogen 51 in SM24_micro017.in
Found labile hydrogen at atom 29 in SM24_micro009.in
Adding 'ipkat' keyword to input files.

Identifying pKa functional group for pair:
(SM24_micro017, SM24_micro009)

Executing subprocess:
/data/chodera/schrodinger/schrodinger2017-4-advanced/jaguar-v9.8/bin/Linux-x86_64/pka -i -j SM24_micro017.tmp.jres -n

Taking protonated structures from:
SM24_micro017.mae
Taking deprotonated structures from:
SM24_micro009.mae

This molecule from 'SM24_micro017.mae' in water was recognized as:

 # 	            Shell             
---	------------------------------
1: 	alcohol                       
2: 	Protonation of generic atom   
3: 	Protonation of sp2-like oxygen


Executing conformational search...

Executing 2 distributed subjobs:
---------------------------------

No more than 8 cpu(s) will be used per subjob.
No more than 10 cpu(s) will be used simultaneously.

Processing the following subjobs:
(1) jaguar run csrch.py SM24_micro017.mae -jobname SM24_micro017 -max_conf 5 -erg_window 50.208 -acc_level 1 -TPP 5
(2) jaguar run csrch.py SM24_micro009.mae -jobname SM24_micro009 -max_conf 5 -erg_window 50.208 -acc_level 1 -TPP 5

Running subjobs on hosts:
  localhost (Max: 2)
Number of jobs:       2
Max retries per job:  3
Max allowed failures: unlimited
Run with -LOCAL:      False
Verbosity:            normal

Starting JobDJ...

Keep one job on driver host: False
JobDJ columns:
  C: Number of completed subjobs
  A: Number of active subjobs (e.g., submitted, running)
  W: Number of waiting/pending subjobs

C A W | Activity  JobId  JobName  JobHost
- - - | --------- -----------------------
0 1 1 | launched  ls17-0-5af47cbd SM24_micro017 localhost [ls17]
0 2 0 | launched  ls17-0-5af47cbf SM24_micro009 localhost [ls17]
1 1 0 | finished  ls17-0-5af47cbf SM24_micro009 localhost [ls17]
2 0 0 | finished  ls17-0-5af47cbd SM24_micro017 localhost [ls17]

All jobs have completed.

2 of 2 job(s) succeeded; 0 job(s) failed.

Timer (distribute subjobs) : 730.59 secs (0 hrs, 12 mins, 10 secs)

Setting up QM workflow for (protonated, deprotonated) pair:
(1) (SM24_micro017, SM24_micro009)

Executing Jaguar quantum-mechanical subjobs...

Executing 10 distributed subjobs:
----------------------------------

No more than 8 cpu(s) will be used per subjob.
No more than 10 cpu(s) will be used simultaneously.

Processing the following subjobs:
(1) jaguar run pka_prot.bat -jobname SM24_micro017_conf_1 SM24_micro017_conf_1.in
(2) jaguar run pka_prot.bat -jobname SM24_micro017_conf_2 SM24_micro017_conf_2.in
(3) jaguar run pka_prot.bat -jobname SM24_micro017_conf_3 SM24_micro017_conf_3.in
(4) jaguar run pka_prot.bat -jobname SM24_micro017_conf_4 SM24_micro017_conf_4.in
(5) jaguar run pka_prot.bat -jobname SM24_micro017_conf_5 SM24_micro017_conf_5.in
(6) jaguar run pka_deprot.bat -jobname SM24_micro009_conf_1 SM24_micro009_conf_1.in
(7) jaguar run pka_deprot.bat -jobname SM24_micro009_conf_2 SM24_micro009_conf_2.in
(8) jaguar run pka_deprot.bat -jobname SM24_micro009_conf_3 SM24_micro009_conf_3.in
(9) jaguar run pka_deprot.bat -jobname SM24_micro009_conf_4 SM24_micro009_conf_4.in
(10) jaguar run pka_deprot.bat -jobname SM24_micro009_conf_5 SM24_micro009_conf_5.in

Running subjobs on hosts:
  localhost (Max: 10)
Number of jobs:       10
Max retries per job:  3
Max allowed failures: unlimited
Run with -LOCAL:      False
Verbosity:            normal

Starting JobDJ...

Keep one job on driver host: False
JobDJ columns:
  C: Number of completed subjobs
  A: Number of active subjobs (e.g., submitted, running)
  W: Number of waiting/pending subjobs

 C  A  W | Activity  JobId  JobName  JobHost
-- -- -- | --------- -----------------------
 0  1  9 | launched  ls17-0-5af47f9a SM24_micro017_conf_1 localhost [ls17]
 0  2  8 | launched  ls17-0-5af47f9c SM24_micro017_conf_2 localhost [ls17]
 0  3  7 | launched  ls17-1-5af47f9e SM24_micro017_conf_3 localhost [ls17]
 0  4  6 | launched  ls17-1-5af47fa0 SM24_micro017_conf_4 localhost [ls17]
 0  5  5 | launched  ls17-1-5af47fa2 SM24_micro017_conf_5 localhost [ls17]
 0  6  4 | launched  ls17-0-5af47fa5 SM24_micro009_conf_1 localhost [ls17]
 0  7  3 | launched  ls17-1-5af47fa7 SM24_micro009_conf_2 localhost [ls17]
 0  8  2 | launched  ls17-1-5af47fa9 SM24_micro009_conf_3 localhost [ls17]
 0  9  1 | launched  ls17-0-5af47fac SM24_micro009_conf_4 localhost [ls17]
 0 10  0 | launched  ls17-0-5af47fae SM24_micro009_conf_5 localhost [ls17]
 1  9  0 | finished  ls17-1-5af47fa0 SM24_micro017_conf_4 localhost [ls17]
 2  8  0 | finished  ls17-1-5af47f9e SM24_micro017_conf_3 localhost [ls17]
 3  7  0 | finished  ls17-0-5af47f9c SM24_micro017_conf_2 localhost [ls17]
 4  6  0 | finished  ls17-0-5af47f9a SM24_micro017_conf_1 localhost [ls17]
 5  5  0 | finished  ls17-1-5af47fa2 SM24_micro017_conf_5 localhost [ls17]
 6  4  0 | finished  ls17-0-5af47fae SM24_micro009_conf_5 localhost [ls17]
 7  3  0 | finished  ls17-0-5af47fac SM24_micro009_conf_4 localhost [ls17]
 8  2  0 | finished  ls17-1-5af47fa9 SM24_micro009_conf_3 localhost [ls17]
 9  1  0 | finished  ls17-1-5af47fa7 SM24_micro009_conf_2 localhost [ls17]
10  0  0 | finished  ls17-0-5af47fa5 SM24_micro009_conf_1 localhost [ls17]

All jobs have completed.

10 of 10 job(s) succeeded; 0 job(s) failed.

Timer (distribute subjobs) : 8416.05 secs (2 hrs, 20 mins, 16 secs)

Processing QM output files...

Executing subprocess:
/data/chodera/schrodinger/schrodinger2017-4-advanced/jaguar results -energy SM24_micro017_conf_1.nrg_h.out

Executing subprocess:
/data/chodera/schrodinger/schrodinger2017-4-advanced/jaguar results -esolv SM24_micro017_conf_1.sol_h.out

Executing subprocess:
/data/chodera/schrodinger/schrodinger2017-4-advanced/jaguar results -energy SM24_micro017_conf_2.nrg_h.out

Executing subprocess:
/data/chodera/schrodinger/schrodinger2017-4-advanced/jaguar results -esolv SM24_micro017_conf_2.sol_h.out

Executing subprocess:
/data/chodera/schrodinger/schrodinger2017-4-advanced/jaguar results -energy SM24_micro017_conf_3.nrg_h.out

Executing subprocess:
/data/chodera/schrodinger/schrodinger2017-4-advanced/jaguar results -esolv SM24_micro017_conf_3.sol_h.out

Executing subprocess:
/data/chodera/schrodinger/schrodinger2017-4-advanced/jaguar results -energy SM24_micro017_conf_4.nrg_h.out

Executing subprocess:
/data/chodera/schrodinger/schrodinger2017-4-advanced/jaguar results -esolv SM24_micro017_conf_4.sol_h.out

Executing subprocess:
/data/chodera/schrodinger/schrodinger2017-4-advanced/jaguar results -energy SM24_micro017_conf_5.nrg_h.out

Executing subprocess:
/data/chodera/schrodinger/schrodinger2017-4-advanced/jaguar results -esolv SM24_micro017_conf_5.sol_h.out

Executing subprocess:
/data/chodera/schrodinger/schrodinger2017-4-advanced/jaguar results -energy SM24_micro009_conf_1.nrg.out

Executing subprocess:
/data/chodera/schrodinger/schrodinger2017-4-advanced/jaguar results -esolv SM24_micro009_conf_1.sol.out

Executing subprocess:
/data/chodera/schrodinger/schrodinger2017-4-advanced/jaguar results -energy SM24_micro009_conf_2.nrg.out

Executing subprocess:
/data/chodera/schrodinger/schrodinger2017-4-advanced/jaguar results -esolv SM24_micro009_conf_2.sol.out

Executing subprocess:
/data/chodera/schrodinger/schrodinger2017-4-advanced/jaguar results -energy SM24_micro009_conf_3.nrg.out

Executing subprocess:
/data/chodera/schrodinger/schrodinger2017-4-advanced/jaguar results -esolv SM24_micro009_conf_3.sol.out

Executing subprocess:
/data/chodera/schrodinger/schrodinger2017-4-advanced/jaguar results -energy SM24_micro009_conf_4.nrg.out

Executing subprocess:
/data/chodera/schrodinger/schrodinger2017-4-advanced/jaguar results -esolv SM24_micro009_conf_4.sol.out

Executing subprocess:
/data/chodera/schrodinger/schrodinger2017-4-advanced/jaguar results -energy SM24_micro009_conf_5.nrg.out

Executing subprocess:
/data/chodera/schrodinger/schrodinger2017-4-advanced/jaguar results -esolv SM24_micro009_conf_5.sol.out

Executing subprocess:
/data/chodera/schrodinger/schrodinger2017-4-advanced/jaguar-v9.8/bin/Linux-x86_64/pka -o SM24_micro017_deprot-out.mae -j SM24_micro017.jres -n -d

Executing subprocess:
/data/chodera/schrodinger/schrodinger2017-4-advanced/jaguar-v9.8/bin/Linux-x86_64/pka -o SM24_micro017_prot-out.mae -j SM24_micro017.jres -n

pKa calculation for SM24_micro017 completed.

pKa workflow jag_SM24_micro017_SM24_micro009 completed.

Timer (Jaguar pKa) : 9222.14 secs (2 hrs, 33 mins, 42 secs)
Timer (jaguar_backend.py) : 9222.14 secs (2 hrs, 33 mins, 42 secs)
Finished:   Thu May 10 15:42:54 2018
