Command:    jaguar run pka.py -jobname jag_SM04_micro015_SM04_micro008 -PARALLEL 10 -n -csrch -prot SM04_micro015.in -deprot SM04_micro008.in
Release:    2017-4
Exec:       /data/chodera/schrodinger/schrodinger2017-4-advanced/jaguar-v9.8/bin/Linux-x86_64
Host:       lt08
JobId:      lilac-0-5aec703d
JobDir:     /lila/data/chodera/schrodinger/tmpdir/rustenburg/jag_SM04_micro015_SM04_micro008
Date:       Fri May  4 10:37:54 2018

Contents of /lila/data/chodera/schrodinger/tmpdir/rustenburg/jag_SM04_micro015_SM04_micro008:
/lila/data/chodera/schrodinger/tmpdir/rustenburg/jag_SM04_micro015_SM04_micro008/lilac-0-5aec703d.jlog
/lila/data/chodera/schrodinger/tmpdir/rustenburg/jag_SM04_micro015_SM04_micro008/SM04_micro015.in
/lila/data/chodera/schrodinger/tmpdir/rustenburg/jag_SM04_micro015_SM04_micro008/jag_SM04_micro015_SM04_micro008.log
/lila/data/chodera/schrodinger/tmpdir/rustenburg/jag_SM04_micro015_SM04_micro008/lilac-0-5aec703d
/lila/data/chodera/schrodinger/tmpdir/rustenburg/jag_SM04_micro015_SM04_micro008/SM04_micro008.in
/lila/data/chodera/schrodinger/tmpdir/rustenburg/jag_SM04_micro015_SM04_micro008/lilac-0-5aec703d.recover
/lila/data/chodera/schrodinger/tmpdir/rustenburg/jag_SM04_micro015_SM04_micro008/SM04_micro008.mae
/lila/data/chodera/schrodinger/tmpdir/rustenburg/jag_SM04_micro015_SM04_micro008/lilac-0-5aec703d.hosts
/lila/data/chodera/schrodinger/tmpdir/rustenburg/jag_SM04_micro015_SM04_micro008/SM04_micro015.mae
/lila/data/chodera/schrodinger/tmpdir/rustenburg/jag_SM04_micro015_SM04_micro008/jag_SM04_micro015_SM04_micro008.recover
/lila/data/chodera/schrodinger/tmpdir/rustenburg/jag_SM04_micro015_SM04_micro008/lilac-0-5aec703d.mpinodes
/lila/data/chodera/schrodinger/tmpdir/rustenburg/jag_SM04_micro015_SM04_micro008/lilac-0-5aec703d.nodes

=====================
 Jaguar pKa workflow
=====================

Analysing user-provided (prot, deprot) pair:
(SM04_micro015.in, SM04_micro008.in)
Found labile hydrogen 20 in SM04_micro015.in
Found labile hydrogen at atom 8 in SM04_micro008.in
Adding 'ipkat' keyword to input files.

Identifying pKa functional group for pair:
(SM04_micro015, SM04_micro008)

Executing subprocess:
/data/chodera/schrodinger/schrodinger2017-4-advanced/jaguar-v9.8/bin/Linux-x86_64/pka -i -j SM04_micro015.tmp.jres -n

Taking protonated structures from:
SM04_micro015.mae
Taking deprotonated structures from:
SM04_micro008.mae

This molecule from 'SM04_micro015.mae' in water was recognized as:

 # 	           Shell           
---	---------------------------
1: 	pyrimidine                 
2: 	heterocycle custom 1       
3: 	heterocycle                
4: 	Protonation of generic atom


Executing conformational search...

Executing 2 distributed subjobs:
---------------------------------

No more than 8 cpu(s) will be used per subjob.
No more than 10 cpu(s) will be used simultaneously.

Processing the following subjobs:
(1) jaguar run csrch.py SM04_micro015.mae -jobname SM04_micro015 -max_conf 5 -erg_window 50.208 -acc_level 1 -TPP 5
(2) jaguar run csrch.py SM04_micro008.mae -jobname SM04_micro008 -max_conf 5 -erg_window 50.208 -acc_level 1 -TPP 5

Running subjobs on hosts:
  lsf-cpu (Max: 2)
Number of jobs:       2
Max retries per job:  3
Max allowed failures: unlimited
Run with -LOCAL:      False
Verbosity:            normal

Starting JobDJ...

Keep one job on driver host: False
JobDJ columns:
  C: Number of completed subjobs
  A: Number of active subjobs (e.g., submitted, running)
  W: Number of waiting/pending subjobs

C A W | Activity  JobId  JobName  JobHost
- - - | --------- -----------------------
0 1 1 | launched  lt08-0-5aec7047 SM04_micro015 lsf-cpu
0 2 0 | launched  lt08-0-5aec704a SM04_micro008 lsf-cpu
1 1 0 | finished  lt08-0-5aec7047 SM04_micro015 lsf-cpu
2 0 0 | finished  lt08-0-5aec704a SM04_micro008 lsf-cpu

All jobs have completed.

2 of 2 job(s) succeeded; 0 job(s) failed.

Timer (distribute subjobs) : 496.89 secs (0 hrs, 08 mins, 16 secs)

Setting up QM workflow for (protonated, deprotonated) pair:
(1) (SM04_micro015, SM04_micro008)

Executing Jaguar quantum-mechanical subjobs...

Executing 10 distributed subjobs:
----------------------------------

No more than 8 cpu(s) will be used per subjob.
No more than 10 cpu(s) will be used simultaneously.

Processing the following subjobs:
(1) jaguar run pka_prot.bat -jobname SM04_micro015_conf_1 SM04_micro015_conf_1.in
(2) jaguar run pka_prot.bat -jobname SM04_micro015_conf_2 SM04_micro015_conf_2.in
(3) jaguar run pka_prot.bat -jobname SM04_micro015_conf_3 SM04_micro015_conf_3.in
(4) jaguar run pka_prot.bat -jobname SM04_micro015_conf_4 SM04_micro015_conf_4.in
(5) jaguar run pka_prot.bat -jobname SM04_micro015_conf_5 SM04_micro015_conf_5.in
(6) jaguar run pka_deprot.bat -jobname SM04_micro008_conf_1 SM04_micro008_conf_1.in
(7) jaguar run pka_deprot.bat -jobname SM04_micro008_conf_2 SM04_micro008_conf_2.in
(8) jaguar run pka_deprot.bat -jobname SM04_micro008_conf_3 SM04_micro008_conf_3.in
(9) jaguar run pka_deprot.bat -jobname SM04_micro008_conf_4 SM04_micro008_conf_4.in
(10) jaguar run pka_deprot.bat -jobname SM04_micro008_conf_5 SM04_micro008_conf_5.in

Running subjobs on hosts:
  lsf-cpu (Max: 10)
Number of jobs:       10
Max retries per job:  3
Max allowed failures: unlimited
Run with -LOCAL:      False
Verbosity:            normal

Starting JobDJ...

Keep one job on driver host: True
JobDJ columns:
  C: Number of completed subjobs
  A: Number of active subjobs (e.g., submitted, running)
  W: Number of waiting/pending subjobs

 C  A  W | Activity  JobId  JobName  JobHost
-- -- -- | --------- -----------------------
 0  1  9 | launched  lt08-0-5aec7239 SM04_micro015_conf_1 localhost [lt08]
 0  2  8 | launched  lt08-0-5aec723e SM04_micro015_conf_2 lsf-cpu
 0  3  7 | launched  lt08-0-5aec7243 SM04_micro015_conf_3 lsf-cpu
 0  4  6 | launched  lt08-0-5aec7246 SM04_micro015_conf_4 lsf-cpu
 0  5  5 | launched  lt08-0-5aec724b SM04_micro015_conf_5 lsf-cpu
 0  6  4 | launched  lt08-0-5aec7250 SM04_micro008_conf_1 lsf-cpu
 0  7  3 | launched  lt08-0-5aec7255 SM04_micro008_conf_2 lsf-cpu
 0  8  2 | launched  lt08-0-5aec725b SM04_micro008_conf_3 lsf-cpu
 0  9  1 | launched  lt08-0-5aec7260 SM04_micro008_conf_4 lsf-cpu
 0 10  0 | launched  lt08-0-5aec7267 SM04_micro008_conf_5 lsf-cpu
 1  9  0 | finished  lt08-0-5aec7260 SM04_micro008_conf_4 lsf-cpu [lt02]
 2  8  0 | finished  lt08-0-5aec7250 SM04_micro008_conf_1 lsf-cpu [lt02]
 3  7  0 | finished  lt08-0-5aec725b SM04_micro008_conf_3 lsf-cpu [lt02]
 4  6  0 | finished  lt08-0-5aec7255 SM04_micro008_conf_2 lsf-cpu [lt02]
 5  5  0 | finished  lt08-0-5aec724b SM04_micro015_conf_5 lsf-cpu [lt02]
 6  4  0 | finished  lt08-0-5aec7267 SM04_micro008_conf_5 lsf-cpu [ls17]
 7  3  0 | finished  lt08-0-5aec7239 SM04_micro015_conf_1 localhost [lt08]
 8  2  0 | finished  lt08-0-5aec7246 SM04_micro015_conf_4 lsf-cpu [lt02]
 9  1  0 | finished  lt08-0-5aec723e SM04_micro015_conf_2 lsf-cpu [lt02]
10  0  0 | finished  lt08-0-5aec7243 SM04_micro015_conf_3 lsf-cpu [lt02]

All jobs have completed.

10 of 10 job(s) succeeded; 0 job(s) failed.

Timer (distribute subjobs) : 9060.76 secs (2 hrs, 31 mins, 00 secs)

Processing QM output files...

Executing subprocess:
/data/chodera/schrodinger/schrodinger2017-4-advanced/jaguar results -energy SM04_micro015_conf_1.nrg_h.out

Executing subprocess:
/data/chodera/schrodinger/schrodinger2017-4-advanced/jaguar results -esolv SM04_micro015_conf_1.sol_h.out

Executing subprocess:
/data/chodera/schrodinger/schrodinger2017-4-advanced/jaguar results -energy SM04_micro015_conf_2.nrg_h.out

Executing subprocess:
/data/chodera/schrodinger/schrodinger2017-4-advanced/jaguar results -esolv SM04_micro015_conf_2.sol_h.out

Executing subprocess:
/data/chodera/schrodinger/schrodinger2017-4-advanced/jaguar results -energy SM04_micro015_conf_3.nrg_h.out

Executing subprocess:
/data/chodera/schrodinger/schrodinger2017-4-advanced/jaguar results -esolv SM04_micro015_conf_3.sol_h.out

Executing subprocess:
/data/chodera/schrodinger/schrodinger2017-4-advanced/jaguar results -energy SM04_micro015_conf_4.nrg_h.out

Executing subprocess:
/data/chodera/schrodinger/schrodinger2017-4-advanced/jaguar results -esolv SM04_micro015_conf_4.sol_h.out

Executing subprocess:
/data/chodera/schrodinger/schrodinger2017-4-advanced/jaguar results -energy SM04_micro015_conf_5.nrg_h.out

Executing subprocess:
/data/chodera/schrodinger/schrodinger2017-4-advanced/jaguar results -esolv SM04_micro015_conf_5.sol_h.out

Executing subprocess:
/data/chodera/schrodinger/schrodinger2017-4-advanced/jaguar results -energy SM04_micro008_conf_1.nrg.out

Executing subprocess:
/data/chodera/schrodinger/schrodinger2017-4-advanced/jaguar results -esolv SM04_micro008_conf_1.sol.out

Executing subprocess:
/data/chodera/schrodinger/schrodinger2017-4-advanced/jaguar results -energy SM04_micro008_conf_2.nrg.out

Executing subprocess:
/data/chodera/schrodinger/schrodinger2017-4-advanced/jaguar results -esolv SM04_micro008_conf_2.sol.out

Executing subprocess:
/data/chodera/schrodinger/schrodinger2017-4-advanced/jaguar results -energy SM04_micro008_conf_3.nrg.out

Executing subprocess:
/data/chodera/schrodinger/schrodinger2017-4-advanced/jaguar results -esolv SM04_micro008_conf_3.sol.out

Executing subprocess:
/data/chodera/schrodinger/schrodinger2017-4-advanced/jaguar results -energy SM04_micro008_conf_4.nrg.out

Executing subprocess:
/data/chodera/schrodinger/schrodinger2017-4-advanced/jaguar results -esolv SM04_micro008_conf_4.sol.out

Executing subprocess:
/data/chodera/schrodinger/schrodinger2017-4-advanced/jaguar results -energy SM04_micro008_conf_5.nrg.out

Executing subprocess:
/data/chodera/schrodinger/schrodinger2017-4-advanced/jaguar results -esolv SM04_micro008_conf_5.sol.out

Executing subprocess:
/data/chodera/schrodinger/schrodinger2017-4-advanced/jaguar-v9.8/bin/Linux-x86_64/pka -o SM04_micro015_deprot-out.mae -j SM04_micro015.jres -n -d

Executing subprocess:
/data/chodera/schrodinger/schrodinger2017-4-advanced/jaguar-v9.8/bin/Linux-x86_64/pka -o SM04_micro015_prot-out.mae -j SM04_micro015.jres -n

pKa calculation for SM04_micro015 completed.

pKa workflow jag_SM04_micro015_SM04_micro008 completed.

Timer (Jaguar pKa) : 9647.69 secs (2 hrs, 40 mins, 47 secs)
Timer (jaguar_backend.py) : 9647.69 secs (2 hrs, 40 mins, 47 secs)
Finished:   Fri May  4 13:18:42 2018
