Command:    jaguar run pka.py -jobname jag_SM07_micro004_SM07_micro012 -PARALLEL 10 -n -csrch -prot SM07_micro004.in -deprot SM07_micro012.in
Release:    2017-4
Exec:       /data/chodera/schrodinger/schrodinger2017-4-advanced/jaguar-v9.8/bin/Linux-x86_64
Host:       ls07
JobId:      lilac-0-5aec7af2
JobDir:     /lila/data/chodera/schrodinger/tmpdir/rustenburg/jag_SM07_micro004_SM07_micro012
Date:       Fri May  4 11:24:09 2018

Contents of /lila/data/chodera/schrodinger/tmpdir/rustenburg/jag_SM07_micro004_SM07_micro012:
/lila/data/chodera/schrodinger/tmpdir/rustenburg/jag_SM07_micro004_SM07_micro012/SM07_micro012.in
/lila/data/chodera/schrodinger/tmpdir/rustenburg/jag_SM07_micro004_SM07_micro012/SM07_micro004.in
/lila/data/chodera/schrodinger/tmpdir/rustenburg/jag_SM07_micro004_SM07_micro012/lilac-0-5aec7af2
/lila/data/chodera/schrodinger/tmpdir/rustenburg/jag_SM07_micro004_SM07_micro012/lilac-0-5aec7af2.mpinodes
/lila/data/chodera/schrodinger/tmpdir/rustenburg/jag_SM07_micro004_SM07_micro012/lilac-0-5aec7af2.nodes
/lila/data/chodera/schrodinger/tmpdir/rustenburg/jag_SM07_micro004_SM07_micro012/SM07_micro012.mae
/lila/data/chodera/schrodinger/tmpdir/rustenburg/jag_SM07_micro004_SM07_micro012/lilac-0-5aec7af2.jlog
/lila/data/chodera/schrodinger/tmpdir/rustenburg/jag_SM07_micro004_SM07_micro012/lilac-0-5aec7af2.hosts
/lila/data/chodera/schrodinger/tmpdir/rustenburg/jag_SM07_micro004_SM07_micro012/jag_SM07_micro004_SM07_micro012.log
/lila/data/chodera/schrodinger/tmpdir/rustenburg/jag_SM07_micro004_SM07_micro012/SM07_micro004.mae
/lila/data/chodera/schrodinger/tmpdir/rustenburg/jag_SM07_micro004_SM07_micro012/jag_SM07_micro004_SM07_micro012.recover
/lila/data/chodera/schrodinger/tmpdir/rustenburg/jag_SM07_micro004_SM07_micro012/lilac-0-5aec7af2.recover

=====================
 Jaguar pKa workflow
=====================

Analysing user-provided (prot, deprot) pair:
(SM07_micro004.in, SM07_micro012.in)
Found labile hydrogen 26 in SM07_micro004.in
Found labile hydrogen at atom 8 in SM07_micro012.in
Adding 'ipkat' keyword to input files.

Identifying pKa functional group for pair:
(SM07_micro004, SM07_micro012)

Executing subprocess:
/data/chodera/schrodinger/schrodinger2017-4-advanced/jaguar-v9.8/bin/Linux-x86_64/pka -i -j SM07_micro004.tmp.jres -n

Taking protonated structures from:
SM07_micro004.mae
Taking deprotonated structures from:
SM07_micro012.mae

This molecule from 'SM07_micro004.mae' in water was recognized as:

 # 	                  Shell                   
---	------------------------------------------
1: 	Protonation of sp2-like aliphatic nitrogen
2: 	Protonation of generic atom               


Executing conformational search...

Executing 2 distributed subjobs:
---------------------------------

No more than 8 cpu(s) will be used per subjob.
No more than 10 cpu(s) will be used simultaneously.

Processing the following subjobs:
(1) jaguar run csrch.py SM07_micro004.mae -jobname SM07_micro004 -max_conf 5 -erg_window 50.208 -acc_level 1 -TPP 5
(2) jaguar run csrch.py SM07_micro012.mae -jobname SM07_micro012 -max_conf 5 -erg_window 50.208 -acc_level 1 -TPP 5

Running subjobs on hosts:
  lsf-cpu (Max: 2)
Number of jobs:       2
Max retries per job:  3
Max allowed failures: unlimited
Run with -LOCAL:      False
Verbosity:            normal

Starting JobDJ...

Keep one job on driver host: False
JobDJ columns:
  C: Number of completed subjobs
  A: Number of active subjobs (e.g., submitted, running)
  W: Number of waiting/pending subjobs

C A W | Activity  JobId  JobName  JobHost
- - - | --------- -----------------------
0 1 1 | launched  ls07-0-5aec7b23 SM07_micro004 lsf-cpu
0 2 0 | launched  ls07-0-5aec7b29 SM07_micro012 lsf-cpu
1 1 0 | finished  ls07-0-5aec7b23 SM07_micro004 lsf-cpu [lt21]
2 0 0 | finished  ls07-0-5aec7b29 SM07_micro012 lsf-cpu [lt21]

All jobs have completed.

2 of 2 job(s) succeeded; 0 job(s) failed.

Timer (distribute subjobs) : 4072.88 secs (1 hrs, 07 mins, 52 secs)

Setting up QM workflow for (protonated, deprotonated) pair:
(1) (SM07_micro004, SM07_micro012)

Executing Jaguar quantum-mechanical subjobs...

Executing 10 distributed subjobs:
----------------------------------

No more than 8 cpu(s) will be used per subjob.
No more than 10 cpu(s) will be used simultaneously.

Processing the following subjobs:
(1) jaguar run pka_prot.bat -jobname SM07_micro004_conf_1 SM07_micro004_conf_1.in
(2) jaguar run pka_prot.bat -jobname SM07_micro004_conf_2 SM07_micro004_conf_2.in
(3) jaguar run pka_prot.bat -jobname SM07_micro004_conf_3 SM07_micro004_conf_3.in
(4) jaguar run pka_prot.bat -jobname SM07_micro004_conf_4 SM07_micro004_conf_4.in
(5) jaguar run pka_prot.bat -jobname SM07_micro004_conf_5 SM07_micro004_conf_5.in
(6) jaguar run pka_deprot.bat -jobname SM07_micro012_conf_1 SM07_micro012_conf_1.in
(7) jaguar run pka_deprot.bat -jobname SM07_micro012_conf_2 SM07_micro012_conf_2.in
(8) jaguar run pka_deprot.bat -jobname SM07_micro012_conf_3 SM07_micro012_conf_3.in
(9) jaguar run pka_deprot.bat -jobname SM07_micro012_conf_4 SM07_micro012_conf_4.in
(10) jaguar run pka_deprot.bat -jobname SM07_micro012_conf_5 SM07_micro012_conf_5.in

Running subjobs on hosts:
  lsf-cpu (Max: 10)
Number of jobs:       10
Max retries per job:  3
Max allowed failures: unlimited
Run with -LOCAL:      False
Verbosity:            normal

Starting JobDJ...

Keep one job on driver host: True
JobDJ columns:
  C: Number of completed subjobs
  A: Number of active subjobs (e.g., submitted, running)
  W: Number of waiting/pending subjobs

 C  A  W | Activity  JobId  JobName  JobHost
-- -- -- | --------- -----------------------
 0  1  9 | launched  ls07-0-5aec8b0f SM07_micro004_conf_1 localhost [ls07]
 0  2  8 | launched  ls07-0-5aec8b15 SM07_micro004_conf_2 lsf-cpu
 0  3  7 | launched  ls07-0-5aec8b1c SM07_micro004_conf_3 lsf-cpu
 0  4  6 | launched  ls07-0-5aec8b21 SM07_micro004_conf_4 lsf-cpu
 0  5  5 | launched  ls07-0-5aec8b27 SM07_micro004_conf_5 lsf-cpu
 0  6  4 | launched  ls07-0-5aec8b2d SM07_micro012_conf_1 lsf-cpu
 0  7  3 | launched  ls07-0-5aec8b33 SM07_micro012_conf_2 lsf-cpu
 0  8  2 | launched  ls07-0-5aec8b39 SM07_micro012_conf_3 lsf-cpu
 0  9  1 | launched  ls07-0-5aec8b3f SM07_micro012_conf_4 lsf-cpu
 0 10  0 | launched  ls07-0-5aec8b44 SM07_micro012_conf_5 lsf-cpu
 1  9  0 | finished  ls07-0-5aec8b0f SM07_micro004_conf_1 localhost [ls07]
 1  9  0 | launched  ls07-0-5aec8f97 SM07_micro012_conf_5 localhost [ls07]
 2  8  0 | finished  ls07-0-5aec8b15 SM07_micro004_conf_2 lsf-cpu [ls13]
 3  7  0 | finished  ls07-0-5aec8b33 SM07_micro012_conf_2 lsf-cpu [ls18]
 4  6  0 | finished  ls07-0-5aec8b1c SM07_micro004_conf_3 lsf-cpu [ls01]
 5  5  0 | finished  ls07-0-5aec8f97 SM07_micro012_conf_5 localhost [ls07]
 6  4  0 | finished  ls07-0-5aec8b27 SM07_micro004_conf_5 lsf-cpu [lt04]
 7  3  0 | finished  ls07-0-5aec8b21 SM07_micro004_conf_4 lsf-cpu [ls01]
 8  2  0 | finished  ls07-0-5aec8b3f SM07_micro012_conf_4 lsf-cpu [lt05]
 9  1  0 | finished  ls07-0-5aec8b2d SM07_micro012_conf_1 lsf-cpu [lt17]
10  0  0 | finished  ls07-0-5aec8b39 SM07_micro012_conf_3 lsf-cpu [lt05]

All jobs have completed.

10 of 10 job(s) succeeded; 0 job(s) failed.

Timer (distribute subjobs) : 3750.66 secs (1 hrs, 02 mins, 30 secs)

Processing QM output files...

Executing subprocess:
/data/chodera/schrodinger/schrodinger2017-4-advanced/jaguar results -energy SM07_micro004_conf_1.nrg_h.out

Executing subprocess:
/data/chodera/schrodinger/schrodinger2017-4-advanced/jaguar results -esolv SM07_micro004_conf_1.sol_h.out

Executing subprocess:
/data/chodera/schrodinger/schrodinger2017-4-advanced/jaguar results -energy SM07_micro004_conf_2.nrg_h.out

Executing subprocess:
/data/chodera/schrodinger/schrodinger2017-4-advanced/jaguar results -esolv SM07_micro004_conf_2.sol_h.out

Executing subprocess:
/data/chodera/schrodinger/schrodinger2017-4-advanced/jaguar results -energy SM07_micro004_conf_3.nrg_h.out

Executing subprocess:
/data/chodera/schrodinger/schrodinger2017-4-advanced/jaguar results -esolv SM07_micro004_conf_3.sol_h.out

Executing subprocess:
/data/chodera/schrodinger/schrodinger2017-4-advanced/jaguar results -energy SM07_micro004_conf_4.nrg_h.out

Executing subprocess:
/data/chodera/schrodinger/schrodinger2017-4-advanced/jaguar results -esolv SM07_micro004_conf_4.sol_h.out

Executing subprocess:
/data/chodera/schrodinger/schrodinger2017-4-advanced/jaguar results -energy SM07_micro004_conf_5.nrg_h.out

Executing subprocess:
/data/chodera/schrodinger/schrodinger2017-4-advanced/jaguar results -esolv SM07_micro004_conf_5.sol_h.out

Executing subprocess:
/data/chodera/schrodinger/schrodinger2017-4-advanced/jaguar results -energy SM07_micro012_conf_1.nrg.out

Executing subprocess:
/data/chodera/schrodinger/schrodinger2017-4-advanced/jaguar results -esolv SM07_micro012_conf_1.sol.out

Executing subprocess:
/data/chodera/schrodinger/schrodinger2017-4-advanced/jaguar results -energy SM07_micro012_conf_2.nrg.out

Executing subprocess:
/data/chodera/schrodinger/schrodinger2017-4-advanced/jaguar results -esolv SM07_micro012_conf_2.sol.out

Executing subprocess:
/data/chodera/schrodinger/schrodinger2017-4-advanced/jaguar results -energy SM07_micro012_conf_3.nrg.out

Executing subprocess:
/data/chodera/schrodinger/schrodinger2017-4-advanced/jaguar results -esolv SM07_micro012_conf_3.sol.out

Executing subprocess:
/data/chodera/schrodinger/schrodinger2017-4-advanced/jaguar results -energy SM07_micro012_conf_4.nrg.out

Executing subprocess:
/data/chodera/schrodinger/schrodinger2017-4-advanced/jaguar results -esolv SM07_micro012_conf_4.sol.out

Executing subprocess:
/data/chodera/schrodinger/schrodinger2017-4-advanced/jaguar results -energy SM07_micro012_conf_5.nrg.out

Executing subprocess:
/data/chodera/schrodinger/schrodinger2017-4-advanced/jaguar results -esolv SM07_micro012_conf_5.sol.out

Executing subprocess:
/data/chodera/schrodinger/schrodinger2017-4-advanced/jaguar-v9.8/bin/Linux-x86_64/pka -o SM07_micro004_deprot-out.mae -j SM07_micro004.jres -n -d

Executing subprocess:
/data/chodera/schrodinger/schrodinger2017-4-advanced/jaguar-v9.8/bin/Linux-x86_64/pka -o SM07_micro004_prot-out.mae -j SM07_micro004.jres -n

pKa calculation for SM07_micro004 completed.

pKa workflow jag_SM07_micro004_SM07_micro012 completed.

Timer (Jaguar pKa) : 7927.12 secs (2 hrs, 12 mins, 07 secs)
Timer (jaguar_backend.py) : 7927.12 secs (2 hrs, 12 mins, 07 secs)
Finished:   Fri May  4 13:36:16 2018
