Command:    jaguar run pka.py -jobname jag_SM02_micro005_SM02_micro003 -PARALLEL 10 -n -csrch -prot SM02_micro005.in -deprot SM02_micro003.in
Release:    2017-4
Exec:       /data/chodera/schrodinger/schrodinger2017-4-advanced/jaguar-v9.8/bin/Linux-x86_64
Host:       lt22
JobId:      lilac-0-5aec66f1
JobDir:     /lila/data/chodera/schrodinger/tmpdir/rustenburg/jag_SM02_micro005_SM02_micro003
Date:       Fri May  4 09:58:25 2018

Contents of /lila/data/chodera/schrodinger/tmpdir/rustenburg/jag_SM02_micro005_SM02_micro003:
/lila/data/chodera/schrodinger/tmpdir/rustenburg/jag_SM02_micro005_SM02_micro003/SM02_micro003.mae
/lila/data/chodera/schrodinger/tmpdir/rustenburg/jag_SM02_micro005_SM02_micro003/lilac-0-5aec66f1.nodes
/lila/data/chodera/schrodinger/tmpdir/rustenburg/jag_SM02_micro005_SM02_micro003/lilac-0-5aec66f1.recover
/lila/data/chodera/schrodinger/tmpdir/rustenburg/jag_SM02_micro005_SM02_micro003/lilac-0-5aec66f1
/lila/data/chodera/schrodinger/tmpdir/rustenburg/jag_SM02_micro005_SM02_micro003/SM02_micro003.in
/lila/data/chodera/schrodinger/tmpdir/rustenburg/jag_SM02_micro005_SM02_micro003/SM02_micro005.in
/lila/data/chodera/schrodinger/tmpdir/rustenburg/jag_SM02_micro005_SM02_micro003/lilac-0-5aec66f1.mpinodes
/lila/data/chodera/schrodinger/tmpdir/rustenburg/jag_SM02_micro005_SM02_micro003/lilac-0-5aec66f1.hosts
/lila/data/chodera/schrodinger/tmpdir/rustenburg/jag_SM02_micro005_SM02_micro003/lilac-0-5aec66f1.jlog
/lila/data/chodera/schrodinger/tmpdir/rustenburg/jag_SM02_micro005_SM02_micro003/SM02_micro005.mae
/lila/data/chodera/schrodinger/tmpdir/rustenburg/jag_SM02_micro005_SM02_micro003/jag_SM02_micro005_SM02_micro003.recover
/lila/data/chodera/schrodinger/tmpdir/rustenburg/jag_SM02_micro005_SM02_micro003/jag_SM02_micro005_SM02_micro003.log

=====================
 Jaguar pKa workflow
=====================

Analysing user-provided (prot, deprot) pair:
(SM02_micro005.in, SM02_micro003.in)
Found labile hydrogen 28 in SM02_micro005.in
Found labile hydrogen at atom 11 in SM02_micro003.in
Adding 'ipkat' keyword to input files.

Identifying pKa functional group for pair:
(SM02_micro005, SM02_micro003)

Executing subprocess:
/data/chodera/schrodinger/schrodinger2017-4-advanced/jaguar-v9.8/bin/Linux-x86_64/pka -i -j SM02_micro005.tmp.jres -n

Taking protonated structures from:
SM02_micro005.mae
Taking deprotonated structures from:
SM02_micro003.mae

This molecule from 'SM02_micro005.mae' in water was recognized as:

 # 	                  Shell                   
---	------------------------------------------
1: 	RN=Het                                    
2: 	Protonation of sp2-like aliphatic nitrogen
3: 	Protonation of generic atom               


Executing conformational search...

Executing 2 distributed subjobs:
---------------------------------

No more than 8 cpu(s) will be used per subjob.
No more than 10 cpu(s) will be used simultaneously.

Processing the following subjobs:
(1) jaguar run csrch.py SM02_micro005.mae -jobname SM02_micro005 -max_conf 5 -erg_window 50.208 -acc_level 1 -TPP 5
(2) jaguar run csrch.py SM02_micro003.mae -jobname SM02_micro003 -max_conf 5 -erg_window 50.208 -acc_level 1 -TPP 5

Running subjobs on hosts:
  lsf-cpu (Max: 2)
Number of jobs:       2
Max retries per job:  3
Max allowed failures: unlimited
Run with -LOCAL:      False
Verbosity:            normal

Starting JobDJ...

Keep one job on driver host: False
JobDJ columns:
  C: Number of completed subjobs
  A: Number of active subjobs (e.g., submitted, running)
  W: Number of waiting/pending subjobs

C A W | Activity  JobId  JobName  JobHost
- - - | --------- -----------------------
0 1 1 | launched  lt22-0-5aec6706 SM02_micro005 lsf-cpu
0 2 0 | launched  lt22-3-5aec670f SM02_micro003 lsf-cpu
1 1 0 | finished  lt22-0-5aec6706 SM02_micro005 lsf-cpu
2 0 0 | finished  lt22-3-5aec670f SM02_micro003 lsf-cpu

All jobs have completed.

2 of 2 job(s) succeeded; 0 job(s) failed.

Timer (distribute subjobs) : 398.19 secs (0 hrs, 06 mins, 38 secs)

Setting up QM workflow for (protonated, deprotonated) pair:
(1) (SM02_micro005, SM02_micro003)

Executing Jaguar quantum-mechanical subjobs...

Executing 10 distributed subjobs:
----------------------------------

No more than 8 cpu(s) will be used per subjob.
No more than 10 cpu(s) will be used simultaneously.

Processing the following subjobs:
(1) jaguar run pka_prot.bat -jobname SM02_micro005_conf_1 SM02_micro005_conf_1.in
(2) jaguar run pka_prot.bat -jobname SM02_micro005_conf_2 SM02_micro005_conf_2.in
(3) jaguar run pka_prot.bat -jobname SM02_micro005_conf_3 SM02_micro005_conf_3.in
(4) jaguar run pka_prot.bat -jobname SM02_micro005_conf_4 SM02_micro005_conf_4.in
(5) jaguar run pka_prot.bat -jobname SM02_micro005_conf_5 SM02_micro005_conf_5.in
(6) jaguar run pka_deprot.bat -jobname SM02_micro003_conf_1 SM02_micro003_conf_1.in
(7) jaguar run pka_deprot.bat -jobname SM02_micro003_conf_2 SM02_micro003_conf_2.in
(8) jaguar run pka_deprot.bat -jobname SM02_micro003_conf_3 SM02_micro003_conf_3.in
(9) jaguar run pka_deprot.bat -jobname SM02_micro003_conf_4 SM02_micro003_conf_4.in
(10) jaguar run pka_deprot.bat -jobname SM02_micro003_conf_5 SM02_micro003_conf_5.in

Running subjobs on hosts:
  lsf-cpu (Max: 10)
Number of jobs:       10
Max retries per job:  3
Max allowed failures: unlimited
Run with -LOCAL:      False
Verbosity:            normal

Starting JobDJ...

Keep one job on driver host: True
JobDJ columns:
  C: Number of completed subjobs
  A: Number of active subjobs (e.g., submitted, running)
  W: Number of waiting/pending subjobs

 C  A  W | Activity  JobId  JobName  JobHost
-- -- -- | --------- -----------------------
 0  1  9 | launched  lt22-1-5aec6895 SM02_micro005_conf_1 localhost [lt22]
 0  2  8 | launched  lt22-0-5aec6898 SM02_micro005_conf_2 lsf-cpu
 0  3  7 | launched  lt22-0-5aec689c SM02_micro005_conf_3 lsf-cpu
 0  4  6 | launched  lt22-0-5aec689f SM02_micro005_conf_4 lsf-cpu
 0  5  5 | launched  lt22-0-5aec68a3 SM02_micro005_conf_5 lsf-cpu
 0  6  4 | launched  lt22-0-5aec68a6 SM02_micro003_conf_1 lsf-cpu
 0  7  3 | launched  lt22-0-5aec68b0 SM02_micro003_conf_2 lsf-cpu
 0  8  2 | launched  lt22-0-5aec68ba SM02_micro003_conf_3 lsf-cpu
 0  9  1 | launched  lt22-0-5aec68c4 SM02_micro003_conf_4 lsf-cpu
 0 10  0 | launched  lt22-0-5aec68ce SM02_micro003_conf_5 lsf-cpu
 1  9  0 | finished  lt22-0-5aec68b0 SM02_micro003_conf_2 lsf-cpu [ls07]
 2  8  0 | finished  lt22-0-5aec68c4 SM02_micro003_conf_4 lsf-cpu [lt08]
 3  7  0 | finished  lt22-1-5aec6895 SM02_micro005_conf_1 localhost [lt22]
 4  6  0 | finished  lt22-0-5aec6898 SM02_micro005_conf_2 lsf-cpu [lt17]
 5  5  0 | finished  lt22-0-5aec689c SM02_micro005_conf_3 lsf-cpu [lt01]
 6  4  0 | finished  lt22-0-5aec68ce SM02_micro003_conf_5 lsf-cpu [lt08]
 7  3  0 | finished  lt22-0-5aec689f SM02_micro005_conf_4 lsf-cpu [lt01]
 8  2  0 | finished  lt22-0-5aec68a6 SM02_micro003_conf_1 lsf-cpu [ls13]
 9  1  0 | finished  lt22-0-5aec68ba SM02_micro003_conf_3 lsf-cpu [lt02]
10  0  0 | finished  lt22-0-5aec68a3 SM02_micro005_conf_5 lsf-cpu [ls13]

All jobs have completed.

10 of 10 job(s) succeeded; 0 job(s) failed.

Timer (distribute subjobs) : 4127.00 secs (1 hrs, 08 mins, 47 secs)

Processing QM output files...

Executing subprocess:
/data/chodera/schrodinger/schrodinger2017-4-advanced/jaguar results -energy SM02_micro005_conf_1.nrg_h.out

Executing subprocess:
/data/chodera/schrodinger/schrodinger2017-4-advanced/jaguar results -esolv SM02_micro005_conf_1.sol_h.out

Executing subprocess:
/data/chodera/schrodinger/schrodinger2017-4-advanced/jaguar results -energy SM02_micro005_conf_2.nrg_h.out

Executing subprocess:
/data/chodera/schrodinger/schrodinger2017-4-advanced/jaguar results -esolv SM02_micro005_conf_2.sol_h.out

Executing subprocess:
/data/chodera/schrodinger/schrodinger2017-4-advanced/jaguar results -energy SM02_micro005_conf_3.nrg_h.out

Executing subprocess:
/data/chodera/schrodinger/schrodinger2017-4-advanced/jaguar results -esolv SM02_micro005_conf_3.sol_h.out

Executing subprocess:
/data/chodera/schrodinger/schrodinger2017-4-advanced/jaguar results -energy SM02_micro005_conf_4.nrg_h.out

Executing subprocess:
/data/chodera/schrodinger/schrodinger2017-4-advanced/jaguar results -esolv SM02_micro005_conf_4.sol_h.out

Executing subprocess:
/data/chodera/schrodinger/schrodinger2017-4-advanced/jaguar results -energy SM02_micro005_conf_5.nrg_h.out

Executing subprocess:
/data/chodera/schrodinger/schrodinger2017-4-advanced/jaguar results -esolv SM02_micro005_conf_5.sol_h.out

Executing subprocess:
/data/chodera/schrodinger/schrodinger2017-4-advanced/jaguar results -energy SM02_micro003_conf_1.nrg.out

Executing subprocess:
/data/chodera/schrodinger/schrodinger2017-4-advanced/jaguar results -esolv SM02_micro003_conf_1.sol.out

Executing subprocess:
/data/chodera/schrodinger/schrodinger2017-4-advanced/jaguar results -energy SM02_micro003_conf_2.nrg.out

Executing subprocess:
/data/chodera/schrodinger/schrodinger2017-4-advanced/jaguar results -esolv SM02_micro003_conf_2.sol.out

Executing subprocess:
/data/chodera/schrodinger/schrodinger2017-4-advanced/jaguar results -energy SM02_micro003_conf_3.nrg.out

Executing subprocess:
/data/chodera/schrodinger/schrodinger2017-4-advanced/jaguar results -esolv SM02_micro003_conf_3.sol.out

Executing subprocess:
/data/chodera/schrodinger/schrodinger2017-4-advanced/jaguar results -energy SM02_micro003_conf_4.nrg.out

Executing subprocess:
/data/chodera/schrodinger/schrodinger2017-4-advanced/jaguar results -esolv SM02_micro003_conf_4.sol.out

Executing subprocess:
/data/chodera/schrodinger/schrodinger2017-4-advanced/jaguar results -energy SM02_micro003_conf_5.nrg.out

Executing subprocess:
/data/chodera/schrodinger/schrodinger2017-4-advanced/jaguar results -esolv SM02_micro003_conf_5.sol.out

Executing subprocess:
/data/chodera/schrodinger/schrodinger2017-4-advanced/jaguar-v9.8/bin/Linux-x86_64/pka -o SM02_micro005_deprot-out.mae -j SM02_micro005.jres -n -d

Executing subprocess:
/data/chodera/schrodinger/schrodinger2017-4-advanced/jaguar-v9.8/bin/Linux-x86_64/pka -o SM02_micro005_prot-out.mae -j SM02_micro005.jres -n

pKa calculation for SM02_micro005 completed.

pKa workflow jag_SM02_micro005_SM02_micro003 completed.

Timer (Jaguar pKa) : 4749.21 secs (1 hrs, 19 mins, 09 secs)
Timer (jaguar_backend.py) : 4749.21 secs (1 hrs, 19 mins, 09 secs)
Finished:   Fri May  4 11:17:34 2018
