Command:    jaguar run pka.py -jobname jag_SM16_micro004_SM16_micro002 -PARALLEL 10 -n -csrch -prot SM16_micro004.in -deprot SM16_micro002.in
Release:    2017-4
Exec:       /data/chodera/schrodinger/schrodinger2017-4-advanced/jaguar-v9.8/bin/Linux-x86_64
Host:       lt04
JobId:      lilac-0-5aeca56f
JobDir:     /lila/data/chodera/schrodinger/tmpdir/rustenburg/jag_SM16_micro004_SM16_micro002
Date:       Fri May  4 14:25:27 2018

Contents of /lila/data/chodera/schrodinger/tmpdir/rustenburg/jag_SM16_micro004_SM16_micro002:
/lila/data/chodera/schrodinger/tmpdir/rustenburg/jag_SM16_micro004_SM16_micro002/lilac-0-5aeca56f.nodes
/lila/data/chodera/schrodinger/tmpdir/rustenburg/jag_SM16_micro004_SM16_micro002/lilac-0-5aeca56f.recover
/lila/data/chodera/schrodinger/tmpdir/rustenburg/jag_SM16_micro004_SM16_micro002/jag_SM16_micro004_SM16_micro002.log
/lila/data/chodera/schrodinger/tmpdir/rustenburg/jag_SM16_micro004_SM16_micro002/jag_SM16_micro004_SM16_micro002.recover
/lila/data/chodera/schrodinger/tmpdir/rustenburg/jag_SM16_micro004_SM16_micro002/SM16_micro002.in
/lila/data/chodera/schrodinger/tmpdir/rustenburg/jag_SM16_micro004_SM16_micro002/SM16_micro004.mae
/lila/data/chodera/schrodinger/tmpdir/rustenburg/jag_SM16_micro004_SM16_micro002/SM16_micro004.in
/lila/data/chodera/schrodinger/tmpdir/rustenburg/jag_SM16_micro004_SM16_micro002/lilac-0-5aeca56f.jlog
/lila/data/chodera/schrodinger/tmpdir/rustenburg/jag_SM16_micro004_SM16_micro002/lilac-0-5aeca56f.hosts
/lila/data/chodera/schrodinger/tmpdir/rustenburg/jag_SM16_micro004_SM16_micro002/lilac-0-5aeca56f
/lila/data/chodera/schrodinger/tmpdir/rustenburg/jag_SM16_micro004_SM16_micro002/lilac-0-5aeca56f.mpinodes
/lila/data/chodera/schrodinger/tmpdir/rustenburg/jag_SM16_micro004_SM16_micro002/SM16_micro002.mae

=====================
 Jaguar pKa workflow
=====================

Analysing user-provided (prot, deprot) pair:
(SM16_micro004.in, SM16_micro002.in)
Found labile hydrogen 19 in SM16_micro004.in
Found labile hydrogen at atom 15 in SM16_micro002.in
Adding 'ipkat' keyword to input files.

Identifying pKa functional group for pair:
(SM16_micro004, SM16_micro002)

Executing subprocess:
/data/chodera/schrodinger/schrodinger2017-4-advanced/jaguar-v9.8/bin/Linux-x86_64/pka -i -j SM16_micro004.tmp.jres -n

Taking protonated structures from:
SM16_micro004.mae
Taking deprotonated structures from:
SM16_micro002.mae

This molecule from 'SM16_micro004.mae' in water was recognized as:

 # 	           Shell           
---	---------------------------
1: 	pyridine                   
2: 	heterocycle custom 1       
3: 	heterocycle                
4: 	Protonation of generic atom


Executing conformational search...

Executing 2 distributed subjobs:
---------------------------------

No more than 8 cpu(s) will be used per subjob.
No more than 10 cpu(s) will be used simultaneously.

Processing the following subjobs:
(1) jaguar run csrch.py SM16_micro004.mae -jobname SM16_micro004 -max_conf 5 -erg_window 50.208 -acc_level 1 -TPP 5
(2) jaguar run csrch.py SM16_micro002.mae -jobname SM16_micro002 -max_conf 5 -erg_window 50.208 -acc_level 1 -TPP 5

Running subjobs on hosts:
  lsf-cpu (Max: 2)
Number of jobs:       2
Max retries per job:  3
Max allowed failures: unlimited
Run with -LOCAL:      False
Verbosity:            normal

Starting JobDJ...

Keep one job on driver host: False
JobDJ columns:
  C: Number of completed subjobs
  A: Number of active subjobs (e.g., submitted, running)
  W: Number of waiting/pending subjobs

C A W | Activity  JobId  JobName  JobHost
- - - | --------- -----------------------
0 1 1 | launched  lt04-0-5aeca59b SM16_micro004 lsf-cpu
0 2 0 | launched  lt04-0-5aeca59e SM16_micro002 lsf-cpu
1 1 0 | finished  lt04-0-5aeca59b SM16_micro004 lsf-cpu [ls01]
2 0 0 | finished  lt04-0-5aeca59e SM16_micro002 lsf-cpu [ls16]

All jobs have completed.

2 of 2 job(s) succeeded; 0 job(s) failed.

Timer (distribute subjobs) : 896.64 secs (0 hrs, 14 mins, 56 secs)

Setting up QM workflow for (protonated, deprotonated) pair:
(1) (SM16_micro004, SM16_micro002)

Executing Jaguar quantum-mechanical subjobs...

Executing 10 distributed subjobs:
----------------------------------

No more than 8 cpu(s) will be used per subjob.
No more than 10 cpu(s) will be used simultaneously.

Processing the following subjobs:
(1) jaguar run pka_prot.bat -jobname SM16_micro004_conf_1 SM16_micro004_conf_1.in
(2) jaguar run pka_prot.bat -jobname SM16_micro004_conf_2 SM16_micro004_conf_2.in
(3) jaguar run pka_prot.bat -jobname SM16_micro004_conf_3 SM16_micro004_conf_3.in
(4) jaguar run pka_prot.bat -jobname SM16_micro004_conf_4 SM16_micro004_conf_4.in
(5) jaguar run pka_prot.bat -jobname SM16_micro004_conf_5 SM16_micro004_conf_5.in
(6) jaguar run pka_deprot.bat -jobname SM16_micro002_conf_1 SM16_micro002_conf_1.in
(7) jaguar run pka_deprot.bat -jobname SM16_micro002_conf_2 SM16_micro002_conf_2.in
(8) jaguar run pka_deprot.bat -jobname SM16_micro002_conf_3 SM16_micro002_conf_3.in
(9) jaguar run pka_deprot.bat -jobname SM16_micro002_conf_4 SM16_micro002_conf_4.in
(10) jaguar run pka_deprot.bat -jobname SM16_micro002_conf_5 SM16_micro002_conf_5.in

Running subjobs on hosts:
  lsf-cpu (Max: 10)
Number of jobs:       10
Max retries per job:  3
Max allowed failures: unlimited
Run with -LOCAL:      False
Verbosity:            normal

Starting JobDJ...

Keep one job on driver host: True
JobDJ columns:
  C: Number of completed subjobs
  A: Number of active subjobs (e.g., submitted, running)
  W: Number of waiting/pending subjobs

 C  A  W | Activity  JobId  JobName  JobHost
-- -- -- | --------- -----------------------
 0  1  9 | launched  lt04-0-5aeca91d SM16_micro004_conf_1 localhost [lt04]
 0  2  8 | launched  lt04-0-5aeca920 SM16_micro004_conf_2 lsf-cpu
 0  3  7 | launched  lt04-0-5aeca924 SM16_micro004_conf_3 lsf-cpu
 0  4  6 | launched  lt04-0-5aeca927 SM16_micro004_conf_4 lsf-cpu
 0  5  5 | launched  lt04-0-5aeca92b SM16_micro004_conf_5 lsf-cpu
 0  6  4 | launched  lt04-0-5aeca92f SM16_micro002_conf_1 lsf-cpu
 0  7  3 | launched  lt04-0-5aeca934 SM16_micro002_conf_2 lsf-cpu
 0  8  2 | launched  lt04-0-5aeca938 SM16_micro002_conf_3 lsf-cpu
 0  9  1 | launched  lt04-0-5aeca93c SM16_micro002_conf_4 lsf-cpu
 0 10  0 | launched  lt04-0-5aeca940 SM16_micro002_conf_5 lsf-cpu
 1  9  0 | finished  lt04-0-5aeca924 SM16_micro004_conf_3 lsf-cpu [lt14]
 2  8  0 | finished  lt04-0-5aeca920 SM16_micro004_conf_2 lsf-cpu [lt21]
 3  7  0 | finished  lt04-0-5aeca934 SM16_micro002_conf_2 lsf-cpu [lt21]
 4  6  0 | finished  lt04-0-5aeca92b SM16_micro004_conf_5 lsf-cpu [lt11]
 5  5  0 | finished  lt04-0-5aeca927 SM16_micro004_conf_4 lsf-cpu [lt07]
 6  4  0 | finished  lt04-0-5aeca92f SM16_micro002_conf_1 lsf-cpu [lt14]
 7  3  0 | finished  lt04-0-5aeca940 SM16_micro002_conf_5 lsf-cpu [lt11]
 8  2  0 | finished  lt04-0-5aeca93c SM16_micro002_conf_4 lsf-cpu [lt14]
 9  1  0 | finished  lt04-0-5aeca938 SM16_micro002_conf_3 lsf-cpu [lt04]
10  0  0 | finished  lt04-0-5aeca91d SM16_micro004_conf_1 localhost [lt04]

All jobs have completed.

10 of 10 job(s) succeeded; 0 job(s) failed.

Timer (distribute subjobs) : 1525.60 secs (0 hrs, 25 mins, 25 secs)

Processing QM output files...

Executing subprocess:
/data/chodera/schrodinger/schrodinger2017-4-advanced/jaguar results -energy SM16_micro004_conf_1.nrg_h.out

Executing subprocess:
/data/chodera/schrodinger/schrodinger2017-4-advanced/jaguar results -esolv SM16_micro004_conf_1.sol_h.out

Executing subprocess:
/data/chodera/schrodinger/schrodinger2017-4-advanced/jaguar results -energy SM16_micro004_conf_2.nrg_h.out

Executing subprocess:
/data/chodera/schrodinger/schrodinger2017-4-advanced/jaguar results -esolv SM16_micro004_conf_2.sol_h.out

Executing subprocess:
/data/chodera/schrodinger/schrodinger2017-4-advanced/jaguar results -energy SM16_micro004_conf_3.nrg_h.out

Executing subprocess:
/data/chodera/schrodinger/schrodinger2017-4-advanced/jaguar results -esolv SM16_micro004_conf_3.sol_h.out

Executing subprocess:
/data/chodera/schrodinger/schrodinger2017-4-advanced/jaguar results -energy SM16_micro004_conf_4.nrg_h.out

Executing subprocess:
/data/chodera/schrodinger/schrodinger2017-4-advanced/jaguar results -esolv SM16_micro004_conf_4.sol_h.out

Executing subprocess:
/data/chodera/schrodinger/schrodinger2017-4-advanced/jaguar results -energy SM16_micro004_conf_5.nrg_h.out

Executing subprocess:
/data/chodera/schrodinger/schrodinger2017-4-advanced/jaguar results -esolv SM16_micro004_conf_5.sol_h.out

Executing subprocess:
/data/chodera/schrodinger/schrodinger2017-4-advanced/jaguar results -energy SM16_micro002_conf_1.nrg.out

Executing subprocess:
/data/chodera/schrodinger/schrodinger2017-4-advanced/jaguar results -esolv SM16_micro002_conf_1.sol.out

Executing subprocess:
/data/chodera/schrodinger/schrodinger2017-4-advanced/jaguar results -energy SM16_micro002_conf_2.nrg.out

Executing subprocess:
/data/chodera/schrodinger/schrodinger2017-4-advanced/jaguar results -esolv SM16_micro002_conf_2.sol.out

Executing subprocess:
/data/chodera/schrodinger/schrodinger2017-4-advanced/jaguar results -energy SM16_micro002_conf_3.nrg.out

Executing subprocess:
/data/chodera/schrodinger/schrodinger2017-4-advanced/jaguar results -esolv SM16_micro002_conf_3.sol.out

Executing subprocess:
/data/chodera/schrodinger/schrodinger2017-4-advanced/jaguar results -energy SM16_micro002_conf_4.nrg.out

Executing subprocess:
/data/chodera/schrodinger/schrodinger2017-4-advanced/jaguar results -esolv SM16_micro002_conf_4.sol.out

Executing subprocess:
/data/chodera/schrodinger/schrodinger2017-4-advanced/jaguar results -energy SM16_micro002_conf_5.nrg.out

Executing subprocess:
/data/chodera/schrodinger/schrodinger2017-4-advanced/jaguar results -esolv SM16_micro002_conf_5.sol.out

Executing subprocess:
/data/chodera/schrodinger/schrodinger2017-4-advanced/jaguar-v9.8/bin/Linux-x86_64/pka -o SM16_micro004_deprot-out.mae -j SM16_micro004.jres -n -d

Executing subprocess:
/data/chodera/schrodinger/schrodinger2017-4-advanced/jaguar-v9.8/bin/Linux-x86_64/pka -o SM16_micro004_prot-out.mae -j SM16_micro004.jres -n

pKa calculation for SM16_micro004 completed.

pKa workflow jag_SM16_micro004_SM16_micro002 completed.

Timer (Jaguar pKa) : 2555.40 secs (0 hrs, 42 mins, 35 secs)
Timer (jaguar_backend.py) : 2555.40 secs (0 hrs, 42 mins, 35 secs)
Finished:   Fri May  4 15:08:02 2018
