Command:    jaguar run pka.py -jobname jag_SM23_micro047_SM23_micro042 -PARALLEL 10 -n -csrch -prot SM23_micro047.in -deprot SM23_micro042.in
Release:    2017-4
Exec:       /data/chodera/schrodinger/schrodinger2017-4-advanced/jaguar-v9.8/bin/Linux-x86_64
Host:       lt09
JobId:      lilac-0-5aecd487
JobDir:     /lila/data/chodera/schrodinger/tmpdir/rustenburg/jag_SM23_micro047_SM23_micro042
Date:       Fri May  4 19:23:16 2018

Contents of /lila/data/chodera/schrodinger/tmpdir/rustenburg/jag_SM23_micro047_SM23_micro042:
/lila/data/chodera/schrodinger/tmpdir/rustenburg/jag_SM23_micro047_SM23_micro042/lilac-0-5aecd487.hosts
/lila/data/chodera/schrodinger/tmpdir/rustenburg/jag_SM23_micro047_SM23_micro042/SM23_micro042.in
/lila/data/chodera/schrodinger/tmpdir/rustenburg/jag_SM23_micro047_SM23_micro042/jag_SM23_micro047_SM23_micro042.log
/lila/data/chodera/schrodinger/tmpdir/rustenburg/jag_SM23_micro047_SM23_micro042/lilac-0-5aecd487.recover
/lila/data/chodera/schrodinger/tmpdir/rustenburg/jag_SM23_micro047_SM23_micro042/SM23_micro047.mae
/lila/data/chodera/schrodinger/tmpdir/rustenburg/jag_SM23_micro047_SM23_micro042/lilac-0-5aecd487.nodes
/lila/data/chodera/schrodinger/tmpdir/rustenburg/jag_SM23_micro047_SM23_micro042/SM23_micro047.in
/lila/data/chodera/schrodinger/tmpdir/rustenburg/jag_SM23_micro047_SM23_micro042/lilac-0-5aecd487
/lila/data/chodera/schrodinger/tmpdir/rustenburg/jag_SM23_micro047_SM23_micro042/lilac-0-5aecd487.jlog
/lila/data/chodera/schrodinger/tmpdir/rustenburg/jag_SM23_micro047_SM23_micro042/lilac-0-5aecd487.mpinodes
/lila/data/chodera/schrodinger/tmpdir/rustenburg/jag_SM23_micro047_SM23_micro042/SM23_micro042.mae
/lila/data/chodera/schrodinger/tmpdir/rustenburg/jag_SM23_micro047_SM23_micro042/jag_SM23_micro047_SM23_micro042.recover

=====================
 Jaguar pKa workflow
=====================

Analysing user-provided (prot, deprot) pair:
(SM23_micro047.in, SM23_micro042.in)
Error: heavy atoms are different in input files:
SM23_micro047.in
SM23_micro042.in


An error has occurred.  Information about the error has been written to 
/home/rustenburg/.schrodinger/exceptions/error20180504-192316-1.txt 

Please contact help@schrodinger.com for assistance. Include error20180504-192316-1.txt and a description of what you were doing when the error occurred.
