Command:    jaguar run pka.py -jobname jag_SM02_micro008_SM02_micro004 -PARALLEL 10 -n -csrch -prot SM02_micro008.in -deprot SM02_micro004.in
Release:    2017-4
Exec:       /data/chodera/schrodinger/schrodinger2017-4-advanced/jaguar-v9.8/bin/Linux-x86_64
Host:       lt08
JobId:      lilac-0-5aec6706
JobDir:     /lila/data/chodera/schrodinger/tmpdir/rustenburg/jag_SM02_micro008_SM02_micro004
Date:       Fri May  4 09:58:38 2018

Contents of /lila/data/chodera/schrodinger/tmpdir/rustenburg/jag_SM02_micro008_SM02_micro004:
/lila/data/chodera/schrodinger/tmpdir/rustenburg/jag_SM02_micro008_SM02_micro004/SM02_micro008.mae
/lila/data/chodera/schrodinger/tmpdir/rustenburg/jag_SM02_micro008_SM02_micro004/lilac-0-5aec6706.hosts
/lila/data/chodera/schrodinger/tmpdir/rustenburg/jag_SM02_micro008_SM02_micro004/lilac-0-5aec6706.recover
/lila/data/chodera/schrodinger/tmpdir/rustenburg/jag_SM02_micro008_SM02_micro004/SM02_micro004.mae
/lila/data/chodera/schrodinger/tmpdir/rustenburg/jag_SM02_micro008_SM02_micro004/lilac-0-5aec6706.jlog
/lila/data/chodera/schrodinger/tmpdir/rustenburg/jag_SM02_micro008_SM02_micro004/jag_SM02_micro008_SM02_micro004.log
/lila/data/chodera/schrodinger/tmpdir/rustenburg/jag_SM02_micro008_SM02_micro004/lilac-0-5aec6706.nodes
/lila/data/chodera/schrodinger/tmpdir/rustenburg/jag_SM02_micro008_SM02_micro004/SM02_micro008.in
/lila/data/chodera/schrodinger/tmpdir/rustenburg/jag_SM02_micro008_SM02_micro004/lilac-0-5aec6706
/lila/data/chodera/schrodinger/tmpdir/rustenburg/jag_SM02_micro008_SM02_micro004/SM02_micro004.in
/lila/data/chodera/schrodinger/tmpdir/rustenburg/jag_SM02_micro008_SM02_micro004/lilac-0-5aec6706.mpinodes
/lila/data/chodera/schrodinger/tmpdir/rustenburg/jag_SM02_micro008_SM02_micro004/jag_SM02_micro008_SM02_micro004.recover

=====================
 Jaguar pKa workflow
=====================

Analysing user-provided (prot, deprot) pair:
(SM02_micro008.in, SM02_micro004.in)
Found labile hydrogen 23 in SM02_micro008.in
Found labile hydrogen at atom 11 in SM02_micro004.in
Adding 'ipkat' keyword to input files.

Identifying pKa functional group for pair:
(SM02_micro008, SM02_micro004)

Executing subprocess:
/data/chodera/schrodinger/schrodinger2017-4-advanced/jaguar-v9.8/bin/Linux-x86_64/pka -i -j SM02_micro008.tmp.jres -n

Taking protonated structures from:
SM02_micro008.mae
Taking deprotonated structures from:
SM02_micro004.mae

This molecule from 'SM02_micro008.mae' in water was recognized as:

 # 	                  Shell                   
---	------------------------------------------
1: 	Protonation of sp3-like aliphatic nitrogen
2: 	Protonation of generic atom               


Executing conformational search...

Executing 2 distributed subjobs:
---------------------------------

No more than 8 cpu(s) will be used per subjob.
No more than 10 cpu(s) will be used simultaneously.

Processing the following subjobs:
(1) jaguar run csrch.py SM02_micro008.mae -jobname SM02_micro008 -max_conf 5 -erg_window 50.208 -acc_level 1 -TPP 5
(2) jaguar run csrch.py SM02_micro004.mae -jobname SM02_micro004 -max_conf 5 -erg_window 50.208 -acc_level 1 -TPP 5

Running subjobs on hosts:
  lsf-cpu (Max: 2)
Number of jobs:       2
Max retries per job:  3
Max allowed failures: unlimited
Run with -LOCAL:      False
Verbosity:            normal

Starting JobDJ...

Keep one job on driver host: False
JobDJ columns:
  C: Number of completed subjobs
  A: Number of active subjobs (e.g., submitted, running)
  W: Number of waiting/pending subjobs

C A W | Activity  JobId  JobName  JobHost
- - - | --------- -----------------------
0 1 1 | launched  lt08-0-5aec6716 SM02_micro008 lsf-cpu
0 2 0 | launched  lt08-0-5aec671c SM02_micro004 lsf-cpu
1 1 0 | finished  lt08-0-5aec671c SM02_micro004 lsf-cpu
2 0 0 | finished  lt08-0-5aec6716 SM02_micro008 lsf-cpu

All jobs have completed.

2 of 2 job(s) succeeded; 0 job(s) failed.

Timer (distribute subjobs) : 562.97 secs (0 hrs, 09 mins, 22 secs)

Setting up QM workflow for (protonated, deprotonated) pair:
(1) (SM02_micro008, SM02_micro004)

Executing Jaguar quantum-mechanical subjobs...

Executing 10 distributed subjobs:
----------------------------------

No more than 8 cpu(s) will be used per subjob.
No more than 10 cpu(s) will be used simultaneously.

Processing the following subjobs:
(1) jaguar run pka_prot.bat -jobname SM02_micro008_conf_1 SM02_micro008_conf_1.in
(2) jaguar run pka_prot.bat -jobname SM02_micro008_conf_2 SM02_micro008_conf_2.in
(3) jaguar run pka_prot.bat -jobname SM02_micro008_conf_3 SM02_micro008_conf_3.in
(4) jaguar run pka_prot.bat -jobname SM02_micro008_conf_4 SM02_micro008_conf_4.in
(5) jaguar run pka_prot.bat -jobname SM02_micro008_conf_5 SM02_micro008_conf_5.in
(6) jaguar run pka_deprot.bat -jobname SM02_micro004_conf_1 SM02_micro004_conf_1.in
(7) jaguar run pka_deprot.bat -jobname SM02_micro004_conf_2 SM02_micro004_conf_2.in
(8) jaguar run pka_deprot.bat -jobname SM02_micro004_conf_3 SM02_micro004_conf_3.in
(9) jaguar run pka_deprot.bat -jobname SM02_micro004_conf_4 SM02_micro004_conf_4.in
(10) jaguar run pka_deprot.bat -jobname SM02_micro004_conf_5 SM02_micro004_conf_5.in

Running subjobs on hosts:
  lsf-cpu (Max: 10)
Number of jobs:       10
Max retries per job:  3
Max allowed failures: unlimited
Run with -LOCAL:      False
Verbosity:            normal

Starting JobDJ...

Keep one job on driver host: True
JobDJ columns:
  C: Number of completed subjobs
  A: Number of active subjobs (e.g., submitted, running)
  W: Number of waiting/pending subjobs

 C  A  W | Activity  JobId  JobName  JobHost
-- -- -- | --------- -----------------------
 0  1  9 | launched  lt08-0-5aec694c SM02_micro008_conf_1 localhost [lt08]
 0  2  8 | launched  lt08-0-5aec6955 SM02_micro008_conf_2 lsf-cpu
 0  3  7 | launched  lt08-0-5aec695e SM02_micro008_conf_3 lsf-cpu
 0  4  6 | launched  lt08-0-5aec6967 SM02_micro008_conf_4 lsf-cpu
 0  5  5 | launched  lt08-0-5aec696f SM02_micro008_conf_5 lsf-cpu
 0  6  4 | launched  lt08-0-5aec6979 SM02_micro004_conf_1 lsf-cpu
 0  7  3 | launched  lt08-0-5aec6982 SM02_micro004_conf_2 lsf-cpu
 0  8  2 | launched  lt08-0-5aec698c SM02_micro004_conf_3 lsf-cpu
 0  9  1 | launched  lt08-1-5aec6993 SM02_micro004_conf_4 lsf-cpu
 0 10  0 | launched  lt08-0-5aec6996 SM02_micro004_conf_5 lsf-cpu
 1  9  0 | finished  lt08-0-5aec694c SM02_micro008_conf_1 localhost [lt08]
 2  8  0 | finished  lt08-0-5aec6979 SM02_micro004_conf_1 lsf-cpu [ls15]
 3  7  0 | finished  lt08-0-5aec6996 SM02_micro004_conf_5 lsf-cpu [lt02]
 4  6  0 | finished  lt08-0-5aec695e SM02_micro008_conf_3 lsf-cpu [ls17]
 5  5  0 | finished  lt08-0-5aec6955 SM02_micro008_conf_2 lsf-cpu [lt17]
 6  4  0 | finished  lt08-0-5aec6982 SM02_micro004_conf_2 lsf-cpu [ls01]
 7  3  0 | finished  lt08-0-5aec696f SM02_micro008_conf_5 lsf-cpu [ls02]
 8  2  0 | finished  lt08-0-5aec6967 SM02_micro008_conf_4 lsf-cpu [ls17]
 9  1  0 | finished  lt08-0-5aec698c SM02_micro004_conf_3 lsf-cpu [ls01]
10  0  0 | finished  lt08-1-5aec6993 SM02_micro004_conf_4 lsf-cpu [ls01]

All jobs have completed.

10 of 10 job(s) succeeded; 0 job(s) failed.

Timer (distribute subjobs) : 4278.90 secs (1 hrs, 11 mins, 18 secs)

Processing QM output files...

Executing subprocess:
/data/chodera/schrodinger/schrodinger2017-4-advanced/jaguar results -energy SM02_micro008_conf_1.nrg_h.out

Executing subprocess:
/data/chodera/schrodinger/schrodinger2017-4-advanced/jaguar results -esolv SM02_micro008_conf_1.sol_h.out

Executing subprocess:
/data/chodera/schrodinger/schrodinger2017-4-advanced/jaguar results -energy SM02_micro008_conf_2.nrg_h.out

Executing subprocess:
/data/chodera/schrodinger/schrodinger2017-4-advanced/jaguar results -esolv SM02_micro008_conf_2.sol_h.out

Executing subprocess:
/data/chodera/schrodinger/schrodinger2017-4-advanced/jaguar results -energy SM02_micro008_conf_3.nrg_h.out

Executing subprocess:
/data/chodera/schrodinger/schrodinger2017-4-advanced/jaguar results -esolv SM02_micro008_conf_3.sol_h.out

Executing subprocess:
/data/chodera/schrodinger/schrodinger2017-4-advanced/jaguar results -energy SM02_micro008_conf_4.nrg_h.out

Executing subprocess:
/data/chodera/schrodinger/schrodinger2017-4-advanced/jaguar results -esolv SM02_micro008_conf_4.sol_h.out

Executing subprocess:
/data/chodera/schrodinger/schrodinger2017-4-advanced/jaguar results -energy SM02_micro008_conf_5.nrg_h.out

Executing subprocess:
/data/chodera/schrodinger/schrodinger2017-4-advanced/jaguar results -esolv SM02_micro008_conf_5.sol_h.out

Executing subprocess:
/data/chodera/schrodinger/schrodinger2017-4-advanced/jaguar results -energy SM02_micro004_conf_1.nrg.out

Executing subprocess:
/data/chodera/schrodinger/schrodinger2017-4-advanced/jaguar results -esolv SM02_micro004_conf_1.sol.out

Executing subprocess:
/data/chodera/schrodinger/schrodinger2017-4-advanced/jaguar results -energy SM02_micro004_conf_2.nrg.out

Executing subprocess:
/data/chodera/schrodinger/schrodinger2017-4-advanced/jaguar results -esolv SM02_micro004_conf_2.sol.out

Executing subprocess:
/data/chodera/schrodinger/schrodinger2017-4-advanced/jaguar results -energy SM02_micro004_conf_3.nrg.out

Executing subprocess:
/data/chodera/schrodinger/schrodinger2017-4-advanced/jaguar results -esolv SM02_micro004_conf_3.sol.out

Executing subprocess:
/data/chodera/schrodinger/schrodinger2017-4-advanced/jaguar results -energy SM02_micro004_conf_4.nrg.out

Executing subprocess:
/data/chodera/schrodinger/schrodinger2017-4-advanced/jaguar results -esolv SM02_micro004_conf_4.sol.out

Executing subprocess:
/data/chodera/schrodinger/schrodinger2017-4-advanced/jaguar results -energy SM02_micro004_conf_5.nrg.out

Executing subprocess:
/data/chodera/schrodinger/schrodinger2017-4-advanced/jaguar results -esolv SM02_micro004_conf_5.sol.out

Executing subprocess:
/data/chodera/schrodinger/schrodinger2017-4-advanced/jaguar-v9.8/bin/Linux-x86_64/pka -o SM02_micro008_deprot-out.mae -j SM02_micro008.jres -n -d

Executing subprocess:
/data/chodera/schrodinger/schrodinger2017-4-advanced/jaguar-v9.8/bin/Linux-x86_64/pka -o SM02_micro008_prot-out.mae -j SM02_micro008.jres -n

pKa calculation for SM02_micro008 completed.

pKa workflow jag_SM02_micro008_SM02_micro004 completed.

Timer (Jaguar pKa) : 4963.81 secs (1 hrs, 22 mins, 43 secs)
Timer (jaguar_backend.py) : 4963.81 secs (1 hrs, 22 mins, 43 secs)
Finished:   Fri May  4 11:21:22 2018
