Taking protonated structures from:
SM10_micro028_conf_1.dft_h.01.mae
SM10_micro028_conf_2.dft_h.01.mae
SM10_micro028_conf_3.dft_h.01.mae
SM10_micro028_conf_4.dft_h.01.mae
SM10_micro028_conf_5.dft_h.01.mae
Taking deprotonated structures from:
SM10_micro031_conf_1.dft.01.mae
SM10_micro031_conf_2.dft.01.mae
SM10_micro031_conf_3.dft.01.mae
SM10_micro031_conf_4.dft.01.mae
SM10_micro031_conf_5.dft.01.mae

Corrected results for 'protonated' structure in water:
pKa atom: 30

 # 	                 Shell                  	 pKa 	RMSD	 Contribution
---	----------------------------------------	-----	-----	--------------
1: 	Protonation of generic atom             	 9.92	2.264	    99.88%
2: 	aliphatic CH acid in water              	 8.29	2.584	     0.06%
3: 	Protonation of sp2-like aliphatic carbon	 8.51	2.605	     0.06%

 Final weighted pKa value is 9.92



