Taking protonated structures from:
SM10_micro032_conf_1.dft_h.01.mae
SM10_micro032_conf_2.dft_h.01.mae
SM10_micro032_conf_3.dft_h.01.mae
SM10_micro032_conf_4.dft_h.01.mae
SM10_micro032_conf_5.dft_h.01.mae
Taking deprotonated structures from:
SM10_micro005_conf_1.dft.01.mae
SM10_micro005_conf_2.dft.01.mae
SM10_micro005_conf_3.dft.01.mae
SM10_micro005_conf_4.dft.01.mae
SM10_micro005_conf_5.dft.01.mae

Corrected results for 'protonated' structure in water:
pKa atom: 29

 # 	                  Shell                   	 pKa 	RMSD	 Contribution
---	------------------------------------------	-----	-----	--------------
1: 	amide as acid                             	-3.71	0.903	    96.24%
2: 	Protonation of sp2-like aliphatic nitrogen	-3.01	1.751	     2.50%
3: 	Protonation of generic atom               	-1.75	2.264	     1.26%

 Final weighted pKa value is -3.67



