Command:    jaguar run pka.py -jobname jag_SM06_micro002_SM06_micro004 -PARALLEL 10 -n -csrch -prot SM06_micro002.in -deprot SM06_micro004.in
Release:    2017-4
Exec:       /data/chodera/schrodinger/schrodinger2017-4-advanced/jaguar-v9.8/bin/Linux-x86_64
Host:       ls04
JobId:      lilac-0-5aec72eb
JobDir:     /lila/data/chodera/schrodinger/tmpdir/rustenburg/jag_SM06_micro002_SM06_micro004
Date:       Fri May  4 10:49:23 2018

Contents of /lila/data/chodera/schrodinger/tmpdir/rustenburg/jag_SM06_micro002_SM06_micro004:
/lila/data/chodera/schrodinger/tmpdir/rustenburg/jag_SM06_micro002_SM06_micro004/lilac-0-5aec72eb.nodes
/lila/data/chodera/schrodinger/tmpdir/rustenburg/jag_SM06_micro002_SM06_micro004/SM06_micro004.in
/lila/data/chodera/schrodinger/tmpdir/rustenburg/jag_SM06_micro002_SM06_micro004/SM06_micro002.mae
/lila/data/chodera/schrodinger/tmpdir/rustenburg/jag_SM06_micro002_SM06_micro004/jag_SM06_micro002_SM06_micro004.log
/lila/data/chodera/schrodinger/tmpdir/rustenburg/jag_SM06_micro002_SM06_micro004/lilac-0-5aec72eb.recover
/lila/data/chodera/schrodinger/tmpdir/rustenburg/jag_SM06_micro002_SM06_micro004/lilac-0-5aec72eb.jlog
/lila/data/chodera/schrodinger/tmpdir/rustenburg/jag_SM06_micro002_SM06_micro004/SM06_micro004.mae
/lila/data/chodera/schrodinger/tmpdir/rustenburg/jag_SM06_micro002_SM06_micro004/jag_SM06_micro002_SM06_micro004.recover
/lila/data/chodera/schrodinger/tmpdir/rustenburg/jag_SM06_micro002_SM06_micro004/SM06_micro002.in
/lila/data/chodera/schrodinger/tmpdir/rustenburg/jag_SM06_micro002_SM06_micro004/lilac-0-5aec72eb
/lila/data/chodera/schrodinger/tmpdir/rustenburg/jag_SM06_micro002_SM06_micro004/lilac-0-5aec72eb.mpinodes
/lila/data/chodera/schrodinger/tmpdir/rustenburg/jag_SM06_micro002_SM06_micro004/lilac-0-5aec72eb.hosts

=====================
 Jaguar pKa workflow
=====================

Analysing user-provided (prot, deprot) pair:
(SM06_micro002.in, SM06_micro004.in)
Found labile hydrogen 29 in SM06_micro002.in
Found labile hydrogen at atom 11 in SM06_micro004.in
Adding 'ipkat' keyword to input files.

Identifying pKa functional group for pair:
(SM06_micro002, SM06_micro004)

Executing subprocess:
/data/chodera/schrodinger/schrodinger2017-4-advanced/jaguar-v9.8/bin/Linux-x86_64/pka -i -j SM06_micro002.tmp.jres -n

Taking protonated structures from:
SM06_micro002.mae
Taking deprotonated structures from:
SM06_micro004.mae

This molecule from 'SM06_micro002.mae' in water was recognized as:

 # 	                  Shell                   
---	------------------------------------------
1: 	amide as acid                             
2: 	Protonation of sp2-like aliphatic nitrogen
3: 	Protonation of generic atom               


Executing conformational search...

Executing 2 distributed subjobs:
---------------------------------

No more than 8 cpu(s) will be used per subjob.
No more than 10 cpu(s) will be used simultaneously.

Processing the following subjobs:
(1) jaguar run csrch.py SM06_micro002.mae -jobname SM06_micro002 -max_conf 5 -erg_window 50.208 -acc_level 1 -TPP 5
(2) jaguar run csrch.py SM06_micro004.mae -jobname SM06_micro004 -max_conf 5 -erg_window 50.208 -acc_level 1 -TPP 5

Running subjobs on hosts:
  lsf-cpu (Max: 2)
Number of jobs:       2
Max retries per job:  3
Max allowed failures: unlimited
Run with -LOCAL:      False
Verbosity:            normal

Starting JobDJ...

Keep one job on driver host: False
JobDJ columns:
  C: Number of completed subjobs
  A: Number of active subjobs (e.g., submitted, running)
  W: Number of waiting/pending subjobs

C A W | Activity  JobId  JobName  JobHost
- - - | --------- -----------------------
0 1 1 | launched  ls04-0-5aec72fa SM06_micro002 lsf-cpu
0 2 0 | launched  ls04-1-5aec72ff SM06_micro004 lsf-cpu
1 1 0 | finished  ls04-0-5aec72fa SM06_micro002 lsf-cpu
2 0 0 | finished  ls04-1-5aec72ff SM06_micro004 lsf-cpu

All jobs have completed.

2 of 2 job(s) succeeded; 0 job(s) failed.

Timer (distribute subjobs) : 390.08 secs (0 hrs, 06 mins, 30 secs)

Setting up QM workflow for (protonated, deprotonated) pair:
(1) (SM06_micro002, SM06_micro004)

Executing Jaguar quantum-mechanical subjobs...

Executing 10 distributed subjobs:
----------------------------------

No more than 8 cpu(s) will be used per subjob.
No more than 10 cpu(s) will be used simultaneously.

Processing the following subjobs:
(1) jaguar run pka_prot.bat -jobname SM06_micro002_conf_1 SM06_micro002_conf_1.in
(2) jaguar run pka_prot.bat -jobname SM06_micro002_conf_2 SM06_micro002_conf_2.in
(3) jaguar run pka_prot.bat -jobname SM06_micro002_conf_3 SM06_micro002_conf_3.in
(4) jaguar run pka_prot.bat -jobname SM06_micro002_conf_4 SM06_micro002_conf_4.in
(5) jaguar run pka_prot.bat -jobname SM06_micro002_conf_5 SM06_micro002_conf_5.in
(6) jaguar run pka_deprot.bat -jobname SM06_micro004_conf_1 SM06_micro004_conf_1.in
(7) jaguar run pka_deprot.bat -jobname SM06_micro004_conf_2 SM06_micro004_conf_2.in
(8) jaguar run pka_deprot.bat -jobname SM06_micro004_conf_3 SM06_micro004_conf_3.in
(9) jaguar run pka_deprot.bat -jobname SM06_micro004_conf_4 SM06_micro004_conf_4.in
(10) jaguar run pka_deprot.bat -jobname SM06_micro004_conf_5 SM06_micro004_conf_5.in

Running subjobs on hosts:
  lsf-cpu (Max: 10)
Number of jobs:       10
Max retries per job:  3
Max allowed failures: unlimited
Run with -LOCAL:      False
Verbosity:            normal

Starting JobDJ...

Keep one job on driver host: True
JobDJ columns:
  C: Number of completed subjobs
  A: Number of active subjobs (e.g., submitted, running)
  W: Number of waiting/pending subjobs

 C  A  W | Activity  JobId  JobName  JobHost
-- -- -- | --------- -----------------------
 0  1  9 | launched  ls04-0-5aec7482 SM06_micro002_conf_1 localhost [ls04]
 0  2  8 | launched  ls04-0-5aec7486 SM06_micro002_conf_2 lsf-cpu
 0  3  7 | launched  ls04-0-5aec748a SM06_micro002_conf_3 lsf-cpu
 0  4  6 | launched  ls04-0-5aec748d SM06_micro002_conf_4 lsf-cpu
 0  5  5 | launched  ls04-0-5aec7491 SM06_micro002_conf_5 lsf-cpu
 0  6  4 | launched  ls04-0-5aec7495 SM06_micro004_conf_1 lsf-cpu
 0  7  3 | launched  ls04-0-5aec7499 SM06_micro004_conf_2 lsf-cpu
 0  8  2 | launched  ls04-0-5aec749e SM06_micro004_conf_3 lsf-cpu
 0  9  1 | launched  ls04-0-5aec74a1 SM06_micro004_conf_4 lsf-cpu
 0 10  0 | launched  ls04-0-5aec74a5 SM06_micro004_conf_5 lsf-cpu
 1  9  0 | finished  ls04-0-5aec7482 SM06_micro002_conf_1 localhost [ls04]
 2  8  0 | finished  ls04-0-5aec7491 SM06_micro002_conf_5 lsf-cpu [ls18]
 3  7  0 | finished  ls04-0-5aec74a1 SM06_micro004_conf_4 lsf-cpu [lt22]
 4  6  0 | finished  ls04-0-5aec7495 SM06_micro004_conf_1 lsf-cpu [lt22]
 5  5  0 | finished  ls04-0-5aec7499 SM06_micro004_conf_2 lsf-cpu [lt22]
 6  4  0 | finished  ls04-0-5aec7486 SM06_micro002_conf_2 lsf-cpu [ls07]
 7  3  0 | finished  ls04-0-5aec74a5 SM06_micro004_conf_5 lsf-cpu [lt22]
 8  2  0 | finished  ls04-0-5aec748d SM06_micro002_conf_4 lsf-cpu [ls07]
 9  1  0 | finished  ls04-0-5aec748a SM06_micro002_conf_3 lsf-cpu [ls07]
Subjob 'SM06_micro004_conf_3' died (died) [jobid ls04-0-5aec749e]
10  0  0 | died      ls04-0-5aec749e SM06_micro004_conf_3 lsf-cpu [lt22]
ERROR: Subjob 'SM06_micro004_conf_3' has failed.

Last 20 lines of 'SM06_micro004_conf_3.log':

  etot   41  Y  Y  6  M   -1234.68654833390  5.4E-03  3.0E-04  3.2E-02
  etot   42  N  Y  2  U   -1234.68969121174  3.1E-03  1.1E-04  1.3E-02
  etot   43  Y  Y  6  M   -1234.69054425685  8.5E-04  4.0E-05  2.9E-03
  etot   44  N  Y  2  U   -1234.69079251257  2.5E-04  1.2E-05  8.4E-03
  etot   45  N  Y  2  U   -1230.56378781613 -4.1E+00  3.8E-06  3.7E+00
  etot   46  N  Y  2  U   -1230.56383619489  4.8E-05  2.3E-02  3.7E+00
  etot   47  Y  Y  6  M   -1231.46965031765  9.1E-01  2.0E-02  1.6E+00
   ERROR 7006: fatal error
    Exhausted all nofail convergence options.  Exiting...
  Error: jaguar died in program scf
  
  Job SM06_micro004_conf_3.nrg halted prematurely on lt22 at Fri May  4 13:46:47 2018
  Timer (jaguar_backend.py) : 8171.35 secs (2 hrs, 16 mins, 11 secs)
  Finished:   Fri May  4 13:46:47 2018
  
  
  Done. 
  Fri, 4 May 2018 13:46:52
  Timer (jaguar_backend.py) : 10158.52 secs (2 hrs, 49 mins, 18 secs)
  Finished:   Fri May  4 13:46:52 2018


Last 20 lines of 'SM06_micro004_conf_3.recover':

  Name: 'SM06_micro004_conf_3'
  JobId: 'ls04-0-5aec749e'
  Commandline: '/data/chodera/schrodinger/schrodinger2017-4-advanced/jaguar run pka_deprot.bat -jobname SM06_micro004_conf_3 SM06_micro004_conf_3.in -HOST lsf-cpu'
  BackendCmdline: 'run batscript.py -jobname SM06_micro004_conf_3 SM06_micro004_conf_3.in -script pka_deprot.bat'
  Outfiles:


No job control errors were found.
10  0  0 | died      ls04-0-5aec749e SM06_micro004_conf_3 lsf-cpu [lt22]

All jobs have completed.

9 of 10 job(s) succeeded; 1 job(s) failed.

Timer (distribute subjobs) : 10258.58 secs (2 hrs, 50 mins, 58 secs)

Processing QM output files...

Executing subprocess:
/data/chodera/schrodinger/schrodinger2017-4-advanced/jaguar results -energy SM06_micro002_conf_1.nrg_h.out

Executing subprocess:
/data/chodera/schrodinger/schrodinger2017-4-advanced/jaguar results -esolv SM06_micro002_conf_1.sol_h.out

Executing subprocess:
/data/chodera/schrodinger/schrodinger2017-4-advanced/jaguar results -energy SM06_micro002_conf_2.nrg_h.out

Executing subprocess:
/data/chodera/schrodinger/schrodinger2017-4-advanced/jaguar results -esolv SM06_micro002_conf_2.sol_h.out

Executing subprocess:
/data/chodera/schrodinger/schrodinger2017-4-advanced/jaguar results -energy SM06_micro002_conf_3.nrg_h.out

Executing subprocess:
/data/chodera/schrodinger/schrodinger2017-4-advanced/jaguar results -esolv SM06_micro002_conf_3.sol_h.out

Executing subprocess:
/data/chodera/schrodinger/schrodinger2017-4-advanced/jaguar results -energy SM06_micro002_conf_4.nrg_h.out

Executing subprocess:
/data/chodera/schrodinger/schrodinger2017-4-advanced/jaguar results -esolv SM06_micro002_conf_4.sol_h.out

Executing subprocess:
/data/chodera/schrodinger/schrodinger2017-4-advanced/jaguar results -energy SM06_micro002_conf_5.nrg_h.out

Executing subprocess:
/data/chodera/schrodinger/schrodinger2017-4-advanced/jaguar results -esolv SM06_micro002_conf_5.sol_h.out

Executing subprocess:
/data/chodera/schrodinger/schrodinger2017-4-advanced/jaguar results -energy SM06_micro004_conf_1.nrg.out

Executing subprocess:
/data/chodera/schrodinger/schrodinger2017-4-advanced/jaguar results -esolv SM06_micro004_conf_1.sol.out

Executing subprocess:
/data/chodera/schrodinger/schrodinger2017-4-advanced/jaguar results -energy SM06_micro004_conf_2.nrg.out

Executing subprocess:
/data/chodera/schrodinger/schrodinger2017-4-advanced/jaguar results -esolv SM06_micro004_conf_2.sol.out

Executing subprocess:
/data/chodera/schrodinger/schrodinger2017-4-advanced/jaguar results -energy SM06_micro004_conf_3.nrg.out

Executing subprocess:
/data/chodera/schrodinger/schrodinger2017-4-advanced/jaguar results -esolv SM06_micro004_conf_3.sol.out

  Results command failed: "/data/chodera/schrodinger/schrodinger2017-4-advanced/jaguar results -esolv SM06_micro004_conf_3.sol.out"

An error has occurred.  Information about the error has been written to 
/home/rustenburg/.schrodinger/exceptions/error20180504-134723.txt 

Please contact help@schrodinger.com for assistance. Include error20180504-134723.txt and a description of what you were doing when the error occurred.
