Command:    jaguar run pka.py -jobname jag_SM18_micro004_SM18_micro069 -PARALLEL 10 -n -csrch -prot SM18_micro004.in -deprot SM18_micro069.in
Release:    2017-4
Exec:       /data/chodera/schrodinger/schrodinger2017-4-advanced/jaguar-v9.8/bin/Linux-x86_64
Host:       lt21
JobId:      lilac-0-5aecadbf
JobDir:     /lila/data/chodera/schrodinger/tmpdir/rustenburg/jag_SM18_micro004_SM18_micro069
Date:       Fri May  4 15:00:55 2018

Contents of /lila/data/chodera/schrodinger/tmpdir/rustenburg/jag_SM18_micro004_SM18_micro069:
/lila/data/chodera/schrodinger/tmpdir/rustenburg/jag_SM18_micro004_SM18_micro069/lilac-0-5aecadbf.jlog
/lila/data/chodera/schrodinger/tmpdir/rustenburg/jag_SM18_micro004_SM18_micro069/jag_SM18_micro004_SM18_micro069.recover
/lila/data/chodera/schrodinger/tmpdir/rustenburg/jag_SM18_micro004_SM18_micro069/SM18_micro069.mae
/lila/data/chodera/schrodinger/tmpdir/rustenburg/jag_SM18_micro004_SM18_micro069/lilac-0-5aecadbf.hosts
/lila/data/chodera/schrodinger/tmpdir/rustenburg/jag_SM18_micro004_SM18_micro069/SM18_micro004.in
/lila/data/chodera/schrodinger/tmpdir/rustenburg/jag_SM18_micro004_SM18_micro069/SM18_micro004.mae
/lila/data/chodera/schrodinger/tmpdir/rustenburg/jag_SM18_micro004_SM18_micro069/jag_SM18_micro004_SM18_micro069.log
/lila/data/chodera/schrodinger/tmpdir/rustenburg/jag_SM18_micro004_SM18_micro069/SM18_micro069.in
/lila/data/chodera/schrodinger/tmpdir/rustenburg/jag_SM18_micro004_SM18_micro069/lilac-0-5aecadbf.nodes
/lila/data/chodera/schrodinger/tmpdir/rustenburg/jag_SM18_micro004_SM18_micro069/lilac-0-5aecadbf.mpinodes
/lila/data/chodera/schrodinger/tmpdir/rustenburg/jag_SM18_micro004_SM18_micro069/lilac-0-5aecadbf.recover
/lila/data/chodera/schrodinger/tmpdir/rustenburg/jag_SM18_micro004_SM18_micro069/lilac-0-5aecadbf

=====================
 Jaguar pKa workflow
=====================

Analysing user-provided (prot, deprot) pair:
(SM18_micro004.in, SM18_micro069.in)
Found labile hydrogen 31 in SM18_micro004.in
Found labile hydrogen at atom 11 in SM18_micro069.in
Adding 'ipkat' keyword to input files.

Identifying pKa functional group for pair:
(SM18_micro004, SM18_micro069)

Executing subprocess:
/data/chodera/schrodinger/schrodinger2017-4-advanced/jaguar-v9.8/bin/Linux-x86_64/pka -i -j SM18_micro004.tmp.jres -n

Taking protonated structures from:
SM18_micro004.mae
Taking deprotonated structures from:
SM18_micro069.mae

This molecule from 'SM18_micro004.mae' in water was recognized as:

 # 	           Shell           
---	---------------------------
1: 	Protonation of generic atom


Executing conformational search...

Executing 2 distributed subjobs:
---------------------------------

No more than 8 cpu(s) will be used per subjob.
No more than 10 cpu(s) will be used simultaneously.

Processing the following subjobs:
(1) jaguar run csrch.py SM18_micro004.mae -jobname SM18_micro004 -max_conf 5 -erg_window 50.208 -acc_level 1 -TPP 5
(2) jaguar run csrch.py SM18_micro069.mae -jobname SM18_micro069 -max_conf 5 -erg_window 50.208 -acc_level 1 -TPP 5

Running subjobs on hosts:
  lsf-cpu (Max: 2)
Number of jobs:       2
Max retries per job:  3
Max allowed failures: unlimited
Run with -LOCAL:      False
Verbosity:            normal

Starting JobDJ...

Keep one job on driver host: False
JobDJ columns:
  C: Number of completed subjobs
  A: Number of active subjobs (e.g., submitted, running)
  W: Number of waiting/pending subjobs

C A W | Activity  JobId  JobName  JobHost
- - - | --------- -----------------------
0 1 1 | launched  lt21-0-5aecaded SM18_micro004 lsf-cpu
0 2 0 | launched  lt21-0-5aecadf0 SM18_micro069 lsf-cpu
1 1 0 | finished  lt21-0-5aecadf0 SM18_micro069 lsf-cpu [ls11]
2 0 0 | finished  lt21-0-5aecaded SM18_micro004 lsf-cpu [lt22]

All jobs have completed.

2 of 2 job(s) succeeded; 0 job(s) failed.

Timer (distribute subjobs) : 7576.38 secs (2 hrs, 06 mins, 16 secs)

Setting up QM workflow for (protonated, deprotonated) pair:
(1) (SM18_micro004, SM18_micro069)

Executing Jaguar quantum-mechanical subjobs...

Executing 10 distributed subjobs:
----------------------------------

No more than 8 cpu(s) will be used per subjob.
No more than 10 cpu(s) will be used simultaneously.

Processing the following subjobs:
(1) jaguar run pka_prot.bat -jobname SM18_micro004_conf_1 SM18_micro004_conf_1.in
(2) jaguar run pka_prot.bat -jobname SM18_micro004_conf_2 SM18_micro004_conf_2.in
(3) jaguar run pka_prot.bat -jobname SM18_micro004_conf_3 SM18_micro004_conf_3.in
(4) jaguar run pka_prot.bat -jobname SM18_micro004_conf_4 SM18_micro004_conf_4.in
(5) jaguar run pka_prot.bat -jobname SM18_micro004_conf_5 SM18_micro004_conf_5.in
(6) jaguar run pka_deprot.bat -jobname SM18_micro069_conf_1 SM18_micro069_conf_1.in
(7) jaguar run pka_deprot.bat -jobname SM18_micro069_conf_2 SM18_micro069_conf_2.in
(8) jaguar run pka_deprot.bat -jobname SM18_micro069_conf_3 SM18_micro069_conf_3.in
(9) jaguar run pka_deprot.bat -jobname SM18_micro069_conf_4 SM18_micro069_conf_4.in
(10) jaguar run pka_deprot.bat -jobname SM18_micro069_conf_5 SM18_micro069_conf_5.in

Running subjobs on hosts:
  lsf-cpu (Max: 10)
Number of jobs:       10
Max retries per job:  3
Max allowed failures: unlimited
Run with -LOCAL:      False
Verbosity:            normal

Starting JobDJ...

Keep one job on driver host: True
JobDJ columns:
  C: Number of completed subjobs
  A: Number of active subjobs (e.g., submitted, running)
  W: Number of waiting/pending subjobs

 C  A  W | Activity  JobId  JobName  JobHost
-- -- -- | --------- -----------------------
 0  1  9 | launched  lt21-1-5aeccb8d SM18_micro004_conf_1 localhost [lt21]
 0  2  8 | launched  lt21-0-5aeccb92 SM18_micro004_conf_2 lsf-cpu
 0  3  7 | launched  lt21-0-5aeccb98 SM18_micro004_conf_3 lsf-cpu
 0  4  6 | launched  lt21-0-5aeccb9c SM18_micro004_conf_4 lsf-cpu
 0  5  5 | launched  lt21-0-5aeccba1 SM18_micro004_conf_5 lsf-cpu
 0  6  4 | launched  lt21-0-5aeccba7 SM18_micro069_conf_1 lsf-cpu
 0  7  3 | launched  lt21-0-5aeccbac SM18_micro069_conf_2 lsf-cpu
 0  8  2 | launched  lt21-0-5aeccbb2 SM18_micro069_conf_3 lsf-cpu
 0  9  1 | launched  lt21-0-5aeccbb8 SM18_micro069_conf_4 lsf-cpu
 0 10  0 | launched  lt21-0-5aeccbbd SM18_micro069_conf_5 lsf-cpu
 1  9  0 | finished  lt21-1-5aeccb8d SM18_micro004_conf_1 localhost [lt21]
 2  8  0 | finished  lt21-0-5aeccbac SM18_micro069_conf_2 lsf-cpu [lt04]
 3  7  0 | finished  lt21-0-5aeccb92 SM18_micro004_conf_2 lsf-cpu [lt20]
 4  6  0 | finished  lt21-0-5aeccb9c SM18_micro004_conf_4 lsf-cpu [lt22]
