Command:    jaguar run pka.py -jobname jag_SM23_micro005_SM23_micro034 -PARALLEL 10 -n -csrch -prot SM23_micro005.in -deprot SM23_micro034.in
Release:    2017-4
Exec:       /data/chodera/schrodinger/schrodinger2017-4-advanced/jaguar-v9.8/bin/Linux-x86_64
Host:       ls07
JobId:      lilac-0-5aecd1fe
JobDir:     /lila/data/chodera/schrodinger/tmpdir/rustenburg/jag_SM23_micro005_SM23_micro034
Date:       Fri May  4 19:19:43 2018

Contents of /lila/data/chodera/schrodinger/tmpdir/rustenburg/jag_SM23_micro005_SM23_micro034:
/lila/data/chodera/schrodinger/tmpdir/rustenburg/jag_SM23_micro005_SM23_micro034/SM23_micro005.in
/lila/data/chodera/schrodinger/tmpdir/rustenburg/jag_SM23_micro005_SM23_micro034/jag_SM23_micro005_SM23_micro034.log
/lila/data/chodera/schrodinger/tmpdir/rustenburg/jag_SM23_micro005_SM23_micro034/lilac-0-5aecd1fe.hosts
/lila/data/chodera/schrodinger/tmpdir/rustenburg/jag_SM23_micro005_SM23_micro034/SM23_micro034.in
/lila/data/chodera/schrodinger/tmpdir/rustenburg/jag_SM23_micro005_SM23_micro034/jag_SM23_micro005_SM23_micro034.recover
/lila/data/chodera/schrodinger/tmpdir/rustenburg/jag_SM23_micro005_SM23_micro034/lilac-0-5aecd1fe.jlog
/lila/data/chodera/schrodinger/tmpdir/rustenburg/jag_SM23_micro005_SM23_micro034/SM23_micro005.mae
/lila/data/chodera/schrodinger/tmpdir/rustenburg/jag_SM23_micro005_SM23_micro034/SM23_micro034.mae
/lila/data/chodera/schrodinger/tmpdir/rustenburg/jag_SM23_micro005_SM23_micro034/lilac-0-5aecd1fe
/lila/data/chodera/schrodinger/tmpdir/rustenburg/jag_SM23_micro005_SM23_micro034/lilac-0-5aecd1fe.nodes
/lila/data/chodera/schrodinger/tmpdir/rustenburg/jag_SM23_micro005_SM23_micro034/lilac-0-5aecd1fe.recover
/lila/data/chodera/schrodinger/tmpdir/rustenburg/jag_SM23_micro005_SM23_micro034/lilac-0-5aecd1fe.mpinodes

=====================
 Jaguar pKa workflow
=====================

Analysing user-provided (prot, deprot) pair:
(SM23_micro005.in, SM23_micro034.in)
Error: more than 1 heavy atom differs by 1 proton in:
SM23_micro005.in
SM23_micro034.in


An error has occurred.  Information about the error has been written to 
/home/rustenburg/.schrodinger/exceptions/error20180504-191944.txt 

Please contact help@schrodinger.com for assistance. Include error20180504-191944.txt and a description of what you were doing when the error occurred.
