Command:    jaguar run pka.py -jobname jag_SM04_micro016_SM04_micro015 -PARALLEL 10 -n -csrch -prot SM04_micro016.in -deprot SM04_micro015.in
Release:    2017-4
Exec:       /data/chodera/schrodinger/schrodinger2017-4-advanced/jaguar-v9.8/bin/Linux-x86_64
Host:       lt14
JobId:      lilac-0-5aec7059
JobDir:     /lila/data/chodera/schrodinger/tmpdir/rustenburg/jag_SM04_micro016_SM04_micro015
Date:       Fri May  4 10:38:31 2018

Contents of /lila/data/chodera/schrodinger/tmpdir/rustenburg/jag_SM04_micro016_SM04_micro015:
/lila/data/chodera/schrodinger/tmpdir/rustenburg/jag_SM04_micro016_SM04_micro015/SM04_micro015.in
/lila/data/chodera/schrodinger/tmpdir/rustenburg/jag_SM04_micro016_SM04_micro015/jag_SM04_micro016_SM04_micro015.recover
/lila/data/chodera/schrodinger/tmpdir/rustenburg/jag_SM04_micro016_SM04_micro015/lilac-0-5aec7059.nodes
/lila/data/chodera/schrodinger/tmpdir/rustenburg/jag_SM04_micro016_SM04_micro015/lilac-0-5aec7059.recover
/lila/data/chodera/schrodinger/tmpdir/rustenburg/jag_SM04_micro016_SM04_micro015/SM04_micro015.mae
/lila/data/chodera/schrodinger/tmpdir/rustenburg/jag_SM04_micro016_SM04_micro015/lilac-0-5aec7059.hosts
/lila/data/chodera/schrodinger/tmpdir/rustenburg/jag_SM04_micro016_SM04_micro015/SM04_micro016.mae
/lila/data/chodera/schrodinger/tmpdir/rustenburg/jag_SM04_micro016_SM04_micro015/jag_SM04_micro016_SM04_micro015.log
/lila/data/chodera/schrodinger/tmpdir/rustenburg/jag_SM04_micro016_SM04_micro015/SM04_micro016.in
/lila/data/chodera/schrodinger/tmpdir/rustenburg/jag_SM04_micro016_SM04_micro015/lilac-0-5aec7059
/lila/data/chodera/schrodinger/tmpdir/rustenburg/jag_SM04_micro016_SM04_micro015/lilac-0-5aec7059.mpinodes
/lila/data/chodera/schrodinger/tmpdir/rustenburg/jag_SM04_micro016_SM04_micro015/lilac-0-5aec7059.jlog

=====================
 Jaguar pKa workflow
=====================

Analysing user-provided (prot, deprot) pair:
(SM04_micro016.in, SM04_micro015.in)
Found labile hydrogen 21 in SM04_micro016.in
Found labile hydrogen at atom 10 in SM04_micro015.in
Adding 'ipkat' keyword to input files.

Identifying pKa functional group for pair:
(SM04_micro016, SM04_micro015)

Executing subprocess:
/data/chodera/schrodinger/schrodinger2017-4-advanced/jaguar-v9.8/bin/Linux-x86_64/pka -i -j SM04_micro016.tmp.jres -n

Taking protonated structures from:
SM04_micro016.mae
Taking deprotonated structures from:
SM04_micro015.mae

This molecule from 'SM04_micro016.mae' in water was recognized as:

 # 	           Shell           
---	---------------------------
1: 	Protonation of generic atom


Executing conformational search...

Executing 2 distributed subjobs:
---------------------------------

No more than 8 cpu(s) will be used per subjob.
No more than 10 cpu(s) will be used simultaneously.

Processing the following subjobs:
(1) jaguar run csrch.py SM04_micro016.mae -jobname SM04_micro016 -max_conf 5 -erg_window 50.208 -acc_level 1 -TPP 5
(2) jaguar run csrch.py SM04_micro015.mae -jobname SM04_micro015 -max_conf 5 -erg_window 50.208 -acc_level 1 -TPP 5

Running subjobs on hosts:
  lsf-cpu (Max: 2)
Number of jobs:       2
Max retries per job:  3
Max allowed failures: unlimited
Run with -LOCAL:      False
Verbosity:            normal

Starting JobDJ...

Keep one job on driver host: False
JobDJ columns:
  C: Number of completed subjobs
  A: Number of active subjobs (e.g., submitted, running)
  W: Number of waiting/pending subjobs

C A W | Activity  JobId  JobName  JobHost
- - - | --------- -----------------------
0 1 1 | launched  lt14-0-5aec706d SM04_micro016 lsf-cpu
0 2 0 | launched  lt14-0-5aec7072 SM04_micro015 lsf-cpu
1 1 0 | finished  lt14-0-5aec7072 SM04_micro015 lsf-cpu
2 0 0 | finished  lt14-0-5aec706d SM04_micro016 lsf-cpu [lt21]

All jobs have completed.

2 of 2 job(s) succeeded; 0 job(s) failed.

Timer (distribute subjobs) : 1159.79 secs (0 hrs, 19 mins, 19 secs)

Setting up QM workflow for (protonated, deprotonated) pair:
(1) (SM04_micro016, SM04_micro015)

Executing Jaguar quantum-mechanical subjobs...

Executing 8 distributed subjobs:
---------------------------------

No more than 8 cpu(s) will be used per subjob.
No more than 10 cpu(s) will be used simultaneously.

Processing the following subjobs:
(1) jaguar run pka_prot.bat -jobname SM04_micro016_conf_1 SM04_micro016_conf_1.in -TPP 2
(2) jaguar run pka_prot.bat -jobname SM04_micro016_conf_2 SM04_micro016_conf_2.in -TPP 2
(3) jaguar run pka_prot.bat -jobname SM04_micro016_conf_3 SM04_micro016_conf_3.in
(4) jaguar run pka_deprot.bat -jobname SM04_micro015_conf_1 SM04_micro015_conf_1.in
(5) jaguar run pka_deprot.bat -jobname SM04_micro015_conf_2 SM04_micro015_conf_2.in
(6) jaguar run pka_deprot.bat -jobname SM04_micro015_conf_3 SM04_micro015_conf_3.in
(7) jaguar run pka_deprot.bat -jobname SM04_micro015_conf_4 SM04_micro015_conf_4.in
(8) jaguar run pka_deprot.bat -jobname SM04_micro015_conf_5 SM04_micro015_conf_5.in

Running subjobs on hosts:
  lsf-cpu (Max: 8)
Number of jobs:       8
Max retries per job:  3
Max allowed failures: unlimited
Run with -LOCAL:      False
Verbosity:            normal

Starting JobDJ...

Keep one job on driver host: False
JobDJ columns:
  C: Number of completed subjobs
  A: Number of active subjobs (e.g., submitted, running)
  W: Number of waiting/pending subjobs

C A W | Activity  JobId  JobName  JobHost
- - - | --------- -----------------------
0 1 7 | launched  lt14-0-5aec74ff SM04_micro016_conf_1 lsf-cpu
0 2 6 | launched  lt14-0-5aec7503 SM04_micro016_conf_2 lsf-cpu
0 3 5 | launched  lt14-0-5aec7506 SM04_micro016_conf_3 lsf-cpu
0 4 4 | launched  lt14-0-5aec7509 SM04_micro015_conf_1 lsf-cpu
0 5 3 | launched  lt14-0-5aec750c SM04_micro015_conf_2 lsf-cpu
0 6 2 | launched  lt14-0-5aec750f SM04_micro015_conf_3 lsf-cpu
0 7 1 | launched  lt14-0-5aec7512 SM04_micro015_conf_4 lsf-cpu
0 8 0 | launched  lt14-0-5aec7515 SM04_micro015_conf_5 lsf-cpu
1 7 0 | finished  lt14-0-5aec7515 SM04_micro015_conf_5 lsf-cpu [lt17]
2 6 0 | finished  lt14-0-5aec750f SM04_micro015_conf_3 lsf-cpu [ls16]
3 5 0 | finished  lt14-0-5aec74ff SM04_micro016_conf_1 lsf-cpu [lt21]
4 4 0 | finished  lt14-0-5aec7509 SM04_micro015_conf_1 lsf-cpu [ls18]
5 3 0 | finished  lt14-0-5aec7506 SM04_micro016_conf_3 lsf-cpu [ls18]
6 2 0 | finished  lt14-0-5aec7512 SM04_micro015_conf_4 lsf-cpu [lt17]
7 1 0 | finished  lt14-0-5aec750c SM04_micro015_conf_2 lsf-cpu [ls01]
8 0 0 | finished  lt14-0-5aec7503 SM04_micro016_conf_2 lsf-cpu [lt21]

All jobs have completed.

8 of 8 job(s) succeeded; 0 job(s) failed.

Timer (distribute subjobs) : 8748.22 secs (2 hrs, 25 mins, 48 secs)

Processing QM output files...

Executing subprocess:
/data/chodera/schrodinger/schrodinger2017-4-advanced/jaguar results -energy SM04_micro016_conf_1.nrg_h.out

Executing subprocess:
/data/chodera/schrodinger/schrodinger2017-4-advanced/jaguar results -esolv SM04_micro016_conf_1.sol_h.out

Executing subprocess:
/data/chodera/schrodinger/schrodinger2017-4-advanced/jaguar results -energy SM04_micro016_conf_2.nrg_h.out

Executing subprocess:
/data/chodera/schrodinger/schrodinger2017-4-advanced/jaguar results -esolv SM04_micro016_conf_2.sol_h.out

Executing subprocess:
/data/chodera/schrodinger/schrodinger2017-4-advanced/jaguar results -energy SM04_micro016_conf_3.nrg_h.out

Executing subprocess:
/data/chodera/schrodinger/schrodinger2017-4-advanced/jaguar results -esolv SM04_micro016_conf_3.sol_h.out

Executing subprocess:
/data/chodera/schrodinger/schrodinger2017-4-advanced/jaguar results -energy SM04_micro015_conf_1.nrg.out

Executing subprocess:
/data/chodera/schrodinger/schrodinger2017-4-advanced/jaguar results -esolv SM04_micro015_conf_1.sol.out

Executing subprocess:
/data/chodera/schrodinger/schrodinger2017-4-advanced/jaguar results -energy SM04_micro015_conf_2.nrg.out

Executing subprocess:
/data/chodera/schrodinger/schrodinger2017-4-advanced/jaguar results -esolv SM04_micro015_conf_2.sol.out

Executing subprocess:
/data/chodera/schrodinger/schrodinger2017-4-advanced/jaguar results -energy SM04_micro015_conf_3.nrg.out

Executing subprocess:
/data/chodera/schrodinger/schrodinger2017-4-advanced/jaguar results -esolv SM04_micro015_conf_3.sol.out

Executing subprocess:
/data/chodera/schrodinger/schrodinger2017-4-advanced/jaguar results -energy SM04_micro015_conf_4.nrg.out

Executing subprocess:
/data/chodera/schrodinger/schrodinger2017-4-advanced/jaguar results -esolv SM04_micro015_conf_4.sol.out

Executing subprocess:
/data/chodera/schrodinger/schrodinger2017-4-advanced/jaguar results -energy SM04_micro015_conf_5.nrg.out

Executing subprocess:
/data/chodera/schrodinger/schrodinger2017-4-advanced/jaguar results -esolv SM04_micro015_conf_5.sol.out

Executing subprocess:
/data/chodera/schrodinger/schrodinger2017-4-advanced/jaguar-v9.8/bin/Linux-x86_64/pka -o SM04_micro016_deprot-out.mae -j SM04_micro016.jres -n -d

Executing subprocess:
/data/chodera/schrodinger/schrodinger2017-4-advanced/jaguar-v9.8/bin/Linux-x86_64/pka -o SM04_micro016_prot-out.mae -j SM04_micro016.jres -n

pKa calculation for SM04_micro016 completed.

pKa workflow jag_SM04_micro016_SM04_micro015 completed.

Timer (Jaguar pKa) : 9977.43 secs (2 hrs, 46 mins, 17 secs)
Timer (jaguar_backend.py) : 9977.43 secs (2 hrs, 46 mins, 17 secs)
Finished:   Fri May  4 13:24:48 2018
