Taking protonated structures from:
SM03_micro011_conf_1.dft_h.01.mae
SM03_micro011_conf_2.dft_h.01.mae
SM03_micro011_conf_3.dft_h.01.mae
SM03_micro011_conf_4.dft_h.01.mae
SM03_micro011_conf_5.dft_h.01.mae
Taking deprotonated structures from:
SM03_micro012_conf_1.dft.01.mae
SM03_micro012_conf_2.dft.01.mae
SM03_micro012_conf_3.dft.01.mae
SM03_micro012_conf_4.dft.01.mae
SM03_micro012_conf_5.dft.01.mae

Corrected results for 'protonated' structure in water:
pKa atom: 21

 # 	            Shell             	 pKa 	RMSD	 Contribution
---	------------------------------	-----	-----	--------------
1: 	amide as base                 	-4.90	0.577	    99.77%
2: 	Protonation of generic atom   	 0.91	2.264	     0.08%
3: 	Protonation of sp2-like oxygen	 1.58	2.568	     0.15%

 Final weighted pKa value is -4.89



