Taking protonated structures from:
SM12_micro008_conf_1.dft_h.01.mae
SM12_micro008_conf_2.dft_h.01.mae
SM12_micro008_conf_3.dft_h.01.mae
SM12_micro008_conf_4.dft_h.01.mae
SM12_micro008_conf_5.dft_h.01.mae
Taking deprotonated structures from:
SM12_micro012_conf_1.dft.01.mae
SM12_micro012_conf_2.dft.01.mae
SM12_micro012_conf_3.dft.01.mae
SM12_micro012_conf_4.dft.01.mae
SM12_micro012_conf_5.dft.01.mae

Corrected results for 'protonated' structure in water:
pKa atom: 19

 # 	                  Shell                   	 pKa 	RMSD	 Contribution
---	------------------------------------------	-----	-----	--------------
1: 	secondary aniline                         	-6.11	0.275	    93.96%
2: 	Protonation of sp3-like aliphatic nitrogen	-5.24	1.715	     5.62%
3: 	Protonation of generic atom               	-5.21	2.264	     0.42%

 Final weighted pKa value is -6.06



