Command:    jaguar run pka.py -jobname jag_SM21_micro006_SM21_micro012 -PARALLEL 10 -n -csrch -prot SM21_micro006.in -deprot SM21_micro012.in
Release:    2017-4
Exec:       /data/chodera/schrodinger/schrodinger2017-4-advanced/jaguar-v9.8/bin/Linux-x86_64
Host:       ls11
JobId:      lilac-0-5aecd047
JobDir:     /lila/data/chodera/schrodinger/tmpdir/rustenburg/jag_SM21_micro006_SM21_micro012
Date:       Fri May  4 19:18:58 2018

Contents of /lila/data/chodera/schrodinger/tmpdir/rustenburg/jag_SM21_micro006_SM21_micro012:
/lila/data/chodera/schrodinger/tmpdir/rustenburg/jag_SM21_micro006_SM21_micro012/jag_SM21_micro006_SM21_micro012.log
/lila/data/chodera/schrodinger/tmpdir/rustenburg/jag_SM21_micro006_SM21_micro012/lilac-0-5aecd047.recover
/lila/data/chodera/schrodinger/tmpdir/rustenburg/jag_SM21_micro006_SM21_micro012/lilac-0-5aecd047
/lila/data/chodera/schrodinger/tmpdir/rustenburg/jag_SM21_micro006_SM21_micro012/lilac-0-5aecd047.mpinodes
/lila/data/chodera/schrodinger/tmpdir/rustenburg/jag_SM21_micro006_SM21_micro012/SM21_micro006.mae
/lila/data/chodera/schrodinger/tmpdir/rustenburg/jag_SM21_micro006_SM21_micro012/lilac-0-5aecd047.nodes
/lila/data/chodera/schrodinger/tmpdir/rustenburg/jag_SM21_micro006_SM21_micro012/jag_SM21_micro006_SM21_micro012.recover
/lila/data/chodera/schrodinger/tmpdir/rustenburg/jag_SM21_micro006_SM21_micro012/lilac-0-5aecd047.jlog
/lila/data/chodera/schrodinger/tmpdir/rustenburg/jag_SM21_micro006_SM21_micro012/SM21_micro012.mae
/lila/data/chodera/schrodinger/tmpdir/rustenburg/jag_SM21_micro006_SM21_micro012/lilac-0-5aecd047.hosts
/lila/data/chodera/schrodinger/tmpdir/rustenburg/jag_SM21_micro006_SM21_micro012/SM21_micro006.in
/lila/data/chodera/schrodinger/tmpdir/rustenburg/jag_SM21_micro006_SM21_micro012/SM21_micro012.in

=====================
 Jaguar pKa workflow
=====================

Analysing user-provided (prot, deprot) pair:
(SM21_micro006.in, SM21_micro012.in)
Error: more than 1 heavy atom differs by 1 proton in:
SM21_micro006.in
SM21_micro012.in


An error has occurred.  Information about the error has been written to 
/home/rustenburg/.schrodinger/exceptions/error20180504-191859-1.txt 

Please contact help@schrodinger.com for assistance. Include error20180504-191859-1.txt and a description of what you were doing when the error occurred.
