Command:    jaguar run pka.py -jobname jag_SM24_micro024_SM24_micro002 -PARALLEL 10 -n -csrch -prot SM24_micro024.in -deprot SM24_micro002.in
Release:    2017-4
Exec:       /data/chodera/schrodinger/schrodinger2017-4-advanced/jaguar-v9.8/bin/Linux-x86_64
Host:       lt09
JobId:      lilac-0-5aecd51e
JobDir:     /lila/data/chodera/schrodinger/tmpdir/rustenburg/jag_SM24_micro024_SM24_micro002
Date:       Fri May  4 19:23:16 2018

Contents of /lila/data/chodera/schrodinger/tmpdir/rustenburg/jag_SM24_micro024_SM24_micro002:
/lila/data/chodera/schrodinger/tmpdir/rustenburg/jag_SM24_micro024_SM24_micro002/lilac-0-5aecd51e.nodes
/lila/data/chodera/schrodinger/tmpdir/rustenburg/jag_SM24_micro024_SM24_micro002/SM24_micro002.in
/lila/data/chodera/schrodinger/tmpdir/rustenburg/jag_SM24_micro024_SM24_micro002/SM24_micro024.in
/lila/data/chodera/schrodinger/tmpdir/rustenburg/jag_SM24_micro024_SM24_micro002/SM24_micro024.mae
/lila/data/chodera/schrodinger/tmpdir/rustenburg/jag_SM24_micro024_SM24_micro002/lilac-0-5aecd51e
/lila/data/chodera/schrodinger/tmpdir/rustenburg/jag_SM24_micro024_SM24_micro002/SM24_micro002.mae
/lila/data/chodera/schrodinger/tmpdir/rustenburg/jag_SM24_micro024_SM24_micro002/lilac-0-5aecd51e.recover
/lila/data/chodera/schrodinger/tmpdir/rustenburg/jag_SM24_micro024_SM24_micro002/lilac-0-5aecd51e.jlog
/lila/data/chodera/schrodinger/tmpdir/rustenburg/jag_SM24_micro024_SM24_micro002/lilac-0-5aecd51e.mpinodes
/lila/data/chodera/schrodinger/tmpdir/rustenburg/jag_SM24_micro024_SM24_micro002/lilac-0-5aecd51e.hosts
/lila/data/chodera/schrodinger/tmpdir/rustenburg/jag_SM24_micro024_SM24_micro002/jag_SM24_micro024_SM24_micro002.log
/lila/data/chodera/schrodinger/tmpdir/rustenburg/jag_SM24_micro024_SM24_micro002/jag_SM24_micro024_SM24_micro002.recover

=====================
 Jaguar pKa workflow
=====================

Analysing user-provided (prot, deprot) pair:
(SM24_micro024.in, SM24_micro002.in)
Found labile hydrogen 30 in SM24_micro024.in
Found labile hydrogen at atom 29 in SM24_micro002.in
Adding 'ipkat' keyword to input files.

Identifying pKa functional group for pair:
(SM24_micro024, SM24_micro002)

Executing subprocess:
/data/chodera/schrodinger/schrodinger2017-4-advanced/jaguar-v9.8/bin/Linux-x86_64/pka -i -j SM24_micro024.tmp.jres -n

Taking protonated structures from:
SM24_micro024.mae
Taking deprotonated structures from:
SM24_micro002.mae

This molecule from 'SM24_micro024.mae' in water was recognized as:

 # 	           Shell           
---	---------------------------
1: 	Ether                      
2: 	Protonation of generic atom


Executing conformational search...

Executing 2 distributed subjobs:
---------------------------------

No more than 8 cpu(s) will be used per subjob.
No more than 10 cpu(s) will be used simultaneously.

Processing the following subjobs:
(1) jaguar run csrch.py SM24_micro024.mae -jobname SM24_micro024 -max_conf 5 -erg_window 50.208 -acc_level 1 -TPP 5
(2) jaguar run csrch.py SM24_micro002.mae -jobname SM24_micro002 -max_conf 5 -erg_window 50.208 -acc_level 1 -TPP 5

Running subjobs on hosts:
  lsf-cpu (Max: 2)
Number of jobs:       2
Max retries per job:  3
Max allowed failures: unlimited
Run with -LOCAL:      False
Verbosity:            normal

Starting JobDJ...

Keep one job on driver host: False
JobDJ columns:
  C: Number of completed subjobs
  A: Number of active subjobs (e.g., submitted, running)
  W: Number of waiting/pending subjobs

C A W | Activity  JobId  JobName  JobHost
- - - | --------- -----------------------
0 1 1 | launched  lt09-11-5aeceb75 SM24_micro024 lsf-cpu
WARNING: Job launch failed for 1/2 times.
% jaguar run csrch.py SM24_micro002.mae -jobname SM24_micro002 -max_conf 5 -erg_window 50.208 -acc_level 1 -TPP 5 -HOST lsf-cpu
Output
Launch failed: no JobId found.

Command:
/data/chodera/schrodinger/schrodinger2017-4-advanced/jaguar run csrch.py SM24_micro002.mae -jobname SM24_micro002 -max_conf 5 -erg_window 50.208 -acc_level 1 -TPP 5 -HOST lsf-cpu
Output:
Launching JAGUAR under jobcontrol.
An error has occurred.  Information about the error has been written to 
/home/rustenburg/.schrodinger/exceptions/error20180504-192413-1.txt 

Please contact help@schrodinger.com for assistance. Include error20180504-192413-1.txt and a description of what you were doing when the error occurred.

0 2 0 | launched  lt09-1-5aeceba4 SM24_micro002 lsf-cpu
1 1 0 | finished  lt09-11-5aeceb75 SM24_micro024 lsf-cpu [lt17]
2 0 0 | finished  lt09-1-5aeceba4 SM24_micro002 lsf-cpu [ls12]

All jobs have completed.

2 of 2 job(s) succeeded; 0 job(s) failed.

Timer (distribute subjobs) : 8620.84 secs (2 hrs, 23 mins, 40 secs)

Setting up QM workflow for (protonated, deprotonated) pair:
(1) (SM24_micro024, SM24_micro002)

Executing Jaguar quantum-mechanical subjobs...

Executing 10 distributed subjobs:
----------------------------------

No more than 8 cpu(s) will be used per subjob.
No more than 10 cpu(s) will be used simultaneously.

Processing the following subjobs:
(1) jaguar run pka_prot.bat -jobname SM24_micro024_conf_1 SM24_micro024_conf_1.in
(2) jaguar run pka_prot.bat -jobname SM24_micro024_conf_2 SM24_micro024_conf_2.in
(3) jaguar run pka_prot.bat -jobname SM24_micro024_conf_3 SM24_micro024_conf_3.in
(4) jaguar run pka_prot.bat -jobname SM24_micro024_conf_4 SM24_micro024_conf_4.in
(5) jaguar run pka_prot.bat -jobname SM24_micro024_conf_5 SM24_micro024_conf_5.in
(6) jaguar run pka_deprot.bat -jobname SM24_micro002_conf_1 SM24_micro002_conf_1.in
(7) jaguar run pka_deprot.bat -jobname SM24_micro002_conf_2 SM24_micro002_conf_2.in
(8) jaguar run pka_deprot.bat -jobname SM24_micro002_conf_3 SM24_micro002_conf_3.in
(9) jaguar run pka_deprot.bat -jobname SM24_micro002_conf_4 SM24_micro002_conf_4.in
(10) jaguar run pka_deprot.bat -jobname SM24_micro002_conf_5 SM24_micro002_conf_5.in

Running subjobs on hosts:
  lsf-cpu (Max: 10)
Number of jobs:       10
Max retries per job:  3
Max allowed failures: unlimited
Run with -LOCAL:      False
Verbosity:            normal

Starting JobDJ...

Keep one job on driver host: True
JobDJ columns:
  C: Number of completed subjobs
  A: Number of active subjobs (e.g., submitted, running)
  W: Number of waiting/pending subjobs

 C  A  W | Activity  JobId  JobName  JobHost
-- -- -- | --------- -----------------------
 0  1  9 | launched  lt09-0-5aed0d20 SM24_micro024_conf_1 localhost [lt09]
 0  2  8 | launched  lt09-0-5aed0d2a SM24_micro024_conf_2 lsf-cpu
 0  3  7 | launched  lt09-0-5aed0d30 SM24_micro024_conf_3 lsf-cpu
 0  4  6 | launched  lt09-0-5aed0d34 SM24_micro024_conf_4 lsf-cpu
 0  5  5 | launched  lt09-0-5aed0d3a SM24_micro024_conf_5 lsf-cpu
 0  6  4 | launched  lt09-1-5aed0d41 SM24_micro002_conf_1 lsf-cpu
 0  7  3 | launched  lt09-0-5aed0d46 SM24_micro002_conf_2 lsf-cpu
 0  8  2 | launched  lt09-0-5aed0d4c SM24_micro002_conf_3 lsf-cpu
 0  9  1 | launched  lt09-0-5aed0d51 SM24_micro002_conf_4 lsf-cpu
 0 10  0 | launched  lt09-0-5aed0d56 SM24_micro002_conf_5 lsf-cpu
Subjob 'SM24_micro002_conf_2' died (fizzled) [jobid lt09-0-5aed0d46]
 0  9  1 | fizzled   lt09-0-5aed0d46 SM24_micro002_conf_2 lsf-cpu
WARNING: Job launch failed for 1/2 times.
% jaguar run pka_deprot.bat -jobname SM24_micro002_conf_2 SM24_micro002_conf_2.in -HOST lsf-cpu
Output
Launch failed: no JobId found.

Command:
/data/chodera/schrodinger/schrodinger2017-4-advanced/jaguar run pka_deprot.bat -jobname SM24_micro002_conf_2 SM24_micro002_conf_2.in -HOST lsf-cpu
Output:
Launching JAGUAR under jobcontrol.
An error has occurred.  Information about the error has been written to 
/home/rustenburg/.schrodinger/exceptions/error20180504-223609-3.txt 

Please contact help@schrodinger.com for assistance. Include error20180504-223609-3.txt and a description of what you were doing when the error occurred.

WARNING: Job launch failed for 2/2 times.
% jaguar run pka_deprot.bat -jobname SM24_micro002_conf_2 SM24_micro002_conf_2.in -HOST lsf-cpu
Output
Launch failed: no JobId found.

Command:
/data/chodera/schrodinger/schrodinger2017-4-advanced/jaguar run pka_deprot.bat -jobname SM24_micro002_conf_2 SM24_micro002_conf_2.in -HOST lsf-cpu
Output:
Launching JAGUAR under jobcontrol.
An error has occurred.  Information about the error has been written to 
/home/rustenburg/.schrodinger/exceptions/error20180504-224054-1.txt 

Please contact help@schrodinger.com for assistance. Include error20180504-224054-1.txt and a description of what you were doing when the error occurred.

Subjob 'SM24_micro002_conf_3' died (fizzled) [jobid lt09-0-5aed0d4c]
 0  8  2 | fizzled   lt09-0-5aed0d4c SM24_micro002_conf_3 lsf-cpu
WARNING: Job launch failed for 1/2 times.
% jaguar run pka_deprot.bat -jobname SM24_micro002_conf_2 SM24_micro002_conf_2.in -HOST lsf-cpu
Output
Launch failed: no JobId found.

Command:
/data/chodera/schrodinger/schrodinger2017-4-advanced/jaguar run pka_deprot.bat -jobname SM24_micro002_conf_2 SM24_micro002_conf_2.in -HOST lsf-cpu
Output:
Launching JAGUAR under jobcontrol.
An error has occurred.  Information about the error has been written to 
/home/rustenburg/.schrodinger/exceptions/error20180504-224534-1.txt 

Please contact help@schrodinger.com for assistance. Include error20180504-224534-1.txt and a description of what you were doing when the error occurred.

WARNING: Job launch failed for 2/2 times.
% jaguar run pka_deprot.bat -jobname SM24_micro002_conf_2 SM24_micro002_conf_2.in -HOST lsf-cpu
Output
Launch failed: no JobId found.

Command:
/data/chodera/schrodinger/schrodinger2017-4-advanced/jaguar run pka_deprot.bat -jobname SM24_micro002_conf_2 SM24_micro002_conf_2.in -HOST lsf-cpu
Output:
Launching JAGUAR under jobcontrol.
An error has occurred.  Information about the error has been written to 
/home/rustenburg/.schrodinger/exceptions/error20180504-225015.txt 

Please contact help@schrodinger.com for assistance. Include error20180504-225015.txt and a description of what you were doing when the error occurred.

WARNING: Job launch failed for 1/2 times.
% jaguar run pka_deprot.bat -jobname SM24_micro002_conf_3 SM24_micro002_conf_3.in -HOST lsf-cpu
Output
Launch failed: no JobId found.

Command:
/data/chodera/schrodinger/schrodinger2017-4-advanced/jaguar run pka_deprot.bat -jobname SM24_micro002_conf_3 SM24_micro002_conf_3.in -HOST lsf-cpu
Output:
Launching JAGUAR under jobcontrol.
An error has occurred.  Information about the error has been written to 
/home/rustenburg/.schrodinger/exceptions/error20180504-225457-3.txt 

Please contact help@schrodinger.com for assistance. Include error20180504-225457-3.txt and a description of what you were doing when the error occurred.

WARNING: Job launch failed for 2/2 times.
% jaguar run pka_deprot.bat -jobname SM24_micro002_conf_3 SM24_micro002_conf_3.in -HOST lsf-cpu
Output
Launch failed: no JobId found.

Command:
/data/chodera/schrodinger/schrodinger2017-4-advanced/jaguar run pka_deprot.bat -jobname SM24_micro002_conf_3 SM24_micro002_conf_3.in -HOST lsf-cpu
Output:
Launching JAGUAR under jobcontrol.
An error has occurred.  Information about the error has been written to 
/home/rustenburg/.schrodinger/exceptions/error20180504-225939-3.txt 

Please contact help@schrodinger.com for assistance. Include error20180504-225939-3.txt and a description of what you were doing when the error occurred.

Subjob 'SM24_micro002_conf_4' died (fizzled) [jobid lt09-0-5aed0d51]
 0  7  3 | fizzled   lt09-0-5aed0d51 SM24_micro002_conf_4 lsf-cpu
WARNING: Job launch failed for 1/2 times.
% jaguar run pka_deprot.bat -jobname SM24_micro002_conf_2 SM24_micro002_conf_2.in -HOST lsf-cpu
Output
Launch failed: no JobId found.

Command:
/data/chodera/schrodinger/schrodinger2017-4-advanced/jaguar run pka_deprot.bat -jobname SM24_micro002_conf_2 SM24_micro002_conf_2.in -HOST lsf-cpu
Output:
Launching JAGUAR under jobcontrol.
An error has occurred.  Information about the error has been written to 
/home/rustenburg/.schrodinger/exceptions/error20180504-230419.txt 

Please contact help@schrodinger.com for assistance. Include error20180504-230419.txt and a description of what you were doing when the error occurred.

WARNING: Job launch failed for 2/2 times.
% jaguar run pka_deprot.bat -jobname SM24_micro002_conf_2 SM24_micro002_conf_2.in -HOST lsf-cpu
Output
Launch failed: no JobId found.

Command:
/data/chodera/schrodinger/schrodinger2017-4-advanced/jaguar run pka_deprot.bat -jobname SM24_micro002_conf_2 SM24_micro002_conf_2.in -HOST lsf-cpu
Output:
Launching JAGUAR under jobcontrol.
An error has occurred.  Information about the error has been written to 
/home/rustenburg/.schrodinger/exceptions/error20180504-230859-1.txt 

Please contact help@schrodinger.com for assistance. Include error20180504-230859-1.txt and a description of what you were doing when the error occurred.

WARNING: Job launch failed for 1/2 times.
% jaguar run pka_deprot.bat -jobname SM24_micro002_conf_3 SM24_micro002_conf_3.in -HOST lsf-cpu
Output
Launch failed: no JobId found.

Command:
/data/chodera/schrodinger/schrodinger2017-4-advanced/jaguar run pka_deprot.bat -jobname SM24_micro002_conf_3 SM24_micro002_conf_3.in -HOST lsf-cpu
Output:
Launching JAGUAR under jobcontrol.
An error has occurred.  Information about the error has been written to 
/home/rustenburg/.schrodinger/exceptions/error20180504-231338-1.txt 

Please contact help@schrodinger.com for assistance. Include error20180504-231338-1.txt and a description of what you were doing when the error occurred.

WARNING: Job launch failed for 2/2 times.
% jaguar run pka_deprot.bat -jobname SM24_micro002_conf_3 SM24_micro002_conf_3.in -HOST lsf-cpu
Output
Launch failed: no JobId found.

Command:
/data/chodera/schrodinger/schrodinger2017-4-advanced/jaguar run pka_deprot.bat -jobname SM24_micro002_conf_3 SM24_micro002_conf_3.in -HOST lsf-cpu
Output:
Launching JAGUAR under jobcontrol.
An error has occurred.  Information about the error has been written to 
/home/rustenburg/.schrodinger/exceptions/error20180504-231824.txt 

Please contact help@schrodinger.com for assistance. Include error20180504-231824.txt and a description of what you were doing when the error occurred.

WARNING: Job launch failed for 1/2 times.
% jaguar run pka_deprot.bat -jobname SM24_micro002_conf_4 SM24_micro002_conf_4.in -HOST lsf-cpu
Output
Launch failed: no JobId found.

Command:
/data/chodera/schrodinger/schrodinger2017-4-advanced/jaguar run pka_deprot.bat -jobname SM24_micro002_conf_4 SM24_micro002_conf_4.in -HOST lsf-cpu
Output:
Launching JAGUAR under jobcontrol.
An error has occurred.  Information about the error has been written to 
/home/rustenburg/.schrodinger/exceptions/error20180504-232306.txt 

Please contact help@schrodinger.com for assistance. Include error20180504-232306.txt and a description of what you were doing when the error occurred.

WARNING: Job launch failed for 2/2 times.
% jaguar run pka_deprot.bat -jobname SM24_micro002_conf_4 SM24_micro002_conf_4.in -HOST lsf-cpu
Output
Launch failed: no JobId found.

Command:
/data/chodera/schrodinger/schrodinger2017-4-advanced/jaguar run pka_deprot.bat -jobname SM24_micro002_conf_4 SM24_micro002_conf_4.in -HOST lsf-cpu
Output:
Launching JAGUAR under jobcontrol.
An error has occurred.  Information about the error has been written to 
/home/rustenburg/.schrodinger/exceptions/error20180504-232747.txt 

Please contact help@schrodinger.com for assistance. Include error20180504-232747.txt and a description of what you were doing when the error occurred.

 1  7  2 | fizzled   lt09-0-5aed0d46 SM24_micro002_conf_2 lsf-cpu
ERROR: Subjob 'SM24_micro002_conf_2' has failed after 3 retries.

Last 20 lines of 'SM24_micro002_conf_2.log':

  ERROR: this job could not be launched.
  
  Launch host: lt09.hpc.private
  Launch directory: /lila/data/chodera/schrodinger/tmpdir/rustenburg/jag_SM24_micro024_SM24_micro002/jag_SM24_micro024_SM24_micro002.workdir
  Launch time: 2018-05-04-23:04:25
  Command line: /data/chodera/schrodinger/schrodinger2017-4-advanced/jaguar run pka_deprot.bat -jobname SM24_micro002_conf_2 SM24_micro002_conf_2.in -HOST lsf-cpu
  
  The following error message was returned:
  Error: in replying to 'JPROXYPORT lilac rustenburg "/data/chodera/schrodinger/schrodinger2017-4-advanced"' - dial tcp lilac:35321: i/o timeout


Last 20 lines of 'SM24_micro002_conf_2.recover':

  

Job control errors (from job record):
  ERROR: job is no longer on the queue [queue says: '/home/rustenburg/.bashrc: line 24: bind: warning: line editing not enabled\n/home/rustenburg/.bashrc: line 25: bind: warning: line editing not enabled']
Launch failed: no JobId found.

Command:
/data/chodera/schrodinger/schrodinger2017-4-advanced/jaguar run pka_deprot.bat -jobname SM24_micro002_conf_2 SM24_micro002_conf_2.in -HOST lsf-cpu
Output:
Launching JAGUAR under jobcontrol.
An error has occurred.  Information about the error has been written to 
/home/rustenburg/.schrodinger/exceptions/error20180504-230859-1.txt 

Please contact help@schrodinger.com for assistance. Include error20180504-230859-1.txt and a description of what you were doing when the error occurred.

Subjob 'SM24_micro002_conf_5' died (fizzled) [jobid lt09-0-5aed0d56]
 1  6  3 | fizzled   lt09-0-5aed0d56 SM24_micro002_conf_5 lsf-cpu
WARNING: Job launch failed for 1/2 times.
% jaguar run pka_deprot.bat -jobname SM24_micro002_conf_3 SM24_micro002_conf_3.in -HOST lsf-cpu
Output
Launch failed: no JobId found.

Command:
/data/chodera/schrodinger/schrodinger2017-4-advanced/jaguar run pka_deprot.bat -jobname SM24_micro002_conf_3 SM24_micro002_conf_3.in -HOST lsf-cpu
Output:
Launching JAGUAR under jobcontrol.
An error has occurred.  Information about the error has been written to 
/home/rustenburg/.schrodinger/exceptions/error20180504-233230.txt 

Please contact help@schrodinger.com for assistance. Include error20180504-233230.txt and a description of what you were doing when the error occurred.

WARNING: Job launch failed for 2/2 times.
% jaguar run pka_deprot.bat -jobname SM24_micro002_conf_3 SM24_micro002_conf_3.in -HOST lsf-cpu
Output
Launch failed: no JobId found.

Command:
/data/chodera/schrodinger/schrodinger2017-4-advanced/jaguar run pka_deprot.bat -jobname SM24_micro002_conf_3 SM24_micro002_conf_3.in -HOST lsf-cpu
Output:
Launching JAGUAR under jobcontrol.
An error has occurred.  Information about the error has been written to 
/home/rustenburg/.schrodinger/exceptions/error20180504-233713.txt 

Please contact help@schrodinger.com for assistance. Include error20180504-233713.txt and a description of what you were doing when the error occurred.

WARNING: Job launch failed for 1/2 times.
% jaguar run pka_deprot.bat -jobname SM24_micro002_conf_4 SM24_micro002_conf_4.in -HOST lsf-cpu
Output
Launch failed: no JobId found.

Command:
/data/chodera/schrodinger/schrodinger2017-4-advanced/jaguar run pka_deprot.bat -jobname SM24_micro002_conf_4 SM24_micro002_conf_4.in -HOST lsf-cpu
Output:
Launching JAGUAR under jobcontrol.
An error has occurred.  Information about the error has been written to 
/home/rustenburg/.schrodinger/exceptions/error20180504-234156.txt 

Please contact help@schrodinger.com for assistance. Include error20180504-234156.txt and a description of what you were doing when the error occurred.

WARNING: Job launch failed for 2/2 times.
% jaguar run pka_deprot.bat -jobname SM24_micro002_conf_4 SM24_micro002_conf_4.in -HOST lsf-cpu
Output
Launch failed: no JobId found.

Command:
/data/chodera/schrodinger/schrodinger2017-4-advanced/jaguar run pka_deprot.bat -jobname SM24_micro002_conf_4 SM24_micro002_conf_4.in -HOST lsf-cpu
Output:
Launching JAGUAR under jobcontrol.
An error has occurred.  Information about the error has been written to 
/home/rustenburg/.schrodinger/exceptions/error20180504-234639.txt 

Please contact help@schrodinger.com for assistance. Include error20180504-234639.txt and a description of what you were doing when the error occurred.

WARNING: Job launch failed for 1/2 times.
% jaguar run pka_deprot.bat -jobname SM24_micro002_conf_5 SM24_micro002_conf_5.in -HOST lsf-cpu
Output
Launch failed: no JobId found.

Command:
/data/chodera/schrodinger/schrodinger2017-4-advanced/jaguar run pka_deprot.bat -jobname SM24_micro002_conf_5 SM24_micro002_conf_5.in -HOST lsf-cpu
Output:
Launching JAGUAR under jobcontrol.
An error has occurred.  Information about the error has been written to 
/home/rustenburg/.schrodinger/exceptions/error20180504-235123.txt 

Please contact help@schrodinger.com for assistance. Include error20180504-235123.txt and a description of what you were doing when the error occurred.

WARNING: Job launch failed for 2/2 times.
% jaguar run pka_deprot.bat -jobname SM24_micro002_conf_5 SM24_micro002_conf_5.in -HOST lsf-cpu
Output
Launch failed: no JobId found.

Command:
/data/chodera/schrodinger/schrodinger2017-4-advanced/jaguar run pka_deprot.bat -jobname SM24_micro002_conf_5 SM24_micro002_conf_5.in -HOST lsf-cpu
Output:
Launching JAGUAR under jobcontrol.
An error has occurred.  Information about the error has been written to 
/home/rustenburg/.schrodinger/exceptions/error20180504-235604.txt 

Please contact help@schrodinger.com for assistance. Include error20180504-235604.txt and a description of what you were doing when the error occurred.

 2  6  2 | fizzled   lt09-0-5aed0d4c SM24_micro002_conf_3 lsf-cpu
ERROR: Subjob 'SM24_micro002_conf_3' has failed after 3 retries.

Last 20 lines of 'SM24_micro002_conf_3.recover':

  ERROR: this job could not be launched.
  
  Launch host: lt09.hpc.private
  Launch directory: /lila/data/chodera/schrodinger/tmpdir/rustenburg/jag_SM24_micro024_SM24_micro002/jag_SM24_micro024_SM24_micro002.workdir
  Launch time: 2018-05-04-23:32:35
  Command line: /data/chodera/schrodinger/schrodinger2017-4-advanced/jaguar run pka_deprot.bat -jobname SM24_micro002_conf_3 SM24_micro002_conf_3.in -HOST lsf-cpu
  
  The following error message was returned:
  Error: in replying to 'JPROXYPORT lilac rustenburg "/data/chodera/schrodinger/schrodinger2017-4-advanced"' - dial tcp lilac:35321: i/o timeout


Last 20 lines of 'SM24_micro002_conf_3.log':

  

Job control errors (from job record):
  ERROR: job is no longer on the queue [queue says: '/home/rustenburg/.bashrc: line 24: bind: warning: line editing not enabled\n/home/rustenburg/.bashrc: line 25: bind: warning: line editing not enabled']
Launch failed: no JobId found.

Command:
/data/chodera/schrodinger/schrodinger2017-4-advanced/jaguar run pka_deprot.bat -jobname SM24_micro002_conf_3 SM24_micro002_conf_3.in -HOST lsf-cpu
Output:
Launching JAGUAR under jobcontrol.
An error has occurred.  Information about the error has been written to 
/home/rustenburg/.schrodinger/exceptions/error20180504-233713.txt 

Please contact help@schrodinger.com for assistance. Include error20180504-233713.txt and a description of what you were doing when the error occurred.

WARNING: Job launch failed for 1/2 times.
% jaguar run pka_deprot.bat -jobname SM24_micro002_conf_4 SM24_micro002_conf_4.in -HOST lsf-cpu
Output
Launch failed: no JobId found.

Command:
/data/chodera/schrodinger/schrodinger2017-4-advanced/jaguar run pka_deprot.bat -jobname SM24_micro002_conf_4 SM24_micro002_conf_4.in -HOST lsf-cpu
Output:
Launching JAGUAR under jobcontrol.
An error has occurred.  Information about the error has been written to 
/home/rustenburg/.schrodinger/exceptions/error20180505-000048.txt 

Please contact help@schrodinger.com for assistance. Include error20180505-000048.txt and a description of what you were doing when the error occurred.

WARNING: Job launch failed for 2/2 times.
% jaguar run pka_deprot.bat -jobname SM24_micro002_conf_4 SM24_micro002_conf_4.in -HOST lsf-cpu
Output
Launch failed: no JobId found.

Command:
/data/chodera/schrodinger/schrodinger2017-4-advanced/jaguar run pka_deprot.bat -jobname SM24_micro002_conf_4 SM24_micro002_conf_4.in -HOST lsf-cpu
Output:
Launching JAGUAR under jobcontrol.
An error has occurred.  Information about the error has been written to 
/home/rustenburg/.schrodinger/exceptions/error20180505-000531.txt 

Please contact help@schrodinger.com for assistance. Include error20180505-000531.txt and a description of what you were doing when the error occurred.

WARNING: Job launch failed for 1/2 times.
% jaguar run pka_deprot.bat -jobname SM24_micro002_conf_5 SM24_micro002_conf_5.in -HOST lsf-cpu
Output
Launch failed: no JobId found.

Command:
/data/chodera/schrodinger/schrodinger2017-4-advanced/jaguar run pka_deprot.bat -jobname SM24_micro002_conf_5 SM24_micro002_conf_5.in -HOST lsf-cpu
Output:
Launching JAGUAR under jobcontrol.
An error has occurred.  Information about the error has been written to 
/home/rustenburg/.schrodinger/exceptions/error20180505-001016.txt 

Please contact help@schrodinger.com for assistance. Include error20180505-001016.txt and a description of what you were doing when the error occurred.

WARNING: Job launch failed for 2/2 times.
% jaguar run pka_deprot.bat -jobname SM24_micro002_conf_5 SM24_micro002_conf_5.in -HOST lsf-cpu
Output
Launch failed: no JobId found.

Command:
/data/chodera/schrodinger/schrodinger2017-4-advanced/jaguar run pka_deprot.bat -jobname SM24_micro002_conf_5 SM24_micro002_conf_5.in -HOST lsf-cpu
Output:
Launching JAGUAR under jobcontrol.
An error has occurred.  Information about the error has been written to 
/home/rustenburg/.schrodinger/exceptions/error20180505-001459.txt 

Please contact help@schrodinger.com for assistance. Include error20180505-001459.txt and a description of what you were doing when the error occurred.

 3  6  1 | fizzled   lt09-0-5aed0d51 SM24_micro002_conf_4 lsf-cpu
ERROR: Subjob 'SM24_micro002_conf_4' has failed after 3 retries.

Last 20 lines of 'SM24_micro002_conf_4.log':

  ERROR: this job could not be launched.
  
  Launch host: lt09.hpc.private
  Launch directory: /lila/data/chodera/schrodinger/tmpdir/rustenburg/jag_SM24_micro024_SM24_micro002/jag_SM24_micro024_SM24_micro002.workdir
  Launch time: 2018-05-05-00:00:52
  Command line: /data/chodera/schrodinger/schrodinger2017-4-advanced/jaguar run pka_deprot.bat -jobname SM24_micro002_conf_4 SM24_micro002_conf_4.in -HOST lsf-cpu
  
  The following error message was returned:
  Error: in replying to 'JPROXYPORT lilac rustenburg "/data/chodera/schrodinger/schrodinger2017-4-advanced"' - dial tcp lilac:35321: i/o timeout


Last 20 lines of 'SM24_micro002_conf_4.recover':

  

Job control errors (from job record):
  ERROR: job is no longer on the queue [queue says: '/home/rustenburg/.bashrc: line 24: bind: warning: line editing not enabled\n/home/rustenburg/.bashrc: line 25: bind: warning: line editing not enabled']
Launch failed: no JobId found.

Command:
/data/chodera/schrodinger/schrodinger2017-4-advanced/jaguar run pka_deprot.bat -jobname SM24_micro002_conf_4 SM24_micro002_conf_4.in -HOST lsf-cpu
Output:
Launching JAGUAR under jobcontrol.
An error has occurred.  Information about the error has been written to 
/home/rustenburg/.schrodinger/exceptions/error20180505-000531.txt 

Please contact help@schrodinger.com for assistance. Include error20180505-000531.txt and a description of what you were doing when the error occurred.

Subjob 'SM24_micro024_conf_2' died (fizzled) [jobid lt09-0-5aed0d2a]
 3  5  2 | fizzled   lt09-0-5aed0d2a SM24_micro024_conf_2 lsf-cpu [ls16]
WARNING: Job launch failed for 1/2 times.
% jaguar run pka_prot.bat -jobname SM24_micro024_conf_2 SM24_micro024_conf_2.in -HOST lsf-cpu
Output
Launch failed: no JobId found.

Command:
/data/chodera/schrodinger/schrodinger2017-4-advanced/jaguar run pka_prot.bat -jobname SM24_micro024_conf_2 SM24_micro024_conf_2.in -HOST lsf-cpu
Output:
Launching JAGUAR under jobcontrol.
An error has occurred.  Information about the error has been written to 
/home/rustenburg/.schrodinger/exceptions/error20180505-001943.txt 

Please contact help@schrodinger.com for assistance. Include error20180505-001943.txt and a description of what you were doing when the error occurred.

WARNING: Job launch failed for 2/2 times.
% jaguar run pka_prot.bat -jobname SM24_micro024_conf_2 SM24_micro024_conf_2.in -HOST lsf-cpu
Output
Launch failed: no JobId found.

Command:
/data/chodera/schrodinger/schrodinger2017-4-advanced/jaguar run pka_prot.bat -jobname SM24_micro024_conf_2 SM24_micro024_conf_2.in -HOST lsf-cpu
Output:
Launching JAGUAR under jobcontrol.
An error has occurred.  Information about the error has been written to 
/home/rustenburg/.schrodinger/exceptions/error20180505-002425-1.txt 

Please contact help@schrodinger.com for assistance. Include error20180505-002425-1.txt and a description of what you were doing when the error occurred.

WARNING: Job launch failed for 1/2 times.
% jaguar run pka_deprot.bat -jobname SM24_micro002_conf_5 SM24_micro002_conf_5.in -HOST lsf-cpu
Output
Launch failed: no JobId found.

Command:
/data/chodera/schrodinger/schrodinger2017-4-advanced/jaguar run pka_deprot.bat -jobname SM24_micro002_conf_5 SM24_micro002_conf_5.in -HOST lsf-cpu
Output:
Launching JAGUAR under jobcontrol.
An error has occurred.  Information about the error has been written to 
/home/rustenburg/.schrodinger/exceptions/error20180505-002908.txt 

Please contact help@schrodinger.com for assistance. Include error20180505-002908.txt and a description of what you were doing when the error occurred.

WARNING: Job launch failed for 2/2 times.
% jaguar run pka_deprot.bat -jobname SM24_micro002_conf_5 SM24_micro002_conf_5.in -HOST lsf-cpu
Output
Launch failed: no JobId found.

Command:
/data/chodera/schrodinger/schrodinger2017-4-advanced/jaguar run pka_deprot.bat -jobname SM24_micro002_conf_5 SM24_micro002_conf_5.in -HOST lsf-cpu
Output:
Launching JAGUAR under jobcontrol.
An error has occurred.  Information about the error has been written to 
/home/rustenburg/.schrodinger/exceptions/error20180505-003351.txt 

Please contact help@schrodinger.com for assistance. Include error20180505-003351.txt and a description of what you were doing when the error occurred.

 4  5  1 | fizzled   lt09-0-5aed0d56 SM24_micro002_conf_5 lsf-cpu
ERROR: Subjob 'SM24_micro002_conf_5' has failed after 3 retries.

Last 20 lines of 'SM24_micro002_conf_5.recover':

  ERROR: this job could not be launched.
  
  Launch host: lt09.hpc.private
  Launch directory: /lila/data/chodera/schrodinger/tmpdir/rustenburg/jag_SM24_micro024_SM24_micro002/jag_SM24_micro024_SM24_micro002.workdir
  Launch time: 2018-05-05-00:29:12
  Command line: /data/chodera/schrodinger/schrodinger2017-4-advanced/jaguar run pka_deprot.bat -jobname SM24_micro002_conf_5 SM24_micro002_conf_5.in -HOST lsf-cpu
  
  The following error message was returned:
  Error: in replying to 'JPROXYPORT lilac rustenburg "/data/chodera/schrodinger/schrodinger2017-4-advanced"' - dial tcp lilac:35321: i/o timeout


Last 20 lines of 'SM24_micro002_conf_5.log':

  

Job control errors (from job record):
  ERROR: job is no longer on the queue [queue says: '/home/rustenburg/.bashrc: line 24: bind: warning: line editing not enabled\n/home/rustenburg/.bashrc: line 25: bind: warning: line editing not enabled']
Launch failed: no JobId found.

Command:
/data/chodera/schrodinger/schrodinger2017-4-advanced/jaguar run pka_deprot.bat -jobname SM24_micro002_conf_5 SM24_micro002_conf_5.in -HOST lsf-cpu
Output:
Launching JAGUAR under jobcontrol.
An error has occurred.  Information about the error has been written to 
/home/rustenburg/.schrodinger/exceptions/error20180505-003351.txt 

Please contact help@schrodinger.com for assistance. Include error20180505-003351.txt and a description of what you were doing when the error occurred.

Subjob 'SM24_micro024_conf_3' died (fizzled) [jobid lt09-0-5aed0d30]
 4  4  2 | fizzled   lt09-0-5aed0d30 SM24_micro024_conf_3 lsf-cpu [ls16]
WARNING: Job launch failed for 1/2 times.
% jaguar run pka_prot.bat -jobname SM24_micro024_conf_2 SM24_micro024_conf_2.in -HOST lsf-cpu
Output
Launch failed: no JobId found.

Command:
/data/chodera/schrodinger/schrodinger2017-4-advanced/jaguar run pka_prot.bat -jobname SM24_micro024_conf_2 SM24_micro024_conf_2.in -HOST lsf-cpu
Output:
Launching JAGUAR under jobcontrol.
An error has occurred.  Information about the error has been written to 
/home/rustenburg/.schrodinger/exceptions/error20180505-003834.txt 

Please contact help@schrodinger.com for assistance. Include error20180505-003834.txt and a description of what you were doing when the error occurred.

WARNING: Job launch failed for 2/2 times.
% jaguar run pka_prot.bat -jobname SM24_micro024_conf_2 SM24_micro024_conf_2.in -HOST lsf-cpu
Output
Launch failed: no JobId found.

Command:
/data/chodera/schrodinger/schrodinger2017-4-advanced/jaguar run pka_prot.bat -jobname SM24_micro024_conf_2 SM24_micro024_conf_2.in -HOST lsf-cpu
Output:
Launching JAGUAR under jobcontrol.
An error has occurred.  Information about the error has been written to 
/home/rustenburg/.schrodinger/exceptions/error20180505-004315.txt 

Please contact help@schrodinger.com for assistance. Include error20180505-004315.txt and a description of what you were doing when the error occurred.

WARNING: Job launch failed for 1/2 times.
% jaguar run pka_prot.bat -jobname SM24_micro024_conf_3 SM24_micro024_conf_3.in -HOST lsf-cpu
Output
Launch failed: no JobId found.

Command:
/data/chodera/schrodinger/schrodinger2017-4-advanced/jaguar run pka_prot.bat -jobname SM24_micro024_conf_3 SM24_micro024_conf_3.in -HOST lsf-cpu
Output:
Launching JAGUAR under jobcontrol.
An error has occurred.  Information about the error has been written to 
/home/rustenburg/.schrodinger/exceptions/error20180505-004757.txt 

Please contact help@schrodinger.com for assistance. Include error20180505-004757.txt and a description of what you were doing when the error occurred.

WARNING: Job launch failed for 2/2 times.
% jaguar run pka_prot.bat -jobname SM24_micro024_conf_3 SM24_micro024_conf_3.in -HOST lsf-cpu
Output
Launch failed: no JobId found.

Command:
/data/chodera/schrodinger/schrodinger2017-4-advanced/jaguar run pka_prot.bat -jobname SM24_micro024_conf_3 SM24_micro024_conf_3.in -HOST lsf-cpu
Output:
Launching JAGUAR under jobcontrol.
An error has occurred.  Information about the error has been written to 
/home/rustenburg/.schrodinger/exceptions/error20180505-005239.txt 

Please contact help@schrodinger.com for assistance. Include error20180505-005239.txt and a description of what you were doing when the error occurred.

Subjob 'SM24_micro024_conf_4' died (fizzled) [jobid lt09-0-5aed0d34]
 4  3  3 | fizzled   lt09-0-5aed0d34 SM24_micro024_conf_4 lsf-cpu [ls16]
WARNING: Job launch failed for 1/2 times.
% jaguar run pka_prot.bat -jobname SM24_micro024_conf_2 SM24_micro024_conf_2.in -HOST lsf-cpu
Output
Launch failed: no JobId found.

Command:
/data/chodera/schrodinger/schrodinger2017-4-advanced/jaguar run pka_prot.bat -jobname SM24_micro024_conf_2 SM24_micro024_conf_2.in -HOST lsf-cpu
Output:
Launching JAGUAR under jobcontrol.
An error has occurred.  Information about the error has been written to 
/home/rustenburg/.schrodinger/exceptions/error20180505-005720.txt 

Please contact help@schrodinger.com for assistance. Include error20180505-005720.txt and a description of what you were doing when the error occurred.

WARNING: Job launch failed for 2/2 times.
% jaguar run pka_prot.bat -jobname SM24_micro024_conf_2 SM24_micro024_conf_2.in -HOST lsf-cpu
Output
Launch failed: no JobId found.

Command:
/data/chodera/schrodinger/schrodinger2017-4-advanced/jaguar run pka_prot.bat -jobname SM24_micro024_conf_2 SM24_micro024_conf_2.in -HOST lsf-cpu
Output:
Launching JAGUAR under jobcontrol.
An error has occurred.  Information about the error has been written to 
/home/rustenburg/.schrodinger/exceptions/error20180505-010203.txt 

Please contact help@schrodinger.com for assistance. Include error20180505-010203.txt and a description of what you were doing when the error occurred.

WARNING: Job launch failed for 1/2 times.
% jaguar run pka_prot.bat -jobname SM24_micro024_conf_3 SM24_micro024_conf_3.in -HOST lsf-cpu
Output
Launch failed: no JobId found.

Command:
/data/chodera/schrodinger/schrodinger2017-4-advanced/jaguar run pka_prot.bat -jobname SM24_micro024_conf_3 SM24_micro024_conf_3.in -HOST lsf-cpu
Output:
Launching JAGUAR under jobcontrol.
An error has occurred.  Information about the error has been written to 
/home/rustenburg/.schrodinger/exceptions/error20180505-010646.txt 

Please contact help@schrodinger.com for assistance. Include error20180505-010646.txt and a description of what you were doing when the error occurred.

WARNING: Job launch failed for 2/2 times.
% jaguar run pka_prot.bat -jobname SM24_micro024_conf_3 SM24_micro024_conf_3.in -HOST lsf-cpu
Output
Launch failed: no JobId found.

Command:
/data/chodera/schrodinger/schrodinger2017-4-advanced/jaguar run pka_prot.bat -jobname SM24_micro024_conf_3 SM24_micro024_conf_3.in -HOST lsf-cpu
Output:
Launching JAGUAR under jobcontrol.
An error has occurred.  Information about the error has been written to 
/home/rustenburg/.schrodinger/exceptions/error20180505-011131.txt 

Please contact help@schrodinger.com for assistance. Include error20180505-011131.txt and a description of what you were doing when the error occurred.

WARNING: Job launch failed for 1/2 times.
% jaguar run pka_prot.bat -jobname SM24_micro024_conf_4 SM24_micro024_conf_4.in -HOST lsf-cpu
Output
Launch failed: no JobId found.

Command:
/data/chodera/schrodinger/schrodinger2017-4-advanced/jaguar run pka_prot.bat -jobname SM24_micro024_conf_4 SM24_micro024_conf_4.in -HOST lsf-cpu
Output:
Launching JAGUAR under jobcontrol.
An error has occurred.  Information about the error has been written to 
/home/rustenburg/.schrodinger/exceptions/error20180505-011617.txt 

Please contact help@schrodinger.com for assistance. Include error20180505-011617.txt and a description of what you were doing when the error occurred.

WARNING: Job launch failed for 2/2 times.
% jaguar run pka_prot.bat -jobname SM24_micro024_conf_4 SM24_micro024_conf_4.in -HOST lsf-cpu
Output
Launch failed: no JobId found.

Command:
/data/chodera/schrodinger/schrodinger2017-4-advanced/jaguar run pka_prot.bat -jobname SM24_micro024_conf_4 SM24_micro024_conf_4.in -HOST lsf-cpu
Output:
Launching JAGUAR under jobcontrol.
An error has occurred.  Information about the error has been written to 
/home/rustenburg/.schrodinger/exceptions/error20180505-012102.txt 

Please contact help@schrodinger.com for assistance. Include error20180505-012102.txt and a description of what you were doing when the error occurred.

 5  3  2 | fizzled   lt09-0-5aed0d2a SM24_micro024_conf_2 lsf-cpu [ls16]
ERROR: Subjob 'SM24_micro024_conf_2' has failed after 3 retries.

Last 20 lines of 'SM24_micro024_conf_2.recover':

  ERROR: this job could not be launched.
  
  Launch host: lt09.hpc.private
  Launch directory: /lila/data/chodera/schrodinger/tmpdir/rustenburg/jag_SM24_micro024_SM24_micro002/jag_SM24_micro024_SM24_micro002.workdir
  Launch time: 2018-05-05-00:57:25
  Command line: /data/chodera/schrodinger/schrodinger2017-4-advanced/jaguar run pka_prot.bat -jobname SM24_micro024_conf_2 SM24_micro024_conf_2.in -HOST lsf-cpu
  
  The following error message was returned:
  Error: in replying to 'JPROXYPORT lilac rustenburg "/data/chodera/schrodinger/schrodinger2017-4-advanced"' - dial tcp lilac:35321: i/o timeout


Last 20 lines of 'SM24_micro024_conf_2.log':

  

Job control errors (from job record):
  ERROR: could not recover job: remote command failed with exit code 127 [remote host: lilac, output: 'ssh_exchange_identification: Connection closed by remote host']
Launch failed: no JobId found.

Command:
/data/chodera/schrodinger/schrodinger2017-4-advanced/jaguar run pka_prot.bat -jobname SM24_micro024_conf_2 SM24_micro024_conf_2.in -HOST lsf-cpu
Output:
Launching JAGUAR under jobcontrol.
An error has occurred.  Information about the error has been written to 
/home/rustenburg/.schrodinger/exceptions/error20180505-010203.txt 

Please contact help@schrodinger.com for assistance. Include error20180505-010203.txt and a description of what you were doing when the error occurred.

Subjob 'SM24_micro024_conf_5' died (fizzled) [jobid lt09-0-5aed0d3a]
 5  2  3 | fizzled   lt09-0-5aed0d3a SM24_micro024_conf_5 lsf-cpu [ls16]
WARNING: Job launch failed for 1/2 times.
% jaguar run pka_prot.bat -jobname SM24_micro024_conf_3 SM24_micro024_conf_3.in -HOST lsf-cpu
Output
Launch failed: no JobId found.

Command:
/data/chodera/schrodinger/schrodinger2017-4-advanced/jaguar run pka_prot.bat -jobname SM24_micro024_conf_3 SM24_micro024_conf_3.in -HOST lsf-cpu
Output:
Launching JAGUAR under jobcontrol.
An error has occurred.  Information about the error has been written to 
/home/rustenburg/.schrodinger/exceptions/error20180505-012547.txt 

Please contact help@schrodinger.com for assistance. Include error20180505-012547.txt and a description of what you were doing when the error occurred.

WARNING: Job launch failed for 2/2 times.
% jaguar run pka_prot.bat -jobname SM24_micro024_conf_3 SM24_micro024_conf_3.in -HOST lsf-cpu
Output
Launch failed: no JobId found.

Command:
/data/chodera/schrodinger/schrodinger2017-4-advanced/jaguar run pka_prot.bat -jobname SM24_micro024_conf_3 SM24_micro024_conf_3.in -HOST lsf-cpu
Output:
Launching JAGUAR under jobcontrol.
An error has occurred.  Information about the error has been written to 
/home/rustenburg/.schrodinger/exceptions/error20180505-013028-4.txt 

Please contact help@schrodinger.com for assistance. Include error20180505-013028-4.txt and a description of what you were doing when the error occurred.

WARNING: Job launch failed for 1/2 times.
% jaguar run pka_prot.bat -jobname SM24_micro024_conf_4 SM24_micro024_conf_4.in -HOST lsf-cpu
Output
Launch failed: no JobId found.

Command:
/data/chodera/schrodinger/schrodinger2017-4-advanced/jaguar run pka_prot.bat -jobname SM24_micro024_conf_4 SM24_micro024_conf_4.in -HOST lsf-cpu
Output:
Launching JAGUAR under jobcontrol.
An error has occurred.  Information about the error has been written to 
/home/rustenburg/.schrodinger/exceptions/error20180505-013508.txt 

Please contact help@schrodinger.com for assistance. Include error20180505-013508.txt and a description of what you were doing when the error occurred.

WARNING: Job launch failed for 2/2 times.
% jaguar run pka_prot.bat -jobname SM24_micro024_conf_4 SM24_micro024_conf_4.in -HOST lsf-cpu
Output
Launch failed: no JobId found.

Command:
/data/chodera/schrodinger/schrodinger2017-4-advanced/jaguar run pka_prot.bat -jobname SM24_micro024_conf_4 SM24_micro024_conf_4.in -HOST lsf-cpu
Output:
Launching JAGUAR under jobcontrol.
An error has occurred.  Information about the error has been written to 
/home/rustenburg/.schrodinger/exceptions/error20180505-013947.txt 

Please contact help@schrodinger.com for assistance. Include error20180505-013947.txt and a description of what you were doing when the error occurred.

WARNING: Job launch failed for 1/2 times.
% jaguar run pka_prot.bat -jobname SM24_micro024_conf_5 SM24_micro024_conf_5.in -HOST lsf-cpu
Output
Launch failed: no JobId found.

Command:
/data/chodera/schrodinger/schrodinger2017-4-advanced/jaguar run pka_prot.bat -jobname SM24_micro024_conf_5 SM24_micro024_conf_5.in -HOST lsf-cpu
Output:
Launching JAGUAR under jobcontrol.
An error has occurred.  Information about the error has been written to 
/home/rustenburg/.schrodinger/exceptions/error20180505-014425-2.txt 

Please contact help@schrodinger.com for assistance. Include error20180505-014425-2.txt and a description of what you were doing when the error occurred.

WARNING: Job launch failed for 2/2 times.
% jaguar run pka_prot.bat -jobname SM24_micro024_conf_5 SM24_micro024_conf_5.in -HOST lsf-cpu
Output
Launch failed: no JobId found.

Command:
/data/chodera/schrodinger/schrodinger2017-4-advanced/jaguar run pka_prot.bat -jobname SM24_micro024_conf_5 SM24_micro024_conf_5.in -HOST lsf-cpu
Output:
Launching JAGUAR under jobcontrol.
An error has occurred.  Information about the error has been written to 
/home/rustenburg/.schrodinger/exceptions/error20180505-014904.txt 

Please contact help@schrodinger.com for assistance. Include error20180505-014904.txt and a description of what you were doing when the error occurred.

 6  2  2 | fizzled   lt09-0-5aed0d30 SM24_micro024_conf_3 lsf-cpu [ls16]
ERROR: Subjob 'SM24_micro024_conf_3' has failed after 3 retries.

Last 20 lines of 'SM24_micro024_conf_3.log':

  ERROR: this job could not be launched.
  
  Launch host: lt09.hpc.private
  Launch directory: /lila/data/chodera/schrodinger/tmpdir/rustenburg/jag_SM24_micro024_SM24_micro002/jag_SM24_micro024_SM24_micro002.workdir
  Launch time: 2018-05-05-01:25:54
  Command line: /data/chodera/schrodinger/schrodinger2017-4-advanced/jaguar run pka_prot.bat -jobname SM24_micro024_conf_3 SM24_micro024_conf_3.in -HOST lsf-cpu
  
  The following error message was returned:
  Error: in replying to 'JPROXYPORT lilac rustenburg "/data/chodera/schrodinger/schrodinger2017-4-advanced"' - dial tcp lilac:35321: i/o timeout


Last 20 lines of 'SM24_micro024_conf_3.recover':

  

Job control errors (from job record):
  ERROR: could not recover job: remote command failed with exit code 127 [remote host: lilac, output: 'ssh_exchange_identification: Connection closed by remote host']
Launch failed: no JobId found.

Command:
/data/chodera/schrodinger/schrodinger2017-4-advanced/jaguar run pka_prot.bat -jobname SM24_micro024_conf_3 SM24_micro024_conf_3.in -HOST lsf-cpu
Output:
Launching JAGUAR under jobcontrol.
An error has occurred.  Information about the error has been written to 
/home/rustenburg/.schrodinger/exceptions/error20180505-013028-4.txt 

Please contact help@schrodinger.com for assistance. Include error20180505-013028-4.txt and a description of what you were doing when the error occurred.

Subjob 'SM24_micro002_conf_1' died (fizzled) [jobid lt09-1-5aed0d41]
 6  1  3 | fizzled   lt09-1-5aed0d41 SM24_micro002_conf_1 lsf-cpu [ls16]
WARNING: Job launch failed for 1/2 times.
% jaguar run pka_prot.bat -jobname SM24_micro024_conf_4 SM24_micro024_conf_4.in -HOST lsf-cpu
Output
Launch failed: no JobId found.

Command:
/data/chodera/schrodinger/schrodinger2017-4-advanced/jaguar run pka_prot.bat -jobname SM24_micro024_conf_4 SM24_micro024_conf_4.in -HOST lsf-cpu
Output:
Launching JAGUAR under jobcontrol.
An error has occurred.  Information about the error has been written to 
/home/rustenburg/.schrodinger/exceptions/error20180505-015344.txt 

Please contact help@schrodinger.com for assistance. Include error20180505-015344.txt and a description of what you were doing when the error occurred.

WARNING: Job launch failed for 2/2 times.
% jaguar run pka_prot.bat -jobname SM24_micro024_conf_4 SM24_micro024_conf_4.in -HOST lsf-cpu
Output
Launch failed: no JobId found.

Command:
/data/chodera/schrodinger/schrodinger2017-4-advanced/jaguar run pka_prot.bat -jobname SM24_micro024_conf_4 SM24_micro024_conf_4.in -HOST lsf-cpu
Output:
Launching JAGUAR under jobcontrol.
An error has occurred.  Information about the error has been written to 
/home/rustenburg/.schrodinger/exceptions/error20180505-015822.txt 

Please contact help@schrodinger.com for assistance. Include error20180505-015822.txt and a description of what you were doing when the error occurred.

WARNING: Job launch failed for 1/2 times.
% jaguar run pka_prot.bat -jobname SM24_micro024_conf_5 SM24_micro024_conf_5.in -HOST lsf-cpu
Output
Launch failed: no JobId found.

Command:
/data/chodera/schrodinger/schrodinger2017-4-advanced/jaguar run pka_prot.bat -jobname SM24_micro024_conf_5 SM24_micro024_conf_5.in -HOST lsf-cpu
Output:
Launching JAGUAR under jobcontrol.
An error has occurred.  Information about the error has been written to 
/home/rustenburg/.schrodinger/exceptions/error20180505-020259.txt 

Please contact help@schrodinger.com for assistance. Include error20180505-020259.txt and a description of what you were doing when the error occurred.

WARNING: Job launch failed for 2/2 times.
% jaguar run pka_prot.bat -jobname SM24_micro024_conf_5 SM24_micro024_conf_5.in -HOST lsf-cpu
Output
Launch failed: no JobId found.

Command:
/data/chodera/schrodinger/schrodinger2017-4-advanced/jaguar run pka_prot.bat -jobname SM24_micro024_conf_5 SM24_micro024_conf_5.in -HOST lsf-cpu
Output:
Launching JAGUAR under jobcontrol.
An error has occurred.  Information about the error has been written to 
/home/rustenburg/.schrodinger/exceptions/error20180505-020739.txt 

Please contact help@schrodinger.com for assistance. Include error20180505-020739.txt and a description of what you were doing when the error occurred.

WARNING: Job launch failed for 1/2 times.
% jaguar run pka_deprot.bat -jobname SM24_micro002_conf_1 SM24_micro002_conf_1.in -HOST lsf-cpu
Output
Launch failed: no JobId found.

Command:
/data/chodera/schrodinger/schrodinger2017-4-advanced/jaguar run pka_deprot.bat -jobname SM24_micro002_conf_1 SM24_micro002_conf_1.in -HOST lsf-cpu
Output:
Launching JAGUAR under jobcontrol.
An error has occurred.  Information about the error has been written to 
/home/rustenburg/.schrodinger/exceptions/error20180505-021216.txt 

Please contact help@schrodinger.com for assistance. Include error20180505-021216.txt and a description of what you were doing when the error occurred.

WARNING: Job launch failed for 2/2 times.
% jaguar run pka_deprot.bat -jobname SM24_micro002_conf_1 SM24_micro002_conf_1.in -HOST lsf-cpu
Output
Launch failed: no JobId found.

Command:
/data/chodera/schrodinger/schrodinger2017-4-advanced/jaguar run pka_deprot.bat -jobname SM24_micro002_conf_1 SM24_micro002_conf_1.in -HOST lsf-cpu
Output:
Launching JAGUAR under jobcontrol.
An error has occurred.  Information about the error has been written to 
/home/rustenburg/.schrodinger/exceptions/error20180505-021651.txt 

Please contact help@schrodinger.com for assistance. Include error20180505-021651.txt and a description of what you were doing when the error occurred.

 7  1  2 | fizzled   lt09-0-5aed0d34 SM24_micro024_conf_4 lsf-cpu [ls16]
ERROR: Subjob 'SM24_micro024_conf_4' has failed after 3 retries.

Last 20 lines of 'SM24_micro024_conf_4.recover':

  ERROR: this job could not be launched.
  
  Launch host: lt09.hpc.private
  Launch directory: /lila/data/chodera/schrodinger/tmpdir/rustenburg/jag_SM24_micro024_SM24_micro002/jag_SM24_micro024_SM24_micro002.workdir
  Launch time: 2018-05-05-01:53:50
  Command line: /data/chodera/schrodinger/schrodinger2017-4-advanced/jaguar run pka_prot.bat -jobname SM24_micro024_conf_4 SM24_micro024_conf_4.in -HOST lsf-cpu
  
  The following error message was returned:
  Error: in replying to 'JPROXYPORT lilac rustenburg "/data/chodera/schrodinger/schrodinger2017-4-advanced"' - dial tcp lilac:35321: i/o timeout


Last 20 lines of 'SM24_micro024_conf_4.log':

  

Job control errors (from job record):
  ERROR: could not recover job: remote command failed with exit code 127 [remote host: lilac, output: 'ssh_exchange_identification: Connection closed by remote host']
Launch failed: no JobId found.

Command:
/data/chodera/schrodinger/schrodinger2017-4-advanced/jaguar run pka_prot.bat -jobname SM24_micro024_conf_4 SM24_micro024_conf_4.in -HOST lsf-cpu
Output:
Launching JAGUAR under jobcontrol.
An error has occurred.  Information about the error has been written to 
/home/rustenburg/.schrodinger/exceptions/error20180505-015822.txt 

Please contact help@schrodinger.com for assistance. Include error20180505-015822.txt and a description of what you were doing when the error occurred.

WARNING: Job launch failed for 1/2 times.
% jaguar run pka_prot.bat -jobname SM24_micro024_conf_5 SM24_micro024_conf_5.in -HOST lsf-cpu
Output
Launch failed: no JobId found.

Command:
/data/chodera/schrodinger/schrodinger2017-4-advanced/jaguar run pka_prot.bat -jobname SM24_micro024_conf_5 SM24_micro024_conf_5.in -HOST lsf-cpu
Output:
Launching JAGUAR under jobcontrol.
An error has occurred.  Information about the error has been written to 
/home/rustenburg/.schrodinger/exceptions/error20180505-022125.txt 

Please contact help@schrodinger.com for assistance. Include error20180505-022125.txt and a description of what you were doing when the error occurred.

WARNING: Job launch failed for 2/2 times.
% jaguar run pka_prot.bat -jobname SM24_micro024_conf_5 SM24_micro024_conf_5.in -HOST lsf-cpu
Output
Launch failed: no JobId found.

Command:
/data/chodera/schrodinger/schrodinger2017-4-advanced/jaguar run pka_prot.bat -jobname SM24_micro024_conf_5 SM24_micro024_conf_5.in -HOST lsf-cpu
Output:
Launching JAGUAR under jobcontrol.
An error has occurred.  Information about the error has been written to 
/home/rustenburg/.schrodinger/exceptions/error20180505-022602-2.txt 

Please contact help@schrodinger.com for assistance. Include error20180505-022602-2.txt and a description of what you were doing when the error occurred.

WARNING: Job launch failed for 1/2 times.
% jaguar run pka_deprot.bat -jobname SM24_micro002_conf_1 SM24_micro002_conf_1.in -HOST lsf-cpu
Output
Launch failed: no JobId found.

Command:
/data/chodera/schrodinger/schrodinger2017-4-advanced/jaguar run pka_deprot.bat -jobname SM24_micro002_conf_1 SM24_micro002_conf_1.in -HOST lsf-cpu
Output:
Launching JAGUAR under jobcontrol.
An error has occurred.  Information about the error has been written to 
/home/rustenburg/.schrodinger/exceptions/error20180505-023041-2.txt 

Please contact help@schrodinger.com for assistance. Include error20180505-023041-2.txt and a description of what you were doing when the error occurred.

WARNING: Job launch failed for 2/2 times.
% jaguar run pka_deprot.bat -jobname SM24_micro002_conf_1 SM24_micro002_conf_1.in -HOST lsf-cpu
Output
Launch failed: no JobId found.

Command:
/data/chodera/schrodinger/schrodinger2017-4-advanced/jaguar run pka_deprot.bat -jobname SM24_micro002_conf_1 SM24_micro002_conf_1.in -HOST lsf-cpu
Output:
Launching JAGUAR under jobcontrol.
An error has occurred.  Information about the error has been written to 
/home/rustenburg/.schrodinger/exceptions/error20180505-023519-1.txt 

Please contact help@schrodinger.com for assistance. Include error20180505-023519-1.txt and a description of what you were doing when the error occurred.

 8  1  1 | fizzled   lt09-0-5aed0d3a SM24_micro024_conf_5 lsf-cpu [ls16]
ERROR: Subjob 'SM24_micro024_conf_5' has failed after 3 retries.

Last 20 lines of 'SM24_micro024_conf_5.log':

  ERROR: this job could not be launched.
  
  Launch host: lt09.hpc.private
  Launch directory: /lila/data/chodera/schrodinger/tmpdir/rustenburg/jag_SM24_micro024_SM24_micro002/jag_SM24_micro024_SM24_micro002.workdir
  Launch time: 2018-05-05-02:21:29
  Command line: /data/chodera/schrodinger/schrodinger2017-4-advanced/jaguar run pka_prot.bat -jobname SM24_micro024_conf_5 SM24_micro024_conf_5.in -HOST lsf-cpu
  
  The following error message was returned:
  Error: in replying to 'JPROXYPORT lilac rustenburg "/data/chodera/schrodinger/schrodinger2017-4-advanced"' - dial tcp lilac:35321: i/o timeout


Last 20 lines of 'SM24_micro024_conf_5.recover':

  

Job control errors (from job record):
  ERROR: could not recover job: remote command failed with exit code 127 [remote host: lilac, output: 'ssh_exchange_identification: Connection closed by remote host']
Launch failed: no JobId found.

Command:
/data/chodera/schrodinger/schrodinger2017-4-advanced/jaguar run pka_prot.bat -jobname SM24_micro024_conf_5 SM24_micro024_conf_5.in -HOST lsf-cpu
Output:
Launching JAGUAR under jobcontrol.
An error has occurred.  Information about the error has been written to 
/home/rustenburg/.schrodinger/exceptions/error20180505-022602-2.txt 

Please contact help@schrodinger.com for assistance. Include error20180505-022602-2.txt and a description of what you were doing when the error occurred.

 9  0  1 | finished  lt09-0-5aed0d20 SM24_micro024_conf_1 localhost [lt09]
 9  1  0 | restarted lt09-0-5aed50ae SM24_micro002_conf_1 localhost [lt09]
10  0  0 | finished  lt09-0-5aed50ae SM24_micro002_conf_1 localhost [lt09]

All jobs have completed.

2 of 10 job(s) succeeded; 8 job(s) failed.

Timer (distribute subjobs) : 22651.37 secs (6 hrs, 17 mins, 31 secs)

Processing QM output files...

Executing subprocess:
/data/chodera/schrodinger/schrodinger2017-4-advanced/jaguar results -energy SM24_micro024_conf_1.nrg_h.out

Executing subprocess:
/data/chodera/schrodinger/schrodinger2017-4-advanced/jaguar results -esolv SM24_micro024_conf_1.sol_h.out

Executing subprocess:
/data/chodera/schrodinger/schrodinger2017-4-advanced/jaguar results -energy SM24_micro024_conf_2.nrg_h.out

  Results command failed: "/data/chodera/schrodinger/schrodinger2017-4-advanced/jaguar results -energy SM24_micro024_conf_2.nrg_h.out"

An error has occurred.  Information about the error has been written to 
/home/rustenburg/.schrodinger/exceptions/error20180505-040445.txt 

Please contact help@schrodinger.com for assistance. Include error20180505-040445.txt and a description of what you were doing when the error occurred.
