Command:    jaguar run pka.py -jobname jag_SM19_micro019_SM19_micro018 -PARALLEL 10 -n -csrch -prot SM19_micro019.in -deprot SM19_micro018.in
Release:    2017-4
Exec:       /data/chodera/schrodinger/schrodinger2017-4-advanced/jaguar-v9.8/bin/Linux-x86_64
Host:       lt11
JobId:      lilac-0-5aecc211
JobDir:     /lila/data/chodera/schrodinger/tmpdir/rustenburg/jag_SM19_micro019_SM19_micro018
Date:       Fri May  4 16:53:38 2018

Contents of /lila/data/chodera/schrodinger/tmpdir/rustenburg/jag_SM19_micro019_SM19_micro018:
/lila/data/chodera/schrodinger/tmpdir/rustenburg/jag_SM19_micro019_SM19_micro018/jag_SM19_micro019_SM19_micro018.log
/lila/data/chodera/schrodinger/tmpdir/rustenburg/jag_SM19_micro019_SM19_micro018/lilac-0-5aecc211.jlog
/lila/data/chodera/schrodinger/tmpdir/rustenburg/jag_SM19_micro019_SM19_micro018/SM19_micro018.mae
/lila/data/chodera/schrodinger/tmpdir/rustenburg/jag_SM19_micro019_SM19_micro018/lilac-0-5aecc211.mpinodes
/lila/data/chodera/schrodinger/tmpdir/rustenburg/jag_SM19_micro019_SM19_micro018/lilac-0-5aecc211.nodes
/lila/data/chodera/schrodinger/tmpdir/rustenburg/jag_SM19_micro019_SM19_micro018/jag_SM19_micro019_SM19_micro018.recover
/lila/data/chodera/schrodinger/tmpdir/rustenburg/jag_SM19_micro019_SM19_micro018/lilac-0-5aecc211.recover
/lila/data/chodera/schrodinger/tmpdir/rustenburg/jag_SM19_micro019_SM19_micro018/lilac-0-5aecc211.hosts
/lila/data/chodera/schrodinger/tmpdir/rustenburg/jag_SM19_micro019_SM19_micro018/SM19_micro019.mae
/lila/data/chodera/schrodinger/tmpdir/rustenburg/jag_SM19_micro019_SM19_micro018/SM19_micro018.in
/lila/data/chodera/schrodinger/tmpdir/rustenburg/jag_SM19_micro019_SM19_micro018/SM19_micro019.in
/lila/data/chodera/schrodinger/tmpdir/rustenburg/jag_SM19_micro019_SM19_micro018/lilac-0-5aecc211

=====================
 Jaguar pKa workflow
=====================

Analysing user-provided (prot, deprot) pair:
(SM19_micro019.in, SM19_micro018.in)
Found labile hydrogen 34 in SM19_micro019.in
Found labile hydrogen at atom 13 in SM19_micro018.in
Adding 'ipkat' keyword to input files.

Identifying pKa functional group for pair:
(SM19_micro019, SM19_micro018)

Executing subprocess:
/data/chodera/schrodinger/schrodinger2017-4-advanced/jaguar-v9.8/bin/Linux-x86_64/pka -i -j SM19_micro019.tmp.jres -n

Taking protonated structures from:
SM19_micro019.mae
Taking deprotonated structures from:
SM19_micro018.mae

This molecule from 'SM19_micro019.mae' in water was recognized as:

 # 	                  Shell                   
---	------------------------------------------
1: 	Protonation of sp2-like aliphatic nitrogen
2: 	Protonation of generic atom               


Executing conformational search...

Executing 2 distributed subjobs:
---------------------------------

No more than 8 cpu(s) will be used per subjob.
No more than 10 cpu(s) will be used simultaneously.

Processing the following subjobs:
(1) jaguar run csrch.py SM19_micro019.mae -jobname SM19_micro019 -max_conf 5 -erg_window 50.208 -acc_level 1 -TPP 5
(2) jaguar run csrch.py SM19_micro018.mae -jobname SM19_micro018 -max_conf 5 -erg_window 50.208 -acc_level 1 -TPP 5

Running subjobs on hosts:
  lsf-cpu (Max: 2)
Number of jobs:       2
Max retries per job:  3
Max allowed failures: unlimited
Run with -LOCAL:      False
Verbosity:            normal

Starting JobDJ...

Keep one job on driver host: False
JobDJ columns:
  C: Number of completed subjobs
  A: Number of active subjobs (e.g., submitted, running)
  W: Number of waiting/pending subjobs

C A W | Activity  JobId  JobName  JobHost
- - - | --------- -----------------------
0 1 1 | launched  lt11-0-5aecc857 SM19_micro019 lsf-cpu
0 2 0 | launched  lt11-0-5aecc85a SM19_micro018 lsf-cpu
1 1 0 | finished  lt11-0-5aecc857 SM19_micro019 lsf-cpu [ls13]
2 0 0 | finished  lt11-0-5aecc85a SM19_micro018 lsf-cpu [ls12]

All jobs have completed.

2 of 2 job(s) succeeded; 0 job(s) failed.

Timer (distribute subjobs) : 8755.89 secs (2 hrs, 25 mins, 55 secs)

Setting up QM workflow for (protonated, deprotonated) pair:
(1) (SM19_micro019, SM19_micro018)

Executing Jaguar quantum-mechanical subjobs...

Executing 10 distributed subjobs:
----------------------------------

No more than 8 cpu(s) will be used per subjob.
No more than 10 cpu(s) will be used simultaneously.

Processing the following subjobs:
(1) jaguar run pka_prot.bat -jobname SM19_micro019_conf_1 SM19_micro019_conf_1.in
(2) jaguar run pka_prot.bat -jobname SM19_micro019_conf_2 SM19_micro019_conf_2.in
(3) jaguar run pka_prot.bat -jobname SM19_micro019_conf_3 SM19_micro019_conf_3.in
(4) jaguar run pka_prot.bat -jobname SM19_micro019_conf_4 SM19_micro019_conf_4.in
(5) jaguar run pka_prot.bat -jobname SM19_micro019_conf_5 SM19_micro019_conf_5.in
(6) jaguar run pka_deprot.bat -jobname SM19_micro018_conf_1 SM19_micro018_conf_1.in
(7) jaguar run pka_deprot.bat -jobname SM19_micro018_conf_2 SM19_micro018_conf_2.in
(8) jaguar run pka_deprot.bat -jobname SM19_micro018_conf_3 SM19_micro018_conf_3.in
(9) jaguar run pka_deprot.bat -jobname SM19_micro018_conf_4 SM19_micro018_conf_4.in
(10) jaguar run pka_deprot.bat -jobname SM19_micro018_conf_5 SM19_micro018_conf_5.in

Running subjobs on hosts:
  lsf-cpu (Max: 10)
Number of jobs:       10
Max retries per job:  3
Max allowed failures: unlimited
Run with -LOCAL:      False
Verbosity:            normal

Starting JobDJ...

Keep one job on driver host: True
JobDJ columns:
  C: Number of completed subjobs
  A: Number of active subjobs (e.g., submitted, running)
  W: Number of waiting/pending subjobs

 C  A  W | Activity  JobId  JobName  JobHost
-- -- -- | --------- -----------------------
 0  1  9 | launched  lt11-0-5aecea92 SM19_micro019_conf_1 localhost [lt11]
 0  2  8 | launched  lt11-0-5aecea9a SM19_micro019_conf_2 lsf-cpu
 0  3  7 | launched  lt11-0-5aeceaa2 SM19_micro019_conf_3 lsf-cpu
 0  4  6 | launched  lt11-0-5aeceaa6 SM19_micro019_conf_4 lsf-cpu
 0  5  5 | launched  lt11-0-5aeceab8 SM19_micro019_conf_5 lsf-cpu
 0  6  4 | launched  lt11-0-5aeceac1 SM19_micro018_conf_1 lsf-cpu
 0  7  3 | launched  lt11-0-5aeceace SM19_micro018_conf_2 lsf-cpu
 0  8  2 | launched  lt11-4-5aeceadc SM19_micro018_conf_3 lsf-cpu
 0  9  1 | launched  lt11-0-5aeceae6 SM19_micro018_conf_4 lsf-cpu
 0 10  0 | launched  lt11-0-5aeceaf6 SM19_micro018_conf_5 lsf-cpu
 1  9  0 | finished  lt11-0-5aecea92 SM19_micro019_conf_1 localhost [lt11]
 1  9  0 | launched  lt11-1-5aecfc6d SM19_micro018_conf_5 localhost [lt11]
 2  8  0 | finished  lt11-0-5aecea9a SM19_micro019_conf_2 lsf-cpu [ls18]
 3  7  0 | finished  lt11-0-5aeceace SM19_micro018_conf_2 lsf-cpu [lt01]
 4  6  0 | finished  lt11-0-5aeceaa2 SM19_micro019_conf_3 lsf-cpu [lt05]
 5  5  0 | finished  lt11-0-5aeceaa6 SM19_micro019_conf_4 lsf-cpu [lt09]
 6  4  0 | finished  lt11-0-5aeceab8 SM19_micro019_conf_5 lsf-cpu [lt11]
 7  3  0 | finished  lt11-0-5aeceae6 SM19_micro018_conf_4 lsf-cpu [ls09]
 8  2  0 | finished  lt11-4-5aeceadc SM19_micro018_conf_3 lsf-cpu [lt05]
 9  1  0 | finished  lt11-0-5aeceac1 SM19_micro018_conf_1 lsf-cpu [lt01]
