Taking protonated structures from:
SM21_micro028_conf_1.dft_h.01.mae
SM21_micro028_conf_2.dft_h.01.mae
SM21_micro028_conf_3.dft_h.01.mae
SM21_micro028_conf_4.dft_h.01.mae
SM21_micro028_conf_5.dft_h.01.mae
Taking deprotonated structures from:
SM21_micro022_conf_1.dft.01.mae
SM21_micro022_conf_2.dft.01.mae
SM21_micro022_conf_3.dft.01.mae
SM21_micro022_conf_4.dft.01.mae
SM21_micro022_conf_5.dft.01.mae

Corrected results for 'protonated' structure in water:
pKa atom: 26

 # 	           Shell           	 pKa 	RMSD	 Contribution
---	---------------------------	-----	-----	--------------
1: 	pyrimidine                 	-5.80	0.242	    22.10%
2: 	heterocycle custom 1       	-10.77	0.617	    11.75%
3: 	heterocycle                	-9.94	0.837	     9.11%
4: 	Protonation of generic atom	-6.35	2.264	    57.03%

 Final weighted pKa value is -7.08



