Command:    jaguar run pka.py -jobname jag_SM10_micro003_SM10_micro019 -PARALLEL 10 -n -csrch -prot SM10_micro003.in -deprot SM10_micro019.in
Release:    2017-4
Exec:       /data/chodera/schrodinger/schrodinger2017-4-advanced/jaguar-v9.8/bin/Linux-x86_64
Host:       ls12
JobId:      lilac-0-5aec8069
JobDir:     /lila/data/chodera/schrodinger/tmpdir/rustenburg/jag_SM10_micro003_SM10_micro019
Date:       Fri May  4 11:49:12 2018

Contents of /lila/data/chodera/schrodinger/tmpdir/rustenburg/jag_SM10_micro003_SM10_micro019:
/lila/data/chodera/schrodinger/tmpdir/rustenburg/jag_SM10_micro003_SM10_micro019/SM10_micro003.mae
/lila/data/chodera/schrodinger/tmpdir/rustenburg/jag_SM10_micro003_SM10_micro019/SM10_micro003.in
/lila/data/chodera/schrodinger/tmpdir/rustenburg/jag_SM10_micro003_SM10_micro019/SM10_micro019.mae
/lila/data/chodera/schrodinger/tmpdir/rustenburg/jag_SM10_micro003_SM10_micro019/lilac-0-5aec8069.recover
/lila/data/chodera/schrodinger/tmpdir/rustenburg/jag_SM10_micro003_SM10_micro019/lilac-0-5aec8069.mpinodes
/lila/data/chodera/schrodinger/tmpdir/rustenburg/jag_SM10_micro003_SM10_micro019/SM10_micro019.in
/lila/data/chodera/schrodinger/tmpdir/rustenburg/jag_SM10_micro003_SM10_micro019/jag_SM10_micro003_SM10_micro019.recover
/lila/data/chodera/schrodinger/tmpdir/rustenburg/jag_SM10_micro003_SM10_micro019/jag_SM10_micro003_SM10_micro019.log
/lila/data/chodera/schrodinger/tmpdir/rustenburg/jag_SM10_micro003_SM10_micro019/lilac-0-5aec8069
/lila/data/chodera/schrodinger/tmpdir/rustenburg/jag_SM10_micro003_SM10_micro019/lilac-0-5aec8069.hosts
/lila/data/chodera/schrodinger/tmpdir/rustenburg/jag_SM10_micro003_SM10_micro019/lilac-0-5aec8069.nodes
/lila/data/chodera/schrodinger/tmpdir/rustenburg/jag_SM10_micro003_SM10_micro019/lilac-0-5aec8069.jlog

=====================
 Jaguar pKa workflow
=====================

Analysing user-provided (prot, deprot) pair:
(SM10_micro003.in, SM10_micro019.in)
Found labile hydrogen 30 in SM10_micro003.in
Found labile hydrogen at atom 10 in SM10_micro019.in
Adding 'ipkat' keyword to input files.

Identifying pKa functional group for pair:
(SM10_micro003, SM10_micro019)

Executing subprocess:
/data/chodera/schrodinger/schrodinger2017-4-advanced/jaguar-v9.8/bin/Linux-x86_64/pka -i -j SM10_micro003.tmp.jres -n

Taking protonated structures from:
SM10_micro003.mae
Taking deprotonated structures from:
SM10_micro019.mae

This molecule from 'SM10_micro003.mae' in water was recognized as:

 # 	                 Shell                  
---	----------------------------------------
1: 	Protonation of generic atom             
2: 	aliphatic CH acid in water              
3: 	Protonation of sp2-like aliphatic carbon


Executing conformational search...

Executing 2 distributed subjobs:
---------------------------------

No more than 8 cpu(s) will be used per subjob.
No more than 10 cpu(s) will be used simultaneously.

Processing the following subjobs:
(1) jaguar run csrch.py SM10_micro003.mae -jobname SM10_micro003 -max_conf 5 -erg_window 50.208 -acc_level 1 -TPP 5
(2) jaguar run csrch.py SM10_micro019.mae -jobname SM10_micro019 -max_conf 5 -erg_window 50.208 -acc_level 1 -TPP 5

Running subjobs on hosts:
  lsf-cpu (Max: 2)
Number of jobs:       2
Max retries per job:  3
Max allowed failures: unlimited
Run with -LOCAL:      False
Verbosity:            normal

Starting JobDJ...

Keep one job on driver host: False
JobDJ columns:
  C: Number of completed subjobs
  A: Number of active subjobs (e.g., submitted, running)
  W: Number of waiting/pending subjobs

C A W | Activity  JobId  JobName  JobHost
- - - | --------- -----------------------
0 1 1 | launched  ls12-0-5aec80ff SM10_micro003 lsf-cpu
0 2 0 | launched  ls12-0-5aec8102 SM10_micro019 lsf-cpu
1 1 0 | finished  ls12-0-5aec8102 SM10_micro019 lsf-cpu
2 0 0 | finished  ls12-0-5aec80ff SM10_micro003 lsf-cpu [ls04]

All jobs have completed.

2 of 2 job(s) succeeded; 0 job(s) failed.

Timer (distribute subjobs) : 1053.93 secs (0 hrs, 17 mins, 33 secs)

Setting up QM workflow for (protonated, deprotonated) pair:
(1) (SM10_micro003, SM10_micro019)

Executing Jaguar quantum-mechanical subjobs...

Executing 10 distributed subjobs:
----------------------------------

No more than 8 cpu(s) will be used per subjob.
No more than 10 cpu(s) will be used simultaneously.

Processing the following subjobs:
(1) jaguar run pka_prot.bat -jobname SM10_micro003_conf_1 SM10_micro003_conf_1.in
(2) jaguar run pka_prot.bat -jobname SM10_micro003_conf_2 SM10_micro003_conf_2.in
(3) jaguar run pka_prot.bat -jobname SM10_micro003_conf_3 SM10_micro003_conf_3.in
(4) jaguar run pka_prot.bat -jobname SM10_micro003_conf_4 SM10_micro003_conf_4.in
(5) jaguar run pka_prot.bat -jobname SM10_micro003_conf_5 SM10_micro003_conf_5.in
(6) jaguar run pka_deprot.bat -jobname SM10_micro019_conf_1 SM10_micro019_conf_1.in
(7) jaguar run pka_deprot.bat -jobname SM10_micro019_conf_2 SM10_micro019_conf_2.in
(8) jaguar run pka_deprot.bat -jobname SM10_micro019_conf_3 SM10_micro019_conf_3.in
(9) jaguar run pka_deprot.bat -jobname SM10_micro019_conf_4 SM10_micro019_conf_4.in
(10) jaguar run pka_deprot.bat -jobname SM10_micro019_conf_5 SM10_micro019_conf_5.in

Running subjobs on hosts:
  lsf-cpu (Max: 10)
Number of jobs:       10
Max retries per job:  3
Max allowed failures: unlimited
Run with -LOCAL:      False
Verbosity:            normal

Starting JobDJ...

Keep one job on driver host: True
JobDJ columns:
  C: Number of completed subjobs
  A: Number of active subjobs (e.g., submitted, running)
  W: Number of waiting/pending subjobs

 C  A  W | Activity  JobId  JobName  JobHost
-- -- -- | --------- -----------------------
 0  1  9 | launched  ls12-0-5aec851d SM10_micro003_conf_1 localhost [ls12]
 0  2  8 | launched  ls12-0-5aec8521 SM10_micro003_conf_2 lsf-cpu
 0  3  7 | launched  ls12-0-5aec8524 SM10_micro003_conf_3 lsf-cpu
 0  4  6 | launched  ls12-0-5aec8527 SM10_micro003_conf_4 lsf-cpu
 0  5  5 | launched  ls12-0-5aec852b SM10_micro003_conf_5 lsf-cpu
 0  6  4 | launched  ls12-0-5aec852f SM10_micro019_conf_1 lsf-cpu
 0  7  3 | launched  ls12-0-5aec8533 SM10_micro019_conf_2 lsf-cpu
 0  8  2 | launched  ls12-0-5aec8536 SM10_micro019_conf_3 lsf-cpu
 0  9  1 | launched  ls12-0-5aec853b SM10_micro019_conf_4 lsf-cpu
 0 10  0 | launched  ls12-0-5aec853e SM10_micro019_conf_5 lsf-cpu
 1  9  0 | finished  ls12-0-5aec851d SM10_micro003_conf_1 localhost [ls12]
 2  8  0 | finished  ls12-0-5aec852b SM10_micro003_conf_5 lsf-cpu [ls01]
 3  7  0 | finished  ls12-0-5aec8527 SM10_micro003_conf_4 lsf-cpu [ls13]
 4  6  0 | finished  ls12-0-5aec8533 SM10_micro019_conf_2 lsf-cpu [ls18]
 5  5  0 | finished  ls12-0-5aec8521 SM10_micro003_conf_2 lsf-cpu [ls13]
 6  4  0 | finished  ls12-0-5aec8524 SM10_micro003_conf_3 lsf-cpu [ls13]
 7  3  0 | finished  ls12-0-5aec853b SM10_micro019_conf_4 lsf-cpu [lt11]
 8  2  0 | finished  ls12-0-5aec852f SM10_micro019_conf_1 lsf-cpu [ls01]
 9  1  0 | finished  ls12-0-5aec853e SM10_micro019_conf_5 lsf-cpu [ls07]
10  0  0 | finished  ls12-0-5aec8536 SM10_micro019_conf_3 lsf-cpu [lt04]

All jobs have completed.

10 of 10 job(s) succeeded; 0 job(s) failed.

Timer (distribute subjobs) : 4347.61 secs (1 hrs, 12 mins, 27 secs)

Processing QM output files...

Executing subprocess:
/data/chodera/schrodinger/schrodinger2017-4-advanced/jaguar results -energy SM10_micro003_conf_1.nrg_h.out

Executing subprocess:
/data/chodera/schrodinger/schrodinger2017-4-advanced/jaguar results -esolv SM10_micro003_conf_1.sol_h.out

Executing subprocess:
/data/chodera/schrodinger/schrodinger2017-4-advanced/jaguar results -energy SM10_micro003_conf_2.nrg_h.out

Executing subprocess:
/data/chodera/schrodinger/schrodinger2017-4-advanced/jaguar results -esolv SM10_micro003_conf_2.sol_h.out

Executing subprocess:
/data/chodera/schrodinger/schrodinger2017-4-advanced/jaguar results -energy SM10_micro003_conf_3.nrg_h.out

Executing subprocess:
/data/chodera/schrodinger/schrodinger2017-4-advanced/jaguar results -esolv SM10_micro003_conf_3.sol_h.out

Executing subprocess:
/data/chodera/schrodinger/schrodinger2017-4-advanced/jaguar results -energy SM10_micro003_conf_4.nrg_h.out

Executing subprocess:
/data/chodera/schrodinger/schrodinger2017-4-advanced/jaguar results -esolv SM10_micro003_conf_4.sol_h.out

Executing subprocess:
/data/chodera/schrodinger/schrodinger2017-4-advanced/jaguar results -energy SM10_micro003_conf_5.nrg_h.out

Executing subprocess:
/data/chodera/schrodinger/schrodinger2017-4-advanced/jaguar results -esolv SM10_micro003_conf_5.sol_h.out

Executing subprocess:
/data/chodera/schrodinger/schrodinger2017-4-advanced/jaguar results -energy SM10_micro019_conf_1.nrg.out

Executing subprocess:
/data/chodera/schrodinger/schrodinger2017-4-advanced/jaguar results -esolv SM10_micro019_conf_1.sol.out

Executing subprocess:
/data/chodera/schrodinger/schrodinger2017-4-advanced/jaguar results -energy SM10_micro019_conf_2.nrg.out

Executing subprocess:
/data/chodera/schrodinger/schrodinger2017-4-advanced/jaguar results -esolv SM10_micro019_conf_2.sol.out

Executing subprocess:
/data/chodera/schrodinger/schrodinger2017-4-advanced/jaguar results -energy SM10_micro019_conf_3.nrg.out

Executing subprocess:
/data/chodera/schrodinger/schrodinger2017-4-advanced/jaguar results -esolv SM10_micro019_conf_3.sol.out

Executing subprocess:
/data/chodera/schrodinger/schrodinger2017-4-advanced/jaguar results -energy SM10_micro019_conf_4.nrg.out

Executing subprocess:
/data/chodera/schrodinger/schrodinger2017-4-advanced/jaguar results -esolv SM10_micro019_conf_4.sol.out

Executing subprocess:
/data/chodera/schrodinger/schrodinger2017-4-advanced/jaguar results -energy SM10_micro019_conf_5.nrg.out

Executing subprocess:
/data/chodera/schrodinger/schrodinger2017-4-advanced/jaguar results -esolv SM10_micro019_conf_5.sol.out

Executing subprocess:
/data/chodera/schrodinger/schrodinger2017-4-advanced/jaguar-v9.8/bin/Linux-x86_64/pka -o SM10_micro003_deprot-out.mae -j SM10_micro003.jres -n -d

Executing subprocess:
/data/chodera/schrodinger/schrodinger2017-4-advanced/jaguar-v9.8/bin/Linux-x86_64/pka -o SM10_micro003_prot-out.mae -j SM10_micro003.jres -n

pKa calculation for SM10_micro003 completed.

pKa workflow jag_SM10_micro003_SM10_micro019 completed.

Timer (Jaguar pKa) : 5486.08 secs (1 hrs, 31 mins, 26 secs)
Timer (jaguar_backend.py) : 5486.08 secs (1 hrs, 31 mins, 26 secs)
Finished:   Fri May  4 13:20:38 2018
