Command:    jaguar run pka.py -jobname jag_SM18_micro042_SM18_micro032 -PARALLEL 10 -n -csrch -prot SM18_micro042.in -deprot SM18_micro032.in
Release:    2017-4
Exec:       /data/chodera/schrodinger/schrodinger2017-4-advanced/jaguar-v9.8/bin/Linux-x86_64
Host:       lt11
JobId:      lilac-0-5aecaf79
JobDir:     /lila/data/chodera/schrodinger/tmpdir/rustenburg/jag_SM18_micro042_SM18_micro032
Date:       Fri May  4 15:18:29 2018

Contents of /lila/data/chodera/schrodinger/tmpdir/rustenburg/jag_SM18_micro042_SM18_micro032:
/lila/data/chodera/schrodinger/tmpdir/rustenburg/jag_SM18_micro042_SM18_micro032/jag_SM18_micro042_SM18_micro032.recover
/lila/data/chodera/schrodinger/tmpdir/rustenburg/jag_SM18_micro042_SM18_micro032/jag_SM18_micro042_SM18_micro032.log
/lila/data/chodera/schrodinger/tmpdir/rustenburg/jag_SM18_micro042_SM18_micro032/SM18_micro042.in
/lila/data/chodera/schrodinger/tmpdir/rustenburg/jag_SM18_micro042_SM18_micro032/lilac-0-5aecaf79.hosts
/lila/data/chodera/schrodinger/tmpdir/rustenburg/jag_SM18_micro042_SM18_micro032/lilac-0-5aecaf79.nodes
/lila/data/chodera/schrodinger/tmpdir/rustenburg/jag_SM18_micro042_SM18_micro032/lilac-0-5aecaf79.recover
/lila/data/chodera/schrodinger/tmpdir/rustenburg/jag_SM18_micro042_SM18_micro032/SM18_micro042.mae
/lila/data/chodera/schrodinger/tmpdir/rustenburg/jag_SM18_micro042_SM18_micro032/lilac-0-5aecaf79.mpinodes
/lila/data/chodera/schrodinger/tmpdir/rustenburg/jag_SM18_micro042_SM18_micro032/SM18_micro032.in
/lila/data/chodera/schrodinger/tmpdir/rustenburg/jag_SM18_micro042_SM18_micro032/lilac-0-5aecaf79.jlog
/lila/data/chodera/schrodinger/tmpdir/rustenburg/jag_SM18_micro042_SM18_micro032/lilac-0-5aecaf79
/lila/data/chodera/schrodinger/tmpdir/rustenburg/jag_SM18_micro042_SM18_micro032/SM18_micro032.mae

=====================
 Jaguar pKa workflow
=====================

Analysing user-provided (prot, deprot) pair:
(SM18_micro042.in, SM18_micro032.in)
Found labile hydrogen 31 in SM18_micro042.in
Found labile hydrogen at atom 9 in SM18_micro032.in
Adding 'ipkat' keyword to input files.

Identifying pKa functional group for pair:
(SM18_micro042, SM18_micro032)

Executing subprocess:
/data/chodera/schrodinger/schrodinger2017-4-advanced/jaguar-v9.8/bin/Linux-x86_64/pka -i -j SM18_micro042.tmp.jres -n

Taking protonated structures from:
SM18_micro042.mae
Taking deprotonated structures from:
SM18_micro032.mae

This molecule from 'SM18_micro042.mae' in water was recognized as:

 # 	                  Shell                  
---	-----------------------------------------
1: 	delta lactam                             
2: 	4-pyrimidone as acid                     
3: 	Protonation of sp2-like aromatic nitrogen
4: 	Protonation of generic atom              


Executing conformational search...

Executing 2 distributed subjobs:
---------------------------------

No more than 8 cpu(s) will be used per subjob.
No more than 10 cpu(s) will be used simultaneously.

Processing the following subjobs:
(1) jaguar run csrch.py SM18_micro042.mae -jobname SM18_micro042 -max_conf 5 -erg_window 50.208 -acc_level 1 -TPP 5
(2) jaguar run csrch.py SM18_micro032.mae -jobname SM18_micro032 -max_conf 5 -erg_window 50.208 -acc_level 1 -TPP 5

Running subjobs on hosts:
  lsf-cpu (Max: 2)
Number of jobs:       2
Max retries per job:  3
Max allowed failures: unlimited
Run with -LOCAL:      False
Verbosity:            normal

Starting JobDJ...

Keep one job on driver host: False
JobDJ columns:
  C: Number of completed subjobs
  A: Number of active subjobs (e.g., submitted, running)
  W: Number of waiting/pending subjobs

C A W | Activity  JobId  JobName  JobHost
- - - | --------- -----------------------
0 1 1 | launched  lt11-0-5aecb209 SM18_micro042 lsf-cpu
0 2 0 | launched  lt11-0-5aecb20c SM18_micro032 lsf-cpu
1 1 0 | finished  lt11-0-5aecb20c SM18_micro032 lsf-cpu [ls15]
2 0 0 | finished  lt11-0-5aecb209 SM18_micro042 lsf-cpu [lt08]

All jobs have completed.

2 of 2 job(s) succeeded; 0 job(s) failed.

Timer (distribute subjobs) : 5736.07 secs (1 hrs, 35 mins, 36 secs)

Setting up QM workflow for (protonated, deprotonated) pair:
(1) (SM18_micro042, SM18_micro032)

Executing Jaguar quantum-mechanical subjobs...

Executing 10 distributed subjobs:
----------------------------------

No more than 8 cpu(s) will be used per subjob.
No more than 10 cpu(s) will be used simultaneously.

Processing the following subjobs:
(1) jaguar run pka_prot.bat -jobname SM18_micro042_conf_1 SM18_micro042_conf_1.in
(2) jaguar run pka_prot.bat -jobname SM18_micro042_conf_2 SM18_micro042_conf_2.in
(3) jaguar run pka_prot.bat -jobname SM18_micro042_conf_3 SM18_micro042_conf_3.in
(4) jaguar run pka_prot.bat -jobname SM18_micro042_conf_4 SM18_micro042_conf_4.in
(5) jaguar run pka_prot.bat -jobname SM18_micro042_conf_5 SM18_micro042_conf_5.in
(6) jaguar run pka_deprot.bat -jobname SM18_micro032_conf_1 SM18_micro032_conf_1.in
(7) jaguar run pka_deprot.bat -jobname SM18_micro032_conf_2 SM18_micro032_conf_2.in
(8) jaguar run pka_deprot.bat -jobname SM18_micro032_conf_3 SM18_micro032_conf_3.in
(9) jaguar run pka_deprot.bat -jobname SM18_micro032_conf_4 SM18_micro032_conf_4.in
(10) jaguar run pka_deprot.bat -jobname SM18_micro032_conf_5 SM18_micro032_conf_5.in

Running subjobs on hosts:
  lsf-cpu (Max: 10)
Number of jobs:       10
Max retries per job:  3
Max allowed failures: unlimited
Run with -LOCAL:      False
Verbosity:            normal

Starting JobDJ...

Keep one job on driver host: True
JobDJ columns:
  C: Number of completed subjobs
  A: Number of active subjobs (e.g., submitted, running)
  W: Number of waiting/pending subjobs

 C  A  W | Activity  JobId  JobName  JobHost
-- -- -- | --------- -----------------------
 0  1  9 | launched  lt11-0-5aecc872 SM18_micro042_conf_1 localhost [lt11]
 0  2  8 | launched  lt11-0-5aecc875 SM18_micro042_conf_2 lsf-cpu
 0  3  7 | launched  lt11-0-5aecc878 SM18_micro042_conf_3 lsf-cpu
 0  4  6 | launched  lt11-0-5aecc87b SM18_micro042_conf_4 lsf-cpu
 0  5  5 | launched  lt11-0-5aecc87e SM18_micro042_conf_5 lsf-cpu
 0  6  4 | launched  lt11-0-5aecc881 SM18_micro032_conf_1 lsf-cpu
 0  7  3 | launched  lt11-0-5aecc885 SM18_micro032_conf_2 lsf-cpu
 0  8  2 | launched  lt11-0-5aecc889 SM18_micro032_conf_3 lsf-cpu
 0  9  1 | launched  lt11-0-5aecc88c SM18_micro032_conf_4 lsf-cpu
 0 10  0 | launched  lt11-0-5aecc890 SM18_micro032_conf_5 lsf-cpu
 1  9  0 | finished  lt11-0-5aecc872 SM18_micro042_conf_1 localhost [lt11]
 1  9  0 | launched  lt11-0-5aecd71e SM18_micro032_conf_5 localhost [lt11]
 2  8  0 | finished  lt11-0-5aecc87b SM18_micro042_conf_4 lsf-cpu [ls18]
 3  7  0 | finished  lt11-0-5aecc878 SM18_micro042_conf_3 lsf-cpu [ls18]
 4  6  0 | finished  lt11-0-5aecc889 SM18_micro032_conf_3 lsf-cpu [lt03]
 5  5  0 | finished  lt11-0-5aecc875 SM18_micro042_conf_2 lsf-cpu [ls18]
 6  4  0 | finished  lt11-0-5aecc881 SM18_micro032_conf_1 lsf-cpu [ls18]
 7  3  0 | finished  lt11-0-5aecc885 SM18_micro032_conf_2 lsf-cpu [ls07]
