Taking protonated structures from:
SM21_micro033_conf_1.dft_h.01.mae
SM21_micro033_conf_2.dft_h.01.mae
SM21_micro033_conf_3.dft_h.01.mae
SM21_micro033_conf_4.dft_h.01.mae
SM21_micro033_conf_5.dft_h.01.mae
Taking deprotonated structures from:
SM21_micro028_conf_1.dft.01.mae
SM21_micro028_conf_2.dft.01.mae
SM21_micro028_conf_3.dft.01.mae
SM21_micro028_conf_4.dft.01.mae
SM21_micro028_conf_5.dft.01.mae

Corrected results for 'protonated' structure in water:
pKa atom: 27

 # 	                  Shell                   	 pKa 	RMSD	 Contribution
---	------------------------------------------	-----	-----	--------------
1: 	secondary aniline                         	-15.80	0.275	    26.70%
2: 	Protonation of sp3-like aliphatic nitrogen	-13.82	1.715	    68.82%
3: 	Protonation of generic atom               	-13.32	2.264	     4.49%

 Final weighted pKa value is -14.33



