Taking protonated structures from:
SM19_micro015_conf_1.dft_h.01.mae
SM19_micro015_conf_2.dft_h.01.mae
SM19_micro015_conf_3.dft_h.01.mae
SM19_micro015_conf_4.dft_h.01.mae
SM19_micro015_conf_5.dft_h.01.mae
Taking deprotonated structures from:
SM19_micro013_conf_1.dft.01.mae
SM19_micro013_conf_2.dft.01.mae
SM19_micro013_conf_3.dft.01.mae
SM19_micro013_conf_4.dft.01.mae
SM19_micro013_conf_5.dft.01.mae

Corrected results for 'protonated' structure in water:
pKa atom: 25

 # 	           Shell           	 pKa 	RMSD	 Contribution
---	---------------------------	-----	-----	--------------
1: 	thiazole/benzothiazole     	 2.73	0.647	    94.54%
2: 	heterocycle                	 3.42	0.837	     4.42%
3: 	Protonation of generic atom	 4.07	2.264	     1.04%

 Final weighted pKa value is 2.78



