Taking protonated structures from:
SM21_micro024_conf_1.dft_h.01.mae
SM21_micro024_conf_2.dft_h.01.mae
SM21_micro024_conf_3.dft_h.01.mae
SM21_micro024_conf_4.dft_h.01.mae
SM21_micro024_conf_5.dft_h.01.mae
Taking deprotonated structures from:
SM21_micro006_conf_1.dft.01.mae
SM21_micro006_conf_2.dft.01.mae
SM21_micro006_conf_3.dft.01.mae
SM21_micro006_conf_4.dft.01.mae
SM21_micro006_conf_5.dft.01.mae

Corrected results for 'protonated' structure in water:
pKa atom: 29

 # 	                  Shell                   	 pKa 	RMSD	 Contribution
---	------------------------------------------	-----	-----	--------------
1: 	RN=Het                                    	 8.68	0.551	     0.00%
2: 	Protonation of sp2-like aliphatic nitrogen	 5.28	1.751	    30.77%
3: 	Protonation of generic atom               	 5.72	2.264	    69.23%

 Final weighted pKa value is 5.59



