Taking protonated structures from:
SM10_micro008_conf_1.dft_h.01.mae
SM10_micro008_conf_2.dft_h.01.mae
SM10_micro008_conf_3.dft_h.01.mae
SM10_micro008_conf_4.dft_h.01.mae
SM10_micro008_conf_5.dft_h.01.mae
Taking deprotonated structures from:
SM10_micro023_conf_1.dft.01.mae
SM10_micro023_conf_2.dft.01.mae
SM10_micro023_conf_3.dft.01.mae
SM10_micro023_conf_4.dft.01.mae
SM10_micro023_conf_5.dft.01.mae

Corrected results for 'protonated' structure in water:
pKa atom: 23

 # 	            Shell             	 pKa 	RMSD	 Contribution
---	------------------------------	-----	-----	--------------
1: 	amide as base                 	 8.73	0.577	    99.76%
2: 	Protonation of generic atom   	11.72	2.264	     0.08%
3: 	Protonation of sp2-like oxygen	10.90	2.568	     0.16%

 Final weighted pKa value is 8.73



