Command:    jaguar run pka.py -jobname jag_SM21_micro001_SM21_micro014 -PARALLEL 10 -WAIT -n -csrch -prot SM21_micro001.in -deprot SM21_micro014.in
Release:    2017-4
Exec:       /data/chodera/schrodinger/schrodinger2017-4-advanced/jaguar-v9.8/bin/Linux-x86_64
Host:       ls15
JobId:      ls15-1-5af456e6
JobDir:     /lila/data/chodera/schrodinger/tmpdir/rustenburg/jag_SM21_micro001_SM21_micro014.1
Date:       Thu May 10 10:27:52 2018

Contents of /lila/data/chodera/schrodinger/tmpdir/rustenburg/jag_SM21_micro001_SM21_micro014.1:
/lila/data/chodera/schrodinger/tmpdir/rustenburg/jag_SM21_micro001_SM21_micro014.1/SM21_micro001.in
/lila/data/chodera/schrodinger/tmpdir/rustenburg/jag_SM21_micro001_SM21_micro014.1/jag_SM21_micro001_SM21_micro014.log
/lila/data/chodera/schrodinger/tmpdir/rustenburg/jag_SM21_micro001_SM21_micro014.1/ls15-1-5af456e6.mpinodes
/lila/data/chodera/schrodinger/tmpdir/rustenburg/jag_SM21_micro001_SM21_micro014.1/ls15-1-5af456e6.recover
/lila/data/chodera/schrodinger/tmpdir/rustenburg/jag_SM21_micro001_SM21_micro014.1/ls15-1-5af456e6
/lila/data/chodera/schrodinger/tmpdir/rustenburg/jag_SM21_micro001_SM21_micro014.1/jag_SM21_micro001_SM21_micro014.recover
/lila/data/chodera/schrodinger/tmpdir/rustenburg/jag_SM21_micro001_SM21_micro014.1/SM21_micro001.mae
/lila/data/chodera/schrodinger/tmpdir/rustenburg/jag_SM21_micro001_SM21_micro014.1/SM21_micro014.mae
/lila/data/chodera/schrodinger/tmpdir/rustenburg/jag_SM21_micro001_SM21_micro014.1/SM21_micro014.in

=====================
 Jaguar pKa workflow
=====================

Analysing user-provided (prot, deprot) pair:
(SM21_micro001.in, SM21_micro014.in)
Found labile hydrogen 34 in SM21_micro001.in
Found labile hydrogen at atom 8 in SM21_micro014.in
Adding 'ipkat' keyword to input files.

Identifying pKa functional group for pair:
(SM21_micro001, SM21_micro014)

Executing subprocess:
/data/chodera/schrodinger/schrodinger2017-4-advanced/jaguar-v9.8/bin/Linux-x86_64/pka -i -j SM21_micro001.tmp.jres -n

Taking protonated structures from:
SM21_micro001.mae
Taking deprotonated structures from:
SM21_micro014.mae

This molecule from 'SM21_micro001.mae' in water was recognized as:

 # 	                  Shell                   
---	------------------------------------------
1: 	Protonation of sp2-like aliphatic nitrogen
2: 	Protonation of generic atom               


Executing conformational search...

Executing 2 distributed subjobs:
---------------------------------

No more than 8 cpu(s) will be used per subjob.
No more than 10 cpu(s) will be used simultaneously.

Processing the following subjobs:
(1) jaguar run csrch.py SM21_micro001.mae -jobname SM21_micro001 -max_conf 5 -erg_window 50.208 -acc_level 1 -TPP 5
(2) jaguar run csrch.py SM21_micro014.mae -jobname SM21_micro014 -max_conf 5 -erg_window 50.208 -acc_level 1 -TPP 5

Running subjobs on hosts:
  localhost (Max: 2)
Number of jobs:       2
Max retries per job:  3
Max allowed failures: unlimited
Run with -LOCAL:      False
Verbosity:            normal

Starting JobDJ...

Keep one job on driver host: False
JobDJ columns:
  C: Number of completed subjobs
  A: Number of active subjobs (e.g., submitted, running)
  W: Number of waiting/pending subjobs

C A W | Activity  JobId  JobName  JobHost
- - - | --------- -----------------------
0 1 1 | launched  ls15-0-5af456ee SM21_micro001 localhost [ls15]
0 2 0 | launched  ls15-3-5af456f2 SM21_micro014 localhost [ls15]
