Taking protonated structures from:
SM23_micro039_conf_1.dft_h.01.mae
SM23_micro039_conf_2.dft_h.01.mae
SM23_micro039_conf_3.dft_h.01.mae
SM23_micro039_conf_4.dft_h.01.mae
SM23_micro039_conf_5.dft_h.01.mae
Taking deprotonated structures from:
SM23_micro021_conf_1.dft.01.mae
SM23_micro021_conf_2.dft.01.mae
SM23_micro021_conf_3.dft.01.mae
SM23_micro021_conf_4.dft.01.mae
SM23_micro021_conf_5.dft.01.mae

Corrected results for 'protonated' structure in water:
pKa atom: 34

 # 	           Shell           	 pKa 	RMSD	 Contribution
---	---------------------------	-----	-----	--------------
1: 	pyrimidine                 	-0.72	0.242	    60.81%
2: 	heterocycle custom 1       	-2.04	0.617	    18.02%
3: 	heterocycle                	-1.58	0.837	    17.59%
4: 	Protonation of generic atom	 0.12	2.264	     3.57%

 Final weighted pKa value is -1.08



