Taking protonated structures from:
SM09_micro014_conf_1.dft_h.01.mae
SM09_micro014_conf_2.dft_h.01.mae
SM09_micro014_conf_3.dft_h.01.mae
SM09_micro014_conf_4.dft_h.01.mae
SM09_micro014_conf_5.dft_h.01.mae
Taking deprotonated structures from:
SM09_micro006_conf_1.dft.01.mae
SM09_micro006_conf_2.dft.01.mae
SM09_micro006_conf_3.dft.01.mae
SM09_micro006_conf_4.dft.01.mae
SM09_micro006_conf_5.dft.01.mae

Corrected results for 'protonated' structure in water:
pKa atom: 22

 # 	           Shell           	 pKa 	RMSD	 Contribution
---	---------------------------	-----	-----	--------------
1: 	pyrimidine                 	-4.14	0.242	    50.87%
2: 	heterocycle custom 1       	-7.87	0.617	    25.62%
3: 	heterocycle                	-7.17	0.837	    19.69%
4: 	Protonation of generic atom	-4.22	2.264	     3.82%

 Final weighted pKa value is -5.70



