Taking protonated structures from:
SM07_micro015_conf_1.dft_h.01.mae
SM07_micro015_conf_2.dft_h.01.mae
SM07_micro015_conf_3.dft_h.01.mae
SM07_micro015_conf_4.dft_h.01.mae
SM07_micro015_conf_5.dft_h.01.mae
Taking deprotonated structures from:
SM07_micro011_conf_1.dft.01.mae
SM07_micro011_conf_2.dft.01.mae
SM07_micro011_conf_3.dft.01.mae
SM07_micro011_conf_4.dft.01.mae
SM07_micro011_conf_5.dft.01.mae

Corrected results for 'protonated' structure in water:
pKa atom: 21

 # 	           Shell           	 pKa 	RMSD	 Contribution
---	---------------------------	-----	-----	--------------
1: 	pyrimidine                 	-3.41	0.242	    29.41%
2: 	heterocycle custom 1       	-6.73	0.617	    40.47%
3: 	heterocycle                	-6.06	0.837	    23.90%
4: 	Protonation of generic atom	-3.32	2.264	     6.23%

 Final weighted pKa value is -5.38



