Command:    jaguar run pka.py -jobname jag_SM18_micro031_SM18_micro002 -PARALLEL 10 -WAIT -n -csrch -prot SM18_micro031.in -deprot SM18_micro002.in
Release:    2017-4
Exec:       /data/chodera/schrodinger/schrodinger2017-4-advanced/jaguar-v9.8/bin/Linux-x86_64
Host:       lt20
JobId:      lt20-0-5af455f7
JobDir:     /lila/data/chodera/schrodinger/tmpdir/rustenburg/jag_SM18_micro031_SM18_micro002.1
Date:       Thu May 10 10:23:53 2018

Contents of /lila/data/chodera/schrodinger/tmpdir/rustenburg/jag_SM18_micro031_SM18_micro002.1:
/lila/data/chodera/schrodinger/tmpdir/rustenburg/jag_SM18_micro031_SM18_micro002.1/SM18_micro031.mae
/lila/data/chodera/schrodinger/tmpdir/rustenburg/jag_SM18_micro031_SM18_micro002.1/jag_SM18_micro031_SM18_micro002.recover
/lila/data/chodera/schrodinger/tmpdir/rustenburg/jag_SM18_micro031_SM18_micro002.1/lt20-0-5af455f7.recover
/lila/data/chodera/schrodinger/tmpdir/rustenburg/jag_SM18_micro031_SM18_micro002.1/SM18_micro002.mae
/lila/data/chodera/schrodinger/tmpdir/rustenburg/jag_SM18_micro031_SM18_micro002.1/jag_SM18_micro031_SM18_micro002.log
/lila/data/chodera/schrodinger/tmpdir/rustenburg/jag_SM18_micro031_SM18_micro002.1/SM18_micro002.in
/lila/data/chodera/schrodinger/tmpdir/rustenburg/jag_SM18_micro031_SM18_micro002.1/lt20-0-5af455f7.mpinodes
/lila/data/chodera/schrodinger/tmpdir/rustenburg/jag_SM18_micro031_SM18_micro002.1/SM18_micro031.in
/lila/data/chodera/schrodinger/tmpdir/rustenburg/jag_SM18_micro031_SM18_micro002.1/lt20-0-5af455f7

=====================
 Jaguar pKa workflow
=====================

Analysing user-provided (prot, deprot) pair:
(SM18_micro031.in, SM18_micro002.in)
Found labile hydrogen 31 in SM18_micro031.in
Found labile hydrogen at atom 8 in SM18_micro002.in
Adding 'ipkat' keyword to input files.

Identifying pKa functional group for pair:
(SM18_micro031, SM18_micro002)

Executing subprocess:
/data/chodera/schrodinger/schrodinger2017-4-advanced/jaguar-v9.8/bin/Linux-x86_64/pka -i -j SM18_micro031.tmp.jres -n

Taking protonated structures from:
SM18_micro031.mae
Taking deprotonated structures from:
SM18_micro002.mae

This molecule from 'SM18_micro031.mae' in water was recognized as:

 # 	            Shell             
---	------------------------------
1: 	protonation of O=Het          
2: 	Protonation of generic atom   
3: 	Protonation of sp2-like oxygen


Executing conformational search...

Executing 2 distributed subjobs:
---------------------------------

No more than 8 cpu(s) will be used per subjob.
No more than 10 cpu(s) will be used simultaneously.

Processing the following subjobs:
(1) jaguar run csrch.py SM18_micro031.mae -jobname SM18_micro031 -max_conf 5 -erg_window 50.208 -acc_level 1 -TPP 5
(2) jaguar run csrch.py SM18_micro002.mae -jobname SM18_micro002 -max_conf 5 -erg_window 50.208 -acc_level 1 -TPP 5

Running subjobs on hosts:
  localhost (Max: 2)
Number of jobs:       2
Max retries per job:  3
Max allowed failures: unlimited
Run with -LOCAL:      False
Verbosity:            normal

Starting JobDJ...

Keep one job on driver host: False
JobDJ columns:
  C: Number of completed subjobs
  A: Number of active subjobs (e.g., submitted, running)
  W: Number of waiting/pending subjobs

C A W | Activity  JobId  JobName  JobHost
- - - | --------- -----------------------
0 1 1 | launched  lt20-1-5af455fd SM18_micro031 localhost [lt20]
0 2 0 | launched  lt20-1-5af455ff SM18_micro002 localhost [lt20]
1 1 0 | finished  lt20-1-5af455fd SM18_micro031 localhost [lt20]
2 0 0 | finished  lt20-1-5af455ff SM18_micro002 localhost [lt20]

All jobs have completed.

2 of 2 job(s) succeeded; 0 job(s) failed.

Timer (distribute subjobs) : 1512.68 secs (0 hrs, 25 mins, 12 secs)

Setting up QM workflow for (protonated, deprotonated) pair:
(1) (SM18_micro031, SM18_micro002)

Executing Jaguar quantum-mechanical subjobs...

Executing 10 distributed subjobs:
----------------------------------

No more than 8 cpu(s) will be used per subjob.
No more than 10 cpu(s) will be used simultaneously.

Processing the following subjobs:
(1) jaguar run pka_prot.bat -jobname SM18_micro031_conf_1 SM18_micro031_conf_1.in
(2) jaguar run pka_prot.bat -jobname SM18_micro031_conf_2 SM18_micro031_conf_2.in
(3) jaguar run pka_prot.bat -jobname SM18_micro031_conf_3 SM18_micro031_conf_3.in
(4) jaguar run pka_prot.bat -jobname SM18_micro031_conf_4 SM18_micro031_conf_4.in
(5) jaguar run pka_prot.bat -jobname SM18_micro031_conf_5 SM18_micro031_conf_5.in
(6) jaguar run pka_deprot.bat -jobname SM18_micro002_conf_1 SM18_micro002_conf_1.in
(7) jaguar run pka_deprot.bat -jobname SM18_micro002_conf_2 SM18_micro002_conf_2.in
(8) jaguar run pka_deprot.bat -jobname SM18_micro002_conf_3 SM18_micro002_conf_3.in
(9) jaguar run pka_deprot.bat -jobname SM18_micro002_conf_4 SM18_micro002_conf_4.in
(10) jaguar run pka_deprot.bat -jobname SM18_micro002_conf_5 SM18_micro002_conf_5.in

Running subjobs on hosts:
  localhost (Max: 10)
Number of jobs:       10
Max retries per job:  3
Max allowed failures: unlimited
Run with -LOCAL:      False
Verbosity:            normal

Starting JobDJ...

Keep one job on driver host: False
JobDJ columns:
  C: Number of completed subjobs
  A: Number of active subjobs (e.g., submitted, running)
  W: Number of waiting/pending subjobs

 C  A  W | Activity  JobId  JobName  JobHost
-- -- -- | --------- -----------------------
 0  1  9 | launched  lt20-0-5af45bef SM18_micro031_conf_1 localhost [lt20]
 0  2  8 | launched  lt20-0-5af45bf1 SM18_micro031_conf_2 localhost [lt20]
 0  3  7 | launched  lt20-0-5af45bf4 SM18_micro031_conf_3 localhost [lt20]
 0  4  6 | launched  lt20-0-5af45bf6 SM18_micro031_conf_4 localhost [lt20]
 0  5  5 | launched  lt20-1-5af45bf8 SM18_micro031_conf_5 localhost [lt20]
 0  6  4 | launched  lt20-1-5af45bfa SM18_micro002_conf_1 localhost [lt20]
 0  7  3 | launched  lt20-0-5af45bfd SM18_micro002_conf_2 localhost [lt20]
 0  8  2 | launched  lt20-0-5af45bff SM18_micro002_conf_3 localhost [lt20]
 0  9  1 | launched  lt20-1-5af45c01 SM18_micro002_conf_4 localhost [lt20]
 0 10  0 | launched  lt20-0-5af45c04 SM18_micro002_conf_5 localhost [lt20]
 1  9  0 | finished  lt20-0-5af45bf4 SM18_micro031_conf_3 localhost [lt20]
 2  8  0 | finished  lt20-1-5af45bfa SM18_micro002_conf_1 localhost [lt20]
 3  7  0 | finished  lt20-0-5af45bf1 SM18_micro031_conf_2 localhost [lt20]
 4  6  0 | finished  lt20-1-5af45bf8 SM18_micro031_conf_5 localhost [lt20]
 5  5  0 | finished  lt20-0-5af45bef SM18_micro031_conf_1 localhost [lt20]
 6  4  0 | finished  lt20-0-5af45bf6 SM18_micro031_conf_4 localhost [lt20]
 7  3  0 | finished  lt20-0-5af45bfd SM18_micro002_conf_2 localhost [lt20]
 8  2  0 | finished  lt20-0-5af45bff SM18_micro002_conf_3 localhost [lt20]
 9  1  0 | finished  lt20-1-5af45c01 SM18_micro002_conf_4 localhost [lt20]
10  0  0 | finished  lt20-0-5af45c04 SM18_micro002_conf_5 localhost [lt20]

All jobs have completed.

10 of 10 job(s) succeeded; 0 job(s) failed.

Timer (distribute subjobs) : 14964.52 secs (4 hrs, 09 mins, 24 secs)

Processing QM output files...

Executing subprocess:
/data/chodera/schrodinger/schrodinger2017-4-advanced/jaguar results -energy SM18_micro031_conf_1.nrg_h.out

Executing subprocess:
/data/chodera/schrodinger/schrodinger2017-4-advanced/jaguar results -esolv SM18_micro031_conf_1.sol_h.out

Executing subprocess:
/data/chodera/schrodinger/schrodinger2017-4-advanced/jaguar results -energy SM18_micro031_conf_2.nrg_h.out

Executing subprocess:
/data/chodera/schrodinger/schrodinger2017-4-advanced/jaguar results -esolv SM18_micro031_conf_2.sol_h.out

Executing subprocess:
/data/chodera/schrodinger/schrodinger2017-4-advanced/jaguar results -energy SM18_micro031_conf_3.nrg_h.out

Executing subprocess:
/data/chodera/schrodinger/schrodinger2017-4-advanced/jaguar results -esolv SM18_micro031_conf_3.sol_h.out

Executing subprocess:
/data/chodera/schrodinger/schrodinger2017-4-advanced/jaguar results -energy SM18_micro031_conf_4.nrg_h.out

Executing subprocess:
/data/chodera/schrodinger/schrodinger2017-4-advanced/jaguar results -esolv SM18_micro031_conf_4.sol_h.out

Executing subprocess:
/data/chodera/schrodinger/schrodinger2017-4-advanced/jaguar results -energy SM18_micro031_conf_5.nrg_h.out

Executing subprocess:
/data/chodera/schrodinger/schrodinger2017-4-advanced/jaguar results -esolv SM18_micro031_conf_5.sol_h.out

Executing subprocess:
/data/chodera/schrodinger/schrodinger2017-4-advanced/jaguar results -energy SM18_micro002_conf_1.nrg.out

Executing subprocess:
/data/chodera/schrodinger/schrodinger2017-4-advanced/jaguar results -esolv SM18_micro002_conf_1.sol.out

Executing subprocess:
/data/chodera/schrodinger/schrodinger2017-4-advanced/jaguar results -energy SM18_micro002_conf_2.nrg.out

Executing subprocess:
/data/chodera/schrodinger/schrodinger2017-4-advanced/jaguar results -esolv SM18_micro002_conf_2.sol.out

Executing subprocess:
/data/chodera/schrodinger/schrodinger2017-4-advanced/jaguar results -energy SM18_micro002_conf_3.nrg.out

Executing subprocess:
/data/chodera/schrodinger/schrodinger2017-4-advanced/jaguar results -esolv SM18_micro002_conf_3.sol.out

Executing subprocess:
/data/chodera/schrodinger/schrodinger2017-4-advanced/jaguar results -energy SM18_micro002_conf_4.nrg.out

Executing subprocess:
/data/chodera/schrodinger/schrodinger2017-4-advanced/jaguar results -esolv SM18_micro002_conf_4.sol.out

Executing subprocess:
/data/chodera/schrodinger/schrodinger2017-4-advanced/jaguar results -energy SM18_micro002_conf_5.nrg.out

Executing subprocess:
/data/chodera/schrodinger/schrodinger2017-4-advanced/jaguar results -esolv SM18_micro002_conf_5.sol.out

Executing subprocess:
/data/chodera/schrodinger/schrodinger2017-4-advanced/jaguar-v9.8/bin/Linux-x86_64/pka -o SM18_micro031_deprot-out.mae -j SM18_micro031.jres -n -d

Executing subprocess:
/data/chodera/schrodinger/schrodinger2017-4-advanced/jaguar-v9.8/bin/Linux-x86_64/pka -o SM18_micro031_prot-out.mae -j SM18_micro031.jres -n

pKa calculation for SM18_micro031 completed.

pKa workflow jag_SM18_micro031_SM18_micro002 completed.

Timer (Jaguar pKa) : 16542.98 secs (4 hrs, 35 mins, 42 secs)
Timer (jaguar_backend.py) : 16542.98 secs (4 hrs, 35 mins, 42 secs)
Finished:   Thu May 10 14:59:36 2018
