Taking protonated structures from:
SM24_micro009_conf_1.dft_h.01.mae
SM24_micro009_conf_2.dft_h.01.mae
SM24_micro009_conf_3.dft_h.01.mae
SM24_micro009_conf_4.dft_h.01.mae
SM24_micro009_conf_5.dft_h.01.mae
Taking deprotonated structures from:
SM24_micro027_conf_1.dft.01.mae
SM24_micro027_conf_2.dft.01.mae
SM24_micro027_conf_3.dft.01.mae
SM24_micro027_conf_4.dft.01.mae
SM24_micro027_conf_5.dft.01.mae

Corrected results for 'protonated' structure in water:
pKa atom: 30

 # 	                  Shell                   	 pKa 	RMSD	 Contribution
---	------------------------------------------	-----	-----	--------------
1: 	NR2 attached to heterocycle               	 0.44	0.116	    23.56%
2: 	Protonation of sp3-like aliphatic nitrogen	15.62	1.715	     9.02%
3: 	Protonation of generic atom               	14.47	2.264	    67.43%

 Final weighted pKa value is 11.27



