Taking protonated structures from:
SM21_micro035_conf_1.dft_h.01.mae
SM21_micro035_conf_2.dft_h.01.mae
SM21_micro035_conf_3.dft_h.01.mae
SM21_micro035_conf_4.dft_h.01.mae
SM21_micro035_conf_5.dft_h.01.mae
Taking deprotonated structures from:
SM21_micro030_conf_1.dft.01.mae
SM21_micro030_conf_2.dft.01.mae
SM21_micro030_conf_3.dft.01.mae
SM21_micro030_conf_4.dft.01.mae
SM21_micro030_conf_5.dft.01.mae

Corrected results for 'protonated' structure in water:
pKa atom: 24

 # 	                  Shell                   	 pKa 	RMSD	 Contribution
---	------------------------------------------	-----	-----	--------------
1: 	secondary aniline                         	-17.89	0.275	    94.29%
2: 	Protonation of sp3-like aliphatic nitrogen	-15.67	1.715	     5.34%
3: 	Protonation of generic atom               	-15.06	2.264	     0.36%

 Final weighted pKa value is -17.77



