Command:    jaguar run pka.py -jobname jag_SM08_micro002_SM08_micro008 -PARALLEL 10 -n -csrch -prot SM08_micro002.in -deprot SM08_micro008.in
Release:    2017-4
Exec:       /data/chodera/schrodinger/schrodinger2017-4-advanced/jaguar-v9.8/bin/Linux-x86_64
Host:       lt04
JobId:      lilac-0-5aec7c81
JobDir:     /lila/data/chodera/schrodinger/tmpdir/rustenburg/jag_SM08_micro002_SM08_micro008
Date:       Fri May  4 11:30:20 2018

Contents of /lila/data/chodera/schrodinger/tmpdir/rustenburg/jag_SM08_micro002_SM08_micro008:
/lila/data/chodera/schrodinger/tmpdir/rustenburg/jag_SM08_micro002_SM08_micro008/lilac-0-5aec7c81
/lila/data/chodera/schrodinger/tmpdir/rustenburg/jag_SM08_micro002_SM08_micro008/SM08_micro008.in
/lila/data/chodera/schrodinger/tmpdir/rustenburg/jag_SM08_micro002_SM08_micro008/lilac-0-5aec7c81.hosts
/lila/data/chodera/schrodinger/tmpdir/rustenburg/jag_SM08_micro002_SM08_micro008/lilac-0-5aec7c81.recover
/lila/data/chodera/schrodinger/tmpdir/rustenburg/jag_SM08_micro002_SM08_micro008/SM08_micro002.in
/lila/data/chodera/schrodinger/tmpdir/rustenburg/jag_SM08_micro002_SM08_micro008/jag_SM08_micro002_SM08_micro008.recover
/lila/data/chodera/schrodinger/tmpdir/rustenburg/jag_SM08_micro002_SM08_micro008/SM08_micro008.mae
/lila/data/chodera/schrodinger/tmpdir/rustenburg/jag_SM08_micro002_SM08_micro008/jag_SM08_micro002_SM08_micro008.log
/lila/data/chodera/schrodinger/tmpdir/rustenburg/jag_SM08_micro002_SM08_micro008/lilac-0-5aec7c81.jlog
/lila/data/chodera/schrodinger/tmpdir/rustenburg/jag_SM08_micro002_SM08_micro008/SM08_micro002.mae
/lila/data/chodera/schrodinger/tmpdir/rustenburg/jag_SM08_micro002_SM08_micro008/lilac-0-5aec7c81.mpinodes
/lila/data/chodera/schrodinger/tmpdir/rustenburg/jag_SM08_micro002_SM08_micro008/lilac-0-5aec7c81.nodes

=====================
 Jaguar pKa workflow
=====================

Analysing user-provided (prot, deprot) pair:
(SM08_micro002.in, SM08_micro008.in)
Error: heavy atoms are different in input files:
SM08_micro002.in
SM08_micro008.in


An error has occurred.  Information about the error has been written to 
/home/rustenburg/.schrodinger/exceptions/error20180504-113021.txt 

Please contact help@schrodinger.com for assistance. Include error20180504-113021.txt and a description of what you were doing when the error occurred.
