Taking protonated structures from:
SM23_micro047_conf_1.dft_h.01.mae
SM23_micro047_conf_2.dft_h.01.mae
SM23_micro047_conf_3.dft_h.01.mae
SM23_micro047_conf_4.dft_h.01.mae
SM23_micro047_conf_5.dft_h.01.mae
Taking deprotonated structures from:
SM23_micro041_conf_1.dft.01.mae
SM23_micro041_conf_2.dft.01.mae
SM23_micro041_conf_3.dft.01.mae
SM23_micro041_conf_4.dft.01.mae
SM23_micro041_conf_5.dft.01.mae

Corrected results for 'protonated' structure in water:
pKa atom: 35

 # 	                  Shell                   	 pKa 	RMSD	 Contribution
---	------------------------------------------	-----	-----	--------------
1: 	secondary aniline                         	-17.99	0.275	    24.35%
2: 	Protonation of sp3-like aliphatic nitrogen	-15.75	1.715	    71.02%
3: 	Protonation of generic atom               	-15.13	2.264	     4.63%

 Final weighted pKa value is -16.27



