Command:    jaguar run pka.py -jobname jag_SM18_micro031_SM18_micro028 -PARALLEL 10 -WAIT -n -csrch -prot SM18_micro031.in -deprot SM18_micro028.in
Release:    2017-4
Exec:       /data/chodera/schrodinger/schrodinger2017-4-advanced/jaguar-v9.8/bin/Linux-x86_64
Host:       ls04
JobId:      ls04-3-5af456d2
JobDir:     /lila/data/chodera/schrodinger/tmpdir/rustenburg/jag_SM18_micro031_SM18_micro028.1
Date:       Thu May 10 10:27:33 2018

Contents of /lila/data/chodera/schrodinger/tmpdir/rustenburg/jag_SM18_micro031_SM18_micro028.1:
/lila/data/chodera/schrodinger/tmpdir/rustenburg/jag_SM18_micro031_SM18_micro028.1/SM18_micro031.mae
/lila/data/chodera/schrodinger/tmpdir/rustenburg/jag_SM18_micro031_SM18_micro028.1/SM18_micro028.mae
/lila/data/chodera/schrodinger/tmpdir/rustenburg/jag_SM18_micro031_SM18_micro028.1/ls04-3-5af456d2
/lila/data/chodera/schrodinger/tmpdir/rustenburg/jag_SM18_micro031_SM18_micro028.1/ls04-3-5af456d2.mpinodes
/lila/data/chodera/schrodinger/tmpdir/rustenburg/jag_SM18_micro031_SM18_micro028.1/jag_SM18_micro031_SM18_micro028.log
/lila/data/chodera/schrodinger/tmpdir/rustenburg/jag_SM18_micro031_SM18_micro028.1/jag_SM18_micro031_SM18_micro028.recover
/lila/data/chodera/schrodinger/tmpdir/rustenburg/jag_SM18_micro031_SM18_micro028.1/ls04-3-5af456d2.recover
/lila/data/chodera/schrodinger/tmpdir/rustenburg/jag_SM18_micro031_SM18_micro028.1/SM18_micro028.in
/lila/data/chodera/schrodinger/tmpdir/rustenburg/jag_SM18_micro031_SM18_micro028.1/SM18_micro031.in

=====================
 Jaguar pKa workflow
=====================

Analysing user-provided (prot, deprot) pair:
(SM18_micro031.in, SM18_micro028.in)
Found labile hydrogen 32 in SM18_micro031.in
Found labile hydrogen at atom 11 in SM18_micro028.in
Adding 'ipkat' keyword to input files.

Identifying pKa functional group for pair:
(SM18_micro031, SM18_micro028)

Executing subprocess:
/data/chodera/schrodinger/schrodinger2017-4-advanced/jaguar-v9.8/bin/Linux-x86_64/pka -i -j SM18_micro031.tmp.jres -n

Taking protonated structures from:
SM18_micro031.mae
Taking deprotonated structures from:
SM18_micro028.mae

This molecule from 'SM18_micro031.mae' in water was recognized as:

 # 	           Shell           
---	---------------------------
1: 	Protonation of generic atom


Executing conformational search...

Executing 2 distributed subjobs:
---------------------------------

No more than 8 cpu(s) will be used per subjob.
No more than 10 cpu(s) will be used simultaneously.

Processing the following subjobs:
(1) jaguar run csrch.py SM18_micro031.mae -jobname SM18_micro031 -max_conf 5 -erg_window 50.208 -acc_level 1 -TPP 5
(2) jaguar run csrch.py SM18_micro028.mae -jobname SM18_micro028 -max_conf 5 -erg_window 50.208 -acc_level 1 -TPP 5

Running subjobs on hosts:
  localhost (Max: 2)
Number of jobs:       2
Max retries per job:  3
Max allowed failures: unlimited
Run with -LOCAL:      False
Verbosity:            normal

Starting JobDJ...

Keep one job on driver host: False
JobDJ columns:
  C: Number of completed subjobs
  A: Number of active subjobs (e.g., submitted, running)
  W: Number of waiting/pending subjobs

C A W | Activity  JobId  JobName  JobHost
- - - | --------- -----------------------
0 1 1 | launched  ls04-2-5af456da SM18_micro031 localhost [ls04]
0 2 0 | launched  ls04-2-5af456dd SM18_micro028 localhost [ls04]
1 1 0 | finished  ls04-2-5af456dd SM18_micro028 localhost [ls04]
2 0 0 | finished  ls04-2-5af456da SM18_micro031 localhost [ls04]

All jobs have completed.

2 of 2 job(s) succeeded; 0 job(s) failed.

Timer (distribute subjobs) : 1691.74 secs (0 hrs, 28 mins, 11 secs)

Setting up QM workflow for (protonated, deprotonated) pair:
(1) (SM18_micro031, SM18_micro028)

Executing Jaguar quantum-mechanical subjobs...

Executing 10 distributed subjobs:
----------------------------------

No more than 8 cpu(s) will be used per subjob.
No more than 10 cpu(s) will be used simultaneously.

Processing the following subjobs:
(1) jaguar run pka_prot.bat -jobname SM18_micro031_conf_1 SM18_micro031_conf_1.in
(2) jaguar run pka_prot.bat -jobname SM18_micro031_conf_2 SM18_micro031_conf_2.in
(3) jaguar run pka_prot.bat -jobname SM18_micro031_conf_3 SM18_micro031_conf_3.in
(4) jaguar run pka_prot.bat -jobname SM18_micro031_conf_4 SM18_micro031_conf_4.in
(5) jaguar run pka_prot.bat -jobname SM18_micro031_conf_5 SM18_micro031_conf_5.in
(6) jaguar run pka_deprot.bat -jobname SM18_micro028_conf_1 SM18_micro028_conf_1.in
(7) jaguar run pka_deprot.bat -jobname SM18_micro028_conf_2 SM18_micro028_conf_2.in
(8) jaguar run pka_deprot.bat -jobname SM18_micro028_conf_3 SM18_micro028_conf_3.in
(9) jaguar run pka_deprot.bat -jobname SM18_micro028_conf_4 SM18_micro028_conf_4.in
(10) jaguar run pka_deprot.bat -jobname SM18_micro028_conf_5 SM18_micro028_conf_5.in

Running subjobs on hosts:
  localhost (Max: 10)
Number of jobs:       10
Max retries per job:  3
Max allowed failures: unlimited
Run with -LOCAL:      False
Verbosity:            normal

Starting JobDJ...

Keep one job on driver host: False
JobDJ columns:
  C: Number of completed subjobs
  A: Number of active subjobs (e.g., submitted, running)
  W: Number of waiting/pending subjobs

 C  A  W | Activity  JobId  JobName  JobHost
-- -- -- | --------- -----------------------
 0  1  9 | launched  ls04-0-5af45d7e SM18_micro031_conf_1 localhost [ls04]
 0  2  8 | launched  ls04-0-5af45d80 SM18_micro031_conf_2 localhost [ls04]
 0  3  7 | launched  ls04-1-5af45d82 SM18_micro031_conf_3 localhost [ls04]
 0  4  6 | launched  ls04-0-5af45d85 SM18_micro031_conf_4 localhost [ls04]
 0  5  5 | launched  ls04-1-5af45d87 SM18_micro031_conf_5 localhost [ls04]
 0  6  4 | launched  ls04-1-5af45d8c SM18_micro028_conf_1 localhost [ls04]
 0  7  3 | launched  ls04-0-5af45d8f SM18_micro028_conf_2 localhost [ls04]
 0  8  2 | launched  ls04-0-5af45d91 SM18_micro028_conf_3 localhost [ls04]
 0  9  1 | launched  ls04-0-5af45d94 SM18_micro028_conf_4 localhost [ls04]
 0 10  0 | launched  ls04-1-5af45d96 SM18_micro028_conf_5 localhost [ls04]
 1  9  0 | finished  ls04-1-5af45d96 SM18_micro028_conf_5 localhost [ls04]
 2  8  0 | finished  ls04-0-5af45d85 SM18_micro031_conf_4 localhost [ls04]
 3  7  0 | finished  ls04-1-5af45d8c SM18_micro028_conf_1 localhost [ls04]
 4  6  0 | finished  ls04-0-5af45d80 SM18_micro031_conf_2 localhost [ls04]
 5  5  0 | finished  ls04-1-5af45d82 SM18_micro031_conf_3 localhost [ls04]
 6  4  0 | finished  ls04-0-5af45d7e SM18_micro031_conf_1 localhost [ls04]
 7  3  0 | finished  ls04-1-5af45d87 SM18_micro031_conf_5 localhost [ls04]
 8  2  0 | finished  ls04-0-5af45d91 SM18_micro028_conf_3 localhost [ls04]
 9  1  0 | finished  ls04-0-5af45d94 SM18_micro028_conf_4 localhost [ls04]
10  0  0 | finished  ls04-0-5af45d8f SM18_micro028_conf_2 localhost [ls04]

All jobs have completed.

10 of 10 job(s) succeeded; 0 job(s) failed.

Timer (distribute subjobs) : 19759.46 secs (5 hrs, 29 mins, 19 secs)

Processing QM output files...

Executing subprocess:
/data/chodera/schrodinger/schrodinger2017-4-advanced/jaguar results -energy SM18_micro031_conf_1.nrg_h.out

Executing subprocess:
/data/chodera/schrodinger/schrodinger2017-4-advanced/jaguar results -esolv SM18_micro031_conf_1.sol_h.out

Executing subprocess:
/data/chodera/schrodinger/schrodinger2017-4-advanced/jaguar results -energy SM18_micro031_conf_2.nrg_h.out

Executing subprocess:
/data/chodera/schrodinger/schrodinger2017-4-advanced/jaguar results -esolv SM18_micro031_conf_2.sol_h.out

Executing subprocess:
/data/chodera/schrodinger/schrodinger2017-4-advanced/jaguar results -energy SM18_micro031_conf_3.nrg_h.out

Executing subprocess:
/data/chodera/schrodinger/schrodinger2017-4-advanced/jaguar results -esolv SM18_micro031_conf_3.sol_h.out

Executing subprocess:
/data/chodera/schrodinger/schrodinger2017-4-advanced/jaguar results -energy SM18_micro031_conf_4.nrg_h.out

Executing subprocess:
/data/chodera/schrodinger/schrodinger2017-4-advanced/jaguar results -esolv SM18_micro031_conf_4.sol_h.out

Executing subprocess:
/data/chodera/schrodinger/schrodinger2017-4-advanced/jaguar results -energy SM18_micro031_conf_5.nrg_h.out

Executing subprocess:
/data/chodera/schrodinger/schrodinger2017-4-advanced/jaguar results -esolv SM18_micro031_conf_5.sol_h.out

Executing subprocess:
/data/chodera/schrodinger/schrodinger2017-4-advanced/jaguar results -energy SM18_micro028_conf_1.nrg.out

Executing subprocess:
/data/chodera/schrodinger/schrodinger2017-4-advanced/jaguar results -esolv SM18_micro028_conf_1.sol.out

Executing subprocess:
/data/chodera/schrodinger/schrodinger2017-4-advanced/jaguar results -energy SM18_micro028_conf_2.nrg.out

Executing subprocess:
/data/chodera/schrodinger/schrodinger2017-4-advanced/jaguar results -esolv SM18_micro028_conf_2.sol.out

Executing subprocess:
/data/chodera/schrodinger/schrodinger2017-4-advanced/jaguar results -energy SM18_micro028_conf_3.nrg.out

Executing subprocess:
/data/chodera/schrodinger/schrodinger2017-4-advanced/jaguar results -esolv SM18_micro028_conf_3.sol.out

Executing subprocess:
/data/chodera/schrodinger/schrodinger2017-4-advanced/jaguar results -energy SM18_micro028_conf_4.nrg.out

Executing subprocess:
/data/chodera/schrodinger/schrodinger2017-4-advanced/jaguar results -esolv SM18_micro028_conf_4.sol.out

Executing subprocess:
/data/chodera/schrodinger/schrodinger2017-4-advanced/jaguar results -energy SM18_micro028_conf_5.nrg.out

Executing subprocess:
/data/chodera/schrodinger/schrodinger2017-4-advanced/jaguar results -esolv SM18_micro028_conf_5.sol.out

Executing subprocess:
/data/chodera/schrodinger/schrodinger2017-4-advanced/jaguar-v9.8/bin/Linux-x86_64/pka -o SM18_micro031_deprot-out.mae -j SM18_micro031.jres -n -d

Executing subprocess:
/data/chodera/schrodinger/schrodinger2017-4-advanced/jaguar-v9.8/bin/Linux-x86_64/pka -o SM18_micro031_prot-out.mae -j SM18_micro031.jres -n

pKa calculation for SM18_micro031 completed.

pKa workflow jag_SM18_micro031_SM18_micro028 completed.

Timer (Jaguar pKa) : 21518.50 secs (5 hrs, 58 mins, 38 secs)
Timer (jaguar_backend.py) : 21518.50 secs (5 hrs, 58 mins, 38 secs)
Finished:   Thu May 10 16:26:11 2018
