Taking protonated structures from:
SM24_micro033_conf_1.dft_h.01.mae
SM24_micro033_conf_2.dft_h.01.mae
SM24_micro033_conf_3.dft_h.01.mae
SM24_micro033_conf_4.dft_h.01.mae
SM24_micro033_conf_5.dft_h.01.mae
Taking deprotonated structures from:
SM24_micro030_conf_1.dft.01.mae
SM24_micro030_conf_2.dft.01.mae
SM24_micro030_conf_3.dft.01.mae
SM24_micro030_conf_4.dft.01.mae
SM24_micro030_conf_5.dft.01.mae

Corrected results for 'protonated' structure in water:
pKa atom: 52

 # 	            Shell             	 pKa 	RMSD	 Contribution
---	------------------------------	-----	-----	--------------
1: 	alcohol                       	 5.16	0.231	    97.65%
2: 	Protonation of generic atom   	-6.22	2.264	     0.80%
3: 	Protonation of sp2-like oxygen	-4.59	2.568	     1.55%

 Final weighted pKa value is 4.92



