Command:    jaguar run pka.py -jobname jag_SM17_micro011_SM17_micro010 -PARALLEL 10 -n -csrch -prot SM17_micro011.in -deprot SM17_micro010.in
Release:    2017-4
Exec:       /data/chodera/schrodinger/schrodinger2017-4-advanced/jaguar-v9.8/bin/Linux-x86_64
Host:       lt14
JobId:      lilac-0-5aeca969
JobDir:     /lila/data/chodera/schrodinger/tmpdir/rustenburg/jag_SM17_micro011_SM17_micro010
Date:       Fri May  4 14:47:33 2018

Contents of /lila/data/chodera/schrodinger/tmpdir/rustenburg/jag_SM17_micro011_SM17_micro010:
/lila/data/chodera/schrodinger/tmpdir/rustenburg/jag_SM17_micro011_SM17_micro010/SM17_micro011.mae
/lila/data/chodera/schrodinger/tmpdir/rustenburg/jag_SM17_micro011_SM17_micro010/lilac-0-5aeca969
/lila/data/chodera/schrodinger/tmpdir/rustenburg/jag_SM17_micro011_SM17_micro010/lilac-0-5aeca969.jlog
/lila/data/chodera/schrodinger/tmpdir/rustenburg/jag_SM17_micro011_SM17_micro010/SM17_micro010.in
/lila/data/chodera/schrodinger/tmpdir/rustenburg/jag_SM17_micro011_SM17_micro010/lilac-0-5aeca969.mpinodes
/lila/data/chodera/schrodinger/tmpdir/rustenburg/jag_SM17_micro011_SM17_micro010/lilac-0-5aeca969.hosts
/lila/data/chodera/schrodinger/tmpdir/rustenburg/jag_SM17_micro011_SM17_micro010/jag_SM17_micro011_SM17_micro010.recover
/lila/data/chodera/schrodinger/tmpdir/rustenburg/jag_SM17_micro011_SM17_micro010/SM17_micro010.mae
/lila/data/chodera/schrodinger/tmpdir/rustenburg/jag_SM17_micro011_SM17_micro010/SM17_micro011.in
/lila/data/chodera/schrodinger/tmpdir/rustenburg/jag_SM17_micro011_SM17_micro010/lilac-0-5aeca969.recover
/lila/data/chodera/schrodinger/tmpdir/rustenburg/jag_SM17_micro011_SM17_micro010/jag_SM17_micro011_SM17_micro010.log
/lila/data/chodera/schrodinger/tmpdir/rustenburg/jag_SM17_micro011_SM17_micro010/lilac-0-5aeca969.nodes

=====================
 Jaguar pKa workflow
=====================

Analysing user-provided (prot, deprot) pair:
(SM17_micro011.in, SM17_micro010.in)
Found labile hydrogen 20 in SM17_micro011.in
Found labile hydrogen at atom 17 in SM17_micro010.in
Adding 'ipkat' keyword to input files.

Identifying pKa functional group for pair:
(SM17_micro011, SM17_micro010)

Executing subprocess:
/data/chodera/schrodinger/schrodinger2017-4-advanced/jaguar-v9.8/bin/Linux-x86_64/pka -i -j SM17_micro011.tmp.jres -n

Taking protonated structures from:
SM17_micro011.mae
Taking deprotonated structures from:
SM17_micro010.mae

This molecule from 'SM17_micro011.mae' in water was recognized as:

 # 	           Shell           
---	---------------------------
1: 	pyridine                   
2: 	heterocycle custom 1       
3: 	heterocycle                
4: 	Protonation of generic atom


Executing conformational search...

Executing 2 distributed subjobs:
---------------------------------

No more than 8 cpu(s) will be used per subjob.
No more than 10 cpu(s) will be used simultaneously.

Processing the following subjobs:
(1) jaguar run csrch.py SM17_micro011.mae -jobname SM17_micro011 -max_conf 5 -erg_window 50.208 -acc_level 1 -TPP 5
(2) jaguar run csrch.py SM17_micro010.mae -jobname SM17_micro010 -max_conf 5 -erg_window 50.208 -acc_level 1 -TPP 5

Running subjobs on hosts:
  lsf-cpu (Max: 2)
Number of jobs:       2
Max retries per job:  3
Max allowed failures: unlimited
Run with -LOCAL:      False
Verbosity:            normal

Starting JobDJ...

Keep one job on driver host: False
JobDJ columns:
  C: Number of completed subjobs
  A: Number of active subjobs (e.g., submitted, running)
  W: Number of waiting/pending subjobs

C A W | Activity  JobId  JobName  JobHost
- - - | --------- -----------------------
0 1 1 | launched  lt14-0-5aecaacc SM17_micro011 lsf-cpu
0 2 0 | launched  lt14-0-5aecaacf SM17_micro010 lsf-cpu
1 1 0 | finished  lt14-0-5aecaacf SM17_micro010 lsf-cpu [lt04]
2 0 0 | finished  lt14-0-5aecaacc SM17_micro011 lsf-cpu [lt02]

All jobs have completed.

2 of 2 job(s) succeeded; 0 job(s) failed.

Timer (distribute subjobs) : 2682.53 secs (0 hrs, 44 mins, 42 secs)

Setting up QM workflow for (protonated, deprotonated) pair:
(1) (SM17_micro011, SM17_micro010)

Executing Jaguar quantum-mechanical subjobs...

Executing 10 distributed subjobs:
----------------------------------

No more than 8 cpu(s) will be used per subjob.
No more than 10 cpu(s) will be used simultaneously.

Processing the following subjobs:
(1) jaguar run pka_prot.bat -jobname SM17_micro011_conf_1 SM17_micro011_conf_1.in
(2) jaguar run pka_prot.bat -jobname SM17_micro011_conf_2 SM17_micro011_conf_2.in
(3) jaguar run pka_prot.bat -jobname SM17_micro011_conf_3 SM17_micro011_conf_3.in
(4) jaguar run pka_prot.bat -jobname SM17_micro011_conf_4 SM17_micro011_conf_4.in
(5) jaguar run pka_prot.bat -jobname SM17_micro011_conf_5 SM17_micro011_conf_5.in
(6) jaguar run pka_deprot.bat -jobname SM17_micro010_conf_1 SM17_micro010_conf_1.in
(7) jaguar run pka_deprot.bat -jobname SM17_micro010_conf_2 SM17_micro010_conf_2.in
(8) jaguar run pka_deprot.bat -jobname SM17_micro010_conf_3 SM17_micro010_conf_3.in
(9) jaguar run pka_deprot.bat -jobname SM17_micro010_conf_4 SM17_micro010_conf_4.in
(10) jaguar run pka_deprot.bat -jobname SM17_micro010_conf_5 SM17_micro010_conf_5.in

Running subjobs on hosts:
  lsf-cpu (Max: 10)
Number of jobs:       10
Max retries per job:  3
Max allowed failures: unlimited
Run with -LOCAL:      False
Verbosity:            normal

Starting JobDJ...

Keep one job on driver host: True
JobDJ columns:
  C: Number of completed subjobs
  A: Number of active subjobs (e.g., submitted, running)
  W: Number of waiting/pending subjobs

 C  A  W | Activity  JobId  JobName  JobHost
-- -- -- | --------- -----------------------
 0  1  9 | launched  lt14-0-5aecb54b SM17_micro011_conf_1 localhost [lt14]
 0  2  8 | launched  lt14-0-5aecb54e SM17_micro011_conf_2 lsf-cpu
 0  3  7 | launched  lt14-0-5aecb565 SM17_micro011_conf_3 lsf-cpu
 0  4  6 | launched  lt14-0-5aecb569 SM17_micro011_conf_4 lsf-cpu
 0  5  5 | launched  lt14-0-5aecb56e SM17_micro011_conf_5 lsf-cpu
 0  6  4 | launched  lt14-0-5aecb572 SM17_micro010_conf_1 lsf-cpu
 0  7  3 | launched  lt14-0-5aecb576 SM17_micro010_conf_2 lsf-cpu
 0  8  2 | launched  lt14-0-5aecb57a SM17_micro010_conf_3 lsf-cpu
 0  9  1 | launched  lt14-0-5aecb57e SM17_micro010_conf_4 lsf-cpu
 0 10  0 | launched  lt14-0-5aecb582 SM17_micro010_conf_5 lsf-cpu
 1  9  0 | finished  lt14-0-5aecb54b SM17_micro011_conf_1 localhost [lt14]
 1  9  0 | launched  lt14-0-5aecb8b5 SM17_micro010_conf_5 localhost [lt14]
 2  8  0 | finished  lt14-0-5aecb8b5 SM17_micro010_conf_5 localhost [lt14]
 2  8  0 | launched  lt14-0-5aecc173 SM17_micro010_conf_4 localhost [lt14]
 3  7  0 | finished  lt14-0-5aecc173 SM17_micro010_conf_4 localhost [lt14]
 4  6  0 | finished  lt14-0-5aecb54e SM17_micro011_conf_2 lsf-cpu [ls18]
 5  5  0 | finished  lt14-0-5aecb572 SM17_micro010_conf_1 lsf-cpu [lt09]
 6  4  0 | finished  lt14-0-5aecb576 SM17_micro010_conf_2 lsf-cpu [lt14]
 7  3  0 | finished  lt14-0-5aecb565 SM17_micro011_conf_3 lsf-cpu [lt14]
 8  2  0 | finished  lt14-0-5aecb57a SM17_micro010_conf_3 lsf-cpu [lt14]
 9  1  0 | finished  lt14-0-5aecb569 SM17_micro011_conf_4 lsf-cpu [lt14]
10  0  0 | finished  lt14-0-5aecb56e SM17_micro011_conf_5 lsf-cpu [lt14]

All jobs have completed.

10 of 10 job(s) succeeded; 0 job(s) failed.

Timer (distribute subjobs) : 5908.47 secs (1 hrs, 38 mins, 28 secs)

Processing QM output files...

Executing subprocess:
/data/chodera/schrodinger/schrodinger2017-4-advanced/jaguar results -energy SM17_micro011_conf_1.nrg_h.out

Executing subprocess:
/data/chodera/schrodinger/schrodinger2017-4-advanced/jaguar results -esolv SM17_micro011_conf_1.sol_h.out

Executing subprocess:
/data/chodera/schrodinger/schrodinger2017-4-advanced/jaguar results -energy SM17_micro011_conf_2.nrg_h.out

Executing subprocess:
/data/chodera/schrodinger/schrodinger2017-4-advanced/jaguar results -esolv SM17_micro011_conf_2.sol_h.out

Executing subprocess:
/data/chodera/schrodinger/schrodinger2017-4-advanced/jaguar results -energy SM17_micro011_conf_3.nrg_h.out

Executing subprocess:
/data/chodera/schrodinger/schrodinger2017-4-advanced/jaguar results -esolv SM17_micro011_conf_3.sol_h.out

Executing subprocess:
/data/chodera/schrodinger/schrodinger2017-4-advanced/jaguar results -energy SM17_micro011_conf_4.nrg_h.out

Executing subprocess:
/data/chodera/schrodinger/schrodinger2017-4-advanced/jaguar results -esolv SM17_micro011_conf_4.sol_h.out

Executing subprocess:
/data/chodera/schrodinger/schrodinger2017-4-advanced/jaguar results -energy SM17_micro011_conf_5.nrg_h.out

Executing subprocess:
/data/chodera/schrodinger/schrodinger2017-4-advanced/jaguar results -esolv SM17_micro011_conf_5.sol_h.out

Executing subprocess:
/data/chodera/schrodinger/schrodinger2017-4-advanced/jaguar results -energy SM17_micro010_conf_1.nrg.out

Executing subprocess:
/data/chodera/schrodinger/schrodinger2017-4-advanced/jaguar results -esolv SM17_micro010_conf_1.sol.out

Executing subprocess:
/data/chodera/schrodinger/schrodinger2017-4-advanced/jaguar results -energy SM17_micro010_conf_2.nrg.out

Executing subprocess:
/data/chodera/schrodinger/schrodinger2017-4-advanced/jaguar results -esolv SM17_micro010_conf_2.sol.out

Executing subprocess:
/data/chodera/schrodinger/schrodinger2017-4-advanced/jaguar results -energy SM17_micro010_conf_3.nrg.out

Executing subprocess:
/data/chodera/schrodinger/schrodinger2017-4-advanced/jaguar results -esolv SM17_micro010_conf_3.sol.out

Executing subprocess:
/data/chodera/schrodinger/schrodinger2017-4-advanced/jaguar results -energy SM17_micro010_conf_4.nrg.out

Executing subprocess:
/data/chodera/schrodinger/schrodinger2017-4-advanced/jaguar results -esolv SM17_micro010_conf_4.sol.out

Executing subprocess:
/data/chodera/schrodinger/schrodinger2017-4-advanced/jaguar results -energy SM17_micro010_conf_5.nrg.out

Executing subprocess:
/data/chodera/schrodinger/schrodinger2017-4-advanced/jaguar results -esolv SM17_micro010_conf_5.sol.out

Executing subprocess:
/data/chodera/schrodinger/schrodinger2017-4-advanced/jaguar-v9.8/bin/Linux-x86_64/pka -o SM17_micro011_deprot-out.mae -j SM17_micro011.jres -n -d

Executing subprocess:
/data/chodera/schrodinger/schrodinger2017-4-advanced/jaguar-v9.8/bin/Linux-x86_64/pka -o SM17_micro011_prot-out.mae -j SM17_micro011.jres -n

pKa calculation for SM17_micro011 completed.

pKa workflow jag_SM17_micro011_SM17_micro010 completed.

Timer (Jaguar pKa) : 8722.38 secs (2 hrs, 25 mins, 22 secs)
Timer (jaguar_backend.py) : 8722.38 secs (2 hrs, 25 mins, 22 secs)
Finished:   Fri May  4 17:12:55 2018
