Command:    jaguar run pka.py -jobname jag_SM24_micro011_SM24_micro007 -PARALLEL 10 -n -csrch -prot SM24_micro011.in -deprot SM24_micro007.in
Release:    2017-4
Exec:       /data/chodera/schrodinger/schrodinger2017-4-advanced/jaguar-v9.8/bin/Linux-x86_64
Host:       ls17
JobId:      lilac-0-5aecd576
JobDir:     /lila/data/chodera/schrodinger/tmpdir/rustenburg/jag_SM24_micro011_SM24_micro007
Date:       Fri May  4 19:23:01 2018

Contents of /lila/data/chodera/schrodinger/tmpdir/rustenburg/jag_SM24_micro011_SM24_micro007:
/lila/data/chodera/schrodinger/tmpdir/rustenburg/jag_SM24_micro011_SM24_micro007/lilac-0-5aecd576.nodes
/lila/data/chodera/schrodinger/tmpdir/rustenburg/jag_SM24_micro011_SM24_micro007/jag_SM24_micro011_SM24_micro007.recover
/lila/data/chodera/schrodinger/tmpdir/rustenburg/jag_SM24_micro011_SM24_micro007/lilac-0-5aecd576
/lila/data/chodera/schrodinger/tmpdir/rustenburg/jag_SM24_micro011_SM24_micro007/SM24_micro007.in
/lila/data/chodera/schrodinger/tmpdir/rustenburg/jag_SM24_micro011_SM24_micro007/SM24_micro011.mae
/lila/data/chodera/schrodinger/tmpdir/rustenburg/jag_SM24_micro011_SM24_micro007/SM24_micro011.in
/lila/data/chodera/schrodinger/tmpdir/rustenburg/jag_SM24_micro011_SM24_micro007/lilac-0-5aecd576.hosts
/lila/data/chodera/schrodinger/tmpdir/rustenburg/jag_SM24_micro011_SM24_micro007/jag_SM24_micro011_SM24_micro007.log
/lila/data/chodera/schrodinger/tmpdir/rustenburg/jag_SM24_micro011_SM24_micro007/lilac-0-5aecd576.mpinodes
/lila/data/chodera/schrodinger/tmpdir/rustenburg/jag_SM24_micro011_SM24_micro007/lilac-0-5aecd576.jlog
/lila/data/chodera/schrodinger/tmpdir/rustenburg/jag_SM24_micro011_SM24_micro007/lilac-0-5aecd576.recover
/lila/data/chodera/schrodinger/tmpdir/rustenburg/jag_SM24_micro011_SM24_micro007/SM24_micro007.mae

=====================
 Jaguar pKa workflow
=====================

Analysing user-provided (prot, deprot) pair:
(SM24_micro011.in, SM24_micro007.in)
Found labile hydrogen 31 in SM24_micro011.in
Found labile hydrogen at atom 26 in SM24_micro007.in
Adding 'ipkat' keyword to input files.

Identifying pKa functional group for pair:
(SM24_micro011, SM24_micro007)

Executing subprocess:
/data/chodera/schrodinger/schrodinger2017-4-advanced/jaguar-v9.8/bin/Linux-x86_64/pka -i -j SM24_micro011.tmp.jres -n

Taking protonated structures from:
SM24_micro011.mae
Taking deprotonated structures from:
SM24_micro007.mae

This molecule from 'SM24_micro011.mae' in water was recognized as:

 # 	                  Shell                   
---	------------------------------------------
1: 	RN=Het                                    
2: 	Protonation of sp2-like aliphatic nitrogen
3: 	Protonation of generic atom               


Executing conformational search...

Executing 2 distributed subjobs:
---------------------------------

No more than 8 cpu(s) will be used per subjob.
No more than 10 cpu(s) will be used simultaneously.

Processing the following subjobs:
(1) jaguar run csrch.py SM24_micro011.mae -jobname SM24_micro011 -max_conf 5 -erg_window 50.208 -acc_level 1 -TPP 5
(2) jaguar run csrch.py SM24_micro007.mae -jobname SM24_micro007 -max_conf 5 -erg_window 50.208 -acc_level 1 -TPP 5

Running subjobs on hosts:
  lsf-cpu (Max: 2)
Number of jobs:       2
Max retries per job:  3
Max allowed failures: unlimited
Run with -LOCAL:      False
Verbosity:            normal

Starting JobDJ...

Keep one job on driver host: False
JobDJ columns:
  C: Number of completed subjobs
  A: Number of active subjobs (e.g., submitted, running)
  W: Number of waiting/pending subjobs

C A W | Activity  JobId  JobName  JobHost
- - - | --------- -----------------------
0 1 1 | launched  ls17-7-5aeceb66 SM24_micro011 lsf-cpu
0 2 0 | launched  ls17-1-5aeceb70 SM24_micro007 lsf-cpu
1 1 0 | finished  ls17-7-5aeceb66 SM24_micro011 lsf-cpu [lt22]
2 0 0 | finished  ls17-1-5aeceb70 SM24_micro007 lsf-cpu [lt14]

All jobs have completed.

2 of 2 job(s) succeeded; 0 job(s) failed.

Timer (distribute subjobs) : 9397.81 secs (2 hrs, 36 mins, 37 secs)

Setting up QM workflow for (protonated, deprotonated) pair:
(1) (SM24_micro011, SM24_micro007)

Executing Jaguar quantum-mechanical subjobs...

Executing 10 distributed subjobs:
----------------------------------

No more than 8 cpu(s) will be used per subjob.
No more than 10 cpu(s) will be used simultaneously.

Processing the following subjobs:
(1) jaguar run pka_prot.bat -jobname SM24_micro011_conf_1 SM24_micro011_conf_1.in
(2) jaguar run pka_prot.bat -jobname SM24_micro011_conf_2 SM24_micro011_conf_2.in
(3) jaguar run pka_prot.bat -jobname SM24_micro011_conf_3 SM24_micro011_conf_3.in
(4) jaguar run pka_prot.bat -jobname SM24_micro011_conf_4 SM24_micro011_conf_4.in
(5) jaguar run pka_prot.bat -jobname SM24_micro011_conf_5 SM24_micro011_conf_5.in
(6) jaguar run pka_deprot.bat -jobname SM24_micro007_conf_1 SM24_micro007_conf_1.in
(7) jaguar run pka_deprot.bat -jobname SM24_micro007_conf_2 SM24_micro007_conf_2.in
(8) jaguar run pka_deprot.bat -jobname SM24_micro007_conf_3 SM24_micro007_conf_3.in
(9) jaguar run pka_deprot.bat -jobname SM24_micro007_conf_4 SM24_micro007_conf_4.in
(10) jaguar run pka_deprot.bat -jobname SM24_micro007_conf_5 SM24_micro007_conf_5.in

Running subjobs on hosts:
  lsf-cpu (Max: 10)
Number of jobs:       10
Max retries per job:  3
Max allowed failures: unlimited
Run with -LOCAL:      False
Verbosity:            normal

Starting JobDJ...

Keep one job on driver host: True
JobDJ columns:
  C: Number of completed subjobs
  A: Number of active subjobs (e.g., submitted, running)
  W: Number of waiting/pending subjobs

 C  A  W | Activity  JobId  JobName  JobHost
-- -- -- | --------- -----------------------
 0  1  9 | launched  ls17-0-5aed1028 SM24_micro011_conf_1 localhost [ls17]
 0  2  8 | launched  ls17-0-5aed103c SM24_micro011_conf_2 lsf-cpu
 0  3  7 | launched  ls17-1-5aed104a SM24_micro011_conf_3 lsf-cpu
 0  4  6 | launched  ls17-0-5aed1059 SM24_micro011_conf_4 lsf-cpu
 0  5  5 | launched  ls17-0-5aed1063 SM24_micro011_conf_5 lsf-cpu
 0  6  4 | launched  ls17-0-5aed106f SM24_micro007_conf_1 lsf-cpu
 0  7  3 | launched  ls17-0-5aed1085 SM24_micro007_conf_2 lsf-cpu
 0  8  2 | launched  ls17-0-5aed1098 SM24_micro007_conf_3 lsf-cpu
 0  9  1 | launched  ls17-0-5aed10a4 SM24_micro007_conf_4 lsf-cpu
 0 10  0 | launched  ls17-0-5aed10af SM24_micro007_conf_5 lsf-cpu
