Command:    jaguar run pka.py -jobname jag_SM18_micro061_SM18_micro011 -PARALLEL 10 -n -csrch -prot SM18_micro061.in -deprot SM18_micro011.in
Release:    2017-4
Exec:       /data/chodera/schrodinger/schrodinger2017-4-advanced/jaguar-v9.8/bin/Linux-x86_64
Host:       ls12
JobId:      lilac-0-5aecae96
JobDir:     /lila/data/chodera/schrodinger/tmpdir/rustenburg/jag_SM18_micro061_SM18_micro011
Date:       Fri May  4 15:14:32 2018

Contents of /lila/data/chodera/schrodinger/tmpdir/rustenburg/jag_SM18_micro061_SM18_micro011:
/lila/data/chodera/schrodinger/tmpdir/rustenburg/jag_SM18_micro061_SM18_micro011/lilac-0-5aecae96.jlog
/lila/data/chodera/schrodinger/tmpdir/rustenburg/jag_SM18_micro061_SM18_micro011/lilac-0-5aecae96.mpinodes
/lila/data/chodera/schrodinger/tmpdir/rustenburg/jag_SM18_micro061_SM18_micro011/lilac-0-5aecae96
/lila/data/chodera/schrodinger/tmpdir/rustenburg/jag_SM18_micro061_SM18_micro011/lilac-0-5aecae96.recover
/lila/data/chodera/schrodinger/tmpdir/rustenburg/jag_SM18_micro061_SM18_micro011/jag_SM18_micro061_SM18_micro011.log
/lila/data/chodera/schrodinger/tmpdir/rustenburg/jag_SM18_micro061_SM18_micro011/lilac-0-5aecae96.hosts
/lila/data/chodera/schrodinger/tmpdir/rustenburg/jag_SM18_micro061_SM18_micro011/SM18_micro061.mae
/lila/data/chodera/schrodinger/tmpdir/rustenburg/jag_SM18_micro061_SM18_micro011/SM18_micro011.mae
/lila/data/chodera/schrodinger/tmpdir/rustenburg/jag_SM18_micro061_SM18_micro011/jag_SM18_micro061_SM18_micro011.recover
/lila/data/chodera/schrodinger/tmpdir/rustenburg/jag_SM18_micro061_SM18_micro011/SM18_micro011.in
/lila/data/chodera/schrodinger/tmpdir/rustenburg/jag_SM18_micro061_SM18_micro011/lilac-0-5aecae96.nodes
/lila/data/chodera/schrodinger/tmpdir/rustenburg/jag_SM18_micro061_SM18_micro011/SM18_micro061.in

=====================
 Jaguar pKa workflow
=====================

Analysing user-provided (prot, deprot) pair:
(SM18_micro061.in, SM18_micro011.in)
Found labile hydrogen 31 in SM18_micro061.in
Found labile hydrogen at atom 18 in SM18_micro011.in
Adding 'ipkat' keyword to input files.

Identifying pKa functional group for pair:
(SM18_micro061, SM18_micro011)

Executing subprocess:
/data/chodera/schrodinger/schrodinger2017-4-advanced/jaguar-v9.8/bin/Linux-x86_64/pka -i -j SM18_micro061.tmp.jres -n

Taking protonated structures from:
SM18_micro061.mae
Taking deprotonated structures from:
SM18_micro011.mae

This molecule from 'SM18_micro061.mae' in water was recognized as:

 # 	                  Shell                   
---	------------------------------------------
1: 	imine                                     
2: 	Protonation of sp2-like aliphatic nitrogen
3: 	Protonation of generic atom               


Executing conformational search...

Executing 2 distributed subjobs:
---------------------------------

No more than 8 cpu(s) will be used per subjob.
No more than 10 cpu(s) will be used simultaneously.

Processing the following subjobs:
(1) jaguar run csrch.py SM18_micro061.mae -jobname SM18_micro061 -max_conf 5 -erg_window 50.208 -acc_level 1 -TPP 5
(2) jaguar run csrch.py SM18_micro011.mae -jobname SM18_micro011 -max_conf 5 -erg_window 50.208 -acc_level 1 -TPP 5

Running subjobs on hosts:
  lsf-cpu (Max: 2)
Number of jobs:       2
Max retries per job:  3
Max allowed failures: unlimited
Run with -LOCAL:      False
Verbosity:            normal

Starting JobDJ...

Keep one job on driver host: False
JobDJ columns:
  C: Number of completed subjobs
  A: Number of active subjobs (e.g., submitted, running)
  W: Number of waiting/pending subjobs

C A W | Activity  JobId  JobName  JobHost
- - - | --------- -----------------------
0 1 1 | launched  ls12-1-5aecb11f SM18_micro061 lsf-cpu
0 2 0 | launched  ls12-2-5aecb123 SM18_micro011 lsf-cpu
1 1 0 | finished  ls12-1-5aecb11f SM18_micro061 lsf-cpu [lt09]
2 0 0 | finished  ls12-2-5aecb123 SM18_micro011 lsf-cpu [ls16]

All jobs have completed.

2 of 2 job(s) succeeded; 0 job(s) failed.

Timer (distribute subjobs) : 3338.49 secs (0 hrs, 55 mins, 38 secs)

Setting up QM workflow for (protonated, deprotonated) pair:
(1) (SM18_micro061, SM18_micro011)

Executing Jaguar quantum-mechanical subjobs...

Executing 10 distributed subjobs:
----------------------------------

No more than 8 cpu(s) will be used per subjob.
No more than 10 cpu(s) will be used simultaneously.

Processing the following subjobs:
(1) jaguar run pka_prot.bat -jobname SM18_micro061_conf_1 SM18_micro061_conf_1.in
(2) jaguar run pka_prot.bat -jobname SM18_micro061_conf_2 SM18_micro061_conf_2.in
(3) jaguar run pka_prot.bat -jobname SM18_micro061_conf_3 SM18_micro061_conf_3.in
(4) jaguar run pka_prot.bat -jobname SM18_micro061_conf_4 SM18_micro061_conf_4.in
(5) jaguar run pka_prot.bat -jobname SM18_micro061_conf_5 SM18_micro061_conf_5.in
(6) jaguar run pka_deprot.bat -jobname SM18_micro011_conf_1 SM18_micro011_conf_1.in
(7) jaguar run pka_deprot.bat -jobname SM18_micro011_conf_2 SM18_micro011_conf_2.in
(8) jaguar run pka_deprot.bat -jobname SM18_micro011_conf_3 SM18_micro011_conf_3.in
(9) jaguar run pka_deprot.bat -jobname SM18_micro011_conf_4 SM18_micro011_conf_4.in
(10) jaguar run pka_deprot.bat -jobname SM18_micro011_conf_5 SM18_micro011_conf_5.in

Running subjobs on hosts:
  lsf-cpu (Max: 10)
Number of jobs:       10
Max retries per job:  3
Max allowed failures: unlimited
Run with -LOCAL:      False
Verbosity:            normal

Starting JobDJ...

Keep one job on driver host: True
JobDJ columns:
  C: Number of completed subjobs
  A: Number of active subjobs (e.g., submitted, running)
  W: Number of waiting/pending subjobs

 C  A  W | Activity  JobId  JobName  JobHost
-- -- -- | --------- -----------------------
 0  1  9 | launched  ls12-0-5aecbe2f SM18_micro061_conf_1 localhost [ls12]
 0  2  8 | launched  ls12-0-5aecbe35 SM18_micro061_conf_2 lsf-cpu
 0  3  7 | launched  ls12-0-5aecbe3a SM18_micro061_conf_3 lsf-cpu
 0  4  6 | launched  ls12-0-5aecbe3e SM18_micro061_conf_4 lsf-cpu
 0  5  5 | launched  ls12-0-5aecbe42 SM18_micro061_conf_5 lsf-cpu
 0  6  4 | launched  ls12-0-5aecbe47 SM18_micro011_conf_1 lsf-cpu
 0  7  3 | launched  ls12-0-5aecbe4f SM18_micro011_conf_2 lsf-cpu
 0  8  2 | launched  ls12-0-5aecbe53 SM18_micro011_conf_3 lsf-cpu
 0  9  1 | launched  ls12-0-5aecbe58 SM18_micro011_conf_4 lsf-cpu
 0 10  0 | launched  ls12-0-5aecbe5c SM18_micro011_conf_5 lsf-cpu
 1  9  0 | finished  ls12-0-5aecbe5c SM18_micro011_conf_5 lsf-cpu [lt09]
 2  8  0 | finished  ls12-0-5aecbe47 SM18_micro011_conf_1 lsf-cpu [lt09]
 3  7  0 | finished  ls12-0-5aecbe2f SM18_micro061_conf_1 localhost [ls12]
 4  6  0 | finished  ls12-0-5aecbe4f SM18_micro011_conf_2 lsf-cpu [lt09]
 5  5  0 | finished  ls12-0-5aecbe58 SM18_micro011_conf_4 lsf-cpu [lt09]
 6  4  0 | finished  ls12-0-5aecbe35 SM18_micro061_conf_2 lsf-cpu [lt09]
 7  3  0 | finished  ls12-0-5aecbe42 SM18_micro061_conf_5 lsf-cpu [lt09]
 8  2  0 | finished  ls12-0-5aecbe53 SM18_micro011_conf_3 lsf-cpu [lt09]
 9  1  0 | finished  ls12-0-5aecbe3a SM18_micro061_conf_3 lsf-cpu [lt09]
10  0  0 | finished  ls12-0-5aecbe3e SM18_micro061_conf_4 lsf-cpu [lt09]

All jobs have completed.

10 of 10 job(s) succeeded; 0 job(s) failed.

Timer (distribute subjobs) : 13409.62 secs (3 hrs, 43 mins, 29 secs)

Processing QM output files...

Executing subprocess:
/data/chodera/schrodinger/schrodinger2017-4-advanced/jaguar results -energy SM18_micro061_conf_1.nrg_h.out

Executing subprocess:
/data/chodera/schrodinger/schrodinger2017-4-advanced/jaguar results -esolv SM18_micro061_conf_1.sol_h.out

Executing subprocess:
/data/chodera/schrodinger/schrodinger2017-4-advanced/jaguar results -energy SM18_micro061_conf_2.nrg_h.out

Executing subprocess:
/data/chodera/schrodinger/schrodinger2017-4-advanced/jaguar results -esolv SM18_micro061_conf_2.sol_h.out

Executing subprocess:
/data/chodera/schrodinger/schrodinger2017-4-advanced/jaguar results -energy SM18_micro061_conf_3.nrg_h.out

Executing subprocess:
/data/chodera/schrodinger/schrodinger2017-4-advanced/jaguar results -esolv SM18_micro061_conf_3.sol_h.out

Executing subprocess:
/data/chodera/schrodinger/schrodinger2017-4-advanced/jaguar results -energy SM18_micro061_conf_4.nrg_h.out

Executing subprocess:
/data/chodera/schrodinger/schrodinger2017-4-advanced/jaguar results -esolv SM18_micro061_conf_4.sol_h.out

Executing subprocess:
/data/chodera/schrodinger/schrodinger2017-4-advanced/jaguar results -energy SM18_micro061_conf_5.nrg_h.out

Executing subprocess:
/data/chodera/schrodinger/schrodinger2017-4-advanced/jaguar results -esolv SM18_micro061_conf_5.sol_h.out

Executing subprocess:
/data/chodera/schrodinger/schrodinger2017-4-advanced/jaguar results -energy SM18_micro011_conf_1.nrg.out

Executing subprocess:
/data/chodera/schrodinger/schrodinger2017-4-advanced/jaguar results -esolv SM18_micro011_conf_1.sol.out

Executing subprocess:
/data/chodera/schrodinger/schrodinger2017-4-advanced/jaguar results -energy SM18_micro011_conf_2.nrg.out

Executing subprocess:
/data/chodera/schrodinger/schrodinger2017-4-advanced/jaguar results -esolv SM18_micro011_conf_2.sol.out

Executing subprocess:
/data/chodera/schrodinger/schrodinger2017-4-advanced/jaguar results -energy SM18_micro011_conf_3.nrg.out

Executing subprocess:
/data/chodera/schrodinger/schrodinger2017-4-advanced/jaguar results -esolv SM18_micro011_conf_3.sol.out

Executing subprocess:
/data/chodera/schrodinger/schrodinger2017-4-advanced/jaguar results -energy SM18_micro011_conf_4.nrg.out

Executing subprocess:
/data/chodera/schrodinger/schrodinger2017-4-advanced/jaguar results -esolv SM18_micro011_conf_4.sol.out

Executing subprocess:
/data/chodera/schrodinger/schrodinger2017-4-advanced/jaguar results -energy SM18_micro011_conf_5.nrg.out

Executing subprocess:
/data/chodera/schrodinger/schrodinger2017-4-advanced/jaguar results -esolv SM18_micro011_conf_5.sol.out

Executing subprocess:
/data/chodera/schrodinger/schrodinger2017-4-advanced/jaguar-v9.8/bin/Linux-x86_64/pka -o SM18_micro061_deprot-out.mae -j SM18_micro061.jres -n -d

Executing subprocess:
/data/chodera/schrodinger/schrodinger2017-4-advanced/jaguar-v9.8/bin/Linux-x86_64/pka -o SM18_micro061_prot-out.mae -j SM18_micro061.jres -n

pKa calculation for SM18_micro061 completed.

pKa workflow jag_SM18_micro061_SM18_micro011 completed.

Timer (Jaguar pKa) : 16937.22 secs (4 hrs, 42 mins, 17 secs)
Timer (jaguar_backend.py) : 16937.22 secs (4 hrs, 42 mins, 17 secs)
Finished:   Fri May  4 19:56:50 2018
