Command:    jaguar run pka.py -jobname jag_SM05_micro009_SM05_micro001 -PARALLEL 10 -n -csrch -prot SM05_micro009.in -deprot SM05_micro001.in
Release:    2017-4
Exec:       /data/chodera/schrodinger/schrodinger2017-4-advanced/jaguar-v9.8/bin/Linux-x86_64
Host:       ls01
JobId:      lilac-0-5aec70b0
JobDir:     /lila/data/chodera/schrodinger/tmpdir/rustenburg/jag_SM05_micro009_SM05_micro001
Date:       Fri May  4 10:39:49 2018

Contents of /lila/data/chodera/schrodinger/tmpdir/rustenburg/jag_SM05_micro009_SM05_micro001:
/lila/data/chodera/schrodinger/tmpdir/rustenburg/jag_SM05_micro009_SM05_micro001/SM05_micro001.in
/lila/data/chodera/schrodinger/tmpdir/rustenburg/jag_SM05_micro009_SM05_micro001/lilac-0-5aec70b0.hosts
/lila/data/chodera/schrodinger/tmpdir/rustenburg/jag_SM05_micro009_SM05_micro001/jag_SM05_micro009_SM05_micro001.log
/lila/data/chodera/schrodinger/tmpdir/rustenburg/jag_SM05_micro009_SM05_micro001/SM05_micro009.mae
/lila/data/chodera/schrodinger/tmpdir/rustenburg/jag_SM05_micro009_SM05_micro001/SM05_micro001.mae
/lila/data/chodera/schrodinger/tmpdir/rustenburg/jag_SM05_micro009_SM05_micro001/SM05_micro009.in
/lila/data/chodera/schrodinger/tmpdir/rustenburg/jag_SM05_micro009_SM05_micro001/lilac-0-5aec70b0.jlog
/lila/data/chodera/schrodinger/tmpdir/rustenburg/jag_SM05_micro009_SM05_micro001/lilac-0-5aec70b0
/lila/data/chodera/schrodinger/tmpdir/rustenburg/jag_SM05_micro009_SM05_micro001/lilac-0-5aec70b0.mpinodes
/lila/data/chodera/schrodinger/tmpdir/rustenburg/jag_SM05_micro009_SM05_micro001/jag_SM05_micro009_SM05_micro001.recover
/lila/data/chodera/schrodinger/tmpdir/rustenburg/jag_SM05_micro009_SM05_micro001/lilac-0-5aec70b0.nodes
/lila/data/chodera/schrodinger/tmpdir/rustenburg/jag_SM05_micro009_SM05_micro001/lilac-0-5aec70b0.recover

=====================
 Jaguar pKa workflow
=====================

Analysing user-provided (prot, deprot) pair:
(SM05_micro009.in, SM05_micro001.in)
Found labile hydrogen 22 in SM05_micro009.in
Found labile hydrogen at atom 15 in SM05_micro001.in
Adding 'ipkat' keyword to input files.

Identifying pKa functional group for pair:
(SM05_micro009, SM05_micro001)

Executing subprocess:
/data/chodera/schrodinger/schrodinger2017-4-advanced/jaguar-v9.8/bin/Linux-x86_64/pka -i -j SM05_micro009.tmp.jres -n

Taking protonated structures from:
SM05_micro009.mae
Taking deprotonated structures from:
SM05_micro001.mae

This molecule from 'SM05_micro009.mae' in water was recognized as:

 # 	            Shell             
---	------------------------------
1: 	amide as base                 
2: 	Protonation of generic atom   
3: 	Protonation of sp2-like oxygen


Executing conformational search...

Executing 2 distributed subjobs:
---------------------------------

No more than 8 cpu(s) will be used per subjob.
No more than 10 cpu(s) will be used simultaneously.

Processing the following subjobs:
(1) jaguar run csrch.py SM05_micro009.mae -jobname SM05_micro009 -max_conf 5 -erg_window 50.208 -acc_level 1 -TPP 5
(2) jaguar run csrch.py SM05_micro001.mae -jobname SM05_micro001 -max_conf 5 -erg_window 50.208 -acc_level 1 -TPP 5

Running subjobs on hosts:
  lsf-cpu (Max: 2)
Number of jobs:       2
Max retries per job:  3
Max allowed failures: unlimited
Run with -LOCAL:      False
Verbosity:            normal

Starting JobDJ...

Keep one job on driver host: False
JobDJ columns:
  C: Number of completed subjobs
  A: Number of active subjobs (e.g., submitted, running)
  W: Number of waiting/pending subjobs

C A W | Activity  JobId  JobName  JobHost
- - - | --------- -----------------------
0 1 1 | launched  ls01-0-5aec70b9 SM05_micro009 lsf-cpu
0 2 0 | launched  ls01-0-5aec70bd SM05_micro001 lsf-cpu
1 1 0 | finished  ls01-0-5aec70b9 SM05_micro009 lsf-cpu
2 0 0 | finished  ls01-0-5aec70bd SM05_micro001 lsf-cpu [ls18]

All jobs have completed.

2 of 2 job(s) succeeded; 0 job(s) failed.

Timer (distribute subjobs) : 796.88 secs (0 hrs, 13 mins, 16 secs)

Setting up QM workflow for (protonated, deprotonated) pair:
(1) (SM05_micro009, SM05_micro001)

Executing Jaguar quantum-mechanical subjobs...

Executing 10 distributed subjobs:
----------------------------------

No more than 8 cpu(s) will be used per subjob.
No more than 10 cpu(s) will be used simultaneously.

Processing the following subjobs:
(1) jaguar run pka_prot.bat -jobname SM05_micro009_conf_1 SM05_micro009_conf_1.in
(2) jaguar run pka_prot.bat -jobname SM05_micro009_conf_2 SM05_micro009_conf_2.in
(3) jaguar run pka_prot.bat -jobname SM05_micro009_conf_3 SM05_micro009_conf_3.in
(4) jaguar run pka_prot.bat -jobname SM05_micro009_conf_4 SM05_micro009_conf_4.in
(5) jaguar run pka_prot.bat -jobname SM05_micro009_conf_5 SM05_micro009_conf_5.in
(6) jaguar run pka_deprot.bat -jobname SM05_micro001_conf_1 SM05_micro001_conf_1.in
(7) jaguar run pka_deprot.bat -jobname SM05_micro001_conf_2 SM05_micro001_conf_2.in
(8) jaguar run pka_deprot.bat -jobname SM05_micro001_conf_3 SM05_micro001_conf_3.in
(9) jaguar run pka_deprot.bat -jobname SM05_micro001_conf_4 SM05_micro001_conf_4.in
(10) jaguar run pka_deprot.bat -jobname SM05_micro001_conf_5 SM05_micro001_conf_5.in

Running subjobs on hosts:
  lsf-cpu (Max: 10)
Number of jobs:       10
Max retries per job:  3
Max allowed failures: unlimited
Run with -LOCAL:      False
Verbosity:            normal

Starting JobDJ...

Keep one job on driver host: True
JobDJ columns:
  C: Number of completed subjobs
  A: Number of active subjobs (e.g., submitted, running)
  W: Number of waiting/pending subjobs

 C  A  W | Activity  JobId  JobName  JobHost
-- -- -- | --------- -----------------------
 0  1  9 | launched  ls01-0-5aec73d7 SM05_micro009_conf_1 localhost [ls01]
 0  2  8 | launched  ls01-0-5aec73da SM05_micro009_conf_2 lsf-cpu
 0  3  7 | launched  ls01-0-5aec73dd SM05_micro009_conf_3 lsf-cpu
 0  4  6 | launched  ls01-0-5aec73e0 SM05_micro009_conf_4 lsf-cpu
 0  5  5 | launched  ls01-0-5aec73e3 SM05_micro009_conf_5 lsf-cpu
 0  6  4 | launched  ls01-0-5aec73e7 SM05_micro001_conf_1 lsf-cpu
 0  7  3 | launched  ls01-0-5aec73ea SM05_micro001_conf_2 lsf-cpu
 0  8  2 | launched  ls01-0-5aec73ee SM05_micro001_conf_3 lsf-cpu
 0  9  1 | launched  ls01-0-5aec73f1 SM05_micro001_conf_4 lsf-cpu
 0 10  0 | launched  ls01-0-5aec73f5 SM05_micro001_conf_5 lsf-cpu
 1  9  0 | finished  ls01-0-5aec73ee SM05_micro001_conf_3 lsf-cpu [ls15]
 2  8  0 | finished  ls01-0-5aec73f1 SM05_micro001_conf_4 lsf-cpu [ls15]
 3  7  0 | finished  ls01-0-5aec73ea SM05_micro001_conf_2 lsf-cpu [ls15]
 4  6  0 | finished  ls01-0-5aec73e3 SM05_micro009_conf_5 lsf-cpu [ls15]
 5  5  0 | finished  ls01-0-5aec73e7 SM05_micro001_conf_1 lsf-cpu [ls15]
 6  4  0 | finished  ls01-0-5aec73f5 SM05_micro001_conf_5 lsf-cpu [lt16]
 7  3  0 | finished  ls01-0-5aec73e0 SM05_micro009_conf_4 lsf-cpu [ls15]
 8  2  0 | finished  ls01-0-5aec73d7 SM05_micro009_conf_1 localhost [ls01]
 9  1  0 | finished  ls01-0-5aec73dd SM05_micro009_conf_3 lsf-cpu [ls15]
10  0  0 | finished  ls01-0-5aec73da SM05_micro009_conf_2 lsf-cpu [ls15]

All jobs have completed.

10 of 10 job(s) succeeded; 0 job(s) failed.

Timer (distribute subjobs) : 5992.45 secs (1 hrs, 39 mins, 52 secs)

Processing QM output files...

Executing subprocess:
/data/chodera/schrodinger/schrodinger2017-4-advanced/jaguar results -energy SM05_micro009_conf_1.nrg_h.out

Executing subprocess:
/data/chodera/schrodinger/schrodinger2017-4-advanced/jaguar results -esolv SM05_micro009_conf_1.sol_h.out

Executing subprocess:
/data/chodera/schrodinger/schrodinger2017-4-advanced/jaguar results -energy SM05_micro009_conf_2.nrg_h.out

Executing subprocess:
/data/chodera/schrodinger/schrodinger2017-4-advanced/jaguar results -esolv SM05_micro009_conf_2.sol_h.out

Executing subprocess:
/data/chodera/schrodinger/schrodinger2017-4-advanced/jaguar results -energy SM05_micro009_conf_3.nrg_h.out

Executing subprocess:
/data/chodera/schrodinger/schrodinger2017-4-advanced/jaguar results -esolv SM05_micro009_conf_3.sol_h.out

Executing subprocess:
/data/chodera/schrodinger/schrodinger2017-4-advanced/jaguar results -energy SM05_micro009_conf_4.nrg_h.out

Executing subprocess:
/data/chodera/schrodinger/schrodinger2017-4-advanced/jaguar results -esolv SM05_micro009_conf_4.sol_h.out

Executing subprocess:
/data/chodera/schrodinger/schrodinger2017-4-advanced/jaguar results -energy SM05_micro009_conf_5.nrg_h.out

Executing subprocess:
/data/chodera/schrodinger/schrodinger2017-4-advanced/jaguar results -esolv SM05_micro009_conf_5.sol_h.out

Executing subprocess:
/data/chodera/schrodinger/schrodinger2017-4-advanced/jaguar results -energy SM05_micro001_conf_1.nrg.out

Executing subprocess:
/data/chodera/schrodinger/schrodinger2017-4-advanced/jaguar results -esolv SM05_micro001_conf_1.sol.out

Executing subprocess:
/data/chodera/schrodinger/schrodinger2017-4-advanced/jaguar results -energy SM05_micro001_conf_2.nrg.out

Executing subprocess:
/data/chodera/schrodinger/schrodinger2017-4-advanced/jaguar results -esolv SM05_micro001_conf_2.sol.out

Executing subprocess:
/data/chodera/schrodinger/schrodinger2017-4-advanced/jaguar results -energy SM05_micro001_conf_3.nrg.out

Executing subprocess:
/data/chodera/schrodinger/schrodinger2017-4-advanced/jaguar results -esolv SM05_micro001_conf_3.sol.out

Executing subprocess:
/data/chodera/schrodinger/schrodinger2017-4-advanced/jaguar results -energy SM05_micro001_conf_4.nrg.out

Executing subprocess:
/data/chodera/schrodinger/schrodinger2017-4-advanced/jaguar results -esolv SM05_micro001_conf_4.sol.out

Executing subprocess:
/data/chodera/schrodinger/schrodinger2017-4-advanced/jaguar results -energy SM05_micro001_conf_5.nrg.out

Executing subprocess:
/data/chodera/schrodinger/schrodinger2017-4-advanced/jaguar results -esolv SM05_micro001_conf_5.sol.out

Executing subprocess:
/data/chodera/schrodinger/schrodinger2017-4-advanced/jaguar-v9.8/bin/Linux-x86_64/pka -o SM05_micro009_deprot-out.mae -j SM05_micro009.jres -n -d

Executing subprocess:
/data/chodera/schrodinger/schrodinger2017-4-advanced/jaguar-v9.8/bin/Linux-x86_64/pka -o SM05_micro009_prot-out.mae -j SM05_micro009.jres -n

pKa calculation for SM05_micro009 completed.

pKa workflow jag_SM05_micro009_SM05_micro001 completed.

Timer (Jaguar pKa) : 6867.42 secs (1 hrs, 54 mins, 27 secs)
Timer (jaguar_backend.py) : 6867.42 secs (1 hrs, 54 mins, 27 secs)
Finished:   Fri May  4 12:34:16 2018
