Command:    jaguar run pka.py -jobname jag_SM21_micro018_SM21_micro025 -PARALLEL 10 -n -csrch -prot SM21_micro018.in -deprot SM21_micro025.in
Release:    2017-4
Exec:       /data/chodera/schrodinger/schrodinger2017-4-advanced/jaguar-v9.8/bin/Linux-x86_64
Host:       ls07
JobId:      lilac-0-5aecd075
JobDir:     /lila/data/chodera/schrodinger/tmpdir/rustenburg/jag_SM21_micro018_SM21_micro025
Date:       Fri May  4 19:19:24 2018

Contents of /lila/data/chodera/schrodinger/tmpdir/rustenburg/jag_SM21_micro018_SM21_micro025:
/lila/data/chodera/schrodinger/tmpdir/rustenburg/jag_SM21_micro018_SM21_micro025/lilac-0-5aecd075.jlog
/lila/data/chodera/schrodinger/tmpdir/rustenburg/jag_SM21_micro018_SM21_micro025/SM21_micro025.in
/lila/data/chodera/schrodinger/tmpdir/rustenburg/jag_SM21_micro018_SM21_micro025/SM21_micro025.mae
/lila/data/chodera/schrodinger/tmpdir/rustenburg/jag_SM21_micro018_SM21_micro025/jag_SM21_micro018_SM21_micro025.log
/lila/data/chodera/schrodinger/tmpdir/rustenburg/jag_SM21_micro018_SM21_micro025/SM21_micro018.in
/lila/data/chodera/schrodinger/tmpdir/rustenburg/jag_SM21_micro018_SM21_micro025/lilac-0-5aecd075.recover
/lila/data/chodera/schrodinger/tmpdir/rustenburg/jag_SM21_micro018_SM21_micro025/jag_SM21_micro018_SM21_micro025.recover
/lila/data/chodera/schrodinger/tmpdir/rustenburg/jag_SM21_micro018_SM21_micro025/lilac-0-5aecd075
/lila/data/chodera/schrodinger/tmpdir/rustenburg/jag_SM21_micro018_SM21_micro025/SM21_micro018.mae
/lila/data/chodera/schrodinger/tmpdir/rustenburg/jag_SM21_micro018_SM21_micro025/lilac-0-5aecd075.hosts
/lila/data/chodera/schrodinger/tmpdir/rustenburg/jag_SM21_micro018_SM21_micro025/lilac-0-5aecd075.mpinodes
/lila/data/chodera/schrodinger/tmpdir/rustenburg/jag_SM21_micro018_SM21_micro025/lilac-0-5aecd075.nodes

=====================
 Jaguar pKa workflow
=====================

Analysing user-provided (prot, deprot) pair:
(SM21_micro018.in, SM21_micro025.in)
Error: heavy atoms are different in input files:
SM21_micro018.in
SM21_micro025.in


An error has occurred.  Information about the error has been written to 
/home/rustenburg/.schrodinger/exceptions/error20180504-191925-1.txt 

Please contact help@schrodinger.com for assistance. Include error20180504-191925-1.txt and a description of what you were doing when the error occurred.
