Command:    jaguar run pka.py -jobname jag_SM18_micro057_SM18_micro075 -PARALLEL 10 -n -csrch -prot SM18_micro057.in -deprot SM18_micro075.in
Release:    2017-4
Exec:       /data/chodera/schrodinger/schrodinger2017-4-advanced/jaguar-v9.8/bin/Linux-x86_64
Host:       ls13
JobId:      lilac-0-5aecb08f
JobDir:     /lila/data/chodera/schrodinger/tmpdir/rustenburg/jag_SM18_micro057_SM18_micro075
Date:       Fri May  4 15:27:30 2018

Contents of /lila/data/chodera/schrodinger/tmpdir/rustenburg/jag_SM18_micro057_SM18_micro075:
/lila/data/chodera/schrodinger/tmpdir/rustenburg/jag_SM18_micro057_SM18_micro075/SM18_micro075.in
/lila/data/chodera/schrodinger/tmpdir/rustenburg/jag_SM18_micro057_SM18_micro075/lilac-0-5aecb08f.nodes
/lila/data/chodera/schrodinger/tmpdir/rustenburg/jag_SM18_micro057_SM18_micro075/SM18_micro075.mae
/lila/data/chodera/schrodinger/tmpdir/rustenburg/jag_SM18_micro057_SM18_micro075/SM18_micro057.in
/lila/data/chodera/schrodinger/tmpdir/rustenburg/jag_SM18_micro057_SM18_micro075/lilac-0-5aecb08f.mpinodes
/lila/data/chodera/schrodinger/tmpdir/rustenburg/jag_SM18_micro057_SM18_micro075/SM18_micro057.mae
/lila/data/chodera/schrodinger/tmpdir/rustenburg/jag_SM18_micro057_SM18_micro075/lilac-0-5aecb08f.jlog
/lila/data/chodera/schrodinger/tmpdir/rustenburg/jag_SM18_micro057_SM18_micro075/lilac-0-5aecb08f
/lila/data/chodera/schrodinger/tmpdir/rustenburg/jag_SM18_micro057_SM18_micro075/jag_SM18_micro057_SM18_micro075.log
/lila/data/chodera/schrodinger/tmpdir/rustenburg/jag_SM18_micro057_SM18_micro075/jag_SM18_micro057_SM18_micro075.recover
/lila/data/chodera/schrodinger/tmpdir/rustenburg/jag_SM18_micro057_SM18_micro075/lilac-0-5aecb08f.hosts
/lila/data/chodera/schrodinger/tmpdir/rustenburg/jag_SM18_micro057_SM18_micro075/lilac-0-5aecb08f.recover

=====================
 Jaguar pKa workflow
=====================

Analysing user-provided (prot, deprot) pair:
(SM18_micro057.in, SM18_micro075.in)
Found labile hydrogen 39 in SM18_micro057.in
Found labile hydrogen at atom 13 in SM18_micro075.in
Adding 'ipkat' keyword to input files.

Identifying pKa functional group for pair:
(SM18_micro057, SM18_micro075)

Executing subprocess:
/data/chodera/schrodinger/schrodinger2017-4-advanced/jaguar-v9.8/bin/Linux-x86_64/pka -i -j SM18_micro057.tmp.jres -n

Taking protonated structures from:
SM18_micro057.mae
Taking deprotonated structures from:
SM18_micro075.mae

This molecule from 'SM18_micro057.mae' in water was recognized as:

 # 	                 Shell                  
---	----------------------------------------
1: 	mono keto CH acid                       
2: 	Protonation of generic atom             
3: 	aliphatic CH acid in water              
4: 	Protonation of sp2-like aliphatic carbon


Executing conformational search...

Executing 2 distributed subjobs:
---------------------------------

No more than 8 cpu(s) will be used per subjob.
No more than 10 cpu(s) will be used simultaneously.

Processing the following subjobs:
(1) jaguar run csrch.py SM18_micro057.mae -jobname SM18_micro057 -max_conf 5 -erg_window 50.208 -acc_level 1 -TPP 5
(2) jaguar run csrch.py SM18_micro075.mae -jobname SM18_micro075 -max_conf 5 -erg_window 50.208 -acc_level 1 -TPP 5

Running subjobs on hosts:
  lsf-cpu (Max: 2)
Number of jobs:       2
Max retries per job:  3
Max allowed failures: unlimited
Run with -LOCAL:      False
Verbosity:            normal

Starting JobDJ...

Keep one job on driver host: False
JobDJ columns:
  C: Number of completed subjobs
  A: Number of active subjobs (e.g., submitted, running)
  W: Number of waiting/pending subjobs

C A W | Activity  JobId  JobName  JobHost
- - - | --------- -----------------------
0 1 1 | launched  ls13-0-5aecb427 SM18_micro057 lsf-cpu
0 2 0 | launched  ls13-0-5aecb42a SM18_micro075 lsf-cpu
1 1 0 | finished  ls13-0-5aecb427 SM18_micro057 lsf-cpu [lt02]
2 0 0 | finished  ls13-0-5aecb42a SM18_micro075 lsf-cpu [lt02]

All jobs have completed.

2 of 2 job(s) succeeded; 0 job(s) failed.

Timer (distribute subjobs) : 5276.10 secs (1 hrs, 27 mins, 56 secs)

Setting up QM workflow for (protonated, deprotonated) pair:
(1) (SM18_micro057, SM18_micro075)

Executing Jaguar quantum-mechanical subjobs...

Executing 10 distributed subjobs:
----------------------------------

No more than 8 cpu(s) will be used per subjob.
No more than 10 cpu(s) will be used simultaneously.

Processing the following subjobs:
(1) jaguar run pka_prot.bat -jobname SM18_micro057_conf_1 SM18_micro057_conf_1.in
(2) jaguar run pka_prot.bat -jobname SM18_micro057_conf_2 SM18_micro057_conf_2.in
(3) jaguar run pka_prot.bat -jobname SM18_micro057_conf_3 SM18_micro057_conf_3.in
(4) jaguar run pka_prot.bat -jobname SM18_micro057_conf_4 SM18_micro057_conf_4.in
(5) jaguar run pka_prot.bat -jobname SM18_micro057_conf_5 SM18_micro057_conf_5.in
(6) jaguar run pka_deprot.bat -jobname SM18_micro075_conf_1 SM18_micro075_conf_1.in
(7) jaguar run pka_deprot.bat -jobname SM18_micro075_conf_2 SM18_micro075_conf_2.in
(8) jaguar run pka_deprot.bat -jobname SM18_micro075_conf_3 SM18_micro075_conf_3.in
(9) jaguar run pka_deprot.bat -jobname SM18_micro075_conf_4 SM18_micro075_conf_4.in
(10) jaguar run pka_deprot.bat -jobname SM18_micro075_conf_5 SM18_micro075_conf_5.in

Running subjobs on hosts:
  lsf-cpu (Max: 10)
Number of jobs:       10
Max retries per job:  3
Max allowed failures: unlimited
Run with -LOCAL:      False
Verbosity:            normal

Starting JobDJ...

Keep one job on driver host: True
JobDJ columns:
  C: Number of completed subjobs
  A: Number of active subjobs (e.g., submitted, running)
  W: Number of waiting/pending subjobs

 C  A  W | Activity  JobId  JobName  JobHost
-- -- -- | --------- -----------------------
 0  1  9 | launched  ls13-0-5aecc8c6 SM18_micro057_conf_1 localhost [ls13]
 0  2  8 | launched  ls13-0-5aecc8ca SM18_micro057_conf_2 lsf-cpu
 0  3  7 | launched  ls13-0-5aecc8ce SM18_micro057_conf_3 lsf-cpu
 0  4  6 | launched  ls13-0-5aecc8d2 SM18_micro057_conf_4 lsf-cpu
 0  5  5 | launched  ls13-0-5aecc8e1 SM18_micro057_conf_5 lsf-cpu
 0  6  4 | launched  ls13-0-5aecc8ef SM18_micro075_conf_1 lsf-cpu
 0  7  3 | launched  ls13-0-5aecc904 SM18_micro075_conf_2 lsf-cpu
 0  8  2 | launched  ls13-0-5aecc919 SM18_micro075_conf_3 lsf-cpu
 0  9  1 | launched  ls13-0-5aecc932 SM18_micro075_conf_4 lsf-cpu
 0 10  0 | launched  ls13-0-5aecc94a SM18_micro075_conf_5 lsf-cpu
 1  9  0 | finished  ls13-0-5aecc8c6 SM18_micro057_conf_1 localhost [ls13]
 1  9  0 | launched  ls13-0-5aece25a SM18_micro075_conf_5 localhost [ls13]
 2  8  0 | finished  ls13-0-5aecc8e1 SM18_micro057_conf_5 lsf-cpu [lt09]
 3  7  0 | finished  ls13-0-5aecc8ca SM18_micro057_conf_2 lsf-cpu [ls02]
 4  6  0 | finished  ls13-0-5aecc8d2 SM18_micro057_conf_4 lsf-cpu [ls02]
 5  5  0 | finished  ls13-0-5aece25a SM18_micro075_conf_5 localhost [ls13]
 6  4  0 | finished  ls13-0-5aecc919 SM18_micro075_conf_3 lsf-cpu [ls04]
 7  3  0 | finished  ls13-0-5aecc8ce SM18_micro057_conf_3 lsf-cpu [ls02]
