Taking protonated structures from:
SM23_micro042_conf_1.dft_h.01.mae
SM23_micro042_conf_2.dft_h.01.mae
SM23_micro042_conf_3.dft_h.01.mae
SM23_micro042_conf_4.dft_h.01.mae
SM23_micro042_conf_5.dft_h.01.mae
Taking deprotonated structures from:
SM23_micro024_conf_1.dft.01.mae
SM23_micro024_conf_2.dft.01.mae
SM23_micro024_conf_3.dft.01.mae
SM23_micro024_conf_4.dft.01.mae
SM23_micro024_conf_5.dft.01.mae

Corrected results for 'protonated' structure in water:
pKa atom: 57

 # 	           Shell           	 pKa 	RMSD	 Contribution
---	---------------------------	-----	-----	--------------
1: 	pyrimidine                 	-5.01	0.242	    11.56%
2: 	heterocycle custom 1       	-9.34	0.617	    10.27%
3: 	heterocycle                	-8.58	0.837	     7.55%
4: 	Protonation of generic atom	-5.32	2.264	    70.62%

 Final weighted pKa value is -5.94



