Taking protonated structures from:
SM24_micro010_conf_1.dft_h.01.mae
SM24_micro010_conf_2.dft_h.01.mae
SM24_micro010_conf_3.dft_h.01.mae
SM24_micro010_conf_4.dft_h.01.mae
SM24_micro010_conf_5.dft_h.01.mae
Taking deprotonated structures from:
SM24_micro023_conf_1.dft.01.mae
SM24_micro023_conf_2.dft.01.mae
SM24_micro023_conf_3.dft.01.mae
SM24_micro023_conf_4.dft.01.mae
SM24_micro023_conf_5.dft.01.mae

Corrected results for 'protonated' structure in water:
pKa atom: 51

 # 	            Shell             	 pKa 	RMSD	 Contribution
---	------------------------------	-----	-----	--------------
1: 	alcohol                       	12.45	0.231	    97.32%
2: 	Protonation of generic atom   	 7.41	2.264	     0.91%
3: 	Protonation of sp2-like oxygen	 7.18	2.568	     1.77%

 Final weighted pKa value is 12.31



