Command:    jaguar run pka.py -jobname jag_SM10_micro033_SM10_micro009 -PARALLEL 10 -WAIT -n -csrch -prot SM10_micro033.in -deprot SM10_micro009.in
Release:    2017-4
Exec:       /data/chodera/schrodinger/schrodinger2017-4-advanced/jaguar-v9.8/bin/Linux-x86_64
Host:       ls01
JobId:      ls01-0-5af455f6
JobDir:     /lila/data/chodera/schrodinger/tmpdir/rustenburg/jag_SM10_micro033_SM10_micro009
Date:       Thu May 10 10:23:52 2018

Contents of /lila/data/chodera/schrodinger/tmpdir/rustenburg/jag_SM10_micro033_SM10_micro009:
/lila/data/chodera/schrodinger/tmpdir/rustenburg/jag_SM10_micro033_SM10_micro009/ls01-0-5af455f6.recover
/lila/data/chodera/schrodinger/tmpdir/rustenburg/jag_SM10_micro033_SM10_micro009/SM10_micro009.mae
/lila/data/chodera/schrodinger/tmpdir/rustenburg/jag_SM10_micro033_SM10_micro009/jag_SM10_micro033_SM10_micro009.log
/lila/data/chodera/schrodinger/tmpdir/rustenburg/jag_SM10_micro033_SM10_micro009/SM10_micro033.in
/lila/data/chodera/schrodinger/tmpdir/rustenburg/jag_SM10_micro033_SM10_micro009/SM10_micro009.in
/lila/data/chodera/schrodinger/tmpdir/rustenburg/jag_SM10_micro033_SM10_micro009/ls01-0-5af455f6
/lila/data/chodera/schrodinger/tmpdir/rustenburg/jag_SM10_micro033_SM10_micro009/ls01-0-5af455f6.mpinodes
/lila/data/chodera/schrodinger/tmpdir/rustenburg/jag_SM10_micro033_SM10_micro009/jag_SM10_micro033_SM10_micro009.recover
/lila/data/chodera/schrodinger/tmpdir/rustenburg/jag_SM10_micro033_SM10_micro009/SM10_micro033.mae

=====================
 Jaguar pKa workflow
=====================

Analysing user-provided (prot, deprot) pair:
(SM10_micro033.in, SM10_micro009.in)
Found labile hydrogen 30 in SM10_micro033.in
Found labile hydrogen at atom 10 in SM10_micro009.in
Adding 'ipkat' keyword to input files.

Identifying pKa functional group for pair:
(SM10_micro033, SM10_micro009)

Executing subprocess:
/data/chodera/schrodinger/schrodinger2017-4-advanced/jaguar-v9.8/bin/Linux-x86_64/pka -i -j SM10_micro033.tmp.jres -n

Taking protonated structures from:
SM10_micro033.mae
Taking deprotonated structures from:
SM10_micro009.mae

This molecule from 'SM10_micro033.mae' in water was recognized as:

 # 	                 Shell                  
---	----------------------------------------
1: 	Protonation of generic atom             
2: 	Protonation of sp2-like aliphatic carbon


Executing conformational search...

Executing 2 distributed subjobs:
---------------------------------

No more than 8 cpu(s) will be used per subjob.
No more than 10 cpu(s) will be used simultaneously.

Processing the following subjobs:
(1) jaguar run csrch.py SM10_micro033.mae -jobname SM10_micro033 -max_conf 5 -erg_window 50.208 -acc_level 1 -TPP 5
(2) jaguar run csrch.py SM10_micro009.mae -jobname SM10_micro009 -max_conf 5 -erg_window 50.208 -acc_level 1 -TPP 5

Running subjobs on hosts:
  localhost (Max: 2)
Number of jobs:       2
Max retries per job:  3
Max allowed failures: unlimited
Run with -LOCAL:      False
Verbosity:            normal

Starting JobDJ...

Keep one job on driver host: False
JobDJ columns:
  C: Number of completed subjobs
  A: Number of active subjobs (e.g., submitted, running)
  W: Number of waiting/pending subjobs

C A W | Activity  JobId  JobName  JobHost
- - - | --------- -----------------------
0 1 1 | launched  ls01-0-5af455fe SM10_micro033 localhost [ls01]
0 2 0 | launched  ls01-0-5af45600 SM10_micro009 localhost [ls01]
1 1 0 | finished  ls01-0-5af45600 SM10_micro009 localhost [ls01]
2 0 0 | finished  ls01-0-5af455fe SM10_micro033 localhost [ls01]

All jobs have completed.

2 of 2 job(s) succeeded; 0 job(s) failed.

Timer (distribute subjobs) : 1392.89 secs (0 hrs, 23 mins, 12 secs)

Setting up QM workflow for (protonated, deprotonated) pair:
(1) (SM10_micro033, SM10_micro009)

Executing Jaguar quantum-mechanical subjobs...

Executing 10 distributed subjobs:
----------------------------------

No more than 8 cpu(s) will be used per subjob.
No more than 10 cpu(s) will be used simultaneously.

Processing the following subjobs:
(1) jaguar run pka_prot.bat -jobname SM10_micro033_conf_1 SM10_micro033_conf_1.in
(2) jaguar run pka_prot.bat -jobname SM10_micro033_conf_2 SM10_micro033_conf_2.in
(3) jaguar run pka_prot.bat -jobname SM10_micro033_conf_3 SM10_micro033_conf_3.in
(4) jaguar run pka_prot.bat -jobname SM10_micro033_conf_4 SM10_micro033_conf_4.in
(5) jaguar run pka_prot.bat -jobname SM10_micro033_conf_5 SM10_micro033_conf_5.in
(6) jaguar run pka_deprot.bat -jobname SM10_micro009_conf_1 SM10_micro009_conf_1.in
(7) jaguar run pka_deprot.bat -jobname SM10_micro009_conf_2 SM10_micro009_conf_2.in
(8) jaguar run pka_deprot.bat -jobname SM10_micro009_conf_3 SM10_micro009_conf_3.in
(9) jaguar run pka_deprot.bat -jobname SM10_micro009_conf_4 SM10_micro009_conf_4.in
(10) jaguar run pka_deprot.bat -jobname SM10_micro009_conf_5 SM10_micro009_conf_5.in

Running subjobs on hosts:
  localhost (Max: 10)
Number of jobs:       10
Max retries per job:  3
Max allowed failures: unlimited
Run with -LOCAL:      False
Verbosity:            normal

Starting JobDJ...

Keep one job on driver host: False
JobDJ columns:
  C: Number of completed subjobs
  A: Number of active subjobs (e.g., submitted, running)
  W: Number of waiting/pending subjobs

 C  A  W | Activity  JobId  JobName  JobHost
-- -- -- | --------- -----------------------
 0  1  9 | launched  ls01-0-5af45b7c SM10_micro033_conf_1 localhost [ls01]
 0  2  8 | launched  ls01-0-5af45b7f SM10_micro033_conf_2 localhost [ls01]
 0  3  7 | launched  ls01-0-5af45b82 SM10_micro033_conf_3 localhost [ls01]
 0  4  6 | launched  ls01-0-5af45b85 SM10_micro033_conf_4 localhost [ls01]
 0  5  5 | launched  ls01-0-5af45b88 SM10_micro033_conf_5 localhost [ls01]
 0  6  4 | launched  ls01-0-5af45b8c SM10_micro009_conf_1 localhost [ls01]
 0  7  3 | launched  ls01-0-5af45b91 SM10_micro009_conf_2 localhost [ls01]
 0  8  2 | launched  ls01-0-5af45b96 SM10_micro009_conf_3 localhost [ls01]
 0  9  1 | launched  ls01-0-5af45b9b SM10_micro009_conf_4 localhost [ls01]
 0 10  0 | launched  ls01-0-5af45ba2 SM10_micro009_conf_5 localhost [ls01]
 1  9  0 | finished  ls01-0-5af45ba2 SM10_micro009_conf_5 localhost [ls01]
 2  8  0 | finished  ls01-0-5af45b96 SM10_micro009_conf_3 localhost [ls01]
 3  7  0 | finished  ls01-0-5af45b8c SM10_micro009_conf_1 localhost [ls01]
 4  6  0 | finished  ls01-0-5af45b91 SM10_micro009_conf_2 localhost [ls01]
 5  5  0 | finished  ls01-0-5af45b9b SM10_micro009_conf_4 localhost [ls01]
 6  4  0 | finished  ls01-0-5af45b85 SM10_micro033_conf_4 localhost [ls01]
 7  3  0 | finished  ls01-0-5af45b88 SM10_micro033_conf_5 localhost [ls01]
 8  2  0 | finished  ls01-0-5af45b7c SM10_micro033_conf_1 localhost [ls01]
 9  1  0 | finished  ls01-0-5af45b7f SM10_micro033_conf_2 localhost [ls01]
10  0  0 | finished  ls01-0-5af45b82 SM10_micro033_conf_3 localhost [ls01]

All jobs have completed.

10 of 10 job(s) succeeded; 0 job(s) failed.

Timer (distribute subjobs) : 16525.64 secs (4 hrs, 35 mins, 25 secs)

Processing QM output files...

Executing subprocess:
/data/chodera/schrodinger/schrodinger2017-4-advanced/jaguar results -energy SM10_micro033_conf_1.nrg_h.out

Executing subprocess:
/data/chodera/schrodinger/schrodinger2017-4-advanced/jaguar results -esolv SM10_micro033_conf_1.sol_h.out

Executing subprocess:
/data/chodera/schrodinger/schrodinger2017-4-advanced/jaguar results -energy SM10_micro033_conf_2.nrg_h.out

Executing subprocess:
/data/chodera/schrodinger/schrodinger2017-4-advanced/jaguar results -esolv SM10_micro033_conf_2.sol_h.out

Executing subprocess:
/data/chodera/schrodinger/schrodinger2017-4-advanced/jaguar results -energy SM10_micro033_conf_3.nrg_h.out

Executing subprocess:
/data/chodera/schrodinger/schrodinger2017-4-advanced/jaguar results -esolv SM10_micro033_conf_3.sol_h.out

Executing subprocess:
/data/chodera/schrodinger/schrodinger2017-4-advanced/jaguar results -energy SM10_micro033_conf_4.nrg_h.out

Executing subprocess:
/data/chodera/schrodinger/schrodinger2017-4-advanced/jaguar results -esolv SM10_micro033_conf_4.sol_h.out

Executing subprocess:
/data/chodera/schrodinger/schrodinger2017-4-advanced/jaguar results -energy SM10_micro033_conf_5.nrg_h.out

Executing subprocess:
/data/chodera/schrodinger/schrodinger2017-4-advanced/jaguar results -esolv SM10_micro033_conf_5.sol_h.out

Executing subprocess:
/data/chodera/schrodinger/schrodinger2017-4-advanced/jaguar results -energy SM10_micro009_conf_1.nrg.out

Executing subprocess:
/data/chodera/schrodinger/schrodinger2017-4-advanced/jaguar results -esolv SM10_micro009_conf_1.sol.out

Executing subprocess:
/data/chodera/schrodinger/schrodinger2017-4-advanced/jaguar results -energy SM10_micro009_conf_2.nrg.out

Executing subprocess:
/data/chodera/schrodinger/schrodinger2017-4-advanced/jaguar results -esolv SM10_micro009_conf_2.sol.out

Executing subprocess:
/data/chodera/schrodinger/schrodinger2017-4-advanced/jaguar results -energy SM10_micro009_conf_3.nrg.out

Executing subprocess:
/data/chodera/schrodinger/schrodinger2017-4-advanced/jaguar results -esolv SM10_micro009_conf_3.sol.out

Executing subprocess:
/data/chodera/schrodinger/schrodinger2017-4-advanced/jaguar results -energy SM10_micro009_conf_4.nrg.out

Executing subprocess:
/data/chodera/schrodinger/schrodinger2017-4-advanced/jaguar results -esolv SM10_micro009_conf_4.sol.out

Executing subprocess:
/data/chodera/schrodinger/schrodinger2017-4-advanced/jaguar results -energy SM10_micro009_conf_5.nrg.out

Executing subprocess:
/data/chodera/schrodinger/schrodinger2017-4-advanced/jaguar results -esolv SM10_micro009_conf_5.sol.out

Executing subprocess:
/data/chodera/schrodinger/schrodinger2017-4-advanced/jaguar-v9.8/bin/Linux-x86_64/pka -o SM10_micro033_deprot-out.mae -j SM10_micro033.jres -n -d

Executing subprocess:
/data/chodera/schrodinger/schrodinger2017-4-advanced/jaguar-v9.8/bin/Linux-x86_64/pka -o SM10_micro033_prot-out.mae -j SM10_micro033.jres -n

pKa calculation for SM10_micro033 completed.

pKa workflow jag_SM10_micro033_SM10_micro009 completed.

Timer (Jaguar pKa) : 17989.75 secs (4 hrs, 59 mins, 49 secs)
Timer (jaguar_backend.py) : 17989.75 secs (4 hrs, 59 mins, 49 secs)
Finished:   Thu May 10 15:23:42 2018
