Command:    jaguar run pka.py -jobname jag_SM16_micro004_SM16_micro007 -PARALLEL 10 -n -csrch -prot SM16_micro004.in -deprot SM16_micro007.in
Release:    2017-4
Exec:       /data/chodera/schrodinger/schrodinger2017-4-advanced/jaguar-v9.8/bin/Linux-x86_64
Host:       lt05
JobId:      lilac-0-5aeca5a0
JobDir:     /lila/data/chodera/schrodinger/tmpdir/rustenburg/jag_SM16_micro004_SM16_micro007
Date:       Fri May  4 14:26:45 2018

Contents of /lila/data/chodera/schrodinger/tmpdir/rustenburg/jag_SM16_micro004_SM16_micro007:
/lila/data/chodera/schrodinger/tmpdir/rustenburg/jag_SM16_micro004_SM16_micro007/SM16_micro007.mae
/lila/data/chodera/schrodinger/tmpdir/rustenburg/jag_SM16_micro004_SM16_micro007/lilac-0-5aeca5a0.mpinodes
/lila/data/chodera/schrodinger/tmpdir/rustenburg/jag_SM16_micro004_SM16_micro007/lilac-0-5aeca5a0.nodes
/lila/data/chodera/schrodinger/tmpdir/rustenburg/jag_SM16_micro004_SM16_micro007/jag_SM16_micro004_SM16_micro007.log
/lila/data/chodera/schrodinger/tmpdir/rustenburg/jag_SM16_micro004_SM16_micro007/lilac-0-5aeca5a0
/lila/data/chodera/schrodinger/tmpdir/rustenburg/jag_SM16_micro004_SM16_micro007/lilac-0-5aeca5a0.jlog
/lila/data/chodera/schrodinger/tmpdir/rustenburg/jag_SM16_micro004_SM16_micro007/SM16_micro004.mae
/lila/data/chodera/schrodinger/tmpdir/rustenburg/jag_SM16_micro004_SM16_micro007/SM16_micro004.in
/lila/data/chodera/schrodinger/tmpdir/rustenburg/jag_SM16_micro004_SM16_micro007/jag_SM16_micro004_SM16_micro007.recover
/lila/data/chodera/schrodinger/tmpdir/rustenburg/jag_SM16_micro004_SM16_micro007/lilac-0-5aeca5a0.recover
/lila/data/chodera/schrodinger/tmpdir/rustenburg/jag_SM16_micro004_SM16_micro007/SM16_micro007.in
/lila/data/chodera/schrodinger/tmpdir/rustenburg/jag_SM16_micro004_SM16_micro007/lilac-0-5aeca5a0.hosts

=====================
 Jaguar pKa workflow
=====================

Analysing user-provided (prot, deprot) pair:
(SM16_micro004.in, SM16_micro007.in)
Found labile hydrogen 18 in SM16_micro004.in
Found labile hydrogen at atom 11 in SM16_micro007.in
Adding 'ipkat' keyword to input files.

Identifying pKa functional group for pair:
(SM16_micro004, SM16_micro007)

Executing subprocess:
/data/chodera/schrodinger/schrodinger2017-4-advanced/jaguar-v9.8/bin/Linux-x86_64/pka -i -j SM16_micro004.tmp.jres -n

Taking protonated structures from:
SM16_micro004.mae
Taking deprotonated structures from:
SM16_micro007.mae

This molecule from 'SM16_micro004.mae' in water was recognized as:

 # 	                  Shell                   
---	------------------------------------------
1: 	Protonation of sp2-like aliphatic nitrogen
2: 	Protonation of generic atom               


Executing conformational search...

Executing 2 distributed subjobs:
---------------------------------

No more than 8 cpu(s) will be used per subjob.
No more than 10 cpu(s) will be used simultaneously.

Processing the following subjobs:
(1) jaguar run csrch.py SM16_micro004.mae -jobname SM16_micro004 -max_conf 5 -erg_window 50.208 -acc_level 1 -TPP 5
(2) jaguar run csrch.py SM16_micro007.mae -jobname SM16_micro007 -max_conf 5 -erg_window 50.208 -acc_level 1 -TPP 5

Running subjobs on hosts:
  lsf-cpu (Max: 2)
Number of jobs:       2
Max retries per job:  3
Max allowed failures: unlimited
Run with -LOCAL:      False
Verbosity:            normal

Starting JobDJ...

Keep one job on driver host: False
JobDJ columns:
  C: Number of completed subjobs
  A: Number of active subjobs (e.g., submitted, running)
  W: Number of waiting/pending subjobs

C A W | Activity  JobId  JobName  JobHost
- - - | --------- -----------------------
0 1 1 | launched  lt05-0-5aeca5eb SM16_micro004 lsf-cpu
0 2 0 | launched  lt05-0-5aeca5ef SM16_micro007 lsf-cpu
1 1 0 | finished  lt05-0-5aeca5ef SM16_micro007 lsf-cpu
2 0 0 | finished  lt05-0-5aeca5eb SM16_micro004 lsf-cpu

All jobs have completed.

2 of 2 job(s) succeeded; 0 job(s) failed.

Timer (distribute subjobs) : 417.86 secs (0 hrs, 06 mins, 57 secs)

Setting up QM workflow for (protonated, deprotonated) pair:
(1) (SM16_micro004, SM16_micro007)

Executing Jaguar quantum-mechanical subjobs...

Executing 9 distributed subjobs:
---------------------------------

No more than 8 cpu(s) will be used per subjob.
No more than 10 cpu(s) will be used simultaneously.

Processing the following subjobs:
(1) jaguar run pka_prot.bat -jobname SM16_micro004_conf_1 SM16_micro004_conf_1.in -TPP 2
(2) jaguar run pka_prot.bat -jobname SM16_micro004_conf_2 SM16_micro004_conf_2.in
(3) jaguar run pka_prot.bat -jobname SM16_micro004_conf_3 SM16_micro004_conf_3.in
(4) jaguar run pka_prot.bat -jobname SM16_micro004_conf_4 SM16_micro004_conf_4.in
(5) jaguar run pka_prot.bat -jobname SM16_micro004_conf_5 SM16_micro004_conf_5.in
(6) jaguar run pka_deprot.bat -jobname SM16_micro007_conf_1 SM16_micro007_conf_1.in
(7) jaguar run pka_deprot.bat -jobname SM16_micro007_conf_2 SM16_micro007_conf_2.in
(8) jaguar run pka_deprot.bat -jobname SM16_micro007_conf_3 SM16_micro007_conf_3.in
(9) jaguar run pka_deprot.bat -jobname SM16_micro007_conf_4 SM16_micro007_conf_4.in

Running subjobs on hosts:
  lsf-cpu (Max: 9)
Number of jobs:       9
Max retries per job:  3
Max allowed failures: unlimited
Run with -LOCAL:      False
Verbosity:            normal

Starting JobDJ...

Keep one job on driver host: False
JobDJ columns:
  C: Number of completed subjobs
  A: Number of active subjobs (e.g., submitted, running)
  W: Number of waiting/pending subjobs

C A W | Activity  JobId  JobName  JobHost
- - - | --------- -----------------------
0 1 8 | launched  lt05-0-5aeca78d SM16_micro004_conf_1 lsf-cpu
0 2 7 | launched  lt05-0-5aeca790 SM16_micro004_conf_2 lsf-cpu
0 3 6 | launched  lt05-0-5aeca792 SM16_micro004_conf_3 lsf-cpu
0 4 5 | launched  lt05-0-5aeca796 SM16_micro004_conf_4 lsf-cpu
0 5 4 | launched  lt05-0-5aeca799 SM16_micro004_conf_5 lsf-cpu
0 6 3 | launched  lt05-0-5aeca79c SM16_micro007_conf_1 lsf-cpu
0 7 2 | launched  lt05-0-5aeca79f SM16_micro007_conf_2 lsf-cpu
0 8 1 | launched  lt05-0-5aeca7a2 SM16_micro007_conf_3 lsf-cpu
0 9 0 | launched  lt05-0-5aeca7a5 SM16_micro007_conf_4 lsf-cpu
1 8 0 | finished  lt05-0-5aeca79f SM16_micro007_conf_2 lsf-cpu [lt08]
2 7 0 | finished  lt05-0-5aeca7a2 SM16_micro007_conf_3 lsf-cpu [ls01]
3 6 0 | finished  lt05-0-5aeca78d SM16_micro004_conf_1 lsf-cpu [lt08]
4 5 0 | finished  lt05-0-5aeca799 SM16_micro004_conf_5 lsf-cpu [lt08]
5 4 0 | finished  lt05-0-5aeca790 SM16_micro004_conf_2 lsf-cpu [lt08]
6 3 0 | finished  lt05-0-5aeca79c SM16_micro007_conf_1 lsf-cpu [lt08]
7 2 0 | finished  lt05-0-5aeca792 SM16_micro004_conf_3 lsf-cpu [lt08]
8 1 0 | finished  lt05-0-5aeca796 SM16_micro004_conf_4 lsf-cpu [lt08]
9 0 0 | finished  lt05-0-5aeca7a5 SM16_micro007_conf_4 lsf-cpu [lt21]

All jobs have completed.

9 of 9 job(s) succeeded; 0 job(s) failed.

Timer (distribute subjobs) : 3000.03 secs (0 hrs, 50 mins, 00 secs)

Processing QM output files...

Executing subprocess:
/data/chodera/schrodinger/schrodinger2017-4-advanced/jaguar results -energy SM16_micro004_conf_1.nrg_h.out

Executing subprocess:
/data/chodera/schrodinger/schrodinger2017-4-advanced/jaguar results -esolv SM16_micro004_conf_1.sol_h.out

Executing subprocess:
/data/chodera/schrodinger/schrodinger2017-4-advanced/jaguar results -energy SM16_micro004_conf_2.nrg_h.out

Executing subprocess:
/data/chodera/schrodinger/schrodinger2017-4-advanced/jaguar results -esolv SM16_micro004_conf_2.sol_h.out

Executing subprocess:
/data/chodera/schrodinger/schrodinger2017-4-advanced/jaguar results -energy SM16_micro004_conf_3.nrg_h.out

Executing subprocess:
/data/chodera/schrodinger/schrodinger2017-4-advanced/jaguar results -esolv SM16_micro004_conf_3.sol_h.out

Executing subprocess:
/data/chodera/schrodinger/schrodinger2017-4-advanced/jaguar results -energy SM16_micro004_conf_4.nrg_h.out

Executing subprocess:
/data/chodera/schrodinger/schrodinger2017-4-advanced/jaguar results -esolv SM16_micro004_conf_4.sol_h.out

Executing subprocess:
/data/chodera/schrodinger/schrodinger2017-4-advanced/jaguar results -energy SM16_micro004_conf_5.nrg_h.out

Executing subprocess:
/data/chodera/schrodinger/schrodinger2017-4-advanced/jaguar results -esolv SM16_micro004_conf_5.sol_h.out

Executing subprocess:
/data/chodera/schrodinger/schrodinger2017-4-advanced/jaguar results -energy SM16_micro007_conf_1.nrg.out

Executing subprocess:
/data/chodera/schrodinger/schrodinger2017-4-advanced/jaguar results -esolv SM16_micro007_conf_1.sol.out

Executing subprocess:
/data/chodera/schrodinger/schrodinger2017-4-advanced/jaguar results -energy SM16_micro007_conf_2.nrg.out

Executing subprocess:
/data/chodera/schrodinger/schrodinger2017-4-advanced/jaguar results -esolv SM16_micro007_conf_2.sol.out

Executing subprocess:
/data/chodera/schrodinger/schrodinger2017-4-advanced/jaguar results -energy SM16_micro007_conf_3.nrg.out

Executing subprocess:
/data/chodera/schrodinger/schrodinger2017-4-advanced/jaguar results -esolv SM16_micro007_conf_3.sol.out

Executing subprocess:
/data/chodera/schrodinger/schrodinger2017-4-advanced/jaguar results -energy SM16_micro007_conf_4.nrg.out

Executing subprocess:
/data/chodera/schrodinger/schrodinger2017-4-advanced/jaguar results -esolv SM16_micro007_conf_4.sol.out

Executing subprocess:
/data/chodera/schrodinger/schrodinger2017-4-advanced/jaguar-v9.8/bin/Linux-x86_64/pka -o SM16_micro004_deprot-out.mae -j SM16_micro004.jres -n -d

Executing subprocess:
/data/chodera/schrodinger/schrodinger2017-4-advanced/jaguar-v9.8/bin/Linux-x86_64/pka -o SM16_micro004_prot-out.mae -j SM16_micro004.jres -n

pKa calculation for SM16_micro004 completed.

pKa workflow jag_SM16_micro004_SM16_micro007 completed.

Timer (Jaguar pKa) : 3512.37 secs (0 hrs, 58 mins, 32 secs)
Timer (jaguar_backend.py) : 3512.37 secs (0 hrs, 58 mins, 32 secs)
Finished:   Fri May  4 15:25:17 2018
