Command:    jaguar run pka.py -jobname jag_SM23_micro047_SM23_micro043 -PARALLEL 10 -WAIT -n -csrch -prot SM23_micro047.in -deprot SM23_micro043.in
Release:    2017-4
Exec:       /data/chodera/schrodinger/schrodinger2017-4-advanced/jaguar-v9.8/bin/Linux-x86_64
Host:       ls16
JobId:      ls16-0-5af46fe2
JobDir:     /lila/data/chodera/schrodinger/tmpdir/rustenburg/jag_SM23_micro047_SM23_micro043
Date:       Thu May 10 12:14:36 2018

Contents of /lila/data/chodera/schrodinger/tmpdir/rustenburg/jag_SM23_micro047_SM23_micro043:
/lila/data/chodera/schrodinger/tmpdir/rustenburg/jag_SM23_micro047_SM23_micro043/SM23_micro043.in
/lila/data/chodera/schrodinger/tmpdir/rustenburg/jag_SM23_micro047_SM23_micro043/ls16-0-5af46fe2.mpinodes
/lila/data/chodera/schrodinger/tmpdir/rustenburg/jag_SM23_micro047_SM23_micro043/ls16-0-5af46fe2
/lila/data/chodera/schrodinger/tmpdir/rustenburg/jag_SM23_micro047_SM23_micro043/SM23_micro043.mae
/lila/data/chodera/schrodinger/tmpdir/rustenburg/jag_SM23_micro047_SM23_micro043/SM23_micro047.mae
/lila/data/chodera/schrodinger/tmpdir/rustenburg/jag_SM23_micro047_SM23_micro043/jag_SM23_micro047_SM23_micro043.recover
/lila/data/chodera/schrodinger/tmpdir/rustenburg/jag_SM23_micro047_SM23_micro043/SM23_micro047.in
/lila/data/chodera/schrodinger/tmpdir/rustenburg/jag_SM23_micro047_SM23_micro043/ls16-0-5af46fe2.recover
/lila/data/chodera/schrodinger/tmpdir/rustenburg/jag_SM23_micro047_SM23_micro043/jag_SM23_micro047_SM23_micro043.log

=====================
 Jaguar pKa workflow
=====================

Analysing user-provided (prot, deprot) pair:
(SM23_micro047.in, SM23_micro043.in)
Found labile hydrogen 34 in SM23_micro047.in
Found labile hydrogen at atom 19 in SM23_micro043.in
Adding 'ipkat' keyword to input files.

Identifying pKa functional group for pair:
(SM23_micro047, SM23_micro043)

Executing subprocess:
/data/chodera/schrodinger/schrodinger2017-4-advanced/jaguar-v9.8/bin/Linux-x86_64/pka -i -j SM23_micro047.tmp.jres -n

Taking protonated structures from:
SM23_micro047.mae
Taking deprotonated structures from:
SM23_micro043.mae

This molecule from 'SM23_micro047.mae' in water was recognized as:

 # 	           Shell           
---	---------------------------
1: 	pyrimidine                 
2: 	heterocycle custom 1       
3: 	heterocycle                
4: 	Protonation of generic atom


Executing conformational search...

Executing 2 distributed subjobs:
---------------------------------

No more than 8 cpu(s) will be used per subjob.
No more than 10 cpu(s) will be used simultaneously.

Processing the following subjobs:
(1) jaguar run csrch.py SM23_micro047.mae -jobname SM23_micro047 -max_conf 5 -erg_window 50.208 -acc_level 1 -TPP 5
(2) jaguar run csrch.py SM23_micro043.mae -jobname SM23_micro043 -max_conf 5 -erg_window 50.208 -acc_level 1 -TPP 5

Running subjobs on hosts:
  localhost (Max: 2)
Number of jobs:       2
Max retries per job:  3
Max allowed failures: unlimited
Run with -LOCAL:      False
Verbosity:            normal

Starting JobDJ...

Keep one job on driver host: False
JobDJ columns:
  C: Number of completed subjobs
  A: Number of active subjobs (e.g., submitted, running)
  W: Number of waiting/pending subjobs

C A W | Activity  JobId  JobName  JobHost
- - - | --------- -----------------------
0 1 1 | launched  ls16-0-5af46ff4 SM23_micro047 localhost [ls16]
0 2 0 | launched  ls16-0-5af46ff7 SM23_micro043 localhost [ls16]
1 1 0 | finished  ls16-0-5af46ff7 SM23_micro043 localhost [ls16]
2 0 0 | finished  ls16-0-5af46ff4 SM23_micro047 localhost [ls16]

All jobs have completed.

2 of 2 job(s) succeeded; 0 job(s) failed.

Timer (distribute subjobs) : 1871.12 secs (0 hrs, 31 mins, 11 secs)

Setting up QM workflow for (protonated, deprotonated) pair:
(1) (SM23_micro047, SM23_micro043)

Executing Jaguar quantum-mechanical subjobs...

Executing 10 distributed subjobs:
----------------------------------

No more than 8 cpu(s) will be used per subjob.
No more than 10 cpu(s) will be used simultaneously.

Processing the following subjobs:
(1) jaguar run pka_prot.bat -jobname SM23_micro047_conf_1 SM23_micro047_conf_1.in
(2) jaguar run pka_prot.bat -jobname SM23_micro047_conf_2 SM23_micro047_conf_2.in
(3) jaguar run pka_prot.bat -jobname SM23_micro047_conf_3 SM23_micro047_conf_3.in
(4) jaguar run pka_prot.bat -jobname SM23_micro047_conf_4 SM23_micro047_conf_4.in
(5) jaguar run pka_prot.bat -jobname SM23_micro047_conf_5 SM23_micro047_conf_5.in
(6) jaguar run pka_deprot.bat -jobname SM23_micro043_conf_1 SM23_micro043_conf_1.in
(7) jaguar run pka_deprot.bat -jobname SM23_micro043_conf_2 SM23_micro043_conf_2.in
(8) jaguar run pka_deprot.bat -jobname SM23_micro043_conf_3 SM23_micro043_conf_3.in
(9) jaguar run pka_deprot.bat -jobname SM23_micro043_conf_4 SM23_micro043_conf_4.in
(10) jaguar run pka_deprot.bat -jobname SM23_micro043_conf_5 SM23_micro043_conf_5.in

Running subjobs on hosts:
  localhost (Max: 10)
Number of jobs:       10
Max retries per job:  3
Max allowed failures: unlimited
Run with -LOCAL:      False
Verbosity:            normal

Starting JobDJ...

Keep one job on driver host: False
JobDJ columns:
  C: Number of completed subjobs
  A: Number of active subjobs (e.g., submitted, running)
  W: Number of waiting/pending subjobs

 C  A  W | Activity  JobId  JobName  JobHost
-- -- -- | --------- -----------------------
 0  1  9 | launched  ls16-0-5af47758 SM23_micro047_conf_1 localhost [ls16]
 0  2  8 | launched  ls16-0-5af4775d SM23_micro047_conf_2 localhost [ls16]
 0  3  7 | launched  ls16-1-5af4775f SM23_micro047_conf_3 localhost [ls16]
 0  4  6 | launched  ls16-0-5af47762 SM23_micro047_conf_4 localhost [ls16]
 0  5  5 | launched  ls16-0-5af47764 SM23_micro047_conf_5 localhost [ls16]
 0  6  4 | launched  ls16-0-5af47767 SM23_micro043_conf_1 localhost [ls16]
 0  7  3 | launched  ls16-0-5af47769 SM23_micro043_conf_2 localhost [ls16]
 0  8  2 | launched  ls16-1-5af4776b SM23_micro043_conf_3 localhost [ls16]
 0  9  1 | launched  ls16-0-5af4776e SM23_micro043_conf_4 localhost [ls16]
 0 10  0 | launched  ls16-1-5af47770 SM23_micro043_conf_5 localhost [ls16]
Subjob 'SM23_micro043_conf_2' died (died) [jobid ls16-0-5af47769]
 1  9  0 | died      ls16-0-5af47769 SM23_micro043_conf_2 localhost [ls16]
ERROR: Subjob 'SM23_micro043_conf_2' has failed.

Last 20 lines of 'SM23_micro043_conf_2.log':

  etot    2  Y  Y  6  M   -1411.51793657507  4.5E-02  1.6E-04  5.6E-03
  etot    3  N  Y  2  U   -1411.49798867526 -2.0E-02  8.2E-06  9.5E-03
  etot    4  N  Y  2  U   -1411.49839515605  4.1E-04  5.2E-04  9.4E-03
  etot    5  Y  Y  6  M   -1411.51317792562  1.5E-02  7.0E-04  3.0E-03
  etot    6  N  Y  2  U   -1411.48938262602 -2.4E-02  6.7E-04  1.1E-02
  etot    7  N  Y  2  U   -1411.51475683431  2.5E-02  7.3E-05  3.5E-03
  etot    8  Y  Y  6  M   -1411.51576282001  1.0E-03  6.1E-05  2.6E-03
  etot    9  Y  Y  6  M   -1411.51632440294  5.6E-04  4.1E-05  1.8E-03
  etot   10  N  Y  2  U   -1411.51696397179  6.4E-04  3.9E-05  1.3E-03
  Error: jaguar died in program scf
  
  Job SM23_micro043_conf_2.sol halted prematurely on ls16 at Thu May 10 15:12:13 2018
  Timer (jaguar_backend.py) : 209.65 secs (0 hrs, 03 mins, 29 secs)
  Finished:   Thu May 10 15:12:13 2018
  
  
  Done. 
  Thu, 10 May 2018 15:12:19
  Timer (jaguar_backend.py) : 8743.91 secs (2 hrs, 25 mins, 43 secs)
  Finished:   Thu May 10 15:12:19 2018


Last 20 lines of 'SM23_micro043_conf_2.recover':

  Name: 'SM23_micro043_conf_2'
  JobId: 'ls16-0-5af47769'
  Commandline: '/data/chodera/schrodinger/schrodinger2017-4-advanced/jaguar run pka_deprot.bat -jobname SM23_micro043_conf_2 SM23_micro043_conf_2.in -HOST localhost'
  BackendCmdline: 'run batscript.py -jobname SM23_micro043_conf_2 SM23_micro043_conf_2.in -script pka_deprot.bat'
  Outfiles:


No job control errors were found.
 1  9  0 | died      ls16-0-5af47769 SM23_micro043_conf_2 localhost [ls16]
 2  8  0 | finished  ls16-0-5af4776e SM23_micro043_conf_4 localhost [ls16]
 3  7  0 | finished  ls16-0-5af47767 SM23_micro043_conf_1 localhost [ls16]
 4  6  0 | finished  ls16-1-5af47770 SM23_micro043_conf_5 localhost [ls16]
 5  5  0 | finished  ls16-1-5af4776b SM23_micro043_conf_3 localhost [ls16]
 6  4  0 | finished  ls16-1-5af4775f SM23_micro047_conf_3 localhost [ls16]
 7  3  0 | finished  ls16-0-5af47758 SM23_micro047_conf_1 localhost [ls16]
 8  2  0 | finished  ls16-0-5af47762 SM23_micro047_conf_4 localhost [ls16]
 9  1  0 | finished  ls16-0-5af4775d SM23_micro047_conf_2 localhost [ls16]
10  0  0 | finished  ls16-0-5af47764 SM23_micro047_conf_5 localhost [ls16]

All jobs have completed.

9 of 10 job(s) succeeded; 1 job(s) failed.

Timer (distribute subjobs) : 17432.68 secs (4 hrs, 50 mins, 32 secs)

Processing QM output files...

Executing subprocess:
/data/chodera/schrodinger/schrodinger2017-4-advanced/jaguar results -energy SM23_micro047_conf_1.nrg_h.out

Executing subprocess:
/data/chodera/schrodinger/schrodinger2017-4-advanced/jaguar results -esolv SM23_micro047_conf_1.sol_h.out

Executing subprocess:
/data/chodera/schrodinger/schrodinger2017-4-advanced/jaguar results -energy SM23_micro047_conf_2.nrg_h.out

Executing subprocess:
/data/chodera/schrodinger/schrodinger2017-4-advanced/jaguar results -esolv SM23_micro047_conf_2.sol_h.out

Executing subprocess:
/data/chodera/schrodinger/schrodinger2017-4-advanced/jaguar results -energy SM23_micro047_conf_3.nrg_h.out

Executing subprocess:
/data/chodera/schrodinger/schrodinger2017-4-advanced/jaguar results -esolv SM23_micro047_conf_3.sol_h.out

Executing subprocess:
/data/chodera/schrodinger/schrodinger2017-4-advanced/jaguar results -energy SM23_micro047_conf_4.nrg_h.out

Executing subprocess:
/data/chodera/schrodinger/schrodinger2017-4-advanced/jaguar results -esolv SM23_micro047_conf_4.sol_h.out

Executing subprocess:
/data/chodera/schrodinger/schrodinger2017-4-advanced/jaguar results -energy SM23_micro047_conf_5.nrg_h.out

Executing subprocess:
/data/chodera/schrodinger/schrodinger2017-4-advanced/jaguar results -esolv SM23_micro047_conf_5.sol_h.out

Executing subprocess:
/data/chodera/schrodinger/schrodinger2017-4-advanced/jaguar results -energy SM23_micro043_conf_1.nrg.out

Executing subprocess:
/data/chodera/schrodinger/schrodinger2017-4-advanced/jaguar results -esolv SM23_micro043_conf_1.sol.out

Executing subprocess:
/data/chodera/schrodinger/schrodinger2017-4-advanced/jaguar results -energy SM23_micro043_conf_2.nrg.out

Executing subprocess:
/data/chodera/schrodinger/schrodinger2017-4-advanced/jaguar results -esolv SM23_micro043_conf_2.sol.out

Executing subprocess:
/data/chodera/schrodinger/schrodinger2017-4-advanced/jaguar results -energy SM23_micro043_conf_3.nrg.out

Executing subprocess:
/data/chodera/schrodinger/schrodinger2017-4-advanced/jaguar results -esolv SM23_micro043_conf_3.sol.out

Executing subprocess:
/data/chodera/schrodinger/schrodinger2017-4-advanced/jaguar results -energy SM23_micro043_conf_4.nrg.out

Executing subprocess:
/data/chodera/schrodinger/schrodinger2017-4-advanced/jaguar results -esolv SM23_micro043_conf_4.sol.out

Executing subprocess:
/data/chodera/schrodinger/schrodinger2017-4-advanced/jaguar results -energy SM23_micro043_conf_5.nrg.out

Executing subprocess:
/data/chodera/schrodinger/schrodinger2017-4-advanced/jaguar results -esolv SM23_micro043_conf_5.sol.out

Executing subprocess:
/data/chodera/schrodinger/schrodinger2017-4-advanced/jaguar-v9.8/bin/Linux-x86_64/pka -o SM23_micro047_deprot-out.mae -j SM23_micro047.jres -n -d

Executing subprocess:
/data/chodera/schrodinger/schrodinger2017-4-advanced/jaguar-v9.8/bin/Linux-x86_64/pka -o SM23_micro047_prot-out.mae -j SM23_micro047.jres -n

pKa calculation for SM23_micro047 completed.

pKa workflow jag_SM23_micro047_SM23_micro043 completed.

Timer (Jaguar pKa) : 19391.16 secs (5 hrs, 23 mins, 11 secs)
Timer (jaguar_backend.py) : 19391.16 secs (5 hrs, 23 mins, 11 secs)
Finished:   Thu May 10 17:37:47 2018
