Command:    jaguar run pka.py -jobname jag_SM21_micro001_SM21_micro018 -PARALLEL 10 -n -csrch -prot SM21_micro001.in -deprot SM21_micro018.in
Release:    2017-4
Exec:       /data/chodera/schrodinger/schrodinger2017-4-advanced/jaguar-v9.8/bin/Linux-x86_64
Host:       ls15
JobId:      lilac-0-5aeccfe8
JobDir:     /lila/data/chodera/schrodinger/tmpdir/rustenburg/jag_SM21_micro001_SM21_micro018
Date:       Fri May  4 19:18:39 2018

Contents of /lila/data/chodera/schrodinger/tmpdir/rustenburg/jag_SM21_micro001_SM21_micro018:
/lila/data/chodera/schrodinger/tmpdir/rustenburg/jag_SM21_micro001_SM21_micro018/SM21_micro001.in
/lila/data/chodera/schrodinger/tmpdir/rustenburg/jag_SM21_micro001_SM21_micro018/jag_SM21_micro001_SM21_micro018.log
/lila/data/chodera/schrodinger/tmpdir/rustenburg/jag_SM21_micro001_SM21_micro018/lilac-0-5aeccfe8.mpinodes
/lila/data/chodera/schrodinger/tmpdir/rustenburg/jag_SM21_micro001_SM21_micro018/lilac-0-5aeccfe8.nodes
/lila/data/chodera/schrodinger/tmpdir/rustenburg/jag_SM21_micro001_SM21_micro018/SM21_micro018.in
/lila/data/chodera/schrodinger/tmpdir/rustenburg/jag_SM21_micro001_SM21_micro018/lilac-0-5aeccfe8.recover
/lila/data/chodera/schrodinger/tmpdir/rustenburg/jag_SM21_micro001_SM21_micro018/SM21_micro018.mae
/lila/data/chodera/schrodinger/tmpdir/rustenburg/jag_SM21_micro001_SM21_micro018/jag_SM21_micro001_SM21_micro018.recover
/lila/data/chodera/schrodinger/tmpdir/rustenburg/jag_SM21_micro001_SM21_micro018/lilac-0-5aeccfe8
/lila/data/chodera/schrodinger/tmpdir/rustenburg/jag_SM21_micro001_SM21_micro018/SM21_micro001.mae
/lila/data/chodera/schrodinger/tmpdir/rustenburg/jag_SM21_micro001_SM21_micro018/lilac-0-5aeccfe8.jlog
/lila/data/chodera/schrodinger/tmpdir/rustenburg/jag_SM21_micro001_SM21_micro018/lilac-0-5aeccfe8.hosts

=====================
 Jaguar pKa workflow
=====================

Analysing user-provided (prot, deprot) pair:
(SM21_micro001.in, SM21_micro018.in)
Error: heavy atoms are different in input files:
SM21_micro001.in
SM21_micro018.in


An error has occurred.  Information about the error has been written to 
/home/rustenburg/.schrodinger/exceptions/error20180504-191839-1.txt 

Please contact help@schrodinger.com for assistance. Include error20180504-191839-1.txt and a description of what you were doing when the error occurred.
