Command:    jaguar run pka.py -jobname jag_SM23_micro024_SM23_micro012 -PARALLEL 10 -WAIT -n -csrch -prot SM23_micro024.in -deprot SM23_micro012.in
Release:    2017-4
Exec:       /data/chodera/schrodinger/schrodinger2017-4-advanced/jaguar-v9.8/bin/Linux-x86_64
Host:       lt02
JobId:      lt02-2-5af45f3b
JobDir:     /lila/data/chodera/schrodinger/tmpdir/rustenburg/jag_SM23_micro024_SM23_micro012
Date:       Thu May 10 11:09:08 2018

Contents of /lila/data/chodera/schrodinger/tmpdir/rustenburg/jag_SM23_micro024_SM23_micro012:
/lila/data/chodera/schrodinger/tmpdir/rustenburg/jag_SM23_micro024_SM23_micro012/SM23_micro012.mae
/lila/data/chodera/schrodinger/tmpdir/rustenburg/jag_SM23_micro024_SM23_micro012/jag_SM23_micro024_SM23_micro012.log
/lila/data/chodera/schrodinger/tmpdir/rustenburg/jag_SM23_micro024_SM23_micro012/lt02-2-5af45f3b.mpinodes
/lila/data/chodera/schrodinger/tmpdir/rustenburg/jag_SM23_micro024_SM23_micro012/SM23_micro024.mae
/lila/data/chodera/schrodinger/tmpdir/rustenburg/jag_SM23_micro024_SM23_micro012/lt02-2-5af45f3b
/lila/data/chodera/schrodinger/tmpdir/rustenburg/jag_SM23_micro024_SM23_micro012/SM23_micro024.in
/lila/data/chodera/schrodinger/tmpdir/rustenburg/jag_SM23_micro024_SM23_micro012/SM23_micro012.in
/lila/data/chodera/schrodinger/tmpdir/rustenburg/jag_SM23_micro024_SM23_micro012/jag_SM23_micro024_SM23_micro012.recover
/lila/data/chodera/schrodinger/tmpdir/rustenburg/jag_SM23_micro024_SM23_micro012/lt02-2-5af45f3b.recover

=====================
 Jaguar pKa workflow
=====================

Analysing user-provided (prot, deprot) pair:
(SM23_micro024.in, SM23_micro012.in)
Found labile hydrogen 46 in SM23_micro024.in
Found labile hydrogen at atom 20 in SM23_micro012.in
Adding 'ipkat' keyword to input files.

Identifying pKa functional group for pair:
(SM23_micro024, SM23_micro012)

Executing subprocess:
/data/chodera/schrodinger/schrodinger2017-4-advanced/jaguar-v9.8/bin/Linux-x86_64/pka -i -j SM23_micro024.tmp.jres -n

Taking protonated structures from:
SM23_micro024.mae
Taking deprotonated structures from:
SM23_micro012.mae

This molecule from 'SM23_micro024.mae' in water was recognized as:

 # 	                  Shell                   
---	------------------------------------------
1: 	secondary aniline                         
2: 	Protonation of sp3-like aliphatic nitrogen
3: 	Protonation of generic atom               


Executing conformational search...

Executing 2 distributed subjobs:
---------------------------------

No more than 8 cpu(s) will be used per subjob.
No more than 10 cpu(s) will be used simultaneously.

Processing the following subjobs:
(1) jaguar run csrch.py SM23_micro024.mae -jobname SM23_micro024 -max_conf 5 -erg_window 50.208 -acc_level 1 -TPP 5
(2) jaguar run csrch.py SM23_micro012.mae -jobname SM23_micro012 -max_conf 5 -erg_window 50.208 -acc_level 1 -TPP 5

Running subjobs on hosts:
  localhost (Max: 2)
Number of jobs:       2
Max retries per job:  3
Max allowed failures: unlimited
Run with -LOCAL:      False
Verbosity:            normal

Starting JobDJ...

Keep one job on driver host: False
JobDJ columns:
  C: Number of completed subjobs
  A: Number of active subjobs (e.g., submitted, running)
  W: Number of waiting/pending subjobs

C A W | Activity  JobId  JobName  JobHost
- - - | --------- -----------------------
WARNING: Job launch failed for 1/2 times.
% jaguar run csrch.py SM23_micro024.mae -jobname SM23_micro024 -max_conf 5 -erg_window 50.208 -acc_level 1 -TPP 5 -HOST localhost
Output
Launch failed: Process timed out after 300.0 seconds.

Command:
/data/chodera/schrodinger/schrodinger2017-4-advanced/jaguar run csrch.py SM23_micro024.mae -jobname SM23_micro024 -max_conf 5 -erg_window 50.208 -acc_level 1 -TPP 5 -HOST localhost
Output:

WARNING: Job launch failed for 2/2 times.
% jaguar run csrch.py SM23_micro024.mae -jobname SM23_micro024 -max_conf 5 -erg_window 50.208 -acc_level 1 -TPP 5 -HOST localhost
Output
Launch failed: Process timed out after 300.0 seconds.

Command:
/data/chodera/schrodinger/schrodinger2017-4-advanced/jaguar run csrch.py SM23_micro024.mae -jobname SM23_micro024 -max_conf 5 -erg_window 50.208 -acc_level 1 -TPP 5 -HOST localhost
Output:

0 1 1 | launched  lt02-0-5af46304 SM23_micro012 localhost [lt02]
0 2 0 | restarted lt02-0-5af463e6 SM23_micro024 localhost [lt02]
1 1 0 | finished  lt02-0-5af46304 SM23_micro012 localhost [lt02]
2 0 0 | finished  lt02-0-5af463e6 SM23_micro024 localhost [lt02]

All jobs have completed.

2 of 2 job(s) succeeded; 0 job(s) failed.

Timer (distribute subjobs) : 3737.90 secs (1 hrs, 02 mins, 17 secs)

Setting up QM workflow for (protonated, deprotonated) pair:
(1) (SM23_micro024, SM23_micro012)

Executing Jaguar quantum-mechanical subjobs...

Executing 10 distributed subjobs:
----------------------------------

No more than 8 cpu(s) will be used per subjob.
No more than 10 cpu(s) will be used simultaneously.

Processing the following subjobs:
(1) jaguar run pka_prot.bat -jobname SM23_micro024_conf_1 SM23_micro024_conf_1.in
(2) jaguar run pka_prot.bat -jobname SM23_micro024_conf_2 SM23_micro024_conf_2.in
(3) jaguar run pka_prot.bat -jobname SM23_micro024_conf_3 SM23_micro024_conf_3.in
(4) jaguar run pka_prot.bat -jobname SM23_micro024_conf_4 SM23_micro024_conf_4.in
(5) jaguar run pka_prot.bat -jobname SM23_micro024_conf_5 SM23_micro024_conf_5.in
(6) jaguar run pka_deprot.bat -jobname SM23_micro012_conf_1 SM23_micro012_conf_1.in
(7) jaguar run pka_deprot.bat -jobname SM23_micro012_conf_2 SM23_micro012_conf_2.in
(8) jaguar run pka_deprot.bat -jobname SM23_micro012_conf_3 SM23_micro012_conf_3.in
(9) jaguar run pka_deprot.bat -jobname SM23_micro012_conf_4 SM23_micro012_conf_4.in
(10) jaguar run pka_deprot.bat -jobname SM23_micro012_conf_5 SM23_micro012_conf_5.in

Running subjobs on hosts:
  localhost (Max: 10)
Number of jobs:       10
Max retries per job:  3
Max allowed failures: unlimited
Run with -LOCAL:      False
Verbosity:            normal

Starting JobDJ...

Keep one job on driver host: False
JobDJ columns:
  C: Number of completed subjobs
  A: Number of active subjobs (e.g., submitted, running)
  W: Number of waiting/pending subjobs

 C  A  W | Activity  JobId  JobName  JobHost
-- -- -- | --------- -----------------------
 0  1  9 | launched  lt02-0-5af46f46 SM23_micro024_conf_1 localhost [lt02]
 0  2  8 | launched  lt02-0-5af46f56 SM23_micro024_conf_2 localhost [lt02]
 0  3  7 | launched  lt02-0-5af46f69 SM23_micro024_conf_3 localhost [lt02]
 0  4  6 | launched  lt02-0-5af46f80 SM23_micro024_conf_4 localhost [lt02]
 0  5  5 | launched  lt02-0-5af46f8f SM23_micro024_conf_5 localhost [lt02]
 0  6  4 | launched  lt02-1-5af46fa1 SM23_micro012_conf_1 localhost [lt02]
 0  7  3 | launched  lt02-0-5af47000 SM23_micro012_conf_2 localhost [lt02]
 0  8  2 | launched  lt02-1-5af4701c SM23_micro012_conf_3 localhost [lt02]
 0  9  1 | launched  lt02-0-5af4704a SM23_micro012_conf_4 localhost [lt02]
 0 10  0 | launched  lt02-0-5af470a3 SM23_micro012_conf_5 localhost [lt02]
 1  9  0 | finished  lt02-1-5af4701c SM23_micro012_conf_3 localhost [lt02]
 2  8  0 | finished  lt02-0-5af46f8f SM23_micro024_conf_5 localhost [lt02]
 3  7  0 | finished  lt02-1-5af46fa1 SM23_micro012_conf_1 localhost [lt02]
 4  6  0 | finished  lt02-0-5af47000 SM23_micro012_conf_2 localhost [lt02]
 5  5  0 | finished  lt02-0-5af470a3 SM23_micro012_conf_5 localhost [lt02]
 6  4  0 | finished  lt02-0-5af4704a SM23_micro012_conf_4 localhost [lt02]
 7  3  0 | finished  lt02-0-5af46f80 SM23_micro024_conf_4 localhost [lt02]
 8  2  0 | finished  lt02-0-5af46f69 SM23_micro024_conf_3 localhost [lt02]
 9  1  0 | finished  lt02-0-5af46f46 SM23_micro024_conf_1 localhost [lt02]
10  0  0 | finished  lt02-0-5af46f56 SM23_micro024_conf_2 localhost [lt02]

All jobs have completed.

10 of 10 job(s) succeeded; 0 job(s) failed.

Timer (distribute subjobs) : 14919.37 secs (4 hrs, 08 mins, 39 secs)

Processing QM output files...

Executing subprocess:
/data/chodera/schrodinger/schrodinger2017-4-advanced/jaguar results -energy SM23_micro024_conf_1.nrg_h.out

Executing subprocess:
/data/chodera/schrodinger/schrodinger2017-4-advanced/jaguar results -esolv SM23_micro024_conf_1.sol_h.out

Executing subprocess:
/data/chodera/schrodinger/schrodinger2017-4-advanced/jaguar results -energy SM23_micro024_conf_2.nrg_h.out

Executing subprocess:
/data/chodera/schrodinger/schrodinger2017-4-advanced/jaguar results -esolv SM23_micro024_conf_2.sol_h.out

Executing subprocess:
/data/chodera/schrodinger/schrodinger2017-4-advanced/jaguar results -energy SM23_micro024_conf_3.nrg_h.out

Executing subprocess:
/data/chodera/schrodinger/schrodinger2017-4-advanced/jaguar results -esolv SM23_micro024_conf_3.sol_h.out

Executing subprocess:
/data/chodera/schrodinger/schrodinger2017-4-advanced/jaguar results -energy SM23_micro024_conf_4.nrg_h.out

Executing subprocess:
/data/chodera/schrodinger/schrodinger2017-4-advanced/jaguar results -esolv SM23_micro024_conf_4.sol_h.out

Executing subprocess:
/data/chodera/schrodinger/schrodinger2017-4-advanced/jaguar results -energy SM23_micro024_conf_5.nrg_h.out

Executing subprocess:
/data/chodera/schrodinger/schrodinger2017-4-advanced/jaguar results -esolv SM23_micro024_conf_5.sol_h.out

Executing subprocess:
/data/chodera/schrodinger/schrodinger2017-4-advanced/jaguar results -energy SM23_micro012_conf_1.nrg.out

Executing subprocess:
/data/chodera/schrodinger/schrodinger2017-4-advanced/jaguar results -esolv SM23_micro012_conf_1.sol.out

Executing subprocess:
/data/chodera/schrodinger/schrodinger2017-4-advanced/jaguar results -energy SM23_micro012_conf_2.nrg.out

Executing subprocess:
/data/chodera/schrodinger/schrodinger2017-4-advanced/jaguar results -esolv SM23_micro012_conf_2.sol.out

Executing subprocess:
/data/chodera/schrodinger/schrodinger2017-4-advanced/jaguar results -energy SM23_micro012_conf_3.nrg.out

Executing subprocess:
/data/chodera/schrodinger/schrodinger2017-4-advanced/jaguar results -esolv SM23_micro012_conf_3.sol.out

Executing subprocess:
/data/chodera/schrodinger/schrodinger2017-4-advanced/jaguar results -energy SM23_micro012_conf_4.nrg.out

Executing subprocess:
/data/chodera/schrodinger/schrodinger2017-4-advanced/jaguar results -esolv SM23_micro012_conf_4.sol.out

Executing subprocess:
/data/chodera/schrodinger/schrodinger2017-4-advanced/jaguar results -energy SM23_micro012_conf_5.nrg.out

Executing subprocess:
/data/chodera/schrodinger/schrodinger2017-4-advanced/jaguar results -esolv SM23_micro012_conf_5.sol.out

Executing subprocess:
/data/chodera/schrodinger/schrodinger2017-4-advanced/jaguar-v9.8/bin/Linux-x86_64/pka -o SM23_micro024_deprot-out.mae -j SM23_micro024.jres -n -d

Executing subprocess:
/data/chodera/schrodinger/schrodinger2017-4-advanced/jaguar-v9.8/bin/Linux-x86_64/pka -o SM23_micro024_prot-out.mae -j SM23_micro024.jres -n

pKa calculation for SM23_micro024 completed.

pKa workflow jag_SM23_micro024_SM23_micro012 completed.

Timer (Jaguar pKa) : 18739.94 secs (5 hrs, 12 mins, 19 secs)
Timer (jaguar_backend.py) : 18739.94 secs (5 hrs, 12 mins, 19 secs)
Finished:   Thu May 10 16:21:28 2018
