Command:    jaguar run pka.py -jobname jag_SM18_micro059_SM18_micro021 -PARALLEL 10 -n -csrch -prot SM18_micro059.in -deprot SM18_micro021.in
Release:    2017-4
Exec:       /data/chodera/schrodinger/schrodinger2017-4-advanced/jaguar-v9.8/bin/Linux-x86_64
Host:       ls16
JobId:      lilac-0-5aecaeeb
JobDir:     /lila/data/chodera/schrodinger/tmpdir/rustenburg/jag_SM18_micro059_SM18_micro021
Date:       Fri May  4 15:16:51 2018

Contents of /lila/data/chodera/schrodinger/tmpdir/rustenburg/jag_SM18_micro059_SM18_micro021:
/lila/data/chodera/schrodinger/tmpdir/rustenburg/jag_SM18_micro059_SM18_micro021/lilac-0-5aecaeeb.hosts
/lila/data/chodera/schrodinger/tmpdir/rustenburg/jag_SM18_micro059_SM18_micro021/lilac-0-5aecaeeb
/lila/data/chodera/schrodinger/tmpdir/rustenburg/jag_SM18_micro059_SM18_micro021/lilac-0-5aecaeeb.nodes
/lila/data/chodera/schrodinger/tmpdir/rustenburg/jag_SM18_micro059_SM18_micro021/lilac-0-5aecaeeb.mpinodes
/lila/data/chodera/schrodinger/tmpdir/rustenburg/jag_SM18_micro059_SM18_micro021/jag_SM18_micro059_SM18_micro021.log
/lila/data/chodera/schrodinger/tmpdir/rustenburg/jag_SM18_micro059_SM18_micro021/jag_SM18_micro059_SM18_micro021.recover
/lila/data/chodera/schrodinger/tmpdir/rustenburg/jag_SM18_micro059_SM18_micro021/SM18_micro021.mae
/lila/data/chodera/schrodinger/tmpdir/rustenburg/jag_SM18_micro059_SM18_micro021/SM18_micro021.in
/lila/data/chodera/schrodinger/tmpdir/rustenburg/jag_SM18_micro059_SM18_micro021/SM18_micro059.in
/lila/data/chodera/schrodinger/tmpdir/rustenburg/jag_SM18_micro059_SM18_micro021/SM18_micro059.mae
/lila/data/chodera/schrodinger/tmpdir/rustenburg/jag_SM18_micro059_SM18_micro021/lilac-0-5aecaeeb.jlog
/lila/data/chodera/schrodinger/tmpdir/rustenburg/jag_SM18_micro059_SM18_micro021/lilac-0-5aecaeeb.recover

=====================
 Jaguar pKa workflow
=====================

Analysing user-provided (prot, deprot) pair:
(SM18_micro059.in, SM18_micro021.in)
Error: heavy atoms are different in input files:
SM18_micro059.in
SM18_micro021.in


An error has occurred.  Information about the error has been written to 
/home/rustenburg/.schrodinger/exceptions/error20180504-151651.txt 

Please contact help@schrodinger.com for assistance. Include error20180504-151651.txt and a description of what you were doing when the error occurred.
