Command:    jaguar run pka.py -jobname jag_SM24_micro031_SM24_micro023 -PARALLEL 10 -n -csrch -prot SM24_micro031.in -deprot SM24_micro023.in
Release:    2017-4
Exec:       /data/chodera/schrodinger/schrodinger2017-4-advanced/jaguar-v9.8/bin/Linux-x86_64
Host:       lt02
JobId:      lilac-0-5aecd631
JobDir:     /lila/data/chodera/schrodinger/tmpdir/rustenburg/jag_SM24_micro031_SM24_micro023
Date:       Fri May  4 19:23:16 2018

Contents of /lila/data/chodera/schrodinger/tmpdir/rustenburg/jag_SM24_micro031_SM24_micro023:
/lila/data/chodera/schrodinger/tmpdir/rustenburg/jag_SM24_micro031_SM24_micro023/jag_SM24_micro031_SM24_micro023.recover
/lila/data/chodera/schrodinger/tmpdir/rustenburg/jag_SM24_micro031_SM24_micro023/lilac-0-5aecd631.hosts
/lila/data/chodera/schrodinger/tmpdir/rustenburg/jag_SM24_micro031_SM24_micro023/lilac-0-5aecd631.mpinodes
/lila/data/chodera/schrodinger/tmpdir/rustenburg/jag_SM24_micro031_SM24_micro023/lilac-0-5aecd631.nodes
/lila/data/chodera/schrodinger/tmpdir/rustenburg/jag_SM24_micro031_SM24_micro023/SM24_micro031.mae
/lila/data/chodera/schrodinger/tmpdir/rustenburg/jag_SM24_micro031_SM24_micro023/SM24_micro023.in
/lila/data/chodera/schrodinger/tmpdir/rustenburg/jag_SM24_micro031_SM24_micro023/SM24_micro031.in
/lila/data/chodera/schrodinger/tmpdir/rustenburg/jag_SM24_micro031_SM24_micro023/lilac-0-5aecd631
/lila/data/chodera/schrodinger/tmpdir/rustenburg/jag_SM24_micro031_SM24_micro023/lilac-0-5aecd631.recover
/lila/data/chodera/schrodinger/tmpdir/rustenburg/jag_SM24_micro031_SM24_micro023/jag_SM24_micro031_SM24_micro023.log
/lila/data/chodera/schrodinger/tmpdir/rustenburg/jag_SM24_micro031_SM24_micro023/SM24_micro023.mae
/lila/data/chodera/schrodinger/tmpdir/rustenburg/jag_SM24_micro031_SM24_micro023/lilac-0-5aecd631.jlog

=====================
 Jaguar pKa workflow
=====================

Analysing user-provided (prot, deprot) pair:
(SM24_micro031.in, SM24_micro023.in)
Found labile hydrogen 31 in SM24_micro031.in
Found labile hydrogen at atom 24 in SM24_micro023.in
Adding 'ipkat' keyword to input files.

Identifying pKa functional group for pair:
(SM24_micro031, SM24_micro023)

Executing subprocess:
/data/chodera/schrodinger/schrodinger2017-4-advanced/jaguar-v9.8/bin/Linux-x86_64/pka -i -j SM24_micro031.tmp.jres -n

Taking protonated structures from:
SM24_micro031.mae
Taking deprotonated structures from:
SM24_micro023.mae

This molecule from 'SM24_micro031.mae' in water was recognized as:

 # 	           Shell           
---	---------------------------
1: 	heterocycle custom 1       
2: 	heterocycle                
3: 	Protonation of generic atom


Executing conformational search...

Executing 2 distributed subjobs:
---------------------------------

No more than 8 cpu(s) will be used per subjob.
No more than 10 cpu(s) will be used simultaneously.

Processing the following subjobs:
(1) jaguar run csrch.py SM24_micro031.mae -jobname SM24_micro031 -max_conf 5 -erg_window 50.208 -acc_level 1 -TPP 5
(2) jaguar run csrch.py SM24_micro023.mae -jobname SM24_micro023 -max_conf 5 -erg_window 50.208 -acc_level 1 -TPP 5

Running subjobs on hosts:
  lsf-cpu (Max: 2)
Number of jobs:       2
Max retries per job:  3
Max allowed failures: unlimited
Run with -LOCAL:      False
Verbosity:            normal

Starting JobDJ...

Keep one job on driver host: False
JobDJ columns:
  C: Number of completed subjobs
  A: Number of active subjobs (e.g., submitted, running)
  W: Number of waiting/pending subjobs

C A W | Activity  JobId  JobName  JobHost
- - - | --------- -----------------------
0 1 1 | launched  lt02-31-5aeceb85 SM24_micro031 lsf-cpu
0 2 0 | launched  lt02-13-5aeceb99 SM24_micro023 lsf-cpu
1 1 0 | finished  lt02-13-5aeceb99 SM24_micro023 lsf-cpu [ls02]
2 0 0 | finished  lt02-31-5aeceb85 SM24_micro031 lsf-cpu [ls17]

All jobs have completed.

2 of 2 job(s) succeeded; 0 job(s) failed.

Timer (distribute subjobs) : 9315.57 secs (2 hrs, 35 mins, 15 secs)

Setting up QM workflow for (protonated, deprotonated) pair:
(1) (SM24_micro031, SM24_micro023)

Executing Jaguar quantum-mechanical subjobs...

Executing 10 distributed subjobs:
----------------------------------

No more than 8 cpu(s) will be used per subjob.
No more than 10 cpu(s) will be used simultaneously.

Processing the following subjobs:
(1) jaguar run pka_prot.bat -jobname SM24_micro031_conf_1 SM24_micro031_conf_1.in
(2) jaguar run pka_prot.bat -jobname SM24_micro031_conf_2 SM24_micro031_conf_2.in
(3) jaguar run pka_prot.bat -jobname SM24_micro031_conf_3 SM24_micro031_conf_3.in
(4) jaguar run pka_prot.bat -jobname SM24_micro031_conf_4 SM24_micro031_conf_4.in
(5) jaguar run pka_prot.bat -jobname SM24_micro031_conf_5 SM24_micro031_conf_5.in
(6) jaguar run pka_deprot.bat -jobname SM24_micro023_conf_1 SM24_micro023_conf_1.in
(7) jaguar run pka_deprot.bat -jobname SM24_micro023_conf_2 SM24_micro023_conf_2.in
(8) jaguar run pka_deprot.bat -jobname SM24_micro023_conf_3 SM24_micro023_conf_3.in
(9) jaguar run pka_deprot.bat -jobname SM24_micro023_conf_4 SM24_micro023_conf_4.in
(10) jaguar run pka_deprot.bat -jobname SM24_micro023_conf_5 SM24_micro023_conf_5.in

Running subjobs on hosts:
  lsf-cpu (Max: 10)
Number of jobs:       10
Max retries per job:  3
Max allowed failures: unlimited
Run with -LOCAL:      False
Verbosity:            normal

Starting JobDJ...

Keep one job on driver host: True
JobDJ columns:
  C: Number of completed subjobs
  A: Number of active subjobs (e.g., submitted, running)
  W: Number of waiting/pending subjobs

 C  A  W | Activity  JobId  JobName  JobHost
-- -- -- | --------- -----------------------
 0  1  9 | launched  lt02-1-5aed0fe6 SM24_micro031_conf_1 localhost [lt02]
 0  2  8 | launched  lt02-0-5aed0ff8 SM24_micro031_conf_2 lsf-cpu
 0  3  7 | launched  lt02-2-5aed1000 SM24_micro031_conf_3 lsf-cpu
 0  4  6 | launched  lt02-0-5aed1007 SM24_micro031_conf_4 lsf-cpu
 0  5  5 | launched  lt02-1-5aed100d SM24_micro031_conf_5 lsf-cpu
 0  6  4 | launched  lt02-0-5aed1059 SM24_micro023_conf_1 lsf-cpu
 0  7  3 | launched  lt02-0-5aed10ce SM24_micro023_conf_2 lsf-cpu
 0  8  2 | launched  lt02-1-5aed10fd SM24_micro023_conf_3 lsf-cpu
 0  9  1 | launched  lt02-0-5aed1105 SM24_micro023_conf_4 lsf-cpu
 0 10  0 | launched  lt02-0-5aed110b SM24_micro023_conf_5 lsf-cpu
