Command:    jaguar run pka.py -jobname jag_SM11_micro021_SM11_micro011 -PARALLEL 10 -n -csrch -prot SM11_micro021.in -deprot SM11_micro011.in
Release:    2017-4
Exec:       /data/chodera/schrodinger/schrodinger2017-4-advanced/jaguar-v9.8/bin/Linux-x86_64
Host:       ls18
JobId:      lilac-0-5aec9a61
JobDir:     /lila/data/chodera/schrodinger/tmpdir/rustenburg/jag_SM11_micro021_SM11_micro011
Date:       Fri May  4 13:37:41 2018

Contents of /lila/data/chodera/schrodinger/tmpdir/rustenburg/jag_SM11_micro021_SM11_micro011:
/lila/data/chodera/schrodinger/tmpdir/rustenburg/jag_SM11_micro021_SM11_micro011/lilac-0-5aec9a61.nodes
/lila/data/chodera/schrodinger/tmpdir/rustenburg/jag_SM11_micro021_SM11_micro011/lilac-0-5aec9a61.recover
/lila/data/chodera/schrodinger/tmpdir/rustenburg/jag_SM11_micro021_SM11_micro011/lilac-0-5aec9a61
/lila/data/chodera/schrodinger/tmpdir/rustenburg/jag_SM11_micro021_SM11_micro011/SM11_micro011.in
/lila/data/chodera/schrodinger/tmpdir/rustenburg/jag_SM11_micro021_SM11_micro011/lilac-0-5aec9a61.mpinodes
/lila/data/chodera/schrodinger/tmpdir/rustenburg/jag_SM11_micro021_SM11_micro011/jag_SM11_micro021_SM11_micro011.recover
/lila/data/chodera/schrodinger/tmpdir/rustenburg/jag_SM11_micro021_SM11_micro011/lilac-0-5aec9a61.jlog
/lila/data/chodera/schrodinger/tmpdir/rustenburg/jag_SM11_micro021_SM11_micro011/jag_SM11_micro021_SM11_micro011.log
/lila/data/chodera/schrodinger/tmpdir/rustenburg/jag_SM11_micro021_SM11_micro011/lilac-0-5aec9a61.hosts
/lila/data/chodera/schrodinger/tmpdir/rustenburg/jag_SM11_micro021_SM11_micro011/SM11_micro021.mae
/lila/data/chodera/schrodinger/tmpdir/rustenburg/jag_SM11_micro021_SM11_micro011/SM11_micro021.in
/lila/data/chodera/schrodinger/tmpdir/rustenburg/jag_SM11_micro021_SM11_micro011/SM11_micro011.mae

=====================
 Jaguar pKa workflow
=====================

Analysing user-provided (prot, deprot) pair:
(SM11_micro021.in, SM11_micro011.in)
Found labile hydrogen 17 in SM11_micro021.in
Found labile hydrogen at atom 8 in SM11_micro011.in
Adding 'ipkat' keyword to input files.

Identifying pKa functional group for pair:
(SM11_micro021, SM11_micro011)

Executing subprocess:
/data/chodera/schrodinger/schrodinger2017-4-advanced/jaguar-v9.8/bin/Linux-x86_64/pka -i -j SM11_micro021.tmp.jres -n

Taking protonated structures from:
SM11_micro021.mae
Taking deprotonated structures from:
SM11_micro011.mae

This molecule from 'SM11_micro021.mae' in water was recognized as:

 # 	           Shell           
---	---------------------------
1: 	pyrazole as base           
2: 	heterocycle custom 1       
3: 	heterocycle                
4: 	Protonation of generic atom


Executing conformational search...

Executing 2 distributed subjobs:
---------------------------------

No more than 8 cpu(s) will be used per subjob.
No more than 10 cpu(s) will be used simultaneously.

Processing the following subjobs:
(1) jaguar run csrch.py SM11_micro021.mae -jobname SM11_micro021 -max_conf 5 -erg_window 50.208 -acc_level 1 -TPP 5
(2) jaguar run csrch.py SM11_micro011.mae -jobname SM11_micro011 -max_conf 5 -erg_window 50.208 -acc_level 1 -TPP 5

Running subjobs on hosts:
  lsf-cpu (Max: 2)
Number of jobs:       2
Max retries per job:  3
Max allowed failures: unlimited
Run with -LOCAL:      False
Verbosity:            normal

Starting JobDJ...

Keep one job on driver host: False
JobDJ columns:
  C: Number of completed subjobs
  A: Number of active subjobs (e.g., submitted, running)
  W: Number of waiting/pending subjobs

C A W | Activity  JobId  JobName  JobHost
- - - | --------- -----------------------
0 1 1 | launched  ls18-0-5aec9a6a SM11_micro021 lsf-cpu
0 2 0 | launched  ls18-0-5aec9a6d SM11_micro011 lsf-cpu
1 1 0 | finished  ls18-0-5aec9a6d SM11_micro011 lsf-cpu
2 0 0 | finished  ls18-0-5aec9a6a SM11_micro021 lsf-cpu

All jobs have completed.

2 of 2 job(s) succeeded; 0 job(s) failed.

Timer (distribute subjobs) : 436.43 secs (0 hrs, 07 mins, 16 secs)

Setting up QM workflow for (protonated, deprotonated) pair:
(1) (SM11_micro021, SM11_micro011)

Executing Jaguar quantum-mechanical subjobs...

Executing 4 distributed subjobs:
---------------------------------

No more than 8 cpu(s) will be used per subjob.
No more than 10 cpu(s) will be used simultaneously.

Processing the following subjobs:
(1) jaguar run pka_prot.bat -jobname SM11_micro021_conf_1 SM11_micro021_conf_1.in -TPP 3
(2) jaguar run pka_prot.bat -jobname SM11_micro021_conf_2 SM11_micro021_conf_2.in -TPP 3
(3) jaguar run pka_deprot.bat -jobname SM11_micro011_conf_1 SM11_micro011_conf_1.in -TPP 2
(4) jaguar run pka_deprot.bat -jobname SM11_micro011_conf_2 SM11_micro011_conf_2.in -TPP 2

Running subjobs on hosts:
  lsf-cpu (Max: 4)
Number of jobs:       4
Max retries per job:  3
Max allowed failures: unlimited
Run with -LOCAL:      False
Verbosity:            normal

Starting JobDJ...

Keep one job on driver host: False
JobDJ columns:
  C: Number of completed subjobs
  A: Number of active subjobs (e.g., submitted, running)
  W: Number of waiting/pending subjobs

C A W | Activity  JobId  JobName  JobHost
- - - | --------- -----------------------
0 1 3 | launched  ls18-0-5aec9c1e SM11_micro021_conf_1 lsf-cpu
0 2 2 | launched  ls18-0-5aec9c21 SM11_micro021_conf_2 lsf-cpu
0 3 1 | launched  ls18-0-5aec9c24 SM11_micro011_conf_1 lsf-cpu
0 4 0 | launched  ls18-0-5aec9c27 SM11_micro011_conf_2 lsf-cpu
1 3 0 | finished  ls18-0-5aec9c21 SM11_micro021_conf_2 lsf-cpu [ls17]
2 2 0 | finished  ls18-0-5aec9c27 SM11_micro011_conf_2 lsf-cpu [ls17]
3 1 0 | finished  ls18-0-5aec9c24 SM11_micro011_conf_1 lsf-cpu [ls11]
4 0 0 | finished  ls18-0-5aec9c1e SM11_micro021_conf_1 lsf-cpu [ls10]

All jobs have completed.

4 of 4 job(s) succeeded; 0 job(s) failed.

Timer (distribute subjobs) : 2645.86 secs (0 hrs, 44 mins, 05 secs)

Processing QM output files...

Executing subprocess:
/data/chodera/schrodinger/schrodinger2017-4-advanced/jaguar results -energy SM11_micro021_conf_1.nrg_h.out

Executing subprocess:
/data/chodera/schrodinger/schrodinger2017-4-advanced/jaguar results -esolv SM11_micro021_conf_1.sol_h.out

Executing subprocess:
/data/chodera/schrodinger/schrodinger2017-4-advanced/jaguar results -energy SM11_micro021_conf_2.nrg_h.out

Executing subprocess:
/data/chodera/schrodinger/schrodinger2017-4-advanced/jaguar results -esolv SM11_micro021_conf_2.sol_h.out

Executing subprocess:
/data/chodera/schrodinger/schrodinger2017-4-advanced/jaguar results -energy SM11_micro011_conf_1.nrg.out

Executing subprocess:
/data/chodera/schrodinger/schrodinger2017-4-advanced/jaguar results -esolv SM11_micro011_conf_1.sol.out

Executing subprocess:
/data/chodera/schrodinger/schrodinger2017-4-advanced/jaguar results -energy SM11_micro011_conf_2.nrg.out

Executing subprocess:
/data/chodera/schrodinger/schrodinger2017-4-advanced/jaguar results -esolv SM11_micro011_conf_2.sol.out

Executing subprocess:
/data/chodera/schrodinger/schrodinger2017-4-advanced/jaguar-v9.8/bin/Linux-x86_64/pka -o SM11_micro021_deprot-out.mae -j SM11_micro021.jres -n -d

Executing subprocess:
/data/chodera/schrodinger/schrodinger2017-4-advanced/jaguar-v9.8/bin/Linux-x86_64/pka -o SM11_micro021_prot-out.mae -j SM11_micro021.jres -n

pKa calculation for SM11_micro021 completed.

pKa workflow jag_SM11_micro021_SM11_micro011 completed.

Timer (Jaguar pKa) : 3121.80 secs (0 hrs, 52 mins, 01 secs)
Timer (jaguar_backend.py) : 3121.81 secs (0 hrs, 52 mins, 01 secs)
Finished:   Fri May  4 14:29:43 2018
