Command:    jaguar run pka.py -jobname jag_SM05_micro011_SM05_micro006 -PARALLEL 10 -n -csrch -prot SM05_micro011.in -deprot SM05_micro006.in
Release:    2017-4
Exec:       /data/chodera/schrodinger/schrodinger2017-4-advanced/jaguar-v9.8/bin/Linux-x86_64
Host:       ls17
JobId:      lilac-0-5aec7120
JobDir:     /lila/data/chodera/schrodinger/tmpdir/rustenburg/jag_SM05_micro011_SM05_micro006
Date:       Fri May  4 10:41:43 2018

Contents of /lila/data/chodera/schrodinger/tmpdir/rustenburg/jag_SM05_micro011_SM05_micro006:
/lila/data/chodera/schrodinger/tmpdir/rustenburg/jag_SM05_micro011_SM05_micro006/SM05_micro011.in
/lila/data/chodera/schrodinger/tmpdir/rustenburg/jag_SM05_micro011_SM05_micro006/jag_SM05_micro011_SM05_micro006.recover
/lila/data/chodera/schrodinger/tmpdir/rustenburg/jag_SM05_micro011_SM05_micro006/lilac-0-5aec7120
/lila/data/chodera/schrodinger/tmpdir/rustenburg/jag_SM05_micro011_SM05_micro006/SM05_micro011.mae
/lila/data/chodera/schrodinger/tmpdir/rustenburg/jag_SM05_micro011_SM05_micro006/lilac-0-5aec7120.hosts
/lila/data/chodera/schrodinger/tmpdir/rustenburg/jag_SM05_micro011_SM05_micro006/SM05_micro006.in
/lila/data/chodera/schrodinger/tmpdir/rustenburg/jag_SM05_micro011_SM05_micro006/lilac-0-5aec7120.recover
/lila/data/chodera/schrodinger/tmpdir/rustenburg/jag_SM05_micro011_SM05_micro006/SM05_micro006.mae
/lila/data/chodera/schrodinger/tmpdir/rustenburg/jag_SM05_micro011_SM05_micro006/jag_SM05_micro011_SM05_micro006.log
/lila/data/chodera/schrodinger/tmpdir/rustenburg/jag_SM05_micro011_SM05_micro006/lilac-0-5aec7120.mpinodes
/lila/data/chodera/schrodinger/tmpdir/rustenburg/jag_SM05_micro011_SM05_micro006/lilac-0-5aec7120.nodes
/lila/data/chodera/schrodinger/tmpdir/rustenburg/jag_SM05_micro011_SM05_micro006/lilac-0-5aec7120.jlog

=====================
 Jaguar pKa workflow
=====================

Analysing user-provided (prot, deprot) pair:
(SM05_micro011.in, SM05_micro006.in)
Found labile hydrogen 23 in SM05_micro011.in
Found labile hydrogen at atom 15 in SM05_micro006.in
Adding 'ipkat' keyword to input files.

Identifying pKa functional group for pair:
(SM05_micro011, SM05_micro006)

Executing subprocess:
/data/chodera/schrodinger/schrodinger2017-4-advanced/jaguar-v9.8/bin/Linux-x86_64/pka -i -j SM05_micro011.tmp.jres -n

Taking protonated structures from:
SM05_micro011.mae
Taking deprotonated structures from:
SM05_micro006.mae

This molecule from 'SM05_micro011.mae' in water was recognized as:

 # 	            Shell             
---	------------------------------
1: 	Protonation of generic atom   
2: 	Protonation of sp2-like oxygen


Executing conformational search...

Executing 2 distributed subjobs:
---------------------------------

No more than 8 cpu(s) will be used per subjob.
No more than 10 cpu(s) will be used simultaneously.

Processing the following subjobs:
(1) jaguar run csrch.py SM05_micro011.mae -jobname SM05_micro011 -max_conf 5 -erg_window 50.208 -acc_level 1 -TPP 5
(2) jaguar run csrch.py SM05_micro006.mae -jobname SM05_micro006 -max_conf 5 -erg_window 50.208 -acc_level 1 -TPP 5

Running subjobs on hosts:
  lsf-cpu (Max: 2)
Number of jobs:       2
Max retries per job:  3
Max allowed failures: unlimited
Run with -LOCAL:      False
Verbosity:            normal

Starting JobDJ...

Keep one job on driver host: False
JobDJ columns:
  C: Number of completed subjobs
  A: Number of active subjobs (e.g., submitted, running)
  W: Number of waiting/pending subjobs

C A W | Activity  JobId  JobName  JobHost
- - - | --------- -----------------------
0 1 1 | launched  ls17-0-5aec7135 SM05_micro011 lsf-cpu
0 2 0 | launched  ls17-0-5aec713e SM05_micro006 lsf-cpu
1 1 0 | finished  ls17-0-5aec713e SM05_micro006 lsf-cpu
2 0 0 | finished  ls17-0-5aec7135 SM05_micro011 lsf-cpu

All jobs have completed.

2 of 2 job(s) succeeded; 0 job(s) failed.

Timer (distribute subjobs) : 560.66 secs (0 hrs, 09 mins, 20 secs)

Setting up QM workflow for (protonated, deprotonated) pair:
(1) (SM05_micro011, SM05_micro006)

Executing Jaguar quantum-mechanical subjobs...

Executing 10 distributed subjobs:
----------------------------------

No more than 8 cpu(s) will be used per subjob.
No more than 10 cpu(s) will be used simultaneously.

Processing the following subjobs:
(1) jaguar run pka_prot.bat -jobname SM05_micro011_conf_1 SM05_micro011_conf_1.in
(2) jaguar run pka_prot.bat -jobname SM05_micro011_conf_2 SM05_micro011_conf_2.in
(3) jaguar run pka_prot.bat -jobname SM05_micro011_conf_3 SM05_micro011_conf_3.in
(4) jaguar run pka_prot.bat -jobname SM05_micro011_conf_4 SM05_micro011_conf_4.in
(5) jaguar run pka_prot.bat -jobname SM05_micro011_conf_5 SM05_micro011_conf_5.in
(6) jaguar run pka_deprot.bat -jobname SM05_micro006_conf_1 SM05_micro006_conf_1.in
(7) jaguar run pka_deprot.bat -jobname SM05_micro006_conf_2 SM05_micro006_conf_2.in
(8) jaguar run pka_deprot.bat -jobname SM05_micro006_conf_3 SM05_micro006_conf_3.in
(9) jaguar run pka_deprot.bat -jobname SM05_micro006_conf_4 SM05_micro006_conf_4.in
(10) jaguar run pka_deprot.bat -jobname SM05_micro006_conf_5 SM05_micro006_conf_5.in

Running subjobs on hosts:
  lsf-cpu (Max: 10)
Number of jobs:       10
Max retries per job:  3
Max allowed failures: unlimited
Run with -LOCAL:      False
Verbosity:            normal

Starting JobDJ...

Keep one job on driver host: True
JobDJ columns:
  C: Number of completed subjobs
  A: Number of active subjobs (e.g., submitted, running)
  W: Number of waiting/pending subjobs

 C  A  W | Activity  JobId  JobName  JobHost
-- -- -- | --------- -----------------------
 0  1  9 | launched  ls17-0-5aec7363 SM05_micro011_conf_1 localhost [ls17]
 0  2  8 | launched  ls17-0-5aec7368 SM05_micro011_conf_2 lsf-cpu
 0  3  7 | launched  ls17-0-5aec736e SM05_micro011_conf_3 lsf-cpu
 0  4  6 | launched  ls17-0-5aec7374 SM05_micro011_conf_4 lsf-cpu
 0  5  5 | launched  ls17-0-5aec737a SM05_micro011_conf_5 lsf-cpu
 0  6  4 | launched  ls17-0-5aec7380 SM05_micro006_conf_1 lsf-cpu
 0  7  3 | launched  ls17-0-5aec7386 SM05_micro006_conf_2 lsf-cpu
 0  8  2 | launched  ls17-0-5aec738c SM05_micro006_conf_3 lsf-cpu
 0  9  1 | launched  ls17-0-5aec7392 SM05_micro006_conf_4 lsf-cpu
 0 10  0 | launched  ls17-0-5aec7398 SM05_micro006_conf_5 lsf-cpu
 1  9  0 | finished  ls17-0-5aec7363 SM05_micro011_conf_1 localhost [ls17]
 2  8  0 | finished  ls17-0-5aec737a SM05_micro011_conf_5 lsf-cpu [ls12]
 3  7  0 | finished  ls17-0-5aec736e SM05_micro011_conf_3 lsf-cpu [ls04]
 4  6  0 | finished  ls17-0-5aec7368 SM05_micro011_conf_2 lsf-cpu [ls04]
 5  5  0 | finished  ls17-0-5aec7374 SM05_micro011_conf_4 lsf-cpu [ls04]
 6  4  0 | finished  ls17-0-5aec7398 SM05_micro006_conf_5 lsf-cpu [ls18]
 7  3  0 | finished  ls17-0-5aec7386 SM05_micro006_conf_2 lsf-cpu [ls12]
 8  2  0 | finished  ls17-0-5aec738c SM05_micro006_conf_3 lsf-cpu [ls01]
 9  1  0 | finished  ls17-0-5aec7380 SM05_micro006_conf_1 lsf-cpu [ls12]
10  0  0 | finished  ls17-0-5aec7392 SM05_micro006_conf_4 lsf-cpu [ls18]

All jobs have completed.

10 of 10 job(s) succeeded; 0 job(s) failed.

Timer (distribute subjobs) : 7060.24 secs (1 hrs, 57 mins, 40 secs)

Processing QM output files...

Executing subprocess:
/data/chodera/schrodinger/schrodinger2017-4-advanced/jaguar results -energy SM05_micro011_conf_1.nrg_h.out

Executing subprocess:
/data/chodera/schrodinger/schrodinger2017-4-advanced/jaguar results -esolv SM05_micro011_conf_1.sol_h.out

Executing subprocess:
/data/chodera/schrodinger/schrodinger2017-4-advanced/jaguar results -energy SM05_micro011_conf_2.nrg_h.out

Executing subprocess:
/data/chodera/schrodinger/schrodinger2017-4-advanced/jaguar results -esolv SM05_micro011_conf_2.sol_h.out

Executing subprocess:
/data/chodera/schrodinger/schrodinger2017-4-advanced/jaguar results -energy SM05_micro011_conf_3.nrg_h.out

Executing subprocess:
/data/chodera/schrodinger/schrodinger2017-4-advanced/jaguar results -esolv SM05_micro011_conf_3.sol_h.out

Executing subprocess:
/data/chodera/schrodinger/schrodinger2017-4-advanced/jaguar results -energy SM05_micro011_conf_4.nrg_h.out

Executing subprocess:
/data/chodera/schrodinger/schrodinger2017-4-advanced/jaguar results -esolv SM05_micro011_conf_4.sol_h.out

Executing subprocess:
/data/chodera/schrodinger/schrodinger2017-4-advanced/jaguar results -energy SM05_micro011_conf_5.nrg_h.out

Executing subprocess:
/data/chodera/schrodinger/schrodinger2017-4-advanced/jaguar results -esolv SM05_micro011_conf_5.sol_h.out

Executing subprocess:
/data/chodera/schrodinger/schrodinger2017-4-advanced/jaguar results -energy SM05_micro006_conf_1.nrg.out

Executing subprocess:
/data/chodera/schrodinger/schrodinger2017-4-advanced/jaguar results -esolv SM05_micro006_conf_1.sol.out

Executing subprocess:
/data/chodera/schrodinger/schrodinger2017-4-advanced/jaguar results -energy SM05_micro006_conf_2.nrg.out

Executing subprocess:
/data/chodera/schrodinger/schrodinger2017-4-advanced/jaguar results -esolv SM05_micro006_conf_2.sol.out

Executing subprocess:
/data/chodera/schrodinger/schrodinger2017-4-advanced/jaguar results -energy SM05_micro006_conf_3.nrg.out

Executing subprocess:
/data/chodera/schrodinger/schrodinger2017-4-advanced/jaguar results -esolv SM05_micro006_conf_3.sol.out

Executing subprocess:
/data/chodera/schrodinger/schrodinger2017-4-advanced/jaguar results -energy SM05_micro006_conf_4.nrg.out

Executing subprocess:
/data/chodera/schrodinger/schrodinger2017-4-advanced/jaguar results -esolv SM05_micro006_conf_4.sol.out

Executing subprocess:
/data/chodera/schrodinger/schrodinger2017-4-advanced/jaguar results -energy SM05_micro006_conf_5.nrg.out

Executing subprocess:
/data/chodera/schrodinger/schrodinger2017-4-advanced/jaguar results -esolv SM05_micro006_conf_5.sol.out

Executing subprocess:
/data/chodera/schrodinger/schrodinger2017-4-advanced/jaguar-v9.8/bin/Linux-x86_64/pka -o SM05_micro011_deprot-out.mae -j SM05_micro011.jres -n -d

Executing subprocess:
/data/chodera/schrodinger/schrodinger2017-4-advanced/jaguar-v9.8/bin/Linux-x86_64/pka -o SM05_micro011_prot-out.mae -j SM05_micro011.jres -n

pKa calculation for SM05_micro011 completed.

pKa workflow jag_SM05_micro011_SM05_micro006 completed.

Timer (Jaguar pKa) : 7733.73 secs (2 hrs, 08 mins, 53 secs)
Timer (jaguar_backend.py) : 7733.73 secs (2 hrs, 08 mins, 53 secs)
Finished:   Fri May  4 12:50:37 2018
