Command:    jaguar run pka.py -jobname jag_SM18_micro054_SM18_micro060 -PARALLEL 10 -n -csrch -prot SM18_micro054.in -deprot SM18_micro060.in
Release:    2017-4
Exec:       /data/chodera/schrodinger/schrodinger2017-4-advanced/jaguar-v9.8/bin/Linux-x86_64
Host:       lt05
JobId:      lilac-0-5aecb06d
JobDir:     /lila/data/chodera/schrodinger/tmpdir/rustenburg/jag_SM18_micro054_SM18_micro060
Date:       Fri May  4 15:25:41 2018

Contents of /lila/data/chodera/schrodinger/tmpdir/rustenburg/jag_SM18_micro054_SM18_micro060:
/lila/data/chodera/schrodinger/tmpdir/rustenburg/jag_SM18_micro054_SM18_micro060/jag_SM18_micro054_SM18_micro060.log
/lila/data/chodera/schrodinger/tmpdir/rustenburg/jag_SM18_micro054_SM18_micro060/SM18_micro054.in
/lila/data/chodera/schrodinger/tmpdir/rustenburg/jag_SM18_micro054_SM18_micro060/SM18_micro054.mae
/lila/data/chodera/schrodinger/tmpdir/rustenburg/jag_SM18_micro054_SM18_micro060/SM18_micro060.mae
/lila/data/chodera/schrodinger/tmpdir/rustenburg/jag_SM18_micro054_SM18_micro060/lilac-0-5aecb06d
/lila/data/chodera/schrodinger/tmpdir/rustenburg/jag_SM18_micro054_SM18_micro060/lilac-0-5aecb06d.recover
/lila/data/chodera/schrodinger/tmpdir/rustenburg/jag_SM18_micro054_SM18_micro060/lilac-0-5aecb06d.mpinodes
/lila/data/chodera/schrodinger/tmpdir/rustenburg/jag_SM18_micro054_SM18_micro060/lilac-0-5aecb06d.jlog
/lila/data/chodera/schrodinger/tmpdir/rustenburg/jag_SM18_micro054_SM18_micro060/lilac-0-5aecb06d.nodes
/lila/data/chodera/schrodinger/tmpdir/rustenburg/jag_SM18_micro054_SM18_micro060/lilac-0-5aecb06d.hosts
/lila/data/chodera/schrodinger/tmpdir/rustenburg/jag_SM18_micro054_SM18_micro060/jag_SM18_micro054_SM18_micro060.recover
/lila/data/chodera/schrodinger/tmpdir/rustenburg/jag_SM18_micro054_SM18_micro060/SM18_micro060.in

=====================
 Jaguar pKa workflow
=====================

Analysing user-provided (prot, deprot) pair:
(SM18_micro054.in, SM18_micro060.in)
Found labile hydrogen 31 in SM18_micro054.in
Found labile hydrogen at atom 11 in SM18_micro060.in
Adding 'ipkat' keyword to input files.

Identifying pKa functional group for pair:
(SM18_micro054, SM18_micro060)

Executing subprocess:
/data/chodera/schrodinger/schrodinger2017-4-advanced/jaguar-v9.8/bin/Linux-x86_64/pka -i -j SM18_micro054.tmp.jres -n

Taking protonated structures from:
SM18_micro054.mae
Taking deprotonated structures from:
SM18_micro060.mae

This molecule from 'SM18_micro054.mae' in water was recognized as:

 # 	           Shell           
---	---------------------------
1: 	Protonation of generic atom


Executing conformational search...

Executing 2 distributed subjobs:
---------------------------------

No more than 8 cpu(s) will be used per subjob.
No more than 10 cpu(s) will be used simultaneously.

Processing the following subjobs:
(1) jaguar run csrch.py SM18_micro054.mae -jobname SM18_micro054 -max_conf 5 -erg_window 50.208 -acc_level 1 -TPP 5
(2) jaguar run csrch.py SM18_micro060.mae -jobname SM18_micro060 -max_conf 5 -erg_window 50.208 -acc_level 1 -TPP 5

Running subjobs on hosts:
  lsf-cpu (Max: 2)
Number of jobs:       2
Max retries per job:  3
Max allowed failures: unlimited
Run with -LOCAL:      False
Verbosity:            normal

Starting JobDJ...

Keep one job on driver host: False
JobDJ columns:
  C: Number of completed subjobs
  A: Number of active subjobs (e.g., submitted, running)
  W: Number of waiting/pending subjobs

C A W | Activity  JobId  JobName  JobHost
- - - | --------- -----------------------
0 1 1 | launched  lt05-0-5aecb3bc SM18_micro054 lsf-cpu
0 2 0 | launched  lt05-0-5aecb3c0 SM18_micro060 lsf-cpu
1 1 0 | finished  lt05-0-5aecb3bc SM18_micro054 lsf-cpu [ls07]
2 0 0 | finished  lt05-0-5aecb3c0 SM18_micro060 lsf-cpu [lt04]

All jobs have completed.

2 of 2 job(s) succeeded; 0 job(s) failed.

Timer (distribute subjobs) : 8742.46 secs (2 hrs, 25 mins, 42 secs)

Setting up QM workflow for (protonated, deprotonated) pair:
(1) (SM18_micro054, SM18_micro060)

Executing Jaguar quantum-mechanical subjobs...

Executing 10 distributed subjobs:
----------------------------------

No more than 8 cpu(s) will be used per subjob.
No more than 10 cpu(s) will be used simultaneously.

Processing the following subjobs:
(1) jaguar run pka_prot.bat -jobname SM18_micro054_conf_1 SM18_micro054_conf_1.in
(2) jaguar run pka_prot.bat -jobname SM18_micro054_conf_2 SM18_micro054_conf_2.in
(3) jaguar run pka_prot.bat -jobname SM18_micro054_conf_3 SM18_micro054_conf_3.in
(4) jaguar run pka_prot.bat -jobname SM18_micro054_conf_4 SM18_micro054_conf_4.in
(5) jaguar run pka_prot.bat -jobname SM18_micro054_conf_5 SM18_micro054_conf_5.in
(6) jaguar run pka_deprot.bat -jobname SM18_micro060_conf_1 SM18_micro060_conf_1.in
(7) jaguar run pka_deprot.bat -jobname SM18_micro060_conf_2 SM18_micro060_conf_2.in
(8) jaguar run pka_deprot.bat -jobname SM18_micro060_conf_3 SM18_micro060_conf_3.in
(9) jaguar run pka_deprot.bat -jobname SM18_micro060_conf_4 SM18_micro060_conf_4.in
(10) jaguar run pka_deprot.bat -jobname SM18_micro060_conf_5 SM18_micro060_conf_5.in

Running subjobs on hosts:
  lsf-cpu (Max: 10)
Number of jobs:       10
Max retries per job:  3
Max allowed failures: unlimited
Run with -LOCAL:      False
Verbosity:            normal

Starting JobDJ...

Keep one job on driver host: True
JobDJ columns:
  C: Number of completed subjobs
  A: Number of active subjobs (e.g., submitted, running)
  W: Number of waiting/pending subjobs

 C  A  W | Activity  JobId  JobName  JobHost
-- -- -- | --------- -----------------------
 0  1  9 | launched  lt05-0-5aecd5e3 SM18_micro054_conf_1 localhost [lt05]
 0  2  8 | launched  lt05-0-5aecd5e7 SM18_micro054_conf_2 lsf-cpu
 0  3  7 | launched  lt05-0-5aecd5ed SM18_micro054_conf_3 lsf-cpu
 0  4  6 | launched  lt05-0-5aecd5f1 SM18_micro054_conf_4 lsf-cpu
 0  5  5 | launched  lt05-0-5aecd5f6 SM18_micro054_conf_5 lsf-cpu
 0  6  4 | launched  lt05-0-5aecd5fa SM18_micro060_conf_1 lsf-cpu
 0  7  3 | launched  lt05-0-5aecd5fe SM18_micro060_conf_2 lsf-cpu
 0  8  2 | launched  lt05-0-5aecd603 SM18_micro060_conf_3 lsf-cpu
 0  9  1 | launched  lt05-0-5aecd608 SM18_micro060_conf_4 lsf-cpu
 0 10  0 | launched  lt05-0-5aecd60d SM18_micro060_conf_5 lsf-cpu
 1  9  0 | finished  lt05-0-5aecd5e3 SM18_micro054_conf_1 localhost [lt05]
 2  8  0 | finished  lt05-0-5aecd5e7 SM18_micro054_conf_2 lsf-cpu [lt02]
 3  7  0 | finished  lt05-0-5aecd60d SM18_micro060_conf_5 lsf-cpu [lt02]
 4  6  0 | finished  lt05-0-5aecd5fe SM18_micro060_conf_2 lsf-cpu [lt02]
 5  5  0 | finished  lt05-0-5aecd5f6 SM18_micro054_conf_5 lsf-cpu [lt02]
 6  4  0 | finished  lt05-0-5aecd608 SM18_micro060_conf_4 lsf-cpu [lt02]
 7  3  0 | finished  lt05-0-5aecd5f1 SM18_micro054_conf_4 lsf-cpu [lt02]
 8  2  0 | finished  lt05-0-5aecd5fa SM18_micro060_conf_1 lsf-cpu [lt02]
 9  1  0 | finished  lt05-0-5aecd5ed SM18_micro054_conf_3 lsf-cpu [lt02]
