Taking protonated structures from:
SM02_micro012_conf_1.dft_h.01.mae
SM02_micro012_conf_2.dft_h.01.mae
SM02_micro012_conf_3.dft_h.01.mae
SM02_micro012_conf_4.dft_h.01.mae
SM02_micro012_conf_5.dft_h.01.mae
Taking deprotonated structures from:
SM02_micro004_conf_1.dft.01.mae
SM02_micro004_conf_2.dft.01.mae
SM02_micro004_conf_3.dft.01.mae
SM02_micro004_conf_4.dft.01.mae
SM02_micro004_conf_5.dft.01.mae

Corrected results for 'protonated' structure in water:
pKa atom: 22

 # 	           Shell           	 pKa 	RMSD	 Contribution
---	---------------------------	-----	-----	--------------
1: 	heterocycle custom 1       	-5.95	0.617	    64.34%
2: 	heterocycle                	-5.32	0.837	    33.27%
3: 	Protonation of generic atom	-2.75	2.264	     2.39%

 Final weighted pKa value is -5.66



