Command:    jaguar run pka.py -jobname jag_SM18_micro075_SM18_micro064 -PARALLEL 10 -n -csrch -prot SM18_micro075.in -deprot SM18_micro064.in
Release:    2017-4
Exec:       /data/chodera/schrodinger/schrodinger2017-4-advanced/jaguar-v9.8/bin/Linux-x86_64
Host:       lt09
JobId:      lilac-0-5aecb0e4
JobDir:     /lila/data/chodera/schrodinger/tmpdir/rustenburg/jag_SM18_micro075_SM18_micro064
Date:       Fri May  4 15:38:10 2018

Contents of /lila/data/chodera/schrodinger/tmpdir/rustenburg/jag_SM18_micro075_SM18_micro064:
/lila/data/chodera/schrodinger/tmpdir/rustenburg/jag_SM18_micro075_SM18_micro064/lilac-0-5aecb0e4.jlog
/lila/data/chodera/schrodinger/tmpdir/rustenburg/jag_SM18_micro075_SM18_micro064/lilac-0-5aecb0e4.nodes
/lila/data/chodera/schrodinger/tmpdir/rustenburg/jag_SM18_micro075_SM18_micro064/SM18_micro075.in
/lila/data/chodera/schrodinger/tmpdir/rustenburg/jag_SM18_micro075_SM18_micro064/lilac-0-5aecb0e4.mpinodes
/lila/data/chodera/schrodinger/tmpdir/rustenburg/jag_SM18_micro075_SM18_micro064/SM18_micro075.mae
/lila/data/chodera/schrodinger/tmpdir/rustenburg/jag_SM18_micro075_SM18_micro064/lilac-0-5aecb0e4.recover
/lila/data/chodera/schrodinger/tmpdir/rustenburg/jag_SM18_micro075_SM18_micro064/jag_SM18_micro075_SM18_micro064.log
/lila/data/chodera/schrodinger/tmpdir/rustenburg/jag_SM18_micro075_SM18_micro064/SM18_micro064.in
/lila/data/chodera/schrodinger/tmpdir/rustenburg/jag_SM18_micro075_SM18_micro064/lilac-0-5aecb0e4
/lila/data/chodera/schrodinger/tmpdir/rustenburg/jag_SM18_micro075_SM18_micro064/SM18_micro064.mae
/lila/data/chodera/schrodinger/tmpdir/rustenburg/jag_SM18_micro075_SM18_micro064/jag_SM18_micro075_SM18_micro064.recover
/lila/data/chodera/schrodinger/tmpdir/rustenburg/jag_SM18_micro075_SM18_micro064/lilac-0-5aecb0e4.hosts

=====================
 Jaguar pKa workflow
=====================

Analysing user-provided (prot, deprot) pair:
(SM18_micro075.in, SM18_micro064.in)
Found labile hydrogen 36 in SM18_micro075.in
Found labile hydrogen at atom 8 in SM18_micro064.in
Adding 'ipkat' keyword to input files.

Identifying pKa functional group for pair:
(SM18_micro075, SM18_micro064)

Executing subprocess:
/data/chodera/schrodinger/schrodinger2017-4-advanced/jaguar-v9.8/bin/Linux-x86_64/pka -i -j SM18_micro075.tmp.jres -n

Taking protonated structures from:
SM18_micro075.mae
Taking deprotonated structures from:
SM18_micro064.mae

This molecule from 'SM18_micro075.mae' in water was recognized as:

 # 	            Shell             
---	------------------------------
1: 	OH attached to heterocycle    
2: 	Protonation of generic atom   
3: 	Protonation of sp2-like oxygen


Executing conformational search...

Executing 2 distributed subjobs:
---------------------------------

No more than 8 cpu(s) will be used per subjob.
No more than 10 cpu(s) will be used simultaneously.

Processing the following subjobs:
(1) jaguar run csrch.py SM18_micro075.mae -jobname SM18_micro075 -max_conf 5 -erg_window 50.208 -acc_level 1 -TPP 5
(2) jaguar run csrch.py SM18_micro064.mae -jobname SM18_micro064 -max_conf 5 -erg_window 50.208 -acc_level 1 -TPP 5

Running subjobs on hosts:
  lsf-cpu (Max: 2)
Number of jobs:       2
Max retries per job:  3
Max allowed failures: unlimited
Run with -LOCAL:      False
Verbosity:            normal

Starting JobDJ...

Keep one job on driver host: False
JobDJ columns:
  C: Number of completed subjobs
  A: Number of active subjobs (e.g., submitted, running)
  W: Number of waiting/pending subjobs

C A W | Activity  JobId  JobName  JobHost
- - - | --------- -----------------------
0 1 1 | launched  lt09-0-5aecb6a8 SM18_micro075 lsf-cpu
0 2 0 | launched  lt09-0-5aecb6ab SM18_micro064 lsf-cpu
1 1 0 | finished  lt09-0-5aecb6ab SM18_micro064 lsf-cpu [ls17]
2 0 0 | finished  lt09-0-5aecb6a8 SM18_micro075 lsf-cpu [ls17]

All jobs have completed.

2 of 2 job(s) succeeded; 0 job(s) failed.

Timer (distribute subjobs) : 5424.23 secs (1 hrs, 30 mins, 24 secs)

Setting up QM workflow for (protonated, deprotonated) pair:
(1) (SM18_micro075, SM18_micro064)

Executing Jaguar quantum-mechanical subjobs...

Executing 10 distributed subjobs:
----------------------------------

No more than 8 cpu(s) will be used per subjob.
No more than 10 cpu(s) will be used simultaneously.

Processing the following subjobs:
(1) jaguar run pka_prot.bat -jobname SM18_micro075_conf_1 SM18_micro075_conf_1.in
(2) jaguar run pka_prot.bat -jobname SM18_micro075_conf_2 SM18_micro075_conf_2.in
(3) jaguar run pka_prot.bat -jobname SM18_micro075_conf_3 SM18_micro075_conf_3.in
(4) jaguar run pka_prot.bat -jobname SM18_micro075_conf_4 SM18_micro075_conf_4.in
(5) jaguar run pka_prot.bat -jobname SM18_micro075_conf_5 SM18_micro075_conf_5.in
(6) jaguar run pka_deprot.bat -jobname SM18_micro064_conf_1 SM18_micro064_conf_1.in
(7) jaguar run pka_deprot.bat -jobname SM18_micro064_conf_2 SM18_micro064_conf_2.in
(8) jaguar run pka_deprot.bat -jobname SM18_micro064_conf_3 SM18_micro064_conf_3.in
(9) jaguar run pka_deprot.bat -jobname SM18_micro064_conf_4 SM18_micro064_conf_4.in
(10) jaguar run pka_deprot.bat -jobname SM18_micro064_conf_5 SM18_micro064_conf_5.in

Running subjobs on hosts:
  lsf-cpu (Max: 10)
Number of jobs:       10
Max retries per job:  3
Max allowed failures: unlimited
Run with -LOCAL:      False
Verbosity:            normal

Starting JobDJ...

Keep one job on driver host: True
JobDJ columns:
  C: Number of completed subjobs
  A: Number of active subjobs (e.g., submitted, running)
  W: Number of waiting/pending subjobs

 C  A  W | Activity  JobId  JobName  JobHost
-- -- -- | --------- -----------------------
 0  1  9 | launched  lt09-0-5aeccbe7 SM18_micro075_conf_1 localhost [lt09]
 0  2  8 | launched  lt09-0-5aeccbf0 SM18_micro075_conf_2 lsf-cpu
 0  3  7 | launched  lt09-0-5aeccbf4 SM18_micro075_conf_3 lsf-cpu
 0  4  6 | launched  lt09-0-5aeccbf8 SM18_micro075_conf_4 lsf-cpu
 0  5  5 | launched  lt09-0-5aeccbfb SM18_micro075_conf_5 lsf-cpu
 0  6  4 | launched  lt09-0-5aeccbff SM18_micro064_conf_1 lsf-cpu
 0  7  3 | launched  lt09-0-5aeccc04 SM18_micro064_conf_2 lsf-cpu
 0  8  2 | launched  lt09-0-5aeccc07 SM18_micro064_conf_3 lsf-cpu
 0  9  1 | launched  lt09-0-5aeccc0b SM18_micro064_conf_4 lsf-cpu
 0 10  0 | launched  lt09-0-5aeccc0e SM18_micro064_conf_5 lsf-cpu
 1  9  0 | finished  lt09-0-5aeccc0b SM18_micro064_conf_4 lsf-cpu [ls13]
 2  8  0 | finished  lt09-0-5aeccbfb SM18_micro075_conf_5 lsf-cpu [ls13]
Subjob 'SM18_micro064_conf_2' died (killed) [jobid lt09-0-5aeccc04]
 2  7  1 | killed    lt09-0-5aeccc04 SM18_micro064_conf_2 lsf-cpu [ls13]
WARNING: Job launch failed for 1/2 times.
% jaguar run pka_deprot.bat -jobname SM18_micro064_conf_2 SM18_micro064_conf_2.in -HOST lsf-cpu
Output
Launch failed: no JobId found.

Command:
/data/chodera/schrodinger/schrodinger2017-4-advanced/jaguar run pka_deprot.bat -jobname SM18_micro064_conf_2 SM18_micro064_conf_2.in -HOST lsf-cpu
Output:
Launching JAGUAR under jobcontrol.
An error has occurred.  Information about the error has been written to 
/home/rustenburg/.schrodinger/exceptions/error20180504-223345.txt 

Please contact help@schrodinger.com for assistance. Include error20180504-223345.txt and a description of what you were doing when the error occurred.

WARNING: Job launch failed for 2/2 times.
% jaguar run pka_deprot.bat -jobname SM18_micro064_conf_2 SM18_micro064_conf_2.in -HOST lsf-cpu
Output
Launch failed: no JobId found.

Command:
/data/chodera/schrodinger/schrodinger2017-4-advanced/jaguar run pka_deprot.bat -jobname SM18_micro064_conf_2 SM18_micro064_conf_2.in -HOST lsf-cpu
Output:
Launching JAGUAR under jobcontrol.
An error has occurred.  Information about the error has been written to 
/home/rustenburg/.schrodinger/exceptions/error20180504-223824.txt 

Please contact help@schrodinger.com for assistance. Include error20180504-223824.txt and a description of what you were doing when the error occurred.

WARNING: Job launch failed for 1/2 times.
% jaguar run pka_deprot.bat -jobname SM18_micro064_conf_2 SM18_micro064_conf_2.in -HOST lsf-cpu
Output
Launch failed: no JobId found.

Command:
/data/chodera/schrodinger/schrodinger2017-4-advanced/jaguar run pka_deprot.bat -jobname SM18_micro064_conf_2 SM18_micro064_conf_2.in -HOST lsf-cpu
Output:
Launching JAGUAR under jobcontrol.
An error has occurred.  Information about the error has been written to 
/home/rustenburg/.schrodinger/exceptions/error20180504-224304.txt 

Please contact help@schrodinger.com for assistance. Include error20180504-224304.txt and a description of what you were doing when the error occurred.

WARNING: Job launch failed for 2/2 times.
% jaguar run pka_deprot.bat -jobname SM18_micro064_conf_2 SM18_micro064_conf_2.in -HOST lsf-cpu
Output
Launch failed: no JobId found.

Command:
/data/chodera/schrodinger/schrodinger2017-4-advanced/jaguar run pka_deprot.bat -jobname SM18_micro064_conf_2 SM18_micro064_conf_2.in -HOST lsf-cpu
Output:
Launching JAGUAR under jobcontrol.
An error has occurred.  Information about the error has been written to 
/home/rustenburg/.schrodinger/exceptions/error20180504-224747.txt 

Please contact help@schrodinger.com for assistance. Include error20180504-224747.txt and a description of what you were doing when the error occurred.

WARNING: Job launch failed for 1/2 times.
% jaguar run pka_deprot.bat -jobname SM18_micro064_conf_2 SM18_micro064_conf_2.in -HOST lsf-cpu
Output
Launch failed: no JobId found.

Command:
/data/chodera/schrodinger/schrodinger2017-4-advanced/jaguar run pka_deprot.bat -jobname SM18_micro064_conf_2 SM18_micro064_conf_2.in -HOST lsf-cpu
Output:
Launching JAGUAR under jobcontrol.
An error has occurred.  Information about the error has been written to 
/home/rustenburg/.schrodinger/exceptions/error20180504-225224.txt 

Please contact help@schrodinger.com for assistance. Include error20180504-225224.txt and a description of what you were doing when the error occurred.

WARNING: Job launch failed for 2/2 times.
% jaguar run pka_deprot.bat -jobname SM18_micro064_conf_2 SM18_micro064_conf_2.in -HOST lsf-cpu
Output
Launch failed: no JobId found.

Command:
/data/chodera/schrodinger/schrodinger2017-4-advanced/jaguar run pka_deprot.bat -jobname SM18_micro064_conf_2 SM18_micro064_conf_2.in -HOST lsf-cpu
Output:
Launching JAGUAR under jobcontrol.
An error has occurred.  Information about the error has been written to 
/home/rustenburg/.schrodinger/exceptions/error20180504-225703.txt 

Please contact help@schrodinger.com for assistance. Include error20180504-225703.txt and a description of what you were doing when the error occurred.

 3  7  0 | killed    lt09-0-5aeccc04 SM18_micro064_conf_2 lsf-cpu [ls13]
ERROR: Subjob 'SM18_micro064_conf_2' has failed after 3 retries.

Last 20 lines of 'SM18_micro064_conf_2.log':

  ERROR: this job could not be launched.
  
  Launch host: lt09.hpc.private
  Launch directory: /lila/data/chodera/schrodinger/tmpdir/rustenburg/jag_SM18_micro075_SM18_micro064/jag_SM18_micro075_SM18_micro064.workdir
  Launch time: 2018-05-04-22:52:30
  Command line: /data/chodera/schrodinger/schrodinger2017-4-advanced/jaguar run pka_deprot.bat -jobname SM18_micro064_conf_2 SM18_micro064_conf_2.in -HOST lsf-cpu
  
  The following error message was returned:
  Error: in replying to 'JPROXYPORT lilac rustenburg "/data/chodera/schrodinger/schrodinger2017-4-advanced"' - dial tcp lilac:35321: i/o timeout


Last 20 lines of 'SM18_micro064_conf_2.recover':

  

Job control errors (from job record):
  ERROR: could not recover job: remote command timed out [remote host: lilac, output: '/home/rustenburg/.bashrc: line 24: bind: warning: line editing not enabled
Launch failed: no JobId found.

Command:
/data/chodera/schrodinger/schrodinger2017-4-advanced/jaguar run pka_deprot.bat -jobname SM18_micro064_conf_2 SM18_micro064_conf_2.in -HOST lsf-cpu
Output:
Launching JAGUAR under jobcontrol.
An error has occurred.  Information about the error has been written to 
/home/rustenburg/.schrodinger/exceptions/error20180504-225703.txt 

Please contact help@schrodinger.com for assistance. Include error20180504-225703.txt and a description of what you were doing when the error occurred.

 4  6  0 | finished  lt09-0-5aeccbe7 SM18_micro075_conf_1 localhost [lt09]
Subjob 'SM18_micro064_conf_5' died (killed) [jobid lt09-0-5aeccc0e]
 4  5  1 | killed    lt09-0-5aeccc0e SM18_micro064_conf_5 lsf-cpu [ls11]
 4  6  0 | restarted lt09-0-5aed1d87 SM18_micro064_conf_5 localhost [lt09]
Subjob 'SM18_micro075_conf_4' died (killed) [jobid lt09-0-5aeccbf8]
 4  5  1 | killed    lt09-0-5aeccbf8 SM18_micro075_conf_4 lsf-cpu [ls13]
WARNING: Job launch failed for 1/2 times.
% jaguar run pka_prot.bat -jobname SM18_micro075_conf_4 SM18_micro075_conf_4.in -HOST lsf-cpu
Output
Launch failed: no JobId found.

Command:
/data/chodera/schrodinger/schrodinger2017-4-advanced/jaguar run pka_prot.bat -jobname SM18_micro075_conf_4 SM18_micro075_conf_4.in -HOST lsf-cpu
Output:
Launching JAGUAR under jobcontrol.
An error has occurred.  Information about the error has been written to 
/home/rustenburg/.schrodinger/exceptions/error20180504-230520.txt 

Please contact help@schrodinger.com for assistance. Include error20180504-230520.txt and a description of what you were doing when the error occurred.

WARNING: Job launch failed for 2/2 times.
% jaguar run pka_prot.bat -jobname SM18_micro075_conf_4 SM18_micro075_conf_4.in -HOST lsf-cpu
Output
Launch failed: no JobId found.

Command:
/data/chodera/schrodinger/schrodinger2017-4-advanced/jaguar run pka_prot.bat -jobname SM18_micro075_conf_4 SM18_micro075_conf_4.in -HOST lsf-cpu
Output:
Launching JAGUAR under jobcontrol.
An error has occurred.  Information about the error has been written to 
/home/rustenburg/.schrodinger/exceptions/error20180504-230957.txt 

Please contact help@schrodinger.com for assistance. Include error20180504-230957.txt and a description of what you were doing when the error occurred.

Subjob 'SM18_micro064_conf_1' died (killed) [jobid lt09-0-5aeccbff]
 4  4  2 | killed    lt09-0-5aeccbff SM18_micro064_conf_1 lsf-cpu [ls13]
WARNING: Job launch failed for 1/2 times.
% jaguar run pka_prot.bat -jobname SM18_micro075_conf_4 SM18_micro075_conf_4.in -HOST lsf-cpu
Output
Launch failed: no JobId found.

Command:
/data/chodera/schrodinger/schrodinger2017-4-advanced/jaguar run pka_prot.bat -jobname SM18_micro075_conf_4 SM18_micro075_conf_4.in -HOST lsf-cpu
Output:
Launching JAGUAR under jobcontrol.
An error has occurred.  Information about the error has been written to 
/home/rustenburg/.schrodinger/exceptions/error20180504-231435.txt 

Please contact help@schrodinger.com for assistance. Include error20180504-231435.txt and a description of what you were doing when the error occurred.

WARNING: Job launch failed for 2/2 times.
% jaguar run pka_prot.bat -jobname SM18_micro075_conf_4 SM18_micro075_conf_4.in -HOST lsf-cpu
Output
Launch failed: no JobId found.

Command:
/data/chodera/schrodinger/schrodinger2017-4-advanced/jaguar run pka_prot.bat -jobname SM18_micro075_conf_4 SM18_micro075_conf_4.in -HOST lsf-cpu
Output:
Launching JAGUAR under jobcontrol.
An error has occurred.  Information about the error has been written to 
/home/rustenburg/.schrodinger/exceptions/error20180504-231914.txt 

Please contact help@schrodinger.com for assistance. Include error20180504-231914.txt and a description of what you were doing when the error occurred.

WARNING: Job launch failed for 1/2 times.
% jaguar run pka_deprot.bat -jobname SM18_micro064_conf_1 SM18_micro064_conf_1.in -HOST lsf-cpu
Output
Launch failed: no JobId found.

Command:
/data/chodera/schrodinger/schrodinger2017-4-advanced/jaguar run pka_deprot.bat -jobname SM18_micro064_conf_1 SM18_micro064_conf_1.in -HOST lsf-cpu
Output:
Launching JAGUAR under jobcontrol.
An error has occurred.  Information about the error has been written to 
/home/rustenburg/.schrodinger/exceptions/error20180504-232354.txt 

Please contact help@schrodinger.com for assistance. Include error20180504-232354.txt and a description of what you were doing when the error occurred.

WARNING: Job launch failed for 2/2 times.
% jaguar run pka_deprot.bat -jobname SM18_micro064_conf_1 SM18_micro064_conf_1.in -HOST lsf-cpu
Output
Launch failed: no JobId found.

Command:
/data/chodera/schrodinger/schrodinger2017-4-advanced/jaguar run pka_deprot.bat -jobname SM18_micro064_conf_1 SM18_micro064_conf_1.in -HOST lsf-cpu
Output:
Launching JAGUAR under jobcontrol.
An error has occurred.  Information about the error has been written to 
/home/rustenburg/.schrodinger/exceptions/error20180504-232832.txt 

Please contact help@schrodinger.com for assistance. Include error20180504-232832.txt and a description of what you were doing when the error occurred.

Subjob 'SM18_micro064_conf_3' died (killed) [jobid lt09-0-5aeccc07]
 4  3  3 | killed    lt09-0-5aeccc07 SM18_micro064_conf_3 lsf-cpu [ls13]
WARNING: Job launch failed for 1/2 times.
% jaguar run pka_prot.bat -jobname SM18_micro075_conf_4 SM18_micro075_conf_4.in -HOST lsf-cpu
Output
Launch failed: no JobId found.

Command:
/data/chodera/schrodinger/schrodinger2017-4-advanced/jaguar run pka_prot.bat -jobname SM18_micro075_conf_4 SM18_micro075_conf_4.in -HOST lsf-cpu
Output:
Launching JAGUAR under jobcontrol.
An error has occurred.  Information about the error has been written to 
/home/rustenburg/.schrodinger/exceptions/error20180504-233310.txt 

Please contact help@schrodinger.com for assistance. Include error20180504-233310.txt and a description of what you were doing when the error occurred.

WARNING: Job launch failed for 2/2 times.
% jaguar run pka_prot.bat -jobname SM18_micro075_conf_4 SM18_micro075_conf_4.in -HOST lsf-cpu
Output
Launch failed: no JobId found.

Command:
/data/chodera/schrodinger/schrodinger2017-4-advanced/jaguar run pka_prot.bat -jobname SM18_micro075_conf_4 SM18_micro075_conf_4.in -HOST lsf-cpu
Output:
Launching JAGUAR under jobcontrol.
An error has occurred.  Information about the error has been written to 
/home/rustenburg/.schrodinger/exceptions/error20180504-233748.txt 

Please contact help@schrodinger.com for assistance. Include error20180504-233748.txt and a description of what you were doing when the error occurred.

WARNING: Job launch failed for 1/2 times.
% jaguar run pka_deprot.bat -jobname SM18_micro064_conf_1 SM18_micro064_conf_1.in -HOST lsf-cpu
Output
Launch failed: no JobId found.

Command:
/data/chodera/schrodinger/schrodinger2017-4-advanced/jaguar run pka_deprot.bat -jobname SM18_micro064_conf_1 SM18_micro064_conf_1.in -HOST lsf-cpu
Output:
Launching JAGUAR under jobcontrol.
An error has occurred.  Information about the error has been written to 
/home/rustenburg/.schrodinger/exceptions/error20180504-234225.txt 

Please contact help@schrodinger.com for assistance. Include error20180504-234225.txt and a description of what you were doing when the error occurred.

WARNING: Job launch failed for 2/2 times.
% jaguar run pka_deprot.bat -jobname SM18_micro064_conf_1 SM18_micro064_conf_1.in -HOST lsf-cpu
Output
Launch failed: no JobId found.

Command:
/data/chodera/schrodinger/schrodinger2017-4-advanced/jaguar run pka_deprot.bat -jobname SM18_micro064_conf_1 SM18_micro064_conf_1.in -HOST lsf-cpu
Output:
Launching JAGUAR under jobcontrol.
An error has occurred.  Information about the error has been written to 
/home/rustenburg/.schrodinger/exceptions/error20180504-234703.txt 

Please contact help@schrodinger.com for assistance. Include error20180504-234703.txt and a description of what you were doing when the error occurred.

WARNING: Job launch failed for 1/2 times.
% jaguar run pka_deprot.bat -jobname SM18_micro064_conf_3 SM18_micro064_conf_3.in -HOST lsf-cpu
Output
Launch failed: no JobId found.

Command:
/data/chodera/schrodinger/schrodinger2017-4-advanced/jaguar run pka_deprot.bat -jobname SM18_micro064_conf_3 SM18_micro064_conf_3.in -HOST lsf-cpu
Output:
Launching JAGUAR under jobcontrol.
An error has occurred.  Information about the error has been written to 
/home/rustenburg/.schrodinger/exceptions/error20180504-235141.txt 

Please contact help@schrodinger.com for assistance. Include error20180504-235141.txt and a description of what you were doing when the error occurred.

WARNING: Job launch failed for 2/2 times.
% jaguar run pka_deprot.bat -jobname SM18_micro064_conf_3 SM18_micro064_conf_3.in -HOST lsf-cpu
Output
Launch failed: no JobId found.

Command:
/data/chodera/schrodinger/schrodinger2017-4-advanced/jaguar run pka_deprot.bat -jobname SM18_micro064_conf_3 SM18_micro064_conf_3.in -HOST lsf-cpu
Output:
Launching JAGUAR under jobcontrol.
An error has occurred.  Information about the error has been written to 
/home/rustenburg/.schrodinger/exceptions/error20180504-235618.txt 

Please contact help@schrodinger.com for assistance. Include error20180504-235618.txt and a description of what you were doing when the error occurred.

 5  3  2 | killed    lt09-0-5aeccbf8 SM18_micro075_conf_4 lsf-cpu [ls13]
ERROR: Subjob 'SM18_micro075_conf_4' has failed after 3 retries.

Last 20 lines of 'SM18_micro075_conf_4.log':

  ERROR: this job could not be launched.
  
  Launch host: lt09.hpc.private
  Launch directory: /lila/data/chodera/schrodinger/tmpdir/rustenburg/jag_SM18_micro075_SM18_micro064/jag_SM18_micro075_SM18_micro064.workdir
  Launch time: 2018-05-04-23:33:14
  Command line: /data/chodera/schrodinger/schrodinger2017-4-advanced/jaguar run pka_prot.bat -jobname SM18_micro075_conf_4 SM18_micro075_conf_4.in -HOST lsf-cpu
  
  The following error message was returned:
  Error: in replying to 'JPROXYPORT lilac rustenburg "/data/chodera/schrodinger/schrodinger2017-4-advanced"' - dial tcp lilac:35321: i/o timeout


Last 20 lines of 'SM18_micro075_conf_4.recover':

  

Job control errors (from job record):
  ERROR: could not recover job: remote command timed out [remote host: lilac, output: '/home/rustenburg/.bashrc: line 24: bind: warning: line editing not enabled
Launch failed: no JobId found.

Command:
/data/chodera/schrodinger/schrodinger2017-4-advanced/jaguar run pka_prot.bat -jobname SM18_micro075_conf_4 SM18_micro075_conf_4.in -HOST lsf-cpu
Output:
Launching JAGUAR under jobcontrol.
An error has occurred.  Information about the error has been written to 
/home/rustenburg/.schrodinger/exceptions/error20180504-233748.txt 

Please contact help@schrodinger.com for assistance. Include error20180504-233748.txt and a description of what you were doing when the error occurred.

WARNING: Job launch failed for 1/2 times.
% jaguar run pka_deprot.bat -jobname SM18_micro064_conf_1 SM18_micro064_conf_1.in -HOST lsf-cpu
Output
Launch failed: no JobId found.

Command:
/data/chodera/schrodinger/schrodinger2017-4-advanced/jaguar run pka_deprot.bat -jobname SM18_micro064_conf_1 SM18_micro064_conf_1.in -HOST lsf-cpu
Output:
Launching JAGUAR under jobcontrol.
An error has occurred.  Information about the error has been written to 
/home/rustenburg/.schrodinger/exceptions/error20180505-000056.txt 

Please contact help@schrodinger.com for assistance. Include error20180505-000056.txt and a description of what you were doing when the error occurred.

WARNING: Job launch failed for 2/2 times.
% jaguar run pka_deprot.bat -jobname SM18_micro064_conf_1 SM18_micro064_conf_1.in -HOST lsf-cpu
Output
Launch failed: no JobId found.

Command:
/data/chodera/schrodinger/schrodinger2017-4-advanced/jaguar run pka_deprot.bat -jobname SM18_micro064_conf_1 SM18_micro064_conf_1.in -HOST lsf-cpu
Output:
Launching JAGUAR under jobcontrol.
An error has occurred.  Information about the error has been written to 
/home/rustenburg/.schrodinger/exceptions/error20180505-000533.txt 

Please contact help@schrodinger.com for assistance. Include error20180505-000533.txt and a description of what you were doing when the error occurred.

WARNING: Job launch failed for 1/2 times.
% jaguar run pka_deprot.bat -jobname SM18_micro064_conf_3 SM18_micro064_conf_3.in -HOST lsf-cpu
Output
Launch failed: no JobId found.

Command:
/data/chodera/schrodinger/schrodinger2017-4-advanced/jaguar run pka_deprot.bat -jobname SM18_micro064_conf_3 SM18_micro064_conf_3.in -HOST lsf-cpu
Output:
Launching JAGUAR under jobcontrol.
An error has occurred.  Information about the error has been written to 
/home/rustenburg/.schrodinger/exceptions/error20180505-001012.txt 

Please contact help@schrodinger.com for assistance. Include error20180505-001012.txt and a description of what you were doing when the error occurred.

WARNING: Job launch failed for 2/2 times.
% jaguar run pka_deprot.bat -jobname SM18_micro064_conf_3 SM18_micro064_conf_3.in -HOST lsf-cpu
Output
Launch failed: no JobId found.

Command:
/data/chodera/schrodinger/schrodinger2017-4-advanced/jaguar run pka_deprot.bat -jobname SM18_micro064_conf_3 SM18_micro064_conf_3.in -HOST lsf-cpu
Output:
Launching JAGUAR under jobcontrol.
An error has occurred.  Information about the error has been written to 
/home/rustenburg/.schrodinger/exceptions/error20180505-001450-2.txt 

Please contact help@schrodinger.com for assistance. Include error20180505-001450-2.txt and a description of what you were doing when the error occurred.

 6  3  1 | killed    lt09-0-5aeccbff SM18_micro064_conf_1 lsf-cpu [ls13]
ERROR: Subjob 'SM18_micro064_conf_1' has failed after 3 retries.

Last 20 lines of 'SM18_micro064_conf_1.log':

  ERROR: this job could not be launched.
  
  Launch host: lt09.hpc.private
  Launch directory: /lila/data/chodera/schrodinger/tmpdir/rustenburg/jag_SM18_micro075_SM18_micro064/jag_SM18_micro075_SM18_micro064.workdir
  Launch time: 2018-05-05-00:00:59
  Command line: /data/chodera/schrodinger/schrodinger2017-4-advanced/jaguar run pka_deprot.bat -jobname SM18_micro064_conf_1 SM18_micro064_conf_1.in -HOST lsf-cpu
  
  The following error message was returned:
  Error: in replying to 'JPROXYPORT lilac rustenburg "/data/chodera/schrodinger/schrodinger2017-4-advanced"' - dial tcp lilac:35321: i/o timeout


Last 20 lines of 'SM18_micro064_conf_1.recover':

  

Job control errors (from job record):
  ERROR: could not recover job: remote command failed with exit code 127 [remote host: lilac, output: 'ssh_exchange_identification: Connection closed by remote host']
Launch failed: no JobId found.

Command:
/data/chodera/schrodinger/schrodinger2017-4-advanced/jaguar run pka_deprot.bat -jobname SM18_micro064_conf_1 SM18_micro064_conf_1.in -HOST lsf-cpu
Output:
Launching JAGUAR under jobcontrol.
An error has occurred.  Information about the error has been written to 
/home/rustenburg/.schrodinger/exceptions/error20180505-000533.txt 

Please contact help@schrodinger.com for assistance. Include error20180505-000533.txt and a description of what you were doing when the error occurred.

Subjob 'SM18_micro075_conf_2' died (killed) [jobid lt09-0-5aeccbf0]
 6  2  2 | killed    lt09-0-5aeccbf0 SM18_micro075_conf_2 lsf-cpu [ls13]
WARNING: Job launch failed for 1/2 times.
% jaguar run pka_prot.bat -jobname SM18_micro075_conf_2 SM18_micro075_conf_2.in -HOST lsf-cpu
Output
Launch failed: no JobId found.

Command:
/data/chodera/schrodinger/schrodinger2017-4-advanced/jaguar run pka_prot.bat -jobname SM18_micro075_conf_2 SM18_micro075_conf_2.in -HOST lsf-cpu
Output:
Launching JAGUAR under jobcontrol.
An error has occurred.  Information about the error has been written to 
/home/rustenburg/.schrodinger/exceptions/error20180505-001929-1.txt 

Please contact help@schrodinger.com for assistance. Include error20180505-001929-1.txt and a description of what you were doing when the error occurred.

WARNING: Job launch failed for 2/2 times.
% jaguar run pka_prot.bat -jobname SM18_micro075_conf_2 SM18_micro075_conf_2.in -HOST lsf-cpu
Output
Launch failed: no JobId found.

Command:
/data/chodera/schrodinger/schrodinger2017-4-advanced/jaguar run pka_prot.bat -jobname SM18_micro075_conf_2 SM18_micro075_conf_2.in -HOST lsf-cpu
Output:
Launching JAGUAR under jobcontrol.
An error has occurred.  Information about the error has been written to 
/home/rustenburg/.schrodinger/exceptions/error20180505-002406-2.txt 

Please contact help@schrodinger.com for assistance. Include error20180505-002406-2.txt and a description of what you were doing when the error occurred.

WARNING: Job launch failed for 1/2 times.
% jaguar run pka_deprot.bat -jobname SM18_micro064_conf_3 SM18_micro064_conf_3.in -HOST lsf-cpu
Output
Launch failed: no JobId found.

Command:
/data/chodera/schrodinger/schrodinger2017-4-advanced/jaguar run pka_deprot.bat -jobname SM18_micro064_conf_3 SM18_micro064_conf_3.in -HOST lsf-cpu
Output:
Launching JAGUAR under jobcontrol.
An error has occurred.  Information about the error has been written to 
/home/rustenburg/.schrodinger/exceptions/error20180505-002844.txt 

Please contact help@schrodinger.com for assistance. Include error20180505-002844.txt and a description of what you were doing when the error occurred.

WARNING: Job launch failed for 2/2 times.
% jaguar run pka_deprot.bat -jobname SM18_micro064_conf_3 SM18_micro064_conf_3.in -HOST lsf-cpu
Output
Launch failed: no JobId found.

Command:
/data/chodera/schrodinger/schrodinger2017-4-advanced/jaguar run pka_deprot.bat -jobname SM18_micro064_conf_3 SM18_micro064_conf_3.in -HOST lsf-cpu
Output:
Launching JAGUAR under jobcontrol.
An error has occurred.  Information about the error has been written to 
/home/rustenburg/.schrodinger/exceptions/error20180505-003323-1.txt 

Please contact help@schrodinger.com for assistance. Include error20180505-003323-1.txt and a description of what you were doing when the error occurred.

 7  2  1 | killed    lt09-0-5aeccc07 SM18_micro064_conf_3 lsf-cpu [ls13]
ERROR: Subjob 'SM18_micro064_conf_3' has failed after 3 retries.

Last 20 lines of 'SM18_micro064_conf_3.recover':

  ERROR: this job could not be launched.
  
  Launch host: lt09.hpc.private
  Launch directory: /lila/data/chodera/schrodinger/tmpdir/rustenburg/jag_SM18_micro075_SM18_micro064/jag_SM18_micro075_SM18_micro064.workdir
  Launch time: 2018-05-05-00:28:49
  Command line: /data/chodera/schrodinger/schrodinger2017-4-advanced/jaguar run pka_deprot.bat -jobname SM18_micro064_conf_3 SM18_micro064_conf_3.in -HOST lsf-cpu
  
  The following error message was returned:
  Error: in replying to 'JPROXYPORT lilac rustenburg "/data/chodera/schrodinger/schrodinger2017-4-advanced"' - dial tcp lilac:35321: i/o timeout


Last 20 lines of 'SM18_micro064_conf_3.log':

  

Job control errors (from job record):
  ERROR: could not recover job: remote command timed out [remote host: lilac, output: '/home/rustenburg/.bashrc: line 24: bind: warning: line editing not enabled
Launch failed: no JobId found.

Command:
/data/chodera/schrodinger/schrodinger2017-4-advanced/jaguar run pka_deprot.bat -jobname SM18_micro064_conf_3 SM18_micro064_conf_3.in -HOST lsf-cpu
Output:
Launching JAGUAR under jobcontrol.
An error has occurred.  Information about the error has been written to 
/home/rustenburg/.schrodinger/exceptions/error20180505-003323-1.txt 

Please contact help@schrodinger.com for assistance. Include error20180505-003323-1.txt and a description of what you were doing when the error occurred.

Subjob 'SM18_micro075_conf_3' died (killed) [jobid lt09-0-5aeccbf4]
 7  1  2 | killed    lt09-0-5aeccbf4 SM18_micro075_conf_3 lsf-cpu [ls13]
WARNING: Job launch failed for 1/2 times.
% jaguar run pka_prot.bat -jobname SM18_micro075_conf_2 SM18_micro075_conf_2.in -HOST lsf-cpu
Output
Launch failed: no JobId found.

Command:
/data/chodera/schrodinger/schrodinger2017-4-advanced/jaguar run pka_prot.bat -jobname SM18_micro075_conf_2 SM18_micro075_conf_2.in -HOST lsf-cpu
Output:
Launching JAGUAR under jobcontrol.
An error has occurred.  Information about the error has been written to 
/home/rustenburg/.schrodinger/exceptions/error20180505-003801.txt 

Please contact help@schrodinger.com for assistance. Include error20180505-003801.txt and a description of what you were doing when the error occurred.

WARNING: Job launch failed for 2/2 times.
% jaguar run pka_prot.bat -jobname SM18_micro075_conf_2 SM18_micro075_conf_2.in -HOST lsf-cpu
Output
Launch failed: no JobId found.

Command:
/data/chodera/schrodinger/schrodinger2017-4-advanced/jaguar run pka_prot.bat -jobname SM18_micro075_conf_2 SM18_micro075_conf_2.in -HOST lsf-cpu
Output:
Launching JAGUAR under jobcontrol.
An error has occurred.  Information about the error has been written to 
/home/rustenburg/.schrodinger/exceptions/error20180505-004239.txt 

Please contact help@schrodinger.com for assistance. Include error20180505-004239.txt and a description of what you were doing when the error occurred.

WARNING: Job launch failed for 1/2 times.
% jaguar run pka_prot.bat -jobname SM18_micro075_conf_3 SM18_micro075_conf_3.in -HOST lsf-cpu
Output
Launch failed: no JobId found.

Command:
/data/chodera/schrodinger/schrodinger2017-4-advanced/jaguar run pka_prot.bat -jobname SM18_micro075_conf_3 SM18_micro075_conf_3.in -HOST lsf-cpu
Output:
Launching JAGUAR under jobcontrol.
An error has occurred.  Information about the error has been written to 
/home/rustenburg/.schrodinger/exceptions/error20180505-004716-1.txt 

Please contact help@schrodinger.com for assistance. Include error20180505-004716-1.txt and a description of what you were doing when the error occurred.

WARNING: Job launch failed for 2/2 times.
% jaguar run pka_prot.bat -jobname SM18_micro075_conf_3 SM18_micro075_conf_3.in -HOST lsf-cpu
Output
Launch failed: no JobId found.

Command:
/data/chodera/schrodinger/schrodinger2017-4-advanced/jaguar run pka_prot.bat -jobname SM18_micro075_conf_3 SM18_micro075_conf_3.in -HOST lsf-cpu
Output:
Launching JAGUAR under jobcontrol.
An error has occurred.  Information about the error has been written to 
/home/rustenburg/.schrodinger/exceptions/error20180505-005153.txt 

Please contact help@schrodinger.com for assistance. Include error20180505-005153.txt and a description of what you were doing when the error occurred.

WARNING: Job launch failed for 1/2 times.
% jaguar run pka_prot.bat -jobname SM18_micro075_conf_2 SM18_micro075_conf_2.in -HOST lsf-cpu
Output
Launch failed: no JobId found.

Command:
/data/chodera/schrodinger/schrodinger2017-4-advanced/jaguar run pka_prot.bat -jobname SM18_micro075_conf_2 SM18_micro075_conf_2.in -HOST lsf-cpu
Output:
Launching JAGUAR under jobcontrol.
An error has occurred.  Information about the error has been written to 
/home/rustenburg/.schrodinger/exceptions/error20180505-005630.txt 

Please contact help@schrodinger.com for assistance. Include error20180505-005630.txt and a description of what you were doing when the error occurred.

WARNING: Job launch failed for 2/2 times.
% jaguar run pka_prot.bat -jobname SM18_micro075_conf_2 SM18_micro075_conf_2.in -HOST lsf-cpu
Output
Launch failed: no JobId found.

Command:
/data/chodera/schrodinger/schrodinger2017-4-advanced/jaguar run pka_prot.bat -jobname SM18_micro075_conf_2 SM18_micro075_conf_2.in -HOST lsf-cpu
Output:
Launching JAGUAR under jobcontrol.
An error has occurred.  Information about the error has been written to 
/home/rustenburg/.schrodinger/exceptions/error20180505-010105.txt 

Please contact help@schrodinger.com for assistance. Include error20180505-010105.txt and a description of what you were doing when the error occurred.

WARNING: Job launch failed for 1/2 times.
% jaguar run pka_prot.bat -jobname SM18_micro075_conf_3 SM18_micro075_conf_3.in -HOST lsf-cpu
Output
Launch failed: no JobId found.

Command:
/data/chodera/schrodinger/schrodinger2017-4-advanced/jaguar run pka_prot.bat -jobname SM18_micro075_conf_3 SM18_micro075_conf_3.in -HOST lsf-cpu
Output:
Launching JAGUAR under jobcontrol.
An error has occurred.  Information about the error has been written to 
/home/rustenburg/.schrodinger/exceptions/error20180505-010539-1.txt 

Please contact help@schrodinger.com for assistance. Include error20180505-010539-1.txt and a description of what you were doing when the error occurred.

WARNING: Job launch failed for 2/2 times.
% jaguar run pka_prot.bat -jobname SM18_micro075_conf_3 SM18_micro075_conf_3.in -HOST lsf-cpu
Output
Launch failed: no JobId found.

Command:
/data/chodera/schrodinger/schrodinger2017-4-advanced/jaguar run pka_prot.bat -jobname SM18_micro075_conf_3 SM18_micro075_conf_3.in -HOST lsf-cpu
Output:
Launching JAGUAR under jobcontrol.
An error has occurred.  Information about the error has been written to 
/home/rustenburg/.schrodinger/exceptions/error20180505-011014.txt 

Please contact help@schrodinger.com for assistance. Include error20180505-011014.txt and a description of what you were doing when the error occurred.

 8  1  1 | killed    lt09-0-5aeccbf0 SM18_micro075_conf_2 lsf-cpu [ls13]
ERROR: Subjob 'SM18_micro075_conf_2' has failed after 3 retries.

Last 20 lines of 'SM18_micro075_conf_2.log':

  ERROR: this job could not be launched.
  
  Launch host: lt09.hpc.private
  Launch directory: /lila/data/chodera/schrodinger/tmpdir/rustenburg/jag_SM18_micro075_SM18_micro064/jag_SM18_micro075_SM18_micro064.workdir
  Launch time: 2018-05-05-00:56:33
  Command line: /data/chodera/schrodinger/schrodinger2017-4-advanced/jaguar run pka_prot.bat -jobname SM18_micro075_conf_2 SM18_micro075_conf_2.in -HOST lsf-cpu
  
  The following error message was returned:
  Error: in replying to 'JPROXYPORT lilac rustenburg "/data/chodera/schrodinger/schrodinger2017-4-advanced"' - dial tcp lilac:35321: i/o timeout


Last 20 lines of 'SM18_micro075_conf_2.recover':

  

Job control errors (from job record):
  ERROR: could not recover job: remote command failed with exit code 127 [remote host: lilac, output: 'ssh_exchange_identification: Connection closed by remote host']
Launch failed: no JobId found.

Command:
/data/chodera/schrodinger/schrodinger2017-4-advanced/jaguar run pka_prot.bat -jobname SM18_micro075_conf_2 SM18_micro075_conf_2.in -HOST lsf-cpu
Output:
Launching JAGUAR under jobcontrol.
An error has occurred.  Information about the error has been written to 
/home/rustenburg/.schrodinger/exceptions/error20180505-010105.txt 

Please contact help@schrodinger.com for assistance. Include error20180505-010105.txt and a description of what you were doing when the error occurred.

 9  0  1 | finished  lt09-0-5aed1d87 SM18_micro064_conf_5 localhost [lt09]
 9  1  0 | restarted lt09-0-5aed3cba SM18_micro075_conf_3 localhost [lt09]
10  0  0 | finished  lt09-0-5aed3cba SM18_micro075_conf_3 localhost [lt09]

All jobs have completed.

5 of 10 job(s) succeeded; 5 job(s) failed.

Timer (distribute subjobs) : 37717.58 secs (10 hrs, 28 mins, 37 secs)

Processing QM output files...

Executing subprocess:
/data/chodera/schrodinger/schrodinger2017-4-advanced/jaguar results -energy SM18_micro075_conf_1.nrg_h.out

Executing subprocess:
/data/chodera/schrodinger/schrodinger2017-4-advanced/jaguar results -esolv SM18_micro075_conf_1.sol_h.out

Executing subprocess:
/data/chodera/schrodinger/schrodinger2017-4-advanced/jaguar results -energy SM18_micro075_conf_2.nrg_h.out

  Results command failed: "/data/chodera/schrodinger/schrodinger2017-4-advanced/jaguar results -energy SM18_micro075_conf_2.nrg_h.out"

An error has occurred.  Information about the error has been written to 
/home/rustenburg/.schrodinger/exceptions/error20180505-033721.txt 

Please contact help@schrodinger.com for assistance. Include error20180505-033721.txt and a description of what you were doing when the error occurred.
