Command:    jaguar run pka.py -jobname jag_SM21_micro002_SM21_micro020 -PARALLEL 10 -n -csrch -prot SM21_micro002.in -deprot SM21_micro020.in
Release:    2017-4
Exec:       /data/chodera/schrodinger/schrodinger2017-4-advanced/jaguar-v9.8/bin/Linux-x86_64
Host:       ls15
JobId:      lilac-0-5aecd00b
JobDir:     /lila/data/chodera/schrodinger/tmpdir/rustenburg/jag_SM21_micro002_SM21_micro020
Date:       Fri May  4 19:18:39 2018

Contents of /lila/data/chodera/schrodinger/tmpdir/rustenburg/jag_SM21_micro002_SM21_micro020:
/lila/data/chodera/schrodinger/tmpdir/rustenburg/jag_SM21_micro002_SM21_micro020/SM21_micro020.mae
/lila/data/chodera/schrodinger/tmpdir/rustenburg/jag_SM21_micro002_SM21_micro020/lilac-0-5aecd00b.mpinodes
/lila/data/chodera/schrodinger/tmpdir/rustenburg/jag_SM21_micro002_SM21_micro020/SM21_micro002.mae
/lila/data/chodera/schrodinger/tmpdir/rustenburg/jag_SM21_micro002_SM21_micro020/SM21_micro020.in
/lila/data/chodera/schrodinger/tmpdir/rustenburg/jag_SM21_micro002_SM21_micro020/SM21_micro002.in
/lila/data/chodera/schrodinger/tmpdir/rustenburg/jag_SM21_micro002_SM21_micro020/lilac-0-5aecd00b.recover
/lila/data/chodera/schrodinger/tmpdir/rustenburg/jag_SM21_micro002_SM21_micro020/jag_SM21_micro002_SM21_micro020.recover
/lila/data/chodera/schrodinger/tmpdir/rustenburg/jag_SM21_micro002_SM21_micro020/lilac-0-5aecd00b.nodes
/lila/data/chodera/schrodinger/tmpdir/rustenburg/jag_SM21_micro002_SM21_micro020/lilac-0-5aecd00b
/lila/data/chodera/schrodinger/tmpdir/rustenburg/jag_SM21_micro002_SM21_micro020/lilac-0-5aecd00b.hosts
/lila/data/chodera/schrodinger/tmpdir/rustenburg/jag_SM21_micro002_SM21_micro020/jag_SM21_micro002_SM21_micro020.log
/lila/data/chodera/schrodinger/tmpdir/rustenburg/jag_SM21_micro002_SM21_micro020/lilac-0-5aecd00b.jlog

=====================
 Jaguar pKa workflow
=====================

Analysing user-provided (prot, deprot) pair:
(SM21_micro002.in, SM21_micro020.in)
Error: heavy atoms are different in input files:
SM21_micro002.in
SM21_micro020.in


An error has occurred.  Information about the error has been written to 
/home/rustenburg/.schrodinger/exceptions/error20180504-191839-3.txt 

Please contact help@schrodinger.com for assistance. Include error20180504-191839-3.txt and a description of what you were doing when the error occurred.
