Command:    jaguar run pka.py -jobname jag_SM12_micro006_SM12_micro011 -PARALLEL 10 -n -csrch -prot SM12_micro006.in -deprot SM12_micro011.in
Release:    2017-4
Exec:       /data/chodera/schrodinger/schrodinger2017-4-advanced/jaguar-v9.8/bin/Linux-x86_64
Host:       lt21
JobId:      lilac-0-5aeca195
JobDir:     /lila/data/chodera/schrodinger/tmpdir/rustenburg/jag_SM12_micro006_SM12_micro011
Date:       Fri May  4 14:08:29 2018

Contents of /lila/data/chodera/schrodinger/tmpdir/rustenburg/jag_SM12_micro006_SM12_micro011:
/lila/data/chodera/schrodinger/tmpdir/rustenburg/jag_SM12_micro006_SM12_micro011/lilac-0-5aeca195
/lila/data/chodera/schrodinger/tmpdir/rustenburg/jag_SM12_micro006_SM12_micro011/jag_SM12_micro006_SM12_micro011.recover
/lila/data/chodera/schrodinger/tmpdir/rustenburg/jag_SM12_micro006_SM12_micro011/jag_SM12_micro006_SM12_micro011.log
/lila/data/chodera/schrodinger/tmpdir/rustenburg/jag_SM12_micro006_SM12_micro011/lilac-0-5aeca195.mpinodes
/lila/data/chodera/schrodinger/tmpdir/rustenburg/jag_SM12_micro006_SM12_micro011/SM12_micro006.mae
/lila/data/chodera/schrodinger/tmpdir/rustenburg/jag_SM12_micro006_SM12_micro011/SM12_micro006.in
/lila/data/chodera/schrodinger/tmpdir/rustenburg/jag_SM12_micro006_SM12_micro011/lilac-0-5aeca195.jlog
/lila/data/chodera/schrodinger/tmpdir/rustenburg/jag_SM12_micro006_SM12_micro011/lilac-0-5aeca195.recover
/lila/data/chodera/schrodinger/tmpdir/rustenburg/jag_SM12_micro006_SM12_micro011/SM12_micro011.in
/lila/data/chodera/schrodinger/tmpdir/rustenburg/jag_SM12_micro006_SM12_micro011/lilac-0-5aeca195.nodes
/lila/data/chodera/schrodinger/tmpdir/rustenburg/jag_SM12_micro006_SM12_micro011/lilac-0-5aeca195.hosts
/lila/data/chodera/schrodinger/tmpdir/rustenburg/jag_SM12_micro006_SM12_micro011/SM12_micro011.mae

=====================
 Jaguar pKa workflow
=====================

Analysing user-provided (prot, deprot) pair:
(SM12_micro006.in, SM12_micro011.in)
Found labile hydrogen 25 in SM12_micro006.in
Found labile hydrogen at atom 11 in SM12_micro011.in
Adding 'ipkat' keyword to input files.

Identifying pKa functional group for pair:
(SM12_micro006, SM12_micro011)

Executing subprocess:
/data/chodera/schrodinger/schrodinger2017-4-advanced/jaguar-v9.8/bin/Linux-x86_64/pka -i -j SM12_micro006.tmp.jres -n

Taking protonated structures from:
SM12_micro006.mae
Taking deprotonated structures from:
SM12_micro011.mae

This molecule from 'SM12_micro006.mae' in water was recognized as:

 # 	                  Shell                   
---	------------------------------------------
1: 	Protonation of sp2-like aliphatic nitrogen
2: 	Protonation of generic atom               


Executing conformational search...

Executing 2 distributed subjobs:
---------------------------------

No more than 8 cpu(s) will be used per subjob.
No more than 10 cpu(s) will be used simultaneously.

Processing the following subjobs:
(1) jaguar run csrch.py SM12_micro006.mae -jobname SM12_micro006 -max_conf 5 -erg_window 50.208 -acc_level 1 -TPP 5
(2) jaguar run csrch.py SM12_micro011.mae -jobname SM12_micro011 -max_conf 5 -erg_window 50.208 -acc_level 1 -TPP 5

Running subjobs on hosts:
  lsf-cpu (Max: 2)
Number of jobs:       2
Max retries per job:  3
Max allowed failures: unlimited
Run with -LOCAL:      False
Verbosity:            normal

Starting JobDJ...

Keep one job on driver host: False
JobDJ columns:
  C: Number of completed subjobs
  A: Number of active subjobs (e.g., submitted, running)
  W: Number of waiting/pending subjobs

C A W | Activity  JobId  JobName  JobHost
- - - | --------- -----------------------
0 1 1 | launched  lt21-0-5aeca1a2 SM12_micro006 lsf-cpu
0 2 0 | launched  lt21-0-5aeca1a6 SM12_micro011 lsf-cpu
1 1 0 | finished  lt21-0-5aeca1a2 SM12_micro006 lsf-cpu
2 0 0 | finished  lt21-0-5aeca1a6 SM12_micro011 lsf-cpu

All jobs have completed.

2 of 2 job(s) succeeded; 0 job(s) failed.

Timer (distribute subjobs) : 463.01 secs (0 hrs, 07 mins, 43 secs)

Setting up QM workflow for (protonated, deprotonated) pair:
(1) (SM12_micro006, SM12_micro011)

Executing Jaguar quantum-mechanical subjobs...

Executing 9 distributed subjobs:
---------------------------------

No more than 8 cpu(s) will be used per subjob.
No more than 10 cpu(s) will be used simultaneously.

Processing the following subjobs:
(1) jaguar run pka_prot.bat -jobname SM12_micro006_conf_1 SM12_micro006_conf_1.in -TPP 2
(2) jaguar run pka_prot.bat -jobname SM12_micro006_conf_2 SM12_micro006_conf_2.in
(3) jaguar run pka_prot.bat -jobname SM12_micro006_conf_3 SM12_micro006_conf_3.in
(4) jaguar run pka_prot.bat -jobname SM12_micro006_conf_4 SM12_micro006_conf_4.in
(5) jaguar run pka_deprot.bat -jobname SM12_micro011_conf_1 SM12_micro011_conf_1.in
(6) jaguar run pka_deprot.bat -jobname SM12_micro011_conf_2 SM12_micro011_conf_2.in
(7) jaguar run pka_deprot.bat -jobname SM12_micro011_conf_3 SM12_micro011_conf_3.in
(8) jaguar run pka_deprot.bat -jobname SM12_micro011_conf_4 SM12_micro011_conf_4.in
(9) jaguar run pka_deprot.bat -jobname SM12_micro011_conf_5 SM12_micro011_conf_5.in

Running subjobs on hosts:
  lsf-cpu (Max: 9)
Number of jobs:       9
Max retries per job:  3
Max allowed failures: unlimited
Run with -LOCAL:      False
Verbosity:            normal

Starting JobDJ...

Keep one job on driver host: False
JobDJ columns:
  C: Number of completed subjobs
  A: Number of active subjobs (e.g., submitted, running)
  W: Number of waiting/pending subjobs

C A W | Activity  JobId  JobName  JobHost
- - - | --------- -----------------------
0 1 8 | launched  lt21-0-5aeca375 SM12_micro006_conf_1 lsf-cpu
0 2 7 | launched  lt21-0-5aeca378 SM12_micro006_conf_2 lsf-cpu
0 3 6 | launched  lt21-0-5aeca37b SM12_micro006_conf_3 lsf-cpu
0 4 5 | launched  lt21-0-5aeca37e SM12_micro006_conf_4 lsf-cpu
0 5 4 | launched  lt21-0-5aeca381 SM12_micro011_conf_1 lsf-cpu
0 6 3 | launched  lt21-0-5aeca384 SM12_micro011_conf_2 lsf-cpu
0 7 2 | launched  lt21-0-5aeca388 SM12_micro011_conf_3 lsf-cpu
0 8 1 | launched  lt21-0-5aeca38b SM12_micro011_conf_4 lsf-cpu
0 9 0 | launched  lt21-0-5aeca38e SM12_micro011_conf_5 lsf-cpu
1 8 0 | finished  lt21-0-5aeca38e SM12_micro011_conf_5 lsf-cpu [ls18]
2 7 0 | finished  lt21-0-5aeca381 SM12_micro011_conf_1 lsf-cpu [lt07]
3 6 0 | finished  lt21-0-5aeca38b SM12_micro011_conf_4 lsf-cpu [lt14]
4 5 0 | finished  lt21-0-5aeca384 SM12_micro011_conf_2 lsf-cpu [lt20]
5 4 0 | finished  lt21-0-5aeca388 SM12_micro011_conf_3 lsf-cpu [lt20]
6 3 0 | finished  lt21-0-5aeca37b SM12_micro006_conf_3 lsf-cpu [ls18]
7 2 0 | finished  lt21-0-5aeca37e SM12_micro006_conf_4 lsf-cpu [lt05]
8 1 0 | finished  lt21-0-5aeca378 SM12_micro006_conf_2 lsf-cpu [lt14]
9 0 0 | finished  lt21-0-5aeca375 SM12_micro006_conf_1 lsf-cpu [ls09]

All jobs have completed.

9 of 9 job(s) succeeded; 0 job(s) failed.

Timer (distribute subjobs) : 2105.94 secs (0 hrs, 35 mins, 05 secs)

Processing QM output files...

Executing subprocess:
/data/chodera/schrodinger/schrodinger2017-4-advanced/jaguar results -energy SM12_micro006_conf_1.nrg_h.out

Executing subprocess:
/data/chodera/schrodinger/schrodinger2017-4-advanced/jaguar results -esolv SM12_micro006_conf_1.sol_h.out

Executing subprocess:
/data/chodera/schrodinger/schrodinger2017-4-advanced/jaguar results -energy SM12_micro006_conf_2.nrg_h.out

Executing subprocess:
/data/chodera/schrodinger/schrodinger2017-4-advanced/jaguar results -esolv SM12_micro006_conf_2.sol_h.out

Executing subprocess:
/data/chodera/schrodinger/schrodinger2017-4-advanced/jaguar results -energy SM12_micro006_conf_3.nrg_h.out

Executing subprocess:
/data/chodera/schrodinger/schrodinger2017-4-advanced/jaguar results -esolv SM12_micro006_conf_3.sol_h.out

Executing subprocess:
/data/chodera/schrodinger/schrodinger2017-4-advanced/jaguar results -energy SM12_micro006_conf_4.nrg_h.out

Executing subprocess:
/data/chodera/schrodinger/schrodinger2017-4-advanced/jaguar results -esolv SM12_micro006_conf_4.sol_h.out

Executing subprocess:
/data/chodera/schrodinger/schrodinger2017-4-advanced/jaguar results -energy SM12_micro011_conf_1.nrg.out

Executing subprocess:
/data/chodera/schrodinger/schrodinger2017-4-advanced/jaguar results -esolv SM12_micro011_conf_1.sol.out

Executing subprocess:
/data/chodera/schrodinger/schrodinger2017-4-advanced/jaguar results -energy SM12_micro011_conf_2.nrg.out

Executing subprocess:
/data/chodera/schrodinger/schrodinger2017-4-advanced/jaguar results -esolv SM12_micro011_conf_2.sol.out

Executing subprocess:
/data/chodera/schrodinger/schrodinger2017-4-advanced/jaguar results -energy SM12_micro011_conf_3.nrg.out

Executing subprocess:
/data/chodera/schrodinger/schrodinger2017-4-advanced/jaguar results -esolv SM12_micro011_conf_3.sol.out

Executing subprocess:
/data/chodera/schrodinger/schrodinger2017-4-advanced/jaguar results -energy SM12_micro011_conf_4.nrg.out

Executing subprocess:
/data/chodera/schrodinger/schrodinger2017-4-advanced/jaguar results -esolv SM12_micro011_conf_4.sol.out

Executing subprocess:
/data/chodera/schrodinger/schrodinger2017-4-advanced/jaguar results -energy SM12_micro011_conf_5.nrg.out

Executing subprocess:
/data/chodera/schrodinger/schrodinger2017-4-advanced/jaguar results -esolv SM12_micro011_conf_5.sol.out

Executing subprocess:
/data/chodera/schrodinger/schrodinger2017-4-advanced/jaguar-v9.8/bin/Linux-x86_64/pka -o SM12_micro006_deprot-out.mae -j SM12_micro006.jres -n -d

Executing subprocess:
/data/chodera/schrodinger/schrodinger2017-4-advanced/jaguar-v9.8/bin/Linux-x86_64/pka -o SM12_micro006_prot-out.mae -j SM12_micro006.jres -n

pKa calculation for SM12_micro006 completed.

pKa workflow jag_SM12_micro006_SM12_micro011 completed.

Timer (Jaguar pKa) : 2659.66 secs (0 hrs, 44 mins, 19 secs)
Timer (jaguar_backend.py) : 2659.67 secs (0 hrs, 44 mins, 19 secs)
Finished:   Fri May  4 14:52:49 2018
