Command:    jaguar run pka.py -jobname jag_SM07_micro015_SM07_micro011 -PARALLEL 10 -n -csrch -prot SM07_micro015.in -deprot SM07_micro011.in
Release:    2017-4
Exec:       /data/chodera/schrodinger/schrodinger2017-4-advanced/jaguar-v9.8/bin/Linux-x86_64
Host:       ls07
JobId:      lilac-0-5aec7b21
JobDir:     /lila/data/chodera/schrodinger/tmpdir/rustenburg/jag_SM07_micro015_SM07_micro011
Date:       Fri May  4 11:25:45 2018

Contents of /lila/data/chodera/schrodinger/tmpdir/rustenburg/jag_SM07_micro015_SM07_micro011:
/lila/data/chodera/schrodinger/tmpdir/rustenburg/jag_SM07_micro015_SM07_micro011/SM07_micro011.mae
/lila/data/chodera/schrodinger/tmpdir/rustenburg/jag_SM07_micro015_SM07_micro011/lilac-0-5aec7b21.jlog
/lila/data/chodera/schrodinger/tmpdir/rustenburg/jag_SM07_micro015_SM07_micro011/lilac-0-5aec7b21.recover
/lila/data/chodera/schrodinger/tmpdir/rustenburg/jag_SM07_micro015_SM07_micro011/jag_SM07_micro015_SM07_micro011.log
/lila/data/chodera/schrodinger/tmpdir/rustenburg/jag_SM07_micro015_SM07_micro011/lilac-0-5aec7b21
/lila/data/chodera/schrodinger/tmpdir/rustenburg/jag_SM07_micro015_SM07_micro011/SM07_micro011.in
/lila/data/chodera/schrodinger/tmpdir/rustenburg/jag_SM07_micro015_SM07_micro011/SM07_micro015.mae
/lila/data/chodera/schrodinger/tmpdir/rustenburg/jag_SM07_micro015_SM07_micro011/lilac-0-5aec7b21.nodes
/lila/data/chodera/schrodinger/tmpdir/rustenburg/jag_SM07_micro015_SM07_micro011/SM07_micro015.in
/lila/data/chodera/schrodinger/tmpdir/rustenburg/jag_SM07_micro015_SM07_micro011/jag_SM07_micro015_SM07_micro011.recover
/lila/data/chodera/schrodinger/tmpdir/rustenburg/jag_SM07_micro015_SM07_micro011/lilac-0-5aec7b21.hosts
/lila/data/chodera/schrodinger/tmpdir/rustenburg/jag_SM07_micro015_SM07_micro011/lilac-0-5aec7b21.mpinodes

=====================
 Jaguar pKa workflow
=====================

Analysing user-provided (prot, deprot) pair:
(SM07_micro015.in, SM07_micro011.in)
Found labile hydrogen 21 in SM07_micro015.in
Found labile hydrogen at atom 10 in SM07_micro011.in
Adding 'ipkat' keyword to input files.

Identifying pKa functional group for pair:
(SM07_micro015, SM07_micro011)

Executing subprocess:
/data/chodera/schrodinger/schrodinger2017-4-advanced/jaguar-v9.8/bin/Linux-x86_64/pka -i -j SM07_micro015.tmp.jres -n

Taking protonated structures from:
SM07_micro015.mae
Taking deprotonated structures from:
SM07_micro011.mae

This molecule from 'SM07_micro015.mae' in water was recognized as:

 # 	           Shell           
---	---------------------------
1: 	pyrimidine                 
2: 	heterocycle custom 1       
3: 	heterocycle                
4: 	Protonation of generic atom


Executing conformational search...

Executing 2 distributed subjobs:
---------------------------------

No more than 8 cpu(s) will be used per subjob.
No more than 10 cpu(s) will be used simultaneously.

Processing the following subjobs:
(1) jaguar run csrch.py SM07_micro015.mae -jobname SM07_micro015 -max_conf 5 -erg_window 50.208 -acc_level 1 -TPP 5
(2) jaguar run csrch.py SM07_micro011.mae -jobname SM07_micro011 -max_conf 5 -erg_window 50.208 -acc_level 1 -TPP 5

Running subjobs on hosts:
  lsf-cpu (Max: 2)
Number of jobs:       2
Max retries per job:  3
Max allowed failures: unlimited
Run with -LOCAL:      False
Verbosity:            normal

Starting JobDJ...

Keep one job on driver host: False
JobDJ columns:
  C: Number of completed subjobs
  A: Number of active subjobs (e.g., submitted, running)
  W: Number of waiting/pending subjobs

C A W | Activity  JobId  JobName  JobHost
- - - | --------- -----------------------
0 1 1 | launched  ls07-0-5aec7b7f SM07_micro015 lsf-cpu
0 2 0 | launched  ls07-0-5aec7b82 SM07_micro011 lsf-cpu
1 1 0 | finished  ls07-0-5aec7b7f SM07_micro015 lsf-cpu
2 0 0 | finished  ls07-0-5aec7b82 SM07_micro011 lsf-cpu

All jobs have completed.

2 of 2 job(s) succeeded; 0 job(s) failed.

Timer (distribute subjobs) : 918.28 secs (0 hrs, 15 mins, 18 secs)

Setting up QM workflow for (protonated, deprotonated) pair:
(1) (SM07_micro015, SM07_micro011)

Executing Jaguar quantum-mechanical subjobs...

Executing 10 distributed subjobs:
----------------------------------

No more than 8 cpu(s) will be used per subjob.
No more than 10 cpu(s) will be used simultaneously.

Processing the following subjobs:
(1) jaguar run pka_prot.bat -jobname SM07_micro015_conf_1 SM07_micro015_conf_1.in
(2) jaguar run pka_prot.bat -jobname SM07_micro015_conf_2 SM07_micro015_conf_2.in
(3) jaguar run pka_prot.bat -jobname SM07_micro015_conf_3 SM07_micro015_conf_3.in
(4) jaguar run pka_prot.bat -jobname SM07_micro015_conf_4 SM07_micro015_conf_4.in
(5) jaguar run pka_prot.bat -jobname SM07_micro015_conf_5 SM07_micro015_conf_5.in
(6) jaguar run pka_deprot.bat -jobname SM07_micro011_conf_1 SM07_micro011_conf_1.in
(7) jaguar run pka_deprot.bat -jobname SM07_micro011_conf_2 SM07_micro011_conf_2.in
(8) jaguar run pka_deprot.bat -jobname SM07_micro011_conf_3 SM07_micro011_conf_3.in
(9) jaguar run pka_deprot.bat -jobname SM07_micro011_conf_4 SM07_micro011_conf_4.in
(10) jaguar run pka_deprot.bat -jobname SM07_micro011_conf_5 SM07_micro011_conf_5.in

Running subjobs on hosts:
  lsf-cpu (Max: 10)
Number of jobs:       10
Max retries per job:  3
Max allowed failures: unlimited
Run with -LOCAL:      False
Verbosity:            normal

Starting JobDJ...

Keep one job on driver host: True
JobDJ columns:
  C: Number of completed subjobs
  A: Number of active subjobs (e.g., submitted, running)
  W: Number of waiting/pending subjobs

 C  A  W | Activity  JobId  JobName  JobHost
-- -- -- | --------- -----------------------
 0  1  9 | launched  ls07-0-5aec7f15 SM07_micro015_conf_1 localhost [ls07]
 0  2  8 | launched  ls07-0-5aec7f19 SM07_micro015_conf_2 lsf-cpu
 0  3  7 | launched  ls07-0-5aec7f1d SM07_micro015_conf_3 lsf-cpu
 0  4  6 | launched  ls07-0-5aec7f21 SM07_micro015_conf_4 lsf-cpu
 0  5  5 | launched  ls07-0-5aec7f26 SM07_micro015_conf_5 lsf-cpu
 0  6  4 | launched  ls07-0-5aec7f2b SM07_micro011_conf_1 lsf-cpu
 0  7  3 | launched  ls07-0-5aec7f30 SM07_micro011_conf_2 lsf-cpu
 0  8  2 | launched  ls07-0-5aec7f35 SM07_micro011_conf_3 lsf-cpu
 0  9  1 | launched  ls07-0-5aec7f3b SM07_micro011_conf_4 lsf-cpu
 0 10  0 | launched  ls07-0-5aec7f40 SM07_micro011_conf_5 lsf-cpu
 1  9  0 | finished  ls07-0-5aec7f35 SM07_micro011_conf_3 lsf-cpu [ls13]
 2  8  0 | finished  ls07-0-5aec7f3b SM07_micro011_conf_4 lsf-cpu [ls13]
 3  7  0 | finished  ls07-0-5aec7f2b SM07_micro011_conf_1 lsf-cpu [ls15]
 4  6  0 | finished  ls07-0-5aec7f26 SM07_micro015_conf_5 lsf-cpu [lt02]
 5  5  0 | finished  ls07-0-5aec7f30 SM07_micro011_conf_2 lsf-cpu [ls15]
 6  4  0 | finished  ls07-0-5aec7f1d SM07_micro015_conf_3 lsf-cpu [ls01]
 7  3  0 | finished  ls07-0-5aec7f40 SM07_micro011_conf_5 lsf-cpu [lt22]
 8  2  0 | finished  ls07-0-5aec7f15 SM07_micro015_conf_1 localhost [ls07]
 9  1  0 | finished  ls07-0-5aec7f19 SM07_micro015_conf_2 lsf-cpu [ls16]
10  0  0 | finished  ls07-0-5aec7f21 SM07_micro015_conf_4 lsf-cpu [lt22]

All jobs have completed.

10 of 10 job(s) succeeded; 0 job(s) failed.

Timer (distribute subjobs) : 8666.70 secs (2 hrs, 24 mins, 26 secs)

Processing QM output files...

Executing subprocess:
/data/chodera/schrodinger/schrodinger2017-4-advanced/jaguar results -energy SM07_micro015_conf_1.nrg_h.out

Executing subprocess:
/data/chodera/schrodinger/schrodinger2017-4-advanced/jaguar results -esolv SM07_micro015_conf_1.sol_h.out

Executing subprocess:
/data/chodera/schrodinger/schrodinger2017-4-advanced/jaguar results -energy SM07_micro015_conf_2.nrg_h.out

Executing subprocess:
/data/chodera/schrodinger/schrodinger2017-4-advanced/jaguar results -esolv SM07_micro015_conf_2.sol_h.out

Executing subprocess:
/data/chodera/schrodinger/schrodinger2017-4-advanced/jaguar results -energy SM07_micro015_conf_3.nrg_h.out

Executing subprocess:
/data/chodera/schrodinger/schrodinger2017-4-advanced/jaguar results -esolv SM07_micro015_conf_3.sol_h.out

Executing subprocess:
/data/chodera/schrodinger/schrodinger2017-4-advanced/jaguar results -energy SM07_micro015_conf_4.nrg_h.out

Executing subprocess:
/data/chodera/schrodinger/schrodinger2017-4-advanced/jaguar results -esolv SM07_micro015_conf_4.sol_h.out

Executing subprocess:
/data/chodera/schrodinger/schrodinger2017-4-advanced/jaguar results -energy SM07_micro015_conf_5.nrg_h.out

Executing subprocess:
/data/chodera/schrodinger/schrodinger2017-4-advanced/jaguar results -esolv SM07_micro015_conf_5.sol_h.out

Executing subprocess:
/data/chodera/schrodinger/schrodinger2017-4-advanced/jaguar results -energy SM07_micro011_conf_1.nrg.out

Executing subprocess:
/data/chodera/schrodinger/schrodinger2017-4-advanced/jaguar results -esolv SM07_micro011_conf_1.sol.out

Executing subprocess:
/data/chodera/schrodinger/schrodinger2017-4-advanced/jaguar results -energy SM07_micro011_conf_2.nrg.out

Executing subprocess:
/data/chodera/schrodinger/schrodinger2017-4-advanced/jaguar results -esolv SM07_micro011_conf_2.sol.out

Executing subprocess:
/data/chodera/schrodinger/schrodinger2017-4-advanced/jaguar results -energy SM07_micro011_conf_3.nrg.out

Executing subprocess:
/data/chodera/schrodinger/schrodinger2017-4-advanced/jaguar results -esolv SM07_micro011_conf_3.sol.out

Executing subprocess:
/data/chodera/schrodinger/schrodinger2017-4-advanced/jaguar results -energy SM07_micro011_conf_4.nrg.out

Executing subprocess:
/data/chodera/schrodinger/schrodinger2017-4-advanced/jaguar results -esolv SM07_micro011_conf_4.sol.out

Executing subprocess:
/data/chodera/schrodinger/schrodinger2017-4-advanced/jaguar results -energy SM07_micro011_conf_5.nrg.out

Executing subprocess:
/data/chodera/schrodinger/schrodinger2017-4-advanced/jaguar results -esolv SM07_micro011_conf_5.sol.out

Executing subprocess:
/data/chodera/schrodinger/schrodinger2017-4-advanced/jaguar-v9.8/bin/Linux-x86_64/pka -o SM07_micro015_deprot-out.mae -j SM07_micro015.jres -n -d

Executing subprocess:
/data/chodera/schrodinger/schrodinger2017-4-advanced/jaguar-v9.8/bin/Linux-x86_64/pka -o SM07_micro015_prot-out.mae -j SM07_micro015.jres -n

pKa calculation for SM07_micro015 completed.

pKa workflow jag_SM07_micro015_SM07_micro011 completed.

Timer (Jaguar pKa) : 9691.35 secs (2 hrs, 41 mins, 31 secs)
Timer (jaguar_backend.py) : 9691.35 secs (2 hrs, 41 mins, 31 secs)
Finished:   Fri May  4 14:07:16 2018
