Command:    jaguar run pka.py -jobname jag_SM23_micro011_SM23_micro036 -PARALLEL 10 -n -csrch -prot SM23_micro011.in -deprot SM23_micro036.in
Release:    2017-4
Exec:       /data/chodera/schrodinger/schrodinger2017-4-advanced/jaguar-v9.8/bin/Linux-x86_64
Host:       lt11
JobId:      lilac-0-5aecd26b
JobDir:     /lila/data/chodera/schrodinger/tmpdir/rustenburg/jag_SM23_micro011_SM23_micro036
Date:       Fri May  4 19:20:48 2018

Contents of /lila/data/chodera/schrodinger/tmpdir/rustenburg/jag_SM23_micro011_SM23_micro036:
/lila/data/chodera/schrodinger/tmpdir/rustenburg/jag_SM23_micro011_SM23_micro036/lilac-0-5aecd26b.jlog
/lila/data/chodera/schrodinger/tmpdir/rustenburg/jag_SM23_micro011_SM23_micro036/SM23_micro011.mae
/lila/data/chodera/schrodinger/tmpdir/rustenburg/jag_SM23_micro011_SM23_micro036/jag_SM23_micro011_SM23_micro036.recover
/lila/data/chodera/schrodinger/tmpdir/rustenburg/jag_SM23_micro011_SM23_micro036/SM23_micro036.mae
/lila/data/chodera/schrodinger/tmpdir/rustenburg/jag_SM23_micro011_SM23_micro036/lilac-0-5aecd26b.mpinodes
/lila/data/chodera/schrodinger/tmpdir/rustenburg/jag_SM23_micro011_SM23_micro036/lilac-0-5aecd26b.nodes
/lila/data/chodera/schrodinger/tmpdir/rustenburg/jag_SM23_micro011_SM23_micro036/SM23_micro036.in
/lila/data/chodera/schrodinger/tmpdir/rustenburg/jag_SM23_micro011_SM23_micro036/lilac-0-5aecd26b.recover
/lila/data/chodera/schrodinger/tmpdir/rustenburg/jag_SM23_micro011_SM23_micro036/SM23_micro011.in
/lila/data/chodera/schrodinger/tmpdir/rustenburg/jag_SM23_micro011_SM23_micro036/lilac-0-5aecd26b
/lila/data/chodera/schrodinger/tmpdir/rustenburg/jag_SM23_micro011_SM23_micro036/jag_SM23_micro011_SM23_micro036.log
/lila/data/chodera/schrodinger/tmpdir/rustenburg/jag_SM23_micro011_SM23_micro036/lilac-0-5aecd26b.hosts

=====================
 Jaguar pKa workflow
=====================

Analysing user-provided (prot, deprot) pair:
(SM23_micro011.in, SM23_micro036.in)
Found labile hydrogen 42 in SM23_micro011.in
Found labile hydrogen at atom 12 in SM23_micro036.in
Adding 'ipkat' keyword to input files.

Identifying pKa functional group for pair:
(SM23_micro011, SM23_micro036)

Executing subprocess:
/data/chodera/schrodinger/schrodinger2017-4-advanced/jaguar-v9.8/bin/Linux-x86_64/pka -i -j SM23_micro011.tmp.jres -n

Taking protonated structures from:
SM23_micro011.mae
Taking deprotonated structures from:
SM23_micro036.mae

This molecule from 'SM23_micro011.mae' in water was recognized as:

 # 	                  Shell                   
---	------------------------------------------
1: 	Protonation of sp2-like aliphatic nitrogen
2: 	Protonation of generic atom               


Executing conformational search...

Executing 2 distributed subjobs:
---------------------------------

No more than 8 cpu(s) will be used per subjob.
No more than 10 cpu(s) will be used simultaneously.

Processing the following subjobs:
(1) jaguar run csrch.py SM23_micro011.mae -jobname SM23_micro011 -max_conf 5 -erg_window 50.208 -acc_level 1 -TPP 5
(2) jaguar run csrch.py SM23_micro036.mae -jobname SM23_micro036 -max_conf 5 -erg_window 50.208 -acc_level 1 -TPP 5

Running subjobs on hosts:
  lsf-cpu (Max: 2)
Number of jobs:       2
Max retries per job:  3
Max allowed failures: unlimited
Run with -LOCAL:      False
Verbosity:            normal

Starting JobDJ...

Keep one job on driver host: False
JobDJ columns:
  C: Number of completed subjobs
  A: Number of active subjobs (e.g., submitted, running)
  W: Number of waiting/pending subjobs

C A W | Activity  JobId  JobName  JobHost
- - - | --------- -----------------------
0 1 1 | launched  lt11-3-5aeceadc SM23_micro011 lsf-cpu
0 2 0 | launched  lt11-2-5aeceae4 SM23_micro036 lsf-cpu
1 1 0 | finished  lt11-2-5aeceae4 SM23_micro036 lsf-cpu [ls07]
2 0 0 | finished  lt11-3-5aeceadc SM23_micro011 lsf-cpu [ls10]

All jobs have completed.

2 of 2 job(s) succeeded; 0 job(s) failed.

Timer (distribute subjobs) : 8139.63 secs (2 hrs, 15 mins, 39 secs)

Setting up QM workflow for (protonated, deprotonated) pair:
(1) (SM23_micro011, SM23_micro036)

Executing Jaguar quantum-mechanical subjobs...

Executing 10 distributed subjobs:
----------------------------------

No more than 8 cpu(s) will be used per subjob.
No more than 10 cpu(s) will be used simultaneously.

Processing the following subjobs:
(1) jaguar run pka_prot.bat -jobname SM23_micro011_conf_1 SM23_micro011_conf_1.in
(2) jaguar run pka_prot.bat -jobname SM23_micro011_conf_2 SM23_micro011_conf_2.in
(3) jaguar run pka_prot.bat -jobname SM23_micro011_conf_3 SM23_micro011_conf_3.in
(4) jaguar run pka_prot.bat -jobname SM23_micro011_conf_4 SM23_micro011_conf_4.in
(5) jaguar run pka_prot.bat -jobname SM23_micro011_conf_5 SM23_micro011_conf_5.in
(6) jaguar run pka_deprot.bat -jobname SM23_micro036_conf_1 SM23_micro036_conf_1.in
(7) jaguar run pka_deprot.bat -jobname SM23_micro036_conf_2 SM23_micro036_conf_2.in
(8) jaguar run pka_deprot.bat -jobname SM23_micro036_conf_3 SM23_micro036_conf_3.in
(9) jaguar run pka_deprot.bat -jobname SM23_micro036_conf_4 SM23_micro036_conf_4.in
(10) jaguar run pka_deprot.bat -jobname SM23_micro036_conf_5 SM23_micro036_conf_5.in

Running subjobs on hosts:
  lsf-cpu (Max: 10)
Number of jobs:       10
Max retries per job:  3
Max allowed failures: unlimited
Run with -LOCAL:      False
Verbosity:            normal

Starting JobDJ...

Keep one job on driver host: True
JobDJ columns:
  C: Number of completed subjobs
  A: Number of active subjobs (e.g., submitted, running)
  W: Number of waiting/pending subjobs

 C  A  W | Activity  JobId  JobName  JobHost
-- -- -- | --------- -----------------------
 0  1  9 | launched  lt11-0-5aed0aa8 SM23_micro011_conf_1 localhost [lt11]
 0  2  8 | launched  lt11-1-5aed0aad SM23_micro011_conf_2 lsf-cpu
 0  3  7 | launched  lt11-0-5aed0ab3 SM23_micro011_conf_3 lsf-cpu
 0  4  6 | launched  lt11-0-5aed0ab8 SM23_micro011_conf_4 lsf-cpu
 0  5  5 | launched  lt11-0-5aed0abf SM23_micro011_conf_5 lsf-cpu
 0  6  4 | launched  lt11-0-5aed0ac6 SM23_micro036_conf_1 lsf-cpu
 0  7  3 | launched  lt11-0-5aed0acd SM23_micro036_conf_2 lsf-cpu
 0  8  2 | launched  lt11-0-5aed0adb SM23_micro036_conf_3 lsf-cpu
 0  9  1 | launched  lt11-0-5aed0ae3 SM23_micro036_conf_4 lsf-cpu
 0 10  0 | launched  lt11-0-5aed0ae9 SM23_micro036_conf_5 lsf-cpu
