Command:    jaguar run pka.py -jobname jag_SM23_micro043_SM23_micro024 -PARALLEL 10 -n -csrch -prot SM23_micro043.in -deprot SM23_micro024.in
Release:    2017-4
Exec:       /data/chodera/schrodinger/schrodinger2017-4-advanced/jaguar-v9.8/bin/Linux-x86_64
Host:       ls11
JobId:      lilac-0-5aecd3a0
JobDir:     /lila/data/chodera/schrodinger/tmpdir/rustenburg/jag_SM23_micro043_SM23_micro024
Date:       Fri May  4 19:20:50 2018

Contents of /lila/data/chodera/schrodinger/tmpdir/rustenburg/jag_SM23_micro043_SM23_micro024:
/lila/data/chodera/schrodinger/tmpdir/rustenburg/jag_SM23_micro043_SM23_micro024/lilac-0-5aecd3a0.recover
/lila/data/chodera/schrodinger/tmpdir/rustenburg/jag_SM23_micro043_SM23_micro024/SM23_micro043.in
/lila/data/chodera/schrodinger/tmpdir/rustenburg/jag_SM23_micro043_SM23_micro024/lilac-0-5aecd3a0.jlog
/lila/data/chodera/schrodinger/tmpdir/rustenburg/jag_SM23_micro043_SM23_micro024/SM23_micro043.mae
/lila/data/chodera/schrodinger/tmpdir/rustenburg/jag_SM23_micro043_SM23_micro024/jag_SM23_micro043_SM23_micro024.recover
/lila/data/chodera/schrodinger/tmpdir/rustenburg/jag_SM23_micro043_SM23_micro024/lilac-0-5aecd3a0
/lila/data/chodera/schrodinger/tmpdir/rustenburg/jag_SM23_micro043_SM23_micro024/SM23_micro024.mae
/lila/data/chodera/schrodinger/tmpdir/rustenburg/jag_SM23_micro043_SM23_micro024/SM23_micro024.in
/lila/data/chodera/schrodinger/tmpdir/rustenburg/jag_SM23_micro043_SM23_micro024/lilac-0-5aecd3a0.hosts
/lila/data/chodera/schrodinger/tmpdir/rustenburg/jag_SM23_micro043_SM23_micro024/jag_SM23_micro043_SM23_micro024.log
/lila/data/chodera/schrodinger/tmpdir/rustenburg/jag_SM23_micro043_SM23_micro024/lilac-0-5aecd3a0.nodes
/lila/data/chodera/schrodinger/tmpdir/rustenburg/jag_SM23_micro043_SM23_micro024/lilac-0-5aecd3a0.mpinodes

=====================
 Jaguar pKa workflow
=====================

Analysing user-provided (prot, deprot) pair:
(SM23_micro043.in, SM23_micro024.in)
Error: heavy atoms are different in input files:
SM23_micro043.in
SM23_micro024.in


An error has occurred.  Information about the error has been written to 
/home/rustenburg/.schrodinger/exceptions/error20180504-192050.txt 

Please contact help@schrodinger.com for assistance. Include error20180504-192050.txt and a description of what you were doing when the error occurred.
