Taking protonated structures from:
SM10_micro017_conf_1.dft_h.01.mae
SM10_micro017_conf_2.dft_h.01.mae
SM10_micro017_conf_3.dft_h.01.mae
SM10_micro017_conf_4.dft_h.01.mae
SM10_micro017_conf_5.dft_h.01.mae
Taking deprotonated structures from:
SM10_micro002_conf_1.dft.01.mae
SM10_micro002_conf_2.dft.01.mae
SM10_micro002_conf_3.dft.01.mae
SM10_micro002_conf_4.dft.01.mae
SM10_micro002_conf_5.dft.01.mae

Corrected results for 'protonated' structure in water:
pKa atom: 28

 # 	                  Shell                   	 pKa 	RMSD	 Contribution
---	------------------------------------------	-----	-----	--------------
1: 	amide as acid                             	20.37	0.903	    95.10%
2: 	Protonation of sp2-like aliphatic nitrogen	18.54	1.751	     2.71%
3: 	Protonation of generic atom               	17.70	2.264	     2.18%

 Final weighted pKa value is 20.26



