Taking protonated structures from:
SM18_micro056_conf_1.dft_h.01.mae
SM18_micro056_conf_2.dft_h.01.mae
SM18_micro056_conf_3.dft_h.01.mae
SM18_micro056_conf_4.dft_h.01.mae
SM18_micro056_conf_5.dft_h.01.mae
Taking deprotonated structures from:
SM18_micro016_conf_1.dft.01.mae
SM18_micro016_conf_2.dft.01.mae
SM18_micro016_conf_3.dft.01.mae
SM18_micro016_conf_4.dft.01.mae
SM18_micro016_conf_5.dft.01.mae

Corrected results for 'protonated' structure in water:
pKa atom: 32

 # 	           Shell           	 pKa 	RMSD	 Contribution
---	---------------------------	-----	-----	--------------
1: 	thiazole/benzothiazole     	 0.41	0.647	    95.21%
2: 	heterocycle                	 0.86	0.837	     4.34%
3: 	Protonation of generic atom	 2.11	2.264	     0.45%

 Final weighted pKa value is 0.44



