Command:    jaguar run pka.py -jobname jag_SM17_micro008_SM17_micro009 -PARALLEL 10 -n -csrch -prot SM17_micro008.in -deprot SM17_micro009.in
Release:    2017-4
Exec:       /data/chodera/schrodinger/schrodinger2017-4-advanced/jaguar-v9.8/bin/Linux-x86_64
Host:       ls01
JobId:      lilac-0-5aeca961
JobDir:     /lila/data/chodera/schrodinger/tmpdir/rustenburg/jag_SM17_micro008_SM17_micro009
Date:       Fri May  4 14:47:22 2018

Contents of /lila/data/chodera/schrodinger/tmpdir/rustenburg/jag_SM17_micro008_SM17_micro009:
/lila/data/chodera/schrodinger/tmpdir/rustenburg/jag_SM17_micro008_SM17_micro009/lilac-0-5aeca961
/lila/data/chodera/schrodinger/tmpdir/rustenburg/jag_SM17_micro008_SM17_micro009/SM17_micro009.in
/lila/data/chodera/schrodinger/tmpdir/rustenburg/jag_SM17_micro008_SM17_micro009/lilac-0-5aeca961.mpinodes
/lila/data/chodera/schrodinger/tmpdir/rustenburg/jag_SM17_micro008_SM17_micro009/SM17_micro008.mae
/lila/data/chodera/schrodinger/tmpdir/rustenburg/jag_SM17_micro008_SM17_micro009/SM17_micro009.mae
/lila/data/chodera/schrodinger/tmpdir/rustenburg/jag_SM17_micro008_SM17_micro009/jag_SM17_micro008_SM17_micro009.recover
/lila/data/chodera/schrodinger/tmpdir/rustenburg/jag_SM17_micro008_SM17_micro009/lilac-0-5aeca961.nodes
/lila/data/chodera/schrodinger/tmpdir/rustenburg/jag_SM17_micro008_SM17_micro009/lilac-0-5aeca961.hosts
/lila/data/chodera/schrodinger/tmpdir/rustenburg/jag_SM17_micro008_SM17_micro009/lilac-0-5aeca961.recover
/lila/data/chodera/schrodinger/tmpdir/rustenburg/jag_SM17_micro008_SM17_micro009/SM17_micro008.in
/lila/data/chodera/schrodinger/tmpdir/rustenburg/jag_SM17_micro008_SM17_micro009/lilac-0-5aeca961.jlog
/lila/data/chodera/schrodinger/tmpdir/rustenburg/jag_SM17_micro008_SM17_micro009/jag_SM17_micro008_SM17_micro009.log

=====================
 Jaguar pKa workflow
=====================

Analysing user-provided (prot, deprot) pair:
(SM17_micro008.in, SM17_micro009.in)
Found labile hydrogen 22 in SM17_micro008.in
Found labile hydrogen at atom 17 in SM17_micro009.in
Adding 'ipkat' keyword to input files.

Identifying pKa functional group for pair:
(SM17_micro008, SM17_micro009)

Executing subprocess:
/data/chodera/schrodinger/schrodinger2017-4-advanced/jaguar-v9.8/bin/Linux-x86_64/pka -i -j SM17_micro008.tmp.jres -n

Taking protonated structures from:
SM17_micro008.mae
Taking deprotonated structures from:
SM17_micro009.mae

This molecule from 'SM17_micro008.mae' in water was recognized as:

 # 	           Shell           
---	---------------------------
1: 	pyridine                   
2: 	heterocycle custom 1       
3: 	heterocycle                
4: 	Protonation of generic atom


Executing conformational search...

Executing 2 distributed subjobs:
---------------------------------

No more than 8 cpu(s) will be used per subjob.
No more than 10 cpu(s) will be used simultaneously.

Processing the following subjobs:
(1) jaguar run csrch.py SM17_micro008.mae -jobname SM17_micro008 -max_conf 5 -erg_window 50.208 -acc_level 1 -TPP 5
(2) jaguar run csrch.py SM17_micro009.mae -jobname SM17_micro009 -max_conf 5 -erg_window 50.208 -acc_level 1 -TPP 5

Running subjobs on hosts:
  lsf-cpu (Max: 2)
Number of jobs:       2
Max retries per job:  3
Max allowed failures: unlimited
Run with -LOCAL:      False
Verbosity:            normal

Starting JobDJ...

Keep one job on driver host: False
JobDJ columns:
  C: Number of completed subjobs
  A: Number of active subjobs (e.g., submitted, running)
  W: Number of waiting/pending subjobs

C A W | Activity  JobId  JobName  JobHost
- - - | --------- -----------------------
0 1 1 | launched  ls01-0-5aecaabf SM17_micro008 lsf-cpu
0 2 0 | launched  ls01-1-5aecaac2 SM17_micro009 lsf-cpu
1 1 0 | finished  ls01-0-5aecaabf SM17_micro008 lsf-cpu
2 0 0 | finished  ls01-1-5aecaac2 SM17_micro009 lsf-cpu [ls10]

All jobs have completed.

2 of 2 job(s) succeeded; 0 job(s) failed.

Timer (distribute subjobs) : 1718.20 secs (0 hrs, 28 mins, 38 secs)

Setting up QM workflow for (protonated, deprotonated) pair:
(1) (SM17_micro008, SM17_micro009)

Executing Jaguar quantum-mechanical subjobs...

Executing 10 distributed subjobs:
----------------------------------

No more than 8 cpu(s) will be used per subjob.
No more than 10 cpu(s) will be used simultaneously.

Processing the following subjobs:
(1) jaguar run pka_prot.bat -jobname SM17_micro008_conf_1 SM17_micro008_conf_1.in
(2) jaguar run pka_prot.bat -jobname SM17_micro008_conf_2 SM17_micro008_conf_2.in
(3) jaguar run pka_prot.bat -jobname SM17_micro008_conf_3 SM17_micro008_conf_3.in
(4) jaguar run pka_prot.bat -jobname SM17_micro008_conf_4 SM17_micro008_conf_4.in
(5) jaguar run pka_prot.bat -jobname SM17_micro008_conf_5 SM17_micro008_conf_5.in
(6) jaguar run pka_deprot.bat -jobname SM17_micro009_conf_1 SM17_micro009_conf_1.in
(7) jaguar run pka_deprot.bat -jobname SM17_micro009_conf_2 SM17_micro009_conf_2.in
(8) jaguar run pka_deprot.bat -jobname SM17_micro009_conf_3 SM17_micro009_conf_3.in
(9) jaguar run pka_deprot.bat -jobname SM17_micro009_conf_4 SM17_micro009_conf_4.in
(10) jaguar run pka_deprot.bat -jobname SM17_micro009_conf_5 SM17_micro009_conf_5.in

Running subjobs on hosts:
  lsf-cpu (Max: 10)
Number of jobs:       10
Max retries per job:  3
Max allowed failures: unlimited
Run with -LOCAL:      False
Verbosity:            normal

Starting JobDJ...

Keep one job on driver host: True
JobDJ columns:
  C: Number of completed subjobs
  A: Number of active subjobs (e.g., submitted, running)
  W: Number of waiting/pending subjobs

 C  A  W | Activity  JobId  JobName  JobHost
-- -- -- | --------- -----------------------
 0  1  9 | launched  ls01-0-5aecb176 SM17_micro008_conf_1 localhost [ls01]
 0  2  8 | launched  ls01-0-5aecb179 SM17_micro008_conf_2 lsf-cpu
 0  3  7 | launched  ls01-0-5aecb17d SM17_micro008_conf_3 lsf-cpu
 0  4  6 | launched  ls01-0-5aecb181 SM17_micro008_conf_4 lsf-cpu
 0  5  5 | launched  ls01-0-5aecb185 SM17_micro008_conf_5 lsf-cpu
 0  6  4 | launched  ls01-0-5aecb189 SM17_micro009_conf_1 lsf-cpu
 0  7  3 | launched  ls01-0-5aecb18d SM17_micro009_conf_2 lsf-cpu
 0  8  2 | launched  ls01-0-5aecb191 SM17_micro009_conf_3 lsf-cpu
 0  9  1 | launched  ls01-0-5aecb195 SM17_micro009_conf_4 lsf-cpu
 0 10  0 | launched  ls01-0-5aecb199 SM17_micro009_conf_5 lsf-cpu
 1  9  0 | finished  ls01-0-5aecb176 SM17_micro008_conf_1 localhost [ls01]
 2  8  0 | finished  ls01-0-5aecb199 SM17_micro009_conf_5 lsf-cpu [ls10]
 3  7  0 | finished  ls01-0-5aecb189 SM17_micro009_conf_1 lsf-cpu [ls14]
 4  6  0 | finished  ls01-0-5aecb18d SM17_micro009_conf_2 lsf-cpu [ls10]
 5  5  0 | finished  ls01-0-5aecb185 SM17_micro008_conf_5 lsf-cpu [ls14]
 6  4  0 | finished  ls01-0-5aecb181 SM17_micro008_conf_4 lsf-cpu [ls14]
 7  3  0 | finished  ls01-0-5aecb179 SM17_micro008_conf_2 lsf-cpu [ls14]
 8  2  0 | finished  ls01-0-5aecb17d SM17_micro008_conf_3 lsf-cpu [ls14]
 9  1  0 | finished  ls01-0-5aecb191 SM17_micro009_conf_3 lsf-cpu [ls10]
10  0  0 | finished  ls01-0-5aecb195 SM17_micro009_conf_4 lsf-cpu [ls10]

All jobs have completed.

10 of 10 job(s) succeeded; 0 job(s) failed.

Timer (distribute subjobs) : 11162.21 secs (3 hrs, 06 mins, 02 secs)

Processing QM output files...

Executing subprocess:
/data/chodera/schrodinger/schrodinger2017-4-advanced/jaguar results -energy SM17_micro008_conf_1.nrg_h.out

Executing subprocess:
/data/chodera/schrodinger/schrodinger2017-4-advanced/jaguar results -esolv SM17_micro008_conf_1.sol_h.out

Executing subprocess:
/data/chodera/schrodinger/schrodinger2017-4-advanced/jaguar results -energy SM17_micro008_conf_2.nrg_h.out

Executing subprocess:
/data/chodera/schrodinger/schrodinger2017-4-advanced/jaguar results -esolv SM17_micro008_conf_2.sol_h.out

Executing subprocess:
/data/chodera/schrodinger/schrodinger2017-4-advanced/jaguar results -energy SM17_micro008_conf_3.nrg_h.out

Executing subprocess:
/data/chodera/schrodinger/schrodinger2017-4-advanced/jaguar results -esolv SM17_micro008_conf_3.sol_h.out

Executing subprocess:
/data/chodera/schrodinger/schrodinger2017-4-advanced/jaguar results -energy SM17_micro008_conf_4.nrg_h.out

Executing subprocess:
/data/chodera/schrodinger/schrodinger2017-4-advanced/jaguar results -esolv SM17_micro008_conf_4.sol_h.out

Executing subprocess:
/data/chodera/schrodinger/schrodinger2017-4-advanced/jaguar results -energy SM17_micro008_conf_5.nrg_h.out

Executing subprocess:
/data/chodera/schrodinger/schrodinger2017-4-advanced/jaguar results -esolv SM17_micro008_conf_5.sol_h.out

Executing subprocess:
/data/chodera/schrodinger/schrodinger2017-4-advanced/jaguar results -energy SM17_micro009_conf_1.nrg.out

Executing subprocess:
/data/chodera/schrodinger/schrodinger2017-4-advanced/jaguar results -esolv SM17_micro009_conf_1.sol.out

Executing subprocess:
/data/chodera/schrodinger/schrodinger2017-4-advanced/jaguar results -energy SM17_micro009_conf_2.nrg.out

Executing subprocess:
/data/chodera/schrodinger/schrodinger2017-4-advanced/jaguar results -esolv SM17_micro009_conf_2.sol.out

Executing subprocess:
/data/chodera/schrodinger/schrodinger2017-4-advanced/jaguar results -energy SM17_micro009_conf_3.nrg.out

Executing subprocess:
/data/chodera/schrodinger/schrodinger2017-4-advanced/jaguar results -esolv SM17_micro009_conf_3.sol.out

Executing subprocess:
/data/chodera/schrodinger/schrodinger2017-4-advanced/jaguar results -energy SM17_micro009_conf_4.nrg.out

Executing subprocess:
/data/chodera/schrodinger/schrodinger2017-4-advanced/jaguar results -esolv SM17_micro009_conf_4.sol.out

Executing subprocess:
/data/chodera/schrodinger/schrodinger2017-4-advanced/jaguar results -energy SM17_micro009_conf_5.nrg.out

Executing subprocess:
/data/chodera/schrodinger/schrodinger2017-4-advanced/jaguar results -esolv SM17_micro009_conf_5.sol.out

Executing subprocess:
/data/chodera/schrodinger/schrodinger2017-4-advanced/jaguar-v9.8/bin/Linux-x86_64/pka -o SM17_micro008_deprot-out.mae -j SM17_micro008.jres -n -d

Executing subprocess:
/data/chodera/schrodinger/schrodinger2017-4-advanced/jaguar-v9.8/bin/Linux-x86_64/pka -o SM17_micro008_prot-out.mae -j SM17_micro008.jres -n

pKa calculation for SM17_micro008 completed.

pKa workflow jag_SM17_micro008_SM17_micro009 completed.

Timer (Jaguar pKa) : 12971.84 secs (3 hrs, 36 mins, 11 secs)
Timer (jaguar_backend.py) : 12971.84 secs (3 hrs, 36 mins, 11 secs)
Finished:   Fri May  4 18:23:34 2018
