Taking protonated structures from:
SM16_micro008_conf_1.dft_h.01.mae
SM16_micro008_conf_2.dft_h.01.mae
SM16_micro008_conf_3.dft_h.01.mae
SM16_micro008_conf_4.dft_h.01.mae
SM16_micro008_conf_5.dft_h.01.mae
Taking deprotonated structures from:
SM16_micro006_conf_1.dft.01.mae
SM16_micro006_conf_2.dft.01.mae
SM16_micro006_conf_3.dft.01.mae
SM16_micro006_conf_4.dft.01.mae
SM16_micro006_conf_5.dft.01.mae

Corrected results for 'protonated' structure in water:
pKa atom: 19

 # 	           Shell           	 pKa 	RMSD	 Contribution
---	---------------------------	-----	-----	--------------
1: 	pyridine                   	 1.23	0.493	    58.89%
2: 	heterocycle custom 1       	 0.46	0.617	    28.93%
3: 	heterocycle                	 0.82	0.837	    11.49%
4: 	Protonation of generic atom	 2.03	2.264	     0.69%

 Final weighted pKa value is 0.96



