Taking protonated structures from:
SM23_micro048_conf_1.dft_h.01.mae
SM23_micro048_conf_2.dft_h.01.mae
SM23_micro048_conf_3.dft_h.01.mae
SM23_micro048_conf_4.dft_h.01.mae
SM23_micro048_conf_5.dft_h.01.mae
Taking deprotonated structures from:
SM23_micro044_conf_1.dft.01.mae
SM23_micro044_conf_2.dft.01.mae
SM23_micro044_conf_3.dft.01.mae
SM23_micro044_conf_4.dft.01.mae
SM23_micro044_conf_5.dft.01.mae

Corrected results for 'protonated' structure in water:
pKa atom: 36

 # 	                  Shell                   	 pKa 	RMSD	 Contribution
---	------------------------------------------	-----	-----	--------------
1: 	secondary aniline                         	-29.88	0.275	    97.52%
2: 	Protonation of sp3-like aliphatic nitrogen	-26.26	1.715	     2.26%
3: 	Protonation of generic atom               	-25.06	2.264	     0.22%

 Final weighted pKa value is -29.78



