Command:    jaguar run pka.py -jobname jag_SM19_micro001_SM19_micro014 -PARALLEL 10 -n -csrch -prot SM19_micro001.in -deprot SM19_micro014.in
Release:    2017-4
Exec:       /data/chodera/schrodinger/schrodinger2017-4-advanced/jaguar-v9.8/bin/Linux-x86_64
Host:       lt17
JobId:      lilac-0-5aecc152
JobDir:     /lila/data/chodera/schrodinger/tmpdir/rustenburg/jag_SM19_micro001_SM19_micro014
Date:       Fri May  4 16:51:30 2018

Contents of /lila/data/chodera/schrodinger/tmpdir/rustenburg/jag_SM19_micro001_SM19_micro014:
/lila/data/chodera/schrodinger/tmpdir/rustenburg/jag_SM19_micro001_SM19_micro014/jag_SM19_micro001_SM19_micro014.log
/lila/data/chodera/schrodinger/tmpdir/rustenburg/jag_SM19_micro001_SM19_micro014/lilac-0-5aecc152.jlog
/lila/data/chodera/schrodinger/tmpdir/rustenburg/jag_SM19_micro001_SM19_micro014/SM19_micro001.mae
/lila/data/chodera/schrodinger/tmpdir/rustenburg/jag_SM19_micro001_SM19_micro014/lilac-0-5aecc152.recover
/lila/data/chodera/schrodinger/tmpdir/rustenburg/jag_SM19_micro001_SM19_micro014/lilac-0-5aecc152.hosts
/lila/data/chodera/schrodinger/tmpdir/rustenburg/jag_SM19_micro001_SM19_micro014/lilac-0-5aecc152
/lila/data/chodera/schrodinger/tmpdir/rustenburg/jag_SM19_micro001_SM19_micro014/SM19_micro014.in
/lila/data/chodera/schrodinger/tmpdir/rustenburg/jag_SM19_micro001_SM19_micro014/lilac-0-5aecc152.nodes
/lila/data/chodera/schrodinger/tmpdir/rustenburg/jag_SM19_micro001_SM19_micro014/SM19_micro001.in
/lila/data/chodera/schrodinger/tmpdir/rustenburg/jag_SM19_micro001_SM19_micro014/jag_SM19_micro001_SM19_micro014.recover
/lila/data/chodera/schrodinger/tmpdir/rustenburg/jag_SM19_micro001_SM19_micro014/SM19_micro014.mae
/lila/data/chodera/schrodinger/tmpdir/rustenburg/jag_SM19_micro001_SM19_micro014/lilac-0-5aecc152.mpinodes

=====================
 Jaguar pKa workflow
=====================

Analysing user-provided (prot, deprot) pair:
(SM19_micro001.in, SM19_micro014.in)
Found labile hydrogen 25 in SM19_micro001.in
Found labile hydrogen at atom 12 in SM19_micro014.in
Adding 'ipkat' keyword to input files.

Identifying pKa functional group for pair:
(SM19_micro001, SM19_micro014)

Executing subprocess:
/data/chodera/schrodinger/schrodinger2017-4-advanced/jaguar-v9.8/bin/Linux-x86_64/pka -i -j SM19_micro001.tmp.jres -n

Taking protonated structures from:
SM19_micro001.mae
Taking deprotonated structures from:
SM19_micro014.mae

This molecule from 'SM19_micro001.mae' in water was recognized as:

 # 	           Shell           
---	---------------------------
1: 	thiazole/benzothiazole     
2: 	heterocycle                
3: 	Protonation of generic atom


Executing conformational search...

Executing 2 distributed subjobs:
---------------------------------

No more than 8 cpu(s) will be used per subjob.
No more than 10 cpu(s) will be used simultaneously.

Processing the following subjobs:
(1) jaguar run csrch.py SM19_micro001.mae -jobname SM19_micro001 -max_conf 5 -erg_window 50.208 -acc_level 1 -TPP 5
(2) jaguar run csrch.py SM19_micro014.mae -jobname SM19_micro014 -max_conf 5 -erg_window 50.208 -acc_level 1 -TPP 5

Running subjobs on hosts:
  lsf-cpu (Max: 2)
Number of jobs:       2
Max retries per job:  3
Max allowed failures: unlimited
Run with -LOCAL:      False
Verbosity:            normal

Starting JobDJ...

Keep one job on driver host: False
JobDJ columns:
  C: Number of completed subjobs
  A: Number of active subjobs (e.g., submitted, running)
  W: Number of waiting/pending subjobs

C A W | Activity  JobId  JobName  JobHost
- - - | --------- -----------------------
0 1 1 | launched  lt17-1-5aecc7da SM19_micro001 lsf-cpu
0 2 0 | launched  lt17-1-5aecc7e1 SM19_micro014 lsf-cpu
1 1 0 | finished  lt17-1-5aecc7da SM19_micro001 lsf-cpu [ls11]
2 0 0 | finished  lt17-1-5aecc7e1 SM19_micro014 lsf-cpu [lt14]

All jobs have completed.

2 of 2 job(s) succeeded; 0 job(s) failed.

Timer (distribute subjobs) : 8651.81 secs (2 hrs, 24 mins, 11 secs)

Setting up QM workflow for (protonated, deprotonated) pair:
(1) (SM19_micro001, SM19_micro014)

Executing Jaguar quantum-mechanical subjobs...

Executing 10 distributed subjobs:
----------------------------------

No more than 8 cpu(s) will be used per subjob.
No more than 10 cpu(s) will be used simultaneously.

Processing the following subjobs:
(1) jaguar run pka_prot.bat -jobname SM19_micro001_conf_1 SM19_micro001_conf_1.in
(2) jaguar run pka_prot.bat -jobname SM19_micro001_conf_2 SM19_micro001_conf_2.in
(3) jaguar run pka_prot.bat -jobname SM19_micro001_conf_3 SM19_micro001_conf_3.in
(4) jaguar run pka_prot.bat -jobname SM19_micro001_conf_4 SM19_micro001_conf_4.in
(5) jaguar run pka_prot.bat -jobname SM19_micro001_conf_5 SM19_micro001_conf_5.in
(6) jaguar run pka_deprot.bat -jobname SM19_micro014_conf_1 SM19_micro014_conf_1.in
(7) jaguar run pka_deprot.bat -jobname SM19_micro014_conf_2 SM19_micro014_conf_2.in
(8) jaguar run pka_deprot.bat -jobname SM19_micro014_conf_3 SM19_micro014_conf_3.in
(9) jaguar run pka_deprot.bat -jobname SM19_micro014_conf_4 SM19_micro014_conf_4.in
(10) jaguar run pka_deprot.bat -jobname SM19_micro014_conf_5 SM19_micro014_conf_5.in

Running subjobs on hosts:
  lsf-cpu (Max: 10)
Number of jobs:       10
Max retries per job:  3
Max allowed failures: unlimited
Run with -LOCAL:      False
Verbosity:            normal

Starting JobDJ...

Keep one job on driver host: True
JobDJ columns:
  C: Number of completed subjobs
  A: Number of active subjobs (e.g., submitted, running)
  W: Number of waiting/pending subjobs

 C  A  W | Activity  JobId  JobName  JobHost
-- -- -- | --------- -----------------------
 0  1  9 | launched  lt17-0-5aece9a9 SM19_micro001_conf_1 localhost [lt17]
 0  2  8 | launched  lt17-0-5aece9b6 SM19_micro001_conf_2 lsf-cpu
 0  3  7 | launched  lt17-1-5aece9bb SM19_micro001_conf_3 lsf-cpu
 0  4  6 | launched  lt17-0-5aece9cf SM19_micro001_conf_4 lsf-cpu
 0  5  5 | launched  lt17-1-5aece9e8 SM19_micro001_conf_5 lsf-cpu
 0  6  4 | launched  lt17-0-5aecea05 SM19_micro014_conf_1 lsf-cpu
 0  7  3 | launched  lt17-0-5aecea1f SM19_micro014_conf_2 lsf-cpu
 0  8  2 | launched  lt17-0-5aecea31 SM19_micro014_conf_3 lsf-cpu
 0  9  1 | launched  lt17-0-5aecea46 SM19_micro014_conf_4 lsf-cpu
 0 10  0 | launched  lt17-0-5aecea68 SM19_micro014_conf_5 lsf-cpu
 1  9  0 | finished  lt17-0-5aece9a9 SM19_micro001_conf_1 localhost [lt17]
 2  8  0 | finished  lt17-1-5aece9bb SM19_micro001_conf_3 lsf-cpu [ls02]
 3  7  0 | finished  lt17-0-5aecea1f SM19_micro014_conf_2 lsf-cpu [lt01]
 4  6  0 | finished  lt17-0-5aecea68 SM19_micro014_conf_5 lsf-cpu [ls11]
 5  5  0 | finished  lt17-1-5aece9e8 SM19_micro001_conf_5 lsf-cpu [ls02]
 6  4  0 | finished  lt17-0-5aecea46 SM19_micro014_conf_4 lsf-cpu [lt04]
 7  3  0 | finished  lt17-0-5aece9cf SM19_micro001_conf_4 lsf-cpu [ls02]
 8  2  0 | finished  lt17-0-5aecea05 SM19_micro014_conf_1 lsf-cpu [ls13]
 9  1  0 | finished  lt17-0-5aece9b6 SM19_micro001_conf_2 lsf-cpu [ls02]
10  0  0 | finished  lt17-0-5aecea31 SM19_micro014_conf_3 lsf-cpu [lt14]

All jobs have completed.

10 of 10 job(s) succeeded; 0 job(s) failed.

Timer (distribute subjobs) : 5558.01 secs (1 hrs, 32 mins, 38 secs)

Processing QM output files...

Executing subprocess:
/data/chodera/schrodinger/schrodinger2017-4-advanced/jaguar results -energy SM19_micro001_conf_1.nrg_h.out

Executing subprocess:
/data/chodera/schrodinger/schrodinger2017-4-advanced/jaguar results -esolv SM19_micro001_conf_1.sol_h.out

Executing subprocess:
/data/chodera/schrodinger/schrodinger2017-4-advanced/jaguar results -energy SM19_micro001_conf_2.nrg_h.out

Executing subprocess:
/data/chodera/schrodinger/schrodinger2017-4-advanced/jaguar results -esolv SM19_micro001_conf_2.sol_h.out

Executing subprocess:
/data/chodera/schrodinger/schrodinger2017-4-advanced/jaguar results -energy SM19_micro001_conf_3.nrg_h.out

Executing subprocess:
/data/chodera/schrodinger/schrodinger2017-4-advanced/jaguar results -esolv SM19_micro001_conf_3.sol_h.out

Executing subprocess:
/data/chodera/schrodinger/schrodinger2017-4-advanced/jaguar results -energy SM19_micro001_conf_4.nrg_h.out

Executing subprocess:
/data/chodera/schrodinger/schrodinger2017-4-advanced/jaguar results -esolv SM19_micro001_conf_4.sol_h.out

Executing subprocess:
/data/chodera/schrodinger/schrodinger2017-4-advanced/jaguar results -energy SM19_micro001_conf_5.nrg_h.out

Executing subprocess:
/data/chodera/schrodinger/schrodinger2017-4-advanced/jaguar results -esolv SM19_micro001_conf_5.sol_h.out

Executing subprocess:
/data/chodera/schrodinger/schrodinger2017-4-advanced/jaguar results -energy SM19_micro014_conf_1.nrg.out

Executing subprocess:
/data/chodera/schrodinger/schrodinger2017-4-advanced/jaguar results -esolv SM19_micro014_conf_1.sol.out

Executing subprocess:
/data/chodera/schrodinger/schrodinger2017-4-advanced/jaguar results -energy SM19_micro014_conf_2.nrg.out

Executing subprocess:
/data/chodera/schrodinger/schrodinger2017-4-advanced/jaguar results -esolv SM19_micro014_conf_2.sol.out

Executing subprocess:
/data/chodera/schrodinger/schrodinger2017-4-advanced/jaguar results -energy SM19_micro014_conf_3.nrg.out

Executing subprocess:
/data/chodera/schrodinger/schrodinger2017-4-advanced/jaguar results -esolv SM19_micro014_conf_3.sol.out

Executing subprocess:
/data/chodera/schrodinger/schrodinger2017-4-advanced/jaguar results -energy SM19_micro014_conf_4.nrg.out

Executing subprocess:
/data/chodera/schrodinger/schrodinger2017-4-advanced/jaguar results -esolv SM19_micro014_conf_4.sol.out

Executing subprocess:
/data/chodera/schrodinger/schrodinger2017-4-advanced/jaguar results -energy SM19_micro014_conf_5.nrg.out

Executing subprocess:
/data/chodera/schrodinger/schrodinger2017-4-advanced/jaguar results -esolv SM19_micro014_conf_5.sol.out

Executing subprocess:
/data/chodera/schrodinger/schrodinger2017-4-advanced/jaguar-v9.8/bin/Linux-x86_64/pka -o SM19_micro001_deprot-out.mae -j SM19_micro001.jres -n -d

Executing subprocess:
/data/chodera/schrodinger/schrodinger2017-4-advanced/jaguar-v9.8/bin/Linux-x86_64/pka -o SM19_micro001_prot-out.mae -j SM19_micro001.jres -n

pKa calculation for SM19_micro001 completed.

pKa workflow jag_SM19_micro001_SM19_micro014 completed.

Timer (Jaguar pKa) : 14300.14 secs (3 hrs, 58 mins, 20 secs)
Timer (jaguar_backend.py) : 14300.14 secs (3 hrs, 58 mins, 20 secs)
Finished:   Fri May  4 20:49:50 2018
