Command:    jaguar run pka.py -jobname jag_SM24_micro022_SM24_micro011 -PARALLEL 10 -n -csrch -prot SM24_micro022.in -deprot SM24_micro011.in
Release:    2017-4
Exec:       /data/chodera/schrodinger/schrodinger2017-4-advanced/jaguar-v9.8/bin/Linux-x86_64
Host:       lt02
JobId:      lilac-0-5aecd5e6
JobDir:     /lila/data/chodera/schrodinger/tmpdir/rustenburg/jag_SM24_micro022_SM24_micro011
Date:       Fri May  4 19:23:16 2018

Contents of /lila/data/chodera/schrodinger/tmpdir/rustenburg/jag_SM24_micro022_SM24_micro011:
/lila/data/chodera/schrodinger/tmpdir/rustenburg/jag_SM24_micro022_SM24_micro011/jag_SM24_micro022_SM24_micro011.log
/lila/data/chodera/schrodinger/tmpdir/rustenburg/jag_SM24_micro022_SM24_micro011/SM24_micro022.in
/lila/data/chodera/schrodinger/tmpdir/rustenburg/jag_SM24_micro022_SM24_micro011/jag_SM24_micro022_SM24_micro011.recover
/lila/data/chodera/schrodinger/tmpdir/rustenburg/jag_SM24_micro022_SM24_micro011/lilac-0-5aecd5e6
/lila/data/chodera/schrodinger/tmpdir/rustenburg/jag_SM24_micro022_SM24_micro011/lilac-0-5aecd5e6.jlog
/lila/data/chodera/schrodinger/tmpdir/rustenburg/jag_SM24_micro022_SM24_micro011/lilac-0-5aecd5e6.recover
/lila/data/chodera/schrodinger/tmpdir/rustenburg/jag_SM24_micro022_SM24_micro011/SM24_micro011.mae
/lila/data/chodera/schrodinger/tmpdir/rustenburg/jag_SM24_micro022_SM24_micro011/SM24_micro011.in
/lila/data/chodera/schrodinger/tmpdir/rustenburg/jag_SM24_micro022_SM24_micro011/lilac-0-5aecd5e6.nodes
/lila/data/chodera/schrodinger/tmpdir/rustenburg/jag_SM24_micro022_SM24_micro011/lilac-0-5aecd5e6.mpinodes
/lila/data/chodera/schrodinger/tmpdir/rustenburg/jag_SM24_micro022_SM24_micro011/SM24_micro022.mae
/lila/data/chodera/schrodinger/tmpdir/rustenburg/jag_SM24_micro022_SM24_micro011/lilac-0-5aecd5e6.hosts

=====================
 Jaguar pKa workflow
=====================

Analysing user-provided (prot, deprot) pair:
(SM24_micro022.in, SM24_micro011.in)
Found labile hydrogen 31 in SM24_micro022.in
Found labile hydrogen at atom 29 in SM24_micro011.in
Adding 'ipkat' keyword to input files.

Identifying pKa functional group for pair:
(SM24_micro022, SM24_micro011)

Executing subprocess:
/data/chodera/schrodinger/schrodinger2017-4-advanced/jaguar-v9.8/bin/Linux-x86_64/pka -i -j SM24_micro022.tmp.jres -n

Taking protonated structures from:
SM24_micro022.mae
Taking deprotonated structures from:
SM24_micro011.mae

This molecule from 'SM24_micro022.mae' in water was recognized as:

 # 	           Shell           
---	---------------------------
1: 	Ether                      
2: 	Protonation of generic atom


Executing conformational search...

Executing 2 distributed subjobs:
---------------------------------

No more than 8 cpu(s) will be used per subjob.
No more than 10 cpu(s) will be used simultaneously.

Processing the following subjobs:
(1) jaguar run csrch.py SM24_micro022.mae -jobname SM24_micro022 -max_conf 5 -erg_window 50.208 -acc_level 1 -TPP 5
(2) jaguar run csrch.py SM24_micro011.mae -jobname SM24_micro011 -max_conf 5 -erg_window 50.208 -acc_level 1 -TPP 5

Running subjobs on hosts:
  lsf-cpu (Max: 2)
Number of jobs:       2
Max retries per job:  3
Max allowed failures: unlimited
Run with -LOCAL:      False
Verbosity:            normal

Starting JobDJ...

Keep one job on driver host: False
JobDJ columns:
  C: Number of completed subjobs
  A: Number of active subjobs (e.g., submitted, running)
  W: Number of waiting/pending subjobs

C A W | Activity  JobId  JobName  JobHost
- - - | --------- -----------------------
0 1 1 | launched  lt02-28-5aeceb85 SM24_micro022 lsf-cpu
0 2 0 | launched  lt02-0-5aeceb9a SM24_micro011 lsf-cpu
1 1 0 | finished  lt02-28-5aeceb85 SM24_micro022 lsf-cpu [lt03]
2 0 0 | finished  lt02-0-5aeceb9a SM24_micro011 lsf-cpu [ls16]

All jobs have completed.

2 of 2 job(s) succeeded; 0 job(s) failed.

Timer (distribute subjobs) : 8450.19 secs (2 hrs, 20 mins, 50 secs)

Setting up QM workflow for (protonated, deprotonated) pair:
(1) (SM24_micro022, SM24_micro011)

Executing Jaguar quantum-mechanical subjobs...

Executing 10 distributed subjobs:
----------------------------------

No more than 8 cpu(s) will be used per subjob.
No more than 10 cpu(s) will be used simultaneously.

Processing the following subjobs:
(1) jaguar run pka_prot.bat -jobname SM24_micro022_conf_1 SM24_micro022_conf_1.in
(2) jaguar run pka_prot.bat -jobname SM24_micro022_conf_2 SM24_micro022_conf_2.in
(3) jaguar run pka_prot.bat -jobname SM24_micro022_conf_3 SM24_micro022_conf_3.in
(4) jaguar run pka_prot.bat -jobname SM24_micro022_conf_4 SM24_micro022_conf_4.in
(5) jaguar run pka_prot.bat -jobname SM24_micro022_conf_5 SM24_micro022_conf_5.in
(6) jaguar run pka_deprot.bat -jobname SM24_micro011_conf_1 SM24_micro011_conf_1.in
(7) jaguar run pka_deprot.bat -jobname SM24_micro011_conf_2 SM24_micro011_conf_2.in
(8) jaguar run pka_deprot.bat -jobname SM24_micro011_conf_3 SM24_micro011_conf_3.in
(9) jaguar run pka_deprot.bat -jobname SM24_micro011_conf_4 SM24_micro011_conf_4.in
(10) jaguar run pka_deprot.bat -jobname SM24_micro011_conf_5 SM24_micro011_conf_5.in

Running subjobs on hosts:
  lsf-cpu (Max: 10)
Number of jobs:       10
Max retries per job:  3
Max allowed failures: unlimited
Run with -LOCAL:      False
Verbosity:            normal

Starting JobDJ...

Keep one job on driver host: True
JobDJ columns:
  C: Number of completed subjobs
  A: Number of active subjobs (e.g., submitted, running)
  W: Number of waiting/pending subjobs

 C  A  W | Activity  JobId  JobName  JobHost
-- -- -- | --------- -----------------------
 0  1  9 | launched  lt02-0-5aed0c74 SM24_micro022_conf_1 localhost [lt02]
 0  2  8 | launched  lt02-0-5aed0c77 SM24_micro022_conf_2 lsf-cpu
 0  3  7 | launched  lt02-0-5aed0c7b SM24_micro022_conf_3 lsf-cpu
 0  4  6 | launched  lt02-0-5aed0c7e SM24_micro022_conf_4 lsf-cpu
 0  5  5 | launched  lt02-0-5aed0c82 SM24_micro022_conf_5 lsf-cpu
 0  6  4 | launched  lt02-0-5aed0c86 SM24_micro011_conf_1 lsf-cpu
 0  7  3 | launched  lt02-0-5aed0c89 SM24_micro011_conf_2 lsf-cpu
 0  8  2 | launched  lt02-2-5aed0c8d SM24_micro011_conf_3 lsf-cpu
 0  9  1 | launched  lt02-2-5aed0c91 SM24_micro011_conf_4 lsf-cpu
 0 10  0 | launched  lt02-2-5aed0c95 SM24_micro011_conf_5 lsf-cpu
