Command:    jaguar run pka.py -jobname jag_SM19_micro008_SM19_micro010 -PARALLEL 10 -n -csrch -prot SM19_micro008.in -deprot SM19_micro010.in
Release:    2017-4
Exec:       /data/chodera/schrodinger/schrodinger2017-4-advanced/jaguar-v9.8/bin/Linux-x86_64
Host:       lt21
JobId:      lilac-0-5aecc1db
JobDir:     /lila/data/chodera/schrodinger/tmpdir/rustenburg/jag_SM19_micro008_SM19_micro010
Date:       Fri May  4 16:53:23 2018

Contents of /lila/data/chodera/schrodinger/tmpdir/rustenburg/jag_SM19_micro008_SM19_micro010:
/lila/data/chodera/schrodinger/tmpdir/rustenburg/jag_SM19_micro008_SM19_micro010/SM19_micro010.mae
/lila/data/chodera/schrodinger/tmpdir/rustenburg/jag_SM19_micro008_SM19_micro010/SM19_micro010.in
/lila/data/chodera/schrodinger/tmpdir/rustenburg/jag_SM19_micro008_SM19_micro010/lilac-0-5aecc1db.nodes
/lila/data/chodera/schrodinger/tmpdir/rustenburg/jag_SM19_micro008_SM19_micro010/lilac-0-5aecc1db
/lila/data/chodera/schrodinger/tmpdir/rustenburg/jag_SM19_micro008_SM19_micro010/SM19_micro008.mae
/lila/data/chodera/schrodinger/tmpdir/rustenburg/jag_SM19_micro008_SM19_micro010/lilac-0-5aecc1db.jlog
/lila/data/chodera/schrodinger/tmpdir/rustenburg/jag_SM19_micro008_SM19_micro010/SM19_micro008.in
/lila/data/chodera/schrodinger/tmpdir/rustenburg/jag_SM19_micro008_SM19_micro010/jag_SM19_micro008_SM19_micro010.recover
/lila/data/chodera/schrodinger/tmpdir/rustenburg/jag_SM19_micro008_SM19_micro010/lilac-0-5aecc1db.mpinodes
/lila/data/chodera/schrodinger/tmpdir/rustenburg/jag_SM19_micro008_SM19_micro010/jag_SM19_micro008_SM19_micro010.log
/lila/data/chodera/schrodinger/tmpdir/rustenburg/jag_SM19_micro008_SM19_micro010/lilac-0-5aecc1db.hosts
/lila/data/chodera/schrodinger/tmpdir/rustenburg/jag_SM19_micro008_SM19_micro010/lilac-0-5aecc1db.recover

=====================
 Jaguar pKa workflow
=====================

Analysing user-provided (prot, deprot) pair:
(SM19_micro008.in, SM19_micro010.in)
Found labile hydrogen 25 in SM19_micro008.in
Found labile hydrogen at atom 12 in SM19_micro010.in
Adding 'ipkat' keyword to input files.

Identifying pKa functional group for pair:
(SM19_micro008, SM19_micro010)

Executing subprocess:
/data/chodera/schrodinger/schrodinger2017-4-advanced/jaguar-v9.8/bin/Linux-x86_64/pka -i -j SM19_micro008.tmp.jres -n

Taking protonated structures from:
SM19_micro008.mae
Taking deprotonated structures from:
SM19_micro010.mae

This molecule from 'SM19_micro008.mae' in water was recognized as:

 # 	           Shell           
---	---------------------------
1: 	Protonation of generic atom


Executing conformational search...

Executing 2 distributed subjobs:
---------------------------------

No more than 8 cpu(s) will be used per subjob.
No more than 10 cpu(s) will be used simultaneously.

Processing the following subjobs:
(1) jaguar run csrch.py SM19_micro008.mae -jobname SM19_micro008 -max_conf 5 -erg_window 50.208 -acc_level 1 -TPP 5
(2) jaguar run csrch.py SM19_micro010.mae -jobname SM19_micro010 -max_conf 5 -erg_window 50.208 -acc_level 1 -TPP 5

Running subjobs on hosts:
  lsf-cpu (Max: 2)
Number of jobs:       2
Max retries per job:  3
Max allowed failures: unlimited
Run with -LOCAL:      False
Verbosity:            normal

Starting JobDJ...

Keep one job on driver host: False
JobDJ columns:
  C: Number of completed subjobs
  A: Number of active subjobs (e.g., submitted, running)
  W: Number of waiting/pending subjobs

C A W | Activity  JobId  JobName  JobHost
- - - | --------- -----------------------
0 1 1 | launched  lt21-0-5aecc849 SM19_micro008 lsf-cpu
0 2 0 | launched  lt21-1-5aecc84c SM19_micro010 lsf-cpu
1 1 0 | finished  lt21-0-5aecc849 SM19_micro008 lsf-cpu [ls17]
2 0 0 | finished  lt21-1-5aecc84c SM19_micro010 lsf-cpu [ls17]

All jobs have completed.

2 of 2 job(s) succeeded; 0 job(s) failed.

Timer (distribute subjobs) : 8709.84 secs (2 hrs, 25 mins, 09 secs)

Setting up QM workflow for (protonated, deprotonated) pair:
(1) (SM19_micro008, SM19_micro010)

Executing Jaguar quantum-mechanical subjobs...

Executing 10 distributed subjobs:
----------------------------------

No more than 8 cpu(s) will be used per subjob.
No more than 10 cpu(s) will be used simultaneously.

Processing the following subjobs:
(1) jaguar run pka_prot.bat -jobname SM19_micro008_conf_1 SM19_micro008_conf_1.in
(2) jaguar run pka_prot.bat -jobname SM19_micro008_conf_2 SM19_micro008_conf_2.in
(3) jaguar run pka_prot.bat -jobname SM19_micro008_conf_3 SM19_micro008_conf_3.in
(4) jaguar run pka_prot.bat -jobname SM19_micro008_conf_4 SM19_micro008_conf_4.in
(5) jaguar run pka_prot.bat -jobname SM19_micro008_conf_5 SM19_micro008_conf_5.in
(6) jaguar run pka_deprot.bat -jobname SM19_micro010_conf_1 SM19_micro010_conf_1.in
(7) jaguar run pka_deprot.bat -jobname SM19_micro010_conf_2 SM19_micro010_conf_2.in
(8) jaguar run pka_deprot.bat -jobname SM19_micro010_conf_3 SM19_micro010_conf_3.in
(9) jaguar run pka_deprot.bat -jobname SM19_micro010_conf_4 SM19_micro010_conf_4.in
(10) jaguar run pka_deprot.bat -jobname SM19_micro010_conf_5 SM19_micro010_conf_5.in

Running subjobs on hosts:
  lsf-cpu (Max: 10)
Number of jobs:       10
Max retries per job:  3
Max allowed failures: unlimited
Run with -LOCAL:      False
Verbosity:            normal

Starting JobDJ...

Keep one job on driver host: True
JobDJ columns:
  C: Number of completed subjobs
  A: Number of active subjobs (e.g., submitted, running)
  W: Number of waiting/pending subjobs

 C  A  W | Activity  JobId  JobName  JobHost
-- -- -- | --------- -----------------------
 0  1  9 | launched  lt21-1-5aecea5a SM19_micro008_conf_1 localhost [lt21]
 0  2  8 | launched  lt21-0-5aecea61 SM19_micro008_conf_2 lsf-cpu
 0  3  7 | launched  lt21-1-5aecea68 SM19_micro008_conf_3 lsf-cpu
 0  4  6 | launched  lt21-1-5aecea6f SM19_micro008_conf_4 lsf-cpu
 0  5  5 | launched  lt21-1-5aecea75 SM19_micro008_conf_5 lsf-cpu
 0  6  4 | launched  lt21-0-5aecea7b SM19_micro010_conf_1 lsf-cpu
 0  7  3 | launched  lt21-0-5aecea81 SM19_micro010_conf_2 lsf-cpu
 0  8  2 | launched  lt21-0-5aecea86 SM19_micro010_conf_3 lsf-cpu
 0  9  1 | launched  lt21-1-5aecea8d SM19_micro010_conf_4 lsf-cpu
 0 10  0 | launched  lt21-1-5aecea93 SM19_micro010_conf_5 lsf-cpu
 1  9  0 | finished  lt21-0-5aecea81 SM19_micro010_conf_2 lsf-cpu [lt22]
 2  8  0 | finished  lt21-0-5aecea61 SM19_micro008_conf_2 lsf-cpu [lt11]
 3  7  0 | finished  lt21-0-5aecea86 SM19_micro010_conf_3 lsf-cpu [lt05]
 4  6  0 | finished  lt21-1-5aecea5a SM19_micro008_conf_1 localhost [lt21]
 5  5  0 | finished  lt21-1-5aecea68 SM19_micro008_conf_3 lsf-cpu [ls11]
 6  4  0 | finished  lt21-1-5aecea6f SM19_micro008_conf_4 lsf-cpu [ls10]
 7  3  0 | finished  lt21-1-5aecea75 SM19_micro008_conf_5 lsf-cpu [ls10]
 8  2  0 | finished  lt21-0-5aecea7b SM19_micro010_conf_1 lsf-cpu [lt22]
 9  1  0 | finished  lt21-1-5aecea8d SM19_micro010_conf_4 lsf-cpu [lt03]
10  0  0 | finished  lt21-1-5aecea93 SM19_micro010_conf_5 lsf-cpu [ls01]

All jobs have completed.

10 of 10 job(s) succeeded; 0 job(s) failed.

Timer (distribute subjobs) : 7338.85 secs (2 hrs, 02 mins, 18 secs)

Processing QM output files...

Executing subprocess:
/data/chodera/schrodinger/schrodinger2017-4-advanced/jaguar results -energy SM19_micro008_conf_1.nrg_h.out

Executing subprocess:
/data/chodera/schrodinger/schrodinger2017-4-advanced/jaguar results -esolv SM19_micro008_conf_1.sol_h.out

Executing subprocess:
/data/chodera/schrodinger/schrodinger2017-4-advanced/jaguar results -energy SM19_micro008_conf_2.nrg_h.out

Executing subprocess:
/data/chodera/schrodinger/schrodinger2017-4-advanced/jaguar results -esolv SM19_micro008_conf_2.sol_h.out

Executing subprocess:
/data/chodera/schrodinger/schrodinger2017-4-advanced/jaguar results -energy SM19_micro008_conf_3.nrg_h.out

Executing subprocess:
/data/chodera/schrodinger/schrodinger2017-4-advanced/jaguar results -esolv SM19_micro008_conf_3.sol_h.out

Executing subprocess:
/data/chodera/schrodinger/schrodinger2017-4-advanced/jaguar results -energy SM19_micro008_conf_4.nrg_h.out

Executing subprocess:
/data/chodera/schrodinger/schrodinger2017-4-advanced/jaguar results -esolv SM19_micro008_conf_4.sol_h.out

Executing subprocess:
/data/chodera/schrodinger/schrodinger2017-4-advanced/jaguar results -energy SM19_micro008_conf_5.nrg_h.out

Executing subprocess:
/data/chodera/schrodinger/schrodinger2017-4-advanced/jaguar results -esolv SM19_micro008_conf_5.sol_h.out

Executing subprocess:
/data/chodera/schrodinger/schrodinger2017-4-advanced/jaguar results -energy SM19_micro010_conf_1.nrg.out

Executing subprocess:
/data/chodera/schrodinger/schrodinger2017-4-advanced/jaguar results -esolv SM19_micro010_conf_1.sol.out

Executing subprocess:
/data/chodera/schrodinger/schrodinger2017-4-advanced/jaguar results -energy SM19_micro010_conf_2.nrg.out

Executing subprocess:
/data/chodera/schrodinger/schrodinger2017-4-advanced/jaguar results -esolv SM19_micro010_conf_2.sol.out

Executing subprocess:
/data/chodera/schrodinger/schrodinger2017-4-advanced/jaguar results -energy SM19_micro010_conf_3.nrg.out

Executing subprocess:
/data/chodera/schrodinger/schrodinger2017-4-advanced/jaguar results -esolv SM19_micro010_conf_3.sol.out

Executing subprocess:
/data/chodera/schrodinger/schrodinger2017-4-advanced/jaguar results -energy SM19_micro010_conf_4.nrg.out

Executing subprocess:
/data/chodera/schrodinger/schrodinger2017-4-advanced/jaguar results -esolv SM19_micro010_conf_4.sol.out

Executing subprocess:
/data/chodera/schrodinger/schrodinger2017-4-advanced/jaguar results -energy SM19_micro010_conf_5.nrg.out

Executing subprocess:
/data/chodera/schrodinger/schrodinger2017-4-advanced/jaguar results -esolv SM19_micro010_conf_5.sol.out

Executing subprocess:
/data/chodera/schrodinger/schrodinger2017-4-advanced/jaguar-v9.8/bin/Linux-x86_64/pka -o SM19_micro008_deprot-out.mae -j SM19_micro008.jres -n -d

Executing subprocess:
/data/chodera/schrodinger/schrodinger2017-4-advanced/jaguar-v9.8/bin/Linux-x86_64/pka -o SM19_micro008_prot-out.mae -j SM19_micro008.jres -n

pKa calculation for SM19_micro008 completed.

pKa workflow jag_SM19_micro008_SM19_micro010 completed.

Timer (Jaguar pKa) : 16135.12 secs (4 hrs, 28 mins, 55 secs)
Timer (jaguar_backend.py) : 16135.12 secs (4 hrs, 28 mins, 55 secs)
Finished:   Fri May  4 21:22:18 2018
