Command:    jaguar run pka.py -jobname jag_SM07_micro006_SM07_micro002 -PARALLEL 10 -n -csrch -prot SM07_micro006.in -deprot SM07_micro002.in
Release:    2017-4
Exec:       /data/chodera/schrodinger/schrodinger2017-4-advanced/jaguar-v9.8/bin/Linux-x86_64
Host:       ls16
JobId:      lilac-0-5aec7a9b
JobDir:     /lila/data/chodera/schrodinger/tmpdir/rustenburg/jag_SM07_micro006_SM07_micro002
Date:       Fri May  4 11:22:13 2018

Contents of /lila/data/chodera/schrodinger/tmpdir/rustenburg/jag_SM07_micro006_SM07_micro002:
/lila/data/chodera/schrodinger/tmpdir/rustenburg/jag_SM07_micro006_SM07_micro002/SM07_micro002.in
/lila/data/chodera/schrodinger/tmpdir/rustenburg/jag_SM07_micro006_SM07_micro002/lilac-0-5aec7a9b.recover
/lila/data/chodera/schrodinger/tmpdir/rustenburg/jag_SM07_micro006_SM07_micro002/lilac-0-5aec7a9b.jlog
/lila/data/chodera/schrodinger/tmpdir/rustenburg/jag_SM07_micro006_SM07_micro002/lilac-0-5aec7a9b
/lila/data/chodera/schrodinger/tmpdir/rustenburg/jag_SM07_micro006_SM07_micro002/jag_SM07_micro006_SM07_micro002.log
/lila/data/chodera/schrodinger/tmpdir/rustenburg/jag_SM07_micro006_SM07_micro002/SM07_micro006.mae
/lila/data/chodera/schrodinger/tmpdir/rustenburg/jag_SM07_micro006_SM07_micro002/jag_SM07_micro006_SM07_micro002.recover
/lila/data/chodera/schrodinger/tmpdir/rustenburg/jag_SM07_micro006_SM07_micro002/lilac-0-5aec7a9b.nodes
/lila/data/chodera/schrodinger/tmpdir/rustenburg/jag_SM07_micro006_SM07_micro002/SM07_micro002.mae
/lila/data/chodera/schrodinger/tmpdir/rustenburg/jag_SM07_micro006_SM07_micro002/SM07_micro006.in
/lila/data/chodera/schrodinger/tmpdir/rustenburg/jag_SM07_micro006_SM07_micro002/lilac-0-5aec7a9b.hosts
/lila/data/chodera/schrodinger/tmpdir/rustenburg/jag_SM07_micro006_SM07_micro002/lilac-0-5aec7a9b.mpinodes

=====================
 Jaguar pKa workflow
=====================

Analysing user-provided (prot, deprot) pair:
(SM07_micro006.in, SM07_micro002.in)
Found labile hydrogen 19 in SM07_micro006.in
Found labile hydrogen at atom 8 in SM07_micro002.in
Adding 'ipkat' keyword to input files.

Identifying pKa functional group for pair:
(SM07_micro006, SM07_micro002)

Executing subprocess:
/data/chodera/schrodinger/schrodinger2017-4-advanced/jaguar-v9.8/bin/Linux-x86_64/pka -i -j SM07_micro006.tmp.jres -n

Taking protonated structures from:
SM07_micro006.mae
Taking deprotonated structures from:
SM07_micro002.mae

This molecule from 'SM07_micro006.mae' in water was recognized as:

 # 	                  Shell                   
---	------------------------------------------
1: 	Protonation of sp2-like aliphatic nitrogen
2: 	Protonation of generic atom               


Executing conformational search...

Executing 2 distributed subjobs:
---------------------------------

No more than 8 cpu(s) will be used per subjob.
No more than 10 cpu(s) will be used simultaneously.

Processing the following subjobs:
(1) jaguar run csrch.py SM07_micro006.mae -jobname SM07_micro006 -max_conf 5 -erg_window 50.208 -acc_level 1 -TPP 5
(2) jaguar run csrch.py SM07_micro002.mae -jobname SM07_micro002 -max_conf 5 -erg_window 50.208 -acc_level 1 -TPP 5

Running subjobs on hosts:
  lsf-cpu (Max: 2)
Number of jobs:       2
Max retries per job:  3
Max allowed failures: unlimited
Run with -LOCAL:      False
Verbosity:            normal

Starting JobDJ...

Keep one job on driver host: False
JobDJ columns:
  C: Number of completed subjobs
  A: Number of active subjobs (e.g., submitted, running)
  W: Number of waiting/pending subjobs

C A W | Activity  JobId  JobName  JobHost
- - - | --------- -----------------------
0 1 1 | launched  ls16-0-5aec7aaa SM07_micro006 lsf-cpu
0 2 0 | launched  ls16-0-5aec7aad SM07_micro002 lsf-cpu
1 1 0 | finished  ls16-0-5aec7aad SM07_micro002 lsf-cpu
2 0 0 | finished  ls16-0-5aec7aaa SM07_micro006 lsf-cpu [ls16]

All jobs have completed.

2 of 2 job(s) succeeded; 0 job(s) failed.

Timer (distribute subjobs) : 914.30 secs (0 hrs, 15 mins, 14 secs)

Setting up QM workflow for (protonated, deprotonated) pair:
(1) (SM07_micro006, SM07_micro002)

Executing Jaguar quantum-mechanical subjobs...

Executing 10 distributed subjobs:
----------------------------------

No more than 8 cpu(s) will be used per subjob.
No more than 10 cpu(s) will be used simultaneously.

Processing the following subjobs:
(1) jaguar run pka_prot.bat -jobname SM07_micro006_conf_1 SM07_micro006_conf_1.in
(2) jaguar run pka_prot.bat -jobname SM07_micro006_conf_2 SM07_micro006_conf_2.in
(3) jaguar run pka_prot.bat -jobname SM07_micro006_conf_3 SM07_micro006_conf_3.in
(4) jaguar run pka_prot.bat -jobname SM07_micro006_conf_4 SM07_micro006_conf_4.in
(5) jaguar run pka_prot.bat -jobname SM07_micro006_conf_5 SM07_micro006_conf_5.in
(6) jaguar run pka_deprot.bat -jobname SM07_micro002_conf_1 SM07_micro002_conf_1.in
(7) jaguar run pka_deprot.bat -jobname SM07_micro002_conf_2 SM07_micro002_conf_2.in
(8) jaguar run pka_deprot.bat -jobname SM07_micro002_conf_3 SM07_micro002_conf_3.in
(9) jaguar run pka_deprot.bat -jobname SM07_micro002_conf_4 SM07_micro002_conf_4.in
(10) jaguar run pka_deprot.bat -jobname SM07_micro002_conf_5 SM07_micro002_conf_5.in

Running subjobs on hosts:
  lsf-cpu (Max: 10)
Number of jobs:       10
Max retries per job:  3
Max allowed failures: unlimited
Run with -LOCAL:      False
Verbosity:            normal

Starting JobDJ...

Keep one job on driver host: True
JobDJ columns:
  C: Number of completed subjobs
  A: Number of active subjobs (e.g., submitted, running)
  W: Number of waiting/pending subjobs

 C  A  W | Activity  JobId  JobName  JobHost
-- -- -- | --------- -----------------------
 0  1  9 | launched  ls16-0-5aec7e3d SM07_micro006_conf_1 localhost [ls16]
 0  2  8 | launched  ls16-0-5aec7e40 SM07_micro006_conf_2 lsf-cpu
 0  3  7 | launched  ls16-0-5aec7e44 SM07_micro006_conf_3 lsf-cpu
 0  4  6 | launched  ls16-0-5aec7e46 SM07_micro006_conf_4 lsf-cpu
 0  5  5 | launched  ls16-0-5aec7e4a SM07_micro006_conf_5 lsf-cpu
 0  6  4 | launched  ls16-0-5aec7e4d SM07_micro002_conf_1 lsf-cpu
 0  7  3 | launched  ls16-0-5aec7e51 SM07_micro002_conf_2 lsf-cpu
 0  8  2 | launched  ls16-0-5aec7e55 SM07_micro002_conf_3 lsf-cpu
 0  9  1 | launched  ls16-0-5aec7e59 SM07_micro002_conf_4 lsf-cpu
 0 10  0 | launched  ls16-0-5aec7e5c SM07_micro002_conf_5 lsf-cpu
 1  9  0 | finished  ls16-0-5aec7e4d SM07_micro002_conf_1 lsf-cpu [ls10]
 2  8  0 | finished  ls16-0-5aec7e5c SM07_micro002_conf_5 lsf-cpu [ls17]
 3  7  0 | finished  ls16-0-5aec7e3d SM07_micro006_conf_1 localhost [ls16]
 4  6  0 | finished  ls16-0-5aec7e51 SM07_micro002_conf_2 lsf-cpu [ls10]
 5  5  0 | finished  ls16-0-5aec7e40 SM07_micro006_conf_2 lsf-cpu [ls10]
 6  4  0 | finished  ls16-0-5aec7e44 SM07_micro006_conf_3 lsf-cpu [ls10]
 7  3  0 | finished  ls16-0-5aec7e55 SM07_micro002_conf_3 lsf-cpu [ls10]
 8  2  0 | finished  ls16-0-5aec7e46 SM07_micro006_conf_4 lsf-cpu [ls10]
 9  1  0 | finished  ls16-0-5aec7e4a SM07_micro006_conf_5 lsf-cpu [ls10]
10  0  0 | finished  ls16-0-5aec7e59 SM07_micro002_conf_4 lsf-cpu [ls01]

All jobs have completed.

10 of 10 job(s) succeeded; 0 job(s) failed.

Timer (distribute subjobs) : 2708.51 secs (0 hrs, 45 mins, 08 secs)

Processing QM output files...

Executing subprocess:
/data/chodera/schrodinger/schrodinger2017-4-advanced/jaguar results -energy SM07_micro006_conf_1.nrg_h.out

Executing subprocess:
/data/chodera/schrodinger/schrodinger2017-4-advanced/jaguar results -esolv SM07_micro006_conf_1.sol_h.out

Executing subprocess:
/data/chodera/schrodinger/schrodinger2017-4-advanced/jaguar results -energy SM07_micro006_conf_2.nrg_h.out

Executing subprocess:
/data/chodera/schrodinger/schrodinger2017-4-advanced/jaguar results -esolv SM07_micro006_conf_2.sol_h.out

Executing subprocess:
/data/chodera/schrodinger/schrodinger2017-4-advanced/jaguar results -energy SM07_micro006_conf_3.nrg_h.out

Executing subprocess:
/data/chodera/schrodinger/schrodinger2017-4-advanced/jaguar results -esolv SM07_micro006_conf_3.sol_h.out

Executing subprocess:
/data/chodera/schrodinger/schrodinger2017-4-advanced/jaguar results -energy SM07_micro006_conf_4.nrg_h.out

Executing subprocess:
/data/chodera/schrodinger/schrodinger2017-4-advanced/jaguar results -esolv SM07_micro006_conf_4.sol_h.out

Executing subprocess:
/data/chodera/schrodinger/schrodinger2017-4-advanced/jaguar results -energy SM07_micro006_conf_5.nrg_h.out

Executing subprocess:
/data/chodera/schrodinger/schrodinger2017-4-advanced/jaguar results -esolv SM07_micro006_conf_5.sol_h.out

Executing subprocess:
/data/chodera/schrodinger/schrodinger2017-4-advanced/jaguar results -energy SM07_micro002_conf_1.nrg.out

Executing subprocess:
/data/chodera/schrodinger/schrodinger2017-4-advanced/jaguar results -esolv SM07_micro002_conf_1.sol.out

Executing subprocess:
/data/chodera/schrodinger/schrodinger2017-4-advanced/jaguar results -energy SM07_micro002_conf_2.nrg.out

Executing subprocess:
/data/chodera/schrodinger/schrodinger2017-4-advanced/jaguar results -esolv SM07_micro002_conf_2.sol.out

Executing subprocess:
/data/chodera/schrodinger/schrodinger2017-4-advanced/jaguar results -energy SM07_micro002_conf_3.nrg.out

Executing subprocess:
/data/chodera/schrodinger/schrodinger2017-4-advanced/jaguar results -esolv SM07_micro002_conf_3.sol.out

Executing subprocess:
/data/chodera/schrodinger/schrodinger2017-4-advanced/jaguar results -energy SM07_micro002_conf_4.nrg.out

Executing subprocess:
/data/chodera/schrodinger/schrodinger2017-4-advanced/jaguar results -esolv SM07_micro002_conf_4.sol.out

Executing subprocess:
/data/chodera/schrodinger/schrodinger2017-4-advanced/jaguar results -energy SM07_micro002_conf_5.nrg.out

Executing subprocess:
/data/chodera/schrodinger/schrodinger2017-4-advanced/jaguar results -esolv SM07_micro002_conf_5.sol.out

Executing subprocess:
/data/chodera/schrodinger/schrodinger2017-4-advanced/jaguar-v9.8/bin/Linux-x86_64/pka -o SM07_micro006_deprot-out.mae -j SM07_micro006.jres -n -d

Executing subprocess:
/data/chodera/schrodinger/schrodinger2017-4-advanced/jaguar-v9.8/bin/Linux-x86_64/pka -o SM07_micro006_prot-out.mae -j SM07_micro006.jres -n

pKa calculation for SM07_micro006 completed.

pKa workflow jag_SM07_micro006_SM07_micro002 completed.

Timer (Jaguar pKa) : 3687.84 secs (1 hrs, 01 mins, 27 secs)
Timer (jaguar_backend.py) : 3687.84 secs (1 hrs, 01 mins, 27 secs)
Finished:   Fri May  4 12:23:41 2018
