Command:    jaguar run pka.py -jobname jag_SM18_micro076_SM18_micro004 -PARALLEL 10 -n -csrch -prot SM18_micro076.in -deprot SM18_micro004.in
Release:    2017-4
Exec:       /data/chodera/schrodinger/schrodinger2017-4-advanced/jaguar-v9.8/bin/Linux-x86_64
Host:       lt11
JobId:      lilac-0-5aecadd7
JobDir:     /lila/data/chodera/schrodinger/tmpdir/rustenburg/jag_SM18_micro076_SM18_micro004
Date:       Fri May  4 15:03:05 2018

Contents of /lila/data/chodera/schrodinger/tmpdir/rustenburg/jag_SM18_micro076_SM18_micro004:
/lila/data/chodera/schrodinger/tmpdir/rustenburg/jag_SM18_micro076_SM18_micro004/lilac-0-5aecadd7.hosts
/lila/data/chodera/schrodinger/tmpdir/rustenburg/jag_SM18_micro076_SM18_micro004/jag_SM18_micro076_SM18_micro004.log
/lila/data/chodera/schrodinger/tmpdir/rustenburg/jag_SM18_micro076_SM18_micro004/SM18_micro004.in
/lila/data/chodera/schrodinger/tmpdir/rustenburg/jag_SM18_micro076_SM18_micro004/lilac-0-5aecadd7.recover
/lila/data/chodera/schrodinger/tmpdir/rustenburg/jag_SM18_micro076_SM18_micro004/lilac-0-5aecadd7.jlog
/lila/data/chodera/schrodinger/tmpdir/rustenburg/jag_SM18_micro076_SM18_micro004/lilac-0-5aecadd7.nodes
/lila/data/chodera/schrodinger/tmpdir/rustenburg/jag_SM18_micro076_SM18_micro004/SM18_micro004.mae
/lila/data/chodera/schrodinger/tmpdir/rustenburg/jag_SM18_micro076_SM18_micro004/jag_SM18_micro076_SM18_micro004.recover
/lila/data/chodera/schrodinger/tmpdir/rustenburg/jag_SM18_micro076_SM18_micro004/SM18_micro076.in
/lila/data/chodera/schrodinger/tmpdir/rustenburg/jag_SM18_micro076_SM18_micro004/SM18_micro076.mae
/lila/data/chodera/schrodinger/tmpdir/rustenburg/jag_SM18_micro076_SM18_micro004/lilac-0-5aecadd7.mpinodes
/lila/data/chodera/schrodinger/tmpdir/rustenburg/jag_SM18_micro076_SM18_micro004/lilac-0-5aecadd7

=====================
 Jaguar pKa workflow
=====================

Analysing user-provided (prot, deprot) pair:
(SM18_micro076.in, SM18_micro004.in)
Found labile hydrogen 31 in SM18_micro076.in
Found labile hydrogen at atom 8 in SM18_micro004.in
Adding 'ipkat' keyword to input files.

Identifying pKa functional group for pair:
(SM18_micro076, SM18_micro004)

Executing subprocess:
/data/chodera/schrodinger/schrodinger2017-4-advanced/jaguar-v9.8/bin/Linux-x86_64/pka -i -j SM18_micro076.tmp.jres -n

Taking protonated structures from:
SM18_micro076.mae
Taking deprotonated structures from:
SM18_micro004.mae

This molecule from 'SM18_micro076.mae' in water was recognized as:

 # 	            Shell             
---	------------------------------
1: 	protonation of O=Het          
2: 	Protonation of generic atom   
3: 	Protonation of sp2-like oxygen


Executing conformational search...

Executing 2 distributed subjobs:
---------------------------------

No more than 8 cpu(s) will be used per subjob.
No more than 10 cpu(s) will be used simultaneously.

Processing the following subjobs:
(1) jaguar run csrch.py SM18_micro076.mae -jobname SM18_micro076 -max_conf 5 -erg_window 50.208 -acc_level 1 -TPP 5
(2) jaguar run csrch.py SM18_micro004.mae -jobname SM18_micro004 -max_conf 5 -erg_window 50.208 -acc_level 1 -TPP 5

Running subjobs on hosts:
  lsf-cpu (Max: 2)
Number of jobs:       2
Max retries per job:  3
Max allowed failures: unlimited
Run with -LOCAL:      False
Verbosity:            normal

Starting JobDJ...

Keep one job on driver host: False
JobDJ columns:
  C: Number of completed subjobs
  A: Number of active subjobs (e.g., submitted, running)
  W: Number of waiting/pending subjobs

C A W | Activity  JobId  JobName  JobHost
- - - | --------- -----------------------
0 1 1 | launched  lt11-0-5aecae6e SM18_micro076 lsf-cpu
0 2 0 | launched  lt11-0-5aecae71 SM18_micro004 lsf-cpu
1 1 0 | finished  lt11-0-5aecae71 SM18_micro004 lsf-cpu [lt22]
2 0 0 | finished  lt11-0-5aecae6e SM18_micro076 lsf-cpu [lt22]

All jobs have completed.

2 of 2 job(s) succeeded; 0 job(s) failed.

Timer (distribute subjobs) : 9510.64 secs (2 hrs, 38 mins, 30 secs)

Setting up QM workflow for (protonated, deprotonated) pair:
(1) (SM18_micro076, SM18_micro004)

Executing Jaguar quantum-mechanical subjobs...

Executing 10 distributed subjobs:
----------------------------------

No more than 8 cpu(s) will be used per subjob.
No more than 10 cpu(s) will be used simultaneously.

Processing the following subjobs:
(1) jaguar run pka_prot.bat -jobname SM18_micro076_conf_1 SM18_micro076_conf_1.in
(2) jaguar run pka_prot.bat -jobname SM18_micro076_conf_2 SM18_micro076_conf_2.in
(3) jaguar run pka_prot.bat -jobname SM18_micro076_conf_3 SM18_micro076_conf_3.in
(4) jaguar run pka_prot.bat -jobname SM18_micro076_conf_4 SM18_micro076_conf_4.in
(5) jaguar run pka_prot.bat -jobname SM18_micro076_conf_5 SM18_micro076_conf_5.in
(6) jaguar run pka_deprot.bat -jobname SM18_micro004_conf_1 SM18_micro004_conf_1.in
(7) jaguar run pka_deprot.bat -jobname SM18_micro004_conf_2 SM18_micro004_conf_2.in
(8) jaguar run pka_deprot.bat -jobname SM18_micro004_conf_3 SM18_micro004_conf_3.in
(9) jaguar run pka_deprot.bat -jobname SM18_micro004_conf_4 SM18_micro004_conf_4.in
(10) jaguar run pka_deprot.bat -jobname SM18_micro004_conf_5 SM18_micro004_conf_5.in

Running subjobs on hosts:
  lsf-cpu (Max: 10)
Number of jobs:       10
Max retries per job:  3
Max allowed failures: unlimited
Run with -LOCAL:      False
Verbosity:            normal

Starting JobDJ...

Keep one job on driver host: True
JobDJ columns:
  C: Number of completed subjobs
  A: Number of active subjobs (e.g., submitted, running)
  W: Number of waiting/pending subjobs

 C  A  W | Activity  JobId  JobName  JobHost
-- -- -- | --------- -----------------------
 0  1  9 | launched  lt11-0-5aecd39d SM18_micro076_conf_1 localhost [lt11]
 0  2  8 | launched  lt11-0-5aecd3a2 SM18_micro076_conf_2 lsf-cpu
 0  3  7 | launched  lt11-0-5aecd3a8 SM18_micro076_conf_3 lsf-cpu
 0  4  6 | launched  lt11-0-5aecd3ac SM18_micro076_conf_4 lsf-cpu
 0  5  5 | launched  lt11-1-5aecd3b0 SM18_micro076_conf_5 lsf-cpu
 0  6  4 | launched  lt11-0-5aecd3b6 SM18_micro004_conf_1 lsf-cpu
 0  7  3 | launched  lt11-0-5aecd3bb SM18_micro004_conf_2 lsf-cpu
 0  8  2 | launched  lt11-0-5aecd3c0 SM18_micro004_conf_3 lsf-cpu
 0  9  1 | launched  lt11-0-5aecd3c5 SM18_micro004_conf_4 lsf-cpu
 0 10  0 | launched  lt11-0-5aecd3ca SM18_micro004_conf_5 lsf-cpu
 1  9  0 | finished  lt11-0-5aecd39d SM18_micro076_conf_1 localhost [lt11]
 1  9  0 | launched  lt11-0-5aecead0 SM18_micro004_conf_5 localhost [lt11]
 2  8  0 | finished  lt11-1-5aecd3b0 SM18_micro076_conf_5 lsf-cpu [lt01]
 3  7  0 | finished  lt11-0-5aecd3ac SM18_micro076_conf_4 lsf-cpu [lt11]
 4  6  0 | finished  lt11-0-5aecd3a2 SM18_micro076_conf_2 lsf-cpu [ls11]
 5  5  0 | finished  lt11-0-5aecd3a8 SM18_micro076_conf_3 lsf-cpu [lt11]
 6  4  0 | finished  lt11-0-5aecd3c5 SM18_micro004_conf_4 lsf-cpu [ls09]
 7  3  0 | finished  lt11-0-5aecd3b6 SM18_micro004_conf_1 lsf-cpu [lt16]
