Command:    jaguar run pka.py -jobname jag_SM01_micro008_SM01_micro004 -PARALLEL 10 -n -csrch -prot SM01_micro008.in -deprot SM01_micro004.in
Release:    2017-4
Exec:       /data/chodera/schrodinger/schrodinger2017-4-advanced/jaguar-v9.8/bin/Linux-x86_64
Host:       lt20
JobId:      lilac-0-5aec664a
JobDir:     /lila/data/chodera/schrodinger/tmpdir/rustenburg/jag_SM01_micro008_SM01_micro004
Date:       Fri May  4 09:55:28 2018

Contents of /lila/data/chodera/schrodinger/tmpdir/rustenburg/jag_SM01_micro008_SM01_micro004:
/lila/data/chodera/schrodinger/tmpdir/rustenburg/jag_SM01_micro008_SM01_micro004/lilac-0-5aec664a.mpinodes
/lila/data/chodera/schrodinger/tmpdir/rustenburg/jag_SM01_micro008_SM01_micro004/SM01_micro008.in
/lila/data/chodera/schrodinger/tmpdir/rustenburg/jag_SM01_micro008_SM01_micro004/jag_SM01_micro008_SM01_micro004.recover
/lila/data/chodera/schrodinger/tmpdir/rustenburg/jag_SM01_micro008_SM01_micro004/lilac-0-5aec664a.nodes
/lila/data/chodera/schrodinger/tmpdir/rustenburg/jag_SM01_micro008_SM01_micro004/jag_SM01_micro008_SM01_micro004.log
/lila/data/chodera/schrodinger/tmpdir/rustenburg/jag_SM01_micro008_SM01_micro004/lilac-0-5aec664a.jlog
/lila/data/chodera/schrodinger/tmpdir/rustenburg/jag_SM01_micro008_SM01_micro004/lilac-0-5aec664a
/lila/data/chodera/schrodinger/tmpdir/rustenburg/jag_SM01_micro008_SM01_micro004/SM01_micro008.mae
/lila/data/chodera/schrodinger/tmpdir/rustenburg/jag_SM01_micro008_SM01_micro004/SM01_micro004.mae
/lila/data/chodera/schrodinger/tmpdir/rustenburg/jag_SM01_micro008_SM01_micro004/lilac-0-5aec664a.hosts
/lila/data/chodera/schrodinger/tmpdir/rustenburg/jag_SM01_micro008_SM01_micro004/SM01_micro004.in
/lila/data/chodera/schrodinger/tmpdir/rustenburg/jag_SM01_micro008_SM01_micro004/lilac-0-5aec664a.recover

=====================
 Jaguar pKa workflow
=====================

Analysing user-provided (prot, deprot) pair:
(SM01_micro008.in, SM01_micro004.in)
Found labile hydrogen 17 in SM01_micro008.in
Found labile hydrogen at atom 13 in SM01_micro004.in
Adding 'ipkat' keyword to input files.

Identifying pKa functional group for pair:
(SM01_micro008, SM01_micro004)

Executing subprocess:
/data/chodera/schrodinger/schrodinger2017-4-advanced/jaguar-v9.8/bin/Linux-x86_64/pka -i -j SM01_micro008.tmp.jres -n

Taking protonated structures from:
SM01_micro008.mae
Taking deprotonated structures from:
SM01_micro004.mae

This molecule from 'SM01_micro008.mae' in water was recognized as:

 # 	                  Shell                   
---	------------------------------------------
1: 	Protonation of sp3-like aliphatic nitrogen
2: 	Protonation of generic atom               


Executing conformational search...

Executing 2 distributed subjobs:
---------------------------------

No more than 8 cpu(s) will be used per subjob.
No more than 10 cpu(s) will be used simultaneously.

Processing the following subjobs:
(1) jaguar run csrch.py SM01_micro008.mae -jobname SM01_micro008 -max_conf 5 -erg_window 50.208 -acc_level 1 -TPP 5
(2) jaguar run csrch.py SM01_micro004.mae -jobname SM01_micro004 -max_conf 5 -erg_window 50.208 -acc_level 1 -TPP 5

Running subjobs on hosts:
  lsf-cpu (Max: 2)
Number of jobs:       2
Max retries per job:  3
Max allowed failures: unlimited
Run with -LOCAL:      False
Verbosity:            normal

Starting JobDJ...

Keep one job on driver host: False
JobDJ columns:
  C: Number of completed subjobs
  A: Number of active subjobs (e.g., submitted, running)
  W: Number of waiting/pending subjobs

C A W | Activity  JobId  JobName  JobHost
- - - | --------- -----------------------
0 1 1 | launched  lt20-0-5aec6656 SM01_micro008 lsf-cpu
0 2 0 | launched  lt20-2-5aec665b SM01_micro004 lsf-cpu
1 1 0 | finished  lt20-0-5aec6656 SM01_micro008 lsf-cpu
2 0 0 | finished  lt20-2-5aec665b SM01_micro004 lsf-cpu

All jobs have completed.

2 of 2 job(s) succeeded; 0 job(s) failed.

Timer (distribute subjobs) : 262.26 secs (0 hrs, 04 mins, 22 secs)

Setting up QM workflow for (protonated, deprotonated) pair:
(1) (SM01_micro008, SM01_micro004)

Executing Jaguar quantum-mechanical subjobs...

Executing 5 distributed subjobs:
---------------------------------

No more than 8 cpu(s) will be used per subjob.
No more than 10 cpu(s) will be used simultaneously.

Processing the following subjobs:
(1) jaguar run pka_prot.bat -jobname SM01_micro008_conf_1 SM01_micro008_conf_1.in -TPP 2
(2) jaguar run pka_prot.bat -jobname SM01_micro008_conf_2 SM01_micro008_conf_2.in -TPP 2
(3) jaguar run pka_prot.bat -jobname SM01_micro008_conf_3 SM01_micro008_conf_3.in -TPP 2
(4) jaguar run pka_deprot.bat -jobname SM01_micro004_conf_1 SM01_micro004_conf_1.in -TPP 2
(5) jaguar run pka_deprot.bat -jobname SM01_micro004_conf_2 SM01_micro004_conf_2.in -TPP 2

Running subjobs on hosts:
  lsf-cpu (Max: 5)
Number of jobs:       5
Max retries per job:  3
Max allowed failures: unlimited
Run with -LOCAL:      False
Verbosity:            normal

Starting JobDJ...

Keep one job on driver host: False
JobDJ columns:
  C: Number of completed subjobs
  A: Number of active subjobs (e.g., submitted, running)
  W: Number of waiting/pending subjobs

C A W | Activity  JobId  JobName  JobHost
- - - | --------- -----------------------
0 1 4 | launched  lt20-0-5aec6761 SM01_micro008_conf_1 lsf-cpu
0 2 3 | launched  lt20-0-5aec6764 SM01_micro008_conf_2 lsf-cpu
0 3 2 | launched  lt20-0-5aec6767 SM01_micro008_conf_3 lsf-cpu
0 4 1 | launched  lt20-0-5aec676a SM01_micro004_conf_1 lsf-cpu
0 5 0 | launched  lt20-0-5aec676d SM01_micro004_conf_2 lsf-cpu
1 4 0 | finished  lt20-0-5aec6767 SM01_micro008_conf_3 lsf-cpu [lt21]
2 3 0 | finished  lt20-0-5aec676d SM01_micro004_conf_2 lsf-cpu [ls17]
3 2 0 | finished  lt20-0-5aec6761 SM01_micro008_conf_1 lsf-cpu [lt09]
4 1 0 | finished  lt20-0-5aec6764 SM01_micro008_conf_2 lsf-cpu [lt14]
5 0 0 | finished  lt20-0-5aec676a SM01_micro004_conf_1 lsf-cpu [lt21]

All jobs have completed.

5 of 5 job(s) succeeded; 0 job(s) failed.

Timer (distribute subjobs) : 1264.83 secs (0 hrs, 21 mins, 04 secs)

Processing QM output files...

Executing subprocess:
/data/chodera/schrodinger/schrodinger2017-4-advanced/jaguar results -energy SM01_micro008_conf_1.nrg_h.out

Executing subprocess:
/data/chodera/schrodinger/schrodinger2017-4-advanced/jaguar results -esolv SM01_micro008_conf_1.sol_h.out

Executing subprocess:
/data/chodera/schrodinger/schrodinger2017-4-advanced/jaguar results -energy SM01_micro008_conf_2.nrg_h.out

Executing subprocess:
/data/chodera/schrodinger/schrodinger2017-4-advanced/jaguar results -esolv SM01_micro008_conf_2.sol_h.out

Executing subprocess:
/data/chodera/schrodinger/schrodinger2017-4-advanced/jaguar results -energy SM01_micro008_conf_3.nrg_h.out

Executing subprocess:
/data/chodera/schrodinger/schrodinger2017-4-advanced/jaguar results -esolv SM01_micro008_conf_3.sol_h.out

Executing subprocess:
/data/chodera/schrodinger/schrodinger2017-4-advanced/jaguar results -energy SM01_micro004_conf_1.nrg.out

Executing subprocess:
/data/chodera/schrodinger/schrodinger2017-4-advanced/jaguar results -esolv SM01_micro004_conf_1.sol.out

Executing subprocess:
/data/chodera/schrodinger/schrodinger2017-4-advanced/jaguar results -energy SM01_micro004_conf_2.nrg.out

Executing subprocess:
/data/chodera/schrodinger/schrodinger2017-4-advanced/jaguar results -esolv SM01_micro004_conf_2.sol.out

Executing subprocess:
/data/chodera/schrodinger/schrodinger2017-4-advanced/jaguar-v9.8/bin/Linux-x86_64/pka -o SM01_micro008_deprot-out.mae -j SM01_micro008.jres -n -d

Executing subprocess:
/data/chodera/schrodinger/schrodinger2017-4-advanced/jaguar-v9.8/bin/Linux-x86_64/pka -o SM01_micro008_prot-out.mae -j SM01_micro008.jres -n

pKa calculation for SM01_micro008 completed.

pKa workflow jag_SM01_micro008_SM01_micro004 completed.

Timer (Jaguar pKa) : 1568.76 secs (0 hrs, 26 mins, 08 secs)
Timer (jaguar_backend.py) : 1568.76 secs (0 hrs, 26 mins, 08 secs)
Finished:   Fri May  4 10:21:37 2018
