Command:    jaguar run pka.py -jobname jag_SM18_micro007_SM18_micro020 -PARALLEL 10 -n -csrch -prot SM18_micro007.in -deprot SM18_micro020.in
Release:    2017-4
Exec:       /data/chodera/schrodinger/schrodinger2017-4-advanced/jaguar-v9.8/bin/Linux-x86_64
Host:       ls18
JobId:      lilac-0-5aecae38
JobDir:     /lila/data/chodera/schrodinger/tmpdir/rustenburg/jag_SM18_micro007_SM18_micro020
Date:       Fri May  4 15:11:07 2018

Contents of /lila/data/chodera/schrodinger/tmpdir/rustenburg/jag_SM18_micro007_SM18_micro020:
/lila/data/chodera/schrodinger/tmpdir/rustenburg/jag_SM18_micro007_SM18_micro020/lilac-0-5aecae38.jlog
/lila/data/chodera/schrodinger/tmpdir/rustenburg/jag_SM18_micro007_SM18_micro020/SM18_micro020.mae
/lila/data/chodera/schrodinger/tmpdir/rustenburg/jag_SM18_micro007_SM18_micro020/SM18_micro020.in
/lila/data/chodera/schrodinger/tmpdir/rustenburg/jag_SM18_micro007_SM18_micro020/lilac-0-5aecae38.nodes
/lila/data/chodera/schrodinger/tmpdir/rustenburg/jag_SM18_micro007_SM18_micro020/lilac-0-5aecae38.recover
/lila/data/chodera/schrodinger/tmpdir/rustenburg/jag_SM18_micro007_SM18_micro020/lilac-0-5aecae38.mpinodes
/lila/data/chodera/schrodinger/tmpdir/rustenburg/jag_SM18_micro007_SM18_micro020/jag_SM18_micro007_SM18_micro020.log
/lila/data/chodera/schrodinger/tmpdir/rustenburg/jag_SM18_micro007_SM18_micro020/lilac-0-5aecae38
/lila/data/chodera/schrodinger/tmpdir/rustenburg/jag_SM18_micro007_SM18_micro020/SM18_micro007.mae
/lila/data/chodera/schrodinger/tmpdir/rustenburg/jag_SM18_micro007_SM18_micro020/lilac-0-5aecae38.hosts
/lila/data/chodera/schrodinger/tmpdir/rustenburg/jag_SM18_micro007_SM18_micro020/SM18_micro007.in
/lila/data/chodera/schrodinger/tmpdir/rustenburg/jag_SM18_micro007_SM18_micro020/jag_SM18_micro007_SM18_micro020.recover

=====================
 Jaguar pKa workflow
=====================

Analysing user-provided (prot, deprot) pair:
(SM18_micro007.in, SM18_micro020.in)
Found labile hydrogen 31 in SM18_micro007.in
Found labile hydrogen at atom 9 in SM18_micro020.in
Adding 'ipkat' keyword to input files.

Identifying pKa functional group for pair:
(SM18_micro007, SM18_micro020)

Executing subprocess:
/data/chodera/schrodinger/schrodinger2017-4-advanced/jaguar-v9.8/bin/Linux-x86_64/pka -i -j SM18_micro007.tmp.jres -n

Taking protonated structures from:
SM18_micro007.mae
Taking deprotonated structures from:
SM18_micro020.mae

This molecule from 'SM18_micro007.mae' in water was recognized as:

 # 	           Shell           
---	---------------------------
1: 	heterocycle custom 1       
2: 	heterocycle                
3: 	Protonation of generic atom


Executing conformational search...

Executing 2 distributed subjobs:
---------------------------------

No more than 8 cpu(s) will be used per subjob.
No more than 10 cpu(s) will be used simultaneously.

Processing the following subjobs:
(1) jaguar run csrch.py SM18_micro007.mae -jobname SM18_micro007 -max_conf 5 -erg_window 50.208 -acc_level 1 -TPP 5
(2) jaguar run csrch.py SM18_micro020.mae -jobname SM18_micro020 -max_conf 5 -erg_window 50.208 -acc_level 1 -TPP 5

Running subjobs on hosts:
  lsf-cpu (Max: 2)
Number of jobs:       2
Max retries per job:  3
Max allowed failures: unlimited
Run with -LOCAL:      False
Verbosity:            normal

Starting JobDJ...

Keep one job on driver host: False
JobDJ columns:
  C: Number of completed subjobs
  A: Number of active subjobs (e.g., submitted, running)
  W: Number of waiting/pending subjobs

C A W | Activity  JobId  JobName  JobHost
- - - | --------- -----------------------
0 1 1 | launched  ls18-0-5aecb052 SM18_micro007 lsf-cpu
0 2 0 | launched  ls18-0-5aecb055 SM18_micro020 lsf-cpu
1 1 0 | finished  ls18-0-5aecb052 SM18_micro007 lsf-cpu [ls10]
2 0 0 | finished  ls18-0-5aecb055 SM18_micro020 lsf-cpu [ls04]

All jobs have completed.

2 of 2 job(s) succeeded; 0 job(s) failed.

Timer (distribute subjobs) : 8202.77 secs (2 hrs, 16 mins, 42 secs)

Setting up QM workflow for (protonated, deprotonated) pair:
(1) (SM18_micro007, SM18_micro020)

Executing Jaguar quantum-mechanical subjobs...

Executing 10 distributed subjobs:
----------------------------------

No more than 8 cpu(s) will be used per subjob.
No more than 10 cpu(s) will be used simultaneously.

Processing the following subjobs:
(1) jaguar run pka_prot.bat -jobname SM18_micro007_conf_1 SM18_micro007_conf_1.in
(2) jaguar run pka_prot.bat -jobname SM18_micro007_conf_2 SM18_micro007_conf_2.in
(3) jaguar run pka_prot.bat -jobname SM18_micro007_conf_3 SM18_micro007_conf_3.in
(4) jaguar run pka_prot.bat -jobname SM18_micro007_conf_4 SM18_micro007_conf_4.in
(5) jaguar run pka_prot.bat -jobname SM18_micro007_conf_5 SM18_micro007_conf_5.in
(6) jaguar run pka_deprot.bat -jobname SM18_micro020_conf_1 SM18_micro020_conf_1.in
(7) jaguar run pka_deprot.bat -jobname SM18_micro020_conf_2 SM18_micro020_conf_2.in
(8) jaguar run pka_deprot.bat -jobname SM18_micro020_conf_3 SM18_micro020_conf_3.in
(9) jaguar run pka_deprot.bat -jobname SM18_micro020_conf_4 SM18_micro020_conf_4.in
(10) jaguar run pka_deprot.bat -jobname SM18_micro020_conf_5 SM18_micro020_conf_5.in

Running subjobs on hosts:
  lsf-cpu (Max: 10)
Number of jobs:       10
Max retries per job:  3
Max allowed failures: unlimited
Run with -LOCAL:      False
Verbosity:            normal

Starting JobDJ...

Keep one job on driver host: True
JobDJ columns:
  C: Number of completed subjobs
  A: Number of active subjobs (e.g., submitted, running)
  W: Number of waiting/pending subjobs

 C  A  W | Activity  JobId  JobName  JobHost
-- -- -- | --------- -----------------------
 0  1  9 | launched  ls18-0-5aecd060 SM18_micro007_conf_1 localhost [ls18]
 0  2  8 | launched  ls18-0-5aecd065 SM18_micro007_conf_2 lsf-cpu
 0  3  7 | launched  ls18-0-5aecd06b SM18_micro007_conf_3 lsf-cpu
 0  4  6 | launched  ls18-0-5aecd06f SM18_micro007_conf_4 lsf-cpu
 0  5  5 | launched  ls18-0-5aecd075 SM18_micro007_conf_5 lsf-cpu
 0  6  4 | launched  ls18-0-5aecd07a SM18_micro020_conf_1 lsf-cpu
 0  7  3 | launched  ls18-0-5aecd07f SM18_micro020_conf_2 lsf-cpu
 0  8  2 | launched  ls18-0-5aecd085 SM18_micro020_conf_3 lsf-cpu
 0  9  1 | launched  ls18-0-5aecd08a SM18_micro020_conf_4 lsf-cpu
 0 10  0 | launched  ls18-0-5aecd090 SM18_micro020_conf_5 lsf-cpu
 1  9  0 | finished  ls18-0-5aecd090 SM18_micro020_conf_5 lsf-cpu [ls07]
 2  8  0 | finished  ls18-0-5aecd08a SM18_micro020_conf_4 lsf-cpu [ls07]
 3  7  0 | finished  ls18-0-5aecd060 SM18_micro007_conf_1 localhost [ls18]
 4  6  0 | finished  ls18-0-5aecd075 SM18_micro007_conf_5 lsf-cpu [ls07]
