Command:    jaguar run pka.py -jobname jag_SM05_micro005_SM05_micro010 -PARALLEL 10 -n -csrch -prot SM05_micro005.in -deprot SM05_micro010.in
Release:    2017-4
Exec:       /data/chodera/schrodinger/schrodinger2017-4-advanced/jaguar-v9.8/bin/Linux-x86_64
Host:       lt22
JobId:      lilac-0-5aec70eb
JobDir:     /lila/data/chodera/schrodinger/tmpdir/rustenburg/jag_SM05_micro005_SM05_micro010
Date:       Fri May  4 10:40:53 2018

Contents of /lila/data/chodera/schrodinger/tmpdir/rustenburg/jag_SM05_micro005_SM05_micro010:
/lila/data/chodera/schrodinger/tmpdir/rustenburg/jag_SM05_micro005_SM05_micro010/lilac-0-5aec70eb.nodes
/lila/data/chodera/schrodinger/tmpdir/rustenburg/jag_SM05_micro005_SM05_micro010/SM05_micro005.in
/lila/data/chodera/schrodinger/tmpdir/rustenburg/jag_SM05_micro005_SM05_micro010/SM05_micro010.mae
/lila/data/chodera/schrodinger/tmpdir/rustenburg/jag_SM05_micro005_SM05_micro010/lilac-0-5aec70eb
/lila/data/chodera/schrodinger/tmpdir/rustenburg/jag_SM05_micro005_SM05_micro010/jag_SM05_micro005_SM05_micro010.recover
/lila/data/chodera/schrodinger/tmpdir/rustenburg/jag_SM05_micro005_SM05_micro010/lilac-0-5aec70eb.hosts
/lila/data/chodera/schrodinger/tmpdir/rustenburg/jag_SM05_micro005_SM05_micro010/SM05_micro010.in
/lila/data/chodera/schrodinger/tmpdir/rustenburg/jag_SM05_micro005_SM05_micro010/lilac-0-5aec70eb.jlog
/lila/data/chodera/schrodinger/tmpdir/rustenburg/jag_SM05_micro005_SM05_micro010/SM05_micro005.mae
/lila/data/chodera/schrodinger/tmpdir/rustenburg/jag_SM05_micro005_SM05_micro010/lilac-0-5aec70eb.recover
/lila/data/chodera/schrodinger/tmpdir/rustenburg/jag_SM05_micro005_SM05_micro010/jag_SM05_micro005_SM05_micro010.log
/lila/data/chodera/schrodinger/tmpdir/rustenburg/jag_SM05_micro005_SM05_micro010/lilac-0-5aec70eb.mpinodes

=====================
 Jaguar pKa workflow
=====================

Analysing user-provided (prot, deprot) pair:
(SM05_micro005.in, SM05_micro010.in)
Found labile hydrogen 23 in SM05_micro005.in
Found labile hydrogen at atom 15 in SM05_micro010.in
Adding 'ipkat' keyword to input files.

Identifying pKa functional group for pair:
(SM05_micro005, SM05_micro010)

Executing subprocess:
/data/chodera/schrodinger/schrodinger2017-4-advanced/jaguar-v9.8/bin/Linux-x86_64/pka -i -j SM05_micro005.tmp.jres -n

Taking protonated structures from:
SM05_micro005.mae
Taking deprotonated structures from:
SM05_micro010.mae

This molecule from 'SM05_micro005.mae' in water was recognized as:

 # 	            Shell             
---	------------------------------
1: 	amide as base                 
2: 	Protonation of generic atom   
3: 	Protonation of sp2-like oxygen


Executing conformational search...

Executing 2 distributed subjobs:
---------------------------------

No more than 8 cpu(s) will be used per subjob.
No more than 10 cpu(s) will be used simultaneously.

Processing the following subjobs:
(1) jaguar run csrch.py SM05_micro005.mae -jobname SM05_micro005 -max_conf 5 -erg_window 50.208 -acc_level 1 -TPP 5
(2) jaguar run csrch.py SM05_micro010.mae -jobname SM05_micro010 -max_conf 5 -erg_window 50.208 -acc_level 1 -TPP 5

Running subjobs on hosts:
  lsf-cpu (Max: 2)
Number of jobs:       2
Max retries per job:  3
Max allowed failures: unlimited
Run with -LOCAL:      False
Verbosity:            normal

Starting JobDJ...

Keep one job on driver host: False
JobDJ columns:
  C: Number of completed subjobs
  A: Number of active subjobs (e.g., submitted, running)
  W: Number of waiting/pending subjobs

C A W | Activity  JobId  JobName  JobHost
- - - | --------- -----------------------
0 1 1 | launched  lt22-0-5aec7105 SM05_micro005 lsf-cpu
0 2 0 | launched  lt22-1-5aec710f SM05_micro010 lsf-cpu
1 1 0 | finished  lt22-1-5aec710f SM05_micro010 lsf-cpu
2 0 0 | finished  lt22-0-5aec7105 SM05_micro005 lsf-cpu

All jobs have completed.

2 of 2 job(s) succeeded; 0 job(s) failed.

Timer (distribute subjobs) : 516.69 secs (0 hrs, 08 mins, 36 secs)

Setting up QM workflow for (protonated, deprotonated) pair:
(1) (SM05_micro005, SM05_micro010)

Executing Jaguar quantum-mechanical subjobs...

Executing 10 distributed subjobs:
----------------------------------

No more than 8 cpu(s) will be used per subjob.
No more than 10 cpu(s) will be used simultaneously.

Processing the following subjobs:
(1) jaguar run pka_prot.bat -jobname SM05_micro005_conf_1 SM05_micro005_conf_1.in
(2) jaguar run pka_prot.bat -jobname SM05_micro005_conf_2 SM05_micro005_conf_2.in
(3) jaguar run pka_prot.bat -jobname SM05_micro005_conf_3 SM05_micro005_conf_3.in
(4) jaguar run pka_prot.bat -jobname SM05_micro005_conf_4 SM05_micro005_conf_4.in
(5) jaguar run pka_prot.bat -jobname SM05_micro005_conf_5 SM05_micro005_conf_5.in
(6) jaguar run pka_deprot.bat -jobname SM05_micro010_conf_1 SM05_micro010_conf_1.in
(7) jaguar run pka_deprot.bat -jobname SM05_micro010_conf_2 SM05_micro010_conf_2.in
(8) jaguar run pka_deprot.bat -jobname SM05_micro010_conf_3 SM05_micro010_conf_3.in
(9) jaguar run pka_deprot.bat -jobname SM05_micro010_conf_4 SM05_micro010_conf_4.in
(10) jaguar run pka_deprot.bat -jobname SM05_micro010_conf_5 SM05_micro010_conf_5.in

Running subjobs on hosts:
  lsf-cpu (Max: 10)
Number of jobs:       10
Max retries per job:  3
Max allowed failures: unlimited
Run with -LOCAL:      False
Verbosity:            normal

Starting JobDJ...

Keep one job on driver host: True
JobDJ columns:
  C: Number of completed subjobs
  A: Number of active subjobs (e.g., submitted, running)
  W: Number of waiting/pending subjobs

 C  A  W | Activity  JobId  JobName  JobHost
-- -- -- | --------- -----------------------
 0  1  9 | launched  lt22-0-5aec730a SM05_micro005_conf_1 localhost [lt22]
 0  2  8 | launched  lt22-0-5aec7310 SM05_micro005_conf_2 lsf-cpu
 0  3  7 | launched  lt22-0-5aec7317 SM05_micro005_conf_3 lsf-cpu
 0  4  6 | launched  lt22-0-5aec731d SM05_micro005_conf_4 lsf-cpu
 0  5  5 | launched  lt22-0-5aec7323 SM05_micro005_conf_5 lsf-cpu
 0  6  4 | launched  lt22-0-5aec7329 SM05_micro010_conf_1 lsf-cpu
 0  7  3 | launched  lt22-0-5aec732f SM05_micro010_conf_2 lsf-cpu
 0  8  2 | launched  lt22-0-5aec7335 SM05_micro010_conf_3 lsf-cpu
 0  9  1 | launched  lt22-0-5aec733b SM05_micro010_conf_4 lsf-cpu
 0 10  0 | launched  lt22-0-5aec7341 SM05_micro010_conf_5 lsf-cpu
 1  9  0 | finished  lt22-0-5aec7317 SM05_micro005_conf_3 lsf-cpu [lt08]
 2  8  0 | finished  lt22-0-5aec733b SM05_micro010_conf_4 lsf-cpu [ls17]
 3  7  0 | finished  lt22-0-5aec7329 SM05_micro010_conf_1 lsf-cpu [lt01]
 4  6  0 | finished  lt22-0-5aec7335 SM05_micro010_conf_3 lsf-cpu [ls12]
 5  5  0 | finished  lt22-0-5aec732f SM05_micro010_conf_2 lsf-cpu [ls12]
 6  4  0 | finished  lt22-0-5aec730a SM05_micro005_conf_1 localhost [lt22]
 7  3  0 | finished  lt22-0-5aec7310 SM05_micro005_conf_2 lsf-cpu [ls04]
 8  2  0 | finished  lt22-0-5aec731d SM05_micro005_conf_4 lsf-cpu [ls18]
 9  1  0 | finished  lt22-0-5aec7323 SM05_micro005_conf_5 lsf-cpu [ls18]
10  0  0 | finished  lt22-0-5aec7341 SM05_micro010_conf_5 lsf-cpu [ls17]

All jobs have completed.

10 of 10 job(s) succeeded; 0 job(s) failed.

Timer (distribute subjobs) : 5387.67 secs (1 hrs, 29 mins, 47 secs)

Processing QM output files...

Executing subprocess:
/data/chodera/schrodinger/schrodinger2017-4-advanced/jaguar results -energy SM05_micro005_conf_1.nrg_h.out

Executing subprocess:
/data/chodera/schrodinger/schrodinger2017-4-advanced/jaguar results -esolv SM05_micro005_conf_1.sol_h.out

Executing subprocess:
/data/chodera/schrodinger/schrodinger2017-4-advanced/jaguar results -energy SM05_micro005_conf_2.nrg_h.out

Executing subprocess:
/data/chodera/schrodinger/schrodinger2017-4-advanced/jaguar results -esolv SM05_micro005_conf_2.sol_h.out

Executing subprocess:
/data/chodera/schrodinger/schrodinger2017-4-advanced/jaguar results -energy SM05_micro005_conf_3.nrg_h.out

Executing subprocess:
/data/chodera/schrodinger/schrodinger2017-4-advanced/jaguar results -esolv SM05_micro005_conf_3.sol_h.out

Executing subprocess:
/data/chodera/schrodinger/schrodinger2017-4-advanced/jaguar results -energy SM05_micro005_conf_4.nrg_h.out

Executing subprocess:
/data/chodera/schrodinger/schrodinger2017-4-advanced/jaguar results -esolv SM05_micro005_conf_4.sol_h.out

Executing subprocess:
/data/chodera/schrodinger/schrodinger2017-4-advanced/jaguar results -energy SM05_micro005_conf_5.nrg_h.out

Executing subprocess:
/data/chodera/schrodinger/schrodinger2017-4-advanced/jaguar results -esolv SM05_micro005_conf_5.sol_h.out

Executing subprocess:
/data/chodera/schrodinger/schrodinger2017-4-advanced/jaguar results -energy SM05_micro010_conf_1.nrg.out

Executing subprocess:
/data/chodera/schrodinger/schrodinger2017-4-advanced/jaguar results -esolv SM05_micro010_conf_1.sol.out

Executing subprocess:
/data/chodera/schrodinger/schrodinger2017-4-advanced/jaguar results -energy SM05_micro010_conf_2.nrg.out

Executing subprocess:
/data/chodera/schrodinger/schrodinger2017-4-advanced/jaguar results -esolv SM05_micro010_conf_2.sol.out

Executing subprocess:
/data/chodera/schrodinger/schrodinger2017-4-advanced/jaguar results -energy SM05_micro010_conf_3.nrg.out

Executing subprocess:
/data/chodera/schrodinger/schrodinger2017-4-advanced/jaguar results -esolv SM05_micro010_conf_3.sol.out

Executing subprocess:
/data/chodera/schrodinger/schrodinger2017-4-advanced/jaguar results -energy SM05_micro010_conf_4.nrg.out

Executing subprocess:
/data/chodera/schrodinger/schrodinger2017-4-advanced/jaguar results -esolv SM05_micro010_conf_4.sol.out

Executing subprocess:
/data/chodera/schrodinger/schrodinger2017-4-advanced/jaguar results -energy SM05_micro010_conf_5.nrg.out

Executing subprocess:
/data/chodera/schrodinger/schrodinger2017-4-advanced/jaguar results -esolv SM05_micro010_conf_5.sol.out

Executing subprocess:
/data/chodera/schrodinger/schrodinger2017-4-advanced/jaguar-v9.8/bin/Linux-x86_64/pka -o SM05_micro005_deprot-out.mae -j SM05_micro005.jres -n -d

Executing subprocess:
/data/chodera/schrodinger/schrodinger2017-4-advanced/jaguar-v9.8/bin/Linux-x86_64/pka -o SM05_micro005_prot-out.mae -j SM05_micro005.jres -n

pKa calculation for SM05_micro005 completed.

pKa workflow jag_SM05_micro005_SM05_micro010 completed.

Timer (Jaguar pKa) : 5994.28 secs (1 hrs, 39 mins, 54 secs)
Timer (jaguar_backend.py) : 5994.28 secs (1 hrs, 39 mins, 54 secs)
Finished:   Fri May  4 12:20:47 2018
