Command:    jaguar run pka.py -jobname jag_SM23_micro045_SM23_micro043 -PARALLEL 10 -n -csrch -prot SM23_micro045.in -deprot SM23_micro043.in
Release:    2017-4
Exec:       /data/chodera/schrodinger/schrodinger2017-4-advanced/jaguar-v9.8/bin/Linux-x86_64
Host:       lt09
JobId:      lilac-0-5aecd494
JobDir:     /lila/data/chodera/schrodinger/tmpdir/rustenburg/jag_SM23_micro045_SM23_micro043
Date:       Fri May  4 19:23:15 2018

Contents of /lila/data/chodera/schrodinger/tmpdir/rustenburg/jag_SM23_micro045_SM23_micro043:
/lila/data/chodera/schrodinger/tmpdir/rustenburg/jag_SM23_micro045_SM23_micro043/SM23_micro043.in
/lila/data/chodera/schrodinger/tmpdir/rustenburg/jag_SM23_micro045_SM23_micro043/lilac-0-5aecd494
/lila/data/chodera/schrodinger/tmpdir/rustenburg/jag_SM23_micro045_SM23_micro043/jag_SM23_micro045_SM23_micro043.recover
/lila/data/chodera/schrodinger/tmpdir/rustenburg/jag_SM23_micro045_SM23_micro043/SM23_micro045.mae
/lila/data/chodera/schrodinger/tmpdir/rustenburg/jag_SM23_micro045_SM23_micro043/SM23_micro043.mae
/lila/data/chodera/schrodinger/tmpdir/rustenburg/jag_SM23_micro045_SM23_micro043/jag_SM23_micro045_SM23_micro043.log
/lila/data/chodera/schrodinger/tmpdir/rustenburg/jag_SM23_micro045_SM23_micro043/SM23_micro045.in
/lila/data/chodera/schrodinger/tmpdir/rustenburg/jag_SM23_micro045_SM23_micro043/lilac-0-5aecd494.nodes
/lila/data/chodera/schrodinger/tmpdir/rustenburg/jag_SM23_micro045_SM23_micro043/lilac-0-5aecd494.hosts
/lila/data/chodera/schrodinger/tmpdir/rustenburg/jag_SM23_micro045_SM23_micro043/lilac-0-5aecd494.recover
/lila/data/chodera/schrodinger/tmpdir/rustenburg/jag_SM23_micro045_SM23_micro043/lilac-0-5aecd494.jlog
/lila/data/chodera/schrodinger/tmpdir/rustenburg/jag_SM23_micro045_SM23_micro043/lilac-0-5aecd494.mpinodes

=====================
 Jaguar pKa workflow
=====================

Analysing user-provided (prot, deprot) pair:
(SM23_micro045.in, SM23_micro043.in)
Found labile hydrogen 34 in SM23_micro045.in
Found labile hydrogen at atom 17 in SM23_micro043.in
Adding 'ipkat' keyword to input files.

Identifying pKa functional group for pair:
(SM23_micro045, SM23_micro043)

Executing subprocess:
/data/chodera/schrodinger/schrodinger2017-4-advanced/jaguar-v9.8/bin/Linux-x86_64/pka -i -j SM23_micro045.tmp.jres -n

Taking protonated structures from:
SM23_micro045.mae
Taking deprotonated structures from:
SM23_micro043.mae

This molecule from 'SM23_micro045.mae' in water was recognized as:

 # 	           Shell           
---	---------------------------
1: 	pyrimidine                 
2: 	heterocycle custom 1       
3: 	heterocycle                
4: 	Protonation of generic atom


Executing conformational search...

Executing 2 distributed subjobs:
---------------------------------

No more than 8 cpu(s) will be used per subjob.
No more than 10 cpu(s) will be used simultaneously.

Processing the following subjobs:
(1) jaguar run csrch.py SM23_micro045.mae -jobname SM23_micro045 -max_conf 5 -erg_window 50.208 -acc_level 1 -TPP 5
(2) jaguar run csrch.py SM23_micro043.mae -jobname SM23_micro043 -max_conf 5 -erg_window 50.208 -acc_level 1 -TPP 5

Running subjobs on hosts:
  lsf-cpu (Max: 2)
Number of jobs:       2
Max retries per job:  3
Max allowed failures: unlimited
Run with -LOCAL:      False
Verbosity:            normal

Starting JobDJ...

Keep one job on driver host: False
JobDJ columns:
  C: Number of completed subjobs
  A: Number of active subjobs (e.g., submitted, running)
  W: Number of waiting/pending subjobs

C A W | Activity  JobId  JobName  JobHost
- - - | --------- -----------------------
0 1 1 | launched  lt09-7-5aeceb75 SM23_micro045 lsf-cpu
0 2 0 | launched  lt09-10-5aeceb89 SM23_micro043 lsf-cpu
1 1 0 | finished  lt09-7-5aeceb75 SM23_micro045 lsf-cpu [lt22]
Subjob 'SM23_micro043' died (stranded) [jobid lt09-10-5aeceb89]
1 0 1 | stranded  lt09-10-5aeceb89 SM23_micro043 lsf-cpu [lt09]
1 1 0 | restarted lt09-0-5aedde4a SM23_micro043 lsf-cpu
2 0 0 | finished  lt09-0-5aedde4a SM23_micro043 lsf-cpu [ls16]

All jobs have completed.

2 of 2 job(s) succeeded; 0 job(s) failed.

Timer (distribute subjobs) : 69518.53 secs (19 hrs, 18 mins, 38 secs)

Setting up QM workflow for (protonated, deprotonated) pair:
(1) (SM23_micro045, SM23_micro043)

Executing Jaguar quantum-mechanical subjobs...

Executing 10 distributed subjobs:
----------------------------------

No more than 8 cpu(s) will be used per subjob.
No more than 10 cpu(s) will be used simultaneously.

Processing the following subjobs:
(1) jaguar run pka_prot.bat -jobname SM23_micro045_conf_1 SM23_micro045_conf_1.in
(2) jaguar run pka_prot.bat -jobname SM23_micro045_conf_2 SM23_micro045_conf_2.in
(3) jaguar run pka_prot.bat -jobname SM23_micro045_conf_3 SM23_micro045_conf_3.in
(4) jaguar run pka_prot.bat -jobname SM23_micro045_conf_4 SM23_micro045_conf_4.in
(5) jaguar run pka_prot.bat -jobname SM23_micro045_conf_5 SM23_micro045_conf_5.in
(6) jaguar run pka_deprot.bat -jobname SM23_micro043_conf_1 SM23_micro043_conf_1.in
(7) jaguar run pka_deprot.bat -jobname SM23_micro043_conf_2 SM23_micro043_conf_2.in
(8) jaguar run pka_deprot.bat -jobname SM23_micro043_conf_3 SM23_micro043_conf_3.in
(9) jaguar run pka_deprot.bat -jobname SM23_micro043_conf_4 SM23_micro043_conf_4.in
(10) jaguar run pka_deprot.bat -jobname SM23_micro043_conf_5 SM23_micro043_conf_5.in

Running subjobs on hosts:
  lsf-cpu (Max: 10)
Number of jobs:       10
Max retries per job:  3
Max allowed failures: unlimited
Run with -LOCAL:      False
Verbosity:            normal

Starting JobDJ...

Keep one job on driver host: True
JobDJ columns:
  C: Number of completed subjobs
  A: Number of active subjobs (e.g., submitted, running)
  W: Number of waiting/pending subjobs

 C  A  W | Activity  JobId  JobName  JobHost
-- -- -- | --------- -----------------------
 0  1  9 | launched  lt09-0-5aedfb03 SM23_micro045_conf_1 localhost [lt09]
 0  2  8 | launched  lt09-0-5aedfb06 SM23_micro045_conf_2 lsf-cpu
 0  3  7 | launched  lt09-0-5aedfb0a SM23_micro045_conf_3 lsf-cpu
 0  4  6 | launched  lt09-0-5aedfb0c SM23_micro045_conf_4 lsf-cpu
 0  5  5 | launched  lt09-0-5aedfb0e SM23_micro045_conf_5 lsf-cpu
 0  6  4 | launched  lt09-0-5aedfb11 SM23_micro043_conf_1 lsf-cpu
 0  7  3 | launched  lt09-0-5aedfb15 SM23_micro043_conf_2 lsf-cpu
 0  8  2 | launched  lt09-0-5aedfb18 SM23_micro043_conf_3 lsf-cpu
 0  9  1 | launched  lt09-0-5aedfb1b SM23_micro043_conf_4 lsf-cpu
 0 10  0 | launched  lt09-0-5aedfb1e SM23_micro043_conf_5 lsf-cpu
 1  9  0 | finished  lt09-0-5aedfb0a SM23_micro045_conf_3 lsf-cpu [ls02]
 2  8  0 | finished  lt09-0-5aedfb1e SM23_micro043_conf_5 lsf-cpu [lt12]
 3  7  0 | finished  lt09-0-5aedfb15 SM23_micro043_conf_2 lsf-cpu [ls16]
 4  6  0 | finished  lt09-0-5aedfb1b SM23_micro043_conf_4 lsf-cpu [lt12]
 5  5  0 | finished  lt09-0-5aedfb11 SM23_micro043_conf_1 lsf-cpu [lt21]
 6  4  0 | finished  lt09-0-5aedfb06 SM23_micro045_conf_2 lsf-cpu [ls02]
 7  3  0 | finished  lt09-0-5aedfb18 SM23_micro043_conf_3 lsf-cpu [ls16]
 8  2  0 | finished  lt09-0-5aedfb03 SM23_micro045_conf_1 localhost [lt09]
 9  1  0 | finished  lt09-0-5aedfb0c SM23_micro045_conf_4 lsf-cpu [lt21]
10  0  0 | finished  lt09-0-5aedfb0e SM23_micro045_conf_5 lsf-cpu [lt21]

All jobs have completed.

10 of 10 job(s) succeeded; 0 job(s) failed.

Timer (distribute subjobs) : 11494.37 secs (3 hrs, 11 mins, 34 secs)

Processing QM output files...

Executing subprocess:
/data/chodera/schrodinger/schrodinger2017-4-advanced/jaguar results -energy SM23_micro045_conf_1.nrg_h.out

Executing subprocess:
/data/chodera/schrodinger/schrodinger2017-4-advanced/jaguar results -esolv SM23_micro045_conf_1.sol_h.out

Executing subprocess:
/data/chodera/schrodinger/schrodinger2017-4-advanced/jaguar results -energy SM23_micro045_conf_2.nrg_h.out

Executing subprocess:
/data/chodera/schrodinger/schrodinger2017-4-advanced/jaguar results -esolv SM23_micro045_conf_2.sol_h.out

Executing subprocess:
/data/chodera/schrodinger/schrodinger2017-4-advanced/jaguar results -energy SM23_micro045_conf_3.nrg_h.out

Executing subprocess:
/data/chodera/schrodinger/schrodinger2017-4-advanced/jaguar results -esolv SM23_micro045_conf_3.sol_h.out

Executing subprocess:
/data/chodera/schrodinger/schrodinger2017-4-advanced/jaguar results -energy SM23_micro045_conf_4.nrg_h.out

Executing subprocess:
/data/chodera/schrodinger/schrodinger2017-4-advanced/jaguar results -esolv SM23_micro045_conf_4.sol_h.out

Executing subprocess:
/data/chodera/schrodinger/schrodinger2017-4-advanced/jaguar results -energy SM23_micro045_conf_5.nrg_h.out

Executing subprocess:
/data/chodera/schrodinger/schrodinger2017-4-advanced/jaguar results -esolv SM23_micro045_conf_5.sol_h.out

Executing subprocess:
/data/chodera/schrodinger/schrodinger2017-4-advanced/jaguar results -energy SM23_micro043_conf_1.nrg.out

Executing subprocess:
/data/chodera/schrodinger/schrodinger2017-4-advanced/jaguar results -esolv SM23_micro043_conf_1.sol.out

Executing subprocess:
/data/chodera/schrodinger/schrodinger2017-4-advanced/jaguar results -energy SM23_micro043_conf_2.nrg.out

Executing subprocess:
/data/chodera/schrodinger/schrodinger2017-4-advanced/jaguar results -esolv SM23_micro043_conf_2.sol.out

Executing subprocess:
/data/chodera/schrodinger/schrodinger2017-4-advanced/jaguar results -energy SM23_micro043_conf_3.nrg.out

Executing subprocess:
/data/chodera/schrodinger/schrodinger2017-4-advanced/jaguar results -esolv SM23_micro043_conf_3.sol.out

Executing subprocess:
/data/chodera/schrodinger/schrodinger2017-4-advanced/jaguar results -energy SM23_micro043_conf_4.nrg.out

Executing subprocess:
/data/chodera/schrodinger/schrodinger2017-4-advanced/jaguar results -esolv SM23_micro043_conf_4.sol.out

Executing subprocess:
/data/chodera/schrodinger/schrodinger2017-4-advanced/jaguar results -energy SM23_micro043_conf_5.nrg.out

Executing subprocess:
/data/chodera/schrodinger/schrodinger2017-4-advanced/jaguar results -esolv SM23_micro043_conf_5.sol.out

Executing subprocess:
/data/chodera/schrodinger/schrodinger2017-4-advanced/jaguar-v9.8/bin/Linux-x86_64/pka -o SM23_micro045_deprot-out.mae -j SM23_micro045.jres -n -d

Executing subprocess:
/data/chodera/schrodinger/schrodinger2017-4-advanced/jaguar-v9.8/bin/Linux-x86_64/pka -o SM23_micro045_prot-out.mae -j SM23_micro045.jres -n

pKa calculation for SM23_micro045 completed.

pKa workflow jag_SM23_micro045_SM23_micro043 completed.

Timer (Jaguar pKa) : 81099.53 secs (22 hrs, 31 mins, 39 secs)
Timer (jaguar_backend.py) : 81099.53 secs (22 hrs, 31 mins, 39 secs)
Finished:   Sat May  5 17:54:55 2018
