Command:    jaguar run pka.py -jobname jag_SM21_micro028_SM21_micro022 -PARALLEL 10 -n -csrch -prot SM21_micro028.in -deprot SM21_micro022.in
Release:    2017-4
Exec:       /data/chodera/schrodinger/schrodinger2017-4-advanced/jaguar-v9.8/bin/Linux-x86_64
Host:       ls07
JobId:      lilac-0-5aecd0a3
JobDir:     /lila/data/chodera/schrodinger/tmpdir/rustenburg/jag_SM21_micro028_SM21_micro022
Date:       Fri May  4 19:19:24 2018

Contents of /lila/data/chodera/schrodinger/tmpdir/rustenburg/jag_SM21_micro028_SM21_micro022:
/lila/data/chodera/schrodinger/tmpdir/rustenburg/jag_SM21_micro028_SM21_micro022/SM21_micro028.mae
/lila/data/chodera/schrodinger/tmpdir/rustenburg/jag_SM21_micro028_SM21_micro022/jag_SM21_micro028_SM21_micro022.recover
/lila/data/chodera/schrodinger/tmpdir/rustenburg/jag_SM21_micro028_SM21_micro022/lilac-0-5aecd0a3.jlog
/lila/data/chodera/schrodinger/tmpdir/rustenburg/jag_SM21_micro028_SM21_micro022/jag_SM21_micro028_SM21_micro022.log
/lila/data/chodera/schrodinger/tmpdir/rustenburg/jag_SM21_micro028_SM21_micro022/SM21_micro022.mae
/lila/data/chodera/schrodinger/tmpdir/rustenburg/jag_SM21_micro028_SM21_micro022/lilac-0-5aecd0a3
/lila/data/chodera/schrodinger/tmpdir/rustenburg/jag_SM21_micro028_SM21_micro022/SM21_micro028.in
/lila/data/chodera/schrodinger/tmpdir/rustenburg/jag_SM21_micro028_SM21_micro022/SM21_micro022.in
/lila/data/chodera/schrodinger/tmpdir/rustenburg/jag_SM21_micro028_SM21_micro022/lilac-0-5aecd0a3.hosts
/lila/data/chodera/schrodinger/tmpdir/rustenburg/jag_SM21_micro028_SM21_micro022/lilac-0-5aecd0a3.mpinodes
/lila/data/chodera/schrodinger/tmpdir/rustenburg/jag_SM21_micro028_SM21_micro022/lilac-0-5aecd0a3.recover
/lila/data/chodera/schrodinger/tmpdir/rustenburg/jag_SM21_micro028_SM21_micro022/lilac-0-5aecd0a3.nodes

=====================
 Jaguar pKa workflow
=====================

Analysing user-provided (prot, deprot) pair:
(SM21_micro028.in, SM21_micro022.in)
Found labile hydrogen 26 in SM21_micro028.in
Found labile hydrogen at atom 15 in SM21_micro022.in
Adding 'ipkat' keyword to input files.

Identifying pKa functional group for pair:
(SM21_micro028, SM21_micro022)

Executing subprocess:
/data/chodera/schrodinger/schrodinger2017-4-advanced/jaguar-v9.8/bin/Linux-x86_64/pka -i -j SM21_micro028.tmp.jres -n

Taking protonated structures from:
SM21_micro028.mae
Taking deprotonated structures from:
SM21_micro022.mae

This molecule from 'SM21_micro028.mae' in water was recognized as:

 # 	           Shell           
---	---------------------------
1: 	pyrimidine                 
2: 	heterocycle custom 1       
3: 	heterocycle                
4: 	Protonation of generic atom


Executing conformational search...

Executing 2 distributed subjobs:
---------------------------------

No more than 8 cpu(s) will be used per subjob.
No more than 10 cpu(s) will be used simultaneously.

Processing the following subjobs:
(1) jaguar run csrch.py SM21_micro028.mae -jobname SM21_micro028 -max_conf 5 -erg_window 50.208 -acc_level 1 -TPP 5
(2) jaguar run csrch.py SM21_micro022.mae -jobname SM21_micro022 -max_conf 5 -erg_window 50.208 -acc_level 1 -TPP 5

Running subjobs on hosts:
  lsf-cpu (Max: 2)
Number of jobs:       2
Max retries per job:  3
Max allowed failures: unlimited
Run with -LOCAL:      False
Verbosity:            normal

Starting JobDJ...

Keep one job on driver host: False
JobDJ columns:
  C: Number of completed subjobs
  A: Number of active subjobs (e.g., submitted, running)
  W: Number of waiting/pending subjobs

C A W | Activity  JobId  JobName  JobHost
- - - | --------- -----------------------
0 1 1 | launched  ls07-19-5aecea92 SM21_micro028 lsf-cpu
0 2 0 | launched  ls07-10-5aeceaa4 SM21_micro022 lsf-cpu
1 1 0 | finished  ls07-19-5aecea92 SM21_micro028 lsf-cpu [ls11]
2 0 0 | finished  ls07-10-5aeceaa4 SM21_micro022 lsf-cpu [ls14]

All jobs have completed.

2 of 2 job(s) succeeded; 0 job(s) failed.

Timer (distribute subjobs) : 5529.20 secs (1 hrs, 32 mins, 09 secs)

Setting up QM workflow for (protonated, deprotonated) pair:
(1) (SM21_micro028, SM21_micro022)

Executing Jaguar quantum-mechanical subjobs...

Executing 10 distributed subjobs:
----------------------------------

No more than 8 cpu(s) will be used per subjob.
No more than 10 cpu(s) will be used simultaneously.

Processing the following subjobs:
(1) jaguar run pka_prot.bat -jobname SM21_micro028_conf_1 SM21_micro028_conf_1.in
(2) jaguar run pka_prot.bat -jobname SM21_micro028_conf_2 SM21_micro028_conf_2.in
(3) jaguar run pka_prot.bat -jobname SM21_micro028_conf_3 SM21_micro028_conf_3.in
(4) jaguar run pka_prot.bat -jobname SM21_micro028_conf_4 SM21_micro028_conf_4.in
(5) jaguar run pka_prot.bat -jobname SM21_micro028_conf_5 SM21_micro028_conf_5.in
(6) jaguar run pka_deprot.bat -jobname SM21_micro022_conf_1 SM21_micro022_conf_1.in
(7) jaguar run pka_deprot.bat -jobname SM21_micro022_conf_2 SM21_micro022_conf_2.in
(8) jaguar run pka_deprot.bat -jobname SM21_micro022_conf_3 SM21_micro022_conf_3.in
(9) jaguar run pka_deprot.bat -jobname SM21_micro022_conf_4 SM21_micro022_conf_4.in
(10) jaguar run pka_deprot.bat -jobname SM21_micro022_conf_5 SM21_micro022_conf_5.in

Running subjobs on hosts:
  lsf-cpu (Max: 10)
Number of jobs:       10
Max retries per job:  3
Max allowed failures: unlimited
Run with -LOCAL:      False
Verbosity:            normal

Starting JobDJ...

Keep one job on driver host: True
JobDJ columns:
  C: Number of completed subjobs
  A: Number of active subjobs (e.g., submitted, running)
  W: Number of waiting/pending subjobs

 C  A  W | Activity  JobId  JobName  JobHost
-- -- -- | --------- -----------------------
 0  1  9 | launched  ls07-1-5aed0026 SM21_micro028_conf_1 localhost [ls07]
 0  2  8 | launched  ls07-0-5aed002b SM21_micro028_conf_2 lsf-cpu
 0  3  7 | launched  ls07-0-5aed0031 SM21_micro028_conf_3 lsf-cpu
 0  4  6 | launched  ls07-0-5aed0038 SM21_micro028_conf_4 lsf-cpu
 0  5  5 | launched  ls07-1-5aed003f SM21_micro028_conf_5 lsf-cpu
 0  6  4 | launched  ls07-0-5aed0045 SM21_micro022_conf_1 lsf-cpu
 0  7  3 | launched  ls07-0-5aed004a SM21_micro022_conf_2 lsf-cpu
 0  8  2 | launched  ls07-0-5aed0050 SM21_micro022_conf_3 lsf-cpu
 0  9  1 | launched  ls07-0-5aed0056 SM21_micro022_conf_4 lsf-cpu
 0 10  0 | launched  ls07-0-5aed005e SM21_micro022_conf_5 lsf-cpu
