Command:    jaguar run pka.py -jobname jag_SM13_micro014_SM13_micro012 -PARALLEL 10 -n -csrch -prot SM13_micro014.in -deprot SM13_micro012.in
Release:    2017-4
Exec:       /data/chodera/schrodinger/schrodinger2017-4-advanced/jaguar-v9.8/bin/Linux-x86_64
Host:       ls04
JobId:      lilac-0-5aeca2ec
JobDir:     /lila/data/chodera/schrodinger/tmpdir/rustenburg/jag_SM13_micro014_SM13_micro012
Date:       Fri May  4 14:14:45 2018

Contents of /lila/data/chodera/schrodinger/tmpdir/rustenburg/jag_SM13_micro014_SM13_micro012:
/lila/data/chodera/schrodinger/tmpdir/rustenburg/jag_SM13_micro014_SM13_micro012/SM13_micro014.in
/lila/data/chodera/schrodinger/tmpdir/rustenburg/jag_SM13_micro014_SM13_micro012/lilac-0-5aeca2ec.mpinodes
/lila/data/chodera/schrodinger/tmpdir/rustenburg/jag_SM13_micro014_SM13_micro012/jag_SM13_micro014_SM13_micro012.recover
/lila/data/chodera/schrodinger/tmpdir/rustenburg/jag_SM13_micro014_SM13_micro012/SM13_micro012.mae
/lila/data/chodera/schrodinger/tmpdir/rustenburg/jag_SM13_micro014_SM13_micro012/jag_SM13_micro014_SM13_micro012.log
/lila/data/chodera/schrodinger/tmpdir/rustenburg/jag_SM13_micro014_SM13_micro012/SM13_micro014.mae
/lila/data/chodera/schrodinger/tmpdir/rustenburg/jag_SM13_micro014_SM13_micro012/lilac-0-5aeca2ec.nodes
/lila/data/chodera/schrodinger/tmpdir/rustenburg/jag_SM13_micro014_SM13_micro012/lilac-0-5aeca2ec.recover
/lila/data/chodera/schrodinger/tmpdir/rustenburg/jag_SM13_micro014_SM13_micro012/lilac-0-5aeca2ec
/lila/data/chodera/schrodinger/tmpdir/rustenburg/jag_SM13_micro014_SM13_micro012/lilac-0-5aeca2ec.jlog
/lila/data/chodera/schrodinger/tmpdir/rustenburg/jag_SM13_micro014_SM13_micro012/SM13_micro012.in
/lila/data/chodera/schrodinger/tmpdir/rustenburg/jag_SM13_micro014_SM13_micro012/lilac-0-5aeca2ec.hosts

=====================
 Jaguar pKa workflow
=====================

Analysing user-provided (prot, deprot) pair:
(SM13_micro014.in, SM13_micro012.in)
Found labile hydrogen 23 in SM13_micro014.in
Found labile hydrogen at atom 8 in SM13_micro012.in
Adding 'ipkat' keyword to input files.

Identifying pKa functional group for pair:
(SM13_micro014, SM13_micro012)

Executing subprocess:
/data/chodera/schrodinger/schrodinger2017-4-advanced/jaguar-v9.8/bin/Linux-x86_64/pka -i -j SM13_micro014.tmp.jres -n

Taking protonated structures from:
SM13_micro014.mae
Taking deprotonated structures from:
SM13_micro012.mae

This molecule from 'SM13_micro014.mae' in water was recognized as:

 # 	                  Shell                   
---	------------------------------------------
1: 	secondary aniline                         
2: 	Protonation of sp3-like aliphatic nitrogen
3: 	Protonation of generic atom               


Executing conformational search...

Executing 2 distributed subjobs:
---------------------------------

No more than 8 cpu(s) will be used per subjob.
No more than 10 cpu(s) will be used simultaneously.

Processing the following subjobs:
(1) jaguar run csrch.py SM13_micro014.mae -jobname SM13_micro014 -max_conf 5 -erg_window 50.208 -acc_level 1 -TPP 5
(2) jaguar run csrch.py SM13_micro012.mae -jobname SM13_micro012 -max_conf 5 -erg_window 50.208 -acc_level 1 -TPP 5

Running subjobs on hosts:
  lsf-cpu (Max: 2)
Number of jobs:       2
Max retries per job:  3
Max allowed failures: unlimited
Run with -LOCAL:      False
Verbosity:            normal

Starting JobDJ...

Keep one job on driver host: False
JobDJ columns:
  C: Number of completed subjobs
  A: Number of active subjobs (e.g., submitted, running)
  W: Number of waiting/pending subjobs

C A W | Activity  JobId  JobName  JobHost
- - - | --------- -----------------------
0 1 1 | launched  ls04-0-5aeca31b SM13_micro014 lsf-cpu
0 2 0 | launched  ls04-2-5aeca31e SM13_micro012 lsf-cpu
1 1 0 | finished  ls04-2-5aeca31e SM13_micro012 lsf-cpu [ls12]
2 0 0 | finished  ls04-0-5aeca31b SM13_micro014 lsf-cpu [ls18]

All jobs have completed.

2 of 2 job(s) succeeded; 0 job(s) failed.

Timer (distribute subjobs) : 1057.54 secs (0 hrs, 17 mins, 37 secs)

Setting up QM workflow for (protonated, deprotonated) pair:
(1) (SM13_micro014, SM13_micro012)

Executing Jaguar quantum-mechanical subjobs...

Executing 10 distributed subjobs:
----------------------------------

No more than 8 cpu(s) will be used per subjob.
No more than 10 cpu(s) will be used simultaneously.

Processing the following subjobs:
(1) jaguar run pka_prot.bat -jobname SM13_micro014_conf_1 SM13_micro014_conf_1.in
(2) jaguar run pka_prot.bat -jobname SM13_micro014_conf_2 SM13_micro014_conf_2.in
(3) jaguar run pka_prot.bat -jobname SM13_micro014_conf_3 SM13_micro014_conf_3.in
(4) jaguar run pka_prot.bat -jobname SM13_micro014_conf_4 SM13_micro014_conf_4.in
(5) jaguar run pka_prot.bat -jobname SM13_micro014_conf_5 SM13_micro014_conf_5.in
(6) jaguar run pka_deprot.bat -jobname SM13_micro012_conf_1 SM13_micro012_conf_1.in
(7) jaguar run pka_deprot.bat -jobname SM13_micro012_conf_2 SM13_micro012_conf_2.in
(8) jaguar run pka_deprot.bat -jobname SM13_micro012_conf_3 SM13_micro012_conf_3.in
(9) jaguar run pka_deprot.bat -jobname SM13_micro012_conf_4 SM13_micro012_conf_4.in
(10) jaguar run pka_deprot.bat -jobname SM13_micro012_conf_5 SM13_micro012_conf_5.in

Running subjobs on hosts:
  lsf-cpu (Max: 10)
Number of jobs:       10
Max retries per job:  3
Max allowed failures: unlimited
Run with -LOCAL:      False
Verbosity:            normal

Starting JobDJ...

Keep one job on driver host: True
JobDJ columns:
  C: Number of completed subjobs
  A: Number of active subjobs (e.g., submitted, running)
  W: Number of waiting/pending subjobs

 C  A  W | Activity  JobId  JobName  JobHost
-- -- -- | --------- -----------------------
 0  1  9 | launched  ls04-0-5aeca743 SM13_micro014_conf_1 localhost [ls04]
 0  2  8 | launched  ls04-0-5aeca748 SM13_micro014_conf_2 lsf-cpu
 0  3  7 | launched  ls04-0-5aeca74c SM13_micro014_conf_3 lsf-cpu
 0  4  6 | launched  ls04-0-5aeca750 SM13_micro014_conf_4 lsf-cpu
 0  5  5 | launched  ls04-0-5aeca754 SM13_micro014_conf_5 lsf-cpu
 0  6  4 | launched  ls04-0-5aeca758 SM13_micro012_conf_1 lsf-cpu
 0  7  3 | launched  ls04-0-5aeca75c SM13_micro012_conf_2 lsf-cpu
 0  8  2 | launched  ls04-0-5aeca760 SM13_micro012_conf_3 lsf-cpu
 0  9  1 | launched  ls04-0-5aeca764 SM13_micro012_conf_4 lsf-cpu
 0 10  0 | launched  ls04-0-5aeca76a SM13_micro012_conf_5 lsf-cpu
 1  9  0 | finished  ls04-0-5aeca743 SM13_micro014_conf_1 localhost [ls04]
 2  8  0 | finished  ls04-0-5aeca75c SM13_micro012_conf_2 lsf-cpu [lt08]
 3  7  0 | finished  ls04-0-5aeca758 SM13_micro012_conf_1 lsf-cpu [lt08]
 4  6  0 | finished  ls04-0-5aeca764 SM13_micro012_conf_4 lsf-cpu [lt08]
 5  5  0 | finished  ls04-0-5aeca74c SM13_micro014_conf_3 lsf-cpu [ls01]
 6  4  0 | finished  ls04-0-5aeca754 SM13_micro014_conf_5 lsf-cpu [lt08]
 7  3  0 | finished  ls04-0-5aeca748 SM13_micro014_conf_2 lsf-cpu [ls10]
 8  2  0 | finished  ls04-0-5aeca750 SM13_micro014_conf_4 lsf-cpu [ls11]
 9  1  0 | finished  ls04-0-5aeca760 SM13_micro012_conf_3 lsf-cpu [lt08]
10  0  0 | finished  ls04-0-5aeca76a SM13_micro012_conf_5 lsf-cpu [lt08]

All jobs have completed.

10 of 10 job(s) succeeded; 0 job(s) failed.

Timer (distribute subjobs) : 4115.93 secs (1 hrs, 08 mins, 35 secs)

Processing QM output files...

Executing subprocess:
/data/chodera/schrodinger/schrodinger2017-4-advanced/jaguar results -energy SM13_micro014_conf_1.nrg_h.out

Executing subprocess:
/data/chodera/schrodinger/schrodinger2017-4-advanced/jaguar results -esolv SM13_micro014_conf_1.sol_h.out

Executing subprocess:
/data/chodera/schrodinger/schrodinger2017-4-advanced/jaguar results -energy SM13_micro014_conf_2.nrg_h.out

Executing subprocess:
/data/chodera/schrodinger/schrodinger2017-4-advanced/jaguar results -esolv SM13_micro014_conf_2.sol_h.out

Executing subprocess:
/data/chodera/schrodinger/schrodinger2017-4-advanced/jaguar results -energy SM13_micro014_conf_3.nrg_h.out

Executing subprocess:
/data/chodera/schrodinger/schrodinger2017-4-advanced/jaguar results -esolv SM13_micro014_conf_3.sol_h.out

Executing subprocess:
/data/chodera/schrodinger/schrodinger2017-4-advanced/jaguar results -energy SM13_micro014_conf_4.nrg_h.out

Executing subprocess:
/data/chodera/schrodinger/schrodinger2017-4-advanced/jaguar results -esolv SM13_micro014_conf_4.sol_h.out

Executing subprocess:
/data/chodera/schrodinger/schrodinger2017-4-advanced/jaguar results -energy SM13_micro014_conf_5.nrg_h.out

Executing subprocess:
/data/chodera/schrodinger/schrodinger2017-4-advanced/jaguar results -esolv SM13_micro014_conf_5.sol_h.out

Executing subprocess:
/data/chodera/schrodinger/schrodinger2017-4-advanced/jaguar results -energy SM13_micro012_conf_1.nrg.out

Executing subprocess:
/data/chodera/schrodinger/schrodinger2017-4-advanced/jaguar results -esolv SM13_micro012_conf_1.sol.out

Executing subprocess:
/data/chodera/schrodinger/schrodinger2017-4-advanced/jaguar results -energy SM13_micro012_conf_2.nrg.out

Executing subprocess:
/data/chodera/schrodinger/schrodinger2017-4-advanced/jaguar results -esolv SM13_micro012_conf_2.sol.out

Executing subprocess:
/data/chodera/schrodinger/schrodinger2017-4-advanced/jaguar results -energy SM13_micro012_conf_3.nrg.out

Executing subprocess:
/data/chodera/schrodinger/schrodinger2017-4-advanced/jaguar results -esolv SM13_micro012_conf_3.sol.out

Executing subprocess:
/data/chodera/schrodinger/schrodinger2017-4-advanced/jaguar results -energy SM13_micro012_conf_4.nrg.out

Executing subprocess:
/data/chodera/schrodinger/schrodinger2017-4-advanced/jaguar results -esolv SM13_micro012_conf_4.sol.out

Executing subprocess:
/data/chodera/schrodinger/schrodinger2017-4-advanced/jaguar results -energy SM13_micro012_conf_5.nrg.out

Executing subprocess:
/data/chodera/schrodinger/schrodinger2017-4-advanced/jaguar results -esolv SM13_micro012_conf_5.sol.out

Executing subprocess:
/data/chodera/schrodinger/schrodinger2017-4-advanced/jaguar-v9.8/bin/Linux-x86_64/pka -o SM13_micro014_deprot-out.mae -j SM13_micro014.jres -n -d

Executing subprocess:
/data/chodera/schrodinger/schrodinger2017-4-advanced/jaguar-v9.8/bin/Linux-x86_64/pka -o SM13_micro014_prot-out.mae -j SM13_micro014.jres -n

pKa calculation for SM13_micro014 completed.

pKa workflow jag_SM13_micro014_SM13_micro012 completed.

Timer (Jaguar pKa) : 5274.69 secs (1 hrs, 27 mins, 54 secs)
Timer (jaguar_backend.py) : 5274.69 secs (1 hrs, 27 mins, 54 secs)
Finished:   Fri May  4 15:42:40 2018
