Taking protonated structures from:
SM24_micro011_conf_1.dft_h.01.mae
SM24_micro011_conf_2.dft_h.01.mae
SM24_micro011_conf_3.dft_h.01.mae
SM24_micro011_conf_4.dft_h.01.mae
SM24_micro011_conf_5.dft_h.01.mae
Taking deprotonated structures from:
SM24_micro007_conf_1.dft.01.mae
SM24_micro007_conf_2.dft.01.mae
SM24_micro007_conf_3.dft.01.mae
SM24_micro007_conf_4.dft.01.mae
SM24_micro007_conf_5.dft.01.mae

Corrected results for 'protonated' structure in water:
pKa atom: 31

 # 	                  Shell                   	 pKa 	RMSD	 Contribution
---	------------------------------------------	-----	-----	--------------
1: 	RN=Het                                    	10.81	0.551	     0.10%
2: 	Protonation of sp2-like aliphatic nitrogen	 8.80	1.751	    78.18%
3: 	Protonation of generic atom               	 8.91	2.264	    21.73%

 Final weighted pKa value is 8.83



