Command:    jaguar run pka.py -jobname jag_SM19_micro005_SM19_micro018 -PARALLEL 10 -n -csrch -prot SM19_micro005.in -deprot SM19_micro018.in
Release:    2017-4
Exec:       /data/chodera/schrodinger/schrodinger2017-4-advanced/jaguar-v9.8/bin/Linux-x86_64
Host:       lt08
JobId:      lilac-0-5aecc1ba
JobDir:     /lila/data/chodera/schrodinger/tmpdir/rustenburg/jag_SM19_micro005_SM19_micro018
Date:       Fri May  4 16:53:07 2018

Contents of /lila/data/chodera/schrodinger/tmpdir/rustenburg/jag_SM19_micro005_SM19_micro018:
/lila/data/chodera/schrodinger/tmpdir/rustenburg/jag_SM19_micro005_SM19_micro018/lilac-0-5aecc1ba.recover
/lila/data/chodera/schrodinger/tmpdir/rustenburg/jag_SM19_micro005_SM19_micro018/lilac-0-5aecc1ba.mpinodes
/lila/data/chodera/schrodinger/tmpdir/rustenburg/jag_SM19_micro005_SM19_micro018/lilac-0-5aecc1ba
/lila/data/chodera/schrodinger/tmpdir/rustenburg/jag_SM19_micro005_SM19_micro018/jag_SM19_micro005_SM19_micro018.log
/lila/data/chodera/schrodinger/tmpdir/rustenburg/jag_SM19_micro005_SM19_micro018/lilac-0-5aecc1ba.hosts
/lila/data/chodera/schrodinger/tmpdir/rustenburg/jag_SM19_micro005_SM19_micro018/lilac-0-5aecc1ba.nodes
/lila/data/chodera/schrodinger/tmpdir/rustenburg/jag_SM19_micro005_SM19_micro018/SM19_micro018.mae
/lila/data/chodera/schrodinger/tmpdir/rustenburg/jag_SM19_micro005_SM19_micro018/lilac-0-5aecc1ba.jlog
/lila/data/chodera/schrodinger/tmpdir/rustenburg/jag_SM19_micro005_SM19_micro018/SM19_micro018.in
/lila/data/chodera/schrodinger/tmpdir/rustenburg/jag_SM19_micro005_SM19_micro018/SM19_micro005.in
/lila/data/chodera/schrodinger/tmpdir/rustenburg/jag_SM19_micro005_SM19_micro018/jag_SM19_micro005_SM19_micro018.recover
/lila/data/chodera/schrodinger/tmpdir/rustenburg/jag_SM19_micro005_SM19_micro018/SM19_micro005.mae

=====================
 Jaguar pKa workflow
=====================

Analysing user-provided (prot, deprot) pair:
(SM19_micro005.in, SM19_micro018.in)
Error: more than 1 heavy atom differs by 1 proton in:
SM19_micro005.in
SM19_micro018.in


An error has occurred.  Information about the error has been written to 
/home/rustenburg/.schrodinger/exceptions/error20180504-165308.txt 

Please contact help@schrodinger.com for assistance. Include error20180504-165308.txt and a description of what you were doing when the error occurred.
