Taking protonated structures from:
SM23_micro025_conf_1.dft_h.01.mae
SM23_micro025_conf_2.dft_h.01.mae
SM23_micro025_conf_3.dft_h.01.mae
SM23_micro025_conf_4.dft_h.01.mae
SM23_micro025_conf_5.dft_h.01.mae
Taking deprotonated structures from:
SM23_micro022_conf_1.dft.01.mae
SM23_micro022_conf_2.dft.01.mae
SM23_micro022_conf_3.dft.01.mae
SM23_micro022_conf_4.dft.01.mae
SM23_micro022_conf_5.dft.01.mae

Corrected results for 'protonated' structure in water:
pKa atom: 47

 # 	                  Shell                   	 pKa 	RMSD	 Contribution
---	------------------------------------------	-----	-----	--------------
1: 	RN=Het                                    	10.13	0.551	     0.00%
2: 	Protonation of sp2-like aliphatic nitrogen	 7.71	1.751	    73.62%
3: 	Protonation of generic atom               	 7.92	2.264	    26.38%

 Final weighted pKa value is 7.77



