Taking protonated structures from:
SM23_micro024_conf_1.dft_h.01.mae
SM23_micro024_conf_2.dft_h.01.mae
SM23_micro024_conf_3.dft_h.01.mae
SM23_micro024_conf_4.dft_h.01.mae
SM23_micro024_conf_5.dft_h.01.mae
Taking deprotonated structures from:
SM23_micro012_conf_1.dft.01.mae
SM23_micro012_conf_2.dft.01.mae
SM23_micro012_conf_3.dft.01.mae
SM23_micro012_conf_4.dft.01.mae
SM23_micro012_conf_5.dft.01.mae

Corrected results for 'protonated' structure in water:
pKa atom: 46

 # 	                  Shell                   	 pKa 	RMSD	 Contribution
---	------------------------------------------	-----	-----	--------------
1: 	secondary aniline                         	-4.09	0.275	    89.17%
2: 	Protonation of sp3-like aliphatic nitrogen	-3.46	1.715	     7.05%
3: 	Protonation of generic atom               	-3.53	2.264	     3.78%

 Final weighted pKa value is -4.02



