Taking protonated structures from:
SM08_micro010_conf_1.dft_h.01.mae
SM08_micro010_conf_2.dft_h.01.mae
SM08_micro010_conf_3.dft_h.01.mae
SM08_micro010_conf_4.dft_h.01.mae
SM08_micro010_conf_5.dft_h.01.mae
Taking deprotonated structures from:
SM08_micro003_conf_1.dft.01.mae
SM08_micro003_conf_2.dft.01.mae
SM08_micro003_conf_3.dft.01.mae
SM08_micro003_conf_4.dft.01.mae
SM08_micro003_conf_5.dft.01.mae

Corrected results for 'protonated' structure in water:
pKa atom: 23

 # 	                 Shell                 	 pKa 	RMSD	 Contribution
---	---------------------------------------	-----	-----	--------------
1: 	OH attached to heterocycle (with one N)	 7.56	0.844	    87.07%
2: 	Protonation of generic atom            	 3.21	2.264	     4.41%
3: 	Protonation of sp2-like oxygen         	 3.53	2.568	     8.52%

 Final weighted pKa value is 7.03



