Command:    jaguar run pka.py -jobname jag_SM23_micro025_SM23_micro005 -PARALLEL 10 -WAIT -n -csrch -prot SM23_micro025.in -deprot SM23_micro005.in
Release:    2017-4
Exec:       /data/chodera/schrodinger/schrodinger2017-4-advanced/jaguar-v9.8/bin/Linux-x86_64
Host:       lt04
JobId:      lt04-0-5af45733
JobDir:     /lila/data/chodera/schrodinger/tmpdir/rustenburg/jag_SM23_micro025_SM23_micro005
Date:       Thu May 10 10:29:09 2018

Contents of /lila/data/chodera/schrodinger/tmpdir/rustenburg/jag_SM23_micro025_SM23_micro005:
/lila/data/chodera/schrodinger/tmpdir/rustenburg/jag_SM23_micro025_SM23_micro005/SM23_micro005.in
/lila/data/chodera/schrodinger/tmpdir/rustenburg/jag_SM23_micro025_SM23_micro005/jag_SM23_micro025_SM23_micro005.recover
/lila/data/chodera/schrodinger/tmpdir/rustenburg/jag_SM23_micro025_SM23_micro005/jag_SM23_micro025_SM23_micro005.log
/lila/data/chodera/schrodinger/tmpdir/rustenburg/jag_SM23_micro025_SM23_micro005/lt04-0-5af45733.mpinodes
/lila/data/chodera/schrodinger/tmpdir/rustenburg/jag_SM23_micro025_SM23_micro005/SM23_micro005.mae
/lila/data/chodera/schrodinger/tmpdir/rustenburg/jag_SM23_micro025_SM23_micro005/SM23_micro025.in
/lila/data/chodera/schrodinger/tmpdir/rustenburg/jag_SM23_micro025_SM23_micro005/lt04-0-5af45733
/lila/data/chodera/schrodinger/tmpdir/rustenburg/jag_SM23_micro025_SM23_micro005/lt04-0-5af45733.recover
/lila/data/chodera/schrodinger/tmpdir/rustenburg/jag_SM23_micro025_SM23_micro005/SM23_micro025.mae

=====================
 Jaguar pKa workflow
=====================

Analysing user-provided (prot, deprot) pair:
(SM23_micro025.in, SM23_micro005.in)
Found labile hydrogen 42 in SM23_micro025.in
Found labile hydrogen at atom 12 in SM23_micro005.in
Adding 'ipkat' keyword to input files.

Identifying pKa functional group for pair:
(SM23_micro025, SM23_micro005)

Executing subprocess:
/data/chodera/schrodinger/schrodinger2017-4-advanced/jaguar-v9.8/bin/Linux-x86_64/pka -i -j SM23_micro025.tmp.jres -n

Taking protonated structures from:
SM23_micro025.mae
Taking deprotonated structures from:
SM23_micro005.mae

This molecule from 'SM23_micro025.mae' in water was recognized as:

 # 	                  Shell                   
---	------------------------------------------
1: 	RN=Het                                    
2: 	Protonation of sp2-like aliphatic nitrogen
3: 	Protonation of generic atom               


Executing conformational search...

Executing 2 distributed subjobs:
---------------------------------

No more than 8 cpu(s) will be used per subjob.
No more than 10 cpu(s) will be used simultaneously.

Processing the following subjobs:
(1) jaguar run csrch.py SM23_micro025.mae -jobname SM23_micro025 -max_conf 5 -erg_window 50.208 -acc_level 1 -TPP 5
(2) jaguar run csrch.py SM23_micro005.mae -jobname SM23_micro005 -max_conf 5 -erg_window 50.208 -acc_level 1 -TPP 5

Running subjobs on hosts:
  localhost (Max: 2)
Number of jobs:       2
Max retries per job:  3
Max allowed failures: unlimited
Run with -LOCAL:      False
Verbosity:            normal

Starting JobDJ...

Keep one job on driver host: False
JobDJ columns:
  C: Number of completed subjobs
  A: Number of active subjobs (e.g., submitted, running)
  W: Number of waiting/pending subjobs

C A W | Activity  JobId  JobName  JobHost
- - - | --------- -----------------------
0 1 1 | launched  lt04-0-5af4573d SM23_micro025 localhost [lt04]
0 2 0 | launched  lt04-0-5af4573f SM23_micro005 localhost [lt04]
1 1 0 | finished  lt04-0-5af4573d SM23_micro025 localhost [lt04]
2 0 0 | finished  lt04-0-5af4573f SM23_micro005 localhost [lt04]

All jobs have completed.

2 of 2 job(s) succeeded; 0 job(s) failed.

Timer (distribute subjobs) : 1335.50 secs (0 hrs, 22 mins, 15 secs)

Setting up QM workflow for (protonated, deprotonated) pair:
(1) (SM23_micro025, SM23_micro005)

Executing Jaguar quantum-mechanical subjobs...

Executing 10 distributed subjobs:
----------------------------------

No more than 8 cpu(s) will be used per subjob.
No more than 10 cpu(s) will be used simultaneously.

Processing the following subjobs:
(1) jaguar run pka_prot.bat -jobname SM23_micro025_conf_1 SM23_micro025_conf_1.in
(2) jaguar run pka_prot.bat -jobname SM23_micro025_conf_2 SM23_micro025_conf_2.in
(3) jaguar run pka_prot.bat -jobname SM23_micro025_conf_3 SM23_micro025_conf_3.in
(4) jaguar run pka_prot.bat -jobname SM23_micro025_conf_4 SM23_micro025_conf_4.in
(5) jaguar run pka_prot.bat -jobname SM23_micro025_conf_5 SM23_micro025_conf_5.in
(6) jaguar run pka_deprot.bat -jobname SM23_micro005_conf_1 SM23_micro005_conf_1.in
(7) jaguar run pka_deprot.bat -jobname SM23_micro005_conf_2 SM23_micro005_conf_2.in
(8) jaguar run pka_deprot.bat -jobname SM23_micro005_conf_3 SM23_micro005_conf_3.in
(9) jaguar run pka_deprot.bat -jobname SM23_micro005_conf_4 SM23_micro005_conf_4.in
(10) jaguar run pka_deprot.bat -jobname SM23_micro005_conf_5 SM23_micro005_conf_5.in

Running subjobs on hosts:
  localhost (Max: 10)
Number of jobs:       10
Max retries per job:  3
Max allowed failures: unlimited
Run with -LOCAL:      False
Verbosity:            normal

Starting JobDJ...

Keep one job on driver host: False
JobDJ columns:
  C: Number of completed subjobs
  A: Number of active subjobs (e.g., submitted, running)
  W: Number of waiting/pending subjobs

 C  A  W | Activity  JobId  JobName  JobHost
-- -- -- | --------- -----------------------
 0  1  9 | launched  lt04-0-5af45c85 SM23_micro025_conf_1 localhost [lt04]
 0  2  8 | launched  lt04-0-5af45c88 SM23_micro025_conf_2 localhost [lt04]
 0  3  7 | launched  lt04-1-5af45c8b SM23_micro025_conf_3 localhost [lt04]
 0  4  6 | launched  lt04-0-5af45c8e SM23_micro025_conf_4 localhost [lt04]
 0  5  5 | launched  lt04-0-5af45c90 SM23_micro025_conf_5 localhost [lt04]
 0  6  4 | launched  lt04-0-5af45c93 SM23_micro005_conf_1 localhost [lt04]
 0  7  3 | launched  lt04-1-5af45c95 SM23_micro005_conf_2 localhost [lt04]
 0  8  2 | launched  lt04-1-5af45c99 SM23_micro005_conf_3 localhost [lt04]
 0  9  1 | launched  lt04-0-5af45c9c SM23_micro005_conf_4 localhost [lt04]
 0 10  0 | launched  lt04-1-5af45c9f SM23_micro005_conf_5 localhost [lt04]
 1  9  0 | finished  lt04-1-5af45c9f SM23_micro005_conf_5 localhost [lt04]
 2  8  0 | finished  lt04-1-5af45c95 SM23_micro005_conf_2 localhost [lt04]
 3  7  0 | finished  lt04-0-5af45c93 SM23_micro005_conf_1 localhost [lt04]
 4  6  0 | finished  lt04-0-5af45c88 SM23_micro025_conf_2 localhost [lt04]
 5  5  0 | finished  lt04-0-5af45c9c SM23_micro005_conf_4 localhost [lt04]
 6  4  0 | finished  lt04-0-5af45c85 SM23_micro025_conf_1 localhost [lt04]
 7  3  0 | finished  lt04-0-5af45c8e SM23_micro025_conf_4 localhost [lt04]
 8  2  0 | finished  lt04-1-5af45c99 SM23_micro005_conf_3 localhost [lt04]
 9  1  0 | finished  lt04-0-5af45c90 SM23_micro025_conf_5 localhost [lt04]
10  0  0 | finished  lt04-1-5af45c8b SM23_micro025_conf_3 localhost [lt04]

All jobs have completed.

10 of 10 job(s) succeeded; 0 job(s) failed.

Timer (distribute subjobs) : 24730.30 secs (6 hrs, 52 mins, 10 secs)

Processing QM output files...

Executing subprocess:
/data/chodera/schrodinger/schrodinger2017-4-advanced/jaguar results -energy SM23_micro025_conf_1.nrg_h.out

Executing subprocess:
/data/chodera/schrodinger/schrodinger2017-4-advanced/jaguar results -esolv SM23_micro025_conf_1.sol_h.out

Executing subprocess:
/data/chodera/schrodinger/schrodinger2017-4-advanced/jaguar results -energy SM23_micro025_conf_2.nrg_h.out

Executing subprocess:
/data/chodera/schrodinger/schrodinger2017-4-advanced/jaguar results -esolv SM23_micro025_conf_2.sol_h.out

Executing subprocess:
/data/chodera/schrodinger/schrodinger2017-4-advanced/jaguar results -energy SM23_micro025_conf_3.nrg_h.out

Executing subprocess:
/data/chodera/schrodinger/schrodinger2017-4-advanced/jaguar results -esolv SM23_micro025_conf_3.sol_h.out

Executing subprocess:
/data/chodera/schrodinger/schrodinger2017-4-advanced/jaguar results -energy SM23_micro025_conf_4.nrg_h.out

Executing subprocess:
/data/chodera/schrodinger/schrodinger2017-4-advanced/jaguar results -esolv SM23_micro025_conf_4.sol_h.out

Executing subprocess:
/data/chodera/schrodinger/schrodinger2017-4-advanced/jaguar results -energy SM23_micro025_conf_5.nrg_h.out

Executing subprocess:
/data/chodera/schrodinger/schrodinger2017-4-advanced/jaguar results -esolv SM23_micro025_conf_5.sol_h.out

Executing subprocess:
/data/chodera/schrodinger/schrodinger2017-4-advanced/jaguar results -energy SM23_micro005_conf_1.nrg.out

Executing subprocess:
/data/chodera/schrodinger/schrodinger2017-4-advanced/jaguar results -esolv SM23_micro005_conf_1.sol.out

Executing subprocess:
/data/chodera/schrodinger/schrodinger2017-4-advanced/jaguar results -energy SM23_micro005_conf_2.nrg.out

Executing subprocess:
/data/chodera/schrodinger/schrodinger2017-4-advanced/jaguar results -esolv SM23_micro005_conf_2.sol.out

Executing subprocess:
/data/chodera/schrodinger/schrodinger2017-4-advanced/jaguar results -energy SM23_micro005_conf_3.nrg.out

Executing subprocess:
/data/chodera/schrodinger/schrodinger2017-4-advanced/jaguar results -esolv SM23_micro005_conf_3.sol.out

Executing subprocess:
/data/chodera/schrodinger/schrodinger2017-4-advanced/jaguar results -energy SM23_micro005_conf_4.nrg.out

Executing subprocess:
/data/chodera/schrodinger/schrodinger2017-4-advanced/jaguar results -esolv SM23_micro005_conf_4.sol.out

Executing subprocess:
/data/chodera/schrodinger/schrodinger2017-4-advanced/jaguar results -energy SM23_micro005_conf_5.nrg.out

Executing subprocess:
/data/chodera/schrodinger/schrodinger2017-4-advanced/jaguar results -esolv SM23_micro005_conf_5.sol.out

Executing subprocess:
/data/chodera/schrodinger/schrodinger2017-4-advanced/jaguar-v9.8/bin/Linux-x86_64/pka -o SM23_micro025_deprot-out.mae -j SM23_micro025.jres -n -d

Executing subprocess:
/data/chodera/schrodinger/schrodinger2017-4-advanced/jaguar-v9.8/bin/Linux-x86_64/pka -o SM23_micro025_prot-out.mae -j SM23_micro025.jres -n

pKa calculation for SM23_micro025 completed.

pKa workflow jag_SM23_micro025_SM23_micro005 completed.

Timer (Jaguar pKa) : 26140.53 secs (7 hrs, 15 mins, 40 secs)
Timer (jaguar_backend.py) : 26140.53 secs (7 hrs, 15 mins, 40 secs)
Finished:   Thu May 10 17:44:50 2018
