Command:    jaguar run pka.py -jobname jag_SM21_micro031_SM21_micro002 -PARALLEL 10 -n -csrch -prot SM21_micro031.in -deprot SM21_micro002.in
Release:    2017-4
Exec:       /data/chodera/schrodinger/schrodinger2017-4-advanced/jaguar-v9.8/bin/Linux-x86_64
Host:       ls15
JobId:      lilac-0-5aecd01e
JobDir:     /lila/data/chodera/schrodinger/tmpdir/rustenburg/jag_SM21_micro031_SM21_micro002
Date:       Fri May  4 19:18:39 2018

Contents of /lila/data/chodera/schrodinger/tmpdir/rustenburg/jag_SM21_micro031_SM21_micro002:
/lila/data/chodera/schrodinger/tmpdir/rustenburg/jag_SM21_micro031_SM21_micro002/SM21_micro031.mae
/lila/data/chodera/schrodinger/tmpdir/rustenburg/jag_SM21_micro031_SM21_micro002/jag_SM21_micro031_SM21_micro002.log
/lila/data/chodera/schrodinger/tmpdir/rustenburg/jag_SM21_micro031_SM21_micro002/lilac-0-5aecd01e
/lila/data/chodera/schrodinger/tmpdir/rustenburg/jag_SM21_micro031_SM21_micro002/SM21_micro002.mae
/lila/data/chodera/schrodinger/tmpdir/rustenburg/jag_SM21_micro031_SM21_micro002/lilac-0-5aecd01e.hosts
/lila/data/chodera/schrodinger/tmpdir/rustenburg/jag_SM21_micro031_SM21_micro002/jag_SM21_micro031_SM21_micro002.recover
/lila/data/chodera/schrodinger/tmpdir/rustenburg/jag_SM21_micro031_SM21_micro002/SM21_micro002.in
/lila/data/chodera/schrodinger/tmpdir/rustenburg/jag_SM21_micro031_SM21_micro002/SM21_micro031.in
/lila/data/chodera/schrodinger/tmpdir/rustenburg/jag_SM21_micro031_SM21_micro002/lilac-0-5aecd01e.jlog
/lila/data/chodera/schrodinger/tmpdir/rustenburg/jag_SM21_micro031_SM21_micro002/lilac-0-5aecd01e.nodes
/lila/data/chodera/schrodinger/tmpdir/rustenburg/jag_SM21_micro031_SM21_micro002/lilac-0-5aecd01e.recover
/lila/data/chodera/schrodinger/tmpdir/rustenburg/jag_SM21_micro031_SM21_micro002/lilac-0-5aecd01e.mpinodes

=====================
 Jaguar pKa workflow
=====================

Analysing user-provided (prot, deprot) pair:
(SM21_micro031.in, SM21_micro002.in)
Error: heavy atoms are different in input files:
SM21_micro031.in
SM21_micro002.in


An error has occurred.  Information about the error has been written to 
/home/rustenburg/.schrodinger/exceptions/error20180504-191839-4.txt 

Please contact help@schrodinger.com for assistance. Include error20180504-191839-4.txt and a description of what you were doing when the error occurred.
