Command:    jaguar run pka.py -jobname jag_SM13_micro005_SM13_micro004 -PARALLEL 10 -n -csrch -prot SM13_micro005.in -deprot SM13_micro004.in
Release:    2017-4
Exec:       /data/chodera/schrodinger/schrodinger2017-4-advanced/jaguar-v9.8/bin/Linux-x86_64
Host:       lt20
JobId:      lilac-0-5aeca28e
JobDir:     /lila/data/chodera/schrodinger/tmpdir/rustenburg/jag_SM13_micro005_SM13_micro004
Date:       Fri May  4 14:12:40 2018

Contents of /lila/data/chodera/schrodinger/tmpdir/rustenburg/jag_SM13_micro005_SM13_micro004:
/lila/data/chodera/schrodinger/tmpdir/rustenburg/jag_SM13_micro005_SM13_micro004/SM13_micro005.in
/lila/data/chodera/schrodinger/tmpdir/rustenburg/jag_SM13_micro005_SM13_micro004/SM13_micro005.mae
/lila/data/chodera/schrodinger/tmpdir/rustenburg/jag_SM13_micro005_SM13_micro004/SM13_micro004.in
/lila/data/chodera/schrodinger/tmpdir/rustenburg/jag_SM13_micro005_SM13_micro004/lilac-0-5aeca28e.jlog
/lila/data/chodera/schrodinger/tmpdir/rustenburg/jag_SM13_micro005_SM13_micro004/lilac-0-5aeca28e.recover
/lila/data/chodera/schrodinger/tmpdir/rustenburg/jag_SM13_micro005_SM13_micro004/lilac-0-5aeca28e
/lila/data/chodera/schrodinger/tmpdir/rustenburg/jag_SM13_micro005_SM13_micro004/jag_SM13_micro005_SM13_micro004.log
/lila/data/chodera/schrodinger/tmpdir/rustenburg/jag_SM13_micro005_SM13_micro004/lilac-0-5aeca28e.nodes
/lila/data/chodera/schrodinger/tmpdir/rustenburg/jag_SM13_micro005_SM13_micro004/lilac-0-5aeca28e.hosts
/lila/data/chodera/schrodinger/tmpdir/rustenburg/jag_SM13_micro005_SM13_micro004/jag_SM13_micro005_SM13_micro004.recover
/lila/data/chodera/schrodinger/tmpdir/rustenburg/jag_SM13_micro005_SM13_micro004/SM13_micro004.mae
/lila/data/chodera/schrodinger/tmpdir/rustenburg/jag_SM13_micro005_SM13_micro004/lilac-0-5aeca28e.mpinodes

=====================
 Jaguar pKa workflow
=====================

Analysing user-provided (prot, deprot) pair:
(SM13_micro005.in, SM13_micro004.in)
Found labile hydrogen 30 in SM13_micro005.in
Found labile hydrogen at atom 8 in SM13_micro004.in
Adding 'ipkat' keyword to input files.

Identifying pKa functional group for pair:
(SM13_micro005, SM13_micro004)

Executing subprocess:
/data/chodera/schrodinger/schrodinger2017-4-advanced/jaguar-v9.8/bin/Linux-x86_64/pka -i -j SM13_micro005.tmp.jres -n

Taking protonated structures from:
SM13_micro005.mae
Taking deprotonated structures from:
SM13_micro004.mae

This molecule from 'SM13_micro005.mae' in water was recognized as:

 # 	                  Shell                   
---	------------------------------------------
1: 	Protonation of sp2-like aliphatic nitrogen
2: 	Protonation of generic atom               


Executing conformational search...

Executing 2 distributed subjobs:
---------------------------------

No more than 8 cpu(s) will be used per subjob.
No more than 10 cpu(s) will be used simultaneously.

Processing the following subjobs:
(1) jaguar run csrch.py SM13_micro005.mae -jobname SM13_micro005 -max_conf 5 -erg_window 50.208 -acc_level 1 -TPP 5
(2) jaguar run csrch.py SM13_micro004.mae -jobname SM13_micro004 -max_conf 5 -erg_window 50.208 -acc_level 1 -TPP 5

Running subjobs on hosts:
  lsf-cpu (Max: 2)
Number of jobs:       2
Max retries per job:  3
Max allowed failures: unlimited
Run with -LOCAL:      False
Verbosity:            normal

Starting JobDJ...

Keep one job on driver host: False
JobDJ columns:
  C: Number of completed subjobs
  A: Number of active subjobs (e.g., submitted, running)
  W: Number of waiting/pending subjobs

C A W | Activity  JobId  JobName  JobHost
- - - | --------- -----------------------
0 1 1 | launched  lt20-0-5aeca29d SM13_micro005 lsf-cpu
0 2 0 | launched  lt20-0-5aeca2a0 SM13_micro004 lsf-cpu
1 1 0 | finished  lt20-0-5aeca29d SM13_micro005 lsf-cpu [ls10]
2 0 0 | finished  lt20-0-5aeca2a0 SM13_micro004 lsf-cpu [lt02]

All jobs have completed.

2 of 2 job(s) succeeded; 0 job(s) failed.

Timer (distribute subjobs) : 3624.31 secs (1 hrs, 00 mins, 24 secs)

Setting up QM workflow for (protonated, deprotonated) pair:
(1) (SM13_micro005, SM13_micro004)

Executing Jaguar quantum-mechanical subjobs...

Executing 10 distributed subjobs:
----------------------------------

No more than 8 cpu(s) will be used per subjob.
No more than 10 cpu(s) will be used simultaneously.

Processing the following subjobs:
(1) jaguar run pka_prot.bat -jobname SM13_micro005_conf_1 SM13_micro005_conf_1.in
(2) jaguar run pka_prot.bat -jobname SM13_micro005_conf_2 SM13_micro005_conf_2.in
(3) jaguar run pka_prot.bat -jobname SM13_micro005_conf_3 SM13_micro005_conf_3.in
(4) jaguar run pka_prot.bat -jobname SM13_micro005_conf_4 SM13_micro005_conf_4.in
(5) jaguar run pka_prot.bat -jobname SM13_micro005_conf_5 SM13_micro005_conf_5.in
(6) jaguar run pka_deprot.bat -jobname SM13_micro004_conf_1 SM13_micro004_conf_1.in
(7) jaguar run pka_deprot.bat -jobname SM13_micro004_conf_2 SM13_micro004_conf_2.in
(8) jaguar run pka_deprot.bat -jobname SM13_micro004_conf_3 SM13_micro004_conf_3.in
(9) jaguar run pka_deprot.bat -jobname SM13_micro004_conf_4 SM13_micro004_conf_4.in
(10) jaguar run pka_deprot.bat -jobname SM13_micro004_conf_5 SM13_micro004_conf_5.in

Running subjobs on hosts:
  lsf-cpu (Max: 10)
Number of jobs:       10
Max retries per job:  3
Max allowed failures: unlimited
Run with -LOCAL:      False
Verbosity:            normal

Starting JobDJ...

Keep one job on driver host: True
JobDJ columns:
  C: Number of completed subjobs
  A: Number of active subjobs (e.g., submitted, running)
  W: Number of waiting/pending subjobs

 C  A  W | Activity  JobId  JobName  JobHost
-- -- -- | --------- -----------------------
 0  1  9 | launched  lt20-1-5aecb0c8 SM13_micro005_conf_1 localhost [lt20]
 0  2  8 | launched  lt20-0-5aecb0cc SM13_micro005_conf_2 lsf-cpu
 0  3  7 | launched  lt20-0-5aecb0d0 SM13_micro005_conf_3 lsf-cpu
 0  4  6 | launched  lt20-0-5aecb0d4 SM13_micro005_conf_4 lsf-cpu
 0  5  5 | launched  lt20-0-5aecb0d9 SM13_micro005_conf_5 lsf-cpu
 0  6  4 | launched  lt20-0-5aecb0dd SM13_micro004_conf_1 lsf-cpu
 0  7  3 | launched  lt20-0-5aecb0e1 SM13_micro004_conf_2 lsf-cpu
 0  8  2 | launched  lt20-0-5aecb0e7 SM13_micro004_conf_3 lsf-cpu
 0  9  1 | launched  lt20-0-5aecb0ee SM13_micro004_conf_4 lsf-cpu
 0 10  0 | launched  lt20-0-5aecb0f3 SM13_micro004_conf_5 lsf-cpu
 1  9  0 | finished  lt20-1-5aecb0c8 SM13_micro005_conf_1 localhost [lt20]
 2  8  0 | finished  lt20-0-5aecb0d4 SM13_micro005_conf_4 lsf-cpu [ls18]
 3  7  0 | finished  lt20-0-5aecb0d0 SM13_micro005_conf_3 lsf-cpu [ls18]
 4  6  0 | finished  lt20-0-5aecb0cc SM13_micro005_conf_2 lsf-cpu [ls09]
 5  5  0 | finished  lt20-0-5aecb0e1 SM13_micro004_conf_2 lsf-cpu [lt09]
 6  4  0 | finished  lt20-0-5aecb0d9 SM13_micro005_conf_5 lsf-cpu [lt22]
 7  3  0 | finished  lt20-0-5aecb0f3 SM13_micro004_conf_5 lsf-cpu [lt09]
 8  2  0 | finished  lt20-0-5aecb0dd SM13_micro004_conf_1 lsf-cpu [ls17]
 9  1  0 | finished  lt20-0-5aecb0e7 SM13_micro004_conf_3 lsf-cpu [lt09]
10  0  0 | finished  lt20-0-5aecb0ee SM13_micro004_conf_4 lsf-cpu [lt09]

All jobs have completed.

10 of 10 job(s) succeeded; 0 job(s) failed.

Timer (distribute subjobs) : 5320.27 secs (1 hrs, 28 mins, 40 secs)

Processing QM output files...

Executing subprocess:
/data/chodera/schrodinger/schrodinger2017-4-advanced/jaguar results -energy SM13_micro005_conf_1.nrg_h.out

Executing subprocess:
/data/chodera/schrodinger/schrodinger2017-4-advanced/jaguar results -esolv SM13_micro005_conf_1.sol_h.out

Executing subprocess:
/data/chodera/schrodinger/schrodinger2017-4-advanced/jaguar results -energy SM13_micro005_conf_2.nrg_h.out

Executing subprocess:
/data/chodera/schrodinger/schrodinger2017-4-advanced/jaguar results -esolv SM13_micro005_conf_2.sol_h.out

Executing subprocess:
/data/chodera/schrodinger/schrodinger2017-4-advanced/jaguar results -energy SM13_micro005_conf_3.nrg_h.out

Executing subprocess:
/data/chodera/schrodinger/schrodinger2017-4-advanced/jaguar results -esolv SM13_micro005_conf_3.sol_h.out

Executing subprocess:
/data/chodera/schrodinger/schrodinger2017-4-advanced/jaguar results -energy SM13_micro005_conf_4.nrg_h.out

Executing subprocess:
/data/chodera/schrodinger/schrodinger2017-4-advanced/jaguar results -esolv SM13_micro005_conf_4.sol_h.out

Executing subprocess:
/data/chodera/schrodinger/schrodinger2017-4-advanced/jaguar results -energy SM13_micro005_conf_5.nrg_h.out

Executing subprocess:
/data/chodera/schrodinger/schrodinger2017-4-advanced/jaguar results -esolv SM13_micro005_conf_5.sol_h.out

Executing subprocess:
/data/chodera/schrodinger/schrodinger2017-4-advanced/jaguar results -energy SM13_micro004_conf_1.nrg.out

Executing subprocess:
/data/chodera/schrodinger/schrodinger2017-4-advanced/jaguar results -esolv SM13_micro004_conf_1.sol.out

Executing subprocess:
/data/chodera/schrodinger/schrodinger2017-4-advanced/jaguar results -energy SM13_micro004_conf_2.nrg.out

Executing subprocess:
/data/chodera/schrodinger/schrodinger2017-4-advanced/jaguar results -esolv SM13_micro004_conf_2.sol.out

Executing subprocess:
/data/chodera/schrodinger/schrodinger2017-4-advanced/jaguar results -energy SM13_micro004_conf_3.nrg.out

Executing subprocess:
/data/chodera/schrodinger/schrodinger2017-4-advanced/jaguar results -esolv SM13_micro004_conf_3.sol.out

Executing subprocess:
/data/chodera/schrodinger/schrodinger2017-4-advanced/jaguar results -energy SM13_micro004_conf_4.nrg.out

Executing subprocess:
/data/chodera/schrodinger/schrodinger2017-4-advanced/jaguar results -esolv SM13_micro004_conf_4.sol.out

Executing subprocess:
/data/chodera/schrodinger/schrodinger2017-4-advanced/jaguar results -energy SM13_micro004_conf_5.nrg.out

Executing subprocess:
/data/chodera/schrodinger/schrodinger2017-4-advanced/jaguar results -esolv SM13_micro004_conf_5.sol.out

Executing subprocess:
/data/chodera/schrodinger/schrodinger2017-4-advanced/jaguar-v9.8/bin/Linux-x86_64/pka -o SM13_micro005_deprot-out.mae -j SM13_micro005.jres -n -d

Executing subprocess:
/data/chodera/schrodinger/schrodinger2017-4-advanced/jaguar-v9.8/bin/Linux-x86_64/pka -o SM13_micro005_prot-out.mae -j SM13_micro005.jres -n

pKa calculation for SM13_micro005 completed.

pKa workflow jag_SM13_micro005_SM13_micro004 completed.

Timer (Jaguar pKa) : 9044.21 secs (2 hrs, 30 mins, 44 secs)
Timer (jaguar_backend.py) : 9044.21 secs (2 hrs, 30 mins, 44 secs)
Finished:   Fri May  4 16:43:24 2018
