Command:    jaguar run pka.py -jobname jag_SM11_micro005_SM11_micro007 -PARALLEL 10 -n -csrch -prot SM11_micro005.in -deprot SM11_micro007.in
Release:    2017-4
Exec:       /data/chodera/schrodinger/schrodinger2017-4-advanced/jaguar-v9.8/bin/Linux-x86_64
Host:       ls10
JobId:      lilac-0-5aec99c6
JobDir:     /lila/data/chodera/schrodinger/tmpdir/rustenburg/jag_SM11_micro005_SM11_micro007
Date:       Fri May  4 13:35:08 2018

Contents of /lila/data/chodera/schrodinger/tmpdir/rustenburg/jag_SM11_micro005_SM11_micro007:
/lila/data/chodera/schrodinger/tmpdir/rustenburg/jag_SM11_micro005_SM11_micro007/lilac-0-5aec99c6.recover
/lila/data/chodera/schrodinger/tmpdir/rustenburg/jag_SM11_micro005_SM11_micro007/SM11_micro005.in
/lila/data/chodera/schrodinger/tmpdir/rustenburg/jag_SM11_micro005_SM11_micro007/SM11_micro005.mae
/lila/data/chodera/schrodinger/tmpdir/rustenburg/jag_SM11_micro005_SM11_micro007/SM11_micro007.mae
/lila/data/chodera/schrodinger/tmpdir/rustenburg/jag_SM11_micro005_SM11_micro007/lilac-0-5aec99c6.jlog
/lila/data/chodera/schrodinger/tmpdir/rustenburg/jag_SM11_micro005_SM11_micro007/lilac-0-5aec99c6.hosts
/lila/data/chodera/schrodinger/tmpdir/rustenburg/jag_SM11_micro005_SM11_micro007/jag_SM11_micro005_SM11_micro007.log
/lila/data/chodera/schrodinger/tmpdir/rustenburg/jag_SM11_micro005_SM11_micro007/lilac-0-5aec99c6.mpinodes
/lila/data/chodera/schrodinger/tmpdir/rustenburg/jag_SM11_micro005_SM11_micro007/SM11_micro007.in
/lila/data/chodera/schrodinger/tmpdir/rustenburg/jag_SM11_micro005_SM11_micro007/lilac-0-5aec99c6.nodes
/lila/data/chodera/schrodinger/tmpdir/rustenburg/jag_SM11_micro005_SM11_micro007/lilac-0-5aec99c6
/lila/data/chodera/schrodinger/tmpdir/rustenburg/jag_SM11_micro005_SM11_micro007/jag_SM11_micro005_SM11_micro007.recover

=====================
 Jaguar pKa workflow
=====================

Analysing user-provided (prot, deprot) pair:
(SM11_micro005.in, SM11_micro007.in)
Found labile hydrogen 23 in SM11_micro005.in
Found labile hydrogen at atom 13 in SM11_micro007.in
Adding 'ipkat' keyword to input files.

Identifying pKa functional group for pair:
(SM11_micro005, SM11_micro007)

Executing subprocess:
/data/chodera/schrodinger/schrodinger2017-4-advanced/jaguar-v9.8/bin/Linux-x86_64/pka -i -j SM11_micro005.tmp.jres -n

Taking protonated structures from:
SM11_micro005.mae
Taking deprotonated structures from:
SM11_micro007.mae

This molecule from 'SM11_micro005.mae' in water was recognized as:

 # 	                  Shell                   
---	------------------------------------------
1: 	Protonation of sp2-like aliphatic nitrogen
2: 	Protonation of generic atom               


Executing conformational search...

Executing 2 distributed subjobs:
---------------------------------

No more than 8 cpu(s) will be used per subjob.
No more than 10 cpu(s) will be used simultaneously.

Processing the following subjobs:
(1) jaguar run csrch.py SM11_micro005.mae -jobname SM11_micro005 -max_conf 5 -erg_window 50.208 -acc_level 1 -TPP 5
(2) jaguar run csrch.py SM11_micro007.mae -jobname SM11_micro007 -max_conf 5 -erg_window 50.208 -acc_level 1 -TPP 5

Running subjobs on hosts:
  lsf-cpu (Max: 2)
Number of jobs:       2
Max retries per job:  3
Max allowed failures: unlimited
Run with -LOCAL:      False
Verbosity:            normal

Starting JobDJ...

Keep one job on driver host: False
JobDJ columns:
  C: Number of completed subjobs
  A: Number of active subjobs (e.g., submitted, running)
  W: Number of waiting/pending subjobs

C A W | Activity  JobId  JobName  JobHost
- - - | --------- -----------------------
0 1 1 | launched  ls10-0-5aec99d1 SM11_micro005 lsf-cpu
0 2 0 | launched  ls10-0-5aec99d5 SM11_micro007 lsf-cpu
1 1 0 | finished  ls10-0-5aec99d5 SM11_micro007 lsf-cpu
2 0 0 | finished  ls10-0-5aec99d1 SM11_micro005 lsf-cpu [ls10]

All jobs have completed.

2 of 2 job(s) succeeded; 0 job(s) failed.

Timer (distribute subjobs) : 676.19 secs (0 hrs, 11 mins, 16 secs)

Setting up QM workflow for (protonated, deprotonated) pair:
(1) (SM11_micro005, SM11_micro007)

Executing Jaguar quantum-mechanical subjobs...

Executing 5 distributed subjobs:
---------------------------------

No more than 8 cpu(s) will be used per subjob.
No more than 10 cpu(s) will be used simultaneously.

Processing the following subjobs:
(1) jaguar run pka_prot.bat -jobname SM11_micro005_conf_1 SM11_micro005_conf_1.in -TPP 2
(2) jaguar run pka_prot.bat -jobname SM11_micro005_conf_2 SM11_micro005_conf_2.in -TPP 2
(3) jaguar run pka_prot.bat -jobname SM11_micro005_conf_3 SM11_micro005_conf_3.in -TPP 2
(4) jaguar run pka_deprot.bat -jobname SM11_micro007_conf_1 SM11_micro007_conf_1.in -TPP 2
(5) jaguar run pka_deprot.bat -jobname SM11_micro007_conf_2 SM11_micro007_conf_2.in -TPP 2

Running subjobs on hosts:
  lsf-cpu (Max: 5)
Number of jobs:       5
Max retries per job:  3
Max allowed failures: unlimited
Run with -LOCAL:      False
Verbosity:            normal

Starting JobDJ...

Keep one job on driver host: False
JobDJ columns:
  C: Number of completed subjobs
  A: Number of active subjobs (e.g., submitted, running)
  W: Number of waiting/pending subjobs

C A W | Activity  JobId  JobName  JobHost
- - - | --------- -----------------------
0 1 4 | launched  ls10-0-5aec9c76 SM11_micro005_conf_1 lsf-cpu
0 2 3 | launched  ls10-0-5aec9c7a SM11_micro005_conf_2 lsf-cpu
0 3 2 | launched  ls10-0-5aec9c7c SM11_micro005_conf_3 lsf-cpu
0 4 1 | launched  ls10-0-5aec9c7f SM11_micro007_conf_1 lsf-cpu
0 5 0 | launched  ls10-0-5aec9c82 SM11_micro007_conf_2 lsf-cpu
1 4 0 | finished  ls10-0-5aec9c82 SM11_micro007_conf_2 lsf-cpu
2 3 0 | finished  ls10-0-5aec9c7a SM11_micro005_conf_2 lsf-cpu [ls17]
3 2 0 | finished  ls10-0-5aec9c7f SM11_micro007_conf_1 lsf-cpu [ls17]
4 1 0 | finished  ls10-0-5aec9c76 SM11_micro005_conf_1 lsf-cpu [ls17]
5 0 0 | finished  ls10-0-5aec9c7c SM11_micro005_conf_3 lsf-cpu [ls17]

All jobs have completed.

5 of 5 job(s) succeeded; 0 job(s) failed.

Timer (distribute subjobs) : 1580.72 secs (0 hrs, 26 mins, 20 secs)

Processing QM output files...

Executing subprocess:
/data/chodera/schrodinger/schrodinger2017-4-advanced/jaguar results -energy SM11_micro005_conf_1.nrg_h.out

Executing subprocess:
/data/chodera/schrodinger/schrodinger2017-4-advanced/jaguar results -esolv SM11_micro005_conf_1.sol_h.out

Executing subprocess:
/data/chodera/schrodinger/schrodinger2017-4-advanced/jaguar results -energy SM11_micro005_conf_2.nrg_h.out

Executing subprocess:
/data/chodera/schrodinger/schrodinger2017-4-advanced/jaguar results -esolv SM11_micro005_conf_2.sol_h.out

Executing subprocess:
/data/chodera/schrodinger/schrodinger2017-4-advanced/jaguar results -energy SM11_micro005_conf_3.nrg_h.out

Executing subprocess:
/data/chodera/schrodinger/schrodinger2017-4-advanced/jaguar results -esolv SM11_micro005_conf_3.sol_h.out

Executing subprocess:
/data/chodera/schrodinger/schrodinger2017-4-advanced/jaguar results -energy SM11_micro007_conf_1.nrg.out

Executing subprocess:
/data/chodera/schrodinger/schrodinger2017-4-advanced/jaguar results -esolv SM11_micro007_conf_1.sol.out

Executing subprocess:
/data/chodera/schrodinger/schrodinger2017-4-advanced/jaguar results -energy SM11_micro007_conf_2.nrg.out

Executing subprocess:
/data/chodera/schrodinger/schrodinger2017-4-advanced/jaguar results -esolv SM11_micro007_conf_2.sol.out

Executing subprocess:
/data/chodera/schrodinger/schrodinger2017-4-advanced/jaguar-v9.8/bin/Linux-x86_64/pka -o SM11_micro005_deprot-out.mae -j SM11_micro005.jres -n -d

Executing subprocess:
/data/chodera/schrodinger/schrodinger2017-4-advanced/jaguar-v9.8/bin/Linux-x86_64/pka -o SM11_micro005_prot-out.mae -j SM11_micro005.jres -n

pKa calculation for SM11_micro005 completed.

pKa workflow jag_SM11_micro005_SM11_micro007 completed.

Timer (Jaguar pKa) : 2319.97 secs (0 hrs, 38 mins, 39 secs)
Timer (jaguar_backend.py) : 2319.97 secs (0 hrs, 38 mins, 39 secs)
Finished:   Fri May  4 14:13:48 2018
