Taking protonated structures from:
SM09_micro013_conf_1.dft_h.01.mae
SM09_micro013_conf_2.dft_h.01.mae
SM09_micro013_conf_3.dft_h.01.mae
SM09_micro013_conf_4.dft_h.01.mae
SM09_micro013_conf_5.dft_h.01.mae
Taking deprotonated structures from:
SM09_micro001_conf_1.dft.01.mae
SM09_micro001_conf_2.dft.01.mae
SM09_micro001_conf_3.dft.01.mae
SM09_micro001_conf_4.dft.01.mae
SM09_micro001_conf_5.dft.01.mae

Corrected results for 'protonated' structure in water:
pKa atom: 20

 # 	           Shell           	 pKa 	RMSD	 Contribution
---	---------------------------	-----	-----	--------------
1: 	heterocycle custom 1       	-4.50	0.617	    64.32%
2: 	heterocycle                	-3.94	0.837	    33.29%
3: 	Protonation of generic atom	-1.69	2.264	     2.39%

 Final weighted pKa value is -4.25



