Command:    jaguar run pka.py -jobname jag_SM24_micro032_SM24_micro029 -PARALLEL 10 -n -csrch -prot SM24_micro032.in -deprot SM24_micro029.in
Release:    2017-4
Exec:       /data/chodera/schrodinger/schrodinger2017-4-advanced/jaguar-v9.8/bin/Linux-x86_64
Host:       lt02
JobId:      lilac-0-5aecd637
JobDir:     /lila/data/chodera/schrodinger/tmpdir/rustenburg/jag_SM24_micro032_SM24_micro029
Date:       Fri May  4 19:23:16 2018

Contents of /lila/data/chodera/schrodinger/tmpdir/rustenburg/jag_SM24_micro032_SM24_micro029:
/lila/data/chodera/schrodinger/tmpdir/rustenburg/jag_SM24_micro032_SM24_micro029/lilac-0-5aecd637.jlog
/lila/data/chodera/schrodinger/tmpdir/rustenburg/jag_SM24_micro032_SM24_micro029/lilac-0-5aecd637.recover
/lila/data/chodera/schrodinger/tmpdir/rustenburg/jag_SM24_micro032_SM24_micro029/SM24_micro032.mae
/lila/data/chodera/schrodinger/tmpdir/rustenburg/jag_SM24_micro032_SM24_micro029/lilac-0-5aecd637.mpinodes
/lila/data/chodera/schrodinger/tmpdir/rustenburg/jag_SM24_micro032_SM24_micro029/lilac-0-5aecd637.nodes
/lila/data/chodera/schrodinger/tmpdir/rustenburg/jag_SM24_micro032_SM24_micro029/jag_SM24_micro032_SM24_micro029.recover
/lila/data/chodera/schrodinger/tmpdir/rustenburg/jag_SM24_micro032_SM24_micro029/SM24_micro029.mae
/lila/data/chodera/schrodinger/tmpdir/rustenburg/jag_SM24_micro032_SM24_micro029/lilac-0-5aecd637.hosts
/lila/data/chodera/schrodinger/tmpdir/rustenburg/jag_SM24_micro032_SM24_micro029/jag_SM24_micro032_SM24_micro029.log
/lila/data/chodera/schrodinger/tmpdir/rustenburg/jag_SM24_micro032_SM24_micro029/lilac-0-5aecd637
/lila/data/chodera/schrodinger/tmpdir/rustenburg/jag_SM24_micro032_SM24_micro029/SM24_micro029.in
/lila/data/chodera/schrodinger/tmpdir/rustenburg/jag_SM24_micro032_SM24_micro029/SM24_micro032.in

=====================
 Jaguar pKa workflow
=====================

Analysing user-provided (prot, deprot) pair:
(SM24_micro032.in, SM24_micro029.in)
Found labile hydrogen 52 in SM24_micro032.in
Found labile hydrogen at atom 29 in SM24_micro029.in
Adding 'ipkat' keyword to input files.

Identifying pKa functional group for pair:
(SM24_micro032, SM24_micro029)

Executing subprocess:
/data/chodera/schrodinger/schrodinger2017-4-advanced/jaguar-v9.8/bin/Linux-x86_64/pka -i -j SM24_micro032.tmp.jres -n

Taking protonated structures from:
SM24_micro032.mae
Taking deprotonated structures from:
SM24_micro029.mae

This molecule from 'SM24_micro032.mae' in water was recognized as:

 # 	            Shell             
---	------------------------------
1: 	alcohol                       
2: 	Protonation of generic atom   
3: 	Protonation of sp2-like oxygen


Executing conformational search...

Executing 2 distributed subjobs:
---------------------------------

No more than 8 cpu(s) will be used per subjob.
No more than 10 cpu(s) will be used simultaneously.

Processing the following subjobs:
(1) jaguar run csrch.py SM24_micro032.mae -jobname SM24_micro032 -max_conf 5 -erg_window 50.208 -acc_level 1 -TPP 5
(2) jaguar run csrch.py SM24_micro029.mae -jobname SM24_micro029 -max_conf 5 -erg_window 50.208 -acc_level 1 -TPP 5

Running subjobs on hosts:
  lsf-cpu (Max: 2)
Number of jobs:       2
Max retries per job:  3
Max allowed failures: unlimited
Run with -LOCAL:      False
Verbosity:            normal

Starting JobDJ...

Keep one job on driver host: False
JobDJ columns:
  C: Number of completed subjobs
  A: Number of active subjobs (e.g., submitted, running)
  W: Number of waiting/pending subjobs

C A W | Activity  JobId  JobName  JobHost
- - - | --------- -----------------------
0 1 1 | launched  lt02-25-5aeceb85 SM24_micro032 lsf-cpu
0 2 0 | launched  lt02-21-5aeceb99 SM24_micro029 lsf-cpu
1 1 0 | finished  lt02-25-5aeceb85 SM24_micro032 lsf-cpu [ls07]
2 0 0 | finished  lt02-21-5aeceb99 SM24_micro029 lsf-cpu [lt08]

All jobs have completed.

2 of 2 job(s) succeeded; 0 job(s) failed.

Timer (distribute subjobs) : 8671.10 secs (2 hrs, 24 mins, 31 secs)

Setting up QM workflow for (protonated, deprotonated) pair:
(1) (SM24_micro032, SM24_micro029)

Executing Jaguar quantum-mechanical subjobs...

Executing 10 distributed subjobs:
----------------------------------

No more than 8 cpu(s) will be used per subjob.
No more than 10 cpu(s) will be used simultaneously.

Processing the following subjobs:
(1) jaguar run pka_prot.bat -jobname SM24_micro032_conf_1 SM24_micro032_conf_1.in
(2) jaguar run pka_prot.bat -jobname SM24_micro032_conf_2 SM24_micro032_conf_2.in
(3) jaguar run pka_prot.bat -jobname SM24_micro032_conf_3 SM24_micro032_conf_3.in
(4) jaguar run pka_prot.bat -jobname SM24_micro032_conf_4 SM24_micro032_conf_4.in
(5) jaguar run pka_prot.bat -jobname SM24_micro032_conf_5 SM24_micro032_conf_5.in
(6) jaguar run pka_deprot.bat -jobname SM24_micro029_conf_1 SM24_micro029_conf_1.in
(7) jaguar run pka_deprot.bat -jobname SM24_micro029_conf_2 SM24_micro029_conf_2.in
(8) jaguar run pka_deprot.bat -jobname SM24_micro029_conf_3 SM24_micro029_conf_3.in
(9) jaguar run pka_deprot.bat -jobname SM24_micro029_conf_4 SM24_micro029_conf_4.in
(10) jaguar run pka_deprot.bat -jobname SM24_micro029_conf_5 SM24_micro029_conf_5.in

Running subjobs on hosts:
  lsf-cpu (Max: 10)
Number of jobs:       10
Max retries per job:  3
Max allowed failures: unlimited
Run with -LOCAL:      False
Verbosity:            normal

Starting JobDJ...

Keep one job on driver host: True
JobDJ columns:
  C: Number of completed subjobs
  A: Number of active subjobs (e.g., submitted, running)
  W: Number of waiting/pending subjobs

 C  A  W | Activity  JobId  JobName  JobHost
-- -- -- | --------- -----------------------
 0  1  9 | launched  lt02-0-5aed0d4f SM24_micro032_conf_1 localhost [lt02]
 0  2  8 | launched  lt02-0-5aed0d53 SM24_micro032_conf_2 lsf-cpu
 0  3  7 | launched  lt02-0-5aed0d58 SM24_micro032_conf_3 lsf-cpu
 0  4  6 | launched  lt02-1-5aed0d5c SM24_micro032_conf_4 lsf-cpu
 0  5  5 | launched  lt02-1-5aed0d61 SM24_micro032_conf_5 lsf-cpu
 0  6  4 | launched  lt02-0-5aed0d68 SM24_micro029_conf_1 lsf-cpu
 0  7  3 | launched  lt02-0-5aed0d6d SM24_micro029_conf_2 lsf-cpu
 0  8  2 | launched  lt02-1-5aed0d72 SM24_micro029_conf_3 lsf-cpu
 0  9  1 | launched  lt02-0-5aed0d77 SM24_micro029_conf_4 lsf-cpu
 0 10  0 | launched  lt02-0-5aed0d7c SM24_micro029_conf_5 lsf-cpu
