Command:    jaguar run pka.py -jobname jag_SM18_micro034_SM18_micro007 -PARALLEL 10 -WAIT -n -csrch -prot SM18_micro034.in -deprot SM18_micro007.in
Release:    2017-4
Exec:       /data/chodera/schrodinger/schrodinger2017-4-advanced/jaguar-v9.8/bin/Linux-x86_64
Host:       lt01
JobId:      lt01-4-5af456d4
JobDir:     /lila/data/chodera/schrodinger/tmpdir/rustenburg/jag_SM18_micro034_SM18_micro007.1
Date:       Thu May 10 10:27:35 2018

Contents of /lila/data/chodera/schrodinger/tmpdir/rustenburg/jag_SM18_micro034_SM18_micro007.1:
/lila/data/chodera/schrodinger/tmpdir/rustenburg/jag_SM18_micro034_SM18_micro007.1/SM18_micro034.mae
/lila/data/chodera/schrodinger/tmpdir/rustenburg/jag_SM18_micro034_SM18_micro007.1/jag_SM18_micro034_SM18_micro007.recover
/lila/data/chodera/schrodinger/tmpdir/rustenburg/jag_SM18_micro034_SM18_micro007.1/jag_SM18_micro034_SM18_micro007.log
/lila/data/chodera/schrodinger/tmpdir/rustenburg/jag_SM18_micro034_SM18_micro007.1/SM18_micro034.in
/lila/data/chodera/schrodinger/tmpdir/rustenburg/jag_SM18_micro034_SM18_micro007.1/lt01-4-5af456d4
/lila/data/chodera/schrodinger/tmpdir/rustenburg/jag_SM18_micro034_SM18_micro007.1/lt01-4-5af456d4.mpinodes
/lila/data/chodera/schrodinger/tmpdir/rustenburg/jag_SM18_micro034_SM18_micro007.1/lt01-4-5af456d4.recover
/lila/data/chodera/schrodinger/tmpdir/rustenburg/jag_SM18_micro034_SM18_micro007.1/SM18_micro007.mae
/lila/data/chodera/schrodinger/tmpdir/rustenburg/jag_SM18_micro034_SM18_micro007.1/SM18_micro007.in

=====================
 Jaguar pKa workflow
=====================

Analysing user-provided (prot, deprot) pair:
(SM18_micro034.in, SM18_micro007.in)
Found labile hydrogen 39 in SM18_micro034.in
Found labile hydrogen at atom 13 in SM18_micro007.in
Adding 'ipkat' keyword to input files.

Identifying pKa functional group for pair:
(SM18_micro034, SM18_micro007)

Executing subprocess:
/data/chodera/schrodinger/schrodinger2017-4-advanced/jaguar-v9.8/bin/Linux-x86_64/pka -i -j SM18_micro034.tmp.jres -n

Taking protonated structures from:
SM18_micro034.mae
Taking deprotonated structures from:
SM18_micro007.mae

This molecule from 'SM18_micro034.mae' in water was recognized as:

 # 	                 Shell                  
---	----------------------------------------
1: 	mono keto CH acid                       
2: 	Protonation of generic atom             
3: 	aliphatic CH acid in water              
4: 	Protonation of sp2-like aliphatic carbon


Executing conformational search...

Executing 2 distributed subjobs:
---------------------------------

No more than 8 cpu(s) will be used per subjob.
No more than 10 cpu(s) will be used simultaneously.

Processing the following subjobs:
(1) jaguar run csrch.py SM18_micro034.mae -jobname SM18_micro034 -max_conf 5 -erg_window 50.208 -acc_level 1 -TPP 5
(2) jaguar run csrch.py SM18_micro007.mae -jobname SM18_micro007 -max_conf 5 -erg_window 50.208 -acc_level 1 -TPP 5

Running subjobs on hosts:
  localhost (Max: 2)
Number of jobs:       2
Max retries per job:  3
Max allowed failures: unlimited
Run with -LOCAL:      False
Verbosity:            normal

Starting JobDJ...

Keep one job on driver host: False
JobDJ columns:
  C: Number of completed subjobs
  A: Number of active subjobs (e.g., submitted, running)
  W: Number of waiting/pending subjobs

C A W | Activity  JobId  JobName  JobHost
- - - | --------- -----------------------
0 1 1 | launched  lt01-4-5af456dc SM18_micro034 localhost [lt01]
0 2 0 | launched  lt01-2-5af456e0 SM18_micro007 localhost [lt01]
1 1 0 | finished  lt01-4-5af456dc SM18_micro034 localhost [lt01]
2 0 0 | finished  lt01-2-5af456e0 SM18_micro007 localhost [lt01]

All jobs have completed.

2 of 2 job(s) succeeded; 0 job(s) failed.

Timer (distribute subjobs) : 1514.85 secs (0 hrs, 25 mins, 14 secs)

Setting up QM workflow for (protonated, deprotonated) pair:
(1) (SM18_micro034, SM18_micro007)

Executing Jaguar quantum-mechanical subjobs...

Executing 10 distributed subjobs:
----------------------------------

No more than 8 cpu(s) will be used per subjob.
No more than 10 cpu(s) will be used simultaneously.

Processing the following subjobs:
(1) jaguar run pka_prot.bat -jobname SM18_micro034_conf_1 SM18_micro034_conf_1.in
(2) jaguar run pka_prot.bat -jobname SM18_micro034_conf_2 SM18_micro034_conf_2.in
(3) jaguar run pka_prot.bat -jobname SM18_micro034_conf_3 SM18_micro034_conf_3.in
(4) jaguar run pka_prot.bat -jobname SM18_micro034_conf_4 SM18_micro034_conf_4.in
(5) jaguar run pka_prot.bat -jobname SM18_micro034_conf_5 SM18_micro034_conf_5.in
(6) jaguar run pka_deprot.bat -jobname SM18_micro007_conf_1 SM18_micro007_conf_1.in
(7) jaguar run pka_deprot.bat -jobname SM18_micro007_conf_2 SM18_micro007_conf_2.in
(8) jaguar run pka_deprot.bat -jobname SM18_micro007_conf_3 SM18_micro007_conf_3.in
(9) jaguar run pka_deprot.bat -jobname SM18_micro007_conf_4 SM18_micro007_conf_4.in
(10) jaguar run pka_deprot.bat -jobname SM18_micro007_conf_5 SM18_micro007_conf_5.in

Running subjobs on hosts:
  localhost (Max: 10)
Number of jobs:       10
Max retries per job:  3
Max allowed failures: unlimited
Run with -LOCAL:      False
Verbosity:            normal

Starting JobDJ...

Keep one job on driver host: False
JobDJ columns:
  C: Number of completed subjobs
  A: Number of active subjobs (e.g., submitted, running)
  W: Number of waiting/pending subjobs

 C  A  W | Activity  JobId  JobName  JobHost
-- -- -- | --------- -----------------------
 0  1  9 | launched  lt01-2-5af45ccb SM18_micro034_conf_1 localhost [lt01]
WARNING: Job launch failed for 1/2 times.
% jaguar run pka_prot.bat -jobname SM18_micro034_conf_2 SM18_micro034_conf_2.in -HOST localhost
Output
Launch failed: Process timed out after 300.0 seconds.

Command:
/data/chodera/schrodinger/schrodinger2017-4-advanced/jaguar run pka_prot.bat -jobname SM18_micro034_conf_2 SM18_micro034_conf_2.in -HOST localhost
Output:

WARNING: Job launch failed for 2/2 times.
% jaguar run pka_prot.bat -jobname SM18_micro034_conf_2 SM18_micro034_conf_2.in -HOST localhost
Output
Launch failed: Process timed out after 300.0 seconds.

Command:
/data/chodera/schrodinger/schrodinger2017-4-advanced/jaguar run pka_prot.bat -jobname SM18_micro034_conf_2 SM18_micro034_conf_2.in -HOST localhost
Output:

 0  2  8 | launched  lt01-0-5af45f2c SM18_micro034_conf_3 localhost [lt01]
 0  3  7 | launched  lt01-1-5af46008 SM18_micro034_conf_4 localhost [lt01]
 0  4  6 | launched  lt01-0-5af4600f SM18_micro034_conf_5 localhost [lt01]
 0  5  5 | launched  lt01-6-5af46014 SM18_micro007_conf_1 localhost [lt01]
 0  6  4 | restarted lt01-2-5af4601a SM18_micro034_conf_2 localhost [lt01]
 0  7  3 | launched  lt01-0-5af4601e SM18_micro007_conf_2 localhost [lt01]
 0  8  2 | launched  lt01-1-5af46022 SM18_micro007_conf_3 localhost [lt01]
 0  9  1 | launched  lt01-0-5af46025 SM18_micro007_conf_4 localhost [lt01]
 0 10  0 | launched  lt01-0-5af46028 SM18_micro007_conf_5 localhost [lt01]
 1  9  0 | finished  lt01-2-5af45ccb SM18_micro034_conf_1 localhost [lt01]
 2  8  0 | finished  lt01-1-5af46008 SM18_micro034_conf_4 localhost [lt01]
 3  7  0 | finished  lt01-0-5af4600f SM18_micro034_conf_5 localhost [lt01]
 4  6  0 | finished  lt01-2-5af4601a SM18_micro034_conf_2 localhost [lt01]
 5  5  0 | finished  lt01-0-5af46025 SM18_micro007_conf_4 localhost [lt01]
 6  4  0 | finished  lt01-0-5af4601e SM18_micro007_conf_2 localhost [lt01]
 7  3  0 | finished  lt01-0-5af45f2c SM18_micro034_conf_3 localhost [lt01]
 8  2  0 | finished  lt01-0-5af46028 SM18_micro007_conf_5 localhost [lt01]
 9  1  0 | finished  lt01-1-5af46022 SM18_micro007_conf_3 localhost [lt01]
10  0  0 | finished  lt01-6-5af46014 SM18_micro007_conf_1 localhost [lt01]

All jobs have completed.

10 of 10 job(s) succeeded; 0 job(s) failed.

Timer (distribute subjobs) : 21391.11 secs (5 hrs, 56 mins, 31 secs)

Processing QM output files...

Executing subprocess:
/data/chodera/schrodinger/schrodinger2017-4-advanced/jaguar results -energy SM18_micro034_conf_1.nrg_h.out

Executing subprocess:
/data/chodera/schrodinger/schrodinger2017-4-advanced/jaguar results -esolv SM18_micro034_conf_1.sol_h.out

Executing subprocess:
/data/chodera/schrodinger/schrodinger2017-4-advanced/jaguar results -energy SM18_micro034_conf_2.nrg_h.out

Executing subprocess:
/data/chodera/schrodinger/schrodinger2017-4-advanced/jaguar results -esolv SM18_micro034_conf_2.sol_h.out

Executing subprocess:
/data/chodera/schrodinger/schrodinger2017-4-advanced/jaguar results -energy SM18_micro034_conf_3.nrg_h.out

Executing subprocess:
/data/chodera/schrodinger/schrodinger2017-4-advanced/jaguar results -esolv SM18_micro034_conf_3.sol_h.out

Executing subprocess:
/data/chodera/schrodinger/schrodinger2017-4-advanced/jaguar results -energy SM18_micro034_conf_4.nrg_h.out

Executing subprocess:
/data/chodera/schrodinger/schrodinger2017-4-advanced/jaguar results -esolv SM18_micro034_conf_4.sol_h.out

Executing subprocess:
/data/chodera/schrodinger/schrodinger2017-4-advanced/jaguar results -energy SM18_micro034_conf_5.nrg_h.out

Executing subprocess:
/data/chodera/schrodinger/schrodinger2017-4-advanced/jaguar results -esolv SM18_micro034_conf_5.sol_h.out

Executing subprocess:
/data/chodera/schrodinger/schrodinger2017-4-advanced/jaguar results -energy SM18_micro007_conf_1.nrg.out

Executing subprocess:
/data/chodera/schrodinger/schrodinger2017-4-advanced/jaguar results -esolv SM18_micro007_conf_1.sol.out

Executing subprocess:
/data/chodera/schrodinger/schrodinger2017-4-advanced/jaguar results -energy SM18_micro007_conf_2.nrg.out

Executing subprocess:
/data/chodera/schrodinger/schrodinger2017-4-advanced/jaguar results -esolv SM18_micro007_conf_2.sol.out

Executing subprocess:
/data/chodera/schrodinger/schrodinger2017-4-advanced/jaguar results -energy SM18_micro007_conf_3.nrg.out

Executing subprocess:
/data/chodera/schrodinger/schrodinger2017-4-advanced/jaguar results -esolv SM18_micro007_conf_3.sol.out

Executing subprocess:
/data/chodera/schrodinger/schrodinger2017-4-advanced/jaguar results -energy SM18_micro007_conf_4.nrg.out

Executing subprocess:
/data/chodera/schrodinger/schrodinger2017-4-advanced/jaguar results -esolv SM18_micro007_conf_4.sol.out

Executing subprocess:
/data/chodera/schrodinger/schrodinger2017-4-advanced/jaguar results -energy SM18_micro007_conf_5.nrg.out

Executing subprocess:
/data/chodera/schrodinger/schrodinger2017-4-advanced/jaguar results -esolv SM18_micro007_conf_5.sol.out

Executing subprocess:
/data/chodera/schrodinger/schrodinger2017-4-advanced/jaguar-v9.8/bin/Linux-x86_64/pka -o SM18_micro034_deprot-out.mae -j SM18_micro034.jres -n -d

Executing subprocess:
/data/chodera/schrodinger/schrodinger2017-4-advanced/jaguar-v9.8/bin/Linux-x86_64/pka -o SM18_micro034_prot-out.mae -j SM18_micro034.jres -n

pKa calculation for SM18_micro034 completed.

pKa workflow jag_SM18_micro034_SM18_micro007 completed.

Timer (Jaguar pKa) : 22991.17 secs (6 hrs, 23 mins, 11 secs)
Timer (jaguar_backend.py) : 22991.17 secs (6 hrs, 23 mins, 11 secs)
Finished:   Thu May 10 16:50:46 2018
