Taking protonated structures from:
SM18_micro056_conf_1.dft_h.01.mae
SM18_micro056_conf_2.dft_h.01.mae
SM18_micro056_conf_3.dft_h.01.mae
SM18_micro056_conf_4.dft_h.01.mae
SM18_micro056_conf_5.dft_h.01.mae
Taking deprotonated structures from:
SM18_micro069_conf_1.dft.01.mae
SM18_micro069_conf_2.dft.01.mae
SM18_micro069_conf_3.dft.01.mae
SM18_micro069_conf_4.dft.01.mae
SM18_micro069_conf_5.dft.01.mae

Corrected results for 'protonated' structure in water:
pKa atom: 31

 # 	                  Shell                  	 pKa 	RMSD	 Contribution
---	-----------------------------------------	-----	-----	--------------
1: 	delta lactam                             	 4.77	0.508	    32.12%
2: 	4-pyrimidone as acid                     	 4.36	0.530	    60.34%
3: 	Protonation of sp2-like aromatic nitrogen	 4.25	1.014	     6.92%
4: 	Protonation of generic atom              	 4.55	2.264	     0.62%

 Final weighted pKa value is 4.48



