Command:    jaguar run pka.py -jobname jag_SM23_micro048_SM23_micro046 -PARALLEL 10 -n -csrch -prot SM23_micro048.in -deprot SM23_micro046.in
Release:    2017-4
Exec:       /data/chodera/schrodinger/schrodinger2017-4-advanced/jaguar-v9.8/bin/Linux-x86_64
Host:       lt09
JobId:      lilac-0-5aecd4b0
JobDir:     /lila/data/chodera/schrodinger/tmpdir/rustenburg/jag_SM23_micro048_SM23_micro046
Date:       Fri May  4 19:23:15 2018

Contents of /lila/data/chodera/schrodinger/tmpdir/rustenburg/jag_SM23_micro048_SM23_micro046:
/lila/data/chodera/schrodinger/tmpdir/rustenburg/jag_SM23_micro048_SM23_micro046/lilac-0-5aecd4b0
/lila/data/chodera/schrodinger/tmpdir/rustenburg/jag_SM23_micro048_SM23_micro046/SM23_micro046.in
/lila/data/chodera/schrodinger/tmpdir/rustenburg/jag_SM23_micro048_SM23_micro046/SM23_micro046.mae
/lila/data/chodera/schrodinger/tmpdir/rustenburg/jag_SM23_micro048_SM23_micro046/lilac-0-5aecd4b0.recover
/lila/data/chodera/schrodinger/tmpdir/rustenburg/jag_SM23_micro048_SM23_micro046/jag_SM23_micro048_SM23_micro046.log
/lila/data/chodera/schrodinger/tmpdir/rustenburg/jag_SM23_micro048_SM23_micro046/lilac-0-5aecd4b0.nodes
/lila/data/chodera/schrodinger/tmpdir/rustenburg/jag_SM23_micro048_SM23_micro046/SM23_micro048.mae
/lila/data/chodera/schrodinger/tmpdir/rustenburg/jag_SM23_micro048_SM23_micro046/jag_SM23_micro048_SM23_micro046.recover
/lila/data/chodera/schrodinger/tmpdir/rustenburg/jag_SM23_micro048_SM23_micro046/SM23_micro048.in
/lila/data/chodera/schrodinger/tmpdir/rustenburg/jag_SM23_micro048_SM23_micro046/lilac-0-5aecd4b0.hosts
/lila/data/chodera/schrodinger/tmpdir/rustenburg/jag_SM23_micro048_SM23_micro046/lilac-0-5aecd4b0.mpinodes
/lila/data/chodera/schrodinger/tmpdir/rustenburg/jag_SM23_micro048_SM23_micro046/lilac-0-5aecd4b0.jlog

=====================
 Jaguar pKa workflow
=====================

Analysing user-provided (prot, deprot) pair:
(SM23_micro048.in, SM23_micro046.in)
Error: heavy atoms are different in input files:
SM23_micro048.in
SM23_micro046.in


An error has occurred.  Information about the error has been written to 
/home/rustenburg/.schrodinger/exceptions/error20180504-192316-2.txt 

Please contact help@schrodinger.com for assistance. Include error20180504-192316-2.txt and a description of what you were doing when the error occurred.
