Command:    jaguar run pka.py -jobname jag_SM21_micro024_SM21_micro003 -PARALLEL 10 -n -csrch -prot SM21_micro024.in -deprot SM21_micro003.in
Release:    2017-4
Exec:       /data/chodera/schrodinger/schrodinger2017-4-advanced/jaguar-v9.8/bin/Linux-x86_64
Host:       ls15
JobId:      lilac-0-5aecd02f
JobDir:     /lila/data/chodera/schrodinger/tmpdir/rustenburg/jag_SM21_micro024_SM21_micro003
Date:       Fri May  4 19:18:39 2018

Contents of /lila/data/chodera/schrodinger/tmpdir/rustenburg/jag_SM21_micro024_SM21_micro003:
/lila/data/chodera/schrodinger/tmpdir/rustenburg/jag_SM21_micro024_SM21_micro003/lilac-0-5aecd02f.nodes
/lila/data/chodera/schrodinger/tmpdir/rustenburg/jag_SM21_micro024_SM21_micro003/SM21_micro024.mae
/lila/data/chodera/schrodinger/tmpdir/rustenburg/jag_SM21_micro024_SM21_micro003/lilac-0-5aecd02f.recover
/lila/data/chodera/schrodinger/tmpdir/rustenburg/jag_SM21_micro024_SM21_micro003/lilac-0-5aecd02f
/lila/data/chodera/schrodinger/tmpdir/rustenburg/jag_SM21_micro024_SM21_micro003/lilac-0-5aecd02f.hosts
/lila/data/chodera/schrodinger/tmpdir/rustenburg/jag_SM21_micro024_SM21_micro003/lilac-0-5aecd02f.mpinodes
/lila/data/chodera/schrodinger/tmpdir/rustenburg/jag_SM21_micro024_SM21_micro003/jag_SM21_micro024_SM21_micro003.log
/lila/data/chodera/schrodinger/tmpdir/rustenburg/jag_SM21_micro024_SM21_micro003/SM21_micro003.mae
/lila/data/chodera/schrodinger/tmpdir/rustenburg/jag_SM21_micro024_SM21_micro003/SM21_micro003.in
/lila/data/chodera/schrodinger/tmpdir/rustenburg/jag_SM21_micro024_SM21_micro003/SM21_micro024.in
/lila/data/chodera/schrodinger/tmpdir/rustenburg/jag_SM21_micro024_SM21_micro003/jag_SM21_micro024_SM21_micro003.recover
/lila/data/chodera/schrodinger/tmpdir/rustenburg/jag_SM21_micro024_SM21_micro003/lilac-0-5aecd02f.jlog

=====================
 Jaguar pKa workflow
=====================

Analysing user-provided (prot, deprot) pair:
(SM21_micro024.in, SM21_micro003.in)
Found labile hydrogen 31 in SM21_micro024.in
Found labile hydrogen at atom 16 in SM21_micro003.in
Adding 'ipkat' keyword to input files.

Identifying pKa functional group for pair:
(SM21_micro024, SM21_micro003)

Executing subprocess:
/data/chodera/schrodinger/schrodinger2017-4-advanced/jaguar-v9.8/bin/Linux-x86_64/pka -i -j SM21_micro024.tmp.jres -n

Taking protonated structures from:
SM21_micro024.mae
Taking deprotonated structures from:
SM21_micro003.mae

This molecule from 'SM21_micro024.mae' in water was recognized as:

 # 	                  Shell                   
---	------------------------------------------
1: 	RN=Het                                    
2: 	Protonation of sp2-like aliphatic nitrogen
3: 	Protonation of generic atom               


Executing conformational search...

Executing 2 distributed subjobs:
---------------------------------

No more than 8 cpu(s) will be used per subjob.
No more than 10 cpu(s) will be used simultaneously.

Processing the following subjobs:
(1) jaguar run csrch.py SM21_micro024.mae -jobname SM21_micro024 -max_conf 5 -erg_window 50.208 -acc_level 1 -TPP 5
(2) jaguar run csrch.py SM21_micro003.mae -jobname SM21_micro003 -max_conf 5 -erg_window 50.208 -acc_level 1 -TPP 5

Running subjobs on hosts:
  lsf-cpu (Max: 2)
Number of jobs:       2
Max retries per job:  3
Max allowed failures: unlimited
Run with -LOCAL:      False
Verbosity:            normal

Starting JobDJ...

Keep one job on driver host: False
JobDJ columns:
  C: Number of completed subjobs
  A: Number of active subjobs (e.g., submitted, running)
  W: Number of waiting/pending subjobs

C A W | Activity  JobId  JobName  JobHost
- - - | --------- -----------------------
0 1 1 | launched  ls15-3-5aecea55 SM21_micro024 lsf-cpu
0 2 0 | launched  ls15-0-5aecea5c SM21_micro003 lsf-cpu
1 1 0 | finished  ls15-0-5aecea5c SM21_micro003 lsf-cpu [lt08]
2 0 0 | finished  ls15-3-5aecea55 SM21_micro024 lsf-cpu [lt03]

All jobs have completed.

2 of 2 job(s) succeeded; 0 job(s) failed.

Timer (distribute subjobs) : 2652.68 secs (0 hrs, 44 mins, 12 secs)

Setting up QM workflow for (protonated, deprotonated) pair:
(1) (SM21_micro024, SM21_micro003)

Executing Jaguar quantum-mechanical subjobs...

Executing 10 distributed subjobs:
----------------------------------

No more than 8 cpu(s) will be used per subjob.
No more than 10 cpu(s) will be used simultaneously.

Processing the following subjobs:
(1) jaguar run pka_prot.bat -jobname SM21_micro024_conf_1 SM21_micro024_conf_1.in
(2) jaguar run pka_prot.bat -jobname SM21_micro024_conf_2 SM21_micro024_conf_2.in
(3) jaguar run pka_prot.bat -jobname SM21_micro024_conf_3 SM21_micro024_conf_3.in
(4) jaguar run pka_prot.bat -jobname SM21_micro024_conf_4 SM21_micro024_conf_4.in
(5) jaguar run pka_prot.bat -jobname SM21_micro024_conf_5 SM21_micro024_conf_5.in
(6) jaguar run pka_deprot.bat -jobname SM21_micro003_conf_1 SM21_micro003_conf_1.in
(7) jaguar run pka_deprot.bat -jobname SM21_micro003_conf_2 SM21_micro003_conf_2.in
(8) jaguar run pka_deprot.bat -jobname SM21_micro003_conf_3 SM21_micro003_conf_3.in
(9) jaguar run pka_deprot.bat -jobname SM21_micro003_conf_4 SM21_micro003_conf_4.in
(10) jaguar run pka_deprot.bat -jobname SM21_micro003_conf_5 SM21_micro003_conf_5.in

Running subjobs on hosts:
  lsf-cpu (Max: 10)
Number of jobs:       10
Max retries per job:  3
Max allowed failures: unlimited
Run with -LOCAL:      False
Verbosity:            normal

Starting JobDJ...

Keep one job on driver host: True
JobDJ columns:
  C: Number of completed subjobs
  A: Number of active subjobs (e.g., submitted, running)
  W: Number of waiting/pending subjobs

 C  A  W | Activity  JobId  JobName  JobHost
-- -- -- | --------- -----------------------
 0  1  9 | launched  ls15-0-5aecf4c1 SM21_micro024_conf_1 localhost [ls15]
 0  2  8 | launched  ls15-0-5aecf4cc SM21_micro024_conf_2 lsf-cpu
 0  3  7 | launched  ls15-1-5aecf4d1 SM21_micro024_conf_3 lsf-cpu
 0  4  6 | launched  ls15-0-5aecf4d5 SM21_micro024_conf_4 lsf-cpu
 0  5  5 | launched  ls15-0-5aecf4d8 SM21_micro024_conf_5 lsf-cpu
 0  6  4 | launched  ls15-0-5aecf4dc SM21_micro003_conf_1 lsf-cpu
 0  7  3 | launched  ls15-0-5aecf4e0 SM21_micro003_conf_2 lsf-cpu
 0  8  2 | launched  ls15-0-5aecf4e4 SM21_micro003_conf_3 lsf-cpu
 0  9  1 | launched  ls15-0-5aecf4e8 SM21_micro003_conf_4 lsf-cpu
 0 10  0 | launched  ls15-0-5aecf4ec SM21_micro003_conf_5 lsf-cpu
 1  9  0 | finished  ls15-0-5aecf4c1 SM21_micro024_conf_1 localhost [ls15]
 1  9  0 | launched  ls15-0-5aed0380 SM21_micro003_conf_5 localhost [ls15]
