Command:    jaguar run pka.py -jobname jag_SM14_micro002_SM14_micro005 -PARALLEL 10 -n -csrch -prot SM14_micro002.in -deprot SM14_micro005.in
Release:    2017-4
Exec:       /data/chodera/schrodinger/schrodinger2017-4-advanced/jaguar-v9.8/bin/Linux-x86_64
Host:       lt21
JobId:      lilac-0-5aeca4bb
JobDir:     /lila/data/chodera/schrodinger/tmpdir/rustenburg/jag_SM14_micro002_SM14_micro005
Date:       Fri May  4 14:21:51 2018

Contents of /lila/data/chodera/schrodinger/tmpdir/rustenburg/jag_SM14_micro002_SM14_micro005:
/lila/data/chodera/schrodinger/tmpdir/rustenburg/jag_SM14_micro002_SM14_micro005/jag_SM14_micro002_SM14_micro005.recover
/lila/data/chodera/schrodinger/tmpdir/rustenburg/jag_SM14_micro002_SM14_micro005/SM14_micro005.in
/lila/data/chodera/schrodinger/tmpdir/rustenburg/jag_SM14_micro002_SM14_micro005/lilac-0-5aeca4bb.nodes
/lila/data/chodera/schrodinger/tmpdir/rustenburg/jag_SM14_micro002_SM14_micro005/SM14_micro002.mae
/lila/data/chodera/schrodinger/tmpdir/rustenburg/jag_SM14_micro002_SM14_micro005/lilac-0-5aeca4bb.jlog
/lila/data/chodera/schrodinger/tmpdir/rustenburg/jag_SM14_micro002_SM14_micro005/lilac-0-5aeca4bb
/lila/data/chodera/schrodinger/tmpdir/rustenburg/jag_SM14_micro002_SM14_micro005/lilac-0-5aeca4bb.recover
/lila/data/chodera/schrodinger/tmpdir/rustenburg/jag_SM14_micro002_SM14_micro005/lilac-0-5aeca4bb.hosts
/lila/data/chodera/schrodinger/tmpdir/rustenburg/jag_SM14_micro002_SM14_micro005/SM14_micro002.in
/lila/data/chodera/schrodinger/tmpdir/rustenburg/jag_SM14_micro002_SM14_micro005/lilac-0-5aeca4bb.mpinodes
/lila/data/chodera/schrodinger/tmpdir/rustenburg/jag_SM14_micro002_SM14_micro005/jag_SM14_micro002_SM14_micro005.log
/lila/data/chodera/schrodinger/tmpdir/rustenburg/jag_SM14_micro002_SM14_micro005/SM14_micro005.mae

=====================
 Jaguar pKa workflow
=====================

Analysing user-provided (prot, deprot) pair:
(SM14_micro002.in, SM14_micro005.in)
Found labile hydrogen 27 in SM14_micro002.in
Found labile hydrogen at atom 16 in SM14_micro005.in
Adding 'ipkat' keyword to input files.

Identifying pKa functional group for pair:
(SM14_micro002, SM14_micro005)

Executing subprocess:
/data/chodera/schrodinger/schrodinger2017-4-advanced/jaguar-v9.8/bin/Linux-x86_64/pka -i -j SM14_micro002.tmp.jres -n

Taking protonated structures from:
SM14_micro002.mae
Taking deprotonated structures from:
SM14_micro005.mae

This molecule from 'SM14_micro002.mae' in water was recognized as:

 # 	                  Shell                   
---	------------------------------------------
1: 	Protonation of sp2-like aliphatic nitrogen
2: 	Protonation of generic atom               


Executing conformational search...

Executing 2 distributed subjobs:
---------------------------------

No more than 8 cpu(s) will be used per subjob.
No more than 10 cpu(s) will be used simultaneously.

Processing the following subjobs:
(1) jaguar run csrch.py SM14_micro002.mae -jobname SM14_micro002 -max_conf 5 -erg_window 50.208 -acc_level 1 -TPP 5
(2) jaguar run csrch.py SM14_micro005.mae -jobname SM14_micro005 -max_conf 5 -erg_window 50.208 -acc_level 1 -TPP 5

Running subjobs on hosts:
  lsf-cpu (Max: 2)
Number of jobs:       2
Max retries per job:  3
Max allowed failures: unlimited
Run with -LOCAL:      False
Verbosity:            normal

Starting JobDJ...

Keep one job on driver host: False
JobDJ columns:
  C: Number of completed subjobs
  A: Number of active subjobs (e.g., submitted, running)
  W: Number of waiting/pending subjobs

C A W | Activity  JobId  JobName  JobHost
- - - | --------- -----------------------
0 1 1 | launched  lt21-0-5aeca4c4 SM14_micro002 lsf-cpu
0 2 0 | launched  lt21-0-5aeca4c7 SM14_micro005 lsf-cpu
1 1 0 | finished  lt21-0-5aeca4c4 SM14_micro002 lsf-cpu
2 0 0 | finished  lt21-0-5aeca4c7 SM14_micro005 lsf-cpu

All jobs have completed.

2 of 2 job(s) succeeded; 0 job(s) failed.

Timer (distribute subjobs) : 277.16 secs (0 hrs, 04 mins, 37 secs)

Setting up QM workflow for (protonated, deprotonated) pair:
(1) (SM14_micro002, SM14_micro005)

Executing Jaguar quantum-mechanical subjobs...

Executing 4 distributed subjobs:
---------------------------------

No more than 8 cpu(s) will be used per subjob.
No more than 10 cpu(s) will be used simultaneously.

Processing the following subjobs:
(1) jaguar run pka_prot.bat -jobname SM14_micro002_conf_1 SM14_micro002_conf_1.in -TPP 3
(2) jaguar run pka_prot.bat -jobname SM14_micro002_conf_2 SM14_micro002_conf_2.in -TPP 3
(3) jaguar run pka_deprot.bat -jobname SM14_micro005_conf_1 SM14_micro005_conf_1.in -TPP 2
(4) jaguar run pka_deprot.bat -jobname SM14_micro005_conf_2 SM14_micro005_conf_2.in -TPP 2

Running subjobs on hosts:
  lsf-cpu (Max: 4)
Number of jobs:       4
Max retries per job:  3
Max allowed failures: unlimited
Run with -LOCAL:      False
Verbosity:            normal

Starting JobDJ...

Keep one job on driver host: False
JobDJ columns:
  C: Number of completed subjobs
  A: Number of active subjobs (e.g., submitted, running)
  W: Number of waiting/pending subjobs

C A W | Activity  JobId  JobName  JobHost
- - - | --------- -----------------------
0 1 3 | launched  lt21-0-5aeca5d9 SM14_micro002_conf_1 lsf-cpu
0 2 2 | launched  lt21-0-5aeca5dd SM14_micro002_conf_2 lsf-cpu
0 3 1 | launched  lt21-0-5aeca5e0 SM14_micro005_conf_1 lsf-cpu
0 4 0 | launched  lt21-0-5aeca5e3 SM14_micro005_conf_2 lsf-cpu
1 3 0 | finished  lt21-0-5aeca5e3 SM14_micro005_conf_2 lsf-cpu [lt16]
2 2 0 | finished  lt21-0-5aeca5e0 SM14_micro005_conf_1 lsf-cpu [ls10]
3 1 0 | finished  lt21-0-5aeca5d9 SM14_micro002_conf_1 lsf-cpu [ls10]
4 0 0 | finished  lt21-0-5aeca5dd SM14_micro002_conf_2 lsf-cpu [ls10]

All jobs have completed.

4 of 4 job(s) succeeded; 0 job(s) failed.

Timer (distribute subjobs) : 1294.92 secs (0 hrs, 21 mins, 34 secs)

Processing QM output files...

Executing subprocess:
/data/chodera/schrodinger/schrodinger2017-4-advanced/jaguar results -energy SM14_micro002_conf_1.nrg_h.out

Executing subprocess:
/data/chodera/schrodinger/schrodinger2017-4-advanced/jaguar results -esolv SM14_micro002_conf_1.sol_h.out

Executing subprocess:
/data/chodera/schrodinger/schrodinger2017-4-advanced/jaguar results -energy SM14_micro002_conf_2.nrg_h.out

Executing subprocess:
/data/chodera/schrodinger/schrodinger2017-4-advanced/jaguar results -esolv SM14_micro002_conf_2.sol_h.out

Executing subprocess:
/data/chodera/schrodinger/schrodinger2017-4-advanced/jaguar results -energy SM14_micro005_conf_1.nrg.out

Executing subprocess:
/data/chodera/schrodinger/schrodinger2017-4-advanced/jaguar results -esolv SM14_micro005_conf_1.sol.out

Executing subprocess:
/data/chodera/schrodinger/schrodinger2017-4-advanced/jaguar results -energy SM14_micro005_conf_2.nrg.out

Executing subprocess:
/data/chodera/schrodinger/schrodinger2017-4-advanced/jaguar results -esolv SM14_micro005_conf_2.sol.out

Executing subprocess:
/data/chodera/schrodinger/schrodinger2017-4-advanced/jaguar-v9.8/bin/Linux-x86_64/pka -o SM14_micro002_deprot-out.mae -j SM14_micro002.jres -n -d

Executing subprocess:
/data/chodera/schrodinger/schrodinger2017-4-advanced/jaguar-v9.8/bin/Linux-x86_64/pka -o SM14_micro002_prot-out.mae -j SM14_micro002.jres -n

pKa calculation for SM14_micro002 completed.

pKa workflow jag_SM14_micro002_SM14_micro005 completed.

Timer (Jaguar pKa) : 1619.86 secs (0 hrs, 26 mins, 59 secs)
Timer (jaguar_backend.py) : 1619.86 secs (0 hrs, 26 mins, 59 secs)
Finished:   Fri May  4 14:48:51 2018
