Command:    jaguar run pka.py -jobname jag_SM23_micro045_SM23_micro039 -PARALLEL 10 -WAIT -n -csrch -prot SM23_micro045.in -deprot SM23_micro039.in
Release:    2017-4
Exec:       /data/chodera/schrodinger/schrodinger2017-4-advanced/jaguar-v9.8/bin/Linux-x86_64
Host:       ls14
JobId:      ls14-0-5af46e6e
JobDir:     /lila/data/chodera/schrodinger/tmpdir/rustenburg/jag_SM23_micro045_SM23_micro039
Date:       Thu May 10 12:08:16 2018

Contents of /lila/data/chodera/schrodinger/tmpdir/rustenburg/jag_SM23_micro045_SM23_micro039:
/lila/data/chodera/schrodinger/tmpdir/rustenburg/jag_SM23_micro045_SM23_micro039/jag_SM23_micro045_SM23_micro039.log
/lila/data/chodera/schrodinger/tmpdir/rustenburg/jag_SM23_micro045_SM23_micro039/SM23_micro045.mae
/lila/data/chodera/schrodinger/tmpdir/rustenburg/jag_SM23_micro045_SM23_micro039/jag_SM23_micro045_SM23_micro039.recover
/lila/data/chodera/schrodinger/tmpdir/rustenburg/jag_SM23_micro045_SM23_micro039/ls14-0-5af46e6e.mpinodes
/lila/data/chodera/schrodinger/tmpdir/rustenburg/jag_SM23_micro045_SM23_micro039/SM23_micro045.in
/lila/data/chodera/schrodinger/tmpdir/rustenburg/jag_SM23_micro045_SM23_micro039/ls14-0-5af46e6e
/lila/data/chodera/schrodinger/tmpdir/rustenburg/jag_SM23_micro045_SM23_micro039/ls14-0-5af46e6e.recover
/lila/data/chodera/schrodinger/tmpdir/rustenburg/jag_SM23_micro045_SM23_micro039/SM23_micro039.in
/lila/data/chodera/schrodinger/tmpdir/rustenburg/jag_SM23_micro045_SM23_micro039/SM23_micro039.mae

=====================
 Jaguar pKa workflow
=====================

Analysing user-provided (prot, deprot) pair:
(SM23_micro045.in, SM23_micro039.in)
Found labile hydrogen 35 in SM23_micro045.in
Found labile hydrogen at atom 20 in SM23_micro039.in
Adding 'ipkat' keyword to input files.

Identifying pKa functional group for pair:
(SM23_micro045, SM23_micro039)

Executing subprocess:
/data/chodera/schrodinger/schrodinger2017-4-advanced/jaguar-v9.8/bin/Linux-x86_64/pka -i -j SM23_micro045.tmp.jres -n

Taking protonated structures from:
SM23_micro045.mae
Taking deprotonated structures from:
SM23_micro039.mae

This molecule from 'SM23_micro045.mae' in water was recognized as:

 # 	                  Shell                   
---	------------------------------------------
1: 	secondary aniline                         
2: 	Protonation of sp3-like aliphatic nitrogen
3: 	Protonation of generic atom               


Executing conformational search...

Executing 2 distributed subjobs:
---------------------------------

No more than 8 cpu(s) will be used per subjob.
No more than 10 cpu(s) will be used simultaneously.

Processing the following subjobs:
(1) jaguar run csrch.py SM23_micro045.mae -jobname SM23_micro045 -max_conf 5 -erg_window 50.208 -acc_level 1 -TPP 5
(2) jaguar run csrch.py SM23_micro039.mae -jobname SM23_micro039 -max_conf 5 -erg_window 50.208 -acc_level 1 -TPP 5

Running subjobs on hosts:
  localhost (Max: 2)
Number of jobs:       2
Max retries per job:  3
Max allowed failures: unlimited
Run with -LOCAL:      False
Verbosity:            normal

Starting JobDJ...

Keep one job on driver host: False
JobDJ columns:
  C: Number of completed subjobs
  A: Number of active subjobs (e.g., submitted, running)
  W: Number of waiting/pending subjobs

C A W | Activity  JobId  JobName  JobHost
- - - | --------- -----------------------
0 1 1 | launched  ls14-0-5af46e79 SM23_micro045 localhost [ls14]
0 2 0 | launched  ls14-0-5af46e7b SM23_micro039 localhost [ls14]
1 1 0 | finished  ls14-0-5af46e7b SM23_micro039 localhost [ls14]
2 0 0 | finished  ls14-0-5af46e79 SM23_micro045 localhost [ls14]

All jobs have completed.

2 of 2 job(s) succeeded; 0 job(s) failed.

Timer (distribute subjobs) : 1811.99 secs (0 hrs, 30 mins, 11 secs)

Setting up QM workflow for (protonated, deprotonated) pair:
(1) (SM23_micro045, SM23_micro039)

Executing Jaguar quantum-mechanical subjobs...

Executing 10 distributed subjobs:
----------------------------------

No more than 8 cpu(s) will be used per subjob.
No more than 10 cpu(s) will be used simultaneously.

Processing the following subjobs:
(1) jaguar run pka_prot.bat -jobname SM23_micro045_conf_1 SM23_micro045_conf_1.in
(2) jaguar run pka_prot.bat -jobname SM23_micro045_conf_2 SM23_micro045_conf_2.in
(3) jaguar run pka_prot.bat -jobname SM23_micro045_conf_3 SM23_micro045_conf_3.in
(4) jaguar run pka_prot.bat -jobname SM23_micro045_conf_4 SM23_micro045_conf_4.in
(5) jaguar run pka_prot.bat -jobname SM23_micro045_conf_5 SM23_micro045_conf_5.in
(6) jaguar run pka_deprot.bat -jobname SM23_micro039_conf_1 SM23_micro039_conf_1.in
(7) jaguar run pka_deprot.bat -jobname SM23_micro039_conf_2 SM23_micro039_conf_2.in
(8) jaguar run pka_deprot.bat -jobname SM23_micro039_conf_3 SM23_micro039_conf_3.in
(9) jaguar run pka_deprot.bat -jobname SM23_micro039_conf_4 SM23_micro039_conf_4.in
(10) jaguar run pka_deprot.bat -jobname SM23_micro039_conf_5 SM23_micro039_conf_5.in

Running subjobs on hosts:
  localhost (Max: 10)
Number of jobs:       10
Max retries per job:  3
Max allowed failures: unlimited
Run with -LOCAL:      False
Verbosity:            normal

Starting JobDJ...

Keep one job on driver host: False
JobDJ columns:
  C: Number of completed subjobs
  A: Number of active subjobs (e.g., submitted, running)
  W: Number of waiting/pending subjobs

 C  A  W | Activity  JobId  JobName  JobHost
-- -- -- | --------- -----------------------
 0  1  9 | launched  ls14-0-5af4759b SM23_micro045_conf_1 localhost [ls14]
 0  2  8 | launched  ls14-0-5af4759d SM23_micro045_conf_2 localhost [ls14]
 0  3  7 | launched  ls14-1-5af4759f SM23_micro045_conf_3 localhost [ls14]
 0  4  6 | launched  ls14-0-5af475a2 SM23_micro045_conf_4 localhost [ls14]
 0  5  5 | launched  ls14-0-5af475a4 SM23_micro045_conf_5 localhost [ls14]
 0  6  4 | launched  ls14-0-5af475a6 SM23_micro039_conf_1 localhost [ls14]
 0  7  3 | launched  ls14-1-5af475a8 SM23_micro039_conf_2 localhost [ls14]
 0  8  2 | launched  ls14-0-5af475ab SM23_micro039_conf_3 localhost [ls14]
 0  9  1 | launched  ls14-1-5af475ad SM23_micro039_conf_4 localhost [ls14]
 0 10  0 | launched  ls14-1-5af475af SM23_micro039_conf_5 localhost [ls14]
 1  9  0 | finished  ls14-1-5af475af SM23_micro039_conf_5 localhost [ls14]
 2  8  0 | finished  ls14-1-5af475a8 SM23_micro039_conf_2 localhost [ls14]
 3  7  0 | finished  ls14-1-5af475ad SM23_micro039_conf_4 localhost [ls14]
 4  6  0 | finished  ls14-0-5af475ab SM23_micro039_conf_3 localhost [ls14]
 5  5  0 | finished  ls14-0-5af475a2 SM23_micro045_conf_4 localhost [ls14]
 6  4  0 | finished  ls14-0-5af475a6 SM23_micro039_conf_1 localhost [ls14]
 7  3  0 | finished  ls14-0-5af475a4 SM23_micro045_conf_5 localhost [ls14]
 8  2  0 | finished  ls14-0-5af4759d SM23_micro045_conf_2 localhost [ls14]
 9  1  0 | finished  ls14-1-5af4759f SM23_micro045_conf_3 localhost [ls14]
10  0  0 | finished  ls14-0-5af4759b SM23_micro045_conf_1 localhost [ls14]

All jobs have completed.

10 of 10 job(s) succeeded; 0 job(s) failed.

Timer (distribute subjobs) : 18100.35 secs (5 hrs, 01 mins, 40 secs)

Processing QM output files...

Executing subprocess:
/data/chodera/schrodinger/schrodinger2017-4-advanced/jaguar results -energy SM23_micro045_conf_1.nrg_h.out

Executing subprocess:
/data/chodera/schrodinger/schrodinger2017-4-advanced/jaguar results -esolv SM23_micro045_conf_1.sol_h.out

Executing subprocess:
/data/chodera/schrodinger/schrodinger2017-4-advanced/jaguar results -energy SM23_micro045_conf_2.nrg_h.out

Executing subprocess:
/data/chodera/schrodinger/schrodinger2017-4-advanced/jaguar results -esolv SM23_micro045_conf_2.sol_h.out

Executing subprocess:
/data/chodera/schrodinger/schrodinger2017-4-advanced/jaguar results -energy SM23_micro045_conf_3.nrg_h.out

Executing subprocess:
/data/chodera/schrodinger/schrodinger2017-4-advanced/jaguar results -esolv SM23_micro045_conf_3.sol_h.out

Executing subprocess:
/data/chodera/schrodinger/schrodinger2017-4-advanced/jaguar results -energy SM23_micro045_conf_4.nrg_h.out

Executing subprocess:
/data/chodera/schrodinger/schrodinger2017-4-advanced/jaguar results -esolv SM23_micro045_conf_4.sol_h.out

Executing subprocess:
/data/chodera/schrodinger/schrodinger2017-4-advanced/jaguar results -energy SM23_micro045_conf_5.nrg_h.out

Executing subprocess:
/data/chodera/schrodinger/schrodinger2017-4-advanced/jaguar results -esolv SM23_micro045_conf_5.sol_h.out

Executing subprocess:
/data/chodera/schrodinger/schrodinger2017-4-advanced/jaguar results -energy SM23_micro039_conf_1.nrg.out

Executing subprocess:
/data/chodera/schrodinger/schrodinger2017-4-advanced/jaguar results -esolv SM23_micro039_conf_1.sol.out

Executing subprocess:
/data/chodera/schrodinger/schrodinger2017-4-advanced/jaguar results -energy SM23_micro039_conf_2.nrg.out

Executing subprocess:
/data/chodera/schrodinger/schrodinger2017-4-advanced/jaguar results -esolv SM23_micro039_conf_2.sol.out

Executing subprocess:
/data/chodera/schrodinger/schrodinger2017-4-advanced/jaguar results -energy SM23_micro039_conf_3.nrg.out

Executing subprocess:
/data/chodera/schrodinger/schrodinger2017-4-advanced/jaguar results -esolv SM23_micro039_conf_3.sol.out

Executing subprocess:
/data/chodera/schrodinger/schrodinger2017-4-advanced/jaguar results -energy SM23_micro039_conf_4.nrg.out

Executing subprocess:
/data/chodera/schrodinger/schrodinger2017-4-advanced/jaguar results -esolv SM23_micro039_conf_4.sol.out

Executing subprocess:
/data/chodera/schrodinger/schrodinger2017-4-advanced/jaguar results -energy SM23_micro039_conf_5.nrg.out

Executing subprocess:
/data/chodera/schrodinger/schrodinger2017-4-advanced/jaguar results -esolv SM23_micro039_conf_5.sol.out

Executing subprocess:
/data/chodera/schrodinger/schrodinger2017-4-advanced/jaguar-v9.8/bin/Linux-x86_64/pka -o SM23_micro045_deprot-out.mae -j SM23_micro045.jres -n -d

Executing subprocess:
/data/chodera/schrodinger/schrodinger2017-4-advanced/jaguar-v9.8/bin/Linux-x86_64/pka -o SM23_micro045_prot-out.mae -j SM23_micro045.jres -n

pKa calculation for SM23_micro045 completed.

pKa workflow jag_SM23_micro045_SM23_micro039 completed.

Timer (Jaguar pKa) : 20006.72 secs (5 hrs, 33 mins, 26 secs)
Timer (jaguar_backend.py) : 20006.72 secs (5 hrs, 33 mins, 26 secs)
Finished:   Thu May 10 17:41:43 2018
