Command:    jaguar run pka.py -jobname jag_SM24_micro001_SM24_micro007 -PARALLEL 10 -n -csrch -prot SM24_micro001.in -deprot SM24_micro007.in
Release:    2017-4
Exec:       /data/chodera/schrodinger/schrodinger2017-4-advanced/jaguar-v9.8/bin/Linux-x86_64
Host:       lt09
JobId:      lilac-0-5aecd502
JobDir:     /lila/data/chodera/schrodinger/tmpdir/rustenburg/jag_SM24_micro001_SM24_micro007
Date:       Fri May  4 19:23:16 2018

Contents of /lila/data/chodera/schrodinger/tmpdir/rustenburg/jag_SM24_micro001_SM24_micro007:
/lila/data/chodera/schrodinger/tmpdir/rustenburg/jag_SM24_micro001_SM24_micro007/lilac-0-5aecd502.mpinodes
/lila/data/chodera/schrodinger/tmpdir/rustenburg/jag_SM24_micro001_SM24_micro007/SM24_micro001.mae
/lila/data/chodera/schrodinger/tmpdir/rustenburg/jag_SM24_micro001_SM24_micro007/SM24_micro007.in
/lila/data/chodera/schrodinger/tmpdir/rustenburg/jag_SM24_micro001_SM24_micro007/lilac-0-5aecd502.jlog
/lila/data/chodera/schrodinger/tmpdir/rustenburg/jag_SM24_micro001_SM24_micro007/jag_SM24_micro001_SM24_micro007.log
/lila/data/chodera/schrodinger/tmpdir/rustenburg/jag_SM24_micro001_SM24_micro007/lilac-0-5aecd502
/lila/data/chodera/schrodinger/tmpdir/rustenburg/jag_SM24_micro001_SM24_micro007/lilac-0-5aecd502.recover
/lila/data/chodera/schrodinger/tmpdir/rustenburg/jag_SM24_micro001_SM24_micro007/lilac-0-5aecd502.hosts
/lila/data/chodera/schrodinger/tmpdir/rustenburg/jag_SM24_micro001_SM24_micro007/SM24_micro001.in
/lila/data/chodera/schrodinger/tmpdir/rustenburg/jag_SM24_micro001_SM24_micro007/jag_SM24_micro001_SM24_micro007.recover
/lila/data/chodera/schrodinger/tmpdir/rustenburg/jag_SM24_micro001_SM24_micro007/SM24_micro007.mae
/lila/data/chodera/schrodinger/tmpdir/rustenburg/jag_SM24_micro001_SM24_micro007/lilac-0-5aecd502.nodes

=====================
 Jaguar pKa workflow
=====================

Analysing user-provided (prot, deprot) pair:
(SM24_micro001.in, SM24_micro007.in)
Found labile hydrogen 30 in SM24_micro001.in
Found labile hydrogen at atom 22 in SM24_micro007.in
Adding 'ipkat' keyword to input files.

Identifying pKa functional group for pair:
(SM24_micro001, SM24_micro007)

Executing subprocess:
/data/chodera/schrodinger/schrodinger2017-4-advanced/jaguar-v9.8/bin/Linux-x86_64/pka -i -j SM24_micro001.tmp.jres -n

Taking protonated structures from:
SM24_micro001.mae
Taking deprotonated structures from:
SM24_micro007.mae

This molecule from 'SM24_micro001.mae' in water was recognized as:

 # 	           Shell           
---	---------------------------
1: 	heterocycle custom 1       
2: 	heterocycle                
3: 	Protonation of generic atom


Executing conformational search...

Executing 2 distributed subjobs:
---------------------------------

No more than 8 cpu(s) will be used per subjob.
No more than 10 cpu(s) will be used simultaneously.

Processing the following subjobs:
(1) jaguar run csrch.py SM24_micro001.mae -jobname SM24_micro001 -max_conf 5 -erg_window 50.208 -acc_level 1 -TPP 5
(2) jaguar run csrch.py SM24_micro007.mae -jobname SM24_micro007 -max_conf 5 -erg_window 50.208 -acc_level 1 -TPP 5

Running subjobs on hosts:
  lsf-cpu (Max: 2)
Number of jobs:       2
Max retries per job:  3
Max allowed failures: unlimited
Run with -LOCAL:      False
Verbosity:            normal

Starting JobDJ...

Keep one job on driver host: False
JobDJ columns:
  C: Number of completed subjobs
  A: Number of active subjobs (e.g., submitted, running)
  W: Number of waiting/pending subjobs

C A W | Activity  JobId  JobName  JobHost
- - - | --------- -----------------------
WARNING: Job launch failed for 1/2 times.
% jaguar run csrch.py SM24_micro001.mae -jobname SM24_micro001 -max_conf 5 -erg_window 50.208 -acc_level 1 -TPP 5 -HOST lsf-cpu
Output
Launch failed: no JobId found.

Command:
/data/chodera/schrodinger/schrodinger2017-4-advanced/jaguar run csrch.py SM24_micro001.mae -jobname SM24_micro001 -max_conf 5 -erg_window 50.208 -acc_level 1 -TPP 5 -HOST lsf-cpu
Output:
Launching JAGUAR under jobcontrol.
An error has occurred.  Information about the error has been written to 
/home/rustenburg/.schrodinger/exceptions/error20180504-192346.txt 

Please contact help@schrodinger.com for assistance. Include error20180504-192346.txt and a description of what you were doing when the error occurred.

0 1 1 | launched  lt09-9-5aeceb89 SM24_micro001 lsf-cpu
0 2 0 | launched  lt09-0-5aeceba4 SM24_micro007 lsf-cpu
1 1 0 | finished  lt09-9-5aeceb89 SM24_micro001 lsf-cpu [lt09]
2 0 0 | finished  lt09-0-5aeceba4 SM24_micro007 lsf-cpu [ls12]

All jobs have completed.

2 of 2 job(s) succeeded; 0 job(s) failed.

Timer (distribute subjobs) : 8557.57 secs (2 hrs, 22 mins, 37 secs)

Setting up QM workflow for (protonated, deprotonated) pair:
(1) (SM24_micro001, SM24_micro007)

Executing Jaguar quantum-mechanical subjobs...

Executing 10 distributed subjobs:
----------------------------------

No more than 8 cpu(s) will be used per subjob.
No more than 10 cpu(s) will be used simultaneously.

Processing the following subjobs:
(1) jaguar run pka_prot.bat -jobname SM24_micro001_conf_1 SM24_micro001_conf_1.in
(2) jaguar run pka_prot.bat -jobname SM24_micro001_conf_2 SM24_micro001_conf_2.in
(3) jaguar run pka_prot.bat -jobname SM24_micro001_conf_3 SM24_micro001_conf_3.in
(4) jaguar run pka_prot.bat -jobname SM24_micro001_conf_4 SM24_micro001_conf_4.in
(5) jaguar run pka_prot.bat -jobname SM24_micro001_conf_5 SM24_micro001_conf_5.in
(6) jaguar run pka_deprot.bat -jobname SM24_micro007_conf_1 SM24_micro007_conf_1.in
(7) jaguar run pka_deprot.bat -jobname SM24_micro007_conf_2 SM24_micro007_conf_2.in
(8) jaguar run pka_deprot.bat -jobname SM24_micro007_conf_3 SM24_micro007_conf_3.in
(9) jaguar run pka_deprot.bat -jobname SM24_micro007_conf_4 SM24_micro007_conf_4.in
(10) jaguar run pka_deprot.bat -jobname SM24_micro007_conf_5 SM24_micro007_conf_5.in

Running subjobs on hosts:
  lsf-cpu (Max: 10)
Number of jobs:       10
Max retries per job:  3
Max allowed failures: unlimited
Run with -LOCAL:      False
Verbosity:            normal

Starting JobDJ...

Keep one job on driver host: True
JobDJ columns:
  C: Number of completed subjobs
  A: Number of active subjobs (e.g., submitted, running)
  W: Number of waiting/pending subjobs

 C  A  W | Activity  JobId  JobName  JobHost
-- -- -- | --------- -----------------------
 0  1  9 | launched  lt09-0-5aed0cdb SM24_micro001_conf_1 localhost [lt09]
 0  2  8 | launched  lt09-0-5aed0cde SM24_micro001_conf_2 lsf-cpu
 0  3  7 | launched  lt09-1-5aed0ce1 SM24_micro001_conf_3 lsf-cpu
 0  4  6 | launched  lt09-1-5aed0ce5 SM24_micro001_conf_4 lsf-cpu
 0  5  5 | launched  lt09-0-5aed0ce9 SM24_micro001_conf_5 lsf-cpu
 0  6  4 | launched  lt09-0-5aed0ced SM24_micro007_conf_1 lsf-cpu
 0  7  3 | launched  lt09-0-5aed0cf1 SM24_micro007_conf_2 lsf-cpu
 0  8  2 | launched  lt09-0-5aed0cf5 SM24_micro007_conf_3 lsf-cpu
 0  9  1 | launched  lt09-0-5aed0cf9 SM24_micro007_conf_4 lsf-cpu
 0 10  0 | launched  lt09-0-5aed0cfc SM24_micro007_conf_5 lsf-cpu
 1  9  0 | finished  lt09-0-5aed0cdb SM24_micro001_conf_1 localhost [lt09]
Subjob 'SM24_micro007_conf_1' died (fizzled) [jobid lt09-0-5aed0ced]
 1  8  1 | fizzled   lt09-0-5aed0ced SM24_micro007_conf_1 lsf-cpu [ls16]
 1  9  0 | restarted lt09-0-5aed2cdd SM24_micro007_conf_1 localhost [lt09]
Subjob 'SM24_micro001_conf_5' died (fizzled) [jobid lt09-0-5aed0ce9]
 1  8  1 | fizzled   lt09-0-5aed0ce9 SM24_micro001_conf_5 lsf-cpu [ls16]
WARNING: Job launch failed for 1/2 times.
% jaguar run pka_prot.bat -jobname SM24_micro001_conf_5 SM24_micro001_conf_5.in -HOST lsf-cpu
Output
Launch failed: no JobId found.

Command:
/data/chodera/schrodinger/schrodinger2017-4-advanced/jaguar run pka_prot.bat -jobname SM24_micro001_conf_5 SM24_micro001_conf_5.in -HOST lsf-cpu
Output:
Launching JAGUAR under jobcontrol.
An error has occurred.  Information about the error has been written to 
/home/rustenburg/.schrodinger/exceptions/error20180505-000729.txt 

Please contact help@schrodinger.com for assistance. Include error20180505-000729.txt and a description of what you were doing when the error occurred.

WARNING: Job launch failed for 2/2 times.
% jaguar run pka_prot.bat -jobname SM24_micro001_conf_5 SM24_micro001_conf_5.in -HOST lsf-cpu
Output
Launch failed: no JobId found.

Command:
/data/chodera/schrodinger/schrodinger2017-4-advanced/jaguar run pka_prot.bat -jobname SM24_micro001_conf_5 SM24_micro001_conf_5.in -HOST lsf-cpu
Output:
Launching JAGUAR under jobcontrol.
An error has occurred.  Information about the error has been written to 
/home/rustenburg/.schrodinger/exceptions/error20180505-001212-1.txt 

Please contact help@schrodinger.com for assistance. Include error20180505-001212-1.txt and a description of what you were doing when the error occurred.

WARNING: Job launch failed for 1/2 times.
% jaguar run pka_prot.bat -jobname SM24_micro001_conf_5 SM24_micro001_conf_5.in -HOST lsf-cpu
Output
Launch failed: no JobId found.

Command:
/data/chodera/schrodinger/schrodinger2017-4-advanced/jaguar run pka_prot.bat -jobname SM24_micro001_conf_5 SM24_micro001_conf_5.in -HOST lsf-cpu
Output:
Launching JAGUAR under jobcontrol.
An error has occurred.  Information about the error has been written to 
/home/rustenburg/.schrodinger/exceptions/error20180505-001655.txt 

Please contact help@schrodinger.com for assistance. Include error20180505-001655.txt and a description of what you were doing when the error occurred.

WARNING: Job launch failed for 2/2 times.
% jaguar run pka_prot.bat -jobname SM24_micro001_conf_5 SM24_micro001_conf_5.in -HOST lsf-cpu
Output
Launch failed: no JobId found.

Command:
/data/chodera/schrodinger/schrodinger2017-4-advanced/jaguar run pka_prot.bat -jobname SM24_micro001_conf_5 SM24_micro001_conf_5.in -HOST lsf-cpu
Output:
Launching JAGUAR under jobcontrol.
An error has occurred.  Information about the error has been written to 
/home/rustenburg/.schrodinger/exceptions/error20180505-002137.txt 

Please contact help@schrodinger.com for assistance. Include error20180505-002137.txt and a description of what you were doing when the error occurred.

Subjob 'SM24_micro007_conf_3' died (fizzled) [jobid lt09-0-5aed0cf5]
 1  7  2 | fizzled   lt09-0-5aed0cf5 SM24_micro007_conf_3 lsf-cpu [ls16]
WARNING: Job launch failed for 1/2 times.
% jaguar run pka_prot.bat -jobname SM24_micro001_conf_5 SM24_micro001_conf_5.in -HOST lsf-cpu
Output
Launch failed: no JobId found.

Command:
/data/chodera/schrodinger/schrodinger2017-4-advanced/jaguar run pka_prot.bat -jobname SM24_micro001_conf_5 SM24_micro001_conf_5.in -HOST lsf-cpu
Output:
Launching JAGUAR under jobcontrol.
An error has occurred.  Information about the error has been written to 
/home/rustenburg/.schrodinger/exceptions/error20180505-002620.txt 

Please contact help@schrodinger.com for assistance. Include error20180505-002620.txt and a description of what you were doing when the error occurred.

WARNING: Job launch failed for 2/2 times.
% jaguar run pka_prot.bat -jobname SM24_micro001_conf_5 SM24_micro001_conf_5.in -HOST lsf-cpu
Output
Launch failed: no JobId found.

Command:
/data/chodera/schrodinger/schrodinger2017-4-advanced/jaguar run pka_prot.bat -jobname SM24_micro001_conf_5 SM24_micro001_conf_5.in -HOST lsf-cpu
Output:
Launching JAGUAR under jobcontrol.
An error has occurred.  Information about the error has been written to 
/home/rustenburg/.schrodinger/exceptions/error20180505-003102.txt 

Please contact help@schrodinger.com for assistance. Include error20180505-003102.txt and a description of what you were doing when the error occurred.

WARNING: Job launch failed for 1/2 times.
% jaguar run pka_deprot.bat -jobname SM24_micro007_conf_3 SM24_micro007_conf_3.in -HOST lsf-cpu
Output
Launch failed: no JobId found.

Command:
/data/chodera/schrodinger/schrodinger2017-4-advanced/jaguar run pka_deprot.bat -jobname SM24_micro007_conf_3 SM24_micro007_conf_3.in -HOST lsf-cpu
Output:
Launching JAGUAR under jobcontrol.
An error has occurred.  Information about the error has been written to 
/home/rustenburg/.schrodinger/exceptions/error20180505-003547.txt 

Please contact help@schrodinger.com for assistance. Include error20180505-003547.txt and a description of what you were doing when the error occurred.

WARNING: Job launch failed for 2/2 times.
% jaguar run pka_deprot.bat -jobname SM24_micro007_conf_3 SM24_micro007_conf_3.in -HOST lsf-cpu
Output
Launch failed: no JobId found.

Command:
/data/chodera/schrodinger/schrodinger2017-4-advanced/jaguar run pka_deprot.bat -jobname SM24_micro007_conf_3 SM24_micro007_conf_3.in -HOST lsf-cpu
Output:
Launching JAGUAR under jobcontrol.
An error has occurred.  Information about the error has been written to 
/home/rustenburg/.schrodinger/exceptions/error20180505-004029.txt 

Please contact help@schrodinger.com for assistance. Include error20180505-004029.txt and a description of what you were doing when the error occurred.

 2  7  1 | fizzled   lt09-0-5aed0ce9 SM24_micro001_conf_5 lsf-cpu [ls16]
ERROR: Subjob 'SM24_micro001_conf_5' has failed after 3 retries.

Last 20 lines of 'SM24_micro001_conf_5.recover':

  ERROR: this job could not be launched.
  
  Launch host: lt09.hpc.private
  Launch directory: /lila/data/chodera/schrodinger/tmpdir/rustenburg/jag_SM24_micro001_SM24_micro007/jag_SM24_micro001_SM24_micro007.workdir
  Launch time: 2018-05-05-00:26:25
  Command line: /data/chodera/schrodinger/schrodinger2017-4-advanced/jaguar run pka_prot.bat -jobname SM24_micro001_conf_5 SM24_micro001_conf_5.in -HOST lsf-cpu
  
  The following error message was returned:
  Error: in replying to 'JPROXYPORT lilac rustenburg "/data/chodera/schrodinger/schrodinger2017-4-advanced"' - dial tcp lilac:35321: i/o timeout


Last 20 lines of 'SM24_micro001_conf_5.log':

  

Job control errors (from job record):
  ERROR: could not recover job: remote command failed with exit code 127 [remote host: lilac, output: 'ssh_exchange_identification: Connection closed by remote host']
Launch failed: no JobId found.

Command:
/data/chodera/schrodinger/schrodinger2017-4-advanced/jaguar run pka_prot.bat -jobname SM24_micro001_conf_5 SM24_micro001_conf_5.in -HOST lsf-cpu
Output:
Launching JAGUAR under jobcontrol.
An error has occurred.  Information about the error has been written to 
/home/rustenburg/.schrodinger/exceptions/error20180505-003102.txt 

Please contact help@schrodinger.com for assistance. Include error20180505-003102.txt and a description of what you were doing when the error occurred.

Subjob 'SM24_micro007_conf_4' died (fizzled) [jobid lt09-0-5aed0cf9]
 2  6  2 | fizzled   lt09-0-5aed0cf9 SM24_micro007_conf_4 lsf-cpu [ls16]
WARNING: Job launch failed for 1/2 times.
% jaguar run pka_deprot.bat -jobname SM24_micro007_conf_3 SM24_micro007_conf_3.in -HOST lsf-cpu
Output
Launch failed: no JobId found.

Command:
/data/chodera/schrodinger/schrodinger2017-4-advanced/jaguar run pka_deprot.bat -jobname SM24_micro007_conf_3 SM24_micro007_conf_3.in -HOST lsf-cpu
Output:
Launching JAGUAR under jobcontrol.
An error has occurred.  Information about the error has been written to 
/home/rustenburg/.schrodinger/exceptions/error20180505-004514-1.txt 

Please contact help@schrodinger.com for assistance. Include error20180505-004514-1.txt and a description of what you were doing when the error occurred.

WARNING: Job launch failed for 2/2 times.
% jaguar run pka_deprot.bat -jobname SM24_micro007_conf_3 SM24_micro007_conf_3.in -HOST lsf-cpu
Output
Launch failed: no JobId found.

Command:
/data/chodera/schrodinger/schrodinger2017-4-advanced/jaguar run pka_deprot.bat -jobname SM24_micro007_conf_3 SM24_micro007_conf_3.in -HOST lsf-cpu
Output:
Launching JAGUAR under jobcontrol.
An error has occurred.  Information about the error has been written to 
/home/rustenburg/.schrodinger/exceptions/error20180505-005000-1.txt 

Please contact help@schrodinger.com for assistance. Include error20180505-005000-1.txt and a description of what you were doing when the error occurred.

WARNING: Job launch failed for 1/2 times.
% jaguar run pka_deprot.bat -jobname SM24_micro007_conf_4 SM24_micro007_conf_4.in -HOST lsf-cpu
Output
Launch failed: no JobId found.

Command:
/data/chodera/schrodinger/schrodinger2017-4-advanced/jaguar run pka_deprot.bat -jobname SM24_micro007_conf_4 SM24_micro007_conf_4.in -HOST lsf-cpu
Output:
Launching JAGUAR under jobcontrol.
An error has occurred.  Information about the error has been written to 
/home/rustenburg/.schrodinger/exceptions/error20180505-005447.txt 

Please contact help@schrodinger.com for assistance. Include error20180505-005447.txt and a description of what you were doing when the error occurred.

WARNING: Job launch failed for 2/2 times.
% jaguar run pka_deprot.bat -jobname SM24_micro007_conf_4 SM24_micro007_conf_4.in -HOST lsf-cpu
Output
Launch failed: no JobId found.

Command:
/data/chodera/schrodinger/schrodinger2017-4-advanced/jaguar run pka_deprot.bat -jobname SM24_micro007_conf_4 SM24_micro007_conf_4.in -HOST lsf-cpu
Output:
Launching JAGUAR under jobcontrol.
An error has occurred.  Information about the error has been written to 
/home/rustenburg/.schrodinger/exceptions/error20180505-005929.txt 

Please contact help@schrodinger.com for assistance. Include error20180505-005929.txt and a description of what you were doing when the error occurred.

Subjob 'SM24_micro007_conf_5' died (fizzled) [jobid lt09-0-5aed0cfc]
 2  5  3 | fizzled   lt09-0-5aed0cfc SM24_micro007_conf_5 lsf-cpu [ls16]
WARNING: Job launch failed for 1/2 times.
% jaguar run pka_deprot.bat -jobname SM24_micro007_conf_3 SM24_micro007_conf_3.in -HOST lsf-cpu
Output
Launch failed: no JobId found.

Command:
/data/chodera/schrodinger/schrodinger2017-4-advanced/jaguar run pka_deprot.bat -jobname SM24_micro007_conf_3 SM24_micro007_conf_3.in -HOST lsf-cpu
Output:
Launching JAGUAR under jobcontrol.
An error has occurred.  Information about the error has been written to 
/home/rustenburg/.schrodinger/exceptions/error20180505-010408.txt 

Please contact help@schrodinger.com for assistance. Include error20180505-010408.txt and a description of what you were doing when the error occurred.

WARNING: Job launch failed for 2/2 times.
% jaguar run pka_deprot.bat -jobname SM24_micro007_conf_3 SM24_micro007_conf_3.in -HOST lsf-cpu
Output
Launch failed: no JobId found.

Command:
/data/chodera/schrodinger/schrodinger2017-4-advanced/jaguar run pka_deprot.bat -jobname SM24_micro007_conf_3 SM24_micro007_conf_3.in -HOST lsf-cpu
Output:
Launching JAGUAR under jobcontrol.
An error has occurred.  Information about the error has been written to 
/home/rustenburg/.schrodinger/exceptions/error20180505-010846.txt 

Please contact help@schrodinger.com for assistance. Include error20180505-010846.txt and a description of what you were doing when the error occurred.

WARNING: Job launch failed for 1/2 times.
% jaguar run pka_deprot.bat -jobname SM24_micro007_conf_4 SM24_micro007_conf_4.in -HOST lsf-cpu
Output
Launch failed: no JobId found.

Command:
/data/chodera/schrodinger/schrodinger2017-4-advanced/jaguar run pka_deprot.bat -jobname SM24_micro007_conf_4 SM24_micro007_conf_4.in -HOST lsf-cpu
Output:
Launching JAGUAR under jobcontrol.
An error has occurred.  Information about the error has been written to 
/home/rustenburg/.schrodinger/exceptions/error20180505-011325-1.txt 

Please contact help@schrodinger.com for assistance. Include error20180505-011325-1.txt and a description of what you were doing when the error occurred.

WARNING: Job launch failed for 2/2 times.
% jaguar run pka_deprot.bat -jobname SM24_micro007_conf_4 SM24_micro007_conf_4.in -HOST lsf-cpu
Output
Launch failed: no JobId found.

Command:
/data/chodera/schrodinger/schrodinger2017-4-advanced/jaguar run pka_deprot.bat -jobname SM24_micro007_conf_4 SM24_micro007_conf_4.in -HOST lsf-cpu
Output:
Launching JAGUAR under jobcontrol.
An error has occurred.  Information about the error has been written to 
/home/rustenburg/.schrodinger/exceptions/error20180505-011804.txt 

Please contact help@schrodinger.com for assistance. Include error20180505-011804.txt and a description of what you were doing when the error occurred.

WARNING: Job launch failed for 1/2 times.
% jaguar run pka_deprot.bat -jobname SM24_micro007_conf_5 SM24_micro007_conf_5.in -HOST lsf-cpu
Output
Launch failed: no JobId found.

Command:
/data/chodera/schrodinger/schrodinger2017-4-advanced/jaguar run pka_deprot.bat -jobname SM24_micro007_conf_5 SM24_micro007_conf_5.in -HOST lsf-cpu
Output:
Launching JAGUAR under jobcontrol.
An error has occurred.  Information about the error has been written to 
/home/rustenburg/.schrodinger/exceptions/error20180505-012242.txt 

Please contact help@schrodinger.com for assistance. Include error20180505-012242.txt and a description of what you were doing when the error occurred.

WARNING: Job launch failed for 2/2 times.
% jaguar run pka_deprot.bat -jobname SM24_micro007_conf_5 SM24_micro007_conf_5.in -HOST lsf-cpu
Output
Launch failed: no JobId found.

Command:
/data/chodera/schrodinger/schrodinger2017-4-advanced/jaguar run pka_deprot.bat -jobname SM24_micro007_conf_5 SM24_micro007_conf_5.in -HOST lsf-cpu
Output:
Launching JAGUAR under jobcontrol.
An error has occurred.  Information about the error has been written to 
/home/rustenburg/.schrodinger/exceptions/error20180505-012721.txt 

Please contact help@schrodinger.com for assistance. Include error20180505-012721.txt and a description of what you were doing when the error occurred.

 3  5  2 | fizzled   lt09-0-5aed0cf5 SM24_micro007_conf_3 lsf-cpu [ls16]
ERROR: Subjob 'SM24_micro007_conf_3' has failed after 3 retries.

Last 20 lines of 'SM24_micro007_conf_3.log':

  ERROR: this job could not be launched.
  
  Launch host: lt09.hpc.private
  Launch directory: /lila/data/chodera/schrodinger/tmpdir/rustenburg/jag_SM24_micro001_SM24_micro007/jag_SM24_micro001_SM24_micro007.workdir
  Launch time: 2018-05-05-01:04:13
  Command line: /data/chodera/schrodinger/schrodinger2017-4-advanced/jaguar run pka_deprot.bat -jobname SM24_micro007_conf_3 SM24_micro007_conf_3.in -HOST lsf-cpu
  
  The following error message was returned:
  Error: in replying to 'JPROXYPORT lilac rustenburg "/data/chodera/schrodinger/schrodinger2017-4-advanced"' - dial tcp lilac:35321: i/o timeout


Last 20 lines of 'SM24_micro007_conf_3.recover':

  

Job control errors (from job record):
  ERROR: could not recover job: remote command failed with exit code 127 [remote host: lilac, output: 'ssh_exchange_identification: Connection closed by remote host']
Launch failed: no JobId found.

Command:
/data/chodera/schrodinger/schrodinger2017-4-advanced/jaguar run pka_deprot.bat -jobname SM24_micro007_conf_3 SM24_micro007_conf_3.in -HOST lsf-cpu
Output:
Launching JAGUAR under jobcontrol.
An error has occurred.  Information about the error has been written to 
/home/rustenburg/.schrodinger/exceptions/error20180505-010846.txt 

Please contact help@schrodinger.com for assistance. Include error20180505-010846.txt and a description of what you were doing when the error occurred.

 4  4  2 | finished  lt09-0-5aed2cdd SM24_micro007_conf_1 localhost [lt09]
 4  5  1 | restarted lt09-1-5aed40bc SM24_micro007_conf_4 localhost [lt09]
WARNING: Job launch failed for 1/2 times.
% jaguar run pka_deprot.bat -jobname SM24_micro007_conf_5 SM24_micro007_conf_5.in -HOST lsf-cpu
Output
Launch failed: no JobId found.

Command:
/data/chodera/schrodinger/schrodinger2017-4-advanced/jaguar run pka_deprot.bat -jobname SM24_micro007_conf_5 SM24_micro007_conf_5.in -HOST lsf-cpu
Output:
Launching JAGUAR under jobcontrol.
An error has occurred.  Information about the error has been written to 
/home/rustenburg/.schrodinger/exceptions/error20180505-013206.txt 

Please contact help@schrodinger.com for assistance. Include error20180505-013206.txt and a description of what you were doing when the error occurred.

WARNING: Job launch failed for 2/2 times.
% jaguar run pka_deprot.bat -jobname SM24_micro007_conf_5 SM24_micro007_conf_5.in -HOST lsf-cpu
Output
Launch failed: no JobId found.

Command:
/data/chodera/schrodinger/schrodinger2017-4-advanced/jaguar run pka_deprot.bat -jobname SM24_micro007_conf_5 SM24_micro007_conf_5.in -HOST lsf-cpu
Output:
Launching JAGUAR under jobcontrol.
An error has occurred.  Information about the error has been written to 
/home/rustenburg/.schrodinger/exceptions/error20180505-013648.txt 

Please contact help@schrodinger.com for assistance. Include error20180505-013648.txt and a description of what you were doing when the error occurred.

Subjob 'SM24_micro001_conf_2' died (fizzled) [jobid lt09-0-5aed0cde]
 4  4  2 | fizzled   lt09-0-5aed0cde SM24_micro001_conf_2 lsf-cpu [ls07]
WARNING: Job launch failed for 1/2 times.
% jaguar run pka_prot.bat -jobname SM24_micro001_conf_2 SM24_micro001_conf_2.in -HOST lsf-cpu
Output
Launch failed: no JobId found.

Command:
/data/chodera/schrodinger/schrodinger2017-4-advanced/jaguar run pka_prot.bat -jobname SM24_micro001_conf_2 SM24_micro001_conf_2.in -HOST lsf-cpu
Output:
Launching JAGUAR under jobcontrol.
An error has occurred.  Information about the error has been written to 
/home/rustenburg/.schrodinger/exceptions/error20180505-014133.txt 

Please contact help@schrodinger.com for assistance. Include error20180505-014133.txt and a description of what you were doing when the error occurred.

WARNING: Job launch failed for 2/2 times.
% jaguar run pka_prot.bat -jobname SM24_micro001_conf_2 SM24_micro001_conf_2.in -HOST lsf-cpu
Output
Launch failed: no JobId found.

Command:
/data/chodera/schrodinger/schrodinger2017-4-advanced/jaguar run pka_prot.bat -jobname SM24_micro001_conf_2 SM24_micro001_conf_2.in -HOST lsf-cpu
Output:
Launching JAGUAR under jobcontrol.
An error has occurred.  Information about the error has been written to 
/home/rustenburg/.schrodinger/exceptions/error20180505-014617.txt 

Please contact help@schrodinger.com for assistance. Include error20180505-014617.txt and a description of what you were doing when the error occurred.

WARNING: Job launch failed for 1/2 times.
% jaguar run pka_deprot.bat -jobname SM24_micro007_conf_5 SM24_micro007_conf_5.in -HOST lsf-cpu
Output
Launch failed: no JobId found.

Command:
/data/chodera/schrodinger/schrodinger2017-4-advanced/jaguar run pka_deprot.bat -jobname SM24_micro007_conf_5 SM24_micro007_conf_5.in -HOST lsf-cpu
Output:
Launching JAGUAR under jobcontrol.
An error has occurred.  Information about the error has been written to 
/home/rustenburg/.schrodinger/exceptions/error20180505-015102.txt 

Please contact help@schrodinger.com for assistance. Include error20180505-015102.txt and a description of what you were doing when the error occurred.

WARNING: Job launch failed for 2/2 times.
% jaguar run pka_deprot.bat -jobname SM24_micro007_conf_5 SM24_micro007_conf_5.in -HOST lsf-cpu
Output
Launch failed: no JobId found.

Command:
/data/chodera/schrodinger/schrodinger2017-4-advanced/jaguar run pka_deprot.bat -jobname SM24_micro007_conf_5 SM24_micro007_conf_5.in -HOST lsf-cpu
Output:
Launching JAGUAR under jobcontrol.
An error has occurred.  Information about the error has been written to 
/home/rustenburg/.schrodinger/exceptions/error20180505-015547.txt 

Please contact help@schrodinger.com for assistance. Include error20180505-015547.txt and a description of what you were doing when the error occurred.

 5  4  1 | fizzled   lt09-0-5aed0cfc SM24_micro007_conf_5 lsf-cpu [ls16]
ERROR: Subjob 'SM24_micro007_conf_5' has failed after 3 retries.

Last 20 lines of 'SM24_micro007_conf_5.log':

  ERROR: this job could not be launched.
  
  Launch host: lt09.hpc.private
  Launch directory: /lila/data/chodera/schrodinger/tmpdir/rustenburg/jag_SM24_micro001_SM24_micro007/jag_SM24_micro001_SM24_micro007.workdir
  Launch time: 2018-05-05-01:51:10
  Command line: /data/chodera/schrodinger/schrodinger2017-4-advanced/jaguar run pka_deprot.bat -jobname SM24_micro007_conf_5 SM24_micro007_conf_5.in -HOST lsf-cpu
  
  The following error message was returned:
  Error: in replying to 'JPROXYPORT lilac rustenburg "/data/chodera/schrodinger/schrodinger2017-4-advanced"' - dial tcp lilac:35321: i/o timeout


Last 20 lines of 'SM24_micro007_conf_5.recover':

  

Job control errors (from job record):
  ERROR: could not recover job: remote command failed with exit code 127 [remote host: lilac, output: 'ssh_exchange_identification: Connection closed by remote host']
Launch failed: no JobId found.

Command:
/data/chodera/schrodinger/schrodinger2017-4-advanced/jaguar run pka_deprot.bat -jobname SM24_micro007_conf_5 SM24_micro007_conf_5.in -HOST lsf-cpu
Output:
Launching JAGUAR under jobcontrol.
An error has occurred.  Information about the error has been written to 
/home/rustenburg/.schrodinger/exceptions/error20180505-015547.txt 

Please contact help@schrodinger.com for assistance. Include error20180505-015547.txt and a description of what you were doing when the error occurred.

Subjob 'SM24_micro001_conf_3' died (fizzled) [jobid lt09-1-5aed0ce1]
 5  3  2 | fizzled   lt09-1-5aed0ce1 SM24_micro001_conf_3 lsf-cpu [ls07]
WARNING: Job launch failed for 1/2 times.
% jaguar run pka_prot.bat -jobname SM24_micro001_conf_2 SM24_micro001_conf_2.in -HOST lsf-cpu
Output
Launch failed: no JobId found.

Command:
/data/chodera/schrodinger/schrodinger2017-4-advanced/jaguar run pka_prot.bat -jobname SM24_micro001_conf_2 SM24_micro001_conf_2.in -HOST lsf-cpu
Output:
Launching JAGUAR under jobcontrol.
An error has occurred.  Information about the error has been written to 
/home/rustenburg/.schrodinger/exceptions/error20180505-020032.txt 

Please contact help@schrodinger.com for assistance. Include error20180505-020032.txt and a description of what you were doing when the error occurred.

WARNING: Job launch failed for 2/2 times.
% jaguar run pka_prot.bat -jobname SM24_micro001_conf_2 SM24_micro001_conf_2.in -HOST lsf-cpu
Output
Launch failed: no JobId found.

Command:
/data/chodera/schrodinger/schrodinger2017-4-advanced/jaguar run pka_prot.bat -jobname SM24_micro001_conf_2 SM24_micro001_conf_2.in -HOST lsf-cpu
Output:
Launching JAGUAR under jobcontrol.
An error has occurred.  Information about the error has been written to 
/home/rustenburg/.schrodinger/exceptions/error20180505-020516-3.txt 

Please contact help@schrodinger.com for assistance. Include error20180505-020516-3.txt and a description of what you were doing when the error occurred.

WARNING: Job launch failed for 1/2 times.
% jaguar run pka_prot.bat -jobname SM24_micro001_conf_3 SM24_micro001_conf_3.in -HOST lsf-cpu
Output
Launch failed: no JobId found.

Command:
/data/chodera/schrodinger/schrodinger2017-4-advanced/jaguar run pka_prot.bat -jobname SM24_micro001_conf_3 SM24_micro001_conf_3.in -HOST lsf-cpu
Output:
Launching JAGUAR under jobcontrol.
An error has occurred.  Information about the error has been written to 
/home/rustenburg/.schrodinger/exceptions/error20180505-020958-1.txt 

Please contact help@schrodinger.com for assistance. Include error20180505-020958-1.txt and a description of what you were doing when the error occurred.

WARNING: Job launch failed for 2/2 times.
% jaguar run pka_prot.bat -jobname SM24_micro001_conf_3 SM24_micro001_conf_3.in -HOST lsf-cpu
Output
Launch failed: no JobId found.

Command:
/data/chodera/schrodinger/schrodinger2017-4-advanced/jaguar run pka_prot.bat -jobname SM24_micro001_conf_3 SM24_micro001_conf_3.in -HOST lsf-cpu
Output:
Launching JAGUAR under jobcontrol.
An error has occurred.  Information about the error has been written to 
/home/rustenburg/.schrodinger/exceptions/error20180505-021440.txt 

Please contact help@schrodinger.com for assistance. Include error20180505-021440.txt and a description of what you were doing when the error occurred.

Subjob 'SM24_micro001_conf_4' died (fizzled) [jobid lt09-1-5aed0ce5]
 5  2  3 | fizzled   lt09-1-5aed0ce5 SM24_micro001_conf_4 lsf-cpu [ls07]
WARNING: Job launch failed for 1/2 times.
% jaguar run pka_prot.bat -jobname SM24_micro001_conf_2 SM24_micro001_conf_2.in -HOST lsf-cpu
Output
Launch failed: no JobId found.

Command:
/data/chodera/schrodinger/schrodinger2017-4-advanced/jaguar run pka_prot.bat -jobname SM24_micro001_conf_2 SM24_micro001_conf_2.in -HOST lsf-cpu
Output:
Launching JAGUAR under jobcontrol.
An error has occurred.  Information about the error has been written to 
/home/rustenburg/.schrodinger/exceptions/error20180505-021919.txt 

Please contact help@schrodinger.com for assistance. Include error20180505-021919.txt and a description of what you were doing when the error occurred.

WARNING: Job launch failed for 2/2 times.
% jaguar run pka_prot.bat -jobname SM24_micro001_conf_2 SM24_micro001_conf_2.in -HOST lsf-cpu
Output
Launch failed: no JobId found.

Command:
/data/chodera/schrodinger/schrodinger2017-4-advanced/jaguar run pka_prot.bat -jobname SM24_micro001_conf_2 SM24_micro001_conf_2.in -HOST lsf-cpu
Output:
Launching JAGUAR under jobcontrol.
An error has occurred.  Information about the error has been written to 
/home/rustenburg/.schrodinger/exceptions/error20180505-022355.txt 

Please contact help@schrodinger.com for assistance. Include error20180505-022355.txt and a description of what you were doing when the error occurred.

WARNING: Job launch failed for 1/2 times.
% jaguar run pka_prot.bat -jobname SM24_micro001_conf_3 SM24_micro001_conf_3.in -HOST lsf-cpu
Output
Launch failed: no JobId found.

Command:
/data/chodera/schrodinger/schrodinger2017-4-advanced/jaguar run pka_prot.bat -jobname SM24_micro001_conf_3 SM24_micro001_conf_3.in -HOST lsf-cpu
Output:
Launching JAGUAR under jobcontrol.
An error has occurred.  Information about the error has been written to 
/home/rustenburg/.schrodinger/exceptions/error20180505-022832.txt 

Please contact help@schrodinger.com for assistance. Include error20180505-022832.txt and a description of what you were doing when the error occurred.

WARNING: Job launch failed for 2/2 times.
% jaguar run pka_prot.bat -jobname SM24_micro001_conf_3 SM24_micro001_conf_3.in -HOST lsf-cpu
Output
Launch failed: no JobId found.

Command:
/data/chodera/schrodinger/schrodinger2017-4-advanced/jaguar run pka_prot.bat -jobname SM24_micro001_conf_3 SM24_micro001_conf_3.in -HOST lsf-cpu
Output:
Launching JAGUAR under jobcontrol.
An error has occurred.  Information about the error has been written to 
/home/rustenburg/.schrodinger/exceptions/error20180505-023309.txt 

Please contact help@schrodinger.com for assistance. Include error20180505-023309.txt and a description of what you were doing when the error occurred.

WARNING: Job launch failed for 1/2 times.
% jaguar run pka_prot.bat -jobname SM24_micro001_conf_4 SM24_micro001_conf_4.in -HOST lsf-cpu
Output
Launch failed: no JobId found.

Command:
/data/chodera/schrodinger/schrodinger2017-4-advanced/jaguar run pka_prot.bat -jobname SM24_micro001_conf_4 SM24_micro001_conf_4.in -HOST lsf-cpu
Output:
Launching JAGUAR under jobcontrol.
An error has occurred.  Information about the error has been written to 
/home/rustenburg/.schrodinger/exceptions/error20180505-023750.txt 

Please contact help@schrodinger.com for assistance. Include error20180505-023750.txt and a description of what you were doing when the error occurred.

WARNING: Job launch failed for 2/2 times.
% jaguar run pka_prot.bat -jobname SM24_micro001_conf_4 SM24_micro001_conf_4.in -HOST lsf-cpu
Output
Launch failed: no JobId found.

Command:
/data/chodera/schrodinger/schrodinger2017-4-advanced/jaguar run pka_prot.bat -jobname SM24_micro001_conf_4 SM24_micro001_conf_4.in -HOST lsf-cpu
Output:
Launching JAGUAR under jobcontrol.
An error has occurred.  Information about the error has been written to 
/home/rustenburg/.schrodinger/exceptions/error20180505-024232.txt 

Please contact help@schrodinger.com for assistance. Include error20180505-024232.txt and a description of what you were doing when the error occurred.

 6  2  2 | fizzled   lt09-0-5aed0cde SM24_micro001_conf_2 lsf-cpu [ls07]
ERROR: Subjob 'SM24_micro001_conf_2' has failed after 3 retries.

Last 20 lines of 'SM24_micro001_conf_2.log':

  ERROR: this job could not be launched.
  
  Launch host: lt09.hpc.private
  Launch directory: /lila/data/chodera/schrodinger/tmpdir/rustenburg/jag_SM24_micro001_SM24_micro007/jag_SM24_micro001_SM24_micro007.workdir
  Launch time: 2018-05-05-02:19:21
  Command line: /data/chodera/schrodinger/schrodinger2017-4-advanced/jaguar run pka_prot.bat -jobname SM24_micro001_conf_2 SM24_micro001_conf_2.in -HOST lsf-cpu
  
  The following error message was returned:
  Error: in replying to 'JPROXYPORT lilac rustenburg "/data/chodera/schrodinger/schrodinger2017-4-advanced"' - dial tcp lilac:35321: i/o timeout


Last 20 lines of 'SM24_micro001_conf_2.recover':

  

Job control errors (from job record):
  ERROR: could not recover job: remote command failed with exit code 127 [remote host: lilac, output: 'ssh_exchange_identification: Connection closed by remote host']
Launch failed: no JobId found.

Command:
/data/chodera/schrodinger/schrodinger2017-4-advanced/jaguar run pka_prot.bat -jobname SM24_micro001_conf_2 SM24_micro001_conf_2.in -HOST lsf-cpu
Output:
Launching JAGUAR under jobcontrol.
An error has occurred.  Information about the error has been written to 
/home/rustenburg/.schrodinger/exceptions/error20180505-022355.txt 

Please contact help@schrodinger.com for assistance. Include error20180505-022355.txt and a description of what you were doing when the error occurred.

Subjob 'SM24_micro007_conf_2' died (fizzled) [jobid lt09-0-5aed0cf1]
 6  1  3 | fizzled   lt09-0-5aed0cf1 SM24_micro007_conf_2 lsf-cpu [ls16]
WARNING: Job launch failed for 1/2 times.
% jaguar run pka_prot.bat -jobname SM24_micro001_conf_3 SM24_micro001_conf_3.in -HOST lsf-cpu
Output
Launch failed: no JobId found.

Command:
/data/chodera/schrodinger/schrodinger2017-4-advanced/jaguar run pka_prot.bat -jobname SM24_micro001_conf_3 SM24_micro001_conf_3.in -HOST lsf-cpu
Output:
Launching JAGUAR under jobcontrol.
An error has occurred.  Information about the error has been written to 
/home/rustenburg/.schrodinger/exceptions/error20180505-024711.txt 

Please contact help@schrodinger.com for assistance. Include error20180505-024711.txt and a description of what you were doing when the error occurred.

WARNING: Job launch failed for 2/2 times.
% jaguar run pka_prot.bat -jobname SM24_micro001_conf_3 SM24_micro001_conf_3.in -HOST lsf-cpu
Output
Launch failed: no JobId found.

Command:
/data/chodera/schrodinger/schrodinger2017-4-advanced/jaguar run pka_prot.bat -jobname SM24_micro001_conf_3 SM24_micro001_conf_3.in -HOST lsf-cpu
Output:
Launching JAGUAR under jobcontrol.
An error has occurred.  Information about the error has been written to 
/home/rustenburg/.schrodinger/exceptions/error20180505-025151.txt 

Please contact help@schrodinger.com for assistance. Include error20180505-025151.txt and a description of what you were doing when the error occurred.

WARNING: Job launch failed for 1/2 times.
% jaguar run pka_prot.bat -jobname SM24_micro001_conf_4 SM24_micro001_conf_4.in -HOST lsf-cpu
Output
Launch failed: no JobId found.

Command:
/data/chodera/schrodinger/schrodinger2017-4-advanced/jaguar run pka_prot.bat -jobname SM24_micro001_conf_4 SM24_micro001_conf_4.in -HOST lsf-cpu
Output:
Launching JAGUAR under jobcontrol.
An error has occurred.  Information about the error has been written to 
/home/rustenburg/.schrodinger/exceptions/error20180505-025629.txt 

Please contact help@schrodinger.com for assistance. Include error20180505-025629.txt and a description of what you were doing when the error occurred.

WARNING: Job launch failed for 2/2 times.
% jaguar run pka_prot.bat -jobname SM24_micro001_conf_4 SM24_micro001_conf_4.in -HOST lsf-cpu
Output
Launch failed: no JobId found.

Command:
/data/chodera/schrodinger/schrodinger2017-4-advanced/jaguar run pka_prot.bat -jobname SM24_micro001_conf_4 SM24_micro001_conf_4.in -HOST lsf-cpu
Output:
Launching JAGUAR under jobcontrol.
An error has occurred.  Information about the error has been written to 
/home/rustenburg/.schrodinger/exceptions/error20180505-030109.txt 

Please contact help@schrodinger.com for assistance. Include error20180505-030109.txt and a description of what you were doing when the error occurred.

WARNING: Job launch failed for 1/2 times.
% jaguar run pka_deprot.bat -jobname SM24_micro007_conf_2 SM24_micro007_conf_2.in -HOST lsf-cpu
Output
Launch failed: no JobId found.

Command:
/data/chodera/schrodinger/schrodinger2017-4-advanced/jaguar run pka_deprot.bat -jobname SM24_micro007_conf_2 SM24_micro007_conf_2.in -HOST lsf-cpu
Output:
Launching JAGUAR under jobcontrol.
An error has occurred.  Information about the error has been written to 
/home/rustenburg/.schrodinger/exceptions/error20180505-030548.txt 

Please contact help@schrodinger.com for assistance. Include error20180505-030548.txt and a description of what you were doing when the error occurred.

WARNING: Job launch failed for 2/2 times.
% jaguar run pka_deprot.bat -jobname SM24_micro007_conf_2 SM24_micro007_conf_2.in -HOST lsf-cpu
Output
Launch failed: no JobId found.

Command:
/data/chodera/schrodinger/schrodinger2017-4-advanced/jaguar run pka_deprot.bat -jobname SM24_micro007_conf_2 SM24_micro007_conf_2.in -HOST lsf-cpu
Output:
Launching JAGUAR under jobcontrol.
An error has occurred.  Information about the error has been written to 
/home/rustenburg/.schrodinger/exceptions/error20180505-031028.txt 

Please contact help@schrodinger.com for assistance. Include error20180505-031028.txt and a description of what you were doing when the error occurred.

 7  1  2 | fizzled   lt09-1-5aed0ce1 SM24_micro001_conf_3 lsf-cpu [ls07]
ERROR: Subjob 'SM24_micro001_conf_3' has failed after 3 retries.

Last 20 lines of 'SM24_micro001_conf_3.recover':

  ERROR: this job could not be launched.
  
  Launch host: lt09.hpc.private
  Launch directory: /lila/data/chodera/schrodinger/tmpdir/rustenburg/jag_SM24_micro001_SM24_micro007/jag_SM24_micro001_SM24_micro007.workdir
  Launch time: 2018-05-05-02:47:17
  Command line: /data/chodera/schrodinger/schrodinger2017-4-advanced/jaguar run pka_prot.bat -jobname SM24_micro001_conf_3 SM24_micro001_conf_3.in -HOST lsf-cpu
  
  The following error message was returned:
  Error: in replying to 'JPROXYPORT lilac rustenburg "/data/chodera/schrodinger/schrodinger2017-4-advanced"' - dial tcp lilac:35321: i/o timeout


Last 20 lines of 'SM24_micro001_conf_3.log':

  

Job control errors (from job record):
  ERROR: could not recover job: remote command failed with exit code 127 [remote host: lilac, output: 'ssh_exchange_identification: Connection closed by remote host']
Launch failed: no JobId found.

Command:
/data/chodera/schrodinger/schrodinger2017-4-advanced/jaguar run pka_prot.bat -jobname SM24_micro001_conf_3 SM24_micro001_conf_3.in -HOST lsf-cpu
Output:
Launching JAGUAR under jobcontrol.
An error has occurred.  Information about the error has been written to 
/home/rustenburg/.schrodinger/exceptions/error20180505-025151.txt 

Please contact help@schrodinger.com for assistance. Include error20180505-025151.txt and a description of what you were doing when the error occurred.

 8  0  2 | finished  lt09-1-5aed40bc SM24_micro007_conf_4 localhost [lt09]
 8  1  1 | restarted lt09-2-5aed58ea SM24_micro001_conf_4 localhost [lt09]
WARNING: Job launch failed for 1/2 times.
% jaguar run pka_deprot.bat -jobname SM24_micro007_conf_2 SM24_micro007_conf_2.in -HOST lsf-cpu
Output
Launch failed: no JobId found.

Command:
/data/chodera/schrodinger/schrodinger2017-4-advanced/jaguar run pka_deprot.bat -jobname SM24_micro007_conf_2 SM24_micro007_conf_2.in -HOST lsf-cpu
Output:
Launching JAGUAR under jobcontrol.
An error has occurred.  Information about the error has been written to 
/home/rustenburg/.schrodinger/exceptions/error20180505-031517.txt 

Please contact help@schrodinger.com for assistance. Include error20180505-031517.txt and a description of what you were doing when the error occurred.

WARNING: Job launch failed for 2/2 times.
% jaguar run pka_deprot.bat -jobname SM24_micro007_conf_2 SM24_micro007_conf_2.in -HOST lsf-cpu
Output
Launch failed: no JobId found.

Command:
/data/chodera/schrodinger/schrodinger2017-4-advanced/jaguar run pka_deprot.bat -jobname SM24_micro007_conf_2 SM24_micro007_conf_2.in -HOST lsf-cpu
Output:
Launching JAGUAR under jobcontrol.
An error has occurred.  Information about the error has been written to 
/home/rustenburg/.schrodinger/exceptions/error20180505-032000.txt 

Please contact help@schrodinger.com for assistance. Include error20180505-032000.txt and a description of what you were doing when the error occurred.

WARNING: Job launch failed for 1/2 times.
% jaguar run pka_deprot.bat -jobname SM24_micro007_conf_2 SM24_micro007_conf_2.in -HOST lsf-cpu
Output
Launch failed: no JobId found.

Command:
/data/chodera/schrodinger/schrodinger2017-4-advanced/jaguar run pka_deprot.bat -jobname SM24_micro007_conf_2 SM24_micro007_conf_2.in -HOST lsf-cpu
Output:
Launching JAGUAR under jobcontrol.
An error has occurred.  Information about the error has been written to 
/home/rustenburg/.schrodinger/exceptions/error20180505-032445.txt 

Please contact help@schrodinger.com for assistance. Include error20180505-032445.txt and a description of what you were doing when the error occurred.

WARNING: Job launch failed for 2/2 times.
% jaguar run pka_deprot.bat -jobname SM24_micro007_conf_2 SM24_micro007_conf_2.in -HOST lsf-cpu
Output
Launch failed: no JobId found.

Command:
/data/chodera/schrodinger/schrodinger2017-4-advanced/jaguar run pka_deprot.bat -jobname SM24_micro007_conf_2 SM24_micro007_conf_2.in -HOST lsf-cpu
Output:
Launching JAGUAR under jobcontrol.
An error has occurred.  Information about the error has been written to 
/home/rustenburg/.schrodinger/exceptions/error20180505-032931.txt 

Please contact help@schrodinger.com for assistance. Include error20180505-032931.txt and a description of what you were doing when the error occurred.

 9  1  0 | fizzled   lt09-0-5aed0cf1 SM24_micro007_conf_2 lsf-cpu [ls16]
ERROR: Subjob 'SM24_micro007_conf_2' has failed after 3 retries.

Last 20 lines of 'SM24_micro007_conf_2.recover':

  ERROR: this job could not be launched.
  
  Launch host: lt09.hpc.private
  Launch directory: /lila/data/chodera/schrodinger/tmpdir/rustenburg/jag_SM24_micro001_SM24_micro007/jag_SM24_micro001_SM24_micro007.workdir
  Launch time: 2018-05-05-03:24:52
  Command line: /data/chodera/schrodinger/schrodinger2017-4-advanced/jaguar run pka_deprot.bat -jobname SM24_micro007_conf_2 SM24_micro007_conf_2.in -HOST lsf-cpu
  
  The following error message was returned:
  Error: in replying to 'JPROXYPORT lilac rustenburg "/data/chodera/schrodinger/schrodinger2017-4-advanced"' - dial tcp lilac:35321: i/o timeout


Last 20 lines of 'SM24_micro007_conf_2.log':

  

Job control errors (from job record):
  ERROR: could not recover job: remote command failed with exit code 127 [remote host: lilac, output: 'ssh_exchange_identification: Connection closed by remote host']
Launch failed: no JobId found.

Command:
/data/chodera/schrodinger/schrodinger2017-4-advanced/jaguar run pka_deprot.bat -jobname SM24_micro007_conf_2 SM24_micro007_conf_2.in -HOST lsf-cpu
Output:
Launching JAGUAR under jobcontrol.
An error has occurred.  Information about the error has been written to 
/home/rustenburg/.schrodinger/exceptions/error20180505-032931.txt 

Please contact help@schrodinger.com for assistance. Include error20180505-032931.txt and a description of what you were doing when the error occurred.

10  0  0 | finished  lt09-2-5aed58ea SM24_micro001_conf_4 localhost [lt09]

All jobs have completed.

4 of 10 job(s) succeeded; 6 job(s) failed.

Timer (distribute subjobs) : 22984.66 secs (6 hrs, 23 mins, 04 secs)

Processing QM output files...

Executing subprocess:
/data/chodera/schrodinger/schrodinger2017-4-advanced/jaguar results -energy SM24_micro001_conf_1.nrg_h.out

Executing subprocess:
/data/chodera/schrodinger/schrodinger2017-4-advanced/jaguar results -esolv SM24_micro001_conf_1.sol_h.out

Executing subprocess:
/data/chodera/schrodinger/schrodinger2017-4-advanced/jaguar results -energy SM24_micro001_conf_2.nrg_h.out

  Results command failed: "/data/chodera/schrodinger/schrodinger2017-4-advanced/jaguar results -energy SM24_micro001_conf_2.nrg_h.out"

An error has occurred.  Information about the error has been written to 
/home/rustenburg/.schrodinger/exceptions/error20180505-040912.txt 

Please contact help@schrodinger.com for assistance. Include error20180505-040912.txt and a description of what you were doing when the error occurred.
