Command:    jaguar run pka.py -jobname jag_SM23_micro045_SM23_micro040 -PARALLEL 10 -n -csrch -prot SM23_micro045.in -deprot SM23_micro040.in
Release:    2017-4
Exec:       /data/chodera/schrodinger/schrodinger2017-4-advanced/jaguar-v9.8/bin/Linux-x86_64
Host:       lt09
JobId:      lilac-0-5aecd41d
JobDir:     /lila/data/chodera/schrodinger/tmpdir/rustenburg/jag_SM23_micro045_SM23_micro040
Date:       Fri May  4 19:23:16 2018

Contents of /lila/data/chodera/schrodinger/tmpdir/rustenburg/jag_SM23_micro045_SM23_micro040:
/lila/data/chodera/schrodinger/tmpdir/rustenburg/jag_SM23_micro045_SM23_micro040/lilac-0-5aecd41d.nodes
/lila/data/chodera/schrodinger/tmpdir/rustenburg/jag_SM23_micro045_SM23_micro040/SM23_micro045.mae
/lila/data/chodera/schrodinger/tmpdir/rustenburg/jag_SM23_micro045_SM23_micro040/SM23_micro040.mae
/lila/data/chodera/schrodinger/tmpdir/rustenburg/jag_SM23_micro045_SM23_micro040/lilac-0-5aecd41d
/lila/data/chodera/schrodinger/tmpdir/rustenburg/jag_SM23_micro045_SM23_micro040/lilac-0-5aecd41d.jlog
/lila/data/chodera/schrodinger/tmpdir/rustenburg/jag_SM23_micro045_SM23_micro040/SM23_micro045.in
/lila/data/chodera/schrodinger/tmpdir/rustenburg/jag_SM23_micro045_SM23_micro040/lilac-0-5aecd41d.hosts
/lila/data/chodera/schrodinger/tmpdir/rustenburg/jag_SM23_micro045_SM23_micro040/SM23_micro040.in
/lila/data/chodera/schrodinger/tmpdir/rustenburg/jag_SM23_micro045_SM23_micro040/lilac-0-5aecd41d.recover
/lila/data/chodera/schrodinger/tmpdir/rustenburg/jag_SM23_micro045_SM23_micro040/jag_SM23_micro045_SM23_micro040.recover
/lila/data/chodera/schrodinger/tmpdir/rustenburg/jag_SM23_micro045_SM23_micro040/jag_SM23_micro045_SM23_micro040.log
/lila/data/chodera/schrodinger/tmpdir/rustenburg/jag_SM23_micro045_SM23_micro040/lilac-0-5aecd41d.mpinodes

=====================
 Jaguar pKa workflow
=====================

Analysing user-provided (prot, deprot) pair:
(SM23_micro045.in, SM23_micro040.in)
Error: heavy atoms are different in input files:
SM23_micro045.in
SM23_micro040.in


An error has occurred.  Information about the error has been written to 
/home/rustenburg/.schrodinger/exceptions/error20180504-192316-3.txt 

Please contact help@schrodinger.com for assistance. Include error20180504-192316-3.txt and a description of what you were doing when the error occurred.
