Taking protonated structures from:
SM18_micro053_conf_1.dft_h.01.mae
SM18_micro053_conf_2.dft_h.01.mae
SM18_micro053_conf_3.dft_h.01.mae
SM18_micro053_conf_4.dft_h.01.mae
SM18_micro053_conf_5.dft_h.01.mae
Taking deprotonated structures from:
SM18_micro061_conf_1.dft.01.mae
SM18_micro061_conf_2.dft.01.mae
SM18_micro061_conf_3.dft.01.mae
SM18_micro061_conf_4.dft.01.mae
SM18_micro061_conf_5.dft.01.mae

Corrected results for 'protonated' structure in water:
pKa atom: 31

 # 	                  Shell                  	 pKa 	RMSD	 Contribution
---	-----------------------------------------	-----	-----	--------------
1: 	delta lactam                             	 0.21	0.508	    32.61%
2: 	4-pyrimidone as acid                     	-0.36	0.530	    59.86%
3: 	Protonation of sp2-like aromatic nitrogen	-1.36	1.014	     6.92%
4: 	Protonation of generic atom              	 0.58	2.264	     0.61%

 Final weighted pKa value is -0.24



