Command:    jaguar run pka.py -jobname jag_SM21_micro036_SM21_micro033 -PARALLEL 10 -WAIT -n -csrch -prot SM21_micro036.in -deprot SM21_micro033.in
Release:    2017-4
Exec:       /data/chodera/schrodinger/schrodinger2017-4-advanced/jaguar-v9.8/bin/Linux-x86_64
Host:       ls06
JobId:      ls06-1-5af45703
JobDir:     /lila/data/chodera/schrodinger/tmpdir/rustenburg/jag_SM21_micro036_SM21_micro033.1
Date:       Thu May 10 10:28:22 2018

Contents of /lila/data/chodera/schrodinger/tmpdir/rustenburg/jag_SM21_micro036_SM21_micro033.1:
/lila/data/chodera/schrodinger/tmpdir/rustenburg/jag_SM21_micro036_SM21_micro033.1/ls06-1-5af45703.mpinodes
/lila/data/chodera/schrodinger/tmpdir/rustenburg/jag_SM21_micro036_SM21_micro033.1/jag_SM21_micro036_SM21_micro033.log
/lila/data/chodera/schrodinger/tmpdir/rustenburg/jag_SM21_micro036_SM21_micro033.1/ls06-1-5af45703
/lila/data/chodera/schrodinger/tmpdir/rustenburg/jag_SM21_micro036_SM21_micro033.1/SM21_micro033.mae
/lila/data/chodera/schrodinger/tmpdir/rustenburg/jag_SM21_micro036_SM21_micro033.1/jag_SM21_micro036_SM21_micro033.recover
/lila/data/chodera/schrodinger/tmpdir/rustenburg/jag_SM21_micro036_SM21_micro033.1/SM21_micro033.in
/lila/data/chodera/schrodinger/tmpdir/rustenburg/jag_SM21_micro036_SM21_micro033.1/ls06-1-5af45703.recover
/lila/data/chodera/schrodinger/tmpdir/rustenburg/jag_SM21_micro036_SM21_micro033.1/SM21_micro036.mae
/lila/data/chodera/schrodinger/tmpdir/rustenburg/jag_SM21_micro036_SM21_micro033.1/SM21_micro036.in

=====================
 Jaguar pKa workflow
=====================

Analysing user-provided (prot, deprot) pair:
(SM21_micro036.in, SM21_micro033.in)
Found labile hydrogen 26 in SM21_micro036.in
Found labile hydrogen at atom 13 in SM21_micro033.in
Adding 'ipkat' keyword to input files.

Identifying pKa functional group for pair:
(SM21_micro036, SM21_micro033)

Executing subprocess:
/data/chodera/schrodinger/schrodinger2017-4-advanced/jaguar-v9.8/bin/Linux-x86_64/pka -i -j SM21_micro036.tmp.jres -n

Taking protonated structures from:
SM21_micro036.mae
Taking deprotonated structures from:
SM21_micro033.mae

This molecule from 'SM21_micro036.mae' in water was recognized as:

 # 	           Shell           
---	---------------------------
1: 	Protonation of generic atom


Executing conformational search...

Executing 2 distributed subjobs:
---------------------------------

No more than 8 cpu(s) will be used per subjob.
No more than 10 cpu(s) will be used simultaneously.

Processing the following subjobs:
(1) jaguar run csrch.py SM21_micro036.mae -jobname SM21_micro036 -max_conf 5 -erg_window 50.208 -acc_level 1 -TPP 5
(2) jaguar run csrch.py SM21_micro033.mae -jobname SM21_micro033 -max_conf 5 -erg_window 50.208 -acc_level 1 -TPP 5

Running subjobs on hosts:
  localhost (Max: 2)
Number of jobs:       2
Max retries per job:  3
Max allowed failures: unlimited
Run with -LOCAL:      False
Verbosity:            normal

Starting JobDJ...

Keep one job on driver host: False
JobDJ columns:
  C: Number of completed subjobs
  A: Number of active subjobs (e.g., submitted, running)
  W: Number of waiting/pending subjobs

C A W | Activity  JobId  JobName  JobHost
- - - | --------- -----------------------
0 1 1 | launched  ls06-2-5af4570b SM21_micro036 localhost [ls06]
0 2 0 | launched  ls06-2-5af45710 SM21_micro033 localhost [ls06]
1 1 0 | finished  ls06-2-5af4570b SM21_micro036 localhost [ls06]
2 0 0 | finished  ls06-2-5af45710 SM21_micro033 localhost [ls06]

All jobs have completed.

2 of 2 job(s) succeeded; 0 job(s) failed.

Timer (distribute subjobs) : 797.09 secs (0 hrs, 13 mins, 17 secs)

Setting up QM workflow for (protonated, deprotonated) pair:
(1) (SM21_micro036, SM21_micro033)

Executing Jaguar quantum-mechanical subjobs...

Executing 9 distributed subjobs:
---------------------------------

No more than 8 cpu(s) will be used per subjob.
No more than 10 cpu(s) will be used simultaneously.

Processing the following subjobs:
(1) jaguar run pka_prot.bat -jobname SM21_micro036_conf_1 SM21_micro036_conf_1.in -TPP 2
(2) jaguar run pka_prot.bat -jobname SM21_micro036_conf_2 SM21_micro036_conf_2.in
(3) jaguar run pka_prot.bat -jobname SM21_micro036_conf_3 SM21_micro036_conf_3.in
(4) jaguar run pka_prot.bat -jobname SM21_micro036_conf_4 SM21_micro036_conf_4.in
(5) jaguar run pka_deprot.bat -jobname SM21_micro033_conf_1 SM21_micro033_conf_1.in
(6) jaguar run pka_deprot.bat -jobname SM21_micro033_conf_2 SM21_micro033_conf_2.in
(7) jaguar run pka_deprot.bat -jobname SM21_micro033_conf_3 SM21_micro033_conf_3.in
(8) jaguar run pka_deprot.bat -jobname SM21_micro033_conf_4 SM21_micro033_conf_4.in
(9) jaguar run pka_deprot.bat -jobname SM21_micro033_conf_5 SM21_micro033_conf_5.in

Running subjobs on hosts:
  localhost (Max: 9)
Number of jobs:       9
Max retries per job:  3
Max allowed failures: unlimited
Run with -LOCAL:      False
Verbosity:            normal

Starting JobDJ...

Keep one job on driver host: False
JobDJ columns:
  C: Number of completed subjobs
  A: Number of active subjobs (e.g., submitted, running)
  W: Number of waiting/pending subjobs

C A W | Activity  JobId  JobName  JobHost
- - - | --------- -----------------------
0 1 8 | launched  ls06-0-5af45a2c SM21_micro036_conf_1 localhost [ls06]
0 2 7 | launched  ls06-0-5af45a2e SM21_micro036_conf_2 localhost [ls06]
0 3 6 | launched  ls06-0-5af45a31 SM21_micro036_conf_3 localhost [ls06]
0 4 5 | launched  ls06-0-5af45a33 SM21_micro036_conf_4 localhost [ls06]
0 5 4 | launched  ls06-0-5af45a35 SM21_micro033_conf_1 localhost [ls06]
0 6 3 | launched  ls06-1-5af45a37 SM21_micro033_conf_2 localhost [ls06]
0 7 2 | launched  ls06-0-5af45a3a SM21_micro033_conf_3 localhost [ls06]
0 8 1 | launched  ls06-1-5af45a3c SM21_micro033_conf_4 localhost [ls06]
0 9 0 | launched  ls06-1-5af45a3f SM21_micro033_conf_5 localhost [ls06]
1 8 0 | finished  ls06-1-5af45a37 SM21_micro033_conf_2 localhost [ls06]
2 7 0 | finished  ls06-1-5af45a3f SM21_micro033_conf_5 localhost [ls06]
3 6 0 | finished  ls06-0-5af45a31 SM21_micro036_conf_3 localhost [ls06]
4 5 0 | finished  ls06-0-5af45a3a SM21_micro033_conf_3 localhost [ls06]
5 4 0 | finished  ls06-0-5af45a33 SM21_micro036_conf_4 localhost [ls06]
6 3 0 | finished  ls06-0-5af45a2e SM21_micro036_conf_2 localhost [ls06]
7 2 0 | finished  ls06-0-5af45a35 SM21_micro033_conf_1 localhost [ls06]
Subjob 'SM21_micro033_conf_4' died (died) [jobid ls06-1-5af45a3c]
8 1 0 | died      ls06-1-5af45a3c SM21_micro033_conf_4 localhost [ls06]
ERROR: Subjob 'SM21_micro033_conf_4' has failed.

Last 20 lines of 'SM21_micro033_conf_4.recover':

  Name: 'SM21_micro033_conf_4'
  JobId: 'ls06-1-5af45a3c'
  Commandline: '/data/chodera/schrodinger/schrodinger2017-4-advanced/jaguar run pka_deprot.bat -jobname SM21_micro033_conf_4 SM21_micro033_conf_4.in -HOST localhost'
  BackendCmdline: 'run batscript.py -jobname SM21_micro033_conf_4 SM21_micro033_conf_4.in -script pka_deprot.bat'
  Outfiles:


Last 20 lines of 'SM21_micro033_conf_4.log':

  etot   41  Y  Y  6  M   -1769.43577682685  1.7E-03  1.3E-04  5.4E-02
  etot   42  Y  Y  6  M   -1769.43309960165 -2.7E-03  1.4E-04  5.7E-02
  etot   43  Y  Y  6  M   -1769.43664093821  3.5E-03  1.5E-03  5.4E-02
  etot   44  N  Y  2  U   -1769.36766438862 -6.9E-02  1.1E-03  6.9E-02
  etot   45  N  Y  2  U   -1769.44188906187  7.4E-02  3.3E-04  4.7E-02
  etot   46  Y  Y  6  M   -1769.43758296228 -4.3E-03  4.3E-04  5.3E-02
  etot   47  Y  Y  6  M   -1769.42628622714 -1.1E-02  9.8E-05  6.8E-02
   ERROR 7006: fatal error
    Exhausted all nofail convergence options.  Exiting...
  Error: jaguar died in program scf
  
  Job SM21_micro033_conf_4.nrg halted prematurely on ls06 at Thu May 10 14:16:46 2018
  Timer (jaguar_backend.py) : 7003.33 secs (1 hrs, 56 mins, 43 secs)
  Finished:   Thu May 10 14:16:46 2018
  
  
  Done. 
  Thu, 10 May 2018 14:16:51
  Timer (jaguar_backend.py) : 12884.79 secs (3 hrs, 34 mins, 44 secs)
  Finished:   Thu May 10 14:16:51 2018


No job control errors were found.
8 1 0 | died      ls06-1-5af45a3c SM21_micro033_conf_4 localhost [ls06]
9 0 0 | finished  ls06-0-5af45a2c SM21_micro036_conf_1 localhost [ls06]

All jobs have completed.

8 of 9 job(s) succeeded; 1 job(s) failed.

Timer (distribute subjobs) : 14513.00 secs (4 hrs, 01 mins, 52 secs)

Processing QM output files...

Executing subprocess:
/data/chodera/schrodinger/schrodinger2017-4-advanced/jaguar results -energy SM21_micro036_conf_1.nrg_h.out

Executing subprocess:
/data/chodera/schrodinger/schrodinger2017-4-advanced/jaguar results -esolv SM21_micro036_conf_1.sol_h.out

Executing subprocess:
/data/chodera/schrodinger/schrodinger2017-4-advanced/jaguar results -energy SM21_micro036_conf_2.nrg_h.out

Executing subprocess:
/data/chodera/schrodinger/schrodinger2017-4-advanced/jaguar results -esolv SM21_micro036_conf_2.sol_h.out

Executing subprocess:
/data/chodera/schrodinger/schrodinger2017-4-advanced/jaguar results -energy SM21_micro036_conf_3.nrg_h.out

Executing subprocess:
/data/chodera/schrodinger/schrodinger2017-4-advanced/jaguar results -esolv SM21_micro036_conf_3.sol_h.out

Executing subprocess:
/data/chodera/schrodinger/schrodinger2017-4-advanced/jaguar results -energy SM21_micro036_conf_4.nrg_h.out

Executing subprocess:
/data/chodera/schrodinger/schrodinger2017-4-advanced/jaguar results -esolv SM21_micro036_conf_4.sol_h.out

Executing subprocess:
/data/chodera/schrodinger/schrodinger2017-4-advanced/jaguar results -energy SM21_micro033_conf_1.nrg.out

Executing subprocess:
/data/chodera/schrodinger/schrodinger2017-4-advanced/jaguar results -esolv SM21_micro033_conf_1.sol.out

Executing subprocess:
/data/chodera/schrodinger/schrodinger2017-4-advanced/jaguar results -energy SM21_micro033_conf_2.nrg.out

Executing subprocess:
/data/chodera/schrodinger/schrodinger2017-4-advanced/jaguar results -esolv SM21_micro033_conf_2.sol.out

Executing subprocess:
/data/chodera/schrodinger/schrodinger2017-4-advanced/jaguar results -energy SM21_micro033_conf_3.nrg.out

Executing subprocess:
/data/chodera/schrodinger/schrodinger2017-4-advanced/jaguar results -esolv SM21_micro033_conf_3.sol.out

Executing subprocess:
/data/chodera/schrodinger/schrodinger2017-4-advanced/jaguar results -energy SM21_micro033_conf_4.nrg.out

Executing subprocess:
/data/chodera/schrodinger/schrodinger2017-4-advanced/jaguar results -esolv SM21_micro033_conf_4.sol.out

  Results command failed: "/data/chodera/schrodinger/schrodinger2017-4-advanced/jaguar results -esolv SM21_micro033_conf_4.sol.out"

An error has occurred.  Information about the error has been written to 
/home/rustenburg/.schrodinger/exceptions/error20180510-144406.txt 

Please contact help@schrodinger.com for assistance. Include error20180510-144406.txt and a description of what you were doing when the error occurred.
