Command:    jaguar run pka.py -jobname jag_SM19_micro014_SM19_micro013 -PARALLEL 10 -n -csrch -prot SM19_micro014.in -deprot SM19_micro013.in
Release:    2017-4
Exec:       /data/chodera/schrodinger/schrodinger2017-4-advanced/jaguar-v9.8/bin/Linux-x86_64
Host:       lt14
JobId:      lilac-0-5aecc1fd
JobDir:     /lila/data/chodera/schrodinger/tmpdir/rustenburg/jag_SM19_micro014_SM19_micro013
Date:       Fri May  4 16:53:34 2018

Contents of /lila/data/chodera/schrodinger/tmpdir/rustenburg/jag_SM19_micro014_SM19_micro013:
/lila/data/chodera/schrodinger/tmpdir/rustenburg/jag_SM19_micro014_SM19_micro013/jag_SM19_micro014_SM19_micro013.log
/lila/data/chodera/schrodinger/tmpdir/rustenburg/jag_SM19_micro014_SM19_micro013/lilac-0-5aecc1fd.jlog
/lila/data/chodera/schrodinger/tmpdir/rustenburg/jag_SM19_micro014_SM19_micro013/SM19_micro013.in
/lila/data/chodera/schrodinger/tmpdir/rustenburg/jag_SM19_micro014_SM19_micro013/SM19_micro014.in
/lila/data/chodera/schrodinger/tmpdir/rustenburg/jag_SM19_micro014_SM19_micro013/lilac-0-5aecc1fd.hosts
/lila/data/chodera/schrodinger/tmpdir/rustenburg/jag_SM19_micro014_SM19_micro013/lilac-0-5aecc1fd.mpinodes
/lila/data/chodera/schrodinger/tmpdir/rustenburg/jag_SM19_micro014_SM19_micro013/jag_SM19_micro014_SM19_micro013.recover
/lila/data/chodera/schrodinger/tmpdir/rustenburg/jag_SM19_micro014_SM19_micro013/lilac-0-5aecc1fd.recover
/lila/data/chodera/schrodinger/tmpdir/rustenburg/jag_SM19_micro014_SM19_micro013/lilac-0-5aecc1fd
/lila/data/chodera/schrodinger/tmpdir/rustenburg/jag_SM19_micro014_SM19_micro013/SM19_micro014.mae
/lila/data/chodera/schrodinger/tmpdir/rustenburg/jag_SM19_micro014_SM19_micro013/lilac-0-5aecc1fd.nodes
/lila/data/chodera/schrodinger/tmpdir/rustenburg/jag_SM19_micro014_SM19_micro013/SM19_micro013.mae

=====================
 Jaguar pKa workflow
=====================

Analysing user-provided (prot, deprot) pair:
(SM19_micro014.in, SM19_micro013.in)
Found labile hydrogen 34 in SM19_micro014.in
Found labile hydrogen at atom 15 in SM19_micro013.in
Adding 'ipkat' keyword to input files.

Identifying pKa functional group for pair:
(SM19_micro014, SM19_micro013)

Executing subprocess:
/data/chodera/schrodinger/schrodinger2017-4-advanced/jaguar-v9.8/bin/Linux-x86_64/pka -i -j SM19_micro014.tmp.jres -n

Taking protonated structures from:
SM19_micro014.mae
Taking deprotonated structures from:
SM19_micro013.mae

This molecule from 'SM19_micro014.mae' in water was recognized as:

 # 	            Shell             
---	------------------------------
1: 	enol                          
2: 	Protonation of generic atom   
3: 	Protonation of sp2-like oxygen


Executing conformational search...

Executing 2 distributed subjobs:
---------------------------------

No more than 8 cpu(s) will be used per subjob.
No more than 10 cpu(s) will be used simultaneously.

Processing the following subjobs:
(1) jaguar run csrch.py SM19_micro014.mae -jobname SM19_micro014 -max_conf 5 -erg_window 50.208 -acc_level 1 -TPP 5
(2) jaguar run csrch.py SM19_micro013.mae -jobname SM19_micro013 -max_conf 5 -erg_window 50.208 -acc_level 1 -TPP 5

Running subjobs on hosts:
  lsf-cpu (Max: 2)
Number of jobs:       2
Max retries per job:  3
Max allowed failures: unlimited
Run with -LOCAL:      False
Verbosity:            normal

Starting JobDJ...

Keep one job on driver host: False
JobDJ columns:
  C: Number of completed subjobs
  A: Number of active subjobs (e.g., submitted, running)
  W: Number of waiting/pending subjobs

C A W | Activity  JobId  JobName  JobHost
- - - | --------- -----------------------
0 1 1 | launched  lt14-2-5aecc855 SM19_micro014 lsf-cpu
0 2 0 | launched  lt14-0-5aecc859 SM19_micro013 lsf-cpu
1 1 0 | finished  lt14-2-5aecc855 SM19_micro014 lsf-cpu [lt21]
2 0 0 | finished  lt14-0-5aecc859 SM19_micro013 lsf-cpu [lt11]

All jobs have completed.

2 of 2 job(s) succeeded; 0 job(s) failed.

Timer (distribute subjobs) : 8698.40 secs (2 hrs, 24 mins, 58 secs)

Setting up QM workflow for (protonated, deprotonated) pair:
(1) (SM19_micro014, SM19_micro013)

Executing Jaguar quantum-mechanical subjobs...

Executing 10 distributed subjobs:
----------------------------------

No more than 8 cpu(s) will be used per subjob.
No more than 10 cpu(s) will be used simultaneously.

Processing the following subjobs:
(1) jaguar run pka_prot.bat -jobname SM19_micro014_conf_1 SM19_micro014_conf_1.in
(2) jaguar run pka_prot.bat -jobname SM19_micro014_conf_2 SM19_micro014_conf_2.in
(3) jaguar run pka_prot.bat -jobname SM19_micro014_conf_3 SM19_micro014_conf_3.in
(4) jaguar run pka_prot.bat -jobname SM19_micro014_conf_4 SM19_micro014_conf_4.in
(5) jaguar run pka_prot.bat -jobname SM19_micro014_conf_5 SM19_micro014_conf_5.in
(6) jaguar run pka_deprot.bat -jobname SM19_micro013_conf_1 SM19_micro013_conf_1.in
(7) jaguar run pka_deprot.bat -jobname SM19_micro013_conf_2 SM19_micro013_conf_2.in
(8) jaguar run pka_deprot.bat -jobname SM19_micro013_conf_3 SM19_micro013_conf_3.in
(9) jaguar run pka_deprot.bat -jobname SM19_micro013_conf_4 SM19_micro013_conf_4.in
(10) jaguar run pka_deprot.bat -jobname SM19_micro013_conf_5 SM19_micro013_conf_5.in

Running subjobs on hosts:
  lsf-cpu (Max: 10)
Number of jobs:       10
Max retries per job:  3
Max allowed failures: unlimited
Run with -LOCAL:      False
Verbosity:            normal

Starting JobDJ...

Keep one job on driver host: True
JobDJ columns:
  C: Number of completed subjobs
  A: Number of active subjobs (e.g., submitted, running)
  W: Number of waiting/pending subjobs

 C  A  W | Activity  JobId  JobName  JobHost
-- -- -- | --------- -----------------------
 0  1  9 | launched  lt14-0-5aecea5e SM19_micro014_conf_1 localhost [lt14]
 0  2  8 | launched  lt14-0-5aecea73 SM19_micro014_conf_2 lsf-cpu
 0  3  7 | launched  lt14-2-5aecea7f SM19_micro014_conf_3 lsf-cpu
 0  4  6 | launched  lt14-0-5aecea8b SM19_micro014_conf_4 lsf-cpu
 0  5  5 | launched  lt14-0-5aecea97 SM19_micro014_conf_5 lsf-cpu
 0  6  4 | launched  lt14-0-5aeceab0 SM19_micro013_conf_1 lsf-cpu
 0  7  3 | launched  lt14-0-5aeceabc SM19_micro013_conf_2 lsf-cpu
 0  8  2 | launched  lt14-0-5aeceaca SM19_micro013_conf_3 lsf-cpu
 0  9  1 | launched  lt14-0-5aecead9 SM19_micro013_conf_4 lsf-cpu
 0 10  0 | launched  lt14-1-5aeceae5 SM19_micro013_conf_5 lsf-cpu
 1  9  0 | finished  lt14-0-5aecea5e SM19_micro014_conf_1 localhost [lt14]
 1  9  0 | launched  lt14-0-5aecfc7b SM19_micro013_conf_5 localhost [lt14]
 2  8  0 | finished  lt14-0-5aecea73 SM19_micro014_conf_2 lsf-cpu [ls10]
 3  7  0 | finished  lt14-2-5aecea7f SM19_micro014_conf_3 lsf-cpu [lt22]
 4  6  0 | finished  lt14-0-5aecead9 SM19_micro013_conf_4 lsf-cpu [lt01]
 5  5  0 | finished  lt14-0-5aecea8b SM19_micro014_conf_4 lsf-cpu [ls01]
 6  4  0 | finished  lt14-0-5aeceabc SM19_micro013_conf_2 lsf-cpu [lt22]
 7  3  0 | finished  lt14-0-5aeceab0 SM19_micro013_conf_1 lsf-cpu [lt09]
 8  2  0 | finished  lt14-0-5aecea97 SM19_micro014_conf_5 lsf-cpu [lt03]
 9  1  0 | finished  lt14-0-5aeceaca SM19_micro013_conf_3 lsf-cpu [lt01]
10  0  0 | finished  lt14-0-5aecfc7b SM19_micro013_conf_5 localhost [lt14]

All jobs have completed.

10 of 10 job(s) succeeded; 0 job(s) failed.

Timer (distribute subjobs) : 8446.88 secs (2 hrs, 20 mins, 46 secs)

Processing QM output files...

Executing subprocess:
/data/chodera/schrodinger/schrodinger2017-4-advanced/jaguar results -energy SM19_micro014_conf_1.nrg_h.out

Executing subprocess:
/data/chodera/schrodinger/schrodinger2017-4-advanced/jaguar results -esolv SM19_micro014_conf_1.sol_h.out

Executing subprocess:
/data/chodera/schrodinger/schrodinger2017-4-advanced/jaguar results -energy SM19_micro014_conf_2.nrg_h.out

Executing subprocess:
/data/chodera/schrodinger/schrodinger2017-4-advanced/jaguar results -esolv SM19_micro014_conf_2.sol_h.out

Executing subprocess:
/data/chodera/schrodinger/schrodinger2017-4-advanced/jaguar results -energy SM19_micro014_conf_3.nrg_h.out

Executing subprocess:
/data/chodera/schrodinger/schrodinger2017-4-advanced/jaguar results -esolv SM19_micro014_conf_3.sol_h.out

Executing subprocess:
/data/chodera/schrodinger/schrodinger2017-4-advanced/jaguar results -energy SM19_micro014_conf_4.nrg_h.out

Executing subprocess:
/data/chodera/schrodinger/schrodinger2017-4-advanced/jaguar results -esolv SM19_micro014_conf_4.sol_h.out

Executing subprocess:
/data/chodera/schrodinger/schrodinger2017-4-advanced/jaguar results -energy SM19_micro014_conf_5.nrg_h.out

Executing subprocess:
/data/chodera/schrodinger/schrodinger2017-4-advanced/jaguar results -esolv SM19_micro014_conf_5.sol_h.out

Executing subprocess:
/data/chodera/schrodinger/schrodinger2017-4-advanced/jaguar results -energy SM19_micro013_conf_1.nrg.out

Executing subprocess:
/data/chodera/schrodinger/schrodinger2017-4-advanced/jaguar results -esolv SM19_micro013_conf_1.sol.out

Executing subprocess:
/data/chodera/schrodinger/schrodinger2017-4-advanced/jaguar results -energy SM19_micro013_conf_2.nrg.out

Executing subprocess:
/data/chodera/schrodinger/schrodinger2017-4-advanced/jaguar results -esolv SM19_micro013_conf_2.sol.out

Executing subprocess:
/data/chodera/schrodinger/schrodinger2017-4-advanced/jaguar results -energy SM19_micro013_conf_3.nrg.out

Executing subprocess:
/data/chodera/schrodinger/schrodinger2017-4-advanced/jaguar results -esolv SM19_micro013_conf_3.sol.out

Executing subprocess:
/data/chodera/schrodinger/schrodinger2017-4-advanced/jaguar results -energy SM19_micro013_conf_4.nrg.out

Executing subprocess:
/data/chodera/schrodinger/schrodinger2017-4-advanced/jaguar results -esolv SM19_micro013_conf_4.sol.out

Executing subprocess:
/data/chodera/schrodinger/schrodinger2017-4-advanced/jaguar results -energy SM19_micro013_conf_5.nrg.out

Executing subprocess:
/data/chodera/schrodinger/schrodinger2017-4-advanced/jaguar results -esolv SM19_micro013_conf_5.sol.out

Executing subprocess:
/data/chodera/schrodinger/schrodinger2017-4-advanced/jaguar-v9.8/bin/Linux-x86_64/pka -o SM19_micro014_deprot-out.mae -j SM19_micro014.jres -n -d

Executing subprocess:
/data/chodera/schrodinger/schrodinger2017-4-advanced/jaguar-v9.8/bin/Linux-x86_64/pka -o SM19_micro014_prot-out.mae -j SM19_micro014.jres -n

pKa calculation for SM19_micro014 completed.

pKa workflow jag_SM19_micro014_SM19_micro013 completed.

Timer (Jaguar pKa) : 17277.61 secs (4 hrs, 47 mins, 57 secs)
Timer (jaguar_backend.py) : 17277.61 secs (4 hrs, 47 mins, 57 secs)
Finished:   Fri May  4 21:41:32 2018
