Command:    jaguar run pka.py -jobname jag_SM18_micro010_SM18_micro009 -PARALLEL 10 -n -csrch -prot SM18_micro010.in -deprot SM18_micro009.in
Release:    2017-4
Exec:       /data/chodera/schrodinger/schrodinger2017-4-advanced/jaguar-v9.8/bin/Linux-x86_64
Host:       lt02
JobId:      lilac-0-5aecae5c
JobDir:     /lila/data/chodera/schrodinger/tmpdir/rustenburg/jag_SM18_micro010_SM18_micro009
Date:       Fri May  4 15:12:19 2018

Contents of /lila/data/chodera/schrodinger/tmpdir/rustenburg/jag_SM18_micro010_SM18_micro009:
/lila/data/chodera/schrodinger/tmpdir/rustenburg/jag_SM18_micro010_SM18_micro009/SM18_micro009.mae
/lila/data/chodera/schrodinger/tmpdir/rustenburg/jag_SM18_micro010_SM18_micro009/jag_SM18_micro010_SM18_micro009.recover
/lila/data/chodera/schrodinger/tmpdir/rustenburg/jag_SM18_micro010_SM18_micro009/lilac-0-5aecae5c.hosts
/lila/data/chodera/schrodinger/tmpdir/rustenburg/jag_SM18_micro010_SM18_micro009/jag_SM18_micro010_SM18_micro009.log
/lila/data/chodera/schrodinger/tmpdir/rustenburg/jag_SM18_micro010_SM18_micro009/SM18_micro010.mae
/lila/data/chodera/schrodinger/tmpdir/rustenburg/jag_SM18_micro010_SM18_micro009/lilac-0-5aecae5c
/lila/data/chodera/schrodinger/tmpdir/rustenburg/jag_SM18_micro010_SM18_micro009/lilac-0-5aecae5c.recover
/lila/data/chodera/schrodinger/tmpdir/rustenburg/jag_SM18_micro010_SM18_micro009/lilac-0-5aecae5c.mpinodes
/lila/data/chodera/schrodinger/tmpdir/rustenburg/jag_SM18_micro010_SM18_micro009/lilac-0-5aecae5c.jlog
/lila/data/chodera/schrodinger/tmpdir/rustenburg/jag_SM18_micro010_SM18_micro009/lilac-0-5aecae5c.nodes
/lila/data/chodera/schrodinger/tmpdir/rustenburg/jag_SM18_micro010_SM18_micro009/SM18_micro009.in
/lila/data/chodera/schrodinger/tmpdir/rustenburg/jag_SM18_micro010_SM18_micro009/SM18_micro010.in

=====================
 Jaguar pKa workflow
=====================

Analysing user-provided (prot, deprot) pair:
(SM18_micro010.in, SM18_micro009.in)
Found labile hydrogen 32 in SM18_micro010.in
Found labile hydrogen at atom 18 in SM18_micro009.in
Adding 'ipkat' keyword to input files.

Identifying pKa functional group for pair:
(SM18_micro010, SM18_micro009)

Executing subprocess:
/data/chodera/schrodinger/schrodinger2017-4-advanced/jaguar-v9.8/bin/Linux-x86_64/pka -i -j SM18_micro010.tmp.jres -n

Taking protonated structures from:
SM18_micro010.mae
Taking deprotonated structures from:
SM18_micro009.mae

This molecule from 'SM18_micro010.mae' in water was recognized as:

 # 	                  Shell                   
---	------------------------------------------
1: 	imine                                     
2: 	Protonation of sp2-like aliphatic nitrogen
3: 	Protonation of generic atom               


Executing conformational search...

Executing 2 distributed subjobs:
---------------------------------

No more than 8 cpu(s) will be used per subjob.
No more than 10 cpu(s) will be used simultaneously.

Processing the following subjobs:
(1) jaguar run csrch.py SM18_micro010.mae -jobname SM18_micro010 -max_conf 5 -erg_window 50.208 -acc_level 1 -TPP 5
(2) jaguar run csrch.py SM18_micro009.mae -jobname SM18_micro009 -max_conf 5 -erg_window 50.208 -acc_level 1 -TPP 5

Running subjobs on hosts:
  lsf-cpu (Max: 2)
Number of jobs:       2
Max retries per job:  3
Max allowed failures: unlimited
Run with -LOCAL:      False
Verbosity:            normal

Starting JobDJ...

Keep one job on driver host: False
JobDJ columns:
  C: Number of completed subjobs
  A: Number of active subjobs (e.g., submitted, running)
  W: Number of waiting/pending subjobs

C A W | Activity  JobId  JobName  JobHost
- - - | --------- -----------------------
0 1 1 | launched  lt02-0-5aecb09a SM18_micro010 lsf-cpu
0 2 0 | launched  lt02-0-5aecb09d SM18_micro009 lsf-cpu
1 1 0 | finished  lt02-0-5aecb09a SM18_micro010 lsf-cpu [ls10]
2 0 0 | finished  lt02-0-5aecb09d SM18_micro009 lsf-cpu [ls01]

All jobs have completed.

2 of 2 job(s) succeeded; 0 job(s) failed.

Timer (distribute subjobs) : 5449.01 secs (1 hrs, 30 mins, 49 secs)

Setting up QM workflow for (protonated, deprotonated) pair:
(1) (SM18_micro010, SM18_micro009)

Executing Jaguar quantum-mechanical subjobs...

Executing 10 distributed subjobs:
----------------------------------

No more than 8 cpu(s) will be used per subjob.
No more than 10 cpu(s) will be used simultaneously.

Processing the following subjobs:
(1) jaguar run pka_prot.bat -jobname SM18_micro010_conf_1 SM18_micro010_conf_1.in
(2) jaguar run pka_prot.bat -jobname SM18_micro010_conf_2 SM18_micro010_conf_2.in
(3) jaguar run pka_prot.bat -jobname SM18_micro010_conf_3 SM18_micro010_conf_3.in
(4) jaguar run pka_prot.bat -jobname SM18_micro010_conf_4 SM18_micro010_conf_4.in
(5) jaguar run pka_prot.bat -jobname SM18_micro010_conf_5 SM18_micro010_conf_5.in
(6) jaguar run pka_deprot.bat -jobname SM18_micro009_conf_1 SM18_micro009_conf_1.in
(7) jaguar run pka_deprot.bat -jobname SM18_micro009_conf_2 SM18_micro009_conf_2.in
(8) jaguar run pka_deprot.bat -jobname SM18_micro009_conf_3 SM18_micro009_conf_3.in
(9) jaguar run pka_deprot.bat -jobname SM18_micro009_conf_4 SM18_micro009_conf_4.in
(10) jaguar run pka_deprot.bat -jobname SM18_micro009_conf_5 SM18_micro009_conf_5.in

Running subjobs on hosts:
  lsf-cpu (Max: 10)
Number of jobs:       10
Max retries per job:  3
Max allowed failures: unlimited
Run with -LOCAL:      False
Verbosity:            normal

Starting JobDJ...

Keep one job on driver host: True
JobDJ columns:
  C: Number of completed subjobs
  A: Number of active subjobs (e.g., submitted, running)
  W: Number of waiting/pending subjobs

 C  A  W | Activity  JobId  JobName  JobHost
-- -- -- | --------- -----------------------
 0  1  9 | launched  lt02-0-5aecc5e8 SM18_micro010_conf_1 localhost [lt02]
 0  2  8 | launched  lt02-0-5aecc5ee SM18_micro010_conf_2 lsf-cpu
 0  3  7 | launched  lt02-0-5aecc5f3 SM18_micro010_conf_3 lsf-cpu
 0  4  6 | launched  lt02-0-5aecc5f8 SM18_micro010_conf_4 lsf-cpu
 0  5  5 | launched  lt02-0-5aecc5fd SM18_micro010_conf_5 lsf-cpu
 0  6  4 | launched  lt02-0-5aecc602 SM18_micro009_conf_1 lsf-cpu
 0  7  3 | launched  lt02-0-5aecc607 SM18_micro009_conf_2 lsf-cpu
 0  8  2 | launched  lt02-0-5aecc60c SM18_micro009_conf_3 lsf-cpu
 0  9  1 | launched  lt02-0-5aecc612 SM18_micro009_conf_4 lsf-cpu
 0 10  0 | launched  lt02-0-5aecc617 SM18_micro009_conf_5 lsf-cpu
 1  9  0 | finished  lt02-0-5aecc5ee SM18_micro010_conf_2 lsf-cpu [lt21]
 2  8  0 | finished  lt02-0-5aecc612 SM18_micro009_conf_4 lsf-cpu [ls14]
 3  7  0 | finished  lt02-0-5aecc5e8 SM18_micro010_conf_1 localhost [lt02]
 4  6  0 | finished  lt02-0-5aecc607 SM18_micro009_conf_2 lsf-cpu [lt08]
 5  5  0 | finished  lt02-0-5aecc602 SM18_micro009_conf_1 lsf-cpu [lt02]
 6  4  0 | finished  lt02-0-5aecc5f3 SM18_micro010_conf_3 lsf-cpu [ls07]
 7  3  0 | finished  lt02-0-5aecc617 SM18_micro009_conf_5 lsf-cpu [ls14]
