Taking protonated structures from:
SM21_micro033_conf_1.dft_h.01.mae
SM21_micro033_conf_2.dft_h.01.mae
SM21_micro033_conf_3.dft_h.01.mae
SM21_micro033_conf_4.dft_h.01.mae
SM21_micro033_conf_5.dft_h.01.mae
Taking deprotonated structures from:
SM21_micro029_conf_1.dft.01.mae
SM21_micro029_conf_2.dft.01.mae
SM21_micro029_conf_3.dft.01.mae
SM21_micro029_conf_4.dft.01.mae
SM21_micro029_conf_5.dft.01.mae

Corrected results for 'protonated' structure in water:
pKa atom: 24

 # 	                  Shell                   	 pKa 	RMSD	 Contribution
---	------------------------------------------	-----	-----	--------------
1: 	secondary aniline                         	-18.52	0.275	    94.85%
2: 	Protonation of sp3-like aliphatic nitrogen	-16.22	1.715	     4.83%
3: 	Protonation of generic atom               	-15.57	2.264	     0.31%

 Final weighted pKa value is -18.40



