Taking protonated structures from:
SM02_micro012_conf_1.dft_h.01.mae
SM02_micro012_conf_2.dft_h.01.mae
SM02_micro012_conf_3.dft_h.01.mae
SM02_micro012_conf_4.dft_h.01.mae
SM02_micro012_conf_5.dft_h.01.mae
Taking deprotonated structures from:
SM02_micro005_conf_1.dft.01.mae
SM02_micro005_conf_2.dft.01.mae
SM02_micro005_conf_3.dft.01.mae
SM02_micro005_conf_4.dft.01.mae
SM02_micro005_conf_5.dft.01.mae

Corrected results for 'protonated' structure in water:
pKa atom: 23

 # 	           Shell           	 pKa 	RMSD	 Contribution
---	---------------------------	-----	-----	--------------
1: 	heterocycle custom 1       	-3.84	0.617	    31.10%
2: 	heterocycle                	-3.30	0.837	    64.75%
3: 	Protonation of generic atom	-1.19	2.264	     4.15%

 Final weighted pKa value is -3.38



