Taking protonated structures from:
SM18_micro013_conf_1.dft_h.01.mae
SM18_micro013_conf_2.dft_h.01.mae
SM18_micro013_conf_3.dft_h.01.mae
SM18_micro013_conf_4.dft_h.01.mae
SM18_micro013_conf_5.dft_h.01.mae
Taking deprotonated structures from:
SM18_micro011_conf_1.dft.01.mae
SM18_micro011_conf_2.dft.01.mae
SM18_micro011_conf_3.dft.01.mae
SM18_micro011_conf_4.dft.01.mae
SM18_micro011_conf_5.dft.01.mae

Corrected results for 'protonated' structure in water:
pKa atom: 31

 # 	                  Shell                  	 pKa 	RMSD	 Contribution
---	-----------------------------------------	-----	-----	--------------
1: 	delta lactam                             	10.98	0.508	    33.99%
2: 	4-pyrimidone as acid                     	10.80	0.530	    58.09%
3: 	Protonation of sp2-like aromatic nitrogen	11.92	1.014	     7.26%
4: 	Protonation of generic atom              	 9.95	2.264	     0.65%

 Final weighted pKa value is 10.94



