Command:    jaguar run pka.py -jobname jag_SM10_micro017_SM10_micro027 -PARALLEL 10 -n -csrch -prot SM10_micro017.in -deprot SM10_micro027.in
Release:    2017-4
Exec:       /data/chodera/schrodinger/schrodinger2017-4-advanced/jaguar-v9.8/bin/Linux-x86_64
Host:       lt02
JobId:      lilac-0-5aec81a4
JobDir:     /lila/data/chodera/schrodinger/tmpdir/rustenburg/jag_SM10_micro017_SM10_micro027
Date:       Fri May  4 11:59:01 2018

Contents of /lila/data/chodera/schrodinger/tmpdir/rustenburg/jag_SM10_micro017_SM10_micro027:
/lila/data/chodera/schrodinger/tmpdir/rustenburg/jag_SM10_micro017_SM10_micro027/SM10_micro017.mae
/lila/data/chodera/schrodinger/tmpdir/rustenburg/jag_SM10_micro017_SM10_micro027/jag_SM10_micro017_SM10_micro027.log
/lila/data/chodera/schrodinger/tmpdir/rustenburg/jag_SM10_micro017_SM10_micro027/SM10_micro017.in
/lila/data/chodera/schrodinger/tmpdir/rustenburg/jag_SM10_micro017_SM10_micro027/lilac-0-5aec81a4.nodes
/lila/data/chodera/schrodinger/tmpdir/rustenburg/jag_SM10_micro017_SM10_micro027/SM10_micro027.mae
/lila/data/chodera/schrodinger/tmpdir/rustenburg/jag_SM10_micro017_SM10_micro027/lilac-0-5aec81a4.jlog
/lila/data/chodera/schrodinger/tmpdir/rustenburg/jag_SM10_micro017_SM10_micro027/lilac-0-5aec81a4.hosts
/lila/data/chodera/schrodinger/tmpdir/rustenburg/jag_SM10_micro017_SM10_micro027/lilac-0-5aec81a4.recover
/lila/data/chodera/schrodinger/tmpdir/rustenburg/jag_SM10_micro017_SM10_micro027/lilac-0-5aec81a4
/lila/data/chodera/schrodinger/tmpdir/rustenburg/jag_SM10_micro017_SM10_micro027/SM10_micro027.in
/lila/data/chodera/schrodinger/tmpdir/rustenburg/jag_SM10_micro017_SM10_micro027/lilac-0-5aec81a4.mpinodes
/lila/data/chodera/schrodinger/tmpdir/rustenburg/jag_SM10_micro017_SM10_micro027/jag_SM10_micro017_SM10_micro027.recover

=====================
 Jaguar pKa workflow
=====================

Analysing user-provided (prot, deprot) pair:
(SM10_micro017.in, SM10_micro027.in)
Found labile hydrogen 30 in SM10_micro017.in
Found labile hydrogen at atom 13 in SM10_micro027.in
Adding 'ipkat' keyword to input files.

Identifying pKa functional group for pair:
(SM10_micro017, SM10_micro027)

Executing subprocess:
/data/chodera/schrodinger/schrodinger2017-4-advanced/jaguar-v9.8/bin/Linux-x86_64/pka -i -j SM10_micro017.tmp.jres -n

Taking protonated structures from:
SM10_micro017.mae
Taking deprotonated structures from:
SM10_micro027.mae

This molecule from 'SM10_micro017.mae' in water was recognized as:

 # 	                  Shell                   
---	------------------------------------------
1: 	Protonation of sp2-like aliphatic nitrogen
2: 	Protonation of generic atom               


Executing conformational search...

Executing 2 distributed subjobs:
---------------------------------

No more than 8 cpu(s) will be used per subjob.
No more than 10 cpu(s) will be used simultaneously.

Processing the following subjobs:
(1) jaguar run csrch.py SM10_micro017.mae -jobname SM10_micro017 -max_conf 5 -erg_window 50.208 -acc_level 1 -TPP 5
(2) jaguar run csrch.py SM10_micro027.mae -jobname SM10_micro027 -max_conf 5 -erg_window 50.208 -acc_level 1 -TPP 5

Running subjobs on hosts:
  lsf-cpu (Max: 2)
Number of jobs:       2
Max retries per job:  3
Max allowed failures: unlimited
Run with -LOCAL:      False
Verbosity:            normal

Starting JobDJ...

Keep one job on driver host: False
JobDJ columns:
  C: Number of completed subjobs
  A: Number of active subjobs (e.g., submitted, running)
  W: Number of waiting/pending subjobs

C A W | Activity  JobId  JobName  JobHost
- - - | --------- -----------------------
0 1 1 | launched  lt02-0-5aec834f SM10_micro017 lsf-cpu
0 2 0 | launched  lt02-0-5aec835a SM10_micro027 lsf-cpu
1 1 0 | finished  lt02-0-5aec835a SM10_micro027 lsf-cpu
2 0 0 | finished  lt02-0-5aec834f SM10_micro017 lsf-cpu [lt17]

All jobs have completed.

2 of 2 job(s) succeeded; 0 job(s) failed.

Timer (distribute subjobs) : 1852.73 secs (0 hrs, 30 mins, 52 secs)

Setting up QM workflow for (protonated, deprotonated) pair:
(1) (SM10_micro017, SM10_micro027)

Executing Jaguar quantum-mechanical subjobs...

Executing 10 distributed subjobs:
----------------------------------

No more than 8 cpu(s) will be used per subjob.
No more than 10 cpu(s) will be used simultaneously.

Processing the following subjobs:
(1) jaguar run pka_prot.bat -jobname SM10_micro017_conf_1 SM10_micro017_conf_1.in
(2) jaguar run pka_prot.bat -jobname SM10_micro017_conf_2 SM10_micro017_conf_2.in
(3) jaguar run pka_prot.bat -jobname SM10_micro017_conf_3 SM10_micro017_conf_3.in
(4) jaguar run pka_prot.bat -jobname SM10_micro017_conf_4 SM10_micro017_conf_4.in
(5) jaguar run pka_prot.bat -jobname SM10_micro017_conf_5 SM10_micro017_conf_5.in
(6) jaguar run pka_deprot.bat -jobname SM10_micro027_conf_1 SM10_micro027_conf_1.in
(7) jaguar run pka_deprot.bat -jobname SM10_micro027_conf_2 SM10_micro027_conf_2.in
(8) jaguar run pka_deprot.bat -jobname SM10_micro027_conf_3 SM10_micro027_conf_3.in
(9) jaguar run pka_deprot.bat -jobname SM10_micro027_conf_4 SM10_micro027_conf_4.in
(10) jaguar run pka_deprot.bat -jobname SM10_micro027_conf_5 SM10_micro027_conf_5.in

Running subjobs on hosts:
  lsf-cpu (Max: 10)
Number of jobs:       10
Max retries per job:  3
Max allowed failures: unlimited
Run with -LOCAL:      False
Verbosity:            normal

Starting JobDJ...

Keep one job on driver host: True
JobDJ columns:
  C: Number of completed subjobs
  A: Number of active subjobs (e.g., submitted, running)
  W: Number of waiting/pending subjobs

 C  A  W | Activity  JobId  JobName  JobHost
-- -- -- | --------- -----------------------
 0  1  9 | launched  lt02-0-5aec8a8e SM10_micro017_conf_1 localhost [lt02]
 0  2  8 | launched  lt02-0-5aec8a9b SM10_micro017_conf_2 lsf-cpu
 0  3  7 | launched  lt02-1-5aec8aa7 SM10_micro017_conf_3 lsf-cpu
 0  4  6 | launched  lt02-0-5aec8ab1 SM10_micro017_conf_4 lsf-cpu
 0  5  5 | launched  lt02-0-5aec8abe SM10_micro017_conf_5 lsf-cpu
 0  6  4 | launched  lt02-0-5aec8ac9 SM10_micro027_conf_1 lsf-cpu
 0  7  3 | launched  lt02-0-5aec8ad4 SM10_micro027_conf_2 lsf-cpu
 0  8  2 | launched  lt02-0-5aec8ae1 SM10_micro027_conf_3 lsf-cpu
 0  9  1 | launched  lt02-0-5aec8aea SM10_micro027_conf_4 lsf-cpu
 0 10  0 | launched  lt02-0-5aec8af4 SM10_micro027_conf_5 lsf-cpu
 1  9  0 | finished  lt02-1-5aec8aa7 SM10_micro017_conf_3 lsf-cpu [ls01]
 2  8  0 | finished  lt02-0-5aec8a8e SM10_micro017_conf_1 localhost [lt02]
 3  7  0 | finished  lt02-0-5aec8ab1 SM10_micro017_conf_4 lsf-cpu [ls18]
 4  6  0 | finished  lt02-0-5aec8a9b SM10_micro017_conf_2 lsf-cpu [ls17]
 5  5  0 | finished  lt02-0-5aec8ae1 SM10_micro027_conf_3 lsf-cpu [lt21]
 6  4  0 | finished  lt02-0-5aec8ac9 SM10_micro027_conf_1 lsf-cpu [lt21]
 7  3  0 | finished  lt02-0-5aec8abe SM10_micro017_conf_5 lsf-cpu [lt21]
 8  2  0 | finished  lt02-0-5aec8af4 SM10_micro027_conf_5 lsf-cpu [lt14]
 9  1  0 | finished  lt02-0-5aec8ad4 SM10_micro027_conf_2 lsf-cpu [lt17]
10  0  0 | finished  lt02-0-5aec8aea SM10_micro027_conf_4 lsf-cpu [ls13]

All jobs have completed.

10 of 10 job(s) succeeded; 0 job(s) failed.

Timer (distribute subjobs) : 4360.84 secs (1 hrs, 12 mins, 40 secs)

Processing QM output files...

Executing subprocess:
/data/chodera/schrodinger/schrodinger2017-4-advanced/jaguar results -energy SM10_micro017_conf_1.nrg_h.out

Executing subprocess:
/data/chodera/schrodinger/schrodinger2017-4-advanced/jaguar results -esolv SM10_micro017_conf_1.sol_h.out

Executing subprocess:
/data/chodera/schrodinger/schrodinger2017-4-advanced/jaguar results -energy SM10_micro017_conf_2.nrg_h.out

Executing subprocess:
/data/chodera/schrodinger/schrodinger2017-4-advanced/jaguar results -esolv SM10_micro017_conf_2.sol_h.out

Executing subprocess:
/data/chodera/schrodinger/schrodinger2017-4-advanced/jaguar results -energy SM10_micro017_conf_3.nrg_h.out

Executing subprocess:
/data/chodera/schrodinger/schrodinger2017-4-advanced/jaguar results -esolv SM10_micro017_conf_3.sol_h.out

Executing subprocess:
/data/chodera/schrodinger/schrodinger2017-4-advanced/jaguar results -energy SM10_micro017_conf_4.nrg_h.out

Executing subprocess:
/data/chodera/schrodinger/schrodinger2017-4-advanced/jaguar results -esolv SM10_micro017_conf_4.sol_h.out

Executing subprocess:
/data/chodera/schrodinger/schrodinger2017-4-advanced/jaguar results -energy SM10_micro017_conf_5.nrg_h.out

Executing subprocess:
/data/chodera/schrodinger/schrodinger2017-4-advanced/jaguar results -esolv SM10_micro017_conf_5.sol_h.out

Executing subprocess:
/data/chodera/schrodinger/schrodinger2017-4-advanced/jaguar results -energy SM10_micro027_conf_1.nrg.out

Executing subprocess:
/data/chodera/schrodinger/schrodinger2017-4-advanced/jaguar results -esolv SM10_micro027_conf_1.sol.out

Executing subprocess:
/data/chodera/schrodinger/schrodinger2017-4-advanced/jaguar results -energy SM10_micro027_conf_2.nrg.out

Executing subprocess:
/data/chodera/schrodinger/schrodinger2017-4-advanced/jaguar results -esolv SM10_micro027_conf_2.sol.out

Executing subprocess:
/data/chodera/schrodinger/schrodinger2017-4-advanced/jaguar results -energy SM10_micro027_conf_3.nrg.out

Executing subprocess:
/data/chodera/schrodinger/schrodinger2017-4-advanced/jaguar results -esolv SM10_micro027_conf_3.sol.out

Executing subprocess:
/data/chodera/schrodinger/schrodinger2017-4-advanced/jaguar results -energy SM10_micro027_conf_4.nrg.out

Executing subprocess:
/data/chodera/schrodinger/schrodinger2017-4-advanced/jaguar results -esolv SM10_micro027_conf_4.sol.out

Executing subprocess:
/data/chodera/schrodinger/schrodinger2017-4-advanced/jaguar results -energy SM10_micro027_conf_5.nrg.out

Executing subprocess:
/data/chodera/schrodinger/schrodinger2017-4-advanced/jaguar results -esolv SM10_micro027_conf_5.sol.out

Executing subprocess:
/data/chodera/schrodinger/schrodinger2017-4-advanced/jaguar-v9.8/bin/Linux-x86_64/pka -o SM10_micro017_deprot-out.mae -j SM10_micro017.jres -n -d

Executing subprocess:
/data/chodera/schrodinger/schrodinger2017-4-advanced/jaguar-v9.8/bin/Linux-x86_64/pka -o SM10_micro017_prot-out.mae -j SM10_micro017.jres -n

pKa calculation for SM10_micro017 completed.

pKa workflow jag_SM10_micro017_SM10_micro027 completed.

Timer (Jaguar pKa) : 6286.70 secs (1 hrs, 44 mins, 46 secs)
Timer (jaguar_backend.py) : 6286.70 secs (1 hrs, 44 mins, 46 secs)
Finished:   Fri May  4 13:43:48 2018
