Taking protonated structures from:
SM18_micro026_conf_1.dft_h.01.mae
SM18_micro026_conf_2.dft_h.01.mae
SM18_micro026_conf_3.dft_h.01.mae
SM18_micro026_conf_4.dft_h.01.mae
SM18_micro026_conf_5.dft_h.01.mae
Taking deprotonated structures from:
SM18_micro056_conf_1.dft.01.mae
SM18_micro056_conf_2.dft.01.mae
SM18_micro056_conf_3.dft.01.mae
SM18_micro056_conf_4.dft.01.mae
SM18_micro056_conf_5.dft.01.mae

Corrected results for 'protonated' structure in water:
pKa atom: 32

 # 	           Shell           	 pKa 	RMSD	 Contribution
---	---------------------------	-----	-----	--------------
1: 	4-pyrimidone as base       	 3.02	0.363	    46.05%
2: 	heterocycle custom 1       	 2.91	0.617	     8.98%
3: 	heterocycle                	 3.17	0.837	    43.11%
4: 	Protonation of generic atom	 3.90	2.264	     1.86%

 Final weighted pKa value is 3.09



