Taking protonated structures from:
SM03_micro010_conf_1.dft_h.01.mae
SM03_micro010_conf_2.dft_h.01.mae
SM03_micro010_conf_3.dft_h.01.mae
SM03_micro010_conf_4.dft_h.01.mae
SM03_micro010_conf_5.dft_h.01.mae
Taking deprotonated structures from:
SM03_micro014_conf_1.dft.01.mae
SM03_micro014_conf_2.dft.01.mae
SM03_micro014_conf_3.dft.01.mae
SM03_micro014_conf_4.dft.01.mae
SM03_micro014_conf_5.dft.01.mae

Corrected results for 'protonated' structure in water:
pKa atom: 27

 # 	                  Shell                   	 pKa 	RMSD	 Contribution
---	------------------------------------------	-----	-----	--------------
1: 	amide as acid                             	10.44	0.903	    35.48%
2: 	Protonation of sp2-like aliphatic nitrogen	 9.65	1.751	    48.26%
3: 	Protonation of generic atom               	 9.66	2.264	    16.26%

 Final weighted pKa value is 9.93



