Command:    jaguar run pka.py -jobname jag_SM23_micro007_SM23_micro026 -PARALLEL 10 -n -csrch -prot SM23_micro007.in -deprot SM23_micro026.in
Release:    2017-4
Exec:       /data/chodera/schrodinger/schrodinger2017-4-advanced/jaguar-v9.8/bin/Linux-x86_64
Host:       ls11
JobId:      lilac-0-5aecd22e
JobDir:     /lila/data/chodera/schrodinger/tmpdir/rustenburg/jag_SM23_micro007_SM23_micro026
Date:       Fri May  4 19:19:40 2018

Contents of /lila/data/chodera/schrodinger/tmpdir/rustenburg/jag_SM23_micro007_SM23_micro026:
/lila/data/chodera/schrodinger/tmpdir/rustenburg/jag_SM23_micro007_SM23_micro026/jag_SM23_micro007_SM23_micro026.recover
/lila/data/chodera/schrodinger/tmpdir/rustenburg/jag_SM23_micro007_SM23_micro026/SM23_micro026.mae
/lila/data/chodera/schrodinger/tmpdir/rustenburg/jag_SM23_micro007_SM23_micro026/SM23_micro007.in
/lila/data/chodera/schrodinger/tmpdir/rustenburg/jag_SM23_micro007_SM23_micro026/lilac-0-5aecd22e.nodes
/lila/data/chodera/schrodinger/tmpdir/rustenburg/jag_SM23_micro007_SM23_micro026/jag_SM23_micro007_SM23_micro026.log
/lila/data/chodera/schrodinger/tmpdir/rustenburg/jag_SM23_micro007_SM23_micro026/lilac-0-5aecd22e.jlog
/lila/data/chodera/schrodinger/tmpdir/rustenburg/jag_SM23_micro007_SM23_micro026/SM23_micro007.mae
/lila/data/chodera/schrodinger/tmpdir/rustenburg/jag_SM23_micro007_SM23_micro026/lilac-0-5aecd22e
/lila/data/chodera/schrodinger/tmpdir/rustenburg/jag_SM23_micro007_SM23_micro026/lilac-0-5aecd22e.recover
/lila/data/chodera/schrodinger/tmpdir/rustenburg/jag_SM23_micro007_SM23_micro026/lilac-0-5aecd22e.mpinodes
/lila/data/chodera/schrodinger/tmpdir/rustenburg/jag_SM23_micro007_SM23_micro026/lilac-0-5aecd22e.hosts
/lila/data/chodera/schrodinger/tmpdir/rustenburg/jag_SM23_micro007_SM23_micro026/SM23_micro026.in

=====================
 Jaguar pKa workflow
=====================

Analysing user-provided (prot, deprot) pair:
(SM23_micro007.in, SM23_micro026.in)
Error: heavy atoms are different in input files:
SM23_micro007.in
SM23_micro026.in


An error has occurred.  Information about the error has been written to 
/home/rustenburg/.schrodinger/exceptions/error20180504-191940-2.txt 

Please contact help@schrodinger.com for assistance. Include error20180504-191940-2.txt and a description of what you were doing when the error occurred.
