Command:    jaguar run pka.py -jobname jag_SM18_micro060_SM18_micro071 -PARALLEL 10 -WAIT -n -csrch -prot SM18_micro060.in -deprot SM18_micro071.in
Release:    2017-4
Exec:       /data/chodera/schrodinger/schrodinger2017-4-advanced/jaguar-v9.8/bin/Linux-x86_64
Host:       lt12
JobId:      lt12-5-5af456e8
JobDir:     /lila/data/chodera/schrodinger/tmpdir/rustenburg/jag_SM18_micro060_SM18_micro071.1
Date:       Thu May 10 10:27:55 2018

Contents of /lila/data/chodera/schrodinger/tmpdir/rustenburg/jag_SM18_micro060_SM18_micro071.1:
/lila/data/chodera/schrodinger/tmpdir/rustenburg/jag_SM18_micro060_SM18_micro071.1/lt12-5-5af456e8
/lila/data/chodera/schrodinger/tmpdir/rustenburg/jag_SM18_micro060_SM18_micro071.1/jag_SM18_micro060_SM18_micro071.log
/lila/data/chodera/schrodinger/tmpdir/rustenburg/jag_SM18_micro060_SM18_micro071.1/SM18_micro060.mae
/lila/data/chodera/schrodinger/tmpdir/rustenburg/jag_SM18_micro060_SM18_micro071.1/jag_SM18_micro060_SM18_micro071.recover
/lila/data/chodera/schrodinger/tmpdir/rustenburg/jag_SM18_micro060_SM18_micro071.1/SM18_micro071.mae
/lila/data/chodera/schrodinger/tmpdir/rustenburg/jag_SM18_micro060_SM18_micro071.1/lt12-5-5af456e8.mpinodes
/lila/data/chodera/schrodinger/tmpdir/rustenburg/jag_SM18_micro060_SM18_micro071.1/lt12-5-5af456e8.recover
/lila/data/chodera/schrodinger/tmpdir/rustenburg/jag_SM18_micro060_SM18_micro071.1/SM18_micro071.in
/lila/data/chodera/schrodinger/tmpdir/rustenburg/jag_SM18_micro060_SM18_micro071.1/SM18_micro060.in

=====================
 Jaguar pKa workflow
=====================

Analysing user-provided (prot, deprot) pair:
(SM18_micro060.in, SM18_micro071.in)
Found labile hydrogen 31 in SM18_micro060.in
Found labile hydrogen at atom 15 in SM18_micro071.in
Adding 'ipkat' keyword to input files.

Identifying pKa functional group for pair:
(SM18_micro060, SM18_micro071)

Executing subprocess:
/data/chodera/schrodinger/schrodinger2017-4-advanced/jaguar-v9.8/bin/Linux-x86_64/pka -i -j SM18_micro060.tmp.jres -n

Taking protonated structures from:
SM18_micro060.mae
Taking deprotonated structures from:
SM18_micro071.mae

This molecule from 'SM18_micro060.mae' in water was recognized as:

 # 	            Shell             
---	------------------------------
1: 	amide as base                 
2: 	Protonation of generic atom   
3: 	Protonation of sp2-like oxygen


Executing conformational search...

Executing 2 distributed subjobs:
---------------------------------

No more than 8 cpu(s) will be used per subjob.
No more than 10 cpu(s) will be used simultaneously.

Processing the following subjobs:
(1) jaguar run csrch.py SM18_micro060.mae -jobname SM18_micro060 -max_conf 5 -erg_window 50.208 -acc_level 1 -TPP 5
(2) jaguar run csrch.py SM18_micro071.mae -jobname SM18_micro071 -max_conf 5 -erg_window 50.208 -acc_level 1 -TPP 5

Running subjobs on hosts:
  localhost (Max: 2)
Number of jobs:       2
Max retries per job:  3
Max allowed failures: unlimited
Run with -LOCAL:      False
Verbosity:            normal

Starting JobDJ...

Keep one job on driver host: False
JobDJ columns:
  C: Number of completed subjobs
  A: Number of active subjobs (e.g., submitted, running)
  W: Number of waiting/pending subjobs

C A W | Activity  JobId  JobName  JobHost
- - - | --------- -----------------------
0 1 1 | launched  lt12-0-5af456f0 SM18_micro060 localhost [lt12]
0 2 0 | launched  lt12-0-5af456f4 SM18_micro071 localhost [lt12]
1 1 0 | finished  lt12-0-5af456f0 SM18_micro060 localhost [lt12]
2 0 0 | finished  lt12-0-5af456f4 SM18_micro071 localhost [lt12]

All jobs have completed.

2 of 2 job(s) succeeded; 0 job(s) failed.

Timer (distribute subjobs) : 1457.12 secs (0 hrs, 24 mins, 17 secs)

Setting up QM workflow for (protonated, deprotonated) pair:
(1) (SM18_micro060, SM18_micro071)

Executing Jaguar quantum-mechanical subjobs...

Executing 10 distributed subjobs:
----------------------------------

No more than 8 cpu(s) will be used per subjob.
No more than 10 cpu(s) will be used simultaneously.

Processing the following subjobs:
(1) jaguar run pka_prot.bat -jobname SM18_micro060_conf_1 SM18_micro060_conf_1.in
(2) jaguar run pka_prot.bat -jobname SM18_micro060_conf_2 SM18_micro060_conf_2.in
(3) jaguar run pka_prot.bat -jobname SM18_micro060_conf_3 SM18_micro060_conf_3.in
(4) jaguar run pka_prot.bat -jobname SM18_micro060_conf_4 SM18_micro060_conf_4.in
(5) jaguar run pka_prot.bat -jobname SM18_micro060_conf_5 SM18_micro060_conf_5.in
(6) jaguar run pka_deprot.bat -jobname SM18_micro071_conf_1 SM18_micro071_conf_1.in
(7) jaguar run pka_deprot.bat -jobname SM18_micro071_conf_2 SM18_micro071_conf_2.in
(8) jaguar run pka_deprot.bat -jobname SM18_micro071_conf_3 SM18_micro071_conf_3.in
(9) jaguar run pka_deprot.bat -jobname SM18_micro071_conf_4 SM18_micro071_conf_4.in
(10) jaguar run pka_deprot.bat -jobname SM18_micro071_conf_5 SM18_micro071_conf_5.in

Running subjobs on hosts:
  localhost (Max: 10)
Number of jobs:       10
Max retries per job:  3
Max allowed failures: unlimited
Run with -LOCAL:      False
Verbosity:            normal

Starting JobDJ...

Keep one job on driver host: False
JobDJ columns:
  C: Number of completed subjobs
  A: Number of active subjobs (e.g., submitted, running)
  W: Number of waiting/pending subjobs

 C  A  W | Activity  JobId  JobName  JobHost
-- -- -- | --------- -----------------------
 0  1  9 | launched  lt12-0-5af45cb5 SM18_micro060_conf_1 localhost [lt12]
 0  2  8 | launched  lt12-0-5af45cc8 SM18_micro060_conf_2 localhost [lt12]
 0  3  7 | launched  lt12-0-5af45cd2 SM18_micro060_conf_3 localhost [lt12]
 0  4  6 | launched  lt12-0-5af45ced SM18_micro060_conf_4 localhost [lt12]
 0  5  5 | launched  lt12-0-5af45cff SM18_micro060_conf_5 localhost [lt12]
 0  6  4 | launched  lt12-1-5af45d01 SM18_micro071_conf_1 localhost [lt12]
 0  7  3 | launched  lt12-0-5af45d04 SM18_micro071_conf_2 localhost [lt12]
 0  8  2 | launched  lt12-0-5af45d06 SM18_micro071_conf_3 localhost [lt12]
 0  9  1 | launched  lt12-1-5af45d08 SM18_micro071_conf_4 localhost [lt12]
 0 10  0 | launched  lt12-1-5af45d0d SM18_micro071_conf_5 localhost [lt12]
 1  9  0 | finished  lt12-1-5af45d01 SM18_micro071_conf_1 localhost [lt12]
 2  8  0 | finished  lt12-1-5af45d0d SM18_micro071_conf_5 localhost [lt12]
 3  7  0 | finished  lt12-0-5af45d06 SM18_micro071_conf_3 localhost [lt12]
 4  6  0 | finished  lt12-0-5af45d04 SM18_micro071_conf_2 localhost [lt12]
 5  5  0 | finished  lt12-1-5af45d08 SM18_micro071_conf_4 localhost [lt12]
 6  4  0 | finished  lt12-0-5af45cff SM18_micro060_conf_5 localhost [lt12]
 7  3  0 | finished  lt12-0-5af45cc8 SM18_micro060_conf_2 localhost [lt12]
 8  2  0 | finished  lt12-0-5af45ced SM18_micro060_conf_4 localhost [lt12]
 9  1  0 | finished  lt12-0-5af45cb5 SM18_micro060_conf_1 localhost [lt12]
10  0  0 | finished  lt12-0-5af45cd2 SM18_micro060_conf_3 localhost [lt12]

All jobs have completed.

10 of 10 job(s) succeeded; 0 job(s) failed.

Timer (distribute subjobs) : 21044.62 secs (5 hrs, 50 mins, 44 secs)

Processing QM output files...

Executing subprocess:
/data/chodera/schrodinger/schrodinger2017-4-advanced/jaguar results -energy SM18_micro060_conf_1.nrg_h.out

Executing subprocess:
/data/chodera/schrodinger/schrodinger2017-4-advanced/jaguar results -esolv SM18_micro060_conf_1.sol_h.out

Executing subprocess:
/data/chodera/schrodinger/schrodinger2017-4-advanced/jaguar results -energy SM18_micro060_conf_2.nrg_h.out

Executing subprocess:
/data/chodera/schrodinger/schrodinger2017-4-advanced/jaguar results -esolv SM18_micro060_conf_2.sol_h.out

Executing subprocess:
/data/chodera/schrodinger/schrodinger2017-4-advanced/jaguar results -energy SM18_micro060_conf_3.nrg_h.out

Executing subprocess:
/data/chodera/schrodinger/schrodinger2017-4-advanced/jaguar results -esolv SM18_micro060_conf_3.sol_h.out

Executing subprocess:
/data/chodera/schrodinger/schrodinger2017-4-advanced/jaguar results -energy SM18_micro060_conf_4.nrg_h.out

Executing subprocess:
/data/chodera/schrodinger/schrodinger2017-4-advanced/jaguar results -esolv SM18_micro060_conf_4.sol_h.out

Executing subprocess:
/data/chodera/schrodinger/schrodinger2017-4-advanced/jaguar results -energy SM18_micro060_conf_5.nrg_h.out

Executing subprocess:
/data/chodera/schrodinger/schrodinger2017-4-advanced/jaguar results -esolv SM18_micro060_conf_5.sol_h.out

Executing subprocess:
/data/chodera/schrodinger/schrodinger2017-4-advanced/jaguar results -energy SM18_micro071_conf_1.nrg.out

Executing subprocess:
/data/chodera/schrodinger/schrodinger2017-4-advanced/jaguar results -esolv SM18_micro071_conf_1.sol.out

Executing subprocess:
/data/chodera/schrodinger/schrodinger2017-4-advanced/jaguar results -energy SM18_micro071_conf_2.nrg.out

Executing subprocess:
/data/chodera/schrodinger/schrodinger2017-4-advanced/jaguar results -esolv SM18_micro071_conf_2.sol.out

Executing subprocess:
/data/chodera/schrodinger/schrodinger2017-4-advanced/jaguar results -energy SM18_micro071_conf_3.nrg.out

Executing subprocess:
/data/chodera/schrodinger/schrodinger2017-4-advanced/jaguar results -esolv SM18_micro071_conf_3.sol.out

Executing subprocess:
/data/chodera/schrodinger/schrodinger2017-4-advanced/jaguar results -energy SM18_micro071_conf_4.nrg.out

Executing subprocess:
/data/chodera/schrodinger/schrodinger2017-4-advanced/jaguar results -esolv SM18_micro071_conf_4.sol.out

Executing subprocess:
/data/chodera/schrodinger/schrodinger2017-4-advanced/jaguar results -energy SM18_micro071_conf_5.nrg.out

Executing subprocess:
/data/chodera/schrodinger/schrodinger2017-4-advanced/jaguar results -esolv SM18_micro071_conf_5.sol.out

Executing subprocess:
/data/chodera/schrodinger/schrodinger2017-4-advanced/jaguar-v9.8/bin/Linux-x86_64/pka -o SM18_micro060_deprot-out.mae -j SM18_micro060.jres -n -d

Executing subprocess:
/data/chodera/schrodinger/schrodinger2017-4-advanced/jaguar-v9.8/bin/Linux-x86_64/pka -o SM18_micro060_prot-out.mae -j SM18_micro060.jres -n

pKa calculation for SM18_micro060 completed.

pKa workflow jag_SM18_micro060_SM18_micro071 completed.

Timer (Jaguar pKa) : 22576.81 secs (6 hrs, 16 mins, 16 secs)
Timer (jaguar_backend.py) : 22576.81 secs (6 hrs, 16 mins, 16 secs)
Finished:   Thu May 10 16:44:11 2018
