Command:    jaguar run pka.py -jobname jag_SM12_micro002_SM12_micro009 -PARALLEL 10 -n -csrch -prot SM12_micro002.in -deprot SM12_micro009.in
Release:    2017-4
Exec:       /data/chodera/schrodinger/schrodinger2017-4-advanced/jaguar-v9.8/bin/Linux-x86_64
Host:       ls10
JobId:      lilac-0-5aeca17a
JobDir:     /lila/data/chodera/schrodinger/tmpdir/rustenburg/jag_SM12_micro002_SM12_micro009
Date:       Fri May  4 14:08:00 2018

Contents of /lila/data/chodera/schrodinger/tmpdir/rustenburg/jag_SM12_micro002_SM12_micro009:
/lila/data/chodera/schrodinger/tmpdir/rustenburg/jag_SM12_micro002_SM12_micro009/lilac-0-5aeca17a.recover
/lila/data/chodera/schrodinger/tmpdir/rustenburg/jag_SM12_micro002_SM12_micro009/jag_SM12_micro002_SM12_micro009.recover
/lila/data/chodera/schrodinger/tmpdir/rustenburg/jag_SM12_micro002_SM12_micro009/lilac-0-5aeca17a
/lila/data/chodera/schrodinger/tmpdir/rustenburg/jag_SM12_micro002_SM12_micro009/lilac-0-5aeca17a.jlog
/lila/data/chodera/schrodinger/tmpdir/rustenburg/jag_SM12_micro002_SM12_micro009/lilac-0-5aeca17a.mpinodes
/lila/data/chodera/schrodinger/tmpdir/rustenburg/jag_SM12_micro002_SM12_micro009/SM12_micro002.mae
/lila/data/chodera/schrodinger/tmpdir/rustenburg/jag_SM12_micro002_SM12_micro009/lilac-0-5aeca17a.nodes
/lila/data/chodera/schrodinger/tmpdir/rustenburg/jag_SM12_micro002_SM12_micro009/SM12_micro002.in
/lila/data/chodera/schrodinger/tmpdir/rustenburg/jag_SM12_micro002_SM12_micro009/SM12_micro009.mae
/lila/data/chodera/schrodinger/tmpdir/rustenburg/jag_SM12_micro002_SM12_micro009/jag_SM12_micro002_SM12_micro009.log
/lila/data/chodera/schrodinger/tmpdir/rustenburg/jag_SM12_micro002_SM12_micro009/lilac-0-5aeca17a.hosts
/lila/data/chodera/schrodinger/tmpdir/rustenburg/jag_SM12_micro002_SM12_micro009/SM12_micro009.in

=====================
 Jaguar pKa workflow
=====================

Analysing user-provided (prot, deprot) pair:
(SM12_micro002.in, SM12_micro009.in)
Found labile hydrogen 19 in SM12_micro002.in
Found labile hydrogen at atom 8 in SM12_micro009.in
Adding 'ipkat' keyword to input files.

Identifying pKa functional group for pair:
(SM12_micro002, SM12_micro009)

Executing subprocess:
/data/chodera/schrodinger/schrodinger2017-4-advanced/jaguar-v9.8/bin/Linux-x86_64/pka -i -j SM12_micro002.tmp.jres -n

Taking protonated structures from:
SM12_micro002.mae
Taking deprotonated structures from:
SM12_micro009.mae

This molecule from 'SM12_micro002.mae' in water was recognized as:

 # 	           Shell           
---	---------------------------
1: 	Protonation of generic atom


Executing conformational search...

Executing 2 distributed subjobs:
---------------------------------

No more than 8 cpu(s) will be used per subjob.
No more than 10 cpu(s) will be used simultaneously.

Processing the following subjobs:
(1) jaguar run csrch.py SM12_micro002.mae -jobname SM12_micro002 -max_conf 5 -erg_window 50.208 -acc_level 1 -TPP 5
(2) jaguar run csrch.py SM12_micro009.mae -jobname SM12_micro009 -max_conf 5 -erg_window 50.208 -acc_level 1 -TPP 5

Running subjobs on hosts:
  lsf-cpu (Max: 2)
Number of jobs:       2
Max retries per job:  3
Max allowed failures: unlimited
Run with -LOCAL:      False
Verbosity:            normal

Starting JobDJ...

Keep one job on driver host: False
JobDJ columns:
  C: Number of completed subjobs
  A: Number of active subjobs (e.g., submitted, running)
  W: Number of waiting/pending subjobs

C A W | Activity  JobId  JobName  JobHost
- - - | --------- -----------------------
0 1 1 | launched  ls10-0-5aeca187 SM12_micro002 lsf-cpu
0 2 0 | launched  ls10-0-5aeca18b SM12_micro009 lsf-cpu
1 1 0 | finished  ls10-0-5aeca18b SM12_micro009 lsf-cpu
2 0 0 | finished  ls10-0-5aeca187 SM12_micro002 lsf-cpu [lt22]

All jobs have completed.

2 of 2 job(s) succeeded; 0 job(s) failed.

Timer (distribute subjobs) : 1097.69 secs (0 hrs, 18 mins, 17 secs)

Setting up QM workflow for (protonated, deprotonated) pair:
(1) (SM12_micro002, SM12_micro009)

Executing Jaguar quantum-mechanical subjobs...

Executing 8 distributed subjobs:
---------------------------------

No more than 8 cpu(s) will be used per subjob.
No more than 10 cpu(s) will be used simultaneously.

Processing the following subjobs:
(1) jaguar run pka_prot.bat -jobname SM12_micro002_conf_1 SM12_micro002_conf_1.in -TPP 2
(2) jaguar run pka_prot.bat -jobname SM12_micro002_conf_2 SM12_micro002_conf_2.in -TPP 2
(3) jaguar run pka_prot.bat -jobname SM12_micro002_conf_3 SM12_micro002_conf_3.in
(4) jaguar run pka_deprot.bat -jobname SM12_micro009_conf_1 SM12_micro009_conf_1.in
(5) jaguar run pka_deprot.bat -jobname SM12_micro009_conf_2 SM12_micro009_conf_2.in
(6) jaguar run pka_deprot.bat -jobname SM12_micro009_conf_3 SM12_micro009_conf_3.in
(7) jaguar run pka_deprot.bat -jobname SM12_micro009_conf_4 SM12_micro009_conf_4.in
(8) jaguar run pka_deprot.bat -jobname SM12_micro009_conf_5 SM12_micro009_conf_5.in

Running subjobs on hosts:
  lsf-cpu (Max: 8)
Number of jobs:       8
Max retries per job:  3
Max allowed failures: unlimited
Run with -LOCAL:      False
Verbosity:            normal

Starting JobDJ...

Keep one job on driver host: False
JobDJ columns:
  C: Number of completed subjobs
  A: Number of active subjobs (e.g., submitted, running)
  W: Number of waiting/pending subjobs

C A W | Activity  JobId  JobName  JobHost
- - - | --------- -----------------------
0 1 7 | launched  ls10-0-5aeca5d0 SM12_micro002_conf_1 lsf-cpu
0 2 6 | launched  ls10-0-5aeca5d3 SM12_micro002_conf_2 lsf-cpu
0 3 5 | launched  ls10-0-5aeca5d6 SM12_micro002_conf_3 lsf-cpu
0 4 4 | launched  ls10-0-5aeca5d9 SM12_micro009_conf_1 lsf-cpu
0 5 3 | launched  ls10-0-5aeca5dc SM12_micro009_conf_2 lsf-cpu
0 6 2 | launched  ls10-0-5aeca5df SM12_micro009_conf_3 lsf-cpu
0 7 1 | launched  ls10-0-5aeca5e3 SM12_micro009_conf_4 lsf-cpu
0 8 0 | launched  ls10-0-5aeca5e6 SM12_micro009_conf_5 lsf-cpu
1 7 0 | finished  ls10-0-5aeca5e6 SM12_micro009_conf_5 lsf-cpu [ls18]
2 6 0 | finished  ls10-0-5aeca5d0 SM12_micro002_conf_1 lsf-cpu [lt22]
3 5 0 | finished  ls10-0-5aeca5dc SM12_micro009_conf_2 lsf-cpu [lt22]
4 4 0 | finished  ls10-0-5aeca5df SM12_micro009_conf_3 lsf-cpu [ls10]
5 3 0 | finished  ls10-0-5aeca5e3 SM12_micro009_conf_4 lsf-cpu [ls10]
6 2 0 | finished  ls10-0-5aeca5d3 SM12_micro002_conf_2 lsf-cpu [lt22]
7 1 0 | finished  ls10-0-5aeca5d6 SM12_micro002_conf_3 lsf-cpu [lt22]
8 0 0 | finished  ls10-0-5aeca5d9 SM12_micro009_conf_1 lsf-cpu [lt22]

All jobs have completed.

8 of 8 job(s) succeeded; 0 job(s) failed.

Timer (distribute subjobs) : 2179.98 secs (0 hrs, 36 mins, 19 secs)

Processing QM output files...

Executing subprocess:
/data/chodera/schrodinger/schrodinger2017-4-advanced/jaguar results -energy SM12_micro002_conf_1.nrg_h.out

Executing subprocess:
/data/chodera/schrodinger/schrodinger2017-4-advanced/jaguar results -esolv SM12_micro002_conf_1.sol_h.out

Executing subprocess:
/data/chodera/schrodinger/schrodinger2017-4-advanced/jaguar results -energy SM12_micro002_conf_2.nrg_h.out

Executing subprocess:
/data/chodera/schrodinger/schrodinger2017-4-advanced/jaguar results -esolv SM12_micro002_conf_2.sol_h.out

Executing subprocess:
/data/chodera/schrodinger/schrodinger2017-4-advanced/jaguar results -energy SM12_micro002_conf_3.nrg_h.out

Executing subprocess:
/data/chodera/schrodinger/schrodinger2017-4-advanced/jaguar results -esolv SM12_micro002_conf_3.sol_h.out

Executing subprocess:
/data/chodera/schrodinger/schrodinger2017-4-advanced/jaguar results -energy SM12_micro009_conf_1.nrg.out

Executing subprocess:
/data/chodera/schrodinger/schrodinger2017-4-advanced/jaguar results -esolv SM12_micro009_conf_1.sol.out

Executing subprocess:
/data/chodera/schrodinger/schrodinger2017-4-advanced/jaguar results -energy SM12_micro009_conf_2.nrg.out

Executing subprocess:
/data/chodera/schrodinger/schrodinger2017-4-advanced/jaguar results -esolv SM12_micro009_conf_2.sol.out

Executing subprocess:
/data/chodera/schrodinger/schrodinger2017-4-advanced/jaguar results -energy SM12_micro009_conf_3.nrg.out

Executing subprocess:
/data/chodera/schrodinger/schrodinger2017-4-advanced/jaguar results -esolv SM12_micro009_conf_3.sol.out

Executing subprocess:
/data/chodera/schrodinger/schrodinger2017-4-advanced/jaguar results -energy SM12_micro009_conf_4.nrg.out

Executing subprocess:
/data/chodera/schrodinger/schrodinger2017-4-advanced/jaguar results -esolv SM12_micro009_conf_4.sol.out

Executing subprocess:
/data/chodera/schrodinger/schrodinger2017-4-advanced/jaguar results -energy SM12_micro009_conf_5.nrg.out

Executing subprocess:
/data/chodera/schrodinger/schrodinger2017-4-advanced/jaguar results -esolv SM12_micro009_conf_5.sol.out

Executing subprocess:
/data/chodera/schrodinger/schrodinger2017-4-advanced/jaguar-v9.8/bin/Linux-x86_64/pka -o SM12_micro002_deprot-out.mae -j SM12_micro002.jres -n -d

Executing subprocess:
/data/chodera/schrodinger/schrodinger2017-4-advanced/jaguar-v9.8/bin/Linux-x86_64/pka -o SM12_micro002_prot-out.mae -j SM12_micro002.jres -n

pKa calculation for SM12_micro002 completed.

pKa workflow jag_SM12_micro002_SM12_micro009 completed.

Timer (Jaguar pKa) : 3350.11 secs (0 hrs, 55 mins, 50 secs)
Timer (jaguar_backend.py) : 3350.11 secs (0 hrs, 55 mins, 50 secs)
Finished:   Fri May  4 15:03:50 2018
