Taking protonated structures from:
SM12_micro010_conf_1.dft_h.01.mae
SM12_micro010_conf_2.dft_h.01.mae
SM12_micro010_conf_3.dft_h.01.mae
SM12_micro010_conf_4.dft_h.01.mae
Taking deprotonated structures from:
SM12_micro008_conf_1.dft.01.mae
SM12_micro008_conf_2.dft.01.mae
SM12_micro008_conf_3.dft.01.mae
SM12_micro008_conf_4.dft.01.mae
SM12_micro008_conf_5.dft.01.mae

Corrected results for 'protonated' structure in water:
pKa atom: 19

 # 	           Shell           	 pKa 	RMSD	 Contribution
---	---------------------------	-----	-----	--------------
1: 	pyrimidine                 	-0.62	0.242	    84.70%
2: 	heterocycle custom 1       	-2.01	0.617	     8.08%
3: 	heterocycle                	-1.54	0.837	     6.80%
4: 	Protonation of generic atom	 0.19	2.264	     0.42%

 Final weighted pKa value is -0.79



