Command:    jaguar run pka.py -jobname jag_SM03_micro015_SM03_micro004 -PARALLEL 10 -n -csrch -prot SM03_micro015.in -deprot SM03_micro004.in
Release:    2017-4
Exec:       /data/chodera/schrodinger/schrodinger2017-4-advanced/jaguar-v9.8/bin/Linux-x86_64
Host:       ls12
JobId:      lilac-0-5aec67f5
JobDir:     /lila/data/chodera/schrodinger/tmpdir/rustenburg/jag_SM03_micro015_SM03_micro004
Date:       Fri May  4 10:02:34 2018

Contents of /lila/data/chodera/schrodinger/tmpdir/rustenburg/jag_SM03_micro015_SM03_micro004:
/lila/data/chodera/schrodinger/tmpdir/rustenburg/jag_SM03_micro015_SM03_micro004/lilac-0-5aec67f5.recover
/lila/data/chodera/schrodinger/tmpdir/rustenburg/jag_SM03_micro015_SM03_micro004/jag_SM03_micro015_SM03_micro004.recover
/lila/data/chodera/schrodinger/tmpdir/rustenburg/jag_SM03_micro015_SM03_micro004/SM03_micro015.in
/lila/data/chodera/schrodinger/tmpdir/rustenburg/jag_SM03_micro015_SM03_micro004/SM03_micro015.mae
/lila/data/chodera/schrodinger/tmpdir/rustenburg/jag_SM03_micro015_SM03_micro004/lilac-0-5aec67f5.jlog
/lila/data/chodera/schrodinger/tmpdir/rustenburg/jag_SM03_micro015_SM03_micro004/lilac-0-5aec67f5.hosts
/lila/data/chodera/schrodinger/tmpdir/rustenburg/jag_SM03_micro015_SM03_micro004/lilac-0-5aec67f5
/lila/data/chodera/schrodinger/tmpdir/rustenburg/jag_SM03_micro015_SM03_micro004/lilac-0-5aec67f5.mpinodes
/lila/data/chodera/schrodinger/tmpdir/rustenburg/jag_SM03_micro015_SM03_micro004/SM03_micro004.mae
/lila/data/chodera/schrodinger/tmpdir/rustenburg/jag_SM03_micro015_SM03_micro004/jag_SM03_micro015_SM03_micro004.log
/lila/data/chodera/schrodinger/tmpdir/rustenburg/jag_SM03_micro015_SM03_micro004/lilac-0-5aec67f5.nodes
/lila/data/chodera/schrodinger/tmpdir/rustenburg/jag_SM03_micro015_SM03_micro004/SM03_micro004.in

=====================
 Jaguar pKa workflow
=====================

Analysing user-provided (prot, deprot) pair:
(SM03_micro015.in, SM03_micro004.in)
Found labile hydrogen 22 in SM03_micro015.in
Found labile hydrogen at atom 15 in SM03_micro004.in
Adding 'ipkat' keyword to input files.

Identifying pKa functional group for pair:
(SM03_micro015, SM03_micro004)

Executing subprocess:
/data/chodera/schrodinger/schrodinger2017-4-advanced/jaguar-v9.8/bin/Linux-x86_64/pka -i -j SM03_micro015.tmp.jres -n

Taking protonated structures from:
SM03_micro015.mae
Taking deprotonated structures from:
SM03_micro004.mae

This molecule from 'SM03_micro015.mae' in water was recognized as:

 # 	            Shell             
---	------------------------------
1: 	Protonation of generic atom   
2: 	Protonation of sp2-like oxygen


Executing conformational search...

Executing 2 distributed subjobs:
---------------------------------

No more than 8 cpu(s) will be used per subjob.
No more than 10 cpu(s) will be used simultaneously.

Processing the following subjobs:
(1) jaguar run csrch.py SM03_micro015.mae -jobname SM03_micro015 -max_conf 5 -erg_window 50.208 -acc_level 1 -TPP 5
(2) jaguar run csrch.py SM03_micro004.mae -jobname SM03_micro004 -max_conf 5 -erg_window 50.208 -acc_level 1 -TPP 5

Running subjobs on hosts:
  lsf-cpu (Max: 2)
Number of jobs:       2
Max retries per job:  3
Max allowed failures: unlimited
Run with -LOCAL:      False
Verbosity:            normal

Starting JobDJ...

Keep one job on driver host: False
JobDJ columns:
  C: Number of completed subjobs
  A: Number of active subjobs (e.g., submitted, running)
  W: Number of waiting/pending subjobs

C A W | Activity  JobId  JobName  JobHost
- - - | --------- -----------------------
0 1 1 | launched  ls12-0-5aec6801 SM03_micro015 lsf-cpu
0 2 0 | launched  ls12-0-5aec6806 SM03_micro004 lsf-cpu
1 1 0 | finished  ls12-0-5aec6801 SM03_micro015 lsf-cpu [lt08]
2 0 0 | finished  ls12-0-5aec6806 SM03_micro004 lsf-cpu [ls02]

All jobs have completed.

2 of 2 job(s) succeeded; 0 job(s) failed.

Timer (distribute subjobs) : 860.89 secs (0 hrs, 14 mins, 20 secs)

Setting up QM workflow for (protonated, deprotonated) pair:
(1) (SM03_micro015, SM03_micro004)

Executing Jaguar quantum-mechanical subjobs...

Executing 10 distributed subjobs:
----------------------------------

No more than 8 cpu(s) will be used per subjob.
No more than 10 cpu(s) will be used simultaneously.

Processing the following subjobs:
(1) jaguar run pka_prot.bat -jobname SM03_micro015_conf_1 SM03_micro015_conf_1.in
(2) jaguar run pka_prot.bat -jobname SM03_micro015_conf_2 SM03_micro015_conf_2.in
(3) jaguar run pka_prot.bat -jobname SM03_micro015_conf_3 SM03_micro015_conf_3.in
(4) jaguar run pka_prot.bat -jobname SM03_micro015_conf_4 SM03_micro015_conf_4.in
(5) jaguar run pka_prot.bat -jobname SM03_micro015_conf_5 SM03_micro015_conf_5.in
(6) jaguar run pka_deprot.bat -jobname SM03_micro004_conf_1 SM03_micro004_conf_1.in
(7) jaguar run pka_deprot.bat -jobname SM03_micro004_conf_2 SM03_micro004_conf_2.in
(8) jaguar run pka_deprot.bat -jobname SM03_micro004_conf_3 SM03_micro004_conf_3.in
(9) jaguar run pka_deprot.bat -jobname SM03_micro004_conf_4 SM03_micro004_conf_4.in
(10) jaguar run pka_deprot.bat -jobname SM03_micro004_conf_5 SM03_micro004_conf_5.in

Running subjobs on hosts:
  lsf-cpu (Max: 10)
Number of jobs:       10
Max retries per job:  3
Max allowed failures: unlimited
Run with -LOCAL:      False
Verbosity:            normal

Starting JobDJ...

Keep one job on driver host: True
JobDJ columns:
  C: Number of completed subjobs
  A: Number of active subjobs (e.g., submitted, running)
  W: Number of waiting/pending subjobs

 C  A  W | Activity  JobId  JobName  JobHost
-- -- -- | --------- -----------------------
 0  1  9 | launched  ls12-0-5aec6b5e SM03_micro015_conf_1 localhost [ls12]
 0  2  8 | launched  ls12-0-5aec6b64 SM03_micro015_conf_2 lsf-cpu
 0  3  7 | launched  ls12-0-5aec6b69 SM03_micro015_conf_3 lsf-cpu
 0  4  6 | launched  ls12-0-5aec6b6e SM03_micro015_conf_4 lsf-cpu
 0  5  5 | launched  ls12-0-5aec6b74 SM03_micro015_conf_5 lsf-cpu
 0  6  4 | launched  ls12-0-5aec6b79 SM03_micro004_conf_1 lsf-cpu
 0  7  3 | launched  ls12-0-5aec6b7f SM03_micro004_conf_2 lsf-cpu
 0  8  2 | launched  ls12-0-5aec6b84 SM03_micro004_conf_3 lsf-cpu
 0  9  1 | launched  ls12-0-5aec6b8a SM03_micro004_conf_4 lsf-cpu
 0 10  0 | launched  ls12-0-5aec6b8f SM03_micro004_conf_5 lsf-cpu
 1  9  0 | finished  ls12-0-5aec6b84 SM03_micro004_conf_3 lsf-cpu [ls15]
 2  8  0 | finished  ls12-0-5aec6b8f SM03_micro004_conf_5 lsf-cpu [ls02]
 3  7  0 | finished  ls12-0-5aec6b69 SM03_micro015_conf_3 lsf-cpu [ls15]
 4  6  0 | finished  ls12-0-5aec6b79 SM03_micro004_conf_1 lsf-cpu [ls02]
 5  5  0 | finished  ls12-0-5aec6b7f SM03_micro004_conf_2 lsf-cpu [ls02]
 6  4  0 | finished  ls12-0-5aec6b8a SM03_micro004_conf_4 lsf-cpu [lt01]
 7  3  0 | finished  ls12-0-5aec6b74 SM03_micro015_conf_5 lsf-cpu [lt01]
 8  2  0 | finished  ls12-0-5aec6b5e SM03_micro015_conf_1 localhost [ls12]
 9  1  0 | finished  ls12-0-5aec6b64 SM03_micro015_conf_2 lsf-cpu [ls15]
10  0  0 | finished  ls12-0-5aec6b6e SM03_micro015_conf_4 lsf-cpu [ls15]

All jobs have completed.

10 of 10 job(s) succeeded; 0 job(s) failed.

Timer (distribute subjobs) : 3997.73 secs (1 hrs, 06 mins, 37 secs)

Processing QM output files...

Executing subprocess:
/data/chodera/schrodinger/schrodinger2017-4-advanced/jaguar results -energy SM03_micro015_conf_1.nrg_h.out

Executing subprocess:
/data/chodera/schrodinger/schrodinger2017-4-advanced/jaguar results -esolv SM03_micro015_conf_1.sol_h.out

Executing subprocess:
/data/chodera/schrodinger/schrodinger2017-4-advanced/jaguar results -energy SM03_micro015_conf_2.nrg_h.out

Executing subprocess:
/data/chodera/schrodinger/schrodinger2017-4-advanced/jaguar results -esolv SM03_micro015_conf_2.sol_h.out

Executing subprocess:
/data/chodera/schrodinger/schrodinger2017-4-advanced/jaguar results -energy SM03_micro015_conf_3.nrg_h.out

Executing subprocess:
/data/chodera/schrodinger/schrodinger2017-4-advanced/jaguar results -esolv SM03_micro015_conf_3.sol_h.out

Executing subprocess:
/data/chodera/schrodinger/schrodinger2017-4-advanced/jaguar results -energy SM03_micro015_conf_4.nrg_h.out

Executing subprocess:
/data/chodera/schrodinger/schrodinger2017-4-advanced/jaguar results -esolv SM03_micro015_conf_4.sol_h.out

Executing subprocess:
/data/chodera/schrodinger/schrodinger2017-4-advanced/jaguar results -energy SM03_micro015_conf_5.nrg_h.out

Executing subprocess:
/data/chodera/schrodinger/schrodinger2017-4-advanced/jaguar results -esolv SM03_micro015_conf_5.sol_h.out

Executing subprocess:
/data/chodera/schrodinger/schrodinger2017-4-advanced/jaguar results -energy SM03_micro004_conf_1.nrg.out

Executing subprocess:
/data/chodera/schrodinger/schrodinger2017-4-advanced/jaguar results -esolv SM03_micro004_conf_1.sol.out

Executing subprocess:
/data/chodera/schrodinger/schrodinger2017-4-advanced/jaguar results -energy SM03_micro004_conf_2.nrg.out

Executing subprocess:
/data/chodera/schrodinger/schrodinger2017-4-advanced/jaguar results -esolv SM03_micro004_conf_2.sol.out

Executing subprocess:
/data/chodera/schrodinger/schrodinger2017-4-advanced/jaguar results -energy SM03_micro004_conf_3.nrg.out

Executing subprocess:
/data/chodera/schrodinger/schrodinger2017-4-advanced/jaguar results -esolv SM03_micro004_conf_3.sol.out

Executing subprocess:
/data/chodera/schrodinger/schrodinger2017-4-advanced/jaguar results -energy SM03_micro004_conf_4.nrg.out

Executing subprocess:
/data/chodera/schrodinger/schrodinger2017-4-advanced/jaguar results -esolv SM03_micro004_conf_4.sol.out

Executing subprocess:
/data/chodera/schrodinger/schrodinger2017-4-advanced/jaguar results -energy SM03_micro004_conf_5.nrg.out

Executing subprocess:
/data/chodera/schrodinger/schrodinger2017-4-advanced/jaguar results -esolv SM03_micro004_conf_5.sol.out

Executing subprocess:
/data/chodera/schrodinger/schrodinger2017-4-advanced/jaguar-v9.8/bin/Linux-x86_64/pka -o SM03_micro015_deprot-out.mae -j SM03_micro015.jres -n -d

Executing subprocess:
/data/chodera/schrodinger/schrodinger2017-4-advanced/jaguar-v9.8/bin/Linux-x86_64/pka -o SM03_micro015_prot-out.mae -j SM03_micro015.jres -n

pKa calculation for SM03_micro015 completed.

pKa workflow jag_SM03_micro015_SM03_micro004 completed.

Timer (Jaguar pKa) : 4976.43 secs (1 hrs, 22 mins, 56 secs)
Timer (jaguar_backend.py) : 4976.43 secs (1 hrs, 22 mins, 56 secs)
Finished:   Fri May  4 11:25:30 2018
