Taking protonated structures from:
SM21_micro024_conf_1.dft_h.01.mae
SM21_micro024_conf_2.dft_h.01.mae
SM21_micro024_conf_3.dft_h.01.mae
SM21_micro024_conf_4.dft_h.01.mae
SM21_micro024_conf_5.dft_h.01.mae
Taking deprotonated structures from:
SM21_micro020_conf_1.dft.01.mae
SM21_micro020_conf_2.dft.01.mae
SM21_micro020_conf_3.dft.01.mae
SM21_micro020_conf_4.dft.01.mae
SM21_micro020_conf_5.dft.01.mae

Corrected results for 'protonated' structure in water:
pKa atom: 24

 # 	           Shell           	 pKa 	RMSD	 Contribution
---	---------------------------	-----	-----	--------------
1: 	pyrimidine                 	-0.54	0.242	     6.45%
2: 	heterocycle custom 1       	-1.84	0.617	    10.70%
3: 	heterocycle                	-1.39	0.837	     8.15%
4: 	Protonation of generic atom	 0.31	2.264	    74.69%

 Final weighted pKa value is -0.11



