Command:    jaguar run pka.py -jobname jag_SM21_micro033_SM21_micro029 -PARALLEL 10 -n -csrch -prot SM21_micro033.in -deprot SM21_micro029.in
Release:    2017-4
Exec:       /data/chodera/schrodinger/schrodinger2017-4-advanced/jaguar-v9.8/bin/Linux-x86_64
Host:       ls07
JobId:      lilac-0-5aecd0e7
JobDir:     /lila/data/chodera/schrodinger/tmpdir/rustenburg/jag_SM21_micro033_SM21_micro029
Date:       Fri May  4 19:19:24 2018

Contents of /lila/data/chodera/schrodinger/tmpdir/rustenburg/jag_SM21_micro033_SM21_micro029:
/lila/data/chodera/schrodinger/tmpdir/rustenburg/jag_SM21_micro033_SM21_micro029/lilac-0-5aecd0e7.recover
/lila/data/chodera/schrodinger/tmpdir/rustenburg/jag_SM21_micro033_SM21_micro029/lilac-0-5aecd0e7
/lila/data/chodera/schrodinger/tmpdir/rustenburg/jag_SM21_micro033_SM21_micro029/lilac-0-5aecd0e7.hosts
/lila/data/chodera/schrodinger/tmpdir/rustenburg/jag_SM21_micro033_SM21_micro029/SM21_micro033.mae
/lila/data/chodera/schrodinger/tmpdir/rustenburg/jag_SM21_micro033_SM21_micro029/lilac-0-5aecd0e7.nodes
/lila/data/chodera/schrodinger/tmpdir/rustenburg/jag_SM21_micro033_SM21_micro029/lilac-0-5aecd0e7.jlog
/lila/data/chodera/schrodinger/tmpdir/rustenburg/jag_SM21_micro033_SM21_micro029/lilac-0-5aecd0e7.mpinodes
/lila/data/chodera/schrodinger/tmpdir/rustenburg/jag_SM21_micro033_SM21_micro029/SM21_micro033.in
/lila/data/chodera/schrodinger/tmpdir/rustenburg/jag_SM21_micro033_SM21_micro029/SM21_micro029.in
/lila/data/chodera/schrodinger/tmpdir/rustenburg/jag_SM21_micro033_SM21_micro029/jag_SM21_micro033_SM21_micro029.log
/lila/data/chodera/schrodinger/tmpdir/rustenburg/jag_SM21_micro033_SM21_micro029/SM21_micro029.mae
/lila/data/chodera/schrodinger/tmpdir/rustenburg/jag_SM21_micro033_SM21_micro029/jag_SM21_micro033_SM21_micro029.recover

=====================
 Jaguar pKa workflow
=====================

Analysing user-provided (prot, deprot) pair:
(SM21_micro033.in, SM21_micro029.in)
Error: heavy atoms are different in input files:
SM21_micro033.in
SM21_micro029.in


An error has occurred.  Information about the error has been written to 
/home/rustenburg/.schrodinger/exceptions/error20180504-191925-4.txt 

Please contact help@schrodinger.com for assistance. Include error20180504-191925-4.txt and a description of what you were doing when the error occurred.
