Command:    jaguar run pka.py -jobname jag_SM21_micro012_SM21_micro021 -PARALLEL 10 -n -csrch -prot SM21_micro012.in -deprot SM21_micro021.in
Release:    2017-4
Exec:       /data/chodera/schrodinger/schrodinger2017-4-advanced/jaguar-v9.8/bin/Linux-x86_64
Host:       ls15
JobId:      lilac-0-5aecd063
JobDir:     /lila/data/chodera/schrodinger/tmpdir/rustenburg/jag_SM21_micro012_SM21_micro021
Date:       Fri May  4 19:18:54 2018

Contents of /lila/data/chodera/schrodinger/tmpdir/rustenburg/jag_SM21_micro012_SM21_micro021:
/lila/data/chodera/schrodinger/tmpdir/rustenburg/jag_SM21_micro012_SM21_micro021/SM21_micro021.mae
/lila/data/chodera/schrodinger/tmpdir/rustenburg/jag_SM21_micro012_SM21_micro021/SM21_micro021.in
/lila/data/chodera/schrodinger/tmpdir/rustenburg/jag_SM21_micro012_SM21_micro021/lilac-0-5aecd063.recover
/lila/data/chodera/schrodinger/tmpdir/rustenburg/jag_SM21_micro012_SM21_micro021/lilac-0-5aecd063.mpinodes
/lila/data/chodera/schrodinger/tmpdir/rustenburg/jag_SM21_micro012_SM21_micro021/lilac-0-5aecd063.jlog
/lila/data/chodera/schrodinger/tmpdir/rustenburg/jag_SM21_micro012_SM21_micro021/jag_SM21_micro012_SM21_micro021.log
/lila/data/chodera/schrodinger/tmpdir/rustenburg/jag_SM21_micro012_SM21_micro021/lilac-0-5aecd063
/lila/data/chodera/schrodinger/tmpdir/rustenburg/jag_SM21_micro012_SM21_micro021/SM21_micro012.mae
/lila/data/chodera/schrodinger/tmpdir/rustenburg/jag_SM21_micro012_SM21_micro021/lilac-0-5aecd063.hosts
/lila/data/chodera/schrodinger/tmpdir/rustenburg/jag_SM21_micro012_SM21_micro021/SM21_micro012.in
/lila/data/chodera/schrodinger/tmpdir/rustenburg/jag_SM21_micro012_SM21_micro021/jag_SM21_micro012_SM21_micro021.recover
/lila/data/chodera/schrodinger/tmpdir/rustenburg/jag_SM21_micro012_SM21_micro021/lilac-0-5aecd063.nodes

=====================
 Jaguar pKa workflow
=====================

Analysing user-provided (prot, deprot) pair:
(SM21_micro012.in, SM21_micro021.in)
Error: heavy atoms are different in input files:
SM21_micro012.in
SM21_micro021.in


An error has occurred.  Information about the error has been written to 
/home/rustenburg/.schrodinger/exceptions/error20180504-191854-1.txt 

Please contact help@schrodinger.com for assistance. Include error20180504-191854-1.txt and a description of what you were doing when the error occurred.
