Taking protonated structures from:
SM23_micro048_conf_1.dft_h.01.mae
SM23_micro048_conf_2.dft_h.01.mae
SM23_micro048_conf_3.dft_h.01.mae
SM23_micro048_conf_4.dft_h.01.mae
SM23_micro048_conf_5.dft_h.01.mae
Taking deprotonated structures from:
SM23_micro046_conf_1.dft.01.mae
SM23_micro046_conf_2.dft.01.mae
SM23_micro046_conf_3.dft.01.mae
SM23_micro046_conf_4.dft.01.mae
SM23_micro046_conf_5.dft.01.mae

Corrected results for 'protonated' structure in water:
pKa atom: 32

 # 	                  Shell                   	 pKa 	RMSD	 Contribution
---	------------------------------------------	-----	-----	--------------
1: 	secondary aniline                         	-27.71	0.275	    97.93%
2: 	Protonation of sp3-like aliphatic nitrogen	-24.35	1.715	     1.95%
3: 	Protonation of generic atom               	-23.25	2.264	     0.12%

 Final weighted pKa value is -27.64



