Taking protonated structures from:
SM18_micro055_conf_1.dft_h.01.mae
SM18_micro055_conf_2.dft_h.01.mae
SM18_micro055_conf_3.dft_h.01.mae
SM18_micro055_conf_4.dft_h.01.mae
SM18_micro055_conf_5.dft_h.01.mae
Taking deprotonated structures from:
SM18_micro072_conf_1.dft.01.mae
SM18_micro072_conf_2.dft.01.mae
SM18_micro072_conf_3.dft.01.mae
SM18_micro072_conf_4.dft.01.mae
SM18_micro072_conf_5.dft.01.mae

Corrected results for 'protonated' structure in water:
pKa atom: 47

 # 	           Shell           	 pKa 	RMSD	 Contribution
---	---------------------------	-----	-----	--------------
1: 	thiazole/benzothiazole     	-0.71	0.647	    94.99%
2: 	heterocycle                	-0.35	0.837	     4.69%
3: 	Protonation of generic atom	 1.11	2.264	     0.32%

 Final weighted pKa value is -0.68



