Taking protonated structures from:
SM24_micro031_conf_1.dft_h.01.mae
SM24_micro031_conf_2.dft_h.01.mae
SM24_micro031_conf_3.dft_h.01.mae
SM24_micro031_conf_4.dft_h.01.mae
SM24_micro031_conf_5.dft_h.01.mae
Taking deprotonated structures from:
SM24_micro023_conf_1.dft.01.mae
SM24_micro023_conf_2.dft.01.mae
SM24_micro023_conf_3.dft.01.mae
SM24_micro023_conf_4.dft.01.mae
SM24_micro023_conf_5.dft.01.mae

Corrected results for 'protonated' structure in water:
pKa atom: 31

 # 	           Shell           	 pKa 	RMSD	 Contribution
---	---------------------------	-----	-----	--------------
1: 	heterocycle custom 1       	12.58	0.617	    12.97%
2: 	heterocycle                	12.43	0.837	    83.48%
3: 	Protonation of generic atom	11.09	2.264	     3.55%

 Final weighted pKa value is 12.40



