Taking protonated structures from:
SM19_micro015_conf_1.dft_h.01.mae
SM19_micro015_conf_2.dft_h.01.mae
SM19_micro015_conf_3.dft_h.01.mae
SM19_micro015_conf_4.dft_h.01.mae
SM19_micro015_conf_5.dft_h.01.mae
Taking deprotonated structures from:
SM19_micro008_conf_1.dft.01.mae
SM19_micro008_conf_2.dft.01.mae
SM19_micro008_conf_3.dft.01.mae
SM19_micro008_conf_4.dft.01.mae
SM19_micro008_conf_5.dft.01.mae

Corrected results for 'protonated' structure in water:
pKa atom: 34

 # 	                  Shell                   	 pKa 	RMSD	 Contribution
---	------------------------------------------	-----	-----	--------------
1: 	RN=Het                                    	 9.27	0.551	    66.79%
2: 	Protonation of sp2-like aliphatic nitrogen	 6.26	1.751	    24.38%
3: 	Protonation of generic atom               	 6.61	2.264	     8.83%

 Final weighted pKa value is 8.30



