Taking protonated structures from:
SM05_micro009_conf_1.dft_h.01.mae
SM05_micro009_conf_2.dft_h.01.mae
SM05_micro009_conf_3.dft_h.01.mae
SM05_micro009_conf_4.dft_h.01.mae
SM05_micro009_conf_5.dft_h.01.mae
Taking deprotonated structures from:
SM05_micro001_conf_1.dft.01.mae
SM05_micro001_conf_2.dft.01.mae
SM05_micro001_conf_3.dft.01.mae
SM05_micro001_conf_4.dft.01.mae
SM05_micro001_conf_5.dft.01.mae

Corrected results for 'protonated' structure in water:
pKa atom: 22

 # 	            Shell             	 pKa 	RMSD	 Contribution
---	------------------------------	-----	-----	--------------
1: 	amide as base                 	 4.11	0.577	    99.75%
2: 	Protonation of generic atom   	 8.03	2.264	     0.09%
3: 	Protonation of sp2-like oxygen	 7.71	2.568	     0.16%

 Final weighted pKa value is 4.12



