Command:    jaguar run pka.py -jobname jag_SM21_micro014_SM21_micro025 -PARALLEL 10 -n -csrch -prot SM21_micro014.in -deprot SM21_micro025.in
Release:    2017-4
Exec:       /data/chodera/schrodinger/schrodinger2017-4-advanced/jaguar-v9.8/bin/Linux-x86_64
Host:       ls15
JobId:      lilac-0-5aecd069
JobDir:     /lila/data/chodera/schrodinger/tmpdir/rustenburg/jag_SM21_micro014_SM21_micro025
Date:       Fri May  4 19:18:54 2018

Contents of /lila/data/chodera/schrodinger/tmpdir/rustenburg/jag_SM21_micro014_SM21_micro025:
/lila/data/chodera/schrodinger/tmpdir/rustenburg/jag_SM21_micro014_SM21_micro025/lilac-0-5aecd069.recover
/lila/data/chodera/schrodinger/tmpdir/rustenburg/jag_SM21_micro014_SM21_micro025/lilac-0-5aecd069.jlog
/lila/data/chodera/schrodinger/tmpdir/rustenburg/jag_SM21_micro014_SM21_micro025/SM21_micro025.in
/lila/data/chodera/schrodinger/tmpdir/rustenburg/jag_SM21_micro014_SM21_micro025/SM21_micro025.mae
/lila/data/chodera/schrodinger/tmpdir/rustenburg/jag_SM21_micro014_SM21_micro025/lilac-0-5aecd069.mpinodes
/lila/data/chodera/schrodinger/tmpdir/rustenburg/jag_SM21_micro014_SM21_micro025/jag_SM21_micro014_SM21_micro025.recover
/lila/data/chodera/schrodinger/tmpdir/rustenburg/jag_SM21_micro014_SM21_micro025/lilac-0-5aecd069.hosts
/lila/data/chodera/schrodinger/tmpdir/rustenburg/jag_SM21_micro014_SM21_micro025/lilac-0-5aecd069.nodes
/lila/data/chodera/schrodinger/tmpdir/rustenburg/jag_SM21_micro014_SM21_micro025/SM21_micro014.mae
/lila/data/chodera/schrodinger/tmpdir/rustenburg/jag_SM21_micro014_SM21_micro025/SM21_micro014.in
/lila/data/chodera/schrodinger/tmpdir/rustenburg/jag_SM21_micro014_SM21_micro025/lilac-0-5aecd069
/lila/data/chodera/schrodinger/tmpdir/rustenburg/jag_SM21_micro014_SM21_micro025/jag_SM21_micro014_SM21_micro025.log

=====================
 Jaguar pKa workflow
=====================

Analysing user-provided (prot, deprot) pair:
(SM21_micro014.in, SM21_micro025.in)
Found labile hydrogen 29 in SM21_micro014.in
Found labile hydrogen at atom 8 in SM21_micro025.in
Adding 'ipkat' keyword to input files.

Identifying pKa functional group for pair:
(SM21_micro014, SM21_micro025)

Executing subprocess:
/data/chodera/schrodinger/schrodinger2017-4-advanced/jaguar-v9.8/bin/Linux-x86_64/pka -i -j SM21_micro014.tmp.jres -n

Taking protonated structures from:
SM21_micro014.mae
Taking deprotonated structures from:
SM21_micro025.mae

This molecule from 'SM21_micro014.mae' in water was recognized as:

 # 	                  Shell                   
---	------------------------------------------
1: 	Protonation of sp2-like aliphatic nitrogen
2: 	Protonation of generic atom               


Executing conformational search...

Executing 2 distributed subjobs:
---------------------------------

No more than 8 cpu(s) will be used per subjob.
No more than 10 cpu(s) will be used simultaneously.

Processing the following subjobs:
(1) jaguar run csrch.py SM21_micro014.mae -jobname SM21_micro014 -max_conf 5 -erg_window 50.208 -acc_level 1 -TPP 5
(2) jaguar run csrch.py SM21_micro025.mae -jobname SM21_micro025 -max_conf 5 -erg_window 50.208 -acc_level 1 -TPP 5

Running subjobs on hosts:
  lsf-cpu (Max: 2)
Number of jobs:       2
Max retries per job:  3
Max allowed failures: unlimited
Run with -LOCAL:      False
Verbosity:            normal

Starting JobDJ...

Keep one job on driver host: False
JobDJ columns:
  C: Number of completed subjobs
  A: Number of active subjobs (e.g., submitted, running)
  W: Number of waiting/pending subjobs

C A W | Activity  JobId  JobName  JobHost
- - - | --------- -----------------------
0 1 1 | launched  ls15-0-5aecea65 SM21_micro014 lsf-cpu
0 2 0 | launched  ls15-0-5aecea68 SM21_micro025 lsf-cpu
1 1 0 | finished  ls15-0-5aecea65 SM21_micro014 lsf-cpu
2 0 0 | finished  ls15-0-5aecea68 SM21_micro025 lsf-cpu [ls14]

All jobs have completed.

2 of 2 job(s) succeeded; 0 job(s) failed.

Timer (distribute subjobs) : 2203.22 secs (0 hrs, 36 mins, 43 secs)

Setting up QM workflow for (protonated, deprotonated) pair:
(1) (SM21_micro014, SM21_micro025)

Executing Jaguar quantum-mechanical subjobs...

Executing 10 distributed subjobs:
----------------------------------

No more than 8 cpu(s) will be used per subjob.
No more than 10 cpu(s) will be used simultaneously.

Processing the following subjobs:
(1) jaguar run pka_prot.bat -jobname SM21_micro014_conf_1 SM21_micro014_conf_1.in
(2) jaguar run pka_prot.bat -jobname SM21_micro014_conf_2 SM21_micro014_conf_2.in
(3) jaguar run pka_prot.bat -jobname SM21_micro014_conf_3 SM21_micro014_conf_3.in
(4) jaguar run pka_prot.bat -jobname SM21_micro014_conf_4 SM21_micro014_conf_4.in
(5) jaguar run pka_prot.bat -jobname SM21_micro014_conf_5 SM21_micro014_conf_5.in
(6) jaguar run pka_deprot.bat -jobname SM21_micro025_conf_1 SM21_micro025_conf_1.in
(7) jaguar run pka_deprot.bat -jobname SM21_micro025_conf_2 SM21_micro025_conf_2.in
(8) jaguar run pka_deprot.bat -jobname SM21_micro025_conf_3 SM21_micro025_conf_3.in
(9) jaguar run pka_deprot.bat -jobname SM21_micro025_conf_4 SM21_micro025_conf_4.in
(10) jaguar run pka_deprot.bat -jobname SM21_micro025_conf_5 SM21_micro025_conf_5.in

Running subjobs on hosts:
  lsf-cpu (Max: 10)
Number of jobs:       10
Max retries per job:  3
Max allowed failures: unlimited
Run with -LOCAL:      False
Verbosity:            normal

Starting JobDJ...

Keep one job on driver host: True
JobDJ columns:
  C: Number of completed subjobs
  A: Number of active subjobs (e.g., submitted, running)
  W: Number of waiting/pending subjobs

 C  A  W | Activity  JobId  JobName  JobHost
-- -- -- | --------- -----------------------
 0  1  9 | launched  ls15-0-5aecf310 SM21_micro014_conf_1 localhost [ls15]
 0  2  8 | launched  ls15-0-5aecf31a SM21_micro014_conf_2 lsf-cpu
 0  3  7 | launched  ls15-0-5aecf31f SM21_micro014_conf_3 lsf-cpu
 0  4  6 | launched  ls15-0-5aecf325 SM21_micro014_conf_4 lsf-cpu
 0  5  5 | launched  ls15-0-5aecf32a SM21_micro014_conf_5 lsf-cpu
 0  6  4 | launched  ls15-0-5aecf32d SM21_micro025_conf_1 lsf-cpu
 0  7  3 | launched  ls15-0-5aecf330 SM21_micro025_conf_2 lsf-cpu
 0  8  2 | launched  ls15-0-5aecf335 SM21_micro025_conf_3 lsf-cpu
 0  9  1 | launched  ls15-0-5aecf33b SM21_micro025_conf_4 lsf-cpu
 0 10  0 | launched  ls15-0-5aecf341 SM21_micro025_conf_5 lsf-cpu
 1  9  0 | finished  ls15-0-5aecf310 SM21_micro014_conf_1 localhost [ls15]
 1  9  0 | launched  ls15-0-5aed0852 SM21_micro025_conf_5 localhost [ls15]
