Taking protonated structures from:
SM13_micro012_conf_1.dft_h.01.mae
SM13_micro012_conf_2.dft_h.01.mae
SM13_micro012_conf_3.dft_h.01.mae
SM13_micro012_conf_4.dft_h.01.mae
SM13_micro012_conf_5.dft_h.01.mae
Taking deprotonated structures from:
SM13_micro005_conf_1.dft.01.mae
SM13_micro005_conf_2.dft.01.mae
SM13_micro005_conf_3.dft.01.mae
SM13_micro005_conf_4.dft.01.mae
SM13_micro005_conf_5.dft.01.mae

Corrected results for 'protonated' structure in water:
pKa atom: 23

 # 	           Shell           	 pKa 	RMSD	 Contribution
---	---------------------------	-----	-----	--------------
1: 	pyrimidine                 	 3.12	0.242	    71.65%
2: 	heterocycle custom 1       	 4.29	0.617	    10.90%
3: 	heterocycle                	 4.49	0.837	     7.93%
4: 	Protonation of generic atom	 4.91	2.264	     9.52%

 Final weighted pKa value is 3.53



