Command:    jaguar run pka.py -jobname jag_SM16_micro001_SM16_micro007 -PARALLEL 10 -n -csrch -prot SM16_micro001.in -deprot SM16_micro007.in
Release:    2017-4
Exec:       /data/chodera/schrodinger/schrodinger2017-4-advanced/jaguar-v9.8/bin/Linux-x86_64
Host:       lt05
JobId:      lilac-0-5aeca55a
JobDir:     /lila/data/chodera/schrodinger/tmpdir/rustenburg/jag_SM16_micro001_SM16_micro007
Date:       Fri May  4 14:24:36 2018

Contents of /lila/data/chodera/schrodinger/tmpdir/rustenburg/jag_SM16_micro001_SM16_micro007:
/lila/data/chodera/schrodinger/tmpdir/rustenburg/jag_SM16_micro001_SM16_micro007/SM16_micro007.mae
/lila/data/chodera/schrodinger/tmpdir/rustenburg/jag_SM16_micro001_SM16_micro007/jag_SM16_micro001_SM16_micro007.recover
/lila/data/chodera/schrodinger/tmpdir/rustenburg/jag_SM16_micro001_SM16_micro007/lilac-0-5aeca55a.hosts
/lila/data/chodera/schrodinger/tmpdir/rustenburg/jag_SM16_micro001_SM16_micro007/jag_SM16_micro001_SM16_micro007.log
/lila/data/chodera/schrodinger/tmpdir/rustenburg/jag_SM16_micro001_SM16_micro007/SM16_micro001.mae
/lila/data/chodera/schrodinger/tmpdir/rustenburg/jag_SM16_micro001_SM16_micro007/lilac-0-5aeca55a.jlog
/lila/data/chodera/schrodinger/tmpdir/rustenburg/jag_SM16_micro001_SM16_micro007/lilac-0-5aeca55a.nodes
/lila/data/chodera/schrodinger/tmpdir/rustenburg/jag_SM16_micro001_SM16_micro007/SM16_micro001.in
/lila/data/chodera/schrodinger/tmpdir/rustenburg/jag_SM16_micro001_SM16_micro007/lilac-0-5aeca55a.recover
/lila/data/chodera/schrodinger/tmpdir/rustenburg/jag_SM16_micro001_SM16_micro007/SM16_micro007.in
/lila/data/chodera/schrodinger/tmpdir/rustenburg/jag_SM16_micro001_SM16_micro007/lilac-0-5aeca55a.mpinodes
/lila/data/chodera/schrodinger/tmpdir/rustenburg/jag_SM16_micro001_SM16_micro007/lilac-0-5aeca55a

=====================
 Jaguar pKa workflow
=====================

Analysing user-provided (prot, deprot) pair:
(SM16_micro001.in, SM16_micro007.in)
Found labile hydrogen 18 in SM16_micro001.in
Found labile hydrogen at atom 10 in SM16_micro007.in
Adding 'ipkat' keyword to input files.

Identifying pKa functional group for pair:
(SM16_micro001, SM16_micro007)

Executing subprocess:
/data/chodera/schrodinger/schrodinger2017-4-advanced/jaguar-v9.8/bin/Linux-x86_64/pka -i -j SM16_micro001.tmp.jres -n

Taking protonated structures from:
SM16_micro001.mae
Taking deprotonated structures from:
SM16_micro007.mae

This molecule from 'SM16_micro001.mae' in water was recognized as:

 # 	            Shell             
---	------------------------------
1: 	Protonation of generic atom   
2: 	Protonation of sp2-like oxygen


Executing conformational search...

Executing 2 distributed subjobs:
---------------------------------

No more than 8 cpu(s) will be used per subjob.
No more than 10 cpu(s) will be used simultaneously.

Processing the following subjobs:
(1) jaguar run csrch.py SM16_micro001.mae -jobname SM16_micro001 -max_conf 5 -erg_window 50.208 -acc_level 1 -TPP 5
(2) jaguar run csrch.py SM16_micro007.mae -jobname SM16_micro007 -max_conf 5 -erg_window 50.208 -acc_level 1 -TPP 5

Running subjobs on hosts:
  lsf-cpu (Max: 2)
Number of jobs:       2
Max retries per job:  3
Max allowed failures: unlimited
Run with -LOCAL:      False
Verbosity:            normal

Starting JobDJ...

Keep one job on driver host: False
JobDJ columns:
  C: Number of completed subjobs
  A: Number of active subjobs (e.g., submitted, running)
  W: Number of waiting/pending subjobs

C A W | Activity  JobId  JobName  JobHost
- - - | --------- -----------------------
0 1 1 | launched  lt05-0-5aeca569 SM16_micro001 lsf-cpu
0 2 0 | launched  lt05-0-5aeca56b SM16_micro007 lsf-cpu
1 1 0 | finished  lt05-0-5aeca56b SM16_micro007 lsf-cpu
2 0 0 | finished  lt05-0-5aeca569 SM16_micro001 lsf-cpu [lt02]

All jobs have completed.

2 of 2 job(s) succeeded; 0 job(s) failed.

Timer (distribute subjobs) : 1196.10 secs (0 hrs, 19 mins, 56 secs)

Setting up QM workflow for (protonated, deprotonated) pair:
(1) (SM16_micro001, SM16_micro007)

Executing Jaguar quantum-mechanical subjobs...

Executing 7 distributed subjobs:
---------------------------------

No more than 8 cpu(s) will be used per subjob.
No more than 10 cpu(s) will be used simultaneously.

Processing the following subjobs:
(1) jaguar run pka_prot.bat -jobname SM16_micro001_conf_1 SM16_micro001_conf_1.in -TPP 2
(2) jaguar run pka_prot.bat -jobname SM16_micro001_conf_2 SM16_micro001_conf_2.in -TPP 2
(3) jaguar run pka_prot.bat -jobname SM16_micro001_conf_3 SM16_micro001_conf_3.in -TPP 2
(4) jaguar run pka_deprot.bat -jobname SM16_micro007_conf_1 SM16_micro007_conf_1.in
(5) jaguar run pka_deprot.bat -jobname SM16_micro007_conf_2 SM16_micro007_conf_2.in
(6) jaguar run pka_deprot.bat -jobname SM16_micro007_conf_3 SM16_micro007_conf_3.in
(7) jaguar run pka_deprot.bat -jobname SM16_micro007_conf_4 SM16_micro007_conf_4.in

Running subjobs on hosts:
  lsf-cpu (Max: 7)
Number of jobs:       7
Max retries per job:  3
Max allowed failures: unlimited
Run with -LOCAL:      False
Verbosity:            normal

Starting JobDJ...

Keep one job on driver host: False
JobDJ columns:
  C: Number of completed subjobs
  A: Number of active subjobs (e.g., submitted, running)
  W: Number of waiting/pending subjobs

C A W | Activity  JobId  JobName  JobHost
- - - | --------- -----------------------
0 1 6 | launched  lt05-0-5aecaa15 SM16_micro001_conf_1 lsf-cpu
0 2 5 | launched  lt05-0-5aecaa18 SM16_micro001_conf_2 lsf-cpu
0 3 4 | launched  lt05-0-5aecaa1b SM16_micro001_conf_3 lsf-cpu
0 4 3 | launched  lt05-0-5aecaa1d SM16_micro007_conf_1 lsf-cpu
0 5 2 | launched  lt05-0-5aecaa20 SM16_micro007_conf_2 lsf-cpu
0 6 1 | launched  lt05-0-5aecaa23 SM16_micro007_conf_3 lsf-cpu
0 7 0 | launched  lt05-0-5aecaa26 SM16_micro007_conf_4 lsf-cpu
1 6 0 | finished  lt05-0-5aecaa20 SM16_micro007_conf_2 lsf-cpu [lt11]
2 5 0 | finished  lt05-0-5aecaa15 SM16_micro001_conf_1 lsf-cpu [ls18]
3 4 0 | finished  lt05-0-5aecaa18 SM16_micro001_conf_2 lsf-cpu [ls16]
4 3 0 | finished  lt05-0-5aecaa1d SM16_micro007_conf_1 lsf-cpu [lt21]
5 2 0 | finished  lt05-0-5aecaa23 SM16_micro007_conf_3 lsf-cpu [lt21]
6 1 0 | finished  lt05-0-5aecaa26 SM16_micro007_conf_4 lsf-cpu [lt05]
7 0 0 | finished  lt05-0-5aecaa1b SM16_micro001_conf_3 lsf-cpu [ls07]

All jobs have completed.

7 of 7 job(s) succeeded; 0 job(s) failed.

Timer (distribute subjobs) : 2134.87 secs (0 hrs, 35 mins, 34 secs)

Processing QM output files...

Executing subprocess:
/data/chodera/schrodinger/schrodinger2017-4-advanced/jaguar results -energy SM16_micro001_conf_1.nrg_h.out

Executing subprocess:
/data/chodera/schrodinger/schrodinger2017-4-advanced/jaguar results -esolv SM16_micro001_conf_1.sol_h.out

Executing subprocess:
/data/chodera/schrodinger/schrodinger2017-4-advanced/jaguar results -energy SM16_micro001_conf_2.nrg_h.out

Executing subprocess:
/data/chodera/schrodinger/schrodinger2017-4-advanced/jaguar results -esolv SM16_micro001_conf_2.sol_h.out

Executing subprocess:
/data/chodera/schrodinger/schrodinger2017-4-advanced/jaguar results -energy SM16_micro001_conf_3.nrg_h.out

Executing subprocess:
/data/chodera/schrodinger/schrodinger2017-4-advanced/jaguar results -esolv SM16_micro001_conf_3.sol_h.out

Executing subprocess:
/data/chodera/schrodinger/schrodinger2017-4-advanced/jaguar results -energy SM16_micro007_conf_1.nrg.out

Executing subprocess:
/data/chodera/schrodinger/schrodinger2017-4-advanced/jaguar results -esolv SM16_micro007_conf_1.sol.out

Executing subprocess:
/data/chodera/schrodinger/schrodinger2017-4-advanced/jaguar results -energy SM16_micro007_conf_2.nrg.out

Executing subprocess:
/data/chodera/schrodinger/schrodinger2017-4-advanced/jaguar results -esolv SM16_micro007_conf_2.sol.out

Executing subprocess:
/data/chodera/schrodinger/schrodinger2017-4-advanced/jaguar results -energy SM16_micro007_conf_3.nrg.out

Executing subprocess:
/data/chodera/schrodinger/schrodinger2017-4-advanced/jaguar results -esolv SM16_micro007_conf_3.sol.out

Executing subprocess:
/data/chodera/schrodinger/schrodinger2017-4-advanced/jaguar results -energy SM16_micro007_conf_4.nrg.out

Executing subprocess:
/data/chodera/schrodinger/schrodinger2017-4-advanced/jaguar results -esolv SM16_micro007_conf_4.sol.out

Executing subprocess:
/data/chodera/schrodinger/schrodinger2017-4-advanced/jaguar-v9.8/bin/Linux-x86_64/pka -o SM16_micro001_deprot-out.mae -j SM16_micro001.jres -n -d

Executing subprocess:
/data/chodera/schrodinger/schrodinger2017-4-advanced/jaguar-v9.8/bin/Linux-x86_64/pka -o SM16_micro001_prot-out.mae -j SM16_micro001.jres -n

pKa calculation for SM16_micro001 completed.

pKa workflow jag_SM16_micro001_SM16_micro007 completed.

Timer (Jaguar pKa) : 3379.37 secs (0 hrs, 56 mins, 19 secs)
Timer (jaguar_backend.py) : 3379.37 secs (0 hrs, 56 mins, 19 secs)
Finished:   Fri May  4 15:20:55 2018
