Taking protonated structures from:
SM23_micro045_conf_1.dft_h.01.mae
SM23_micro045_conf_2.dft_h.01.mae
SM23_micro045_conf_3.dft_h.01.mae
SM23_micro045_conf_4.dft_h.01.mae
SM23_micro045_conf_5.dft_h.01.mae
Taking deprotonated structures from:
SM23_micro039_conf_1.dft.01.mae
SM23_micro039_conf_2.dft.01.mae
SM23_micro039_conf_3.dft.01.mae
SM23_micro039_conf_4.dft.01.mae
SM23_micro039_conf_5.dft.01.mae

Corrected results for 'protonated' structure in water:
pKa atom: 35

 # 	                  Shell                   	 pKa 	RMSD	 Contribution
---	------------------------------------------	-----	-----	--------------
1: 	secondary aniline                         	-18.12	0.275	    28.36%
2: 	Protonation of sp3-like aliphatic nitrogen	-15.86	1.715	    67.26%
3: 	Protonation of generic atom               	-15.23	2.264	     4.38%

 Final weighted pKa value is -16.47



