Command:    jaguar run pka.py -jobname jag_SM19_micro015_SM19_micro013 -PARALLEL 10 -n -csrch -prot SM19_micro015.in -deprot SM19_micro013.in
Release:    2017-4
Exec:       /data/chodera/schrodinger/schrodinger2017-4-advanced/jaguar-v9.8/bin/Linux-x86_64
Host:       lt14
JobId:      lilac-0-5aecc203
JobDir:     /lila/data/chodera/schrodinger/tmpdir/rustenburg/jag_SM19_micro015_SM19_micro013
Date:       Fri May  4 16:53:34 2018

Contents of /lila/data/chodera/schrodinger/tmpdir/rustenburg/jag_SM19_micro015_SM19_micro013:
/lila/data/chodera/schrodinger/tmpdir/rustenburg/jag_SM19_micro015_SM19_micro013/lilac-0-5aecc203.mpinodes
/lila/data/chodera/schrodinger/tmpdir/rustenburg/jag_SM19_micro015_SM19_micro013/jag_SM19_micro015_SM19_micro013.log
/lila/data/chodera/schrodinger/tmpdir/rustenburg/jag_SM19_micro015_SM19_micro013/lilac-0-5aecc203
/lila/data/chodera/schrodinger/tmpdir/rustenburg/jag_SM19_micro015_SM19_micro013/lilac-0-5aecc203.hosts
/lila/data/chodera/schrodinger/tmpdir/rustenburg/jag_SM19_micro015_SM19_micro013/lilac-0-5aecc203.jlog
/lila/data/chodera/schrodinger/tmpdir/rustenburg/jag_SM19_micro015_SM19_micro013/SM19_micro015.in
/lila/data/chodera/schrodinger/tmpdir/rustenburg/jag_SM19_micro015_SM19_micro013/SM19_micro015.mae
/lila/data/chodera/schrodinger/tmpdir/rustenburg/jag_SM19_micro015_SM19_micro013/SM19_micro013.in
/lila/data/chodera/schrodinger/tmpdir/rustenburg/jag_SM19_micro015_SM19_micro013/lilac-0-5aecc203.recover
/lila/data/chodera/schrodinger/tmpdir/rustenburg/jag_SM19_micro015_SM19_micro013/jag_SM19_micro015_SM19_micro013.recover
/lila/data/chodera/schrodinger/tmpdir/rustenburg/jag_SM19_micro015_SM19_micro013/lilac-0-5aecc203.nodes
/lila/data/chodera/schrodinger/tmpdir/rustenburg/jag_SM19_micro015_SM19_micro013/SM19_micro013.mae

=====================
 Jaguar pKa workflow
=====================

Analysing user-provided (prot, deprot) pair:
(SM19_micro015.in, SM19_micro013.in)
Found labile hydrogen 25 in SM19_micro015.in
Found labile hydrogen at atom 12 in SM19_micro013.in
Adding 'ipkat' keyword to input files.

Identifying pKa functional group for pair:
(SM19_micro015, SM19_micro013)

Executing subprocess:
/data/chodera/schrodinger/schrodinger2017-4-advanced/jaguar-v9.8/bin/Linux-x86_64/pka -i -j SM19_micro015.tmp.jres -n

Taking protonated structures from:
SM19_micro015.mae
Taking deprotonated structures from:
SM19_micro013.mae

This molecule from 'SM19_micro015.mae' in water was recognized as:

 # 	           Shell           
---	---------------------------
1: 	thiazole/benzothiazole     
2: 	heterocycle                
3: 	Protonation of generic atom


Executing conformational search...

Executing 2 distributed subjobs:
---------------------------------

No more than 8 cpu(s) will be used per subjob.
No more than 10 cpu(s) will be used simultaneously.

Processing the following subjobs:
(1) jaguar run csrch.py SM19_micro015.mae -jobname SM19_micro015 -max_conf 5 -erg_window 50.208 -acc_level 1 -TPP 5
(2) jaguar run csrch.py SM19_micro013.mae -jobname SM19_micro013 -max_conf 5 -erg_window 50.208 -acc_level 1 -TPP 5

Running subjobs on hosts:
  lsf-cpu (Max: 2)
Number of jobs:       2
Max retries per job:  3
Max allowed failures: unlimited
Run with -LOCAL:      False
Verbosity:            normal

Starting JobDJ...

Keep one job on driver host: False
JobDJ columns:
  C: Number of completed subjobs
  A: Number of active subjobs (e.g., submitted, running)
  W: Number of waiting/pending subjobs

C A W | Activity  JobId  JobName  JobHost
- - - | --------- -----------------------
0 1 1 | launched  lt14-0-5aecc855 SM19_micro015 lsf-cpu
0 2 0 | launched  lt14-1-5aecc859 SM19_micro013 lsf-cpu
1 1 0 | finished  lt14-1-5aecc859 SM19_micro013 lsf-cpu [lt11]
2 0 0 | finished  lt14-0-5aecc855 SM19_micro015 lsf-cpu [ls10]

All jobs have completed.

2 of 2 job(s) succeeded; 0 job(s) failed.

Timer (distribute subjobs) : 9133.09 secs (2 hrs, 32 mins, 13 secs)

Setting up QM workflow for (protonated, deprotonated) pair:
(1) (SM19_micro015, SM19_micro013)

Executing Jaguar quantum-mechanical subjobs...

Executing 10 distributed subjobs:
----------------------------------

No more than 8 cpu(s) will be used per subjob.
No more than 10 cpu(s) will be used simultaneously.

Processing the following subjobs:
(1) jaguar run pka_prot.bat -jobname SM19_micro015_conf_1 SM19_micro015_conf_1.in
(2) jaguar run pka_prot.bat -jobname SM19_micro015_conf_2 SM19_micro015_conf_2.in
(3) jaguar run pka_prot.bat -jobname SM19_micro015_conf_3 SM19_micro015_conf_3.in
(4) jaguar run pka_prot.bat -jobname SM19_micro015_conf_4 SM19_micro015_conf_4.in
(5) jaguar run pka_prot.bat -jobname SM19_micro015_conf_5 SM19_micro015_conf_5.in
(6) jaguar run pka_deprot.bat -jobname SM19_micro013_conf_1 SM19_micro013_conf_1.in
(7) jaguar run pka_deprot.bat -jobname SM19_micro013_conf_2 SM19_micro013_conf_2.in
(8) jaguar run pka_deprot.bat -jobname SM19_micro013_conf_3 SM19_micro013_conf_3.in
(9) jaguar run pka_deprot.bat -jobname SM19_micro013_conf_4 SM19_micro013_conf_4.in
(10) jaguar run pka_deprot.bat -jobname SM19_micro013_conf_5 SM19_micro013_conf_5.in

Running subjobs on hosts:
  lsf-cpu (Max: 10)
Number of jobs:       10
Max retries per job:  3
Max allowed failures: unlimited
Run with -LOCAL:      False
Verbosity:            normal

Starting JobDJ...

Keep one job on driver host: True
JobDJ columns:
  C: Number of completed subjobs
  A: Number of active subjobs (e.g., submitted, running)
  W: Number of waiting/pending subjobs

 C  A  W | Activity  JobId  JobName  JobHost
-- -- -- | --------- -----------------------
 0  1  9 | launched  lt14-0-5aecec12 SM19_micro015_conf_1 localhost [lt14]
 0  2  8 | launched  lt14-0-5aecec24 SM19_micro015_conf_2 lsf-cpu
 0  3  7 | launched  lt14-1-5aecec2d SM19_micro015_conf_3 lsf-cpu
 0  4  6 | launched  lt14-0-5aecec3f SM19_micro015_conf_4 lsf-cpu
 0  5  5 | launched  lt14-0-5aecec55 SM19_micro015_conf_5 lsf-cpu
 0  6  4 | launched  lt14-0-5aecec6a SM19_micro013_conf_1 lsf-cpu
 0  7  3 | launched  lt14-0-5aecec7e SM19_micro013_conf_2 lsf-cpu
 0  8  2 | launched  lt14-0-5aecec8d SM19_micro013_conf_3 lsf-cpu
 0  9  1 | launched  lt14-1-5aecec9a SM19_micro013_conf_4 lsf-cpu
 0 10  0 | launched  lt14-0-5aececa2 SM19_micro013_conf_5 lsf-cpu
 1  9  0 | finished  lt14-0-5aecec12 SM19_micro015_conf_1 localhost [lt14]
 1  9  0 | launched  lt14-0-5aecfd00 SM19_micro013_conf_5 localhost [lt14]
 2  8  0 | finished  lt14-0-5aecfd00 SM19_micro013_conf_5 localhost [lt14]
 2  8  0 | launched  lt14-0-5aed0725 SM19_micro013_conf_4 localhost [lt14]
 3  7  0 | finished  lt14-0-5aecec24 SM19_micro015_conf_2 lsf-cpu [lt05]
