Command:    jaguar run pka.py -jobname jag_SM10_micro024_SM10_micro006 -PARALLEL 10 -n -csrch -prot SM10_micro024.in -deprot SM10_micro006.in
Release:    2017-4
Exec:       /data/chodera/schrodinger/schrodinger2017-4-advanced/jaguar-v9.8/bin/Linux-x86_64
Host:       lt08
JobId:      lilac-0-5aec80d1
JobDir:     /lila/data/chodera/schrodinger/tmpdir/rustenburg/jag_SM10_micro024_SM10_micro006
Date:       Fri May  4 11:53:28 2018

Contents of /lila/data/chodera/schrodinger/tmpdir/rustenburg/jag_SM10_micro024_SM10_micro006:
/lila/data/chodera/schrodinger/tmpdir/rustenburg/jag_SM10_micro024_SM10_micro006/lilac-0-5aec80d1.recover
/lila/data/chodera/schrodinger/tmpdir/rustenburg/jag_SM10_micro024_SM10_micro006/jag_SM10_micro024_SM10_micro006.recover
/lila/data/chodera/schrodinger/tmpdir/rustenburg/jag_SM10_micro024_SM10_micro006/SM10_micro006.in
/lila/data/chodera/schrodinger/tmpdir/rustenburg/jag_SM10_micro024_SM10_micro006/lilac-0-5aec80d1.mpinodes
/lila/data/chodera/schrodinger/tmpdir/rustenburg/jag_SM10_micro024_SM10_micro006/lilac-0-5aec80d1.nodes
/lila/data/chodera/schrodinger/tmpdir/rustenburg/jag_SM10_micro024_SM10_micro006/SM10_micro006.mae
/lila/data/chodera/schrodinger/tmpdir/rustenburg/jag_SM10_micro024_SM10_micro006/SM10_micro024.in
/lila/data/chodera/schrodinger/tmpdir/rustenburg/jag_SM10_micro024_SM10_micro006/lilac-0-5aec80d1
/lila/data/chodera/schrodinger/tmpdir/rustenburg/jag_SM10_micro024_SM10_micro006/jag_SM10_micro024_SM10_micro006.log
/lila/data/chodera/schrodinger/tmpdir/rustenburg/jag_SM10_micro024_SM10_micro006/lilac-0-5aec80d1.hosts
/lila/data/chodera/schrodinger/tmpdir/rustenburg/jag_SM10_micro024_SM10_micro006/SM10_micro024.mae
/lila/data/chodera/schrodinger/tmpdir/rustenburg/jag_SM10_micro024_SM10_micro006/lilac-0-5aec80d1.jlog

=====================
 Jaguar pKa workflow
=====================

Analysing user-provided (prot, deprot) pair:
(SM10_micro024.in, SM10_micro006.in)
Found labile hydrogen 23 in SM10_micro024.in
Found labile hydrogen at atom 8 in SM10_micro006.in
Adding 'ipkat' keyword to input files.

Identifying pKa functional group for pair:
(SM10_micro024, SM10_micro006)

Executing subprocess:
/data/chodera/schrodinger/schrodinger2017-4-advanced/jaguar-v9.8/bin/Linux-x86_64/pka -i -j SM10_micro024.tmp.jres -n

Taking protonated structures from:
SM10_micro024.mae
Taking deprotonated structures from:
SM10_micro006.mae

This molecule from 'SM10_micro024.mae' in water was recognized as:

 # 	            Shell             
---	------------------------------
1: 	amide as base                 
2: 	Protonation of generic atom   
3: 	Protonation of sp2-like oxygen


Executing conformational search...

Executing 2 distributed subjobs:
---------------------------------

No more than 8 cpu(s) will be used per subjob.
No more than 10 cpu(s) will be used simultaneously.

Processing the following subjobs:
(1) jaguar run csrch.py SM10_micro024.mae -jobname SM10_micro024 -max_conf 5 -erg_window 50.208 -acc_level 1 -TPP 5
(2) jaguar run csrch.py SM10_micro006.mae -jobname SM10_micro006 -max_conf 5 -erg_window 50.208 -acc_level 1 -TPP 5

Running subjobs on hosts:
  lsf-cpu (Max: 2)
Number of jobs:       2
Max retries per job:  3
Max allowed failures: unlimited
Run with -LOCAL:      False
Verbosity:            normal

Starting JobDJ...

Keep one job on driver host: False
JobDJ columns:
  C: Number of completed subjobs
  A: Number of active subjobs (e.g., submitted, running)
  W: Number of waiting/pending subjobs

C A W | Activity  JobId  JobName  JobHost
- - - | --------- -----------------------
0 1 1 | launched  lt08-1-5aec81fd SM10_micro024 lsf-cpu
0 2 0 | launched  lt08-0-5aec8201 SM10_micro006 lsf-cpu
1 1 0 | finished  lt08-0-5aec8201 SM10_micro006 lsf-cpu [ls11]
2 0 0 | finished  lt08-1-5aec81fd SM10_micro024 lsf-cpu [ls11]

All jobs have completed.

2 of 2 job(s) succeeded; 0 job(s) failed.

Timer (distribute subjobs) : 1717.73 secs (0 hrs, 28 mins, 37 secs)

Setting up QM workflow for (protonated, deprotonated) pair:
(1) (SM10_micro024, SM10_micro006)

Executing Jaguar quantum-mechanical subjobs...

Executing 10 distributed subjobs:
----------------------------------

No more than 8 cpu(s) will be used per subjob.
No more than 10 cpu(s) will be used simultaneously.

Processing the following subjobs:
(1) jaguar run pka_prot.bat -jobname SM10_micro024_conf_1 SM10_micro024_conf_1.in
(2) jaguar run pka_prot.bat -jobname SM10_micro024_conf_2 SM10_micro024_conf_2.in
(3) jaguar run pka_prot.bat -jobname SM10_micro024_conf_3 SM10_micro024_conf_3.in
(4) jaguar run pka_prot.bat -jobname SM10_micro024_conf_4 SM10_micro024_conf_4.in
(5) jaguar run pka_prot.bat -jobname SM10_micro024_conf_5 SM10_micro024_conf_5.in
(6) jaguar run pka_deprot.bat -jobname SM10_micro006_conf_1 SM10_micro006_conf_1.in
(7) jaguar run pka_deprot.bat -jobname SM10_micro006_conf_2 SM10_micro006_conf_2.in
(8) jaguar run pka_deprot.bat -jobname SM10_micro006_conf_3 SM10_micro006_conf_3.in
(9) jaguar run pka_deprot.bat -jobname SM10_micro006_conf_4 SM10_micro006_conf_4.in
(10) jaguar run pka_deprot.bat -jobname SM10_micro006_conf_5 SM10_micro006_conf_5.in

Running subjobs on hosts:
  lsf-cpu (Max: 10)
Number of jobs:       10
Max retries per job:  3
Max allowed failures: unlimited
Run with -LOCAL:      False
Verbosity:            normal

Starting JobDJ...

Keep one job on driver host: True
JobDJ columns:
  C: Number of completed subjobs
  A: Number of active subjobs (e.g., submitted, running)
  W: Number of waiting/pending subjobs

 C  A  W | Activity  JobId  JobName  JobHost
-- -- -- | --------- -----------------------
 0  1  9 | launched  lt08-1-5aec88b3 SM10_micro024_conf_1 localhost [lt08]
 0  2  8 | launched  lt08-0-5aec88b7 SM10_micro024_conf_2 lsf-cpu
 0  3  7 | launched  lt08-1-5aec88bb SM10_micro024_conf_3 lsf-cpu
 0  4  6 | launched  lt08-1-5aec88c0 SM10_micro024_conf_4 lsf-cpu
 0  5  5 | launched  lt08-1-5aec88c4 SM10_micro024_conf_5 lsf-cpu
 0  6  4 | launched  lt08-0-5aec88c9 SM10_micro006_conf_1 lsf-cpu
 0  7  3 | launched  lt08-0-5aec88cd SM10_micro006_conf_2 lsf-cpu
 0  8  2 | launched  lt08-0-5aec88d2 SM10_micro006_conf_3 lsf-cpu
 0  9  1 | launched  lt08-0-5aec88d6 SM10_micro006_conf_4 lsf-cpu
 0 10  0 | launched  lt08-0-5aec88da SM10_micro006_conf_5 lsf-cpu
 1  9  0 | finished  lt08-1-5aec88c0 SM10_micro024_conf_4 lsf-cpu [lt08]
 2  8  0 | finished  lt08-0-5aec88cd SM10_micro006_conf_2 lsf-cpu [lt08]
 3  7  0 | finished  lt08-1-5aec88bb SM10_micro024_conf_3 lsf-cpu [lt22]
 4  6  0 | finished  lt08-0-5aec88d2 SM10_micro006_conf_3 lsf-cpu [lt08]
 5  5  0 | finished  lt08-0-5aec88d6 SM10_micro006_conf_4 lsf-cpu [lt08]
 6  4  0 | finished  lt08-0-5aec88c9 SM10_micro006_conf_1 lsf-cpu [lt08]
 7  3  0 | finished  lt08-1-5aec88c4 SM10_micro024_conf_5 lsf-cpu [lt08]
 8  2  0 | finished  lt08-1-5aec88b3 SM10_micro024_conf_1 localhost [lt08]
 9  1  0 | finished  lt08-0-5aec88da SM10_micro006_conf_5 lsf-cpu [lt17]
10  0  0 | finished  lt08-0-5aec88b7 SM10_micro024_conf_2 lsf-cpu [lt22]

All jobs have completed.

10 of 10 job(s) succeeded; 0 job(s) failed.

Timer (distribute subjobs) : 5588.83 secs (1 hrs, 33 mins, 08 secs)

Processing QM output files...

Executing subprocess:
/data/chodera/schrodinger/schrodinger2017-4-advanced/jaguar results -energy SM10_micro024_conf_1.nrg_h.out

Executing subprocess:
/data/chodera/schrodinger/schrodinger2017-4-advanced/jaguar results -esolv SM10_micro024_conf_1.sol_h.out

Executing subprocess:
/data/chodera/schrodinger/schrodinger2017-4-advanced/jaguar results -energy SM10_micro024_conf_2.nrg_h.out

Executing subprocess:
/data/chodera/schrodinger/schrodinger2017-4-advanced/jaguar results -esolv SM10_micro024_conf_2.sol_h.out

Executing subprocess:
/data/chodera/schrodinger/schrodinger2017-4-advanced/jaguar results -energy SM10_micro024_conf_3.nrg_h.out

Executing subprocess:
/data/chodera/schrodinger/schrodinger2017-4-advanced/jaguar results -esolv SM10_micro024_conf_3.sol_h.out

Executing subprocess:
/data/chodera/schrodinger/schrodinger2017-4-advanced/jaguar results -energy SM10_micro024_conf_4.nrg_h.out

Executing subprocess:
/data/chodera/schrodinger/schrodinger2017-4-advanced/jaguar results -esolv SM10_micro024_conf_4.sol_h.out

Executing subprocess:
/data/chodera/schrodinger/schrodinger2017-4-advanced/jaguar results -energy SM10_micro024_conf_5.nrg_h.out

Executing subprocess:
/data/chodera/schrodinger/schrodinger2017-4-advanced/jaguar results -esolv SM10_micro024_conf_5.sol_h.out

Executing subprocess:
/data/chodera/schrodinger/schrodinger2017-4-advanced/jaguar results -energy SM10_micro006_conf_1.nrg.out

Executing subprocess:
/data/chodera/schrodinger/schrodinger2017-4-advanced/jaguar results -esolv SM10_micro006_conf_1.sol.out

Executing subprocess:
/data/chodera/schrodinger/schrodinger2017-4-advanced/jaguar results -energy SM10_micro006_conf_2.nrg.out

Executing subprocess:
/data/chodera/schrodinger/schrodinger2017-4-advanced/jaguar results -esolv SM10_micro006_conf_2.sol.out

Executing subprocess:
/data/chodera/schrodinger/schrodinger2017-4-advanced/jaguar results -energy SM10_micro006_conf_3.nrg.out

Executing subprocess:
/data/chodera/schrodinger/schrodinger2017-4-advanced/jaguar results -esolv SM10_micro006_conf_3.sol.out

Executing subprocess:
/data/chodera/schrodinger/schrodinger2017-4-advanced/jaguar results -energy SM10_micro006_conf_4.nrg.out

Executing subprocess:
/data/chodera/schrodinger/schrodinger2017-4-advanced/jaguar results -esolv SM10_micro006_conf_4.sol.out

Executing subprocess:
/data/chodera/schrodinger/schrodinger2017-4-advanced/jaguar results -energy SM10_micro006_conf_5.nrg.out

Executing subprocess:
/data/chodera/schrodinger/schrodinger2017-4-advanced/jaguar results -esolv SM10_micro006_conf_5.sol.out

Executing subprocess:
/data/chodera/schrodinger/schrodinger2017-4-advanced/jaguar-v9.8/bin/Linux-x86_64/pka -o SM10_micro024_deprot-out.mae -j SM10_micro024.jres -n -d

Executing subprocess:
/data/chodera/schrodinger/schrodinger2017-4-advanced/jaguar-v9.8/bin/Linux-x86_64/pka -o SM10_micro024_prot-out.mae -j SM10_micro024.jres -n

pKa calculation for SM10_micro024 completed.

pKa workflow jag_SM10_micro024_SM10_micro006 completed.

Timer (Jaguar pKa) : 7423.25 secs (2 hrs, 03 mins, 43 secs)
Timer (jaguar_backend.py) : 7423.25 secs (2 hrs, 03 mins, 43 secs)
Finished:   Fri May  4 13:57:11 2018
