Command:    jaguar run pka.py -jobname jag_SM11_micro026_SM11_micro017 -PARALLEL 10 -n -csrch -prot SM11_micro026.in -deprot SM11_micro017.in
Release:    2017-4
Exec:       /data/chodera/schrodinger/schrodinger2017-4-advanced/jaguar-v9.8/bin/Linux-x86_64
Host:       ls12
JobId:      lilac-0-5aec9a91
JobDir:     /lila/data/chodera/schrodinger/tmpdir/rustenburg/jag_SM11_micro026_SM11_micro017
Date:       Fri May  4 13:39:16 2018

Contents of /lila/data/chodera/schrodinger/tmpdir/rustenburg/jag_SM11_micro026_SM11_micro017:
/lila/data/chodera/schrodinger/tmpdir/rustenburg/jag_SM11_micro026_SM11_micro017/jag_SM11_micro026_SM11_micro017.log
/lila/data/chodera/schrodinger/tmpdir/rustenburg/jag_SM11_micro026_SM11_micro017/lilac-0-5aec9a91
/lila/data/chodera/schrodinger/tmpdir/rustenburg/jag_SM11_micro026_SM11_micro017/SM11_micro026.mae
/lila/data/chodera/schrodinger/tmpdir/rustenburg/jag_SM11_micro026_SM11_micro017/SM11_micro017.in
/lila/data/chodera/schrodinger/tmpdir/rustenburg/jag_SM11_micro026_SM11_micro017/lilac-0-5aec9a91.recover
/lila/data/chodera/schrodinger/tmpdir/rustenburg/jag_SM11_micro026_SM11_micro017/SM11_micro017.mae
/lila/data/chodera/schrodinger/tmpdir/rustenburg/jag_SM11_micro026_SM11_micro017/lilac-0-5aec9a91.jlog
/lila/data/chodera/schrodinger/tmpdir/rustenburg/jag_SM11_micro026_SM11_micro017/lilac-0-5aec9a91.hosts
/lila/data/chodera/schrodinger/tmpdir/rustenburg/jag_SM11_micro026_SM11_micro017/lilac-0-5aec9a91.mpinodes
/lila/data/chodera/schrodinger/tmpdir/rustenburg/jag_SM11_micro026_SM11_micro017/jag_SM11_micro026_SM11_micro017.recover
/lila/data/chodera/schrodinger/tmpdir/rustenburg/jag_SM11_micro026_SM11_micro017/SM11_micro026.in
/lila/data/chodera/schrodinger/tmpdir/rustenburg/jag_SM11_micro026_SM11_micro017/lilac-0-5aec9a91.nodes

=====================
 Jaguar pKa workflow
=====================

Analysing user-provided (prot, deprot) pair:
(SM11_micro026.in, SM11_micro017.in)
Found labile hydrogen 20 in SM11_micro026.in
Found labile hydrogen at atom 14 in SM11_micro017.in
Adding 'ipkat' keyword to input files.

Identifying pKa functional group for pair:
(SM11_micro026, SM11_micro017)

Executing subprocess:
/data/chodera/schrodinger/schrodinger2017-4-advanced/jaguar-v9.8/bin/Linux-x86_64/pka -i -j SM11_micro026.tmp.jres -n

Taking protonated structures from:
SM11_micro026.mae
Taking deprotonated structures from:
SM11_micro017.mae

This molecule from 'SM11_micro026.mae' in water was recognized as:

 # 	           Shell           
---	---------------------------
1: 	Protonation of generic atom


Executing conformational search...

Executing 2 distributed subjobs:
---------------------------------

No more than 8 cpu(s) will be used per subjob.
No more than 10 cpu(s) will be used simultaneously.

Processing the following subjobs:
(1) jaguar run csrch.py SM11_micro026.mae -jobname SM11_micro026 -max_conf 5 -erg_window 50.208 -acc_level 1 -TPP 5
(2) jaguar run csrch.py SM11_micro017.mae -jobname SM11_micro017 -max_conf 5 -erg_window 50.208 -acc_level 1 -TPP 5

Running subjobs on hosts:
  lsf-cpu (Max: 2)
Number of jobs:       2
Max retries per job:  3
Max allowed failures: unlimited
Run with -LOCAL:      False
Verbosity:            normal

Starting JobDJ...

Keep one job on driver host: False
JobDJ columns:
  C: Number of completed subjobs
  A: Number of active subjobs (e.g., submitted, running)
  W: Number of waiting/pending subjobs

C A W | Activity  JobId  JobName  JobHost
- - - | --------- -----------------------
0 1 1 | launched  ls12-0-5aec9ac9 SM11_micro026 lsf-cpu
0 2 0 | launched  ls12-0-5aec9acc SM11_micro017 lsf-cpu
1 1 0 | finished  ls12-0-5aec9ac9 SM11_micro026 lsf-cpu
2 0 0 | finished  ls12-0-5aec9acc SM11_micro017 lsf-cpu

All jobs have completed.

2 of 2 job(s) succeeded; 0 job(s) failed.

Timer (distribute subjobs) : 573.02 secs (0 hrs, 09 mins, 33 secs)

Setting up QM workflow for (protonated, deprotonated) pair:
(1) (SM11_micro026, SM11_micro017)

Executing Jaguar quantum-mechanical subjobs...

Executing 5 distributed subjobs:
---------------------------------

No more than 8 cpu(s) will be used per subjob.
No more than 10 cpu(s) will be used simultaneously.

Processing the following subjobs:
(1) jaguar run pka_prot.bat -jobname SM11_micro026_conf_1 SM11_micro026_conf_1.in -TPP 2
(2) jaguar run pka_prot.bat -jobname SM11_micro026_conf_2 SM11_micro026_conf_2.in -TPP 2
(3) jaguar run pka_prot.bat -jobname SM11_micro026_conf_3 SM11_micro026_conf_3.in -TPP 2
(4) jaguar run pka_deprot.bat -jobname SM11_micro017_conf_1 SM11_micro017_conf_1.in -TPP 2
(5) jaguar run pka_deprot.bat -jobname SM11_micro017_conf_2 SM11_micro017_conf_2.in -TPP 2

Running subjobs on hosts:
  lsf-cpu (Max: 5)
Number of jobs:       5
Max retries per job:  3
Max allowed failures: unlimited
Run with -LOCAL:      False
Verbosity:            normal

Starting JobDJ...

Keep one job on driver host: False
JobDJ columns:
  C: Number of completed subjobs
  A: Number of active subjobs (e.g., submitted, running)
  W: Number of waiting/pending subjobs

C A W | Activity  JobId  JobName  JobHost
- - - | --------- -----------------------
0 1 4 | launched  ls12-0-5aec9d0a SM11_micro026_conf_1 lsf-cpu
0 2 3 | launched  ls12-2-5aec9d0e SM11_micro026_conf_2 lsf-cpu
0 3 2 | launched  ls12-0-5aec9d11 SM11_micro026_conf_3 lsf-cpu
0 4 1 | launched  ls12-0-5aec9d14 SM11_micro017_conf_1 lsf-cpu
0 5 0 | launched  ls12-0-5aec9d19 SM11_micro017_conf_2 lsf-cpu
1 4 0 | finished  ls12-0-5aec9d19 SM11_micro017_conf_2 lsf-cpu
2 3 0 | finished  ls12-0-5aec9d0a SM11_micro026_conf_1 lsf-cpu [lt04]
3 2 0 | finished  ls12-2-5aec9d0e SM11_micro026_conf_2 lsf-cpu [lt04]
4 1 0 | finished  ls12-0-5aec9d14 SM11_micro017_conf_1 lsf-cpu [ls10]
5 0 0 | finished  ls12-0-5aec9d11 SM11_micro026_conf_3 lsf-cpu [ls01]

All jobs have completed.

5 of 5 job(s) succeeded; 0 job(s) failed.

Timer (distribute subjobs) : 2278.77 secs (0 hrs, 37 mins, 58 secs)

Processing QM output files...

Executing subprocess:
/data/chodera/schrodinger/schrodinger2017-4-advanced/jaguar results -energy SM11_micro026_conf_1.nrg_h.out

Executing subprocess:
/data/chodera/schrodinger/schrodinger2017-4-advanced/jaguar results -esolv SM11_micro026_conf_1.sol_h.out

Executing subprocess:
/data/chodera/schrodinger/schrodinger2017-4-advanced/jaguar results -energy SM11_micro026_conf_2.nrg_h.out

Executing subprocess:
/data/chodera/schrodinger/schrodinger2017-4-advanced/jaguar results -esolv SM11_micro026_conf_2.sol_h.out

Executing subprocess:
/data/chodera/schrodinger/schrodinger2017-4-advanced/jaguar results -energy SM11_micro026_conf_3.nrg_h.out

Executing subprocess:
/data/chodera/schrodinger/schrodinger2017-4-advanced/jaguar results -esolv SM11_micro026_conf_3.sol_h.out

Executing subprocess:
/data/chodera/schrodinger/schrodinger2017-4-advanced/jaguar results -energy SM11_micro017_conf_1.nrg.out

Executing subprocess:
/data/chodera/schrodinger/schrodinger2017-4-advanced/jaguar results -esolv SM11_micro017_conf_1.sol.out

Executing subprocess:
/data/chodera/schrodinger/schrodinger2017-4-advanced/jaguar results -energy SM11_micro017_conf_2.nrg.out

Executing subprocess:
/data/chodera/schrodinger/schrodinger2017-4-advanced/jaguar results -esolv SM11_micro017_conf_2.sol.out

Executing subprocess:
/data/chodera/schrodinger/schrodinger2017-4-advanced/jaguar-v9.8/bin/Linux-x86_64/pka -o SM11_micro026_deprot-out.mae -j SM11_micro026.jres -n -d

Executing subprocess:
/data/chodera/schrodinger/schrodinger2017-4-advanced/jaguar-v9.8/bin/Linux-x86_64/pka -o SM11_micro026_prot-out.mae -j SM11_micro026.jres -n

pKa calculation for SM11_micro026 completed.

pKa workflow jag_SM11_micro026_SM11_micro017 completed.

Timer (Jaguar pKa) : 2902.07 secs (0 hrs, 48 mins, 22 secs)
Timer (jaguar_backend.py) : 2902.07 secs (0 hrs, 48 mins, 22 secs)
Finished:   Fri May  4 14:27:38 2018
