Command:    jaguar run pka.py -jobname jag_SM20_micro005_SM20_micro004 -PARALLEL 10 -n -csrch -prot SM20_micro005.in -deprot SM20_micro004.in
Release:    2017-4
Exec:       /data/chodera/schrodinger/schrodinger2017-4-advanced/jaguar-v9.8/bin/Linux-x86_64
Host:       lt21
JobId:      lilac-0-5aeccf41
JobDir:     /lila/data/chodera/schrodinger/tmpdir/rustenburg/jag_SM20_micro005_SM20_micro004
Date:       Fri May  4 19:17:47 2018

Contents of /lila/data/chodera/schrodinger/tmpdir/rustenburg/jag_SM20_micro005_SM20_micro004:
/lila/data/chodera/schrodinger/tmpdir/rustenburg/jag_SM20_micro005_SM20_micro004/SM20_micro004.in
/lila/data/chodera/schrodinger/tmpdir/rustenburg/jag_SM20_micro005_SM20_micro004/jag_SM20_micro005_SM20_micro004.log
/lila/data/chodera/schrodinger/tmpdir/rustenburg/jag_SM20_micro005_SM20_micro004/lilac-0-5aeccf41.jlog
/lila/data/chodera/schrodinger/tmpdir/rustenburg/jag_SM20_micro005_SM20_micro004/lilac-0-5aeccf41
/lila/data/chodera/schrodinger/tmpdir/rustenburg/jag_SM20_micro005_SM20_micro004/SM20_micro005.in
/lila/data/chodera/schrodinger/tmpdir/rustenburg/jag_SM20_micro005_SM20_micro004/SM20_micro004.mae
/lila/data/chodera/schrodinger/tmpdir/rustenburg/jag_SM20_micro005_SM20_micro004/lilac-0-5aeccf41.nodes
/lila/data/chodera/schrodinger/tmpdir/rustenburg/jag_SM20_micro005_SM20_micro004/jag_SM20_micro005_SM20_micro004.recover
/lila/data/chodera/schrodinger/tmpdir/rustenburg/jag_SM20_micro005_SM20_micro004/lilac-0-5aeccf41.recover
/lila/data/chodera/schrodinger/tmpdir/rustenburg/jag_SM20_micro005_SM20_micro004/lilac-0-5aeccf41.hosts
/lila/data/chodera/schrodinger/tmpdir/rustenburg/jag_SM20_micro005_SM20_micro004/lilac-0-5aeccf41.mpinodes
/lila/data/chodera/schrodinger/tmpdir/rustenburg/jag_SM20_micro005_SM20_micro004/SM20_micro005.mae

=====================
 Jaguar pKa workflow
=====================

Analysing user-provided (prot, deprot) pair:
(SM20_micro005.in, SM20_micro004.in)
Error: heavy atoms are different in input files:
SM20_micro005.in
SM20_micro004.in


An error has occurred.  Information about the error has been written to 
/home/rustenburg/.schrodinger/exceptions/error20180504-191748.txt 

Please contact help@schrodinger.com for assistance. Include error20180504-191748.txt and a description of what you were doing when the error occurred.
