Taking protonated structures from:
SM05_micro010_conf_1.dft_h.01.mae
SM05_micro010_conf_2.dft_h.01.mae
SM05_micro010_conf_3.dft_h.01.mae
SM05_micro010_conf_4.dft_h.01.mae
SM05_micro010_conf_5.dft_h.01.mae
Taking deprotonated structures from:
SM05_micro001_conf_1.dft.01.mae
SM05_micro001_conf_2.dft.01.mae
SM05_micro001_conf_3.dft.01.mae
SM05_micro001_conf_4.dft.01.mae
SM05_micro001_conf_5.dft.01.mae

Corrected results for 'protonated' structure in water:
pKa atom: 22

 # 	                  Shell                   	 pKa 	RMSD	 Contribution
---	------------------------------------------	-----	-----	--------------
1: 	tertiary aniline                          	 5.06	0.448	    94.36%
2: 	Protonation of sp3-like aliphatic nitrogen	 5.41	1.715	     5.24%
3: 	Protonation of generic atom               	 4.85	2.264	     0.40%

 Final weighted pKa value is 5.08



