Command:    jaguar run pka.py -jobname jag_SM01_micro005_SM01_micro010 -PARALLEL 10 -n -csrch -prot SM01_micro005.in -deprot SM01_micro010.in
Release:    2017-4
Exec:       /data/chodera/schrodinger/schrodinger2017-4-advanced/jaguar-v9.8/bin/Linux-x86_64
Host:       ls01
JobId:      lilac-0-5aec665a
JobDir:     /lila/data/chodera/schrodinger/tmpdir/rustenburg/jag_SM01_micro005_SM01_micro010
Date:       Fri May  4 09:55:43 2018

Contents of /lila/data/chodera/schrodinger/tmpdir/rustenburg/jag_SM01_micro005_SM01_micro010:
/lila/data/chodera/schrodinger/tmpdir/rustenburg/jag_SM01_micro005_SM01_micro010/SM01_micro005.mae
/lila/data/chodera/schrodinger/tmpdir/rustenburg/jag_SM01_micro005_SM01_micro010/jag_SM01_micro005_SM01_micro010.log
/lila/data/chodera/schrodinger/tmpdir/rustenburg/jag_SM01_micro005_SM01_micro010/lilac-0-5aec665a.hosts
/lila/data/chodera/schrodinger/tmpdir/rustenburg/jag_SM01_micro005_SM01_micro010/lilac-0-5aec665a.jlog
/lila/data/chodera/schrodinger/tmpdir/rustenburg/jag_SM01_micro005_SM01_micro010/lilac-0-5aec665a.mpinodes
/lila/data/chodera/schrodinger/tmpdir/rustenburg/jag_SM01_micro005_SM01_micro010/SM01_micro010.mae
/lila/data/chodera/schrodinger/tmpdir/rustenburg/jag_SM01_micro005_SM01_micro010/lilac-0-5aec665a
/lila/data/chodera/schrodinger/tmpdir/rustenburg/jag_SM01_micro005_SM01_micro010/jag_SM01_micro005_SM01_micro010.recover
/lila/data/chodera/schrodinger/tmpdir/rustenburg/jag_SM01_micro005_SM01_micro010/lilac-0-5aec665a.nodes
/lila/data/chodera/schrodinger/tmpdir/rustenburg/jag_SM01_micro005_SM01_micro010/SM01_micro005.in
/lila/data/chodera/schrodinger/tmpdir/rustenburg/jag_SM01_micro005_SM01_micro010/SM01_micro010.in
/lila/data/chodera/schrodinger/tmpdir/rustenburg/jag_SM01_micro005_SM01_micro010/lilac-0-5aec665a.recover

=====================
 Jaguar pKa workflow
=====================

Analysing user-provided (prot, deprot) pair:
(SM01_micro005.in, SM01_micro010.in)
Found labile hydrogen 21 in SM01_micro005.in
Found labile hydrogen at atom 13 in SM01_micro010.in
Adding 'ipkat' keyword to input files.

Identifying pKa functional group for pair:
(SM01_micro005, SM01_micro010)

Executing subprocess:
/data/chodera/schrodinger/schrodinger2017-4-advanced/jaguar-v9.8/bin/Linux-x86_64/pka -i -j SM01_micro005.tmp.jres -n

Taking protonated structures from:
SM01_micro005.mae
Taking deprotonated structures from:
SM01_micro010.mae

This molecule from 'SM01_micro005.mae' in water was recognized as:

 # 	                  Shell                   
---	------------------------------------------
1: 	amide as acid                             
2: 	Protonation of sp2-like aliphatic nitrogen
3: 	Protonation of generic atom               


Executing conformational search...

Executing 2 distributed subjobs:
---------------------------------

No more than 8 cpu(s) will be used per subjob.
No more than 10 cpu(s) will be used simultaneously.

Processing the following subjobs:
(1) jaguar run csrch.py SM01_micro005.mae -jobname SM01_micro005 -max_conf 5 -erg_window 50.208 -acc_level 1 -TPP 5
(2) jaguar run csrch.py SM01_micro010.mae -jobname SM01_micro010 -max_conf 5 -erg_window 50.208 -acc_level 1 -TPP 5

Running subjobs on hosts:
  lsf-cpu (Max: 2)
Number of jobs:       2
Max retries per job:  3
Max allowed failures: unlimited
Run with -LOCAL:      False
Verbosity:            normal

Starting JobDJ...

Keep one job on driver host: False
JobDJ columns:
  C: Number of completed subjobs
  A: Number of active subjobs (e.g., submitted, running)
  W: Number of waiting/pending subjobs

C A W | Activity  JobId  JobName  JobHost
- - - | --------- -----------------------
0 1 1 | launched  ls01-0-5aec6665 SM01_micro005 lsf-cpu
0 2 0 | launched  ls01-0-5aec6669 SM01_micro010 lsf-cpu
1 1 0 | finished  ls01-0-5aec6665 SM01_micro005 lsf-cpu
2 0 0 | finished  ls01-0-5aec6669 SM01_micro010 lsf-cpu

All jobs have completed.

2 of 2 job(s) succeeded; 0 job(s) failed.

Timer (distribute subjobs) : 207.90 secs (0 hrs, 03 mins, 27 secs)

Setting up QM workflow for (protonated, deprotonated) pair:
(1) (SM01_micro005, SM01_micro010)

Executing Jaguar quantum-mechanical subjobs...

Executing 8 distributed subjobs:
---------------------------------

No more than 8 cpu(s) will be used per subjob.
No more than 10 cpu(s) will be used simultaneously.

Processing the following subjobs:
(1) jaguar run pka_prot.bat -jobname SM01_micro005_conf_1 SM01_micro005_conf_1.in -TPP 2
(2) jaguar run pka_prot.bat -jobname SM01_micro005_conf_2 SM01_micro005_conf_2.in -TPP 2
(3) jaguar run pka_prot.bat -jobname SM01_micro005_conf_3 SM01_micro005_conf_3.in
(4) jaguar run pka_prot.bat -jobname SM01_micro005_conf_4 SM01_micro005_conf_4.in
(5) jaguar run pka_deprot.bat -jobname SM01_micro010_conf_1 SM01_micro010_conf_1.in
(6) jaguar run pka_deprot.bat -jobname SM01_micro010_conf_2 SM01_micro010_conf_2.in
(7) jaguar run pka_deprot.bat -jobname SM01_micro010_conf_3 SM01_micro010_conf_3.in
(8) jaguar run pka_deprot.bat -jobname SM01_micro010_conf_4 SM01_micro010_conf_4.in

Running subjobs on hosts:
  lsf-cpu (Max: 8)
Number of jobs:       8
Max retries per job:  3
Max allowed failures: unlimited
Run with -LOCAL:      False
Verbosity:            normal

Starting JobDJ...

Keep one job on driver host: False
JobDJ columns:
  C: Number of completed subjobs
  A: Number of active subjobs (e.g., submitted, running)
  W: Number of waiting/pending subjobs

C A W | Activity  JobId  JobName  JobHost
- - - | --------- -----------------------
0 1 7 | launched  ls01-0-5aec6735 SM01_micro005_conf_1 lsf-cpu
0 2 6 | launched  ls01-0-5aec6739 SM01_micro005_conf_2 lsf-cpu
0 3 5 | launched  ls01-2-5aec673d SM01_micro005_conf_3 lsf-cpu
0 4 4 | launched  ls01-0-5aec6741 SM01_micro005_conf_4 lsf-cpu
0 5 3 | launched  ls01-1-5aec6745 SM01_micro010_conf_1 lsf-cpu
0 6 2 | launched  ls01-0-5aec6748 SM01_micro010_conf_2 lsf-cpu
0 7 1 | launched  ls01-0-5aec674d SM01_micro010_conf_3 lsf-cpu
0 8 0 | launched  ls01-0-5aec6750 SM01_micro010_conf_4 lsf-cpu
1 7 0 | finished  ls01-0-5aec6739 SM01_micro005_conf_2 lsf-cpu [lt05]
2 6 0 | finished  ls01-2-5aec673d SM01_micro005_conf_3 lsf-cpu [ls01]
3 5 0 | finished  ls01-0-5aec6735 SM01_micro005_conf_1 lsf-cpu [lt05]
4 4 0 | finished  ls01-1-5aec6745 SM01_micro010_conf_1 lsf-cpu [lt11]
5 3 0 | finished  ls01-0-5aec6748 SM01_micro010_conf_2 lsf-cpu [ls10]
6 2 0 | finished  ls01-0-5aec6750 SM01_micro010_conf_4 lsf-cpu [ls16]
7 1 0 | finished  ls01-0-5aec674d SM01_micro010_conf_3 lsf-cpu [ls10]
8 0 0 | finished  ls01-0-5aec6741 SM01_micro005_conf_4 lsf-cpu [lt01]

All jobs have completed.

8 of 8 job(s) succeeded; 0 job(s) failed.

Timer (distribute subjobs) : 1449.22 secs (0 hrs, 24 mins, 09 secs)

Processing QM output files...

Executing subprocess:
/data/chodera/schrodinger/schrodinger2017-4-advanced/jaguar results -energy SM01_micro005_conf_1.nrg_h.out

Executing subprocess:
/data/chodera/schrodinger/schrodinger2017-4-advanced/jaguar results -esolv SM01_micro005_conf_1.sol_h.out

Executing subprocess:
/data/chodera/schrodinger/schrodinger2017-4-advanced/jaguar results -energy SM01_micro005_conf_2.nrg_h.out

Executing subprocess:
/data/chodera/schrodinger/schrodinger2017-4-advanced/jaguar results -esolv SM01_micro005_conf_2.sol_h.out

Executing subprocess:
/data/chodera/schrodinger/schrodinger2017-4-advanced/jaguar results -energy SM01_micro005_conf_3.nrg_h.out

Executing subprocess:
/data/chodera/schrodinger/schrodinger2017-4-advanced/jaguar results -esolv SM01_micro005_conf_3.sol_h.out

Executing subprocess:
/data/chodera/schrodinger/schrodinger2017-4-advanced/jaguar results -energy SM01_micro005_conf_4.nrg_h.out

Executing subprocess:
/data/chodera/schrodinger/schrodinger2017-4-advanced/jaguar results -esolv SM01_micro005_conf_4.sol_h.out

Executing subprocess:
/data/chodera/schrodinger/schrodinger2017-4-advanced/jaguar results -energy SM01_micro010_conf_1.nrg.out

Executing subprocess:
/data/chodera/schrodinger/schrodinger2017-4-advanced/jaguar results -esolv SM01_micro010_conf_1.sol.out

Executing subprocess:
/data/chodera/schrodinger/schrodinger2017-4-advanced/jaguar results -energy SM01_micro010_conf_2.nrg.out

Executing subprocess:
/data/chodera/schrodinger/schrodinger2017-4-advanced/jaguar results -esolv SM01_micro010_conf_2.sol.out

Executing subprocess:
/data/chodera/schrodinger/schrodinger2017-4-advanced/jaguar results -energy SM01_micro010_conf_3.nrg.out

Executing subprocess:
/data/chodera/schrodinger/schrodinger2017-4-advanced/jaguar results -esolv SM01_micro010_conf_3.sol.out

Executing subprocess:
/data/chodera/schrodinger/schrodinger2017-4-advanced/jaguar results -energy SM01_micro010_conf_4.nrg.out

Executing subprocess:
/data/chodera/schrodinger/schrodinger2017-4-advanced/jaguar results -esolv SM01_micro010_conf_4.sol.out

Executing subprocess:
/data/chodera/schrodinger/schrodinger2017-4-advanced/jaguar-v9.8/bin/Linux-x86_64/pka -o SM01_micro005_deprot-out.mae -j SM01_micro005.jres -n -d

Executing subprocess:
/data/chodera/schrodinger/schrodinger2017-4-advanced/jaguar-v9.8/bin/Linux-x86_64/pka -o SM01_micro005_prot-out.mae -j SM01_micro005.jres -n

pKa calculation for SM01_micro005 completed.

pKa workflow jag_SM01_micro005_SM01_micro010 completed.

Timer (Jaguar pKa) : 1716.68 secs (0 hrs, 28 mins, 36 secs)
Timer (jaguar_backend.py) : 1716.68 secs (0 hrs, 28 mins, 36 secs)
Finished:   Fri May  4 10:24:20 2018
