Command:    jaguar run pka.py -jobname jag_SM21_micro026_SM21_micro024 -PARALLEL 10 -WAIT -n -csrch -prot SM21_micro026.in -deprot SM21_micro024.in
Release:    2017-4
Exec:       /data/chodera/schrodinger/schrodinger2017-4-advanced/jaguar-v9.8/bin/Linux-x86_64
Host:       ls16
JobId:      ls16-0-5af456f7
JobDir:     /lila/data/chodera/schrodinger/tmpdir/rustenburg/jag_SM21_micro026_SM21_micro024.2
Date:       Thu May 10 10:28:10 2018

Contents of /lila/data/chodera/schrodinger/tmpdir/rustenburg/jag_SM21_micro026_SM21_micro024.2:
/lila/data/chodera/schrodinger/tmpdir/rustenburg/jag_SM21_micro026_SM21_micro024.2/SM21_micro024.mae
/lila/data/chodera/schrodinger/tmpdir/rustenburg/jag_SM21_micro026_SM21_micro024.2/SM21_micro026.in
/lila/data/chodera/schrodinger/tmpdir/rustenburg/jag_SM21_micro026_SM21_micro024.2/ls16-0-5af456f7
/lila/data/chodera/schrodinger/tmpdir/rustenburg/jag_SM21_micro026_SM21_micro024.2/SM21_micro026.mae
/lila/data/chodera/schrodinger/tmpdir/rustenburg/jag_SM21_micro026_SM21_micro024.2/ls16-0-5af456f7.mpinodes
/lila/data/chodera/schrodinger/tmpdir/rustenburg/jag_SM21_micro026_SM21_micro024.2/jag_SM21_micro026_SM21_micro024.log
/lila/data/chodera/schrodinger/tmpdir/rustenburg/jag_SM21_micro026_SM21_micro024.2/SM21_micro024.in
/lila/data/chodera/schrodinger/tmpdir/rustenburg/jag_SM21_micro026_SM21_micro024.2/ls16-0-5af456f7.recover
/lila/data/chodera/schrodinger/tmpdir/rustenburg/jag_SM21_micro026_SM21_micro024.2/jag_SM21_micro026_SM21_micro024.recover

=====================
 Jaguar pKa workflow
=====================

Analysing user-provided (prot, deprot) pair:
(SM21_micro026.in, SM21_micro024.in)
Found labile hydrogen 24 in SM21_micro026.in
Found labile hydrogen at atom 13 in SM21_micro024.in
Adding 'ipkat' keyword to input files.

Identifying pKa functional group for pair:
(SM21_micro026, SM21_micro024)

Executing subprocess:
/data/chodera/schrodinger/schrodinger2017-4-advanced/jaguar-v9.8/bin/Linux-x86_64/pka -i -j SM21_micro026.tmp.jres -n

Taking protonated structures from:
SM21_micro026.mae
Taking deprotonated structures from:
SM21_micro024.mae

This molecule from 'SM21_micro026.mae' in water was recognized as:

 # 	           Shell           
---	---------------------------
1: 	Protonation of generic atom


Executing conformational search...

Executing 2 distributed subjobs:
---------------------------------

No more than 8 cpu(s) will be used per subjob.
No more than 10 cpu(s) will be used simultaneously.

Processing the following subjobs:
(1) jaguar run csrch.py SM21_micro026.mae -jobname SM21_micro026 -max_conf 5 -erg_window 50.208 -acc_level 1 -TPP 5
(2) jaguar run csrch.py SM21_micro024.mae -jobname SM21_micro024 -max_conf 5 -erg_window 50.208 -acc_level 1 -TPP 5

Running subjobs on hosts:
  localhost (Max: 2)
Number of jobs:       2
Max retries per job:  3
Max allowed failures: unlimited
Run with -LOCAL:      False
Verbosity:            normal

Starting JobDJ...

Keep one job on driver host: False
JobDJ columns:
  C: Number of completed subjobs
  A: Number of active subjobs (e.g., submitted, running)
  W: Number of waiting/pending subjobs

C A W | Activity  JobId  JobName  JobHost
- - - | --------- -----------------------
0 1 1 | launched  ls16-0-5af45700 SM21_micro026 localhost [ls16]
0 2 0 | launched  ls16-0-5af45703 SM21_micro024 localhost [ls16]
1 1 0 | finished  ls16-0-5af45700 SM21_micro026 localhost [ls16]
2 0 0 | finished  ls16-0-5af45703 SM21_micro024 localhost [ls16]

All jobs have completed.

2 of 2 job(s) succeeded; 0 job(s) failed.

Timer (distribute subjobs) : 1455.44 secs (0 hrs, 24 mins, 15 secs)

Setting up QM workflow for (protonated, deprotonated) pair:
(1) (SM21_micro026, SM21_micro024)

Executing Jaguar quantum-mechanical subjobs...

Executing 10 distributed subjobs:
----------------------------------

No more than 8 cpu(s) will be used per subjob.
No more than 10 cpu(s) will be used simultaneously.

Processing the following subjobs:
(1) jaguar run pka_prot.bat -jobname SM21_micro026_conf_1 SM21_micro026_conf_1.in
(2) jaguar run pka_prot.bat -jobname SM21_micro026_conf_2 SM21_micro026_conf_2.in
(3) jaguar run pka_prot.bat -jobname SM21_micro026_conf_3 SM21_micro026_conf_3.in
(4) jaguar run pka_prot.bat -jobname SM21_micro026_conf_4 SM21_micro026_conf_4.in
(5) jaguar run pka_prot.bat -jobname SM21_micro026_conf_5 SM21_micro026_conf_5.in
(6) jaguar run pka_deprot.bat -jobname SM21_micro024_conf_1 SM21_micro024_conf_1.in
(7) jaguar run pka_deprot.bat -jobname SM21_micro024_conf_2 SM21_micro024_conf_2.in
(8) jaguar run pka_deprot.bat -jobname SM21_micro024_conf_3 SM21_micro024_conf_3.in
(9) jaguar run pka_deprot.bat -jobname SM21_micro024_conf_4 SM21_micro024_conf_4.in
(10) jaguar run pka_deprot.bat -jobname SM21_micro024_conf_5 SM21_micro024_conf_5.in

Running subjobs on hosts:
  localhost (Max: 10)
Number of jobs:       10
Max retries per job:  3
Max allowed failures: unlimited
Run with -LOCAL:      False
Verbosity:            normal

Starting JobDJ...

Keep one job on driver host: False
JobDJ columns:
  C: Number of completed subjobs
  A: Number of active subjobs (e.g., submitted, running)
  W: Number of waiting/pending subjobs

 C  A  W | Activity  JobId  JobName  JobHost
-- -- -- | --------- -----------------------
 0  1  9 | launched  ls16-0-5af45cc9 SM21_micro026_conf_1 localhost [ls16]
 0  2  8 | launched  ls16-0-5af45cce SM21_micro026_conf_2 localhost [ls16]
 0  3  7 | launched  ls16-0-5af45cd2 SM21_micro026_conf_3 localhost [ls16]
 0  4  6 | launched  ls16-0-5af45cd7 SM21_micro026_conf_4 localhost [ls16]
 0  5  5 | launched  ls16-0-5af45cdb SM21_micro026_conf_5 localhost [ls16]
 0  6  4 | launched  ls16-0-5af45ce1 SM21_micro024_conf_1 localhost [ls16]
 0  7  3 | launched  ls16-0-5af45ce7 SM21_micro024_conf_2 localhost [ls16]
 0  8  2 | launched  ls16-0-5af45cf1 SM21_micro024_conf_3 localhost [ls16]
 0  9  1 | launched  ls16-0-5af45cfa SM21_micro024_conf_4 localhost [ls16]
 0 10  0 | launched  ls16-0-5af45d03 SM21_micro024_conf_5 localhost [ls16]
