Command:    jaguar run pka.py -jobname jag_SM18_micro068_SM18_micro048 -PARALLEL 10 -n -csrch -prot SM18_micro068.in -deprot SM18_micro048.in
Release:    2017-4
Exec:       /data/chodera/schrodinger/schrodinger2017-4-advanced/jaguar-v9.8/bin/Linux-x86_64
Host:       ls18
JobId:      lilac-0-5aecb02a
JobDir:     /lila/data/chodera/schrodinger/tmpdir/rustenburg/jag_SM18_micro068_SM18_micro048
Date:       Fri May  4 15:22:30 2018

Contents of /lila/data/chodera/schrodinger/tmpdir/rustenburg/jag_SM18_micro068_SM18_micro048:
/lila/data/chodera/schrodinger/tmpdir/rustenburg/jag_SM18_micro068_SM18_micro048/SM18_micro048.mae
/lila/data/chodera/schrodinger/tmpdir/rustenburg/jag_SM18_micro068_SM18_micro048/lilac-0-5aecb02a.nodes
/lila/data/chodera/schrodinger/tmpdir/rustenburg/jag_SM18_micro068_SM18_micro048/lilac-0-5aecb02a
/lila/data/chodera/schrodinger/tmpdir/rustenburg/jag_SM18_micro068_SM18_micro048/lilac-0-5aecb02a.recover
/lila/data/chodera/schrodinger/tmpdir/rustenburg/jag_SM18_micro068_SM18_micro048/SM18_micro068.mae
/lila/data/chodera/schrodinger/tmpdir/rustenburg/jag_SM18_micro068_SM18_micro048/SM18_micro048.in
/lila/data/chodera/schrodinger/tmpdir/rustenburg/jag_SM18_micro068_SM18_micro048/lilac-0-5aecb02a.jlog
/lila/data/chodera/schrodinger/tmpdir/rustenburg/jag_SM18_micro068_SM18_micro048/lilac-0-5aecb02a.hosts
/lila/data/chodera/schrodinger/tmpdir/rustenburg/jag_SM18_micro068_SM18_micro048/lilac-0-5aecb02a.mpinodes
/lila/data/chodera/schrodinger/tmpdir/rustenburg/jag_SM18_micro068_SM18_micro048/SM18_micro068.in
/lila/data/chodera/schrodinger/tmpdir/rustenburg/jag_SM18_micro068_SM18_micro048/jag_SM18_micro068_SM18_micro048.recover
/lila/data/chodera/schrodinger/tmpdir/rustenburg/jag_SM18_micro068_SM18_micro048/jag_SM18_micro068_SM18_micro048.log

=====================
 Jaguar pKa workflow
=====================

Analysing user-provided (prot, deprot) pair:
(SM18_micro068.in, SM18_micro048.in)
Found labile hydrogen 31 in SM18_micro068.in
Found labile hydrogen at atom 9 in SM18_micro048.in
Adding 'ipkat' keyword to input files.

Identifying pKa functional group for pair:
(SM18_micro068, SM18_micro048)

Executing subprocess:
/data/chodera/schrodinger/schrodinger2017-4-advanced/jaguar-v9.8/bin/Linux-x86_64/pka -i -j SM18_micro068.tmp.jres -n

Taking protonated structures from:
SM18_micro068.mae
Taking deprotonated structures from:
SM18_micro048.mae

This molecule from 'SM18_micro068.mae' in water was recognized as:

 # 	           Shell           
---	---------------------------
1: 	heterocycle custom 1       
2: 	heterocycle                
3: 	Protonation of generic atom


Executing conformational search...

Executing 2 distributed subjobs:
---------------------------------

No more than 8 cpu(s) will be used per subjob.
No more than 10 cpu(s) will be used simultaneously.

Processing the following subjobs:
(1) jaguar run csrch.py SM18_micro068.mae -jobname SM18_micro068 -max_conf 5 -erg_window 50.208 -acc_level 1 -TPP 5
(2) jaguar run csrch.py SM18_micro048.mae -jobname SM18_micro048 -max_conf 5 -erg_window 50.208 -acc_level 1 -TPP 5

Running subjobs on hosts:
  lsf-cpu (Max: 2)
Number of jobs:       2
Max retries per job:  3
Max allowed failures: unlimited
Run with -LOCAL:      False
Verbosity:            normal

Starting JobDJ...

Keep one job on driver host: False
JobDJ columns:
  C: Number of completed subjobs
  A: Number of active subjobs (e.g., submitted, running)
  W: Number of waiting/pending subjobs

C A W | Activity  JobId  JobName  JobHost
- - - | --------- -----------------------
0 1 1 | launched  ls18-0-5aecb2fc SM18_micro068 lsf-cpu
0 2 0 | launched  ls18-0-5aecb300 SM18_micro048 lsf-cpu
1 1 0 | finished  ls18-0-5aecb300 SM18_micro048 lsf-cpu [ls14]
2 0 0 | finished  ls18-0-5aecb2fc SM18_micro068 lsf-cpu [lt12]

All jobs have completed.

2 of 2 job(s) succeeded; 0 job(s) failed.

Timer (distribute subjobs) : 5312.48 secs (1 hrs, 28 mins, 32 secs)

Setting up QM workflow for (protonated, deprotonated) pair:
(1) (SM18_micro068, SM18_micro048)

Executing Jaguar quantum-mechanical subjobs...

Executing 10 distributed subjobs:
----------------------------------

No more than 8 cpu(s) will be used per subjob.
No more than 10 cpu(s) will be used simultaneously.

Processing the following subjobs:
(1) jaguar run pka_prot.bat -jobname SM18_micro068_conf_1 SM18_micro068_conf_1.in
(2) jaguar run pka_prot.bat -jobname SM18_micro068_conf_2 SM18_micro068_conf_2.in
(3) jaguar run pka_prot.bat -jobname SM18_micro068_conf_3 SM18_micro068_conf_3.in
(4) jaguar run pka_prot.bat -jobname SM18_micro068_conf_4 SM18_micro068_conf_4.in
(5) jaguar run pka_prot.bat -jobname SM18_micro068_conf_5 SM18_micro068_conf_5.in
(6) jaguar run pka_deprot.bat -jobname SM18_micro048_conf_1 SM18_micro048_conf_1.in
(7) jaguar run pka_deprot.bat -jobname SM18_micro048_conf_2 SM18_micro048_conf_2.in
(8) jaguar run pka_deprot.bat -jobname SM18_micro048_conf_3 SM18_micro048_conf_3.in
(9) jaguar run pka_deprot.bat -jobname SM18_micro048_conf_4 SM18_micro048_conf_4.in
(10) jaguar run pka_deprot.bat -jobname SM18_micro048_conf_5 SM18_micro048_conf_5.in

Running subjobs on hosts:
  lsf-cpu (Max: 10)
Number of jobs:       10
Max retries per job:  3
Max allowed failures: unlimited
Run with -LOCAL:      False
Verbosity:            normal

Starting JobDJ...

Keep one job on driver host: True
JobDJ columns:
  C: Number of completed subjobs
  A: Number of active subjobs (e.g., submitted, running)
  W: Number of waiting/pending subjobs

 C  A  W | Activity  JobId  JobName  JobHost
-- -- -- | --------- -----------------------
 0  1  9 | launched  ls18-0-5aecc7bd SM18_micro068_conf_1 localhost [ls18]
 0  2  8 | launched  ls18-0-5aecc7c3 SM18_micro068_conf_2 lsf-cpu
 0  3  7 | launched  ls18-0-5aecc7c8 SM18_micro068_conf_3 lsf-cpu
 0  4  6 | launched  ls18-0-5aecc7cc SM18_micro068_conf_4 lsf-cpu
 0  5  5 | launched  ls18-0-5aecc7d1 SM18_micro068_conf_5 lsf-cpu
 0  6  4 | launched  ls18-0-5aecc7d6 SM18_micro048_conf_1 lsf-cpu
 0  7  3 | launched  ls18-0-5aecc7dc SM18_micro048_conf_2 lsf-cpu
 0  8  2 | launched  ls18-0-5aecc7e2 SM18_micro048_conf_3 lsf-cpu
 0  9  1 | launched  ls18-0-5aecc7e6 SM18_micro048_conf_4 lsf-cpu
 0 10  0 | launched  ls18-0-5aecc7eb SM18_micro048_conf_5 lsf-cpu
 1  9  0 | finished  ls18-0-5aecc7e6 SM18_micro048_conf_4 lsf-cpu [lt11]
 2  8  0 | finished  ls18-0-5aecc7bd SM18_micro068_conf_1 localhost [ls18]
 3  7  0 | finished  ls18-0-5aecc7d6 SM18_micro048_conf_1 lsf-cpu [ls15]
 4  6  0 | finished  ls18-0-5aecc7dc SM18_micro048_conf_2 lsf-cpu [ls04]
 5  5  0 | finished  ls18-0-5aecc7eb SM18_micro048_conf_5 lsf-cpu [lt21]
 6  4  0 | finished  ls18-0-5aecc7e2 SM18_micro048_conf_3 lsf-cpu [lt02]
 7  3  0 | finished  ls18-0-5aecc7c3 SM18_micro068_conf_2 lsf-cpu [ls10]
