Command:    jaguar run pka.py -jobname jag_SM05_micro001_SM05_micro002 -PARALLEL 10 -n -csrch -prot SM05_micro001.in -deprot SM05_micro002.in
Release:    2017-4
Exec:       /data/chodera/schrodinger/schrodinger2017-4-advanced/jaguar-v9.8/bin/Linux-x86_64
Host:       ls18
JobId:      lilac-0-5aec70aa
JobDir:     /lila/data/chodera/schrodinger/tmpdir/rustenburg/jag_SM05_micro001_SM05_micro002
Date:       Fri May  4 10:39:42 2018

Contents of /lila/data/chodera/schrodinger/tmpdir/rustenburg/jag_SM05_micro001_SM05_micro002:
/lila/data/chodera/schrodinger/tmpdir/rustenburg/jag_SM05_micro001_SM05_micro002/SM05_micro001.in
/lila/data/chodera/schrodinger/tmpdir/rustenburg/jag_SM05_micro001_SM05_micro002/lilac-0-5aec70aa
/lila/data/chodera/schrodinger/tmpdir/rustenburg/jag_SM05_micro001_SM05_micro002/jag_SM05_micro001_SM05_micro002.log
/lila/data/chodera/schrodinger/tmpdir/rustenburg/jag_SM05_micro001_SM05_micro002/lilac-0-5aec70aa.mpinodes
/lila/data/chodera/schrodinger/tmpdir/rustenburg/jag_SM05_micro001_SM05_micro002/SM05_micro001.mae
/lila/data/chodera/schrodinger/tmpdir/rustenburg/jag_SM05_micro001_SM05_micro002/lilac-0-5aec70aa.jlog
/lila/data/chodera/schrodinger/tmpdir/rustenburg/jag_SM05_micro001_SM05_micro002/jag_SM05_micro001_SM05_micro002.recover
/lila/data/chodera/schrodinger/tmpdir/rustenburg/jag_SM05_micro001_SM05_micro002/SM05_micro002.in
/lila/data/chodera/schrodinger/tmpdir/rustenburg/jag_SM05_micro001_SM05_micro002/SM05_micro002.mae
/lila/data/chodera/schrodinger/tmpdir/rustenburg/jag_SM05_micro001_SM05_micro002/lilac-0-5aec70aa.recover
/lila/data/chodera/schrodinger/tmpdir/rustenburg/jag_SM05_micro001_SM05_micro002/lilac-0-5aec70aa.nodes
/lila/data/chodera/schrodinger/tmpdir/rustenburg/jag_SM05_micro001_SM05_micro002/lilac-0-5aec70aa.hosts

=====================
 Jaguar pKa workflow
=====================

Analysing user-provided (prot, deprot) pair:
(SM05_micro001.in, SM05_micro002.in)
Found labile hydrogen 36 in SM05_micro001.in
Found labile hydrogen at atom 13 in SM05_micro002.in
Adding 'ipkat' keyword to input files.

Identifying pKa functional group for pair:
(SM05_micro001, SM05_micro002)

Executing subprocess:
/data/chodera/schrodinger/schrodinger2017-4-advanced/jaguar-v9.8/bin/Linux-x86_64/pka -i -j SM05_micro001.tmp.jres -n

Taking protonated structures from:
SM05_micro001.mae
Taking deprotonated structures from:
SM05_micro002.mae

This molecule from 'SM05_micro001.mae' in water was recognized as:

 # 	                  Shell                   
---	------------------------------------------
1: 	amide as acid                             
2: 	Protonation of sp2-like aliphatic nitrogen
3: 	Protonation of generic atom               


Executing conformational search...

Executing 2 distributed subjobs:
---------------------------------

No more than 8 cpu(s) will be used per subjob.
No more than 10 cpu(s) will be used simultaneously.

Processing the following subjobs:
(1) jaguar run csrch.py SM05_micro001.mae -jobname SM05_micro001 -max_conf 5 -erg_window 50.208 -acc_level 1 -TPP 5
(2) jaguar run csrch.py SM05_micro002.mae -jobname SM05_micro002 -max_conf 5 -erg_window 50.208 -acc_level 1 -TPP 5

Running subjobs on hosts:
  lsf-cpu (Max: 2)
Number of jobs:       2
Max retries per job:  3
Max allowed failures: unlimited
Run with -LOCAL:      False
Verbosity:            normal

Starting JobDJ...

Keep one job on driver host: False
JobDJ columns:
  C: Number of completed subjobs
  A: Number of active subjobs (e.g., submitted, running)
  W: Number of waiting/pending subjobs

C A W | Activity  JobId  JobName  JobHost
- - - | --------- -----------------------
0 1 1 | launched  ls18-0-5aec70b3 SM05_micro001 lsf-cpu
0 2 0 | launched  ls18-0-5aec70b9 SM05_micro002 lsf-cpu
1 1 0 | finished  ls18-0-5aec70b9 SM05_micro002 lsf-cpu
2 0 0 | finished  ls18-0-5aec70b3 SM05_micro001 lsf-cpu

All jobs have completed.

2 of 2 job(s) succeeded; 0 job(s) failed.

Timer (distribute subjobs) : 558.79 secs (0 hrs, 09 mins, 18 secs)

Setting up QM workflow for (protonated, deprotonated) pair:
(1) (SM05_micro001, SM05_micro002)

Executing Jaguar quantum-mechanical subjobs...

Executing 10 distributed subjobs:
----------------------------------

No more than 8 cpu(s) will be used per subjob.
No more than 10 cpu(s) will be used simultaneously.

Processing the following subjobs:
(1) jaguar run pka_prot.bat -jobname SM05_micro001_conf_1 SM05_micro001_conf_1.in
(2) jaguar run pka_prot.bat -jobname SM05_micro001_conf_2 SM05_micro001_conf_2.in
(3) jaguar run pka_prot.bat -jobname SM05_micro001_conf_3 SM05_micro001_conf_3.in
(4) jaguar run pka_prot.bat -jobname SM05_micro001_conf_4 SM05_micro001_conf_4.in
(5) jaguar run pka_prot.bat -jobname SM05_micro001_conf_5 SM05_micro001_conf_5.in
(6) jaguar run pka_deprot.bat -jobname SM05_micro002_conf_1 SM05_micro002_conf_1.in
(7) jaguar run pka_deprot.bat -jobname SM05_micro002_conf_2 SM05_micro002_conf_2.in
(8) jaguar run pka_deprot.bat -jobname SM05_micro002_conf_3 SM05_micro002_conf_3.in
(9) jaguar run pka_deprot.bat -jobname SM05_micro002_conf_4 SM05_micro002_conf_4.in
(10) jaguar run pka_deprot.bat -jobname SM05_micro002_conf_5 SM05_micro002_conf_5.in

Running subjobs on hosts:
  lsf-cpu (Max: 10)
Number of jobs:       10
Max retries per job:  3
Max allowed failures: unlimited
Run with -LOCAL:      False
Verbosity:            normal

Starting JobDJ...

Keep one job on driver host: True
JobDJ columns:
  C: Number of completed subjobs
  A: Number of active subjobs (e.g., submitted, running)
  W: Number of waiting/pending subjobs

 C  A  W | Activity  JobId  JobName  JobHost
-- -- -- | --------- -----------------------
 0  1  9 | launched  ls18-0-5aec72e4 SM05_micro001_conf_1 localhost [ls18]
 0  2  8 | launched  ls18-0-5aec72e9 SM05_micro001_conf_2 lsf-cpu
 0  3  7 | launched  ls18-0-5aec72ef SM05_micro001_conf_3 lsf-cpu
 0  4  6 | launched  ls18-0-5aec72f4 SM05_micro001_conf_4 lsf-cpu
 0  5  5 | launched  ls18-0-5aec72fa SM05_micro001_conf_5 lsf-cpu
 0  6  4 | launched  ls18-0-5aec72ff SM05_micro002_conf_1 lsf-cpu
 0  7  3 | launched  ls18-0-5aec7306 SM05_micro002_conf_2 lsf-cpu
 0  8  2 | launched  ls18-0-5aec730c SM05_micro002_conf_3 lsf-cpu
 0  9  1 | launched  ls18-0-5aec7311 SM05_micro002_conf_4 lsf-cpu
 0 10  0 | launched  ls18-0-5aec7316 SM05_micro002_conf_5 lsf-cpu
 1  9  0 | finished  ls18-0-5aec72f4 SM05_micro001_conf_4 lsf-cpu [ls16]
 2  8  0 | finished  ls18-0-5aec72e9 SM05_micro001_conf_2 lsf-cpu [ls13]
 3  7  0 | finished  ls18-0-5aec72ef SM05_micro001_conf_3 lsf-cpu [ls10]
 4  6  0 | finished  ls18-0-5aec72ff SM05_micro002_conf_1 lsf-cpu [lt17]
 5  5  0 | finished  ls18-0-5aec72e4 SM05_micro001_conf_1 localhost [ls18]
 6  4  0 | finished  ls18-0-5aec72fa SM05_micro001_conf_5 lsf-cpu [ls10]
 7  3  0 | finished  ls18-0-5aec7306 SM05_micro002_conf_2 lsf-cpu [ls10]
 8  2  0 | finished  ls18-0-5aec730c SM05_micro002_conf_3 lsf-cpu [ls04]
 9  1  0 | finished  ls18-0-5aec7316 SM05_micro002_conf_5 lsf-cpu [ls07]
10  0  0 | finished  ls18-0-5aec7311 SM05_micro002_conf_4 lsf-cpu [ls04]

All jobs have completed.

10 of 10 job(s) succeeded; 0 job(s) failed.

Timer (distribute subjobs) : 4097.49 secs (1 hrs, 08 mins, 17 secs)

Processing QM output files...

Executing subprocess:
/data/chodera/schrodinger/schrodinger2017-4-advanced/jaguar results -energy SM05_micro001_conf_1.nrg_h.out

Executing subprocess:
/data/chodera/schrodinger/schrodinger2017-4-advanced/jaguar results -esolv SM05_micro001_conf_1.sol_h.out

Executing subprocess:
/data/chodera/schrodinger/schrodinger2017-4-advanced/jaguar results -energy SM05_micro001_conf_2.nrg_h.out

Executing subprocess:
/data/chodera/schrodinger/schrodinger2017-4-advanced/jaguar results -esolv SM05_micro001_conf_2.sol_h.out

Executing subprocess:
/data/chodera/schrodinger/schrodinger2017-4-advanced/jaguar results -energy SM05_micro001_conf_3.nrg_h.out

Executing subprocess:
/data/chodera/schrodinger/schrodinger2017-4-advanced/jaguar results -esolv SM05_micro001_conf_3.sol_h.out

Executing subprocess:
/data/chodera/schrodinger/schrodinger2017-4-advanced/jaguar results -energy SM05_micro001_conf_4.nrg_h.out

Executing subprocess:
/data/chodera/schrodinger/schrodinger2017-4-advanced/jaguar results -esolv SM05_micro001_conf_4.sol_h.out

Executing subprocess:
/data/chodera/schrodinger/schrodinger2017-4-advanced/jaguar results -energy SM05_micro001_conf_5.nrg_h.out

Executing subprocess:
/data/chodera/schrodinger/schrodinger2017-4-advanced/jaguar results -esolv SM05_micro001_conf_5.sol_h.out

Executing subprocess:
/data/chodera/schrodinger/schrodinger2017-4-advanced/jaguar results -energy SM05_micro002_conf_1.nrg.out

Executing subprocess:
/data/chodera/schrodinger/schrodinger2017-4-advanced/jaguar results -esolv SM05_micro002_conf_1.sol.out

Executing subprocess:
/data/chodera/schrodinger/schrodinger2017-4-advanced/jaguar results -energy SM05_micro002_conf_2.nrg.out

Executing subprocess:
/data/chodera/schrodinger/schrodinger2017-4-advanced/jaguar results -esolv SM05_micro002_conf_2.sol.out

Executing subprocess:
/data/chodera/schrodinger/schrodinger2017-4-advanced/jaguar results -energy SM05_micro002_conf_3.nrg.out

Executing subprocess:
/data/chodera/schrodinger/schrodinger2017-4-advanced/jaguar results -esolv SM05_micro002_conf_3.sol.out

Executing subprocess:
/data/chodera/schrodinger/schrodinger2017-4-advanced/jaguar results -energy SM05_micro002_conf_4.nrg.out

Executing subprocess:
/data/chodera/schrodinger/schrodinger2017-4-advanced/jaguar results -esolv SM05_micro002_conf_4.sol.out

Executing subprocess:
/data/chodera/schrodinger/schrodinger2017-4-advanced/jaguar results -energy SM05_micro002_conf_5.nrg.out

Executing subprocess:
/data/chodera/schrodinger/schrodinger2017-4-advanced/jaguar results -esolv SM05_micro002_conf_5.sol.out

Executing subprocess:
/data/chodera/schrodinger/schrodinger2017-4-advanced/jaguar-v9.8/bin/Linux-x86_64/pka -o SM05_micro001_deprot-out.mae -j SM05_micro001.jres -n -d

Executing subprocess:
/data/chodera/schrodinger/schrodinger2017-4-advanced/jaguar-v9.8/bin/Linux-x86_64/pka -o SM05_micro001_prot-out.mae -j SM05_micro001.jres -n

pKa calculation for SM05_micro001 completed.

pKa workflow jag_SM05_micro001_SM05_micro002 completed.

Timer (Jaguar pKa) : 4781.10 secs (1 hrs, 19 mins, 41 secs)
Timer (jaguar_backend.py) : 4781.10 secs (1 hrs, 19 mins, 41 secs)
Finished:   Fri May  4 11:59:23 2018
