Command:    jaguar run pka.py -jobname jag_SM23_micro012_SM23_micro035 -PARALLEL 10 -n -csrch -prot SM23_micro012.in -deprot SM23_micro035.in
Release:    2017-4
Exec:       /data/chodera/schrodinger/schrodinger2017-4-advanced/jaguar-v9.8/bin/Linux-x86_64
Host:       ls11
JobId:      lilac-0-5aecd2cb
JobDir:     /lila/data/chodera/schrodinger/tmpdir/rustenburg/jag_SM23_micro012_SM23_micro035
Date:       Fri May  4 19:20:40 2018

Contents of /lila/data/chodera/schrodinger/tmpdir/rustenburg/jag_SM23_micro012_SM23_micro035:
/lila/data/chodera/schrodinger/tmpdir/rustenburg/jag_SM23_micro012_SM23_micro035/SM23_micro035.in
/lila/data/chodera/schrodinger/tmpdir/rustenburg/jag_SM23_micro012_SM23_micro035/lilac-0-5aecd2cb.jlog
/lila/data/chodera/schrodinger/tmpdir/rustenburg/jag_SM23_micro012_SM23_micro035/SM23_micro012.mae
/lila/data/chodera/schrodinger/tmpdir/rustenburg/jag_SM23_micro012_SM23_micro035/lilac-0-5aecd2cb.nodes
/lila/data/chodera/schrodinger/tmpdir/rustenburg/jag_SM23_micro012_SM23_micro035/jag_SM23_micro012_SM23_micro035.log
/lila/data/chodera/schrodinger/tmpdir/rustenburg/jag_SM23_micro012_SM23_micro035/lilac-0-5aecd2cb.mpinodes
/lila/data/chodera/schrodinger/tmpdir/rustenburg/jag_SM23_micro012_SM23_micro035/SM23_micro012.in
/lila/data/chodera/schrodinger/tmpdir/rustenburg/jag_SM23_micro012_SM23_micro035/jag_SM23_micro012_SM23_micro035.recover
/lila/data/chodera/schrodinger/tmpdir/rustenburg/jag_SM23_micro012_SM23_micro035/lilac-0-5aecd2cb.hosts
/lila/data/chodera/schrodinger/tmpdir/rustenburg/jag_SM23_micro012_SM23_micro035/lilac-0-5aecd2cb.recover
/lila/data/chodera/schrodinger/tmpdir/rustenburg/jag_SM23_micro012_SM23_micro035/lilac-0-5aecd2cb
/lila/data/chodera/schrodinger/tmpdir/rustenburg/jag_SM23_micro012_SM23_micro035/SM23_micro035.mae

=====================
 Jaguar pKa workflow
=====================

Analysing user-provided (prot, deprot) pair:
(SM23_micro012.in, SM23_micro035.in)
Found labile hydrogen 46 in SM23_micro012.in
Found labile hydrogen at atom 20 in SM23_micro035.in
Adding 'ipkat' keyword to input files.

Identifying pKa functional group for pair:
(SM23_micro012, SM23_micro035)

Executing subprocess:
/data/chodera/schrodinger/schrodinger2017-4-advanced/jaguar-v9.8/bin/Linux-x86_64/pka -i -j SM23_micro012.tmp.jres -n

Taking protonated structures from:
SM23_micro012.mae
Taking deprotonated structures from:
SM23_micro035.mae

This molecule from 'SM23_micro012.mae' in water was recognized as:

 # 	                  Shell                   
---	------------------------------------------
1: 	Protonation of sp2-like aliphatic nitrogen
2: 	Protonation of generic atom               


Executing conformational search...

Executing 2 distributed subjobs:
---------------------------------

No more than 8 cpu(s) will be used per subjob.
No more than 10 cpu(s) will be used simultaneously.

Processing the following subjobs:
(1) jaguar run csrch.py SM23_micro012.mae -jobname SM23_micro012 -max_conf 5 -erg_window 50.208 -acc_level 1 -TPP 5
(2) jaguar run csrch.py SM23_micro035.mae -jobname SM23_micro035 -max_conf 5 -erg_window 50.208 -acc_level 1 -TPP 5

Running subjobs on hosts:
  lsf-cpu (Max: 2)
Number of jobs:       2
Max retries per job:  3
Max allowed failures: unlimited
Run with -LOCAL:      False
Verbosity:            normal

Starting JobDJ...

Keep one job on driver host: False
JobDJ columns:
  C: Number of completed subjobs
  A: Number of active subjobs (e.g., submitted, running)
  W: Number of waiting/pending subjobs

C A W | Activity  JobId  JobName  JobHost
- - - | --------- -----------------------
0 1 1 | launched  ls11-0-5aeceacf SM23_micro012 lsf-cpu
0 2 0 | launched  ls11-0-5aecead3 SM23_micro035 lsf-cpu
1 1 0 | finished  ls11-0-5aeceacf SM23_micro012 lsf-cpu [lt08]
