COMMAND:
 /data/chodera/schrodinger/schrodinger2017-4-advanced/epik-v4.2/bin/Linux-x86_64/epik_app -imae SM16.10.7.mae -omae SM16.epik.10.7.mae -p 0.0000453999298 -ph 10.7
SCHRODINGER: /data/chodera/schrodinger/schrodinger2017-4-advanced

Running Epik version     4.2011
Epik. Copyright Schrodinger, LLC. All rights reserved.

Input file name:                        SM16.10.7.mae
Output file name:                       SM16.epik.10.7.mae
Minimum probability set to 4.539993e-05
Structure adjustment calculation requested.
  Target pH set to 10.700

Adjusting structures for pH 1.070000e+01 and minimum probability 4.539993e-05
Solvent model name:                     water
WARNING The connections on two versions (2 and 3) of base atom differ in acid_pattern: [#1]-[NX2-1,NX3+1](~[CX3](~[OX1-1,OX1+0]))~[cX3]1[nX2][cX3][nX3-0,nX3+1][nX2-1,nX2+0]1
WARNING The charge on two versions (-1 and 1) of base atom do not differ by 1 acid_pattern: [#1]-[NX2-1,NX3+1](~[CX3](~[OX1-1,OX1+0]))~[cX3]1[nX2][cX3][nX3-0,nX3+1][nX2-1,nX2+0]1
Jobcontrol is not being used for this specific Epik calculation.
---------------------------
Processing Input Structure #1
        Title: SM16
                                              Calculated pKas
                                                 Conjugate
                                          Atom   Acid/Base  pKa
. . . . . . . . . . . . . . . . . . . . . . .
Variation: 1
                                            10   Conj_Base  9.85
                                            14   Conj_Base  7.67
 pKa penalty:                                 0.08 kcal/mol
     Charging penalty:                        0.08 kcal/mol
     Neutralization penalty:                  0.00 kcal/mol
 Overall Penalty (tautomerization included):  0.51 kcal/mol
 Total Charge: -1
. . . . . . . . . . . . . . . . . . . . . . .
Variation: 2
                                            10   Conj_Base  9.85
                                            14   Conj_Base  7.67
 pKa penalty:                                 0.08 kcal/mol
     Charging penalty:                        0.08 kcal/mol
     Neutralization penalty:                  0.00 kcal/mol
 Overall Penalty (tautomerization included):  0.51 kcal/mol
 Total Charge: -1
. . . . . . . . . . . . . . . . . . . . . . .
Variation: 3
                                            21   Conj_Acid  9.85
                                            14   Conj_Base  4.71
                                             9   Conj_Base -0.63
 pKa penalty:                                 1.24 kcal/mol
     Charging penalty:                        0.00 kcal/mol
     Neutralization penalty:                  1.24 kcal/mol
 Overall Penalty (tautomerization included):  1.10 kcal/mol
 Total Charge: 0
. . . . . . . . . . . . . . . . . . . . . . .
Variation: 4
                                            10   Conj_Base  9.81
                                            25   Conj_Acid  7.67
 pKa penalty:                                 4.21 kcal/mol
     Charging penalty:                        4.21 kcal/mol
     Neutralization penalty:                  0.00 kcal/mol
 Overall Penalty (tautomerization included):  5.57 kcal/mol
 Total Charge: 0
. . . . . . . . . . . . . . . . . . . . . . .
Variation: 5
                                            25   Conj_Acid  6.90
                                            26   Conj_Acid 15.07
 pKa penalty:                                 5.19 kcal/mol
     Charging penalty:                        0.00 kcal/mol
     Neutralization penalty:                  5.19 kcal/mol
 Overall Penalty (tautomerization included):  5.63 kcal/mol
 Total Charge: 1
 Chemistry Notes:   This compound has an imine and may undergo hydrolysis.
---------------------------
