COMMAND:
 /data/chodera/schrodinger/schrodinger2017-4-advanced/epik-v4.2/bin/Linux-x86_64/epik_app -imae SM16.9.6.mae -omae SM16.epik.9.6.mae -p 0.0000453999298 -ph 9.6
SCHRODINGER: /data/chodera/schrodinger/schrodinger2017-4-advanced

Running Epik version     4.2011
Epik. Copyright Schrodinger, LLC. All rights reserved.

Input file name:                        SM16.9.6.mae
Output file name:                       SM16.epik.9.6.mae
Minimum probability set to 4.539993e-05
Structure adjustment calculation requested.
  Target pH set to 9.600

Adjusting structures for pH 9.600000e+00 and minimum probability 4.539993e-05
Solvent model name:                     water
WARNING The connections on two versions (2 and 3) of base atom differ in acid_pattern: [#1]-[NX2-1,NX3+1](~[CX3](~[OX1-1,OX1+0]))~[cX3]1[nX2][cX3][nX3-0,nX3+1][nX2-1,nX2+0]1
WARNING The charge on two versions (-1 and 1) of base atom do not differ by 1 acid_pattern: [#1]-[NX2-1,NX3+1](~[CX3](~[OX1-1,OX1+0]))~[cX3]1[nX2][cX3][nX3-0,nX3+1][nX2-1,nX2+0]1
Jobcontrol is not being used for this specific Epik calculation.
---------------------------
Processing Input Structure #1
        Title: SM16
                                              Calculated pKas
                                                 Conjugate
                                          Atom   Acid/Base  pKa
. . . . . . . . . . . . . . . . . . . . . . .
Variation: 1
                                            21   Conj_Acid  9.85
                                            14   Conj_Base  4.71
                                             9   Conj_Base -0.63
 pKa penalty:                                 0.27 kcal/mol
     Charging penalty:                        0.00 kcal/mol
     Neutralization penalty:                  0.27 kcal/mol
 Overall Penalty (tautomerization included):  0.17 kcal/mol
 Total Charge: 0
. . . . . . . . . . . . . . . . . . . . . . .
Variation: 2
                                            10   Conj_Base  9.85
                                            14   Conj_Base  7.67
 pKa penalty:                                 0.61 kcal/mol
     Charging penalty:                        0.60 kcal/mol
     Neutralization penalty:                  0.01 kcal/mol
 Overall Penalty (tautomerization included):  1.24 kcal/mol
 Total Charge: -1
. . . . . . . . . . . . . . . . . . . . . . .
Variation: 3
                                            10   Conj_Base  9.85
                                            14   Conj_Base  7.67
 pKa penalty:                                 0.61 kcal/mol
     Charging penalty:                        0.60 kcal/mol
     Neutralization penalty:                  0.01 kcal/mol
 Overall Penalty (tautomerization included):  1.24 kcal/mol
 Total Charge: -1
. . . . . . . . . . . . . . . . . . . . . . .
Variation: 4
                                            10   Conj_Base  9.81
                                            25   Conj_Acid  7.67
 pKa penalty:                                 3.21 kcal/mol
     Charging penalty:                        3.21 kcal/mol
     Neutralization penalty:                  0.00 kcal/mol
 Overall Penalty (tautomerization included):  4.76 kcal/mol
 Total Charge: 0
. . . . . . . . . . . . . . . . . . . . . . .
Variation: 5
                                            21   Conj_Acid  9.81
                                            26   Conj_Acid  4.71
 pKa penalty:                                 6.95 kcal/mol
     Charging penalty:                        6.67 kcal/mol
     Neutralization penalty:                  0.28 kcal/mol
 Overall Penalty (tautomerization included):  5.86 kcal/mol
 Total Charge: 1
---------------------------
