COMMAND:
 /data/chodera/schrodinger/schrodinger2017-4-advanced/epik-v4.2/bin/Linux-x86_64/epik_app -imae SM18.mae -omae SM18.epik.7.0.mae -scan -ph 7.0 -highest_pka 14.0 -lowest_pka 0.0
SCHRODINGER: /data/chodera/schrodinger/schrodinger2017-4-advanced

Running Epik version     4.2011
Epik. Copyright Schrodinger, LLC. All rights reserved.

Input file name:                        SM18.mae
Output file name:                       SM18.epik.7.0.mae
Scan of protonation states requested.
  atom will be labeled using pKa values from sequential ionizations.
Structure adjustment calculation requested.
  Target pH set to 7.000
Highest pKa set to: 1.400000e+01
Lowest pKa set to: 0.000000e+00

Scanning protonation states starting from most important form for pH 7.000000e+00
Solvent model name:                     water
WARNING The connections on two versions (2 and 3) of base atom differ in acid_pattern: [#1]-[NX2-1,NX3+1](~[CX3](~[OX1-1,OX1+0]))~[cX3]1[nX2][cX3][nX3-0,nX3+1][nX2-1,nX2+0]1
WARNING The charge on two versions (-1 and 1) of base atom do not differ by 1 acid_pattern: [#1]-[NX2-1,NX3+1](~[CX3](~[OX1-1,OX1+0]))~[cX3]1[nX2][cX3][nX3-0,nX3+1][nX2-1,nX2+0]1
Jobcontrol is not being used for this specific Epik calculation.
---------------------------
Processing Input Structure #1
        Title: SM18
. . . . . . . . . . . . . . . . . . . . . . .
    pKa  type            base   Description
                        atom #
   0.21  conjugate base   18   General aromatic protonated n (formally charged)
   1.37  conjugate base   11   4-Pyrimidone N1 ions second protonation
   2.47  conjugate base   18   2-amido oxazole/thiazole second protonation ring
   9.38  conjugate acid    9   4-Pyrimidone N3 ions
  10.77  conjugate acid   16   amide with thiazole or oxazole
---------------------------
