COMMAND:
 /data/chodera/schrodinger/schrodinger2017-4-advanced/epik-v4.2/bin/Linux-x86_64/epik_app -imae SM14.4.5.mae -omae SM14.epik.4.5.mae -p 0.0000453999298 -ph 4.5
SCHRODINGER: /data/chodera/schrodinger/schrodinger2017-4-advanced

Running Epik version     4.2011
Epik. Copyright Schrodinger, LLC. All rights reserved.

Input file name:                        SM14.4.5.mae
Output file name:                       SM14.epik.4.5.mae
Minimum probability set to 4.539993e-05
Structure adjustment calculation requested.
  Target pH set to 4.500

Adjusting structures for pH 4.500000e+00 and minimum probability 4.539993e-05
Solvent model name:                     water
WARNING The connections on two versions (2 and 3) of base atom differ in acid_pattern: [#1]-[NX2-1,NX3+1](~[CX3](~[OX1-1,OX1+0]))~[cX3]1[nX2][cX3][nX3-0,nX3+1][nX2-1,nX2+0]1
WARNING The charge on two versions (-1 and 1) of base atom do not differ by 1 acid_pattern: [#1]-[NX2-1,NX3+1](~[CX3](~[OX1-1,OX1+0]))~[cX3]1[nX2][cX3][nX3-0,nX3+1][nX2-1,nX2+0]1
Jobcontrol is not being used for this specific Epik calculation.
---------------------------
Processing Input Structure #1
        Title: SM14
                                              Calculated pKas
                                                 Conjugate
                                          Atom   Acid/Base  pKa
. . . . . . . . . . . . . . . . . . . . . . .
Variation: 1
                                            16   Conj_Base  0.28
                                            28   Conj_Acid  6.35
                                            26   Conj_Acid 14.74
                                            27   Conj_Acid 14.74
 pKa penalty:                                 0.01 kcal/mol
     Charging penalty:                        0.01 kcal/mol
     Neutralization penalty:                  0.00 kcal/mol
 Overall Penalty (tautomerization included):  0.00 kcal/mol
 Total Charge: 1
. . . . . . . . . . . . . . . . . . . . . . .
Variation: 2
                                            16   Conj_Base  3.37
                                             9   Conj_Base  6.35
                                            26   Conj_Acid 15.31
                                            27   Conj_Acid 15.31
 pKa penalty:                                 2.57 kcal/mol
     Charging penalty:                        0.00 kcal/mol
     Neutralization penalty:                  2.57 kcal/mol
 Overall Penalty (tautomerization included):  3.05 kcal/mol
 Total Charge: 0
. . . . . . . . . . . . . . . . . . . . . . .
Variation: 3
                                            26   Conj_Acid  1.96
                                            27   Conj_Acid  1.96
                                            29   Conj_Acid  1.96
                                            28   Conj_Acid  5.11
 pKa penalty:                                 3.59 kcal/mol
     Charging penalty:                        3.59 kcal/mol
     Neutralization penalty:                  0.00 kcal/mol
 Overall Penalty (tautomerization included):  4.21 kcal/mol
 Total Charge: 2
. . . . . . . . . . . . . . . . . . . . . . .
Variation: 4
                                            26   Conj_Acid  3.79
                                            27   Conj_Acid  3.79
                                            28   Conj_Acid  3.79
                                             9   Conj_Base  5.11
 pKa penalty:                                 2.03 kcal/mol
     Charging penalty:                        1.07 kcal/mol
     Neutralization penalty:                  0.96 kcal/mol
 Overall Penalty (tautomerization included):  4.75 kcal/mol
 Total Charge: 1
---------------------------
