COMMAND:
 /data/chodera/schrodinger/schrodinger2017-4-advanced/epik-v4.2/bin/Linux-x86_64/epik_app -imae SM05.3.4.mae -omae SM05.epik.3.4.mae -p 0.0000453999298 -ph 3.4
SCHRODINGER: /data/chodera/schrodinger/schrodinger2017-4-advanced

Running Epik version     4.2011
Epik. Copyright Schrodinger, LLC. All rights reserved.

Input file name:                        SM05.3.4.mae
Output file name:                       SM05.epik.3.4.mae
Minimum probability set to 4.539993e-05
Structure adjustment calculation requested.
  Target pH set to 3.400

Adjusting structures for pH 3.400000e+00 and minimum probability 4.539993e-05
Solvent model name:                     water
WARNING The connections on two versions (2 and 3) of base atom differ in acid_pattern: [#1]-[NX2-1,NX3+1](~[CX3](~[OX1-1,OX1+0]))~[cX3]1[nX2][cX3][nX3-0,nX3+1][nX2-1,nX2+0]1
WARNING The charge on two versions (-1 and 1) of base atom do not differ by 1 acid_pattern: [#1]-[NX2-1,NX3+1](~[CX3](~[OX1-1,OX1+0]))~[cX3]1[nX2][cX3][nX3-0,nX3+1][nX2-1,nX2+0]1
Jobcontrol is not being used for this specific Epik calculation.
---------------------------
Processing Input Structure #1
        Title: SM05
WARNING Missing twin_sigma ortho value for Piperidino(N+). Using a value of 0.0.
WARNING Missing twin_sigma ortho value for Piperidino(N+). Using a value of 0.0.
WARNING Missing twin_sigma ortho value for Piperidino(N+). Using a value of 0.0.
WARNING Missing twin_sigma ortho value for Piperidino(N+). Using a value of 0.0.
WARNING Missing twin_sigma ortho value for Piperidino(N+). Using a value of 0.0.
WARNING Missing twin_sigma ortho value for Piperidino(N+). Using a value of 0.0.
                                              Calculated pKas
                                                 Conjugate
                                          Atom   Acid/Base  pKa
. . . . . . . . . . . . . . . . . . . . . . .
Variation: 1
                                            26   Conj_Acid 12.74
                                            39   Conj_Acid  5.35
                                             9   Conj_Base  2.00
 pKa penalty:                                 0.03 kcal/mol
     Charging penalty:                        0.01 kcal/mol
     Neutralization penalty:                  0.02 kcal/mol
 Overall Penalty (tautomerization included):  0.01 kcal/mol
 Total Charge: 1
. . . . . . . . . . . . . . . . . . . . . . .
Variation: 2
                                            26   Conj_Acid 14.19
                                            16   Conj_Base  5.35
                                             9   Conj_Base  2.00
 pKa penalty:                                 2.68 kcal/mol
     Charging penalty:                        0.00 kcal/mol
     Neutralization penalty:                  2.68 kcal/mol
 Overall Penalty (tautomerization included):  2.76 kcal/mol
 Total Charge: 0
. . . . . . . . . . . . . . . . . . . . . . .
Variation: 3
                                            39   Conj_Acid  5.04
                                            26   Conj_Acid 11.14
                                            40   Conj_Acid -2.30
 pKa penalty:                                 7.79 kcal/mol
     Charging penalty:                        7.79 kcal/mol
     Neutralization penalty:                  0.00 kcal/mol
 Overall Penalty (tautomerization included):  5.32 kcal/mol
 Total Charge: 2
---------------------------
