COMMAND:
 /data/chodera/schrodinger/schrodinger2017-4-advanced/epik-v4.2/bin/Linux-x86_64/epik_app -imae SM06.4.0.mae -omae SM06.epik.4.0.mae -p 0.0000453999298 -ph 4.0
SCHRODINGER: /data/chodera/schrodinger/schrodinger2017-4-advanced

Running Epik version     4.2011
Epik. Copyright Schrodinger, LLC. All rights reserved.

Input file name:                        SM06.4.0.mae
Output file name:                       SM06.epik.4.0.mae
Minimum probability set to 4.539993e-05
Structure adjustment calculation requested.
  Target pH set to 4.000

Adjusting structures for pH 4.000000e+00 and minimum probability 4.539993e-05
Solvent model name:                     water
WARNING The connections on two versions (2 and 3) of base atom differ in acid_pattern: [#1]-[NX2-1,NX3+1](~[CX3](~[OX1-1,OX1+0]))~[cX3]1[nX2][cX3][nX3-0,nX3+1][nX2-1,nX2+0]1
WARNING The charge on two versions (-1 and 1) of base atom do not differ by 1 acid_pattern: [#1]-[NX2-1,NX3+1](~[CX3](~[OX1-1,OX1+0]))~[cX3]1[nX2][cX3][nX3-0,nX3+1][nX2-1,nX2+0]1
Jobcontrol is not being used for this specific Epik calculation.
---------------------------
Processing Input Structure #1
        Title: SM06
                                              Calculated pKas
                                                 Conjugate
                                          Atom   Acid/Base  pKa
. . . . . . . . . . . . . . . . . . . . . . .
Variation: 1
                                            27   Conj_Acid 10.33
                                             7   Conj_Base  4.00
                                            18   Conj_Base  2.18
                                            13   Conj_Base  0.66
 pKa penalty:                                 0.42 kcal/mol
     Charging penalty:                        0.00 kcal/mol
     Neutralization penalty:                  0.42 kcal/mol
 Overall Penalty (tautomerization included):  0.39 kcal/mol
 Total Charge: 0
. . . . . . . . . . . . . . . . . . . . . . .
Variation: 2
                                            27   Conj_Acid  8.15
                                            31   Conj_Acid  4.00
                                            18   Conj_Base  2.18
                                            13   Conj_Base  0.66
 pKa penalty:                                 0.42 kcal/mol
     Charging penalty:                        0.41 kcal/mol
     Neutralization penalty:                  0.01 kcal/mol
 Overall Penalty (tautomerization included):  0.51 kcal/mol
 Total Charge: 1
. . . . . . . . . . . . . . . . . . . . . . .
Variation: 3
                                            27   Conj_Acid  8.15
                                            31   Conj_Acid  2.18
                                             7   Conj_Base  3.69
                                            13   Conj_Base -1.87
 pKa penalty:                                 2.73 kcal/mol
     Charging penalty:                        2.50 kcal/mol
     Neutralization penalty:                  0.24 kcal/mol
 Overall Penalty (tautomerization included):  1.94 kcal/mol
 Total Charge: 1
. . . . . . . . . . . . . . . . . . . . . . .
Variation: 4
                                            27   Conj_Acid  5.98
                                            31   Conj_Acid  3.69
                                            32   Conj_Acid  2.18
                                            13   Conj_Base -1.87
 pKa penalty:                                 3.16 kcal/mol
     Charging penalty:                        3.16 kcal/mol
     Neutralization penalty:                  0.01 kcal/mol
 Overall Penalty (tautomerization included):  2.29 kcal/mol
 Total Charge: 2
. . . . . . . . . . . . . . . . . . . . . . .
Variation: 5
                                            11   Conj_Base  5.98
                                            30   Conj_Acid  5.86
                                            31   Conj_Acid  2.68
 pKa penalty:                                 4.53 kcal/mol
     Charging penalty:                        4.53 kcal/mol
     Neutralization penalty:                  0.00 kcal/mol
 Overall Penalty (tautomerization included):  5.17 kcal/mol
 Total Charge: 1
---------------------------
