COMMAND:
 /data/chodera/schrodinger/schrodinger2017-4-advanced/epik-v4.2/bin/Linux-x86_64/epik_app -imae SM06.5.6.mae -omae SM06.epik.5.6.mae -p 0.0000453999298 -ph 5.6
SCHRODINGER: /data/chodera/schrodinger/schrodinger2017-4-advanced

Running Epik version     4.2011
Epik. Copyright Schrodinger, LLC. All rights reserved.

Input file name:                        SM06.5.6.mae
Output file name:                       SM06.epik.5.6.mae
Minimum probability set to 4.539993e-05
Structure adjustment calculation requested.
  Target pH set to 5.600

Adjusting structures for pH 5.600000e+00 and minimum probability 4.539993e-05
Solvent model name:                     water
WARNING The connections on two versions (2 and 3) of base atom differ in acid_pattern: [#1]-[NX2-1,NX3+1](~[CX3](~[OX1-1,OX1+0]))~[cX3]1[nX2][cX3][nX3-0,nX3+1][nX2-1,nX2+0]1
WARNING The charge on two versions (-1 and 1) of base atom do not differ by 1 acid_pattern: [#1]-[NX2-1,NX3+1](~[CX3](~[OX1-1,OX1+0]))~[cX3]1[nX2][cX3][nX3-0,nX3+1][nX2-1,nX2+0]1
Jobcontrol is not being used for this specific Epik calculation.
---------------------------
Processing Input Structure #1
        Title: SM06
                                              Calculated pKas
                                                 Conjugate
                                          Atom   Acid/Base  pKa
. . . . . . . . . . . . . . . . . . . . . . .
Variation: 1
                                            27   Conj_Acid 10.33
                                             7   Conj_Base  4.00
                                            18   Conj_Base  2.18
                                            13   Conj_Base  0.66
 pKa penalty:                                 0.01 kcal/mol
     Charging penalty:                        0.00 kcal/mol
     Neutralization penalty:                  0.01 kcal/mol
 Overall Penalty (tautomerization included):  0.01 kcal/mol
 Total Charge: 0
. . . . . . . . . . . . . . . . . . . . . . .
Variation: 2
                                            27   Conj_Acid  8.15
                                            31   Conj_Acid  4.00
                                            18   Conj_Base  2.18
                                            13   Conj_Base  0.66
 pKa penalty:                                 2.20 kcal/mol
     Charging penalty:                        2.20 kcal/mol
     Neutralization penalty:                  0.00 kcal/mol
 Overall Penalty (tautomerization included):  2.34 kcal/mol
 Total Charge: 1
. . . . . . . . . . . . . . . . . . . . . . .
Variation: 3
                                            27   Conj_Acid  8.15
                                            31   Conj_Acid  2.18
                                             7   Conj_Base  3.69
                                            13   Conj_Base -1.87
 pKa penalty:                                 4.68 kcal/mol
     Charging penalty:                        4.67 kcal/mol
     Neutralization penalty:                  0.01 kcal/mol
 Overall Penalty (tautomerization included):  5.00 kcal/mol
 Total Charge: 1
---------------------------
