COMMAND:
 /data/chodera/schrodinger/schrodinger2017-4-advanced/epik-v4.2/bin/Linux-x86_64/epik_app -imae SM19.8.4.mae -omae SM19.epik.8.4.mae -p 0.0000453999298 -ph 8.4
SCHRODINGER: /data/chodera/schrodinger/schrodinger2017-4-advanced

Running Epik version     4.2011
Epik. Copyright Schrodinger, LLC. All rights reserved.

Input file name:                        SM19.8.4.mae
Output file name:                       SM19.epik.8.4.mae
Minimum probability set to 4.539993e-05
Structure adjustment calculation requested.
  Target pH set to 8.400

Adjusting structures for pH 8.400000e+00 and minimum probability 4.539993e-05
Solvent model name:                     water
WARNING The connections on two versions (2 and 3) of base atom differ in acid_pattern: [#1]-[NX2-1,NX3+1](~[CX3](~[OX1-1,OX1+0]))~[cX3]1[nX2][cX3][nX3-0,nX3+1][nX2-1,nX2+0]1
WARNING The charge on two versions (-1 and 1) of base atom do not differ by 1 acid_pattern: [#1]-[NX2-1,NX3+1](~[CX3](~[OX1-1,OX1+0]))~[cX3]1[nX2][cX3][nX3-0,nX3+1][nX2-1,nX2+0]1
Jobcontrol is not being used for this specific Epik calculation.
---------------------------
Processing Input Structure #1
        Title: SM19
Adding general crowding pattern: count 1
number of matches for crowding type: deprotonated_amide_ortho_to_aromatic_nX2: abs type: General aromatic protonated n (formally charged): 1
                                              Calculated pKas
                                                 Conjugate
                                          Atom   Acid/Base  pKa
. . . . . . . . . . . . . . . . . . . . . . .
Variation: 1
                                            33   Conj_Acid  9.17
                                            12   Conj_Base  2.04
                                            15   Conj_Base -0.75
 pKa penalty:                                 0.09 kcal/mol
     Charging penalty:                        0.00 kcal/mol
     Neutralization penalty:                  0.09 kcal/mol
 Overall Penalty (tautomerization included):  0.08 kcal/mol
 Total Charge: 0
. . . . . . . . . . . . . . . . . . . . . . .
Variation: 2
                                            13   Conj_Base  9.17
                                            12   Conj_Base  6.53
 pKa penalty:                                 1.15 kcal/mol
     Charging penalty:                        1.14 kcal/mol
     Neutralization penalty:                  0.01 kcal/mol
 Overall Penalty (tautomerization included):  1.20 kcal/mol
 Total Charge: -1
. . . . . . . . . . . . . . . . . . . . . . .
Variation: 3
                                            13   Conj_Base  0.04
                                            38   Conj_Acid  6.53
                                            12   Conj_Base  3.84
 pKa penalty:                                 2.56 kcal/mol
     Charging penalty:                        2.56 kcal/mol
     Neutralization penalty:                  0.00 kcal/mol
 Overall Penalty (tautomerization included):  3.92 kcal/mol
 Total Charge: 0
---------------------------
