COMMAND:
 /data/chodera/schrodinger/schrodinger2017-4-advanced/epik-v4.2/bin/Linux-x86_64/epik_app -imae SM19.2.1.mae -omae SM19.epik.2.1.mae -p 0.0000453999298 -ph 2.1
SCHRODINGER: /data/chodera/schrodinger/schrodinger2017-4-advanced

Running Epik version     4.2011
Epik. Copyright Schrodinger, LLC. All rights reserved.

Input file name:                        SM19.2.1.mae
Output file name:                       SM19.epik.2.1.mae
Minimum probability set to 4.539993e-05
Structure adjustment calculation requested.
  Target pH set to 2.100

Adjusting structures for pH 2.100000e+00 and minimum probability 4.539993e-05
Solvent model name:                     water
WARNING The connections on two versions (2 and 3) of base atom differ in acid_pattern: [#1]-[NX2-1,NX3+1](~[CX3](~[OX1-1,OX1+0]))~[cX3]1[nX2][cX3][nX3-0,nX3+1][nX2-1,nX2+0]1
WARNING The charge on two versions (-1 and 1) of base atom do not differ by 1 acid_pattern: [#1]-[NX2-1,NX3+1](~[CX3](~[OX1-1,OX1+0]))~[cX3]1[nX2][cX3][nX3-0,nX3+1][nX2-1,nX2+0]1
Jobcontrol is not being used for this specific Epik calculation.
---------------------------
Processing Input Structure #1
        Title: SM19
Adding general crowding pattern: count 1
number of matches for crowding type: deprotonated_amide_ortho_to_aromatic_nX2: abs type: General aromatic protonated n (formally charged): 1
                                              Calculated pKas
                                                 Conjugate
                                          Atom   Acid/Base  pKa
. . . . . . . . . . . . . . . . . . . . . . .
Variation: 1
                                            13   Conj_Base  0.04
                                            38   Conj_Acid  6.53
                                            12   Conj_Base  3.84
 pKa penalty:                                 2.39 kcal/mol
     Charging penalty:                        0.01 kcal/mol
     Neutralization penalty:                  2.38 kcal/mol
 Overall Penalty (tautomerization included):  0.01 kcal/mol
 Total Charge: 0
. . . . . . . . . . . . . . . . . . . . . . .
Variation: 2
                                            33   Conj_Acid  9.17
                                            12   Conj_Base  2.04
                                            15   Conj_Base -0.75
 pKa penalty:                                 0.37 kcal/mol
     Charging penalty:                        0.00 kcal/mol
     Neutralization penalty:                  0.37 kcal/mol
 Overall Penalty (tautomerization included):  2.92 kcal/mol
 Total Charge: 0
. . . . . . . . . . . . . . . . . . . . . . .
Variation: 3
                                            33   Conj_Acid  0.04
                                            39   Conj_Acid  2.04
                                            12   Conj_Base  0.15
                                            15   Conj_Base -1.41
 pKa penalty:                                 3.28 kcal/mol
     Charging penalty:                        0.46 kcal/mol
     Neutralization penalty:                  2.82 kcal/mol
 Overall Penalty (tautomerization included):  3.01 kcal/mol
 Total Charge: 1
---------------------------
