LigPrep (version 42013). Copyright Schrodinger, LLC. All rights reserved.

LigPrep command:
$SCHRODINGER/ligprep -nd -s 1 -nt -i 0 -bff 14 -imae C:\Users\rustenba\Documents\Repos\Jaguar_Ref_pKa\microstates\converting_states.cnv\3dmin\3dmin_02\3dmin_02_in.maegz -osd 3dmin_02.sdf.gz

Processing steps:
$DO\sdstereoexpander.py -max_output 1 -max_generated 32 <infile.mae> <outfile.mae>
$DO\htreat.py -t All-None -a all -s -l 200 <infile.mae> <outfile.mae>
$DO\guard.py <infile.mae> <outfile.mae>
$DO\stereoizer.py -n 1 <infile.mae> <outfile.mae>
$DO\cgx.py -optimize -ffld 14 -epsilon 10.0 <infile.mae> <outfile.mae>

DO=$SCHRODINGER\run -FROM macromodel ..\..\lib\Windows-x64\python_packages\ligprep3\

# counts of output and dropped structures after processing steps
# index  sdstex  htreat   guard  stereo    cgx   title
guard:
INFO atom 9 is of undesired type 161

       1   1/0     1/0     0/1     0/0     0/0   'SM03_micro021'

dropped structures:
guard: 1

# of processed structures in "3dmin_02.sdf.gz" : 0
# of dropped structures in "3dmin_02-dropped.maegz" : 1

backend run time: 0 hours 0 minutes 6.323 seconds
