COMMAND:
 /data/chodera/schrodinger/schrodinger2017-4-advanced/epik-v4.2/bin/Linux-x86_64/epik_app -imae SM13.2.0.mae -omae SM13.epik.2.0.mae -p 0.0000453999298 -ph 2.0
SCHRODINGER: /data/chodera/schrodinger/schrodinger2017-4-advanced

Running Epik version     4.2011
Epik. Copyright Schrodinger, LLC. All rights reserved.

Input file name:                        SM13.2.0.mae
Output file name:                       SM13.epik.2.0.mae
Minimum probability set to 4.539993e-05
Structure adjustment calculation requested.
  Target pH set to 2.000

Adjusting structures for pH 2.000000e+00 and minimum probability 4.539993e-05
Solvent model name:                     water
WARNING The connections on two versions (2 and 3) of base atom differ in acid_pattern: [#1]-[NX2-1,NX3+1](~[CX3](~[OX1-1,OX1+0]))~[cX3]1[nX2][cX3][nX3-0,nX3+1][nX2-1,nX2+0]1
WARNING The charge on two versions (-1 and 1) of base atom do not differ by 1 acid_pattern: [#1]-[NX2-1,NX3+1](~[CX3](~[OX1-1,OX1+0]))~[cX3]1[nX2][cX3][nX3-0,nX3+1][nX2-1,nX2+0]1
Jobcontrol is not being used for this specific Epik calculation.
---------------------------
Processing Input Structure #1
        Title: SM13
                                              Calculated pKas
                                                 Conjugate
                                          Atom   Acid/Base  pKa
. . . . . . . . . . . . . . . . . . . . . . .
Variation: 1
                                             8   Conj_Base -2.07
                                            40   Conj_Acid  4.27
                                            30   Conj_Acid 10.91
 pKa penalty:                                 0.00 kcal/mol
     Charging penalty:                        0.00 kcal/mol
     Neutralization penalty:                  0.00 kcal/mol
 Overall Penalty (tautomerization included):  0.00 kcal/mol
 Total Charge: 1
. . . . . . . . . . . . . . . . . . . . . . .
Variation: 2
                                             8   Conj_Base -2.07
                                            40   Conj_Acid  3.95
                                            16   Conj_Base -1.40
                                            30   Conj_Acid  8.45
 pKa penalty:                                 0.01 kcal/mol
     Charging penalty:                        0.01 kcal/mol
     Neutralization penalty:                  0.00 kcal/mol
 Overall Penalty (tautomerization included):  3.94 kcal/mol
 Total Charge: 1
. . . . . . . . . . . . . . . . . . . . . . .
Variation: 3
                                            30   Conj_Acid -0.32
                                            41   Conj_Acid -0.32
                                            40   Conj_Acid -1.29
 pKa penalty:                                 7.66 kcal/mol
     Charging penalty:                        7.66 kcal/mol
     Neutralization penalty:                  0.00 kcal/mol
 Overall Penalty (tautomerization included):  4.65 kcal/mol
 Total Charge: 2
. . . . . . . . . . . . . . . . . . . . . . .
Variation: 4
                                             8   Conj_Base -2.07
                                            16   Conj_Base  4.27
                                            18   Conj_Base  3.95
                                            30   Conj_Acid 13.11
 pKa penalty:                                 5.76 kcal/mol
     Charging penalty:                        0.00 kcal/mol
     Neutralization penalty:                  5.76 kcal/mol
 Overall Penalty (tautomerization included):  5.04 kcal/mol
 Total Charge: 0
---------------------------
