COMMAND:
 /data/chodera/schrodinger/schrodinger2017-4-advanced/epik-v4.2/bin/Linux-x86_64/epik_app -imae SM10.6.5.mae -omae SM10.epik.6.5.mae -p 0.0000453999298 -ph 6.5
SCHRODINGER: /data/chodera/schrodinger/schrodinger2017-4-advanced

Running Epik version     4.2011
Epik. Copyright Schrodinger, LLC. All rights reserved.

Input file name:                        SM10.6.5.mae
Output file name:                       SM10.epik.6.5.mae
Minimum probability set to 4.539993e-05
Structure adjustment calculation requested.
  Target pH set to 6.500

Adjusting structures for pH 6.500000e+00 and minimum probability 4.539993e-05
Solvent model name:                     water
WARNING The connections on two versions (2 and 3) of base atom differ in acid_pattern: [#1]-[NX2-1,NX3+1](~[CX3](~[OX1-1,OX1+0]))~[cX3]1[nX2][cX3][nX3-0,nX3+1][nX2-1,nX2+0]1
WARNING The charge on two versions (-1 and 1) of base atom do not differ by 1 acid_pattern: [#1]-[NX2-1,NX3+1](~[CX3](~[OX1-1,OX1+0]))~[cX3]1[nX2][cX3][nX3-0,nX3+1][nX2-1,nX2+0]1
Jobcontrol is not being used for this specific Epik calculation.
---------------------------
Processing Input Structure #1
        Title: SM10
Adding general crowding pattern: count 1
number of matches for crowding type: deprotonated_amide_ortho_to_aromatic_nX2: abs type: General aromatic protonated n (formally charged): 1
                                              Calculated pKas
                                                 Conjugate
                                          Atom   Acid/Base  pKa
. . . . . . . . . . . . . . . . . . . . . . .
Variation: 1
                                            28   Conj_Acid 13.19
                                            31   Conj_Acid  8.67
                                            15   Conj_Base  1.84
                                             8   Conj_Base -2.84
                                            12   Conj_Base -1.30
 pKa penalty:                                 0.00 kcal/mol
     Charging penalty:                        0.00 kcal/mol
     Neutralization penalty:                  0.00 kcal/mol
 Overall Penalty (tautomerization included):  0.01 kcal/mol
 Total Charge: 0
. . . . . . . . . . . . . . . . . . . . . . .
Variation: 2
                                            28   Conj_Acid 14.13
                                            13   Conj_Base  8.67
                                            15   Conj_Base  6.43
                                             8   Conj_Base -1.16
 pKa penalty:                                 3.33 kcal/mol
     Charging penalty:                        2.97 kcal/mol
     Neutralization penalty:                  0.36 kcal/mol
 Overall Penalty (tautomerization included):  3.17 kcal/mol
 Total Charge: -1
. . . . . . . . . . . . . . . . . . . . . . .
Variation: 3
                                            28   Conj_Acid 14.09
                                            13   Conj_Base -0.60
                                            35   Conj_Acid  6.43
                                            15   Conj_Base  3.88
                                             8   Conj_Base -1.23
 pKa penalty:                                 0.46 kcal/mol
     Charging penalty:                        0.46 kcal/mol
     Neutralization penalty:                  0.00 kcal/mol
 Overall Penalty (tautomerization included):  3.27 kcal/mol
 Total Charge: 0
---------------------------
